CUDA Device Index: 2
Namespace(IsDirectedData=False, AugDirect=-1, net='APPNP', GPUdevice=2, seed=100, undirect_dataset='Amazon-Computers', Direct_dataset='WikipediaNetwork/squirrel', imb_ratio=100, dropout=0.1, num_filter=2, layer=2, alpha=0.1, K=2, feat_dim=64, warmup=5, epoch=1500, lr=0.1, l2=0.0005, tau=2, max=False, no_mask=False, gdc='ppr', heads=8, log_root='../logs/', log_path='test', data_path='../dataset/data/tmp/')
APPNP_ModelBen(
  (line1): Linear(in_features=767, out_features=2, bias=True)
  (line2): Linear(in_features=2, out_features=2, bias=True)
  (conv1): APPNP(K=10, alpha=0.1)
  (conv2): APPNP(K=10, alpha=0.1)
  (Conv): Conv1d(2, 10, kernel_size=(1,), stride=(1,))
)
test_f1 CountNotImproved reset to 0 in epoch 0
epoch:   0, val_loss:2.390158, acc: 3.11, bacc: 10.03, tmp_test_f1: 0.66, f1: 0.66
test_f1 CountNotImproved reset to 0 in epoch 1
epoch:   1, val_loss:2.398376, acc: 20.18, bacc: 10.66, tmp_test_f1: 4.83, f1: 4.83
test_f1 CountNotImproved reset to 0 in epoch 2
epoch:   2, val_loss:2.442399, acc: 23.21, bacc: 11.00, tmp_test_f1: 5.89, f1: 5.89
epoch:   3, val_loss:2.520634, acc: 23.21, bacc: 11.00, tmp_test_f1: 3.10, f1: 5.89
epoch:   4, val_loss:2.635915, acc: 23.21, bacc: 11.00, tmp_test_f1: 3.19, f1: 5.89
epoch:   5, val_loss:2.795862, acc: 23.21, bacc: 11.00, tmp_test_f1: 3.19, f1: 5.89
epoch:   6, val_loss:2.941254, acc: 23.21, bacc: 11.00, tmp_test_f1: 2.98, f1: 5.89
epoch:   7, val_loss:2.870754, acc: 23.21, bacc: 11.00, tmp_test_f1: 2.80, f1: 5.89
epoch:   8, val_loss:2.759109, acc: 23.21, bacc: 11.00, tmp_test_f1: 2.60, f1: 5.89
epoch:   9, val_loss:2.652777, acc: 23.21, bacc: 11.00, tmp_test_f1: 1.85, f1: 5.89
epoch:  10, val_loss:2.568726, acc: 23.21, bacc: 11.00, tmp_test_f1: 0.17, f1: 5.89
epoch:  11, val_loss:2.514043, acc: 23.21, bacc: 11.00, tmp_test_f1: 0.17, f1: 5.89
epoch:  12, val_loss:2.482628, acc: 23.21, bacc: 11.00, tmp_test_f1: 0.17, f1: 5.89
epoch:  13, val_loss:2.462178, acc: 23.21, bacc: 11.00, tmp_test_f1: 0.17, f1: 5.89
epoch:  14, val_loss:2.449703, acc: 23.21, bacc: 11.00, tmp_test_f1: 0.17, f1: 5.89
epoch:  15, val_loss:2.449397, acc: 23.21, bacc: 11.00, tmp_test_f1: 0.17, f1: 5.89
epoch:  16, val_loss:2.452665, acc: 23.21, bacc: 11.00, tmp_test_f1: 0.17, f1: 5.89
epoch:  17, val_loss:2.458309, acc: 23.21, bacc: 11.00, tmp_test_f1: 0.17, f1: 5.89
epoch:  18, val_loss:2.465269, acc: 23.21, bacc: 11.00, tmp_test_f1: 0.17, f1: 5.89
epoch:  19, val_loss:2.471974, acc: 23.21, bacc: 11.00, tmp_test_f1: 0.17, f1: 5.89
epoch:  20, val_loss:2.478004, acc: 23.21, bacc: 11.00, tmp_test_f1: 0.17, f1: 5.89
epoch:  21, val_loss:2.482953, acc: 23.21, bacc: 11.00, tmp_test_f1: 0.17, f1: 5.89
epoch:  22, val_loss:2.486486, acc: 23.21, bacc: 11.00, tmp_test_f1: 0.17, f1: 5.89
epoch:  23, val_loss:2.488431, acc: 23.21, bacc: 11.00, tmp_test_f1: 0.17, f1: 5.89
epoch:  24, val_loss:2.488772, acc: 23.21, bacc: 11.00, tmp_test_f1: 0.17, f1: 5.89
epoch:  25, val_loss:2.487643, acc: 23.21, bacc: 11.00, tmp_test_f1: 0.17, f1: 5.89
epoch:  26, val_loss:2.485275, acc: 23.21, bacc: 11.00, tmp_test_f1: 0.17, f1: 5.89
epoch:  27, val_loss:2.481966, acc: 23.21, bacc: 11.00, tmp_test_f1: 0.17, f1: 5.89
epoch:  28, val_loss:2.478035, acc: 23.21, bacc: 11.00, tmp_test_f1: 0.17, f1: 5.89
epoch:  29, val_loss:2.473782, acc: 23.21, bacc: 11.00, tmp_test_f1: 0.17, f1: 5.89
epoch:  30, val_loss:2.469468, acc: 23.21, bacc: 11.00, tmp_test_f1: 0.17, f1: 5.89
epoch:  31, val_loss:2.465288, acc: 23.21, bacc: 11.00, tmp_test_f1: 0.17, f1: 5.89
epoch:  32, val_loss:2.461375, acc: 23.21, bacc: 11.00, tmp_test_f1: 0.17, f1: 5.89
epoch:  33, val_loss:2.457796, acc: 23.21, bacc: 11.00, tmp_test_f1: 0.17, f1: 5.89
epoch:  34, val_loss:2.454583, acc: 23.21, bacc: 11.00, tmp_test_f1: 0.17, f1: 5.89
epoch:  35, val_loss:2.451743, acc: 23.21, bacc: 11.00, tmp_test_f1: 0.17, f1: 5.89
epoch:  36, val_loss:2.449268, acc: 23.21, bacc: 11.00, tmp_test_f1: 0.17, f1: 5.89
epoch:  37, val_loss:2.447157, acc: 23.21, bacc: 11.00, tmp_test_f1: 0.17, f1: 5.89
epoch:  38, val_loss:2.445416, acc: 23.21, bacc: 11.00, tmp_test_f1: 0.17, f1: 5.89
epoch:  39, val_loss:2.444052, acc: 23.21, bacc: 11.00, tmp_test_f1: 0.17, f1: 5.89
epoch:  40, val_loss:2.443071, acc: 23.21, bacc: 11.00, tmp_test_f1: 0.17, f1: 5.89
epoch:  41, val_loss:2.442471, acc: 23.21, bacc: 11.00, tmp_test_f1: 0.17, f1: 5.89
epoch:  42, val_loss:2.442242, acc: 23.21, bacc: 11.00, tmp_test_f1: 0.17, f1: 5.89
epoch:  43, val_loss:2.442353, acc: 23.21, bacc: 11.00, tmp_test_f1: 0.17, f1: 5.89
epoch:  44, val_loss:2.442762, acc: 23.21, bacc: 11.00, tmp_test_f1: 0.17, f1: 5.89
epoch:  45, val_loss:2.443413, acc: 23.21, bacc: 11.00, tmp_test_f1: 0.17, f1: 5.89
epoch:  46, val_loss:2.444240, acc: 23.21, bacc: 11.00, tmp_test_f1: 0.17, f1: 5.89
epoch:  47, val_loss:2.445175, acc: 23.21, bacc: 11.00, tmp_test_f1: 0.17, f1: 5.89
epoch:  48, val_loss:2.446152, acc: 23.21, bacc: 11.00, tmp_test_f1: 0.17, f1: 5.89
epoch:  49, val_loss:2.447111, acc: 23.21, bacc: 11.00, tmp_test_f1: 0.17, f1: 5.89
epoch:  50, val_loss:2.448004, acc: 23.21, bacc: 11.00, tmp_test_f1: 0.17, f1: 5.89
epoch:  51, val_loss:2.448794, acc: 23.21, bacc: 11.00, tmp_test_f1: 0.17, f1: 5.89
epoch:  52, val_loss:2.449456, acc: 23.21, bacc: 11.00, tmp_test_f1: 0.17, f1: 5.89
epoch:  53, val_loss:2.449977, acc: 23.21, bacc: 11.00, tmp_test_f1: 0.17, f1: 5.89
epoch:  54, val_loss:2.450354, acc: 23.21, bacc: 11.00, tmp_test_f1: 0.17, f1: 5.89
epoch:  55, val_loss:2.450584, acc: 23.21, bacc: 11.00, tmp_test_f1: 0.17, f1: 5.89
epoch:  56, val_loss:2.450675, acc: 23.21, bacc: 11.00, tmp_test_f1: 0.17, f1: 5.89
epoch:  57, val_loss:2.450634, acc: 23.21, bacc: 11.00, tmp_test_f1: 0.17, f1: 5.89
epoch:  58, val_loss:2.450466, acc: 23.21, bacc: 11.00, tmp_test_f1: 0.17, f1: 5.89
epoch:  59, val_loss:2.450189, acc: 23.21, bacc: 11.00, tmp_test_f1: 0.17, f1: 5.89
epoch:  60, val_loss:2.449818, acc: 23.21, bacc: 11.00, tmp_test_f1: 0.17, f1: 5.89
epoch:  61, val_loss:2.449378, acc: 23.21, bacc: 11.00, tmp_test_f1: 0.17, f1: 5.89
epoch:  62, val_loss:2.448895, acc: 23.21, bacc: 11.00, tmp_test_f1: 0.17, f1: 5.89
epoch:  63, val_loss:2.448400, acc: 23.21, bacc: 11.00, tmp_test_f1: 0.17, f1: 5.89
epoch:  64, val_loss:2.447925, acc: 23.21, bacc: 11.00, tmp_test_f1: 0.17, f1: 5.89
epoch:  65, val_loss:2.447500, acc: 23.21, bacc: 11.00, tmp_test_f1: 0.17, f1: 5.89
epoch:  66, val_loss:2.447149, acc: 23.21, bacc: 11.00, tmp_test_f1: 0.17, f1: 5.89
epoch:  67, val_loss:2.446887, acc: 23.21, bacc: 11.00, tmp_test_f1: 0.17, f1: 5.89
epoch:  68, val_loss:2.446725, acc: 23.21, bacc: 11.00, tmp_test_f1: 0.17, f1: 5.89
epoch:  69, val_loss:2.446661, acc: 23.21, bacc: 11.00, tmp_test_f1: 0.17, f1: 5.89
epoch:  70, val_loss:2.446689, acc: 23.21, bacc: 11.00, tmp_test_f1: 0.17, f1: 5.89
epoch:  71, val_loss:2.446797, acc: 23.21, bacc: 11.00, tmp_test_f1: 0.17, f1: 5.89
epoch:  72, val_loss:2.446966, acc: 23.21, bacc: 11.00, tmp_test_f1: 0.17, f1: 5.89
epoch:  73, val_loss:2.447178, acc: 23.21, bacc: 11.00, tmp_test_f1: 0.17, f1: 5.89
epoch:  74, val_loss:2.447417, acc: 23.21, bacc: 11.00, tmp_test_f1: 0.17, f1: 5.89
epoch:  75, val_loss:2.447663, acc: 23.21, bacc: 11.00, tmp_test_f1: 0.17, f1: 5.89
epoch:  76, val_loss:2.447902, acc: 23.21, bacc: 11.00, tmp_test_f1: 0.17, f1: 5.89
epoch:  77, val_loss:2.448122, acc: 23.21, bacc: 11.00, tmp_test_f1: 0.17, f1: 5.89
epoch:  78, val_loss:2.448309, acc: 23.21, bacc: 11.00, tmp_test_f1: 0.17, f1: 5.89
epoch:  79, val_loss:2.448457, acc: 23.21, bacc: 11.00, tmp_test_f1: 0.17, f1: 5.89
epoch:  80, val_loss:2.448559, acc: 23.21, bacc: 11.00, tmp_test_f1: 0.17, f1: 5.89
epoch:  81, val_loss:2.448613, acc: 23.21, bacc: 11.00, tmp_test_f1: 0.17, f1: 5.89
epoch:  82, val_loss:2.448619, acc: 23.21, bacc: 11.00, tmp_test_f1: 0.17, f1: 5.89
epoch:  83, val_loss:2.448576, acc: 23.21, bacc: 11.00, tmp_test_f1: 0.17, f1: 5.89
epoch:  84, val_loss:2.448493, acc: 23.21, bacc: 11.00, tmp_test_f1: 0.17, f1: 5.89
epoch:  85, val_loss:2.448375, acc: 23.21, bacc: 11.00, tmp_test_f1: 0.17, f1: 5.89
epoch:  86, val_loss:2.448231, acc: 23.21, bacc: 11.00, tmp_test_f1: 0.17, f1: 5.89
epoch:  87, val_loss:2.448071, acc: 23.21, bacc: 11.00, tmp_test_f1: 0.17, f1: 5.89
epoch:  88, val_loss:2.447906, acc: 23.21, bacc: 11.00, tmp_test_f1: 0.17, f1: 5.89
epoch:  89, val_loss:2.447746, acc: 23.21, bacc: 11.00, tmp_test_f1: 0.17, f1: 5.89
epoch:  90, val_loss:2.447597, acc: 23.21, bacc: 11.00, tmp_test_f1: 0.17, f1: 5.89
epoch:  91, val_loss:2.447468, acc: 23.21, bacc: 11.00, tmp_test_f1: 0.17, f1: 5.89
epoch:  92, val_loss:2.447364, acc: 23.21, bacc: 11.00, tmp_test_f1: 0.17, f1: 5.89
epoch:  93, val_loss:2.447287, acc: 23.21, bacc: 11.00, tmp_test_f1: 0.17, f1: 5.89
epoch:  94, val_loss:2.447241, acc: 23.21, bacc: 11.00, tmp_test_f1: 0.17, f1: 5.89
epoch:  95, val_loss:2.447225, acc: 23.21, bacc: 11.00, tmp_test_f1: 0.17, f1: 5.89
epoch:  96, val_loss:2.447238, acc: 23.21, bacc: 11.00, tmp_test_f1: 0.17, f1: 5.89
epoch:  97, val_loss:2.447277, acc: 23.21, bacc: 11.00, tmp_test_f1: 0.17, f1: 5.89
epoch:  98, val_loss:2.447338, acc: 23.21, bacc: 11.00, tmp_test_f1: 0.17, f1: 5.89
epoch:  99, val_loss:2.447417, acc: 23.21, bacc: 11.00, tmp_test_f1: 0.17, f1: 5.89
epoch: 100, val_loss:2.447507, acc: 23.21, bacc: 11.00, tmp_test_f1: 0.17, f1: 5.89
epoch: 101, val_loss:2.447605, acc: 23.21, bacc: 11.00, tmp_test_f1: 0.17, f1: 5.89
epoch: 102, val_loss:2.447703, acc: 23.21, bacc: 11.00, tmp_test_f1: 0.17, f1: 5.89
epoch: 103, val_loss:2.447796, acc: 23.21, bacc: 11.00, tmp_test_f1: 0.17, f1: 5.89
epoch: 104, val_loss:2.447879, acc: 23.21, bacc: 11.00, tmp_test_f1: 0.17, f1: 5.89
epoch: 105, val_loss:2.447947, acc: 23.21, bacc: 11.00, tmp_test_f1: 0.17, f1: 5.89
epoch: 106, val_loss:2.447997, acc: 23.21, bacc: 11.00, tmp_test_f1: 0.17, f1: 5.89
epoch: 107, val_loss:2.448031, acc: 23.21, bacc: 11.00, tmp_test_f1: 0.17, f1: 5.89
epoch: 108, val_loss:2.448045, acc: 23.21, bacc: 11.00, tmp_test_f1: 0.17, f1: 5.89
epoch: 109, val_loss:2.448040, acc: 23.21, bacc: 11.00, tmp_test_f1: 0.17, f1: 5.89
epoch: 110, val_loss:2.448021, acc: 23.21, bacc: 11.00, tmp_test_f1: 0.17, f1: 5.89
epoch: 111, val_loss:2.447987, acc: 23.21, bacc: 11.00, tmp_test_f1: 0.17, f1: 5.89
epoch: 112, val_loss:2.447942, acc: 23.21, bacc: 11.00, tmp_test_f1: 0.17, f1: 5.89
epoch: 113, val_loss:2.447890, acc: 23.21, bacc: 11.00, tmp_test_f1: 0.17, f1: 5.89
epoch: 114, val_loss:2.447836, acc: 23.21, bacc: 11.00, tmp_test_f1: 0.17, f1: 5.89
epoch: 115, val_loss:2.447783, acc: 23.21, bacc: 11.00, tmp_test_f1: 0.17, f1: 5.89
epoch: 116, val_loss:2.447732, acc: 23.21, bacc: 11.00, tmp_test_f1: 0.17, f1: 5.89
epoch: 117, val_loss:2.447689, acc: 23.21, bacc: 11.00, tmp_test_f1: 0.17, f1: 5.89
epoch: 118, val_loss:2.447654, acc: 23.21, bacc: 11.00, tmp_test_f1: 0.17, f1: 5.89
epoch: 119, val_loss:2.447630, acc: 23.21, bacc: 11.00, tmp_test_f1: 0.17, f1: 5.89
epoch: 120, val_loss:2.447616, acc: 23.21, bacc: 11.00, tmp_test_f1: 0.17, f1: 5.89
epoch: 121, val_loss:2.447614, acc: 23.21, bacc: 11.00, tmp_test_f1: 0.17, f1: 5.89
epoch: 122, val_loss:2.447621, acc: 23.21, bacc: 11.00, tmp_test_f1: 0.17, f1: 5.89
epoch: 123, val_loss:2.447634, acc: 23.21, bacc: 11.00, tmp_test_f1: 0.17, f1: 5.89
epoch: 124, val_loss:2.447657, acc: 23.21, bacc: 11.00, tmp_test_f1: 0.17, f1: 5.89
epoch: 125, val_loss:2.447680, acc: 23.21, bacc: 11.00, tmp_test_f1: 0.17, f1: 5.89
epoch: 126, val_loss:2.447707, acc: 23.21, bacc: 11.00, tmp_test_f1: 0.17, f1: 5.89
epoch: 127, val_loss:2.447734, acc: 23.21, bacc: 11.00, tmp_test_f1: 0.17, f1: 5.89
epoch: 128, val_loss:2.447757, acc: 23.21, bacc: 11.00, tmp_test_f1: 0.17, f1: 5.89
epoch: 129, val_loss:2.447777, acc: 23.21, bacc: 11.00, tmp_test_f1: 0.17, f1: 5.89
epoch: 130, val_loss:2.447791, acc: 23.21, bacc: 11.00, tmp_test_f1: 0.17, f1: 5.89
epoch: 131, val_loss:2.447801, acc: 23.21, bacc: 11.00, tmp_test_f1: 0.17, f1: 5.89
epoch: 132, val_loss:2.447803, acc: 23.21, bacc: 11.00, tmp_test_f1: 0.17, f1: 5.89
epoch: 133, val_loss:2.447801, acc: 23.21, bacc: 11.00, tmp_test_f1: 0.17, f1: 5.89
epoch: 134, val_loss:2.447794, acc: 23.21, bacc: 11.00, tmp_test_f1: 0.17, f1: 5.89
epoch: 135, val_loss:2.447783, acc: 23.21, bacc: 11.00, tmp_test_f1: 0.17, f1: 5.89
epoch: 136, val_loss:2.447771, acc: 23.21, bacc: 11.00, tmp_test_f1: 0.17, f1: 5.89
epoch: 137, val_loss:2.447758, acc: 23.21, bacc: 11.00, tmp_test_f1: 0.17, f1: 5.89
epoch: 138, val_loss:2.447746, acc: 23.21, bacc: 11.00, tmp_test_f1: 0.17, f1: 5.89
epoch: 139, val_loss:2.447733, acc: 23.21, bacc: 11.00, tmp_test_f1: 0.17, f1: 5.89
epoch: 140, val_loss:2.447726, acc: 23.21, bacc: 11.00, tmp_test_f1: 0.17, f1: 5.89
epoch: 141, val_loss:2.447720, acc: 23.21, bacc: 11.00, tmp_test_f1: 0.17, f1: 5.89
epoch: 142, val_loss:2.447719, acc: 23.21, bacc: 11.00, tmp_test_f1: 0.17, f1: 5.89
epoch: 143, val_loss:2.447721, acc: 23.21, bacc: 11.00, tmp_test_f1: 0.17, f1: 5.89
epoch: 144, val_loss:2.447725, acc: 23.21, bacc: 11.00, tmp_test_f1: 0.17, f1: 5.89
epoch: 145, val_loss:2.447732, acc: 23.21, bacc: 11.00, tmp_test_f1: 0.17, f1: 5.89
epoch: 146, val_loss:2.447740, acc: 23.21, bacc: 11.00, tmp_test_f1: 0.17, f1: 5.89
epoch: 147, val_loss:2.447748, acc: 23.21, bacc: 11.00, tmp_test_f1: 0.17, f1: 5.89
epoch: 148, val_loss:2.447757, acc: 23.21, bacc: 11.00, tmp_test_f1: 0.17, f1: 5.89
epoch: 149, val_loss:2.447764, acc: 23.21, bacc: 11.00, tmp_test_f1: 0.17, f1: 5.89
epoch: 150, val_loss:2.447769, acc: 23.21, bacc: 11.00, tmp_test_f1: 0.17, f1: 5.89
epoch: 151, val_loss:2.447771, acc: 23.21, bacc: 11.00, tmp_test_f1: 0.17, f1: 5.89
epoch: 152, val_loss:2.447773, acc: 23.21, bacc: 11.00, tmp_test_f1: 0.17, f1: 5.89
epoch: 153, val_loss:2.447769, acc: 23.21, bacc: 11.00, tmp_test_f1: 0.17, f1: 5.89
epoch: 154, val_loss:2.447766, acc: 23.21, bacc: 11.00, tmp_test_f1: 0.17, f1: 5.89
epoch: 155, val_loss:2.447761, acc: 23.21, bacc: 11.00, tmp_test_f1: 0.17, f1: 5.89
epoch: 156, val_loss:2.447755, acc: 23.21, bacc: 11.00, tmp_test_f1: 0.17, f1: 5.89
epoch: 157, val_loss:2.447747, acc: 23.21, bacc: 11.00, tmp_test_f1: 0.17, f1: 5.89
epoch: 158, val_loss:2.447741, acc: 23.21, bacc: 11.00, tmp_test_f1: 0.17, f1: 5.89
epoch: 159, val_loss:2.447734, acc: 23.21, bacc: 11.00, tmp_test_f1: 0.17, f1: 5.89
epoch: 160, val_loss:2.447729, acc: 23.21, bacc: 11.00, tmp_test_f1: 0.17, f1: 5.89
epoch: 161, val_loss:2.447727, acc: 23.21, bacc: 11.00, tmp_test_f1: 0.17, f1: 5.89
epoch: 162, val_loss:2.447725, acc: 23.21, bacc: 11.00, tmp_test_f1: 0.17, f1: 5.89
epoch: 163, val_loss:2.447726, acc: 23.21, bacc: 11.00, tmp_test_f1: 0.17, f1: 5.89
epoch: 164, val_loss:2.447728, acc: 23.21, bacc: 11.00, tmp_test_f1: 0.17, f1: 5.89
epoch: 165, val_loss:2.447733, acc: 23.21, bacc: 11.00, tmp_test_f1: 0.17, f1: 5.89
epoch: 166, val_loss:2.447736, acc: 23.21, bacc: 11.00, tmp_test_f1: 0.17, f1: 5.89
epoch: 167, val_loss:2.447741, acc: 23.21, bacc: 11.00, tmp_test_f1: 0.17, f1: 5.89
epoch: 168, val_loss:2.447747, acc: 23.21, bacc: 11.00, tmp_test_f1: 0.17, f1: 5.89
epoch: 169, val_loss:2.447751, acc: 23.21, bacc: 11.00, tmp_test_f1: 0.17, f1: 5.89
epoch: 170, val_loss:2.447755, acc: 23.21, bacc: 11.00, tmp_test_f1: 0.17, f1: 5.89
epoch: 171, val_loss:2.447757, acc: 23.21, bacc: 11.00, tmp_test_f1: 0.17, f1: 5.89
epoch: 172, val_loss:2.447760, acc: 23.21, bacc: 11.00, tmp_test_f1: 0.17, f1: 5.89
epoch: 173, val_loss:2.447760, acc: 23.21, bacc: 11.00, tmp_test_f1: 0.17, f1: 5.89
epoch: 174, val_loss:2.447760, acc: 23.21, bacc: 11.00, tmp_test_f1: 0.17, f1: 5.89
epoch: 175, val_loss:2.447758, acc: 23.21, bacc: 11.00, tmp_test_f1: 0.17, f1: 5.89
epoch: 176, val_loss:2.447755, acc: 23.21, bacc: 11.00, tmp_test_f1: 0.17, f1: 5.89
epoch: 177, val_loss:2.447752, acc: 23.21, bacc: 11.00, tmp_test_f1: 0.17, f1: 5.89
epoch: 178, val_loss:2.447749, acc: 23.21, bacc: 11.00, tmp_test_f1: 0.17, f1: 5.89
epoch: 179, val_loss:2.447746, acc: 23.21, bacc: 11.00, tmp_test_f1: 0.17, f1: 5.89
epoch: 180, val_loss:2.447742, acc: 23.21, bacc: 11.00, tmp_test_f1: 0.17, f1: 5.89
epoch: 181, val_loss:2.447740, acc: 23.21, bacc: 11.00, tmp_test_f1: 0.17, f1: 5.89
epoch: 182, val_loss:2.447739, acc: 23.21, bacc: 11.00, tmp_test_f1: 0.17, f1: 5.89
epoch: 183, val_loss:2.447738, acc: 23.21, bacc: 11.00, tmp_test_f1: 0.17, f1: 5.89
epoch: 184, val_loss:2.447738, acc: 23.21, bacc: 11.00, tmp_test_f1: 0.17, f1: 5.89
epoch: 185, val_loss:2.447738, acc: 23.21, bacc: 11.00, tmp_test_f1: 0.17, f1: 5.89
epoch: 186, val_loss:2.447739, acc: 23.21, bacc: 11.00, tmp_test_f1: 0.17, f1: 5.89
epoch: 187, val_loss:2.447741, acc: 23.21, bacc: 11.00, tmp_test_f1: 0.17, f1: 5.89
epoch: 188, val_loss:2.447742, acc: 23.21, bacc: 11.00, tmp_test_f1: 0.17, f1: 5.89
epoch: 189, val_loss:2.447743, acc: 23.21, bacc: 11.00, tmp_test_f1: 0.17, f1: 5.89
epoch: 190, val_loss:2.447745, acc: 23.21, bacc: 11.00, tmp_test_f1: 0.17, f1: 5.89
epoch: 191, val_loss:2.447746, acc: 23.21, bacc: 11.00, tmp_test_f1: 0.17, f1: 5.89
epoch: 192, val_loss:2.447748, acc: 23.21, bacc: 11.00, tmp_test_f1: 0.17, f1: 5.89
epoch: 193, val_loss:2.447747, acc: 23.21, bacc: 11.00, tmp_test_f1: 0.17, f1: 5.89
epoch: 194, val_loss:2.447748, acc: 23.21, bacc: 11.00, tmp_test_f1: 0.17, f1: 5.89
epoch: 195, val_loss:2.447748, acc: 23.21, bacc: 11.00, tmp_test_f1: 0.17, f1: 5.89
epoch: 196, val_loss:2.447748, acc: 23.21, bacc: 11.00, tmp_test_f1: 0.17, f1: 5.89
epoch: 197, val_loss:2.447747, acc: 23.21, bacc: 11.00, tmp_test_f1: 0.17, f1: 5.89
epoch: 198, val_loss:2.447747, acc: 23.21, bacc: 11.00, tmp_test_f1: 0.17, f1: 5.89
epoch: 199, val_loss:2.447746, acc: 23.21, bacc: 11.00, tmp_test_f1: 0.17, f1: 5.89
epoch: 200, val_loss:2.447746, acc: 23.21, bacc: 11.00, tmp_test_f1: 0.17, f1: 5.89
Epoch 00201: reducing learning rate of group 0 to 5.0000e-02.
epoch: 201, val_loss:2.447745, acc: 23.21, bacc: 11.00, tmp_test_f1: 0.17, f1: 5.89
epoch: 202, val_loss:2.447744, acc: 23.21, bacc: 11.00, tmp_test_f1: 0.17, f1: 5.89
epoch: 203, val_loss:2.447745, acc: 23.21, bacc: 11.00, tmp_test_f1: 0.17, f1: 5.89
epoch: 204, val_loss:2.447743, acc: 23.21, bacc: 11.00, tmp_test_f1: 0.17, f1: 5.89
epoch: 205, val_loss:2.447743, acc: 23.21, bacc: 11.00, tmp_test_f1: 0.17, f1: 5.89
epoch: 206, val_loss:2.447744, acc: 23.21, bacc: 11.00, tmp_test_f1: 0.17, f1: 5.89
epoch: 207, val_loss:2.447743, acc: 23.21, bacc: 11.00, tmp_test_f1: 0.17, f1: 5.89
epoch: 208, val_loss:2.447744, acc: 23.21, bacc: 11.00, tmp_test_f1: 0.17, f1: 5.89
epoch: 209, val_loss:2.447744, acc: 23.21, bacc: 11.00, tmp_test_f1: 0.17, f1: 5.89
epoch: 210, val_loss:2.447744, acc: 23.21, bacc: 11.00, tmp_test_f1: 0.17, f1: 5.89
epoch: 211, val_loss:2.447744, acc: 23.21, bacc: 11.00, tmp_test_f1: 0.17, f1: 5.89
epoch: 212, val_loss:2.447744, acc: 23.21, bacc: 11.00, tmp_test_f1: 0.17, f1: 5.89
epoch: 213, val_loss:2.447744, acc: 23.21, bacc: 11.00, tmp_test_f1: 0.17, f1: 5.89
epoch: 214, val_loss:2.447744, acc: 23.21, bacc: 11.00, tmp_test_f1: 0.17, f1: 5.89
epoch: 215, val_loss:2.447745, acc: 23.21, bacc: 11.00, tmp_test_f1: 0.17, f1: 5.89
epoch: 216, val_loss:2.447745, acc: 23.21, bacc: 11.00, tmp_test_f1: 0.17, f1: 5.89
epoch: 217, val_loss:2.447745, acc: 23.21, bacc: 11.00, tmp_test_f1: 0.17, f1: 5.89
epoch: 218, val_loss:2.447745, acc: 23.21, bacc: 11.00, tmp_test_f1: 0.17, f1: 5.89
epoch: 219, val_loss:2.447744, acc: 23.21, bacc: 11.00, tmp_test_f1: 0.17, f1: 5.89
epoch: 220, val_loss:2.447744, acc: 23.21, bacc: 11.00, tmp_test_f1: 0.17, f1: 5.89
epoch: 221, val_loss:2.447744, acc: 23.21, bacc: 11.00, tmp_test_f1: 0.17, f1: 5.89
epoch: 222, val_loss:2.447744, acc: 23.21, bacc: 11.00, tmp_test_f1: 0.17, f1: 5.89
epoch: 223, val_loss:2.447744, acc: 23.21, bacc: 11.00, tmp_test_f1: 0.17, f1: 5.89
epoch: 224, val_loss:2.447744, acc: 23.21, bacc: 11.00, tmp_test_f1: 0.17, f1: 5.89
epoch: 225, val_loss:2.447744, acc: 23.21, bacc: 11.00, tmp_test_f1: 0.17, f1: 5.89
epoch: 226, val_loss:2.447744, acc: 23.21, bacc: 11.00, tmp_test_f1: 0.17, f1: 5.89
epoch: 227, val_loss:2.447744, acc: 23.21, bacc: 11.00, tmp_test_f1: 0.17, f1: 5.89
epoch: 228, val_loss:2.447743, acc: 23.21, bacc: 11.00, tmp_test_f1: 0.17, f1: 5.89
epoch: 229, val_loss:2.447744, acc: 23.21, bacc: 11.00, tmp_test_f1: 0.17, f1: 5.89
epoch: 230, val_loss:2.447744, acc: 23.21, bacc: 11.00, tmp_test_f1: 0.17, f1: 5.89
epoch: 231, val_loss:2.447744, acc: 23.21, bacc: 11.00, tmp_test_f1: 0.17, f1: 5.89
epoch: 232, val_loss:2.447744, acc: 23.21, bacc: 11.00, tmp_test_f1: 0.17, f1: 5.89
epoch: 233, val_loss:2.447744, acc: 23.21, bacc: 11.00, tmp_test_f1: 0.17, f1: 5.89
epoch: 234, val_loss:2.447744, acc: 23.21, bacc: 11.00, tmp_test_f1: 0.17, f1: 5.89
epoch: 235, val_loss:2.447744, acc: 23.21, bacc: 11.00, tmp_test_f1: 0.17, f1: 5.89
epoch: 236, val_loss:2.447744, acc: 23.21, bacc: 11.00, tmp_test_f1: 0.17, f1: 5.89
epoch: 237, val_loss:2.447744, acc: 23.21, bacc: 11.00, tmp_test_f1: 0.17, f1: 5.89
epoch: 238, val_loss:2.447744, acc: 23.21, bacc: 11.00, tmp_test_f1: 0.17, f1: 5.89
epoch: 239, val_loss:2.447745, acc: 23.21, bacc: 11.00, tmp_test_f1: 0.17, f1: 5.89
epoch: 240, val_loss:2.447744, acc: 23.21, bacc: 11.00, tmp_test_f1: 0.17, f1: 5.89
epoch: 241, val_loss:2.447744, acc: 23.21, bacc: 11.00, tmp_test_f1: 0.17, f1: 5.89
epoch: 242, val_loss:2.447744, acc: 23.21, bacc: 11.00, tmp_test_f1: 0.17, f1: 5.89
epoch: 243, val_loss:2.447744, acc: 23.21, bacc: 11.00, tmp_test_f1: 0.17, f1: 5.89
epoch: 244, val_loss:2.447744, acc: 23.21, bacc: 11.00, tmp_test_f1: 0.17, f1: 5.89
epoch: 245, val_loss:2.447744, acc: 23.21, bacc: 11.00, tmp_test_f1: 0.17, f1: 5.89
epoch: 246, val_loss:2.447744, acc: 23.21, bacc: 11.00, tmp_test_f1: 0.17, f1: 5.89
epoch: 247, val_loss:2.447744, acc: 23.21, bacc: 11.00, tmp_test_f1: 0.17, f1: 5.89
epoch: 248, val_loss:2.447744, acc: 23.21, bacc: 11.00, tmp_test_f1: 0.17, f1: 5.89
epoch: 249, val_loss:2.447744, acc: 23.21, bacc: 11.00, tmp_test_f1: 0.17, f1: 5.89
epoch: 250, val_loss:2.447744, acc: 23.21, bacc: 11.00, tmp_test_f1: 0.17, f1: 5.89
epoch: 251, val_loss:2.447744, acc: 23.21, bacc: 11.00, tmp_test_f1: 0.17, f1: 5.89
epoch: 252, val_loss:2.447744, acc: 23.21, bacc: 11.00, tmp_test_f1: 0.17, f1: 5.89
epoch: 253, val_loss:2.447743, acc: 23.21, bacc: 11.00, tmp_test_f1: 0.17, f1: 5.89
epoch: 254, val_loss:2.447743, acc: 23.21, bacc: 11.00, tmp_test_f1: 0.17, f1: 5.89
epoch: 255, val_loss:2.447743, acc: 23.21, bacc: 11.00, tmp_test_f1: 0.17, f1: 5.89
epoch: 256, val_loss:2.447743, acc: 23.21, bacc: 11.00, tmp_test_f1: 0.17, f1: 5.89
epoch: 257, val_loss:2.447743, acc: 23.21, bacc: 11.00, tmp_test_f1: 0.17, f1: 5.89
epoch: 258, val_loss:2.447743, acc: 23.21, bacc: 11.00, tmp_test_f1: 0.17, f1: 5.89
epoch: 259, val_loss:2.447743, acc: 23.21, bacc: 11.00, tmp_test_f1: 0.17, f1: 5.89
epoch: 260, val_loss:2.447743, acc: 23.21, bacc: 11.00, tmp_test_f1: 0.17, f1: 5.89
epoch: 261, val_loss:2.447743, acc: 23.21, bacc: 11.00, tmp_test_f1: 0.17, f1: 5.89
epoch: 262, val_loss:2.447743, acc: 23.21, bacc: 11.00, tmp_test_f1: 0.17, f1: 5.89
epoch: 263, val_loss:2.447743, acc: 23.21, bacc: 11.00, tmp_test_f1: 0.17, f1: 5.89
epoch: 264, val_loss:2.447744, acc: 23.21, bacc: 11.00, tmp_test_f1: 0.17, f1: 5.89
epoch: 265, val_loss:2.447744, acc: 23.21, bacc: 11.00, tmp_test_f1: 0.17, f1: 5.89
epoch: 266, val_loss:2.447744, acc: 23.21, bacc: 11.00, tmp_test_f1: 0.17, f1: 5.89
epoch: 267, val_loss:2.447744, acc: 23.21, bacc: 11.00, tmp_test_f1: 0.17, f1: 5.89
epoch: 268, val_loss:2.447744, acc: 23.21, bacc: 11.00, tmp_test_f1: 0.17, f1: 5.89
epoch: 269, val_loss:2.447744, acc: 23.21, bacc: 11.00, tmp_test_f1: 0.17, f1: 5.89
epoch: 270, val_loss:2.447744, acc: 23.21, bacc: 11.00, tmp_test_f1: 0.17, f1: 5.89
epoch: 271, val_loss:2.447744, acc: 23.21, bacc: 11.00, tmp_test_f1: 0.17, f1: 5.89
epoch: 272, val_loss:2.447744, acc: 23.21, bacc: 11.00, tmp_test_f1: 0.17, f1: 5.89
epoch: 273, val_loss:2.447744, acc: 23.21, bacc: 11.00, tmp_test_f1: 0.17, f1: 5.89
epoch: 274, val_loss:2.447744, acc: 23.21, bacc: 11.00, tmp_test_f1: 0.17, f1: 5.89
epoch: 275, val_loss:2.447743, acc: 23.21, bacc: 11.00, tmp_test_f1: 0.17, f1: 5.89
epoch: 276, val_loss:2.447743, acc: 23.21, bacc: 11.00, tmp_test_f1: 0.17, f1: 5.89
epoch: 277, val_loss:2.447743, acc: 23.21, bacc: 11.00, tmp_test_f1: 0.17, f1: 5.89
epoch: 278, val_loss:2.447743, acc: 23.21, bacc: 11.00, tmp_test_f1: 0.17, f1: 5.89
epoch: 279, val_loss:2.447743, acc: 23.21, bacc: 11.00, tmp_test_f1: 0.17, f1: 5.89
epoch: 280, val_loss:2.447743, acc: 23.21, bacc: 11.00, tmp_test_f1: 0.17, f1: 5.89
epoch: 281, val_loss:2.447743, acc: 23.21, bacc: 11.00, tmp_test_f1: 0.17, f1: 5.89
epoch: 282, val_loss:2.447743, acc: 23.21, bacc: 11.00, tmp_test_f1: 0.17, f1: 5.89
epoch: 283, val_loss:2.447743, acc: 23.21, bacc: 11.00, tmp_test_f1: 0.17, f1: 5.89
epoch: 284, val_loss:2.447743, acc: 23.21, bacc: 11.00, tmp_test_f1: 0.17, f1: 5.89
epoch: 285, val_loss:2.447743, acc: 23.21, bacc: 11.00, tmp_test_f1: 0.17, f1: 5.89
epoch: 286, val_loss:2.447743, acc: 23.21, bacc: 11.00, tmp_test_f1: 0.17, f1: 5.89
epoch: 287, val_loss:2.447743, acc: 23.21, bacc: 11.00, tmp_test_f1: 0.17, f1: 5.89
epoch: 288, val_loss:2.447743, acc: 23.21, bacc: 11.00, tmp_test_f1: 0.17, f1: 5.89
epoch: 289, val_loss:2.447743, acc: 23.21, bacc: 11.00, tmp_test_f1: 0.17, f1: 5.89
epoch: 290, val_loss:2.447743, acc: 23.21, bacc: 11.00, tmp_test_f1: 0.17, f1: 5.89
epoch: 291, val_loss:2.447743, acc: 23.21, bacc: 11.00, tmp_test_f1: 0.17, f1: 5.89
epoch: 292, val_loss:2.447742, acc: 23.21, bacc: 11.00, tmp_test_f1: 0.17, f1: 5.89
epoch: 293, val_loss:2.447742, acc: 23.21, bacc: 11.00, tmp_test_f1: 0.17, f1: 5.89
epoch: 294, val_loss:2.447742, acc: 23.21, bacc: 11.00, tmp_test_f1: 0.17, f1: 5.89
epoch: 295, val_loss:2.447742, acc: 23.21, bacc: 11.00, tmp_test_f1: 0.17, f1: 5.89
epoch: 296, val_loss:2.447742, acc: 23.21, bacc: 11.00, tmp_test_f1: 0.17, f1: 5.89
epoch: 297, val_loss:2.447742, acc: 23.21, bacc: 11.00, tmp_test_f1: 0.17, f1: 5.89
epoch: 298, val_loss:2.447742, acc: 23.21, bacc: 11.00, tmp_test_f1: 0.17, f1: 5.89
epoch: 299, val_loss:2.447742, acc: 23.21, bacc: 11.00, tmp_test_f1: 0.17, f1: 5.89
epoch: 300, val_loss:2.447742, acc: 23.21, bacc: 11.00, tmp_test_f1: 0.17, f1: 5.89
epoch: 301, val_loss:2.447742, acc: 23.21, bacc: 11.00, tmp_test_f1: 0.17, f1: 5.89
epoch: 302, val_loss:2.447742, acc: 23.21, bacc: 11.00, tmp_test_f1: 0.17, f1: 5.89
epoch: 303, val_loss:2.447742, acc: 23.21, bacc: 11.00, tmp_test_f1: 0.17, f1: 5.89
epoch: 304, val_loss:2.447742, acc: 23.21, bacc: 11.00, tmp_test_f1: 0.17, f1: 5.89
epoch: 305, val_loss:2.447742, acc: 23.21, bacc: 11.00, tmp_test_f1: 0.17, f1: 5.89
epoch: 306, val_loss:2.447742, acc: 23.21, bacc: 11.00, tmp_test_f1: 0.17, f1: 5.89
epoch: 307, val_loss:2.447742, acc: 23.21, bacc: 11.00, tmp_test_f1: 0.17, f1: 5.89
epoch: 308, val_loss:2.447742, acc: 23.21, bacc: 11.00, tmp_test_f1: 0.17, f1: 5.89
epoch: 309, val_loss:2.447742, acc: 23.21, bacc: 11.00, tmp_test_f1: 0.17, f1: 5.89
epoch: 310, val_loss:2.447742, acc: 23.21, bacc: 11.00, tmp_test_f1: 0.17, f1: 5.89
epoch: 311, val_loss:2.447742, acc: 23.21, bacc: 11.00, tmp_test_f1: 0.17, f1: 5.89
epoch: 312, val_loss:2.447742, acc: 23.21, bacc: 11.00, tmp_test_f1: 0.17, f1: 5.89
epoch: 313, val_loss:2.447743, acc: 23.21, bacc: 11.00, tmp_test_f1: 0.17, f1: 5.89
epoch: 314, val_loss:2.447742, acc: 23.21, bacc: 11.00, tmp_test_f1: 0.17, f1: 5.89
epoch: 315, val_loss:2.447742, acc: 23.21, bacc: 11.00, tmp_test_f1: 0.17, f1: 5.89
epoch: 316, val_loss:2.447742, acc: 23.21, bacc: 11.00, tmp_test_f1: 0.17, f1: 5.89
epoch: 317, val_loss:2.447742, acc: 23.21, bacc: 11.00, tmp_test_f1: 0.17, f1: 5.89
epoch: 318, val_loss:2.447742, acc: 23.21, bacc: 11.00, tmp_test_f1: 0.17, f1: 5.89
epoch: 319, val_loss:2.447742, acc: 23.21, bacc: 11.00, tmp_test_f1: 0.17, f1: 5.89
epoch: 320, val_loss:2.447742, acc: 23.21, bacc: 11.00, tmp_test_f1: 0.17, f1: 5.89
epoch: 321, val_loss:2.447742, acc: 23.21, bacc: 11.00, tmp_test_f1: 0.17, f1: 5.89
epoch: 322, val_loss:2.447742, acc: 23.21, bacc: 11.00, tmp_test_f1: 0.17, f1: 5.89
epoch: 323, val_loss:2.447743, acc: 23.21, bacc: 11.00, tmp_test_f1: 0.17, f1: 5.89
epoch: 324, val_loss:2.447742, acc: 23.21, bacc: 11.00, tmp_test_f1: 0.17, f1: 5.89
epoch: 325, val_loss:2.447743, acc: 23.21, bacc: 11.00, tmp_test_f1: 0.17, f1: 5.89
epoch: 326, val_loss:2.447743, acc: 23.21, bacc: 11.00, tmp_test_f1: 0.17, f1: 5.89
epoch: 327, val_loss:2.447743, acc: 23.21, bacc: 11.00, tmp_test_f1: 0.17, f1: 5.89
epoch: 328, val_loss:2.447743, acc: 23.21, bacc: 11.00, tmp_test_f1: 0.17, f1: 5.89
epoch: 329, val_loss:2.447743, acc: 23.21, bacc: 11.00, tmp_test_f1: 0.17, f1: 5.89
epoch: 330, val_loss:2.447743, acc: 23.21, bacc: 11.00, tmp_test_f1: 0.17, f1: 5.89
epoch: 331, val_loss:2.447742, acc: 23.21, bacc: 11.00, tmp_test_f1: 0.17, f1: 5.89
epoch: 332, val_loss:2.447742, acc: 23.21, bacc: 11.00, tmp_test_f1: 0.17, f1: 5.89
epoch: 333, val_loss:2.447742, acc: 23.21, bacc: 11.00, tmp_test_f1: 0.17, f1: 5.89
epoch: 334, val_loss:2.447742, acc: 23.21, bacc: 11.00, tmp_test_f1: 0.17, f1: 5.89
epoch: 335, val_loss:2.447741, acc: 23.21, bacc: 11.00, tmp_test_f1: 0.17, f1: 5.89
epoch: 336, val_loss:2.447741, acc: 23.21, bacc: 11.00, tmp_test_f1: 0.17, f1: 5.89
epoch: 337, val_loss:2.447742, acc: 23.21, bacc: 11.00, tmp_test_f1: 0.17, f1: 5.89
epoch: 338, val_loss:2.447741, acc: 23.21, bacc: 11.00, tmp_test_f1: 0.17, f1: 5.89
epoch: 339, val_loss:2.447742, acc: 23.21, bacc: 11.00, tmp_test_f1: 0.17, f1: 5.89
epoch: 340, val_loss:2.447742, acc: 23.21, bacc: 11.00, tmp_test_f1: 0.17, f1: 5.89
epoch: 341, val_loss:2.447741, acc: 23.21, bacc: 11.00, tmp_test_f1: 0.17, f1: 5.89
epoch: 342, val_loss:2.447741, acc: 23.21, bacc: 11.00, tmp_test_f1: 0.17, f1: 5.89
epoch: 343, val_loss:2.447741, acc: 23.21, bacc: 11.00, tmp_test_f1: 0.17, f1: 5.89
epoch: 344, val_loss:2.447741, acc: 23.21, bacc: 11.00, tmp_test_f1: 0.17, f1: 5.89
epoch: 345, val_loss:2.447741, acc: 23.21, bacc: 11.00, tmp_test_f1: 0.17, f1: 5.89
epoch: 346, val_loss:2.447741, acc: 23.21, bacc: 11.00, tmp_test_f1: 0.17, f1: 5.89
epoch: 347, val_loss:2.447741, acc: 23.21, bacc: 11.00, tmp_test_f1: 0.17, f1: 5.89
epoch: 348, val_loss:2.447741, acc: 23.21, bacc: 11.00, tmp_test_f1: 0.17, f1: 5.89
epoch: 349, val_loss:2.447741, acc: 23.21, bacc: 11.00, tmp_test_f1: 0.17, f1: 5.89
epoch: 350, val_loss:2.447741, acc: 23.21, bacc: 11.00, tmp_test_f1: 0.17, f1: 5.89
epoch: 351, val_loss:2.447741, acc: 23.21, bacc: 11.00, tmp_test_f1: 0.17, f1: 5.89
epoch: 352, val_loss:2.447740, acc: 23.21, bacc: 11.00, tmp_test_f1: 0.17, f1: 5.89
epoch: 353, val_loss:2.447740, acc: 23.21, bacc: 11.00, tmp_test_f1: 0.17, f1: 5.89
epoch: 354, val_loss:2.447740, acc: 23.21, bacc: 11.00, tmp_test_f1: 0.17, f1: 5.89
epoch: 355, val_loss:2.447740, acc: 23.21, bacc: 11.00, tmp_test_f1: 0.17, f1: 5.89
epoch: 356, val_loss:2.447740, acc: 23.21, bacc: 11.00, tmp_test_f1: 0.17, f1: 5.89
epoch: 357, val_loss:2.447740, acc: 23.21, bacc: 11.00, tmp_test_f1: 0.17, f1: 5.89
epoch: 358, val_loss:2.447740, acc: 23.21, bacc: 11.00, tmp_test_f1: 0.17, f1: 5.89
epoch: 359, val_loss:2.447740, acc: 23.21, bacc: 11.00, tmp_test_f1: 0.17, f1: 5.89
epoch: 360, val_loss:2.447740, acc: 23.21, bacc: 11.00, tmp_test_f1: 0.17, f1: 5.89
epoch: 361, val_loss:2.447740, acc: 23.21, bacc: 11.00, tmp_test_f1: 0.17, f1: 5.89
epoch: 362, val_loss:2.447740, acc: 23.21, bacc: 11.00, tmp_test_f1: 0.17, f1: 5.89
epoch: 363, val_loss:2.447740, acc: 23.21, bacc: 11.00, tmp_test_f1: 0.17, f1: 5.89
epoch: 364, val_loss:2.447740, acc: 23.21, bacc: 11.00, tmp_test_f1: 0.17, f1: 5.89
epoch: 365, val_loss:2.447740, acc: 23.21, bacc: 11.00, tmp_test_f1: 0.17, f1: 5.89
epoch: 366, val_loss:2.447740, acc: 23.21, bacc: 11.00, tmp_test_f1: 0.17, f1: 5.89
epoch: 367, val_loss:2.447740, acc: 23.21, bacc: 11.00, tmp_test_f1: 0.17, f1: 5.89
epoch: 368, val_loss:2.447740, acc: 23.21, bacc: 11.00, tmp_test_f1: 0.17, f1: 5.89
epoch: 369, val_loss:2.447740, acc: 23.21, bacc: 11.00, tmp_test_f1: 0.17, f1: 5.89
epoch: 370, val_loss:2.447740, acc: 23.21, bacc: 11.00, tmp_test_f1: 0.17, f1: 5.89
epoch: 371, val_loss:2.447740, acc: 23.21, bacc: 11.00, tmp_test_f1: 0.17, f1: 5.89
epoch: 372, val_loss:2.447740, acc: 23.21, bacc: 11.00, tmp_test_f1: 0.17, f1: 5.89
epoch: 373, val_loss:2.447740, acc: 23.21, bacc: 11.00, tmp_test_f1: 0.17, f1: 5.89
epoch: 374, val_loss:2.447740, acc: 23.21, bacc: 11.00, tmp_test_f1: 0.17, f1: 5.89
epoch: 375, val_loss:2.447740, acc: 23.21, bacc: 11.00, tmp_test_f1: 0.17, f1: 5.89
epoch: 376, val_loss:2.447740, acc: 23.21, bacc: 11.00, tmp_test_f1: 0.17, f1: 5.89
epoch: 377, val_loss:2.447740, acc: 23.21, bacc: 11.00, tmp_test_f1: 0.17, f1: 5.89
epoch: 378, val_loss:2.447740, acc: 23.21, bacc: 11.00, tmp_test_f1: 0.17, f1: 5.89
epoch: 379, val_loss:2.447740, acc: 23.21, bacc: 11.00, tmp_test_f1: 0.17, f1: 5.89
epoch: 380, val_loss:2.447740, acc: 23.21, bacc: 11.00, tmp_test_f1: 0.17, f1: 5.89
epoch: 381, val_loss:2.447740, acc: 23.21, bacc: 11.00, tmp_test_f1: 0.17, f1: 5.89
epoch: 382, val_loss:2.447740, acc: 23.21, bacc: 11.00, tmp_test_f1: 0.17, f1: 5.89
epoch: 383, val_loss:2.447740, acc: 23.21, bacc: 11.00, tmp_test_f1: 0.17, f1: 5.89
epoch: 384, val_loss:2.447740, acc: 23.21, bacc: 11.00, tmp_test_f1: 0.17, f1: 5.89
epoch: 385, val_loss:2.447740, acc: 23.21, bacc: 11.00, tmp_test_f1: 0.17, f1: 5.89
epoch: 386, val_loss:2.447740, acc: 23.21, bacc: 11.00, tmp_test_f1: 0.17, f1: 5.89
epoch: 387, val_loss:2.447740, acc: 23.21, bacc: 11.00, tmp_test_f1: 0.17, f1: 5.89
epoch: 388, val_loss:2.447740, acc: 23.21, bacc: 11.00, tmp_test_f1: 0.17, f1: 5.89
epoch: 389, val_loss:2.447740, acc: 23.21, bacc: 11.00, tmp_test_f1: 0.17, f1: 5.89
epoch: 390, val_loss:2.447740, acc: 23.21, bacc: 11.00, tmp_test_f1: 0.17, f1: 5.89
epoch: 391, val_loss:2.447740, acc: 23.21, bacc: 11.00, tmp_test_f1: 0.17, f1: 5.89
epoch: 392, val_loss:2.447742, acc: 23.21, bacc: 11.00, tmp_test_f1: 0.17, f1: 5.89
epoch: 393, val_loss:2.447741, acc: 23.21, bacc: 11.00, tmp_test_f1: 0.17, f1: 5.89
epoch: 394, val_loss:2.447741, acc: 23.21, bacc: 11.00, tmp_test_f1: 0.17, f1: 5.89
epoch: 395, val_loss:2.447741, acc: 23.21, bacc: 11.00, tmp_test_f1: 0.17, f1: 5.89
epoch: 396, val_loss:2.447740, acc: 23.21, bacc: 11.00, tmp_test_f1: 0.17, f1: 5.89
epoch: 397, val_loss:2.447740, acc: 23.21, bacc: 11.00, tmp_test_f1: 0.17, f1: 5.89
epoch: 398, val_loss:2.447740, acc: 23.21, bacc: 11.00, tmp_test_f1: 0.17, f1: 5.89
epoch: 399, val_loss:2.447740, acc: 23.21, bacc: 11.00, tmp_test_f1: 0.17, f1: 5.89
epoch: 400, val_loss:2.447740, acc: 23.21, bacc: 11.00, tmp_test_f1: 0.17, f1: 5.89
epoch: 401, val_loss:2.447740, acc: 23.21, bacc: 11.00, tmp_test_f1: 0.17, f1: 5.89
Epoch 00402: reducing learning rate of group 0 to 2.5000e-02.
epoch: 402, val_loss:2.447740, acc: 23.21, bacc: 11.00, tmp_test_f1: 0.17, f1: 5.89
epoch: 403, val_loss:2.447740, acc: 23.21, bacc: 11.00, tmp_test_f1: 0.17, f1: 5.89
epoch: 404, val_loss:2.447740, acc: 23.21, bacc: 11.00, tmp_test_f1: 0.17, f1: 5.89
epoch: 405, val_loss:2.447740, acc: 23.21, bacc: 11.00, tmp_test_f1: 0.17, f1: 5.89
epoch: 406, val_loss:2.447740, acc: 23.21, bacc: 11.00, tmp_test_f1: 0.17, f1: 5.89
epoch: 407, val_loss:2.447740, acc: 23.21, bacc: 11.00, tmp_test_f1: 0.17, f1: 5.89
epoch: 408, val_loss:2.447740, acc: 23.21, bacc: 11.00, tmp_test_f1: 0.17, f1: 5.89
epoch: 409, val_loss:2.447740, acc: 23.21, bacc: 11.00, tmp_test_f1: 0.17, f1: 5.89
epoch: 410, val_loss:2.447740, acc: 23.21, bacc: 11.00, tmp_test_f1: 0.17, f1: 5.89
epoch: 411, val_loss:2.447740, acc: 23.21, bacc: 11.00, tmp_test_f1: 0.17, f1: 5.89
epoch: 412, val_loss:2.447740, acc: 23.21, bacc: 11.00, tmp_test_f1: 0.17, f1: 5.89
epoch: 413, val_loss:2.447740, acc: 23.21, bacc: 11.00, tmp_test_f1: 0.17, f1: 5.89
epoch: 414, val_loss:2.447740, acc: 23.21, bacc: 11.00, tmp_test_f1: 0.17, f1: 5.89
epoch: 415, val_loss:2.447740, acc: 23.21, bacc: 11.00, tmp_test_f1: 0.17, f1: 5.89
epoch: 416, val_loss:2.447740, acc: 23.21, bacc: 11.00, tmp_test_f1: 0.17, f1: 5.89
epoch: 417, val_loss:2.447740, acc: 23.21, bacc: 11.00, tmp_test_f1: 0.17, f1: 5.89
epoch: 418, val_loss:2.447740, acc: 23.21, bacc: 11.00, tmp_test_f1: 0.17, f1: 5.89
epoch: 419, val_loss:2.447740, acc: 23.21, bacc: 11.00, tmp_test_f1: 0.17, f1: 5.89
epoch: 420, val_loss:2.447740, acc: 23.21, bacc: 11.00, tmp_test_f1: 0.17, f1: 5.89
epoch: 421, val_loss:2.447740, acc: 23.21, bacc: 11.00, tmp_test_f1: 0.17, f1: 5.89
epoch: 422, val_loss:2.447740, acc: 23.21, bacc: 11.00, tmp_test_f1: 0.17, f1: 5.89
epoch: 423, val_loss:2.447740, acc: 23.21, bacc: 11.00, tmp_test_f1: 0.17, f1: 5.89
epoch: 424, val_loss:2.447740, acc: 23.21, bacc: 11.00, tmp_test_f1: 0.17, f1: 5.89
epoch: 425, val_loss:2.447740, acc: 23.21, bacc: 11.00, tmp_test_f1: 0.17, f1: 5.89
epoch: 426, val_loss:2.447740, acc: 23.21, bacc: 11.00, tmp_test_f1: 0.17, f1: 5.89
epoch: 427, val_loss:2.447740, acc: 23.21, bacc: 11.00, tmp_test_f1: 0.17, f1: 5.89
epoch: 428, val_loss:2.447740, acc: 23.21, bacc: 11.00, tmp_test_f1: 0.17, f1: 5.89
epoch: 429, val_loss:2.447740, acc: 23.21, bacc: 11.00, tmp_test_f1: 0.17, f1: 5.89
epoch: 430, val_loss:2.447740, acc: 23.21, bacc: 11.00, tmp_test_f1: 0.17, f1: 5.89
epoch: 431, val_loss:2.447740, acc: 23.21, bacc: 11.00, tmp_test_f1: 0.17, f1: 5.89
epoch: 432, val_loss:2.447740, acc: 23.21, bacc: 11.00, tmp_test_f1: 0.17, f1: 5.89
epoch: 433, val_loss:2.447740, acc: 23.21, bacc: 11.00, tmp_test_f1: 0.17, f1: 5.89
epoch: 434, val_loss:2.447740, acc: 23.21, bacc: 11.00, tmp_test_f1: 0.17, f1: 5.89
epoch: 435, val_loss:2.447740, acc: 23.21, bacc: 11.00, tmp_test_f1: 0.17, f1: 5.89
epoch: 436, val_loss:2.447740, acc: 23.21, bacc: 11.00, tmp_test_f1: 0.17, f1: 5.89
epoch: 437, val_loss:2.447739, acc: 23.21, bacc: 11.00, tmp_test_f1: 0.17, f1: 5.89
epoch: 438, val_loss:2.447739, acc: 23.21, bacc: 11.00, tmp_test_f1: 0.17, f1: 5.89
epoch: 439, val_loss:2.447740, acc: 23.21, bacc: 11.00, tmp_test_f1: 0.17, f1: 5.89
epoch: 440, val_loss:2.447739, acc: 23.21, bacc: 11.00, tmp_test_f1: 0.17, f1: 5.89
epoch: 441, val_loss:2.447739, acc: 23.21, bacc: 11.00, tmp_test_f1: 0.17, f1: 5.89
epoch: 442, val_loss:2.447740, acc: 23.21, bacc: 11.00, tmp_test_f1: 0.17, f1: 5.89
epoch: 443, val_loss:2.447740, acc: 23.21, bacc: 11.00, tmp_test_f1: 0.17, f1: 5.89
epoch: 444, val_loss:2.447740, acc: 23.21, bacc: 11.00, tmp_test_f1: 0.17, f1: 5.89
epoch: 445, val_loss:2.447740, acc: 23.21, bacc: 11.00, tmp_test_f1: 0.17, f1: 5.89
epoch: 446, val_loss:2.447740, acc: 23.21, bacc: 11.00, tmp_test_f1: 0.17, f1: 5.89
epoch: 447, val_loss:2.447740, acc: 23.21, bacc: 11.00, tmp_test_f1: 0.17, f1: 5.89
epoch: 448, val_loss:2.447740, acc: 23.21, bacc: 11.00, tmp_test_f1: 0.17, f1: 5.89
epoch: 449, val_loss:2.447740, acc: 23.21, bacc: 11.00, tmp_test_f1: 0.17, f1: 5.89
epoch: 450, val_loss:2.447740, acc: 23.21, bacc: 11.00, tmp_test_f1: 0.17, f1: 5.89
epoch: 451, val_loss:2.447740, acc: 23.21, bacc: 11.00, tmp_test_f1: 0.17, f1: 5.89
epoch: 452, val_loss:2.447740, acc: 23.21, bacc: 11.00, tmp_test_f1: 0.17, f1: 5.89
epoch: 453, val_loss:2.447740, acc: 23.21, bacc: 11.00, tmp_test_f1: 0.17, f1: 5.89
epoch: 454, val_loss:2.447740, acc: 23.21, bacc: 11.00, tmp_test_f1: 0.17, f1: 5.89
epoch: 455, val_loss:2.447740, acc: 23.21, bacc: 11.00, tmp_test_f1: 0.17, f1: 5.89
epoch: 456, val_loss:2.447740, acc: 23.21, bacc: 11.00, tmp_test_f1: 0.17, f1: 5.89
epoch: 457, val_loss:2.447740, acc: 23.21, bacc: 11.00, tmp_test_f1: 0.17, f1: 5.89
epoch: 458, val_loss:2.447740, acc: 23.21, bacc: 11.00, tmp_test_f1: 0.17, f1: 5.89
epoch: 459, val_loss:2.447740, acc: 23.21, bacc: 11.00, tmp_test_f1: 0.17, f1: 5.89
epoch: 460, val_loss:2.447740, acc: 23.21, bacc: 11.00, tmp_test_f1: 0.17, f1: 5.89
epoch: 461, val_loss:2.447740, acc: 23.21, bacc: 11.00, tmp_test_f1: 0.17, f1: 5.89
epoch: 462, val_loss:2.447740, acc: 23.21, bacc: 11.00, tmp_test_f1: 0.17, f1: 5.89
epoch: 463, val_loss:2.447740, acc: 23.21, bacc: 11.00, tmp_test_f1: 0.17, f1: 5.89
epoch: 464, val_loss:2.447740, acc: 23.21, bacc: 11.00, tmp_test_f1: 0.17, f1: 5.89
epoch: 465, val_loss:2.447740, acc: 23.21, bacc: 11.00, tmp_test_f1: 0.17, f1: 5.89
epoch: 466, val_loss:2.447740, acc: 23.21, bacc: 11.00, tmp_test_f1: 0.17, f1: 5.89
epoch: 467, val_loss:2.447740, acc: 23.21, bacc: 11.00, tmp_test_f1: 0.17, f1: 5.89
epoch: 468, val_loss:2.447740, acc: 23.21, bacc: 11.00, tmp_test_f1: 0.17, f1: 5.89
epoch: 469, val_loss:2.447740, acc: 23.21, bacc: 11.00, tmp_test_f1: 0.17, f1: 5.89
epoch: 470, val_loss:2.447740, acc: 23.21, bacc: 11.00, tmp_test_f1: 0.17, f1: 5.89
epoch: 471, val_loss:2.447740, acc: 23.21, bacc: 11.00, tmp_test_f1: 0.17, f1: 5.89
epoch: 472, val_loss:2.447740, acc: 23.21, bacc: 11.00, tmp_test_f1: 0.17, f1: 5.89
epoch: 473, val_loss:2.447740, acc: 23.21, bacc: 11.00, tmp_test_f1: 0.17, f1: 5.89
epoch: 474, val_loss:2.447740, acc: 23.21, bacc: 11.00, tmp_test_f1: 0.17, f1: 5.89
epoch: 475, val_loss:2.447740, acc: 23.21, bacc: 11.00, tmp_test_f1: 0.17, f1: 5.89
epoch: 476, val_loss:2.447740, acc: 23.21, bacc: 11.00, tmp_test_f1: 0.17, f1: 5.89
epoch: 477, val_loss:2.447740, acc: 23.21, bacc: 11.00, tmp_test_f1: 0.17, f1: 5.89
epoch: 478, val_loss:2.447740, acc: 23.21, bacc: 11.00, tmp_test_f1: 0.17, f1: 5.89
epoch: 479, val_loss:2.447740, acc: 23.21, bacc: 11.00, tmp_test_f1: 0.17, f1: 5.89
epoch: 480, val_loss:2.447740, acc: 23.21, bacc: 11.00, tmp_test_f1: 0.17, f1: 5.89
epoch: 481, val_loss:2.447740, acc: 23.21, bacc: 11.00, tmp_test_f1: 0.17, f1: 5.89
epoch: 482, val_loss:2.447740, acc: 23.21, bacc: 11.00, tmp_test_f1: 0.17, f1: 5.89
epoch: 483, val_loss:2.447740, acc: 23.21, bacc: 11.00, tmp_test_f1: 0.17, f1: 5.89
epoch: 484, val_loss:2.447740, acc: 23.21, bacc: 11.00, tmp_test_f1: 0.17, f1: 5.89
epoch: 485, val_loss:2.447740, acc: 23.21, bacc: 11.00, tmp_test_f1: 0.17, f1: 5.89
epoch: 486, val_loss:2.447740, acc: 23.21, bacc: 11.00, tmp_test_f1: 0.17, f1: 5.89
epoch: 487, val_loss:2.447740, acc: 23.21, bacc: 11.00, tmp_test_f1: 0.17, f1: 5.89
epoch: 488, val_loss:2.447740, acc: 23.21, bacc: 11.00, tmp_test_f1: 0.17, f1: 5.89
epoch: 489, val_loss:2.447740, acc: 23.21, bacc: 11.00, tmp_test_f1: 0.17, f1: 5.89
epoch: 490, val_loss:2.447740, acc: 23.21, bacc: 11.00, tmp_test_f1: 0.17, f1: 5.89
epoch: 491, val_loss:2.447740, acc: 23.21, bacc: 11.00, tmp_test_f1: 0.17, f1: 5.89
epoch: 492, val_loss:2.447740, acc: 23.21, bacc: 11.00, tmp_test_f1: 0.17, f1: 5.89
epoch: 493, val_loss:2.447740, acc: 23.21, bacc: 11.00, tmp_test_f1: 0.17, f1: 5.89
epoch: 494, val_loss:2.447740, acc: 23.21, bacc: 11.00, tmp_test_f1: 0.17, f1: 5.89
epoch: 495, val_loss:2.447740, acc: 23.21, bacc: 11.00, tmp_test_f1: 0.17, f1: 5.89
epoch: 496, val_loss:2.447740, acc: 23.21, bacc: 11.00, tmp_test_f1: 0.17, f1: 5.89
epoch: 497, val_loss:2.447740, acc: 23.21, bacc: 11.00, tmp_test_f1: 0.17, f1: 5.89
epoch: 498, val_loss:2.447739, acc: 23.21, bacc: 11.00, tmp_test_f1: 0.17, f1: 5.89
epoch: 499, val_loss:2.447740, acc: 23.21, bacc: 11.00, tmp_test_f1: 0.17, f1: 5.89
epoch: 500, val_loss:2.447739, acc: 23.21, bacc: 11.00, tmp_test_f1: 0.17, f1: 5.89
epoch: 501, val_loss:2.447739, acc: 23.21, bacc: 11.00, tmp_test_f1: 0.17, f1: 5.89
epoch: 502, val_loss:2.447739, acc: 23.21, bacc: 11.00, tmp_test_f1: 0.17, f1: 5.89
epoch: 503, val_loss:2.447739, acc: 23.21, bacc: 11.00, tmp_test_f1: 0.17, f1: 5.89
epoch: 504, val_loss:2.447739, acc: 23.21, bacc: 11.00, tmp_test_f1: 0.17, f1: 5.89
epoch: 505, val_loss:2.447739, acc: 23.21, bacc: 11.00, tmp_test_f1: 0.17, f1: 5.89
epoch: 506, val_loss:2.447739, acc: 23.21, bacc: 11.00, tmp_test_f1: 0.17, f1: 5.89
epoch: 507, val_loss:2.447739, acc: 23.21, bacc: 11.00, tmp_test_f1: 0.17, f1: 5.89
epoch: 508, val_loss:2.447739, acc: 23.21, bacc: 11.00, tmp_test_f1: 0.17, f1: 5.89
epoch: 509, val_loss:2.447739, acc: 23.21, bacc: 11.00, tmp_test_f1: 0.17, f1: 5.89
epoch: 510, val_loss:2.447739, acc: 23.21, bacc: 11.00, tmp_test_f1: 0.17, f1: 5.89
epoch: 511, val_loss:2.447739, acc: 23.21, bacc: 11.00, tmp_test_f1: 0.17, f1: 5.89
epoch: 512, val_loss:2.447739, acc: 23.21, bacc: 11.00, tmp_test_f1: 0.17, f1: 5.89
epoch: 513, val_loss:2.447739, acc: 23.21, bacc: 11.00, tmp_test_f1: 0.17, f1: 5.89
epoch: 514, val_loss:2.447739, acc: 23.21, bacc: 11.00, tmp_test_f1: 0.17, f1: 5.89
epoch: 515, val_loss:2.447739, acc: 23.21, bacc: 11.00, tmp_test_f1: 0.17, f1: 5.89
epoch: 516, val_loss:2.447739, acc: 23.21, bacc: 11.00, tmp_test_f1: 0.17, f1: 5.89
epoch: 517, val_loss:2.447739, acc: 23.21, bacc: 11.00, tmp_test_f1: 0.17, f1: 5.89
epoch: 518, val_loss:2.447739, acc: 23.21, bacc: 11.00, tmp_test_f1: 0.17, f1: 5.89
epoch: 519, val_loss:2.447739, acc: 23.21, bacc: 11.00, tmp_test_f1: 0.17, f1: 5.89
epoch: 520, val_loss:2.447739, acc: 23.21, bacc: 11.00, tmp_test_f1: 0.17, f1: 5.89
epoch: 521, val_loss:2.447739, acc: 23.21, bacc: 11.00, tmp_test_f1: 0.17, f1: 5.89
epoch: 522, val_loss:2.447739, acc: 23.21, bacc: 11.00, tmp_test_f1: 0.17, f1: 5.89
epoch: 523, val_loss:2.447739, acc: 23.21, bacc: 11.00, tmp_test_f1: 0.17, f1: 5.89
epoch: 524, val_loss:2.447739, acc: 23.21, bacc: 11.00, tmp_test_f1: 0.17, f1: 5.89
epoch: 525, val_loss:2.447739, acc: 23.21, bacc: 11.00, tmp_test_f1: 0.17, f1: 5.89
epoch: 526, val_loss:2.447739, acc: 23.21, bacc: 11.00, tmp_test_f1: 0.17, f1: 5.89
epoch: 527, val_loss:2.447739, acc: 23.21, bacc: 11.00, tmp_test_f1: 0.17, f1: 5.89
epoch: 528, val_loss:2.447738, acc: 23.21, bacc: 11.00, tmp_test_f1: 0.17, f1: 5.89
epoch: 529, val_loss:2.447738, acc: 23.21, bacc: 11.00, tmp_test_f1: 0.17, f1: 5.89
epoch: 530, val_loss:2.447738, acc: 23.21, bacc: 11.00, tmp_test_f1: 0.17, f1: 5.89
epoch: 531, val_loss:2.447738, acc: 23.21, bacc: 11.00, tmp_test_f1: 0.17, f1: 5.89
epoch: 532, val_loss:2.447738, acc: 23.21, bacc: 11.00, tmp_test_f1: 0.17, f1: 5.89
epoch: 533, val_loss:2.447738, acc: 23.21, bacc: 11.00, tmp_test_f1: 0.17, f1: 5.89
epoch: 534, val_loss:2.447738, acc: 23.21, bacc: 11.00, tmp_test_f1: 0.17, f1: 5.89
epoch: 535, val_loss:2.447738, acc: 23.21, bacc: 11.00, tmp_test_f1: 0.17, f1: 5.89
epoch: 536, val_loss:2.447738, acc: 23.21, bacc: 11.00, tmp_test_f1: 0.17, f1: 5.89
epoch: 537, val_loss:2.447738, acc: 23.21, bacc: 11.00, tmp_test_f1: 0.17, f1: 5.89
epoch: 538, val_loss:2.447738, acc: 23.21, bacc: 11.00, tmp_test_f1: 0.17, f1: 5.89
epoch: 539, val_loss:2.447738, acc: 23.21, bacc: 11.00, tmp_test_f1: 0.17, f1: 5.89
epoch: 540, val_loss:2.447738, acc: 23.21, bacc: 11.00, tmp_test_f1: 0.17, f1: 5.89
epoch: 541, val_loss:2.447738, acc: 23.21, bacc: 11.00, tmp_test_f1: 0.17, f1: 5.89
epoch: 542, val_loss:2.447738, acc: 23.21, bacc: 11.00, tmp_test_f1: 0.17, f1: 5.89
epoch: 543, val_loss:2.447738, acc: 23.21, bacc: 11.00, tmp_test_f1: 0.17, f1: 5.89
epoch: 544, val_loss:2.447738, acc: 23.21, bacc: 11.00, tmp_test_f1: 0.17, f1: 5.89
epoch: 545, val_loss:2.447738, acc: 23.21, bacc: 11.00, tmp_test_f1: 0.17, f1: 5.89
epoch: 546, val_loss:2.447738, acc: 23.21, bacc: 11.00, tmp_test_f1: 0.17, f1: 5.89
epoch: 547, val_loss:2.447738, acc: 23.21, bacc: 11.00, tmp_test_f1: 0.17, f1: 5.89
epoch: 548, val_loss:2.447738, acc: 23.21, bacc: 11.00, tmp_test_f1: 0.17, f1: 5.89
epoch: 549, val_loss:2.447738, acc: 23.21, bacc: 11.00, tmp_test_f1: 0.17, f1: 5.89
epoch: 550, val_loss:2.447738, acc: 23.21, bacc: 11.00, tmp_test_f1: 0.17, f1: 5.89
epoch: 551, val_loss:2.447738, acc: 23.21, bacc: 11.00, tmp_test_f1: 0.17, f1: 5.89
epoch: 552, val_loss:2.447738, acc: 23.21, bacc: 11.00, tmp_test_f1: 0.17, f1: 5.89
epoch: 553, val_loss:2.447738, acc: 23.21, bacc: 11.00, tmp_test_f1: 0.17, f1: 5.89
epoch: 554, val_loss:2.447738, acc: 23.21, bacc: 11.00, tmp_test_f1: 0.17, f1: 5.89
epoch: 555, val_loss:2.447738, acc: 23.21, bacc: 11.00, tmp_test_f1: 0.17, f1: 5.89
epoch: 556, val_loss:2.447738, acc: 23.21, bacc: 11.00, tmp_test_f1: 0.17, f1: 5.89
epoch: 557, val_loss:2.447738, acc: 23.21, bacc: 11.00, tmp_test_f1: 0.17, f1: 5.89
epoch: 558, val_loss:2.447738, acc: 23.21, bacc: 11.00, tmp_test_f1: 0.17, f1: 5.89
epoch: 559, val_loss:2.447738, acc: 23.21, bacc: 11.00, tmp_test_f1: 0.17, f1: 5.89
epoch: 560, val_loss:2.447738, acc: 23.21, bacc: 11.00, tmp_test_f1: 0.17, f1: 5.89
epoch: 561, val_loss:2.447738, acc: 23.21, bacc: 11.00, tmp_test_f1: 0.17, f1: 5.89
epoch: 562, val_loss:2.447738, acc: 23.21, bacc: 11.00, tmp_test_f1: 0.17, f1: 5.89
epoch: 563, val_loss:2.447738, acc: 23.21, bacc: 11.00, tmp_test_f1: 0.17, f1: 5.89
epoch: 564, val_loss:2.447738, acc: 23.21, bacc: 11.00, tmp_test_f1: 0.17, f1: 5.89
epoch: 565, val_loss:2.447738, acc: 23.21, bacc: 11.00, tmp_test_f1: 0.17, f1: 5.89
epoch: 566, val_loss:2.447738, acc: 23.21, bacc: 11.00, tmp_test_f1: 0.17, f1: 5.89
epoch: 567, val_loss:2.447738, acc: 23.21, bacc: 11.00, tmp_test_f1: 0.17, f1: 5.89
epoch: 568, val_loss:2.447738, acc: 23.21, bacc: 11.00, tmp_test_f1: 0.17, f1: 5.89
epoch: 569, val_loss:2.447738, acc: 23.21, bacc: 11.00, tmp_test_f1: 0.17, f1: 5.89
epoch: 570, val_loss:2.447738, acc: 23.21, bacc: 11.00, tmp_test_f1: 0.17, f1: 5.89
epoch: 571, val_loss:2.447738, acc: 23.21, bacc: 11.00, tmp_test_f1: 0.17, f1: 5.89
epoch: 572, val_loss:2.447738, acc: 23.21, bacc: 11.00, tmp_test_f1: 0.17, f1: 5.89
epoch: 573, val_loss:2.447738, acc: 23.21, bacc: 11.00, tmp_test_f1: 0.17, f1: 5.89
epoch: 574, val_loss:2.447738, acc: 23.21, bacc: 11.00, tmp_test_f1: 0.17, f1: 5.89
epoch: 575, val_loss:2.447738, acc: 23.21, bacc: 11.00, tmp_test_f1: 0.17, f1: 5.89
epoch: 576, val_loss:2.447738, acc: 23.21, bacc: 11.00, tmp_test_f1: 0.17, f1: 5.89
epoch: 577, val_loss:2.447738, acc: 23.21, bacc: 11.00, tmp_test_f1: 0.17, f1: 5.89
epoch: 578, val_loss:2.447738, acc: 23.21, bacc: 11.00, tmp_test_f1: 0.17, f1: 5.89
epoch: 579, val_loss:2.447738, acc: 23.21, bacc: 11.00, tmp_test_f1: 0.17, f1: 5.89
epoch: 580, val_loss:2.447738, acc: 23.21, bacc: 11.00, tmp_test_f1: 0.17, f1: 5.89
epoch: 581, val_loss:2.447738, acc: 23.21, bacc: 11.00, tmp_test_f1: 0.17, f1: 5.89
epoch: 582, val_loss:2.447738, acc: 23.21, bacc: 11.00, tmp_test_f1: 0.17, f1: 5.89
epoch: 583, val_loss:2.447738, acc: 23.21, bacc: 11.00, tmp_test_f1: 0.17, f1: 5.89
epoch: 584, val_loss:2.447738, acc: 23.21, bacc: 11.00, tmp_test_f1: 0.17, f1: 5.89
epoch: 585, val_loss:2.447738, acc: 23.21, bacc: 11.00, tmp_test_f1: 0.17, f1: 5.89
epoch: 586, val_loss:2.447738, acc: 23.21, bacc: 11.00, tmp_test_f1: 0.17, f1: 5.89
epoch: 587, val_loss:2.447738, acc: 23.21, bacc: 11.00, tmp_test_f1: 0.17, f1: 5.89
epoch: 588, val_loss:2.447738, acc: 23.21, bacc: 11.00, tmp_test_f1: 0.17, f1: 5.89
epoch: 589, val_loss:2.447738, acc: 23.21, bacc: 11.00, tmp_test_f1: 0.17, f1: 5.89
epoch: 590, val_loss:2.447738, acc: 23.21, bacc: 11.00, tmp_test_f1: 0.17, f1: 5.89
epoch: 591, val_loss:2.447738, acc: 23.21, bacc: 11.00, tmp_test_f1: 0.17, f1: 5.89
epoch: 592, val_loss:2.447738, acc: 23.21, bacc: 11.00, tmp_test_f1: 0.17, f1: 5.89
epoch: 593, val_loss:2.447738, acc: 23.21, bacc: 11.00, tmp_test_f1: 0.17, f1: 5.89
epoch: 594, val_loss:2.447738, acc: 23.21, bacc: 11.00, tmp_test_f1: 0.17, f1: 5.89
epoch: 595, val_loss:2.447738, acc: 23.21, bacc: 11.00, tmp_test_f1: 0.17, f1: 5.89
epoch: 596, val_loss:2.447738, acc: 23.21, bacc: 11.00, tmp_test_f1: 0.17, f1: 5.89
epoch: 597, val_loss:2.447738, acc: 23.21, bacc: 11.00, tmp_test_f1: 0.17, f1: 5.89
epoch: 598, val_loss:2.447738, acc: 23.21, bacc: 11.00, tmp_test_f1: 0.17, f1: 5.89
epoch: 599, val_loss:2.447738, acc: 23.21, bacc: 11.00, tmp_test_f1: 0.17, f1: 5.89
epoch: 600, val_loss:2.447738, acc: 23.21, bacc: 11.00, tmp_test_f1: 0.17, f1: 5.89
epoch: 601, val_loss:2.447738, acc: 23.21, bacc: 11.00, tmp_test_f1: 0.17, f1: 5.89
epoch: 602, val_loss:2.447738, acc: 23.21, bacc: 11.00, tmp_test_f1: 0.17, f1: 5.89
Epoch 00603: reducing learning rate of group 0 to 1.2500e-02.
epoch: 603, val_loss:2.447738, acc: 23.21, bacc: 11.00, tmp_test_f1: 0.17, f1: 5.89
epoch: 604, val_loss:2.447738, acc: 23.21, bacc: 11.00, tmp_test_f1: 0.17, f1: 5.89
epoch: 605, val_loss:2.447738, acc: 23.21, bacc: 11.00, tmp_test_f1: 0.17, f1: 5.89
epoch: 606, val_loss:2.447738, acc: 23.21, bacc: 11.00, tmp_test_f1: 0.17, f1: 5.89
epoch: 607, val_loss:2.447738, acc: 23.21, bacc: 11.00, tmp_test_f1: 0.17, f1: 5.89
epoch: 608, val_loss:2.447738, acc: 23.21, bacc: 11.00, tmp_test_f1: 0.17, f1: 5.89
epoch: 609, val_loss:2.447738, acc: 23.21, bacc: 11.00, tmp_test_f1: 0.17, f1: 5.89
epoch: 610, val_loss:2.447738, acc: 23.21, bacc: 11.00, tmp_test_f1: 0.17, f1: 5.89
epoch: 611, val_loss:2.447738, acc: 23.21, bacc: 11.00, tmp_test_f1: 0.17, f1: 5.89
epoch: 612, val_loss:2.447738, acc: 23.21, bacc: 11.00, tmp_test_f1: 0.17, f1: 5.89
epoch: 613, val_loss:2.447738, acc: 23.21, bacc: 11.00, tmp_test_f1: 0.17, f1: 5.89
epoch: 614, val_loss:2.447738, acc: 23.21, bacc: 11.00, tmp_test_f1: 0.17, f1: 5.89
epoch: 615, val_loss:2.447738, acc: 23.21, bacc: 11.00, tmp_test_f1: 0.17, f1: 5.89
epoch: 616, val_loss:2.447738, acc: 23.21, bacc: 11.00, tmp_test_f1: 0.17, f1: 5.89
epoch: 617, val_loss:2.447738, acc: 23.21, bacc: 11.00, tmp_test_f1: 0.17, f1: 5.89
epoch: 618, val_loss:2.447738, acc: 23.21, bacc: 11.00, tmp_test_f1: 0.17, f1: 5.89
epoch: 619, val_loss:2.447738, acc: 23.21, bacc: 11.00, tmp_test_f1: 0.17, f1: 5.89
epoch: 620, val_loss:2.447738, acc: 23.21, bacc: 11.00, tmp_test_f1: 0.17, f1: 5.89
epoch: 621, val_loss:2.447738, acc: 23.21, bacc: 11.00, tmp_test_f1: 0.17, f1: 5.89
epoch: 622, val_loss:2.447737, acc: 23.21, bacc: 11.00, tmp_test_f1: 0.17, f1: 5.89
epoch: 623, val_loss:2.447737, acc: 23.21, bacc: 11.00, tmp_test_f1: 0.17, f1: 5.89
epoch: 624, val_loss:2.447737, acc: 23.21, bacc: 11.00, tmp_test_f1: 0.17, f1: 5.89
epoch: 625, val_loss:2.447737, acc: 23.21, bacc: 11.00, tmp_test_f1: 0.17, f1: 5.89
epoch: 626, val_loss:2.447737, acc: 23.21, bacc: 11.00, tmp_test_f1: 0.17, f1: 5.89
epoch: 627, val_loss:2.447737, acc: 23.21, bacc: 11.00, tmp_test_f1: 0.17, f1: 5.89
epoch: 628, val_loss:2.447737, acc: 23.21, bacc: 11.00, tmp_test_f1: 0.17, f1: 5.89
epoch: 629, val_loss:2.447737, acc: 23.21, bacc: 11.00, tmp_test_f1: 0.17, f1: 5.89
epoch: 630, val_loss:2.447737, acc: 23.21, bacc: 11.00, tmp_test_f1: 0.17, f1: 5.89
epoch: 631, val_loss:2.447737, acc: 23.21, bacc: 11.00, tmp_test_f1: 0.17, f1: 5.89
epoch: 632, val_loss:2.447737, acc: 23.21, bacc: 11.00, tmp_test_f1: 0.17, f1: 5.89
epoch: 633, val_loss:2.447737, acc: 23.21, bacc: 11.00, tmp_test_f1: 0.17, f1: 5.89
epoch: 634, val_loss:2.447737, acc: 23.21, bacc: 11.00, tmp_test_f1: 0.17, f1: 5.89
epoch: 635, val_loss:2.447737, acc: 23.21, bacc: 11.00, tmp_test_f1: 0.17, f1: 5.89
epoch: 636, val_loss:2.447737, acc: 23.21, bacc: 11.00, tmp_test_f1: 0.17, f1: 5.89
epoch: 637, val_loss:2.447737, acc: 23.21, bacc: 11.00, tmp_test_f1: 0.17, f1: 5.89
epoch: 638, val_loss:2.447737, acc: 23.21, bacc: 11.00, tmp_test_f1: 0.17, f1: 5.89
epoch: 639, val_loss:2.447737, acc: 23.21, bacc: 11.00, tmp_test_f1: 0.17, f1: 5.89
epoch: 640, val_loss:2.447737, acc: 23.21, bacc: 11.00, tmp_test_f1: 0.17, f1: 5.89
epoch: 641, val_loss:2.447737, acc: 23.21, bacc: 11.00, tmp_test_f1: 0.17, f1: 5.89
epoch: 642, val_loss:2.447737, acc: 23.21, bacc: 11.00, tmp_test_f1: 0.17, f1: 5.89
epoch: 643, val_loss:2.447737, acc: 23.21, bacc: 11.00, tmp_test_f1: 0.17, f1: 5.89
epoch: 644, val_loss:2.447737, acc: 23.21, bacc: 11.00, tmp_test_f1: 0.17, f1: 5.89
epoch: 645, val_loss:2.447737, acc: 23.21, bacc: 11.00, tmp_test_f1: 0.17, f1: 5.89
epoch: 646, val_loss:2.447737, acc: 23.21, bacc: 11.00, tmp_test_f1: 0.17, f1: 5.89
epoch: 647, val_loss:2.447737, acc: 23.21, bacc: 11.00, tmp_test_f1: 0.17, f1: 5.89
epoch: 648, val_loss:2.447737, acc: 23.21, bacc: 11.00, tmp_test_f1: 0.17, f1: 5.89
epoch: 649, val_loss:2.447737, acc: 23.21, bacc: 11.00, tmp_test_f1: 0.17, f1: 5.89
epoch: 650, val_loss:2.447737, acc: 23.21, bacc: 11.00, tmp_test_f1: 0.17, f1: 5.89
epoch: 651, val_loss:2.447737, acc: 23.21, bacc: 11.00, tmp_test_f1: 0.17, f1: 5.89
epoch: 652, val_loss:2.447737, acc: 23.21, bacc: 11.00, tmp_test_f1: 0.17, f1: 5.89
epoch: 653, val_loss:2.447737, acc: 23.21, bacc: 11.00, tmp_test_f1: 0.17, f1: 5.89
epoch: 654, val_loss:2.447737, acc: 23.21, bacc: 11.00, tmp_test_f1: 0.17, f1: 5.89
epoch: 655, val_loss:2.447737, acc: 23.21, bacc: 11.00, tmp_test_f1: 0.17, f1: 5.89
epoch: 656, val_loss:2.447737, acc: 23.21, bacc: 11.00, tmp_test_f1: 0.17, f1: 5.89
epoch: 657, val_loss:2.447737, acc: 23.21, bacc: 11.00, tmp_test_f1: 0.17, f1: 5.89
epoch: 658, val_loss:2.447737, acc: 23.21, bacc: 11.00, tmp_test_f1: 0.17, f1: 5.89
epoch: 659, val_loss:2.447737, acc: 23.21, bacc: 11.00, tmp_test_f1: 0.17, f1: 5.89
epoch: 660, val_loss:2.447737, acc: 23.21, bacc: 11.00, tmp_test_f1: 0.17, f1: 5.89
epoch: 661, val_loss:2.447737, acc: 23.21, bacc: 11.00, tmp_test_f1: 0.17, f1: 5.89
epoch: 662, val_loss:2.447737, acc: 23.21, bacc: 11.00, tmp_test_f1: 0.17, f1: 5.89
epoch: 663, val_loss:2.447737, acc: 23.21, bacc: 11.00, tmp_test_f1: 0.17, f1: 5.89
epoch: 664, val_loss:2.447737, acc: 23.21, bacc: 11.00, tmp_test_f1: 0.17, f1: 5.89
epoch: 665, val_loss:2.447737, acc: 23.21, bacc: 11.00, tmp_test_f1: 0.17, f1: 5.89
epoch: 666, val_loss:2.447737, acc: 23.21, bacc: 11.00, tmp_test_f1: 0.17, f1: 5.89
epoch: 667, val_loss:2.447737, acc: 23.21, bacc: 11.00, tmp_test_f1: 0.17, f1: 5.89
epoch: 668, val_loss:2.447737, acc: 23.21, bacc: 11.00, tmp_test_f1: 0.17, f1: 5.89
epoch: 669, val_loss:2.447737, acc: 23.21, bacc: 11.00, tmp_test_f1: 0.17, f1: 5.89
epoch: 670, val_loss:2.447737, acc: 23.21, bacc: 11.00, tmp_test_f1: 0.17, f1: 5.89
epoch: 671, val_loss:2.447737, acc: 23.21, bacc: 11.00, tmp_test_f1: 0.17, f1: 5.89
epoch: 672, val_loss:2.447737, acc: 23.21, bacc: 11.00, tmp_test_f1: 0.17, f1: 5.89
epoch: 673, val_loss:2.447737, acc: 23.21, bacc: 11.00, tmp_test_f1: 0.17, f1: 5.89
epoch: 674, val_loss:2.447737, acc: 23.21, bacc: 11.00, tmp_test_f1: 0.17, f1: 5.89
epoch: 675, val_loss:2.447737, acc: 23.21, bacc: 11.00, tmp_test_f1: 0.17, f1: 5.89
epoch: 676, val_loss:2.447737, acc: 23.21, bacc: 11.00, tmp_test_f1: 0.17, f1: 5.89
epoch: 677, val_loss:2.447737, acc: 23.21, bacc: 11.00, tmp_test_f1: 0.17, f1: 5.89
epoch: 678, val_loss:2.447737, acc: 23.21, bacc: 11.00, tmp_test_f1: 0.17, f1: 5.89
epoch: 679, val_loss:2.447737, acc: 23.21, bacc: 11.00, tmp_test_f1: 0.17, f1: 5.89
epoch: 680, val_loss:2.447737, acc: 23.21, bacc: 11.00, tmp_test_f1: 0.17, f1: 5.89
epoch: 681, val_loss:2.447737, acc: 23.21, bacc: 11.00, tmp_test_f1: 0.17, f1: 5.89
epoch: 682, val_loss:2.447737, acc: 23.21, bacc: 11.00, tmp_test_f1: 0.17, f1: 5.89
epoch: 683, val_loss:2.447737, acc: 23.21, bacc: 11.00, tmp_test_f1: 0.17, f1: 5.89
epoch: 684, val_loss:2.447737, acc: 23.21, bacc: 11.00, tmp_test_f1: 0.17, f1: 5.89
epoch: 685, val_loss:2.447737, acc: 23.21, bacc: 11.00, tmp_test_f1: 0.17, f1: 5.89
epoch: 686, val_loss:2.447737, acc: 23.21, bacc: 11.00, tmp_test_f1: 0.17, f1: 5.89
epoch: 687, val_loss:2.447737, acc: 23.21, bacc: 11.00, tmp_test_f1: 0.17, f1: 5.89
epoch: 688, val_loss:2.447737, acc: 23.21, bacc: 11.00, tmp_test_f1: 0.17, f1: 5.89
epoch: 689, val_loss:2.447737, acc: 23.21, bacc: 11.00, tmp_test_f1: 0.17, f1: 5.89
epoch: 690, val_loss:2.447737, acc: 23.21, bacc: 11.00, tmp_test_f1: 0.17, f1: 5.89
epoch: 691, val_loss:2.447737, acc: 23.21, bacc: 11.00, tmp_test_f1: 0.17, f1: 5.89
epoch: 692, val_loss:2.447737, acc: 23.21, bacc: 11.00, tmp_test_f1: 0.17, f1: 5.89
epoch: 693, val_loss:2.447737, acc: 23.21, bacc: 11.00, tmp_test_f1: 0.17, f1: 5.89
epoch: 694, val_loss:2.447737, acc: 23.21, bacc: 11.00, tmp_test_f1: 0.17, f1: 5.89
epoch: 695, val_loss:2.447737, acc: 23.21, bacc: 11.00, tmp_test_f1: 0.17, f1: 5.89
epoch: 696, val_loss:2.447737, acc: 23.21, bacc: 11.00, tmp_test_f1: 0.17, f1: 5.89
epoch: 697, val_loss:2.447737, acc: 23.21, bacc: 11.00, tmp_test_f1: 0.17, f1: 5.89
epoch: 698, val_loss:2.447737, acc: 23.21, bacc: 11.00, tmp_test_f1: 0.17, f1: 5.89
epoch: 699, val_loss:2.447737, acc: 23.21, bacc: 11.00, tmp_test_f1: 0.17, f1: 5.89
epoch: 700, val_loss:2.447737, acc: 23.21, bacc: 11.00, tmp_test_f1: 0.17, f1: 5.89
epoch: 701, val_loss:2.447737, acc: 23.21, bacc: 11.00, tmp_test_f1: 0.17, f1: 5.89
epoch: 702, val_loss:2.447737, acc: 23.21, bacc: 11.00, tmp_test_f1: 0.17, f1: 5.89
epoch: 703, val_loss:2.447737, acc: 23.21, bacc: 11.00, tmp_test_f1: 0.17, f1: 5.89
epoch: 704, val_loss:2.447737, acc: 23.21, bacc: 11.00, tmp_test_f1: 0.17, f1: 5.89
epoch: 705, val_loss:2.447737, acc: 23.21, bacc: 11.00, tmp_test_f1: 0.17, f1: 5.89
epoch: 706, val_loss:2.447737, acc: 23.21, bacc: 11.00, tmp_test_f1: 0.17, f1: 5.89
epoch: 707, val_loss:2.447737, acc: 23.21, bacc: 11.00, tmp_test_f1: 0.17, f1: 5.89
epoch: 708, val_loss:2.447737, acc: 23.21, bacc: 11.00, tmp_test_f1: 0.17, f1: 5.89
epoch: 709, val_loss:2.447737, acc: 23.21, bacc: 11.00, tmp_test_f1: 0.17, f1: 5.89
epoch: 710, val_loss:2.447737, acc: 23.21, bacc: 11.00, tmp_test_f1: 0.17, f1: 5.89
epoch: 711, val_loss:2.447737, acc: 23.21, bacc: 11.00, tmp_test_f1: 0.17, f1: 5.89
epoch: 712, val_loss:2.447737, acc: 23.21, bacc: 11.00, tmp_test_f1: 0.17, f1: 5.89
epoch: 713, val_loss:2.447737, acc: 23.21, bacc: 11.00, tmp_test_f1: 0.17, f1: 5.89
epoch: 714, val_loss:2.447737, acc: 23.21, bacc: 11.00, tmp_test_f1: 0.17, f1: 5.89
epoch: 715, val_loss:2.447737, acc: 23.21, bacc: 11.00, tmp_test_f1: 0.17, f1: 5.89
epoch: 716, val_loss:2.447737, acc: 23.21, bacc: 11.00, tmp_test_f1: 0.17, f1: 5.89
epoch: 717, val_loss:2.447737, acc: 23.21, bacc: 11.00, tmp_test_f1: 0.17, f1: 5.89
epoch: 718, val_loss:2.447737, acc: 23.21, bacc: 11.00, tmp_test_f1: 0.17, f1: 5.89
epoch: 719, val_loss:2.447737, acc: 23.21, bacc: 11.00, tmp_test_f1: 0.17, f1: 5.89
epoch: 720, val_loss:2.447737, acc: 23.21, bacc: 11.00, tmp_test_f1: 0.17, f1: 5.89
epoch: 721, val_loss:2.447737, acc: 23.21, bacc: 11.00, tmp_test_f1: 0.17, f1: 5.89
epoch: 722, val_loss:2.447737, acc: 23.21, bacc: 11.00, tmp_test_f1: 0.17, f1: 5.89
epoch: 723, val_loss:2.447737, acc: 23.21, bacc: 11.00, tmp_test_f1: 0.17, f1: 5.89
epoch: 724, val_loss:2.447737, acc: 23.21, bacc: 11.00, tmp_test_f1: 0.17, f1: 5.89
epoch: 725, val_loss:2.447737, acc: 23.21, bacc: 11.00, tmp_test_f1: 0.17, f1: 5.89
epoch: 726, val_loss:2.447737, acc: 23.21, bacc: 11.00, tmp_test_f1: 0.17, f1: 5.89
epoch: 727, val_loss:2.447737, acc: 23.21, bacc: 11.00, tmp_test_f1: 0.17, f1: 5.89
epoch: 728, val_loss:2.447737, acc: 23.21, bacc: 11.00, tmp_test_f1: 0.17, f1: 5.89
epoch: 729, val_loss:2.447737, acc: 23.21, bacc: 11.00, tmp_test_f1: 0.17, f1: 5.89
epoch: 730, val_loss:2.447737, acc: 23.21, bacc: 11.00, tmp_test_f1: 0.17, f1: 5.89
epoch: 731, val_loss:2.447737, acc: 23.21, bacc: 11.00, tmp_test_f1: 0.17, f1: 5.89
epoch: 732, val_loss:2.447737, acc: 23.21, bacc: 11.00, tmp_test_f1: 0.17, f1: 5.89
epoch: 733, val_loss:2.447737, acc: 23.21, bacc: 11.00, tmp_test_f1: 0.17, f1: 5.89
epoch: 734, val_loss:2.447737, acc: 23.21, bacc: 11.00, tmp_test_f1: 0.17, f1: 5.89
epoch: 735, val_loss:2.447737, acc: 23.21, bacc: 11.00, tmp_test_f1: 0.17, f1: 5.89
epoch: 736, val_loss:2.447737, acc: 23.21, bacc: 11.00, tmp_test_f1: 0.17, f1: 5.89
epoch: 737, val_loss:2.447737, acc: 23.21, bacc: 11.00, tmp_test_f1: 0.17, f1: 5.89
epoch: 738, val_loss:2.447737, acc: 23.21, bacc: 11.00, tmp_test_f1: 0.17, f1: 5.89
epoch: 739, val_loss:2.447737, acc: 23.21, bacc: 11.00, tmp_test_f1: 0.17, f1: 5.89
epoch: 740, val_loss:2.447737, acc: 23.21, bacc: 11.00, tmp_test_f1: 0.17, f1: 5.89
epoch: 741, val_loss:2.447737, acc: 23.21, bacc: 11.00, tmp_test_f1: 0.17, f1: 5.89
epoch: 742, val_loss:2.447737, acc: 23.21, bacc: 11.00, tmp_test_f1: 0.17, f1: 5.89
epoch: 743, val_loss:2.447737, acc: 23.21, bacc: 11.00, tmp_test_f1: 0.17, f1: 5.89
epoch: 744, val_loss:2.447737, acc: 23.21, bacc: 11.00, tmp_test_f1: 0.17, f1: 5.89
epoch: 745, val_loss:2.447737, acc: 23.21, bacc: 11.00, tmp_test_f1: 0.17, f1: 5.89
epoch: 746, val_loss:2.447737, acc: 23.21, bacc: 11.00, tmp_test_f1: 0.17, f1: 5.89
epoch: 747, val_loss:2.447737, acc: 23.21, bacc: 11.00, tmp_test_f1: 0.17, f1: 5.89
epoch: 748, val_loss:2.447737, acc: 23.21, bacc: 11.00, tmp_test_f1: 0.17, f1: 5.89
epoch: 749, val_loss:2.447737, acc: 23.21, bacc: 11.00, tmp_test_f1: 0.17, f1: 5.89
epoch: 750, val_loss:2.447737, acc: 23.21, bacc: 11.00, tmp_test_f1: 0.17, f1: 5.89
epoch: 751, val_loss:2.447737, acc: 23.21, bacc: 11.00, tmp_test_f1: 0.17, f1: 5.89
epoch: 752, val_loss:2.447737, acc: 23.21, bacc: 11.00, tmp_test_f1: 0.17, f1: 5.89
epoch: 753, val_loss:2.447737, acc: 23.21, bacc: 11.00, tmp_test_f1: 0.17, f1: 5.89
epoch: 754, val_loss:2.447737, acc: 23.21, bacc: 11.00, tmp_test_f1: 0.17, f1: 5.89
epoch: 755, val_loss:2.447737, acc: 23.21, bacc: 11.00, tmp_test_f1: 0.17, f1: 5.89
epoch: 756, val_loss:2.447737, acc: 23.21, bacc: 11.00, tmp_test_f1: 0.17, f1: 5.89
epoch: 757, val_loss:2.447737, acc: 23.21, bacc: 11.00, tmp_test_f1: 0.17, f1: 5.89
epoch: 758, val_loss:2.447737, acc: 23.21, bacc: 11.00, tmp_test_f1: 0.17, f1: 5.89
epoch: 759, val_loss:2.447737, acc: 23.21, bacc: 11.00, tmp_test_f1: 0.17, f1: 5.89
epoch: 760, val_loss:2.447737, acc: 23.21, bacc: 11.00, tmp_test_f1: 0.17, f1: 5.89
epoch: 761, val_loss:2.447737, acc: 23.21, bacc: 11.00, tmp_test_f1: 0.17, f1: 5.89
epoch: 762, val_loss:2.447737, acc: 23.21, bacc: 11.00, tmp_test_f1: 0.17, f1: 5.89
epoch: 763, val_loss:2.447737, acc: 23.21, bacc: 11.00, tmp_test_f1: 0.17, f1: 5.89
epoch: 764, val_loss:2.447737, acc: 23.21, bacc: 11.00, tmp_test_f1: 0.17, f1: 5.89
epoch: 765, val_loss:2.447737, acc: 23.21, bacc: 11.00, tmp_test_f1: 0.17, f1: 5.89
epoch: 766, val_loss:2.447737, acc: 23.21, bacc: 11.00, tmp_test_f1: 0.17, f1: 5.89
epoch: 767, val_loss:2.447737, acc: 23.21, bacc: 11.00, tmp_test_f1: 0.17, f1: 5.89
epoch: 768, val_loss:2.447737, acc: 23.21, bacc: 11.00, tmp_test_f1: 0.17, f1: 5.89
epoch: 769, val_loss:2.447737, acc: 23.21, bacc: 11.00, tmp_test_f1: 0.17, f1: 5.89
epoch: 770, val_loss:2.447737, acc: 23.21, bacc: 11.00, tmp_test_f1: 0.17, f1: 5.89
epoch: 771, val_loss:2.447737, acc: 23.21, bacc: 11.00, tmp_test_f1: 0.17, f1: 5.89
epoch: 772, val_loss:2.447737, acc: 23.21, bacc: 11.00, tmp_test_f1: 0.17, f1: 5.89
epoch: 773, val_loss:2.447737, acc: 23.21, bacc: 11.00, tmp_test_f1: 0.17, f1: 5.89
epoch: 774, val_loss:2.447737, acc: 23.21, bacc: 11.00, tmp_test_f1: 0.17, f1: 5.89
epoch: 775, val_loss:2.447737, acc: 23.21, bacc: 11.00, tmp_test_f1: 0.17, f1: 5.89
epoch: 776, val_loss:2.447737, acc: 23.21, bacc: 11.00, tmp_test_f1: 0.17, f1: 5.89
epoch: 777, val_loss:2.447737, acc: 23.21, bacc: 11.00, tmp_test_f1: 0.17, f1: 5.89
epoch: 778, val_loss:2.447737, acc: 23.21, bacc: 11.00, tmp_test_f1: 0.17, f1: 5.89
epoch: 779, val_loss:2.447737, acc: 23.21, bacc: 11.00, tmp_test_f1: 0.17, f1: 5.89
epoch: 780, val_loss:2.447737, acc: 23.21, bacc: 11.00, tmp_test_f1: 0.17, f1: 5.89
epoch: 781, val_loss:2.447737, acc: 23.21, bacc: 11.00, tmp_test_f1: 0.17, f1: 5.89
epoch: 782, val_loss:2.447737, acc: 23.21, bacc: 11.00, tmp_test_f1: 0.17, f1: 5.89
epoch: 783, val_loss:2.447737, acc: 23.21, bacc: 11.00, tmp_test_f1: 0.17, f1: 5.89
epoch: 784, val_loss:2.447737, acc: 23.21, bacc: 11.00, tmp_test_f1: 0.17, f1: 5.89
epoch: 785, val_loss:2.447737, acc: 23.21, bacc: 11.00, tmp_test_f1: 0.17, f1: 5.89
epoch: 786, val_loss:2.447737, acc: 23.21, bacc: 11.00, tmp_test_f1: 0.17, f1: 5.89
epoch: 787, val_loss:2.447737, acc: 23.21, bacc: 11.00, tmp_test_f1: 0.17, f1: 5.89
epoch: 788, val_loss:2.447737, acc: 23.21, bacc: 11.00, tmp_test_f1: 0.17, f1: 5.89
epoch: 789, val_loss:2.447737, acc: 23.21, bacc: 11.00, tmp_test_f1: 0.17, f1: 5.89
epoch: 790, val_loss:2.447737, acc: 23.21, bacc: 11.00, tmp_test_f1: 0.17, f1: 5.89
epoch: 791, val_loss:2.447737, acc: 23.21, bacc: 11.00, tmp_test_f1: 0.17, f1: 5.89
epoch: 792, val_loss:2.447737, acc: 23.21, bacc: 11.00, tmp_test_f1: 0.17, f1: 5.89
epoch: 793, val_loss:2.447737, acc: 23.21, bacc: 11.00, tmp_test_f1: 0.17, f1: 5.89
epoch: 794, val_loss:2.447737, acc: 23.21, bacc: 11.00, tmp_test_f1: 0.17, f1: 5.89
epoch: 795, val_loss:2.447737, acc: 23.21, bacc: 11.00, tmp_test_f1: 0.17, f1: 5.89
epoch: 796, val_loss:2.447737, acc: 23.21, bacc: 11.00, tmp_test_f1: 0.17, f1: 5.89
epoch: 797, val_loss:2.447737, acc: 23.21, bacc: 11.00, tmp_test_f1: 0.17, f1: 5.89
epoch: 798, val_loss:2.447737, acc: 23.21, bacc: 11.00, tmp_test_f1: 0.17, f1: 5.89
epoch: 799, val_loss:2.447737, acc: 23.21, bacc: 11.00, tmp_test_f1: 0.17, f1: 5.89
epoch: 800, val_loss:2.447737, acc: 23.21, bacc: 11.00, tmp_test_f1: 0.17, f1: 5.89
epoch: 801, val_loss:2.447737, acc: 23.21, bacc: 11.00, tmp_test_f1: 0.17, f1: 5.89
epoch: 802, val_loss:2.447737, acc: 23.21, bacc: 11.00, tmp_test_f1: 0.17, f1: 5.89
epoch: 803, val_loss:2.447737, acc: 23.21, bacc: 11.00, tmp_test_f1: 0.17, f1: 5.89
APPNP Amazon-Computers 100 Aug -1 EndEpoch 803 lr 0.1
SHAsplit  0, acc: 23.21, bacc: 11.00, f1: 5.89
