CUDA Device Index: 2
Namespace(IsDirectedData=False, AugDirect=2311, net='APPNP', GPUdevice=2, seed=100, undirect_dataset='Amazon-Computers', Direct_dataset='WikipediaNetwork/squirrel', imb_ratio=100, dropout=0.1, num_filter=2, layer=2, alpha=0.1, K=2, feat_dim=64, warmup=5, epoch=1500, lr=0.1, l2=0.0005, tau=2, max=False, no_mask=False, gdc='ppr', heads=8, log_root='../logs/', log_path='test', data_path='../dataset/data/tmp/')
APPNP_ModelBen(
  (line1): Linear(in_features=767, out_features=2, bias=True)
  (line2): Linear(in_features=2, out_features=2, bias=True)
  (conv1): APPNP(K=10, alpha=0.1)
  (conv2): APPNP(K=10, alpha=0.1)
  (Conv): Conv1d(2, 10, kernel_size=(1,), stride=(1,))
)
test_f1 CountNotImproved reset to 0 in epoch 0
epoch:   0, val_loss:2.390158, acc: 3.11, bacc: 10.03, tmp_test_f1: 0.66, f1: 0.66
test_f1 CountNotImproved reset to 0 in epoch 1
epoch:   1, val_loss:2.398376, acc: 20.18, bacc: 10.66, tmp_test_f1: 4.83, f1: 4.83
test_f1 CountNotImproved reset to 0 in epoch 2
epoch:   2, val_loss:2.442399, acc: 23.21, bacc: 11.00, tmp_test_f1: 5.89, f1: 5.89
epoch:   3, val_loss:2.520634, acc: 23.21, bacc: 11.00, tmp_test_f1: 3.10, f1: 5.89
epoch:   4, val_loss:2.635915, acc: 23.21, bacc: 11.00, tmp_test_f1: 3.19, f1: 5.89
epoch:   5, val_loss:2.795862, acc: 23.21, bacc: 11.00, tmp_test_f1: 3.19, f1: 5.89
epoch:   6, val_loss:2.941254, acc: 23.21, bacc: 11.00, tmp_test_f1: 2.68, f1: 5.89
epoch:   7, val_loss:2.922400, acc: 23.21, bacc: 11.00, tmp_test_f1: 1.82, f1: 5.89
epoch:   8, val_loss:2.846921, acc: 23.21, bacc: 11.00, tmp_test_f1: 0.58, f1: 5.89
epoch:   9, val_loss:2.755364, acc: 23.21, bacc: 11.00, tmp_test_f1: 0.17, f1: 5.89
epoch:  10, val_loss:2.664045, acc: 23.21, bacc: 11.00, tmp_test_f1: 0.17, f1: 5.89
epoch:  11, val_loss:2.588521, acc: 23.21, bacc: 11.00, tmp_test_f1: 0.17, f1: 5.89
epoch:  12, val_loss:2.534153, acc: 23.21, bacc: 11.00, tmp_test_f1: 0.17, f1: 5.89
epoch:  13, val_loss:2.498542, acc: 23.21, bacc: 11.00, tmp_test_f1: 0.17, f1: 5.89
epoch:  14, val_loss:2.477456, acc: 23.21, bacc: 11.00, tmp_test_f1: 0.17, f1: 5.89
epoch:  15, val_loss:2.462248, acc: 23.21, bacc: 11.00, tmp_test_f1: 0.17, f1: 5.89
epoch:  16, val_loss:2.455290, acc: 23.21, bacc: 11.00, tmp_test_f1: 0.17, f1: 5.89
epoch:  17, val_loss:2.454949, acc: 23.21, bacc: 11.00, tmp_test_f1: 0.17, f1: 5.89
epoch:  18, val_loss:2.456554, acc: 23.21, bacc: 11.00, tmp_test_f1: 0.17, f1: 5.89
epoch:  19, val_loss:2.459204, acc: 23.21, bacc: 11.00, tmp_test_f1: 0.17, f1: 5.89
epoch:  20, val_loss:2.462181, acc: 23.21, bacc: 11.00, tmp_test_f1: 0.17, f1: 5.89
epoch:  21, val_loss:2.464895, acc: 23.21, bacc: 11.00, tmp_test_f1: 0.17, f1: 5.89
epoch:  22, val_loss:2.466972, acc: 23.21, bacc: 11.00, tmp_test_f1: 0.17, f1: 5.89
epoch:  23, val_loss:2.468191, acc: 23.21, bacc: 11.00, tmp_test_f1: 0.17, f1: 5.89
epoch:  24, val_loss:2.468405, acc: 23.21, bacc: 11.00, tmp_test_f1: 0.17, f1: 5.89
epoch:  25, val_loss:2.467686, acc: 23.21, bacc: 11.00, tmp_test_f1: 0.17, f1: 5.89
epoch:  26, val_loss:2.466165, acc: 23.21, bacc: 11.00, tmp_test_f1: 0.17, f1: 5.89
epoch:  27, val_loss:2.463998, acc: 23.21, bacc: 11.00, tmp_test_f1: 0.17, f1: 5.89
epoch:  28, val_loss:2.461383, acc: 23.21, bacc: 11.00, tmp_test_f1: 0.17, f1: 5.89
epoch:  29, val_loss:2.458637, acc: 23.21, bacc: 11.00, tmp_test_f1: 0.17, f1: 5.89
epoch:  30, val_loss:2.455955, acc: 23.21, bacc: 11.00, tmp_test_f1: 0.17, f1: 5.89
epoch:  31, val_loss:2.453501, acc: 23.21, bacc: 11.00, tmp_test_f1: 0.17, f1: 5.89
epoch:  32, val_loss:2.451282, acc: 23.21, bacc: 11.00, tmp_test_f1: 0.17, f1: 5.89
epoch:  33, val_loss:2.449562, acc: 23.21, bacc: 11.00, tmp_test_f1: 0.17, f1: 5.89
epoch:  34, val_loss:2.448492, acc: 23.21, bacc: 11.00, tmp_test_f1: 0.17, f1: 5.89
epoch:  35, val_loss:2.448056, acc: 23.21, bacc: 11.00, tmp_test_f1: 0.17, f1: 5.89
epoch:  36, val_loss:2.448491, acc: 23.21, bacc: 11.00, tmp_test_f1: 0.17, f1: 5.89
epoch:  37, val_loss:2.449539, acc: 23.21, bacc: 11.00, tmp_test_f1: 0.19, f1: 5.89
epoch:  38, val_loss:2.451164, acc: 23.21, bacc: 11.00, tmp_test_f1: 0.21, f1: 5.89
epoch:  39, val_loss:2.453279, acc: 23.21, bacc: 11.00, tmp_test_f1: 0.21, f1: 5.89
epoch:  40, val_loss:2.455794, acc: 23.21, bacc: 11.00, tmp_test_f1: 0.21, f1: 5.89
epoch:  41, val_loss:2.458334, acc: 23.21, bacc: 11.00, tmp_test_f1: 0.21, f1: 5.89
epoch:  42, val_loss:2.461092, acc: 23.21, bacc: 11.00, tmp_test_f1: 0.21, f1: 5.89
epoch:  43, val_loss:2.463557, acc: 23.21, bacc: 11.00, tmp_test_f1: 0.21, f1: 5.89
epoch:  44, val_loss:2.465749, acc: 23.21, bacc: 11.00, tmp_test_f1: 0.21, f1: 5.89
epoch:  45, val_loss:2.467477, acc: 23.21, bacc: 11.00, tmp_test_f1: 0.21, f1: 5.89
epoch:  46, val_loss:2.468637, acc: 23.21, bacc: 11.00, tmp_test_f1: 0.21, f1: 5.89
epoch:  47, val_loss:2.469155, acc: 23.21, bacc: 11.00, tmp_test_f1: 0.21, f1: 5.89
epoch:  48, val_loss:2.469054, acc: 23.21, bacc: 11.00, tmp_test_f1: 0.21, f1: 5.89
epoch:  49, val_loss:2.468356, acc: 23.21, bacc: 11.00, tmp_test_f1: 0.21, f1: 5.89
epoch:  50, val_loss:2.467256, acc: 23.21, bacc: 11.00, tmp_test_f1: 0.21, f1: 5.89
epoch:  51, val_loss:2.465789, acc: 23.21, bacc: 11.00, tmp_test_f1: 0.21, f1: 5.89
epoch:  52, val_loss:2.464222, acc: 23.21, bacc: 11.00, tmp_test_f1: 0.21, f1: 5.89
epoch:  53, val_loss:2.462439, acc: 23.21, bacc: 11.00, tmp_test_f1: 0.21, f1: 5.89
epoch:  54, val_loss:2.461174, acc: 23.21, bacc: 11.00, tmp_test_f1: 0.27, f1: 5.89
epoch:  55, val_loss:2.460628, acc: 23.21, bacc: 11.00, tmp_test_f1: 0.27, f1: 5.89
epoch:  56, val_loss:2.461109, acc: 23.21, bacc: 11.00, tmp_test_f1: 0.27, f1: 5.89
epoch:  57, val_loss:2.462785, acc: 23.21, bacc: 11.00, tmp_test_f1: 0.31, f1: 5.89
epoch:  58, val_loss:2.465130, acc: 23.21, bacc: 11.00, tmp_test_f1: 0.30, f1: 5.89
epoch:  59, val_loss:2.468415, acc: 23.21, bacc: 11.00, tmp_test_f1: 0.30, f1: 5.89
epoch:  60, val_loss:2.472373, acc: 23.21, bacc: 11.00, tmp_test_f1: 0.27, f1: 5.89
epoch:  61, val_loss:2.476548, acc: 23.21, bacc: 11.00, tmp_test_f1: 0.27, f1: 5.89
epoch:  62, val_loss:2.480581, acc: 23.21, bacc: 11.00, tmp_test_f1: 0.27, f1: 5.89
epoch:  63, val_loss:2.484655, acc: 23.21, bacc: 11.00, tmp_test_f1: 0.27, f1: 5.89
epoch:  64, val_loss:2.487105, acc: 23.21, bacc: 11.00, tmp_test_f1: 0.27, f1: 5.89
epoch:  65, val_loss:2.489260, acc: 23.21, bacc: 11.00, tmp_test_f1: 0.27, f1: 5.89
epoch:  66, val_loss:2.490813, acc: 23.21, bacc: 11.00, tmp_test_f1: 0.27, f1: 5.89
epoch:  67, val_loss:2.491760, acc: 23.21, bacc: 11.00, tmp_test_f1: 0.30, f1: 5.89
epoch:  68, val_loss:2.490899, acc: 23.21, bacc: 11.00, tmp_test_f1: 0.31, f1: 5.89
epoch:  69, val_loss:2.491191, acc: 23.21, bacc: 11.00, tmp_test_f1: 0.32, f1: 5.89
epoch:  70, val_loss:2.491100, acc: 23.21, bacc: 11.00, tmp_test_f1: 0.34, f1: 5.89
epoch:  71, val_loss:2.491826, acc: 23.21, bacc: 11.00, tmp_test_f1: 0.34, f1: 5.89
epoch:  72, val_loss:2.493399, acc: 23.21, bacc: 11.00, tmp_test_f1: 0.34, f1: 5.89
epoch:  73, val_loss:2.495189, acc: 23.21, bacc: 11.00, tmp_test_f1: 0.34, f1: 5.89
epoch:  74, val_loss:2.496819, acc: 23.21, bacc: 11.00, tmp_test_f1: 0.35, f1: 5.89
epoch:  75, val_loss:2.499303, acc: 23.21, bacc: 11.00, tmp_test_f1: 0.35, f1: 5.89
epoch:  76, val_loss:2.501402, acc: 23.21, bacc: 11.00, tmp_test_f1: 0.35, f1: 5.89
epoch:  77, val_loss:2.503952, acc: 23.21, bacc: 11.00, tmp_test_f1: 0.35, f1: 5.89
epoch:  78, val_loss:2.506256, acc: 23.21, bacc: 11.00, tmp_test_f1: 0.35, f1: 5.89
epoch:  79, val_loss:2.508035, acc: 23.21, bacc: 11.00, tmp_test_f1: 0.34, f1: 5.89
epoch:  80, val_loss:2.509395, acc: 23.21, bacc: 11.00, tmp_test_f1: 0.34, f1: 5.89
epoch:  81, val_loss:2.510852, acc: 23.21, bacc: 11.00, tmp_test_f1: 0.31, f1: 5.89
epoch:  82, val_loss:2.511839, acc: 23.21, bacc: 11.00, tmp_test_f1: 0.31, f1: 5.89
epoch:  83, val_loss:2.510704, acc: 23.21, bacc: 11.00, tmp_test_f1: 0.31, f1: 5.89
epoch:  84, val_loss:2.508862, acc: 23.21, bacc: 11.00, tmp_test_f1: 0.31, f1: 5.89
epoch:  85, val_loss:2.506291, acc: 23.21, bacc: 11.00, tmp_test_f1: 0.31, f1: 5.89
epoch:  86, val_loss:2.503007, acc: 23.21, bacc: 11.00, tmp_test_f1: 0.34, f1: 5.89
epoch:  87, val_loss:2.501030, acc: 23.21, bacc: 11.00, tmp_test_f1: 0.34, f1: 5.89
epoch:  88, val_loss:2.500576, acc: 23.21, bacc: 11.00, tmp_test_f1: 0.34, f1: 5.89
epoch:  89, val_loss:2.502441, acc: 23.21, bacc: 11.00, tmp_test_f1: 0.34, f1: 5.89
epoch:  90, val_loss:2.503973, acc: 23.21, bacc: 11.00, tmp_test_f1: 0.34, f1: 5.89
epoch:  91, val_loss:2.507648, acc: 23.21, bacc: 11.00, tmp_test_f1: 0.34, f1: 5.89
epoch:  92, val_loss:2.510373, acc: 23.21, bacc: 11.00, tmp_test_f1: 0.35, f1: 5.89
epoch:  93, val_loss:2.513128, acc: 23.21, bacc: 11.00, tmp_test_f1: 0.35, f1: 5.89
epoch:  94, val_loss:2.516773, acc: 23.21, bacc: 11.00, tmp_test_f1: 0.35, f1: 5.89
epoch:  95, val_loss:2.519486, acc: 23.21, bacc: 11.00, tmp_test_f1: 0.35, f1: 5.89
epoch:  96, val_loss:2.521581, acc: 23.21, bacc: 11.00, tmp_test_f1: 0.36, f1: 5.89
epoch:  97, val_loss:2.522351, acc: 23.21, bacc: 11.00, tmp_test_f1: 0.36, f1: 5.89
epoch:  98, val_loss:2.521385, acc: 23.21, bacc: 11.00, tmp_test_f1: 0.36, f1: 5.89
epoch:  99, val_loss:2.521644, acc: 23.21, bacc: 11.00, tmp_test_f1: 0.36, f1: 5.89
epoch: 100, val_loss:2.522545, acc: 23.21, bacc: 11.00, tmp_test_f1: 0.36, f1: 5.89
epoch: 101, val_loss:2.521765, acc: 23.21, bacc: 11.00, tmp_test_f1: 0.35, f1: 5.89
epoch: 102, val_loss:2.521166, acc: 23.21, bacc: 11.00, tmp_test_f1: 0.35, f1: 5.89
epoch: 103, val_loss:2.520712, acc: 23.21, bacc: 11.00, tmp_test_f1: 0.35, f1: 5.89
epoch: 104, val_loss:2.520423, acc: 23.21, bacc: 11.00, tmp_test_f1: 0.35, f1: 5.89
epoch: 105, val_loss:2.519759, acc: 23.21, bacc: 11.00, tmp_test_f1: 0.35, f1: 5.89
epoch: 106, val_loss:2.519015, acc: 23.21, bacc: 11.00, tmp_test_f1: 0.35, f1: 5.89
epoch: 107, val_loss:2.518708, acc: 23.21, bacc: 11.00, tmp_test_f1: 0.35, f1: 5.89
epoch: 108, val_loss:2.518586, acc: 23.21, bacc: 11.00, tmp_test_f1: 0.36, f1: 5.89
epoch: 109, val_loss:2.519622, acc: 23.21, bacc: 11.00, tmp_test_f1: 0.36, f1: 5.89
epoch: 110, val_loss:2.521249, acc: 23.21, bacc: 11.00, tmp_test_f1: 0.38, f1: 5.89
epoch: 111, val_loss:2.522628, acc: 23.21, bacc: 11.00, tmp_test_f1: 0.39, f1: 5.89
epoch: 112, val_loss:2.523368, acc: 23.21, bacc: 11.00, tmp_test_f1: 0.39, f1: 5.89
epoch: 113, val_loss:2.525015, acc: 23.21, bacc: 11.00, tmp_test_f1: 0.39, f1: 5.89
epoch: 114, val_loss:2.527523, acc: 23.21, bacc: 11.00, tmp_test_f1: 0.39, f1: 5.89
epoch: 115, val_loss:2.527661, acc: 23.21, bacc: 11.00, tmp_test_f1: 0.39, f1: 5.89
epoch: 116, val_loss:2.528841, acc: 23.21, bacc: 11.00, tmp_test_f1: 0.39, f1: 5.89
epoch: 117, val_loss:2.530131, acc: 23.21, bacc: 11.00, tmp_test_f1: 0.39, f1: 5.89
epoch: 118, val_loss:2.529628, acc: 23.21, bacc: 11.00, tmp_test_f1: 0.39, f1: 5.89
epoch: 119, val_loss:2.528928, acc: 23.21, bacc: 11.00, tmp_test_f1: 0.39, f1: 5.89
epoch: 120, val_loss:2.527544, acc: 23.21, bacc: 11.00, tmp_test_f1: 0.39, f1: 5.89
epoch: 121, val_loss:2.525704, acc: 23.21, bacc: 11.00, tmp_test_f1: 0.36, f1: 5.89
epoch: 122, val_loss:2.524876, acc: 23.21, bacc: 11.00, tmp_test_f1: 0.35, f1: 5.89
epoch: 123, val_loss:2.522277, acc: 23.21, bacc: 11.00, tmp_test_f1: 0.35, f1: 5.89
epoch: 124, val_loss:2.520813, acc: 23.21, bacc: 11.00, tmp_test_f1: 0.36, f1: 5.89
epoch: 125, val_loss:2.519893, acc: 23.21, bacc: 11.00, tmp_test_f1: 0.36, f1: 5.89
epoch: 126, val_loss:2.522753, acc: 23.21, bacc: 11.00, tmp_test_f1: 0.36, f1: 5.89
epoch: 127, val_loss:2.526812, acc: 23.21, bacc: 11.00, tmp_test_f1: 0.36, f1: 5.89
epoch: 128, val_loss:2.532803, acc: 23.21, bacc: 11.00, tmp_test_f1: 0.39, f1: 5.89
epoch: 129, val_loss:2.538016, acc: 23.21, bacc: 11.00, tmp_test_f1: 0.39, f1: 5.89
epoch: 130, val_loss:2.540957, acc: 23.21, bacc: 11.00, tmp_test_f1: 0.39, f1: 5.89
epoch: 131, val_loss:2.539626, acc: 23.21, bacc: 11.00, tmp_test_f1: 0.43, f1: 5.89
epoch: 132, val_loss:2.535487, acc: 23.21, bacc: 11.00, tmp_test_f1: 0.42, f1: 5.89
epoch: 133, val_loss:2.530468, acc: 23.21, bacc: 11.00, tmp_test_f1: 0.45, f1: 5.89
epoch: 134, val_loss:2.527022, acc: 23.21, bacc: 11.00, tmp_test_f1: 0.45, f1: 5.89
epoch: 135, val_loss:2.523890, acc: 23.21, bacc: 11.00, tmp_test_f1: 0.45, f1: 5.89
epoch: 136, val_loss:2.522864, acc: 23.21, bacc: 11.00, tmp_test_f1: 0.42, f1: 5.89
epoch: 137, val_loss:2.522447, acc: 23.21, bacc: 11.00, tmp_test_f1: 0.39, f1: 5.89
epoch: 138, val_loss:2.522882, acc: 23.21, bacc: 11.00, tmp_test_f1: 0.39, f1: 5.89
epoch: 139, val_loss:2.523953, acc: 23.21, bacc: 11.00, tmp_test_f1: 0.36, f1: 5.89
epoch: 140, val_loss:2.525110, acc: 23.21, bacc: 11.00, tmp_test_f1: 0.38, f1: 5.89
epoch: 141, val_loss:2.524492, acc: 23.21, bacc: 11.00, tmp_test_f1: 0.39, f1: 5.89
epoch: 142, val_loss:2.523451, acc: 23.21, bacc: 11.00, tmp_test_f1: 0.39, f1: 5.89
epoch: 143, val_loss:2.523997, acc: 23.21, bacc: 11.00, tmp_test_f1: 0.42, f1: 5.89
epoch: 144, val_loss:2.523271, acc: 23.21, bacc: 11.00, tmp_test_f1: 0.46, f1: 5.89
epoch: 145, val_loss:2.520819, acc: 23.21, bacc: 11.00, tmp_test_f1: 0.46, f1: 5.89
epoch: 146, val_loss:2.522916, acc: 23.21, bacc: 11.00, tmp_test_f1: 0.46, f1: 5.89
epoch: 147, val_loss:2.527845, acc: 23.21, bacc: 11.00, tmp_test_f1: 0.46, f1: 5.89
epoch: 148, val_loss:2.534614, acc: 23.21, bacc: 11.00, tmp_test_f1: 0.45, f1: 5.89
epoch: 149, val_loss:2.539361, acc: 23.21, bacc: 11.00, tmp_test_f1: 0.45, f1: 5.89
epoch: 150, val_loss:2.539699, acc: 23.21, bacc: 11.00, tmp_test_f1: 0.45, f1: 5.89
epoch: 151, val_loss:2.535478, acc: 23.21, bacc: 11.00, tmp_test_f1: 0.45, f1: 5.89
epoch: 152, val_loss:2.530047, acc: 23.21, bacc: 11.00, tmp_test_f1: 0.45, f1: 5.89
epoch: 153, val_loss:2.523940, acc: 23.21, bacc: 11.00, tmp_test_f1: 0.45, f1: 5.89
epoch: 154, val_loss:2.521389, acc: 23.21, bacc: 11.00, tmp_test_f1: 0.42, f1: 5.89
epoch: 155, val_loss:2.522876, acc: 23.21, bacc: 11.00, tmp_test_f1: 0.39, f1: 5.89
epoch: 156, val_loss:2.527011, acc: 23.21, bacc: 11.00, tmp_test_f1: 0.39, f1: 5.89
epoch: 157, val_loss:2.532995, acc: 23.21, bacc: 11.00, tmp_test_f1: 0.39, f1: 5.89
epoch: 158, val_loss:2.539494, acc: 23.21, bacc: 11.00, tmp_test_f1: 0.41, f1: 5.89
epoch: 159, val_loss:2.542432, acc: 23.21, bacc: 11.00, tmp_test_f1: 0.42, f1: 5.89
epoch: 160, val_loss:2.539263, acc: 23.21, bacc: 11.00, tmp_test_f1: 0.45, f1: 5.89
epoch: 161, val_loss:2.530163, acc: 23.21, bacc: 11.00, tmp_test_f1: 0.46, f1: 5.89
epoch: 162, val_loss:2.521325, acc: 23.21, bacc: 11.00, tmp_test_f1: 0.45, f1: 5.89
epoch: 163, val_loss:2.517547, acc: 23.21, bacc: 11.00, tmp_test_f1: 0.39, f1: 5.89
epoch: 164, val_loss:2.519223, acc: 23.21, bacc: 11.00, tmp_test_f1: 0.35, f1: 5.89
epoch: 165, val_loss:2.523880, acc: 23.21, bacc: 11.00, tmp_test_f1: 0.34, f1: 5.89
epoch: 166, val_loss:2.532108, acc: 23.21, bacc: 11.00, tmp_test_f1: 0.34, f1: 5.89
epoch: 167, val_loss:2.536871, acc: 23.21, bacc: 11.00, tmp_test_f1: 0.35, f1: 5.89
epoch: 168, val_loss:2.534162, acc: 23.21, bacc: 11.00, tmp_test_f1: 0.39, f1: 5.89
epoch: 169, val_loss:2.531294, acc: 23.21, bacc: 11.00, tmp_test_f1: 0.45, f1: 5.89
epoch: 170, val_loss:2.531632, acc: 23.21, bacc: 11.00, tmp_test_f1: 0.42, f1: 5.89
epoch: 171, val_loss:2.533345, acc: 23.21, bacc: 11.00, tmp_test_f1: 0.39, f1: 5.89
epoch: 172, val_loss:2.533446, acc: 23.21, bacc: 11.00, tmp_test_f1: 0.38, f1: 5.89
epoch: 173, val_loss:2.529655, acc: 23.21, bacc: 11.00, tmp_test_f1: 0.35, f1: 5.89
epoch: 174, val_loss:2.525807, acc: 23.21, bacc: 11.00, tmp_test_f1: 0.35, f1: 5.89
epoch: 175, val_loss:2.519799, acc: 23.21, bacc: 11.00, tmp_test_f1: 0.36, f1: 5.89
epoch: 176, val_loss:2.514373, acc: 23.21, bacc: 11.00, tmp_test_f1: 0.41, f1: 5.89
epoch: 177, val_loss:2.510482, acc: 23.21, bacc: 11.00, tmp_test_f1: 0.41, f1: 5.89
epoch: 178, val_loss:2.515915, acc: 23.21, bacc: 11.00, tmp_test_f1: 0.39, f1: 5.89
epoch: 179, val_loss:2.523585, acc: 23.21, bacc: 11.00, tmp_test_f1: 0.35, f1: 5.89
epoch: 180, val_loss:2.534508, acc: 23.21, bacc: 11.00, tmp_test_f1: 0.35, f1: 5.89
epoch: 181, val_loss:2.540411, acc: 23.21, bacc: 11.00, tmp_test_f1: 0.35, f1: 5.89
epoch: 182, val_loss:2.540977, acc: 23.21, bacc: 11.00, tmp_test_f1: 0.39, f1: 5.89
epoch: 183, val_loss:2.529803, acc: 23.21, bacc: 11.00, tmp_test_f1: 0.45, f1: 5.89
epoch: 184, val_loss:2.518768, acc: 23.21, bacc: 11.00, tmp_test_f1: 0.46, f1: 5.89
epoch: 185, val_loss:2.510578, acc: 23.21, bacc: 11.00, tmp_test_f1: 0.46, f1: 5.89
epoch: 186, val_loss:2.508889, acc: 23.21, bacc: 11.00, tmp_test_f1: 0.45, f1: 5.89
epoch: 187, val_loss:2.510855, acc: 23.21, bacc: 11.00, tmp_test_f1: 0.39, f1: 5.89
epoch: 188, val_loss:2.517205, acc: 23.21, bacc: 11.00, tmp_test_f1: 0.34, f1: 5.89
epoch: 189, val_loss:2.527236, acc: 23.21, bacc: 11.00, tmp_test_f1: 0.31, f1: 5.89
epoch: 190, val_loss:2.534409, acc: 23.21, bacc: 11.00, tmp_test_f1: 0.31, f1: 5.89
epoch: 191, val_loss:2.535726, acc: 23.21, bacc: 11.00, tmp_test_f1: 0.35, f1: 5.89
epoch: 192, val_loss:2.530713, acc: 23.21, bacc: 11.00, tmp_test_f1: 0.39, f1: 5.89
epoch: 193, val_loss:2.522950, acc: 23.21, bacc: 11.00, tmp_test_f1: 0.45, f1: 5.89
epoch: 194, val_loss:2.515862, acc: 23.21, bacc: 11.00, tmp_test_f1: 0.45, f1: 5.89
epoch: 195, val_loss:2.514471, acc: 23.21, bacc: 11.00, tmp_test_f1: 0.42, f1: 5.89
epoch: 196, val_loss:2.515554, acc: 23.21, bacc: 11.00, tmp_test_f1: 0.39, f1: 5.89
epoch: 197, val_loss:2.517421, acc: 23.21, bacc: 11.00, tmp_test_f1: 0.39, f1: 5.89
epoch: 198, val_loss:2.517946, acc: 23.21, bacc: 11.00, tmp_test_f1: 0.39, f1: 5.89
epoch: 199, val_loss:2.517776, acc: 23.21, bacc: 11.00, tmp_test_f1: 0.45, f1: 5.89
epoch: 200, val_loss:2.517302, acc: 23.21, bacc: 11.00, tmp_test_f1: 0.45, f1: 5.89
Epoch 00201: reducing learning rate of group 0 to 5.0000e-02.
epoch: 201, val_loss:2.519619, acc: 23.21, bacc: 11.00, tmp_test_f1: 0.40, f1: 5.89
epoch: 202, val_loss:2.523817, acc: 23.21, bacc: 11.00, tmp_test_f1: 0.39, f1: 5.89
epoch: 203, val_loss:2.526483, acc: 23.21, bacc: 11.00, tmp_test_f1: 0.36, f1: 5.89
epoch: 204, val_loss:2.529806, acc: 23.21, bacc: 11.00, tmp_test_f1: 0.35, f1: 5.89
epoch: 205, val_loss:2.532826, acc: 23.21, bacc: 11.00, tmp_test_f1: 0.35, f1: 5.89
epoch: 206, val_loss:2.533783, acc: 23.21, bacc: 11.00, tmp_test_f1: 0.35, f1: 5.89
epoch: 207, val_loss:2.533188, acc: 23.21, bacc: 11.00, tmp_test_f1: 0.36, f1: 5.89
epoch: 208, val_loss:2.530678, acc: 23.21, bacc: 11.00, tmp_test_f1: 0.36, f1: 5.89
epoch: 209, val_loss:2.528375, acc: 23.21, bacc: 11.00, tmp_test_f1: 0.39, f1: 5.89
epoch: 210, val_loss:2.527210, acc: 23.21, bacc: 11.00, tmp_test_f1: 0.40, f1: 5.89
epoch: 211, val_loss:2.525693, acc: 23.21, bacc: 11.00, tmp_test_f1: 0.41, f1: 5.89
epoch: 212, val_loss:2.525864, acc: 23.21, bacc: 11.00, tmp_test_f1: 0.43, f1: 5.89
epoch: 213, val_loss:2.525560, acc: 23.21, bacc: 11.00, tmp_test_f1: 0.41, f1: 5.89
epoch: 214, val_loss:2.527826, acc: 23.21, bacc: 11.00, tmp_test_f1: 0.39, f1: 5.89
epoch: 215, val_loss:2.527982, acc: 23.21, bacc: 11.00, tmp_test_f1: 0.39, f1: 5.89
epoch: 216, val_loss:2.528005, acc: 23.21, bacc: 11.00, tmp_test_f1: 0.39, f1: 5.89
epoch: 217, val_loss:2.527001, acc: 23.21, bacc: 11.00, tmp_test_f1: 0.39, f1: 5.89
epoch: 218, val_loss:2.525371, acc: 23.21, bacc: 11.00, tmp_test_f1: 0.39, f1: 5.89
epoch: 219, val_loss:2.521011, acc: 23.21, bacc: 11.00, tmp_test_f1: 0.41, f1: 5.89
epoch: 220, val_loss:2.517944, acc: 23.21, bacc: 11.00, tmp_test_f1: 0.42, f1: 5.89
epoch: 221, val_loss:2.515637, acc: 23.21, bacc: 11.00, tmp_test_f1: 0.42, f1: 5.89
epoch: 222, val_loss:2.515198, acc: 23.21, bacc: 11.00, tmp_test_f1: 0.43, f1: 5.89
epoch: 223, val_loss:2.515638, acc: 23.21, bacc: 11.00, tmp_test_f1: 0.39, f1: 5.89
epoch: 224, val_loss:2.516351, acc: 23.21, bacc: 11.00, tmp_test_f1: 0.39, f1: 5.89
epoch: 225, val_loss:2.518538, acc: 23.21, bacc: 11.00, tmp_test_f1: 0.36, f1: 5.89
epoch: 226, val_loss:2.521824, acc: 23.21, bacc: 11.00, tmp_test_f1: 0.35, f1: 5.89
epoch: 227, val_loss:2.525725, acc: 23.21, bacc: 11.00, tmp_test_f1: 0.35, f1: 5.89
epoch: 228, val_loss:2.528513, acc: 23.21, bacc: 11.00, tmp_test_f1: 0.35, f1: 5.89
epoch: 229, val_loss:2.531769, acc: 23.21, bacc: 11.00, tmp_test_f1: 0.35, f1: 5.89
epoch: 230, val_loss:2.532343, acc: 23.21, bacc: 11.00, tmp_test_f1: 0.35, f1: 5.89
epoch: 231, val_loss:2.531184, acc: 23.21, bacc: 11.00, tmp_test_f1: 0.36, f1: 5.89
epoch: 232, val_loss:2.528198, acc: 23.21, bacc: 11.00, tmp_test_f1: 0.39, f1: 5.89
epoch: 233, val_loss:2.525980, acc: 23.21, bacc: 11.00, tmp_test_f1: 0.42, f1: 5.89
epoch: 234, val_loss:2.522338, acc: 23.21, bacc: 11.00, tmp_test_f1: 0.42, f1: 5.89
epoch: 235, val_loss:2.519600, acc: 23.21, bacc: 11.00, tmp_test_f1: 0.42, f1: 5.89
epoch: 236, val_loss:2.518664, acc: 23.21, bacc: 11.00, tmp_test_f1: 0.42, f1: 5.89
epoch: 237, val_loss:2.518126, acc: 23.21, bacc: 11.00, tmp_test_f1: 0.41, f1: 5.89
epoch: 238, val_loss:2.518862, acc: 23.21, bacc: 11.00, tmp_test_f1: 0.39, f1: 5.89
epoch: 239, val_loss:2.519672, acc: 23.21, bacc: 11.00, tmp_test_f1: 0.39, f1: 5.89
epoch: 240, val_loss:2.520434, acc: 23.21, bacc: 11.00, tmp_test_f1: 0.36, f1: 5.89
epoch: 241, val_loss:2.522560, acc: 23.21, bacc: 11.00, tmp_test_f1: 0.35, f1: 5.89
epoch: 242, val_loss:2.524080, acc: 23.21, bacc: 11.00, tmp_test_f1: 0.35, f1: 5.89
epoch: 243, val_loss:2.525310, acc: 23.21, bacc: 11.00, tmp_test_f1: 0.35, f1: 5.89
epoch: 244, val_loss:2.526687, acc: 23.21, bacc: 11.00, tmp_test_f1: 0.35, f1: 5.89
epoch: 245, val_loss:2.527767, acc: 23.21, bacc: 11.00, tmp_test_f1: 0.35, f1: 5.89
epoch: 246, val_loss:2.527705, acc: 23.21, bacc: 11.00, tmp_test_f1: 0.35, f1: 5.89
epoch: 247, val_loss:2.528851, acc: 23.21, bacc: 11.00, tmp_test_f1: 0.35, f1: 5.89
epoch: 248, val_loss:2.530051, acc: 23.21, bacc: 11.00, tmp_test_f1: 0.38, f1: 5.89
epoch: 249, val_loss:2.529401, acc: 23.21, bacc: 11.00, tmp_test_f1: 0.39, f1: 5.89
epoch: 250, val_loss:2.526495, acc: 23.21, bacc: 11.00, tmp_test_f1: 0.45, f1: 5.89
epoch: 251, val_loss:2.523629, acc: 23.21, bacc: 11.00, tmp_test_f1: 0.45, f1: 5.89
epoch: 252, val_loss:2.521346, acc: 23.21, bacc: 11.00, tmp_test_f1: 0.45, f1: 5.89
epoch: 253, val_loss:2.518378, acc: 23.21, bacc: 11.00, tmp_test_f1: 0.42, f1: 5.89
epoch: 254, val_loss:2.516932, acc: 23.21, bacc: 11.00, tmp_test_f1: 0.39, f1: 5.89
epoch: 255, val_loss:2.516635, acc: 23.21, bacc: 11.00, tmp_test_f1: 0.39, f1: 5.89
epoch: 256, val_loss:2.517164, acc: 23.21, bacc: 11.00, tmp_test_f1: 0.39, f1: 5.89
epoch: 257, val_loss:2.518972, acc: 23.21, bacc: 11.00, tmp_test_f1: 0.38, f1: 5.89
epoch: 258, val_loss:2.522599, acc: 23.21, bacc: 11.00, tmp_test_f1: 0.35, f1: 5.89
epoch: 259, val_loss:2.527773, acc: 23.21, bacc: 11.00, tmp_test_f1: 0.35, f1: 5.89
epoch: 260, val_loss:2.533667, acc: 23.21, bacc: 11.00, tmp_test_f1: 0.35, f1: 5.89
epoch: 261, val_loss:2.537184, acc: 23.21, bacc: 11.00, tmp_test_f1: 0.35, f1: 5.89
epoch: 262, val_loss:2.538852, acc: 23.21, bacc: 11.00, tmp_test_f1: 0.35, f1: 5.89
epoch: 263, val_loss:2.538085, acc: 23.21, bacc: 11.00, tmp_test_f1: 0.35, f1: 5.89
epoch: 264, val_loss:2.534925, acc: 23.21, bacc: 11.00, tmp_test_f1: 0.39, f1: 5.89
epoch: 265, val_loss:2.528458, acc: 23.21, bacc: 11.00, tmp_test_f1: 0.39, f1: 5.89
epoch: 266, val_loss:2.524492, acc: 23.21, bacc: 11.00, tmp_test_f1: 0.39, f1: 5.89
epoch: 267, val_loss:2.521174, acc: 23.21, bacc: 11.00, tmp_test_f1: 0.39, f1: 5.89
epoch: 268, val_loss:2.519387, acc: 23.21, bacc: 11.00, tmp_test_f1: 0.39, f1: 5.89
epoch: 269, val_loss:2.518777, acc: 23.21, bacc: 11.00, tmp_test_f1: 0.38, f1: 5.89
epoch: 270, val_loss:2.519521, acc: 23.21, bacc: 11.00, tmp_test_f1: 0.36, f1: 5.89
epoch: 271, val_loss:2.521299, acc: 23.21, bacc: 11.00, tmp_test_f1: 0.35, f1: 5.89
epoch: 272, val_loss:2.523925, acc: 23.21, bacc: 11.00, tmp_test_f1: 0.35, f1: 5.89
epoch: 273, val_loss:2.524869, acc: 23.21, bacc: 11.00, tmp_test_f1: 0.35, f1: 5.89
epoch: 274, val_loss:2.525501, acc: 23.21, bacc: 11.00, tmp_test_f1: 0.36, f1: 5.89
epoch: 275, val_loss:2.525015, acc: 23.21, bacc: 11.00, tmp_test_f1: 0.36, f1: 5.89
epoch: 276, val_loss:2.524040, acc: 23.21, bacc: 11.00, tmp_test_f1: 0.38, f1: 5.89
epoch: 277, val_loss:2.523430, acc: 23.21, bacc: 11.00, tmp_test_f1: 0.39, f1: 5.89
epoch: 278, val_loss:2.522611, acc: 23.21, bacc: 11.00, tmp_test_f1: 0.39, f1: 5.89
epoch: 279, val_loss:2.523625, acc: 23.21, bacc: 11.00, tmp_test_f1: 0.39, f1: 5.89
epoch: 280, val_loss:2.524451, acc: 23.21, bacc: 11.00, tmp_test_f1: 0.39, f1: 5.89
epoch: 281, val_loss:2.525052, acc: 23.21, bacc: 11.00, tmp_test_f1: 0.39, f1: 5.89
epoch: 282, val_loss:2.524467, acc: 23.21, bacc: 11.00, tmp_test_f1: 0.40, f1: 5.89
epoch: 283, val_loss:2.523132, acc: 23.21, bacc: 11.00, tmp_test_f1: 0.42, f1: 5.89
epoch: 284, val_loss:2.521179, acc: 23.21, bacc: 11.00, tmp_test_f1: 0.45, f1: 5.89
epoch: 285, val_loss:2.519431, acc: 23.21, bacc: 11.00, tmp_test_f1: 0.45, f1: 5.89
epoch: 286, val_loss:2.519884, acc: 23.21, bacc: 11.00, tmp_test_f1: 0.42, f1: 5.89
epoch: 287, val_loss:2.521733, acc: 23.21, bacc: 11.00, tmp_test_f1: 0.40, f1: 5.89
epoch: 288, val_loss:2.524520, acc: 23.21, bacc: 11.00, tmp_test_f1: 0.39, f1: 5.89
epoch: 289, val_loss:2.526840, acc: 23.21, bacc: 11.00, tmp_test_f1: 0.38, f1: 5.89
epoch: 290, val_loss:2.527995, acc: 23.21, bacc: 11.00, tmp_test_f1: 0.38, f1: 5.89
epoch: 291, val_loss:2.528483, acc: 23.21, bacc: 11.00, tmp_test_f1: 0.39, f1: 5.89
epoch: 292, val_loss:2.526214, acc: 23.21, bacc: 11.00, tmp_test_f1: 0.39, f1: 5.89
epoch: 293, val_loss:2.525269, acc: 23.21, bacc: 11.00, tmp_test_f1: 0.39, f1: 5.89
epoch: 294, val_loss:2.526190, acc: 23.21, bacc: 11.00, tmp_test_f1: 0.40, f1: 5.89
epoch: 295, val_loss:2.527692, acc: 23.21, bacc: 11.00, tmp_test_f1: 0.39, f1: 5.89
epoch: 296, val_loss:2.528212, acc: 23.21, bacc: 11.00, tmp_test_f1: 0.39, f1: 5.89
epoch: 297, val_loss:2.527825, acc: 23.21, bacc: 11.00, tmp_test_f1: 0.39, f1: 5.89
epoch: 298, val_loss:2.526919, acc: 23.21, bacc: 11.00, tmp_test_f1: 0.39, f1: 5.89
epoch: 299, val_loss:2.524938, acc: 23.21, bacc: 11.00, tmp_test_f1: 0.41, f1: 5.89
epoch: 300, val_loss:2.523434, acc: 23.21, bacc: 11.00, tmp_test_f1: 0.41, f1: 5.89
epoch: 301, val_loss:2.523916, acc: 23.21, bacc: 11.00, tmp_test_f1: 0.42, f1: 5.89
epoch: 302, val_loss:2.523282, acc: 23.21, bacc: 11.00, tmp_test_f1: 0.42, f1: 5.89
epoch: 303, val_loss:2.524168, acc: 23.21, bacc: 11.00, tmp_test_f1: 0.40, f1: 5.89
epoch: 304, val_loss:2.529309, acc: 23.21, bacc: 11.00, tmp_test_f1: 0.39, f1: 5.89
epoch: 305, val_loss:2.532844, acc: 23.21, bacc: 11.00, tmp_test_f1: 0.39, f1: 5.89
epoch: 306, val_loss:2.535051, acc: 23.21, bacc: 11.00, tmp_test_f1: 0.39, f1: 5.89
epoch: 307, val_loss:2.536019, acc: 23.21, bacc: 11.00, tmp_test_f1: 0.36, f1: 5.89
epoch: 308, val_loss:2.534665, acc: 23.21, bacc: 11.00, tmp_test_f1: 0.38, f1: 5.89
epoch: 309, val_loss:2.530293, acc: 23.21, bacc: 11.00, tmp_test_f1: 0.39, f1: 5.89
epoch: 310, val_loss:2.526212, acc: 23.21, bacc: 11.00, tmp_test_f1: 0.39, f1: 5.89
epoch: 311, val_loss:2.521776, acc: 23.21, bacc: 11.00, tmp_test_f1: 0.41, f1: 5.89
epoch: 312, val_loss:2.518613, acc: 23.21, bacc: 11.00, tmp_test_f1: 0.41, f1: 5.89
epoch: 313, val_loss:2.517183, acc: 23.21, bacc: 11.00, tmp_test_f1: 0.41, f1: 5.89
epoch: 314, val_loss:2.518849, acc: 23.21, bacc: 11.00, tmp_test_f1: 0.39, f1: 5.89
epoch: 315, val_loss:2.523562, acc: 23.21, bacc: 11.00, tmp_test_f1: 0.39, f1: 5.89
epoch: 316, val_loss:2.528158, acc: 23.21, bacc: 11.00, tmp_test_f1: 0.40, f1: 5.89
epoch: 317, val_loss:2.532859, acc: 23.21, bacc: 11.00, tmp_test_f1: 0.42, f1: 5.89
epoch: 318, val_loss:2.534473, acc: 23.21, bacc: 11.00, tmp_test_f1: 0.45, f1: 5.89
epoch: 319, val_loss:2.532697, acc: 23.21, bacc: 11.00, tmp_test_f1: 0.45, f1: 5.89
epoch: 320, val_loss:2.530956, acc: 23.21, bacc: 11.00, tmp_test_f1: 0.45, f1: 5.89
epoch: 321, val_loss:2.528516, acc: 23.21, bacc: 11.00, tmp_test_f1: 0.42, f1: 5.89
epoch: 322, val_loss:2.528069, acc: 23.21, bacc: 11.00, tmp_test_f1: 0.40, f1: 5.89
epoch: 323, val_loss:2.530223, acc: 23.21, bacc: 11.00, tmp_test_f1: 0.39, f1: 5.89
epoch: 324, val_loss:2.529398, acc: 23.21, bacc: 11.00, tmp_test_f1: 0.39, f1: 5.89
epoch: 325, val_loss:2.529114, acc: 23.21, bacc: 11.00, tmp_test_f1: 0.40, f1: 5.89
epoch: 326, val_loss:2.527706, acc: 23.21, bacc: 11.00, tmp_test_f1: 0.41, f1: 5.89
epoch: 327, val_loss:2.526087, acc: 23.21, bacc: 11.00, tmp_test_f1: 0.40, f1: 5.89
epoch: 328, val_loss:2.524550, acc: 23.21, bacc: 11.00, tmp_test_f1: 0.39, f1: 5.89
epoch: 329, val_loss:2.523315, acc: 23.21, bacc: 11.00, tmp_test_f1: 0.41, f1: 5.89
epoch: 330, val_loss:2.522520, acc: 23.21, bacc: 11.00, tmp_test_f1: 0.41, f1: 5.89
epoch: 331, val_loss:2.522468, acc: 23.21, bacc: 11.00, tmp_test_f1: 0.41, f1: 5.89
epoch: 332, val_loss:2.523641, acc: 23.21, bacc: 11.00, tmp_test_f1: 0.40, f1: 5.89
epoch: 333, val_loss:2.526653, acc: 23.21, bacc: 11.00, tmp_test_f1: 0.41, f1: 5.89
epoch: 334, val_loss:2.529783, acc: 23.21, bacc: 11.00, tmp_test_f1: 0.43, f1: 5.89
epoch: 335, val_loss:2.532048, acc: 23.21, bacc: 11.00, tmp_test_f1: 0.41, f1: 5.89
epoch: 336, val_loss:2.532989, acc: 23.21, bacc: 11.00, tmp_test_f1: 0.41, f1: 5.89
epoch: 337, val_loss:2.532203, acc: 23.21, bacc: 11.00, tmp_test_f1: 0.40, f1: 5.89
epoch: 338, val_loss:2.531298, acc: 23.21, bacc: 11.00, tmp_test_f1: 0.39, f1: 5.89
epoch: 339, val_loss:2.530895, acc: 23.21, bacc: 11.00, tmp_test_f1: 0.38, f1: 5.89
epoch: 340, val_loss:2.530446, acc: 23.21, bacc: 11.00, tmp_test_f1: 0.36, f1: 5.89
epoch: 341, val_loss:2.530605, acc: 23.21, bacc: 11.00, tmp_test_f1: 0.39, f1: 5.89
epoch: 342, val_loss:2.529592, acc: 23.21, bacc: 11.00, tmp_test_f1: 0.39, f1: 5.89
epoch: 343, val_loss:2.528617, acc: 23.21, bacc: 11.00, tmp_test_f1: 0.39, f1: 5.89
epoch: 344, val_loss:2.528666, acc: 23.21, bacc: 11.00, tmp_test_f1: 0.36, f1: 5.89
epoch: 345, val_loss:2.528479, acc: 23.21, bacc: 11.00, tmp_test_f1: 0.36, f1: 5.89
epoch: 346, val_loss:2.527475, acc: 23.21, bacc: 11.00, tmp_test_f1: 0.39, f1: 5.89
epoch: 347, val_loss:2.524018, acc: 23.21, bacc: 11.00, tmp_test_f1: 0.39, f1: 5.89
epoch: 348, val_loss:2.521032, acc: 23.21, bacc: 11.00, tmp_test_f1: 0.39, f1: 5.89
epoch: 349, val_loss:2.520933, acc: 23.21, bacc: 11.00, tmp_test_f1: 0.39, f1: 5.89
epoch: 350, val_loss:2.523936, acc: 23.21, bacc: 11.00, tmp_test_f1: 0.36, f1: 5.89
epoch: 351, val_loss:2.527079, acc: 23.21, bacc: 11.00, tmp_test_f1: 0.35, f1: 5.89
epoch: 352, val_loss:2.531556, acc: 23.21, bacc: 11.00, tmp_test_f1: 0.35, f1: 5.89
epoch: 353, val_loss:2.533709, acc: 23.21, bacc: 11.00, tmp_test_f1: 0.35, f1: 5.89
epoch: 354, val_loss:2.534492, acc: 23.21, bacc: 11.00, tmp_test_f1: 0.35, f1: 5.89
epoch: 355, val_loss:2.534143, acc: 23.21, bacc: 11.00, tmp_test_f1: 0.36, f1: 5.89
epoch: 356, val_loss:2.533137, acc: 23.21, bacc: 11.00, tmp_test_f1: 0.39, f1: 5.89
epoch: 357, val_loss:2.531055, acc: 23.21, bacc: 11.00, tmp_test_f1: 0.41, f1: 5.89
epoch: 358, val_loss:2.526134, acc: 23.21, bacc: 11.00, tmp_test_f1: 0.44, f1: 5.89
epoch: 359, val_loss:2.521868, acc: 23.21, bacc: 11.00, tmp_test_f1: 0.45, f1: 5.89
epoch: 360, val_loss:2.519445, acc: 23.21, bacc: 11.00, tmp_test_f1: 0.45, f1: 5.89
epoch: 361, val_loss:2.519368, acc: 23.21, bacc: 11.00, tmp_test_f1: 0.41, f1: 5.89
epoch: 362, val_loss:2.520734, acc: 23.21, bacc: 11.00, tmp_test_f1: 0.35, f1: 5.89
epoch: 363, val_loss:2.524213, acc: 23.21, bacc: 11.00, tmp_test_f1: 0.34, f1: 5.89
epoch: 364, val_loss:2.528656, acc: 23.21, bacc: 11.00, tmp_test_f1: 0.34, f1: 5.89
epoch: 365, val_loss:2.531320, acc: 23.21, bacc: 11.00, tmp_test_f1: 0.34, f1: 5.89
epoch: 366, val_loss:2.530492, acc: 23.21, bacc: 11.00, tmp_test_f1: 0.35, f1: 5.89
epoch: 367, val_loss:2.529430, acc: 23.21, bacc: 11.00, tmp_test_f1: 0.39, f1: 5.89
epoch: 368, val_loss:2.525938, acc: 23.21, bacc: 11.00, tmp_test_f1: 0.42, f1: 5.89
epoch: 369, val_loss:2.523702, acc: 23.21, bacc: 11.00, tmp_test_f1: 0.46, f1: 5.89
epoch: 370, val_loss:2.520469, acc: 23.21, bacc: 11.00, tmp_test_f1: 0.48, f1: 5.89
epoch: 371, val_loss:2.519039, acc: 23.21, bacc: 11.00, tmp_test_f1: 0.46, f1: 5.89
epoch: 372, val_loss:2.521755, acc: 23.21, bacc: 11.00, tmp_test_f1: 0.45, f1: 5.89
epoch: 373, val_loss:2.525765, acc: 23.21, bacc: 11.00, tmp_test_f1: 0.39, f1: 5.89
epoch: 374, val_loss:2.530245, acc: 23.21, bacc: 11.00, tmp_test_f1: 0.38, f1: 5.89
epoch: 375, val_loss:2.533040, acc: 23.21, bacc: 11.00, tmp_test_f1: 0.36, f1: 5.89
epoch: 376, val_loss:2.533087, acc: 23.21, bacc: 11.00, tmp_test_f1: 0.36, f1: 5.89
epoch: 377, val_loss:2.529973, acc: 23.21, bacc: 11.00, tmp_test_f1: 0.36, f1: 5.89
epoch: 378, val_loss:2.528393, acc: 23.21, bacc: 11.00, tmp_test_f1: 0.36, f1: 5.89
epoch: 379, val_loss:2.527918, acc: 23.21, bacc: 11.00, tmp_test_f1: 0.39, f1: 5.89
epoch: 380, val_loss:2.527775, acc: 23.21, bacc: 11.00, tmp_test_f1: 0.39, f1: 5.89
epoch: 381, val_loss:2.528661, acc: 23.21, bacc: 11.00, tmp_test_f1: 0.40, f1: 5.89
epoch: 382, val_loss:2.528791, acc: 23.21, bacc: 11.00, tmp_test_f1: 0.45, f1: 5.89
epoch: 383, val_loss:2.528536, acc: 23.21, bacc: 11.00, tmp_test_f1: 0.46, f1: 5.89
epoch: 384, val_loss:2.529296, acc: 23.21, bacc: 11.00, tmp_test_f1: 0.46, f1: 5.89
epoch: 385, val_loss:2.530105, acc: 23.21, bacc: 11.00, tmp_test_f1: 0.46, f1: 5.89
epoch: 386, val_loss:2.530646, acc: 23.21, bacc: 11.00, tmp_test_f1: 0.42, f1: 5.89
epoch: 387, val_loss:2.532650, acc: 23.21, bacc: 11.00, tmp_test_f1: 0.41, f1: 5.89
epoch: 388, val_loss:2.534318, acc: 23.21, bacc: 11.00, tmp_test_f1: 0.39, f1: 5.89
epoch: 389, val_loss:2.535872, acc: 23.21, bacc: 11.00, tmp_test_f1: 0.36, f1: 5.89
epoch: 390, val_loss:2.537436, acc: 23.21, bacc: 11.00, tmp_test_f1: 0.36, f1: 5.89
epoch: 391, val_loss:2.536845, acc: 23.21, bacc: 11.00, tmp_test_f1: 0.39, f1: 5.89
epoch: 392, val_loss:2.536190, acc: 23.21, bacc: 11.00, tmp_test_f1: 0.39, f1: 5.89
epoch: 393, val_loss:2.535045, acc: 23.21, bacc: 11.00, tmp_test_f1: 0.39, f1: 5.89
epoch: 394, val_loss:2.533648, acc: 23.21, bacc: 11.00, tmp_test_f1: 0.43, f1: 5.89
epoch: 395, val_loss:2.532381, acc: 23.21, bacc: 11.00, tmp_test_f1: 0.45, f1: 5.89
epoch: 396, val_loss:2.528535, acc: 23.21, bacc: 11.00, tmp_test_f1: 0.46, f1: 5.89
epoch: 397, val_loss:2.526528, acc: 23.21, bacc: 11.00, tmp_test_f1: 0.46, f1: 5.89
epoch: 398, val_loss:2.526464, acc: 23.21, bacc: 11.00, tmp_test_f1: 0.45, f1: 5.89
epoch: 399, val_loss:2.528970, acc: 23.21, bacc: 11.00, tmp_test_f1: 0.40, f1: 5.89
epoch: 400, val_loss:2.532132, acc: 23.21, bacc: 11.00, tmp_test_f1: 0.38, f1: 5.89
epoch: 401, val_loss:2.534410, acc: 23.21, bacc: 11.00, tmp_test_f1: 0.35, f1: 5.89
Epoch 00402: reducing learning rate of group 0 to 2.5000e-02.
epoch: 402, val_loss:2.536215, acc: 23.21, bacc: 11.00, tmp_test_f1: 0.35, f1: 5.89
epoch: 403, val_loss:2.535486, acc: 23.21, bacc: 11.00, tmp_test_f1: 0.35, f1: 5.89
epoch: 404, val_loss:2.534745, acc: 23.21, bacc: 11.00, tmp_test_f1: 0.36, f1: 5.89
epoch: 405, val_loss:2.533742, acc: 23.21, bacc: 11.00, tmp_test_f1: 0.38, f1: 5.89
epoch: 406, val_loss:2.533652, acc: 23.21, bacc: 11.00, tmp_test_f1: 0.39, f1: 5.89
epoch: 407, val_loss:2.532847, acc: 23.21, bacc: 11.00, tmp_test_f1: 0.40, f1: 5.89
epoch: 408, val_loss:2.531671, acc: 23.21, bacc: 11.00, tmp_test_f1: 0.42, f1: 5.89
epoch: 409, val_loss:2.531641, acc: 23.21, bacc: 11.00, tmp_test_f1: 0.45, f1: 5.89
epoch: 410, val_loss:2.531281, acc: 23.21, bacc: 11.00, tmp_test_f1: 0.45, f1: 5.89
epoch: 411, val_loss:2.530526, acc: 23.21, bacc: 11.00, tmp_test_f1: 0.45, f1: 5.89
epoch: 412, val_loss:2.529392, acc: 23.21, bacc: 11.00, tmp_test_f1: 0.45, f1: 5.89
epoch: 413, val_loss:2.528650, acc: 23.21, bacc: 11.00, tmp_test_f1: 0.45, f1: 5.89
epoch: 414, val_loss:2.528419, acc: 23.21, bacc: 11.00, tmp_test_f1: 0.42, f1: 5.89
epoch: 415, val_loss:2.529345, acc: 23.21, bacc: 11.00, tmp_test_f1: 0.39, f1: 5.89
epoch: 416, val_loss:2.530001, acc: 23.21, bacc: 11.00, tmp_test_f1: 0.38, f1: 5.89
epoch: 417, val_loss:2.531918, acc: 23.21, bacc: 11.00, tmp_test_f1: 0.36, f1: 5.89
epoch: 418, val_loss:2.532412, acc: 23.21, bacc: 11.00, tmp_test_f1: 0.36, f1: 5.89
epoch: 419, val_loss:2.533736, acc: 23.21, bacc: 11.00, tmp_test_f1: 0.36, f1: 5.89
epoch: 420, val_loss:2.534247, acc: 23.21, bacc: 11.00, tmp_test_f1: 0.36, f1: 5.89
epoch: 421, val_loss:2.535542, acc: 23.21, bacc: 11.00, tmp_test_f1: 0.36, f1: 5.89
epoch: 422, val_loss:2.536337, acc: 23.21, bacc: 11.00, tmp_test_f1: 0.36, f1: 5.89
epoch: 423, val_loss:2.535654, acc: 23.21, bacc: 11.00, tmp_test_f1: 0.38, f1: 5.89
epoch: 424, val_loss:2.534380, acc: 23.21, bacc: 11.00, tmp_test_f1: 0.39, f1: 5.89
epoch: 425, val_loss:2.533218, acc: 23.21, bacc: 11.00, tmp_test_f1: 0.39, f1: 5.89
epoch: 426, val_loss:2.533041, acc: 23.21, bacc: 11.00, tmp_test_f1: 0.39, f1: 5.89
epoch: 427, val_loss:2.532810, acc: 23.21, bacc: 11.00, tmp_test_f1: 0.40, f1: 5.89
epoch: 428, val_loss:2.533849, acc: 23.21, bacc: 11.00, tmp_test_f1: 0.39, f1: 5.89
epoch: 429, val_loss:2.535122, acc: 23.21, bacc: 11.00, tmp_test_f1: 0.39, f1: 5.89
epoch: 430, val_loss:2.536143, acc: 23.21, bacc: 11.00, tmp_test_f1: 0.39, f1: 5.89
epoch: 431, val_loss:2.537176, acc: 23.21, bacc: 11.00, tmp_test_f1: 0.39, f1: 5.89
epoch: 432, val_loss:2.537062, acc: 23.21, bacc: 11.00, tmp_test_f1: 0.38, f1: 5.89
epoch: 433, val_loss:2.536224, acc: 23.21, bacc: 11.00, tmp_test_f1: 0.36, f1: 5.89
epoch: 434, val_loss:2.533314, acc: 23.21, bacc: 11.00, tmp_test_f1: 0.35, f1: 5.89
epoch: 435, val_loss:2.531015, acc: 23.21, bacc: 11.00, tmp_test_f1: 0.35, f1: 5.89
epoch: 436, val_loss:2.529756, acc: 23.21, bacc: 11.00, tmp_test_f1: 0.35, f1: 5.89
epoch: 437, val_loss:2.527805, acc: 23.21, bacc: 11.00, tmp_test_f1: 0.35, f1: 5.89
epoch: 438, val_loss:2.526269, acc: 23.21, bacc: 11.00, tmp_test_f1: 0.35, f1: 5.89
epoch: 439, val_loss:2.525793, acc: 23.21, bacc: 11.00, tmp_test_f1: 0.36, f1: 5.89
epoch: 440, val_loss:2.525462, acc: 23.21, bacc: 11.00, tmp_test_f1: 0.38, f1: 5.89
epoch: 441, val_loss:2.525017, acc: 23.21, bacc: 11.00, tmp_test_f1: 0.39, f1: 5.89
epoch: 442, val_loss:2.524013, acc: 23.21, bacc: 11.00, tmp_test_f1: 0.40, f1: 5.89
epoch: 443, val_loss:2.523273, acc: 23.21, bacc: 11.00, tmp_test_f1: 0.41, f1: 5.89
epoch: 444, val_loss:2.523443, acc: 23.21, bacc: 11.00, tmp_test_f1: 0.40, f1: 5.89
epoch: 445, val_loss:2.525261, acc: 23.21, bacc: 11.00, tmp_test_f1: 0.39, f1: 5.89
epoch: 446, val_loss:2.527435, acc: 23.21, bacc: 11.00, tmp_test_f1: 0.39, f1: 5.89
epoch: 447, val_loss:2.529921, acc: 23.21, bacc: 11.00, tmp_test_f1: 0.38, f1: 5.89
epoch: 448, val_loss:2.532139, acc: 23.21, bacc: 11.00, tmp_test_f1: 0.36, f1: 5.89
epoch: 449, val_loss:2.533250, acc: 23.21, bacc: 11.00, tmp_test_f1: 0.35, f1: 5.89
epoch: 450, val_loss:2.533959, acc: 23.21, bacc: 11.00, tmp_test_f1: 0.35, f1: 5.89
epoch: 451, val_loss:2.535275, acc: 23.21, bacc: 11.00, tmp_test_f1: 0.35, f1: 5.89
epoch: 452, val_loss:2.535785, acc: 23.21, bacc: 11.00, tmp_test_f1: 0.34, f1: 5.89
epoch: 453, val_loss:2.535792, acc: 23.21, bacc: 11.00, tmp_test_f1: 0.35, f1: 5.89
epoch: 454, val_loss:2.532886, acc: 23.21, bacc: 11.00, tmp_test_f1: 0.35, f1: 5.89
epoch: 455, val_loss:2.530236, acc: 23.21, bacc: 11.00, tmp_test_f1: 0.36, f1: 5.89
epoch: 456, val_loss:2.528041, acc: 23.21, bacc: 11.00, tmp_test_f1: 0.39, f1: 5.89
epoch: 457, val_loss:2.525615, acc: 23.21, bacc: 11.00, tmp_test_f1: 0.39, f1: 5.89
epoch: 458, val_loss:2.523884, acc: 23.21, bacc: 11.00, tmp_test_f1: 0.39, f1: 5.89
epoch: 459, val_loss:2.524220, acc: 23.21, bacc: 11.00, tmp_test_f1: 0.40, f1: 5.89
epoch: 460, val_loss:2.524660, acc: 23.21, bacc: 11.00, tmp_test_f1: 0.39, f1: 5.89
epoch: 461, val_loss:2.527001, acc: 23.21, bacc: 11.00, tmp_test_f1: 0.39, f1: 5.89
epoch: 462, val_loss:2.529203, acc: 23.21, bacc: 11.00, tmp_test_f1: 0.36, f1: 5.89
epoch: 463, val_loss:2.531570, acc: 23.21, bacc: 11.00, tmp_test_f1: 0.35, f1: 5.89
epoch: 464, val_loss:2.533076, acc: 23.21, bacc: 11.00, tmp_test_f1: 0.35, f1: 5.89
epoch: 465, val_loss:2.534709, acc: 23.21, bacc: 11.00, tmp_test_f1: 0.35, f1: 5.89
epoch: 466, val_loss:2.536093, acc: 23.21, bacc: 11.00, tmp_test_f1: 0.35, f1: 5.89
epoch: 467, val_loss:2.536082, acc: 23.21, bacc: 11.00, tmp_test_f1: 0.35, f1: 5.89
epoch: 468, val_loss:2.535400, acc: 23.21, bacc: 11.00, tmp_test_f1: 0.35, f1: 5.89
epoch: 469, val_loss:2.534867, acc: 23.21, bacc: 11.00, tmp_test_f1: 0.36, f1: 5.89
epoch: 470, val_loss:2.533746, acc: 23.21, bacc: 11.00, tmp_test_f1: 0.36, f1: 5.89
epoch: 471, val_loss:2.532347, acc: 23.21, bacc: 11.00, tmp_test_f1: 0.39, f1: 5.89
epoch: 472, val_loss:2.530941, acc: 23.21, bacc: 11.00, tmp_test_f1: 0.39, f1: 5.89
epoch: 473, val_loss:2.531214, acc: 23.21, bacc: 11.00, tmp_test_f1: 0.39, f1: 5.89
epoch: 474, val_loss:2.531162, acc: 23.21, bacc: 11.00, tmp_test_f1: 0.39, f1: 5.89
epoch: 475, val_loss:2.531534, acc: 23.21, bacc: 11.00, tmp_test_f1: 0.39, f1: 5.89
epoch: 476, val_loss:2.530476, acc: 23.21, bacc: 11.00, tmp_test_f1: 0.41, f1: 5.89
epoch: 477, val_loss:2.528254, acc: 23.21, bacc: 11.00, tmp_test_f1: 0.42, f1: 5.89
epoch: 478, val_loss:2.526349, acc: 23.21, bacc: 11.00, tmp_test_f1: 0.42, f1: 5.89
epoch: 479, val_loss:2.525716, acc: 23.21, bacc: 11.00, tmp_test_f1: 0.42, f1: 5.89
epoch: 480, val_loss:2.525796, acc: 23.21, bacc: 11.00, tmp_test_f1: 0.41, f1: 5.89
epoch: 481, val_loss:2.526315, acc: 23.21, bacc: 11.00, tmp_test_f1: 0.39, f1: 5.89
epoch: 482, val_loss:2.527239, acc: 23.21, bacc: 11.00, tmp_test_f1: 0.39, f1: 5.89
epoch: 483, val_loss:2.528573, acc: 23.21, bacc: 11.00, tmp_test_f1: 0.39, f1: 5.89
epoch: 484, val_loss:2.529001, acc: 23.21, bacc: 11.00, tmp_test_f1: 0.36, f1: 5.89
epoch: 485, val_loss:2.530081, acc: 23.21, bacc: 11.00, tmp_test_f1: 0.35, f1: 5.89
epoch: 486, val_loss:2.531400, acc: 23.21, bacc: 11.00, tmp_test_f1: 0.35, f1: 5.89
epoch: 487, val_loss:2.533429, acc: 23.21, bacc: 11.00, tmp_test_f1: 0.35, f1: 5.89
epoch: 488, val_loss:2.533752, acc: 23.21, bacc: 11.00, tmp_test_f1: 0.36, f1: 5.89
epoch: 489, val_loss:2.532762, acc: 23.21, bacc: 11.00, tmp_test_f1: 0.39, f1: 5.89
epoch: 490, val_loss:2.531650, acc: 23.21, bacc: 11.00, tmp_test_f1: 0.39, f1: 5.89
epoch: 491, val_loss:2.531615, acc: 23.21, bacc: 11.00, tmp_test_f1: 0.39, f1: 5.89
epoch: 492, val_loss:2.532178, acc: 23.21, bacc: 11.00, tmp_test_f1: 0.39, f1: 5.89
epoch: 493, val_loss:2.531621, acc: 23.21, bacc: 11.00, tmp_test_f1: 0.39, f1: 5.89
epoch: 494, val_loss:2.531375, acc: 23.21, bacc: 11.00, tmp_test_f1: 0.39, f1: 5.89
epoch: 495, val_loss:2.529974, acc: 23.21, bacc: 11.00, tmp_test_f1: 0.39, f1: 5.89
epoch: 496, val_loss:2.528481, acc: 23.21, bacc: 11.00, tmp_test_f1: 0.39, f1: 5.89
epoch: 497, val_loss:2.527173, acc: 23.21, bacc: 11.00, tmp_test_f1: 0.40, f1: 5.89
epoch: 498, val_loss:2.526055, acc: 23.21, bacc: 11.00, tmp_test_f1: 0.41, f1: 5.89
epoch: 499, val_loss:2.524661, acc: 23.21, bacc: 11.00, tmp_test_f1: 0.43, f1: 5.89
epoch: 500, val_loss:2.524281, acc: 23.21, bacc: 11.00, tmp_test_f1: 0.43, f1: 5.89
epoch: 501, val_loss:2.524822, acc: 23.21, bacc: 11.00, tmp_test_f1: 0.41, f1: 5.89
epoch: 502, val_loss:2.527431, acc: 23.21, bacc: 11.00, tmp_test_f1: 0.39, f1: 5.89
epoch: 503, val_loss:2.531019, acc: 23.21, bacc: 11.00, tmp_test_f1: 0.39, f1: 5.89
epoch: 504, val_loss:2.534679, acc: 23.21, bacc: 11.00, tmp_test_f1: 0.39, f1: 5.89
epoch: 505, val_loss:2.536502, acc: 23.21, bacc: 11.00, tmp_test_f1: 0.39, f1: 5.89
epoch: 506, val_loss:2.536822, acc: 23.21, bacc: 11.00, tmp_test_f1: 0.39, f1: 5.89
epoch: 507, val_loss:2.536797, acc: 23.21, bacc: 11.00, tmp_test_f1: 0.39, f1: 5.89
epoch: 508, val_loss:2.536554, acc: 23.21, bacc: 11.00, tmp_test_f1: 0.39, f1: 5.89
epoch: 509, val_loss:2.535565, acc: 23.21, bacc: 11.00, tmp_test_f1: 0.41, f1: 5.89
epoch: 510, val_loss:2.533689, acc: 23.21, bacc: 11.00, tmp_test_f1: 0.42, f1: 5.89
epoch: 511, val_loss:2.532170, acc: 23.21, bacc: 11.00, tmp_test_f1: 0.42, f1: 5.89
epoch: 512, val_loss:2.531083, acc: 23.21, bacc: 11.00, tmp_test_f1: 0.42, f1: 5.89
epoch: 513, val_loss:2.530750, acc: 23.21, bacc: 11.00, tmp_test_f1: 0.42, f1: 5.89
epoch: 514, val_loss:2.529658, acc: 23.21, bacc: 11.00, tmp_test_f1: 0.42, f1: 5.89
epoch: 515, val_loss:2.528740, acc: 23.21, bacc: 11.00, tmp_test_f1: 0.42, f1: 5.89
epoch: 516, val_loss:2.529221, acc: 23.21, bacc: 11.00, tmp_test_f1: 0.42, f1: 5.89
epoch: 517, val_loss:2.528991, acc: 23.21, bacc: 11.00, tmp_test_f1: 0.42, f1: 5.89
epoch: 518, val_loss:2.528830, acc: 23.21, bacc: 11.00, tmp_test_f1: 0.41, f1: 5.89
epoch: 519, val_loss:2.528593, acc: 23.21, bacc: 11.00, tmp_test_f1: 0.39, f1: 5.89
epoch: 520, val_loss:2.529347, acc: 23.21, bacc: 11.00, tmp_test_f1: 0.39, f1: 5.89
epoch: 521, val_loss:2.529796, acc: 23.21, bacc: 11.00, tmp_test_f1: 0.39, f1: 5.89
epoch: 522, val_loss:2.529852, acc: 23.21, bacc: 11.00, tmp_test_f1: 0.39, f1: 5.89
epoch: 523, val_loss:2.530055, acc: 23.21, bacc: 11.00, tmp_test_f1: 0.39, f1: 5.89
epoch: 524, val_loss:2.530228, acc: 23.21, bacc: 11.00, tmp_test_f1: 0.39, f1: 5.89
epoch: 525, val_loss:2.530011, acc: 23.21, bacc: 11.00, tmp_test_f1: 0.39, f1: 5.89
epoch: 526, val_loss:2.529329, acc: 23.21, bacc: 11.00, tmp_test_f1: 0.41, f1: 5.89
epoch: 527, val_loss:2.527788, acc: 23.21, bacc: 11.00, tmp_test_f1: 0.42, f1: 5.89
epoch: 528, val_loss:2.525985, acc: 23.21, bacc: 11.00, tmp_test_f1: 0.45, f1: 5.89
epoch: 529, val_loss:2.524384, acc: 23.21, bacc: 11.00, tmp_test_f1: 0.45, f1: 5.89
epoch: 530, val_loss:2.523949, acc: 23.21, bacc: 11.00, tmp_test_f1: 0.45, f1: 5.89
epoch: 531, val_loss:2.524437, acc: 23.21, bacc: 11.00, tmp_test_f1: 0.45, f1: 5.89
epoch: 532, val_loss:2.526401, acc: 23.21, bacc: 11.00, tmp_test_f1: 0.42, f1: 5.89
epoch: 533, val_loss:2.529848, acc: 23.21, bacc: 11.00, tmp_test_f1: 0.39, f1: 5.89
epoch: 534, val_loss:2.533035, acc: 23.21, bacc: 11.00, tmp_test_f1: 0.39, f1: 5.89
epoch: 535, val_loss:2.534650, acc: 23.21, bacc: 11.00, tmp_test_f1: 0.38, f1: 5.89
epoch: 536, val_loss:2.535259, acc: 23.21, bacc: 11.00, tmp_test_f1: 0.36, f1: 5.89
epoch: 537, val_loss:2.534640, acc: 23.21, bacc: 11.00, tmp_test_f1: 0.39, f1: 5.89
epoch: 538, val_loss:2.533011, acc: 23.21, bacc: 11.00, tmp_test_f1: 0.39, f1: 5.89
epoch: 539, val_loss:2.531594, acc: 23.21, bacc: 11.00, tmp_test_f1: 0.39, f1: 5.89
epoch: 540, val_loss:2.530290, acc: 23.21, bacc: 11.00, tmp_test_f1: 0.39, f1: 5.89
epoch: 541, val_loss:2.528552, acc: 23.21, bacc: 11.00, tmp_test_f1: 0.39, f1: 5.89
epoch: 542, val_loss:2.528427, acc: 23.21, bacc: 11.00, tmp_test_f1: 0.39, f1: 5.89
epoch: 543, val_loss:2.529051, acc: 23.21, bacc: 11.00, tmp_test_f1: 0.39, f1: 5.89
epoch: 544, val_loss:2.531104, acc: 23.21, bacc: 11.00, tmp_test_f1: 0.39, f1: 5.89
epoch: 545, val_loss:2.533563, acc: 23.21, bacc: 11.00, tmp_test_f1: 0.39, f1: 5.89
epoch: 546, val_loss:2.535394, acc: 23.21, bacc: 11.00, tmp_test_f1: 0.40, f1: 5.89
epoch: 547, val_loss:2.533731, acc: 23.21, bacc: 11.00, tmp_test_f1: 0.42, f1: 5.89
epoch: 548, val_loss:2.531279, acc: 23.21, bacc: 11.00, tmp_test_f1: 0.45, f1: 5.89
epoch: 549, val_loss:2.528606, acc: 23.21, bacc: 11.00, tmp_test_f1: 0.46, f1: 5.89
epoch: 550, val_loss:2.527060, acc: 23.21, bacc: 11.00, tmp_test_f1: 0.46, f1: 5.89
epoch: 551, val_loss:2.526189, acc: 23.21, bacc: 11.00, tmp_test_f1: 0.45, f1: 5.89
epoch: 552, val_loss:2.526236, acc: 23.21, bacc: 11.00, tmp_test_f1: 0.42, f1: 5.89
epoch: 553, val_loss:2.526827, acc: 23.21, bacc: 11.00, tmp_test_f1: 0.39, f1: 5.89
epoch: 554, val_loss:2.528206, acc: 23.21, bacc: 11.00, tmp_test_f1: 0.39, f1: 5.89
epoch: 555, val_loss:2.529513, acc: 23.21, bacc: 11.00, tmp_test_f1: 0.38, f1: 5.89
epoch: 556, val_loss:2.530079, acc: 23.21, bacc: 11.00, tmp_test_f1: 0.39, f1: 5.89
epoch: 557, val_loss:2.529444, acc: 23.21, bacc: 11.00, tmp_test_f1: 0.39, f1: 5.89
epoch: 558, val_loss:2.528709, acc: 23.21, bacc: 11.00, tmp_test_f1: 0.40, f1: 5.89
epoch: 559, val_loss:2.527381, acc: 23.21, bacc: 11.00, tmp_test_f1: 0.42, f1: 5.89
epoch: 560, val_loss:2.526226, acc: 23.21, bacc: 11.00, tmp_test_f1: 0.45, f1: 5.89
epoch: 561, val_loss:2.526307, acc: 23.21, bacc: 11.00, tmp_test_f1: 0.45, f1: 5.89
epoch: 562, val_loss:2.526471, acc: 23.21, bacc: 11.00, tmp_test_f1: 0.42, f1: 5.89
epoch: 563, val_loss:2.527494, acc: 23.21, bacc: 11.00, tmp_test_f1: 0.41, f1: 5.89
epoch: 564, val_loss:2.529846, acc: 23.21, bacc: 11.00, tmp_test_f1: 0.39, f1: 5.89
epoch: 565, val_loss:2.531765, acc: 23.21, bacc: 11.00, tmp_test_f1: 0.39, f1: 5.89
epoch: 566, val_loss:2.533714, acc: 23.21, bacc: 11.00, tmp_test_f1: 0.39, f1: 5.89
epoch: 567, val_loss:2.534737, acc: 23.21, bacc: 11.00, tmp_test_f1: 0.39, f1: 5.89
epoch: 568, val_loss:2.536255, acc: 23.21, bacc: 11.00, tmp_test_f1: 0.39, f1: 5.89
epoch: 569, val_loss:2.536616, acc: 23.21, bacc: 11.00, tmp_test_f1: 0.39, f1: 5.89
epoch: 570, val_loss:2.536597, acc: 23.21, bacc: 11.00, tmp_test_f1: 0.40, f1: 5.89
epoch: 571, val_loss:2.535325, acc: 23.21, bacc: 11.00, tmp_test_f1: 0.42, f1: 5.89
epoch: 572, val_loss:2.532387, acc: 23.21, bacc: 11.00, tmp_test_f1: 0.45, f1: 5.89
epoch: 573, val_loss:2.528789, acc: 23.21, bacc: 11.00, tmp_test_f1: 0.45, f1: 5.89
epoch: 574, val_loss:2.525150, acc: 23.21, bacc: 11.00, tmp_test_f1: 0.45, f1: 5.89
epoch: 575, val_loss:2.522428, acc: 23.21, bacc: 11.00, tmp_test_f1: 0.45, f1: 5.89
epoch: 576, val_loss:2.521974, acc: 23.21, bacc: 11.00, tmp_test_f1: 0.41, f1: 5.89
epoch: 577, val_loss:2.522083, acc: 23.21, bacc: 11.00, tmp_test_f1: 0.39, f1: 5.89
epoch: 578, val_loss:2.522175, acc: 23.21, bacc: 11.00, tmp_test_f1: 0.39, f1: 5.89
epoch: 579, val_loss:2.523628, acc: 23.21, bacc: 11.00, tmp_test_f1: 0.36, f1: 5.89
epoch: 580, val_loss:2.525559, acc: 23.21, bacc: 11.00, tmp_test_f1: 0.36, f1: 5.89
epoch: 581, val_loss:2.527493, acc: 23.21, bacc: 11.00, tmp_test_f1: 0.36, f1: 5.89
epoch: 582, val_loss:2.529105, acc: 23.21, bacc: 11.00, tmp_test_f1: 0.35, f1: 5.89
epoch: 583, val_loss:2.530651, acc: 23.21, bacc: 11.00, tmp_test_f1: 0.36, f1: 5.89
epoch: 584, val_loss:2.530881, acc: 23.21, bacc: 11.00, tmp_test_f1: 0.36, f1: 5.89
epoch: 585, val_loss:2.529529, acc: 23.21, bacc: 11.00, tmp_test_f1: 0.39, f1: 5.89
epoch: 586, val_loss:2.528444, acc: 23.21, bacc: 11.00, tmp_test_f1: 0.39, f1: 5.89
epoch: 587, val_loss:2.527391, acc: 23.21, bacc: 11.00, tmp_test_f1: 0.40, f1: 5.89
epoch: 588, val_loss:2.525467, acc: 23.21, bacc: 11.00, tmp_test_f1: 0.42, f1: 5.89
epoch: 589, val_loss:2.524251, acc: 23.21, bacc: 11.00, tmp_test_f1: 0.45, f1: 5.89
epoch: 590, val_loss:2.522967, acc: 23.21, bacc: 11.00, tmp_test_f1: 0.45, f1: 5.89
epoch: 591, val_loss:2.522685, acc: 23.21, bacc: 11.00, tmp_test_f1: 0.45, f1: 5.89
epoch: 592, val_loss:2.523180, acc: 23.21, bacc: 11.00, tmp_test_f1: 0.41, f1: 5.89
epoch: 593, val_loss:2.524308, acc: 23.21, bacc: 11.00, tmp_test_f1: 0.39, f1: 5.89
epoch: 594, val_loss:2.525742, acc: 23.21, bacc: 11.00, tmp_test_f1: 0.39, f1: 5.89
epoch: 595, val_loss:2.526003, acc: 23.21, bacc: 11.00, tmp_test_f1: 0.38, f1: 5.89
epoch: 596, val_loss:2.525699, acc: 23.21, bacc: 11.00, tmp_test_f1: 0.36, f1: 5.89
epoch: 597, val_loss:2.525089, acc: 23.21, bacc: 11.00, tmp_test_f1: 0.36, f1: 5.89
epoch: 598, val_loss:2.525481, acc: 23.21, bacc: 11.00, tmp_test_f1: 0.39, f1: 5.89
epoch: 599, val_loss:2.526533, acc: 23.21, bacc: 11.00, tmp_test_f1: 0.39, f1: 5.89
epoch: 600, val_loss:2.527060, acc: 23.21, bacc: 11.00, tmp_test_f1: 0.39, f1: 5.89
epoch: 601, val_loss:2.526760, acc: 23.21, bacc: 11.00, tmp_test_f1: 0.39, f1: 5.89
epoch: 602, val_loss:2.526304, acc: 23.21, bacc: 11.00, tmp_test_f1: 0.39, f1: 5.89
Epoch 00603: reducing learning rate of group 0 to 1.2500e-02.
epoch: 603, val_loss:2.526544, acc: 23.21, bacc: 11.00, tmp_test_f1: 0.39, f1: 5.89
epoch: 604, val_loss:2.527350, acc: 23.21, bacc: 11.00, tmp_test_f1: 0.39, f1: 5.89
epoch: 605, val_loss:2.527503, acc: 23.21, bacc: 11.00, tmp_test_f1: 0.39, f1: 5.89
epoch: 606, val_loss:2.527568, acc: 23.21, bacc: 11.00, tmp_test_f1: 0.39, f1: 5.89
epoch: 607, val_loss:2.527763, acc: 23.21, bacc: 11.00, tmp_test_f1: 0.39, f1: 5.89
epoch: 608, val_loss:2.528083, acc: 23.21, bacc: 11.00, tmp_test_f1: 0.39, f1: 5.89
epoch: 609, val_loss:2.528117, acc: 23.21, bacc: 11.00, tmp_test_f1: 0.39, f1: 5.89
epoch: 610, val_loss:2.528112, acc: 23.21, bacc: 11.00, tmp_test_f1: 0.39, f1: 5.89
epoch: 611, val_loss:2.528005, acc: 23.21, bacc: 11.00, tmp_test_f1: 0.39, f1: 5.89
epoch: 612, val_loss:2.528062, acc: 23.21, bacc: 11.00, tmp_test_f1: 0.39, f1: 5.89
epoch: 613, val_loss:2.528173, acc: 23.21, bacc: 11.00, tmp_test_f1: 0.39, f1: 5.89
epoch: 614, val_loss:2.528394, acc: 23.21, bacc: 11.00, tmp_test_f1: 0.39, f1: 5.89
epoch: 615, val_loss:2.529267, acc: 23.21, bacc: 11.00, tmp_test_f1: 0.39, f1: 5.89
epoch: 616, val_loss:2.529523, acc: 23.21, bacc: 11.00, tmp_test_f1: 0.40, f1: 5.89
epoch: 617, val_loss:2.529102, acc: 23.21, bacc: 11.00, tmp_test_f1: 0.41, f1: 5.89
epoch: 618, val_loss:2.528507, acc: 23.21, bacc: 11.00, tmp_test_f1: 0.41, f1: 5.89
epoch: 619, val_loss:2.528302, acc: 23.21, bacc: 11.00, tmp_test_f1: 0.42, f1: 5.89
epoch: 620, val_loss:2.527648, acc: 23.21, bacc: 11.00, tmp_test_f1: 0.42, f1: 5.89
epoch: 621, val_loss:2.526737, acc: 23.21, bacc: 11.00, tmp_test_f1: 0.42, f1: 5.89
epoch: 622, val_loss:2.526372, acc: 23.21, bacc: 11.00, tmp_test_f1: 0.44, f1: 5.89
epoch: 623, val_loss:2.526273, acc: 23.21, bacc: 11.00, tmp_test_f1: 0.42, f1: 5.89
epoch: 624, val_loss:2.526155, acc: 23.21, bacc: 11.00, tmp_test_f1: 0.42, f1: 5.89
epoch: 625, val_loss:2.525852, acc: 23.21, bacc: 11.00, tmp_test_f1: 0.42, f1: 5.89
epoch: 626, val_loss:2.526399, acc: 23.21, bacc: 11.00, tmp_test_f1: 0.43, f1: 5.89
epoch: 627, val_loss:2.526392, acc: 23.21, bacc: 11.00, tmp_test_f1: 0.41, f1: 5.89
epoch: 628, val_loss:2.527011, acc: 23.21, bacc: 11.00, tmp_test_f1: 0.39, f1: 5.89
epoch: 629, val_loss:2.527631, acc: 23.21, bacc: 11.00, tmp_test_f1: 0.39, f1: 5.89
epoch: 630, val_loss:2.527916, acc: 23.21, bacc: 11.00, tmp_test_f1: 0.39, f1: 5.89
epoch: 631, val_loss:2.527979, acc: 23.21, bacc: 11.00, tmp_test_f1: 0.39, f1: 5.89
epoch: 632, val_loss:2.528195, acc: 23.21, bacc: 11.00, tmp_test_f1: 0.39, f1: 5.89
epoch: 633, val_loss:2.528726, acc: 23.21, bacc: 11.00, tmp_test_f1: 0.38, f1: 5.89
epoch: 634, val_loss:2.529850, acc: 23.21, bacc: 11.00, tmp_test_f1: 0.36, f1: 5.89
epoch: 635, val_loss:2.530373, acc: 23.21, bacc: 11.00, tmp_test_f1: 0.36, f1: 5.89
epoch: 636, val_loss:2.530798, acc: 23.21, bacc: 11.00, tmp_test_f1: 0.36, f1: 5.89
epoch: 637, val_loss:2.530944, acc: 23.21, bacc: 11.00, tmp_test_f1: 0.36, f1: 5.89
epoch: 638, val_loss:2.530637, acc: 23.21, bacc: 11.00, tmp_test_f1: 0.36, f1: 5.89
epoch: 639, val_loss:2.530277, acc: 23.21, bacc: 11.00, tmp_test_f1: 0.36, f1: 5.89
epoch: 640, val_loss:2.529623, acc: 23.21, bacc: 11.00, tmp_test_f1: 0.38, f1: 5.89
epoch: 641, val_loss:2.528931, acc: 23.21, bacc: 11.00, tmp_test_f1: 0.39, f1: 5.89
epoch: 642, val_loss:2.528104, acc: 23.21, bacc: 11.00, tmp_test_f1: 0.39, f1: 5.89
epoch: 643, val_loss:2.527291, acc: 23.21, bacc: 11.00, tmp_test_f1: 0.39, f1: 5.89
epoch: 644, val_loss:2.526637, acc: 23.21, bacc: 11.00, tmp_test_f1: 0.39, f1: 5.89
epoch: 645, val_loss:2.526552, acc: 23.21, bacc: 11.00, tmp_test_f1: 0.39, f1: 5.89
epoch: 646, val_loss:2.526919, acc: 23.21, bacc: 11.00, tmp_test_f1: 0.39, f1: 5.89
epoch: 647, val_loss:2.527337, acc: 23.21, bacc: 11.00, tmp_test_f1: 0.39, f1: 5.89
epoch: 648, val_loss:2.527163, acc: 23.21, bacc: 11.00, tmp_test_f1: 0.39, f1: 5.89
epoch: 649, val_loss:2.526973, acc: 23.21, bacc: 11.00, tmp_test_f1: 0.39, f1: 5.89
epoch: 650, val_loss:2.526643, acc: 23.21, bacc: 11.00, tmp_test_f1: 0.39, f1: 5.89
epoch: 651, val_loss:2.526423, acc: 23.21, bacc: 11.00, tmp_test_f1: 0.39, f1: 5.89
epoch: 652, val_loss:2.526248, acc: 23.21, bacc: 11.00, tmp_test_f1: 0.38, f1: 5.89
epoch: 653, val_loss:2.526114, acc: 23.21, bacc: 11.00, tmp_test_f1: 0.36, f1: 5.89
epoch: 654, val_loss:2.525580, acc: 23.21, bacc: 11.00, tmp_test_f1: 0.36, f1: 5.89
epoch: 655, val_loss:2.525400, acc: 23.21, bacc: 11.00, tmp_test_f1: 0.38, f1: 5.89
epoch: 656, val_loss:2.525322, acc: 23.21, bacc: 11.00, tmp_test_f1: 0.39, f1: 5.89
epoch: 657, val_loss:2.524621, acc: 23.21, bacc: 11.00, tmp_test_f1: 0.39, f1: 5.89
epoch: 658, val_loss:2.523928, acc: 23.21, bacc: 11.00, tmp_test_f1: 0.39, f1: 5.89
epoch: 659, val_loss:2.523542, acc: 23.21, bacc: 11.00, tmp_test_f1: 0.39, f1: 5.89
epoch: 660, val_loss:2.523067, acc: 23.21, bacc: 11.00, tmp_test_f1: 0.39, f1: 5.89
epoch: 661, val_loss:2.522857, acc: 23.21, bacc: 11.00, tmp_test_f1: 0.36, f1: 5.89
epoch: 662, val_loss:2.522706, acc: 23.21, bacc: 11.00, tmp_test_f1: 0.36, f1: 5.89
epoch: 663, val_loss:2.522786, acc: 23.21, bacc: 11.00, tmp_test_f1: 0.36, f1: 5.89
epoch: 664, val_loss:2.522463, acc: 23.21, bacc: 11.00, tmp_test_f1: 0.36, f1: 5.89
epoch: 665, val_loss:2.522727, acc: 23.21, bacc: 11.00, tmp_test_f1: 0.36, f1: 5.89
epoch: 666, val_loss:2.523362, acc: 23.21, bacc: 11.00, tmp_test_f1: 0.36, f1: 5.89
epoch: 667, val_loss:2.524365, acc: 23.21, bacc: 11.00, tmp_test_f1: 0.36, f1: 5.89
epoch: 668, val_loss:2.525501, acc: 23.21, bacc: 11.00, tmp_test_f1: 0.36, f1: 5.89
epoch: 669, val_loss:2.526607, acc: 23.21, bacc: 11.00, tmp_test_f1: 0.36, f1: 5.89
epoch: 670, val_loss:2.527959, acc: 23.21, bacc: 11.00, tmp_test_f1: 0.36, f1: 5.89
epoch: 671, val_loss:2.528973, acc: 23.21, bacc: 11.00, tmp_test_f1: 0.36, f1: 5.89
epoch: 672, val_loss:2.529393, acc: 23.21, bacc: 11.00, tmp_test_f1: 0.36, f1: 5.89
epoch: 673, val_loss:2.529570, acc: 23.21, bacc: 11.00, tmp_test_f1: 0.36, f1: 5.89
epoch: 674, val_loss:2.529092, acc: 23.21, bacc: 11.00, tmp_test_f1: 0.39, f1: 5.89
epoch: 675, val_loss:2.528340, acc: 23.21, bacc: 11.00, tmp_test_f1: 0.39, f1: 5.89
epoch: 676, val_loss:2.526885, acc: 23.21, bacc: 11.00, tmp_test_f1: 0.39, f1: 5.89
epoch: 677, val_loss:2.525110, acc: 23.21, bacc: 11.00, tmp_test_f1: 0.39, f1: 5.89
epoch: 678, val_loss:2.523893, acc: 23.21, bacc: 11.00, tmp_test_f1: 0.41, f1: 5.89
epoch: 679, val_loss:2.522772, acc: 23.21, bacc: 11.00, tmp_test_f1: 0.41, f1: 5.89
epoch: 680, val_loss:2.521930, acc: 23.21, bacc: 11.00, tmp_test_f1: 0.41, f1: 5.89
epoch: 681, val_loss:2.521199, acc: 23.21, bacc: 11.00, tmp_test_f1: 0.40, f1: 5.89
epoch: 682, val_loss:2.520656, acc: 23.21, bacc: 11.00, tmp_test_f1: 0.39, f1: 5.89
epoch: 683, val_loss:2.520830, acc: 23.21, bacc: 11.00, tmp_test_f1: 0.39, f1: 5.89
epoch: 684, val_loss:2.520503, acc: 23.21, bacc: 11.00, tmp_test_f1: 0.39, f1: 5.89
epoch: 685, val_loss:2.520518, acc: 23.21, bacc: 11.00, tmp_test_f1: 0.38, f1: 5.89
epoch: 686, val_loss:2.521255, acc: 23.21, bacc: 11.00, tmp_test_f1: 0.36, f1: 5.89
epoch: 687, val_loss:2.522689, acc: 23.21, bacc: 11.00, tmp_test_f1: 0.36, f1: 5.89
epoch: 688, val_loss:2.524150, acc: 23.21, bacc: 11.00, tmp_test_f1: 0.36, f1: 5.89
epoch: 689, val_loss:2.525024, acc: 23.21, bacc: 11.00, tmp_test_f1: 0.36, f1: 5.89
epoch: 690, val_loss:2.525780, acc: 23.21, bacc: 11.00, tmp_test_f1: 0.39, f1: 5.89
epoch: 691, val_loss:2.526581, acc: 23.21, bacc: 11.00, tmp_test_f1: 0.39, f1: 5.89
epoch: 692, val_loss:2.527650, acc: 23.21, bacc: 11.00, tmp_test_f1: 0.39, f1: 5.89
epoch: 693, val_loss:2.528642, acc: 23.21, bacc: 11.00, tmp_test_f1: 0.39, f1: 5.89
epoch: 694, val_loss:2.529625, acc: 23.21, bacc: 11.00, tmp_test_f1: 0.40, f1: 5.89
epoch: 695, val_loss:2.530037, acc: 23.21, bacc: 11.00, tmp_test_f1: 0.43, f1: 5.89
epoch: 696, val_loss:2.529736, acc: 23.21, bacc: 11.00, tmp_test_f1: 0.42, f1: 5.89
epoch: 697, val_loss:2.529839, acc: 23.21, bacc: 11.00, tmp_test_f1: 0.42, f1: 5.89
epoch: 698, val_loss:2.529846, acc: 23.21, bacc: 11.00, tmp_test_f1: 0.42, f1: 5.89
epoch: 699, val_loss:2.529564, acc: 23.21, bacc: 11.00, tmp_test_f1: 0.42, f1: 5.89
epoch: 700, val_loss:2.528727, acc: 23.21, bacc: 11.00, tmp_test_f1: 0.45, f1: 5.89
epoch: 701, val_loss:2.528177, acc: 23.21, bacc: 11.00, tmp_test_f1: 0.45, f1: 5.89
epoch: 702, val_loss:2.527558, acc: 23.21, bacc: 11.00, tmp_test_f1: 0.45, f1: 5.89
epoch: 703, val_loss:2.526834, acc: 23.21, bacc: 11.00, tmp_test_f1: 0.42, f1: 5.89
epoch: 704, val_loss:2.526855, acc: 23.21, bacc: 11.00, tmp_test_f1: 0.42, f1: 5.89
epoch: 705, val_loss:2.526414, acc: 23.21, bacc: 11.00, tmp_test_f1: 0.40, f1: 5.89
epoch: 706, val_loss:2.526631, acc: 23.21, bacc: 11.00, tmp_test_f1: 0.39, f1: 5.89
epoch: 707, val_loss:2.527035, acc: 23.21, bacc: 11.00, tmp_test_f1: 0.39, f1: 5.89
epoch: 708, val_loss:2.527810, acc: 23.21, bacc: 11.00, tmp_test_f1: 0.39, f1: 5.89
epoch: 709, val_loss:2.528710, acc: 23.21, bacc: 11.00, tmp_test_f1: 0.36, f1: 5.89
epoch: 710, val_loss:2.529495, acc: 23.21, bacc: 11.00, tmp_test_f1: 0.36, f1: 5.89
epoch: 711, val_loss:2.529960, acc: 23.21, bacc: 11.00, tmp_test_f1: 0.35, f1: 5.89
epoch: 712, val_loss:2.530399, acc: 23.21, bacc: 11.00, tmp_test_f1: 0.35, f1: 5.89
epoch: 713, val_loss:2.530289, acc: 23.21, bacc: 11.00, tmp_test_f1: 0.35, f1: 5.89
epoch: 714, val_loss:2.529364, acc: 23.21, bacc: 11.00, tmp_test_f1: 0.35, f1: 5.89
epoch: 715, val_loss:2.528294, acc: 23.21, bacc: 11.00, tmp_test_f1: 0.35, f1: 5.89
epoch: 716, val_loss:2.526948, acc: 23.21, bacc: 11.00, tmp_test_f1: 0.36, f1: 5.89
epoch: 717, val_loss:2.525881, acc: 23.21, bacc: 11.00, tmp_test_f1: 0.39, f1: 5.89
epoch: 718, val_loss:2.524919, acc: 23.21, bacc: 11.00, tmp_test_f1: 0.39, f1: 5.89
epoch: 719, val_loss:2.524562, acc: 23.21, bacc: 11.00, tmp_test_f1: 0.40, f1: 5.89
epoch: 720, val_loss:2.523997, acc: 23.21, bacc: 11.00, tmp_test_f1: 0.41, f1: 5.89
epoch: 721, val_loss:2.524422, acc: 23.21, bacc: 11.00, tmp_test_f1: 0.41, f1: 5.89
epoch: 722, val_loss:2.524974, acc: 23.21, bacc: 11.00, tmp_test_f1: 0.40, f1: 5.89
epoch: 723, val_loss:2.525627, acc: 23.21, bacc: 11.00, tmp_test_f1: 0.39, f1: 5.89
epoch: 724, val_loss:2.526369, acc: 23.21, bacc: 11.00, tmp_test_f1: 0.39, f1: 5.89
epoch: 725, val_loss:2.527131, acc: 23.21, bacc: 11.00, tmp_test_f1: 0.39, f1: 5.89
epoch: 726, val_loss:2.527368, acc: 23.21, bacc: 11.00, tmp_test_f1: 0.39, f1: 5.89
epoch: 727, val_loss:2.527565, acc: 23.21, bacc: 11.00, tmp_test_f1: 0.36, f1: 5.89
epoch: 728, val_loss:2.528080, acc: 23.21, bacc: 11.00, tmp_test_f1: 0.35, f1: 5.89
epoch: 729, val_loss:2.528732, acc: 23.21, bacc: 11.00, tmp_test_f1: 0.35, f1: 5.89
epoch: 730, val_loss:2.528784, acc: 23.21, bacc: 11.00, tmp_test_f1: 0.35, f1: 5.89
epoch: 731, val_loss:2.528932, acc: 23.21, bacc: 11.00, tmp_test_f1: 0.35, f1: 5.89
epoch: 732, val_loss:2.528958, acc: 23.21, bacc: 11.00, tmp_test_f1: 0.35, f1: 5.89
epoch: 733, val_loss:2.528567, acc: 23.21, bacc: 11.00, tmp_test_f1: 0.35, f1: 5.89
epoch: 734, val_loss:2.528355, acc: 23.21, bacc: 11.00, tmp_test_f1: 0.36, f1: 5.89
epoch: 735, val_loss:2.527642, acc: 23.21, bacc: 11.00, tmp_test_f1: 0.39, f1: 5.89
epoch: 736, val_loss:2.527034, acc: 23.21, bacc: 11.00, tmp_test_f1: 0.39, f1: 5.89
epoch: 737, val_loss:2.527185, acc: 23.21, bacc: 11.00, tmp_test_f1: 0.41, f1: 5.89
epoch: 738, val_loss:2.527302, acc: 23.21, bacc: 11.00, tmp_test_f1: 0.42, f1: 5.89
epoch: 739, val_loss:2.527520, acc: 23.21, bacc: 11.00, tmp_test_f1: 0.42, f1: 5.89
epoch: 740, val_loss:2.527488, acc: 23.21, bacc: 11.00, tmp_test_f1: 0.42, f1: 5.89
epoch: 741, val_loss:2.528281, acc: 23.21, bacc: 11.00, tmp_test_f1: 0.42, f1: 5.89
epoch: 742, val_loss:2.529033, acc: 23.21, bacc: 11.00, tmp_test_f1: 0.42, f1: 5.89
epoch: 743, val_loss:2.529665, acc: 23.21, bacc: 11.00, tmp_test_f1: 0.42, f1: 5.89
epoch: 744, val_loss:2.530834, acc: 23.21, bacc: 11.00, tmp_test_f1: 0.42, f1: 5.89
epoch: 745, val_loss:2.531583, acc: 23.21, bacc: 11.00, tmp_test_f1: 0.41, f1: 5.89
epoch: 746, val_loss:2.532053, acc: 23.21, bacc: 11.00, tmp_test_f1: 0.40, f1: 5.89
epoch: 747, val_loss:2.532212, acc: 23.21, bacc: 11.00, tmp_test_f1: 0.39, f1: 5.89
epoch: 748, val_loss:2.532084, acc: 23.21, bacc: 11.00, tmp_test_f1: 0.39, f1: 5.89
epoch: 749, val_loss:2.532230, acc: 23.21, bacc: 11.00, tmp_test_f1: 0.39, f1: 5.89
epoch: 750, val_loss:2.532429, acc: 23.21, bacc: 11.00, tmp_test_f1: 0.39, f1: 5.89
epoch: 751, val_loss:2.532117, acc: 23.21, bacc: 11.00, tmp_test_f1: 0.39, f1: 5.89
epoch: 752, val_loss:2.531088, acc: 23.21, bacc: 11.00, tmp_test_f1: 0.39, f1: 5.89
epoch: 753, val_loss:2.530230, acc: 23.21, bacc: 11.00, tmp_test_f1: 0.39, f1: 5.89
epoch: 754, val_loss:2.528942, acc: 23.21, bacc: 11.00, tmp_test_f1: 0.39, f1: 5.89
epoch: 755, val_loss:2.527163, acc: 23.21, bacc: 11.00, tmp_test_f1: 0.39, f1: 5.89
epoch: 756, val_loss:2.525635, acc: 23.21, bacc: 11.00, tmp_test_f1: 0.39, f1: 5.89
epoch: 757, val_loss:2.524176, acc: 23.21, bacc: 11.00, tmp_test_f1: 0.40, f1: 5.89
epoch: 758, val_loss:2.523049, acc: 23.21, bacc: 11.00, tmp_test_f1: 0.40, f1: 5.89
epoch: 759, val_loss:2.522093, acc: 23.21, bacc: 11.00, tmp_test_f1: 0.41, f1: 5.89
epoch: 760, val_loss:2.521656, acc: 23.21, bacc: 11.00, tmp_test_f1: 0.41, f1: 5.89
epoch: 761, val_loss:2.520988, acc: 23.21, bacc: 11.00, tmp_test_f1: 0.41, f1: 5.89
epoch: 762, val_loss:2.520597, acc: 23.21, bacc: 11.00, tmp_test_f1: 0.42, f1: 5.89
epoch: 763, val_loss:2.521045, acc: 23.21, bacc: 11.00, tmp_test_f1: 0.42, f1: 5.89
epoch: 764, val_loss:2.522365, acc: 23.21, bacc: 11.00, tmp_test_f1: 0.42, f1: 5.89
epoch: 765, val_loss:2.524011, acc: 23.21, bacc: 11.00, tmp_test_f1: 0.42, f1: 5.89
epoch: 766, val_loss:2.525666, acc: 23.21, bacc: 11.00, tmp_test_f1: 0.42, f1: 5.89
epoch: 767, val_loss:2.527186, acc: 23.21, bacc: 11.00, tmp_test_f1: 0.40, f1: 5.89
epoch: 768, val_loss:2.529028, acc: 23.21, bacc: 11.00, tmp_test_f1: 0.39, f1: 5.89
epoch: 769, val_loss:2.530462, acc: 23.21, bacc: 11.00, tmp_test_f1: 0.39, f1: 5.89
epoch: 770, val_loss:2.531977, acc: 23.21, bacc: 11.00, tmp_test_f1: 0.39, f1: 5.89
epoch: 771, val_loss:2.532868, acc: 23.21, bacc: 11.00, tmp_test_f1: 0.39, f1: 5.89
epoch: 772, val_loss:2.532566, acc: 23.21, bacc: 11.00, tmp_test_f1: 0.39, f1: 5.89
epoch: 773, val_loss:2.532182, acc: 23.21, bacc: 11.00, tmp_test_f1: 0.39, f1: 5.89
epoch: 774, val_loss:2.531756, acc: 23.21, bacc: 11.00, tmp_test_f1: 0.39, f1: 5.89
epoch: 775, val_loss:2.531094, acc: 23.21, bacc: 11.00, tmp_test_f1: 0.39, f1: 5.89
epoch: 776, val_loss:2.530498, acc: 23.21, bacc: 11.00, tmp_test_f1: 0.39, f1: 5.89
epoch: 777, val_loss:2.529522, acc: 23.21, bacc: 11.00, tmp_test_f1: 0.39, f1: 5.89
epoch: 778, val_loss:2.528877, acc: 23.21, bacc: 11.00, tmp_test_f1: 0.39, f1: 5.89
epoch: 779, val_loss:2.528571, acc: 23.21, bacc: 11.00, tmp_test_f1: 0.41, f1: 5.89
epoch: 780, val_loss:2.527727, acc: 23.21, bacc: 11.00, tmp_test_f1: 0.42, f1: 5.89
epoch: 781, val_loss:2.526834, acc: 23.21, bacc: 11.00, tmp_test_f1: 0.45, f1: 5.89
epoch: 782, val_loss:2.526369, acc: 23.21, bacc: 11.00, tmp_test_f1: 0.45, f1: 5.89
epoch: 783, val_loss:2.526364, acc: 23.21, bacc: 11.00, tmp_test_f1: 0.42, f1: 5.89
epoch: 784, val_loss:2.526692, acc: 23.21, bacc: 11.00, tmp_test_f1: 0.42, f1: 5.89
epoch: 785, val_loss:2.526883, acc: 23.21, bacc: 11.00, tmp_test_f1: 0.42, f1: 5.89
epoch: 786, val_loss:2.527121, acc: 23.21, bacc: 11.00, tmp_test_f1: 0.41, f1: 5.89
epoch: 787, val_loss:2.527237, acc: 23.21, bacc: 11.00, tmp_test_f1: 0.41, f1: 5.89
epoch: 788, val_loss:2.527624, acc: 23.21, bacc: 11.00, tmp_test_f1: 0.40, f1: 5.89
epoch: 789, val_loss:2.527444, acc: 23.21, bacc: 11.00, tmp_test_f1: 0.39, f1: 5.89
epoch: 790, val_loss:2.527612, acc: 23.21, bacc: 11.00, tmp_test_f1: 0.39, f1: 5.89
epoch: 791, val_loss:2.527819, acc: 23.21, bacc: 11.00, tmp_test_f1: 0.39, f1: 5.89
epoch: 792, val_loss:2.527617, acc: 23.21, bacc: 11.00, tmp_test_f1: 0.39, f1: 5.89
epoch: 793, val_loss:2.527638, acc: 23.21, bacc: 11.00, tmp_test_f1: 0.39, f1: 5.89
epoch: 794, val_loss:2.528206, acc: 23.21, bacc: 11.00, tmp_test_f1: 0.40, f1: 5.89
epoch: 795, val_loss:2.528604, acc: 23.21, bacc: 11.00, tmp_test_f1: 0.40, f1: 5.89
epoch: 796, val_loss:2.529254, acc: 23.21, bacc: 11.00, tmp_test_f1: 0.40, f1: 5.89
epoch: 797, val_loss:2.529936, acc: 23.21, bacc: 11.00, tmp_test_f1: 0.40, f1: 5.89
epoch: 798, val_loss:2.530437, acc: 23.21, bacc: 11.00, tmp_test_f1: 0.40, f1: 5.89
epoch: 799, val_loss:2.530526, acc: 23.21, bacc: 11.00, tmp_test_f1: 0.41, f1: 5.89
epoch: 800, val_loss:2.529967, acc: 23.21, bacc: 11.00, tmp_test_f1: 0.40, f1: 5.89
epoch: 801, val_loss:2.529174, acc: 23.21, bacc: 11.00, tmp_test_f1: 0.40, f1: 5.89
epoch: 802, val_loss:2.528303, acc: 23.21, bacc: 11.00, tmp_test_f1: 0.40, f1: 5.89
epoch: 803, val_loss:2.528017, acc: 23.21, bacc: 11.00, tmp_test_f1: 0.40, f1: 5.89
APPNP Amazon-Computers 100 Aug 2311 EndEpoch 803 lr 0.1
SHAsplit  0, acc: 23.21, bacc: 11.00, f1: 5.89
