CUDA Device Index: 2
Namespace(IsDirectedData=False, AugDirect=20, net='APPNP', GPUdevice=2, seed=100, undirect_dataset='Amazon-Computers', Direct_dataset='WikipediaNetwork/squirrel', imb_ratio=100, dropout=0.1, num_filter=2, layer=2, alpha=0.1, K=2, feat_dim=64, warmup=5, epoch=1500, lr=0.1, l2=0.0005, tau=2, max=False, no_mask=False, gdc='ppr', heads=8, log_root='../logs/', log_path='test', data_path='../dataset/data/tmp/')
APPNP_ModelBen(
  (line1): Linear(in_features=767, out_features=2, bias=True)
  (line2): Linear(in_features=2, out_features=2, bias=True)
  (conv1): APPNP(K=10, alpha=0.1)
  (conv2): APPNP(K=10, alpha=0.1)
  (Conv): Conv1d(2, 10, kernel_size=(1,), stride=(1,))
)
test_f1 CountNotImproved reset to 0 in epoch 0
epoch:   0, val_loss:2.390158, acc: 3.11, bacc: 10.03, tmp_test_f1: 0.66, f1: 0.66
test_f1 CountNotImproved reset to 0 in epoch 1
epoch:   1, val_loss:2.398376, acc: 20.18, bacc: 10.66, tmp_test_f1: 4.83, f1: 4.83
test_f1 CountNotImproved reset to 0 in epoch 2
epoch:   2, val_loss:2.442399, acc: 23.21, bacc: 11.00, tmp_test_f1: 5.89, f1: 5.89
epoch:   3, val_loss:2.520634, acc: 23.21, bacc: 11.00, tmp_test_f1: 3.10, f1: 5.89
epoch:   4, val_loss:2.635915, acc: 23.21, bacc: 11.00, tmp_test_f1: 3.19, f1: 5.89
epoch:   5, val_loss:2.795862, acc: 23.21, bacc: 11.00, tmp_test_f1: 3.19, f1: 5.89
epoch:   6, val_loss:2.941254, acc: 23.21, bacc: 11.00, tmp_test_f1: 2.75, f1: 5.89
epoch:   7, val_loss:2.916839, acc: 23.21, bacc: 11.00, tmp_test_f1: 2.05, f1: 5.89
epoch:   8, val_loss:2.834522, acc: 23.21, bacc: 11.00, tmp_test_f1: 0.95, f1: 5.89
epoch:   9, val_loss:2.739845, acc: 23.21, bacc: 11.00, tmp_test_f1: 0.17, f1: 5.89
epoch:  10, val_loss:2.647099, acc: 23.21, bacc: 11.00, tmp_test_f1: 0.17, f1: 5.89
epoch:  11, val_loss:2.573118, acc: 23.21, bacc: 11.00, tmp_test_f1: 0.17, f1: 5.89
epoch:  12, val_loss:2.522078, acc: 23.21, bacc: 11.00, tmp_test_f1: 0.17, f1: 5.89
epoch:  13, val_loss:2.489948, acc: 23.21, bacc: 11.00, tmp_test_f1: 0.17, f1: 5.89
epoch:  14, val_loss:2.470856, acc: 23.21, bacc: 11.00, tmp_test_f1: 0.17, f1: 5.89
epoch:  15, val_loss:2.457465, acc: 23.21, bacc: 11.00, tmp_test_f1: 0.17, f1: 5.89
epoch:  16, val_loss:2.455470, acc: 23.21, bacc: 11.00, tmp_test_f1: 0.17, f1: 5.89
epoch:  17, val_loss:2.456388, acc: 23.21, bacc: 11.00, tmp_test_f1: 0.17, f1: 5.89
epoch:  18, val_loss:2.459015, acc: 23.21, bacc: 11.00, tmp_test_f1: 0.17, f1: 5.89
epoch:  19, val_loss:2.462456, acc: 23.21, bacc: 11.00, tmp_test_f1: 0.17, f1: 5.89
epoch:  20, val_loss:2.466024, acc: 23.21, bacc: 11.00, tmp_test_f1: 0.17, f1: 5.89
epoch:  21, val_loss:2.469126, acc: 23.21, bacc: 11.00, tmp_test_f1: 0.17, f1: 5.89
epoch:  22, val_loss:2.471439, acc: 23.21, bacc: 11.00, tmp_test_f1: 0.17, f1: 5.89
epoch:  23, val_loss:2.472758, acc: 23.21, bacc: 11.00, tmp_test_f1: 0.17, f1: 5.89
epoch:  24, val_loss:2.473043, acc: 23.21, bacc: 11.00, tmp_test_f1: 0.17, f1: 5.89
epoch:  25, val_loss:2.472328, acc: 23.21, bacc: 11.00, tmp_test_f1: 0.17, f1: 5.89
epoch:  26, val_loss:2.470753, acc: 23.21, bacc: 11.00, tmp_test_f1: 0.17, f1: 5.89
epoch:  27, val_loss:2.468460, acc: 23.21, bacc: 11.00, tmp_test_f1: 0.17, f1: 5.89
epoch:  28, val_loss:2.465683, acc: 23.21, bacc: 11.00, tmp_test_f1: 0.17, f1: 5.89
epoch:  29, val_loss:2.462610, acc: 23.21, bacc: 11.00, tmp_test_f1: 0.17, f1: 5.89
epoch:  30, val_loss:2.459433, acc: 23.21, bacc: 11.00, tmp_test_f1: 0.17, f1: 5.89
epoch:  31, val_loss:2.456161, acc: 23.21, bacc: 11.00, tmp_test_f1: 0.17, f1: 5.89
epoch:  32, val_loss:2.452988, acc: 23.21, bacc: 11.00, tmp_test_f1: 0.17, f1: 5.89
epoch:  33, val_loss:2.450009, acc: 23.21, bacc: 11.00, tmp_test_f1: 0.17, f1: 5.89
epoch:  34, val_loss:2.447254, acc: 23.21, bacc: 11.00, tmp_test_f1: 0.17, f1: 5.89
epoch:  35, val_loss:2.444921, acc: 23.21, bacc: 11.00, tmp_test_f1: 0.17, f1: 5.89
epoch:  36, val_loss:2.443045, acc: 23.21, bacc: 11.00, tmp_test_f1: 0.17, f1: 5.89
epoch:  37, val_loss:2.441653, acc: 23.21, bacc: 11.00, tmp_test_f1: 0.17, f1: 5.89
epoch:  38, val_loss:2.440752, acc: 23.21, bacc: 11.00, tmp_test_f1: 0.17, f1: 5.89
epoch:  39, val_loss:2.440428, acc: 23.21, bacc: 11.00, tmp_test_f1: 0.17, f1: 5.89
epoch:  40, val_loss:2.440694, acc: 23.21, bacc: 11.00, tmp_test_f1: 0.17, f1: 5.89
epoch:  41, val_loss:2.441556, acc: 23.21, bacc: 11.00, tmp_test_f1: 0.17, f1: 5.89
epoch:  42, val_loss:2.442948, acc: 23.21, bacc: 11.00, tmp_test_f1: 0.17, f1: 5.89
epoch:  43, val_loss:2.444538, acc: 23.21, bacc: 11.00, tmp_test_f1: 0.17, f1: 5.89
epoch:  44, val_loss:2.446283, acc: 23.21, bacc: 11.00, tmp_test_f1: 0.17, f1: 5.89
epoch:  45, val_loss:2.448291, acc: 23.21, bacc: 11.00, tmp_test_f1: 0.17, f1: 5.89
epoch:  46, val_loss:2.450375, acc: 23.21, bacc: 11.00, tmp_test_f1: 0.17, f1: 5.89
epoch:  47, val_loss:2.452248, acc: 23.21, bacc: 11.00, tmp_test_f1: 0.17, f1: 5.89
epoch:  48, val_loss:2.453924, acc: 23.21, bacc: 11.00, tmp_test_f1: 0.17, f1: 5.89
epoch:  49, val_loss:2.455237, acc: 23.21, bacc: 11.00, tmp_test_f1: 0.17, f1: 5.89
epoch:  50, val_loss:2.455873, acc: 23.21, bacc: 11.00, tmp_test_f1: 0.17, f1: 5.89
epoch:  51, val_loss:2.455938, acc: 23.21, bacc: 11.00, tmp_test_f1: 0.17, f1: 5.89
epoch:  52, val_loss:2.455402, acc: 23.21, bacc: 11.00, tmp_test_f1: 0.19, f1: 5.89
epoch:  53, val_loss:2.454461, acc: 23.21, bacc: 11.00, tmp_test_f1: 0.21, f1: 5.89
epoch:  54, val_loss:2.453286, acc: 23.21, bacc: 11.00, tmp_test_f1: 0.21, f1: 5.89
epoch:  55, val_loss:2.452073, acc: 23.21, bacc: 11.00, tmp_test_f1: 0.21, f1: 5.89
epoch:  56, val_loss:2.450709, acc: 23.21, bacc: 11.00, tmp_test_f1: 0.21, f1: 5.89
epoch:  57, val_loss:2.449525, acc: 23.21, bacc: 11.00, tmp_test_f1: 0.21, f1: 5.89
epoch:  58, val_loss:2.449005, acc: 23.21, bacc: 11.00, tmp_test_f1: 0.21, f1: 5.89
epoch:  59, val_loss:2.449535, acc: 23.21, bacc: 11.00, tmp_test_f1: 0.21, f1: 5.89
epoch:  60, val_loss:2.451150, acc: 23.21, bacc: 11.00, tmp_test_f1: 0.22, f1: 5.89
epoch:  61, val_loss:2.453669, acc: 23.21, bacc: 11.00, tmp_test_f1: 0.24, f1: 5.89
epoch:  62, val_loss:2.456974, acc: 23.21, bacc: 11.00, tmp_test_f1: 0.25, f1: 5.89
epoch:  63, val_loss:2.460517, acc: 23.21, bacc: 11.00, tmp_test_f1: 0.25, f1: 5.89
epoch:  64, val_loss:2.464572, acc: 23.21, bacc: 11.00, tmp_test_f1: 0.25, f1: 5.89
epoch:  65, val_loss:2.468278, acc: 23.21, bacc: 11.00, tmp_test_f1: 0.25, f1: 5.89
epoch:  66, val_loss:2.471610, acc: 23.21, bacc: 11.00, tmp_test_f1: 0.27, f1: 5.89
epoch:  67, val_loss:2.474300, acc: 23.21, bacc: 11.00, tmp_test_f1: 0.27, f1: 5.89
epoch:  68, val_loss:2.476604, acc: 23.21, bacc: 11.00, tmp_test_f1: 0.27, f1: 5.89
epoch:  69, val_loss:2.477736, acc: 23.21, bacc: 11.00, tmp_test_f1: 0.27, f1: 5.89
epoch:  70, val_loss:2.478747, acc: 23.21, bacc: 11.00, tmp_test_f1: 0.27, f1: 5.89
epoch:  71, val_loss:2.479747, acc: 23.21, bacc: 11.00, tmp_test_f1: 0.27, f1: 5.89
epoch:  72, val_loss:2.479054, acc: 23.21, bacc: 11.00, tmp_test_f1: 0.27, f1: 5.89
epoch:  73, val_loss:2.478406, acc: 23.21, bacc: 11.00, tmp_test_f1: 0.27, f1: 5.89
epoch:  74, val_loss:2.477921, acc: 23.21, bacc: 11.00, tmp_test_f1: 0.27, f1: 5.89
epoch:  75, val_loss:2.477414, acc: 23.21, bacc: 11.00, tmp_test_f1: 0.30, f1: 5.89
epoch:  76, val_loss:2.477108, acc: 23.21, bacc: 11.00, tmp_test_f1: 0.31, f1: 5.89
epoch:  77, val_loss:2.476554, acc: 23.21, bacc: 11.00, tmp_test_f1: 0.32, f1: 5.89
epoch:  78, val_loss:2.477495, acc: 23.21, bacc: 11.00, tmp_test_f1: 0.32, f1: 5.89
epoch:  79, val_loss:2.479295, acc: 23.21, bacc: 11.00, tmp_test_f1: 0.32, f1: 5.89
epoch:  80, val_loss:2.481573, acc: 23.21, bacc: 11.00, tmp_test_f1: 0.32, f1: 5.89
epoch:  81, val_loss:2.485201, acc: 23.21, bacc: 11.00, tmp_test_f1: 0.32, f1: 5.89
epoch:  82, val_loss:2.488174, acc: 23.21, bacc: 11.00, tmp_test_f1: 0.32, f1: 5.89
epoch:  83, val_loss:2.490598, acc: 23.21, bacc: 11.00, tmp_test_f1: 0.34, f1: 5.89
epoch:  84, val_loss:2.493266, acc: 23.21, bacc: 11.00, tmp_test_f1: 0.34, f1: 5.89
epoch:  85, val_loss:2.496346, acc: 23.21, bacc: 11.00, tmp_test_f1: 0.34, f1: 5.89
epoch:  86, val_loss:2.499346, acc: 23.21, bacc: 11.00, tmp_test_f1: 0.34, f1: 5.89
epoch:  87, val_loss:2.499557, acc: 23.21, bacc: 11.00, tmp_test_f1: 0.34, f1: 5.89
epoch:  88, val_loss:2.498186, acc: 23.21, bacc: 11.00, tmp_test_f1: 0.35, f1: 5.89
epoch:  89, val_loss:2.495632, acc: 23.21, bacc: 11.00, tmp_test_f1: 0.35, f1: 5.89
epoch:  90, val_loss:2.492917, acc: 23.21, bacc: 11.00, tmp_test_f1: 0.35, f1: 5.89
epoch:  91, val_loss:2.491897, acc: 23.21, bacc: 11.00, tmp_test_f1: 0.35, f1: 5.89
epoch:  92, val_loss:2.493185, acc: 23.21, bacc: 11.00, tmp_test_f1: 0.35, f1: 5.89
epoch:  93, val_loss:2.496917, acc: 23.21, bacc: 11.00, tmp_test_f1: 0.34, f1: 5.89
epoch:  94, val_loss:2.501159, acc: 23.21, bacc: 11.00, tmp_test_f1: 0.34, f1: 5.89
epoch:  95, val_loss:2.504756, acc: 23.21, bacc: 11.00, tmp_test_f1: 0.34, f1: 5.89
epoch:  96, val_loss:2.506128, acc: 23.21, bacc: 11.00, tmp_test_f1: 0.34, f1: 5.89
epoch:  97, val_loss:2.505874, acc: 23.21, bacc: 11.00, tmp_test_f1: 0.35, f1: 5.89
epoch:  98, val_loss:2.505953, acc: 23.21, bacc: 11.00, tmp_test_f1: 0.34, f1: 5.89
epoch:  99, val_loss:2.505876, acc: 23.21, bacc: 11.00, tmp_test_f1: 0.34, f1: 5.89
epoch: 100, val_loss:2.505884, acc: 23.21, bacc: 11.00, tmp_test_f1: 0.32, f1: 5.89
epoch: 101, val_loss:2.505965, acc: 23.21, bacc: 11.00, tmp_test_f1: 0.31, f1: 5.89
epoch: 102, val_loss:2.505450, acc: 23.21, bacc: 11.00, tmp_test_f1: 0.32, f1: 5.89
epoch: 103, val_loss:2.502761, acc: 23.21, bacc: 11.00, tmp_test_f1: 0.34, f1: 5.89
epoch: 104, val_loss:2.501159, acc: 23.21, bacc: 11.00, tmp_test_f1: 0.34, f1: 5.89
epoch: 105, val_loss:2.499240, acc: 23.21, bacc: 11.00, tmp_test_f1: 0.35, f1: 5.89
epoch: 106, val_loss:2.498210, acc: 23.21, bacc: 11.00, tmp_test_f1: 0.35, f1: 5.89
epoch: 107, val_loss:2.497164, acc: 23.21, bacc: 11.00, tmp_test_f1: 0.36, f1: 5.89
epoch: 108, val_loss:2.498990, acc: 23.21, bacc: 11.00, tmp_test_f1: 0.36, f1: 5.89
epoch: 109, val_loss:2.500846, acc: 23.21, bacc: 11.00, tmp_test_f1: 0.35, f1: 5.89
epoch: 110, val_loss:2.504807, acc: 23.21, bacc: 11.00, tmp_test_f1: 0.35, f1: 5.89
epoch: 111, val_loss:2.506952, acc: 23.21, bacc: 11.00, tmp_test_f1: 0.35, f1: 5.89
epoch: 112, val_loss:2.507654, acc: 23.21, bacc: 11.00, tmp_test_f1: 0.35, f1: 5.89
epoch: 113, val_loss:2.506074, acc: 23.21, bacc: 11.00, tmp_test_f1: 0.35, f1: 5.89
epoch: 114, val_loss:2.505301, acc: 23.21, bacc: 11.00, tmp_test_f1: 0.35, f1: 5.89
epoch: 115, val_loss:2.503502, acc: 23.21, bacc: 11.00, tmp_test_f1: 0.34, f1: 5.89
epoch: 116, val_loss:2.501868, acc: 23.21, bacc: 11.00, tmp_test_f1: 0.34, f1: 5.89
epoch: 117, val_loss:2.501538, acc: 23.21, bacc: 11.00, tmp_test_f1: 0.34, f1: 5.89
epoch: 118, val_loss:2.503751, acc: 23.21, bacc: 11.00, tmp_test_f1: 0.34, f1: 5.89
epoch: 119, val_loss:2.504505, acc: 23.21, bacc: 11.00, tmp_test_f1: 0.35, f1: 5.89
epoch: 120, val_loss:2.506072, acc: 23.21, bacc: 11.00, tmp_test_f1: 0.35, f1: 5.89
epoch: 121, val_loss:2.507841, acc: 23.21, bacc: 11.00, tmp_test_f1: 0.35, f1: 5.89
epoch: 122, val_loss:2.510828, acc: 23.21, bacc: 11.00, tmp_test_f1: 0.35, f1: 5.89
epoch: 123, val_loss:2.512935, acc: 23.21, bacc: 11.00, tmp_test_f1: 0.36, f1: 5.89
epoch: 124, val_loss:2.515323, acc: 23.21, bacc: 11.00, tmp_test_f1: 0.39, f1: 5.89
epoch: 125, val_loss:2.514984, acc: 23.21, bacc: 11.00, tmp_test_f1: 0.39, f1: 5.89
epoch: 126, val_loss:2.513628, acc: 23.21, bacc: 11.00, tmp_test_f1: 0.36, f1: 5.89
epoch: 127, val_loss:2.513053, acc: 23.21, bacc: 11.00, tmp_test_f1: 0.35, f1: 5.89
epoch: 128, val_loss:2.513003, acc: 23.21, bacc: 11.00, tmp_test_f1: 0.36, f1: 5.89
epoch: 129, val_loss:2.511050, acc: 23.21, bacc: 11.00, tmp_test_f1: 0.39, f1: 5.89
epoch: 130, val_loss:2.507066, acc: 23.21, bacc: 11.00, tmp_test_f1: 0.39, f1: 5.89
epoch: 131, val_loss:2.505009, acc: 23.21, bacc: 11.00, tmp_test_f1: 0.39, f1: 5.89
epoch: 132, val_loss:2.506120, acc: 23.21, bacc: 11.00, tmp_test_f1: 0.44, f1: 5.89
epoch: 133, val_loss:2.509027, acc: 23.21, bacc: 11.00, tmp_test_f1: 0.44, f1: 5.89
epoch: 134, val_loss:2.515223, acc: 23.21, bacc: 11.00, tmp_test_f1: 0.39, f1: 5.89
epoch: 135, val_loss:2.523901, acc: 23.21, bacc: 11.00, tmp_test_f1: 0.35, f1: 5.89
epoch: 136, val_loss:2.528579, acc: 23.21, bacc: 11.00, tmp_test_f1: 0.34, f1: 5.89
epoch: 137, val_loss:2.530241, acc: 23.21, bacc: 11.00, tmp_test_f1: 0.34, f1: 5.89
epoch: 138, val_loss:2.528689, acc: 23.21, bacc: 11.00, tmp_test_f1: 0.34, f1: 5.89
epoch: 139, val_loss:2.525414, acc: 23.21, bacc: 11.00, tmp_test_f1: 0.34, f1: 5.89
epoch: 140, val_loss:2.519001, acc: 23.21, bacc: 11.00, tmp_test_f1: 0.35, f1: 5.89
epoch: 141, val_loss:2.511193, acc: 23.21, bacc: 11.00, tmp_test_f1: 0.39, f1: 5.89
epoch: 142, val_loss:2.505944, acc: 23.21, bacc: 11.00, tmp_test_f1: 0.41, f1: 5.89
epoch: 143, val_loss:2.502679, acc: 23.21, bacc: 11.00, tmp_test_f1: 0.43, f1: 5.89
epoch: 144, val_loss:2.502579, acc: 23.21, bacc: 11.00, tmp_test_f1: 0.39, f1: 5.89
epoch: 145, val_loss:2.505755, acc: 23.21, bacc: 11.00, tmp_test_f1: 0.36, f1: 5.89
epoch: 146, val_loss:2.510889, acc: 23.21, bacc: 11.00, tmp_test_f1: 0.34, f1: 5.89
epoch: 147, val_loss:2.517071, acc: 23.21, bacc: 11.00, tmp_test_f1: 0.32, f1: 5.89
epoch: 148, val_loss:2.520730, acc: 23.21, bacc: 11.00, tmp_test_f1: 0.34, f1: 5.89
epoch: 149, val_loss:2.519239, acc: 23.21, bacc: 11.00, tmp_test_f1: 0.35, f1: 5.89
epoch: 150, val_loss:2.514805, acc: 23.21, bacc: 11.00, tmp_test_f1: 0.36, f1: 5.89
epoch: 151, val_loss:2.509935, acc: 23.21, bacc: 11.00, tmp_test_f1: 0.38, f1: 5.89
epoch: 152, val_loss:2.505372, acc: 23.21, bacc: 11.00, tmp_test_f1: 0.39, f1: 5.89
epoch: 153, val_loss:2.500055, acc: 23.21, bacc: 11.00, tmp_test_f1: 0.41, f1: 5.89
epoch: 154, val_loss:2.496881, acc: 23.21, bacc: 11.00, tmp_test_f1: 0.39, f1: 5.89
epoch: 155, val_loss:2.498463, acc: 23.21, bacc: 11.00, tmp_test_f1: 0.35, f1: 5.89
epoch: 156, val_loss:2.503805, acc: 23.21, bacc: 11.00, tmp_test_f1: 0.34, f1: 5.89
epoch: 157, val_loss:2.512600, acc: 23.21, bacc: 11.00, tmp_test_f1: 0.34, f1: 5.89
epoch: 158, val_loss:2.518079, acc: 23.21, bacc: 11.00, tmp_test_f1: 0.34, f1: 5.89
epoch: 159, val_loss:2.520725, acc: 23.21, bacc: 11.00, tmp_test_f1: 0.34, f1: 5.89
epoch: 160, val_loss:2.520233, acc: 23.21, bacc: 11.00, tmp_test_f1: 0.35, f1: 5.89
epoch: 161, val_loss:2.518252, acc: 23.21, bacc: 11.00, tmp_test_f1: 0.36, f1: 5.89
epoch: 162, val_loss:2.514271, acc: 23.21, bacc: 11.00, tmp_test_f1: 0.36, f1: 5.89
epoch: 163, val_loss:2.509985, acc: 23.21, bacc: 11.00, tmp_test_f1: 0.36, f1: 5.89
epoch: 164, val_loss:2.505955, acc: 23.21, bacc: 11.00, tmp_test_f1: 0.36, f1: 5.89
epoch: 165, val_loss:2.499963, acc: 23.21, bacc: 11.00, tmp_test_f1: 0.35, f1: 5.89
epoch: 166, val_loss:2.498970, acc: 23.21, bacc: 11.00, tmp_test_f1: 0.35, f1: 5.89
epoch: 167, val_loss:2.498168, acc: 23.21, bacc: 11.00, tmp_test_f1: 0.35, f1: 5.89
epoch: 168, val_loss:2.499334, acc: 23.21, bacc: 11.00, tmp_test_f1: 0.35, f1: 5.89
epoch: 169, val_loss:2.502083, acc: 23.21, bacc: 11.00, tmp_test_f1: 0.36, f1: 5.89
epoch: 170, val_loss:2.505786, acc: 23.21, bacc: 11.00, tmp_test_f1: 0.36, f1: 5.89
epoch: 171, val_loss:2.510762, acc: 23.21, bacc: 11.00, tmp_test_f1: 0.36, f1: 5.89
epoch: 172, val_loss:2.514103, acc: 23.21, bacc: 11.00, tmp_test_f1: 0.35, f1: 5.89
epoch: 173, val_loss:2.516293, acc: 23.21, bacc: 11.00, tmp_test_f1: 0.35, f1: 5.89
epoch: 174, val_loss:2.518474, acc: 23.21, bacc: 11.00, tmp_test_f1: 0.35, f1: 5.89
epoch: 175, val_loss:2.516873, acc: 23.21, bacc: 11.00, tmp_test_f1: 0.39, f1: 5.89
epoch: 176, val_loss:2.514491, acc: 23.21, bacc: 11.00, tmp_test_f1: 0.39, f1: 5.89
epoch: 177, val_loss:2.511511, acc: 23.21, bacc: 11.00, tmp_test_f1: 0.42, f1: 5.89
epoch: 178, val_loss:2.507266, acc: 23.21, bacc: 11.00, tmp_test_f1: 0.45, f1: 5.89
epoch: 179, val_loss:2.502989, acc: 23.21, bacc: 11.00, tmp_test_f1: 0.42, f1: 5.89
epoch: 180, val_loss:2.499497, acc: 23.21, bacc: 11.00, tmp_test_f1: 0.42, f1: 5.89
epoch: 181, val_loss:2.498785, acc: 23.21, bacc: 11.00, tmp_test_f1: 0.39, f1: 5.89
epoch: 182, val_loss:2.502959, acc: 23.21, bacc: 11.00, tmp_test_f1: 0.36, f1: 5.89
epoch: 183, val_loss:2.507323, acc: 23.21, bacc: 11.00, tmp_test_f1: 0.35, f1: 5.89
epoch: 184, val_loss:2.511004, acc: 23.21, bacc: 11.00, tmp_test_f1: 0.35, f1: 5.89
epoch: 185, val_loss:2.514459, acc: 23.21, bacc: 11.00, tmp_test_f1: 0.35, f1: 5.89
epoch: 186, val_loss:2.515183, acc: 23.21, bacc: 11.00, tmp_test_f1: 0.36, f1: 5.89
epoch: 187, val_loss:2.514279, acc: 23.21, bacc: 11.00, tmp_test_f1: 0.36, f1: 5.89
epoch: 188, val_loss:2.514019, acc: 23.21, bacc: 11.00, tmp_test_f1: 0.36, f1: 5.89
epoch: 189, val_loss:2.515459, acc: 23.21, bacc: 11.00, tmp_test_f1: 0.39, f1: 5.89
epoch: 190, val_loss:2.513140, acc: 23.21, bacc: 11.00, tmp_test_f1: 0.40, f1: 5.89
epoch: 191, val_loss:2.511245, acc: 23.21, bacc: 11.00, tmp_test_f1: 0.42, f1: 5.89
epoch: 192, val_loss:2.509228, acc: 23.21, bacc: 11.00, tmp_test_f1: 0.39, f1: 5.89
epoch: 193, val_loss:2.509669, acc: 23.21, bacc: 11.00, tmp_test_f1: 0.39, f1: 5.89
epoch: 194, val_loss:2.509057, acc: 23.21, bacc: 11.00, tmp_test_f1: 0.39, f1: 5.89
epoch: 195, val_loss:2.507394, acc: 23.21, bacc: 11.00, tmp_test_f1: 0.36, f1: 5.89
epoch: 196, val_loss:2.507760, acc: 23.21, bacc: 11.00, tmp_test_f1: 0.36, f1: 5.89
epoch: 197, val_loss:2.507390, acc: 23.21, bacc: 11.00, tmp_test_f1: 0.36, f1: 5.89
epoch: 198, val_loss:2.507983, acc: 23.21, bacc: 11.00, tmp_test_f1: 0.39, f1: 5.89
epoch: 199, val_loss:2.509284, acc: 23.21, bacc: 11.00, tmp_test_f1: 0.39, f1: 5.89
epoch: 200, val_loss:2.509076, acc: 23.21, bacc: 11.00, tmp_test_f1: 0.39, f1: 5.89
Epoch 00201: reducing learning rate of group 0 to 5.0000e-02.
epoch: 201, val_loss:2.508999, acc: 23.21, bacc: 11.00, tmp_test_f1: 0.39, f1: 5.89
epoch: 202, val_loss:2.508451, acc: 23.21, bacc: 11.00, tmp_test_f1: 0.39, f1: 5.89
epoch: 203, val_loss:2.507628, acc: 23.21, bacc: 11.00, tmp_test_f1: 0.36, f1: 5.89
epoch: 204, val_loss:2.507447, acc: 23.21, bacc: 11.00, tmp_test_f1: 0.35, f1: 5.89
epoch: 205, val_loss:2.507078, acc: 23.21, bacc: 11.00, tmp_test_f1: 0.35, f1: 5.89
epoch: 206, val_loss:2.506487, acc: 23.21, bacc: 11.00, tmp_test_f1: 0.35, f1: 5.89
epoch: 207, val_loss:2.507159, acc: 23.21, bacc: 11.00, tmp_test_f1: 0.35, f1: 5.89
epoch: 208, val_loss:2.506902, acc: 23.21, bacc: 11.00, tmp_test_f1: 0.35, f1: 5.89
epoch: 209, val_loss:2.505660, acc: 23.21, bacc: 11.00, tmp_test_f1: 0.35, f1: 5.89
epoch: 210, val_loss:2.506076, acc: 23.21, bacc: 11.00, tmp_test_f1: 0.35, f1: 5.89
epoch: 211, val_loss:2.506532, acc: 23.21, bacc: 11.00, tmp_test_f1: 0.35, f1: 5.89
epoch: 212, val_loss:2.507193, acc: 23.21, bacc: 11.00, tmp_test_f1: 0.38, f1: 5.89
epoch: 213, val_loss:2.506629, acc: 23.21, bacc: 11.00, tmp_test_f1: 0.39, f1: 5.89
epoch: 214, val_loss:2.505904, acc: 23.21, bacc: 11.00, tmp_test_f1: 0.39, f1: 5.89
epoch: 215, val_loss:2.506177, acc: 23.21, bacc: 11.00, tmp_test_f1: 0.39, f1: 5.89
epoch: 216, val_loss:2.506999, acc: 23.21, bacc: 11.00, tmp_test_f1: 0.38, f1: 5.89
epoch: 217, val_loss:2.508300, acc: 23.21, bacc: 11.00, tmp_test_f1: 0.35, f1: 5.89
epoch: 218, val_loss:2.511053, acc: 23.21, bacc: 11.00, tmp_test_f1: 0.35, f1: 5.89
epoch: 219, val_loss:2.511826, acc: 23.21, bacc: 11.00, tmp_test_f1: 0.36, f1: 5.89
epoch: 220, val_loss:2.511213, acc: 23.21, bacc: 11.00, tmp_test_f1: 0.38, f1: 5.89
epoch: 221, val_loss:2.510628, acc: 23.21, bacc: 11.00, tmp_test_f1: 0.39, f1: 5.89
epoch: 222, val_loss:2.508466, acc: 23.21, bacc: 11.00, tmp_test_f1: 0.39, f1: 5.89
epoch: 223, val_loss:2.506040, acc: 23.21, bacc: 11.00, tmp_test_f1: 0.39, f1: 5.89
epoch: 224, val_loss:2.505379, acc: 23.21, bacc: 11.00, tmp_test_f1: 0.38, f1: 5.89
epoch: 225, val_loss:2.505836, acc: 23.21, bacc: 11.00, tmp_test_f1: 0.37, f1: 5.89
epoch: 226, val_loss:2.506025, acc: 23.21, bacc: 11.00, tmp_test_f1: 0.35, f1: 5.89
epoch: 227, val_loss:2.507116, acc: 23.21, bacc: 11.00, tmp_test_f1: 0.35, f1: 5.89
epoch: 228, val_loss:2.507883, acc: 23.21, bacc: 11.00, tmp_test_f1: 0.35, f1: 5.89
epoch: 229, val_loss:2.508324, acc: 23.21, bacc: 11.00, tmp_test_f1: 0.35, f1: 5.89
epoch: 230, val_loss:2.507532, acc: 23.21, bacc: 11.00, tmp_test_f1: 0.35, f1: 5.89
epoch: 231, val_loss:2.506591, acc: 23.21, bacc: 11.00, tmp_test_f1: 0.35, f1: 5.89
epoch: 232, val_loss:2.505954, acc: 23.21, bacc: 11.00, tmp_test_f1: 0.35, f1: 5.89
epoch: 233, val_loss:2.505304, acc: 23.21, bacc: 11.00, tmp_test_f1: 0.35, f1: 5.89
epoch: 234, val_loss:2.504530, acc: 23.21, bacc: 11.00, tmp_test_f1: 0.35, f1: 5.89
epoch: 235, val_loss:2.502728, acc: 23.21, bacc: 11.00, tmp_test_f1: 0.36, f1: 5.89
epoch: 236, val_loss:2.501615, acc: 23.21, bacc: 11.00, tmp_test_f1: 0.35, f1: 5.89
epoch: 237, val_loss:2.503161, acc: 23.21, bacc: 11.00, tmp_test_f1: 0.35, f1: 5.89
epoch: 238, val_loss:2.504393, acc: 23.21, bacc: 11.00, tmp_test_f1: 0.35, f1: 5.89
epoch: 239, val_loss:2.506318, acc: 23.21, bacc: 11.00, tmp_test_f1: 0.36, f1: 5.89
epoch: 240, val_loss:2.508245, acc: 23.21, bacc: 11.00, tmp_test_f1: 0.35, f1: 5.89
epoch: 241, val_loss:2.510582, acc: 23.21, bacc: 11.00, tmp_test_f1: 0.35, f1: 5.89
epoch: 242, val_loss:2.511851, acc: 23.21, bacc: 11.00, tmp_test_f1: 0.36, f1: 5.89
epoch: 243, val_loss:2.512179, acc: 23.21, bacc: 11.00, tmp_test_f1: 0.38, f1: 5.89
epoch: 244, val_loss:2.511442, acc: 23.21, bacc: 11.00, tmp_test_f1: 0.39, f1: 5.89
epoch: 245, val_loss:2.510096, acc: 23.21, bacc: 11.00, tmp_test_f1: 0.39, f1: 5.89
epoch: 246, val_loss:2.508725, acc: 23.21, bacc: 11.00, tmp_test_f1: 0.39, f1: 5.89
epoch: 247, val_loss:2.507576, acc: 23.21, bacc: 11.00, tmp_test_f1: 0.38, f1: 5.89
epoch: 248, val_loss:2.507192, acc: 23.21, bacc: 11.00, tmp_test_f1: 0.36, f1: 5.89
epoch: 249, val_loss:2.506797, acc: 23.21, bacc: 11.00, tmp_test_f1: 0.35, f1: 5.89
epoch: 250, val_loss:2.508322, acc: 23.21, bacc: 11.00, tmp_test_f1: 0.35, f1: 5.89
epoch: 251, val_loss:2.509465, acc: 23.21, bacc: 11.00, tmp_test_f1: 0.35, f1: 5.89
epoch: 252, val_loss:2.508601, acc: 23.21, bacc: 11.00, tmp_test_f1: 0.35, f1: 5.89
epoch: 253, val_loss:2.507875, acc: 23.21, bacc: 11.00, tmp_test_f1: 0.35, f1: 5.89
epoch: 254, val_loss:2.507858, acc: 23.21, bacc: 11.00, tmp_test_f1: 0.36, f1: 5.89
epoch: 255, val_loss:2.508162, acc: 23.21, bacc: 11.00, tmp_test_f1: 0.36, f1: 5.89
epoch: 256, val_loss:2.509590, acc: 23.21, bacc: 11.00, tmp_test_f1: 0.39, f1: 5.89
epoch: 257, val_loss:2.510903, acc: 23.21, bacc: 11.00, tmp_test_f1: 0.39, f1: 5.89
epoch: 258, val_loss:2.510970, acc: 23.21, bacc: 11.00, tmp_test_f1: 0.39, f1: 5.89
epoch: 259, val_loss:2.511071, acc: 23.21, bacc: 11.00, tmp_test_f1: 0.39, f1: 5.89
epoch: 260, val_loss:2.510671, acc: 23.21, bacc: 11.00, tmp_test_f1: 0.39, f1: 5.89
epoch: 261, val_loss:2.510851, acc: 23.21, bacc: 11.00, tmp_test_f1: 0.39, f1: 5.89
epoch: 262, val_loss:2.512503, acc: 23.21, bacc: 11.00, tmp_test_f1: 0.39, f1: 5.89
epoch: 263, val_loss:2.514686, acc: 23.21, bacc: 11.00, tmp_test_f1: 0.36, f1: 5.89
epoch: 264, val_loss:2.514513, acc: 23.21, bacc: 11.00, tmp_test_f1: 0.36, f1: 5.89
epoch: 265, val_loss:2.513865, acc: 23.21, bacc: 11.00, tmp_test_f1: 0.35, f1: 5.89
epoch: 266, val_loss:2.512335, acc: 23.21, bacc: 11.00, tmp_test_f1: 0.36, f1: 5.89
epoch: 267, val_loss:2.509127, acc: 23.21, bacc: 11.00, tmp_test_f1: 0.37, f1: 5.89
epoch: 268, val_loss:2.505658, acc: 23.21, bacc: 11.00, tmp_test_f1: 0.39, f1: 5.89
epoch: 269, val_loss:2.503250, acc: 23.21, bacc: 11.00, tmp_test_f1: 0.39, f1: 5.89
epoch: 270, val_loss:2.503093, acc: 23.21, bacc: 11.00, tmp_test_f1: 0.36, f1: 5.89
epoch: 271, val_loss:2.505690, acc: 23.21, bacc: 11.00, tmp_test_f1: 0.35, f1: 5.89
epoch: 272, val_loss:2.507971, acc: 23.21, bacc: 11.00, tmp_test_f1: 0.35, f1: 5.89
epoch: 273, val_loss:2.509300, acc: 23.21, bacc: 11.00, tmp_test_f1: 0.35, f1: 5.89
epoch: 274, val_loss:2.510282, acc: 23.21, bacc: 11.00, tmp_test_f1: 0.35, f1: 5.89
epoch: 275, val_loss:2.510510, acc: 23.21, bacc: 11.00, tmp_test_f1: 0.35, f1: 5.89
epoch: 276, val_loss:2.510878, acc: 23.21, bacc: 11.00, tmp_test_f1: 0.35, f1: 5.89
epoch: 277, val_loss:2.511979, acc: 23.21, bacc: 11.00, tmp_test_f1: 0.36, f1: 5.89
epoch: 278, val_loss:2.511642, acc: 23.21, bacc: 11.00, tmp_test_f1: 0.36, f1: 5.89
epoch: 279, val_loss:2.509804, acc: 23.21, bacc: 11.00, tmp_test_f1: 0.38, f1: 5.89
epoch: 280, val_loss:2.508256, acc: 23.21, bacc: 11.00, tmp_test_f1: 0.37, f1: 5.89
epoch: 281, val_loss:2.509594, acc: 23.21, bacc: 11.00, tmp_test_f1: 0.35, f1: 5.89
epoch: 282, val_loss:2.511546, acc: 23.21, bacc: 11.00, tmp_test_f1: 0.35, f1: 5.89
epoch: 283, val_loss:2.512606, acc: 23.21, bacc: 11.00, tmp_test_f1: 0.34, f1: 5.89
epoch: 284, val_loss:2.513058, acc: 23.21, bacc: 11.00, tmp_test_f1: 0.34, f1: 5.89
epoch: 285, val_loss:2.512178, acc: 23.21, bacc: 11.00, tmp_test_f1: 0.34, f1: 5.89
epoch: 286, val_loss:2.508749, acc: 23.21, bacc: 11.00, tmp_test_f1: 0.35, f1: 5.89
epoch: 287, val_loss:2.505264, acc: 23.21, bacc: 11.00, tmp_test_f1: 0.35, f1: 5.89
epoch: 288, val_loss:2.502219, acc: 23.21, bacc: 11.00, tmp_test_f1: 0.36, f1: 5.89
epoch: 289, val_loss:2.499980, acc: 23.21, bacc: 11.00, tmp_test_f1: 0.39, f1: 5.89
epoch: 290, val_loss:2.498665, acc: 23.21, bacc: 11.00, tmp_test_f1: 0.39, f1: 5.89
epoch: 291, val_loss:2.499359, acc: 23.21, bacc: 11.00, tmp_test_f1: 0.36, f1: 5.89
epoch: 292, val_loss:2.500430, acc: 23.21, bacc: 11.00, tmp_test_f1: 0.36, f1: 5.89
epoch: 293, val_loss:2.502993, acc: 23.21, bacc: 11.00, tmp_test_f1: 0.35, f1: 5.89
epoch: 294, val_loss:2.505459, acc: 23.21, bacc: 11.00, tmp_test_f1: 0.35, f1: 5.89
epoch: 295, val_loss:2.507736, acc: 23.21, bacc: 11.00, tmp_test_f1: 0.35, f1: 5.89
epoch: 296, val_loss:2.507856, acc: 23.21, bacc: 11.00, tmp_test_f1: 0.35, f1: 5.89
epoch: 297, val_loss:2.508435, acc: 23.21, bacc: 11.00, tmp_test_f1: 0.36, f1: 5.89
epoch: 298, val_loss:2.508917, acc: 23.21, bacc: 11.00, tmp_test_f1: 0.39, f1: 5.89
epoch: 299, val_loss:2.509374, acc: 23.21, bacc: 11.00, tmp_test_f1: 0.39, f1: 5.89
epoch: 300, val_loss:2.510345, acc: 23.21, bacc: 11.00, tmp_test_f1: 0.39, f1: 5.89
epoch: 301, val_loss:2.511925, acc: 23.21, bacc: 11.00, tmp_test_f1: 0.36, f1: 5.89
epoch: 302, val_loss:2.514620, acc: 23.21, bacc: 11.00, tmp_test_f1: 0.35, f1: 5.89
epoch: 303, val_loss:2.515844, acc: 23.21, bacc: 11.00, tmp_test_f1: 0.36, f1: 5.89
epoch: 304, val_loss:2.515170, acc: 23.21, bacc: 11.00, tmp_test_f1: 0.38, f1: 5.89
epoch: 305, val_loss:2.515122, acc: 23.21, bacc: 11.00, tmp_test_f1: 0.39, f1: 5.89
epoch: 306, val_loss:2.515850, acc: 23.21, bacc: 11.00, tmp_test_f1: 0.39, f1: 5.89
epoch: 307, val_loss:2.515978, acc: 23.21, bacc: 11.00, tmp_test_f1: 0.39, f1: 5.89
epoch: 308, val_loss:2.515442, acc: 23.21, bacc: 11.00, tmp_test_f1: 0.39, f1: 5.89
epoch: 309, val_loss:2.513229, acc: 23.21, bacc: 11.00, tmp_test_f1: 0.39, f1: 5.89
epoch: 310, val_loss:2.512598, acc: 23.21, bacc: 11.00, tmp_test_f1: 0.39, f1: 5.89
epoch: 311, val_loss:2.509003, acc: 23.21, bacc: 11.00, tmp_test_f1: 0.39, f1: 5.89
epoch: 312, val_loss:2.506390, acc: 23.21, bacc: 11.00, tmp_test_f1: 0.37, f1: 5.89
epoch: 313, val_loss:2.505171, acc: 23.21, bacc: 11.00, tmp_test_f1: 0.37, f1: 5.89
epoch: 314, val_loss:2.504165, acc: 23.21, bacc: 11.00, tmp_test_f1: 0.35, f1: 5.89
epoch: 315, val_loss:2.506850, acc: 23.21, bacc: 11.00, tmp_test_f1: 0.35, f1: 5.89
epoch: 316, val_loss:2.508095, acc: 23.21, bacc: 11.00, tmp_test_f1: 0.35, f1: 5.89
epoch: 317, val_loss:2.508804, acc: 23.21, bacc: 11.00, tmp_test_f1: 0.35, f1: 5.89
epoch: 318, val_loss:2.510098, acc: 23.21, bacc: 11.00, tmp_test_f1: 0.35, f1: 5.89
epoch: 319, val_loss:2.510855, acc: 23.21, bacc: 11.00, tmp_test_f1: 0.35, f1: 5.89
epoch: 320, val_loss:2.512778, acc: 23.21, bacc: 11.00, tmp_test_f1: 0.35, f1: 5.89
epoch: 321, val_loss:2.513657, acc: 23.21, bacc: 11.00, tmp_test_f1: 0.35, f1: 5.89
epoch: 322, val_loss:2.514788, acc: 23.21, bacc: 11.00, tmp_test_f1: 0.35, f1: 5.89
epoch: 323, val_loss:2.514535, acc: 23.21, bacc: 11.00, tmp_test_f1: 0.35, f1: 5.89
epoch: 324, val_loss:2.512460, acc: 23.21, bacc: 11.00, tmp_test_f1: 0.36, f1: 5.89
epoch: 325, val_loss:2.510684, acc: 23.21, bacc: 11.00, tmp_test_f1: 0.36, f1: 5.89
epoch: 326, val_loss:2.510186, acc: 23.21, bacc: 11.00, tmp_test_f1: 0.36, f1: 5.89
epoch: 327, val_loss:2.509393, acc: 23.21, bacc: 11.00, tmp_test_f1: 0.36, f1: 5.89
epoch: 328, val_loss:2.509352, acc: 23.21, bacc: 11.00, tmp_test_f1: 0.36, f1: 5.89
epoch: 329, val_loss:2.509015, acc: 23.21, bacc: 11.00, tmp_test_f1: 0.36, f1: 5.89
epoch: 330, val_loss:2.509017, acc: 23.21, bacc: 11.00, tmp_test_f1: 0.36, f1: 5.89
epoch: 331, val_loss:2.509233, acc: 23.21, bacc: 11.00, tmp_test_f1: 0.36, f1: 5.89
epoch: 332, val_loss:2.509472, acc: 23.21, bacc: 11.00, tmp_test_f1: 0.36, f1: 5.89
epoch: 333, val_loss:2.509406, acc: 23.21, bacc: 11.00, tmp_test_f1: 0.35, f1: 5.89
epoch: 334, val_loss:2.508414, acc: 23.21, bacc: 11.00, tmp_test_f1: 0.35, f1: 5.89
epoch: 335, val_loss:2.509370, acc: 23.21, bacc: 11.00, tmp_test_f1: 0.34, f1: 5.89
epoch: 336, val_loss:2.510603, acc: 23.21, bacc: 11.00, tmp_test_f1: 0.34, f1: 5.89
epoch: 337, val_loss:2.509512, acc: 23.21, bacc: 11.00, tmp_test_f1: 0.34, f1: 5.89
epoch: 338, val_loss:2.507048, acc: 23.21, bacc: 11.00, tmp_test_f1: 0.34, f1: 5.89
epoch: 339, val_loss:2.503580, acc: 23.21, bacc: 11.00, tmp_test_f1: 0.35, f1: 5.89
epoch: 340, val_loss:2.500872, acc: 23.21, bacc: 11.00, tmp_test_f1: 0.36, f1: 5.89
epoch: 341, val_loss:2.499771, acc: 23.21, bacc: 11.00, tmp_test_f1: 0.39, f1: 5.89
epoch: 342, val_loss:2.500884, acc: 23.21, bacc: 11.00, tmp_test_f1: 0.39, f1: 5.89
epoch: 343, val_loss:2.503136, acc: 23.21, bacc: 11.00, tmp_test_f1: 0.39, f1: 5.89
epoch: 344, val_loss:2.506298, acc: 23.21, bacc: 11.00, tmp_test_f1: 0.38, f1: 5.89
epoch: 345, val_loss:2.509831, acc: 23.21, bacc: 11.00, tmp_test_f1: 0.35, f1: 5.89
epoch: 346, val_loss:2.512547, acc: 23.21, bacc: 11.00, tmp_test_f1: 0.35, f1: 5.89
epoch: 347, val_loss:2.514697, acc: 23.21, bacc: 11.00, tmp_test_f1: 0.34, f1: 5.89
epoch: 348, val_loss:2.512846, acc: 23.21, bacc: 11.00, tmp_test_f1: 0.35, f1: 5.89
epoch: 349, val_loss:2.509218, acc: 23.21, bacc: 11.00, tmp_test_f1: 0.35, f1: 5.89
epoch: 350, val_loss:2.505750, acc: 23.21, bacc: 11.00, tmp_test_f1: 0.39, f1: 5.89
epoch: 351, val_loss:2.501657, acc: 23.21, bacc: 11.00, tmp_test_f1: 0.39, f1: 5.89
epoch: 352, val_loss:2.499663, acc: 23.21, bacc: 11.00, tmp_test_f1: 0.39, f1: 5.89
epoch: 353, val_loss:2.499837, acc: 23.21, bacc: 11.00, tmp_test_f1: 0.39, f1: 5.89
epoch: 354, val_loss:2.503283, acc: 23.21, bacc: 11.00, tmp_test_f1: 0.36, f1: 5.89
epoch: 355, val_loss:2.506344, acc: 23.21, bacc: 11.00, tmp_test_f1: 0.35, f1: 5.89
epoch: 356, val_loss:2.510164, acc: 23.21, bacc: 11.00, tmp_test_f1: 0.34, f1: 5.89
epoch: 357, val_loss:2.512814, acc: 23.21, bacc: 11.00, tmp_test_f1: 0.34, f1: 5.89
epoch: 358, val_loss:2.511380, acc: 23.21, bacc: 11.00, tmp_test_f1: 0.34, f1: 5.89
epoch: 359, val_loss:2.508414, acc: 23.21, bacc: 11.00, tmp_test_f1: 0.35, f1: 5.89
epoch: 360, val_loss:2.506502, acc: 23.21, bacc: 11.00, tmp_test_f1: 0.36, f1: 5.89
epoch: 361, val_loss:2.504649, acc: 23.21, bacc: 11.00, tmp_test_f1: 0.39, f1: 5.89
epoch: 362, val_loss:2.502844, acc: 23.21, bacc: 11.00, tmp_test_f1: 0.39, f1: 5.89
epoch: 363, val_loss:2.502884, acc: 23.21, bacc: 11.00, tmp_test_f1: 0.40, f1: 5.89
epoch: 364, val_loss:2.504108, acc: 23.21, bacc: 11.00, tmp_test_f1: 0.40, f1: 5.89
epoch: 365, val_loss:2.506609, acc: 23.21, bacc: 11.00, tmp_test_f1: 0.39, f1: 5.89
epoch: 366, val_loss:2.509412, acc: 23.21, bacc: 11.00, tmp_test_f1: 0.41, f1: 5.89
epoch: 367, val_loss:2.511020, acc: 23.21, bacc: 11.00, tmp_test_f1: 0.41, f1: 5.89
epoch: 368, val_loss:2.512819, acc: 23.21, bacc: 11.00, tmp_test_f1: 0.41, f1: 5.89
epoch: 369, val_loss:2.514010, acc: 23.21, bacc: 11.00, tmp_test_f1: 0.39, f1: 5.89
epoch: 370, val_loss:2.515136, acc: 23.21, bacc: 11.00, tmp_test_f1: 0.39, f1: 5.89
epoch: 371, val_loss:2.517314, acc: 23.21, bacc: 11.00, tmp_test_f1: 0.36, f1: 5.89
epoch: 372, val_loss:2.517092, acc: 23.21, bacc: 11.00, tmp_test_f1: 0.35, f1: 5.89
epoch: 373, val_loss:2.515610, acc: 23.21, bacc: 11.00, tmp_test_f1: 0.35, f1: 5.89
epoch: 374, val_loss:2.512429, acc: 23.21, bacc: 11.00, tmp_test_f1: 0.34, f1: 5.89
epoch: 375, val_loss:2.507998, acc: 23.21, bacc: 11.00, tmp_test_f1: 0.34, f1: 5.89
epoch: 376, val_loss:2.504380, acc: 23.21, bacc: 11.00, tmp_test_f1: 0.34, f1: 5.89
epoch: 377, val_loss:2.502278, acc: 23.21, bacc: 11.00, tmp_test_f1: 0.35, f1: 5.89
epoch: 378, val_loss:2.502771, acc: 23.21, bacc: 11.00, tmp_test_f1: 0.35, f1: 5.89
epoch: 379, val_loss:2.502479, acc: 23.21, bacc: 11.00, tmp_test_f1: 0.36, f1: 5.89
epoch: 380, val_loss:2.503756, acc: 23.21, bacc: 11.00, tmp_test_f1: 0.38, f1: 5.89
epoch: 381, val_loss:2.507709, acc: 23.21, bacc: 11.00, tmp_test_f1: 0.36, f1: 5.89
epoch: 382, val_loss:2.511873, acc: 23.21, bacc: 11.00, tmp_test_f1: 0.38, f1: 5.89
epoch: 383, val_loss:2.513509, acc: 23.21, bacc: 11.00, tmp_test_f1: 0.36, f1: 5.89
epoch: 384, val_loss:2.514998, acc: 23.21, bacc: 11.00, tmp_test_f1: 0.35, f1: 5.89
epoch: 385, val_loss:2.515788, acc: 23.21, bacc: 11.00, tmp_test_f1: 0.34, f1: 5.89
epoch: 386, val_loss:2.516447, acc: 23.21, bacc: 11.00, tmp_test_f1: 0.31, f1: 5.89
epoch: 387, val_loss:2.515816, acc: 23.21, bacc: 11.00, tmp_test_f1: 0.27, f1: 5.89
epoch: 388, val_loss:2.514063, acc: 23.21, bacc: 11.00, tmp_test_f1: 0.27, f1: 5.89
epoch: 389, val_loss:2.512064, acc: 23.21, bacc: 11.00, tmp_test_f1: 0.30, f1: 5.89
epoch: 390, val_loss:2.508752, acc: 23.21, bacc: 11.00, tmp_test_f1: 0.32, f1: 5.89
epoch: 391, val_loss:2.505426, acc: 23.21, bacc: 11.00, tmp_test_f1: 0.35, f1: 5.89
epoch: 392, val_loss:2.502003, acc: 23.21, bacc: 11.00, tmp_test_f1: 0.36, f1: 5.89
epoch: 393, val_loss:2.501301, acc: 23.21, bacc: 11.00, tmp_test_f1: 0.39, f1: 5.89
epoch: 394, val_loss:2.503133, acc: 23.21, bacc: 11.00, tmp_test_f1: 0.39, f1: 5.89
epoch: 395, val_loss:2.506571, acc: 23.21, bacc: 11.00, tmp_test_f1: 0.39, f1: 5.89
epoch: 396, val_loss:2.510706, acc: 23.21, bacc: 11.00, tmp_test_f1: 0.35, f1: 5.89
epoch: 397, val_loss:2.513238, acc: 23.21, bacc: 11.00, tmp_test_f1: 0.34, f1: 5.89
epoch: 398, val_loss:2.515142, acc: 23.21, bacc: 11.00, tmp_test_f1: 0.34, f1: 5.89
epoch: 399, val_loss:2.516364, acc: 23.21, bacc: 11.00, tmp_test_f1: 0.31, f1: 5.89
epoch: 400, val_loss:2.515887, acc: 23.21, bacc: 11.00, tmp_test_f1: 0.31, f1: 5.89
epoch: 401, val_loss:2.513147, acc: 23.21, bacc: 11.00, tmp_test_f1: 0.34, f1: 5.89
Epoch 00402: reducing learning rate of group 0 to 2.5000e-02.
epoch: 402, val_loss:2.505998, acc: 23.21, bacc: 11.00, tmp_test_f1: 0.34, f1: 5.89
epoch: 403, val_loss:2.500547, acc: 23.21, bacc: 11.00, tmp_test_f1: 0.36, f1: 5.89
epoch: 404, val_loss:2.499380, acc: 23.21, bacc: 11.00, tmp_test_f1: 0.37, f1: 5.89
epoch: 405, val_loss:2.499145, acc: 23.21, bacc: 11.00, tmp_test_f1: 0.35, f1: 5.89
epoch: 406, val_loss:2.499007, acc: 23.21, bacc: 11.00, tmp_test_f1: 0.35, f1: 5.89
epoch: 407, val_loss:2.500329, acc: 23.21, bacc: 11.00, tmp_test_f1: 0.34, f1: 5.89
epoch: 408, val_loss:2.502325, acc: 23.21, bacc: 11.00, tmp_test_f1: 0.34, f1: 5.89
epoch: 409, val_loss:2.504582, acc: 23.21, bacc: 11.00, tmp_test_f1: 0.34, f1: 5.89
epoch: 410, val_loss:2.506711, acc: 23.21, bacc: 11.00, tmp_test_f1: 0.35, f1: 5.89
epoch: 411, val_loss:2.507825, acc: 23.21, bacc: 11.00, tmp_test_f1: 0.35, f1: 5.89
epoch: 412, val_loss:2.508705, acc: 23.21, bacc: 11.00, tmp_test_f1: 0.35, f1: 5.89
epoch: 413, val_loss:2.507977, acc: 23.21, bacc: 11.00, tmp_test_f1: 0.35, f1: 5.89
epoch: 414, val_loss:2.507226, acc: 23.21, bacc: 11.00, tmp_test_f1: 0.35, f1: 5.89
epoch: 415, val_loss:2.505292, acc: 23.21, bacc: 11.00, tmp_test_f1: 0.35, f1: 5.89
epoch: 416, val_loss:2.503231, acc: 23.21, bacc: 11.00, tmp_test_f1: 0.36, f1: 5.89
epoch: 417, val_loss:2.501704, acc: 23.21, bacc: 11.00, tmp_test_f1: 0.36, f1: 5.89
epoch: 418, val_loss:2.500650, acc: 23.21, bacc: 11.00, tmp_test_f1: 0.38, f1: 5.89
epoch: 419, val_loss:2.499968, acc: 23.21, bacc: 11.00, tmp_test_f1: 0.38, f1: 5.89
epoch: 420, val_loss:2.499192, acc: 23.21, bacc: 11.00, tmp_test_f1: 0.36, f1: 5.89
epoch: 421, val_loss:2.498554, acc: 23.21, bacc: 11.00, tmp_test_f1: 0.36, f1: 5.89
epoch: 422, val_loss:2.498857, acc: 23.21, bacc: 11.00, tmp_test_f1: 0.35, f1: 5.89
epoch: 423, val_loss:2.500067, acc: 23.21, bacc: 11.00, tmp_test_f1: 0.35, f1: 5.89
epoch: 424, val_loss:2.502191, acc: 23.21, bacc: 11.00, tmp_test_f1: 0.36, f1: 5.89
epoch: 425, val_loss:2.503768, acc: 23.21, bacc: 11.00, tmp_test_f1: 0.35, f1: 5.89
epoch: 426, val_loss:2.505194, acc: 23.21, bacc: 11.00, tmp_test_f1: 0.34, f1: 5.89
epoch: 427, val_loss:2.506369, acc: 23.21, bacc: 11.00, tmp_test_f1: 0.35, f1: 5.89
epoch: 428, val_loss:2.506961, acc: 23.21, bacc: 11.00, tmp_test_f1: 0.35, f1: 5.89
epoch: 429, val_loss:2.506901, acc: 23.21, bacc: 11.00, tmp_test_f1: 0.35, f1: 5.89
epoch: 430, val_loss:2.506784, acc: 23.21, bacc: 11.00, tmp_test_f1: 0.35, f1: 5.89
epoch: 431, val_loss:2.507220, acc: 23.21, bacc: 11.00, tmp_test_f1: 0.35, f1: 5.89
epoch: 432, val_loss:2.508079, acc: 23.21, bacc: 11.00, tmp_test_f1: 0.35, f1: 5.89
epoch: 433, val_loss:2.508964, acc: 23.21, bacc: 11.00, tmp_test_f1: 0.35, f1: 5.89
epoch: 434, val_loss:2.509443, acc: 23.21, bacc: 11.00, tmp_test_f1: 0.35, f1: 5.89
epoch: 435, val_loss:2.509660, acc: 23.21, bacc: 11.00, tmp_test_f1: 0.35, f1: 5.89
epoch: 436, val_loss:2.509786, acc: 23.21, bacc: 11.00, tmp_test_f1: 0.35, f1: 5.89
epoch: 437, val_loss:2.509769, acc: 23.21, bacc: 11.00, tmp_test_f1: 0.35, f1: 5.89
epoch: 438, val_loss:2.509029, acc: 23.21, bacc: 11.00, tmp_test_f1: 0.35, f1: 5.89
epoch: 439, val_loss:2.507617, acc: 23.21, bacc: 11.00, tmp_test_f1: 0.35, f1: 5.89
epoch: 440, val_loss:2.506940, acc: 23.21, bacc: 11.00, tmp_test_f1: 0.36, f1: 5.89
epoch: 441, val_loss:2.506055, acc: 23.21, bacc: 11.00, tmp_test_f1: 0.36, f1: 5.89
epoch: 442, val_loss:2.505457, acc: 23.21, bacc: 11.00, tmp_test_f1: 0.39, f1: 5.89
epoch: 443, val_loss:2.503859, acc: 23.21, bacc: 11.00, tmp_test_f1: 0.39, f1: 5.89
epoch: 444, val_loss:2.502699, acc: 23.21, bacc: 11.00, tmp_test_f1: 0.39, f1: 5.89
epoch: 445, val_loss:2.502335, acc: 23.21, bacc: 11.00, tmp_test_f1: 0.39, f1: 5.89
epoch: 446, val_loss:2.503179, acc: 23.21, bacc: 11.00, tmp_test_f1: 0.39, f1: 5.89
epoch: 447, val_loss:2.504347, acc: 23.21, bacc: 11.00, tmp_test_f1: 0.38, f1: 5.89
epoch: 448, val_loss:2.505878, acc: 23.21, bacc: 11.00, tmp_test_f1: 0.36, f1: 5.89
epoch: 449, val_loss:2.507681, acc: 23.21, bacc: 11.00, tmp_test_f1: 0.36, f1: 5.89
epoch: 450, val_loss:2.508181, acc: 23.21, bacc: 11.00, tmp_test_f1: 0.35, f1: 5.89
epoch: 451, val_loss:2.509085, acc: 23.21, bacc: 11.00, tmp_test_f1: 0.35, f1: 5.89
epoch: 452, val_loss:2.509348, acc: 23.21, bacc: 11.00, tmp_test_f1: 0.35, f1: 5.89
epoch: 453, val_loss:2.509742, acc: 23.21, bacc: 11.00, tmp_test_f1: 0.35, f1: 5.89
epoch: 454, val_loss:2.509485, acc: 23.21, bacc: 11.00, tmp_test_f1: 0.35, f1: 5.89
epoch: 455, val_loss:2.509432, acc: 23.21, bacc: 11.00, tmp_test_f1: 0.35, f1: 5.89
epoch: 456, val_loss:2.509936, acc: 23.21, bacc: 11.00, tmp_test_f1: 0.35, f1: 5.89
epoch: 457, val_loss:2.510693, acc: 23.21, bacc: 11.00, tmp_test_f1: 0.35, f1: 5.89
epoch: 458, val_loss:2.510200, acc: 23.21, bacc: 11.00, tmp_test_f1: 0.35, f1: 5.89
epoch: 459, val_loss:2.509715, acc: 23.21, bacc: 11.00, tmp_test_f1: 0.35, f1: 5.89
epoch: 460, val_loss:2.509472, acc: 23.21, bacc: 11.00, tmp_test_f1: 0.35, f1: 5.89
epoch: 461, val_loss:2.510256, acc: 23.21, bacc: 11.00, tmp_test_f1: 0.35, f1: 5.89
epoch: 462, val_loss:2.510321, acc: 23.21, bacc: 11.00, tmp_test_f1: 0.35, f1: 5.89
epoch: 463, val_loss:2.510204, acc: 23.21, bacc: 11.00, tmp_test_f1: 0.35, f1: 5.89
epoch: 464, val_loss:2.510303, acc: 23.21, bacc: 11.00, tmp_test_f1: 0.35, f1: 5.89
epoch: 465, val_loss:2.509583, acc: 23.21, bacc: 11.00, tmp_test_f1: 0.35, f1: 5.89
epoch: 466, val_loss:2.508832, acc: 23.21, bacc: 11.00, tmp_test_f1: 0.35, f1: 5.89
epoch: 467, val_loss:2.506940, acc: 23.21, bacc: 11.00, tmp_test_f1: 0.35, f1: 5.89
epoch: 468, val_loss:2.505778, acc: 23.21, bacc: 11.00, tmp_test_f1: 0.35, f1: 5.89
epoch: 469, val_loss:2.506108, acc: 23.21, bacc: 11.00, tmp_test_f1: 0.35, f1: 5.89
epoch: 470, val_loss:2.505963, acc: 23.21, bacc: 11.00, tmp_test_f1: 0.35, f1: 5.89
epoch: 471, val_loss:2.506032, acc: 23.21, bacc: 11.00, tmp_test_f1: 0.36, f1: 5.89
epoch: 472, val_loss:2.506634, acc: 23.21, bacc: 11.00, tmp_test_f1: 0.35, f1: 5.89
epoch: 473, val_loss:2.508265, acc: 23.21, bacc: 11.00, tmp_test_f1: 0.35, f1: 5.89
epoch: 474, val_loss:2.510143, acc: 23.21, bacc: 11.00, tmp_test_f1: 0.35, f1: 5.89
epoch: 475, val_loss:2.511858, acc: 23.21, bacc: 11.00, tmp_test_f1: 0.35, f1: 5.89
epoch: 476, val_loss:2.512900, acc: 23.21, bacc: 11.00, tmp_test_f1: 0.35, f1: 5.89
epoch: 477, val_loss:2.513783, acc: 23.21, bacc: 11.00, tmp_test_f1: 0.34, f1: 5.89
epoch: 478, val_loss:2.514864, acc: 23.21, bacc: 11.00, tmp_test_f1: 0.35, f1: 5.89
epoch: 479, val_loss:2.514840, acc: 23.21, bacc: 11.00, tmp_test_f1: 0.35, f1: 5.89
epoch: 480, val_loss:2.513868, acc: 23.21, bacc: 11.00, tmp_test_f1: 0.35, f1: 5.89
epoch: 481, val_loss:2.512088, acc: 23.21, bacc: 11.00, tmp_test_f1: 0.35, f1: 5.89
epoch: 482, val_loss:2.510089, acc: 23.21, bacc: 11.00, tmp_test_f1: 0.35, f1: 5.89
epoch: 483, val_loss:2.508988, acc: 23.21, bacc: 11.00, tmp_test_f1: 0.35, f1: 5.89
epoch: 484, val_loss:2.508016, acc: 23.21, bacc: 11.00, tmp_test_f1: 0.35, f1: 5.89
epoch: 485, val_loss:2.506791, acc: 23.21, bacc: 11.00, tmp_test_f1: 0.35, f1: 5.89
epoch: 486, val_loss:2.505812, acc: 23.21, bacc: 11.00, tmp_test_f1: 0.35, f1: 5.89
epoch: 487, val_loss:2.503967, acc: 23.21, bacc: 11.00, tmp_test_f1: 0.35, f1: 5.89
epoch: 488, val_loss:2.501406, acc: 23.21, bacc: 11.00, tmp_test_f1: 0.36, f1: 5.89
epoch: 489, val_loss:2.499457, acc: 23.21, bacc: 11.00, tmp_test_f1: 0.35, f1: 5.89
epoch: 490, val_loss:2.498653, acc: 23.21, bacc: 11.00, tmp_test_f1: 0.35, f1: 5.89
epoch: 491, val_loss:2.498871, acc: 23.21, bacc: 11.00, tmp_test_f1: 0.35, f1: 5.89
epoch: 492, val_loss:2.500711, acc: 23.21, bacc: 11.00, tmp_test_f1: 0.35, f1: 5.89
epoch: 493, val_loss:2.502980, acc: 23.21, bacc: 11.00, tmp_test_f1: 0.35, f1: 5.89
epoch: 494, val_loss:2.505578, acc: 23.21, bacc: 11.00, tmp_test_f1: 0.35, f1: 5.89
epoch: 495, val_loss:2.507864, acc: 23.21, bacc: 11.00, tmp_test_f1: 0.35, f1: 5.89
epoch: 496, val_loss:2.509863, acc: 23.21, bacc: 11.00, tmp_test_f1: 0.35, f1: 5.89
epoch: 497, val_loss:2.511577, acc: 23.21, bacc: 11.00, tmp_test_f1: 0.36, f1: 5.89
epoch: 498, val_loss:2.511750, acc: 23.21, bacc: 11.00, tmp_test_f1: 0.36, f1: 5.89
epoch: 499, val_loss:2.512523, acc: 23.21, bacc: 11.00, tmp_test_f1: 0.36, f1: 5.89
epoch: 500, val_loss:2.512836, acc: 23.21, bacc: 11.00, tmp_test_f1: 0.36, f1: 5.89
epoch: 501, val_loss:2.512141, acc: 23.21, bacc: 11.00, tmp_test_f1: 0.38, f1: 5.89
epoch: 502, val_loss:2.511886, acc: 23.21, bacc: 11.00, tmp_test_f1: 0.36, f1: 5.89
epoch: 503, val_loss:2.511518, acc: 23.21, bacc: 11.00, tmp_test_f1: 0.36, f1: 5.89
epoch: 504, val_loss:2.510990, acc: 23.21, bacc: 11.00, tmp_test_f1: 0.35, f1: 5.89
epoch: 505, val_loss:2.510856, acc: 23.21, bacc: 11.00, tmp_test_f1: 0.35, f1: 5.89
epoch: 506, val_loss:2.510447, acc: 23.21, bacc: 11.00, tmp_test_f1: 0.35, f1: 5.89
epoch: 507, val_loss:2.509328, acc: 23.21, bacc: 11.00, tmp_test_f1: 0.35, f1: 5.89
epoch: 508, val_loss:2.507511, acc: 23.21, bacc: 11.00, tmp_test_f1: 0.35, f1: 5.89
epoch: 509, val_loss:2.505576, acc: 23.21, bacc: 11.00, tmp_test_f1: 0.35, f1: 5.89
epoch: 510, val_loss:2.503487, acc: 23.21, bacc: 11.00, tmp_test_f1: 0.35, f1: 5.89
epoch: 511, val_loss:2.503219, acc: 23.21, bacc: 11.00, tmp_test_f1: 0.35, f1: 5.89
epoch: 512, val_loss:2.502203, acc: 23.21, bacc: 11.00, tmp_test_f1: 0.35, f1: 5.89
epoch: 513, val_loss:2.502168, acc: 23.21, bacc: 11.00, tmp_test_f1: 0.35, f1: 5.89
epoch: 514, val_loss:2.502069, acc: 23.21, bacc: 11.00, tmp_test_f1: 0.35, f1: 5.89
epoch: 515, val_loss:2.502200, acc: 23.21, bacc: 11.00, tmp_test_f1: 0.36, f1: 5.89
epoch: 516, val_loss:2.502235, acc: 23.21, bacc: 11.00, tmp_test_f1: 0.39, f1: 5.89
epoch: 517, val_loss:2.501824, acc: 23.21, bacc: 11.00, tmp_test_f1: 0.39, f1: 5.89
epoch: 518, val_loss:2.501314, acc: 23.21, bacc: 11.00, tmp_test_f1: 0.39, f1: 5.89
epoch: 519, val_loss:2.500952, acc: 23.21, bacc: 11.00, tmp_test_f1: 0.39, f1: 5.89
epoch: 520, val_loss:2.501968, acc: 23.21, bacc: 11.00, tmp_test_f1: 0.39, f1: 5.89
epoch: 521, val_loss:2.502422, acc: 23.21, bacc: 11.00, tmp_test_f1: 0.39, f1: 5.89
epoch: 522, val_loss:2.501945, acc: 23.21, bacc: 11.00, tmp_test_f1: 0.38, f1: 5.89
epoch: 523, val_loss:2.501830, acc: 23.21, bacc: 11.00, tmp_test_f1: 0.38, f1: 5.89
epoch: 524, val_loss:2.501873, acc: 23.21, bacc: 11.00, tmp_test_f1: 0.39, f1: 5.89
epoch: 525, val_loss:2.502860, acc: 23.21, bacc: 11.00, tmp_test_f1: 0.39, f1: 5.89
epoch: 526, val_loss:2.504258, acc: 23.21, bacc: 11.00, tmp_test_f1: 0.38, f1: 5.89
epoch: 527, val_loss:2.506533, acc: 23.21, bacc: 11.00, tmp_test_f1: 0.36, f1: 5.89
epoch: 528, val_loss:2.509476, acc: 23.21, bacc: 11.00, tmp_test_f1: 0.36, f1: 5.89
epoch: 529, val_loss:2.512086, acc: 23.21, bacc: 11.00, tmp_test_f1: 0.36, f1: 5.89
epoch: 530, val_loss:2.514128, acc: 23.21, bacc: 11.00, tmp_test_f1: 0.36, f1: 5.89
epoch: 531, val_loss:2.514978, acc: 23.21, bacc: 11.00, tmp_test_f1: 0.38, f1: 5.89
epoch: 532, val_loss:2.515495, acc: 23.21, bacc: 11.00, tmp_test_f1: 0.39, f1: 5.89
epoch: 533, val_loss:2.515171, acc: 23.21, bacc: 11.00, tmp_test_f1: 0.39, f1: 5.89
epoch: 534, val_loss:2.515647, acc: 23.21, bacc: 11.00, tmp_test_f1: 0.38, f1: 5.89
epoch: 535, val_loss:2.515337, acc: 23.21, bacc: 11.00, tmp_test_f1: 0.39, f1: 5.89
epoch: 536, val_loss:2.514179, acc: 23.21, bacc: 11.00, tmp_test_f1: 0.39, f1: 5.89
epoch: 537, val_loss:2.512753, acc: 23.21, bacc: 11.00, tmp_test_f1: 0.39, f1: 5.89
epoch: 538, val_loss:2.511096, acc: 23.21, bacc: 11.00, tmp_test_f1: 0.36, f1: 5.89
epoch: 539, val_loss:2.509351, acc: 23.21, bacc: 11.00, tmp_test_f1: 0.35, f1: 5.89
epoch: 540, val_loss:2.507668, acc: 23.21, bacc: 11.00, tmp_test_f1: 0.35, f1: 5.89
epoch: 541, val_loss:2.506006, acc: 23.21, bacc: 11.00, tmp_test_f1: 0.35, f1: 5.89
epoch: 542, val_loss:2.504605, acc: 23.21, bacc: 11.00, tmp_test_f1: 0.35, f1: 5.89
epoch: 543, val_loss:2.503212, acc: 23.21, bacc: 11.00, tmp_test_f1: 0.35, f1: 5.89
epoch: 544, val_loss:2.503076, acc: 23.21, bacc: 11.00, tmp_test_f1: 0.35, f1: 5.89
epoch: 545, val_loss:2.505031, acc: 23.21, bacc: 11.00, tmp_test_f1: 0.35, f1: 5.89
epoch: 546, val_loss:2.506861, acc: 23.21, bacc: 11.00, tmp_test_f1: 0.35, f1: 5.89
epoch: 547, val_loss:2.508671, acc: 23.21, bacc: 11.00, tmp_test_f1: 0.35, f1: 5.89
epoch: 548, val_loss:2.510487, acc: 23.21, bacc: 11.00, tmp_test_f1: 0.35, f1: 5.89
epoch: 549, val_loss:2.511316, acc: 23.21, bacc: 11.00, tmp_test_f1: 0.35, f1: 5.89
epoch: 550, val_loss:2.511840, acc: 23.21, bacc: 11.00, tmp_test_f1: 0.36, f1: 5.89
epoch: 551, val_loss:2.511958, acc: 23.21, bacc: 11.00, tmp_test_f1: 0.38, f1: 5.89
epoch: 552, val_loss:2.511074, acc: 23.21, bacc: 11.00, tmp_test_f1: 0.39, f1: 5.89
epoch: 553, val_loss:2.510222, acc: 23.21, bacc: 11.00, tmp_test_f1: 0.39, f1: 5.89
epoch: 554, val_loss:2.510946, acc: 23.21, bacc: 11.00, tmp_test_f1: 0.38, f1: 5.89
epoch: 555, val_loss:2.512201, acc: 23.21, bacc: 11.00, tmp_test_f1: 0.36, f1: 5.89
epoch: 556, val_loss:2.513029, acc: 23.21, bacc: 11.00, tmp_test_f1: 0.36, f1: 5.89
epoch: 557, val_loss:2.513638, acc: 23.21, bacc: 11.00, tmp_test_f1: 0.35, f1: 5.89
epoch: 558, val_loss:2.514873, acc: 23.21, bacc: 11.00, tmp_test_f1: 0.35, f1: 5.89
epoch: 559, val_loss:2.516883, acc: 23.21, bacc: 11.00, tmp_test_f1: 0.35, f1: 5.89
epoch: 560, val_loss:2.517551, acc: 23.21, bacc: 11.00, tmp_test_f1: 0.35, f1: 5.89
epoch: 561, val_loss:2.515708, acc: 23.21, bacc: 11.00, tmp_test_f1: 0.35, f1: 5.89
epoch: 562, val_loss:2.512833, acc: 23.21, bacc: 11.00, tmp_test_f1: 0.35, f1: 5.89
epoch: 563, val_loss:2.509901, acc: 23.21, bacc: 11.00, tmp_test_f1: 0.35, f1: 5.89
epoch: 564, val_loss:2.506931, acc: 23.21, bacc: 11.00, tmp_test_f1: 0.35, f1: 5.89
epoch: 565, val_loss:2.504529, acc: 23.21, bacc: 11.00, tmp_test_f1: 0.35, f1: 5.89
epoch: 566, val_loss:2.503161, acc: 23.21, bacc: 11.00, tmp_test_f1: 0.35, f1: 5.89
epoch: 567, val_loss:2.502919, acc: 23.21, bacc: 11.00, tmp_test_f1: 0.36, f1: 5.89
epoch: 568, val_loss:2.503304, acc: 23.21, bacc: 11.00, tmp_test_f1: 0.36, f1: 5.89
epoch: 569, val_loss:2.504215, acc: 23.21, bacc: 11.00, tmp_test_f1: 0.35, f1: 5.89
epoch: 570, val_loss:2.505907, acc: 23.21, bacc: 11.00, tmp_test_f1: 0.35, f1: 5.89
epoch: 571, val_loss:2.507581, acc: 23.21, bacc: 11.00, tmp_test_f1: 0.35, f1: 5.89
epoch: 572, val_loss:2.510055, acc: 23.21, bacc: 11.00, tmp_test_f1: 0.34, f1: 5.89
epoch: 573, val_loss:2.511837, acc: 23.21, bacc: 11.00, tmp_test_f1: 0.34, f1: 5.89
epoch: 574, val_loss:2.512222, acc: 23.21, bacc: 11.00, tmp_test_f1: 0.34, f1: 5.89
epoch: 575, val_loss:2.512100, acc: 23.21, bacc: 11.00, tmp_test_f1: 0.34, f1: 5.89
epoch: 576, val_loss:2.512897, acc: 23.21, bacc: 11.00, tmp_test_f1: 0.34, f1: 5.89
epoch: 577, val_loss:2.512882, acc: 23.21, bacc: 11.00, tmp_test_f1: 0.35, f1: 5.89
epoch: 578, val_loss:2.510903, acc: 23.21, bacc: 11.00, tmp_test_f1: 0.35, f1: 5.89
epoch: 579, val_loss:2.507894, acc: 23.21, bacc: 11.00, tmp_test_f1: 0.36, f1: 5.89
epoch: 580, val_loss:2.505292, acc: 23.21, bacc: 11.00, tmp_test_f1: 0.39, f1: 5.89
epoch: 581, val_loss:2.502949, acc: 23.21, bacc: 11.00, tmp_test_f1: 0.39, f1: 5.89
epoch: 582, val_loss:2.502167, acc: 23.21, bacc: 11.00, tmp_test_f1: 0.36, f1: 5.89
epoch: 583, val_loss:2.502436, acc: 23.21, bacc: 11.00, tmp_test_f1: 0.36, f1: 5.89
epoch: 584, val_loss:2.503211, acc: 23.21, bacc: 11.00, tmp_test_f1: 0.35, f1: 5.89
epoch: 585, val_loss:2.504559, acc: 23.21, bacc: 11.00, tmp_test_f1: 0.35, f1: 5.89
epoch: 586, val_loss:2.505992, acc: 23.21, bacc: 11.00, tmp_test_f1: 0.34, f1: 5.89
epoch: 587, val_loss:2.508734, acc: 23.21, bacc: 11.00, tmp_test_f1: 0.34, f1: 5.89
epoch: 588, val_loss:2.511186, acc: 23.21, bacc: 11.00, tmp_test_f1: 0.34, f1: 5.89
epoch: 589, val_loss:2.512953, acc: 23.21, bacc: 11.00, tmp_test_f1: 0.34, f1: 5.89
epoch: 590, val_loss:2.514647, acc: 23.21, bacc: 11.00, tmp_test_f1: 0.34, f1: 5.89
epoch: 591, val_loss:2.516106, acc: 23.21, bacc: 11.00, tmp_test_f1: 0.35, f1: 5.89
epoch: 592, val_loss:2.516634, acc: 23.21, bacc: 11.00, tmp_test_f1: 0.35, f1: 5.89
epoch: 593, val_loss:2.516445, acc: 23.21, bacc: 11.00, tmp_test_f1: 0.35, f1: 5.89
epoch: 594, val_loss:2.514822, acc: 23.21, bacc: 11.00, tmp_test_f1: 0.35, f1: 5.89
epoch: 595, val_loss:2.512070, acc: 23.21, bacc: 11.00, tmp_test_f1: 0.35, f1: 5.89
epoch: 596, val_loss:2.508997, acc: 23.21, bacc: 11.00, tmp_test_f1: 0.35, f1: 5.89
epoch: 597, val_loss:2.505658, acc: 23.21, bacc: 11.00, tmp_test_f1: 0.36, f1: 5.89
epoch: 598, val_loss:2.502842, acc: 23.21, bacc: 11.00, tmp_test_f1: 0.36, f1: 5.89
epoch: 599, val_loss:2.501447, acc: 23.21, bacc: 11.00, tmp_test_f1: 0.35, f1: 5.89
epoch: 600, val_loss:2.499999, acc: 23.21, bacc: 11.00, tmp_test_f1: 0.35, f1: 5.89
epoch: 601, val_loss:2.498672, acc: 23.21, bacc: 11.00, tmp_test_f1: 0.34, f1: 5.89
epoch: 602, val_loss:2.498349, acc: 23.21, bacc: 11.00, tmp_test_f1: 0.34, f1: 5.89
Epoch 00603: reducing learning rate of group 0 to 1.2500e-02.
epoch: 603, val_loss:2.498012, acc: 23.21, bacc: 11.00, tmp_test_f1: 0.34, f1: 5.89
epoch: 604, val_loss:2.499201, acc: 23.21, bacc: 11.00, tmp_test_f1: 0.34, f1: 5.89
epoch: 605, val_loss:2.499763, acc: 23.21, bacc: 11.00, tmp_test_f1: 0.35, f1: 5.89
epoch: 606, val_loss:2.500493, acc: 23.21, bacc: 11.00, tmp_test_f1: 0.35, f1: 5.89
epoch: 607, val_loss:2.501282, acc: 23.21, bacc: 11.00, tmp_test_f1: 0.35, f1: 5.89
epoch: 608, val_loss:2.501550, acc: 23.21, bacc: 11.00, tmp_test_f1: 0.35, f1: 5.89
epoch: 609, val_loss:2.502207, acc: 23.21, bacc: 11.00, tmp_test_f1: 0.35, f1: 5.89
epoch: 610, val_loss:2.502634, acc: 23.21, bacc: 11.00, tmp_test_f1: 0.35, f1: 5.89
epoch: 611, val_loss:2.503065, acc: 23.21, bacc: 11.00, tmp_test_f1: 0.36, f1: 5.89
epoch: 612, val_loss:2.503927, acc: 23.21, bacc: 11.00, tmp_test_f1: 0.36, f1: 5.89
epoch: 613, val_loss:2.504872, acc: 23.21, bacc: 11.00, tmp_test_f1: 0.39, f1: 5.89
epoch: 614, val_loss:2.505656, acc: 23.21, bacc: 11.00, tmp_test_f1: 0.39, f1: 5.89
epoch: 615, val_loss:2.506741, acc: 23.21, bacc: 11.00, tmp_test_f1: 0.39, f1: 5.89
epoch: 616, val_loss:2.507969, acc: 23.21, bacc: 11.00, tmp_test_f1: 0.38, f1: 5.89
epoch: 617, val_loss:2.509609, acc: 23.21, bacc: 11.00, tmp_test_f1: 0.36, f1: 5.89
epoch: 618, val_loss:2.511047, acc: 23.21, bacc: 11.00, tmp_test_f1: 0.35, f1: 5.89
epoch: 619, val_loss:2.512152, acc: 23.21, bacc: 11.00, tmp_test_f1: 0.35, f1: 5.89
epoch: 620, val_loss:2.513038, acc: 23.21, bacc: 11.00, tmp_test_f1: 0.35, f1: 5.89
epoch: 621, val_loss:2.513641, acc: 23.21, bacc: 11.00, tmp_test_f1: 0.35, f1: 5.89
epoch: 622, val_loss:2.513862, acc: 23.21, bacc: 11.00, tmp_test_f1: 0.35, f1: 5.89
epoch: 623, val_loss:2.513692, acc: 23.21, bacc: 11.00, tmp_test_f1: 0.35, f1: 5.89
epoch: 624, val_loss:2.512835, acc: 23.21, bacc: 11.00, tmp_test_f1: 0.35, f1: 5.89
epoch: 625, val_loss:2.511697, acc: 23.21, bacc: 11.00, tmp_test_f1: 0.35, f1: 5.89
epoch: 626, val_loss:2.510442, acc: 23.21, bacc: 11.00, tmp_test_f1: 0.35, f1: 5.89
epoch: 627, val_loss:2.509141, acc: 23.21, bacc: 11.00, tmp_test_f1: 0.35, f1: 5.89
epoch: 628, val_loss:2.508256, acc: 23.21, bacc: 11.00, tmp_test_f1: 0.35, f1: 5.89
epoch: 629, val_loss:2.507360, acc: 23.21, bacc: 11.00, tmp_test_f1: 0.35, f1: 5.89
epoch: 630, val_loss:2.506644, acc: 23.21, bacc: 11.00, tmp_test_f1: 0.35, f1: 5.89
epoch: 631, val_loss:2.505590, acc: 23.21, bacc: 11.00, tmp_test_f1: 0.35, f1: 5.89
epoch: 632, val_loss:2.504597, acc: 23.21, bacc: 11.00, tmp_test_f1: 0.36, f1: 5.89
epoch: 633, val_loss:2.503880, acc: 23.21, bacc: 11.00, tmp_test_f1: 0.36, f1: 5.89
epoch: 634, val_loss:2.503810, acc: 23.21, bacc: 11.00, tmp_test_f1: 0.36, f1: 5.89
epoch: 635, val_loss:2.503708, acc: 23.21, bacc: 11.00, tmp_test_f1: 0.36, f1: 5.89
epoch: 636, val_loss:2.503743, acc: 23.21, bacc: 11.00, tmp_test_f1: 0.36, f1: 5.89
epoch: 637, val_loss:2.504557, acc: 23.21, bacc: 11.00, tmp_test_f1: 0.36, f1: 5.89
epoch: 638, val_loss:2.505864, acc: 23.21, bacc: 11.00, tmp_test_f1: 0.36, f1: 5.89
epoch: 639, val_loss:2.507595, acc: 23.21, bacc: 11.00, tmp_test_f1: 0.36, f1: 5.89
epoch: 640, val_loss:2.509206, acc: 23.21, bacc: 11.00, tmp_test_f1: 0.36, f1: 5.89
epoch: 641, val_loss:2.510272, acc: 23.21, bacc: 11.00, tmp_test_f1: 0.36, f1: 5.89
epoch: 642, val_loss:2.510909, acc: 23.21, bacc: 11.00, tmp_test_f1: 0.36, f1: 5.89
epoch: 643, val_loss:2.511442, acc: 23.21, bacc: 11.00, tmp_test_f1: 0.36, f1: 5.89
epoch: 644, val_loss:2.511692, acc: 23.21, bacc: 11.00, tmp_test_f1: 0.35, f1: 5.89
epoch: 645, val_loss:2.511203, acc: 23.21, bacc: 11.00, tmp_test_f1: 0.35, f1: 5.89
epoch: 646, val_loss:2.509948, acc: 23.21, bacc: 11.00, tmp_test_f1: 0.36, f1: 5.89
epoch: 647, val_loss:2.508609, acc: 23.21, bacc: 11.00, tmp_test_f1: 0.36, f1: 5.89
epoch: 648, val_loss:2.507224, acc: 23.21, bacc: 11.00, tmp_test_f1: 0.36, f1: 5.89
epoch: 649, val_loss:2.505957, acc: 23.21, bacc: 11.00, tmp_test_f1: 0.36, f1: 5.89
epoch: 650, val_loss:2.505179, acc: 23.21, bacc: 11.00, tmp_test_f1: 0.36, f1: 5.89
epoch: 651, val_loss:2.505255, acc: 23.21, bacc: 11.00, tmp_test_f1: 0.36, f1: 5.89
epoch: 652, val_loss:2.505585, acc: 23.21, bacc: 11.00, tmp_test_f1: 0.36, f1: 5.89
epoch: 653, val_loss:2.505610, acc: 23.21, bacc: 11.00, tmp_test_f1: 0.36, f1: 5.89
epoch: 654, val_loss:2.506076, acc: 23.21, bacc: 11.00, tmp_test_f1: 0.35, f1: 5.89
epoch: 655, val_loss:2.506229, acc: 23.21, bacc: 11.00, tmp_test_f1: 0.35, f1: 5.89
epoch: 656, val_loss:2.507006, acc: 23.21, bacc: 11.00, tmp_test_f1: 0.35, f1: 5.89
epoch: 657, val_loss:2.507419, acc: 23.21, bacc: 11.00, tmp_test_f1: 0.35, f1: 5.89
epoch: 658, val_loss:2.507527, acc: 23.21, bacc: 11.00, tmp_test_f1: 0.36, f1: 5.89
epoch: 659, val_loss:2.507391, acc: 23.21, bacc: 11.00, tmp_test_f1: 0.36, f1: 5.89
epoch: 660, val_loss:2.506710, acc: 23.21, bacc: 11.00, tmp_test_f1: 0.36, f1: 5.89
epoch: 661, val_loss:2.506283, acc: 23.21, bacc: 11.00, tmp_test_f1: 0.36, f1: 5.89
epoch: 662, val_loss:2.505744, acc: 23.21, bacc: 11.00, tmp_test_f1: 0.36, f1: 5.89
epoch: 663, val_loss:2.505258, acc: 23.21, bacc: 11.00, tmp_test_f1: 0.36, f1: 5.89
epoch: 664, val_loss:2.505198, acc: 23.21, bacc: 11.00, tmp_test_f1: 0.36, f1: 5.89
epoch: 665, val_loss:2.505515, acc: 23.21, bacc: 11.00, tmp_test_f1: 0.36, f1: 5.89
epoch: 666, val_loss:2.506437, acc: 23.21, bacc: 11.00, tmp_test_f1: 0.35, f1: 5.89
epoch: 667, val_loss:2.507158, acc: 23.21, bacc: 11.00, tmp_test_f1: 0.35, f1: 5.89
epoch: 668, val_loss:2.507913, acc: 23.21, bacc: 11.00, tmp_test_f1: 0.35, f1: 5.89
epoch: 669, val_loss:2.508821, acc: 23.21, bacc: 11.00, tmp_test_f1: 0.35, f1: 5.89
epoch: 670, val_loss:2.509469, acc: 23.21, bacc: 11.00, tmp_test_f1: 0.35, f1: 5.89
epoch: 671, val_loss:2.510184, acc: 23.21, bacc: 11.00, tmp_test_f1: 0.35, f1: 5.89
epoch: 672, val_loss:2.510817, acc: 23.21, bacc: 11.00, tmp_test_f1: 0.35, f1: 5.89
epoch: 673, val_loss:2.511076, acc: 23.21, bacc: 11.00, tmp_test_f1: 0.35, f1: 5.89
epoch: 674, val_loss:2.511064, acc: 23.21, bacc: 11.00, tmp_test_f1: 0.35, f1: 5.89
epoch: 675, val_loss:2.511039, acc: 23.21, bacc: 11.00, tmp_test_f1: 0.35, f1: 5.89
epoch: 676, val_loss:2.510940, acc: 23.21, bacc: 11.00, tmp_test_f1: 0.35, f1: 5.89
epoch: 677, val_loss:2.510144, acc: 23.21, bacc: 11.00, tmp_test_f1: 0.35, f1: 5.89
epoch: 678, val_loss:2.509563, acc: 23.21, bacc: 11.00, tmp_test_f1: 0.35, f1: 5.89
epoch: 679, val_loss:2.508796, acc: 23.21, bacc: 11.00, tmp_test_f1: 0.35, f1: 5.89
epoch: 680, val_loss:2.508114, acc: 23.21, bacc: 11.00, tmp_test_f1: 0.36, f1: 5.89
epoch: 681, val_loss:2.507378, acc: 23.21, bacc: 11.00, tmp_test_f1: 0.38, f1: 5.89
epoch: 682, val_loss:2.506613, acc: 23.21, bacc: 11.00, tmp_test_f1: 0.39, f1: 5.89
epoch: 683, val_loss:2.506029, acc: 23.21, bacc: 11.00, tmp_test_f1: 0.39, f1: 5.89
epoch: 684, val_loss:2.505646, acc: 23.21, bacc: 11.00, tmp_test_f1: 0.39, f1: 5.89
epoch: 685, val_loss:2.505169, acc: 23.21, bacc: 11.00, tmp_test_f1: 0.39, f1: 5.89
epoch: 686, val_loss:2.505059, acc: 23.21, bacc: 11.00, tmp_test_f1: 0.39, f1: 5.89
epoch: 687, val_loss:2.505464, acc: 23.21, bacc: 11.00, tmp_test_f1: 0.39, f1: 5.89
epoch: 688, val_loss:2.506236, acc: 23.21, bacc: 11.00, tmp_test_f1: 0.39, f1: 5.89
epoch: 689, val_loss:2.507448, acc: 23.21, bacc: 11.00, tmp_test_f1: 0.39, f1: 5.89
epoch: 690, val_loss:2.508848, acc: 23.21, bacc: 11.00, tmp_test_f1: 0.36, f1: 5.89
epoch: 691, val_loss:2.510361, acc: 23.21, bacc: 11.00, tmp_test_f1: 0.35, f1: 5.89
epoch: 692, val_loss:2.511177, acc: 23.21, bacc: 11.00, tmp_test_f1: 0.35, f1: 5.89
epoch: 693, val_loss:2.511700, acc: 23.21, bacc: 11.00, tmp_test_f1: 0.35, f1: 5.89
epoch: 694, val_loss:2.512243, acc: 23.21, bacc: 11.00, tmp_test_f1: 0.35, f1: 5.89
epoch: 695, val_loss:2.513010, acc: 23.21, bacc: 11.00, tmp_test_f1: 0.35, f1: 5.89
epoch: 696, val_loss:2.513153, acc: 23.21, bacc: 11.00, tmp_test_f1: 0.35, f1: 5.89
epoch: 697, val_loss:2.512832, acc: 23.21, bacc: 11.00, tmp_test_f1: 0.35, f1: 5.89
epoch: 698, val_loss:2.512491, acc: 23.21, bacc: 11.00, tmp_test_f1: 0.36, f1: 5.89
epoch: 699, val_loss:2.511577, acc: 23.21, bacc: 11.00, tmp_test_f1: 0.36, f1: 5.89
epoch: 700, val_loss:2.510537, acc: 23.21, bacc: 11.00, tmp_test_f1: 0.38, f1: 5.89
epoch: 701, val_loss:2.509285, acc: 23.21, bacc: 11.00, tmp_test_f1: 0.39, f1: 5.89
epoch: 702, val_loss:2.508016, acc: 23.21, bacc: 11.00, tmp_test_f1: 0.39, f1: 5.89
epoch: 703, val_loss:2.507706, acc: 23.21, bacc: 11.00, tmp_test_f1: 0.39, f1: 5.89
epoch: 704, val_loss:2.507118, acc: 23.21, bacc: 11.00, tmp_test_f1: 0.39, f1: 5.89
epoch: 705, val_loss:2.506405, acc: 23.21, bacc: 11.00, tmp_test_f1: 0.39, f1: 5.89
epoch: 706, val_loss:2.506133, acc: 23.21, bacc: 11.00, tmp_test_f1: 0.39, f1: 5.89
epoch: 707, val_loss:2.506500, acc: 23.21, bacc: 11.00, tmp_test_f1: 0.39, f1: 5.89
epoch: 708, val_loss:2.507217, acc: 23.21, bacc: 11.00, tmp_test_f1: 0.39, f1: 5.89
epoch: 709, val_loss:2.507982, acc: 23.21, bacc: 11.00, tmp_test_f1: 0.39, f1: 5.89
epoch: 710, val_loss:2.508131, acc: 23.21, bacc: 11.00, tmp_test_f1: 0.39, f1: 5.89
epoch: 711, val_loss:2.508162, acc: 23.21, bacc: 11.00, tmp_test_f1: 0.39, f1: 5.89
epoch: 712, val_loss:2.509046, acc: 23.21, bacc: 11.00, tmp_test_f1: 0.39, f1: 5.89
epoch: 713, val_loss:2.509853, acc: 23.21, bacc: 11.00, tmp_test_f1: 0.39, f1: 5.89
epoch: 714, val_loss:2.510967, acc: 23.21, bacc: 11.00, tmp_test_f1: 0.39, f1: 5.89
epoch: 715, val_loss:2.512100, acc: 23.21, bacc: 11.00, tmp_test_f1: 0.36, f1: 5.89
epoch: 716, val_loss:2.512746, acc: 23.21, bacc: 11.00, tmp_test_f1: 0.36, f1: 5.89
epoch: 717, val_loss:2.513358, acc: 23.21, bacc: 11.00, tmp_test_f1: 0.35, f1: 5.89
epoch: 718, val_loss:2.513981, acc: 23.21, bacc: 11.00, tmp_test_f1: 0.35, f1: 5.89
epoch: 719, val_loss:2.514374, acc: 23.21, bacc: 11.00, tmp_test_f1: 0.35, f1: 5.89
epoch: 720, val_loss:2.514515, acc: 23.21, bacc: 11.00, tmp_test_f1: 0.35, f1: 5.89
epoch: 721, val_loss:2.514481, acc: 23.21, bacc: 11.00, tmp_test_f1: 0.35, f1: 5.89
epoch: 722, val_loss:2.514632, acc: 23.21, bacc: 11.00, tmp_test_f1: 0.35, f1: 5.89
epoch: 723, val_loss:2.514341, acc: 23.21, bacc: 11.00, tmp_test_f1: 0.35, f1: 5.89
epoch: 724, val_loss:2.514102, acc: 23.21, bacc: 11.00, tmp_test_f1: 0.35, f1: 5.89
epoch: 725, val_loss:2.513868, acc: 23.21, bacc: 11.00, tmp_test_f1: 0.36, f1: 5.89
epoch: 726, val_loss:2.513276, acc: 23.21, bacc: 11.00, tmp_test_f1: 0.36, f1: 5.89
epoch: 727, val_loss:2.511943, acc: 23.21, bacc: 11.00, tmp_test_f1: 0.39, f1: 5.89
epoch: 728, val_loss:2.510309, acc: 23.21, bacc: 11.00, tmp_test_f1: 0.39, f1: 5.89
epoch: 729, val_loss:2.509249, acc: 23.21, bacc: 11.00, tmp_test_f1: 0.39, f1: 5.89
epoch: 730, val_loss:2.508623, acc: 23.21, bacc: 11.00, tmp_test_f1: 0.39, f1: 5.89
epoch: 731, val_loss:2.508508, acc: 23.21, bacc: 11.00, tmp_test_f1: 0.39, f1: 5.89
epoch: 732, val_loss:2.509275, acc: 23.21, bacc: 11.00, tmp_test_f1: 0.39, f1: 5.89
epoch: 733, val_loss:2.510065, acc: 23.21, bacc: 11.00, tmp_test_f1: 0.39, f1: 5.89
epoch: 734, val_loss:2.510846, acc: 23.21, bacc: 11.00, tmp_test_f1: 0.36, f1: 5.89
epoch: 735, val_loss:2.512108, acc: 23.21, bacc: 11.00, tmp_test_f1: 0.36, f1: 5.89
epoch: 736, val_loss:2.513376, acc: 23.21, bacc: 11.00, tmp_test_f1: 0.36, f1: 5.89
epoch: 737, val_loss:2.514648, acc: 23.21, bacc: 11.00, tmp_test_f1: 0.35, f1: 5.89
epoch: 738, val_loss:2.515865, acc: 23.21, bacc: 11.00, tmp_test_f1: 0.35, f1: 5.89
epoch: 739, val_loss:2.516454, acc: 23.21, bacc: 11.00, tmp_test_f1: 0.36, f1: 5.89
epoch: 740, val_loss:2.516775, acc: 23.21, bacc: 11.00, tmp_test_f1: 0.36, f1: 5.89
epoch: 741, val_loss:2.517019, acc: 23.21, bacc: 11.00, tmp_test_f1: 0.38, f1: 5.89
epoch: 742, val_loss:2.517178, acc: 23.21, bacc: 11.00, tmp_test_f1: 0.39, f1: 5.89
epoch: 743, val_loss:2.516836, acc: 23.21, bacc: 11.00, tmp_test_f1: 0.39, f1: 5.89
epoch: 744, val_loss:2.516929, acc: 23.21, bacc: 11.00, tmp_test_f1: 0.39, f1: 5.89
epoch: 745, val_loss:2.516516, acc: 23.21, bacc: 11.00, tmp_test_f1: 0.39, f1: 5.89
epoch: 746, val_loss:2.516407, acc: 23.21, bacc: 11.00, tmp_test_f1: 0.39, f1: 5.89
epoch: 747, val_loss:2.515779, acc: 23.21, bacc: 11.00, tmp_test_f1: 0.38, f1: 5.89
epoch: 748, val_loss:2.514902, acc: 23.21, bacc: 11.00, tmp_test_f1: 0.36, f1: 5.89
epoch: 749, val_loss:2.514109, acc: 23.21, bacc: 11.00, tmp_test_f1: 0.36, f1: 5.89
epoch: 750, val_loss:2.513663, acc: 23.21, bacc: 11.00, tmp_test_f1: 0.38, f1: 5.89
epoch: 751, val_loss:2.512956, acc: 23.21, bacc: 11.00, tmp_test_f1: 0.38, f1: 5.89
epoch: 752, val_loss:2.512029, acc: 23.21, bacc: 11.00, tmp_test_f1: 0.38, f1: 5.89
epoch: 753, val_loss:2.511312, acc: 23.21, bacc: 11.00, tmp_test_f1: 0.38, f1: 5.89
epoch: 754, val_loss:2.510071, acc: 23.21, bacc: 11.00, tmp_test_f1: 0.38, f1: 5.89
epoch: 755, val_loss:2.508848, acc: 23.21, bacc: 11.00, tmp_test_f1: 0.38, f1: 5.89
epoch: 756, val_loss:2.507887, acc: 23.21, bacc: 11.00, tmp_test_f1: 0.38, f1: 5.89
epoch: 757, val_loss:2.507102, acc: 23.21, bacc: 11.00, tmp_test_f1: 0.38, f1: 5.89
epoch: 758, val_loss:2.506638, acc: 23.21, bacc: 11.00, tmp_test_f1: 0.38, f1: 5.89
epoch: 759, val_loss:2.506892, acc: 23.21, bacc: 11.00, tmp_test_f1: 0.38, f1: 5.89
epoch: 760, val_loss:2.507254, acc: 23.21, bacc: 11.00, tmp_test_f1: 0.36, f1: 5.89
epoch: 761, val_loss:2.507684, acc: 23.21, bacc: 11.00, tmp_test_f1: 0.36, f1: 5.89
epoch: 762, val_loss:2.507850, acc: 23.21, bacc: 11.00, tmp_test_f1: 0.36, f1: 5.89
epoch: 763, val_loss:2.508782, acc: 23.21, bacc: 11.00, tmp_test_f1: 0.36, f1: 5.89
epoch: 764, val_loss:2.509211, acc: 23.21, bacc: 11.00, tmp_test_f1: 0.36, f1: 5.89
epoch: 765, val_loss:2.509729, acc: 23.21, bacc: 11.00, tmp_test_f1: 0.36, f1: 5.89
epoch: 766, val_loss:2.510195, acc: 23.21, bacc: 11.00, tmp_test_f1: 0.36, f1: 5.89
epoch: 767, val_loss:2.510817, acc: 23.21, bacc: 11.00, tmp_test_f1: 0.36, f1: 5.89
epoch: 768, val_loss:2.511428, acc: 23.21, bacc: 11.00, tmp_test_f1: 0.39, f1: 5.89
epoch: 769, val_loss:2.511501, acc: 23.21, bacc: 11.00, tmp_test_f1: 0.39, f1: 5.89
epoch: 770, val_loss:2.511223, acc: 23.21, bacc: 11.00, tmp_test_f1: 0.39, f1: 5.89
epoch: 771, val_loss:2.511343, acc: 23.21, bacc: 11.00, tmp_test_f1: 0.39, f1: 5.89
epoch: 772, val_loss:2.511550, acc: 23.21, bacc: 11.00, tmp_test_f1: 0.39, f1: 5.89
epoch: 773, val_loss:2.511731, acc: 23.21, bacc: 11.00, tmp_test_f1: 0.39, f1: 5.89
epoch: 774, val_loss:2.511886, acc: 23.21, bacc: 11.00, tmp_test_f1: 0.39, f1: 5.89
epoch: 775, val_loss:2.511796, acc: 23.21, bacc: 11.00, tmp_test_f1: 0.39, f1: 5.89
epoch: 776, val_loss:2.511475, acc: 23.21, bacc: 11.00, tmp_test_f1: 0.39, f1: 5.89
epoch: 777, val_loss:2.511799, acc: 23.21, bacc: 11.00, tmp_test_f1: 0.39, f1: 5.89
epoch: 778, val_loss:2.511957, acc: 23.21, bacc: 11.00, tmp_test_f1: 0.39, f1: 5.89
epoch: 779, val_loss:2.512312, acc: 23.21, bacc: 11.00, tmp_test_f1: 0.36, f1: 5.89
epoch: 780, val_loss:2.512528, acc: 23.21, bacc: 11.00, tmp_test_f1: 0.36, f1: 5.89
epoch: 781, val_loss:2.513025, acc: 23.21, bacc: 11.00, tmp_test_f1: 0.36, f1: 5.89
epoch: 782, val_loss:2.513283, acc: 23.21, bacc: 11.00, tmp_test_f1: 0.36, f1: 5.89
epoch: 783, val_loss:2.512811, acc: 23.21, bacc: 11.00, tmp_test_f1: 0.36, f1: 5.89
epoch: 784, val_loss:2.512133, acc: 23.21, bacc: 11.00, tmp_test_f1: 0.36, f1: 5.89
epoch: 785, val_loss:2.511693, acc: 23.21, bacc: 11.00, tmp_test_f1: 0.36, f1: 5.89
epoch: 786, val_loss:2.510791, acc: 23.21, bacc: 11.00, tmp_test_f1: 0.36, f1: 5.89
epoch: 787, val_loss:2.509889, acc: 23.21, bacc: 11.00, tmp_test_f1: 0.35, f1: 5.89
epoch: 788, val_loss:2.509369, acc: 23.21, bacc: 11.00, tmp_test_f1: 0.35, f1: 5.89
epoch: 789, val_loss:2.509327, acc: 23.21, bacc: 11.00, tmp_test_f1: 0.35, f1: 5.89
epoch: 790, val_loss:2.509425, acc: 23.21, bacc: 11.00, tmp_test_f1: 0.35, f1: 5.89
epoch: 791, val_loss:2.509430, acc: 23.21, bacc: 11.00, tmp_test_f1: 0.35, f1: 5.89
epoch: 792, val_loss:2.509525, acc: 23.21, bacc: 11.00, tmp_test_f1: 0.35, f1: 5.89
epoch: 793, val_loss:2.509341, acc: 23.21, bacc: 11.00, tmp_test_f1: 0.36, f1: 5.89
epoch: 794, val_loss:2.509596, acc: 23.21, bacc: 11.00, tmp_test_f1: 0.36, f1: 5.89
epoch: 795, val_loss:2.510292, acc: 23.21, bacc: 11.00, tmp_test_f1: 0.36, f1: 5.89
epoch: 796, val_loss:2.510530, acc: 23.21, bacc: 11.00, tmp_test_f1: 0.36, f1: 5.89
epoch: 797, val_loss:2.510852, acc: 23.21, bacc: 11.00, tmp_test_f1: 0.35, f1: 5.89
epoch: 798, val_loss:2.510708, acc: 23.21, bacc: 11.00, tmp_test_f1: 0.36, f1: 5.89
epoch: 799, val_loss:2.510201, acc: 23.21, bacc: 11.00, tmp_test_f1: 0.36, f1: 5.89
epoch: 800, val_loss:2.509662, acc: 23.21, bacc: 11.00, tmp_test_f1: 0.36, f1: 5.89
epoch: 801, val_loss:2.508911, acc: 23.21, bacc: 11.00, tmp_test_f1: 0.38, f1: 5.89
epoch: 802, val_loss:2.508220, acc: 23.21, bacc: 11.00, tmp_test_f1: 0.39, f1: 5.89
epoch: 803, val_loss:2.507474, acc: 23.21, bacc: 11.00, tmp_test_f1: 0.39, f1: 5.89
APPNP Amazon-Computers 100 Aug 20 EndEpoch 803 lr 0.1
SHAsplit  0, acc: 23.21, bacc: 11.00, f1: 5.89
