CUDA Device Index: 2
Namespace(IsDirectedData=False, AugDirect=2, net='APPNP', GPUdevice=2, seed=100, undirect_dataset='Amazon-Computers', Direct_dataset='WikipediaNetwork/squirrel', imb_ratio=100, dropout=0.1, num_filter=2, layer=2, alpha=0.1, K=2, feat_dim=64, warmup=5, epoch=1500, lr=0.1, l2=0.0005, tau=2, max=False, no_mask=False, gdc='ppr', heads=8, log_root='../logs/', log_path='test', data_path='../dataset/data/tmp/')
APPNP_ModelBen(
  (line1): Linear(in_features=767, out_features=2, bias=True)
  (line2): Linear(in_features=2, out_features=2, bias=True)
  (conv1): APPNP(K=10, alpha=0.1)
  (conv2): APPNP(K=10, alpha=0.1)
  (Conv): Conv1d(2, 10, kernel_size=(1,), stride=(1,))
)
test_f1 CountNotImproved reset to 0 in epoch 0
epoch:   0, val_loss:2.390158, acc: 3.11, bacc: 10.03, tmp_test_f1: 0.66, f1: 0.66
test_f1 CountNotImproved reset to 0 in epoch 1
epoch:   1, val_loss:2.398376, acc: 20.18, bacc: 10.66, tmp_test_f1: 4.83, f1: 4.83
test_f1 CountNotImproved reset to 0 in epoch 2
epoch:   2, val_loss:2.442399, acc: 23.21, bacc: 11.00, tmp_test_f1: 5.89, f1: 5.89
epoch:   3, val_loss:2.520634, acc: 23.21, bacc: 11.00, tmp_test_f1: 3.10, f1: 5.89
epoch:   4, val_loss:2.635915, acc: 23.21, bacc: 11.00, tmp_test_f1: 3.19, f1: 5.89
epoch:   5, val_loss:2.795862, acc: 23.21, bacc: 11.00, tmp_test_f1: 3.19, f1: 5.89
epoch:   6, val_loss:2.941254, acc: 23.21, bacc: 11.00, tmp_test_f1: 2.72, f1: 5.89
epoch:   7, val_loss:2.913482, acc: 23.21, bacc: 11.00, tmp_test_f1: 1.97, f1: 5.89
epoch:   8, val_loss:2.831344, acc: 23.21, bacc: 11.00, tmp_test_f1: 0.87, f1: 5.89
epoch:   9, val_loss:2.735886, acc: 23.21, bacc: 11.00, tmp_test_f1: 0.17, f1: 5.89
epoch:  10, val_loss:2.645844, acc: 23.21, bacc: 11.00, tmp_test_f1: 0.17, f1: 5.89
epoch:  11, val_loss:2.573964, acc: 23.21, bacc: 11.00, tmp_test_f1: 0.17, f1: 5.89
epoch:  12, val_loss:2.524025, acc: 23.21, bacc: 11.00, tmp_test_f1: 0.17, f1: 5.89
epoch:  13, val_loss:2.492241, acc: 23.21, bacc: 11.00, tmp_test_f1: 0.17, f1: 5.89
epoch:  14, val_loss:2.473492, acc: 23.21, bacc: 11.00, tmp_test_f1: 0.17, f1: 5.89
epoch:  15, val_loss:2.458005, acc: 23.21, bacc: 11.00, tmp_test_f1: 0.17, f1: 5.89
epoch:  16, val_loss:2.455672, acc: 23.21, bacc: 11.00, tmp_test_f1: 0.17, f1: 5.89
epoch:  17, val_loss:2.456171, acc: 23.21, bacc: 11.00, tmp_test_f1: 0.17, f1: 5.89
epoch:  18, val_loss:2.458442, acc: 23.21, bacc: 11.00, tmp_test_f1: 0.17, f1: 5.89
epoch:  19, val_loss:2.461610, acc: 23.21, bacc: 11.00, tmp_test_f1: 0.17, f1: 5.89
epoch:  20, val_loss:2.464975, acc: 23.21, bacc: 11.00, tmp_test_f1: 0.17, f1: 5.89
epoch:  21, val_loss:2.467989, acc: 23.21, bacc: 11.00, tmp_test_f1: 0.17, f1: 5.89
epoch:  22, val_loss:2.470282, acc: 23.21, bacc: 11.00, tmp_test_f1: 0.17, f1: 5.89
epoch:  23, val_loss:2.471638, acc: 23.21, bacc: 11.00, tmp_test_f1: 0.17, f1: 5.89
epoch:  24, val_loss:2.471951, acc: 23.21, bacc: 11.00, tmp_test_f1: 0.17, f1: 5.89
epoch:  25, val_loss:2.471280, acc: 23.21, bacc: 11.00, tmp_test_f1: 0.17, f1: 5.89
epoch:  26, val_loss:2.469744, acc: 23.21, bacc: 11.00, tmp_test_f1: 0.17, f1: 5.89
epoch:  27, val_loss:2.467500, acc: 23.21, bacc: 11.00, tmp_test_f1: 0.17, f1: 5.89
epoch:  28, val_loss:2.464737, acc: 23.21, bacc: 11.00, tmp_test_f1: 0.17, f1: 5.89
epoch:  29, val_loss:2.461702, acc: 23.21, bacc: 11.00, tmp_test_f1: 0.17, f1: 5.89
epoch:  30, val_loss:2.458582, acc: 23.21, bacc: 11.00, tmp_test_f1: 0.17, f1: 5.89
epoch:  31, val_loss:2.455504, acc: 23.21, bacc: 11.00, tmp_test_f1: 0.17, f1: 5.89
epoch:  32, val_loss:2.452505, acc: 23.21, bacc: 11.00, tmp_test_f1: 0.17, f1: 5.89
epoch:  33, val_loss:2.449756, acc: 23.21, bacc: 11.00, tmp_test_f1: 0.17, f1: 5.89
epoch:  34, val_loss:2.447448, acc: 23.21, bacc: 11.00, tmp_test_f1: 0.17, f1: 5.89
epoch:  35, val_loss:2.445605, acc: 23.21, bacc: 11.00, tmp_test_f1: 0.17, f1: 5.89
epoch:  36, val_loss:2.444372, acc: 23.21, bacc: 11.00, tmp_test_f1: 0.17, f1: 5.89
epoch:  37, val_loss:2.443654, acc: 23.21, bacc: 11.00, tmp_test_f1: 0.17, f1: 5.89
epoch:  38, val_loss:2.443486, acc: 23.21, bacc: 11.00, tmp_test_f1: 0.17, f1: 5.89
epoch:  39, val_loss:2.443861, acc: 23.21, bacc: 11.00, tmp_test_f1: 0.17, f1: 5.89
epoch:  40, val_loss:2.444674, acc: 23.21, bacc: 11.00, tmp_test_f1: 0.17, f1: 5.89
epoch:  41, val_loss:2.445775, acc: 23.21, bacc: 11.00, tmp_test_f1: 0.17, f1: 5.89
epoch:  42, val_loss:2.447383, acc: 23.21, bacc: 11.00, tmp_test_f1: 0.17, f1: 5.89
epoch:  43, val_loss:2.449167, acc: 23.21, bacc: 11.00, tmp_test_f1: 0.17, f1: 5.89
epoch:  44, val_loss:2.451144, acc: 23.21, bacc: 11.00, tmp_test_f1: 0.17, f1: 5.89
epoch:  45, val_loss:2.453165, acc: 23.21, bacc: 11.00, tmp_test_f1: 0.17, f1: 5.89
epoch:  46, val_loss:2.455098, acc: 23.21, bacc: 11.00, tmp_test_f1: 0.17, f1: 5.89
epoch:  47, val_loss:2.456725, acc: 23.21, bacc: 11.00, tmp_test_f1: 0.17, f1: 5.89
epoch:  48, val_loss:2.457999, acc: 23.21, bacc: 11.00, tmp_test_f1: 0.19, f1: 5.89
epoch:  49, val_loss:2.458871, acc: 23.21, bacc: 11.00, tmp_test_f1: 0.19, f1: 5.89
epoch:  50, val_loss:2.459368, acc: 23.21, bacc: 11.00, tmp_test_f1: 0.21, f1: 5.89
epoch:  51, val_loss:2.459446, acc: 23.21, bacc: 11.00, tmp_test_f1: 0.21, f1: 5.89
epoch:  52, val_loss:2.459109, acc: 23.21, bacc: 11.00, tmp_test_f1: 0.21, f1: 5.89
epoch:  53, val_loss:2.458193, acc: 23.21, bacc: 11.00, tmp_test_f1: 0.21, f1: 5.89
epoch:  54, val_loss:2.457147, acc: 23.21, bacc: 11.00, tmp_test_f1: 0.21, f1: 5.89
epoch:  55, val_loss:2.456107, acc: 23.21, bacc: 11.00, tmp_test_f1: 0.21, f1: 5.89
epoch:  56, val_loss:2.455515, acc: 23.21, bacc: 11.00, tmp_test_f1: 0.21, f1: 5.89
epoch:  57, val_loss:2.455539, acc: 23.21, bacc: 11.00, tmp_test_f1: 0.25, f1: 5.89
epoch:  58, val_loss:2.455794, acc: 23.21, bacc: 11.00, tmp_test_f1: 0.27, f1: 5.89
epoch:  59, val_loss:2.456926, acc: 23.21, bacc: 11.00, tmp_test_f1: 0.27, f1: 5.89
epoch:  60, val_loss:2.458730, acc: 23.21, bacc: 11.00, tmp_test_f1: 0.27, f1: 5.89
epoch:  61, val_loss:2.461105, acc: 23.21, bacc: 11.00, tmp_test_f1: 0.27, f1: 5.89
epoch:  62, val_loss:2.464112, acc: 23.21, bacc: 11.00, tmp_test_f1: 0.27, f1: 5.89
epoch:  63, val_loss:2.467739, acc: 23.21, bacc: 11.00, tmp_test_f1: 0.27, f1: 5.89
epoch:  64, val_loss:2.470962, acc: 23.21, bacc: 11.00, tmp_test_f1: 0.27, f1: 5.89
epoch:  65, val_loss:2.474320, acc: 23.21, bacc: 11.00, tmp_test_f1: 0.27, f1: 5.89
epoch:  66, val_loss:2.477682, acc: 23.21, bacc: 11.00, tmp_test_f1: 0.27, f1: 5.89
epoch:  67, val_loss:2.480708, acc: 23.21, bacc: 11.00, tmp_test_f1: 0.27, f1: 5.89
epoch:  68, val_loss:2.482254, acc: 23.21, bacc: 11.00, tmp_test_f1: 0.27, f1: 5.89
epoch:  69, val_loss:2.483809, acc: 23.21, bacc: 11.00, tmp_test_f1: 0.27, f1: 5.89
epoch:  70, val_loss:2.484250, acc: 23.21, bacc: 11.00, tmp_test_f1: 0.30, f1: 5.89
epoch:  71, val_loss:2.484814, acc: 23.21, bacc: 11.00, tmp_test_f1: 0.31, f1: 5.89
epoch:  72, val_loss:2.485511, acc: 23.21, bacc: 11.00, tmp_test_f1: 0.32, f1: 5.89
epoch:  73, val_loss:2.485765, acc: 23.21, bacc: 11.00, tmp_test_f1: 0.34, f1: 5.89
epoch:  74, val_loss:2.485702, acc: 23.21, bacc: 11.00, tmp_test_f1: 0.34, f1: 5.89
epoch:  75, val_loss:2.486322, acc: 23.21, bacc: 11.00, tmp_test_f1: 0.35, f1: 5.89
epoch:  76, val_loss:2.487235, acc: 23.21, bacc: 11.00, tmp_test_f1: 0.35, f1: 5.89
epoch:  77, val_loss:2.489093, acc: 23.21, bacc: 11.00, tmp_test_f1: 0.34, f1: 5.89
epoch:  78, val_loss:2.491089, acc: 23.21, bacc: 11.00, tmp_test_f1: 0.34, f1: 5.89
epoch:  79, val_loss:2.492899, acc: 23.21, bacc: 11.00, tmp_test_f1: 0.34, f1: 5.89
epoch:  80, val_loss:2.495239, acc: 23.21, bacc: 11.00, tmp_test_f1: 0.31, f1: 5.89
epoch:  81, val_loss:2.497578, acc: 23.21, bacc: 11.00, tmp_test_f1: 0.31, f1: 5.89
epoch:  82, val_loss:2.499318, acc: 23.21, bacc: 11.00, tmp_test_f1: 0.30, f1: 5.89
epoch:  83, val_loss:2.499296, acc: 23.21, bacc: 11.00, tmp_test_f1: 0.30, f1: 5.89
epoch:  84, val_loss:2.498599, acc: 23.21, bacc: 11.00, tmp_test_f1: 0.30, f1: 5.89
epoch:  85, val_loss:2.496851, acc: 23.21, bacc: 11.00, tmp_test_f1: 0.31, f1: 5.89
epoch:  86, val_loss:2.494242, acc: 23.21, bacc: 11.00, tmp_test_f1: 0.34, f1: 5.89
epoch:  87, val_loss:2.492432, acc: 23.21, bacc: 11.00, tmp_test_f1: 0.34, f1: 5.89
epoch:  88, val_loss:2.491704, acc: 23.21, bacc: 11.00, tmp_test_f1: 0.34, f1: 5.89
epoch:  89, val_loss:2.493045, acc: 23.21, bacc: 11.00, tmp_test_f1: 0.34, f1: 5.89
epoch:  90, val_loss:2.494205, acc: 23.21, bacc: 11.00, tmp_test_f1: 0.34, f1: 5.89
epoch:  91, val_loss:2.496902, acc: 23.21, bacc: 11.00, tmp_test_f1: 0.34, f1: 5.89
epoch:  92, val_loss:2.498384, acc: 23.21, bacc: 11.00, tmp_test_f1: 0.34, f1: 5.89
epoch:  93, val_loss:2.499975, acc: 23.21, bacc: 11.00, tmp_test_f1: 0.34, f1: 5.89
epoch:  94, val_loss:2.502351, acc: 23.21, bacc: 11.00, tmp_test_f1: 0.34, f1: 5.89
epoch:  95, val_loss:2.504525, acc: 23.21, bacc: 11.00, tmp_test_f1: 0.34, f1: 5.89
epoch:  96, val_loss:2.506686, acc: 23.21, bacc: 11.00, tmp_test_f1: 0.35, f1: 5.89
epoch:  97, val_loss:2.507696, acc: 23.21, bacc: 11.00, tmp_test_f1: 0.35, f1: 5.89
epoch:  98, val_loss:2.508162, acc: 23.21, bacc: 11.00, tmp_test_f1: 0.35, f1: 5.89
epoch:  99, val_loss:2.509805, acc: 23.21, bacc: 11.00, tmp_test_f1: 0.35, f1: 5.89
epoch: 100, val_loss:2.511878, acc: 23.21, bacc: 11.00, tmp_test_f1: 0.35, f1: 5.89
epoch: 101, val_loss:2.512271, acc: 23.21, bacc: 11.00, tmp_test_f1: 0.35, f1: 5.89
epoch: 102, val_loss:2.512406, acc: 23.21, bacc: 11.00, tmp_test_f1: 0.35, f1: 5.89
epoch: 103, val_loss:2.512357, acc: 23.21, bacc: 11.00, tmp_test_f1: 0.34, f1: 5.89
epoch: 104, val_loss:2.511690, acc: 23.21, bacc: 11.00, tmp_test_f1: 0.34, f1: 5.89
epoch: 105, val_loss:2.510112, acc: 23.21, bacc: 11.00, tmp_test_f1: 0.34, f1: 5.89
epoch: 106, val_loss:2.508404, acc: 23.21, bacc: 11.00, tmp_test_f1: 0.34, f1: 5.89
epoch: 107, val_loss:2.507346, acc: 23.21, bacc: 11.00, tmp_test_f1: 0.35, f1: 5.89
epoch: 108, val_loss:2.506533, acc: 23.21, bacc: 11.00, tmp_test_f1: 0.35, f1: 5.89
epoch: 109, val_loss:2.507041, acc: 23.21, bacc: 11.00, tmp_test_f1: 0.35, f1: 5.89
epoch: 110, val_loss:2.508432, acc: 23.21, bacc: 11.00, tmp_test_f1: 0.35, f1: 5.89
epoch: 111, val_loss:2.510032, acc: 23.21, bacc: 11.00, tmp_test_f1: 0.35, f1: 5.89
epoch: 112, val_loss:2.511557, acc: 23.21, bacc: 11.00, tmp_test_f1: 0.35, f1: 5.89
epoch: 113, val_loss:2.513990, acc: 23.21, bacc: 11.00, tmp_test_f1: 0.35, f1: 5.89
epoch: 114, val_loss:2.516724, acc: 23.21, bacc: 11.00, tmp_test_f1: 0.35, f1: 5.89
epoch: 115, val_loss:2.517349, acc: 23.21, bacc: 11.00, tmp_test_f1: 0.36, f1: 5.89
epoch: 116, val_loss:2.518595, acc: 23.21, bacc: 11.00, tmp_test_f1: 0.36, f1: 5.89
epoch: 117, val_loss:2.519676, acc: 23.21, bacc: 11.00, tmp_test_f1: 0.36, f1: 5.89
epoch: 118, val_loss:2.519079, acc: 23.21, bacc: 11.00, tmp_test_f1: 0.39, f1: 5.89
epoch: 119, val_loss:2.517673, acc: 23.21, bacc: 11.00, tmp_test_f1: 0.39, f1: 5.89
epoch: 120, val_loss:2.516246, acc: 23.21, bacc: 11.00, tmp_test_f1: 0.39, f1: 5.89
epoch: 121, val_loss:2.514565, acc: 23.21, bacc: 11.00, tmp_test_f1: 0.36, f1: 5.89
epoch: 122, val_loss:2.514146, acc: 23.21, bacc: 11.00, tmp_test_f1: 0.35, f1: 5.89
epoch: 123, val_loss:2.513211, acc: 23.21, bacc: 11.00, tmp_test_f1: 0.35, f1: 5.89
epoch: 124, val_loss:2.513098, acc: 23.21, bacc: 11.00, tmp_test_f1: 0.35, f1: 5.89
epoch: 125, val_loss:2.513205, acc: 23.21, bacc: 11.00, tmp_test_f1: 0.35, f1: 5.89
epoch: 126, val_loss:2.515595, acc: 23.21, bacc: 11.00, tmp_test_f1: 0.35, f1: 5.89
epoch: 127, val_loss:2.517990, acc: 23.21, bacc: 11.00, tmp_test_f1: 0.35, f1: 5.89
epoch: 128, val_loss:2.521631, acc: 23.21, bacc: 11.00, tmp_test_f1: 0.36, f1: 5.89
epoch: 129, val_loss:2.524866, acc: 23.21, bacc: 11.00, tmp_test_f1: 0.36, f1: 5.89
epoch: 130, val_loss:2.527133, acc: 23.21, bacc: 11.00, tmp_test_f1: 0.39, f1: 5.89
epoch: 131, val_loss:2.526286, acc: 23.21, bacc: 11.00, tmp_test_f1: 0.39, f1: 5.89
epoch: 132, val_loss:2.523638, acc: 23.21, bacc: 11.00, tmp_test_f1: 0.40, f1: 5.89
epoch: 133, val_loss:2.520378, acc: 23.21, bacc: 11.00, tmp_test_f1: 0.40, f1: 5.89
epoch: 134, val_loss:2.518284, acc: 23.21, bacc: 11.00, tmp_test_f1: 0.41, f1: 5.89
epoch: 135, val_loss:2.515875, acc: 23.21, bacc: 11.00, tmp_test_f1: 0.40, f1: 5.89
epoch: 136, val_loss:2.514399, acc: 23.21, bacc: 11.00, tmp_test_f1: 0.39, f1: 5.89
epoch: 137, val_loss:2.513139, acc: 23.21, bacc: 11.00, tmp_test_f1: 0.39, f1: 5.89
epoch: 138, val_loss:2.512389, acc: 23.21, bacc: 11.00, tmp_test_f1: 0.39, f1: 5.89
epoch: 139, val_loss:2.512734, acc: 23.21, bacc: 11.00, tmp_test_f1: 0.36, f1: 5.89
epoch: 140, val_loss:2.513987, acc: 23.21, bacc: 11.00, tmp_test_f1: 0.36, f1: 5.89
epoch: 141, val_loss:2.513901, acc: 23.21, bacc: 11.00, tmp_test_f1: 0.38, f1: 5.89
epoch: 142, val_loss:2.514068, acc: 23.21, bacc: 11.00, tmp_test_f1: 0.38, f1: 5.89
epoch: 143, val_loss:2.515354, acc: 23.21, bacc: 11.00, tmp_test_f1: 0.39, f1: 5.89
epoch: 144, val_loss:2.515393, acc: 23.21, bacc: 11.00, tmp_test_f1: 0.42, f1: 5.89
epoch: 145, val_loss:2.513265, acc: 23.21, bacc: 11.00, tmp_test_f1: 0.45, f1: 5.89
epoch: 146, val_loss:2.514856, acc: 23.21, bacc: 11.00, tmp_test_f1: 0.45, f1: 5.89
epoch: 147, val_loss:2.517522, acc: 23.21, bacc: 11.00, tmp_test_f1: 0.45, f1: 5.89
epoch: 148, val_loss:2.521558, acc: 23.21, bacc: 11.00, tmp_test_f1: 0.45, f1: 5.89
epoch: 149, val_loss:2.524734, acc: 23.21, bacc: 11.00, tmp_test_f1: 0.42, f1: 5.89
epoch: 150, val_loss:2.525232, acc: 23.21, bacc: 11.00, tmp_test_f1: 0.42, f1: 5.89
epoch: 151, val_loss:2.523132, acc: 23.21, bacc: 11.00, tmp_test_f1: 0.41, f1: 5.89
epoch: 152, val_loss:2.520190, acc: 23.21, bacc: 11.00, tmp_test_f1: 0.42, f1: 5.89
epoch: 153, val_loss:2.515650, acc: 23.21, bacc: 11.00, tmp_test_f1: 0.44, f1: 5.89
epoch: 154, val_loss:2.513333, acc: 23.21, bacc: 11.00, tmp_test_f1: 0.40, f1: 5.89
epoch: 155, val_loss:2.514064, acc: 23.21, bacc: 11.00, tmp_test_f1: 0.39, f1: 5.89
epoch: 156, val_loss:2.517689, acc: 23.21, bacc: 11.00, tmp_test_f1: 0.39, f1: 5.89
epoch: 157, val_loss:2.522156, acc: 23.21, bacc: 11.00, tmp_test_f1: 0.38, f1: 5.89
epoch: 158, val_loss:2.527822, acc: 23.21, bacc: 11.00, tmp_test_f1: 0.39, f1: 5.89
epoch: 159, val_loss:2.530465, acc: 23.21, bacc: 11.00, tmp_test_f1: 0.39, f1: 5.89
epoch: 160, val_loss:2.528330, acc: 23.21, bacc: 11.00, tmp_test_f1: 0.42, f1: 5.89
epoch: 161, val_loss:2.520871, acc: 23.21, bacc: 11.00, tmp_test_f1: 0.45, f1: 5.89
epoch: 162, val_loss:2.512662, acc: 23.21, bacc: 11.00, tmp_test_f1: 0.45, f1: 5.89
epoch: 163, val_loss:2.508516, acc: 23.21, bacc: 11.00, tmp_test_f1: 0.39, f1: 5.89
epoch: 164, val_loss:2.508947, acc: 23.21, bacc: 11.00, tmp_test_f1: 0.36, f1: 5.89
epoch: 165, val_loss:2.512242, acc: 23.21, bacc: 11.00, tmp_test_f1: 0.34, f1: 5.89
epoch: 166, val_loss:2.519446, acc: 23.21, bacc: 11.00, tmp_test_f1: 0.34, f1: 5.89
epoch: 167, val_loss:2.524648, acc: 23.21, bacc: 11.00, tmp_test_f1: 0.34, f1: 5.89
epoch: 168, val_loss:2.523241, acc: 23.21, bacc: 11.00, tmp_test_f1: 0.35, f1: 5.89
epoch: 169, val_loss:2.521209, acc: 23.21, bacc: 11.00, tmp_test_f1: 0.39, f1: 5.89
epoch: 170, val_loss:2.521237, acc: 23.21, bacc: 11.00, tmp_test_f1: 0.39, f1: 5.89
epoch: 171, val_loss:2.522739, acc: 23.21, bacc: 11.00, tmp_test_f1: 0.38, f1: 5.89
epoch: 172, val_loss:2.522743, acc: 23.21, bacc: 11.00, tmp_test_f1: 0.36, f1: 5.89
epoch: 173, val_loss:2.518997, acc: 23.21, bacc: 11.00, tmp_test_f1: 0.35, f1: 5.89
epoch: 174, val_loss:2.515673, acc: 23.21, bacc: 11.00, tmp_test_f1: 0.35, f1: 5.89
epoch: 175, val_loss:2.511161, acc: 23.21, bacc: 11.00, tmp_test_f1: 0.35, f1: 5.89
epoch: 176, val_loss:2.506577, acc: 23.21, bacc: 11.00, tmp_test_f1: 0.39, f1: 5.89
epoch: 177, val_loss:2.501561, acc: 23.21, bacc: 11.00, tmp_test_f1: 0.39, f1: 5.89
epoch: 178, val_loss:2.504320, acc: 23.21, bacc: 11.00, tmp_test_f1: 0.38, f1: 5.89
epoch: 179, val_loss:2.509616, acc: 23.21, bacc: 11.00, tmp_test_f1: 0.35, f1: 5.89
epoch: 180, val_loss:2.518464, acc: 23.21, bacc: 11.00, tmp_test_f1: 0.35, f1: 5.89
epoch: 181, val_loss:2.524704, acc: 23.21, bacc: 11.00, tmp_test_f1: 0.34, f1: 5.89
epoch: 182, val_loss:2.527027, acc: 23.21, bacc: 11.00, tmp_test_f1: 0.35, f1: 5.89
epoch: 183, val_loss:2.520250, acc: 23.21, bacc: 11.00, tmp_test_f1: 0.39, f1: 5.89
epoch: 184, val_loss:2.512937, acc: 23.21, bacc: 11.00, tmp_test_f1: 0.42, f1: 5.89
epoch: 185, val_loss:2.506808, acc: 23.21, bacc: 11.00, tmp_test_f1: 0.42, f1: 5.89
epoch: 186, val_loss:2.504373, acc: 23.21, bacc: 11.00, tmp_test_f1: 0.42, f1: 5.89
epoch: 187, val_loss:2.503342, acc: 23.21, bacc: 11.00, tmp_test_f1: 0.39, f1: 5.89
epoch: 188, val_loss:2.505875, acc: 23.21, bacc: 11.00, tmp_test_f1: 0.35, f1: 5.89
epoch: 189, val_loss:2.512756, acc: 23.21, bacc: 11.00, tmp_test_f1: 0.32, f1: 5.89
epoch: 190, val_loss:2.518244, acc: 23.21, bacc: 11.00, tmp_test_f1: 0.31, f1: 5.89
epoch: 191, val_loss:2.520634, acc: 23.21, bacc: 11.00, tmp_test_f1: 0.34, f1: 5.89
epoch: 192, val_loss:2.518373, acc: 23.21, bacc: 11.00, tmp_test_f1: 0.35, f1: 5.89
epoch: 193, val_loss:2.513021, acc: 23.21, bacc: 11.00, tmp_test_f1: 0.36, f1: 5.89
epoch: 194, val_loss:2.507698, acc: 23.21, bacc: 11.00, tmp_test_f1: 0.36, f1: 5.89
epoch: 195, val_loss:2.506621, acc: 23.21, bacc: 11.00, tmp_test_f1: 0.39, f1: 5.89
epoch: 196, val_loss:2.507319, acc: 23.21, bacc: 11.00, tmp_test_f1: 0.39, f1: 5.89
epoch: 197, val_loss:2.508142, acc: 23.21, bacc: 11.00, tmp_test_f1: 0.39, f1: 5.89
epoch: 198, val_loss:2.507570, acc: 23.21, bacc: 11.00, tmp_test_f1: 0.41, f1: 5.89
epoch: 199, val_loss:2.506018, acc: 23.21, bacc: 11.00, tmp_test_f1: 0.45, f1: 5.89
epoch: 200, val_loss:2.504582, acc: 23.21, bacc: 11.00, tmp_test_f1: 0.45, f1: 5.89
Epoch 00201: reducing learning rate of group 0 to 5.0000e-02.
epoch: 201, val_loss:2.507439, acc: 23.21, bacc: 11.00, tmp_test_f1: 0.39, f1: 5.89
epoch: 202, val_loss:2.512139, acc: 23.21, bacc: 11.00, tmp_test_f1: 0.36, f1: 5.89
epoch: 203, val_loss:2.515218, acc: 23.21, bacc: 11.00, tmp_test_f1: 0.35, f1: 5.89
epoch: 204, val_loss:2.518845, acc: 23.21, bacc: 11.00, tmp_test_f1: 0.35, f1: 5.89
epoch: 205, val_loss:2.521971, acc: 23.21, bacc: 11.00, tmp_test_f1: 0.34, f1: 5.89
epoch: 206, val_loss:2.523105, acc: 23.21, bacc: 11.00, tmp_test_f1: 0.35, f1: 5.89
epoch: 207, val_loss:2.522578, acc: 23.21, bacc: 11.00, tmp_test_f1: 0.35, f1: 5.89
epoch: 208, val_loss:2.520287, acc: 23.21, bacc: 11.00, tmp_test_f1: 0.35, f1: 5.89
epoch: 209, val_loss:2.518196, acc: 23.21, bacc: 11.00, tmp_test_f1: 0.36, f1: 5.89
epoch: 210, val_loss:2.516851, acc: 23.21, bacc: 11.00, tmp_test_f1: 0.39, f1: 5.89
epoch: 211, val_loss:2.515448, acc: 23.21, bacc: 11.00, tmp_test_f1: 0.39, f1: 5.89
epoch: 212, val_loss:2.515741, acc: 23.21, bacc: 11.00, tmp_test_f1: 0.39, f1: 5.89
epoch: 213, val_loss:2.515743, acc: 23.21, bacc: 11.00, tmp_test_f1: 0.39, f1: 5.89
epoch: 214, val_loss:2.518203, acc: 23.21, bacc: 11.00, tmp_test_f1: 0.39, f1: 5.89
epoch: 215, val_loss:2.518944, acc: 23.21, bacc: 11.00, tmp_test_f1: 0.39, f1: 5.89
epoch: 216, val_loss:2.519524, acc: 23.21, bacc: 11.00, tmp_test_f1: 0.39, f1: 5.89
epoch: 217, val_loss:2.518902, acc: 23.21, bacc: 11.00, tmp_test_f1: 0.36, f1: 5.89
epoch: 218, val_loss:2.517594, acc: 23.21, bacc: 11.00, tmp_test_f1: 0.39, f1: 5.89
epoch: 219, val_loss:2.513374, acc: 23.21, bacc: 11.00, tmp_test_f1: 0.39, f1: 5.89
epoch: 220, val_loss:2.510011, acc: 23.21, bacc: 11.00, tmp_test_f1: 0.40, f1: 5.89
epoch: 221, val_loss:2.507161, acc: 23.21, bacc: 11.00, tmp_test_f1: 0.40, f1: 5.89
epoch: 222, val_loss:2.506057, acc: 23.21, bacc: 11.00, tmp_test_f1: 0.39, f1: 5.89
epoch: 223, val_loss:2.505866, acc: 23.21, bacc: 11.00, tmp_test_f1: 0.39, f1: 5.89
epoch: 224, val_loss:2.506029, acc: 23.21, bacc: 11.00, tmp_test_f1: 0.36, f1: 5.89
epoch: 225, val_loss:2.507539, acc: 23.21, bacc: 11.00, tmp_test_f1: 0.35, f1: 5.89
epoch: 226, val_loss:2.510079, acc: 23.21, bacc: 11.00, tmp_test_f1: 0.35, f1: 5.89
epoch: 227, val_loss:2.513344, acc: 23.21, bacc: 11.00, tmp_test_f1: 0.34, f1: 5.89
epoch: 228, val_loss:2.516006, acc: 23.21, bacc: 11.00, tmp_test_f1: 0.34, f1: 5.89
epoch: 229, val_loss:2.519225, acc: 23.21, bacc: 11.00, tmp_test_f1: 0.34, f1: 5.89
epoch: 230, val_loss:2.520638, acc: 23.21, bacc: 11.00, tmp_test_f1: 0.35, f1: 5.89
epoch: 231, val_loss:2.520829, acc: 23.21, bacc: 11.00, tmp_test_f1: 0.35, f1: 5.89
epoch: 232, val_loss:2.519206, acc: 23.21, bacc: 11.00, tmp_test_f1: 0.39, f1: 5.89
epoch: 233, val_loss:2.517548, acc: 23.21, bacc: 11.00, tmp_test_f1: 0.39, f1: 5.89
epoch: 234, val_loss:2.514292, acc: 23.21, bacc: 11.00, tmp_test_f1: 0.40, f1: 5.89
epoch: 235, val_loss:2.511824, acc: 23.21, bacc: 11.00, tmp_test_f1: 0.39, f1: 5.89
epoch: 236, val_loss:2.510630, acc: 23.21, bacc: 11.00, tmp_test_f1: 0.39, f1: 5.89
epoch: 237, val_loss:2.509624, acc: 23.21, bacc: 11.00, tmp_test_f1: 0.39, f1: 5.89
epoch: 238, val_loss:2.509669, acc: 23.21, bacc: 11.00, tmp_test_f1: 0.39, f1: 5.89
epoch: 239, val_loss:2.509952, acc: 23.21, bacc: 11.00, tmp_test_f1: 0.38, f1: 5.89
epoch: 240, val_loss:2.510134, acc: 23.21, bacc: 11.00, tmp_test_f1: 0.35, f1: 5.89
epoch: 241, val_loss:2.511783, acc: 23.21, bacc: 11.00, tmp_test_f1: 0.35, f1: 5.89
epoch: 242, val_loss:2.513361, acc: 23.21, bacc: 11.00, tmp_test_f1: 0.35, f1: 5.89
epoch: 243, val_loss:2.514934, acc: 23.21, bacc: 11.00, tmp_test_f1: 0.34, f1: 5.89
epoch: 244, val_loss:2.517201, acc: 23.21, bacc: 11.00, tmp_test_f1: 0.34, f1: 5.89
epoch: 245, val_loss:2.519213, acc: 23.21, bacc: 11.00, tmp_test_f1: 0.34, f1: 5.89
epoch: 246, val_loss:2.519536, acc: 23.21, bacc: 11.00, tmp_test_f1: 0.35, f1: 5.89
epoch: 247, val_loss:2.520576, acc: 23.21, bacc: 11.00, tmp_test_f1: 0.35, f1: 5.89
epoch: 248, val_loss:2.521825, acc: 23.21, bacc: 11.00, tmp_test_f1: 0.35, f1: 5.89
epoch: 249, val_loss:2.520868, acc: 23.21, bacc: 11.00, tmp_test_f1: 0.38, f1: 5.89
epoch: 250, val_loss:2.517102, acc: 23.21, bacc: 11.00, tmp_test_f1: 0.39, f1: 5.89
epoch: 251, val_loss:2.513044, acc: 23.21, bacc: 11.00, tmp_test_f1: 0.41, f1: 5.89
epoch: 252, val_loss:2.509850, acc: 23.21, bacc: 11.00, tmp_test_f1: 0.41, f1: 5.89
epoch: 253, val_loss:2.506554, acc: 23.21, bacc: 11.00, tmp_test_f1: 0.39, f1: 5.89
epoch: 254, val_loss:2.504991, acc: 23.21, bacc: 11.00, tmp_test_f1: 0.39, f1: 5.89
epoch: 255, val_loss:2.504798, acc: 23.21, bacc: 11.00, tmp_test_f1: 0.38, f1: 5.89
epoch: 256, val_loss:2.505483, acc: 23.21, bacc: 11.00, tmp_test_f1: 0.36, f1: 5.89
epoch: 257, val_loss:2.507474, acc: 23.21, bacc: 11.00, tmp_test_f1: 0.36, f1: 5.89
epoch: 258, val_loss:2.511369, acc: 23.21, bacc: 11.00, tmp_test_f1: 0.35, f1: 5.89
epoch: 259, val_loss:2.516797, acc: 23.21, bacc: 11.00, tmp_test_f1: 0.35, f1: 5.89
epoch: 260, val_loss:2.523052, acc: 23.21, bacc: 11.00, tmp_test_f1: 0.34, f1: 5.89
epoch: 261, val_loss:2.527177, acc: 23.21, bacc: 11.00, tmp_test_f1: 0.34, f1: 5.89
epoch: 262, val_loss:2.529415, acc: 23.21, bacc: 11.00, tmp_test_f1: 0.34, f1: 5.89
epoch: 263, val_loss:2.528956, acc: 23.21, bacc: 11.00, tmp_test_f1: 0.35, f1: 5.89
epoch: 264, val_loss:2.525836, acc: 23.21, bacc: 11.00, tmp_test_f1: 0.35, f1: 5.89
epoch: 265, val_loss:2.519723, acc: 23.21, bacc: 11.00, tmp_test_f1: 0.36, f1: 5.89
epoch: 266, val_loss:2.515448, acc: 23.21, bacc: 11.00, tmp_test_f1: 0.36, f1: 5.89
epoch: 267, val_loss:2.511469, acc: 23.21, bacc: 11.00, tmp_test_f1: 0.36, f1: 5.89
epoch: 268, val_loss:2.508865, acc: 23.21, bacc: 11.00, tmp_test_f1: 0.36, f1: 5.89
epoch: 269, val_loss:2.507697, acc: 23.21, bacc: 11.00, tmp_test_f1: 0.35, f1: 5.89
epoch: 270, val_loss:2.507632, acc: 23.21, bacc: 11.00, tmp_test_f1: 0.35, f1: 5.89
epoch: 271, val_loss:2.508824, acc: 23.21, bacc: 11.00, tmp_test_f1: 0.35, f1: 5.89
epoch: 272, val_loss:2.511187, acc: 23.21, bacc: 11.00, tmp_test_f1: 0.35, f1: 5.89
epoch: 273, val_loss:2.512148, acc: 23.21, bacc: 11.00, tmp_test_f1: 0.35, f1: 5.89
epoch: 274, val_loss:2.513252, acc: 23.21, bacc: 11.00, tmp_test_f1: 0.35, f1: 5.89
epoch: 275, val_loss:2.513808, acc: 23.21, bacc: 11.00, tmp_test_f1: 0.35, f1: 5.89
epoch: 276, val_loss:2.513908, acc: 23.21, bacc: 11.00, tmp_test_f1: 0.35, f1: 5.89
epoch: 277, val_loss:2.514511, acc: 23.21, bacc: 11.00, tmp_test_f1: 0.36, f1: 5.89
epoch: 278, val_loss:2.514160, acc: 23.21, bacc: 11.00, tmp_test_f1: 0.36, f1: 5.89
epoch: 279, val_loss:2.514858, acc: 23.21, bacc: 11.00, tmp_test_f1: 0.36, f1: 5.89
epoch: 280, val_loss:2.515442, acc: 23.21, bacc: 11.00, tmp_test_f1: 0.36, f1: 5.89
epoch: 281, val_loss:2.515828, acc: 23.21, bacc: 11.00, tmp_test_f1: 0.38, f1: 5.89
epoch: 282, val_loss:2.514776, acc: 23.21, bacc: 11.00, tmp_test_f1: 0.39, f1: 5.89
epoch: 283, val_loss:2.513070, acc: 23.21, bacc: 11.00, tmp_test_f1: 0.40, f1: 5.89
epoch: 284, val_loss:2.510964, acc: 23.21, bacc: 11.00, tmp_test_f1: 0.45, f1: 5.89
epoch: 285, val_loss:2.509300, acc: 23.21, bacc: 11.00, tmp_test_f1: 0.42, f1: 5.89
epoch: 286, val_loss:2.509922, acc: 23.21, bacc: 11.00, tmp_test_f1: 0.41, f1: 5.89
epoch: 287, val_loss:2.511635, acc: 23.21, bacc: 11.00, tmp_test_f1: 0.39, f1: 5.89
epoch: 288, val_loss:2.514498, acc: 23.21, bacc: 11.00, tmp_test_f1: 0.36, f1: 5.89
epoch: 289, val_loss:2.517249, acc: 23.21, bacc: 11.00, tmp_test_f1: 0.36, f1: 5.89
epoch: 290, val_loss:2.518651, acc: 23.21, bacc: 11.00, tmp_test_f1: 0.35, f1: 5.89
epoch: 291, val_loss:2.519276, acc: 23.21, bacc: 11.00, tmp_test_f1: 0.36, f1: 5.89
epoch: 292, val_loss:2.517179, acc: 23.21, bacc: 11.00, tmp_test_f1: 0.39, f1: 5.89
epoch: 293, val_loss:2.516064, acc: 23.21, bacc: 11.00, tmp_test_f1: 0.39, f1: 5.89
epoch: 294, val_loss:2.516268, acc: 23.21, bacc: 11.00, tmp_test_f1: 0.39, f1: 5.89
epoch: 295, val_loss:2.516822, acc: 23.21, bacc: 11.00, tmp_test_f1: 0.39, f1: 5.89
epoch: 296, val_loss:2.516822, acc: 23.21, bacc: 11.00, tmp_test_f1: 0.39, f1: 5.89
epoch: 297, val_loss:2.516128, acc: 23.21, bacc: 11.00, tmp_test_f1: 0.39, f1: 5.89
epoch: 298, val_loss:2.515571, acc: 23.21, bacc: 11.00, tmp_test_f1: 0.39, f1: 5.89
epoch: 299, val_loss:2.513990, acc: 23.21, bacc: 11.00, tmp_test_f1: 0.39, f1: 5.89
epoch: 300, val_loss:2.512963, acc: 23.21, bacc: 11.00, tmp_test_f1: 0.39, f1: 5.89
epoch: 301, val_loss:2.513889, acc: 23.21, bacc: 11.00, tmp_test_f1: 0.40, f1: 5.89
epoch: 302, val_loss:2.513530, acc: 23.21, bacc: 11.00, tmp_test_f1: 0.40, f1: 5.89
epoch: 303, val_loss:2.514505, acc: 23.21, bacc: 11.00, tmp_test_f1: 0.39, f1: 5.89
epoch: 304, val_loss:2.519014, acc: 23.21, bacc: 11.00, tmp_test_f1: 0.39, f1: 5.89
epoch: 305, val_loss:2.521894, acc: 23.21, bacc: 11.00, tmp_test_f1: 0.36, f1: 5.89
epoch: 306, val_loss:2.523930, acc: 23.21, bacc: 11.00, tmp_test_f1: 0.36, f1: 5.89
epoch: 307, val_loss:2.524903, acc: 23.21, bacc: 11.00, tmp_test_f1: 0.35, f1: 5.89
epoch: 308, val_loss:2.523432, acc: 23.21, bacc: 11.00, tmp_test_f1: 0.35, f1: 5.89
epoch: 309, val_loss:2.519226, acc: 23.21, bacc: 11.00, tmp_test_f1: 0.36, f1: 5.89
epoch: 310, val_loss:2.515550, acc: 23.21, bacc: 11.00, tmp_test_f1: 0.39, f1: 5.89
epoch: 311, val_loss:2.511560, acc: 23.21, bacc: 11.00, tmp_test_f1: 0.39, f1: 5.89
epoch: 312, val_loss:2.508795, acc: 23.21, bacc: 11.00, tmp_test_f1: 0.39, f1: 5.89
epoch: 313, val_loss:2.507631, acc: 23.21, bacc: 11.00, tmp_test_f1: 0.39, f1: 5.89
epoch: 314, val_loss:2.508808, acc: 23.21, bacc: 11.00, tmp_test_f1: 0.39, f1: 5.89
epoch: 315, val_loss:2.512644, acc: 23.21, bacc: 11.00, tmp_test_f1: 0.39, f1: 5.89
epoch: 316, val_loss:2.516532, acc: 23.21, bacc: 11.00, tmp_test_f1: 0.39, f1: 5.89
epoch: 317, val_loss:2.520518, acc: 23.21, bacc: 11.00, tmp_test_f1: 0.40, f1: 5.89
epoch: 318, val_loss:2.522247, acc: 23.21, bacc: 11.00, tmp_test_f1: 0.42, f1: 5.89
epoch: 319, val_loss:2.521356, acc: 23.21, bacc: 11.00, tmp_test_f1: 0.45, f1: 5.89
epoch: 320, val_loss:2.520811, acc: 23.21, bacc: 11.00, tmp_test_f1: 0.42, f1: 5.89
epoch: 321, val_loss:2.519562, acc: 23.21, bacc: 11.00, tmp_test_f1: 0.40, f1: 5.89
epoch: 322, val_loss:2.519624, acc: 23.21, bacc: 11.00, tmp_test_f1: 0.39, f1: 5.89
epoch: 323, val_loss:2.522143, acc: 23.21, bacc: 11.00, tmp_test_f1: 0.39, f1: 5.89
epoch: 324, val_loss:2.521907, acc: 23.21, bacc: 11.00, tmp_test_f1: 0.39, f1: 5.89
epoch: 325, val_loss:2.521029, acc: 23.21, bacc: 11.00, tmp_test_f1: 0.39, f1: 5.89
epoch: 326, val_loss:2.518673, acc: 23.21, bacc: 11.00, tmp_test_f1: 0.39, f1: 5.89
epoch: 327, val_loss:2.516005, acc: 23.21, bacc: 11.00, tmp_test_f1: 0.39, f1: 5.89
epoch: 328, val_loss:2.513282, acc: 23.21, bacc: 11.00, tmp_test_f1: 0.39, f1: 5.89
epoch: 329, val_loss:2.511199, acc: 23.21, bacc: 11.00, tmp_test_f1: 0.39, f1: 5.89
epoch: 330, val_loss:2.509776, acc: 23.21, bacc: 11.00, tmp_test_f1: 0.39, f1: 5.89
epoch: 331, val_loss:2.509614, acc: 23.21, bacc: 11.00, tmp_test_f1: 0.39, f1: 5.89
epoch: 332, val_loss:2.510861, acc: 23.21, bacc: 11.00, tmp_test_f1: 0.39, f1: 5.89
epoch: 333, val_loss:2.513973, acc: 23.21, bacc: 11.00, tmp_test_f1: 0.39, f1: 5.89
epoch: 334, val_loss:2.517466, acc: 23.21, bacc: 11.00, tmp_test_f1: 0.39, f1: 5.89
epoch: 335, val_loss:2.520609, acc: 23.21, bacc: 11.00, tmp_test_f1: 0.39, f1: 5.89
epoch: 336, val_loss:2.522660, acc: 23.21, bacc: 11.00, tmp_test_f1: 0.39, f1: 5.89
epoch: 337, val_loss:2.522912, acc: 23.21, bacc: 11.00, tmp_test_f1: 0.39, f1: 5.89
epoch: 338, val_loss:2.523037, acc: 23.21, bacc: 11.00, tmp_test_f1: 0.38, f1: 5.89
epoch: 339, val_loss:2.523099, acc: 23.21, bacc: 11.00, tmp_test_f1: 0.36, f1: 5.89
epoch: 340, val_loss:2.522429, acc: 23.21, bacc: 11.00, tmp_test_f1: 0.36, f1: 5.89
epoch: 341, val_loss:2.521913, acc: 23.21, bacc: 11.00, tmp_test_f1: 0.36, f1: 5.89
epoch: 342, val_loss:2.520127, acc: 23.21, bacc: 11.00, tmp_test_f1: 0.38, f1: 5.89
epoch: 343, val_loss:2.518433, acc: 23.21, bacc: 11.00, tmp_test_f1: 0.36, f1: 5.89
epoch: 344, val_loss:2.517867, acc: 23.21, bacc: 11.00, tmp_test_f1: 0.35, f1: 5.89
epoch: 345, val_loss:2.517455, acc: 23.21, bacc: 11.00, tmp_test_f1: 0.35, f1: 5.89
epoch: 346, val_loss:2.516342, acc: 23.21, bacc: 11.00, tmp_test_f1: 0.35, f1: 5.89
epoch: 347, val_loss:2.513148, acc: 23.21, bacc: 11.00, tmp_test_f1: 0.36, f1: 5.89
epoch: 348, val_loss:2.510137, acc: 23.21, bacc: 11.00, tmp_test_f1: 0.36, f1: 5.89
epoch: 349, val_loss:2.509764, acc: 23.21, bacc: 11.00, tmp_test_f1: 0.36, f1: 5.89
epoch: 350, val_loss:2.512209, acc: 23.21, bacc: 11.00, tmp_test_f1: 0.35, f1: 5.89
epoch: 351, val_loss:2.515293, acc: 23.21, bacc: 11.00, tmp_test_f1: 0.35, f1: 5.89
epoch: 352, val_loss:2.519484, acc: 23.21, bacc: 11.00, tmp_test_f1: 0.35, f1: 5.89
epoch: 353, val_loss:2.521801, acc: 23.21, bacc: 11.00, tmp_test_f1: 0.35, f1: 5.89
epoch: 354, val_loss:2.523115, acc: 23.21, bacc: 11.00, tmp_test_f1: 0.35, f1: 5.89
epoch: 355, val_loss:2.523464, acc: 23.21, bacc: 11.00, tmp_test_f1: 0.35, f1: 5.89
epoch: 356, val_loss:2.522685, acc: 23.21, bacc: 11.00, tmp_test_f1: 0.36, f1: 5.89
epoch: 357, val_loss:2.520844, acc: 23.21, bacc: 11.00, tmp_test_f1: 0.39, f1: 5.89
epoch: 358, val_loss:2.516125, acc: 23.21, bacc: 11.00, tmp_test_f1: 0.41, f1: 5.89
epoch: 359, val_loss:2.512137, acc: 23.21, bacc: 11.00, tmp_test_f1: 0.42, f1: 5.89
epoch: 360, val_loss:2.509507, acc: 23.21, bacc: 11.00, tmp_test_f1: 0.42, f1: 5.89
epoch: 361, val_loss:2.508933, acc: 23.21, bacc: 11.00, tmp_test_f1: 0.39, f1: 5.89
epoch: 362, val_loss:2.509835, acc: 23.21, bacc: 11.00, tmp_test_f1: 0.35, f1: 5.89
epoch: 363, val_loss:2.513571, acc: 23.21, bacc: 11.00, tmp_test_f1: 0.34, f1: 5.89
epoch: 364, val_loss:2.517972, acc: 23.21, bacc: 11.00, tmp_test_f1: 0.32, f1: 5.89
epoch: 365, val_loss:2.520694, acc: 23.21, bacc: 11.00, tmp_test_f1: 0.34, f1: 5.89
epoch: 366, val_loss:2.519838, acc: 23.21, bacc: 11.00, tmp_test_f1: 0.34, f1: 5.89
epoch: 367, val_loss:2.518772, acc: 23.21, bacc: 11.00, tmp_test_f1: 0.36, f1: 5.89
epoch: 368, val_loss:2.515229, acc: 23.21, bacc: 11.00, tmp_test_f1: 0.39, f1: 5.89
epoch: 369, val_loss:2.512436, acc: 23.21, bacc: 11.00, tmp_test_f1: 0.45, f1: 5.89
epoch: 370, val_loss:2.509110, acc: 23.21, bacc: 11.00, tmp_test_f1: 0.46, f1: 5.89
epoch: 371, val_loss:2.507276, acc: 23.21, bacc: 11.00, tmp_test_f1: 0.45, f1: 5.89
epoch: 372, val_loss:2.509843, acc: 23.21, bacc: 11.00, tmp_test_f1: 0.41, f1: 5.89
epoch: 373, val_loss:2.513610, acc: 23.21, bacc: 11.00, tmp_test_f1: 0.39, f1: 5.89
epoch: 374, val_loss:2.518100, acc: 23.21, bacc: 11.00, tmp_test_f1: 0.36, f1: 5.89
epoch: 375, val_loss:2.521525, acc: 23.21, bacc: 11.00, tmp_test_f1: 0.35, f1: 5.89
epoch: 376, val_loss:2.522632, acc: 23.21, bacc: 11.00, tmp_test_f1: 0.35, f1: 5.89
epoch: 377, val_loss:2.520392, acc: 23.21, bacc: 11.00, tmp_test_f1: 0.35, f1: 5.89
epoch: 378, val_loss:2.519190, acc: 23.21, bacc: 11.00, tmp_test_f1: 0.35, f1: 5.89
epoch: 379, val_loss:2.519065, acc: 23.21, bacc: 11.00, tmp_test_f1: 0.36, f1: 5.89
epoch: 380, val_loss:2.518989, acc: 23.21, bacc: 11.00, tmp_test_f1: 0.36, f1: 5.89
epoch: 381, val_loss:2.519244, acc: 23.21, bacc: 11.00, tmp_test_f1: 0.39, f1: 5.89
epoch: 382, val_loss:2.518414, acc: 23.21, bacc: 11.00, tmp_test_f1: 0.41, f1: 5.89
epoch: 383, val_loss:2.517349, acc: 23.21, bacc: 11.00, tmp_test_f1: 0.45, f1: 5.89
epoch: 384, val_loss:2.517268, acc: 23.21, bacc: 11.00, tmp_test_f1: 0.45, f1: 5.89
epoch: 385, val_loss:2.517389, acc: 23.21, bacc: 11.00, tmp_test_f1: 0.45, f1: 5.89
epoch: 386, val_loss:2.518239, acc: 23.21, bacc: 11.00, tmp_test_f1: 0.40, f1: 5.89
epoch: 387, val_loss:2.520490, acc: 23.21, bacc: 11.00, tmp_test_f1: 0.39, f1: 5.89
epoch: 388, val_loss:2.522469, acc: 23.21, bacc: 11.00, tmp_test_f1: 0.36, f1: 5.89
epoch: 389, val_loss:2.524491, acc: 23.21, bacc: 11.00, tmp_test_f1: 0.35, f1: 5.89
epoch: 390, val_loss:2.526480, acc: 23.21, bacc: 11.00, tmp_test_f1: 0.35, f1: 5.89
epoch: 391, val_loss:2.526003, acc: 23.21, bacc: 11.00, tmp_test_f1: 0.36, f1: 5.89
epoch: 392, val_loss:2.525470, acc: 23.21, bacc: 11.00, tmp_test_f1: 0.36, f1: 5.89
epoch: 393, val_loss:2.524251, acc: 23.21, bacc: 11.00, tmp_test_f1: 0.39, f1: 5.89
epoch: 394, val_loss:2.522864, acc: 23.21, bacc: 11.00, tmp_test_f1: 0.39, f1: 5.89
epoch: 395, val_loss:2.521544, acc: 23.21, bacc: 11.00, tmp_test_f1: 0.43, f1: 5.89
epoch: 396, val_loss:2.518234, acc: 23.21, bacc: 11.00, tmp_test_f1: 0.45, f1: 5.89
epoch: 397, val_loss:2.516641, acc: 23.21, bacc: 11.00, tmp_test_f1: 0.45, f1: 5.89
epoch: 398, val_loss:2.516749, acc: 23.21, bacc: 11.00, tmp_test_f1: 0.42, f1: 5.89
epoch: 399, val_loss:2.519302, acc: 23.21, bacc: 11.00, tmp_test_f1: 0.39, f1: 5.89
epoch: 400, val_loss:2.522418, acc: 23.21, bacc: 11.00, tmp_test_f1: 0.36, f1: 5.89
epoch: 401, val_loss:2.524462, acc: 23.21, bacc: 11.00, tmp_test_f1: 0.35, f1: 5.89
Epoch 00402: reducing learning rate of group 0 to 2.5000e-02.
epoch: 402, val_loss:2.525950, acc: 23.21, bacc: 11.00, tmp_test_f1: 0.35, f1: 5.89
epoch: 403, val_loss:2.525123, acc: 23.21, bacc: 11.00, tmp_test_f1: 0.35, f1: 5.89
epoch: 404, val_loss:2.524287, acc: 23.21, bacc: 11.00, tmp_test_f1: 0.35, f1: 5.89
epoch: 405, val_loss:2.523323, acc: 23.21, bacc: 11.00, tmp_test_f1: 0.36, f1: 5.89
epoch: 406, val_loss:2.523119, acc: 23.21, bacc: 11.00, tmp_test_f1: 0.36, f1: 5.89
epoch: 407, val_loss:2.522199, acc: 23.21, bacc: 11.00, tmp_test_f1: 0.39, f1: 5.89
epoch: 408, val_loss:2.521143, acc: 23.21, bacc: 11.00, tmp_test_f1: 0.39, f1: 5.89
epoch: 409, val_loss:2.521095, acc: 23.21, bacc: 11.00, tmp_test_f1: 0.39, f1: 5.89
epoch: 410, val_loss:2.520476, acc: 23.21, bacc: 11.00, tmp_test_f1: 0.41, f1: 5.89
epoch: 411, val_loss:2.519430, acc: 23.21, bacc: 11.00, tmp_test_f1: 0.43, f1: 5.89
epoch: 412, val_loss:2.518058, acc: 23.21, bacc: 11.00, tmp_test_f1: 0.43, f1: 5.89
epoch: 413, val_loss:2.517305, acc: 23.21, bacc: 11.00, tmp_test_f1: 0.41, f1: 5.89
epoch: 414, val_loss:2.517028, acc: 23.21, bacc: 11.00, tmp_test_f1: 0.39, f1: 5.89
epoch: 415, val_loss:2.517935, acc: 23.21, bacc: 11.00, tmp_test_f1: 0.38, f1: 5.89
epoch: 416, val_loss:2.518807, acc: 23.21, bacc: 11.00, tmp_test_f1: 0.35, f1: 5.89
epoch: 417, val_loss:2.520852, acc: 23.21, bacc: 11.00, tmp_test_f1: 0.35, f1: 5.89
epoch: 418, val_loss:2.521479, acc: 23.21, bacc: 11.00, tmp_test_f1: 0.35, f1: 5.89
epoch: 419, val_loss:2.522699, acc: 23.21, bacc: 11.00, tmp_test_f1: 0.35, f1: 5.89
epoch: 420, val_loss:2.523350, acc: 23.21, bacc: 11.00, tmp_test_f1: 0.35, f1: 5.89
epoch: 421, val_loss:2.524654, acc: 23.21, bacc: 11.00, tmp_test_f1: 0.35, f1: 5.89
epoch: 422, val_loss:2.525677, acc: 23.21, bacc: 11.00, tmp_test_f1: 0.35, f1: 5.89
epoch: 423, val_loss:2.525244, acc: 23.21, bacc: 11.00, tmp_test_f1: 0.36, f1: 5.89
epoch: 424, val_loss:2.524091, acc: 23.21, bacc: 11.00, tmp_test_f1: 0.36, f1: 5.89
epoch: 425, val_loss:2.523115, acc: 23.21, bacc: 11.00, tmp_test_f1: 0.38, f1: 5.89
epoch: 426, val_loss:2.522785, acc: 23.21, bacc: 11.00, tmp_test_f1: 0.39, f1: 5.89
epoch: 427, val_loss:2.522248, acc: 23.21, bacc: 11.00, tmp_test_f1: 0.39, f1: 5.89
epoch: 428, val_loss:2.522659, acc: 23.21, bacc: 11.00, tmp_test_f1: 0.39, f1: 5.89
epoch: 429, val_loss:2.523417, acc: 23.21, bacc: 11.00, tmp_test_f1: 0.38, f1: 5.89
epoch: 430, val_loss:2.524182, acc: 23.21, bacc: 11.00, tmp_test_f1: 0.36, f1: 5.89
epoch: 431, val_loss:2.524848, acc: 23.21, bacc: 11.00, tmp_test_f1: 0.36, f1: 5.89
epoch: 432, val_loss:2.524671, acc: 23.21, bacc: 11.00, tmp_test_f1: 0.35, f1: 5.89
epoch: 433, val_loss:2.523972, acc: 23.21, bacc: 11.00, tmp_test_f1: 0.35, f1: 5.89
epoch: 434, val_loss:2.521681, acc: 23.21, bacc: 11.00, tmp_test_f1: 0.35, f1: 5.89
epoch: 435, val_loss:2.519968, acc: 23.21, bacc: 11.00, tmp_test_f1: 0.35, f1: 5.89
epoch: 436, val_loss:2.518979, acc: 23.21, bacc: 11.00, tmp_test_f1: 0.35, f1: 5.89
epoch: 437, val_loss:2.517440, acc: 23.21, bacc: 11.00, tmp_test_f1: 0.35, f1: 5.89
epoch: 438, val_loss:2.516125, acc: 23.21, bacc: 11.00, tmp_test_f1: 0.35, f1: 5.89
epoch: 439, val_loss:2.515716, acc: 23.21, bacc: 11.00, tmp_test_f1: 0.35, f1: 5.89
epoch: 440, val_loss:2.515361, acc: 23.21, bacc: 11.00, tmp_test_f1: 0.35, f1: 5.89
epoch: 441, val_loss:2.514870, acc: 23.21, bacc: 11.00, tmp_test_f1: 0.36, f1: 5.89
epoch: 442, val_loss:2.513896, acc: 23.21, bacc: 11.00, tmp_test_f1: 0.39, f1: 5.89
epoch: 443, val_loss:2.513074, acc: 23.21, bacc: 11.00, tmp_test_f1: 0.39, f1: 5.89
epoch: 444, val_loss:2.513050, acc: 23.21, bacc: 11.00, tmp_test_f1: 0.39, f1: 5.89
epoch: 445, val_loss:2.514589, acc: 23.21, bacc: 11.00, tmp_test_f1: 0.39, f1: 5.89
epoch: 446, val_loss:2.516362, acc: 23.21, bacc: 11.00, tmp_test_f1: 0.36, f1: 5.89
epoch: 447, val_loss:2.518441, acc: 23.21, bacc: 11.00, tmp_test_f1: 0.35, f1: 5.89
epoch: 448, val_loss:2.520569, acc: 23.21, bacc: 11.00, tmp_test_f1: 0.35, f1: 5.89
epoch: 449, val_loss:2.521714, acc: 23.21, bacc: 11.00, tmp_test_f1: 0.36, f1: 5.89
epoch: 450, val_loss:2.522369, acc: 23.21, bacc: 11.00, tmp_test_f1: 0.34, f1: 5.89
epoch: 451, val_loss:2.523466, acc: 23.21, bacc: 11.00, tmp_test_f1: 0.34, f1: 5.89
epoch: 452, val_loss:2.523758, acc: 23.21, bacc: 11.00, tmp_test_f1: 0.34, f1: 5.89
epoch: 453, val_loss:2.523560, acc: 23.21, bacc: 11.00, tmp_test_f1: 0.34, f1: 5.89
epoch: 454, val_loss:2.520763, acc: 23.21, bacc: 11.00, tmp_test_f1: 0.34, f1: 5.89
epoch: 455, val_loss:2.518135, acc: 23.21, bacc: 11.00, tmp_test_f1: 0.35, f1: 5.89
epoch: 456, val_loss:2.516050, acc: 23.21, bacc: 11.00, tmp_test_f1: 0.36, f1: 5.89
epoch: 457, val_loss:2.513753, acc: 23.21, bacc: 11.00, tmp_test_f1: 0.39, f1: 5.89
epoch: 458, val_loss:2.512340, acc: 23.21, bacc: 11.00, tmp_test_f1: 0.39, f1: 5.89
epoch: 459, val_loss:2.512739, acc: 23.21, bacc: 11.00, tmp_test_f1: 0.39, f1: 5.89
epoch: 460, val_loss:2.513189, acc: 23.21, bacc: 11.00, tmp_test_f1: 0.39, f1: 5.89
epoch: 461, val_loss:2.515455, acc: 23.21, bacc: 11.00, tmp_test_f1: 0.36, f1: 5.89
epoch: 462, val_loss:2.517514, acc: 23.21, bacc: 11.00, tmp_test_f1: 0.35, f1: 5.89
epoch: 463, val_loss:2.519686, acc: 23.21, bacc: 11.00, tmp_test_f1: 0.35, f1: 5.89
epoch: 464, val_loss:2.520991, acc: 23.21, bacc: 11.00, tmp_test_f1: 0.35, f1: 5.89
epoch: 465, val_loss:2.522614, acc: 23.21, bacc: 11.00, tmp_test_f1: 0.34, f1: 5.89
epoch: 466, val_loss:2.524008, acc: 23.21, bacc: 11.00, tmp_test_f1: 0.34, f1: 5.89
epoch: 467, val_loss:2.524256, acc: 23.21, bacc: 11.00, tmp_test_f1: 0.34, f1: 5.89
epoch: 468, val_loss:2.523811, acc: 23.21, bacc: 11.00, tmp_test_f1: 0.35, f1: 5.89
epoch: 469, val_loss:2.523638, acc: 23.21, bacc: 11.00, tmp_test_f1: 0.35, f1: 5.89
epoch: 470, val_loss:2.522650, acc: 23.21, bacc: 11.00, tmp_test_f1: 0.35, f1: 5.89
epoch: 471, val_loss:2.521522, acc: 23.21, bacc: 11.00, tmp_test_f1: 0.37, f1: 5.89
epoch: 472, val_loss:2.520356, acc: 23.21, bacc: 11.00, tmp_test_f1: 0.37, f1: 5.89
epoch: 473, val_loss:2.520508, acc: 23.21, bacc: 11.00, tmp_test_f1: 0.38, f1: 5.89
epoch: 474, val_loss:2.520455, acc: 23.21, bacc: 11.00, tmp_test_f1: 0.39, f1: 5.89
epoch: 475, val_loss:2.520731, acc: 23.21, bacc: 11.00, tmp_test_f1: 0.39, f1: 5.89
epoch: 476, val_loss:2.519793, acc: 23.21, bacc: 11.00, tmp_test_f1: 0.39, f1: 5.89
epoch: 477, val_loss:2.517698, acc: 23.21, bacc: 11.00, tmp_test_f1: 0.40, f1: 5.89
epoch: 478, val_loss:2.515957, acc: 23.21, bacc: 11.00, tmp_test_f1: 0.40, f1: 5.89
epoch: 479, val_loss:2.515226, acc: 23.21, bacc: 11.00, tmp_test_f1: 0.39, f1: 5.89
epoch: 480, val_loss:2.515239, acc: 23.21, bacc: 11.00, tmp_test_f1: 0.39, f1: 5.89
epoch: 481, val_loss:2.515934, acc: 23.21, bacc: 11.00, tmp_test_f1: 0.39, f1: 5.89
epoch: 482, val_loss:2.517056, acc: 23.21, bacc: 11.00, tmp_test_f1: 0.36, f1: 5.89
epoch: 483, val_loss:2.518605, acc: 23.21, bacc: 11.00, tmp_test_f1: 0.36, f1: 5.89
epoch: 484, val_loss:2.519110, acc: 23.21, bacc: 11.00, tmp_test_f1: 0.35, f1: 5.89
epoch: 485, val_loss:2.520222, acc: 23.21, bacc: 11.00, tmp_test_f1: 0.35, f1: 5.89
epoch: 486, val_loss:2.521289, acc: 23.21, bacc: 11.00, tmp_test_f1: 0.35, f1: 5.89
epoch: 487, val_loss:2.522917, acc: 23.21, bacc: 11.00, tmp_test_f1: 0.35, f1: 5.89
epoch: 488, val_loss:2.522933, acc: 23.21, bacc: 11.00, tmp_test_f1: 0.35, f1: 5.89
epoch: 489, val_loss:2.521786, acc: 23.21, bacc: 11.00, tmp_test_f1: 0.36, f1: 5.89
epoch: 490, val_loss:2.520346, acc: 23.21, bacc: 11.00, tmp_test_f1: 0.38, f1: 5.89
epoch: 491, val_loss:2.519958, acc: 23.21, bacc: 11.00, tmp_test_f1: 0.39, f1: 5.89
epoch: 492, val_loss:2.519913, acc: 23.21, bacc: 11.00, tmp_test_f1: 0.39, f1: 5.89
epoch: 493, val_loss:2.519216, acc: 23.21, bacc: 11.00, tmp_test_f1: 0.38, f1: 5.89
epoch: 494, val_loss:2.519115, acc: 23.21, bacc: 11.00, tmp_test_f1: 0.38, f1: 5.89
epoch: 495, val_loss:2.518023, acc: 23.21, bacc: 11.00, tmp_test_f1: 0.38, f1: 5.89
epoch: 496, val_loss:2.516680, acc: 23.21, bacc: 11.00, tmp_test_f1: 0.39, f1: 5.89
epoch: 497, val_loss:2.515488, acc: 23.21, bacc: 11.00, tmp_test_f1: 0.39, f1: 5.89
epoch: 498, val_loss:2.514677, acc: 23.21, bacc: 11.00, tmp_test_f1: 0.39, f1: 5.89
epoch: 499, val_loss:2.513845, acc: 23.21, bacc: 11.00, tmp_test_f1: 0.39, f1: 5.89
epoch: 500, val_loss:2.513988, acc: 23.21, bacc: 11.00, tmp_test_f1: 0.39, f1: 5.89
epoch: 501, val_loss:2.515046, acc: 23.21, bacc: 11.00, tmp_test_f1: 0.39, f1: 5.89
epoch: 502, val_loss:2.517916, acc: 23.21, bacc: 11.00, tmp_test_f1: 0.39, f1: 5.89
epoch: 503, val_loss:2.521533, acc: 23.21, bacc: 11.00, tmp_test_f1: 0.39, f1: 5.89
epoch: 504, val_loss:2.525057, acc: 23.21, bacc: 11.00, tmp_test_f1: 0.38, f1: 5.89
epoch: 505, val_loss:2.526677, acc: 23.21, bacc: 11.00, tmp_test_f1: 0.36, f1: 5.89
epoch: 506, val_loss:2.527027, acc: 23.21, bacc: 11.00, tmp_test_f1: 0.36, f1: 5.89
epoch: 507, val_loss:2.526903, acc: 23.21, bacc: 11.00, tmp_test_f1: 0.36, f1: 5.89
epoch: 508, val_loss:2.526331, acc: 23.21, bacc: 11.00, tmp_test_f1: 0.39, f1: 5.89
epoch: 509, val_loss:2.524822, acc: 23.21, bacc: 11.00, tmp_test_f1: 0.39, f1: 5.89
epoch: 510, val_loss:2.522603, acc: 23.21, bacc: 11.00, tmp_test_f1: 0.39, f1: 5.89
epoch: 511, val_loss:2.520825, acc: 23.21, bacc: 11.00, tmp_test_f1: 0.39, f1: 5.89
epoch: 512, val_loss:2.519639, acc: 23.21, bacc: 11.00, tmp_test_f1: 0.39, f1: 5.89
epoch: 513, val_loss:2.519232, acc: 23.21, bacc: 11.00, tmp_test_f1: 0.39, f1: 5.89
epoch: 514, val_loss:2.518137, acc: 23.21, bacc: 11.00, tmp_test_f1: 0.40, f1: 5.89
epoch: 515, val_loss:2.517075, acc: 23.21, bacc: 11.00, tmp_test_f1: 0.40, f1: 5.89
epoch: 516, val_loss:2.517214, acc: 23.21, bacc: 11.00, tmp_test_f1: 0.40, f1: 5.89
epoch: 517, val_loss:2.517065, acc: 23.21, bacc: 11.00, tmp_test_f1: 0.39, f1: 5.89
epoch: 518, val_loss:2.517199, acc: 23.21, bacc: 11.00, tmp_test_f1: 0.39, f1: 5.89
epoch: 519, val_loss:2.517703, acc: 23.21, bacc: 11.00, tmp_test_f1: 0.39, f1: 5.89
epoch: 520, val_loss:2.518946, acc: 23.21, bacc: 11.00, tmp_test_f1: 0.36, f1: 5.89
epoch: 521, val_loss:2.519779, acc: 23.21, bacc: 11.00, tmp_test_f1: 0.36, f1: 5.89
epoch: 522, val_loss:2.520181, acc: 23.21, bacc: 11.00, tmp_test_f1: 0.36, f1: 5.89
epoch: 523, val_loss:2.520540, acc: 23.21, bacc: 11.00, tmp_test_f1: 0.36, f1: 5.89
epoch: 524, val_loss:2.520748, acc: 23.21, bacc: 11.00, tmp_test_f1: 0.36, f1: 5.89
epoch: 525, val_loss:2.520367, acc: 23.21, bacc: 11.00, tmp_test_f1: 0.39, f1: 5.89
epoch: 526, val_loss:2.519405, acc: 23.21, bacc: 11.00, tmp_test_f1: 0.39, f1: 5.89
epoch: 527, val_loss:2.517565, acc: 23.21, bacc: 11.00, tmp_test_f1: 0.39, f1: 5.89
epoch: 528, val_loss:2.515512, acc: 23.21, bacc: 11.00, tmp_test_f1: 0.41, f1: 5.89
epoch: 529, val_loss:2.513980, acc: 23.21, bacc: 11.00, tmp_test_f1: 0.42, f1: 5.89
epoch: 530, val_loss:2.513339, acc: 23.21, bacc: 11.00, tmp_test_f1: 0.42, f1: 5.89
epoch: 531, val_loss:2.513742, acc: 23.21, bacc: 11.00, tmp_test_f1: 0.41, f1: 5.89
epoch: 532, val_loss:2.515471, acc: 23.21, bacc: 11.00, tmp_test_f1: 0.39, f1: 5.89
epoch: 533, val_loss:2.518777, acc: 23.21, bacc: 11.00, tmp_test_f1: 0.39, f1: 5.89
epoch: 534, val_loss:2.521973, acc: 23.21, bacc: 11.00, tmp_test_f1: 0.36, f1: 5.89
epoch: 535, val_loss:2.523645, acc: 23.21, bacc: 11.00, tmp_test_f1: 0.36, f1: 5.89
epoch: 536, val_loss:2.524421, acc: 23.21, bacc: 11.00, tmp_test_f1: 0.35, f1: 5.89
epoch: 537, val_loss:2.523842, acc: 23.21, bacc: 11.00, tmp_test_f1: 0.36, f1: 5.89
epoch: 538, val_loss:2.522187, acc: 23.21, bacc: 11.00, tmp_test_f1: 0.36, f1: 5.89
epoch: 539, val_loss:2.520773, acc: 23.21, bacc: 11.00, tmp_test_f1: 0.36, f1: 5.89
epoch: 540, val_loss:2.519452, acc: 23.21, bacc: 11.00, tmp_test_f1: 0.36, f1: 5.89
epoch: 541, val_loss:2.517911, acc: 23.21, bacc: 11.00, tmp_test_f1: 0.36, f1: 5.89
epoch: 542, val_loss:2.517679, acc: 23.21, bacc: 11.00, tmp_test_f1: 0.36, f1: 5.89
epoch: 543, val_loss:2.518166, acc: 23.21, bacc: 11.00, tmp_test_f1: 0.36, f1: 5.89
epoch: 544, val_loss:2.519921, acc: 23.21, bacc: 11.00, tmp_test_f1: 0.36, f1: 5.89
epoch: 545, val_loss:2.521991, acc: 23.21, bacc: 11.00, tmp_test_f1: 0.36, f1: 5.89
epoch: 546, val_loss:2.523798, acc: 23.21, bacc: 11.00, tmp_test_f1: 0.39, f1: 5.89
epoch: 547, val_loss:2.522514, acc: 23.21, bacc: 11.00, tmp_test_f1: 0.40, f1: 5.89
epoch: 548, val_loss:2.520431, acc: 23.21, bacc: 11.00, tmp_test_f1: 0.45, f1: 5.89
epoch: 549, val_loss:2.517862, acc: 23.21, bacc: 11.00, tmp_test_f1: 0.45, f1: 5.89
epoch: 550, val_loss:2.516323, acc: 23.21, bacc: 11.00, tmp_test_f1: 0.45, f1: 5.89
epoch: 551, val_loss:2.515173, acc: 23.21, bacc: 11.00, tmp_test_f1: 0.42, f1: 5.89
epoch: 552, val_loss:2.514929, acc: 23.21, bacc: 11.00, tmp_test_f1: 0.39, f1: 5.89
epoch: 553, val_loss:2.515492, acc: 23.21, bacc: 11.00, tmp_test_f1: 0.39, f1: 5.89
epoch: 554, val_loss:2.516826, acc: 23.21, bacc: 11.00, tmp_test_f1: 0.36, f1: 5.89
epoch: 555, val_loss:2.518252, acc: 23.21, bacc: 11.00, tmp_test_f1: 0.35, f1: 5.89
epoch: 556, val_loss:2.518965, acc: 23.21, bacc: 11.00, tmp_test_f1: 0.36, f1: 5.89
epoch: 557, val_loss:2.518529, acc: 23.21, bacc: 11.00, tmp_test_f1: 0.36, f1: 5.89
epoch: 558, val_loss:2.517863, acc: 23.21, bacc: 11.00, tmp_test_f1: 0.39, f1: 5.89
epoch: 559, val_loss:2.516597, acc: 23.21, bacc: 11.00, tmp_test_f1: 0.40, f1: 5.89
epoch: 560, val_loss:2.515702, acc: 23.21, bacc: 11.00, tmp_test_f1: 0.41, f1: 5.89
epoch: 561, val_loss:2.515942, acc: 23.21, bacc: 11.00, tmp_test_f1: 0.41, f1: 5.89
epoch: 562, val_loss:2.516437, acc: 23.21, bacc: 11.00, tmp_test_f1: 0.39, f1: 5.89
epoch: 563, val_loss:2.517563, acc: 23.21, bacc: 11.00, tmp_test_f1: 0.39, f1: 5.89
epoch: 564, val_loss:2.519749, acc: 23.21, bacc: 11.00, tmp_test_f1: 0.39, f1: 5.89
epoch: 565, val_loss:2.521328, acc: 23.21, bacc: 11.00, tmp_test_f1: 0.36, f1: 5.89
epoch: 566, val_loss:2.522777, acc: 23.21, bacc: 11.00, tmp_test_f1: 0.36, f1: 5.89
epoch: 567, val_loss:2.523522, acc: 23.21, bacc: 11.00, tmp_test_f1: 0.36, f1: 5.89
epoch: 568, val_loss:2.524799, acc: 23.21, bacc: 11.00, tmp_test_f1: 0.36, f1: 5.89
epoch: 569, val_loss:2.525069, acc: 23.21, bacc: 11.00, tmp_test_f1: 0.39, f1: 5.89
epoch: 570, val_loss:2.525085, acc: 23.21, bacc: 11.00, tmp_test_f1: 0.39, f1: 5.89
epoch: 571, val_loss:2.523765, acc: 23.21, bacc: 11.00, tmp_test_f1: 0.39, f1: 5.89
epoch: 572, val_loss:2.521037, acc: 23.21, bacc: 11.00, tmp_test_f1: 0.41, f1: 5.89
epoch: 573, val_loss:2.517744, acc: 23.21, bacc: 11.00, tmp_test_f1: 0.42, f1: 5.89
epoch: 574, val_loss:2.514714, acc: 23.21, bacc: 11.00, tmp_test_f1: 0.42, f1: 5.89
epoch: 575, val_loss:2.512662, acc: 23.21, bacc: 11.00, tmp_test_f1: 0.41, f1: 5.89
epoch: 576, val_loss:2.512822, acc: 23.21, bacc: 11.00, tmp_test_f1: 0.39, f1: 5.89
epoch: 577, val_loss:2.513185, acc: 23.21, bacc: 11.00, tmp_test_f1: 0.39, f1: 5.89
epoch: 578, val_loss:2.513351, acc: 23.21, bacc: 11.00, tmp_test_f1: 0.38, f1: 5.89
epoch: 579, val_loss:2.514586, acc: 23.21, bacc: 11.00, tmp_test_f1: 0.35, f1: 5.89
epoch: 580, val_loss:2.516308, acc: 23.21, bacc: 11.00, tmp_test_f1: 0.35, f1: 5.89
epoch: 581, val_loss:2.517948, acc: 23.21, bacc: 11.00, tmp_test_f1: 0.35, f1: 5.89
epoch: 582, val_loss:2.519018, acc: 23.21, bacc: 11.00, tmp_test_f1: 0.35, f1: 5.89
epoch: 583, val_loss:2.520081, acc: 23.21, bacc: 11.00, tmp_test_f1: 0.35, f1: 5.89
epoch: 584, val_loss:2.519995, acc: 23.21, bacc: 11.00, tmp_test_f1: 0.35, f1: 5.89
epoch: 585, val_loss:2.518519, acc: 23.21, bacc: 11.00, tmp_test_f1: 0.35, f1: 5.89
epoch: 586, val_loss:2.517099, acc: 23.21, bacc: 11.00, tmp_test_f1: 0.36, f1: 5.89
epoch: 587, val_loss:2.515728, acc: 23.21, bacc: 11.00, tmp_test_f1: 0.39, f1: 5.89
epoch: 588, val_loss:2.513533, acc: 23.21, bacc: 11.00, tmp_test_f1: 0.39, f1: 5.89
epoch: 589, val_loss:2.512120, acc: 23.21, bacc: 11.00, tmp_test_f1: 0.40, f1: 5.89
epoch: 590, val_loss:2.510792, acc: 23.21, bacc: 11.00, tmp_test_f1: 0.41, f1: 5.89
epoch: 591, val_loss:2.510656, acc: 23.21, bacc: 11.00, tmp_test_f1: 0.40, f1: 5.89
epoch: 592, val_loss:2.511687, acc: 23.21, bacc: 11.00, tmp_test_f1: 0.39, f1: 5.89
epoch: 593, val_loss:2.513488, acc: 23.21, bacc: 11.00, tmp_test_f1: 0.39, f1: 5.89
epoch: 594, val_loss:2.515598, acc: 23.21, bacc: 11.00, tmp_test_f1: 0.36, f1: 5.89
epoch: 595, val_loss:2.516463, acc: 23.21, bacc: 11.00, tmp_test_f1: 0.36, f1: 5.89
epoch: 596, val_loss:2.516765, acc: 23.21, bacc: 11.00, tmp_test_f1: 0.36, f1: 5.89
epoch: 597, val_loss:2.516526, acc: 23.21, bacc: 11.00, tmp_test_f1: 0.35, f1: 5.89
epoch: 598, val_loss:2.517082, acc: 23.21, bacc: 11.00, tmp_test_f1: 0.36, f1: 5.89
epoch: 599, val_loss:2.518217, acc: 23.21, bacc: 11.00, tmp_test_f1: 0.36, f1: 5.89
epoch: 600, val_loss:2.518570, acc: 23.21, bacc: 11.00, tmp_test_f1: 0.36, f1: 5.89
epoch: 601, val_loss:2.517966, acc: 23.21, bacc: 11.00, tmp_test_f1: 0.39, f1: 5.89
epoch: 602, val_loss:2.517267, acc: 23.21, bacc: 11.00, tmp_test_f1: 0.39, f1: 5.89
Epoch 00603: reducing learning rate of group 0 to 1.2500e-02.
epoch: 603, val_loss:2.517002, acc: 23.21, bacc: 11.00, tmp_test_f1: 0.36, f1: 5.89
epoch: 604, val_loss:2.516952, acc: 23.21, bacc: 11.00, tmp_test_f1: 0.36, f1: 5.89
epoch: 605, val_loss:2.516758, acc: 23.21, bacc: 11.00, tmp_test_f1: 0.36, f1: 5.89
epoch: 606, val_loss:2.516472, acc: 23.21, bacc: 11.00, tmp_test_f1: 0.36, f1: 5.89
epoch: 607, val_loss:2.516344, acc: 23.21, bacc: 11.00, tmp_test_f1: 0.36, f1: 5.89
epoch: 608, val_loss:2.516321, acc: 23.21, bacc: 11.00, tmp_test_f1: 0.36, f1: 5.89
epoch: 609, val_loss:2.516198, acc: 23.21, bacc: 11.00, tmp_test_f1: 0.36, f1: 5.89
epoch: 610, val_loss:2.516142, acc: 23.21, bacc: 11.00, tmp_test_f1: 0.38, f1: 5.89
epoch: 611, val_loss:2.516108, acc: 23.21, bacc: 11.00, tmp_test_f1: 0.39, f1: 5.89
epoch: 612, val_loss:2.516269, acc: 23.21, bacc: 11.00, tmp_test_f1: 0.39, f1: 5.89
epoch: 613, val_loss:2.516545, acc: 23.21, bacc: 11.00, tmp_test_f1: 0.39, f1: 5.89
epoch: 614, val_loss:2.517042, acc: 23.21, bacc: 11.00, tmp_test_f1: 0.39, f1: 5.89
epoch: 615, val_loss:2.518027, acc: 23.21, bacc: 11.00, tmp_test_f1: 0.39, f1: 5.89
epoch: 616, val_loss:2.518477, acc: 23.21, bacc: 11.00, tmp_test_f1: 0.39, f1: 5.89
epoch: 617, val_loss:2.518304, acc: 23.21, bacc: 11.00, tmp_test_f1: 0.39, f1: 5.89
epoch: 618, val_loss:2.518089, acc: 23.21, bacc: 11.00, tmp_test_f1: 0.39, f1: 5.89
epoch: 619, val_loss:2.518094, acc: 23.21, bacc: 11.00, tmp_test_f1: 0.39, f1: 5.89
epoch: 620, val_loss:2.517662, acc: 23.21, bacc: 11.00, tmp_test_f1: 0.40, f1: 5.89
epoch: 621, val_loss:2.516936, acc: 23.21, bacc: 11.00, tmp_test_f1: 0.40, f1: 5.89
epoch: 622, val_loss:2.516772, acc: 23.21, bacc: 11.00, tmp_test_f1: 0.41, f1: 5.89
epoch: 623, val_loss:2.516805, acc: 23.21, bacc: 11.00, tmp_test_f1: 0.40, f1: 5.89
epoch: 624, val_loss:2.516783, acc: 23.21, bacc: 11.00, tmp_test_f1: 0.40, f1: 5.89
epoch: 625, val_loss:2.516627, acc: 23.21, bacc: 11.00, tmp_test_f1: 0.39, f1: 5.89
epoch: 626, val_loss:2.517167, acc: 23.21, bacc: 11.00, tmp_test_f1: 0.39, f1: 5.89
epoch: 627, val_loss:2.517133, acc: 23.21, bacc: 11.00, tmp_test_f1: 0.39, f1: 5.89
epoch: 628, val_loss:2.517586, acc: 23.21, bacc: 11.00, tmp_test_f1: 0.39, f1: 5.89
epoch: 629, val_loss:2.517919, acc: 23.21, bacc: 11.00, tmp_test_f1: 0.39, f1: 5.89
epoch: 630, val_loss:2.517895, acc: 23.21, bacc: 11.00, tmp_test_f1: 0.38, f1: 5.89
epoch: 631, val_loss:2.517674, acc: 23.21, bacc: 11.00, tmp_test_f1: 0.36, f1: 5.89
epoch: 632, val_loss:2.517564, acc: 23.21, bacc: 11.00, tmp_test_f1: 0.36, f1: 5.89
epoch: 633, val_loss:2.517672, acc: 23.21, bacc: 11.00, tmp_test_f1: 0.35, f1: 5.89
epoch: 634, val_loss:2.518348, acc: 23.21, bacc: 11.00, tmp_test_f1: 0.35, f1: 5.89
epoch: 635, val_loss:2.518616, acc: 23.21, bacc: 11.00, tmp_test_f1: 0.35, f1: 5.89
epoch: 636, val_loss:2.518895, acc: 23.21, bacc: 11.00, tmp_test_f1: 0.35, f1: 5.89
epoch: 637, val_loss:2.518995, acc: 23.21, bacc: 11.00, tmp_test_f1: 0.35, f1: 5.89
epoch: 638, val_loss:2.518773, acc: 23.21, bacc: 11.00, tmp_test_f1: 0.35, f1: 5.89
epoch: 639, val_loss:2.518471, acc: 23.21, bacc: 11.00, tmp_test_f1: 0.35, f1: 5.89
epoch: 640, val_loss:2.517933, acc: 23.21, bacc: 11.00, tmp_test_f1: 0.35, f1: 5.89
epoch: 641, val_loss:2.517506, acc: 23.21, bacc: 11.00, tmp_test_f1: 0.35, f1: 5.89
epoch: 642, val_loss:2.516962, acc: 23.21, bacc: 11.00, tmp_test_f1: 0.36, f1: 5.89
epoch: 643, val_loss:2.516440, acc: 23.21, bacc: 11.00, tmp_test_f1: 0.36, f1: 5.89
epoch: 644, val_loss:2.516056, acc: 23.21, bacc: 11.00, tmp_test_f1: 0.36, f1: 5.89
epoch: 645, val_loss:2.516275, acc: 23.21, bacc: 11.00, tmp_test_f1: 0.38, f1: 5.89
epoch: 646, val_loss:2.516829, acc: 23.21, bacc: 11.00, tmp_test_f1: 0.38, f1: 5.89
epoch: 647, val_loss:2.517441, acc: 23.21, bacc: 11.00, tmp_test_f1: 0.39, f1: 5.89
epoch: 648, val_loss:2.517574, acc: 23.21, bacc: 11.00, tmp_test_f1: 0.38, f1: 5.89
epoch: 649, val_loss:2.517695, acc: 23.21, bacc: 11.00, tmp_test_f1: 0.36, f1: 5.89
epoch: 650, val_loss:2.517668, acc: 23.21, bacc: 11.00, tmp_test_f1: 0.36, f1: 5.89
epoch: 651, val_loss:2.517583, acc: 23.21, bacc: 11.00, tmp_test_f1: 0.36, f1: 5.89
epoch: 652, val_loss:2.517385, acc: 23.21, bacc: 11.00, tmp_test_f1: 0.36, f1: 5.89
epoch: 653, val_loss:2.517234, acc: 23.21, bacc: 11.00, tmp_test_f1: 0.36, f1: 5.89
epoch: 654, val_loss:2.516663, acc: 23.21, bacc: 11.00, tmp_test_f1: 0.36, f1: 5.89
epoch: 655, val_loss:2.516405, acc: 23.21, bacc: 11.00, tmp_test_f1: 0.36, f1: 5.89
epoch: 656, val_loss:2.516108, acc: 23.21, bacc: 11.00, tmp_test_f1: 0.36, f1: 5.89
epoch: 657, val_loss:2.515196, acc: 23.21, bacc: 11.00, tmp_test_f1: 0.36, f1: 5.89
epoch: 658, val_loss:2.514364, acc: 23.21, bacc: 11.00, tmp_test_f1: 0.36, f1: 5.89
epoch: 659, val_loss:2.513764, acc: 23.21, bacc: 11.00, tmp_test_f1: 0.36, f1: 5.89
epoch: 660, val_loss:2.512943, acc: 23.21, bacc: 11.00, tmp_test_f1: 0.35, f1: 5.89
epoch: 661, val_loss:2.512444, acc: 23.21, bacc: 11.00, tmp_test_f1: 0.35, f1: 5.89
epoch: 662, val_loss:2.512093, acc: 23.21, bacc: 11.00, tmp_test_f1: 0.35, f1: 5.89
epoch: 663, val_loss:2.511960, acc: 23.21, bacc: 11.00, tmp_test_f1: 0.35, f1: 5.89
epoch: 664, val_loss:2.511555, acc: 23.21, bacc: 11.00, tmp_test_f1: 0.35, f1: 5.89
epoch: 665, val_loss:2.511747, acc: 23.21, bacc: 11.00, tmp_test_f1: 0.35, f1: 5.89
epoch: 666, val_loss:2.512266, acc: 23.21, bacc: 11.00, tmp_test_f1: 0.35, f1: 5.89
epoch: 667, val_loss:2.513295, acc: 23.21, bacc: 11.00, tmp_test_f1: 0.35, f1: 5.89
epoch: 668, val_loss:2.514598, acc: 23.21, bacc: 11.00, tmp_test_f1: 0.35, f1: 5.89
epoch: 669, val_loss:2.515920, acc: 23.21, bacc: 11.00, tmp_test_f1: 0.35, f1: 5.89
epoch: 670, val_loss:2.517354, acc: 23.21, bacc: 11.00, tmp_test_f1: 0.35, f1: 5.89
epoch: 671, val_loss:2.518518, acc: 23.21, bacc: 11.00, tmp_test_f1: 0.35, f1: 5.89
epoch: 672, val_loss:2.519108, acc: 23.21, bacc: 11.00, tmp_test_f1: 0.35, f1: 5.89
epoch: 673, val_loss:2.519439, acc: 23.21, bacc: 11.00, tmp_test_f1: 0.35, f1: 5.89
epoch: 674, val_loss:2.519106, acc: 23.21, bacc: 11.00, tmp_test_f1: 0.36, f1: 5.89
epoch: 675, val_loss:2.518472, acc: 23.21, bacc: 11.00, tmp_test_f1: 0.36, f1: 5.89
epoch: 676, val_loss:2.517199, acc: 23.21, bacc: 11.00, tmp_test_f1: 0.39, f1: 5.89
epoch: 677, val_loss:2.515560, acc: 23.21, bacc: 11.00, tmp_test_f1: 0.39, f1: 5.89
epoch: 678, val_loss:2.514404, acc: 23.21, bacc: 11.00, tmp_test_f1: 0.39, f1: 5.89
epoch: 679, val_loss:2.513383, acc: 23.21, bacc: 11.00, tmp_test_f1: 0.39, f1: 5.89
epoch: 680, val_loss:2.512777, acc: 23.21, bacc: 11.00, tmp_test_f1: 0.39, f1: 5.89
epoch: 681, val_loss:2.512309, acc: 23.21, bacc: 11.00, tmp_test_f1: 0.39, f1: 5.89
epoch: 682, val_loss:2.511963, acc: 23.21, bacc: 11.00, tmp_test_f1: 0.39, f1: 5.89
epoch: 683, val_loss:2.512125, acc: 23.21, bacc: 11.00, tmp_test_f1: 0.39, f1: 5.89
epoch: 684, val_loss:2.511967, acc: 23.21, bacc: 11.00, tmp_test_f1: 0.36, f1: 5.89
epoch: 685, val_loss:2.511992, acc: 23.21, bacc: 11.00, tmp_test_f1: 0.36, f1: 5.89
epoch: 686, val_loss:2.512506, acc: 23.21, bacc: 11.00, tmp_test_f1: 0.35, f1: 5.89
epoch: 687, val_loss:2.513600, acc: 23.21, bacc: 11.00, tmp_test_f1: 0.35, f1: 5.89
epoch: 688, val_loss:2.514699, acc: 23.21, bacc: 11.00, tmp_test_f1: 0.35, f1: 5.89
epoch: 689, val_loss:2.515217, acc: 23.21, bacc: 11.00, tmp_test_f1: 0.35, f1: 5.89
epoch: 690, val_loss:2.515637, acc: 23.21, bacc: 11.00, tmp_test_f1: 0.35, f1: 5.89
epoch: 691, val_loss:2.515998, acc: 23.21, bacc: 11.00, tmp_test_f1: 0.36, f1: 5.89
epoch: 692, val_loss:2.516623, acc: 23.21, bacc: 11.00, tmp_test_f1: 0.36, f1: 5.89
epoch: 693, val_loss:2.517281, acc: 23.21, bacc: 11.00, tmp_test_f1: 0.39, f1: 5.89
epoch: 694, val_loss:2.518034, acc: 23.21, bacc: 11.00, tmp_test_f1: 0.39, f1: 5.89
epoch: 695, val_loss:2.518402, acc: 23.21, bacc: 11.00, tmp_test_f1: 0.39, f1: 5.89
epoch: 696, val_loss:2.518226, acc: 23.21, bacc: 11.00, tmp_test_f1: 0.39, f1: 5.89
epoch: 697, val_loss:2.518439, acc: 23.21, bacc: 11.00, tmp_test_f1: 0.39, f1: 5.89
epoch: 698, val_loss:2.518582, acc: 23.21, bacc: 11.00, tmp_test_f1: 0.40, f1: 5.89
epoch: 699, val_loss:2.518379, acc: 23.21, bacc: 11.00, tmp_test_f1: 0.40, f1: 5.89
epoch: 700, val_loss:2.517768, acc: 23.21, bacc: 11.00, tmp_test_f1: 0.41, f1: 5.89
epoch: 701, val_loss:2.517330, acc: 23.21, bacc: 11.00, tmp_test_f1: 0.41, f1: 5.89
epoch: 702, val_loss:2.516871, acc: 23.21, bacc: 11.00, tmp_test_f1: 0.41, f1: 5.89
epoch: 703, val_loss:2.516329, acc: 23.21, bacc: 11.00, tmp_test_f1: 0.40, f1: 5.89
epoch: 704, val_loss:2.516510, acc: 23.21, bacc: 11.00, tmp_test_f1: 0.39, f1: 5.89
epoch: 705, val_loss:2.516258, acc: 23.21, bacc: 11.00, tmp_test_f1: 0.39, f1: 5.89
epoch: 706, val_loss:2.516495, acc: 23.21, bacc: 11.00, tmp_test_f1: 0.39, f1: 5.89
epoch: 707, val_loss:2.517037, acc: 23.21, bacc: 11.00, tmp_test_f1: 0.36, f1: 5.89
epoch: 708, val_loss:2.517777, acc: 23.21, bacc: 11.00, tmp_test_f1: 0.36, f1: 5.89
epoch: 709, val_loss:2.518728, acc: 23.21, bacc: 11.00, tmp_test_f1: 0.35, f1: 5.89
epoch: 710, val_loss:2.519568, acc: 23.21, bacc: 11.00, tmp_test_f1: 0.35, f1: 5.89
epoch: 711, val_loss:2.520158, acc: 23.21, bacc: 11.00, tmp_test_f1: 0.35, f1: 5.89
epoch: 712, val_loss:2.520647, acc: 23.21, bacc: 11.00, tmp_test_f1: 0.35, f1: 5.89
epoch: 713, val_loss:2.520634, acc: 23.21, bacc: 11.00, tmp_test_f1: 0.35, f1: 5.89
epoch: 714, val_loss:2.519854, acc: 23.21, bacc: 11.00, tmp_test_f1: 0.35, f1: 5.89
epoch: 715, val_loss:2.518912, acc: 23.21, bacc: 11.00, tmp_test_f1: 0.35, f1: 5.89
epoch: 716, val_loss:2.517763, acc: 23.21, bacc: 11.00, tmp_test_f1: 0.35, f1: 5.89
epoch: 717, val_loss:2.516681, acc: 23.21, bacc: 11.00, tmp_test_f1: 0.36, f1: 5.89
epoch: 718, val_loss:2.515605, acc: 23.21, bacc: 11.00, tmp_test_f1: 0.38, f1: 5.89
epoch: 719, val_loss:2.515010, acc: 23.21, bacc: 11.00, tmp_test_f1: 0.39, f1: 5.89
epoch: 720, val_loss:2.514275, acc: 23.21, bacc: 11.00, tmp_test_f1: 0.39, f1: 5.89
epoch: 721, val_loss:2.514476, acc: 23.21, bacc: 11.00, tmp_test_f1: 0.39, f1: 5.89
epoch: 722, val_loss:2.514775, acc: 23.21, bacc: 11.00, tmp_test_f1: 0.39, f1: 5.89
epoch: 723, val_loss:2.515149, acc: 23.21, bacc: 11.00, tmp_test_f1: 0.39, f1: 5.89
epoch: 724, val_loss:2.515673, acc: 23.21, bacc: 11.00, tmp_test_f1: 0.39, f1: 5.89
epoch: 725, val_loss:2.516314, acc: 23.21, bacc: 11.00, tmp_test_f1: 0.36, f1: 5.89
epoch: 726, val_loss:2.516520, acc: 23.21, bacc: 11.00, tmp_test_f1: 0.36, f1: 5.89
epoch: 727, val_loss:2.516740, acc: 23.21, bacc: 11.00, tmp_test_f1: 0.35, f1: 5.89
epoch: 728, val_loss:2.517361, acc: 23.21, bacc: 11.00, tmp_test_f1: 0.35, f1: 5.89
epoch: 729, val_loss:2.518172, acc: 23.21, bacc: 11.00, tmp_test_f1: 0.35, f1: 5.89
epoch: 730, val_loss:2.518521, acc: 23.21, bacc: 11.00, tmp_test_f1: 0.35, f1: 5.89
epoch: 731, val_loss:2.518924, acc: 23.21, bacc: 11.00, tmp_test_f1: 0.35, f1: 5.89
epoch: 732, val_loss:2.519098, acc: 23.21, bacc: 11.00, tmp_test_f1: 0.35, f1: 5.89
epoch: 733, val_loss:2.518987, acc: 23.21, bacc: 11.00, tmp_test_f1: 0.35, f1: 5.89
epoch: 734, val_loss:2.518960, acc: 23.21, bacc: 11.00, tmp_test_f1: 0.35, f1: 5.89
epoch: 735, val_loss:2.518301, acc: 23.21, bacc: 11.00, tmp_test_f1: 0.36, f1: 5.89
epoch: 736, val_loss:2.517683, acc: 23.21, bacc: 11.00, tmp_test_f1: 0.39, f1: 5.89
epoch: 737, val_loss:2.517736, acc: 23.21, bacc: 11.00, tmp_test_f1: 0.39, f1: 5.89
epoch: 738, val_loss:2.517830, acc: 23.21, bacc: 11.00, tmp_test_f1: 0.39, f1: 5.89
epoch: 739, val_loss:2.517904, acc: 23.21, bacc: 11.00, tmp_test_f1: 0.40, f1: 5.89
epoch: 740, val_loss:2.517755, acc: 23.21, bacc: 11.00, tmp_test_f1: 0.41, f1: 5.89
epoch: 741, val_loss:2.518360, acc: 23.21, bacc: 11.00, tmp_test_f1: 0.41, f1: 5.89
epoch: 742, val_loss:2.518960, acc: 23.21, bacc: 11.00, tmp_test_f1: 0.40, f1: 5.89
epoch: 743, val_loss:2.519470, acc: 23.21, bacc: 11.00, tmp_test_f1: 0.39, f1: 5.89
epoch: 744, val_loss:2.520471, acc: 23.21, bacc: 11.00, tmp_test_f1: 0.39, f1: 5.89
epoch: 745, val_loss:2.521011, acc: 23.21, bacc: 11.00, tmp_test_f1: 0.39, f1: 5.89
epoch: 746, val_loss:2.521282, acc: 23.21, bacc: 11.00, tmp_test_f1: 0.39, f1: 5.89
epoch: 747, val_loss:2.521368, acc: 23.21, bacc: 11.00, tmp_test_f1: 0.39, f1: 5.89
epoch: 748, val_loss:2.521298, acc: 23.21, bacc: 11.00, tmp_test_f1: 0.38, f1: 5.89
epoch: 749, val_loss:2.521500, acc: 23.21, bacc: 11.00, tmp_test_f1: 0.36, f1: 5.89
epoch: 750, val_loss:2.521678, acc: 23.21, bacc: 11.00, tmp_test_f1: 0.36, f1: 5.89
epoch: 751, val_loss:2.521499, acc: 23.21, bacc: 11.00, tmp_test_f1: 0.36, f1: 5.89
epoch: 752, val_loss:2.520735, acc: 23.21, bacc: 11.00, tmp_test_f1: 0.36, f1: 5.89
epoch: 753, val_loss:2.520040, acc: 23.21, bacc: 11.00, tmp_test_f1: 0.36, f1: 5.89
epoch: 754, val_loss:2.519025, acc: 23.21, bacc: 11.00, tmp_test_f1: 0.38, f1: 5.89
epoch: 755, val_loss:2.517498, acc: 23.21, bacc: 11.00, tmp_test_f1: 0.39, f1: 5.89
epoch: 756, val_loss:2.516059, acc: 23.21, bacc: 11.00, tmp_test_f1: 0.39, f1: 5.89
epoch: 757, val_loss:2.514555, acc: 23.21, bacc: 11.00, tmp_test_f1: 0.39, f1: 5.89
epoch: 758, val_loss:2.513327, acc: 23.21, bacc: 11.00, tmp_test_f1: 0.39, f1: 5.89
epoch: 759, val_loss:2.512335, acc: 23.21, bacc: 11.00, tmp_test_f1: 0.39, f1: 5.89
epoch: 760, val_loss:2.511896, acc: 23.21, bacc: 11.00, tmp_test_f1: 0.39, f1: 5.89
epoch: 761, val_loss:2.511295, acc: 23.21, bacc: 11.00, tmp_test_f1: 0.39, f1: 5.89
epoch: 762, val_loss:2.510903, acc: 23.21, bacc: 11.00, tmp_test_f1: 0.39, f1: 5.89
epoch: 763, val_loss:2.511334, acc: 23.21, bacc: 11.00, tmp_test_f1: 0.39, f1: 5.89
epoch: 764, val_loss:2.512577, acc: 23.21, bacc: 11.00, tmp_test_f1: 0.39, f1: 5.89
epoch: 765, val_loss:2.514044, acc: 23.21, bacc: 11.00, tmp_test_f1: 0.39, f1: 5.89
epoch: 766, val_loss:2.515468, acc: 23.21, bacc: 11.00, tmp_test_f1: 0.39, f1: 5.89
epoch: 767, val_loss:2.516788, acc: 23.21, bacc: 11.00, tmp_test_f1: 0.39, f1: 5.89
epoch: 768, val_loss:2.518408, acc: 23.21, bacc: 11.00, tmp_test_f1: 0.39, f1: 5.89
epoch: 769, val_loss:2.519607, acc: 23.21, bacc: 11.00, tmp_test_f1: 0.36, f1: 5.89
epoch: 770, val_loss:2.520894, acc: 23.21, bacc: 11.00, tmp_test_f1: 0.36, f1: 5.89
epoch: 771, val_loss:2.521587, acc: 23.21, bacc: 11.00, tmp_test_f1: 0.36, f1: 5.89
epoch: 772, val_loss:2.521261, acc: 23.21, bacc: 11.00, tmp_test_f1: 0.36, f1: 5.89
epoch: 773, val_loss:2.520853, acc: 23.21, bacc: 11.00, tmp_test_f1: 0.36, f1: 5.89
epoch: 774, val_loss:2.520410, acc: 23.21, bacc: 11.00, tmp_test_f1: 0.36, f1: 5.89
epoch: 775, val_loss:2.519779, acc: 23.21, bacc: 11.00, tmp_test_f1: 0.36, f1: 5.89
epoch: 776, val_loss:2.519320, acc: 23.21, bacc: 11.00, tmp_test_f1: 0.36, f1: 5.89
epoch: 777, val_loss:2.518474, acc: 23.21, bacc: 11.00, tmp_test_f1: 0.36, f1: 5.89
epoch: 778, val_loss:2.517887, acc: 23.21, bacc: 11.00, tmp_test_f1: 0.39, f1: 5.89
epoch: 779, val_loss:2.517635, acc: 23.21, bacc: 11.00, tmp_test_f1: 0.39, f1: 5.89
epoch: 780, val_loss:2.516755, acc: 23.21, bacc: 11.00, tmp_test_f1: 0.39, f1: 5.89
epoch: 781, val_loss:2.515933, acc: 23.21, bacc: 11.00, tmp_test_f1: 0.41, f1: 5.89
epoch: 782, val_loss:2.515595, acc: 23.21, bacc: 11.00, tmp_test_f1: 0.41, f1: 5.89
epoch: 783, val_loss:2.515795, acc: 23.21, bacc: 11.00, tmp_test_f1: 0.40, f1: 5.89
epoch: 784, val_loss:2.516450, acc: 23.21, bacc: 11.00, tmp_test_f1: 0.40, f1: 5.89
epoch: 785, val_loss:2.516859, acc: 23.21, bacc: 11.00, tmp_test_f1: 0.39, f1: 5.89
epoch: 786, val_loss:2.517342, acc: 23.21, bacc: 11.00, tmp_test_f1: 0.39, f1: 5.89
epoch: 787, val_loss:2.517585, acc: 23.21, bacc: 11.00, tmp_test_f1: 0.39, f1: 5.89
epoch: 788, val_loss:2.517915, acc: 23.21, bacc: 11.00, tmp_test_f1: 0.39, f1: 5.89
epoch: 789, val_loss:2.517715, acc: 23.21, bacc: 11.00, tmp_test_f1: 0.39, f1: 5.89
epoch: 790, val_loss:2.517796, acc: 23.21, bacc: 11.00, tmp_test_f1: 0.39, f1: 5.89
epoch: 791, val_loss:2.517830, acc: 23.21, bacc: 11.00, tmp_test_f1: 0.39, f1: 5.89
epoch: 792, val_loss:2.517470, acc: 23.21, bacc: 11.00, tmp_test_f1: 0.39, f1: 5.89
epoch: 793, val_loss:2.517193, acc: 23.21, bacc: 11.00, tmp_test_f1: 0.39, f1: 5.89
epoch: 794, val_loss:2.517378, acc: 23.21, bacc: 11.00, tmp_test_f1: 0.39, f1: 5.89
epoch: 795, val_loss:2.517446, acc: 23.21, bacc: 11.00, tmp_test_f1: 0.39, f1: 5.89
epoch: 796, val_loss:2.517753, acc: 23.21, bacc: 11.00, tmp_test_f1: 0.39, f1: 5.89
epoch: 797, val_loss:2.518194, acc: 23.21, bacc: 11.00, tmp_test_f1: 0.39, f1: 5.89
epoch: 798, val_loss:2.518487, acc: 23.21, bacc: 11.00, tmp_test_f1: 0.39, f1: 5.89
epoch: 799, val_loss:2.518580, acc: 23.21, bacc: 11.00, tmp_test_f1: 0.39, f1: 5.89
epoch: 800, val_loss:2.518070, acc: 23.21, bacc: 11.00, tmp_test_f1: 0.39, f1: 5.89
epoch: 801, val_loss:2.517509, acc: 23.21, bacc: 11.00, tmp_test_f1: 0.39, f1: 5.89
epoch: 802, val_loss:2.516909, acc: 23.21, bacc: 11.00, tmp_test_f1: 0.39, f1: 5.89
epoch: 803, val_loss:2.516786, acc: 23.21, bacc: 11.00, tmp_test_f1: 0.39, f1: 5.89
APPNP Amazon-Computers 100 Aug 2 EndEpoch 803 lr 0.1
SHAsplit  0, acc: 23.21, bacc: 11.00, f1: 5.89
