CUDA Device Index: 2
Namespace(IsDirectedData=False, AugDirect=21, net='APPNP', GPUdevice=2, seed=100, undirect_dataset='Amazon-Computers', Direct_dataset='WikipediaNetwork/squirrel', imb_ratio=100, dropout=0.1, num_filter=2, layer=2, alpha=0.1, K=2, feat_dim=64, warmup=5, epoch=1500, lr=0.1, l2=0.0005, tau=2, max=False, no_mask=False, gdc='ppr', heads=8, log_root='../logs/', log_path='test', data_path='../dataset/data/tmp/')
APPNP_ModelBen(
  (line1): Linear(in_features=767, out_features=2, bias=True)
  (line2): Linear(in_features=2, out_features=2, bias=True)
  (conv1): APPNP(K=10, alpha=0.1)
  (conv2): APPNP(K=10, alpha=0.1)
  (Conv): Conv1d(2, 10, kernel_size=(1,), stride=(1,))
)
test_f1 CountNotImproved reset to 0 in epoch 0
epoch:   0, val_loss:2.390158, acc: 3.11, bacc: 10.03, tmp_test_f1: 0.66, f1: 0.66
test_f1 CountNotImproved reset to 0 in epoch 1
epoch:   1, val_loss:2.398376, acc: 20.18, bacc: 10.66, tmp_test_f1: 4.83, f1: 4.83
test_f1 CountNotImproved reset to 0 in epoch 2
epoch:   2, val_loss:2.442399, acc: 23.21, bacc: 11.00, tmp_test_f1: 5.89, f1: 5.89
epoch:   3, val_loss:2.520634, acc: 23.21, bacc: 11.00, tmp_test_f1: 3.10, f1: 5.89
epoch:   4, val_loss:2.635915, acc: 23.21, bacc: 11.00, tmp_test_f1: 3.19, f1: 5.89
epoch:   5, val_loss:2.795862, acc: 23.21, bacc: 11.00, tmp_test_f1: 3.19, f1: 5.89
epoch:   6, val_loss:2.941254, acc: 23.21, bacc: 11.00, tmp_test_f1: 2.75, f1: 5.89
epoch:   7, val_loss:2.916669, acc: 23.21, bacc: 11.00, tmp_test_f1: 2.05, f1: 5.89
epoch:   8, val_loss:2.834548, acc: 23.21, bacc: 11.00, tmp_test_f1: 0.86, f1: 5.89
epoch:   9, val_loss:2.741498, acc: 23.21, bacc: 11.00, tmp_test_f1: 0.17, f1: 5.89
epoch:  10, val_loss:2.648763, acc: 23.21, bacc: 11.00, tmp_test_f1: 0.17, f1: 5.89
epoch:  11, val_loss:2.574006, acc: 23.21, bacc: 11.00, tmp_test_f1: 0.17, f1: 5.89
epoch:  12, val_loss:2.522744, acc: 23.21, bacc: 11.00, tmp_test_f1: 0.17, f1: 5.89
epoch:  13, val_loss:2.491732, acc: 23.21, bacc: 11.00, tmp_test_f1: 0.17, f1: 5.89
epoch:  14, val_loss:2.473551, acc: 23.21, bacc: 11.00, tmp_test_f1: 0.17, f1: 5.89
epoch:  15, val_loss:2.457960, acc: 23.21, bacc: 11.00, tmp_test_f1: 0.17, f1: 5.89
epoch:  16, val_loss:2.455869, acc: 23.21, bacc: 11.00, tmp_test_f1: 0.17, f1: 5.89
epoch:  17, val_loss:2.456630, acc: 23.21, bacc: 11.00, tmp_test_f1: 0.17, f1: 5.89
epoch:  18, val_loss:2.459104, acc: 23.21, bacc: 11.00, tmp_test_f1: 0.17, f1: 5.89
epoch:  19, val_loss:2.462376, acc: 23.21, bacc: 11.00, tmp_test_f1: 0.17, f1: 5.89
epoch:  20, val_loss:2.465784, acc: 23.21, bacc: 11.00, tmp_test_f1: 0.17, f1: 5.89
epoch:  21, val_loss:2.468766, acc: 23.21, bacc: 11.00, tmp_test_f1: 0.17, f1: 5.89
epoch:  22, val_loss:2.470975, acc: 23.21, bacc: 11.00, tmp_test_f1: 0.17, f1: 5.89
epoch:  23, val_loss:2.472214, acc: 23.21, bacc: 11.00, tmp_test_f1: 0.17, f1: 5.89
epoch:  24, val_loss:2.472440, acc: 23.21, bacc: 11.00, tmp_test_f1: 0.17, f1: 5.89
epoch:  25, val_loss:2.471691, acc: 23.21, bacc: 11.00, tmp_test_f1: 0.17, f1: 5.89
epoch:  26, val_loss:2.470103, acc: 23.21, bacc: 11.00, tmp_test_f1: 0.17, f1: 5.89
epoch:  27, val_loss:2.467814, acc: 23.21, bacc: 11.00, tmp_test_f1: 0.17, f1: 5.89
epoch:  28, val_loss:2.465061, acc: 23.21, bacc: 11.00, tmp_test_f1: 0.17, f1: 5.89
epoch:  29, val_loss:2.462004, acc: 23.21, bacc: 11.00, tmp_test_f1: 0.17, f1: 5.89
epoch:  30, val_loss:2.458828, acc: 23.21, bacc: 11.00, tmp_test_f1: 0.17, f1: 5.89
epoch:  31, val_loss:2.455582, acc: 23.21, bacc: 11.00, tmp_test_f1: 0.17, f1: 5.89
epoch:  32, val_loss:2.452419, acc: 23.21, bacc: 11.00, tmp_test_f1: 0.17, f1: 5.89
epoch:  33, val_loss:2.449454, acc: 23.21, bacc: 11.00, tmp_test_f1: 0.17, f1: 5.89
epoch:  34, val_loss:2.446720, acc: 23.21, bacc: 11.00, tmp_test_f1: 0.17, f1: 5.89
epoch:  35, val_loss:2.444436, acc: 23.21, bacc: 11.00, tmp_test_f1: 0.17, f1: 5.89
epoch:  36, val_loss:2.442593, acc: 23.21, bacc: 11.00, tmp_test_f1: 0.17, f1: 5.89
epoch:  37, val_loss:2.441285, acc: 23.21, bacc: 11.00, tmp_test_f1: 0.17, f1: 5.89
epoch:  38, val_loss:2.440464, acc: 23.21, bacc: 11.00, tmp_test_f1: 0.17, f1: 5.89
epoch:  39, val_loss:2.440252, acc: 23.21, bacc: 11.00, tmp_test_f1: 0.17, f1: 5.89
epoch:  40, val_loss:2.440695, acc: 23.21, bacc: 11.00, tmp_test_f1: 0.17, f1: 5.89
epoch:  41, val_loss:2.441718, acc: 23.21, bacc: 11.00, tmp_test_f1: 0.17, f1: 5.89
epoch:  42, val_loss:2.443290, acc: 23.21, bacc: 11.00, tmp_test_f1: 0.17, f1: 5.89
epoch:  43, val_loss:2.445072, acc: 23.21, bacc: 11.00, tmp_test_f1: 0.17, f1: 5.89
epoch:  44, val_loss:2.446919, acc: 23.21, bacc: 11.00, tmp_test_f1: 0.17, f1: 5.89
epoch:  45, val_loss:2.449066, acc: 23.21, bacc: 11.00, tmp_test_f1: 0.17, f1: 5.89
epoch:  46, val_loss:2.451253, acc: 23.21, bacc: 11.00, tmp_test_f1: 0.17, f1: 5.89
epoch:  47, val_loss:2.453208, acc: 23.21, bacc: 11.00, tmp_test_f1: 0.17, f1: 5.89
epoch:  48, val_loss:2.454955, acc: 23.21, bacc: 11.00, tmp_test_f1: 0.17, f1: 5.89
epoch:  49, val_loss:2.456322, acc: 23.21, bacc: 11.00, tmp_test_f1: 0.17, f1: 5.89
epoch:  50, val_loss:2.456989, acc: 23.21, bacc: 11.00, tmp_test_f1: 0.17, f1: 5.89
epoch:  51, val_loss:2.457179, acc: 23.21, bacc: 11.00, tmp_test_f1: 0.19, f1: 5.89
epoch:  52, val_loss:2.456662, acc: 23.21, bacc: 11.00, tmp_test_f1: 0.21, f1: 5.89
epoch:  53, val_loss:2.455705, acc: 23.21, bacc: 11.00, tmp_test_f1: 0.21, f1: 5.89
epoch:  54, val_loss:2.454539, acc: 23.21, bacc: 11.00, tmp_test_f1: 0.21, f1: 5.89
epoch:  55, val_loss:2.453499, acc: 23.21, bacc: 11.00, tmp_test_f1: 0.21, f1: 5.89
epoch:  56, val_loss:2.452288, acc: 23.21, bacc: 11.00, tmp_test_f1: 0.21, f1: 5.89
epoch:  57, val_loss:2.451304, acc: 23.21, bacc: 11.00, tmp_test_f1: 0.21, f1: 5.89
epoch:  58, val_loss:2.451025, acc: 23.21, bacc: 11.00, tmp_test_f1: 0.24, f1: 5.89
epoch:  59, val_loss:2.451828, acc: 23.21, bacc: 11.00, tmp_test_f1: 0.25, f1: 5.89
epoch:  60, val_loss:2.453789, acc: 23.21, bacc: 11.00, tmp_test_f1: 0.25, f1: 5.89
epoch:  61, val_loss:2.456943, acc: 23.21, bacc: 11.00, tmp_test_f1: 0.25, f1: 5.89
epoch:  62, val_loss:2.461059, acc: 23.21, bacc: 11.00, tmp_test_f1: 0.25, f1: 5.89
epoch:  63, val_loss:2.465275, acc: 23.21, bacc: 11.00, tmp_test_f1: 0.25, f1: 5.89
epoch:  64, val_loss:2.469850, acc: 23.21, bacc: 11.00, tmp_test_f1: 0.25, f1: 5.89
epoch:  65, val_loss:2.473695, acc: 23.21, bacc: 11.00, tmp_test_f1: 0.25, f1: 5.89
epoch:  66, val_loss:2.476727, acc: 23.21, bacc: 11.00, tmp_test_f1: 0.25, f1: 5.89
epoch:  67, val_loss:2.478599, acc: 23.21, bacc: 11.00, tmp_test_f1: 0.27, f1: 5.89
epoch:  68, val_loss:2.479790, acc: 23.21, bacc: 11.00, tmp_test_f1: 0.27, f1: 5.89
epoch:  69, val_loss:2.479488, acc: 23.21, bacc: 11.00, tmp_test_f1: 0.27, f1: 5.89
epoch:  70, val_loss:2.478883, acc: 23.21, bacc: 11.00, tmp_test_f1: 0.27, f1: 5.89
epoch:  71, val_loss:2.477126, acc: 23.21, bacc: 11.00, tmp_test_f1: 0.27, f1: 5.89
epoch:  72, val_loss:2.474047, acc: 23.21, bacc: 11.00, tmp_test_f1: 0.30, f1: 5.89
epoch:  73, val_loss:2.471797, acc: 23.21, bacc: 11.00, tmp_test_f1: 0.30, f1: 5.89
epoch:  74, val_loss:2.470746, acc: 23.21, bacc: 11.00, tmp_test_f1: 0.31, f1: 5.89
epoch:  75, val_loss:2.470917, acc: 23.21, bacc: 11.00, tmp_test_f1: 0.31, f1: 5.89
epoch:  76, val_loss:2.471858, acc: 23.21, bacc: 11.00, tmp_test_f1: 0.32, f1: 5.89
epoch:  77, val_loss:2.472746, acc: 23.21, bacc: 11.00, tmp_test_f1: 0.32, f1: 5.89
epoch:  78, val_loss:2.475365, acc: 23.21, bacc: 11.00, tmp_test_f1: 0.34, f1: 5.89
epoch:  79, val_loss:2.478956, acc: 23.21, bacc: 11.00, tmp_test_f1: 0.34, f1: 5.89
epoch:  80, val_loss:2.482763, acc: 23.21, bacc: 11.00, tmp_test_f1: 0.32, f1: 5.89
epoch:  81, val_loss:2.487705, acc: 23.21, bacc: 11.00, tmp_test_f1: 0.32, f1: 5.89
epoch:  82, val_loss:2.492005, acc: 23.21, bacc: 11.00, tmp_test_f1: 0.32, f1: 5.89
epoch:  83, val_loss:2.495337, acc: 23.21, bacc: 11.00, tmp_test_f1: 0.34, f1: 5.89
epoch:  84, val_loss:2.498543, acc: 23.21, bacc: 11.00, tmp_test_f1: 0.34, f1: 5.89
epoch:  85, val_loss:2.501134, acc: 23.21, bacc: 11.00, tmp_test_f1: 0.34, f1: 5.89
epoch:  86, val_loss:2.503406, acc: 23.21, bacc: 11.00, tmp_test_f1: 0.34, f1: 5.89
epoch:  87, val_loss:2.502704, acc: 23.21, bacc: 11.00, tmp_test_f1: 0.35, f1: 5.89
epoch:  88, val_loss:2.500146, acc: 23.21, bacc: 11.00, tmp_test_f1: 0.35, f1: 5.89
epoch:  89, val_loss:2.496320, acc: 23.21, bacc: 11.00, tmp_test_f1: 0.36, f1: 5.89
epoch:  90, val_loss:2.493075, acc: 23.21, bacc: 11.00, tmp_test_f1: 0.36, f1: 5.89
epoch:  91, val_loss:2.491550, acc: 23.21, bacc: 11.00, tmp_test_f1: 0.35, f1: 5.89
epoch:  92, val_loss:2.492763, acc: 23.21, bacc: 11.00, tmp_test_f1: 0.35, f1: 5.89
epoch:  93, val_loss:2.496338, acc: 23.21, bacc: 11.00, tmp_test_f1: 0.34, f1: 5.89
epoch:  94, val_loss:2.501091, acc: 23.21, bacc: 11.00, tmp_test_f1: 0.34, f1: 5.89
epoch:  95, val_loss:2.505189, acc: 23.21, bacc: 11.00, tmp_test_f1: 0.34, f1: 5.89
epoch:  96, val_loss:2.506448, acc: 23.21, bacc: 11.00, tmp_test_f1: 0.34, f1: 5.89
epoch:  97, val_loss:2.507111, acc: 23.21, bacc: 11.00, tmp_test_f1: 0.34, f1: 5.89
epoch:  98, val_loss:2.507035, acc: 23.21, bacc: 11.00, tmp_test_f1: 0.34, f1: 5.89
epoch:  99, val_loss:2.506459, acc: 23.21, bacc: 11.00, tmp_test_f1: 0.34, f1: 5.89
epoch: 100, val_loss:2.506463, acc: 23.21, bacc: 11.00, tmp_test_f1: 0.34, f1: 5.89
epoch: 101, val_loss:2.506323, acc: 23.21, bacc: 11.00, tmp_test_f1: 0.32, f1: 5.89
epoch: 102, val_loss:2.505538, acc: 23.21, bacc: 11.00, tmp_test_f1: 0.34, f1: 5.89
epoch: 103, val_loss:2.503194, acc: 23.21, bacc: 11.00, tmp_test_f1: 0.34, f1: 5.89
epoch: 104, val_loss:2.501718, acc: 23.21, bacc: 11.00, tmp_test_f1: 0.34, f1: 5.89
epoch: 105, val_loss:2.500213, acc: 23.21, bacc: 11.00, tmp_test_f1: 0.35, f1: 5.89
epoch: 106, val_loss:2.499825, acc: 23.21, bacc: 11.00, tmp_test_f1: 0.35, f1: 5.89
epoch: 107, val_loss:2.498942, acc: 23.21, bacc: 11.00, tmp_test_f1: 0.36, f1: 5.89
epoch: 108, val_loss:2.499106, acc: 23.21, bacc: 11.00, tmp_test_f1: 0.36, f1: 5.89
epoch: 109, val_loss:2.500054, acc: 23.21, bacc: 11.00, tmp_test_f1: 0.35, f1: 5.89
epoch: 110, val_loss:2.503767, acc: 23.21, bacc: 11.00, tmp_test_f1: 0.35, f1: 5.89
epoch: 111, val_loss:2.506720, acc: 23.21, bacc: 11.00, tmp_test_f1: 0.35, f1: 5.89
epoch: 112, val_loss:2.507522, acc: 23.21, bacc: 11.00, tmp_test_f1: 0.35, f1: 5.89
epoch: 113, val_loss:2.505944, acc: 23.21, bacc: 11.00, tmp_test_f1: 0.35, f1: 5.89
epoch: 114, val_loss:2.504953, acc: 23.21, bacc: 11.00, tmp_test_f1: 0.34, f1: 5.89
epoch: 115, val_loss:2.502934, acc: 23.21, bacc: 11.00, tmp_test_f1: 0.34, f1: 5.89
epoch: 116, val_loss:2.501544, acc: 23.21, bacc: 11.00, tmp_test_f1: 0.34, f1: 5.89
epoch: 117, val_loss:2.500721, acc: 23.21, bacc: 11.00, tmp_test_f1: 0.34, f1: 5.89
epoch: 118, val_loss:2.501745, acc: 23.21, bacc: 11.00, tmp_test_f1: 0.34, f1: 5.89
epoch: 119, val_loss:2.502329, acc: 23.21, bacc: 11.00, tmp_test_f1: 0.35, f1: 5.89
epoch: 120, val_loss:2.505154, acc: 23.21, bacc: 11.00, tmp_test_f1: 0.35, f1: 5.89
epoch: 121, val_loss:2.508920, acc: 23.21, bacc: 11.00, tmp_test_f1: 0.35, f1: 5.89
epoch: 122, val_loss:2.514157, acc: 23.21, bacc: 11.00, tmp_test_f1: 0.36, f1: 5.89
epoch: 123, val_loss:2.518607, acc: 23.21, bacc: 11.00, tmp_test_f1: 0.36, f1: 5.89
epoch: 124, val_loss:2.522260, acc: 23.21, bacc: 11.00, tmp_test_f1: 0.39, f1: 5.89
epoch: 125, val_loss:2.522651, acc: 23.21, bacc: 11.00, tmp_test_f1: 0.39, f1: 5.89
epoch: 126, val_loss:2.520572, acc: 23.21, bacc: 11.00, tmp_test_f1: 0.38, f1: 5.89
epoch: 127, val_loss:2.518631, acc: 23.21, bacc: 11.00, tmp_test_f1: 0.36, f1: 5.89
epoch: 128, val_loss:2.516903, acc: 23.21, bacc: 11.00, tmp_test_f1: 0.36, f1: 5.89
epoch: 129, val_loss:2.512706, acc: 23.21, bacc: 11.00, tmp_test_f1: 0.37, f1: 5.89
epoch: 130, val_loss:2.505671, acc: 23.21, bacc: 11.00, tmp_test_f1: 0.41, f1: 5.89
epoch: 131, val_loss:2.501304, acc: 23.21, bacc: 11.00, tmp_test_f1: 0.44, f1: 5.89
epoch: 132, val_loss:2.500334, acc: 23.21, bacc: 11.00, tmp_test_f1: 0.44, f1: 5.89
epoch: 133, val_loss:2.501556, acc: 23.21, bacc: 11.00, tmp_test_f1: 0.39, f1: 5.89
epoch: 134, val_loss:2.508549, acc: 23.21, bacc: 11.00, tmp_test_f1: 0.35, f1: 5.89
epoch: 135, val_loss:2.518379, acc: 23.21, bacc: 11.00, tmp_test_f1: 0.35, f1: 5.89
epoch: 136, val_loss:2.525343, acc: 23.21, bacc: 11.00, tmp_test_f1: 0.34, f1: 5.89
epoch: 137, val_loss:2.529276, acc: 23.21, bacc: 11.00, tmp_test_f1: 0.34, f1: 5.89
epoch: 138, val_loss:2.530791, acc: 23.21, bacc: 11.00, tmp_test_f1: 0.34, f1: 5.89
epoch: 139, val_loss:2.529187, acc: 23.21, bacc: 11.00, tmp_test_f1: 0.35, f1: 5.89
epoch: 140, val_loss:2.523861, acc: 23.21, bacc: 11.00, tmp_test_f1: 0.36, f1: 5.89
epoch: 141, val_loss:2.515426, acc: 23.21, bacc: 11.00, tmp_test_f1: 0.39, f1: 5.89
epoch: 142, val_loss:2.507946, acc: 23.21, bacc: 11.00, tmp_test_f1: 0.43, f1: 5.89
epoch: 143, val_loss:2.503722, acc: 23.21, bacc: 11.00, tmp_test_f1: 0.42, f1: 5.89
epoch: 144, val_loss:2.502563, acc: 23.21, bacc: 11.00, tmp_test_f1: 0.39, f1: 5.89
epoch: 145, val_loss:2.504481, acc: 23.21, bacc: 11.00, tmp_test_f1: 0.36, f1: 5.89
epoch: 146, val_loss:2.509433, acc: 23.21, bacc: 11.00, tmp_test_f1: 0.36, f1: 5.89
epoch: 147, val_loss:2.514781, acc: 23.21, bacc: 11.00, tmp_test_f1: 0.32, f1: 5.89
epoch: 148, val_loss:2.517723, acc: 23.21, bacc: 11.00, tmp_test_f1: 0.33, f1: 5.89
epoch: 149, val_loss:2.515843, acc: 23.21, bacc: 11.00, tmp_test_f1: 0.35, f1: 5.89
epoch: 150, val_loss:2.512246, acc: 23.21, bacc: 11.00, tmp_test_f1: 0.36, f1: 5.89
epoch: 151, val_loss:2.508950, acc: 23.21, bacc: 11.00, tmp_test_f1: 0.39, f1: 5.89
epoch: 152, val_loss:2.506677, acc: 23.21, bacc: 11.00, tmp_test_f1: 0.45, f1: 5.89
epoch: 153, val_loss:2.503540, acc: 23.21, bacc: 11.00, tmp_test_f1: 0.45, f1: 5.89
epoch: 154, val_loss:2.500110, acc: 23.21, bacc: 11.00, tmp_test_f1: 0.41, f1: 5.89
epoch: 155, val_loss:2.501288, acc: 23.21, bacc: 11.00, tmp_test_f1: 0.36, f1: 5.89
epoch: 156, val_loss:2.505778, acc: 23.21, bacc: 11.00, tmp_test_f1: 0.34, f1: 5.89
epoch: 157, val_loss:2.514009, acc: 23.21, bacc: 11.00, tmp_test_f1: 0.31, f1: 5.89
epoch: 158, val_loss:2.519628, acc: 23.21, bacc: 11.00, tmp_test_f1: 0.31, f1: 5.89
epoch: 159, val_loss:2.520593, acc: 23.21, bacc: 11.00, tmp_test_f1: 0.32, f1: 5.89
epoch: 160, val_loss:2.518004, acc: 23.21, bacc: 11.00, tmp_test_f1: 0.35, f1: 5.89
epoch: 161, val_loss:2.513104, acc: 23.21, bacc: 11.00, tmp_test_f1: 0.39, f1: 5.89
epoch: 162, val_loss:2.507236, acc: 23.21, bacc: 11.00, tmp_test_f1: 0.40, f1: 5.89
epoch: 163, val_loss:2.504146, acc: 23.21, bacc: 11.00, tmp_test_f1: 0.40, f1: 5.89
epoch: 164, val_loss:2.503754, acc: 23.21, bacc: 11.00, tmp_test_f1: 0.39, f1: 5.89
epoch: 165, val_loss:2.502466, acc: 23.21, bacc: 11.00, tmp_test_f1: 0.39, f1: 5.89
epoch: 166, val_loss:2.505989, acc: 23.21, bacc: 11.00, tmp_test_f1: 0.36, f1: 5.89
epoch: 167, val_loss:2.508352, acc: 23.21, bacc: 11.00, tmp_test_f1: 0.35, f1: 5.89
epoch: 168, val_loss:2.508501, acc: 23.21, bacc: 11.00, tmp_test_f1: 0.35, f1: 5.89
epoch: 169, val_loss:2.507353, acc: 23.21, bacc: 11.00, tmp_test_f1: 0.35, f1: 5.89
epoch: 170, val_loss:2.506146, acc: 23.21, bacc: 11.00, tmp_test_f1: 0.35, f1: 5.89
epoch: 171, val_loss:2.504894, acc: 23.21, bacc: 11.00, tmp_test_f1: 0.36, f1: 5.89
epoch: 172, val_loss:2.503504, acc: 23.21, bacc: 11.00, tmp_test_f1: 0.35, f1: 5.89
epoch: 173, val_loss:2.503884, acc: 23.21, bacc: 11.00, tmp_test_f1: 0.35, f1: 5.89
epoch: 174, val_loss:2.506080, acc: 23.21, bacc: 11.00, tmp_test_f1: 0.35, f1: 5.89
epoch: 175, val_loss:2.506354, acc: 23.21, bacc: 11.00, tmp_test_f1: 0.36, f1: 5.89
epoch: 176, val_loss:2.508427, acc: 23.21, bacc: 11.00, tmp_test_f1: 0.39, f1: 5.89
epoch: 177, val_loss:2.510695, acc: 23.21, bacc: 11.00, tmp_test_f1: 0.40, f1: 5.89
epoch: 178, val_loss:2.510923, acc: 23.21, bacc: 11.00, tmp_test_f1: 0.45, f1: 5.89
epoch: 179, val_loss:2.510594, acc: 23.21, bacc: 11.00, tmp_test_f1: 0.45, f1: 5.89
epoch: 180, val_loss:2.510335, acc: 23.21, bacc: 11.00, tmp_test_f1: 0.46, f1: 5.89
epoch: 181, val_loss:2.509488, acc: 23.21, bacc: 11.00, tmp_test_f1: 0.42, f1: 5.89
epoch: 182, val_loss:2.511223, acc: 23.21, bacc: 11.00, tmp_test_f1: 0.39, f1: 5.89
epoch: 183, val_loss:2.513334, acc: 23.21, bacc: 11.00, tmp_test_f1: 0.39, f1: 5.89
epoch: 184, val_loss:2.513039, acc: 23.21, bacc: 11.00, tmp_test_f1: 0.39, f1: 5.89
epoch: 185, val_loss:2.513975, acc: 23.21, bacc: 11.00, tmp_test_f1: 0.39, f1: 5.89
epoch: 186, val_loss:2.512874, acc: 23.21, bacc: 11.00, tmp_test_f1: 0.39, f1: 5.89
epoch: 187, val_loss:2.511726, acc: 23.21, bacc: 11.00, tmp_test_f1: 0.36, f1: 5.89
epoch: 188, val_loss:2.512377, acc: 23.21, bacc: 11.00, tmp_test_f1: 0.35, f1: 5.89
epoch: 189, val_loss:2.516268, acc: 23.21, bacc: 11.00, tmp_test_f1: 0.35, f1: 5.89
epoch: 190, val_loss:2.517013, acc: 23.21, bacc: 11.00, tmp_test_f1: 0.39, f1: 5.89
epoch: 191, val_loss:2.517567, acc: 23.21, bacc: 11.00, tmp_test_f1: 0.39, f1: 5.89
epoch: 192, val_loss:2.517714, acc: 23.21, bacc: 11.00, tmp_test_f1: 0.42, f1: 5.89
epoch: 193, val_loss:2.516557, acc: 23.21, bacc: 11.00, tmp_test_f1: 0.42, f1: 5.89
epoch: 194, val_loss:2.515240, acc: 23.21, bacc: 11.00, tmp_test_f1: 0.45, f1: 5.89
epoch: 195, val_loss:2.513014, acc: 23.21, bacc: 11.00, tmp_test_f1: 0.41, f1: 5.89
epoch: 196, val_loss:2.512284, acc: 23.21, bacc: 11.00, tmp_test_f1: 0.39, f1: 5.89
epoch: 197, val_loss:2.510724, acc: 23.21, bacc: 11.00, tmp_test_f1: 0.35, f1: 5.89
epoch: 198, val_loss:2.509222, acc: 23.21, bacc: 11.00, tmp_test_f1: 0.35, f1: 5.89
epoch: 199, val_loss:2.506538, acc: 23.21, bacc: 11.00, tmp_test_f1: 0.35, f1: 5.89
epoch: 200, val_loss:2.503443, acc: 23.21, bacc: 11.00, tmp_test_f1: 0.35, f1: 5.89
Epoch 00201: reducing learning rate of group 0 to 5.0000e-02.
epoch: 201, val_loss:2.502138, acc: 23.21, bacc: 11.00, tmp_test_f1: 0.37, f1: 5.89
epoch: 202, val_loss:2.502464, acc: 23.21, bacc: 11.00, tmp_test_f1: 0.38, f1: 5.89
epoch: 203, val_loss:2.503273, acc: 23.21, bacc: 11.00, tmp_test_f1: 0.38, f1: 5.89
epoch: 204, val_loss:2.505801, acc: 23.21, bacc: 11.00, tmp_test_f1: 0.36, f1: 5.89
epoch: 205, val_loss:2.508391, acc: 23.21, bacc: 11.00, tmp_test_f1: 0.36, f1: 5.89
epoch: 206, val_loss:2.510830, acc: 23.21, bacc: 11.00, tmp_test_f1: 0.35, f1: 5.89
epoch: 207, val_loss:2.513744, acc: 23.21, bacc: 11.00, tmp_test_f1: 0.35, f1: 5.89
epoch: 208, val_loss:2.515034, acc: 23.21, bacc: 11.00, tmp_test_f1: 0.35, f1: 5.89
epoch: 209, val_loss:2.514146, acc: 23.21, bacc: 11.00, tmp_test_f1: 0.35, f1: 5.89
epoch: 210, val_loss:2.514205, acc: 23.21, bacc: 11.00, tmp_test_f1: 0.35, f1: 5.89
epoch: 211, val_loss:2.513338, acc: 23.21, bacc: 11.00, tmp_test_f1: 0.36, f1: 5.89
epoch: 212, val_loss:2.512623, acc: 23.21, bacc: 11.00, tmp_test_f1: 0.39, f1: 5.89
epoch: 213, val_loss:2.511049, acc: 23.21, bacc: 11.00, tmp_test_f1: 0.39, f1: 5.89
epoch: 214, val_loss:2.509572, acc: 23.21, bacc: 11.00, tmp_test_f1: 0.40, f1: 5.89
epoch: 215, val_loss:2.509395, acc: 23.21, bacc: 11.00, tmp_test_f1: 0.40, f1: 5.89
epoch: 216, val_loss:2.509799, acc: 23.21, bacc: 11.00, tmp_test_f1: 0.39, f1: 5.89
epoch: 217, val_loss:2.511528, acc: 23.21, bacc: 11.00, tmp_test_f1: 0.36, f1: 5.89
epoch: 218, val_loss:2.513674, acc: 23.21, bacc: 11.00, tmp_test_f1: 0.35, f1: 5.89
epoch: 219, val_loss:2.513423, acc: 23.21, bacc: 11.00, tmp_test_f1: 0.35, f1: 5.89
epoch: 220, val_loss:2.511929, acc: 23.21, bacc: 11.00, tmp_test_f1: 0.35, f1: 5.89
epoch: 221, val_loss:2.509905, acc: 23.21, bacc: 11.00, tmp_test_f1: 0.35, f1: 5.89
epoch: 222, val_loss:2.507501, acc: 23.21, bacc: 11.00, tmp_test_f1: 0.36, f1: 5.89
epoch: 223, val_loss:2.505134, acc: 23.21, bacc: 11.00, tmp_test_f1: 0.36, f1: 5.89
epoch: 224, val_loss:2.503994, acc: 23.21, bacc: 11.00, tmp_test_f1: 0.36, f1: 5.89
epoch: 225, val_loss:2.504802, acc: 23.21, bacc: 11.00, tmp_test_f1: 0.38, f1: 5.89
epoch: 226, val_loss:2.505746, acc: 23.21, bacc: 11.00, tmp_test_f1: 0.36, f1: 5.89
epoch: 227, val_loss:2.508235, acc: 23.21, bacc: 11.00, tmp_test_f1: 0.36, f1: 5.89
epoch: 228, val_loss:2.510880, acc: 23.21, bacc: 11.00, tmp_test_f1: 0.36, f1: 5.89
epoch: 229, val_loss:2.513370, acc: 23.21, bacc: 11.00, tmp_test_f1: 0.36, f1: 5.89
epoch: 230, val_loss:2.514102, acc: 23.21, bacc: 11.00, tmp_test_f1: 0.35, f1: 5.89
epoch: 231, val_loss:2.513300, acc: 23.21, bacc: 11.00, tmp_test_f1: 0.35, f1: 5.89
epoch: 232, val_loss:2.512010, acc: 23.21, bacc: 11.00, tmp_test_f1: 0.35, f1: 5.89
epoch: 233, val_loss:2.510287, acc: 23.21, bacc: 11.00, tmp_test_f1: 0.35, f1: 5.89
epoch: 234, val_loss:2.507845, acc: 23.21, bacc: 11.00, tmp_test_f1: 0.35, f1: 5.89
epoch: 235, val_loss:2.504690, acc: 23.21, bacc: 11.00, tmp_test_f1: 0.36, f1: 5.89
epoch: 236, val_loss:2.502564, acc: 23.21, bacc: 11.00, tmp_test_f1: 0.36, f1: 5.89
epoch: 237, val_loss:2.503293, acc: 23.21, bacc: 11.00, tmp_test_f1: 0.36, f1: 5.89
epoch: 238, val_loss:2.504105, acc: 23.21, bacc: 11.00, tmp_test_f1: 0.36, f1: 5.89
epoch: 239, val_loss:2.505511, acc: 23.21, bacc: 11.00, tmp_test_f1: 0.35, f1: 5.89
epoch: 240, val_loss:2.507704, acc: 23.21, bacc: 11.00, tmp_test_f1: 0.35, f1: 5.89
epoch: 241, val_loss:2.510771, acc: 23.21, bacc: 11.00, tmp_test_f1: 0.35, f1: 5.89
epoch: 242, val_loss:2.513074, acc: 23.21, bacc: 11.00, tmp_test_f1: 0.35, f1: 5.89
epoch: 243, val_loss:2.513488, acc: 23.21, bacc: 11.00, tmp_test_f1: 0.36, f1: 5.89
epoch: 244, val_loss:2.512589, acc: 23.21, bacc: 11.00, tmp_test_f1: 0.36, f1: 5.89
epoch: 245, val_loss:2.510483, acc: 23.21, bacc: 11.00, tmp_test_f1: 0.36, f1: 5.89
epoch: 246, val_loss:2.507953, acc: 23.21, bacc: 11.00, tmp_test_f1: 0.36, f1: 5.89
epoch: 247, val_loss:2.505684, acc: 23.21, bacc: 11.00, tmp_test_f1: 0.36, f1: 5.89
epoch: 248, val_loss:2.504141, acc: 23.21, bacc: 11.00, tmp_test_f1: 0.35, f1: 5.89
epoch: 249, val_loss:2.503024, acc: 23.21, bacc: 11.00, tmp_test_f1: 0.35, f1: 5.89
epoch: 250, val_loss:2.503304, acc: 23.21, bacc: 11.00, tmp_test_f1: 0.35, f1: 5.89
epoch: 251, val_loss:2.504185, acc: 23.21, bacc: 11.00, tmp_test_f1: 0.35, f1: 5.89
epoch: 252, val_loss:2.503543, acc: 23.21, bacc: 11.00, tmp_test_f1: 0.35, f1: 5.89
epoch: 253, val_loss:2.503328, acc: 23.21, bacc: 11.00, tmp_test_f1: 0.35, f1: 5.89
epoch: 254, val_loss:2.504137, acc: 23.21, bacc: 11.00, tmp_test_f1: 0.36, f1: 5.89
epoch: 255, val_loss:2.505596, acc: 23.21, bacc: 11.00, tmp_test_f1: 0.36, f1: 5.89
epoch: 256, val_loss:2.508145, acc: 23.21, bacc: 11.00, tmp_test_f1: 0.38, f1: 5.89
epoch: 257, val_loss:2.511261, acc: 23.21, bacc: 11.00, tmp_test_f1: 0.39, f1: 5.89
epoch: 258, val_loss:2.512242, acc: 23.21, bacc: 11.00, tmp_test_f1: 0.39, f1: 5.89
epoch: 259, val_loss:2.512802, acc: 23.21, bacc: 11.00, tmp_test_f1: 0.39, f1: 5.89
epoch: 260, val_loss:2.512502, acc: 23.21, bacc: 11.00, tmp_test_f1: 0.39, f1: 5.89
epoch: 261, val_loss:2.512230, acc: 23.21, bacc: 11.00, tmp_test_f1: 0.39, f1: 5.89
epoch: 262, val_loss:2.512276, acc: 23.21, bacc: 11.00, tmp_test_f1: 0.39, f1: 5.89
epoch: 263, val_loss:2.513016, acc: 23.21, bacc: 11.00, tmp_test_f1: 0.39, f1: 5.89
epoch: 264, val_loss:2.512560, acc: 23.21, bacc: 11.00, tmp_test_f1: 0.38, f1: 5.89
epoch: 265, val_loss:2.512519, acc: 23.21, bacc: 11.00, tmp_test_f1: 0.38, f1: 5.89
epoch: 266, val_loss:2.511619, acc: 23.21, bacc: 11.00, tmp_test_f1: 0.39, f1: 5.89
epoch: 267, val_loss:2.509374, acc: 23.21, bacc: 11.00, tmp_test_f1: 0.39, f1: 5.89
epoch: 268, val_loss:2.506725, acc: 23.21, bacc: 11.00, tmp_test_f1: 0.39, f1: 5.89
epoch: 269, val_loss:2.505115, acc: 23.21, bacc: 11.00, tmp_test_f1: 0.39, f1: 5.89
epoch: 270, val_loss:2.505425, acc: 23.21, bacc: 11.00, tmp_test_f1: 0.38, f1: 5.89
epoch: 271, val_loss:2.507865, acc: 23.21, bacc: 11.00, tmp_test_f1: 0.36, f1: 5.89
epoch: 272, val_loss:2.509602, acc: 23.21, bacc: 11.00, tmp_test_f1: 0.35, f1: 5.89
epoch: 273, val_loss:2.510925, acc: 23.21, bacc: 11.00, tmp_test_f1: 0.35, f1: 5.89
epoch: 274, val_loss:2.512246, acc: 23.21, bacc: 11.00, tmp_test_f1: 0.35, f1: 5.89
epoch: 275, val_loss:2.511622, acc: 23.21, bacc: 11.00, tmp_test_f1: 0.35, f1: 5.89
epoch: 276, val_loss:2.511464, acc: 23.21, bacc: 11.00, tmp_test_f1: 0.35, f1: 5.89
epoch: 277, val_loss:2.512030, acc: 23.21, bacc: 11.00, tmp_test_f1: 0.36, f1: 5.89
epoch: 278, val_loss:2.510750, acc: 23.21, bacc: 11.00, tmp_test_f1: 0.36, f1: 5.89
epoch: 279, val_loss:2.508025, acc: 23.21, bacc: 11.00, tmp_test_f1: 0.36, f1: 5.89
epoch: 280, val_loss:2.506127, acc: 23.21, bacc: 11.00, tmp_test_f1: 0.35, f1: 5.89
epoch: 281, val_loss:2.506340, acc: 23.21, bacc: 11.00, tmp_test_f1: 0.36, f1: 5.89
epoch: 282, val_loss:2.507182, acc: 23.21, bacc: 11.00, tmp_test_f1: 0.34, f1: 5.89
epoch: 283, val_loss:2.507467, acc: 23.21, bacc: 11.00, tmp_test_f1: 0.34, f1: 5.89
epoch: 284, val_loss:2.507758, acc: 23.21, bacc: 11.00, tmp_test_f1: 0.34, f1: 5.89
epoch: 285, val_loss:2.506752, acc: 23.21, bacc: 11.00, tmp_test_f1: 0.34, f1: 5.89
epoch: 286, val_loss:2.504551, acc: 23.21, bacc: 11.00, tmp_test_f1: 0.34, f1: 5.89
epoch: 287, val_loss:2.502415, acc: 23.21, bacc: 11.00, tmp_test_f1: 0.35, f1: 5.89
epoch: 288, val_loss:2.500312, acc: 23.21, bacc: 11.00, tmp_test_f1: 0.35, f1: 5.89
epoch: 289, val_loss:2.498512, acc: 23.21, bacc: 11.00, tmp_test_f1: 0.36, f1: 5.89
epoch: 290, val_loss:2.497542, acc: 23.21, bacc: 11.00, tmp_test_f1: 0.36, f1: 5.89
epoch: 291, val_loss:2.498920, acc: 23.21, bacc: 11.00, tmp_test_f1: 0.38, f1: 5.89
epoch: 292, val_loss:2.501069, acc: 23.21, bacc: 11.00, tmp_test_f1: 0.36, f1: 5.89
epoch: 293, val_loss:2.503829, acc: 23.21, bacc: 11.00, tmp_test_f1: 0.36, f1: 5.89
epoch: 294, val_loss:2.506253, acc: 23.21, bacc: 11.00, tmp_test_f1: 0.35, f1: 5.89
epoch: 295, val_loss:2.509064, acc: 23.21, bacc: 11.00, tmp_test_f1: 0.35, f1: 5.89
epoch: 296, val_loss:2.509377, acc: 23.21, bacc: 11.00, tmp_test_f1: 0.36, f1: 5.89
epoch: 297, val_loss:2.509752, acc: 23.21, bacc: 11.00, tmp_test_f1: 0.36, f1: 5.89
epoch: 298, val_loss:2.509301, acc: 23.21, bacc: 11.00, tmp_test_f1: 0.36, f1: 5.89
epoch: 299, val_loss:2.508576, acc: 23.21, bacc: 11.00, tmp_test_f1: 0.36, f1: 5.89
epoch: 300, val_loss:2.508096, acc: 23.21, bacc: 11.00, tmp_test_f1: 0.35, f1: 5.89
epoch: 301, val_loss:2.507935, acc: 23.21, bacc: 11.00, tmp_test_f1: 0.35, f1: 5.89
epoch: 302, val_loss:2.509207, acc: 23.21, bacc: 11.00, tmp_test_f1: 0.35, f1: 5.89
epoch: 303, val_loss:2.508584, acc: 23.21, bacc: 11.00, tmp_test_f1: 0.35, f1: 5.89
epoch: 304, val_loss:2.506903, acc: 23.21, bacc: 11.00, tmp_test_f1: 0.36, f1: 5.89
epoch: 305, val_loss:2.505649, acc: 23.21, bacc: 11.00, tmp_test_f1: 0.36, f1: 5.89
epoch: 306, val_loss:2.505960, acc: 23.21, bacc: 11.00, tmp_test_f1: 0.36, f1: 5.89
epoch: 307, val_loss:2.506275, acc: 23.21, bacc: 11.00, tmp_test_f1: 0.38, f1: 5.89
epoch: 308, val_loss:2.506400, acc: 23.21, bacc: 11.00, tmp_test_f1: 0.39, f1: 5.89
epoch: 309, val_loss:2.506204, acc: 23.21, bacc: 11.00, tmp_test_f1: 0.39, f1: 5.89
epoch: 310, val_loss:2.507990, acc: 23.21, bacc: 11.00, tmp_test_f1: 0.39, f1: 5.89
epoch: 311, val_loss:2.507068, acc: 23.21, bacc: 11.00, tmp_test_f1: 0.39, f1: 5.89
epoch: 312, val_loss:2.505979, acc: 23.21, bacc: 11.00, tmp_test_f1: 0.39, f1: 5.89
epoch: 313, val_loss:2.506135, acc: 23.21, bacc: 11.00, tmp_test_f1: 0.39, f1: 5.89
epoch: 314, val_loss:2.505797, acc: 23.21, bacc: 11.00, tmp_test_f1: 0.36, f1: 5.89
epoch: 315, val_loss:2.507765, acc: 23.21, bacc: 11.00, tmp_test_f1: 0.36, f1: 5.89
epoch: 316, val_loss:2.507595, acc: 23.21, bacc: 11.00, tmp_test_f1: 0.36, f1: 5.89
epoch: 317, val_loss:2.507107, acc: 23.21, bacc: 11.00, tmp_test_f1: 0.35, f1: 5.89
epoch: 318, val_loss:2.507559, acc: 23.21, bacc: 11.00, tmp_test_f1: 0.35, f1: 5.89
epoch: 319, val_loss:2.508229, acc: 23.21, bacc: 11.00, tmp_test_f1: 0.35, f1: 5.89
epoch: 320, val_loss:2.510266, acc: 23.21, bacc: 11.00, tmp_test_f1: 0.35, f1: 5.89
epoch: 321, val_loss:2.512294, acc: 23.21, bacc: 11.00, tmp_test_f1: 0.35, f1: 5.89
epoch: 322, val_loss:2.515290, acc: 23.21, bacc: 11.00, tmp_test_f1: 0.35, f1: 5.89
epoch: 323, val_loss:2.516569, acc: 23.21, bacc: 11.00, tmp_test_f1: 0.36, f1: 5.89
epoch: 324, val_loss:2.515232, acc: 23.21, bacc: 11.00, tmp_test_f1: 0.36, f1: 5.89
epoch: 325, val_loss:2.513423, acc: 23.21, bacc: 11.00, tmp_test_f1: 0.36, f1: 5.89
epoch: 326, val_loss:2.511988, acc: 23.21, bacc: 11.00, tmp_test_f1: 0.36, f1: 5.89
epoch: 327, val_loss:2.509841, acc: 23.21, bacc: 11.00, tmp_test_f1: 0.36, f1: 5.89
epoch: 328, val_loss:2.508577, acc: 23.21, bacc: 11.00, tmp_test_f1: 0.36, f1: 5.89
epoch: 329, val_loss:2.507850, acc: 23.21, bacc: 11.00, tmp_test_f1: 0.37, f1: 5.89
epoch: 330, val_loss:2.507164, acc: 23.21, bacc: 11.00, tmp_test_f1: 0.37, f1: 5.89
epoch: 331, val_loss:2.506661, acc: 23.21, bacc: 11.00, tmp_test_f1: 0.35, f1: 5.89
epoch: 332, val_loss:2.506334, acc: 23.21, bacc: 11.00, tmp_test_f1: 0.35, f1: 5.89
epoch: 333, val_loss:2.506381, acc: 23.21, bacc: 11.00, tmp_test_f1: 0.35, f1: 5.89
epoch: 334, val_loss:2.505993, acc: 23.21, bacc: 11.00, tmp_test_f1: 0.34, f1: 5.89
epoch: 335, val_loss:2.506200, acc: 23.21, bacc: 11.00, tmp_test_f1: 0.34, f1: 5.89
epoch: 336, val_loss:2.506703, acc: 23.21, bacc: 11.00, tmp_test_f1: 0.32, f1: 5.89
epoch: 337, val_loss:2.505782, acc: 23.21, bacc: 11.00, tmp_test_f1: 0.32, f1: 5.89
epoch: 338, val_loss:2.503903, acc: 23.21, bacc: 11.00, tmp_test_f1: 0.34, f1: 5.89
epoch: 339, val_loss:2.501065, acc: 23.21, bacc: 11.00, tmp_test_f1: 0.35, f1: 5.89
epoch: 340, val_loss:2.499617, acc: 23.21, bacc: 11.00, tmp_test_f1: 0.36, f1: 5.89
epoch: 341, val_loss:2.499080, acc: 23.21, bacc: 11.00, tmp_test_f1: 0.39, f1: 5.89
epoch: 342, val_loss:2.499984, acc: 23.21, bacc: 11.00, tmp_test_f1: 0.39, f1: 5.89
epoch: 343, val_loss:2.502222, acc: 23.21, bacc: 11.00, tmp_test_f1: 0.37, f1: 5.89
epoch: 344, val_loss:2.505565, acc: 23.21, bacc: 11.00, tmp_test_f1: 0.37, f1: 5.89
epoch: 345, val_loss:2.509108, acc: 23.21, bacc: 11.00, tmp_test_f1: 0.35, f1: 5.89
epoch: 346, val_loss:2.511294, acc: 23.21, bacc: 11.00, tmp_test_f1: 0.36, f1: 5.89
epoch: 347, val_loss:2.512938, acc: 23.21, bacc: 11.00, tmp_test_f1: 0.35, f1: 5.89
epoch: 348, val_loss:2.511236, acc: 23.21, bacc: 11.00, tmp_test_f1: 0.35, f1: 5.89
epoch: 349, val_loss:2.508497, acc: 23.21, bacc: 11.00, tmp_test_f1: 0.36, f1: 5.89
epoch: 350, val_loss:2.504977, acc: 23.21, bacc: 11.00, tmp_test_f1: 0.39, f1: 5.89
epoch: 351, val_loss:2.500894, acc: 23.21, bacc: 11.00, tmp_test_f1: 0.40, f1: 5.89
epoch: 352, val_loss:2.499844, acc: 23.21, bacc: 11.00, tmp_test_f1: 0.41, f1: 5.89
epoch: 353, val_loss:2.501503, acc: 23.21, bacc: 11.00, tmp_test_f1: 0.39, f1: 5.89
epoch: 354, val_loss:2.506068, acc: 23.21, bacc: 11.00, tmp_test_f1: 0.39, f1: 5.89
epoch: 355, val_loss:2.510799, acc: 23.21, bacc: 11.00, tmp_test_f1: 0.35, f1: 5.89
epoch: 356, val_loss:2.515491, acc: 23.21, bacc: 11.00, tmp_test_f1: 0.35, f1: 5.89
epoch: 357, val_loss:2.517919, acc: 23.21, bacc: 11.00, tmp_test_f1: 0.35, f1: 5.89
epoch: 358, val_loss:2.516498, acc: 23.21, bacc: 11.00, tmp_test_f1: 0.35, f1: 5.89
epoch: 359, val_loss:2.513035, acc: 23.21, bacc: 11.00, tmp_test_f1: 0.35, f1: 5.89
epoch: 360, val_loss:2.510691, acc: 23.21, bacc: 11.00, tmp_test_f1: 0.35, f1: 5.89
epoch: 361, val_loss:2.508402, acc: 23.21, bacc: 11.00, tmp_test_f1: 0.38, f1: 5.89
epoch: 362, val_loss:2.505578, acc: 23.21, bacc: 11.00, tmp_test_f1: 0.39, f1: 5.89
epoch: 363, val_loss:2.504517, acc: 23.21, bacc: 11.00, tmp_test_f1: 0.39, f1: 5.89
epoch: 364, val_loss:2.504612, acc: 23.21, bacc: 11.00, tmp_test_f1: 0.39, f1: 5.89
epoch: 365, val_loss:2.505400, acc: 23.21, bacc: 11.00, tmp_test_f1: 0.39, f1: 5.89
epoch: 366, val_loss:2.507821, acc: 23.21, bacc: 11.00, tmp_test_f1: 0.42, f1: 5.89
epoch: 367, val_loss:2.510081, acc: 23.21, bacc: 11.00, tmp_test_f1: 0.42, f1: 5.89
epoch: 368, val_loss:2.513207, acc: 23.21, bacc: 11.00, tmp_test_f1: 0.42, f1: 5.89
epoch: 369, val_loss:2.516207, acc: 23.21, bacc: 11.00, tmp_test_f1: 0.41, f1: 5.89
epoch: 370, val_loss:2.519112, acc: 23.21, bacc: 11.00, tmp_test_f1: 0.36, f1: 5.89
epoch: 371, val_loss:2.522115, acc: 23.21, bacc: 11.00, tmp_test_f1: 0.35, f1: 5.89
epoch: 372, val_loss:2.521703, acc: 23.21, bacc: 11.00, tmp_test_f1: 0.35, f1: 5.89
epoch: 373, val_loss:2.519853, acc: 23.21, bacc: 11.00, tmp_test_f1: 0.34, f1: 5.89
epoch: 374, val_loss:2.516191, acc: 23.21, bacc: 11.00, tmp_test_f1: 0.34, f1: 5.89
epoch: 375, val_loss:2.510764, acc: 23.21, bacc: 11.00, tmp_test_f1: 0.34, f1: 5.89
epoch: 376, val_loss:2.506071, acc: 23.21, bacc: 11.00, tmp_test_f1: 0.35, f1: 5.89
epoch: 377, val_loss:2.501684, acc: 23.21, bacc: 11.00, tmp_test_f1: 0.35, f1: 5.89
epoch: 378, val_loss:2.499964, acc: 23.21, bacc: 11.00, tmp_test_f1: 0.36, f1: 5.89
epoch: 379, val_loss:2.498571, acc: 23.21, bacc: 11.00, tmp_test_f1: 0.39, f1: 5.89
epoch: 380, val_loss:2.499960, acc: 23.21, bacc: 11.00, tmp_test_f1: 0.39, f1: 5.89
epoch: 381, val_loss:2.502232, acc: 23.21, bacc: 11.00, tmp_test_f1: 0.36, f1: 5.89
epoch: 382, val_loss:2.504991, acc: 23.21, bacc: 11.00, tmp_test_f1: 0.36, f1: 5.89
epoch: 383, val_loss:2.506539, acc: 23.21, bacc: 11.00, tmp_test_f1: 0.35, f1: 5.89
epoch: 384, val_loss:2.508716, acc: 23.21, bacc: 11.00, tmp_test_f1: 0.35, f1: 5.89
epoch: 385, val_loss:2.510897, acc: 23.21, bacc: 11.00, tmp_test_f1: 0.34, f1: 5.89
epoch: 386, val_loss:2.513332, acc: 23.21, bacc: 11.00, tmp_test_f1: 0.31, f1: 5.89
epoch: 387, val_loss:2.513889, acc: 23.21, bacc: 11.00, tmp_test_f1: 0.28, f1: 5.89
epoch: 388, val_loss:2.514377, acc: 23.21, bacc: 11.00, tmp_test_f1: 0.30, f1: 5.89
epoch: 389, val_loss:2.514084, acc: 23.21, bacc: 11.00, tmp_test_f1: 0.31, f1: 5.89
epoch: 390, val_loss:2.512679, acc: 23.21, bacc: 11.00, tmp_test_f1: 0.34, f1: 5.89
epoch: 391, val_loss:2.510915, acc: 23.21, bacc: 11.00, tmp_test_f1: 0.35, f1: 5.89
epoch: 392, val_loss:2.507779, acc: 23.21, bacc: 11.00, tmp_test_f1: 0.39, f1: 5.89
epoch: 393, val_loss:2.506885, acc: 23.21, bacc: 11.00, tmp_test_f1: 0.39, f1: 5.89
epoch: 394, val_loss:2.506767, acc: 23.21, bacc: 11.00, tmp_test_f1: 0.39, f1: 5.89
epoch: 395, val_loss:2.507713, acc: 23.21, bacc: 11.00, tmp_test_f1: 0.39, f1: 5.89
epoch: 396, val_loss:2.508780, acc: 23.21, bacc: 11.00, tmp_test_f1: 0.35, f1: 5.89
epoch: 397, val_loss:2.509276, acc: 23.21, bacc: 11.00, tmp_test_f1: 0.35, f1: 5.89
epoch: 398, val_loss:2.509033, acc: 23.21, bacc: 11.00, tmp_test_f1: 0.34, f1: 5.89
epoch: 399, val_loss:2.507527, acc: 23.21, bacc: 11.00, tmp_test_f1: 0.31, f1: 5.89
epoch: 400, val_loss:2.506336, acc: 23.21, bacc: 11.00, tmp_test_f1: 0.31, f1: 5.89
epoch: 401, val_loss:2.504512, acc: 23.21, bacc: 11.00, tmp_test_f1: 0.33, f1: 5.89
Epoch 00402: reducing learning rate of group 0 to 2.5000e-02.
epoch: 402, val_loss:2.499786, acc: 23.21, bacc: 11.00, tmp_test_f1: 0.34, f1: 5.89
epoch: 403, val_loss:2.496567, acc: 23.21, bacc: 11.00, tmp_test_f1: 0.35, f1: 5.89
epoch: 404, val_loss:2.496345, acc: 23.21, bacc: 11.00, tmp_test_f1: 0.35, f1: 5.89
epoch: 405, val_loss:2.496765, acc: 23.21, bacc: 11.00, tmp_test_f1: 0.35, f1: 5.89
epoch: 406, val_loss:2.497281, acc: 23.21, bacc: 11.00, tmp_test_f1: 0.35, f1: 5.89
epoch: 407, val_loss:2.499400, acc: 23.21, bacc: 11.00, tmp_test_f1: 0.34, f1: 5.89
epoch: 408, val_loss:2.501638, acc: 23.21, bacc: 11.00, tmp_test_f1: 0.34, f1: 5.89
epoch: 409, val_loss:2.504114, acc: 23.21, bacc: 11.00, tmp_test_f1: 0.34, f1: 5.89
epoch: 410, val_loss:2.506168, acc: 23.21, bacc: 11.00, tmp_test_f1: 0.35, f1: 5.89
epoch: 411, val_loss:2.506722, acc: 23.21, bacc: 11.00, tmp_test_f1: 0.35, f1: 5.89
epoch: 412, val_loss:2.507334, acc: 23.21, bacc: 11.00, tmp_test_f1: 0.35, f1: 5.89
epoch: 413, val_loss:2.507298, acc: 23.21, bacc: 11.00, tmp_test_f1: 0.35, f1: 5.89
epoch: 414, val_loss:2.506649, acc: 23.21, bacc: 11.00, tmp_test_f1: 0.35, f1: 5.89
epoch: 415, val_loss:2.504526, acc: 23.21, bacc: 11.00, tmp_test_f1: 0.35, f1: 5.89
epoch: 416, val_loss:2.501813, acc: 23.21, bacc: 11.00, tmp_test_f1: 0.35, f1: 5.89
epoch: 417, val_loss:2.499354, acc: 23.21, bacc: 11.00, tmp_test_f1: 0.36, f1: 5.89
epoch: 418, val_loss:2.497344, acc: 23.21, bacc: 11.00, tmp_test_f1: 0.36, f1: 5.89
epoch: 419, val_loss:2.496293, acc: 23.21, bacc: 11.00, tmp_test_f1: 0.36, f1: 5.89
epoch: 420, val_loss:2.495725, acc: 23.21, bacc: 11.00, tmp_test_f1: 0.36, f1: 5.89
epoch: 421, val_loss:2.495156, acc: 23.21, bacc: 11.00, tmp_test_f1: 0.35, f1: 5.89
epoch: 422, val_loss:2.495282, acc: 23.21, bacc: 11.00, tmp_test_f1: 0.35, f1: 5.89
epoch: 423, val_loss:2.496287, acc: 23.21, bacc: 11.00, tmp_test_f1: 0.35, f1: 5.89
epoch: 424, val_loss:2.498262, acc: 23.21, bacc: 11.00, tmp_test_f1: 0.35, f1: 5.89
epoch: 425, val_loss:2.500033, acc: 23.21, bacc: 11.00, tmp_test_f1: 0.34, f1: 5.89
epoch: 426, val_loss:2.501704, acc: 23.21, bacc: 11.00, tmp_test_f1: 0.34, f1: 5.89
epoch: 427, val_loss:2.502930, acc: 23.21, bacc: 11.00, tmp_test_f1: 0.35, f1: 5.89
epoch: 428, val_loss:2.503523, acc: 23.21, bacc: 11.00, tmp_test_f1: 0.35, f1: 5.89
epoch: 429, val_loss:2.503618, acc: 23.21, bacc: 11.00, tmp_test_f1: 0.35, f1: 5.89
epoch: 430, val_loss:2.503974, acc: 23.21, bacc: 11.00, tmp_test_f1: 0.35, f1: 5.89
epoch: 431, val_loss:2.504925, acc: 23.21, bacc: 11.00, tmp_test_f1: 0.35, f1: 5.89
epoch: 432, val_loss:2.505958, acc: 23.21, bacc: 11.00, tmp_test_f1: 0.35, f1: 5.89
epoch: 433, val_loss:2.506844, acc: 23.21, bacc: 11.00, tmp_test_f1: 0.35, f1: 5.89
epoch: 434, val_loss:2.507692, acc: 23.21, bacc: 11.00, tmp_test_f1: 0.35, f1: 5.89
epoch: 435, val_loss:2.508547, acc: 23.21, bacc: 11.00, tmp_test_f1: 0.35, f1: 5.89
epoch: 436, val_loss:2.508967, acc: 23.21, bacc: 11.00, tmp_test_f1: 0.35, f1: 5.89
epoch: 437, val_loss:2.509579, acc: 23.21, bacc: 11.00, tmp_test_f1: 0.35, f1: 5.89
epoch: 438, val_loss:2.509572, acc: 23.21, bacc: 11.00, tmp_test_f1: 0.36, f1: 5.89
epoch: 439, val_loss:2.509175, acc: 23.21, bacc: 11.00, tmp_test_f1: 0.36, f1: 5.89
epoch: 440, val_loss:2.509006, acc: 23.21, bacc: 11.00, tmp_test_f1: 0.36, f1: 5.89
epoch: 441, val_loss:2.507796, acc: 23.21, bacc: 11.00, tmp_test_f1: 0.39, f1: 5.89
epoch: 442, val_loss:2.506418, acc: 23.21, bacc: 11.00, tmp_test_f1: 0.39, f1: 5.89
epoch: 443, val_loss:2.504283, acc: 23.21, bacc: 11.00, tmp_test_f1: 0.39, f1: 5.89
epoch: 444, val_loss:2.502627, acc: 23.21, bacc: 11.00, tmp_test_f1: 0.39, f1: 5.89
epoch: 445, val_loss:2.501930, acc: 23.21, bacc: 11.00, tmp_test_f1: 0.39, f1: 5.89
epoch: 446, val_loss:2.501660, acc: 23.21, bacc: 11.00, tmp_test_f1: 0.39, f1: 5.89
epoch: 447, val_loss:2.502077, acc: 23.21, bacc: 11.00, tmp_test_f1: 0.36, f1: 5.89
epoch: 448, val_loss:2.503233, acc: 23.21, bacc: 11.00, tmp_test_f1: 0.35, f1: 5.89
epoch: 449, val_loss:2.504885, acc: 23.21, bacc: 11.00, tmp_test_f1: 0.35, f1: 5.89
epoch: 450, val_loss:2.505557, acc: 23.21, bacc: 11.00, tmp_test_f1: 0.35, f1: 5.89
epoch: 451, val_loss:2.507096, acc: 23.21, bacc: 11.00, tmp_test_f1: 0.35, f1: 5.89
epoch: 452, val_loss:2.508701, acc: 23.21, bacc: 11.00, tmp_test_f1: 0.35, f1: 5.89
epoch: 453, val_loss:2.510568, acc: 23.21, bacc: 11.00, tmp_test_f1: 0.35, f1: 5.89
epoch: 454, val_loss:2.511964, acc: 23.21, bacc: 11.00, tmp_test_f1: 0.35, f1: 5.89
epoch: 455, val_loss:2.513102, acc: 23.21, bacc: 11.00, tmp_test_f1: 0.35, f1: 5.89
epoch: 456, val_loss:2.514473, acc: 23.21, bacc: 11.00, tmp_test_f1: 0.35, f1: 5.89
epoch: 457, val_loss:2.515898, acc: 23.21, bacc: 11.00, tmp_test_f1: 0.35, f1: 5.89
epoch: 458, val_loss:2.515448, acc: 23.21, bacc: 11.00, tmp_test_f1: 0.35, f1: 5.89
epoch: 459, val_loss:2.514030, acc: 23.21, bacc: 11.00, tmp_test_f1: 0.35, f1: 5.89
epoch: 460, val_loss:2.512038, acc: 23.21, bacc: 11.00, tmp_test_f1: 0.35, f1: 5.89
epoch: 461, val_loss:2.511755, acc: 23.21, bacc: 11.00, tmp_test_f1: 0.35, f1: 5.89
epoch: 462, val_loss:2.511009, acc: 23.21, bacc: 11.00, tmp_test_f1: 0.35, f1: 5.89
epoch: 463, val_loss:2.510341, acc: 23.21, bacc: 11.00, tmp_test_f1: 0.35, f1: 5.89
epoch: 464, val_loss:2.510352, acc: 23.21, bacc: 11.00, tmp_test_f1: 0.36, f1: 5.89
epoch: 465, val_loss:2.509794, acc: 23.21, bacc: 11.00, tmp_test_f1: 0.35, f1: 5.89
epoch: 466, val_loss:2.509194, acc: 23.21, bacc: 11.00, tmp_test_f1: 0.35, f1: 5.89
epoch: 467, val_loss:2.507980, acc: 23.21, bacc: 11.00, tmp_test_f1: 0.35, f1: 5.89
epoch: 468, val_loss:2.507566, acc: 23.21, bacc: 11.00, tmp_test_f1: 0.35, f1: 5.89
epoch: 469, val_loss:2.508136, acc: 23.21, bacc: 11.00, tmp_test_f1: 0.35, f1: 5.89
epoch: 470, val_loss:2.507947, acc: 23.21, bacc: 11.00, tmp_test_f1: 0.36, f1: 5.89
epoch: 471, val_loss:2.507827, acc: 23.21, bacc: 11.00, tmp_test_f1: 0.36, f1: 5.89
epoch: 472, val_loss:2.508371, acc: 23.21, bacc: 11.00, tmp_test_f1: 0.35, f1: 5.89
epoch: 473, val_loss:2.509922, acc: 23.21, bacc: 11.00, tmp_test_f1: 0.35, f1: 5.89
epoch: 474, val_loss:2.511896, acc: 23.21, bacc: 11.00, tmp_test_f1: 0.35, f1: 5.89
epoch: 475, val_loss:2.513819, acc: 23.21, bacc: 11.00, tmp_test_f1: 0.35, f1: 5.89
epoch: 476, val_loss:2.515189, acc: 23.21, bacc: 11.00, tmp_test_f1: 0.35, f1: 5.89
epoch: 477, val_loss:2.516674, acc: 23.21, bacc: 11.00, tmp_test_f1: 0.34, f1: 5.89
epoch: 478, val_loss:2.517912, acc: 23.21, bacc: 11.00, tmp_test_f1: 0.34, f1: 5.89
epoch: 479, val_loss:2.518052, acc: 23.21, bacc: 11.00, tmp_test_f1: 0.35, f1: 5.89
epoch: 480, val_loss:2.516833, acc: 23.21, bacc: 11.00, tmp_test_f1: 0.35, f1: 5.89
epoch: 481, val_loss:2.514676, acc: 23.21, bacc: 11.00, tmp_test_f1: 0.35, f1: 5.89
epoch: 482, val_loss:2.511939, acc: 23.21, bacc: 11.00, tmp_test_f1: 0.35, f1: 5.89
epoch: 483, val_loss:2.509730, acc: 23.21, bacc: 11.00, tmp_test_f1: 0.35, f1: 5.89
epoch: 484, val_loss:2.507356, acc: 23.21, bacc: 11.00, tmp_test_f1: 0.35, f1: 5.89
epoch: 485, val_loss:2.504546, acc: 23.21, bacc: 11.00, tmp_test_f1: 0.35, f1: 5.89
epoch: 486, val_loss:2.502248, acc: 23.21, bacc: 11.00, tmp_test_f1: 0.35, f1: 5.89
epoch: 487, val_loss:2.500358, acc: 23.21, bacc: 11.00, tmp_test_f1: 0.35, f1: 5.89
epoch: 488, val_loss:2.497895, acc: 23.21, bacc: 11.00, tmp_test_f1: 0.35, f1: 5.89
epoch: 489, val_loss:2.496589, acc: 23.21, bacc: 11.00, tmp_test_f1: 0.35, f1: 5.89
epoch: 490, val_loss:2.496613, acc: 23.21, bacc: 11.00, tmp_test_f1: 0.35, f1: 5.89
epoch: 491, val_loss:2.497861, acc: 23.21, bacc: 11.00, tmp_test_f1: 0.35, f1: 5.89
epoch: 492, val_loss:2.500688, acc: 23.21, bacc: 11.00, tmp_test_f1: 0.35, f1: 5.89
epoch: 493, val_loss:2.504205, acc: 23.21, bacc: 11.00, tmp_test_f1: 0.35, f1: 5.89
epoch: 494, val_loss:2.508180, acc: 23.21, bacc: 11.00, tmp_test_f1: 0.35, f1: 5.89
epoch: 495, val_loss:2.511780, acc: 23.21, bacc: 11.00, tmp_test_f1: 0.35, f1: 5.89
epoch: 496, val_loss:2.515030, acc: 23.21, bacc: 11.00, tmp_test_f1: 0.35, f1: 5.89
epoch: 497, val_loss:2.517732, acc: 23.21, bacc: 11.00, tmp_test_f1: 0.36, f1: 5.89
epoch: 498, val_loss:2.518852, acc: 23.21, bacc: 11.00, tmp_test_f1: 0.36, f1: 5.89
epoch: 499, val_loss:2.519673, acc: 23.21, bacc: 11.00, tmp_test_f1: 0.36, f1: 5.89
epoch: 500, val_loss:2.518834, acc: 23.21, bacc: 11.00, tmp_test_f1: 0.36, f1: 5.89
epoch: 501, val_loss:2.516743, acc: 23.21, bacc: 11.00, tmp_test_f1: 0.36, f1: 5.89
epoch: 502, val_loss:2.514702, acc: 23.21, bacc: 11.00, tmp_test_f1: 0.36, f1: 5.89
epoch: 503, val_loss:2.512504, acc: 23.21, bacc: 11.00, tmp_test_f1: 0.35, f1: 5.89
epoch: 504, val_loss:2.510401, acc: 23.21, bacc: 11.00, tmp_test_f1: 0.35, f1: 5.89
epoch: 505, val_loss:2.508753, acc: 23.21, bacc: 11.00, tmp_test_f1: 0.35, f1: 5.89
epoch: 506, val_loss:2.507301, acc: 23.21, bacc: 11.00, tmp_test_f1: 0.35, f1: 5.89
epoch: 507, val_loss:2.505502, acc: 23.21, bacc: 11.00, tmp_test_f1: 0.35, f1: 5.89
epoch: 508, val_loss:2.503691, acc: 23.21, bacc: 11.00, tmp_test_f1: 0.35, f1: 5.89
epoch: 509, val_loss:2.502486, acc: 23.21, bacc: 11.00, tmp_test_f1: 0.35, f1: 5.89
epoch: 510, val_loss:2.501761, acc: 23.21, bacc: 11.00, tmp_test_f1: 0.35, f1: 5.89
epoch: 511, val_loss:2.502909, acc: 23.21, bacc: 11.00, tmp_test_f1: 0.35, f1: 5.89
epoch: 512, val_loss:2.503284, acc: 23.21, bacc: 11.00, tmp_test_f1: 0.35, f1: 5.89
epoch: 513, val_loss:2.504280, acc: 23.21, bacc: 11.00, tmp_test_f1: 0.35, f1: 5.89
epoch: 514, val_loss:2.505266, acc: 23.21, bacc: 11.00, tmp_test_f1: 0.36, f1: 5.89
epoch: 515, val_loss:2.506419, acc: 23.21, bacc: 11.00, tmp_test_f1: 0.39, f1: 5.89
epoch: 516, val_loss:2.506839, acc: 23.21, bacc: 11.00, tmp_test_f1: 0.39, f1: 5.89
epoch: 517, val_loss:2.506867, acc: 23.21, bacc: 11.00, tmp_test_f1: 0.40, f1: 5.89
epoch: 518, val_loss:2.506747, acc: 23.21, bacc: 11.00, tmp_test_f1: 0.41, f1: 5.89
epoch: 519, val_loss:2.505803, acc: 23.21, bacc: 11.00, tmp_test_f1: 0.39, f1: 5.89
epoch: 520, val_loss:2.505639, acc: 23.21, bacc: 11.00, tmp_test_f1: 0.39, f1: 5.89
epoch: 521, val_loss:2.504766, acc: 23.21, bacc: 11.00, tmp_test_f1: 0.38, f1: 5.89
epoch: 522, val_loss:2.503212, acc: 23.21, bacc: 11.00, tmp_test_f1: 0.36, f1: 5.89
epoch: 523, val_loss:2.502135, acc: 23.21, bacc: 11.00, tmp_test_f1: 0.36, f1: 5.89
epoch: 524, val_loss:2.501534, acc: 23.21, bacc: 11.00, tmp_test_f1: 0.36, f1: 5.89
epoch: 525, val_loss:2.501624, acc: 23.21, bacc: 11.00, tmp_test_f1: 0.36, f1: 5.89
epoch: 526, val_loss:2.502371, acc: 23.21, bacc: 11.00, tmp_test_f1: 0.35, f1: 5.89
epoch: 527, val_loss:2.504230, acc: 23.21, bacc: 11.00, tmp_test_f1: 0.35, f1: 5.89
epoch: 528, val_loss:2.507222, acc: 23.21, bacc: 11.00, tmp_test_f1: 0.35, f1: 5.89
epoch: 529, val_loss:2.509638, acc: 23.21, bacc: 11.00, tmp_test_f1: 0.35, f1: 5.89
epoch: 530, val_loss:2.512034, acc: 23.21, bacc: 11.00, tmp_test_f1: 0.36, f1: 5.89
epoch: 531, val_loss:2.513348, acc: 23.21, bacc: 11.00, tmp_test_f1: 0.36, f1: 5.89
epoch: 532, val_loss:2.514376, acc: 23.21, bacc: 11.00, tmp_test_f1: 0.39, f1: 5.89
epoch: 533, val_loss:2.515040, acc: 23.21, bacc: 11.00, tmp_test_f1: 0.39, f1: 5.89
epoch: 534, val_loss:2.516322, acc: 23.21, bacc: 11.00, tmp_test_f1: 0.39, f1: 5.89
epoch: 535, val_loss:2.516876, acc: 23.21, bacc: 11.00, tmp_test_f1: 0.39, f1: 5.89
epoch: 536, val_loss:2.516435, acc: 23.21, bacc: 11.00, tmp_test_f1: 0.39, f1: 5.89
epoch: 537, val_loss:2.515996, acc: 23.21, bacc: 11.00, tmp_test_f1: 0.39, f1: 5.89
epoch: 538, val_loss:2.515117, acc: 23.21, bacc: 11.00, tmp_test_f1: 0.39, f1: 5.89
epoch: 539, val_loss:2.514222, acc: 23.21, bacc: 11.00, tmp_test_f1: 0.36, f1: 5.89
epoch: 540, val_loss:2.513339, acc: 23.21, bacc: 11.00, tmp_test_f1: 0.35, f1: 5.89
epoch: 541, val_loss:2.511569, acc: 23.21, bacc: 11.00, tmp_test_f1: 0.35, f1: 5.89
epoch: 542, val_loss:2.509207, acc: 23.21, bacc: 11.00, tmp_test_f1: 0.35, f1: 5.89
epoch: 543, val_loss:2.506565, acc: 23.21, bacc: 11.00, tmp_test_f1: 0.35, f1: 5.89
epoch: 544, val_loss:2.505131, acc: 23.21, bacc: 11.00, tmp_test_f1: 0.35, f1: 5.89
epoch: 545, val_loss:2.505923, acc: 23.21, bacc: 11.00, tmp_test_f1: 0.35, f1: 5.89
epoch: 546, val_loss:2.506879, acc: 23.21, bacc: 11.00, tmp_test_f1: 0.35, f1: 5.89
epoch: 547, val_loss:2.507902, acc: 23.21, bacc: 11.00, tmp_test_f1: 0.35, f1: 5.89
epoch: 548, val_loss:2.509234, acc: 23.21, bacc: 11.00, tmp_test_f1: 0.35, f1: 5.89
epoch: 549, val_loss:2.510113, acc: 23.21, bacc: 11.00, tmp_test_f1: 0.35, f1: 5.89
epoch: 550, val_loss:2.510388, acc: 23.21, bacc: 11.00, tmp_test_f1: 0.35, f1: 5.89
epoch: 551, val_loss:2.510614, acc: 23.21, bacc: 11.00, tmp_test_f1: 0.36, f1: 5.89
epoch: 552, val_loss:2.510193, acc: 23.21, bacc: 11.00, tmp_test_f1: 0.39, f1: 5.89
epoch: 553, val_loss:2.510000, acc: 23.21, bacc: 11.00, tmp_test_f1: 0.38, f1: 5.89
epoch: 554, val_loss:2.511195, acc: 23.21, bacc: 11.00, tmp_test_f1: 0.36, f1: 5.89
epoch: 555, val_loss:2.512503, acc: 23.21, bacc: 11.00, tmp_test_f1: 0.36, f1: 5.89
epoch: 556, val_loss:2.513664, acc: 23.21, bacc: 11.00, tmp_test_f1: 0.36, f1: 5.89
epoch: 557, val_loss:2.514620, acc: 23.21, bacc: 11.00, tmp_test_f1: 0.35, f1: 5.89
epoch: 558, val_loss:2.515747, acc: 23.21, bacc: 11.00, tmp_test_f1: 0.35, f1: 5.89
epoch: 559, val_loss:2.516973, acc: 23.21, bacc: 11.00, tmp_test_f1: 0.35, f1: 5.89
epoch: 560, val_loss:2.517420, acc: 23.21, bacc: 11.00, tmp_test_f1: 0.35, f1: 5.89
epoch: 561, val_loss:2.515068, acc: 23.21, bacc: 11.00, tmp_test_f1: 0.35, f1: 5.89
epoch: 562, val_loss:2.511910, acc: 23.21, bacc: 11.00, tmp_test_f1: 0.35, f1: 5.89
epoch: 563, val_loss:2.508626, acc: 23.21, bacc: 11.00, tmp_test_f1: 0.35, f1: 5.89
epoch: 564, val_loss:2.505371, acc: 23.21, bacc: 11.00, tmp_test_f1: 0.35, f1: 5.89
epoch: 565, val_loss:2.503108, acc: 23.21, bacc: 11.00, tmp_test_f1: 0.35, f1: 5.89
epoch: 566, val_loss:2.501232, acc: 23.21, bacc: 11.00, tmp_test_f1: 0.35, f1: 5.89
epoch: 567, val_loss:2.500715, acc: 23.21, bacc: 11.00, tmp_test_f1: 0.35, f1: 5.89
epoch: 568, val_loss:2.500962, acc: 23.21, bacc: 11.00, tmp_test_f1: 0.35, f1: 5.89
epoch: 569, val_loss:2.501958, acc: 23.21, bacc: 11.00, tmp_test_f1: 0.35, f1: 5.89
epoch: 570, val_loss:2.504333, acc: 23.21, bacc: 11.00, tmp_test_f1: 0.35, f1: 5.89
epoch: 571, val_loss:2.507080, acc: 23.21, bacc: 11.00, tmp_test_f1: 0.35, f1: 5.89
epoch: 572, val_loss:2.510279, acc: 23.21, bacc: 11.00, tmp_test_f1: 0.34, f1: 5.89
epoch: 573, val_loss:2.512589, acc: 23.21, bacc: 11.00, tmp_test_f1: 0.34, f1: 5.89
epoch: 574, val_loss:2.513600, acc: 23.21, bacc: 11.00, tmp_test_f1: 0.34, f1: 5.89
epoch: 575, val_loss:2.513701, acc: 23.21, bacc: 11.00, tmp_test_f1: 0.34, f1: 5.89
epoch: 576, val_loss:2.514587, acc: 23.21, bacc: 11.00, tmp_test_f1: 0.34, f1: 5.89
epoch: 577, val_loss:2.514663, acc: 23.21, bacc: 11.00, tmp_test_f1: 0.35, f1: 5.89
epoch: 578, val_loss:2.512736, acc: 23.21, bacc: 11.00, tmp_test_f1: 0.35, f1: 5.89
epoch: 579, val_loss:2.509816, acc: 23.21, bacc: 11.00, tmp_test_f1: 0.36, f1: 5.89
epoch: 580, val_loss:2.506876, acc: 23.21, bacc: 11.00, tmp_test_f1: 0.39, f1: 5.89
epoch: 581, val_loss:2.504280, acc: 23.21, bacc: 11.00, tmp_test_f1: 0.39, f1: 5.89
epoch: 582, val_loss:2.503242, acc: 23.21, bacc: 11.00, tmp_test_f1: 0.39, f1: 5.89
epoch: 583, val_loss:2.503232, acc: 23.21, bacc: 11.00, tmp_test_f1: 0.36, f1: 5.89
epoch: 584, val_loss:2.503978, acc: 23.21, bacc: 11.00, tmp_test_f1: 0.35, f1: 5.89
epoch: 585, val_loss:2.505208, acc: 23.21, bacc: 11.00, tmp_test_f1: 0.35, f1: 5.89
epoch: 586, val_loss:2.506295, acc: 23.21, bacc: 11.00, tmp_test_f1: 0.34, f1: 5.89
epoch: 587, val_loss:2.508490, acc: 23.21, bacc: 11.00, tmp_test_f1: 0.34, f1: 5.89
epoch: 588, val_loss:2.509493, acc: 23.21, bacc: 11.00, tmp_test_f1: 0.34, f1: 5.89
epoch: 589, val_loss:2.510380, acc: 23.21, bacc: 11.00, tmp_test_f1: 0.34, f1: 5.89
epoch: 590, val_loss:2.511601, acc: 23.21, bacc: 11.00, tmp_test_f1: 0.34, f1: 5.89
epoch: 591, val_loss:2.512291, acc: 23.21, bacc: 11.00, tmp_test_f1: 0.34, f1: 5.89
epoch: 592, val_loss:2.512416, acc: 23.21, bacc: 11.00, tmp_test_f1: 0.35, f1: 5.89
epoch: 593, val_loss:2.512568, acc: 23.21, bacc: 11.00, tmp_test_f1: 0.35, f1: 5.89
epoch: 594, val_loss:2.512092, acc: 23.21, bacc: 11.00, tmp_test_f1: 0.35, f1: 5.89
epoch: 595, val_loss:2.510913, acc: 23.21, bacc: 11.00, tmp_test_f1: 0.36, f1: 5.89
epoch: 596, val_loss:2.509163, acc: 23.21, bacc: 11.00, tmp_test_f1: 0.39, f1: 5.89
epoch: 597, val_loss:2.507229, acc: 23.21, bacc: 11.00, tmp_test_f1: 0.39, f1: 5.89
epoch: 598, val_loss:2.505425, acc: 23.21, bacc: 11.00, tmp_test_f1: 0.39, f1: 5.89
epoch: 599, val_loss:2.505011, acc: 23.21, bacc: 11.00, tmp_test_f1: 0.36, f1: 5.89
epoch: 600, val_loss:2.504638, acc: 23.21, bacc: 11.00, tmp_test_f1: 0.35, f1: 5.89
epoch: 601, val_loss:2.504491, acc: 23.21, bacc: 11.00, tmp_test_f1: 0.35, f1: 5.89
epoch: 602, val_loss:2.504359, acc: 23.21, bacc: 11.00, tmp_test_f1: 0.35, f1: 5.89
Epoch 00603: reducing learning rate of group 0 to 1.2500e-02.
epoch: 603, val_loss:2.503928, acc: 23.21, bacc: 11.00, tmp_test_f1: 0.35, f1: 5.89
epoch: 604, val_loss:2.504758, acc: 23.21, bacc: 11.00, tmp_test_f1: 0.35, f1: 5.89
epoch: 605, val_loss:2.505097, acc: 23.21, bacc: 11.00, tmp_test_f1: 0.35, f1: 5.89
epoch: 606, val_loss:2.505376, acc: 23.21, bacc: 11.00, tmp_test_f1: 0.35, f1: 5.89
epoch: 607, val_loss:2.505676, acc: 23.21, bacc: 11.00, tmp_test_f1: 0.35, f1: 5.89
epoch: 608, val_loss:2.505589, acc: 23.21, bacc: 11.00, tmp_test_f1: 0.35, f1: 5.89
epoch: 609, val_loss:2.505807, acc: 23.21, bacc: 11.00, tmp_test_f1: 0.35, f1: 5.89
epoch: 610, val_loss:2.505767, acc: 23.21, bacc: 11.00, tmp_test_f1: 0.36, f1: 5.89
epoch: 611, val_loss:2.505834, acc: 23.21, bacc: 11.00, tmp_test_f1: 0.36, f1: 5.89
epoch: 612, val_loss:2.506037, acc: 23.21, bacc: 11.00, tmp_test_f1: 0.39, f1: 5.89
epoch: 613, val_loss:2.506167, acc: 23.21, bacc: 11.00, tmp_test_f1: 0.39, f1: 5.89
epoch: 614, val_loss:2.506149, acc: 23.21, bacc: 11.00, tmp_test_f1: 0.39, f1: 5.89
epoch: 615, val_loss:2.506681, acc: 23.21, bacc: 11.00, tmp_test_f1: 0.39, f1: 5.89
epoch: 616, val_loss:2.507344, acc: 23.21, bacc: 11.00, tmp_test_f1: 0.36, f1: 5.89
epoch: 617, val_loss:2.508505, acc: 23.21, bacc: 11.00, tmp_test_f1: 0.36, f1: 5.89
epoch: 618, val_loss:2.509785, acc: 23.21, bacc: 11.00, tmp_test_f1: 0.35, f1: 5.89
epoch: 619, val_loss:2.510935, acc: 23.21, bacc: 11.00, tmp_test_f1: 0.35, f1: 5.89
epoch: 620, val_loss:2.512165, acc: 23.21, bacc: 11.00, tmp_test_f1: 0.35, f1: 5.89
epoch: 621, val_loss:2.513220, acc: 23.21, bacc: 11.00, tmp_test_f1: 0.35, f1: 5.89
epoch: 622, val_loss:2.513935, acc: 23.21, bacc: 11.00, tmp_test_f1: 0.35, f1: 5.89
epoch: 623, val_loss:2.514102, acc: 23.21, bacc: 11.00, tmp_test_f1: 0.35, f1: 5.89
epoch: 624, val_loss:2.513709, acc: 23.21, bacc: 11.00, tmp_test_f1: 0.35, f1: 5.89
epoch: 625, val_loss:2.512936, acc: 23.21, bacc: 11.00, tmp_test_f1: 0.35, f1: 5.89
epoch: 626, val_loss:2.511954, acc: 23.21, bacc: 11.00, tmp_test_f1: 0.35, f1: 5.89
epoch: 627, val_loss:2.510858, acc: 23.21, bacc: 11.00, tmp_test_f1: 0.35, f1: 5.89
epoch: 628, val_loss:2.510196, acc: 23.21, bacc: 11.00, tmp_test_f1: 0.35, f1: 5.89
epoch: 629, val_loss:2.509266, acc: 23.21, bacc: 11.00, tmp_test_f1: 0.35, f1: 5.89
epoch: 630, val_loss:2.508380, acc: 23.21, bacc: 11.00, tmp_test_f1: 0.35, f1: 5.89
epoch: 631, val_loss:2.507061, acc: 23.21, bacc: 11.00, tmp_test_f1: 0.35, f1: 5.89
epoch: 632, val_loss:2.505918, acc: 23.21, bacc: 11.00, tmp_test_f1: 0.35, f1: 5.89
epoch: 633, val_loss:2.505150, acc: 23.21, bacc: 11.00, tmp_test_f1: 0.35, f1: 5.89
epoch: 634, val_loss:2.504726, acc: 23.21, bacc: 11.00, tmp_test_f1: 0.35, f1: 5.89
epoch: 635, val_loss:2.504190, acc: 23.21, bacc: 11.00, tmp_test_f1: 0.35, f1: 5.89
epoch: 636, val_loss:2.503657, acc: 23.21, bacc: 11.00, tmp_test_f1: 0.35, f1: 5.89
epoch: 637, val_loss:2.503474, acc: 23.21, bacc: 11.00, tmp_test_f1: 0.35, f1: 5.89
epoch: 638, val_loss:2.503794, acc: 23.21, bacc: 11.00, tmp_test_f1: 0.35, f1: 5.89
epoch: 639, val_loss:2.504321, acc: 23.21, bacc: 11.00, tmp_test_f1: 0.35, f1: 5.89
epoch: 640, val_loss:2.504902, acc: 23.21, bacc: 11.00, tmp_test_f1: 0.35, f1: 5.89
epoch: 641, val_loss:2.505031, acc: 23.21, bacc: 11.00, tmp_test_f1: 0.35, f1: 5.89
epoch: 642, val_loss:2.505067, acc: 23.21, bacc: 11.00, tmp_test_f1: 0.35, f1: 5.89
epoch: 643, val_loss:2.505180, acc: 23.21, bacc: 11.00, tmp_test_f1: 0.35, f1: 5.89
epoch: 644, val_loss:2.505560, acc: 23.21, bacc: 11.00, tmp_test_f1: 0.35, f1: 5.89
epoch: 645, val_loss:2.505673, acc: 23.21, bacc: 11.00, tmp_test_f1: 0.35, f1: 5.89
epoch: 646, val_loss:2.505488, acc: 23.21, bacc: 11.00, tmp_test_f1: 0.36, f1: 5.89
epoch: 647, val_loss:2.505387, acc: 23.21, bacc: 11.00, tmp_test_f1: 0.36, f1: 5.89
epoch: 648, val_loss:2.505312, acc: 23.21, bacc: 11.00, tmp_test_f1: 0.39, f1: 5.89
epoch: 649, val_loss:2.505298, acc: 23.21, bacc: 11.00, tmp_test_f1: 0.39, f1: 5.89
epoch: 650, val_loss:2.505729, acc: 23.21, bacc: 11.00, tmp_test_f1: 0.39, f1: 5.89
epoch: 651, val_loss:2.506847, acc: 23.21, bacc: 11.00, tmp_test_f1: 0.39, f1: 5.89
epoch: 652, val_loss:2.508074, acc: 23.21, bacc: 11.00, tmp_test_f1: 0.38, f1: 5.89
epoch: 653, val_loss:2.509023, acc: 23.21, bacc: 11.00, tmp_test_f1: 0.36, f1: 5.89
epoch: 654, val_loss:2.510234, acc: 23.21, bacc: 11.00, tmp_test_f1: 0.36, f1: 5.89
epoch: 655, val_loss:2.510962, acc: 23.21, bacc: 11.00, tmp_test_f1: 0.36, f1: 5.89
epoch: 656, val_loss:2.511991, acc: 23.21, bacc: 11.00, tmp_test_f1: 0.36, f1: 5.89
epoch: 657, val_loss:2.512510, acc: 23.21, bacc: 11.00, tmp_test_f1: 0.36, f1: 5.89
epoch: 658, val_loss:2.512691, acc: 23.21, bacc: 11.00, tmp_test_f1: 0.36, f1: 5.89
epoch: 659, val_loss:2.512233, acc: 23.21, bacc: 11.00, tmp_test_f1: 0.36, f1: 5.89
epoch: 660, val_loss:2.511351, acc: 23.21, bacc: 11.00, tmp_test_f1: 0.36, f1: 5.89
epoch: 661, val_loss:2.510556, acc: 23.21, bacc: 11.00, tmp_test_f1: 0.36, f1: 5.89
epoch: 662, val_loss:2.509610, acc: 23.21, bacc: 11.00, tmp_test_f1: 0.38, f1: 5.89
epoch: 663, val_loss:2.508490, acc: 23.21, bacc: 11.00, tmp_test_f1: 0.36, f1: 5.89
epoch: 664, val_loss:2.507677, acc: 23.21, bacc: 11.00, tmp_test_f1: 0.36, f1: 5.89
epoch: 665, val_loss:2.507293, acc: 23.21, bacc: 11.00, tmp_test_f1: 0.35, f1: 5.89
epoch: 666, val_loss:2.507454, acc: 23.21, bacc: 11.00, tmp_test_f1: 0.35, f1: 5.89
epoch: 667, val_loss:2.507566, acc: 23.21, bacc: 11.00, tmp_test_f1: 0.35, f1: 5.89
epoch: 668, val_loss:2.507737, acc: 23.21, bacc: 11.00, tmp_test_f1: 0.35, f1: 5.89
epoch: 669, val_loss:2.507909, acc: 23.21, bacc: 11.00, tmp_test_f1: 0.35, f1: 5.89
epoch: 670, val_loss:2.508103, acc: 23.21, bacc: 11.00, tmp_test_f1: 0.35, f1: 5.89
epoch: 671, val_loss:2.508157, acc: 23.21, bacc: 11.00, tmp_test_f1: 0.35, f1: 5.89
epoch: 672, val_loss:2.508177, acc: 23.21, bacc: 11.00, tmp_test_f1: 0.35, f1: 5.89
epoch: 673, val_loss:2.508063, acc: 23.21, bacc: 11.00, tmp_test_f1: 0.35, f1: 5.89
epoch: 674, val_loss:2.508252, acc: 23.21, bacc: 11.00, tmp_test_f1: 0.35, f1: 5.89
epoch: 675, val_loss:2.508492, acc: 23.21, bacc: 11.00, tmp_test_f1: 0.35, f1: 5.89
epoch: 676, val_loss:2.508878, acc: 23.21, bacc: 11.00, tmp_test_f1: 0.35, f1: 5.89
epoch: 677, val_loss:2.508976, acc: 23.21, bacc: 11.00, tmp_test_f1: 0.35, f1: 5.89
epoch: 678, val_loss:2.509196, acc: 23.21, bacc: 11.00, tmp_test_f1: 0.36, f1: 5.89
epoch: 679, val_loss:2.509288, acc: 23.21, bacc: 11.00, tmp_test_f1: 0.38, f1: 5.89
epoch: 680, val_loss:2.509436, acc: 23.21, bacc: 11.00, tmp_test_f1: 0.39, f1: 5.89
epoch: 681, val_loss:2.509664, acc: 23.21, bacc: 11.00, tmp_test_f1: 0.39, f1: 5.89
epoch: 682, val_loss:2.509282, acc: 23.21, bacc: 11.00, tmp_test_f1: 0.40, f1: 5.89
epoch: 683, val_loss:2.508969, acc: 23.21, bacc: 11.00, tmp_test_f1: 0.41, f1: 5.89
epoch: 684, val_loss:2.508892, acc: 23.21, bacc: 11.00, tmp_test_f1: 0.41, f1: 5.89
epoch: 685, val_loss:2.508298, acc: 23.21, bacc: 11.00, tmp_test_f1: 0.40, f1: 5.89
epoch: 686, val_loss:2.507833, acc: 23.21, bacc: 11.00, tmp_test_f1: 0.39, f1: 5.89
epoch: 687, val_loss:2.507995, acc: 23.21, bacc: 11.00, tmp_test_f1: 0.39, f1: 5.89
epoch: 688, val_loss:2.508522, acc: 23.21, bacc: 11.00, tmp_test_f1: 0.39, f1: 5.89
epoch: 689, val_loss:2.509536, acc: 23.21, bacc: 11.00, tmp_test_f1: 0.36, f1: 5.89
epoch: 690, val_loss:2.510993, acc: 23.21, bacc: 11.00, tmp_test_f1: 0.35, f1: 5.89
epoch: 691, val_loss:2.512412, acc: 23.21, bacc: 11.00, tmp_test_f1: 0.35, f1: 5.89
epoch: 692, val_loss:2.513069, acc: 23.21, bacc: 11.00, tmp_test_f1: 0.35, f1: 5.89
epoch: 693, val_loss:2.513175, acc: 23.21, bacc: 11.00, tmp_test_f1: 0.35, f1: 5.89
epoch: 694, val_loss:2.513206, acc: 23.21, bacc: 11.00, tmp_test_f1: 0.35, f1: 5.89
epoch: 695, val_loss:2.513594, acc: 23.21, bacc: 11.00, tmp_test_f1: 0.35, f1: 5.89
epoch: 696, val_loss:2.513244, acc: 23.21, bacc: 11.00, tmp_test_f1: 0.35, f1: 5.89
epoch: 697, val_loss:2.512379, acc: 23.21, bacc: 11.00, tmp_test_f1: 0.35, f1: 5.89
epoch: 698, val_loss:2.511447, acc: 23.21, bacc: 11.00, tmp_test_f1: 0.36, f1: 5.89
epoch: 699, val_loss:2.510209, acc: 23.21, bacc: 11.00, tmp_test_f1: 0.36, f1: 5.89
epoch: 700, val_loss:2.508905, acc: 23.21, bacc: 11.00, tmp_test_f1: 0.36, f1: 5.89
epoch: 701, val_loss:2.507561, acc: 23.21, bacc: 11.00, tmp_test_f1: 0.38, f1: 5.89
epoch: 702, val_loss:2.506275, acc: 23.21, bacc: 11.00, tmp_test_f1: 0.38, f1: 5.89
epoch: 703, val_loss:2.505825, acc: 23.21, bacc: 11.00, tmp_test_f1: 0.38, f1: 5.89
epoch: 704, val_loss:2.505076, acc: 23.21, bacc: 11.00, tmp_test_f1: 0.39, f1: 5.89
epoch: 705, val_loss:2.504087, acc: 23.21, bacc: 11.00, tmp_test_f1: 0.39, f1: 5.89
epoch: 706, val_loss:2.503548, acc: 23.21, bacc: 11.00, tmp_test_f1: 0.39, f1: 5.89
epoch: 707, val_loss:2.503585, acc: 23.21, bacc: 11.00, tmp_test_f1: 0.39, f1: 5.89
epoch: 708, val_loss:2.504139, acc: 23.21, bacc: 11.00, tmp_test_f1: 0.39, f1: 5.89
epoch: 709, val_loss:2.504967, acc: 23.21, bacc: 11.00, tmp_test_f1: 0.39, f1: 5.89
epoch: 710, val_loss:2.505042, acc: 23.21, bacc: 11.00, tmp_test_f1: 0.39, f1: 5.89
epoch: 711, val_loss:2.505094, acc: 23.21, bacc: 11.00, tmp_test_f1: 0.39, f1: 5.89
epoch: 712, val_loss:2.506212, acc: 23.21, bacc: 11.00, tmp_test_f1: 0.39, f1: 5.89
epoch: 713, val_loss:2.507449, acc: 23.21, bacc: 11.00, tmp_test_f1: 0.39, f1: 5.89
epoch: 714, val_loss:2.509000, acc: 23.21, bacc: 11.00, tmp_test_f1: 0.39, f1: 5.89
epoch: 715, val_loss:2.510408, acc: 23.21, bacc: 11.00, tmp_test_f1: 0.38, f1: 5.89
epoch: 716, val_loss:2.511515, acc: 23.21, bacc: 11.00, tmp_test_f1: 0.36, f1: 5.89
epoch: 717, val_loss:2.512823, acc: 23.21, bacc: 11.00, tmp_test_f1: 0.36, f1: 5.89
epoch: 718, val_loss:2.513977, acc: 23.21, bacc: 11.00, tmp_test_f1: 0.36, f1: 5.89
epoch: 719, val_loss:2.514887, acc: 23.21, bacc: 11.00, tmp_test_f1: 0.35, f1: 5.89
epoch: 720, val_loss:2.515687, acc: 23.21, bacc: 11.00, tmp_test_f1: 0.35, f1: 5.89
epoch: 721, val_loss:2.516248, acc: 23.21, bacc: 11.00, tmp_test_f1: 0.35, f1: 5.89
epoch: 722, val_loss:2.516618, acc: 23.21, bacc: 11.00, tmp_test_f1: 0.35, f1: 5.89
epoch: 723, val_loss:2.516322, acc: 23.21, bacc: 11.00, tmp_test_f1: 0.35, f1: 5.89
epoch: 724, val_loss:2.515723, acc: 23.21, bacc: 11.00, tmp_test_f1: 0.36, f1: 5.89
epoch: 725, val_loss:2.515078, acc: 23.21, bacc: 11.00, tmp_test_f1: 0.36, f1: 5.89
epoch: 726, val_loss:2.513787, acc: 23.21, bacc: 11.00, tmp_test_f1: 0.36, f1: 5.89
epoch: 727, val_loss:2.511890, acc: 23.21, bacc: 11.00, tmp_test_f1: 0.38, f1: 5.89
epoch: 728, val_loss:2.509742, acc: 23.21, bacc: 11.00, tmp_test_f1: 0.39, f1: 5.89
epoch: 729, val_loss:2.507985, acc: 23.21, bacc: 11.00, tmp_test_f1: 0.39, f1: 5.89
epoch: 730, val_loss:2.506703, acc: 23.21, bacc: 11.00, tmp_test_f1: 0.39, f1: 5.89
epoch: 731, val_loss:2.505944, acc: 23.21, bacc: 11.00, tmp_test_f1: 0.39, f1: 5.89
epoch: 732, val_loss:2.506119, acc: 23.21, bacc: 11.00, tmp_test_f1: 0.39, f1: 5.89
epoch: 733, val_loss:2.506634, acc: 23.21, bacc: 11.00, tmp_test_f1: 0.39, f1: 5.89
epoch: 734, val_loss:2.507324, acc: 23.21, bacc: 11.00, tmp_test_f1: 0.39, f1: 5.89
epoch: 735, val_loss:2.508543, acc: 23.21, bacc: 11.00, tmp_test_f1: 0.36, f1: 5.89
epoch: 736, val_loss:2.509671, acc: 23.21, bacc: 11.00, tmp_test_f1: 0.36, f1: 5.89
epoch: 737, val_loss:2.511119, acc: 23.21, bacc: 11.00, tmp_test_f1: 0.36, f1: 5.89
epoch: 738, val_loss:2.512598, acc: 23.21, bacc: 11.00, tmp_test_f1: 0.35, f1: 5.89
epoch: 739, val_loss:2.513475, acc: 23.21, bacc: 11.00, tmp_test_f1: 0.36, f1: 5.89
epoch: 740, val_loss:2.514058, acc: 23.21, bacc: 11.00, tmp_test_f1: 0.36, f1: 5.89
epoch: 741, val_loss:2.514832, acc: 23.21, bacc: 11.00, tmp_test_f1: 0.36, f1: 5.89
epoch: 742, val_loss:2.515592, acc: 23.21, bacc: 11.00, tmp_test_f1: 0.36, f1: 5.89
epoch: 743, val_loss:2.516006, acc: 23.21, bacc: 11.00, tmp_test_f1: 0.38, f1: 5.89
epoch: 744, val_loss:2.516726, acc: 23.21, bacc: 11.00, tmp_test_f1: 0.38, f1: 5.89
epoch: 745, val_loss:2.516807, acc: 23.21, bacc: 11.00, tmp_test_f1: 0.38, f1: 5.89
epoch: 746, val_loss:2.517007, acc: 23.21, bacc: 11.00, tmp_test_f1: 0.38, f1: 5.89
epoch: 747, val_loss:2.516669, acc: 23.21, bacc: 11.00, tmp_test_f1: 0.39, f1: 5.89
epoch: 748, val_loss:2.515865, acc: 23.21, bacc: 11.00, tmp_test_f1: 0.39, f1: 5.89
epoch: 749, val_loss:2.514673, acc: 23.21, bacc: 11.00, tmp_test_f1: 0.39, f1: 5.89
epoch: 750, val_loss:2.513659, acc: 23.21, bacc: 11.00, tmp_test_f1: 0.39, f1: 5.89
epoch: 751, val_loss:2.512258, acc: 23.21, bacc: 11.00, tmp_test_f1: 0.39, f1: 5.89
epoch: 752, val_loss:2.510846, acc: 23.21, bacc: 11.00, tmp_test_f1: 0.38, f1: 5.89
epoch: 753, val_loss:2.509803, acc: 23.21, bacc: 11.00, tmp_test_f1: 0.39, f1: 5.89
epoch: 754, val_loss:2.508395, acc: 23.21, bacc: 11.00, tmp_test_f1: 0.39, f1: 5.89
epoch: 755, val_loss:2.507271, acc: 23.21, bacc: 11.00, tmp_test_f1: 0.39, f1: 5.89
epoch: 756, val_loss:2.506238, acc: 23.21, bacc: 11.00, tmp_test_f1: 0.39, f1: 5.89
epoch: 757, val_loss:2.505506, acc: 23.21, bacc: 11.00, tmp_test_f1: 0.39, f1: 5.89
epoch: 758, val_loss:2.505364, acc: 23.21, bacc: 11.00, tmp_test_f1: 0.39, f1: 5.89
epoch: 759, val_loss:2.505947, acc: 23.21, bacc: 11.00, tmp_test_f1: 0.39, f1: 5.89
epoch: 760, val_loss:2.506750, acc: 23.21, bacc: 11.00, tmp_test_f1: 0.39, f1: 5.89
epoch: 761, val_loss:2.507686, acc: 23.21, bacc: 11.00, tmp_test_f1: 0.39, f1: 5.89
epoch: 762, val_loss:2.508429, acc: 23.21, bacc: 11.00, tmp_test_f1: 0.38, f1: 5.89
epoch: 763, val_loss:2.509691, acc: 23.21, bacc: 11.00, tmp_test_f1: 0.36, f1: 5.89
epoch: 764, val_loss:2.510391, acc: 23.21, bacc: 11.00, tmp_test_f1: 0.36, f1: 5.89
epoch: 765, val_loss:2.511091, acc: 23.21, bacc: 11.00, tmp_test_f1: 0.36, f1: 5.89
epoch: 766, val_loss:2.511963, acc: 23.21, bacc: 11.00, tmp_test_f1: 0.36, f1: 5.89
epoch: 767, val_loss:2.512711, acc: 23.21, bacc: 11.00, tmp_test_f1: 0.38, f1: 5.89
epoch: 768, val_loss:2.513338, acc: 23.21, bacc: 11.00, tmp_test_f1: 0.39, f1: 5.89
epoch: 769, val_loss:2.513328, acc: 23.21, bacc: 11.00, tmp_test_f1: 0.39, f1: 5.89
epoch: 770, val_loss:2.513107, acc: 23.21, bacc: 11.00, tmp_test_f1: 0.39, f1: 5.89
epoch: 771, val_loss:2.513327, acc: 23.21, bacc: 11.00, tmp_test_f1: 0.39, f1: 5.89
epoch: 772, val_loss:2.513286, acc: 23.21, bacc: 11.00, tmp_test_f1: 0.39, f1: 5.89
epoch: 773, val_loss:2.512814, acc: 23.21, bacc: 11.00, tmp_test_f1: 0.39, f1: 5.89
epoch: 774, val_loss:2.512155, acc: 23.21, bacc: 11.00, tmp_test_f1: 0.39, f1: 5.89
epoch: 775, val_loss:2.511488, acc: 23.21, bacc: 11.00, tmp_test_f1: 0.39, f1: 5.89
epoch: 776, val_loss:2.510514, acc: 23.21, bacc: 11.00, tmp_test_f1: 0.38, f1: 5.89
epoch: 777, val_loss:2.510034, acc: 23.21, bacc: 11.00, tmp_test_f1: 0.36, f1: 5.89
epoch: 778, val_loss:2.509347, acc: 23.21, bacc: 11.00, tmp_test_f1: 0.36, f1: 5.89
epoch: 779, val_loss:2.509211, acc: 23.21, bacc: 11.00, tmp_test_f1: 0.36, f1: 5.89
epoch: 780, val_loss:2.509229, acc: 23.21, bacc: 11.00, tmp_test_f1: 0.36, f1: 5.89
epoch: 781, val_loss:2.509842, acc: 23.21, bacc: 11.00, tmp_test_f1: 0.36, f1: 5.89
epoch: 782, val_loss:2.510472, acc: 23.21, bacc: 11.00, tmp_test_f1: 0.36, f1: 5.89
epoch: 783, val_loss:2.510374, acc: 23.21, bacc: 11.00, tmp_test_f1: 0.36, f1: 5.89
epoch: 784, val_loss:2.509910, acc: 23.21, bacc: 11.00, tmp_test_f1: 0.36, f1: 5.89
epoch: 785, val_loss:2.509770, acc: 23.21, bacc: 11.00, tmp_test_f1: 0.36, f1: 5.89
epoch: 786, val_loss:2.509299, acc: 23.21, bacc: 11.00, tmp_test_f1: 0.36, f1: 5.89
epoch: 787, val_loss:2.508799, acc: 23.21, bacc: 11.00, tmp_test_f1: 0.36, f1: 5.89
epoch: 788, val_loss:2.508941, acc: 23.21, bacc: 11.00, tmp_test_f1: 0.36, f1: 5.89
epoch: 789, val_loss:2.509401, acc: 23.21, bacc: 11.00, tmp_test_f1: 0.36, f1: 5.89
epoch: 790, val_loss:2.509871, acc: 23.21, bacc: 11.00, tmp_test_f1: 0.35, f1: 5.89
epoch: 791, val_loss:2.510264, acc: 23.21, bacc: 11.00, tmp_test_f1: 0.35, f1: 5.89
epoch: 792, val_loss:2.510605, acc: 23.21, bacc: 11.00, tmp_test_f1: 0.35, f1: 5.89
epoch: 793, val_loss:2.510994, acc: 23.21, bacc: 11.00, tmp_test_f1: 0.35, f1: 5.89
epoch: 794, val_loss:2.511943, acc: 23.21, bacc: 11.00, tmp_test_f1: 0.35, f1: 5.89
epoch: 795, val_loss:2.513090, acc: 23.21, bacc: 11.00, tmp_test_f1: 0.35, f1: 5.89
epoch: 796, val_loss:2.513751, acc: 23.21, bacc: 11.00, tmp_test_f1: 0.35, f1: 5.89
epoch: 797, val_loss:2.514344, acc: 23.21, bacc: 11.00, tmp_test_f1: 0.35, f1: 5.89
epoch: 798, val_loss:2.514345, acc: 23.21, bacc: 11.00, tmp_test_f1: 0.36, f1: 5.89
epoch: 799, val_loss:2.513422, acc: 23.21, bacc: 11.00, tmp_test_f1: 0.36, f1: 5.89
epoch: 800, val_loss:2.512336, acc: 23.21, bacc: 11.00, tmp_test_f1: 0.38, f1: 5.89
epoch: 801, val_loss:2.510784, acc: 23.21, bacc: 11.00, tmp_test_f1: 0.39, f1: 5.89
epoch: 802, val_loss:2.509537, acc: 23.21, bacc: 11.00, tmp_test_f1: 0.39, f1: 5.89
epoch: 803, val_loss:2.508464, acc: 23.21, bacc: 11.00, tmp_test_f1: 0.39, f1: 5.89
APPNP Amazon-Computers 100 Aug 21 EndEpoch 803 lr 0.1
SHAsplit  0, acc: 23.21, bacc: 11.00, f1: 5.89
