CUDA Device Index: 2
Namespace(IsDirectedData=False, AugDirect=23, net='APPNP', GPUdevice=2, seed=100, undirect_dataset='Amazon-Computers', Direct_dataset='WikipediaNetwork/squirrel', imb_ratio=100, dropout=0.1, num_filter=2, layer=2, alpha=0.1, K=2, feat_dim=64, warmup=5, epoch=1500, lr=0.1, l2=0.0005, tau=2, max=False, no_mask=False, gdc='ppr', heads=8, log_root='../logs/', log_path='test', data_path='../dataset/data/tmp/')
APPNP_ModelBen(
  (line1): Linear(in_features=767, out_features=2, bias=True)
  (line2): Linear(in_features=2, out_features=2, bias=True)
  (conv1): APPNP(K=10, alpha=0.1)
  (conv2): APPNP(K=10, alpha=0.1)
  (Conv): Conv1d(2, 10, kernel_size=(1,), stride=(1,))
)
test_f1 CountNotImproved reset to 0 in epoch 0
epoch:   0, val_loss:2.390158, acc: 3.11, bacc: 10.03, tmp_test_f1: 0.66, f1: 0.66
test_f1 CountNotImproved reset to 0 in epoch 1
epoch:   1, val_loss:2.398376, acc: 20.18, bacc: 10.66, tmp_test_f1: 4.83, f1: 4.83
test_f1 CountNotImproved reset to 0 in epoch 2
epoch:   2, val_loss:2.442399, acc: 23.21, bacc: 11.00, tmp_test_f1: 5.89, f1: 5.89
epoch:   3, val_loss:2.520634, acc: 23.21, bacc: 11.00, tmp_test_f1: 3.10, f1: 5.89
epoch:   4, val_loss:2.635915, acc: 23.21, bacc: 11.00, tmp_test_f1: 3.19, f1: 5.89
epoch:   5, val_loss:2.795862, acc: 23.21, bacc: 11.00, tmp_test_f1: 3.19, f1: 5.89
epoch:   6, val_loss:2.941254, acc: 23.21, bacc: 11.00, tmp_test_f1: 2.79, f1: 5.89
epoch:   7, val_loss:2.904988, acc: 23.21, bacc: 11.00, tmp_test_f1: 2.31, f1: 5.89
epoch:   8, val_loss:2.809768, acc: 23.21, bacc: 11.00, tmp_test_f1: 1.43, f1: 5.89
epoch:   9, val_loss:2.708992, acc: 23.21, bacc: 11.00, tmp_test_f1: 0.17, f1: 5.89
epoch:  10, val_loss:2.616634, acc: 23.21, bacc: 11.00, tmp_test_f1: 0.17, f1: 5.89
epoch:  11, val_loss:2.546451, acc: 23.21, bacc: 11.00, tmp_test_f1: 0.17, f1: 5.89
epoch:  12, val_loss:2.501126, acc: 23.21, bacc: 11.00, tmp_test_f1: 0.17, f1: 5.89
epoch:  13, val_loss:2.475944, acc: 23.21, bacc: 11.00, tmp_test_f1: 0.17, f1: 5.89
epoch:  14, val_loss:2.459713, acc: 23.21, bacc: 11.00, tmp_test_f1: 0.17, f1: 5.89
epoch:  15, val_loss:2.455572, acc: 23.21, bacc: 11.00, tmp_test_f1: 0.17, f1: 5.89
epoch:  16, val_loss:2.455900, acc: 23.21, bacc: 11.00, tmp_test_f1: 0.17, f1: 5.89
epoch:  17, val_loss:2.458743, acc: 23.21, bacc: 11.00, tmp_test_f1: 0.17, f1: 5.89
epoch:  18, val_loss:2.462974, acc: 23.21, bacc: 11.00, tmp_test_f1: 0.17, f1: 5.89
epoch:  19, val_loss:2.467710, acc: 23.21, bacc: 11.00, tmp_test_f1: 0.17, f1: 5.89
epoch:  20, val_loss:2.472246, acc: 23.21, bacc: 11.00, tmp_test_f1: 0.17, f1: 5.89
epoch:  21, val_loss:2.476053, acc: 23.21, bacc: 11.00, tmp_test_f1: 0.17, f1: 5.89
epoch:  22, val_loss:2.478787, acc: 23.21, bacc: 11.00, tmp_test_f1: 0.17, f1: 5.89
epoch:  23, val_loss:2.480260, acc: 23.21, bacc: 11.00, tmp_test_f1: 0.17, f1: 5.89
epoch:  24, val_loss:2.480443, acc: 23.21, bacc: 11.00, tmp_test_f1: 0.17, f1: 5.89
epoch:  25, val_loss:2.479402, acc: 23.21, bacc: 11.00, tmp_test_f1: 0.17, f1: 5.89
epoch:  26, val_loss:2.477314, acc: 23.21, bacc: 11.00, tmp_test_f1: 0.17, f1: 5.89
epoch:  27, val_loss:2.474366, acc: 23.21, bacc: 11.00, tmp_test_f1: 0.17, f1: 5.89
epoch:  28, val_loss:2.470827, acc: 23.21, bacc: 11.00, tmp_test_f1: 0.17, f1: 5.89
epoch:  29, val_loss:2.466894, acc: 23.21, bacc: 11.00, tmp_test_f1: 0.17, f1: 5.89
epoch:  30, val_loss:2.462793, acc: 23.21, bacc: 11.00, tmp_test_f1: 0.17, f1: 5.89
epoch:  31, val_loss:2.458537, acc: 23.21, bacc: 11.00, tmp_test_f1: 0.17, f1: 5.89
epoch:  32, val_loss:2.454353, acc: 23.21, bacc: 11.00, tmp_test_f1: 0.17, f1: 5.89
epoch:  33, val_loss:2.450362, acc: 23.21, bacc: 11.00, tmp_test_f1: 0.17, f1: 5.89
epoch:  34, val_loss:2.446523, acc: 23.21, bacc: 11.00, tmp_test_f1: 0.17, f1: 5.89
epoch:  35, val_loss:2.443162, acc: 23.21, bacc: 11.00, tmp_test_f1: 0.17, f1: 5.89
epoch:  36, val_loss:2.440229, acc: 23.21, bacc: 11.00, tmp_test_f1: 0.17, f1: 5.89
epoch:  37, val_loss:2.437871, acc: 23.21, bacc: 11.00, tmp_test_f1: 0.17, f1: 5.89
epoch:  38, val_loss:2.436034, acc: 23.21, bacc: 11.00, tmp_test_f1: 0.17, f1: 5.89
epoch:  39, val_loss:2.434831, acc: 23.21, bacc: 11.00, tmp_test_f1: 0.17, f1: 5.89
epoch:  40, val_loss:2.434323, acc: 23.21, bacc: 11.00, tmp_test_f1: 0.17, f1: 5.89
epoch:  41, val_loss:2.434464, acc: 23.21, bacc: 11.00, tmp_test_f1: 0.17, f1: 5.89
epoch:  42, val_loss:2.435264, acc: 23.21, bacc: 11.00, tmp_test_f1: 0.17, f1: 5.89
epoch:  43, val_loss:2.436456, acc: 23.21, bacc: 11.00, tmp_test_f1: 0.17, f1: 5.89
epoch:  44, val_loss:2.437909, acc: 23.21, bacc: 11.00, tmp_test_f1: 0.17, f1: 5.89
epoch:  45, val_loss:2.439738, acc: 23.21, bacc: 11.00, tmp_test_f1: 0.17, f1: 5.89
epoch:  46, val_loss:2.441798, acc: 23.21, bacc: 11.00, tmp_test_f1: 0.17, f1: 5.89
epoch:  47, val_loss:2.443834, acc: 23.21, bacc: 11.00, tmp_test_f1: 0.17, f1: 5.89
epoch:  48, val_loss:2.445793, acc: 23.21, bacc: 11.00, tmp_test_f1: 0.17, f1: 5.89
epoch:  49, val_loss:2.447482, acc: 23.21, bacc: 11.00, tmp_test_f1: 0.17, f1: 5.89
epoch:  50, val_loss:2.448497, acc: 23.21, bacc: 11.00, tmp_test_f1: 0.17, f1: 5.89
epoch:  51, val_loss:2.449004, acc: 23.21, bacc: 11.00, tmp_test_f1: 0.17, f1: 5.89
epoch:  52, val_loss:2.448763, acc: 23.21, bacc: 11.00, tmp_test_f1: 0.17, f1: 5.89
epoch:  53, val_loss:2.447977, acc: 23.21, bacc: 11.00, tmp_test_f1: 0.17, f1: 5.89
epoch:  54, val_loss:2.446792, acc: 23.21, bacc: 11.00, tmp_test_f1: 0.17, f1: 5.89
epoch:  55, val_loss:2.445374, acc: 23.21, bacc: 11.00, tmp_test_f1: 0.19, f1: 5.89
epoch:  56, val_loss:2.443515, acc: 23.21, bacc: 11.00, tmp_test_f1: 0.21, f1: 5.89
epoch:  57, val_loss:2.441726, acc: 23.21, bacc: 11.00, tmp_test_f1: 0.21, f1: 5.89
epoch:  58, val_loss:2.440468, acc: 23.21, bacc: 11.00, tmp_test_f1: 0.21, f1: 5.89
epoch:  59, val_loss:2.440295, acc: 23.21, bacc: 11.00, tmp_test_f1: 0.21, f1: 5.89
epoch:  60, val_loss:2.441031, acc: 23.21, bacc: 11.00, tmp_test_f1: 0.21, f1: 5.89
epoch:  61, val_loss:2.442866, acc: 23.21, bacc: 11.00, tmp_test_f1: 0.21, f1: 5.89
epoch:  62, val_loss:2.445621, acc: 23.21, bacc: 11.00, tmp_test_f1: 0.21, f1: 5.89
epoch:  63, val_loss:2.448684, acc: 23.21, bacc: 11.00, tmp_test_f1: 0.21, f1: 5.89
epoch:  64, val_loss:2.452324, acc: 23.21, bacc: 11.00, tmp_test_f1: 0.21, f1: 5.89
epoch:  65, val_loss:2.455874, acc: 23.21, bacc: 11.00, tmp_test_f1: 0.21, f1: 5.89
epoch:  66, val_loss:2.459476, acc: 23.21, bacc: 11.00, tmp_test_f1: 0.21, f1: 5.89
epoch:  67, val_loss:2.462578, acc: 23.21, bacc: 11.00, tmp_test_f1: 0.22, f1: 5.89
epoch:  68, val_loss:2.465441, acc: 23.21, bacc: 11.00, tmp_test_f1: 0.25, f1: 5.89
epoch:  69, val_loss:2.467180, acc: 23.21, bacc: 11.00, tmp_test_f1: 0.27, f1: 5.89
epoch:  70, val_loss:2.468553, acc: 23.21, bacc: 11.00, tmp_test_f1: 0.27, f1: 5.89
epoch:  71, val_loss:2.469127, acc: 23.21, bacc: 11.00, tmp_test_f1: 0.27, f1: 5.89
epoch:  72, val_loss:2.468494, acc: 23.21, bacc: 11.00, tmp_test_f1: 0.31, f1: 5.89
epoch:  73, val_loss:2.468209, acc: 23.21, bacc: 11.00, tmp_test_f1: 0.31, f1: 5.89
epoch:  74, val_loss:2.468740, acc: 23.21, bacc: 11.00, tmp_test_f1: 0.33, f1: 5.89
epoch:  75, val_loss:2.470109, acc: 23.21, bacc: 11.00, tmp_test_f1: 0.33, f1: 5.89
epoch:  76, val_loss:2.471936, acc: 23.21, bacc: 11.00, tmp_test_f1: 0.33, f1: 5.89
epoch:  77, val_loss:2.473057, acc: 23.21, bacc: 11.00, tmp_test_f1: 0.34, f1: 5.89
epoch:  78, val_loss:2.475015, acc: 23.21, bacc: 11.00, tmp_test_f1: 0.34, f1: 5.89
epoch:  79, val_loss:2.477301, acc: 23.21, bacc: 11.00, tmp_test_f1: 0.34, f1: 5.89
epoch:  80, val_loss:2.479147, acc: 23.21, bacc: 11.00, tmp_test_f1: 0.35, f1: 5.89
epoch:  81, val_loss:2.481332, acc: 23.21, bacc: 11.00, tmp_test_f1: 0.35, f1: 5.89
epoch:  82, val_loss:2.482438, acc: 23.21, bacc: 11.00, tmp_test_f1: 0.37, f1: 5.89
epoch:  83, val_loss:2.482424, acc: 23.21, bacc: 11.00, tmp_test_f1: 0.38, f1: 5.89
epoch:  84, val_loss:2.482185, acc: 23.21, bacc: 11.00, tmp_test_f1: 0.40, f1: 5.89
epoch:  85, val_loss:2.482820, acc: 23.21, bacc: 11.00, tmp_test_f1: 0.41, f1: 5.89
epoch:  86, val_loss:2.484796, acc: 23.21, bacc: 11.00, tmp_test_f1: 0.42, f1: 5.89
epoch:  87, val_loss:2.486383, acc: 23.21, bacc: 11.00, tmp_test_f1: 0.44, f1: 5.89
epoch:  88, val_loss:2.487509, acc: 23.21, bacc: 11.00, tmp_test_f1: 0.46, f1: 5.89
epoch:  89, val_loss:2.487734, acc: 23.21, bacc: 11.00, tmp_test_f1: 0.46, f1: 5.89
epoch:  90, val_loss:2.488483, acc: 23.21, bacc: 11.00, tmp_test_f1: 0.47, f1: 5.89
epoch:  91, val_loss:2.489806, acc: 23.21, bacc: 11.00, tmp_test_f1: 0.49, f1: 5.89
epoch:  92, val_loss:2.492004, acc: 23.21, bacc: 11.00, tmp_test_f1: 0.48, f1: 5.89
epoch:  93, val_loss:2.494681, acc: 23.21, bacc: 11.00, tmp_test_f1: 0.49, f1: 5.89
epoch:  94, val_loss:2.497107, acc: 23.21, bacc: 11.00, tmp_test_f1: 0.49, f1: 5.89
epoch:  95, val_loss:2.498922, acc: 23.21, bacc: 11.00, tmp_test_f1: 0.49, f1: 5.89
epoch:  96, val_loss:2.498945, acc: 23.21, bacc: 11.00, tmp_test_f1: 0.49, f1: 5.89
epoch:  97, val_loss:2.498029, acc: 23.21, bacc: 11.00, tmp_test_f1: 0.49, f1: 5.89
epoch:  98, val_loss:2.496873, acc: 23.21, bacc: 11.00, tmp_test_f1: 0.50, f1: 5.89
epoch:  99, val_loss:2.495603, acc: 23.21, bacc: 11.00, tmp_test_f1: 0.52, f1: 5.89
epoch: 100, val_loss:2.494705, acc: 23.21, bacc: 11.00, tmp_test_f1: 0.56, f1: 5.89
epoch: 101, val_loss:2.494087, acc: 23.21, bacc: 11.00, tmp_test_f1: 0.60, f1: 5.89
epoch: 102, val_loss:2.493881, acc: 23.21, bacc: 11.00, tmp_test_f1: 0.60, f1: 5.89
epoch: 103, val_loss:2.492663, acc: 23.21, bacc: 11.00, tmp_test_f1: 0.60, f1: 5.89
epoch: 104, val_loss:2.491830, acc: 23.21, bacc: 11.00, tmp_test_f1: 0.62, f1: 5.89
epoch: 105, val_loss:2.491259, acc: 23.21, bacc: 11.00, tmp_test_f1: 0.61, f1: 5.89
epoch: 106, val_loss:2.490719, acc: 23.21, bacc: 11.00, tmp_test_f1: 0.60, f1: 5.89
epoch: 107, val_loss:2.490759, acc: 23.21, bacc: 11.00, tmp_test_f1: 0.58, f1: 5.89
epoch: 108, val_loss:2.492264, acc: 23.21, bacc: 11.00, tmp_test_f1: 0.57, f1: 5.89
epoch: 109, val_loss:2.494011, acc: 23.21, bacc: 11.00, tmp_test_f1: 0.52, f1: 5.89
epoch: 110, val_loss:2.498186, acc: 23.21, bacc: 11.00, tmp_test_f1: 0.52, f1: 5.89
epoch: 111, val_loss:2.501408, acc: 23.21, bacc: 11.00, tmp_test_f1: 0.52, f1: 5.89
epoch: 112, val_loss:2.503269, acc: 23.21, bacc: 11.00, tmp_test_f1: 0.56, f1: 5.89
epoch: 113, val_loss:2.502918, acc: 23.21, bacc: 11.00, tmp_test_f1: 0.61, f1: 5.89
epoch: 114, val_loss:2.502213, acc: 23.21, bacc: 11.00, tmp_test_f1: 0.66, f1: 5.89
epoch: 115, val_loss:2.501262, acc: 23.21, bacc: 11.00, tmp_test_f1: 0.71, f1: 5.89
epoch: 116, val_loss:2.500349, acc: 23.21, bacc: 11.00, tmp_test_f1: 0.73, f1: 5.89
epoch: 117, val_loss:2.500317, acc: 23.21, bacc: 11.00, tmp_test_f1: 0.75, f1: 5.89
epoch: 118, val_loss:2.502166, acc: 23.21, bacc: 11.00, tmp_test_f1: 0.72, f1: 5.89
epoch: 119, val_loss:2.502745, acc: 23.21, bacc: 11.00, tmp_test_f1: 0.72, f1: 5.89
epoch: 120, val_loss:2.503783, acc: 23.21, bacc: 11.00, tmp_test_f1: 0.72, f1: 5.89
epoch: 121, val_loss:2.505355, acc: 23.21, bacc: 11.00, tmp_test_f1: 0.72, f1: 5.89
epoch: 122, val_loss:2.507730, acc: 23.21, bacc: 11.00, tmp_test_f1: 0.69, f1: 5.89
epoch: 123, val_loss:2.510170, acc: 23.21, bacc: 11.00, tmp_test_f1: 0.68, f1: 5.89
epoch: 124, val_loss:2.512598, acc: 23.21, bacc: 11.00, tmp_test_f1: 0.63, f1: 5.89
epoch: 125, val_loss:2.513038, acc: 23.21, bacc: 11.00, tmp_test_f1: 0.64, f1: 5.89
epoch: 126, val_loss:2.511985, acc: 23.21, bacc: 11.00, tmp_test_f1: 0.67, f1: 5.89
epoch: 127, val_loss:2.511359, acc: 23.21, bacc: 11.00, tmp_test_f1: 0.68, f1: 5.89
epoch: 128, val_loss:2.511182, acc: 23.21, bacc: 11.00, tmp_test_f1: 0.70, f1: 5.89
epoch: 129, val_loss:2.510067, acc: 23.21, bacc: 11.00, tmp_test_f1: 0.75, f1: 5.89
epoch: 130, val_loss:2.506398, acc: 23.21, bacc: 11.00, tmp_test_f1: 0.79, f1: 5.89
epoch: 131, val_loss:2.503871, acc: 23.21, bacc: 11.00, tmp_test_f1: 0.84, f1: 5.89
epoch: 132, val_loss:2.504179, acc: 23.21, bacc: 11.00, tmp_test_f1: 0.84, f1: 5.89
epoch: 133, val_loss:2.505543, acc: 23.21, bacc: 11.00, tmp_test_f1: 0.85, f1: 5.89
epoch: 134, val_loss:2.509552, acc: 23.21, bacc: 11.00, tmp_test_f1: 0.74, f1: 5.89
epoch: 135, val_loss:2.517211, acc: 23.21, bacc: 11.00, tmp_test_f1: 0.73, f1: 5.89
epoch: 136, val_loss:2.522204, acc: 23.21, bacc: 11.00, tmp_test_f1: 0.67, f1: 5.89
epoch: 137, val_loss:2.525851, acc: 23.21, bacc: 11.00, tmp_test_f1: 0.61, f1: 5.89
epoch: 138, val_loss:2.527802, acc: 23.21, bacc: 11.00, tmp_test_f1: 0.56, f1: 5.89
epoch: 139, val_loss:2.527821, acc: 23.21, bacc: 11.00, tmp_test_f1: 0.56, f1: 5.89
epoch: 140, val_loss:2.523966, acc: 23.21, bacc: 11.00, tmp_test_f1: 0.57, f1: 5.89
epoch: 141, val_loss:2.516079, acc: 23.21, bacc: 11.00, tmp_test_f1: 0.66, f1: 5.89
epoch: 142, val_loss:2.508396, acc: 23.21, bacc: 11.00, tmp_test_f1: 0.76, f1: 5.89
epoch: 143, val_loss:2.501765, acc: 23.21, bacc: 11.00, tmp_test_f1: 0.86, f1: 5.89
epoch: 144, val_loss:2.498837, acc: 23.21, bacc: 11.00, tmp_test_f1: 0.83, f1: 5.89
epoch: 145, val_loss:2.500136, acc: 23.21, bacc: 11.00, tmp_test_f1: 0.77, f1: 5.89
epoch: 146, val_loss:2.505596, acc: 23.21, bacc: 11.00, tmp_test_f1: 0.75, f1: 5.89
epoch: 147, val_loss:2.513109, acc: 23.21, bacc: 11.00, tmp_test_f1: 0.71, f1: 5.89
epoch: 148, val_loss:2.518973, acc: 23.21, bacc: 11.00, tmp_test_f1: 0.68, f1: 5.89
epoch: 149, val_loss:2.520517, acc: 23.21, bacc: 11.00, tmp_test_f1: 0.69, f1: 5.89
epoch: 150, val_loss:2.517924, acc: 23.21, bacc: 11.00, tmp_test_f1: 0.72, f1: 5.89
epoch: 151, val_loss:2.512406, acc: 23.21, bacc: 11.00, tmp_test_f1: 0.77, f1: 5.89
epoch: 152, val_loss:2.506187, acc: 23.21, bacc: 11.00, tmp_test_f1: 0.82, f1: 5.89
epoch: 153, val_loss:2.498623, acc: 23.21, bacc: 11.00, tmp_test_f1: 0.85, f1: 5.89
epoch: 154, val_loss:2.493815, acc: 23.21, bacc: 11.00, tmp_test_f1: 0.79, f1: 5.89
epoch: 155, val_loss:2.494752, acc: 23.21, bacc: 11.00, tmp_test_f1: 0.71, f1: 5.89
epoch: 156, val_loss:2.499818, acc: 23.21, bacc: 11.00, tmp_test_f1: 0.63, f1: 5.89
epoch: 157, val_loss:2.509887, acc: 23.21, bacc: 11.00, tmp_test_f1: 0.61, f1: 5.89
epoch: 158, val_loss:2.517544, acc: 23.21, bacc: 11.00, tmp_test_f1: 0.58, f1: 5.89
epoch: 159, val_loss:2.521373, acc: 23.21, bacc: 11.00, tmp_test_f1: 0.60, f1: 5.89
epoch: 160, val_loss:2.520132, acc: 23.21, bacc: 11.00, tmp_test_f1: 0.62, f1: 5.89
epoch: 161, val_loss:2.515069, acc: 23.21, bacc: 11.00, tmp_test_f1: 0.69, f1: 5.89
epoch: 162, val_loss:2.507950, acc: 23.21, bacc: 11.00, tmp_test_f1: 0.78, f1: 5.89
epoch: 163, val_loss:2.502203, acc: 23.21, bacc: 11.00, tmp_test_f1: 0.83, f1: 5.89
epoch: 164, val_loss:2.499573, acc: 23.21, bacc: 11.00, tmp_test_f1: 0.83, f1: 5.89
epoch: 165, val_loss:2.498466, acc: 23.21, bacc: 11.00, tmp_test_f1: 0.76, f1: 5.89
epoch: 166, val_loss:2.501958, acc: 23.21, bacc: 11.00, tmp_test_f1: 0.71, f1: 5.89
epoch: 167, val_loss:2.505643, acc: 23.21, bacc: 11.00, tmp_test_f1: 0.65, f1: 5.89
epoch: 168, val_loss:2.508731, acc: 23.21, bacc: 11.00, tmp_test_f1: 0.63, f1: 5.89
epoch: 169, val_loss:2.510851, acc: 23.21, bacc: 11.00, tmp_test_f1: 0.60, f1: 5.89
epoch: 170, val_loss:2.511636, acc: 23.21, bacc: 11.00, tmp_test_f1: 0.60, f1: 5.89
epoch: 171, val_loss:2.511406, acc: 23.21, bacc: 11.00, tmp_test_f1: 0.62, f1: 5.89
epoch: 172, val_loss:2.508881, acc: 23.21, bacc: 11.00, tmp_test_f1: 0.61, f1: 5.89
epoch: 173, val_loss:2.507520, acc: 23.21, bacc: 11.00, tmp_test_f1: 0.62, f1: 5.89
epoch: 174, val_loss:2.507489, acc: 23.21, bacc: 11.00, tmp_test_f1: 0.64, f1: 5.89
epoch: 175, val_loss:2.505265, acc: 23.21, bacc: 11.00, tmp_test_f1: 0.72, f1: 5.89
epoch: 176, val_loss:2.503687, acc: 23.21, bacc: 11.00, tmp_test_f1: 0.72, f1: 5.89
epoch: 177, val_loss:2.503967, acc: 23.21, bacc: 11.00, tmp_test_f1: 0.77, f1: 5.89
epoch: 178, val_loss:2.504370, acc: 23.21, bacc: 11.00, tmp_test_f1: 0.76, f1: 5.89
epoch: 179, val_loss:2.505975, acc: 23.21, bacc: 11.00, tmp_test_f1: 0.73, f1: 5.89
epoch: 180, val_loss:2.507280, acc: 23.21, bacc: 11.00, tmp_test_f1: 0.67, f1: 5.89
epoch: 181, val_loss:2.508551, acc: 23.21, bacc: 11.00, tmp_test_f1: 0.57, f1: 5.89
epoch: 182, val_loss:2.511937, acc: 23.21, bacc: 11.00, tmp_test_f1: 0.57, f1: 5.89
epoch: 183, val_loss:2.513488, acc: 23.21, bacc: 11.00, tmp_test_f1: 0.57, f1: 5.89
epoch: 184, val_loss:2.512528, acc: 23.21, bacc: 11.00, tmp_test_f1: 0.56, f1: 5.89
epoch: 185, val_loss:2.512748, acc: 23.21, bacc: 11.00, tmp_test_f1: 0.56, f1: 5.89
epoch: 186, val_loss:2.512029, acc: 23.21, bacc: 11.00, tmp_test_f1: 0.61, f1: 5.89
epoch: 187, val_loss:2.510414, acc: 23.21, bacc: 11.00, tmp_test_f1: 0.67, f1: 5.89
epoch: 188, val_loss:2.510750, acc: 23.21, bacc: 11.00, tmp_test_f1: 0.70, f1: 5.89
epoch: 189, val_loss:2.513680, acc: 23.21, bacc: 11.00, tmp_test_f1: 0.74, f1: 5.89
epoch: 190, val_loss:2.513649, acc: 23.21, bacc: 11.00, tmp_test_f1: 0.77, f1: 5.89
epoch: 191, val_loss:2.513504, acc: 23.21, bacc: 11.00, tmp_test_f1: 0.71, f1: 5.89
epoch: 192, val_loss:2.512306, acc: 23.21, bacc: 11.00, tmp_test_f1: 0.66, f1: 5.89
epoch: 193, val_loss:2.511285, acc: 23.21, bacc: 11.00, tmp_test_f1: 0.61, f1: 5.89
epoch: 194, val_loss:2.510771, acc: 23.21, bacc: 11.00, tmp_test_f1: 0.60, f1: 5.89
epoch: 195, val_loss:2.508472, acc: 23.21, bacc: 11.00, tmp_test_f1: 0.58, f1: 5.89
epoch: 196, val_loss:2.508962, acc: 23.21, bacc: 11.00, tmp_test_f1: 0.55, f1: 5.89
epoch: 197, val_loss:2.508767, acc: 23.21, bacc: 11.00, tmp_test_f1: 0.59, f1: 5.89
epoch: 198, val_loss:2.508746, acc: 23.21, bacc: 11.00, tmp_test_f1: 0.65, f1: 5.89
epoch: 199, val_loss:2.508466, acc: 23.21, bacc: 11.00, tmp_test_f1: 0.67, f1: 5.89
epoch: 200, val_loss:2.506649, acc: 23.21, bacc: 11.00, tmp_test_f1: 0.76, f1: 5.89
Epoch 00201: reducing learning rate of group 0 to 5.0000e-02.
epoch: 201, val_loss:2.504697, acc: 23.21, bacc: 11.00, tmp_test_f1: 0.76, f1: 5.89
epoch: 202, val_loss:2.503351, acc: 23.21, bacc: 11.00, tmp_test_f1: 0.76, f1: 5.89
epoch: 203, val_loss:2.503192, acc: 23.21, bacc: 11.00, tmp_test_f1: 0.78, f1: 5.89
epoch: 204, val_loss:2.504048, acc: 23.21, bacc: 11.00, tmp_test_f1: 0.75, f1: 5.89
epoch: 205, val_loss:2.505520, acc: 23.21, bacc: 11.00, tmp_test_f1: 0.68, f1: 5.89
epoch: 206, val_loss:2.506811, acc: 23.21, bacc: 11.00, tmp_test_f1: 0.64, f1: 5.89
epoch: 207, val_loss:2.508946, acc: 23.21, bacc: 11.00, tmp_test_f1: 0.63, f1: 5.89
epoch: 208, val_loss:2.509843, acc: 23.21, bacc: 11.00, tmp_test_f1: 0.63, f1: 5.89
epoch: 209, val_loss:2.509412, acc: 23.21, bacc: 11.00, tmp_test_f1: 0.63, f1: 5.89
epoch: 210, val_loss:2.509716, acc: 23.21, bacc: 11.00, tmp_test_f1: 0.62, f1: 5.89
epoch: 211, val_loss:2.509305, acc: 23.21, bacc: 11.00, tmp_test_f1: 0.63, f1: 5.89
epoch: 212, val_loss:2.508932, acc: 23.21, bacc: 11.00, tmp_test_f1: 0.65, f1: 5.89
epoch: 213, val_loss:2.506860, acc: 23.21, bacc: 11.00, tmp_test_f1: 0.64, f1: 5.89
epoch: 214, val_loss:2.504976, acc: 23.21, bacc: 11.00, tmp_test_f1: 0.68, f1: 5.89
epoch: 215, val_loss:2.504412, acc: 23.21, bacc: 11.00, tmp_test_f1: 0.66, f1: 5.89
epoch: 216, val_loss:2.504508, acc: 23.21, bacc: 11.00, tmp_test_f1: 0.67, f1: 5.89
epoch: 217, val_loss:2.505669, acc: 23.21, bacc: 11.00, tmp_test_f1: 0.64, f1: 5.89
epoch: 218, val_loss:2.508414, acc: 23.21, bacc: 11.00, tmp_test_f1: 0.65, f1: 5.89
epoch: 219, val_loss:2.509560, acc: 23.21, bacc: 11.00, tmp_test_f1: 0.66, f1: 5.89
epoch: 220, val_loss:2.509884, acc: 23.21, bacc: 11.00, tmp_test_f1: 0.67, f1: 5.89
epoch: 221, val_loss:2.510090, acc: 23.21, bacc: 11.00, tmp_test_f1: 0.67, f1: 5.89
epoch: 222, val_loss:2.509017, acc: 23.21, bacc: 11.00, tmp_test_f1: 0.71, f1: 5.89
epoch: 223, val_loss:2.507287, acc: 23.21, bacc: 11.00, tmp_test_f1: 0.72, f1: 5.89
epoch: 224, val_loss:2.506181, acc: 23.21, bacc: 11.00, tmp_test_f1: 0.74, f1: 5.89
epoch: 225, val_loss:2.505859, acc: 23.21, bacc: 11.00, tmp_test_f1: 0.74, f1: 5.89
epoch: 226, val_loss:2.504914, acc: 23.21, bacc: 11.00, tmp_test_f1: 0.69, f1: 5.89
epoch: 227, val_loss:2.504768, acc: 23.21, bacc: 11.00, tmp_test_f1: 0.67, f1: 5.89
epoch: 228, val_loss:2.504917, acc: 23.21, bacc: 11.00, tmp_test_f1: 0.65, f1: 5.89
epoch: 229, val_loss:2.505175, acc: 23.21, bacc: 11.00, tmp_test_f1: 0.64, f1: 5.89
epoch: 230, val_loss:2.504796, acc: 23.21, bacc: 11.00, tmp_test_f1: 0.63, f1: 5.89
epoch: 231, val_loss:2.505008, acc: 23.21, bacc: 11.00, tmp_test_f1: 0.62, f1: 5.89
epoch: 232, val_loss:2.505450, acc: 23.21, bacc: 11.00, tmp_test_f1: 0.64, f1: 5.89
epoch: 233, val_loss:2.505825, acc: 23.21, bacc: 11.00, tmp_test_f1: 0.64, f1: 5.89
epoch: 234, val_loss:2.505913, acc: 23.21, bacc: 11.00, tmp_test_f1: 0.64, f1: 5.89
epoch: 235, val_loss:2.505308, acc: 23.21, bacc: 11.00, tmp_test_f1: 0.65, f1: 5.89
epoch: 236, val_loss:2.505310, acc: 23.21, bacc: 11.00, tmp_test_f1: 0.63, f1: 5.89
epoch: 237, val_loss:2.507154, acc: 23.21, bacc: 11.00, tmp_test_f1: 0.65, f1: 5.89
epoch: 238, val_loss:2.508227, acc: 23.21, bacc: 11.00, tmp_test_f1: 0.62, f1: 5.89
epoch: 239, val_loss:2.509643, acc: 23.21, bacc: 11.00, tmp_test_f1: 0.61, f1: 5.89
epoch: 240, val_loss:2.511316, acc: 23.21, bacc: 11.00, tmp_test_f1: 0.59, f1: 5.89
epoch: 241, val_loss:2.512891, acc: 23.21, bacc: 11.00, tmp_test_f1: 0.57, f1: 5.89
epoch: 242, val_loss:2.513125, acc: 23.21, bacc: 11.00, tmp_test_f1: 0.60, f1: 5.89
epoch: 243, val_loss:2.511450, acc: 23.21, bacc: 11.00, tmp_test_f1: 0.63, f1: 5.89
epoch: 244, val_loss:2.508456, acc: 23.21, bacc: 11.00, tmp_test_f1: 0.67, f1: 5.89
epoch: 245, val_loss:2.505353, acc: 23.21, bacc: 11.00, tmp_test_f1: 0.71, f1: 5.89
epoch: 246, val_loss:2.502810, acc: 23.21, bacc: 11.00, tmp_test_f1: 0.73, f1: 5.89
epoch: 247, val_loss:2.501099, acc: 23.21, bacc: 11.00, tmp_test_f1: 0.73, f1: 5.89
epoch: 248, val_loss:2.500847, acc: 23.21, bacc: 11.00, tmp_test_f1: 0.73, f1: 5.89
epoch: 249, val_loss:2.501073, acc: 23.21, bacc: 11.00, tmp_test_f1: 0.72, f1: 5.89
epoch: 250, val_loss:2.502589, acc: 23.21, bacc: 11.00, tmp_test_f1: 0.72, f1: 5.89
epoch: 251, val_loss:2.504274, acc: 23.21, bacc: 11.00, tmp_test_f1: 0.74, f1: 5.89
epoch: 252, val_loss:2.504692, acc: 23.21, bacc: 11.00, tmp_test_f1: 0.69, f1: 5.89
epoch: 253, val_loss:2.505750, acc: 23.21, bacc: 11.00, tmp_test_f1: 0.68, f1: 5.89
epoch: 254, val_loss:2.507341, acc: 23.21, bacc: 11.00, tmp_test_f1: 0.64, f1: 5.89
epoch: 255, val_loss:2.509039, acc: 23.21, bacc: 11.00, tmp_test_f1: 0.64, f1: 5.89
epoch: 256, val_loss:2.511382, acc: 23.21, bacc: 11.00, tmp_test_f1: 0.62, f1: 5.89
epoch: 257, val_loss:2.513005, acc: 23.21, bacc: 11.00, tmp_test_f1: 0.63, f1: 5.89
epoch: 258, val_loss:2.513119, acc: 23.21, bacc: 11.00, tmp_test_f1: 0.62, f1: 5.89
epoch: 259, val_loss:2.512763, acc: 23.21, bacc: 11.00, tmp_test_f1: 0.64, f1: 5.89
epoch: 260, val_loss:2.511755, acc: 23.21, bacc: 11.00, tmp_test_f1: 0.64, f1: 5.89
epoch: 261, val_loss:2.511455, acc: 23.21, bacc: 11.00, tmp_test_f1: 0.61, f1: 5.89
epoch: 262, val_loss:2.511872, acc: 23.21, bacc: 11.00, tmp_test_f1: 0.61, f1: 5.89
epoch: 263, val_loss:2.513105, acc: 23.21, bacc: 11.00, tmp_test_f1: 0.63, f1: 5.89
epoch: 264, val_loss:2.512884, acc: 23.21, bacc: 11.00, tmp_test_f1: 0.64, f1: 5.89
epoch: 265, val_loss:2.512657, acc: 23.21, bacc: 11.00, tmp_test_f1: 0.63, f1: 5.89
epoch: 266, val_loss:2.511462, acc: 23.21, bacc: 11.00, tmp_test_f1: 0.66, f1: 5.89
epoch: 267, val_loss:2.508521, acc: 23.21, bacc: 11.00, tmp_test_f1: 0.71, f1: 5.89
epoch: 268, val_loss:2.505646, acc: 23.21, bacc: 11.00, tmp_test_f1: 0.72, f1: 5.89
epoch: 269, val_loss:2.503619, acc: 23.21, bacc: 11.00, tmp_test_f1: 0.72, f1: 5.89
epoch: 270, val_loss:2.503487, acc: 23.21, bacc: 11.00, tmp_test_f1: 0.74, f1: 5.89
epoch: 271, val_loss:2.505156, acc: 23.21, bacc: 11.00, tmp_test_f1: 0.77, f1: 5.89
epoch: 272, val_loss:2.506312, acc: 23.21, bacc: 11.00, tmp_test_f1: 0.78, f1: 5.89
epoch: 273, val_loss:2.507325, acc: 23.21, bacc: 11.00, tmp_test_f1: 0.78, f1: 5.89
epoch: 274, val_loss:2.508747, acc: 23.21, bacc: 11.00, tmp_test_f1: 0.77, f1: 5.89
epoch: 275, val_loss:2.509935, acc: 23.21, bacc: 11.00, tmp_test_f1: 0.76, f1: 5.89
epoch: 276, val_loss:2.511727, acc: 23.21, bacc: 11.00, tmp_test_f1: 0.71, f1: 5.89
epoch: 277, val_loss:2.513720, acc: 23.21, bacc: 11.00, tmp_test_f1: 0.69, f1: 5.89
epoch: 278, val_loss:2.513519, acc: 23.21, bacc: 11.00, tmp_test_f1: 0.71, f1: 5.89
epoch: 279, val_loss:2.511267, acc: 23.21, bacc: 11.00, tmp_test_f1: 0.69, f1: 5.89
epoch: 280, val_loss:2.509397, acc: 23.21, bacc: 11.00, tmp_test_f1: 0.66, f1: 5.89
epoch: 281, val_loss:2.509313, acc: 23.21, bacc: 11.00, tmp_test_f1: 0.67, f1: 5.89
epoch: 282, val_loss:2.508826, acc: 23.21, bacc: 11.00, tmp_test_f1: 0.64, f1: 5.89
epoch: 283, val_loss:2.507908, acc: 23.21, bacc: 11.00, tmp_test_f1: 0.63, f1: 5.89
epoch: 284, val_loss:2.506953, acc: 23.21, bacc: 11.00, tmp_test_f1: 0.61, f1: 5.89
epoch: 285, val_loss:2.505694, acc: 23.21, bacc: 11.00, tmp_test_f1: 0.62, f1: 5.89
epoch: 286, val_loss:2.503881, acc: 23.21, bacc: 11.00, tmp_test_f1: 0.61, f1: 5.89
epoch: 287, val_loss:2.501646, acc: 23.21, bacc: 11.00, tmp_test_f1: 0.63, f1: 5.89
epoch: 288, val_loss:2.500284, acc: 23.21, bacc: 11.00, tmp_test_f1: 0.66, f1: 5.89
epoch: 289, val_loss:2.499469, acc: 23.21, bacc: 11.00, tmp_test_f1: 0.65, f1: 5.89
epoch: 290, val_loss:2.500160, acc: 23.21, bacc: 11.00, tmp_test_f1: 0.63, f1: 5.89
epoch: 291, val_loss:2.502465, acc: 23.21, bacc: 11.00, tmp_test_f1: 0.63, f1: 5.89
epoch: 292, val_loss:2.503953, acc: 23.21, bacc: 11.00, tmp_test_f1: 0.62, f1: 5.89
epoch: 293, val_loss:2.505842, acc: 23.21, bacc: 11.00, tmp_test_f1: 0.63, f1: 5.89
epoch: 294, val_loss:2.507381, acc: 23.21, bacc: 11.00, tmp_test_f1: 0.65, f1: 5.89
epoch: 295, val_loss:2.508219, acc: 23.21, bacc: 11.00, tmp_test_f1: 0.65, f1: 5.89
epoch: 296, val_loss:2.506418, acc: 23.21, bacc: 11.00, tmp_test_f1: 0.66, f1: 5.89
epoch: 297, val_loss:2.504892, acc: 23.21, bacc: 11.00, tmp_test_f1: 0.69, f1: 5.89
epoch: 298, val_loss:2.503421, acc: 23.21, bacc: 11.00, tmp_test_f1: 0.68, f1: 5.89
epoch: 299, val_loss:2.502473, acc: 23.21, bacc: 11.00, tmp_test_f1: 0.67, f1: 5.89
epoch: 300, val_loss:2.502411, acc: 23.21, bacc: 11.00, tmp_test_f1: 0.67, f1: 5.89
epoch: 301, val_loss:2.503546, acc: 23.21, bacc: 11.00, tmp_test_f1: 0.64, f1: 5.89
epoch: 302, val_loss:2.506112, acc: 23.21, bacc: 11.00, tmp_test_f1: 0.66, f1: 5.89
epoch: 303, val_loss:2.507449, acc: 23.21, bacc: 11.00, tmp_test_f1: 0.66, f1: 5.89
epoch: 304, val_loss:2.507384, acc: 23.21, bacc: 11.00, tmp_test_f1: 0.64, f1: 5.89
epoch: 305, val_loss:2.507490, acc: 23.21, bacc: 11.00, tmp_test_f1: 0.64, f1: 5.89
epoch: 306, val_loss:2.509069, acc: 23.21, bacc: 11.00, tmp_test_f1: 0.64, f1: 5.89
epoch: 307, val_loss:2.510456, acc: 23.21, bacc: 11.00, tmp_test_f1: 0.64, f1: 5.89
epoch: 308, val_loss:2.510756, acc: 23.21, bacc: 11.00, tmp_test_f1: 0.64, f1: 5.89
epoch: 309, val_loss:2.509468, acc: 23.21, bacc: 11.00, tmp_test_f1: 0.63, f1: 5.89
epoch: 310, val_loss:2.508896, acc: 23.21, bacc: 11.00, tmp_test_f1: 0.66, f1: 5.89
epoch: 311, val_loss:2.505387, acc: 23.21, bacc: 11.00, tmp_test_f1: 0.67, f1: 5.89
epoch: 312, val_loss:2.502131, acc: 23.21, bacc: 11.00, tmp_test_f1: 0.72, f1: 5.89
epoch: 313, val_loss:2.499949, acc: 23.21, bacc: 11.00, tmp_test_f1: 0.76, f1: 5.89
epoch: 314, val_loss:2.498692, acc: 23.21, bacc: 11.00, tmp_test_f1: 0.76, f1: 5.89
epoch: 315, val_loss:2.501082, acc: 23.21, bacc: 11.00, tmp_test_f1: 0.75, f1: 5.89
epoch: 316, val_loss:2.502723, acc: 23.21, bacc: 11.00, tmp_test_f1: 0.71, f1: 5.89
epoch: 317, val_loss:2.505332, acc: 23.21, bacc: 11.00, tmp_test_f1: 0.68, f1: 5.89
epoch: 318, val_loss:2.508833, acc: 23.21, bacc: 11.00, tmp_test_f1: 0.64, f1: 5.89
epoch: 319, val_loss:2.511600, acc: 23.21, bacc: 11.00, tmp_test_f1: 0.63, f1: 5.89
epoch: 320, val_loss:2.514153, acc: 23.21, bacc: 11.00, tmp_test_f1: 0.61, f1: 5.89
epoch: 321, val_loss:2.514721, acc: 23.21, bacc: 11.00, tmp_test_f1: 0.61, f1: 5.89
epoch: 322, val_loss:2.513584, acc: 23.21, bacc: 11.00, tmp_test_f1: 0.62, f1: 5.89
epoch: 323, val_loss:2.510655, acc: 23.21, bacc: 11.00, tmp_test_f1: 0.61, f1: 5.89
epoch: 324, val_loss:2.506196, acc: 23.21, bacc: 11.00, tmp_test_f1: 0.60, f1: 5.89
epoch: 325, val_loss:2.502941, acc: 23.21, bacc: 11.00, tmp_test_f1: 0.58, f1: 5.89
epoch: 326, val_loss:2.501559, acc: 23.21, bacc: 11.00, tmp_test_f1: 0.60, f1: 5.89
epoch: 327, val_loss:2.500992, acc: 23.21, bacc: 11.00, tmp_test_f1: 0.64, f1: 5.89
epoch: 328, val_loss:2.501637, acc: 23.21, bacc: 11.00, tmp_test_f1: 0.64, f1: 5.89
epoch: 329, val_loss:2.502737, acc: 23.21, bacc: 11.00, tmp_test_f1: 0.66, f1: 5.89
epoch: 330, val_loss:2.503961, acc: 23.21, bacc: 11.00, tmp_test_f1: 0.69, f1: 5.89
epoch: 331, val_loss:2.505095, acc: 23.21, bacc: 11.00, tmp_test_f1: 0.70, f1: 5.89
epoch: 332, val_loss:2.506163, acc: 23.21, bacc: 11.00, tmp_test_f1: 0.71, f1: 5.89
epoch: 333, val_loss:2.507398, acc: 23.21, bacc: 11.00, tmp_test_f1: 0.72, f1: 5.89
epoch: 334, val_loss:2.507653, acc: 23.21, bacc: 11.00, tmp_test_f1: 0.68, f1: 5.89
epoch: 335, val_loss:2.509104, acc: 23.21, bacc: 11.00, tmp_test_f1: 0.63, f1: 5.89
epoch: 336, val_loss:2.510737, acc: 23.21, bacc: 11.00, tmp_test_f1: 0.62, f1: 5.89
epoch: 337, val_loss:2.510022, acc: 23.21, bacc: 11.00, tmp_test_f1: 0.61, f1: 5.89
epoch: 338, val_loss:2.507591, acc: 23.21, bacc: 11.00, tmp_test_f1: 0.61, f1: 5.89
epoch: 339, val_loss:2.504049, acc: 23.21, bacc: 11.00, tmp_test_f1: 0.61, f1: 5.89
epoch: 340, val_loss:2.501355, acc: 23.21, bacc: 11.00, tmp_test_f1: 0.62, f1: 5.89
epoch: 341, val_loss:2.499376, acc: 23.21, bacc: 11.00, tmp_test_f1: 0.64, f1: 5.89
epoch: 342, val_loss:2.499218, acc: 23.21, bacc: 11.00, tmp_test_f1: 0.66, f1: 5.89
epoch: 343, val_loss:2.500529, acc: 23.21, bacc: 11.00, tmp_test_f1: 0.69, f1: 5.89
epoch: 344, val_loss:2.502203, acc: 23.21, bacc: 11.00, tmp_test_f1: 0.71, f1: 5.89
epoch: 345, val_loss:2.504179, acc: 23.21, bacc: 11.00, tmp_test_f1: 0.68, f1: 5.89
epoch: 346, val_loss:2.506101, acc: 23.21, bacc: 11.00, tmp_test_f1: 0.66, f1: 5.89
epoch: 347, val_loss:2.509119, acc: 23.21, bacc: 11.00, tmp_test_f1: 0.66, f1: 5.89
epoch: 348, val_loss:2.509383, acc: 23.21, bacc: 11.00, tmp_test_f1: 0.66, f1: 5.89
epoch: 349, val_loss:2.508421, acc: 23.21, bacc: 11.00, tmp_test_f1: 0.66, f1: 5.89
epoch: 350, val_loss:2.506367, acc: 23.21, bacc: 11.00, tmp_test_f1: 0.69, f1: 5.89
epoch: 351, val_loss:2.502853, acc: 23.21, bacc: 11.00, tmp_test_f1: 0.72, f1: 5.89
epoch: 352, val_loss:2.501194, acc: 23.21, bacc: 11.00, tmp_test_f1: 0.72, f1: 5.89
epoch: 353, val_loss:2.501003, acc: 23.21, bacc: 11.00, tmp_test_f1: 0.70, f1: 5.89
epoch: 354, val_loss:2.502727, acc: 23.21, bacc: 11.00, tmp_test_f1: 0.66, f1: 5.89
epoch: 355, val_loss:2.505125, acc: 23.21, bacc: 11.00, tmp_test_f1: 0.62, f1: 5.89
epoch: 356, val_loss:2.508350, acc: 23.21, bacc: 11.00, tmp_test_f1: 0.61, f1: 5.89
epoch: 357, val_loss:2.510509, acc: 23.21, bacc: 11.00, tmp_test_f1: 0.61, f1: 5.89
epoch: 358, val_loss:2.509233, acc: 23.21, bacc: 11.00, tmp_test_f1: 0.61, f1: 5.89
epoch: 359, val_loss:2.507164, acc: 23.21, bacc: 11.00, tmp_test_f1: 0.62, f1: 5.89
epoch: 360, val_loss:2.506138, acc: 23.21, bacc: 11.00, tmp_test_f1: 0.63, f1: 5.89
epoch: 361, val_loss:2.504869, acc: 23.21, bacc: 11.00, tmp_test_f1: 0.66, f1: 5.89
epoch: 362, val_loss:2.503035, acc: 23.21, bacc: 11.00, tmp_test_f1: 0.68, f1: 5.89
epoch: 363, val_loss:2.502731, acc: 23.21, bacc: 11.00, tmp_test_f1: 0.71, f1: 5.89
epoch: 364, val_loss:2.502470, acc: 23.21, bacc: 11.00, tmp_test_f1: 0.71, f1: 5.89
epoch: 365, val_loss:2.502741, acc: 23.21, bacc: 11.00, tmp_test_f1: 0.68, f1: 5.89
epoch: 366, val_loss:2.503901, acc: 23.21, bacc: 11.00, tmp_test_f1: 0.72, f1: 5.89
epoch: 367, val_loss:2.504634, acc: 23.21, bacc: 11.00, tmp_test_f1: 0.72, f1: 5.89
epoch: 368, val_loss:2.506807, acc: 23.21, bacc: 11.00, tmp_test_f1: 0.71, f1: 5.89
epoch: 369, val_loss:2.509063, acc: 23.21, bacc: 11.00, tmp_test_f1: 0.71, f1: 5.89
epoch: 370, val_loss:2.511802, acc: 23.21, bacc: 11.00, tmp_test_f1: 0.65, f1: 5.89
epoch: 371, val_loss:2.515498, acc: 23.21, bacc: 11.00, tmp_test_f1: 0.65, f1: 5.89
epoch: 372, val_loss:2.516814, acc: 23.21, bacc: 11.00, tmp_test_f1: 0.63, f1: 5.89
epoch: 373, val_loss:2.516561, acc: 23.21, bacc: 11.00, tmp_test_f1: 0.64, f1: 5.89
epoch: 374, val_loss:2.514503, acc: 23.21, bacc: 11.00, tmp_test_f1: 0.63, f1: 5.89
epoch: 375, val_loss:2.510549, acc: 23.21, bacc: 11.00, tmp_test_f1: 0.63, f1: 5.89
epoch: 376, val_loss:2.506917, acc: 23.21, bacc: 11.00, tmp_test_f1: 0.63, f1: 5.89
epoch: 377, val_loss:2.503400, acc: 23.21, bacc: 11.00, tmp_test_f1: 0.62, f1: 5.89
epoch: 378, val_loss:2.501780, acc: 23.21, bacc: 11.00, tmp_test_f1: 0.61, f1: 5.89
epoch: 379, val_loss:2.500375, acc: 23.21, bacc: 11.00, tmp_test_f1: 0.62, f1: 5.89
epoch: 380, val_loss:2.500265, acc: 23.21, bacc: 11.00, tmp_test_f1: 0.62, f1: 5.89
epoch: 381, val_loss:2.501801, acc: 23.21, bacc: 11.00, tmp_test_f1: 0.64, f1: 5.89
epoch: 382, val_loss:2.504097, acc: 23.21, bacc: 11.00, tmp_test_f1: 0.65, f1: 5.89
epoch: 383, val_loss:2.505401, acc: 23.21, bacc: 11.00, tmp_test_f1: 0.66, f1: 5.89
epoch: 384, val_loss:2.507262, acc: 23.21, bacc: 11.00, tmp_test_f1: 0.67, f1: 5.89
epoch: 385, val_loss:2.509916, acc: 23.21, bacc: 11.00, tmp_test_f1: 0.67, f1: 5.89
epoch: 386, val_loss:2.512821, acc: 23.21, bacc: 11.00, tmp_test_f1: 0.72, f1: 5.89
epoch: 387, val_loss:2.514381, acc: 23.21, bacc: 11.00, tmp_test_f1: 0.69, f1: 5.89
epoch: 388, val_loss:2.514814, acc: 23.21, bacc: 11.00, tmp_test_f1: 0.70, f1: 5.89
epoch: 389, val_loss:2.514001, acc: 23.21, bacc: 11.00, tmp_test_f1: 0.71, f1: 5.89
epoch: 390, val_loss:2.511840, acc: 23.21, bacc: 11.00, tmp_test_f1: 0.71, f1: 5.89
epoch: 391, val_loss:2.508158, acc: 23.21, bacc: 11.00, tmp_test_f1: 0.71, f1: 5.89
epoch: 392, val_loss:2.503578, acc: 23.21, bacc: 11.00, tmp_test_f1: 0.68, f1: 5.89
epoch: 393, val_loss:2.501457, acc: 23.21, bacc: 11.00, tmp_test_f1: 0.66, f1: 5.89
epoch: 394, val_loss:2.501302, acc: 23.21, bacc: 11.00, tmp_test_f1: 0.60, f1: 5.89
epoch: 395, val_loss:2.502820, acc: 23.21, bacc: 11.00, tmp_test_f1: 0.56, f1: 5.89
epoch: 396, val_loss:2.505482, acc: 23.21, bacc: 11.00, tmp_test_f1: 0.49, f1: 5.89
epoch: 397, val_loss:2.506873, acc: 23.21, bacc: 11.00, tmp_test_f1: 0.50, f1: 5.89
epoch: 398, val_loss:2.506936, acc: 23.21, bacc: 11.00, tmp_test_f1: 0.54, f1: 5.89
epoch: 399, val_loss:2.505904, acc: 23.21, bacc: 11.00, tmp_test_f1: 0.58, f1: 5.89
epoch: 400, val_loss:2.504532, acc: 23.21, bacc: 11.00, tmp_test_f1: 0.65, f1: 5.89
epoch: 401, val_loss:2.502333, acc: 23.21, bacc: 11.00, tmp_test_f1: 0.71, f1: 5.89
Epoch 00402: reducing learning rate of group 0 to 2.5000e-02.
epoch: 402, val_loss:2.497152, acc: 23.21, bacc: 11.00, tmp_test_f1: 0.78, f1: 5.89
epoch: 403, val_loss:2.493863, acc: 23.21, bacc: 11.00, tmp_test_f1: 0.79, f1: 5.89
epoch: 404, val_loss:2.493572, acc: 23.21, bacc: 11.00, tmp_test_f1: 0.79, f1: 5.89
epoch: 405, val_loss:2.494305, acc: 23.21, bacc: 11.00, tmp_test_f1: 0.74, f1: 5.89
epoch: 406, val_loss:2.495383, acc: 23.21, bacc: 11.00, tmp_test_f1: 0.73, f1: 5.89
epoch: 407, val_loss:2.497828, acc: 23.21, bacc: 11.00, tmp_test_f1: 0.72, f1: 5.89
epoch: 408, val_loss:2.500551, acc: 23.21, bacc: 11.00, tmp_test_f1: 0.67, f1: 5.89
epoch: 409, val_loss:2.503036, acc: 23.21, bacc: 11.00, tmp_test_f1: 0.62, f1: 5.89
epoch: 410, val_loss:2.505267, acc: 23.21, bacc: 11.00, tmp_test_f1: 0.60, f1: 5.89
epoch: 411, val_loss:2.506102, acc: 23.21, bacc: 11.00, tmp_test_f1: 0.59, f1: 5.89
epoch: 412, val_loss:2.506982, acc: 23.21, bacc: 11.00, tmp_test_f1: 0.57, f1: 5.89
epoch: 413, val_loss:2.506546, acc: 23.21, bacc: 11.00, tmp_test_f1: 0.56, f1: 5.89
epoch: 414, val_loss:2.505950, acc: 23.21, bacc: 11.00, tmp_test_f1: 0.55, f1: 5.89
epoch: 415, val_loss:2.504014, acc: 23.21, bacc: 11.00, tmp_test_f1: 0.55, f1: 5.89
epoch: 416, val_loss:2.501545, acc: 23.21, bacc: 11.00, tmp_test_f1: 0.56, f1: 5.89
epoch: 417, val_loss:2.499068, acc: 23.21, bacc: 11.00, tmp_test_f1: 0.56, f1: 5.89
epoch: 418, val_loss:2.497065, acc: 23.21, bacc: 11.00, tmp_test_f1: 0.61, f1: 5.89
epoch: 419, val_loss:2.495615, acc: 23.21, bacc: 11.00, tmp_test_f1: 0.61, f1: 5.89
epoch: 420, val_loss:2.494556, acc: 23.21, bacc: 11.00, tmp_test_f1: 0.64, f1: 5.89
epoch: 421, val_loss:2.493931, acc: 23.21, bacc: 11.00, tmp_test_f1: 0.64, f1: 5.89
epoch: 422, val_loss:2.494196, acc: 23.21, bacc: 11.00, tmp_test_f1: 0.64, f1: 5.89
epoch: 423, val_loss:2.495436, acc: 23.21, bacc: 11.00, tmp_test_f1: 0.67, f1: 5.89
epoch: 424, val_loss:2.497643, acc: 23.21, bacc: 11.00, tmp_test_f1: 0.68, f1: 5.89
epoch: 425, val_loss:2.499585, acc: 23.21, bacc: 11.00, tmp_test_f1: 0.67, f1: 5.89
epoch: 426, val_loss:2.501414, acc: 23.21, bacc: 11.00, tmp_test_f1: 0.67, f1: 5.89
epoch: 427, val_loss:2.502903, acc: 23.21, bacc: 11.00, tmp_test_f1: 0.69, f1: 5.89
epoch: 428, val_loss:2.503587, acc: 23.21, bacc: 11.00, tmp_test_f1: 0.71, f1: 5.89
epoch: 429, val_loss:2.503759, acc: 23.21, bacc: 11.00, tmp_test_f1: 0.71, f1: 5.89
epoch: 430, val_loss:2.504158, acc: 23.21, bacc: 11.00, tmp_test_f1: 0.70, f1: 5.89
epoch: 431, val_loss:2.504736, acc: 23.21, bacc: 11.00, tmp_test_f1: 0.69, f1: 5.89
epoch: 432, val_loss:2.505296, acc: 23.21, bacc: 11.00, tmp_test_f1: 0.67, f1: 5.89
epoch: 433, val_loss:2.506001, acc: 23.21, bacc: 11.00, tmp_test_f1: 0.64, f1: 5.89
epoch: 434, val_loss:2.506602, acc: 23.21, bacc: 11.00, tmp_test_f1: 0.64, f1: 5.89
epoch: 435, val_loss:2.507138, acc: 23.21, bacc: 11.00, tmp_test_f1: 0.63, f1: 5.89
epoch: 436, val_loss:2.507371, acc: 23.21, bacc: 11.00, tmp_test_f1: 0.62, f1: 5.89
epoch: 437, val_loss:2.507640, acc: 23.21, bacc: 11.00, tmp_test_f1: 0.62, f1: 5.89
epoch: 438, val_loss:2.507208, acc: 23.21, bacc: 11.00, tmp_test_f1: 0.63, f1: 5.89
epoch: 439, val_loss:2.506390, acc: 23.21, bacc: 11.00, tmp_test_f1: 0.64, f1: 5.89
epoch: 440, val_loss:2.506098, acc: 23.21, bacc: 11.00, tmp_test_f1: 0.66, f1: 5.89
epoch: 441, val_loss:2.505186, acc: 23.21, bacc: 11.00, tmp_test_f1: 0.65, f1: 5.89
epoch: 442, val_loss:2.504053, acc: 23.21, bacc: 11.00, tmp_test_f1: 0.66, f1: 5.89
epoch: 443, val_loss:2.502349, acc: 23.21, bacc: 11.00, tmp_test_f1: 0.67, f1: 5.89
epoch: 444, val_loss:2.501467, acc: 23.21, bacc: 11.00, tmp_test_f1: 0.69, f1: 5.89
epoch: 445, val_loss:2.501301, acc: 23.21, bacc: 11.00, tmp_test_f1: 0.68, f1: 5.89
epoch: 446, val_loss:2.502126, acc: 23.21, bacc: 11.00, tmp_test_f1: 0.66, f1: 5.89
epoch: 447, val_loss:2.503330, acc: 23.21, bacc: 11.00, tmp_test_f1: 0.67, f1: 5.89
epoch: 448, val_loss:2.504610, acc: 23.21, bacc: 11.00, tmp_test_f1: 0.66, f1: 5.89
epoch: 449, val_loss:2.506148, acc: 23.21, bacc: 11.00, tmp_test_f1: 0.67, f1: 5.89
epoch: 450, val_loss:2.506472, acc: 23.21, bacc: 11.00, tmp_test_f1: 0.68, f1: 5.89
epoch: 451, val_loss:2.507090, acc: 23.21, bacc: 11.00, tmp_test_f1: 0.69, f1: 5.89
epoch: 452, val_loss:2.507473, acc: 23.21, bacc: 11.00, tmp_test_f1: 0.72, f1: 5.89
epoch: 453, val_loss:2.507623, acc: 23.21, bacc: 11.00, tmp_test_f1: 0.73, f1: 5.89
epoch: 454, val_loss:2.507105, acc: 23.21, bacc: 11.00, tmp_test_f1: 0.72, f1: 5.89
epoch: 455, val_loss:2.506668, acc: 23.21, bacc: 11.00, tmp_test_f1: 0.72, f1: 5.89
epoch: 456, val_loss:2.506570, acc: 23.21, bacc: 11.00, tmp_test_f1: 0.72, f1: 5.89
epoch: 457, val_loss:2.507214, acc: 23.21, bacc: 11.00, tmp_test_f1: 0.73, f1: 5.89
epoch: 458, val_loss:2.506829, acc: 23.21, bacc: 11.00, tmp_test_f1: 0.72, f1: 5.89
epoch: 459, val_loss:2.506590, acc: 23.21, bacc: 11.00, tmp_test_f1: 0.70, f1: 5.89
epoch: 460, val_loss:2.506233, acc: 23.21, bacc: 11.00, tmp_test_f1: 0.67, f1: 5.89
epoch: 461, val_loss:2.507322, acc: 23.21, bacc: 11.00, tmp_test_f1: 0.63, f1: 5.89
epoch: 462, val_loss:2.508077, acc: 23.21, bacc: 11.00, tmp_test_f1: 0.62, f1: 5.89
epoch: 463, val_loss:2.508617, acc: 23.21, bacc: 11.00, tmp_test_f1: 0.61, f1: 5.89
epoch: 464, val_loss:2.509410, acc: 23.21, bacc: 11.00, tmp_test_f1: 0.60, f1: 5.89
epoch: 465, val_loss:2.509144, acc: 23.21, bacc: 11.00, tmp_test_f1: 0.60, f1: 5.89
epoch: 466, val_loss:2.508920, acc: 23.21, bacc: 11.00, tmp_test_f1: 0.62, f1: 5.89
epoch: 467, val_loss:2.507718, acc: 23.21, bacc: 11.00, tmp_test_f1: 0.64, f1: 5.89
epoch: 468, val_loss:2.506643, acc: 23.21, bacc: 11.00, tmp_test_f1: 0.64, f1: 5.89
epoch: 469, val_loss:2.506325, acc: 23.21, bacc: 11.00, tmp_test_f1: 0.64, f1: 5.89
epoch: 470, val_loss:2.505649, acc: 23.21, bacc: 11.00, tmp_test_f1: 0.66, f1: 5.89
epoch: 471, val_loss:2.504977, acc: 23.21, bacc: 11.00, tmp_test_f1: 0.68, f1: 5.89
epoch: 472, val_loss:2.504919, acc: 23.21, bacc: 11.00, tmp_test_f1: 0.69, f1: 5.89
epoch: 473, val_loss:2.505778, acc: 23.21, bacc: 11.00, tmp_test_f1: 0.70, f1: 5.89
epoch: 474, val_loss:2.507046, acc: 23.21, bacc: 11.00, tmp_test_f1: 0.68, f1: 5.89
epoch: 475, val_loss:2.508604, acc: 23.21, bacc: 11.00, tmp_test_f1: 0.69, f1: 5.89
epoch: 476, val_loss:2.509498, acc: 23.21, bacc: 11.00, tmp_test_f1: 0.69, f1: 5.89
epoch: 477, val_loss:2.510474, acc: 23.21, bacc: 11.00, tmp_test_f1: 0.69, f1: 5.89
epoch: 478, val_loss:2.511678, acc: 23.21, bacc: 11.00, tmp_test_f1: 0.68, f1: 5.89
epoch: 479, val_loss:2.512012, acc: 23.21, bacc: 11.00, tmp_test_f1: 0.66, f1: 5.89
epoch: 480, val_loss:2.511618, acc: 23.21, bacc: 11.00, tmp_test_f1: 0.65, f1: 5.89
epoch: 481, val_loss:2.510355, acc: 23.21, bacc: 11.00, tmp_test_f1: 0.64, f1: 5.89
epoch: 482, val_loss:2.508461, acc: 23.21, bacc: 11.00, tmp_test_f1: 0.63, f1: 5.89
epoch: 483, val_loss:2.507143, acc: 23.21, bacc: 11.00, tmp_test_f1: 0.63, f1: 5.89
epoch: 484, val_loss:2.506112, acc: 23.21, bacc: 11.00, tmp_test_f1: 0.64, f1: 5.89
epoch: 485, val_loss:2.504417, acc: 23.21, bacc: 11.00, tmp_test_f1: 0.66, f1: 5.89
epoch: 486, val_loss:2.502956, acc: 23.21, bacc: 11.00, tmp_test_f1: 0.68, f1: 5.89
epoch: 487, val_loss:2.501290, acc: 23.21, bacc: 11.00, tmp_test_f1: 0.69, f1: 5.89
epoch: 488, val_loss:2.499245, acc: 23.21, bacc: 11.00, tmp_test_f1: 0.72, f1: 5.89
epoch: 489, val_loss:2.497871, acc: 23.21, bacc: 11.00, tmp_test_f1: 0.71, f1: 5.89
epoch: 490, val_loss:2.497681, acc: 23.21, bacc: 11.00, tmp_test_f1: 0.72, f1: 5.89
epoch: 491, val_loss:2.498487, acc: 23.21, bacc: 11.00, tmp_test_f1: 0.71, f1: 5.89
epoch: 492, val_loss:2.500554, acc: 23.21, bacc: 11.00, tmp_test_f1: 0.70, f1: 5.89
epoch: 493, val_loss:2.503126, acc: 23.21, bacc: 11.00, tmp_test_f1: 0.68, f1: 5.89
epoch: 494, val_loss:2.506202, acc: 23.21, bacc: 11.00, tmp_test_f1: 0.68, f1: 5.89
epoch: 495, val_loss:2.509094, acc: 23.21, bacc: 11.00, tmp_test_f1: 0.67, f1: 5.89
epoch: 496, val_loss:2.511252, acc: 23.21, bacc: 11.00, tmp_test_f1: 0.66, f1: 5.89
epoch: 497, val_loss:2.512227, acc: 23.21, bacc: 11.00, tmp_test_f1: 0.67, f1: 5.89
epoch: 498, val_loss:2.511439, acc: 23.21, bacc: 11.00, tmp_test_f1: 0.68, f1: 5.89
epoch: 499, val_loss:2.511458, acc: 23.21, bacc: 11.00, tmp_test_f1: 0.66, f1: 5.89
epoch: 500, val_loss:2.510889, acc: 23.21, bacc: 11.00, tmp_test_f1: 0.65, f1: 5.89
epoch: 501, val_loss:2.509618, acc: 23.21, bacc: 11.00, tmp_test_f1: 0.67, f1: 5.89
epoch: 502, val_loss:2.508864, acc: 23.21, bacc: 11.00, tmp_test_f1: 0.64, f1: 5.89
epoch: 503, val_loss:2.508329, acc: 23.21, bacc: 11.00, tmp_test_f1: 0.64, f1: 5.89
epoch: 504, val_loss:2.507897, acc: 23.21, bacc: 11.00, tmp_test_f1: 0.66, f1: 5.89
epoch: 505, val_loss:2.507942, acc: 23.21, bacc: 11.00, tmp_test_f1: 0.64, f1: 5.89
epoch: 506, val_loss:2.507691, acc: 23.21, bacc: 11.00, tmp_test_f1: 0.64, f1: 5.89
epoch: 507, val_loss:2.506955, acc: 23.21, bacc: 11.00, tmp_test_f1: 0.62, f1: 5.89
epoch: 508, val_loss:2.505882, acc: 23.21, bacc: 11.00, tmp_test_f1: 0.64, f1: 5.89
epoch: 509, val_loss:2.504983, acc: 23.21, bacc: 11.00, tmp_test_f1: 0.63, f1: 5.89
epoch: 510, val_loss:2.504297, acc: 23.21, bacc: 11.00, tmp_test_f1: 0.60, f1: 5.89
epoch: 511, val_loss:2.505076, acc: 23.21, bacc: 11.00, tmp_test_f1: 0.60, f1: 5.89
epoch: 512, val_loss:2.504844, acc: 23.21, bacc: 11.00, tmp_test_f1: 0.60, f1: 5.89
epoch: 513, val_loss:2.504930, acc: 23.21, bacc: 11.00, tmp_test_f1: 0.57, f1: 5.89
epoch: 514, val_loss:2.505194, acc: 23.21, bacc: 11.00, tmp_test_f1: 0.58, f1: 5.89
epoch: 515, val_loss:2.505244, acc: 23.21, bacc: 11.00, tmp_test_f1: 0.59, f1: 5.89
epoch: 516, val_loss:2.504704, acc: 23.21, bacc: 11.00, tmp_test_f1: 0.60, f1: 5.89
epoch: 517, val_loss:2.503586, acc: 23.21, bacc: 11.00, tmp_test_f1: 0.60, f1: 5.89
epoch: 518, val_loss:2.502883, acc: 23.21, bacc: 11.00, tmp_test_f1: 0.61, f1: 5.89
epoch: 519, val_loss:2.502263, acc: 23.21, bacc: 11.00, tmp_test_f1: 0.61, f1: 5.89
epoch: 520, val_loss:2.503022, acc: 23.21, bacc: 11.00, tmp_test_f1: 0.64, f1: 5.89
epoch: 521, val_loss:2.503237, acc: 23.21, bacc: 11.00, tmp_test_f1: 0.65, f1: 5.89
epoch: 522, val_loss:2.502660, acc: 23.21, bacc: 11.00, tmp_test_f1: 0.65, f1: 5.89
epoch: 523, val_loss:2.501905, acc: 23.21, bacc: 11.00, tmp_test_f1: 0.69, f1: 5.89
epoch: 524, val_loss:2.501244, acc: 23.21, bacc: 11.00, tmp_test_f1: 0.71, f1: 5.89
epoch: 525, val_loss:2.501417, acc: 23.21, bacc: 11.00, tmp_test_f1: 0.71, f1: 5.89
epoch: 526, val_loss:2.502585, acc: 23.21, bacc: 11.00, tmp_test_f1: 0.69, f1: 5.89
epoch: 527, val_loss:2.504645, acc: 23.21, bacc: 11.00, tmp_test_f1: 0.68, f1: 5.89
epoch: 528, val_loss:2.507222, acc: 23.21, bacc: 11.00, tmp_test_f1: 0.66, f1: 5.89
epoch: 529, val_loss:2.509456, acc: 23.21, bacc: 11.00, tmp_test_f1: 0.66, f1: 5.89
epoch: 530, val_loss:2.511034, acc: 23.21, bacc: 11.00, tmp_test_f1: 0.68, f1: 5.89
epoch: 531, val_loss:2.511470, acc: 23.21, bacc: 11.00, tmp_test_f1: 0.68, f1: 5.89
epoch: 532, val_loss:2.511875, acc: 23.21, bacc: 11.00, tmp_test_f1: 0.71, f1: 5.89
epoch: 533, val_loss:2.511851, acc: 23.21, bacc: 11.00, tmp_test_f1: 0.71, f1: 5.89
epoch: 534, val_loss:2.512454, acc: 23.21, bacc: 11.00, tmp_test_f1: 0.69, f1: 5.89
epoch: 535, val_loss:2.512506, acc: 23.21, bacc: 11.00, tmp_test_f1: 0.67, f1: 5.89
epoch: 536, val_loss:2.511927, acc: 23.21, bacc: 11.00, tmp_test_f1: 0.66, f1: 5.89
epoch: 537, val_loss:2.511366, acc: 23.21, bacc: 11.00, tmp_test_f1: 0.66, f1: 5.89
epoch: 538, val_loss:2.510869, acc: 23.21, bacc: 11.00, tmp_test_f1: 0.66, f1: 5.89
epoch: 539, val_loss:2.510460, acc: 23.21, bacc: 11.00, tmp_test_f1: 0.62, f1: 5.89
epoch: 540, val_loss:2.510582, acc: 23.21, bacc: 11.00, tmp_test_f1: 0.62, f1: 5.89
epoch: 541, val_loss:2.510247, acc: 23.21, bacc: 11.00, tmp_test_f1: 0.61, f1: 5.89
epoch: 542, val_loss:2.508953, acc: 23.21, bacc: 11.00, tmp_test_f1: 0.63, f1: 5.89
epoch: 543, val_loss:2.507037, acc: 23.21, bacc: 11.00, tmp_test_f1: 0.64, f1: 5.89
epoch: 544, val_loss:2.506030, acc: 23.21, bacc: 11.00, tmp_test_f1: 0.64, f1: 5.89
epoch: 545, val_loss:2.506850, acc: 23.21, bacc: 11.00, tmp_test_f1: 0.64, f1: 5.89
epoch: 546, val_loss:2.507888, acc: 23.21, bacc: 11.00, tmp_test_f1: 0.64, f1: 5.89
epoch: 547, val_loss:2.508824, acc: 23.21, bacc: 11.00, tmp_test_f1: 0.64, f1: 5.89
epoch: 548, val_loss:2.510086, acc: 23.21, bacc: 11.00, tmp_test_f1: 0.66, f1: 5.89
epoch: 549, val_loss:2.510578, acc: 23.21, bacc: 11.00, tmp_test_f1: 0.66, f1: 5.89
epoch: 550, val_loss:2.510828, acc: 23.21, bacc: 11.00, tmp_test_f1: 0.66, f1: 5.89
epoch: 551, val_loss:2.510778, acc: 23.21, bacc: 11.00, tmp_test_f1: 0.69, f1: 5.89
epoch: 552, val_loss:2.509576, acc: 23.21, bacc: 11.00, tmp_test_f1: 0.67, f1: 5.89
epoch: 553, val_loss:2.508550, acc: 23.21, bacc: 11.00, tmp_test_f1: 0.67, f1: 5.89
epoch: 554, val_loss:2.508835, acc: 23.21, bacc: 11.00, tmp_test_f1: 0.67, f1: 5.89
epoch: 555, val_loss:2.509520, acc: 23.21, bacc: 11.00, tmp_test_f1: 0.66, f1: 5.89
epoch: 556, val_loss:2.510273, acc: 23.21, bacc: 11.00, tmp_test_f1: 0.66, f1: 5.89
epoch: 557, val_loss:2.510915, acc: 23.21, bacc: 11.00, tmp_test_f1: 0.62, f1: 5.89
epoch: 558, val_loss:2.512495, acc: 23.21, bacc: 11.00, tmp_test_f1: 0.58, f1: 5.89
epoch: 559, val_loss:2.514716, acc: 23.21, bacc: 11.00, tmp_test_f1: 0.55, f1: 5.89
epoch: 560, val_loss:2.516150, acc: 23.21, bacc: 11.00, tmp_test_f1: 0.54, f1: 5.89
epoch: 561, val_loss:2.514238, acc: 23.21, bacc: 11.00, tmp_test_f1: 0.55, f1: 5.89
epoch: 562, val_loss:2.511302, acc: 23.21, bacc: 11.00, tmp_test_f1: 0.56, f1: 5.89
epoch: 563, val_loss:2.508239, acc: 23.21, bacc: 11.00, tmp_test_f1: 0.59, f1: 5.89
epoch: 564, val_loss:2.504848, acc: 23.21, bacc: 11.00, tmp_test_f1: 0.61, f1: 5.89
epoch: 565, val_loss:2.502101, acc: 23.21, bacc: 11.00, tmp_test_f1: 0.62, f1: 5.89
epoch: 566, val_loss:2.499934, acc: 23.21, bacc: 11.00, tmp_test_f1: 0.62, f1: 5.89
epoch: 567, val_loss:2.499615, acc: 23.21, bacc: 11.00, tmp_test_f1: 0.61, f1: 5.89
epoch: 568, val_loss:2.500075, acc: 23.21, bacc: 11.00, tmp_test_f1: 0.62, f1: 5.89
epoch: 569, val_loss:2.501113, acc: 23.21, bacc: 11.00, tmp_test_f1: 0.61, f1: 5.89
epoch: 570, val_loss:2.503087, acc: 23.21, bacc: 11.00, tmp_test_f1: 0.62, f1: 5.89
epoch: 571, val_loss:2.505177, acc: 23.21, bacc: 11.00, tmp_test_f1: 0.62, f1: 5.89
epoch: 572, val_loss:2.507820, acc: 23.21, bacc: 11.00, tmp_test_f1: 0.62, f1: 5.89
epoch: 573, val_loss:2.509904, acc: 23.21, bacc: 11.00, tmp_test_f1: 0.62, f1: 5.89
epoch: 574, val_loss:2.510809, acc: 23.21, bacc: 11.00, tmp_test_f1: 0.61, f1: 5.89
epoch: 575, val_loss:2.510917, acc: 23.21, bacc: 11.00, tmp_test_f1: 0.61, f1: 5.89
epoch: 576, val_loss:2.511548, acc: 23.21, bacc: 11.00, tmp_test_f1: 0.61, f1: 5.89
epoch: 577, val_loss:2.510831, acc: 23.21, bacc: 11.00, tmp_test_f1: 0.63, f1: 5.89
epoch: 578, val_loss:2.508191, acc: 23.21, bacc: 11.00, tmp_test_f1: 0.63, f1: 5.89
epoch: 579, val_loss:2.504658, acc: 23.21, bacc: 11.00, tmp_test_f1: 0.66, f1: 5.89
epoch: 580, val_loss:2.501095, acc: 23.21, bacc: 11.00, tmp_test_f1: 0.67, f1: 5.89
epoch: 581, val_loss:2.498049, acc: 23.21, bacc: 11.00, tmp_test_f1: 0.66, f1: 5.89
epoch: 582, val_loss:2.496863, acc: 23.21, bacc: 11.00, tmp_test_f1: 0.66, f1: 5.89
epoch: 583, val_loss:2.497044, acc: 23.21, bacc: 11.00, tmp_test_f1: 0.63, f1: 5.89
epoch: 584, val_loss:2.498398, acc: 23.21, bacc: 11.00, tmp_test_f1: 0.62, f1: 5.89
epoch: 585, val_loss:2.500591, acc: 23.21, bacc: 11.00, tmp_test_f1: 0.61, f1: 5.89
epoch: 586, val_loss:2.502934, acc: 23.21, bacc: 11.00, tmp_test_f1: 0.62, f1: 5.89
epoch: 587, val_loss:2.506052, acc: 23.21, bacc: 11.00, tmp_test_f1: 0.61, f1: 5.89
epoch: 588, val_loss:2.508555, acc: 23.21, bacc: 11.00, tmp_test_f1: 0.61, f1: 5.89
epoch: 589, val_loss:2.510621, acc: 23.21, bacc: 11.00, tmp_test_f1: 0.60, f1: 5.89
epoch: 590, val_loss:2.512329, acc: 23.21, bacc: 11.00, tmp_test_f1: 0.61, f1: 5.89
epoch: 591, val_loss:2.513071, acc: 23.21, bacc: 11.00, tmp_test_f1: 0.61, f1: 5.89
epoch: 592, val_loss:2.512555, acc: 23.21, bacc: 11.00, tmp_test_f1: 0.61, f1: 5.89
epoch: 593, val_loss:2.511829, acc: 23.21, bacc: 11.00, tmp_test_f1: 0.60, f1: 5.89
epoch: 594, val_loss:2.509955, acc: 23.21, bacc: 11.00, tmp_test_f1: 0.60, f1: 5.89
epoch: 595, val_loss:2.507328, acc: 23.21, bacc: 11.00, tmp_test_f1: 0.63, f1: 5.89
epoch: 596, val_loss:2.504296, acc: 23.21, bacc: 11.00, tmp_test_f1: 0.66, f1: 5.89
epoch: 597, val_loss:2.501644, acc: 23.21, bacc: 11.00, tmp_test_f1: 0.66, f1: 5.89
epoch: 598, val_loss:2.499342, acc: 23.21, bacc: 11.00, tmp_test_f1: 0.67, f1: 5.89
epoch: 599, val_loss:2.498449, acc: 23.21, bacc: 11.00, tmp_test_f1: 0.66, f1: 5.89
epoch: 600, val_loss:2.498265, acc: 23.21, bacc: 11.00, tmp_test_f1: 0.65, f1: 5.89
epoch: 601, val_loss:2.498583, acc: 23.21, bacc: 11.00, tmp_test_f1: 0.64, f1: 5.89
epoch: 602, val_loss:2.499513, acc: 23.21, bacc: 11.00, tmp_test_f1: 0.63, f1: 5.89
Epoch 00603: reducing learning rate of group 0 to 1.2500e-02.
epoch: 603, val_loss:2.499719, acc: 23.21, bacc: 11.00, tmp_test_f1: 0.62, f1: 5.89
epoch: 604, val_loss:2.500872, acc: 23.21, bacc: 11.00, tmp_test_f1: 0.61, f1: 5.89
epoch: 605, val_loss:2.501453, acc: 23.21, bacc: 11.00, tmp_test_f1: 0.61, f1: 5.89
epoch: 606, val_loss:2.501924, acc: 23.21, bacc: 11.00, tmp_test_f1: 0.58, f1: 5.89
epoch: 607, val_loss:2.502486, acc: 23.21, bacc: 11.00, tmp_test_f1: 0.57, f1: 5.89
epoch: 608, val_loss:2.502716, acc: 23.21, bacc: 11.00, tmp_test_f1: 0.56, f1: 5.89
epoch: 609, val_loss:2.502998, acc: 23.21, bacc: 11.00, tmp_test_f1: 0.56, f1: 5.89
epoch: 610, val_loss:2.502925, acc: 23.21, bacc: 11.00, tmp_test_f1: 0.56, f1: 5.89
epoch: 611, val_loss:2.502689, acc: 23.21, bacc: 11.00, tmp_test_f1: 0.53, f1: 5.89
epoch: 612, val_loss:2.502656, acc: 23.21, bacc: 11.00, tmp_test_f1: 0.56, f1: 5.89
epoch: 613, val_loss:2.502561, acc: 23.21, bacc: 11.00, tmp_test_f1: 0.56, f1: 5.89
epoch: 614, val_loss:2.502420, acc: 23.21, bacc: 11.00, tmp_test_f1: 0.56, f1: 5.89
epoch: 615, val_loss:2.502845, acc: 23.21, bacc: 11.00, tmp_test_f1: 0.59, f1: 5.89
epoch: 616, val_loss:2.503508, acc: 23.21, bacc: 11.00, tmp_test_f1: 0.59, f1: 5.89
epoch: 617, val_loss:2.504725, acc: 23.21, bacc: 11.00, tmp_test_f1: 0.61, f1: 5.89
epoch: 618, val_loss:2.506176, acc: 23.21, bacc: 11.00, tmp_test_f1: 0.58, f1: 5.89
epoch: 619, val_loss:2.507359, acc: 23.21, bacc: 11.00, tmp_test_f1: 0.62, f1: 5.89
epoch: 620, val_loss:2.508491, acc: 23.21, bacc: 11.00, tmp_test_f1: 0.61, f1: 5.89
epoch: 621, val_loss:2.509488, acc: 23.21, bacc: 11.00, tmp_test_f1: 0.62, f1: 5.89
epoch: 622, val_loss:2.509994, acc: 23.21, bacc: 11.00, tmp_test_f1: 0.64, f1: 5.89
epoch: 623, val_loss:2.510064, acc: 23.21, bacc: 11.00, tmp_test_f1: 0.66, f1: 5.89
epoch: 624, val_loss:2.509533, acc: 23.21, bacc: 11.00, tmp_test_f1: 0.68, f1: 5.89
epoch: 625, val_loss:2.508710, acc: 23.21, bacc: 11.00, tmp_test_f1: 0.70, f1: 5.89
epoch: 626, val_loss:2.507731, acc: 23.21, bacc: 11.00, tmp_test_f1: 0.72, f1: 5.89
epoch: 627, val_loss:2.506648, acc: 23.21, bacc: 11.00, tmp_test_f1: 0.72, f1: 5.89
epoch: 628, val_loss:2.505915, acc: 23.21, bacc: 11.00, tmp_test_f1: 0.69, f1: 5.89
epoch: 629, val_loss:2.505113, acc: 23.21, bacc: 11.00, tmp_test_f1: 0.67, f1: 5.89
epoch: 630, val_loss:2.504437, acc: 23.21, bacc: 11.00, tmp_test_f1: 0.64, f1: 5.89
epoch: 631, val_loss:2.503594, acc: 23.21, bacc: 11.00, tmp_test_f1: 0.63, f1: 5.89
epoch: 632, val_loss:2.502782, acc: 23.21, bacc: 11.00, tmp_test_f1: 0.64, f1: 5.89
epoch: 633, val_loss:2.502182, acc: 23.21, bacc: 11.00, tmp_test_f1: 0.63, f1: 5.89
epoch: 634, val_loss:2.501960, acc: 23.21, bacc: 11.00, tmp_test_f1: 0.62, f1: 5.89
epoch: 635, val_loss:2.501713, acc: 23.21, bacc: 11.00, tmp_test_f1: 0.61, f1: 5.89
epoch: 636, val_loss:2.501545, acc: 23.21, bacc: 11.00, tmp_test_f1: 0.58, f1: 5.89
epoch: 637, val_loss:2.501790, acc: 23.21, bacc: 11.00, tmp_test_f1: 0.58, f1: 5.89
epoch: 638, val_loss:2.502503, acc: 23.21, bacc: 11.00, tmp_test_f1: 0.58, f1: 5.89
epoch: 639, val_loss:2.503538, acc: 23.21, bacc: 11.00, tmp_test_f1: 0.58, f1: 5.89
epoch: 640, val_loss:2.504580, acc: 23.21, bacc: 11.00, tmp_test_f1: 0.58, f1: 5.89
epoch: 641, val_loss:2.505244, acc: 23.21, bacc: 11.00, tmp_test_f1: 0.58, f1: 5.89
epoch: 642, val_loss:2.505726, acc: 23.21, bacc: 11.00, tmp_test_f1: 0.59, f1: 5.89
epoch: 643, val_loss:2.506242, acc: 23.21, bacc: 11.00, tmp_test_f1: 0.59, f1: 5.89
epoch: 644, val_loss:2.506768, acc: 23.21, bacc: 11.00, tmp_test_f1: 0.60, f1: 5.89
epoch: 645, val_loss:2.506771, acc: 23.21, bacc: 11.00, tmp_test_f1: 0.62, f1: 5.89
epoch: 646, val_loss:2.506258, acc: 23.21, bacc: 11.00, tmp_test_f1: 0.62, f1: 5.89
epoch: 647, val_loss:2.505619, acc: 23.21, bacc: 11.00, tmp_test_f1: 0.61, f1: 5.89
epoch: 648, val_loss:2.504767, acc: 23.21, bacc: 11.00, tmp_test_f1: 0.60, f1: 5.89
epoch: 649, val_loss:2.503865, acc: 23.21, bacc: 11.00, tmp_test_f1: 0.60, f1: 5.89
epoch: 650, val_loss:2.503432, acc: 23.21, bacc: 11.00, tmp_test_f1: 0.60, f1: 5.89
epoch: 651, val_loss:2.503679, acc: 23.21, bacc: 11.00, tmp_test_f1: 0.58, f1: 5.89
epoch: 652, val_loss:2.504107, acc: 23.21, bacc: 11.00, tmp_test_f1: 0.58, f1: 5.89
epoch: 653, val_loss:2.504240, acc: 23.21, bacc: 11.00, tmp_test_f1: 0.58, f1: 5.89
epoch: 654, val_loss:2.504812, acc: 23.21, bacc: 11.00, tmp_test_f1: 0.58, f1: 5.89
epoch: 655, val_loss:2.505047, acc: 23.21, bacc: 11.00, tmp_test_f1: 0.58, f1: 5.89
epoch: 656, val_loss:2.505689, acc: 23.21, bacc: 11.00, tmp_test_f1: 0.60, f1: 5.89
epoch: 657, val_loss:2.505851, acc: 23.21, bacc: 11.00, tmp_test_f1: 0.61, f1: 5.89
epoch: 658, val_loss:2.505841, acc: 23.21, bacc: 11.00, tmp_test_f1: 0.61, f1: 5.89
epoch: 659, val_loss:2.505625, acc: 23.21, bacc: 11.00, tmp_test_f1: 0.63, f1: 5.89
epoch: 660, val_loss:2.505087, acc: 23.21, bacc: 11.00, tmp_test_f1: 0.64, f1: 5.89
epoch: 661, val_loss:2.504643, acc: 23.21, bacc: 11.00, tmp_test_f1: 0.65, f1: 5.89
epoch: 662, val_loss:2.504080, acc: 23.21, bacc: 11.00, tmp_test_f1: 0.66, f1: 5.89
epoch: 663, val_loss:2.503492, acc: 23.21, bacc: 11.00, tmp_test_f1: 0.66, f1: 5.89
epoch: 664, val_loss:2.503377, acc: 23.21, bacc: 11.00, tmp_test_f1: 0.65, f1: 5.89
epoch: 665, val_loss:2.503804, acc: 23.21, bacc: 11.00, tmp_test_f1: 0.63, f1: 5.89
epoch: 666, val_loss:2.504674, acc: 23.21, bacc: 11.00, tmp_test_f1: 0.64, f1: 5.89
epoch: 667, val_loss:2.505326, acc: 23.21, bacc: 11.00, tmp_test_f1: 0.64, f1: 5.89
epoch: 668, val_loss:2.506063, acc: 23.21, bacc: 11.00, tmp_test_f1: 0.64, f1: 5.89
epoch: 669, val_loss:2.506788, acc: 23.21, bacc: 11.00, tmp_test_f1: 0.63, f1: 5.89
epoch: 670, val_loss:2.507262, acc: 23.21, bacc: 11.00, tmp_test_f1: 0.63, f1: 5.89
epoch: 671, val_loss:2.507556, acc: 23.21, bacc: 11.00, tmp_test_f1: 0.64, f1: 5.89
epoch: 672, val_loss:2.507695, acc: 23.21, bacc: 11.00, tmp_test_f1: 0.65, f1: 5.89
epoch: 673, val_loss:2.507433, acc: 23.21, bacc: 11.00, tmp_test_f1: 0.66, f1: 5.89
epoch: 674, val_loss:2.507190, acc: 23.21, bacc: 11.00, tmp_test_f1: 0.65, f1: 5.89
epoch: 675, val_loss:2.507077, acc: 23.21, bacc: 11.00, tmp_test_f1: 0.64, f1: 5.89
epoch: 676, val_loss:2.507028, acc: 23.21, bacc: 11.00, tmp_test_f1: 0.63, f1: 5.89
epoch: 677, val_loss:2.506387, acc: 23.21, bacc: 11.00, tmp_test_f1: 0.62, f1: 5.89
epoch: 678, val_loss:2.506102, acc: 23.21, bacc: 11.00, tmp_test_f1: 0.62, f1: 5.89
epoch: 679, val_loss:2.505719, acc: 23.21, bacc: 11.00, tmp_test_f1: 0.60, f1: 5.89
epoch: 680, val_loss:2.505476, acc: 23.21, bacc: 11.00, tmp_test_f1: 0.58, f1: 5.89
epoch: 681, val_loss:2.505139, acc: 23.21, bacc: 11.00, tmp_test_f1: 0.61, f1: 5.89
epoch: 682, val_loss:2.504546, acc: 23.21, bacc: 11.00, tmp_test_f1: 0.60, f1: 5.89
epoch: 683, val_loss:2.504035, acc: 23.21, bacc: 11.00, tmp_test_f1: 0.60, f1: 5.89
epoch: 684, val_loss:2.503822, acc: 23.21, bacc: 11.00, tmp_test_f1: 0.60, f1: 5.89
epoch: 685, val_loss:2.503319, acc: 23.21, bacc: 11.00, tmp_test_f1: 0.60, f1: 5.89
epoch: 686, val_loss:2.503114, acc: 23.21, bacc: 11.00, tmp_test_f1: 0.61, f1: 5.89
epoch: 687, val_loss:2.503546, acc: 23.21, bacc: 11.00, tmp_test_f1: 0.63, f1: 5.89
epoch: 688, val_loss:2.504121, acc: 23.21, bacc: 11.00, tmp_test_f1: 0.65, f1: 5.89
epoch: 689, val_loss:2.504924, acc: 23.21, bacc: 11.00, tmp_test_f1: 0.64, f1: 5.89
epoch: 690, val_loss:2.506130, acc: 23.21, bacc: 11.00, tmp_test_f1: 0.63, f1: 5.89
epoch: 691, val_loss:2.507470, acc: 23.21, bacc: 11.00, tmp_test_f1: 0.64, f1: 5.89
epoch: 692, val_loss:2.507995, acc: 23.21, bacc: 11.00, tmp_test_f1: 0.64, f1: 5.89
epoch: 693, val_loss:2.508262, acc: 23.21, bacc: 11.00, tmp_test_f1: 0.62, f1: 5.89
epoch: 694, val_loss:2.508498, acc: 23.21, bacc: 11.00, tmp_test_f1: 0.63, f1: 5.89
epoch: 695, val_loss:2.509271, acc: 23.21, bacc: 11.00, tmp_test_f1: 0.62, f1: 5.89
epoch: 696, val_loss:2.509510, acc: 23.21, bacc: 11.00, tmp_test_f1: 0.64, f1: 5.89
epoch: 697, val_loss:2.509271, acc: 23.21, bacc: 11.00, tmp_test_f1: 0.64, f1: 5.89
epoch: 698, val_loss:2.508890, acc: 23.21, bacc: 11.00, tmp_test_f1: 0.65, f1: 5.89
epoch: 699, val_loss:2.508088, acc: 23.21, bacc: 11.00, tmp_test_f1: 0.66, f1: 5.89
epoch: 700, val_loss:2.507342, acc: 23.21, bacc: 11.00, tmp_test_f1: 0.66, f1: 5.89
epoch: 701, val_loss:2.506584, acc: 23.21, bacc: 11.00, tmp_test_f1: 0.66, f1: 5.89
epoch: 702, val_loss:2.505866, acc: 23.21, bacc: 11.00, tmp_test_f1: 0.65, f1: 5.89
epoch: 703, val_loss:2.505864, acc: 23.21, bacc: 11.00, tmp_test_f1: 0.66, f1: 5.89
epoch: 704, val_loss:2.505509, acc: 23.21, bacc: 11.00, tmp_test_f1: 0.66, f1: 5.89
epoch: 705, val_loss:2.504813, acc: 23.21, bacc: 11.00, tmp_test_f1: 0.66, f1: 5.89
epoch: 706, val_loss:2.504501, acc: 23.21, bacc: 11.00, tmp_test_f1: 0.66, f1: 5.89
epoch: 707, val_loss:2.504708, acc: 23.21, bacc: 11.00, tmp_test_f1: 0.66, f1: 5.89
epoch: 708, val_loss:2.505244, acc: 23.21, bacc: 11.00, tmp_test_f1: 0.67, f1: 5.89
epoch: 709, val_loss:2.505818, acc: 23.21, bacc: 11.00, tmp_test_f1: 0.67, f1: 5.89
epoch: 710, val_loss:2.505752, acc: 23.21, bacc: 11.00, tmp_test_f1: 0.68, f1: 5.89
epoch: 711, val_loss:2.505661, acc: 23.21, bacc: 11.00, tmp_test_f1: 0.69, f1: 5.89
epoch: 712, val_loss:2.506495, acc: 23.21, bacc: 11.00, tmp_test_f1: 0.68, f1: 5.89
epoch: 713, val_loss:2.507475, acc: 23.21, bacc: 11.00, tmp_test_f1: 0.68, f1: 5.89
epoch: 714, val_loss:2.508824, acc: 23.21, bacc: 11.00, tmp_test_f1: 0.68, f1: 5.89
epoch: 715, val_loss:2.510068, acc: 23.21, bacc: 11.00, tmp_test_f1: 0.69, f1: 5.89
epoch: 716, val_loss:2.511144, acc: 23.21, bacc: 11.00, tmp_test_f1: 0.69, f1: 5.89
epoch: 717, val_loss:2.512307, acc: 23.21, bacc: 11.00, tmp_test_f1: 0.64, f1: 5.89
epoch: 718, val_loss:2.513180, acc: 23.21, bacc: 11.00, tmp_test_f1: 0.64, f1: 5.89
epoch: 719, val_loss:2.513705, acc: 23.21, bacc: 11.00, tmp_test_f1: 0.64, f1: 5.89
epoch: 720, val_loss:2.514065, acc: 23.21, bacc: 11.00, tmp_test_f1: 0.64, f1: 5.89
epoch: 721, val_loss:2.514175, acc: 23.21, bacc: 11.00, tmp_test_f1: 0.64, f1: 5.89
epoch: 722, val_loss:2.514201, acc: 23.21, bacc: 11.00, tmp_test_f1: 0.66, f1: 5.89
epoch: 723, val_loss:2.513551, acc: 23.21, bacc: 11.00, tmp_test_f1: 0.66, f1: 5.89
epoch: 724, val_loss:2.512707, acc: 23.21, bacc: 11.00, tmp_test_f1: 0.68, f1: 5.89
epoch: 725, val_loss:2.511875, acc: 23.21, bacc: 11.00, tmp_test_f1: 0.69, f1: 5.89
epoch: 726, val_loss:2.511141, acc: 23.21, bacc: 11.00, tmp_test_f1: 0.71, f1: 5.89
epoch: 727, val_loss:2.509876, acc: 23.21, bacc: 11.00, tmp_test_f1: 0.72, f1: 5.89
epoch: 728, val_loss:2.508366, acc: 23.21, bacc: 11.00, tmp_test_f1: 0.72, f1: 5.89
epoch: 729, val_loss:2.507144, acc: 23.21, bacc: 11.00, tmp_test_f1: 0.73, f1: 5.89
epoch: 730, val_loss:2.506392, acc: 23.21, bacc: 11.00, tmp_test_f1: 0.72, f1: 5.89
epoch: 731, val_loss:2.506009, acc: 23.21, bacc: 11.00, tmp_test_f1: 0.72, f1: 5.89
epoch: 732, val_loss:2.506401, acc: 23.21, bacc: 11.00, tmp_test_f1: 0.71, f1: 5.89
epoch: 733, val_loss:2.507047, acc: 23.21, bacc: 11.00, tmp_test_f1: 0.71, f1: 5.89
epoch: 734, val_loss:2.507936, acc: 23.21, bacc: 11.00, tmp_test_f1: 0.71, f1: 5.89
epoch: 735, val_loss:2.509274, acc: 23.21, bacc: 11.00, tmp_test_f1: 0.69, f1: 5.89
epoch: 736, val_loss:2.510578, acc: 23.21, bacc: 11.00, tmp_test_f1: 0.68, f1: 5.89
epoch: 737, val_loss:2.511794, acc: 23.21, bacc: 11.00, tmp_test_f1: 0.68, f1: 5.89
epoch: 738, val_loss:2.512950, acc: 23.21, bacc: 11.00, tmp_test_f1: 0.68, f1: 5.89
epoch: 739, val_loss:2.513588, acc: 23.21, bacc: 11.00, tmp_test_f1: 0.67, f1: 5.89
epoch: 740, val_loss:2.513948, acc: 23.21, bacc: 11.00, tmp_test_f1: 0.67, f1: 5.89
epoch: 741, val_loss:2.514245, acc: 23.21, bacc: 11.00, tmp_test_f1: 0.67, f1: 5.89
epoch: 742, val_loss:2.514474, acc: 23.21, bacc: 11.00, tmp_test_f1: 0.66, f1: 5.89
epoch: 743, val_loss:2.514375, acc: 23.21, bacc: 11.00, tmp_test_f1: 0.65, f1: 5.89
epoch: 744, val_loss:2.514707, acc: 23.21, bacc: 11.00, tmp_test_f1: 0.65, f1: 5.89
epoch: 745, val_loss:2.514599, acc: 23.21, bacc: 11.00, tmp_test_f1: 0.65, f1: 5.89
epoch: 746, val_loss:2.514599, acc: 23.21, bacc: 11.00, tmp_test_f1: 0.64, f1: 5.89
epoch: 747, val_loss:2.514041, acc: 23.21, bacc: 11.00, tmp_test_f1: 0.63, f1: 5.89
epoch: 748, val_loss:2.513119, acc: 23.21, bacc: 11.00, tmp_test_f1: 0.65, f1: 5.89
epoch: 749, val_loss:2.512047, acc: 23.21, bacc: 11.00, tmp_test_f1: 0.65, f1: 5.89
epoch: 750, val_loss:2.511151, acc: 23.21, bacc: 11.00, tmp_test_f1: 0.65, f1: 5.89
epoch: 751, val_loss:2.510040, acc: 23.21, bacc: 11.00, tmp_test_f1: 0.65, f1: 5.89
epoch: 752, val_loss:2.508873, acc: 23.21, bacc: 11.00, tmp_test_f1: 0.66, f1: 5.89
epoch: 753, val_loss:2.507970, acc: 23.21, bacc: 11.00, tmp_test_f1: 0.66, f1: 5.89
epoch: 754, val_loss:2.506623, acc: 23.21, bacc: 11.00, tmp_test_f1: 0.67, f1: 5.89
epoch: 755, val_loss:2.505597, acc: 23.21, bacc: 11.00, tmp_test_f1: 0.68, f1: 5.89
epoch: 756, val_loss:2.504704, acc: 23.21, bacc: 11.00, tmp_test_f1: 0.69, f1: 5.89
epoch: 757, val_loss:2.503952, acc: 23.21, bacc: 11.00, tmp_test_f1: 0.71, f1: 5.89
epoch: 758, val_loss:2.503643, acc: 23.21, bacc: 11.00, tmp_test_f1: 0.71, f1: 5.89
epoch: 759, val_loss:2.503984, acc: 23.21, bacc: 11.00, tmp_test_f1: 0.72, f1: 5.89
epoch: 760, val_loss:2.504481, acc: 23.21, bacc: 11.00, tmp_test_f1: 0.70, f1: 5.89
epoch: 761, val_loss:2.505236, acc: 23.21, bacc: 11.00, tmp_test_f1: 0.69, f1: 5.89
epoch: 762, val_loss:2.505791, acc: 23.21, bacc: 11.00, tmp_test_f1: 0.69, f1: 5.89
epoch: 763, val_loss:2.506835, acc: 23.21, bacc: 11.00, tmp_test_f1: 0.68, f1: 5.89
epoch: 764, val_loss:2.507394, acc: 23.21, bacc: 11.00, tmp_test_f1: 0.68, f1: 5.89
epoch: 765, val_loss:2.508026, acc: 23.21, bacc: 11.00, tmp_test_f1: 0.68, f1: 5.89
epoch: 766, val_loss:2.508806, acc: 23.21, bacc: 11.00, tmp_test_f1: 0.68, f1: 5.89
epoch: 767, val_loss:2.509534, acc: 23.21, bacc: 11.00, tmp_test_f1: 0.68, f1: 5.89
epoch: 768, val_loss:2.509896, acc: 23.21, bacc: 11.00, tmp_test_f1: 0.69, f1: 5.89
epoch: 769, val_loss:2.509722, acc: 23.21, bacc: 11.00, tmp_test_f1: 0.68, f1: 5.89
epoch: 770, val_loss:2.509134, acc: 23.21, bacc: 11.00, tmp_test_f1: 0.67, f1: 5.89
epoch: 771, val_loss:2.509156, acc: 23.21, bacc: 11.00, tmp_test_f1: 0.67, f1: 5.89
epoch: 772, val_loss:2.509122, acc: 23.21, bacc: 11.00, tmp_test_f1: 0.67, f1: 5.89
epoch: 773, val_loss:2.508979, acc: 23.21, bacc: 11.00, tmp_test_f1: 0.67, f1: 5.89
epoch: 774, val_loss:2.508798, acc: 23.21, bacc: 11.00, tmp_test_f1: 0.67, f1: 5.89
epoch: 775, val_loss:2.508711, acc: 23.21, bacc: 11.00, tmp_test_f1: 0.67, f1: 5.89
epoch: 776, val_loss:2.508735, acc: 23.21, bacc: 11.00, tmp_test_f1: 0.66, f1: 5.89
epoch: 777, val_loss:2.509238, acc: 23.21, bacc: 11.00, tmp_test_f1: 0.66, f1: 5.89
epoch: 778, val_loss:2.509468, acc: 23.21, bacc: 11.00, tmp_test_f1: 0.66, f1: 5.89
epoch: 779, val_loss:2.509860, acc: 23.21, bacc: 11.00, tmp_test_f1: 0.66, f1: 5.89
epoch: 780, val_loss:2.510151, acc: 23.21, bacc: 11.00, tmp_test_f1: 0.63, f1: 5.89
epoch: 781, val_loss:2.510684, acc: 23.21, bacc: 11.00, tmp_test_f1: 0.62, f1: 5.89
epoch: 782, val_loss:2.510959, acc: 23.21, bacc: 11.00, tmp_test_f1: 0.62, f1: 5.89
epoch: 783, val_loss:2.510330, acc: 23.21, bacc: 11.00, tmp_test_f1: 0.62, f1: 5.89
epoch: 784, val_loss:2.509495, acc: 23.21, bacc: 11.00, tmp_test_f1: 0.63, f1: 5.89
epoch: 785, val_loss:2.508852, acc: 23.21, bacc: 11.00, tmp_test_f1: 0.65, f1: 5.89
epoch: 786, val_loss:2.507842, acc: 23.21, bacc: 11.00, tmp_test_f1: 0.67, f1: 5.89
epoch: 787, val_loss:2.506902, acc: 23.21, bacc: 11.00, tmp_test_f1: 0.64, f1: 5.89
epoch: 788, val_loss:2.506663, acc: 23.21, bacc: 11.00, tmp_test_f1: 0.64, f1: 5.89
epoch: 789, val_loss:2.506912, acc: 23.21, bacc: 11.00, tmp_test_f1: 0.66, f1: 5.89
epoch: 790, val_loss:2.507302, acc: 23.21, bacc: 11.00, tmp_test_f1: 0.66, f1: 5.89
epoch: 791, val_loss:2.507577, acc: 23.21, bacc: 11.00, tmp_test_f1: 0.66, f1: 5.89
epoch: 792, val_loss:2.507904, acc: 23.21, bacc: 11.00, tmp_test_f1: 0.66, f1: 5.89
epoch: 793, val_loss:2.507936, acc: 23.21, bacc: 11.00, tmp_test_f1: 0.64, f1: 5.89
epoch: 794, val_loss:2.508505, acc: 23.21, bacc: 11.00, tmp_test_f1: 0.64, f1: 5.89
epoch: 795, val_loss:2.509459, acc: 23.21, bacc: 11.00, tmp_test_f1: 0.64, f1: 5.89
epoch: 796, val_loss:2.509954, acc: 23.21, bacc: 11.00, tmp_test_f1: 0.63, f1: 5.89
epoch: 797, val_loss:2.510604, acc: 23.21, bacc: 11.00, tmp_test_f1: 0.62, f1: 5.89
epoch: 798, val_loss:2.510754, acc: 23.21, bacc: 11.00, tmp_test_f1: 0.62, f1: 5.89
epoch: 799, val_loss:2.510182, acc: 23.21, bacc: 11.00, tmp_test_f1: 0.62, f1: 5.89
epoch: 800, val_loss:2.509373, acc: 23.21, bacc: 11.00, tmp_test_f1: 0.65, f1: 5.89
epoch: 801, val_loss:2.508114, acc: 23.21, bacc: 11.00, tmp_test_f1: 0.65, f1: 5.89
epoch: 802, val_loss:2.506857, acc: 23.21, bacc: 11.00, tmp_test_f1: 0.65, f1: 5.89
epoch: 803, val_loss:2.505692, acc: 23.21, bacc: 11.00, tmp_test_f1: 0.66, f1: 5.89
APPNP Amazon-Computers 100 Aug 23 EndEpoch 803 lr 0.1
SHAsplit  0, acc: 23.21, bacc: 11.00, f1: 5.89
