CUDA Device Index: 2
Namespace(IsDirectedData=False, AugDirect=4, net='APPNP', GPUdevice=2, seed=100, undirect_dataset='Amazon-Computers', Direct_dataset='WikipediaNetwork/squirrel', imb_ratio=100, dropout=0.1, num_filter=2, layer=2, alpha=0.1, K=2, feat_dim=64, warmup=5, epoch=1500, lr=0.1, l2=0.0005, tau=2, max=False, no_mask=False, gdc='ppr', heads=8, log_root='../logs/', log_path='test', data_path='../dataset/data/tmp/')
APPNP_ModelBen(
  (line1): Linear(in_features=767, out_features=2, bias=True)
  (line2): Linear(in_features=2, out_features=2, bias=True)
  (conv1): APPNP(K=10, alpha=0.1)
  (conv2): APPNP(K=10, alpha=0.1)
  (Conv): Conv1d(2, 10, kernel_size=(1,), stride=(1,))
)
test_f1 CountNotImproved reset to 0 in epoch 0
epoch:   0, val_loss:2.390159, acc: 3.11, bacc: 10.03, tmp_test_f1: 0.66, f1: 0.66
test_f1 CountNotImproved reset to 0 in epoch 1
epoch:   1, val_loss:2.398376, acc: 20.18, bacc: 10.66, tmp_test_f1: 4.83, f1: 4.83
test_f1 CountNotImproved reset to 0 in epoch 2
epoch:   2, val_loss:2.442399, acc: 23.21, bacc: 11.00, tmp_test_f1: 5.89, f1: 5.89
epoch:   3, val_loss:2.520634, acc: 23.21, bacc: 11.00, tmp_test_f1: 3.10, f1: 5.89
epoch:   4, val_loss:2.635915, acc: 23.21, bacc: 11.00, tmp_test_f1: 3.19, f1: 5.89
epoch:   5, val_loss:2.795862, acc: 23.21, bacc: 11.00, tmp_test_f1: 3.19, f1: 5.89
epoch:   6, val_loss:2.941254, acc: 23.21, bacc: 11.00, tmp_test_f1: 2.81, f1: 5.89
epoch:   7, val_loss:2.903255, acc: 23.21, bacc: 11.00, tmp_test_f1: 2.33, f1: 5.89
epoch:   8, val_loss:2.808824, acc: 23.21, bacc: 11.00, tmp_test_f1: 1.45, f1: 5.89
epoch:   9, val_loss:2.708340, acc: 23.21, bacc: 11.00, tmp_test_f1: 0.17, f1: 5.89
epoch:  10, val_loss:2.617232, acc: 23.21, bacc: 11.00, tmp_test_f1: 0.17, f1: 5.89
epoch:  11, val_loss:2.547915, acc: 23.21, bacc: 11.00, tmp_test_f1: 0.17, f1: 5.89
epoch:  12, val_loss:2.503267, acc: 23.21, bacc: 11.00, tmp_test_f1: 0.17, f1: 5.89
epoch:  13, val_loss:2.477781, acc: 23.21, bacc: 11.00, tmp_test_f1: 0.17, f1: 5.89
epoch:  14, val_loss:2.461082, acc: 23.21, bacc: 11.00, tmp_test_f1: 0.17, f1: 5.89
epoch:  15, val_loss:2.456017, acc: 23.21, bacc: 11.00, tmp_test_f1: 0.17, f1: 5.89
epoch:  16, val_loss:2.456144, acc: 23.21, bacc: 11.00, tmp_test_f1: 0.17, f1: 5.89
epoch:  17, val_loss:2.458794, acc: 23.21, bacc: 11.00, tmp_test_f1: 0.17, f1: 5.89
epoch:  18, val_loss:2.462840, acc: 23.21, bacc: 11.00, tmp_test_f1: 0.17, f1: 5.89
epoch:  19, val_loss:2.467394, acc: 23.21, bacc: 11.00, tmp_test_f1: 0.17, f1: 5.89
epoch:  20, val_loss:2.471757, acc: 23.21, bacc: 11.00, tmp_test_f1: 0.17, f1: 5.89
epoch:  21, val_loss:2.475396, acc: 23.21, bacc: 11.00, tmp_test_f1: 0.17, f1: 5.89
epoch:  22, val_loss:2.477970, acc: 23.21, bacc: 11.00, tmp_test_f1: 0.17, f1: 5.89
epoch:  23, val_loss:2.479297, acc: 23.21, bacc: 11.00, tmp_test_f1: 0.17, f1: 5.89
epoch:  24, val_loss:2.479349, acc: 23.21, bacc: 11.00, tmp_test_f1: 0.17, f1: 5.89
epoch:  25, val_loss:2.478189, acc: 23.21, bacc: 11.00, tmp_test_f1: 0.17, f1: 5.89
epoch:  26, val_loss:2.475992, acc: 23.21, bacc: 11.00, tmp_test_f1: 0.17, f1: 5.89
epoch:  27, val_loss:2.472943, acc: 23.21, bacc: 11.00, tmp_test_f1: 0.17, f1: 5.89
epoch:  28, val_loss:2.469322, acc: 23.21, bacc: 11.00, tmp_test_f1: 0.17, f1: 5.89
epoch:  29, val_loss:2.465319, acc: 23.21, bacc: 11.00, tmp_test_f1: 0.17, f1: 5.89
epoch:  30, val_loss:2.461164, acc: 23.21, bacc: 11.00, tmp_test_f1: 0.17, f1: 5.89
epoch:  31, val_loss:2.456885, acc: 23.21, bacc: 11.00, tmp_test_f1: 0.17, f1: 5.89
epoch:  32, val_loss:2.452687, acc: 23.21, bacc: 11.00, tmp_test_f1: 0.17, f1: 5.89
epoch:  33, val_loss:2.448701, acc: 23.21, bacc: 11.00, tmp_test_f1: 0.17, f1: 5.89
epoch:  34, val_loss:2.444915, acc: 23.21, bacc: 11.00, tmp_test_f1: 0.17, f1: 5.89
epoch:  35, val_loss:2.441644, acc: 23.21, bacc: 11.00, tmp_test_f1: 0.17, f1: 5.89
epoch:  36, val_loss:2.438860, acc: 23.21, bacc: 11.00, tmp_test_f1: 0.17, f1: 5.89
epoch:  37, val_loss:2.436692, acc: 23.21, bacc: 11.00, tmp_test_f1: 0.17, f1: 5.89
epoch:  38, val_loss:2.435079, acc: 23.21, bacc: 11.00, tmp_test_f1: 0.17, f1: 5.89
epoch:  39, val_loss:2.434144, acc: 23.21, bacc: 11.00, tmp_test_f1: 0.17, f1: 5.89
epoch:  40, val_loss:2.433962, acc: 23.21, bacc: 11.00, tmp_test_f1: 0.17, f1: 5.89
epoch:  41, val_loss:2.434480, acc: 23.21, bacc: 11.00, tmp_test_f1: 0.17, f1: 5.89
epoch:  42, val_loss:2.435664, acc: 23.21, bacc: 11.00, tmp_test_f1: 0.17, f1: 5.89
epoch:  43, val_loss:2.437210, acc: 23.21, bacc: 11.00, tmp_test_f1: 0.17, f1: 5.89
epoch:  44, val_loss:2.438974, acc: 23.21, bacc: 11.00, tmp_test_f1: 0.17, f1: 5.89
epoch:  45, val_loss:2.441096, acc: 23.21, bacc: 11.00, tmp_test_f1: 0.17, f1: 5.89
epoch:  46, val_loss:2.443370, acc: 23.21, bacc: 11.00, tmp_test_f1: 0.17, f1: 5.89
epoch:  47, val_loss:2.445547, acc: 23.21, bacc: 11.00, tmp_test_f1: 0.17, f1: 5.89
epoch:  48, val_loss:2.447569, acc: 23.21, bacc: 11.00, tmp_test_f1: 0.17, f1: 5.89
epoch:  49, val_loss:2.449228, acc: 23.21, bacc: 11.00, tmp_test_f1: 0.17, f1: 5.89
epoch:  50, val_loss:2.450080, acc: 23.21, bacc: 11.00, tmp_test_f1: 0.17, f1: 5.89
epoch:  51, val_loss:2.450336, acc: 23.21, bacc: 11.00, tmp_test_f1: 0.17, f1: 5.89
epoch:  52, val_loss:2.449780, acc: 23.21, bacc: 11.00, tmp_test_f1: 0.17, f1: 5.89
epoch:  53, val_loss:2.448681, acc: 23.21, bacc: 11.00, tmp_test_f1: 0.17, f1: 5.89
epoch:  54, val_loss:2.447257, acc: 23.21, bacc: 11.00, tmp_test_f1: 0.21, f1: 5.89
epoch:  55, val_loss:2.445738, acc: 23.21, bacc: 11.00, tmp_test_f1: 0.21, f1: 5.89
epoch:  56, val_loss:2.443878, acc: 23.21, bacc: 11.00, tmp_test_f1: 0.21, f1: 5.89
epoch:  57, val_loss:2.442201, acc: 23.21, bacc: 11.00, tmp_test_f1: 0.21, f1: 5.89
epoch:  58, val_loss:2.441233, acc: 23.21, bacc: 11.00, tmp_test_f1: 0.21, f1: 5.89
epoch:  59, val_loss:2.441545, acc: 23.21, bacc: 11.00, tmp_test_f1: 0.21, f1: 5.89
epoch:  60, val_loss:2.442926, acc: 23.21, bacc: 11.00, tmp_test_f1: 0.21, f1: 5.89
epoch:  61, val_loss:2.445483, acc: 23.21, bacc: 11.00, tmp_test_f1: 0.21, f1: 5.89
epoch:  62, val_loss:2.448850, acc: 23.21, bacc: 11.00, tmp_test_f1: 0.21, f1: 5.89
epoch:  63, val_loss:2.452414, acc: 23.21, bacc: 11.00, tmp_test_f1: 0.21, f1: 5.89
epoch:  64, val_loss:2.456468, acc: 23.21, bacc: 11.00, tmp_test_f1: 0.24, f1: 5.89
epoch:  65, val_loss:2.460234, acc: 23.21, bacc: 11.00, tmp_test_f1: 0.24, f1: 5.89
epoch:  66, val_loss:2.463813, acc: 23.21, bacc: 11.00, tmp_test_f1: 0.25, f1: 5.89
epoch:  67, val_loss:2.466734, acc: 23.21, bacc: 11.00, tmp_test_f1: 0.25, f1: 5.89
epoch:  68, val_loss:2.469296, acc: 23.21, bacc: 11.00, tmp_test_f1: 0.27, f1: 5.89
epoch:  69, val_loss:2.470647, acc: 23.21, bacc: 11.00, tmp_test_f1: 0.27, f1: 5.89
epoch:  70, val_loss:2.471651, acc: 23.21, bacc: 11.00, tmp_test_f1: 0.27, f1: 5.89
epoch:  71, val_loss:2.471770, acc: 23.21, bacc: 11.00, tmp_test_f1: 0.31, f1: 5.89
epoch:  72, val_loss:2.470649, acc: 23.21, bacc: 11.00, tmp_test_f1: 0.33, f1: 5.89
epoch:  73, val_loss:2.469966, acc: 23.21, bacc: 11.00, tmp_test_f1: 0.35, f1: 5.89
epoch:  74, val_loss:2.470228, acc: 23.21, bacc: 11.00, tmp_test_f1: 0.35, f1: 5.89
epoch:  75, val_loss:2.471362, acc: 23.21, bacc: 11.00, tmp_test_f1: 0.36, f1: 5.89
epoch:  76, val_loss:2.472834, acc: 23.21, bacc: 11.00, tmp_test_f1: 0.36, f1: 5.89
epoch:  77, val_loss:2.473734, acc: 23.21, bacc: 11.00, tmp_test_f1: 0.36, f1: 5.89
epoch:  78, val_loss:2.475761, acc: 23.21, bacc: 11.00, tmp_test_f1: 0.36, f1: 5.89
epoch:  79, val_loss:2.478259, acc: 23.21, bacc: 11.00, tmp_test_f1: 0.38, f1: 5.89
epoch:  80, val_loss:2.480405, acc: 23.21, bacc: 11.00, tmp_test_f1: 0.39, f1: 5.89
epoch:  81, val_loss:2.483168, acc: 23.21, bacc: 11.00, tmp_test_f1: 0.40, f1: 5.89
epoch:  82, val_loss:2.484749, acc: 23.21, bacc: 11.00, tmp_test_f1: 0.40, f1: 5.89
epoch:  83, val_loss:2.485139, acc: 23.21, bacc: 11.00, tmp_test_f1: 0.42, f1: 5.89
epoch:  84, val_loss:2.485316, acc: 23.21, bacc: 11.00, tmp_test_f1: 0.44, f1: 5.89
epoch:  85, val_loss:2.486303, acc: 23.21, bacc: 11.00, tmp_test_f1: 0.44, f1: 5.89
epoch:  86, val_loss:2.488376, acc: 23.21, bacc: 11.00, tmp_test_f1: 0.45, f1: 5.89
epoch:  87, val_loss:2.489748, acc: 23.21, bacc: 11.00, tmp_test_f1: 0.46, f1: 5.89
epoch:  88, val_loss:2.490476, acc: 23.21, bacc: 11.00, tmp_test_f1: 0.48, f1: 5.89
epoch:  89, val_loss:2.490154, acc: 23.21, bacc: 11.00, tmp_test_f1: 0.49, f1: 5.89
epoch:  90, val_loss:2.490267, acc: 23.21, bacc: 11.00, tmp_test_f1: 0.49, f1: 5.89
epoch:  91, val_loss:2.491230, acc: 23.21, bacc: 11.00, tmp_test_f1: 0.50, f1: 5.89
epoch:  92, val_loss:2.493321, acc: 23.21, bacc: 11.00, tmp_test_f1: 0.51, f1: 5.89
epoch:  93, val_loss:2.495961, acc: 23.21, bacc: 11.00, tmp_test_f1: 0.50, f1: 5.89
epoch:  94, val_loss:2.498258, acc: 23.21, bacc: 11.00, tmp_test_f1: 0.50, f1: 5.89
epoch:  95, val_loss:2.499770, acc: 23.21, bacc: 11.00, tmp_test_f1: 0.50, f1: 5.89
epoch:  96, val_loss:2.499362, acc: 23.21, bacc: 11.00, tmp_test_f1: 0.50, f1: 5.89
epoch:  97, val_loss:2.498135, acc: 23.21, bacc: 11.00, tmp_test_f1: 0.51, f1: 5.89
epoch:  98, val_loss:2.496828, acc: 23.21, bacc: 11.00, tmp_test_f1: 0.52, f1: 5.89
epoch:  99, val_loss:2.495728, acc: 23.21, bacc: 11.00, tmp_test_f1: 0.56, f1: 5.89
epoch: 100, val_loss:2.495410, acc: 23.21, bacc: 11.00, tmp_test_f1: 0.60, f1: 5.89
epoch: 101, val_loss:2.495540, acc: 23.21, bacc: 11.00, tmp_test_f1: 0.61, f1: 5.89
epoch: 102, val_loss:2.495996, acc: 23.21, bacc: 11.00, tmp_test_f1: 0.61, f1: 5.89
epoch: 103, val_loss:2.495347, acc: 23.21, bacc: 11.00, tmp_test_f1: 0.61, f1: 5.89
epoch: 104, val_loss:2.495127, acc: 23.21, bacc: 11.00, tmp_test_f1: 0.62, f1: 5.89
epoch: 105, val_loss:2.494742, acc: 23.21, bacc: 11.00, tmp_test_f1: 0.61, f1: 5.89
epoch: 106, val_loss:2.494108, acc: 23.21, bacc: 11.00, tmp_test_f1: 0.58, f1: 5.89
epoch: 107, val_loss:2.493576, acc: 23.21, bacc: 11.00, tmp_test_f1: 0.61, f1: 5.89
epoch: 108, val_loss:2.494490, acc: 23.21, bacc: 11.00, tmp_test_f1: 0.59, f1: 5.89
epoch: 109, val_loss:2.495567, acc: 23.21, bacc: 11.00, tmp_test_f1: 0.53, f1: 5.89
epoch: 110, val_loss:2.499307, acc: 23.21, bacc: 11.00, tmp_test_f1: 0.53, f1: 5.89
epoch: 111, val_loss:2.502251, acc: 23.21, bacc: 11.00, tmp_test_f1: 0.52, f1: 5.89
epoch: 112, val_loss:2.504013, acc: 23.21, bacc: 11.00, tmp_test_f1: 0.56, f1: 5.89
epoch: 113, val_loss:2.503470, acc: 23.21, bacc: 11.00, tmp_test_f1: 0.61, f1: 5.89
epoch: 114, val_loss:2.502730, acc: 23.21, bacc: 11.00, tmp_test_f1: 0.67, f1: 5.89
epoch: 115, val_loss:2.501482, acc: 23.21, bacc: 11.00, tmp_test_f1: 0.73, f1: 5.89
epoch: 116, val_loss:2.500259, acc: 23.21, bacc: 11.00, tmp_test_f1: 0.73, f1: 5.89
epoch: 117, val_loss:2.499925, acc: 23.21, bacc: 11.00, tmp_test_f1: 0.72, f1: 5.89
epoch: 118, val_loss:2.501463, acc: 23.21, bacc: 11.00, tmp_test_f1: 0.72, f1: 5.89
epoch: 119, val_loss:2.502011, acc: 23.21, bacc: 11.00, tmp_test_f1: 0.74, f1: 5.89
epoch: 120, val_loss:2.503607, acc: 23.21, bacc: 11.00, tmp_test_f1: 0.75, f1: 5.89
epoch: 121, val_loss:2.506010, acc: 23.21, bacc: 11.00, tmp_test_f1: 0.72, f1: 5.89
epoch: 122, val_loss:2.509351, acc: 23.21, bacc: 11.00, tmp_test_f1: 0.68, f1: 5.89
epoch: 123, val_loss:2.512572, acc: 23.21, bacc: 11.00, tmp_test_f1: 0.66, f1: 5.89
epoch: 124, val_loss:2.515412, acc: 23.21, bacc: 11.00, tmp_test_f1: 0.63, f1: 5.89
epoch: 125, val_loss:2.515751, acc: 23.21, bacc: 11.00, tmp_test_f1: 0.66, f1: 5.89
epoch: 126, val_loss:2.514107, acc: 23.21, bacc: 11.00, tmp_test_f1: 0.66, f1: 5.89
epoch: 127, val_loss:2.512750, acc: 23.21, bacc: 11.00, tmp_test_f1: 0.68, f1: 5.89
epoch: 128, val_loss:2.511623, acc: 23.21, bacc: 11.00, tmp_test_f1: 0.72, f1: 5.89
epoch: 129, val_loss:2.509504, acc: 23.21, bacc: 11.00, tmp_test_f1: 0.77, f1: 5.89
epoch: 130, val_loss:2.505193, acc: 23.21, bacc: 11.00, tmp_test_f1: 0.79, f1: 5.89
epoch: 131, val_loss:2.502730, acc: 23.21, bacc: 11.00, tmp_test_f1: 0.83, f1: 5.89
epoch: 132, val_loss:2.503501, acc: 23.21, bacc: 11.00, tmp_test_f1: 0.85, f1: 5.89
epoch: 133, val_loss:2.505344, acc: 23.21, bacc: 11.00, tmp_test_f1: 0.85, f1: 5.89
epoch: 134, val_loss:2.509750, acc: 23.21, bacc: 11.00, tmp_test_f1: 0.74, f1: 5.89
epoch: 135, val_loss:2.517597, acc: 23.21, bacc: 11.00, tmp_test_f1: 0.72, f1: 5.89
epoch: 136, val_loss:2.522614, acc: 23.21, bacc: 11.00, tmp_test_f1: 0.66, f1: 5.89
epoch: 137, val_loss:2.526121, acc: 23.21, bacc: 11.00, tmp_test_f1: 0.62, f1: 5.89
epoch: 138, val_loss:2.527900, acc: 23.21, bacc: 11.00, tmp_test_f1: 0.58, f1: 5.89
epoch: 139, val_loss:2.528071, acc: 23.21, bacc: 11.00, tmp_test_f1: 0.57, f1: 5.89
epoch: 140, val_loss:2.524709, acc: 23.21, bacc: 11.00, tmp_test_f1: 0.59, f1: 5.89
epoch: 141, val_loss:2.517283, acc: 23.21, bacc: 11.00, tmp_test_f1: 0.65, f1: 5.89
epoch: 142, val_loss:2.510173, acc: 23.21, bacc: 11.00, tmp_test_f1: 0.74, f1: 5.89
epoch: 143, val_loss:2.504036, acc: 23.21, bacc: 11.00, tmp_test_f1: 0.82, f1: 5.89
epoch: 144, val_loss:2.500740, acc: 23.21, bacc: 11.00, tmp_test_f1: 0.82, f1: 5.89
epoch: 145, val_loss:2.501191, acc: 23.21, bacc: 11.00, tmp_test_f1: 0.79, f1: 5.89
epoch: 146, val_loss:2.505323, acc: 23.21, bacc: 11.00, tmp_test_f1: 0.72, f1: 5.89
epoch: 147, val_loss:2.511425, acc: 23.21, bacc: 11.00, tmp_test_f1: 0.68, f1: 5.89
epoch: 148, val_loss:2.516189, acc: 23.21, bacc: 11.00, tmp_test_f1: 0.67, f1: 5.89
epoch: 149, val_loss:2.516914, acc: 23.21, bacc: 11.00, tmp_test_f1: 0.71, f1: 5.89
epoch: 150, val_loss:2.514331, acc: 23.21, bacc: 11.00, tmp_test_f1: 0.74, f1: 5.89
epoch: 151, val_loss:2.509867, acc: 23.21, bacc: 11.00, tmp_test_f1: 0.77, f1: 5.89
epoch: 152, val_loss:2.505354, acc: 23.21, bacc: 11.00, tmp_test_f1: 0.84, f1: 5.89
epoch: 153, val_loss:2.499635, acc: 23.21, bacc: 11.00, tmp_test_f1: 0.84, f1: 5.89
epoch: 154, val_loss:2.496061, acc: 23.21, bacc: 11.00, tmp_test_f1: 0.76, f1: 5.89
epoch: 155, val_loss:2.497588, acc: 23.21, bacc: 11.00, tmp_test_f1: 0.67, f1: 5.89
epoch: 156, val_loss:2.502606, acc: 23.21, bacc: 11.00, tmp_test_f1: 0.61, f1: 5.89
epoch: 157, val_loss:2.511834, acc: 23.21, bacc: 11.00, tmp_test_f1: 0.58, f1: 5.89
epoch: 158, val_loss:2.517763, acc: 23.21, bacc: 11.00, tmp_test_f1: 0.56, f1: 5.89
epoch: 159, val_loss:2.519852, acc: 23.21, bacc: 11.00, tmp_test_f1: 0.55, f1: 5.89
epoch: 160, val_loss:2.517395, acc: 23.21, bacc: 11.00, tmp_test_f1: 0.61, f1: 5.89
epoch: 161, val_loss:2.512069, acc: 23.21, bacc: 11.00, tmp_test_f1: 0.68, f1: 5.89
epoch: 162, val_loss:2.505548, acc: 23.21, bacc: 11.00, tmp_test_f1: 0.79, f1: 5.89
epoch: 163, val_loss:2.501096, acc: 23.21, bacc: 11.00, tmp_test_f1: 0.84, f1: 5.89
epoch: 164, val_loss:2.499829, acc: 23.21, bacc: 11.00, tmp_test_f1: 0.85, f1: 5.89
epoch: 165, val_loss:2.499810, acc: 23.21, bacc: 11.00, tmp_test_f1: 0.75, f1: 5.89
epoch: 166, val_loss:2.504170, acc: 23.21, bacc: 11.00, tmp_test_f1: 0.69, f1: 5.89
epoch: 167, val_loss:2.507999, acc: 23.21, bacc: 11.00, tmp_test_f1: 0.63, f1: 5.89
epoch: 168, val_loss:2.510360, acc: 23.21, bacc: 11.00, tmp_test_f1: 0.59, f1: 5.89
epoch: 169, val_loss:2.511146, acc: 23.21, bacc: 11.00, tmp_test_f1: 0.58, f1: 5.89
epoch: 170, val_loss:2.510354, acc: 23.21, bacc: 11.00, tmp_test_f1: 0.58, f1: 5.89
epoch: 171, val_loss:2.508919, acc: 23.21, bacc: 11.00, tmp_test_f1: 0.61, f1: 5.89
epoch: 172, val_loss:2.505923, acc: 23.21, bacc: 11.00, tmp_test_f1: 0.63, f1: 5.89
epoch: 173, val_loss:2.504720, acc: 23.21, bacc: 11.00, tmp_test_f1: 0.64, f1: 5.89
epoch: 174, val_loss:2.505484, acc: 23.21, bacc: 11.00, tmp_test_f1: 0.68, f1: 5.89
epoch: 175, val_loss:2.504737, acc: 23.21, bacc: 11.00, tmp_test_f1: 0.72, f1: 5.89
epoch: 176, val_loss:2.505029, acc: 23.21, bacc: 11.00, tmp_test_f1: 0.72, f1: 5.89
epoch: 177, val_loss:2.506556, acc: 23.21, bacc: 11.00, tmp_test_f1: 0.73, f1: 5.89
epoch: 178, val_loss:2.507010, acc: 23.21, bacc: 11.00, tmp_test_f1: 0.72, f1: 5.89
epoch: 179, val_loss:2.507382, acc: 23.21, bacc: 11.00, tmp_test_f1: 0.72, f1: 5.89
epoch: 180, val_loss:2.506917, acc: 23.21, bacc: 11.00, tmp_test_f1: 0.62, f1: 5.89
epoch: 181, val_loss:2.506324, acc: 23.21, bacc: 11.00, tmp_test_f1: 0.60, f1: 5.89
epoch: 182, val_loss:2.508408, acc: 23.21, bacc: 11.00, tmp_test_f1: 0.58, f1: 5.89
epoch: 183, val_loss:2.509792, acc: 23.21, bacc: 11.00, tmp_test_f1: 0.57, f1: 5.89
epoch: 184, val_loss:2.509620, acc: 23.21, bacc: 11.00, tmp_test_f1: 0.57, f1: 5.89
epoch: 185, val_loss:2.511203, acc: 23.21, bacc: 11.00, tmp_test_f1: 0.57, f1: 5.89
epoch: 186, val_loss:2.511740, acc: 23.21, bacc: 11.00, tmp_test_f1: 0.63, f1: 5.89
epoch: 187, val_loss:2.511428, acc: 23.21, bacc: 11.00, tmp_test_f1: 0.67, f1: 5.89
epoch: 188, val_loss:2.512494, acc: 23.21, bacc: 11.00, tmp_test_f1: 0.71, f1: 5.89
epoch: 189, val_loss:2.515510, acc: 23.21, bacc: 11.00, tmp_test_f1: 0.73, f1: 5.89
epoch: 190, val_loss:2.514665, acc: 23.21, bacc: 11.00, tmp_test_f1: 0.74, f1: 5.89
epoch: 191, val_loss:2.513493, acc: 23.21, bacc: 11.00, tmp_test_f1: 0.67, f1: 5.89
epoch: 192, val_loss:2.511234, acc: 23.21, bacc: 11.00, tmp_test_f1: 0.64, f1: 5.89
epoch: 193, val_loss:2.509440, acc: 23.21, bacc: 11.00, tmp_test_f1: 0.62, f1: 5.89
epoch: 194, val_loss:2.508543, acc: 23.21, bacc: 11.00, tmp_test_f1: 0.59, f1: 5.89
epoch: 195, val_loss:2.506504, acc: 23.21, bacc: 11.00, tmp_test_f1: 0.58, f1: 5.89
epoch: 196, val_loss:2.507713, acc: 23.21, bacc: 11.00, tmp_test_f1: 0.58, f1: 5.89
epoch: 197, val_loss:2.508431, acc: 23.21, bacc: 11.00, tmp_test_f1: 0.59, f1: 5.89
epoch: 198, val_loss:2.509417, acc: 23.21, bacc: 11.00, tmp_test_f1: 0.65, f1: 5.89
epoch: 199, val_loss:2.509791, acc: 23.21, bacc: 11.00, tmp_test_f1: 0.68, f1: 5.89
epoch: 200, val_loss:2.508223, acc: 23.21, bacc: 11.00, tmp_test_f1: 0.76, f1: 5.89
Epoch 00201: reducing learning rate of group 0 to 5.0000e-02.
epoch: 201, val_loss:2.506204, acc: 23.21, bacc: 11.00, tmp_test_f1: 0.76, f1: 5.89
epoch: 202, val_loss:2.504273, acc: 23.21, bacc: 11.00, tmp_test_f1: 0.78, f1: 5.89
epoch: 203, val_loss:2.503684, acc: 23.21, bacc: 11.00, tmp_test_f1: 0.76, f1: 5.89
epoch: 204, val_loss:2.504033, acc: 23.21, bacc: 11.00, tmp_test_f1: 0.72, f1: 5.89
epoch: 205, val_loss:2.504838, acc: 23.21, bacc: 11.00, tmp_test_f1: 0.67, f1: 5.89
epoch: 206, val_loss:2.505576, acc: 23.21, bacc: 11.00, tmp_test_f1: 0.64, f1: 5.89
epoch: 207, val_loss:2.507409, acc: 23.21, bacc: 11.00, tmp_test_f1: 0.64, f1: 5.89
epoch: 208, val_loss:2.508144, acc: 23.21, bacc: 11.00, tmp_test_f1: 0.64, f1: 5.89
epoch: 209, val_loss:2.507734, acc: 23.21, bacc: 11.00, tmp_test_f1: 0.64, f1: 5.89
epoch: 210, val_loss:2.508435, acc: 23.21, bacc: 11.00, tmp_test_f1: 0.63, f1: 5.89
epoch: 211, val_loss:2.508646, acc: 23.21, bacc: 11.00, tmp_test_f1: 0.62, f1: 5.89
epoch: 212, val_loss:2.509026, acc: 23.21, bacc: 11.00, tmp_test_f1: 0.63, f1: 5.89
epoch: 213, val_loss:2.507580, acc: 23.21, bacc: 11.00, tmp_test_f1: 0.64, f1: 5.89
epoch: 214, val_loss:2.506276, acc: 23.21, bacc: 11.00, tmp_test_f1: 0.67, f1: 5.89
epoch: 215, val_loss:2.506265, acc: 23.21, bacc: 11.00, tmp_test_f1: 0.68, f1: 5.89
epoch: 216, val_loss:2.506758, acc: 23.21, bacc: 11.00, tmp_test_f1: 0.66, f1: 5.89
epoch: 217, val_loss:2.508065, acc: 23.21, bacc: 11.00, tmp_test_f1: 0.63, f1: 5.89
epoch: 218, val_loss:2.510736, acc: 23.21, bacc: 11.00, tmp_test_f1: 0.65, f1: 5.89
epoch: 219, val_loss:2.511442, acc: 23.21, bacc: 11.00, tmp_test_f1: 0.65, f1: 5.89
epoch: 220, val_loss:2.511098, acc: 23.21, bacc: 11.00, tmp_test_f1: 0.66, f1: 5.89
epoch: 221, val_loss:2.510459, acc: 23.21, bacc: 11.00, tmp_test_f1: 0.67, f1: 5.89
epoch: 222, val_loss:2.508475, acc: 23.21, bacc: 11.00, tmp_test_f1: 0.71, f1: 5.89
epoch: 223, val_loss:2.505983, acc: 23.21, bacc: 11.00, tmp_test_f1: 0.73, f1: 5.89
epoch: 224, val_loss:2.504403, acc: 23.21, bacc: 11.00, tmp_test_f1: 0.71, f1: 5.89
epoch: 225, val_loss:2.503856, acc: 23.21, bacc: 11.00, tmp_test_f1: 0.71, f1: 5.89
epoch: 226, val_loss:2.502961, acc: 23.21, bacc: 11.00, tmp_test_f1: 0.69, f1: 5.89
epoch: 227, val_loss:2.503170, acc: 23.21, bacc: 11.00, tmp_test_f1: 0.66, f1: 5.89
epoch: 228, val_loss:2.503856, acc: 23.21, bacc: 11.00, tmp_test_f1: 0.64, f1: 5.89
epoch: 229, val_loss:2.504723, acc: 23.21, bacc: 11.00, tmp_test_f1: 0.63, f1: 5.89
epoch: 230, val_loss:2.504948, acc: 23.21, bacc: 11.00, tmp_test_f1: 0.62, f1: 5.89
epoch: 231, val_loss:2.505538, acc: 23.21, bacc: 11.00, tmp_test_f1: 0.63, f1: 5.89
epoch: 232, val_loss:2.506258, acc: 23.21, bacc: 11.00, tmp_test_f1: 0.64, f1: 5.89
epoch: 233, val_loss:2.506834, acc: 23.21, bacc: 11.00, tmp_test_f1: 0.64, f1: 5.89
epoch: 234, val_loss:2.506900, acc: 23.21, bacc: 11.00, tmp_test_f1: 0.67, f1: 5.89
epoch: 235, val_loss:2.506150, acc: 23.21, bacc: 11.00, tmp_test_f1: 0.67, f1: 5.89
epoch: 236, val_loss:2.505906, acc: 23.21, bacc: 11.00, tmp_test_f1: 0.66, f1: 5.89
epoch: 237, val_loss:2.507478, acc: 23.21, bacc: 11.00, tmp_test_f1: 0.66, f1: 5.89
epoch: 238, val_loss:2.508312, acc: 23.21, bacc: 11.00, tmp_test_f1: 0.65, f1: 5.89
epoch: 239, val_loss:2.509447, acc: 23.21, bacc: 11.00, tmp_test_f1: 0.61, f1: 5.89
epoch: 240, val_loss:2.510850, acc: 23.21, bacc: 11.00, tmp_test_f1: 0.58, f1: 5.89
epoch: 241, val_loss:2.512254, acc: 23.21, bacc: 11.00, tmp_test_f1: 0.58, f1: 5.89
epoch: 242, val_loss:2.512394, acc: 23.21, bacc: 11.00, tmp_test_f1: 0.60, f1: 5.89
epoch: 243, val_loss:2.510674, acc: 23.21, bacc: 11.00, tmp_test_f1: 0.65, f1: 5.89
epoch: 244, val_loss:2.507709, acc: 23.21, bacc: 11.00, tmp_test_f1: 0.66, f1: 5.89
epoch: 245, val_loss:2.504818, acc: 23.21, bacc: 11.00, tmp_test_f1: 0.69, f1: 5.89
epoch: 246, val_loss:2.502479, acc: 23.21, bacc: 11.00, tmp_test_f1: 0.72, f1: 5.89
epoch: 247, val_loss:2.501012, acc: 23.21, bacc: 11.00, tmp_test_f1: 0.73, f1: 5.89
epoch: 248, val_loss:2.500988, acc: 23.21, bacc: 11.00, tmp_test_f1: 0.73, f1: 5.89
epoch: 249, val_loss:2.501252, acc: 23.21, bacc: 11.00, tmp_test_f1: 0.73, f1: 5.89
epoch: 250, val_loss:2.502795, acc: 23.21, bacc: 11.00, tmp_test_f1: 0.73, f1: 5.89
epoch: 251, val_loss:2.504452, acc: 23.21, bacc: 11.00, tmp_test_f1: 0.72, f1: 5.89
epoch: 252, val_loss:2.504657, acc: 23.21, bacc: 11.00, tmp_test_f1: 0.69, f1: 5.89
epoch: 253, val_loss:2.505466, acc: 23.21, bacc: 11.00, tmp_test_f1: 0.66, f1: 5.89
epoch: 254, val_loss:2.506902, acc: 23.21, bacc: 11.00, tmp_test_f1: 0.66, f1: 5.89
epoch: 255, val_loss:2.508509, acc: 23.21, bacc: 11.00, tmp_test_f1: 0.63, f1: 5.89
epoch: 256, val_loss:2.510828, acc: 23.21, bacc: 11.00, tmp_test_f1: 0.60, f1: 5.89
epoch: 257, val_loss:2.512533, acc: 23.21, bacc: 11.00, tmp_test_f1: 0.62, f1: 5.89
epoch: 258, val_loss:2.512646, acc: 23.21, bacc: 11.00, tmp_test_f1: 0.63, f1: 5.89
epoch: 259, val_loss:2.512252, acc: 23.21, bacc: 11.00, tmp_test_f1: 0.64, f1: 5.89
epoch: 260, val_loss:2.511265, acc: 23.21, bacc: 11.00, tmp_test_f1: 0.64, f1: 5.89
epoch: 261, val_loss:2.510990, acc: 23.21, bacc: 11.00, tmp_test_f1: 0.63, f1: 5.89
epoch: 262, val_loss:2.511488, acc: 23.21, bacc: 11.00, tmp_test_f1: 0.61, f1: 5.89
epoch: 263, val_loss:2.512706, acc: 23.21, bacc: 11.00, tmp_test_f1: 0.63, f1: 5.89
epoch: 264, val_loss:2.512410, acc: 23.21, bacc: 11.00, tmp_test_f1: 0.65, f1: 5.89
epoch: 265, val_loss:2.512296, acc: 23.21, bacc: 11.00, tmp_test_f1: 0.67, f1: 5.89
epoch: 266, val_loss:2.511349, acc: 23.21, bacc: 11.00, tmp_test_f1: 0.69, f1: 5.89
epoch: 267, val_loss:2.508576, acc: 23.21, bacc: 11.00, tmp_test_f1: 0.71, f1: 5.89
epoch: 268, val_loss:2.505767, acc: 23.21, bacc: 11.00, tmp_test_f1: 0.72, f1: 5.89
epoch: 269, val_loss:2.503829, acc: 23.21, bacc: 11.00, tmp_test_f1: 0.71, f1: 5.89
epoch: 270, val_loss:2.503743, acc: 23.21, bacc: 11.00, tmp_test_f1: 0.72, f1: 5.89
epoch: 271, val_loss:2.505325, acc: 23.21, bacc: 11.00, tmp_test_f1: 0.72, f1: 5.89
epoch: 272, val_loss:2.506307, acc: 23.21, bacc: 11.00, tmp_test_f1: 0.72, f1: 5.89
epoch: 273, val_loss:2.506939, acc: 23.21, bacc: 11.00, tmp_test_f1: 0.73, f1: 5.89
epoch: 274, val_loss:2.507931, acc: 23.21, bacc: 11.00, tmp_test_f1: 0.73, f1: 5.89
epoch: 275, val_loss:2.508621, acc: 23.21, bacc: 11.00, tmp_test_f1: 0.72, f1: 5.89
epoch: 276, val_loss:2.509921, acc: 23.21, bacc: 11.00, tmp_test_f1: 0.72, f1: 5.89
epoch: 277, val_loss:2.511663, acc: 23.21, bacc: 11.00, tmp_test_f1: 0.71, f1: 5.89
epoch: 278, val_loss:2.511549, acc: 23.21, bacc: 11.00, tmp_test_f1: 0.72, f1: 5.89
epoch: 279, val_loss:2.509688, acc: 23.21, bacc: 11.00, tmp_test_f1: 0.73, f1: 5.89
epoch: 280, val_loss:2.508493, acc: 23.21, bacc: 11.00, tmp_test_f1: 0.68, f1: 5.89
epoch: 281, val_loss:2.509426, acc: 23.21, bacc: 11.00, tmp_test_f1: 0.68, f1: 5.89
epoch: 282, val_loss:2.509949, acc: 23.21, bacc: 11.00, tmp_test_f1: 0.65, f1: 5.89
epoch: 283, val_loss:2.509830, acc: 23.21, bacc: 11.00, tmp_test_f1: 0.63, f1: 5.89
epoch: 284, val_loss:2.509350, acc: 23.21, bacc: 11.00, tmp_test_f1: 0.61, f1: 5.89
epoch: 285, val_loss:2.508096, acc: 23.21, bacc: 11.00, tmp_test_f1: 0.61, f1: 5.89
epoch: 286, val_loss:2.505791, acc: 23.21, bacc: 11.00, tmp_test_f1: 0.60, f1: 5.89
epoch: 287, val_loss:2.502931, acc: 23.21, bacc: 11.00, tmp_test_f1: 0.61, f1: 5.89
epoch: 288, val_loss:2.500709, acc: 23.21, bacc: 11.00, tmp_test_f1: 0.62, f1: 5.89
epoch: 289, val_loss:2.499065, acc: 23.21, bacc: 11.00, tmp_test_f1: 0.61, f1: 5.89
epoch: 290, val_loss:2.498871, acc: 23.21, bacc: 11.00, tmp_test_f1: 0.61, f1: 5.89
epoch: 291, val_loss:2.500617, acc: 23.21, bacc: 11.00, tmp_test_f1: 0.65, f1: 5.89
epoch: 292, val_loss:2.501993, acc: 23.21, bacc: 11.00, tmp_test_f1: 0.64, f1: 5.89
epoch: 293, val_loss:2.504040, acc: 23.21, bacc: 11.00, tmp_test_f1: 0.63, f1: 5.89
epoch: 294, val_loss:2.505910, acc: 23.21, bacc: 11.00, tmp_test_f1: 0.64, f1: 5.89
epoch: 295, val_loss:2.507294, acc: 23.21, bacc: 11.00, tmp_test_f1: 0.65, f1: 5.89
epoch: 296, val_loss:2.506040, acc: 23.21, bacc: 11.00, tmp_test_f1: 0.66, f1: 5.89
epoch: 297, val_loss:2.505191, acc: 23.21, bacc: 11.00, tmp_test_f1: 0.68, f1: 5.89
epoch: 298, val_loss:2.504238, acc: 23.21, bacc: 11.00, tmp_test_f1: 0.67, f1: 5.89
epoch: 299, val_loss:2.503556, acc: 23.21, bacc: 11.00, tmp_test_f1: 0.67, f1: 5.89
epoch: 300, val_loss:2.503664, acc: 23.21, bacc: 11.00, tmp_test_f1: 0.67, f1: 5.89
epoch: 301, val_loss:2.504754, acc: 23.21, bacc: 11.00, tmp_test_f1: 0.65, f1: 5.89
epoch: 302, val_loss:2.507181, acc: 23.21, bacc: 11.00, tmp_test_f1: 0.64, f1: 5.89
epoch: 303, val_loss:2.508219, acc: 23.21, bacc: 11.00, tmp_test_f1: 0.64, f1: 5.89
epoch: 304, val_loss:2.507757, acc: 23.21, bacc: 11.00, tmp_test_f1: 0.66, f1: 5.89
epoch: 305, val_loss:2.507493, acc: 23.21, bacc: 11.00, tmp_test_f1: 0.66, f1: 5.89
epoch: 306, val_loss:2.508711, acc: 23.21, bacc: 11.00, tmp_test_f1: 0.66, f1: 5.89
epoch: 307, val_loss:2.509714, acc: 23.21, bacc: 11.00, tmp_test_f1: 0.66, f1: 5.89
epoch: 308, val_loss:2.509801, acc: 23.21, bacc: 11.00, tmp_test_f1: 0.66, f1: 5.89
epoch: 309, val_loss:2.508633, acc: 23.21, bacc: 11.00, tmp_test_f1: 0.66, f1: 5.89
epoch: 310, val_loss:2.508595, acc: 23.21, bacc: 11.00, tmp_test_f1: 0.65, f1: 5.89
epoch: 311, val_loss:2.505855, acc: 23.21, bacc: 11.00, tmp_test_f1: 0.68, f1: 5.89
epoch: 312, val_loss:2.503435, acc: 23.21, bacc: 11.00, tmp_test_f1: 0.71, f1: 5.89
epoch: 313, val_loss:2.501953, acc: 23.21, bacc: 11.00, tmp_test_f1: 0.73, f1: 5.89
epoch: 314, val_loss:2.500722, acc: 23.21, bacc: 11.00, tmp_test_f1: 0.70, f1: 5.89
epoch: 315, val_loss:2.502764, acc: 23.21, bacc: 11.00, tmp_test_f1: 0.70, f1: 5.89
epoch: 316, val_loss:2.503554, acc: 23.21, bacc: 11.00, tmp_test_f1: 0.68, f1: 5.89
epoch: 317, val_loss:2.504925, acc: 23.21, bacc: 11.00, tmp_test_f1: 0.64, f1: 5.89
epoch: 318, val_loss:2.507176, acc: 23.21, bacc: 11.00, tmp_test_f1: 0.64, f1: 5.89
epoch: 319, val_loss:2.508936, acc: 23.21, bacc: 11.00, tmp_test_f1: 0.63, f1: 5.89
epoch: 320, val_loss:2.511192, acc: 23.21, bacc: 11.00, tmp_test_f1: 0.63, f1: 5.89
epoch: 321, val_loss:2.512234, acc: 23.21, bacc: 11.00, tmp_test_f1: 0.63, f1: 5.89
epoch: 322, val_loss:2.512110, acc: 23.21, bacc: 11.00, tmp_test_f1: 0.62, f1: 5.89
epoch: 323, val_loss:2.510477, acc: 23.21, bacc: 11.00, tmp_test_f1: 0.63, f1: 5.89
epoch: 324, val_loss:2.507365, acc: 23.21, bacc: 11.00, tmp_test_f1: 0.63, f1: 5.89
epoch: 325, val_loss:2.505159, acc: 23.21, bacc: 11.00, tmp_test_f1: 0.61, f1: 5.89
epoch: 326, val_loss:2.504446, acc: 23.21, bacc: 11.00, tmp_test_f1: 0.60, f1: 5.89
epoch: 327, val_loss:2.503891, acc: 23.21, bacc: 11.00, tmp_test_f1: 0.62, f1: 5.89
epoch: 328, val_loss:2.504161, acc: 23.21, bacc: 11.00, tmp_test_f1: 0.64, f1: 5.89
epoch: 329, val_loss:2.504379, acc: 23.21, bacc: 11.00, tmp_test_f1: 0.66, f1: 5.89
epoch: 330, val_loss:2.504498, acc: 23.21, bacc: 11.00, tmp_test_f1: 0.69, f1: 5.89
epoch: 331, val_loss:2.504609, acc: 23.21, bacc: 11.00, tmp_test_f1: 0.72, f1: 5.89
epoch: 332, val_loss:2.504971, acc: 23.21, bacc: 11.00, tmp_test_f1: 0.72, f1: 5.89
epoch: 333, val_loss:2.505681, acc: 23.21, bacc: 11.00, tmp_test_f1: 0.69, f1: 5.89
epoch: 334, val_loss:2.505696, acc: 23.21, bacc: 11.00, tmp_test_f1: 0.66, f1: 5.89
epoch: 335, val_loss:2.507232, acc: 23.21, bacc: 11.00, tmp_test_f1: 0.62, f1: 5.89
epoch: 336, val_loss:2.509083, acc: 23.21, bacc: 11.00, tmp_test_f1: 0.61, f1: 5.89
epoch: 337, val_loss:2.508661, acc: 23.21, bacc: 11.00, tmp_test_f1: 0.61, f1: 5.89
epoch: 338, val_loss:2.506550, acc: 23.21, bacc: 11.00, tmp_test_f1: 0.60, f1: 5.89
epoch: 339, val_loss:2.503235, acc: 23.21, bacc: 11.00, tmp_test_f1: 0.61, f1: 5.89
epoch: 340, val_loss:2.500875, acc: 23.21, bacc: 11.00, tmp_test_f1: 0.63, f1: 5.89
epoch: 341, val_loss:2.499463, acc: 23.21, bacc: 11.00, tmp_test_f1: 0.69, f1: 5.89
epoch: 342, val_loss:2.499989, acc: 23.21, bacc: 11.00, tmp_test_f1: 0.70, f1: 5.89
epoch: 343, val_loss:2.502012, acc: 23.21, bacc: 11.00, tmp_test_f1: 0.72, f1: 5.89
epoch: 344, val_loss:2.504357, acc: 23.21, bacc: 11.00, tmp_test_f1: 0.71, f1: 5.89
epoch: 345, val_loss:2.506667, acc: 23.21, bacc: 11.00, tmp_test_f1: 0.66, f1: 5.89
epoch: 346, val_loss:2.508371, acc: 23.21, bacc: 11.00, tmp_test_f1: 0.63, f1: 5.89
epoch: 347, val_loss:2.510647, acc: 23.21, bacc: 11.00, tmp_test_f1: 0.63, f1: 5.89
epoch: 348, val_loss:2.509654, acc: 23.21, bacc: 11.00, tmp_test_f1: 0.64, f1: 5.89
epoch: 349, val_loss:2.507324, acc: 23.21, bacc: 11.00, tmp_test_f1: 0.67, f1: 5.89
epoch: 350, val_loss:2.504196, acc: 23.21, bacc: 11.00, tmp_test_f1: 0.70, f1: 5.89
epoch: 351, val_loss:2.500210, acc: 23.21, bacc: 11.00, tmp_test_f1: 0.73, f1: 5.89
epoch: 352, val_loss:2.498713, acc: 23.21, bacc: 11.00, tmp_test_f1: 0.75, f1: 5.89
epoch: 353, val_loss:2.499213, acc: 23.21, bacc: 11.00, tmp_test_f1: 0.70, f1: 5.89
epoch: 354, val_loss:2.502051, acc: 23.21, bacc: 11.00, tmp_test_f1: 0.67, f1: 5.89
epoch: 355, val_loss:2.505539, acc: 23.21, bacc: 11.00, tmp_test_f1: 0.62, f1: 5.89
epoch: 356, val_loss:2.509490, acc: 23.21, bacc: 11.00, tmp_test_f1: 0.61, f1: 5.89
epoch: 357, val_loss:2.511891, acc: 23.21, bacc: 11.00, tmp_test_f1: 0.61, f1: 5.89
epoch: 358, val_loss:2.510489, acc: 23.21, bacc: 11.00, tmp_test_f1: 0.61, f1: 5.89
epoch: 359, val_loss:2.507837, acc: 23.21, bacc: 11.00, tmp_test_f1: 0.62, f1: 5.89
epoch: 360, val_loss:2.506072, acc: 23.21, bacc: 11.00, tmp_test_f1: 0.63, f1: 5.89
epoch: 361, val_loss:2.504206, acc: 23.21, bacc: 11.00, tmp_test_f1: 0.67, f1: 5.89
epoch: 362, val_loss:2.502103, acc: 23.21, bacc: 11.00, tmp_test_f1: 0.69, f1: 5.89
epoch: 363, val_loss:2.501971, acc: 23.21, bacc: 11.00, tmp_test_f1: 0.70, f1: 5.89
epoch: 364, val_loss:2.502361, acc: 23.21, bacc: 11.00, tmp_test_f1: 0.68, f1: 5.89
epoch: 365, val_loss:2.503523, acc: 23.21, bacc: 11.00, tmp_test_f1: 0.69, f1: 5.89
epoch: 366, val_loss:2.505646, acc: 23.21, bacc: 11.00, tmp_test_f1: 0.72, f1: 5.89
epoch: 367, val_loss:2.507042, acc: 23.21, bacc: 11.00, tmp_test_f1: 0.70, f1: 5.89
epoch: 368, val_loss:2.509390, acc: 23.21, bacc: 11.00, tmp_test_f1: 0.67, f1: 5.89
epoch: 369, val_loss:2.511236, acc: 23.21, bacc: 11.00, tmp_test_f1: 0.65, f1: 5.89
epoch: 370, val_loss:2.513105, acc: 23.21, bacc: 11.00, tmp_test_f1: 0.65, f1: 5.89
epoch: 371, val_loss:2.515584, acc: 23.21, bacc: 11.00, tmp_test_f1: 0.65, f1: 5.89
epoch: 372, val_loss:2.515559, acc: 23.21, bacc: 11.00, tmp_test_f1: 0.62, f1: 5.89
epoch: 373, val_loss:2.514229, acc: 23.21, bacc: 11.00, tmp_test_f1: 0.64, f1: 5.89
epoch: 374, val_loss:2.511606, acc: 23.21, bacc: 11.00, tmp_test_f1: 0.64, f1: 5.89
epoch: 375, val_loss:2.507735, acc: 23.21, bacc: 11.00, tmp_test_f1: 0.64, f1: 5.89
epoch: 376, val_loss:2.504781, acc: 23.21, bacc: 11.00, tmp_test_f1: 0.63, f1: 5.89
epoch: 377, val_loss:2.502362, acc: 23.21, bacc: 11.00, tmp_test_f1: 0.61, f1: 5.89
epoch: 378, val_loss:2.502019, acc: 23.21, bacc: 11.00, tmp_test_f1: 0.60, f1: 5.89
epoch: 379, val_loss:2.501649, acc: 23.21, bacc: 11.00, tmp_test_f1: 0.61, f1: 5.89
epoch: 380, val_loss:2.502390, acc: 23.21, bacc: 11.00, tmp_test_f1: 0.60, f1: 5.89
epoch: 381, val_loss:2.504335, acc: 23.21, bacc: 11.00, tmp_test_f1: 0.61, f1: 5.89
epoch: 382, val_loss:2.506616, acc: 23.21, bacc: 11.00, tmp_test_f1: 0.65, f1: 5.89
epoch: 383, val_loss:2.507151, acc: 23.21, bacc: 11.00, tmp_test_f1: 0.67, f1: 5.89
epoch: 384, val_loss:2.508034, acc: 23.21, bacc: 11.00, tmp_test_f1: 0.65, f1: 5.89
epoch: 385, val_loss:2.509671, acc: 23.21, bacc: 11.00, tmp_test_f1: 0.68, f1: 5.89
epoch: 386, val_loss:2.511949, acc: 23.21, bacc: 11.00, tmp_test_f1: 0.73, f1: 5.89
epoch: 387, val_loss:2.513023, acc: 23.21, bacc: 11.00, tmp_test_f1: 0.69, f1: 5.89
epoch: 388, val_loss:2.513257, acc: 23.21, bacc: 11.00, tmp_test_f1: 0.70, f1: 5.89
epoch: 389, val_loss:2.512482, acc: 23.21, bacc: 11.00, tmp_test_f1: 0.71, f1: 5.89
epoch: 390, val_loss:2.510520, acc: 23.21, bacc: 11.00, tmp_test_f1: 0.74, f1: 5.89
epoch: 391, val_loss:2.507156, acc: 23.21, bacc: 11.00, tmp_test_f1: 0.69, f1: 5.89
epoch: 392, val_loss:2.502867, acc: 23.21, bacc: 11.00, tmp_test_f1: 0.67, f1: 5.89
epoch: 393, val_loss:2.501164, acc: 23.21, bacc: 11.00, tmp_test_f1: 0.65, f1: 5.89
epoch: 394, val_loss:2.501464, acc: 23.21, bacc: 11.00, tmp_test_f1: 0.59, f1: 5.89
epoch: 395, val_loss:2.503333, acc: 23.21, bacc: 11.00, tmp_test_f1: 0.54, f1: 5.89
epoch: 396, val_loss:2.506127, acc: 23.21, bacc: 11.00, tmp_test_f1: 0.51, f1: 5.89
epoch: 397, val_loss:2.507443, acc: 23.21, bacc: 11.00, tmp_test_f1: 0.50, f1: 5.89
epoch: 398, val_loss:2.507392, acc: 23.21, bacc: 11.00, tmp_test_f1: 0.52, f1: 5.89
epoch: 399, val_loss:2.506177, acc: 23.21, bacc: 11.00, tmp_test_f1: 0.60, f1: 5.89
epoch: 400, val_loss:2.504651, acc: 23.21, bacc: 11.00, tmp_test_f1: 0.67, f1: 5.89
epoch: 401, val_loss:2.502366, acc: 23.21, bacc: 11.00, tmp_test_f1: 0.71, f1: 5.89
Epoch 00402: reducing learning rate of group 0 to 2.5000e-02.
epoch: 402, val_loss:2.497193, acc: 23.21, bacc: 11.00, tmp_test_f1: 0.79, f1: 5.89
epoch: 403, val_loss:2.494050, acc: 23.21, bacc: 11.00, tmp_test_f1: 0.80, f1: 5.89
epoch: 404, val_loss:2.493919, acc: 23.21, bacc: 11.00, tmp_test_f1: 0.79, f1: 5.89
epoch: 405, val_loss:2.494870, acc: 23.21, bacc: 11.00, tmp_test_f1: 0.73, f1: 5.89
epoch: 406, val_loss:2.496017, acc: 23.21, bacc: 11.00, tmp_test_f1: 0.72, f1: 5.89
epoch: 407, val_loss:2.498493, acc: 23.21, bacc: 11.00, tmp_test_f1: 0.69, f1: 5.89
epoch: 408, val_loss:2.501177, acc: 23.21, bacc: 11.00, tmp_test_f1: 0.64, f1: 5.89
epoch: 409, val_loss:2.503569, acc: 23.21, bacc: 11.00, tmp_test_f1: 0.61, f1: 5.89
epoch: 410, val_loss:2.505605, acc: 23.21, bacc: 11.00, tmp_test_f1: 0.58, f1: 5.89
epoch: 411, val_loss:2.506186, acc: 23.21, bacc: 11.00, tmp_test_f1: 0.56, f1: 5.89
epoch: 412, val_loss:2.506732, acc: 23.21, bacc: 11.00, tmp_test_f1: 0.55, f1: 5.89
epoch: 413, val_loss:2.505953, acc: 23.21, bacc: 11.00, tmp_test_f1: 0.52, f1: 5.89
epoch: 414, val_loss:2.504990, acc: 23.21, bacc: 11.00, tmp_test_f1: 0.52, f1: 5.89
epoch: 415, val_loss:2.502743, acc: 23.21, bacc: 11.00, tmp_test_f1: 0.53, f1: 5.89
epoch: 416, val_loss:2.500078, acc: 23.21, bacc: 11.00, tmp_test_f1: 0.57, f1: 5.89
epoch: 417, val_loss:2.497667, acc: 23.21, bacc: 11.00, tmp_test_f1: 0.59, f1: 5.89
epoch: 418, val_loss:2.495928, acc: 23.21, bacc: 11.00, tmp_test_f1: 0.60, f1: 5.89
epoch: 419, val_loss:2.494900, acc: 23.21, bacc: 11.00, tmp_test_f1: 0.62, f1: 5.89
epoch: 420, val_loss:2.494297, acc: 23.21, bacc: 11.00, tmp_test_f1: 0.66, f1: 5.89
epoch: 421, val_loss:2.494068, acc: 23.21, bacc: 11.00, tmp_test_f1: 0.66, f1: 5.89
epoch: 422, val_loss:2.494673, acc: 23.21, bacc: 11.00, tmp_test_f1: 0.68, f1: 5.89
epoch: 423, val_loss:2.496223, acc: 23.21, bacc: 11.00, tmp_test_f1: 0.68, f1: 5.89
epoch: 424, val_loss:2.498735, acc: 23.21, bacc: 11.00, tmp_test_f1: 0.69, f1: 5.89
epoch: 425, val_loss:2.500825, acc: 23.21, bacc: 11.00, tmp_test_f1: 0.68, f1: 5.89
epoch: 426, val_loss:2.502642, acc: 23.21, bacc: 11.00, tmp_test_f1: 0.67, f1: 5.89
epoch: 427, val_loss:2.503943, acc: 23.21, bacc: 11.00, tmp_test_f1: 0.68, f1: 5.89
epoch: 428, val_loss:2.504312, acc: 23.21, bacc: 11.00, tmp_test_f1: 0.68, f1: 5.89
epoch: 429, val_loss:2.504067, acc: 23.21, bacc: 11.00, tmp_test_f1: 0.68, f1: 5.89
epoch: 430, val_loss:2.504000, acc: 23.21, bacc: 11.00, tmp_test_f1: 0.66, f1: 5.89
epoch: 431, val_loss:2.504131, acc: 23.21, bacc: 11.00, tmp_test_f1: 0.67, f1: 5.89
epoch: 432, val_loss:2.504369, acc: 23.21, bacc: 11.00, tmp_test_f1: 0.64, f1: 5.89
epoch: 433, val_loss:2.504879, acc: 23.21, bacc: 11.00, tmp_test_f1: 0.63, f1: 5.89
epoch: 434, val_loss:2.505317, acc: 23.21, bacc: 11.00, tmp_test_f1: 0.62, f1: 5.89
epoch: 435, val_loss:2.505822, acc: 23.21, bacc: 11.00, tmp_test_f1: 0.60, f1: 5.89
epoch: 436, val_loss:2.506119, acc: 23.21, bacc: 11.00, tmp_test_f1: 0.58, f1: 5.89
epoch: 437, val_loss:2.506616, acc: 23.21, bacc: 11.00, tmp_test_f1: 0.60, f1: 5.89
epoch: 438, val_loss:2.506488, acc: 23.21, bacc: 11.00, tmp_test_f1: 0.65, f1: 5.89
epoch: 439, val_loss:2.506021, acc: 23.21, bacc: 11.00, tmp_test_f1: 0.65, f1: 5.89
epoch: 440, val_loss:2.506133, acc: 23.21, bacc: 11.00, tmp_test_f1: 0.65, f1: 5.89
epoch: 441, val_loss:2.505600, acc: 23.21, bacc: 11.00, tmp_test_f1: 0.65, f1: 5.89
epoch: 442, val_loss:2.504779, acc: 23.21, bacc: 11.00, tmp_test_f1: 0.67, f1: 5.89
epoch: 443, val_loss:2.503202, acc: 23.21, bacc: 11.00, tmp_test_f1: 0.68, f1: 5.89
epoch: 444, val_loss:2.502246, acc: 23.21, bacc: 11.00, tmp_test_f1: 0.70, f1: 5.89
epoch: 445, val_loss:2.501981, acc: 23.21, bacc: 11.00, tmp_test_f1: 0.68, f1: 5.89
epoch: 446, val_loss:2.502683, acc: 23.21, bacc: 11.00, tmp_test_f1: 0.66, f1: 5.89
epoch: 447, val_loss:2.503678, acc: 23.21, bacc: 11.00, tmp_test_f1: 0.67, f1: 5.89
epoch: 448, val_loss:2.504751, acc: 23.21, bacc: 11.00, tmp_test_f1: 0.64, f1: 5.89
epoch: 449, val_loss:2.506088, acc: 23.21, bacc: 11.00, tmp_test_f1: 0.66, f1: 5.89
epoch: 450, val_loss:2.506222, acc: 23.21, bacc: 11.00, tmp_test_f1: 0.68, f1: 5.89
epoch: 451, val_loss:2.506781, acc: 23.21, bacc: 11.00, tmp_test_f1: 0.68, f1: 5.89
epoch: 452, val_loss:2.507194, acc: 23.21, bacc: 11.00, tmp_test_f1: 0.69, f1: 5.89
epoch: 453, val_loss:2.507496, acc: 23.21, bacc: 11.00, tmp_test_f1: 0.72, f1: 5.89
epoch: 454, val_loss:2.507166, acc: 23.21, bacc: 11.00, tmp_test_f1: 0.75, f1: 5.89
epoch: 455, val_loss:2.506914, acc: 23.21, bacc: 11.00, tmp_test_f1: 0.76, f1: 5.89
epoch: 456, val_loss:2.507018, acc: 23.21, bacc: 11.00, tmp_test_f1: 0.74, f1: 5.89
epoch: 457, val_loss:2.507814, acc: 23.21, bacc: 11.00, tmp_test_f1: 0.74, f1: 5.89
epoch: 458, val_loss:2.507560, acc: 23.21, bacc: 11.00, tmp_test_f1: 0.72, f1: 5.89
epoch: 459, val_loss:2.507308, acc: 23.21, bacc: 11.00, tmp_test_f1: 0.69, f1: 5.89
epoch: 460, val_loss:2.506901, acc: 23.21, bacc: 11.00, tmp_test_f1: 0.66, f1: 5.89
epoch: 461, val_loss:2.507942, acc: 23.21, bacc: 11.00, tmp_test_f1: 0.64, f1: 5.89
epoch: 462, val_loss:2.508550, acc: 23.21, bacc: 11.00, tmp_test_f1: 0.62, f1: 5.89
epoch: 463, val_loss:2.508905, acc: 23.21, bacc: 11.00, tmp_test_f1: 0.59, f1: 5.89
epoch: 464, val_loss:2.509534, acc: 23.21, bacc: 11.00, tmp_test_f1: 0.58, f1: 5.89
epoch: 465, val_loss:2.509099, acc: 23.21, bacc: 11.00, tmp_test_f1: 0.59, f1: 5.89
epoch: 466, val_loss:2.508749, acc: 23.21, bacc: 11.00, tmp_test_f1: 0.60, f1: 5.89
epoch: 467, val_loss:2.507438, acc: 23.21, bacc: 11.00, tmp_test_f1: 0.62, f1: 5.89
epoch: 468, val_loss:2.506331, acc: 23.21, bacc: 11.00, tmp_test_f1: 0.63, f1: 5.89
epoch: 469, val_loss:2.506097, acc: 23.21, bacc: 11.00, tmp_test_f1: 0.63, f1: 5.89
epoch: 470, val_loss:2.505404, acc: 23.21, bacc: 11.00, tmp_test_f1: 0.67, f1: 5.89
epoch: 471, val_loss:2.504699, acc: 23.21, bacc: 11.00, tmp_test_f1: 0.69, f1: 5.89
epoch: 472, val_loss:2.504720, acc: 23.21, bacc: 11.00, tmp_test_f1: 0.69, f1: 5.89
epoch: 473, val_loss:2.505704, acc: 23.21, bacc: 11.00, tmp_test_f1: 0.69, f1: 5.89
epoch: 474, val_loss:2.507111, acc: 23.21, bacc: 11.00, tmp_test_f1: 0.69, f1: 5.89
epoch: 475, val_loss:2.508705, acc: 23.21, bacc: 11.00, tmp_test_f1: 0.68, f1: 5.89
epoch: 476, val_loss:2.509695, acc: 23.21, bacc: 11.00, tmp_test_f1: 0.68, f1: 5.89
epoch: 477, val_loss:2.510817, acc: 23.21, bacc: 11.00, tmp_test_f1: 0.68, f1: 5.89
epoch: 478, val_loss:2.512148, acc: 23.21, bacc: 11.00, tmp_test_f1: 0.67, f1: 5.89
epoch: 479, val_loss:2.512540, acc: 23.21, bacc: 11.00, tmp_test_f1: 0.65, f1: 5.89
epoch: 480, val_loss:2.512170, acc: 23.21, bacc: 11.00, tmp_test_f1: 0.64, f1: 5.89
epoch: 481, val_loss:2.510971, acc: 23.21, bacc: 11.00, tmp_test_f1: 0.63, f1: 5.89
epoch: 482, val_loss:2.509212, acc: 23.21, bacc: 11.00, tmp_test_f1: 0.64, f1: 5.89
epoch: 483, val_loss:2.508074, acc: 23.21, bacc: 11.00, tmp_test_f1: 0.64, f1: 5.89
epoch: 484, val_loss:2.507173, acc: 23.21, bacc: 11.00, tmp_test_f1: 0.64, f1: 5.89
epoch: 485, val_loss:2.505563, acc: 23.21, bacc: 11.00, tmp_test_f1: 0.64, f1: 5.89
epoch: 486, val_loss:2.504121, acc: 23.21, bacc: 11.00, tmp_test_f1: 0.66, f1: 5.89
epoch: 487, val_loss:2.502342, acc: 23.21, bacc: 11.00, tmp_test_f1: 0.69, f1: 5.89
epoch: 488, val_loss:2.500034, acc: 23.21, bacc: 11.00, tmp_test_f1: 0.71, f1: 5.89
epoch: 489, val_loss:2.498349, acc: 23.21, bacc: 11.00, tmp_test_f1: 0.72, f1: 5.89
epoch: 490, val_loss:2.497857, acc: 23.21, bacc: 11.00, tmp_test_f1: 0.72, f1: 5.89
epoch: 491, val_loss:2.498385, acc: 23.21, bacc: 11.00, tmp_test_f1: 0.69, f1: 5.89
epoch: 492, val_loss:2.500238, acc: 23.21, bacc: 11.00, tmp_test_f1: 0.69, f1: 5.89
epoch: 493, val_loss:2.502620, acc: 23.21, bacc: 11.00, tmp_test_f1: 0.68, f1: 5.89
epoch: 494, val_loss:2.505544, acc: 23.21, bacc: 11.00, tmp_test_f1: 0.68, f1: 5.89
epoch: 495, val_loss:2.508331, acc: 23.21, bacc: 11.00, tmp_test_f1: 0.66, f1: 5.89
epoch: 496, val_loss:2.510480, acc: 23.21, bacc: 11.00, tmp_test_f1: 0.66, f1: 5.89
epoch: 497, val_loss:2.511618, acc: 23.21, bacc: 11.00, tmp_test_f1: 0.68, f1: 5.89
epoch: 498, val_loss:2.511020, acc: 23.21, bacc: 11.00, tmp_test_f1: 0.66, f1: 5.89
epoch: 499, val_loss:2.511247, acc: 23.21, bacc: 11.00, tmp_test_f1: 0.64, f1: 5.89
epoch: 500, val_loss:2.510867, acc: 23.21, bacc: 11.00, tmp_test_f1: 0.66, f1: 5.89
epoch: 501, val_loss:2.509688, acc: 23.21, bacc: 11.00, tmp_test_f1: 0.66, f1: 5.89
epoch: 502, val_loss:2.508947, acc: 23.21, bacc: 11.00, tmp_test_f1: 0.67, f1: 5.89
epoch: 503, val_loss:2.508363, acc: 23.21, bacc: 11.00, tmp_test_f1: 0.65, f1: 5.89
epoch: 504, val_loss:2.507950, acc: 23.21, bacc: 11.00, tmp_test_f1: 0.64, f1: 5.89
epoch: 505, val_loss:2.507921, acc: 23.21, bacc: 11.00, tmp_test_f1: 0.64, f1: 5.89
epoch: 506, val_loss:2.507627, acc: 23.21, bacc: 11.00, tmp_test_f1: 0.64, f1: 5.89
epoch: 507, val_loss:2.506788, acc: 23.21, bacc: 11.00, tmp_test_f1: 0.64, f1: 5.89
epoch: 508, val_loss:2.505568, acc: 23.21, bacc: 11.00, tmp_test_f1: 0.63, f1: 5.89
epoch: 509, val_loss:2.504617, acc: 23.21, bacc: 11.00, tmp_test_f1: 0.62, f1: 5.89
epoch: 510, val_loss:2.503839, acc: 23.21, bacc: 11.00, tmp_test_f1: 0.60, f1: 5.89
epoch: 511, val_loss:2.504675, acc: 23.21, bacc: 11.00, tmp_test_f1: 0.58, f1: 5.89
epoch: 512, val_loss:2.504499, acc: 23.21, bacc: 11.00, tmp_test_f1: 0.58, f1: 5.89
epoch: 513, val_loss:2.504685, acc: 23.21, bacc: 11.00, tmp_test_f1: 0.58, f1: 5.89
epoch: 514, val_loss:2.504928, acc: 23.21, bacc: 11.00, tmp_test_f1: 0.57, f1: 5.89
epoch: 515, val_loss:2.504986, acc: 23.21, bacc: 11.00, tmp_test_f1: 0.59, f1: 5.89
epoch: 516, val_loss:2.504548, acc: 23.21, bacc: 11.00, tmp_test_f1: 0.59, f1: 5.89
epoch: 517, val_loss:2.503533, acc: 23.21, bacc: 11.00, tmp_test_f1: 0.62, f1: 5.89
epoch: 518, val_loss:2.502929, acc: 23.21, bacc: 11.00, tmp_test_f1: 0.64, f1: 5.89
epoch: 519, val_loss:2.502378, acc: 23.21, bacc: 11.00, tmp_test_f1: 0.62, f1: 5.89
epoch: 520, val_loss:2.503252, acc: 23.21, bacc: 11.00, tmp_test_f1: 0.62, f1: 5.89
epoch: 521, val_loss:2.503556, acc: 23.21, bacc: 11.00, tmp_test_f1: 0.66, f1: 5.89
epoch: 522, val_loss:2.503011, acc: 23.21, bacc: 11.00, tmp_test_f1: 0.67, f1: 5.89
epoch: 523, val_loss:2.502386, acc: 23.21, bacc: 11.00, tmp_test_f1: 0.72, f1: 5.89
epoch: 524, val_loss:2.501872, acc: 23.21, bacc: 11.00, tmp_test_f1: 0.72, f1: 5.89
epoch: 525, val_loss:2.502082, acc: 23.21, bacc: 11.00, tmp_test_f1: 0.72, f1: 5.89
epoch: 526, val_loss:2.503267, acc: 23.21, bacc: 11.00, tmp_test_f1: 0.71, f1: 5.89
epoch: 527, val_loss:2.505354, acc: 23.21, bacc: 11.00, tmp_test_f1: 0.68, f1: 5.89
epoch: 528, val_loss:2.507968, acc: 23.21, bacc: 11.00, tmp_test_f1: 0.66, f1: 5.89
epoch: 529, val_loss:2.510194, acc: 23.21, bacc: 11.00, tmp_test_f1: 0.66, f1: 5.89
epoch: 530, val_loss:2.511791, acc: 23.21, bacc: 11.00, tmp_test_f1: 0.69, f1: 5.89
epoch: 531, val_loss:2.512233, acc: 23.21, bacc: 11.00, tmp_test_f1: 0.69, f1: 5.89
epoch: 532, val_loss:2.512575, acc: 23.21, bacc: 11.00, tmp_test_f1: 0.69, f1: 5.89
epoch: 533, val_loss:2.512441, acc: 23.21, bacc: 11.00, tmp_test_f1: 0.68, f1: 5.89
epoch: 534, val_loss:2.513051, acc: 23.21, bacc: 11.00, tmp_test_f1: 0.67, f1: 5.89
epoch: 535, val_loss:2.513067, acc: 23.21, bacc: 11.00, tmp_test_f1: 0.66, f1: 5.89
epoch: 536, val_loss:2.512401, acc: 23.21, bacc: 11.00, tmp_test_f1: 0.65, f1: 5.89
epoch: 537, val_loss:2.511752, acc: 23.21, bacc: 11.00, tmp_test_f1: 0.65, f1: 5.89
epoch: 538, val_loss:2.511078, acc: 23.21, bacc: 11.00, tmp_test_f1: 0.65, f1: 5.89
epoch: 539, val_loss:2.510396, acc: 23.21, bacc: 11.00, tmp_test_f1: 0.63, f1: 5.89
epoch: 540, val_loss:2.510157, acc: 23.21, bacc: 11.00, tmp_test_f1: 0.62, f1: 5.89
epoch: 541, val_loss:2.509456, acc: 23.21, bacc: 11.00, tmp_test_f1: 0.62, f1: 5.89
epoch: 542, val_loss:2.507919, acc: 23.21, bacc: 11.00, tmp_test_f1: 0.62, f1: 5.89
epoch: 543, val_loss:2.505962, acc: 23.21, bacc: 11.00, tmp_test_f1: 0.67, f1: 5.89
epoch: 544, val_loss:2.505174, acc: 23.21, bacc: 11.00, tmp_test_f1: 0.64, f1: 5.89
epoch: 545, val_loss:2.506489, acc: 23.21, bacc: 11.00, tmp_test_f1: 0.64, f1: 5.89
epoch: 546, val_loss:2.508092, acc: 23.21, bacc: 11.00, tmp_test_f1: 0.66, f1: 5.89
epoch: 547, val_loss:2.509621, acc: 23.21, bacc: 11.00, tmp_test_f1: 0.66, f1: 5.89
epoch: 548, val_loss:2.511364, acc: 23.21, bacc: 11.00, tmp_test_f1: 0.65, f1: 5.89
epoch: 549, val_loss:2.512200, acc: 23.21, bacc: 11.00, tmp_test_f1: 0.64, f1: 5.89
epoch: 550, val_loss:2.512665, acc: 23.21, bacc: 11.00, tmp_test_f1: 0.65, f1: 5.89
epoch: 551, val_loss:2.512624, acc: 23.21, bacc: 11.00, tmp_test_f1: 0.67, f1: 5.89
epoch: 552, val_loss:2.511239, acc: 23.21, bacc: 11.00, tmp_test_f1: 0.65, f1: 5.89
epoch: 553, val_loss:2.509894, acc: 23.21, bacc: 11.00, tmp_test_f1: 0.66, f1: 5.89
epoch: 554, val_loss:2.509830, acc: 23.21, bacc: 11.00, tmp_test_f1: 0.65, f1: 5.89
epoch: 555, val_loss:2.510162, acc: 23.21, bacc: 11.00, tmp_test_f1: 0.65, f1: 5.89
epoch: 556, val_loss:2.510589, acc: 23.21, bacc: 11.00, tmp_test_f1: 0.64, f1: 5.89
epoch: 557, val_loss:2.510968, acc: 23.21, bacc: 11.00, tmp_test_f1: 0.61, f1: 5.89
epoch: 558, val_loss:2.512406, acc: 23.21, bacc: 11.00, tmp_test_f1: 0.56, f1: 5.89
epoch: 559, val_loss:2.514599, acc: 23.21, bacc: 11.00, tmp_test_f1: 0.54, f1: 5.89
epoch: 560, val_loss:2.515984, acc: 23.21, bacc: 11.00, tmp_test_f1: 0.52, f1: 5.89
epoch: 561, val_loss:2.514053, acc: 23.21, bacc: 11.00, tmp_test_f1: 0.53, f1: 5.89
epoch: 562, val_loss:2.511155, acc: 23.21, bacc: 11.00, tmp_test_f1: 0.56, f1: 5.89
epoch: 563, val_loss:2.508254, acc: 23.21, bacc: 11.00, tmp_test_f1: 0.59, f1: 5.89
epoch: 564, val_loss:2.505100, acc: 23.21, bacc: 11.00, tmp_test_f1: 0.63, f1: 5.89
epoch: 565, val_loss:2.502668, acc: 23.21, bacc: 11.00, tmp_test_f1: 0.63, f1: 5.89
epoch: 566, val_loss:2.500847, acc: 23.21, bacc: 11.00, tmp_test_f1: 0.63, f1: 5.89
epoch: 567, val_loss:2.500786, acc: 23.21, bacc: 11.00, tmp_test_f1: 0.63, f1: 5.89
epoch: 568, val_loss:2.501435, acc: 23.21, bacc: 11.00, tmp_test_f1: 0.62, f1: 5.89
epoch: 569, val_loss:2.502597, acc: 23.21, bacc: 11.00, tmp_test_f1: 0.62, f1: 5.89
epoch: 570, val_loss:2.504590, acc: 23.21, bacc: 11.00, tmp_test_f1: 0.61, f1: 5.89
epoch: 571, val_loss:2.506505, acc: 23.21, bacc: 11.00, tmp_test_f1: 0.61, f1: 5.89
epoch: 572, val_loss:2.508904, acc: 23.21, bacc: 11.00, tmp_test_f1: 0.62, f1: 5.89
epoch: 573, val_loss:2.510633, acc: 23.21, bacc: 11.00, tmp_test_f1: 0.62, f1: 5.89
epoch: 574, val_loss:2.511158, acc: 23.21, bacc: 11.00, tmp_test_f1: 0.62, f1: 5.89
epoch: 575, val_loss:2.511011, acc: 23.21, bacc: 11.00, tmp_test_f1: 0.62, f1: 5.89
epoch: 576, val_loss:2.511573, acc: 23.21, bacc: 11.00, tmp_test_f1: 0.62, f1: 5.89
epoch: 577, val_loss:2.510866, acc: 23.21, bacc: 11.00, tmp_test_f1: 0.63, f1: 5.89
epoch: 578, val_loss:2.508282, acc: 23.21, bacc: 11.00, tmp_test_f1: 0.64, f1: 5.89
epoch: 579, val_loss:2.504865, acc: 23.21, bacc: 11.00, tmp_test_f1: 0.67, f1: 5.89
epoch: 580, val_loss:2.501545, acc: 23.21, bacc: 11.00, tmp_test_f1: 0.67, f1: 5.89
epoch: 581, val_loss:2.498734, acc: 23.21, bacc: 11.00, tmp_test_f1: 0.66, f1: 5.89
epoch: 582, val_loss:2.497817, acc: 23.21, bacc: 11.00, tmp_test_f1: 0.66, f1: 5.89
epoch: 583, val_loss:2.498257, acc: 23.21, bacc: 11.00, tmp_test_f1: 0.63, f1: 5.89
epoch: 584, val_loss:2.499751, acc: 23.21, bacc: 11.00, tmp_test_f1: 0.60, f1: 5.89
epoch: 585, val_loss:2.501986, acc: 23.21, bacc: 11.00, tmp_test_f1: 0.60, f1: 5.89
epoch: 586, val_loss:2.504140, acc: 23.21, bacc: 11.00, tmp_test_f1: 0.61, f1: 5.89
epoch: 587, val_loss:2.507001, acc: 23.21, bacc: 11.00, tmp_test_f1: 0.62, f1: 5.89
epoch: 588, val_loss:2.509079, acc: 23.21, bacc: 11.00, tmp_test_f1: 0.61, f1: 5.89
epoch: 589, val_loss:2.510636, acc: 23.21, bacc: 11.00, tmp_test_f1: 0.61, f1: 5.89
epoch: 590, val_loss:2.511874, acc: 23.21, bacc: 11.00, tmp_test_f1: 0.60, f1: 5.89
epoch: 591, val_loss:2.512331, acc: 23.21, bacc: 11.00, tmp_test_f1: 0.60, f1: 5.89
epoch: 592, val_loss:2.511713, acc: 23.21, bacc: 11.00, tmp_test_f1: 0.59, f1: 5.89
epoch: 593, val_loss:2.511076, acc: 23.21, bacc: 11.00, tmp_test_f1: 0.59, f1: 5.89
epoch: 594, val_loss:2.509442, acc: 23.21, bacc: 11.00, tmp_test_f1: 0.60, f1: 5.89
epoch: 595, val_loss:2.507113, acc: 23.21, bacc: 11.00, tmp_test_f1: 0.66, f1: 5.89
epoch: 596, val_loss:2.504421, acc: 23.21, bacc: 11.00, tmp_test_f1: 0.66, f1: 5.89
epoch: 597, val_loss:2.502054, acc: 23.21, bacc: 11.00, tmp_test_f1: 0.66, f1: 5.89
epoch: 598, val_loss:2.500102, acc: 23.21, bacc: 11.00, tmp_test_f1: 0.66, f1: 5.89
epoch: 599, val_loss:2.499500, acc: 23.21, bacc: 11.00, tmp_test_f1: 0.66, f1: 5.89
epoch: 600, val_loss:2.499381, acc: 23.21, bacc: 11.00, tmp_test_f1: 0.64, f1: 5.89
epoch: 601, val_loss:2.499609, acc: 23.21, bacc: 11.00, tmp_test_f1: 0.63, f1: 5.89
epoch: 602, val_loss:2.500314, acc: 23.21, bacc: 11.00, tmp_test_f1: 0.63, f1: 5.89
Epoch 00603: reducing learning rate of group 0 to 1.2500e-02.
epoch: 603, val_loss:2.500229, acc: 23.21, bacc: 11.00, tmp_test_f1: 0.61, f1: 5.89
epoch: 604, val_loss:2.501047, acc: 23.21, bacc: 11.00, tmp_test_f1: 0.61, f1: 5.89
epoch: 605, val_loss:2.501395, acc: 23.21, bacc: 11.00, tmp_test_f1: 0.58, f1: 5.89
epoch: 606, val_loss:2.501657, acc: 23.21, bacc: 11.00, tmp_test_f1: 0.57, f1: 5.89
epoch: 607, val_loss:2.502019, acc: 23.21, bacc: 11.00, tmp_test_f1: 0.56, f1: 5.89
epoch: 608, val_loss:2.502030, acc: 23.21, bacc: 11.00, tmp_test_f1: 0.55, f1: 5.89
epoch: 609, val_loss:2.502160, acc: 23.21, bacc: 11.00, tmp_test_f1: 0.56, f1: 5.89
epoch: 610, val_loss:2.501982, acc: 23.21, bacc: 11.00, tmp_test_f1: 0.53, f1: 5.89
epoch: 611, val_loss:2.501702, acc: 23.21, bacc: 11.00, tmp_test_f1: 0.54, f1: 5.89
epoch: 612, val_loss:2.501715, acc: 23.21, bacc: 11.00, tmp_test_f1: 0.54, f1: 5.89
epoch: 613, val_loss:2.501733, acc: 23.21, bacc: 11.00, tmp_test_f1: 0.54, f1: 5.89
epoch: 614, val_loss:2.501753, acc: 23.21, bacc: 11.00, tmp_test_f1: 0.54, f1: 5.89
epoch: 615, val_loss:2.502373, acc: 23.21, bacc: 11.00, tmp_test_f1: 0.56, f1: 5.89
epoch: 616, val_loss:2.503275, acc: 23.21, bacc: 11.00, tmp_test_f1: 0.58, f1: 5.89
epoch: 617, val_loss:2.504749, acc: 23.21, bacc: 11.00, tmp_test_f1: 0.60, f1: 5.89
epoch: 618, val_loss:2.506450, acc: 23.21, bacc: 11.00, tmp_test_f1: 0.58, f1: 5.89
epoch: 619, val_loss:2.507834, acc: 23.21, bacc: 11.00, tmp_test_f1: 0.60, f1: 5.89
epoch: 620, val_loss:2.509125, acc: 23.21, bacc: 11.00, tmp_test_f1: 0.61, f1: 5.89
epoch: 621, val_loss:2.510235, acc: 23.21, bacc: 11.00, tmp_test_f1: 0.62, f1: 5.89
epoch: 622, val_loss:2.510824, acc: 23.21, bacc: 11.00, tmp_test_f1: 0.63, f1: 5.89
epoch: 623, val_loss:2.510901, acc: 23.21, bacc: 11.00, tmp_test_f1: 0.66, f1: 5.89
epoch: 624, val_loss:2.510323, acc: 23.21, bacc: 11.00, tmp_test_f1: 0.68, f1: 5.89
epoch: 625, val_loss:2.509401, acc: 23.21, bacc: 11.00, tmp_test_f1: 0.69, f1: 5.89
epoch: 626, val_loss:2.508279, acc: 23.21, bacc: 11.00, tmp_test_f1: 0.71, f1: 5.89
epoch: 627, val_loss:2.507019, acc: 23.21, bacc: 11.00, tmp_test_f1: 0.70, f1: 5.89
epoch: 628, val_loss:2.506162, acc: 23.21, bacc: 11.00, tmp_test_f1: 0.68, f1: 5.89
epoch: 629, val_loss:2.505206, acc: 23.21, bacc: 11.00, tmp_test_f1: 0.65, f1: 5.89
epoch: 630, val_loss:2.504395, acc: 23.21, bacc: 11.00, tmp_test_f1: 0.64, f1: 5.89
epoch: 631, val_loss:2.503443, acc: 23.21, bacc: 11.00, tmp_test_f1: 0.64, f1: 5.89
epoch: 632, val_loss:2.502565, acc: 23.21, bacc: 11.00, tmp_test_f1: 0.62, f1: 5.89
epoch: 633, val_loss:2.501947, acc: 23.21, bacc: 11.00, tmp_test_f1: 0.60, f1: 5.89
epoch: 634, val_loss:2.501737, acc: 23.21, bacc: 11.00, tmp_test_f1: 0.60, f1: 5.89
epoch: 635, val_loss:2.501456, acc: 23.21, bacc: 11.00, tmp_test_f1: 0.59, f1: 5.89
epoch: 636, val_loss:2.501249, acc: 23.21, bacc: 11.00, tmp_test_f1: 0.59, f1: 5.89
epoch: 637, val_loss:2.501493, acc: 23.21, bacc: 11.00, tmp_test_f1: 0.58, f1: 5.89
epoch: 638, val_loss:2.502226, acc: 23.21, bacc: 11.00, tmp_test_f1: 0.56, f1: 5.89
epoch: 639, val_loss:2.503274, acc: 23.21, bacc: 11.00, tmp_test_f1: 0.56, f1: 5.89
epoch: 640, val_loss:2.504336, acc: 23.21, bacc: 11.00, tmp_test_f1: 0.56, f1: 5.89
epoch: 641, val_loss:2.504970, acc: 23.21, bacc: 11.00, tmp_test_f1: 0.58, f1: 5.89
epoch: 642, val_loss:2.505401, acc: 23.21, bacc: 11.00, tmp_test_f1: 0.58, f1: 5.89
epoch: 643, val_loss:2.505876, acc: 23.21, bacc: 11.00, tmp_test_f1: 0.58, f1: 5.89
epoch: 644, val_loss:2.506397, acc: 23.21, bacc: 11.00, tmp_test_f1: 0.59, f1: 5.89
epoch: 645, val_loss:2.506382, acc: 23.21, bacc: 11.00, tmp_test_f1: 0.61, f1: 5.89
epoch: 646, val_loss:2.505842, acc: 23.21, bacc: 11.00, tmp_test_f1: 0.63, f1: 5.89
epoch: 647, val_loss:2.505233, acc: 23.21, bacc: 11.00, tmp_test_f1: 0.64, f1: 5.89
epoch: 648, val_loss:2.504452, acc: 23.21, bacc: 11.00, tmp_test_f1: 0.62, f1: 5.89
epoch: 649, val_loss:2.503660, acc: 23.21, bacc: 11.00, tmp_test_f1: 0.61, f1: 5.89
epoch: 650, val_loss:2.503380, acc: 23.21, bacc: 11.00, tmp_test_f1: 0.60, f1: 5.89
epoch: 651, val_loss:2.503850, acc: 23.21, bacc: 11.00, tmp_test_f1: 0.60, f1: 5.89
epoch: 652, val_loss:2.504481, acc: 23.21, bacc: 11.00, tmp_test_f1: 0.60, f1: 5.89
epoch: 653, val_loss:2.504828, acc: 23.21, bacc: 11.00, tmp_test_f1: 0.59, f1: 5.89
epoch: 654, val_loss:2.505579, acc: 23.21, bacc: 11.00, tmp_test_f1: 0.59, f1: 5.89
epoch: 655, val_loss:2.505915, acc: 23.21, bacc: 11.00, tmp_test_f1: 0.58, f1: 5.89
epoch: 656, val_loss:2.506607, acc: 23.21, bacc: 11.00, tmp_test_f1: 0.58, f1: 5.89
epoch: 657, val_loss:2.506761, acc: 23.21, bacc: 11.00, tmp_test_f1: 0.58, f1: 5.89
epoch: 658, val_loss:2.506670, acc: 23.21, bacc: 11.00, tmp_test_f1: 0.60, f1: 5.89
epoch: 659, val_loss:2.506291, acc: 23.21, bacc: 11.00, tmp_test_f1: 0.61, f1: 5.89
epoch: 660, val_loss:2.505538, acc: 23.21, bacc: 11.00, tmp_test_f1: 0.61, f1: 5.89
epoch: 661, val_loss:2.504882, acc: 23.21, bacc: 11.00, tmp_test_f1: 0.62, f1: 5.89
epoch: 662, val_loss:2.504155, acc: 23.21, bacc: 11.00, tmp_test_f1: 0.65, f1: 5.89
epoch: 663, val_loss:2.503411, acc: 23.21, bacc: 11.00, tmp_test_f1: 0.65, f1: 5.89
epoch: 664, val_loss:2.503153, acc: 23.21, bacc: 11.00, tmp_test_f1: 0.65, f1: 5.89
epoch: 665, val_loss:2.503440, acc: 23.21, bacc: 11.00, tmp_test_f1: 0.64, f1: 5.89
epoch: 666, val_loss:2.504243, acc: 23.21, bacc: 11.00, tmp_test_f1: 0.63, f1: 5.89
epoch: 667, val_loss:2.504828, acc: 23.21, bacc: 11.00, tmp_test_f1: 0.64, f1: 5.89
epoch: 668, val_loss:2.505548, acc: 23.21, bacc: 11.00, tmp_test_f1: 0.64, f1: 5.89
epoch: 669, val_loss:2.506254, acc: 23.21, bacc: 11.00, tmp_test_f1: 0.64, f1: 5.89
epoch: 670, val_loss:2.506731, acc: 23.21, bacc: 11.00, tmp_test_f1: 0.62, f1: 5.89
epoch: 671, val_loss:2.507043, acc: 23.21, bacc: 11.00, tmp_test_f1: 0.63, f1: 5.89
epoch: 672, val_loss:2.507211, acc: 23.21, bacc: 11.00, tmp_test_f1: 0.64, f1: 5.89
epoch: 673, val_loss:2.506951, acc: 23.21, bacc: 11.00, tmp_test_f1: 0.64, f1: 5.89
epoch: 674, val_loss:2.506716, acc: 23.21, bacc: 11.00, tmp_test_f1: 0.64, f1: 5.89
epoch: 675, val_loss:2.506577, acc: 23.21, bacc: 11.00, tmp_test_f1: 0.63, f1: 5.89
epoch: 676, val_loss:2.506508, acc: 23.21, bacc: 11.00, tmp_test_f1: 0.64, f1: 5.89
epoch: 677, val_loss:2.505844, acc: 23.21, bacc: 11.00, tmp_test_f1: 0.63, f1: 5.89
epoch: 678, val_loss:2.505516, acc: 23.21, bacc: 11.00, tmp_test_f1: 0.60, f1: 5.89
epoch: 679, val_loss:2.505067, acc: 23.21, bacc: 11.00, tmp_test_f1: 0.60, f1: 5.89
epoch: 680, val_loss:2.504791, acc: 23.21, bacc: 11.00, tmp_test_f1: 0.60, f1: 5.89
epoch: 681, val_loss:2.504427, acc: 23.21, bacc: 11.00, tmp_test_f1: 0.59, f1: 5.89
epoch: 682, val_loss:2.503816, acc: 23.21, bacc: 11.00, tmp_test_f1: 0.59, f1: 5.89
epoch: 683, val_loss:2.503353, acc: 23.21, bacc: 11.00, tmp_test_f1: 0.60, f1: 5.89
epoch: 684, val_loss:2.503247, acc: 23.21, bacc: 11.00, tmp_test_f1: 0.62, f1: 5.89
epoch: 685, val_loss:2.502875, acc: 23.21, bacc: 11.00, tmp_test_f1: 0.63, f1: 5.89
epoch: 686, val_loss:2.502844, acc: 23.21, bacc: 11.00, tmp_test_f1: 0.62, f1: 5.89
epoch: 687, val_loss:2.503491, acc: 23.21, bacc: 11.00, tmp_test_f1: 0.62, f1: 5.89
epoch: 688, val_loss:2.504303, acc: 23.21, bacc: 11.00, tmp_test_f1: 0.64, f1: 5.89
epoch: 689, val_loss:2.505344, acc: 23.21, bacc: 11.00, tmp_test_f1: 0.65, f1: 5.89
epoch: 690, val_loss:2.506781, acc: 23.21, bacc: 11.00, tmp_test_f1: 0.62, f1: 5.89
epoch: 691, val_loss:2.508299, acc: 23.21, bacc: 11.00, tmp_test_f1: 0.63, f1: 5.89
epoch: 692, val_loss:2.508957, acc: 23.21, bacc: 11.00, tmp_test_f1: 0.64, f1: 5.89
epoch: 693, val_loss:2.509261, acc: 23.21, bacc: 11.00, tmp_test_f1: 0.64, f1: 5.89
epoch: 694, val_loss:2.509459, acc: 23.21, bacc: 11.00, tmp_test_f1: 0.62, f1: 5.89
epoch: 695, val_loss:2.510108, acc: 23.21, bacc: 11.00, tmp_test_f1: 0.63, f1: 5.89
epoch: 696, val_loss:2.510146, acc: 23.21, bacc: 11.00, tmp_test_f1: 0.63, f1: 5.89
epoch: 697, val_loss:2.509669, acc: 23.21, bacc: 11.00, tmp_test_f1: 0.63, f1: 5.89
epoch: 698, val_loss:2.509031, acc: 23.21, bacc: 11.00, tmp_test_f1: 0.65, f1: 5.89
epoch: 699, val_loss:2.507959, acc: 23.21, bacc: 11.00, tmp_test_f1: 0.65, f1: 5.89
epoch: 700, val_loss:2.506918, acc: 23.21, bacc: 11.00, tmp_test_f1: 0.65, f1: 5.89
epoch: 701, val_loss:2.505903, acc: 23.21, bacc: 11.00, tmp_test_f1: 0.65, f1: 5.89
epoch: 702, val_loss:2.504963, acc: 23.21, bacc: 11.00, tmp_test_f1: 0.63, f1: 5.89
epoch: 703, val_loss:2.504820, acc: 23.21, bacc: 11.00, tmp_test_f1: 0.65, f1: 5.89
epoch: 704, val_loss:2.504402, acc: 23.21, bacc: 11.00, tmp_test_f1: 0.65, f1: 5.89
epoch: 705, val_loss:2.503702, acc: 23.21, bacc: 11.00, tmp_test_f1: 0.65, f1: 5.89
epoch: 706, val_loss:2.503450, acc: 23.21, bacc: 11.00, tmp_test_f1: 0.65, f1: 5.89
epoch: 707, val_loss:2.503775, acc: 23.21, bacc: 11.00, tmp_test_f1: 0.65, f1: 5.89
epoch: 708, val_loss:2.504442, acc: 23.21, bacc: 11.00, tmp_test_f1: 0.67, f1: 5.89
epoch: 709, val_loss:2.505143, acc: 23.21, bacc: 11.00, tmp_test_f1: 0.69, f1: 5.89
epoch: 710, val_loss:2.505177, acc: 23.21, bacc: 11.00, tmp_test_f1: 0.69, f1: 5.89
epoch: 711, val_loss:2.505161, acc: 23.21, bacc: 11.00, tmp_test_f1: 0.69, f1: 5.89
epoch: 712, val_loss:2.506082, acc: 23.21, bacc: 11.00, tmp_test_f1: 0.69, f1: 5.89
epoch: 713, val_loss:2.507135, acc: 23.21, bacc: 11.00, tmp_test_f1: 0.68, f1: 5.89
epoch: 714, val_loss:2.508534, acc: 23.21, bacc: 11.00, tmp_test_f1: 0.67, f1: 5.89
epoch: 715, val_loss:2.509831, acc: 23.21, bacc: 11.00, tmp_test_f1: 0.67, f1: 5.89
epoch: 716, val_loss:2.510927, acc: 23.21, bacc: 11.00, tmp_test_f1: 0.67, f1: 5.89
epoch: 717, val_loss:2.512072, acc: 23.21, bacc: 11.00, tmp_test_f1: 0.67, f1: 5.89
epoch: 718, val_loss:2.512939, acc: 23.21, bacc: 11.00, tmp_test_f1: 0.65, f1: 5.89
epoch: 719, val_loss:2.513458, acc: 23.21, bacc: 11.00, tmp_test_f1: 0.63, f1: 5.89
epoch: 720, val_loss:2.513799, acc: 23.21, bacc: 11.00, tmp_test_f1: 0.64, f1: 5.89
epoch: 721, val_loss:2.513886, acc: 23.21, bacc: 11.00, tmp_test_f1: 0.64, f1: 5.89
epoch: 722, val_loss:2.513882, acc: 23.21, bacc: 11.00, tmp_test_f1: 0.64, f1: 5.89
epoch: 723, val_loss:2.513182, acc: 23.21, bacc: 11.00, tmp_test_f1: 0.66, f1: 5.89
epoch: 724, val_loss:2.512301, acc: 23.21, bacc: 11.00, tmp_test_f1: 0.66, f1: 5.89
epoch: 725, val_loss:2.511428, acc: 23.21, bacc: 11.00, tmp_test_f1: 0.69, f1: 5.89
epoch: 726, val_loss:2.510546, acc: 23.21, bacc: 11.00, tmp_test_f1: 0.71, f1: 5.89
epoch: 727, val_loss:2.509108, acc: 23.21, bacc: 11.00, tmp_test_f1: 0.72, f1: 5.89
epoch: 728, val_loss:2.507418, acc: 23.21, bacc: 11.00, tmp_test_f1: 0.72, f1: 5.89
epoch: 729, val_loss:2.506052, acc: 23.21, bacc: 11.00, tmp_test_f1: 0.72, f1: 5.89
epoch: 730, val_loss:2.505244, acc: 23.21, bacc: 11.00, tmp_test_f1: 0.72, f1: 5.89
epoch: 731, val_loss:2.504901, acc: 23.21, bacc: 11.00, tmp_test_f1: 0.70, f1: 5.89
epoch: 732, val_loss:2.505410, acc: 23.21, bacc: 11.00, tmp_test_f1: 0.70, f1: 5.89
epoch: 733, val_loss:2.506214, acc: 23.21, bacc: 11.00, tmp_test_f1: 0.69, f1: 5.89
epoch: 734, val_loss:2.507320, acc: 23.21, bacc: 11.00, tmp_test_f1: 0.68, f1: 5.89
epoch: 735, val_loss:2.508955, acc: 23.21, bacc: 11.00, tmp_test_f1: 0.69, f1: 5.89
epoch: 736, val_loss:2.510583, acc: 23.21, bacc: 11.00, tmp_test_f1: 0.70, f1: 5.89
epoch: 737, val_loss:2.512136, acc: 23.21, bacc: 11.00, tmp_test_f1: 0.71, f1: 5.89
epoch: 738, val_loss:2.513610, acc: 23.21, bacc: 11.00, tmp_test_f1: 0.69, f1: 5.89
epoch: 739, val_loss:2.514484, acc: 23.21, bacc: 11.00, tmp_test_f1: 0.67, f1: 5.89
epoch: 740, val_loss:2.515018, acc: 23.21, bacc: 11.00, tmp_test_f1: 0.66, f1: 5.89
epoch: 741, val_loss:2.515451, acc: 23.21, bacc: 11.00, tmp_test_f1: 0.66, f1: 5.89
epoch: 742, val_loss:2.515740, acc: 23.21, bacc: 11.00, tmp_test_f1: 0.65, f1: 5.89
epoch: 743, val_loss:2.515579, acc: 23.21, bacc: 11.00, tmp_test_f1: 0.65, f1: 5.89
epoch: 744, val_loss:2.515789, acc: 23.21, bacc: 11.00, tmp_test_f1: 0.63, f1: 5.89
epoch: 745, val_loss:2.515493, acc: 23.21, bacc: 11.00, tmp_test_f1: 0.61, f1: 5.89
epoch: 746, val_loss:2.515282, acc: 23.21, bacc: 11.00, tmp_test_f1: 0.61, f1: 5.89
epoch: 747, val_loss:2.514488, acc: 23.21, bacc: 11.00, tmp_test_f1: 0.61, f1: 5.89
epoch: 748, val_loss:2.513350, acc: 23.21, bacc: 11.00, tmp_test_f1: 0.61, f1: 5.89
epoch: 749, val_loss:2.512093, acc: 23.21, bacc: 11.00, tmp_test_f1: 0.61, f1: 5.89
epoch: 750, val_loss:2.511034, acc: 23.21, bacc: 11.00, tmp_test_f1: 0.62, f1: 5.89
epoch: 751, val_loss:2.509804, acc: 23.21, bacc: 11.00, tmp_test_f1: 0.64, f1: 5.89
epoch: 752, val_loss:2.508557, acc: 23.21, bacc: 11.00, tmp_test_f1: 0.65, f1: 5.89
epoch: 753, val_loss:2.507600, acc: 23.21, bacc: 11.00, tmp_test_f1: 0.65, f1: 5.89
epoch: 754, val_loss:2.506175, acc: 23.21, bacc: 11.00, tmp_test_f1: 0.66, f1: 5.89
epoch: 755, val_loss:2.505112, acc: 23.21, bacc: 11.00, tmp_test_f1: 0.67, f1: 5.89
epoch: 756, val_loss:2.504221, acc: 23.21, bacc: 11.00, tmp_test_f1: 0.69, f1: 5.89
epoch: 757, val_loss:2.503466, acc: 23.21, bacc: 11.00, tmp_test_f1: 0.69, f1: 5.89
epoch: 758, val_loss:2.503150, acc: 23.21, bacc: 11.00, tmp_test_f1: 0.70, f1: 5.89
epoch: 759, val_loss:2.503513, acc: 23.21, bacc: 11.00, tmp_test_f1: 0.71, f1: 5.89
epoch: 760, val_loss:2.504030, acc: 23.21, bacc: 11.00, tmp_test_f1: 0.71, f1: 5.89
epoch: 761, val_loss:2.504761, acc: 23.21, bacc: 11.00, tmp_test_f1: 0.71, f1: 5.89
epoch: 762, val_loss:2.505316, acc: 23.21, bacc: 11.00, tmp_test_f1: 0.71, f1: 5.89
epoch: 763, val_loss:2.506455, acc: 23.21, bacc: 11.00, tmp_test_f1: 0.71, f1: 5.89
epoch: 764, val_loss:2.507142, acc: 23.21, bacc: 11.00, tmp_test_f1: 0.71, f1: 5.89
epoch: 765, val_loss:2.507927, acc: 23.21, bacc: 11.00, tmp_test_f1: 0.69, f1: 5.89
epoch: 766, val_loss:2.508924, acc: 23.21, bacc: 11.00, tmp_test_f1: 0.69, f1: 5.89
epoch: 767, val_loss:2.509892, acc: 23.21, bacc: 11.00, tmp_test_f1: 0.69, f1: 5.89
epoch: 768, val_loss:2.510515, acc: 23.21, bacc: 11.00, tmp_test_f1: 0.67, f1: 5.89
epoch: 769, val_loss:2.510589, acc: 23.21, bacc: 11.00, tmp_test_f1: 0.68, f1: 5.89
epoch: 770, val_loss:2.510209, acc: 23.21, bacc: 11.00, tmp_test_f1: 0.68, f1: 5.89
epoch: 771, val_loss:2.510401, acc: 23.21, bacc: 11.00, tmp_test_f1: 0.68, f1: 5.89
epoch: 772, val_loss:2.510416, acc: 23.21, bacc: 11.00, tmp_test_f1: 0.68, f1: 5.89
epoch: 773, val_loss:2.510235, acc: 23.21, bacc: 11.00, tmp_test_f1: 0.66, f1: 5.89
epoch: 774, val_loss:2.509941, acc: 23.21, bacc: 11.00, tmp_test_f1: 0.66, f1: 5.89
epoch: 775, val_loss:2.509628, acc: 23.21, bacc: 11.00, tmp_test_f1: 0.66, f1: 5.89
epoch: 776, val_loss:2.509344, acc: 23.21, bacc: 11.00, tmp_test_f1: 0.65, f1: 5.89
epoch: 777, val_loss:2.509518, acc: 23.21, bacc: 11.00, tmp_test_f1: 0.65, f1: 5.89
epoch: 778, val_loss:2.509424, acc: 23.21, bacc: 11.00, tmp_test_f1: 0.65, f1: 5.89
epoch: 779, val_loss:2.509540, acc: 23.21, bacc: 11.00, tmp_test_f1: 0.65, f1: 5.89
epoch: 780, val_loss:2.509547, acc: 23.21, bacc: 11.00, tmp_test_f1: 0.65, f1: 5.89
epoch: 781, val_loss:2.509852, acc: 23.21, bacc: 11.00, tmp_test_f1: 0.63, f1: 5.89
epoch: 782, val_loss:2.509982, acc: 23.21, bacc: 11.00, tmp_test_f1: 0.64, f1: 5.89
epoch: 783, val_loss:2.509230, acc: 23.21, bacc: 11.00, tmp_test_f1: 0.65, f1: 5.89
epoch: 784, val_loss:2.508316, acc: 23.21, bacc: 11.00, tmp_test_f1: 0.65, f1: 5.89
epoch: 785, val_loss:2.507668, acc: 23.21, bacc: 11.00, tmp_test_f1: 0.66, f1: 5.89
epoch: 786, val_loss:2.506703, acc: 23.21, bacc: 11.00, tmp_test_f1: 0.66, f1: 5.89
epoch: 787, val_loss:2.505830, acc: 23.21, bacc: 11.00, tmp_test_f1: 0.67, f1: 5.89
epoch: 788, val_loss:2.505696, acc: 23.21, bacc: 11.00, tmp_test_f1: 0.67, f1: 5.89
epoch: 789, val_loss:2.506123, acc: 23.21, bacc: 11.00, tmp_test_f1: 0.67, f1: 5.89
epoch: 790, val_loss:2.506706, acc: 23.21, bacc: 11.00, tmp_test_f1: 0.66, f1: 5.89
epoch: 791, val_loss:2.507179, acc: 23.21, bacc: 11.00, tmp_test_f1: 0.66, f1: 5.89
epoch: 792, val_loss:2.507705, acc: 23.21, bacc: 11.00, tmp_test_f1: 0.64, f1: 5.89
epoch: 793, val_loss:2.507974, acc: 23.21, bacc: 11.00, tmp_test_f1: 0.63, f1: 5.89
epoch: 794, val_loss:2.508802, acc: 23.21, bacc: 11.00, tmp_test_f1: 0.63, f1: 5.89
epoch: 795, val_loss:2.510002, acc: 23.21, bacc: 11.00, tmp_test_f1: 0.62, f1: 5.89
epoch: 796, val_loss:2.510670, acc: 23.21, bacc: 11.00, tmp_test_f1: 0.61, f1: 5.89
epoch: 797, val_loss:2.511426, acc: 23.21, bacc: 11.00, tmp_test_f1: 0.58, f1: 5.89
epoch: 798, val_loss:2.511552, acc: 23.21, bacc: 11.00, tmp_test_f1: 0.58, f1: 5.89
epoch: 799, val_loss:2.510852, acc: 23.21, bacc: 11.00, tmp_test_f1: 0.61, f1: 5.89
epoch: 800, val_loss:2.509872, acc: 23.21, bacc: 11.00, tmp_test_f1: 0.61, f1: 5.89
epoch: 801, val_loss:2.508436, acc: 23.21, bacc: 11.00, tmp_test_f1: 0.61, f1: 5.89
epoch: 802, val_loss:2.506989, acc: 23.21, bacc: 11.00, tmp_test_f1: 0.64, f1: 5.89
epoch: 803, val_loss:2.505646, acc: 23.21, bacc: 11.00, tmp_test_f1: 0.66, f1: 5.89
APPNP Amazon-Computers 100 Aug 4 EndEpoch 803 lr 0.1
SHAsplit  0, acc: 23.21, bacc: 11.00, f1: 5.89
