CUDA Device Index: 2
Namespace(IsDirectedData=False, AugDirect=-1, net='Cheb', GPUdevice=2, seed=100, undirect_dataset='Amazon-Computers', Direct_dataset='WikipediaNetwork/squirrel', imb_ratio=100, dropout=0.1, num_filter=2, layer=2, alpha=0.1, K=2, feat_dim=64, warmup=5, epoch=1500, lr=0.1, l2=0.0005, tau=2, max=False, no_mask=False, gdc='ppr', heads=8, log_root='../logs/', log_path='test', data_path='../dataset/data/tmp/')
ChebModelBen(
  (conv1): ChebConv(767, 2, K=2, normalization=sym)
  (conv2): ChebConv(2, 2, K=2, normalization=sym)
  (Conv): Conv1d(2, 10, kernel_size=(1,), stride=(1,))
)
test_f1 CountNotImproved reset to 0 in epoch 0
epoch:   0, val_loss:2.375098, acc: 9.47, bacc: 10.00, tmp_test_f1: 1.73, f1: 1.73
epoch:   1, val_loss:2.367920, acc: 9.47, bacc: 10.00, tmp_test_f1: 1.73, f1: 1.73
epoch:   2, val_loss:2.370784, acc: 9.47, bacc: 10.00, tmp_test_f1: 1.73, f1: 1.73
epoch:   3, val_loss:2.379096, acc: 9.47, bacc: 10.00, tmp_test_f1: 1.73, f1: 1.73
epoch:   4, val_loss:2.388935, acc: 9.47, bacc: 10.00, tmp_test_f1: 1.73, f1: 1.73
epoch:   5, val_loss:2.403395, acc: 9.47, bacc: 10.00, tmp_test_f1: 1.73, f1: 1.73
epoch:   6, val_loss:2.423481, acc: 9.47, bacc: 10.00, tmp_test_f1: 1.73, f1: 1.73
test_f1 CountNotImproved reset to 0 in epoch 7
epoch:   7, val_loss:2.440472, acc: 15.87, bacc: 10.00, tmp_test_f1: 2.74, f1: 2.74
epoch:   8, val_loss:2.455756, acc: 15.87, bacc: 10.00, tmp_test_f1: 2.74, f1: 2.74
epoch:   9, val_loss:2.470240, acc: 15.87, bacc: 10.00, tmp_test_f1: 0.17, f1: 2.74
epoch:  10, val_loss:2.484500, acc: 15.87, bacc: 10.00, tmp_test_f1: 0.17, f1: 2.74
epoch:  11, val_loss:2.498791, acc: 15.87, bacc: 10.00, tmp_test_f1: 0.17, f1: 2.74
epoch:  12, val_loss:2.513089, acc: 15.87, bacc: 10.00, tmp_test_f1: 0.17, f1: 2.74
epoch:  13, val_loss:2.527155, acc: 15.87, bacc: 10.00, tmp_test_f1: 0.17, f1: 2.74
epoch:  14, val_loss:2.540593, acc: 15.87, bacc: 10.00, tmp_test_f1: 0.17, f1: 2.74
epoch:  15, val_loss:2.552901, acc: 15.87, bacc: 10.00, tmp_test_f1: 0.17, f1: 2.74
epoch:  16, val_loss:2.563517, acc: 15.87, bacc: 10.00, tmp_test_f1: 0.17, f1: 2.74
epoch:  17, val_loss:2.571889, acc: 15.87, bacc: 10.00, tmp_test_f1: 0.17, f1: 2.74
epoch:  18, val_loss:2.577548, acc: 15.87, bacc: 10.00, tmp_test_f1: 0.17, f1: 2.74
epoch:  19, val_loss:2.580178, acc: 15.87, bacc: 10.00, tmp_test_f1: 0.17, f1: 2.74
epoch:  20, val_loss:2.579663, acc: 15.87, bacc: 10.00, tmp_test_f1: 0.17, f1: 2.74
epoch:  21, val_loss:2.576101, acc: 15.87, bacc: 10.00, tmp_test_f1: 0.17, f1: 2.74
epoch:  22, val_loss:2.569771, acc: 15.87, bacc: 10.00, tmp_test_f1: 0.17, f1: 2.74
epoch:  23, val_loss:2.561092, acc: 15.87, bacc: 10.00, tmp_test_f1: 0.17, f1: 2.74
epoch:  24, val_loss:2.550567, acc: 15.87, bacc: 10.00, tmp_test_f1: 0.17, f1: 2.74
epoch:  25, val_loss:2.538728, acc: 15.87, bacc: 10.00, tmp_test_f1: 0.17, f1: 2.74
epoch:  26, val_loss:2.526091, acc: 15.87, bacc: 10.00, tmp_test_f1: 0.17, f1: 2.74
epoch:  27, val_loss:2.513129, acc: 15.87, bacc: 10.00, tmp_test_f1: 0.17, f1: 2.74
epoch:  28, val_loss:2.500253, acc: 15.87, bacc: 10.00, tmp_test_f1: 0.17, f1: 2.74
epoch:  29, val_loss:2.487811, acc: 15.87, bacc: 10.00, tmp_test_f1: 0.17, f1: 2.74
epoch:  30, val_loss:2.476078, acc: 15.87, bacc: 10.00, tmp_test_f1: 0.17, f1: 2.74
epoch:  31, val_loss:2.465270, acc: 15.87, bacc: 10.00, tmp_test_f1: 0.17, f1: 2.74
epoch:  32, val_loss:2.455541, acc: 15.87, bacc: 10.00, tmp_test_f1: 0.17, f1: 2.74
epoch:  33, val_loss:2.446996, acc: 15.87, bacc: 10.00, tmp_test_f1: 0.17, f1: 2.74
epoch:  34, val_loss:2.439695, acc: 15.87, bacc: 10.00, tmp_test_f1: 0.17, f1: 2.74
epoch:  35, val_loss:2.433662, acc: 15.87, bacc: 10.00, tmp_test_f1: 0.17, f1: 2.74
epoch:  36, val_loss:2.428897, acc: 15.87, bacc: 10.00, tmp_test_f1: 0.17, f1: 2.74
epoch:  37, val_loss:2.425370, acc: 15.87, bacc: 10.00, tmp_test_f1: 0.17, f1: 2.74
epoch:  38, val_loss:2.423035, acc: 15.87, bacc: 10.00, tmp_test_f1: 0.17, f1: 2.74
epoch:  39, val_loss:2.421827, acc: 15.87, bacc: 10.00, tmp_test_f1: 0.17, f1: 2.74
epoch:  40, val_loss:2.421652, acc: 15.87, bacc: 10.00, tmp_test_f1: 0.17, f1: 2.74
epoch:  41, val_loss:2.422401, acc: 15.87, bacc: 10.00, tmp_test_f1: 0.17, f1: 2.74
epoch:  42, val_loss:2.423945, acc: 15.87, bacc: 10.00, tmp_test_f1: 0.17, f1: 2.74
epoch:  43, val_loss:2.426142, acc: 15.87, bacc: 10.00, tmp_test_f1: 0.17, f1: 2.74
epoch:  44, val_loss:2.428835, acc: 15.87, bacc: 10.00, tmp_test_f1: 0.17, f1: 2.74
epoch:  45, val_loss:2.431875, acc: 15.87, bacc: 10.00, tmp_test_f1: 0.17, f1: 2.74
epoch:  46, val_loss:2.435107, acc: 15.87, bacc: 10.00, tmp_test_f1: 0.17, f1: 2.74
epoch:  47, val_loss:2.438391, acc: 15.87, bacc: 10.00, tmp_test_f1: 0.17, f1: 2.74
epoch:  48, val_loss:2.441602, acc: 15.87, bacc: 10.00, tmp_test_f1: 0.17, f1: 2.74
epoch:  49, val_loss:2.444631, acc: 15.87, bacc: 10.00, tmp_test_f1: 0.17, f1: 2.74
epoch:  50, val_loss:2.447389, acc: 15.87, bacc: 10.00, tmp_test_f1: 0.17, f1: 2.74
epoch:  51, val_loss:2.449813, acc: 15.87, bacc: 10.00, tmp_test_f1: 0.17, f1: 2.74
epoch:  52, val_loss:2.451854, acc: 15.87, bacc: 10.00, tmp_test_f1: 0.17, f1: 2.74
epoch:  53, val_loss:2.453488, acc: 15.87, bacc: 10.00, tmp_test_f1: 0.17, f1: 2.74
epoch:  54, val_loss:2.454707, acc: 15.87, bacc: 10.00, tmp_test_f1: 0.17, f1: 2.74
epoch:  55, val_loss:2.455522, acc: 15.87, bacc: 10.00, tmp_test_f1: 0.17, f1: 2.74
epoch:  56, val_loss:2.455953, acc: 15.87, bacc: 10.00, tmp_test_f1: 0.17, f1: 2.74
epoch:  57, val_loss:2.456033, acc: 15.87, bacc: 10.00, tmp_test_f1: 0.17, f1: 2.74
epoch:  58, val_loss:2.455807, acc: 15.87, bacc: 10.00, tmp_test_f1: 0.17, f1: 2.74
epoch:  59, val_loss:2.455317, acc: 15.87, bacc: 10.00, tmp_test_f1: 0.17, f1: 2.74
epoch:  60, val_loss:2.454617, acc: 15.87, bacc: 10.00, tmp_test_f1: 0.17, f1: 2.74
epoch:  61, val_loss:2.453756, acc: 15.87, bacc: 10.00, tmp_test_f1: 0.17, f1: 2.74
epoch:  62, val_loss:2.452786, acc: 15.87, bacc: 10.00, tmp_test_f1: 0.17, f1: 2.74
epoch:  63, val_loss:2.451757, acc: 15.87, bacc: 10.00, tmp_test_f1: 0.17, f1: 2.74
epoch:  64, val_loss:2.450712, acc: 15.87, bacc: 10.00, tmp_test_f1: 0.17, f1: 2.74
epoch:  65, val_loss:2.449698, acc: 15.87, bacc: 10.00, tmp_test_f1: 0.17, f1: 2.74
epoch:  66, val_loss:2.448750, acc: 15.87, bacc: 10.00, tmp_test_f1: 0.17, f1: 2.74
epoch:  67, val_loss:2.447901, acc: 15.87, bacc: 10.00, tmp_test_f1: 0.17, f1: 2.74
epoch:  68, val_loss:2.447176, acc: 15.87, bacc: 10.00, tmp_test_f1: 0.17, f1: 2.74
epoch:  69, val_loss:2.446591, acc: 15.87, bacc: 10.00, tmp_test_f1: 0.17, f1: 2.74
epoch:  70, val_loss:2.446157, acc: 15.87, bacc: 10.00, tmp_test_f1: 0.17, f1: 2.74
epoch:  71, val_loss:2.445873, acc: 15.87, bacc: 10.00, tmp_test_f1: 0.17, f1: 2.74
epoch:  72, val_loss:2.445734, acc: 15.87, bacc: 10.00, tmp_test_f1: 0.17, f1: 2.74
epoch:  73, val_loss:2.445724, acc: 15.87, bacc: 10.00, tmp_test_f1: 0.17, f1: 2.74
epoch:  74, val_loss:2.445824, acc: 15.87, bacc: 10.00, tmp_test_f1: 0.17, f1: 2.74
epoch:  75, val_loss:2.446012, acc: 15.87, bacc: 10.00, tmp_test_f1: 0.17, f1: 2.74
epoch:  76, val_loss:2.446266, acc: 15.87, bacc: 10.00, tmp_test_f1: 0.17, f1: 2.74
epoch:  77, val_loss:2.446555, acc: 15.87, bacc: 10.00, tmp_test_f1: 0.17, f1: 2.74
epoch:  78, val_loss:2.446858, acc: 15.87, bacc: 10.00, tmp_test_f1: 0.17, f1: 2.74
epoch:  79, val_loss:2.447150, acc: 15.87, bacc: 10.00, tmp_test_f1: 0.17, f1: 2.74
epoch:  80, val_loss:2.447433, acc: 15.87, bacc: 10.00, tmp_test_f1: 0.17, f1: 2.74
epoch:  81, val_loss:2.446488, acc: 15.87, bacc: 10.00, tmp_test_f1: 0.17, f1: 2.74
epoch:  82, val_loss:2.445592, acc: 15.87, bacc: 10.00, tmp_test_f1: 0.17, f1: 2.74
epoch:  83, val_loss:2.447393, acc: 15.87, bacc: 10.00, tmp_test_f1: 0.17, f1: 2.74
epoch:  84, val_loss:2.442074, acc: 15.87, bacc: 10.00, tmp_test_f1: 0.17, f1: 2.74
epoch:  85, val_loss:2.428621, acc: 15.87, bacc: 10.00, tmp_test_f1: 0.17, f1: 2.74
epoch:  86, val_loss:2.419662, acc: 15.87, bacc: 10.00, tmp_test_f1: 0.17, f1: 2.74
epoch:  87, val_loss:2.427971, acc: 15.87, bacc: 10.00, tmp_test_f1: 0.43, f1: 2.74
epoch:  88, val_loss:2.437687, acc: 15.87, bacc: 10.00, tmp_test_f1: 0.68, f1: 2.74
epoch:  89, val_loss:2.452262, acc: 15.87, bacc: 10.00, tmp_test_f1: 0.35, f1: 2.74
epoch:  90, val_loss:2.475713, acc: 15.87, bacc: 10.00, tmp_test_f1: 0.66, f1: 2.74
epoch:  91, val_loss:2.505172, acc: 15.87, bacc: 10.00, tmp_test_f1: 0.48, f1: 2.74
epoch:  92, val_loss:2.537683, acc: 15.87, bacc: 10.00, tmp_test_f1: 0.48, f1: 2.74
epoch:  93, val_loss:2.572219, acc: 15.87, bacc: 10.00, tmp_test_f1: 0.51, f1: 2.74
epoch:  94, val_loss:2.609684, acc: 15.87, bacc: 10.00, tmp_test_f1: 0.67, f1: 2.74
epoch:  95, val_loss:2.652034, acc: 15.87, bacc: 10.00, tmp_test_f1: 0.53, f1: 2.74
epoch:  96, val_loss:2.701173, acc: 15.87, bacc: 10.00, tmp_test_f1: 0.41, f1: 2.74
epoch:  97, val_loss:2.753020, acc: 15.87, bacc: 10.00, tmp_test_f1: 0.45, f1: 2.74
epoch:  98, val_loss:2.805112, acc: 15.87, bacc: 10.00, tmp_test_f1: 0.41, f1: 2.74
epoch:  99, val_loss:2.854790, acc: 15.87, bacc: 10.00, tmp_test_f1: 0.44, f1: 2.74
epoch: 100, val_loss:2.902666, acc: 15.87, bacc: 10.00, tmp_test_f1: 0.44, f1: 2.74
epoch: 101, val_loss:2.947650, acc: 15.87, bacc: 10.00, tmp_test_f1: 0.30, f1: 2.74
epoch: 102, val_loss:2.989460, acc: 15.87, bacc: 10.00, tmp_test_f1: 0.37, f1: 2.74
epoch: 103, val_loss:3.028395, acc: 15.87, bacc: 10.00, tmp_test_f1: 0.46, f1: 2.74
epoch: 104, val_loss:3.064762, acc: 15.87, bacc: 10.00, tmp_test_f1: 0.44, f1: 2.74
epoch: 105, val_loss:3.097122, acc: 15.87, bacc: 10.00, tmp_test_f1: 0.47, f1: 2.74
epoch: 106, val_loss:3.126265, acc: 15.87, bacc: 10.00, tmp_test_f1: 0.50, f1: 2.74
epoch: 107, val_loss:3.150613, acc: 15.87, bacc: 10.00, tmp_test_f1: 0.53, f1: 2.74
epoch: 108, val_loss:3.171507, acc: 15.87, bacc: 10.00, tmp_test_f1: 0.55, f1: 2.74
epoch: 109, val_loss:3.188669, acc: 15.87, bacc: 10.00, tmp_test_f1: 0.52, f1: 2.74
epoch: 110, val_loss:3.202269, acc: 15.87, bacc: 10.00, tmp_test_f1: 0.51, f1: 2.74
epoch: 111, val_loss:3.213993, acc: 15.87, bacc: 10.00, tmp_test_f1: 0.51, f1: 2.74
epoch: 112, val_loss:3.223140, acc: 15.87, bacc: 10.00, tmp_test_f1: 0.50, f1: 2.74
epoch: 113, val_loss:3.229193, acc: 15.87, bacc: 10.00, tmp_test_f1: 0.50, f1: 2.74
epoch: 114, val_loss:3.232920, acc: 15.87, bacc: 10.00, tmp_test_f1: 0.52, f1: 2.74
epoch: 115, val_loss:3.234842, acc: 15.87, bacc: 10.00, tmp_test_f1: 0.51, f1: 2.74
epoch: 116, val_loss:3.234791, acc: 15.87, bacc: 10.00, tmp_test_f1: 0.50, f1: 2.74
epoch: 117, val_loss:3.232071, acc: 15.87, bacc: 10.00, tmp_test_f1: 0.50, f1: 2.74
epoch: 118, val_loss:3.227886, acc: 15.87, bacc: 10.00, tmp_test_f1: 0.47, f1: 2.74
epoch: 119, val_loss:3.221096, acc: 15.87, bacc: 10.00, tmp_test_f1: 0.47, f1: 2.74
epoch: 120, val_loss:3.215307, acc: 15.87, bacc: 10.00, tmp_test_f1: 0.46, f1: 2.74
epoch: 121, val_loss:3.210584, acc: 15.87, bacc: 10.00, tmp_test_f1: 0.47, f1: 2.74
epoch: 122, val_loss:3.205639, acc: 15.87, bacc: 10.00, tmp_test_f1: 0.48, f1: 2.74
epoch: 123, val_loss:3.200437, acc: 15.87, bacc: 10.00, tmp_test_f1: 0.48, f1: 2.74
epoch: 124, val_loss:3.193937, acc: 15.87, bacc: 10.00, tmp_test_f1: 0.50, f1: 2.74
epoch: 125, val_loss:3.186905, acc: 15.87, bacc: 10.00, tmp_test_f1: 0.49, f1: 2.74
epoch: 126, val_loss:3.179433, acc: 15.87, bacc: 10.00, tmp_test_f1: 0.49, f1: 2.74
epoch: 127, val_loss:3.172730, acc: 15.87, bacc: 10.00, tmp_test_f1: 0.35, f1: 2.74
epoch: 128, val_loss:3.165483, acc: 15.87, bacc: 10.00, tmp_test_f1: 0.37, f1: 2.74
epoch: 129, val_loss:3.158153, acc: 15.87, bacc: 10.00, tmp_test_f1: 0.46, f1: 2.74
epoch: 130, val_loss:3.151364, acc: 15.87, bacc: 10.00, tmp_test_f1: 0.47, f1: 2.74
epoch: 131, val_loss:3.143926, acc: 15.87, bacc: 10.00, tmp_test_f1: 0.49, f1: 2.74
epoch: 132, val_loss:3.137213, acc: 15.87, bacc: 10.00, tmp_test_f1: 0.51, f1: 2.74
epoch: 133, val_loss:3.130846, acc: 15.87, bacc: 10.00, tmp_test_f1: 0.51, f1: 2.74
epoch: 134, val_loss:3.124490, acc: 15.87, bacc: 10.00, tmp_test_f1: 0.52, f1: 2.74
epoch: 135, val_loss:3.117936, acc: 15.87, bacc: 10.00, tmp_test_f1: 0.41, f1: 2.74
epoch: 136, val_loss:3.111721, acc: 15.87, bacc: 10.00, tmp_test_f1: 0.42, f1: 2.74
epoch: 137, val_loss:3.106020, acc: 15.87, bacc: 10.00, tmp_test_f1: 0.44, f1: 2.74
epoch: 138, val_loss:3.100994, acc: 15.87, bacc: 10.00, tmp_test_f1: 0.53, f1: 2.74
epoch: 139, val_loss:3.096077, acc: 15.87, bacc: 10.00, tmp_test_f1: 0.52, f1: 2.74
epoch: 140, val_loss:3.092751, acc: 15.87, bacc: 10.00, tmp_test_f1: 0.74, f1: 2.74
epoch: 141, val_loss:3.091135, acc: 15.87, bacc: 10.00, tmp_test_f1: 0.54, f1: 2.74
epoch: 142, val_loss:3.090573, acc: 15.87, bacc: 10.00, tmp_test_f1: 0.54, f1: 2.74
epoch: 143, val_loss:3.090019, acc: 15.87, bacc: 10.00, tmp_test_f1: 0.56, f1: 2.74
epoch: 144, val_loss:3.088588, acc: 15.87, bacc: 10.00, tmp_test_f1: 0.76, f1: 2.74
epoch: 145, val_loss:3.087006, acc: 15.87, bacc: 10.00, tmp_test_f1: 0.45, f1: 2.74
epoch: 146, val_loss:3.085037, acc: 15.87, bacc: 10.00, tmp_test_f1: 0.59, f1: 2.74
epoch: 147, val_loss:3.081423, acc: 15.87, bacc: 10.00, tmp_test_f1: 0.59, f1: 2.74
epoch: 148, val_loss:3.078270, acc: 15.87, bacc: 10.00, tmp_test_f1: 0.52, f1: 2.74
epoch: 149, val_loss:3.074992, acc: 15.87, bacc: 10.00, tmp_test_f1: 0.49, f1: 2.74
epoch: 150, val_loss:3.072506, acc: 15.87, bacc: 10.00, tmp_test_f1: 0.62, f1: 2.74
epoch: 151, val_loss:3.069950, acc: 15.87, bacc: 10.00, tmp_test_f1: 0.82, f1: 2.74
epoch: 152, val_loss:3.067150, acc: 15.87, bacc: 10.00, tmp_test_f1: 0.83, f1: 2.74
epoch: 153, val_loss:3.063531, acc: 15.87, bacc: 10.00, tmp_test_f1: 0.60, f1: 2.74
epoch: 154, val_loss:3.059792, acc: 15.87, bacc: 10.00, tmp_test_f1: 0.65, f1: 2.74
epoch: 155, val_loss:3.055968, acc: 15.87, bacc: 10.00, tmp_test_f1: 0.69, f1: 2.74
epoch: 156, val_loss:3.052362, acc: 15.87, bacc: 10.00, tmp_test_f1: 0.64, f1: 2.74
epoch: 157, val_loss:3.049825, acc: 15.87, bacc: 10.00, tmp_test_f1: 0.65, f1: 2.74
epoch: 158, val_loss:3.048019, acc: 15.87, bacc: 10.00, tmp_test_f1: 0.69, f1: 2.74
epoch: 159, val_loss:3.046197, acc: 15.87, bacc: 10.00, tmp_test_f1: 0.70, f1: 2.74
epoch: 160, val_loss:3.044472, acc: 15.87, bacc: 10.00, tmp_test_f1: 0.82, f1: 2.74
epoch: 161, val_loss:3.043796, acc: 15.87, bacc: 10.00, tmp_test_f1: 1.02, f1: 2.74
epoch: 162, val_loss:3.043774, acc: 15.87, bacc: 10.00, tmp_test_f1: 1.01, f1: 2.74
epoch: 163, val_loss:3.044411, acc: 15.87, bacc: 10.00, tmp_test_f1: 0.97, f1: 2.74
epoch: 164, val_loss:3.044183, acc: 15.87, bacc: 10.00, tmp_test_f1: 0.66, f1: 2.74
epoch: 165, val_loss:3.042768, acc: 15.87, bacc: 10.00, tmp_test_f1: 0.78, f1: 2.74
epoch: 166, val_loss:3.041059, acc: 15.87, bacc: 10.00, tmp_test_f1: 0.77, f1: 2.74
epoch: 167, val_loss:3.039327, acc: 15.87, bacc: 10.00, tmp_test_f1: 0.88, f1: 2.74
epoch: 168, val_loss:3.038795, acc: 15.87, bacc: 10.00, tmp_test_f1: 0.81, f1: 2.74
epoch: 169, val_loss:3.038164, acc: 15.87, bacc: 10.00, tmp_test_f1: 0.94, f1: 2.74
epoch: 170, val_loss:3.037873, acc: 15.87, bacc: 10.00, tmp_test_f1: 1.11, f1: 2.74
epoch: 171, val_loss:3.037297, acc: 15.87, bacc: 10.00, tmp_test_f1: 0.77, f1: 2.74
epoch: 172, val_loss:3.036897, acc: 15.87, bacc: 10.00, tmp_test_f1: 0.84, f1: 2.74
epoch: 173, val_loss:3.036151, acc: 15.87, bacc: 10.00, tmp_test_f1: 0.82, f1: 2.74
epoch: 174, val_loss:3.034539, acc: 15.87, bacc: 10.00, tmp_test_f1: 0.82, f1: 2.74
epoch: 175, val_loss:3.034183, acc: 15.87, bacc: 10.00, tmp_test_f1: 0.77, f1: 2.74
epoch: 176, val_loss:3.035545, acc: 15.87, bacc: 10.00, tmp_test_f1: 0.89, f1: 2.74
epoch: 177, val_loss:3.037921, acc: 15.87, bacc: 10.00, tmp_test_f1: 0.97, f1: 2.74
epoch: 178, val_loss:3.039140, acc: 15.87, bacc: 10.00, tmp_test_f1: 0.66, f1: 2.74
epoch: 179, val_loss:3.039297, acc: 15.87, bacc: 10.00, tmp_test_f1: 0.77, f1: 2.74
epoch: 180, val_loss:3.037680, acc: 15.87, bacc: 10.00, tmp_test_f1: 0.80, f1: 2.74
epoch: 181, val_loss:3.034539, acc: 15.87, bacc: 10.00, tmp_test_f1: 0.75, f1: 2.74
epoch: 182, val_loss:3.031556, acc: 15.87, bacc: 10.00, tmp_test_f1: 0.84, f1: 2.74
epoch: 183, val_loss:3.030996, acc: 15.87, bacc: 10.00, tmp_test_f1: 0.87, f1: 2.74
epoch: 184, val_loss:3.030925, acc: 15.87, bacc: 10.00, tmp_test_f1: 0.76, f1: 2.74
epoch: 185, val_loss:3.030512, acc: 15.87, bacc: 10.00, tmp_test_f1: 0.74, f1: 2.74
epoch: 186, val_loss:3.030465, acc: 15.87, bacc: 10.00, tmp_test_f1: 1.11, f1: 2.74
epoch: 187, val_loss:3.028963, acc: 15.87, bacc: 10.00, tmp_test_f1: 0.82, f1: 2.74
epoch: 188, val_loss:3.027253, acc: 15.87, bacc: 10.00, tmp_test_f1: 1.00, f1: 2.74
epoch: 189, val_loss:3.025950, acc: 15.87, bacc: 10.00, tmp_test_f1: 1.05, f1: 2.74
epoch: 190, val_loss:3.024394, acc: 15.87, bacc: 10.00, tmp_test_f1: 0.92, f1: 2.74
epoch: 191, val_loss:3.023997, acc: 15.87, bacc: 10.00, tmp_test_f1: 1.18, f1: 2.74
epoch: 192, val_loss:3.024378, acc: 15.87, bacc: 10.00, tmp_test_f1: 1.16, f1: 2.74
epoch: 193, val_loss:3.025326, acc: 15.87, bacc: 10.00, tmp_test_f1: 1.11, f1: 2.74
epoch: 194, val_loss:3.027117, acc: 15.87, bacc: 10.00, tmp_test_f1: 0.72, f1: 2.74
epoch: 195, val_loss:3.026965, acc: 15.87, bacc: 10.00, tmp_test_f1: 0.74, f1: 2.74
epoch: 196, val_loss:3.026525, acc: 15.87, bacc: 10.00, tmp_test_f1: 0.71, f1: 2.74
epoch: 197, val_loss:3.026530, acc: 15.87, bacc: 10.00, tmp_test_f1: 0.79, f1: 2.74
epoch: 198, val_loss:3.026902, acc: 15.87, bacc: 10.00, tmp_test_f1: 0.79, f1: 2.74
epoch: 199, val_loss:3.026948, acc: 15.87, bacc: 10.00, tmp_test_f1: 0.75, f1: 2.74
epoch: 200, val_loss:3.027806, acc: 15.87, bacc: 10.00, tmp_test_f1: 0.91, f1: 2.74
epoch: 201, val_loss:3.029514, acc: 15.87, bacc: 10.00, tmp_test_f1: 0.74, f1: 2.74
Epoch 00202: reducing learning rate of group 0 to 5.0000e-02.
epoch: 202, val_loss:3.031890, acc: 15.87, bacc: 10.00, tmp_test_f1: 0.74, f1: 2.74
epoch: 203, val_loss:3.032652, acc: 15.87, bacc: 10.00, tmp_test_f1: 0.76, f1: 2.74
epoch: 204, val_loss:3.033313, acc: 15.87, bacc: 10.00, tmp_test_f1: 0.81, f1: 2.74
epoch: 205, val_loss:3.033877, acc: 15.87, bacc: 10.00, tmp_test_f1: 0.94, f1: 2.74
epoch: 206, val_loss:3.034849, acc: 15.87, bacc: 10.00, tmp_test_f1: 0.93, f1: 2.74
epoch: 207, val_loss:3.035731, acc: 15.87, bacc: 10.00, tmp_test_f1: 0.91, f1: 2.74
epoch: 208, val_loss:3.037263, acc: 15.87, bacc: 10.00, tmp_test_f1: 0.89, f1: 2.74
epoch: 209, val_loss:3.038209, acc: 15.87, bacc: 10.00, tmp_test_f1: 0.85, f1: 2.74
epoch: 210, val_loss:3.038888, acc: 15.87, bacc: 10.00, tmp_test_f1: 0.92, f1: 2.74
epoch: 211, val_loss:3.039578, acc: 15.87, bacc: 10.00, tmp_test_f1: 0.68, f1: 2.74
epoch: 212, val_loss:3.040146, acc: 15.87, bacc: 10.00, tmp_test_f1: 0.68, f1: 2.74
epoch: 213, val_loss:3.041000, acc: 15.87, bacc: 10.00, tmp_test_f1: 0.97, f1: 2.74
epoch: 214, val_loss:3.041123, acc: 15.87, bacc: 10.00, tmp_test_f1: 0.96, f1: 2.74
epoch: 215, val_loss:3.041350, acc: 15.87, bacc: 10.00, tmp_test_f1: 0.97, f1: 2.74
epoch: 216, val_loss:3.040945, acc: 15.87, bacc: 10.00, tmp_test_f1: 0.97, f1: 2.74
epoch: 217, val_loss:3.040118, acc: 15.87, bacc: 10.00, tmp_test_f1: 0.75, f1: 2.74
epoch: 218, val_loss:3.039343, acc: 15.87, bacc: 10.00, tmp_test_f1: 0.77, f1: 2.74
epoch: 219, val_loss:3.039329, acc: 15.87, bacc: 10.00, tmp_test_f1: 0.81, f1: 2.74
epoch: 220, val_loss:3.039682, acc: 15.87, bacc: 10.00, tmp_test_f1: 0.90, f1: 2.74
epoch: 221, val_loss:3.039805, acc: 15.87, bacc: 10.00, tmp_test_f1: 0.94, f1: 2.74
epoch: 222, val_loss:3.040390, acc: 15.87, bacc: 10.00, tmp_test_f1: 1.02, f1: 2.74
epoch: 223, val_loss:3.041716, acc: 15.87, bacc: 10.00, tmp_test_f1: 1.19, f1: 2.74
epoch: 224, val_loss:3.043273, acc: 15.87, bacc: 10.00, tmp_test_f1: 1.17, f1: 2.74
epoch: 225, val_loss:3.044810, acc: 15.87, bacc: 10.00, tmp_test_f1: 1.16, f1: 2.74
epoch: 226, val_loss:3.046309, acc: 15.87, bacc: 10.00, tmp_test_f1: 0.78, f1: 2.74
epoch: 227, val_loss:3.047843, acc: 15.87, bacc: 10.00, tmp_test_f1: 0.88, f1: 2.74
epoch: 228, val_loss:3.049454, acc: 15.87, bacc: 10.00, tmp_test_f1: 0.84, f1: 2.74
epoch: 229, val_loss:3.051048, acc: 15.87, bacc: 10.00, tmp_test_f1: 0.82, f1: 2.74
epoch: 230, val_loss:3.052217, acc: 15.87, bacc: 10.00, tmp_test_f1: 0.82, f1: 2.74
epoch: 231, val_loss:3.052890, acc: 15.87, bacc: 10.00, tmp_test_f1: 0.94, f1: 2.74
epoch: 232, val_loss:3.053497, acc: 15.87, bacc: 10.00, tmp_test_f1: 1.16, f1: 2.74
epoch: 233, val_loss:3.054075, acc: 15.87, bacc: 10.00, tmp_test_f1: 1.05, f1: 2.74
epoch: 234, val_loss:3.055431, acc: 15.87, bacc: 10.00, tmp_test_f1: 1.05, f1: 2.74
epoch: 235, val_loss:3.056105, acc: 15.87, bacc: 10.00, tmp_test_f1: 1.08, f1: 2.74
epoch: 236, val_loss:3.056697, acc: 15.87, bacc: 10.00, tmp_test_f1: 0.87, f1: 2.74
epoch: 237, val_loss:3.057663, acc: 15.87, bacc: 10.00, tmp_test_f1: 0.89, f1: 2.74
epoch: 238, val_loss:3.058816, acc: 15.87, bacc: 10.00, tmp_test_f1: 0.87, f1: 2.74
epoch: 239, val_loss:3.059999, acc: 15.87, bacc: 10.00, tmp_test_f1: 0.88, f1: 2.74
epoch: 240, val_loss:3.060580, acc: 15.87, bacc: 10.00, tmp_test_f1: 0.94, f1: 2.74
epoch: 241, val_loss:3.060385, acc: 15.87, bacc: 10.00, tmp_test_f1: 0.95, f1: 2.74
epoch: 242, val_loss:3.059190, acc: 15.87, bacc: 10.00, tmp_test_f1: 0.95, f1: 2.74
epoch: 243, val_loss:3.057366, acc: 15.87, bacc: 10.00, tmp_test_f1: 0.97, f1: 2.74
epoch: 244, val_loss:3.055403, acc: 15.87, bacc: 10.00, tmp_test_f1: 0.88, f1: 2.74
epoch: 245, val_loss:3.053934, acc: 15.87, bacc: 10.00, tmp_test_f1: 1.25, f1: 2.74
epoch: 246, val_loss:3.052353, acc: 15.87, bacc: 10.00, tmp_test_f1: 1.21, f1: 2.74
epoch: 247, val_loss:3.050227, acc: 15.87, bacc: 10.00, tmp_test_f1: 1.17, f1: 2.74
epoch: 248, val_loss:3.048513, acc: 15.87, bacc: 10.00, tmp_test_f1: 0.86, f1: 2.74
epoch: 249, val_loss:3.047005, acc: 15.87, bacc: 10.00, tmp_test_f1: 0.84, f1: 2.74
epoch: 250, val_loss:3.045691, acc: 15.87, bacc: 10.00, tmp_test_f1: 0.82, f1: 2.74
epoch: 251, val_loss:3.044250, acc: 15.87, bacc: 10.00, tmp_test_f1: 0.93, f1: 2.74
epoch: 252, val_loss:3.043211, acc: 15.87, bacc: 10.00, tmp_test_f1: 0.80, f1: 2.74
epoch: 253, val_loss:3.042262, acc: 15.87, bacc: 10.00, tmp_test_f1: 0.81, f1: 2.74
epoch: 254, val_loss:3.041692, acc: 15.87, bacc: 10.00, tmp_test_f1: 0.81, f1: 2.74
epoch: 255, val_loss:3.041480, acc: 15.87, bacc: 10.00, tmp_test_f1: 0.81, f1: 2.74
epoch: 256, val_loss:3.041075, acc: 15.87, bacc: 10.00, tmp_test_f1: 0.89, f1: 2.74
epoch: 257, val_loss:3.040612, acc: 15.87, bacc: 10.00, tmp_test_f1: 1.04, f1: 2.74
epoch: 258, val_loss:3.040102, acc: 15.87, bacc: 10.00, tmp_test_f1: 0.81, f1: 2.74
epoch: 259, val_loss:3.039111, acc: 15.87, bacc: 10.00, tmp_test_f1: 0.79, f1: 2.74
epoch: 260, val_loss:3.037633, acc: 15.87, bacc: 10.00, tmp_test_f1: 0.80, f1: 2.74
epoch: 261, val_loss:3.036438, acc: 15.87, bacc: 10.00, tmp_test_f1: 0.73, f1: 2.74
epoch: 262, val_loss:3.035221, acc: 15.87, bacc: 10.00, tmp_test_f1: 0.71, f1: 2.74
epoch: 263, val_loss:3.034454, acc: 15.87, bacc: 10.00, tmp_test_f1: 0.75, f1: 2.74
epoch: 264, val_loss:3.033961, acc: 15.87, bacc: 10.00, tmp_test_f1: 1.03, f1: 2.74
epoch: 265, val_loss:3.033864, acc: 15.87, bacc: 10.00, tmp_test_f1: 0.91, f1: 2.74
epoch: 266, val_loss:3.033539, acc: 15.87, bacc: 10.00, tmp_test_f1: 0.85, f1: 2.74
epoch: 267, val_loss:3.033364, acc: 15.87, bacc: 10.00, tmp_test_f1: 0.88, f1: 2.74
epoch: 268, val_loss:3.032888, acc: 15.87, bacc: 10.00, tmp_test_f1: 0.90, f1: 2.74
epoch: 269, val_loss:3.032519, acc: 15.87, bacc: 10.00, tmp_test_f1: 0.87, f1: 2.74
epoch: 270, val_loss:3.032537, acc: 15.87, bacc: 10.00, tmp_test_f1: 0.87, f1: 2.74
epoch: 271, val_loss:3.032563, acc: 15.87, bacc: 10.00, tmp_test_f1: 0.87, f1: 2.74
epoch: 272, val_loss:3.032899, acc: 15.87, bacc: 10.00, tmp_test_f1: 0.75, f1: 2.74
epoch: 273, val_loss:3.034112, acc: 15.87, bacc: 10.00, tmp_test_f1: 0.71, f1: 2.74
epoch: 274, val_loss:3.034978, acc: 15.87, bacc: 10.00, tmp_test_f1: 1.06, f1: 2.74
epoch: 275, val_loss:3.035435, acc: 15.87, bacc: 10.00, tmp_test_f1: 1.08, f1: 2.74
epoch: 276, val_loss:3.036049, acc: 15.87, bacc: 10.00, tmp_test_f1: 1.11, f1: 2.74
epoch: 277, val_loss:3.036703, acc: 15.87, bacc: 10.00, tmp_test_f1: 0.99, f1: 2.74
epoch: 278, val_loss:3.036597, acc: 15.87, bacc: 10.00, tmp_test_f1: 0.92, f1: 2.74
epoch: 279, val_loss:3.036841, acc: 15.87, bacc: 10.00, tmp_test_f1: 0.89, f1: 2.74
epoch: 280, val_loss:3.037645, acc: 15.87, bacc: 10.00, tmp_test_f1: 0.85, f1: 2.74
epoch: 281, val_loss:3.038396, acc: 15.87, bacc: 10.00, tmp_test_f1: 0.84, f1: 2.74
epoch: 282, val_loss:3.039155, acc: 15.87, bacc: 10.00, tmp_test_f1: 0.82, f1: 2.74
epoch: 283, val_loss:3.040260, acc: 15.87, bacc: 10.00, tmp_test_f1: 0.84, f1: 2.74
epoch: 284, val_loss:3.041636, acc: 15.87, bacc: 10.00, tmp_test_f1: 0.73, f1: 2.74
epoch: 285, val_loss:3.042518, acc: 15.87, bacc: 10.00, tmp_test_f1: 0.72, f1: 2.74
epoch: 286, val_loss:3.042943, acc: 15.87, bacc: 10.00, tmp_test_f1: 0.80, f1: 2.74
epoch: 287, val_loss:3.043515, acc: 15.87, bacc: 10.00, tmp_test_f1: 1.05, f1: 2.74
epoch: 288, val_loss:3.043927, acc: 15.87, bacc: 10.00, tmp_test_f1: 1.07, f1: 2.74
epoch: 289, val_loss:3.044322, acc: 15.87, bacc: 10.00, tmp_test_f1: 0.88, f1: 2.74
epoch: 290, val_loss:3.045144, acc: 15.87, bacc: 10.00, tmp_test_f1: 0.94, f1: 2.74
epoch: 291, val_loss:3.045681, acc: 15.87, bacc: 10.00, tmp_test_f1: 0.82, f1: 2.74
epoch: 292, val_loss:3.046426, acc: 15.87, bacc: 10.00, tmp_test_f1: 0.83, f1: 2.74
epoch: 293, val_loss:3.047234, acc: 15.87, bacc: 10.00, tmp_test_f1: 0.81, f1: 2.74
epoch: 294, val_loss:3.047569, acc: 15.87, bacc: 10.00, tmp_test_f1: 0.83, f1: 2.74
epoch: 295, val_loss:3.048323, acc: 15.87, bacc: 10.00, tmp_test_f1: 0.71, f1: 2.74
epoch: 296, val_loss:3.049404, acc: 15.87, bacc: 10.00, tmp_test_f1: 0.72, f1: 2.74
epoch: 297, val_loss:3.049977, acc: 15.87, bacc: 10.00, tmp_test_f1: 0.73, f1: 2.74
epoch: 298, val_loss:3.050884, acc: 15.87, bacc: 10.00, tmp_test_f1: 0.85, f1: 2.74
epoch: 299, val_loss:3.051730, acc: 15.87, bacc: 10.00, tmp_test_f1: 0.83, f1: 2.74
epoch: 300, val_loss:3.052609, acc: 15.87, bacc: 10.00, tmp_test_f1: 0.83, f1: 2.74
epoch: 301, val_loss:3.053202, acc: 15.87, bacc: 10.00, tmp_test_f1: 0.87, f1: 2.74
epoch: 302, val_loss:3.054217, acc: 15.87, bacc: 10.00, tmp_test_f1: 0.78, f1: 2.74
epoch: 303, val_loss:3.054592, acc: 15.87, bacc: 10.00, tmp_test_f1: 0.78, f1: 2.74
epoch: 304, val_loss:3.054207, acc: 15.87, bacc: 10.00, tmp_test_f1: 0.91, f1: 2.74
epoch: 305, val_loss:3.053531, acc: 15.87, bacc: 10.00, tmp_test_f1: 0.78, f1: 2.74
epoch: 306, val_loss:3.052794, acc: 15.87, bacc: 10.00, tmp_test_f1: 0.78, f1: 2.74
epoch: 307, val_loss:3.052106, acc: 15.87, bacc: 10.00, tmp_test_f1: 0.80, f1: 2.74
epoch: 308, val_loss:3.051332, acc: 15.87, bacc: 10.00, tmp_test_f1: 0.82, f1: 2.74
epoch: 309, val_loss:3.050356, acc: 15.87, bacc: 10.00, tmp_test_f1: 0.79, f1: 2.74
epoch: 310, val_loss:3.048985, acc: 15.87, bacc: 10.00, tmp_test_f1: 0.84, f1: 2.74
epoch: 311, val_loss:3.047630, acc: 15.87, bacc: 10.00, tmp_test_f1: 0.94, f1: 2.74
epoch: 312, val_loss:3.046463, acc: 15.87, bacc: 10.00, tmp_test_f1: 0.94, f1: 2.74
epoch: 313, val_loss:3.045845, acc: 15.87, bacc: 10.00, tmp_test_f1: 0.94, f1: 2.74
epoch: 314, val_loss:3.044625, acc: 15.87, bacc: 10.00, tmp_test_f1: 0.94, f1: 2.74
epoch: 315, val_loss:3.043702, acc: 15.87, bacc: 10.00, tmp_test_f1: 0.90, f1: 2.74
epoch: 316, val_loss:3.042943, acc: 15.87, bacc: 10.00, tmp_test_f1: 0.98, f1: 2.74
epoch: 317, val_loss:3.041620, acc: 15.87, bacc: 10.00, tmp_test_f1: 0.88, f1: 2.74
epoch: 318, val_loss:3.041370, acc: 15.87, bacc: 10.00, tmp_test_f1: 0.86, f1: 2.74
epoch: 319, val_loss:3.040881, acc: 15.87, bacc: 10.00, tmp_test_f1: 0.87, f1: 2.74
epoch: 320, val_loss:3.040346, acc: 15.87, bacc: 10.00, tmp_test_f1: 0.90, f1: 2.74
epoch: 321, val_loss:3.040308, acc: 15.87, bacc: 10.00, tmp_test_f1: 1.12, f1: 2.74
epoch: 322, val_loss:3.039994, acc: 15.87, bacc: 10.00, tmp_test_f1: 0.87, f1: 2.74
epoch: 323, val_loss:3.039287, acc: 15.87, bacc: 10.00, tmp_test_f1: 0.91, f1: 2.74
epoch: 324, val_loss:3.039444, acc: 15.87, bacc: 10.00, tmp_test_f1: 0.89, f1: 2.74
epoch: 325, val_loss:3.039307, acc: 15.87, bacc: 10.00, tmp_test_f1: 0.89, f1: 2.74
epoch: 326, val_loss:3.040102, acc: 15.87, bacc: 10.00, tmp_test_f1: 1.10, f1: 2.74
epoch: 327, val_loss:3.040946, acc: 15.87, bacc: 10.00, tmp_test_f1: 1.06, f1: 2.74
epoch: 328, val_loss:3.042132, acc: 15.87, bacc: 10.00, tmp_test_f1: 1.05, f1: 2.74
epoch: 329, val_loss:3.043551, acc: 15.87, bacc: 10.00, tmp_test_f1: 0.82, f1: 2.74
epoch: 330, val_loss:3.044251, acc: 15.87, bacc: 10.00, tmp_test_f1: 0.82, f1: 2.74
epoch: 331, val_loss:3.044894, acc: 15.87, bacc: 10.00, tmp_test_f1: 0.81, f1: 2.74
epoch: 332, val_loss:3.045855, acc: 15.87, bacc: 10.00, tmp_test_f1: 0.82, f1: 2.74
epoch: 333, val_loss:3.046474, acc: 15.87, bacc: 10.00, tmp_test_f1: 0.82, f1: 2.74
epoch: 334, val_loss:3.045895, acc: 15.87, bacc: 10.00, tmp_test_f1: 0.84, f1: 2.74
epoch: 335, val_loss:3.045895, acc: 15.87, bacc: 10.00, tmp_test_f1: 0.86, f1: 2.74
epoch: 336, val_loss:3.046268, acc: 15.87, bacc: 10.00, tmp_test_f1: 0.88, f1: 2.74
epoch: 337, val_loss:3.047166, acc: 15.87, bacc: 10.00, tmp_test_f1: 0.92, f1: 2.74
epoch: 338, val_loss:3.047582, acc: 15.87, bacc: 10.00, tmp_test_f1: 0.92, f1: 2.74
epoch: 339, val_loss:3.047570, acc: 15.87, bacc: 10.00, tmp_test_f1: 0.95, f1: 2.74
epoch: 340, val_loss:3.047823, acc: 15.87, bacc: 10.00, tmp_test_f1: 0.92, f1: 2.74
epoch: 341, val_loss:3.047670, acc: 15.87, bacc: 10.00, tmp_test_f1: 0.91, f1: 2.74
epoch: 342, val_loss:3.047690, acc: 15.87, bacc: 10.00, tmp_test_f1: 0.88, f1: 2.74
epoch: 343, val_loss:3.048235, acc: 15.87, bacc: 10.00, tmp_test_f1: 0.73, f1: 2.74
epoch: 344, val_loss:3.048600, acc: 15.87, bacc: 10.00, tmp_test_f1: 0.78, f1: 2.74
epoch: 345, val_loss:3.048990, acc: 15.87, bacc: 10.00, tmp_test_f1: 0.82, f1: 2.74
epoch: 346, val_loss:3.049432, acc: 15.87, bacc: 10.00, tmp_test_f1: 1.12, f1: 2.74
epoch: 347, val_loss:3.049569, acc: 15.87, bacc: 10.00, tmp_test_f1: 1.21, f1: 2.74
epoch: 348, val_loss:3.049084, acc: 15.87, bacc: 10.00, tmp_test_f1: 1.12, f1: 2.74
epoch: 349, val_loss:3.048992, acc: 15.87, bacc: 10.00, tmp_test_f1: 1.15, f1: 2.74
epoch: 350, val_loss:3.048831, acc: 15.87, bacc: 10.00, tmp_test_f1: 1.15, f1: 2.74
epoch: 351, val_loss:3.049083, acc: 15.87, bacc: 10.00, tmp_test_f1: 0.94, f1: 2.74
epoch: 352, val_loss:3.049347, acc: 15.87, bacc: 10.00, tmp_test_f1: 0.92, f1: 2.74
epoch: 353, val_loss:3.049494, acc: 15.87, bacc: 10.00, tmp_test_f1: 0.89, f1: 2.74
epoch: 354, val_loss:3.049202, acc: 15.87, bacc: 10.00, tmp_test_f1: 0.83, f1: 2.74
epoch: 355, val_loss:3.048920, acc: 15.87, bacc: 10.00, tmp_test_f1: 0.91, f1: 2.74
epoch: 356, val_loss:3.048380, acc: 15.87, bacc: 10.00, tmp_test_f1: 0.89, f1: 2.74
epoch: 357, val_loss:3.047602, acc: 15.87, bacc: 10.00, tmp_test_f1: 0.88, f1: 2.74
epoch: 358, val_loss:3.046369, acc: 15.87, bacc: 10.00, tmp_test_f1: 1.02, f1: 2.74
epoch: 359, val_loss:3.045254, acc: 15.87, bacc: 10.00, tmp_test_f1: 1.07, f1: 2.74
epoch: 360, val_loss:3.044135, acc: 15.87, bacc: 10.00, tmp_test_f1: 1.09, f1: 2.74
epoch: 361, val_loss:3.043180, acc: 15.87, bacc: 10.00, tmp_test_f1: 1.08, f1: 2.74
epoch: 362, val_loss:3.042155, acc: 15.87, bacc: 10.00, tmp_test_f1: 0.76, f1: 2.74
epoch: 363, val_loss:3.041898, acc: 15.87, bacc: 10.00, tmp_test_f1: 0.76, f1: 2.74
epoch: 364, val_loss:3.042406, acc: 15.87, bacc: 10.00, tmp_test_f1: 0.76, f1: 2.74
epoch: 365, val_loss:3.042916, acc: 15.87, bacc: 10.00, tmp_test_f1: 0.75, f1: 2.74
epoch: 366, val_loss:3.043760, acc: 15.87, bacc: 10.00, tmp_test_f1: 0.93, f1: 2.74
epoch: 367, val_loss:3.044894, acc: 15.87, bacc: 10.00, tmp_test_f1: 0.93, f1: 2.74
epoch: 368, val_loss:3.046743, acc: 15.87, bacc: 10.00, tmp_test_f1: 0.78, f1: 2.74
epoch: 369, val_loss:3.048165, acc: 15.87, bacc: 10.00, tmp_test_f1: 0.76, f1: 2.74
epoch: 370, val_loss:3.049965, acc: 15.87, bacc: 10.00, tmp_test_f1: 0.76, f1: 2.74
epoch: 371, val_loss:3.051648, acc: 15.87, bacc: 10.00, tmp_test_f1: 0.78, f1: 2.74
epoch: 372, val_loss:3.052051, acc: 15.87, bacc: 10.00, tmp_test_f1: 0.91, f1: 2.74
epoch: 373, val_loss:3.052694, acc: 15.87, bacc: 10.00, tmp_test_f1: 0.71, f1: 2.74
epoch: 374, val_loss:3.053378, acc: 15.87, bacc: 10.00, tmp_test_f1: 0.71, f1: 2.74
epoch: 375, val_loss:3.054528, acc: 15.87, bacc: 10.00, tmp_test_f1: 0.75, f1: 2.74
epoch: 376, val_loss:3.055957, acc: 15.87, bacc: 10.00, tmp_test_f1: 0.86, f1: 2.74
epoch: 377, val_loss:3.057136, acc: 15.87, bacc: 10.00, tmp_test_f1: 0.89, f1: 2.74
epoch: 378, val_loss:3.057824, acc: 15.87, bacc: 10.00, tmp_test_f1: 0.95, f1: 2.74
epoch: 379, val_loss:3.057197, acc: 15.87, bacc: 10.00, tmp_test_f1: 1.19, f1: 2.74
epoch: 380, val_loss:3.056379, acc: 15.87, bacc: 10.00, tmp_test_f1: 1.21, f1: 2.74
epoch: 381, val_loss:3.055493, acc: 15.87, bacc: 10.00, tmp_test_f1: 1.21, f1: 2.74
epoch: 382, val_loss:3.055082, acc: 15.87, bacc: 10.00, tmp_test_f1: 0.85, f1: 2.74
epoch: 383, val_loss:3.055639, acc: 15.87, bacc: 10.00, tmp_test_f1: 0.85, f1: 2.74
epoch: 384, val_loss:3.056381, acc: 15.87, bacc: 10.00, tmp_test_f1: 0.85, f1: 2.74
epoch: 385, val_loss:3.056980, acc: 15.87, bacc: 10.00, tmp_test_f1: 0.85, f1: 2.74
epoch: 386, val_loss:3.058422, acc: 15.87, bacc: 10.00, tmp_test_f1: 0.83, f1: 2.74
epoch: 387, val_loss:3.059923, acc: 15.87, bacc: 10.00, tmp_test_f1: 1.14, f1: 2.74
epoch: 388, val_loss:3.061191, acc: 15.87, bacc: 10.00, tmp_test_f1: 0.91, f1: 2.74
epoch: 389, val_loss:3.062435, acc: 15.87, bacc: 10.00, tmp_test_f1: 0.87, f1: 2.74
epoch: 390, val_loss:3.062830, acc: 15.87, bacc: 10.00, tmp_test_f1: 0.85, f1: 2.74
epoch: 391, val_loss:3.062974, acc: 15.87, bacc: 10.00, tmp_test_f1: 0.84, f1: 2.74
epoch: 392, val_loss:3.062198, acc: 15.87, bacc: 10.00, tmp_test_f1: 0.87, f1: 2.74
epoch: 393, val_loss:3.061538, acc: 15.87, bacc: 10.00, tmp_test_f1: 0.83, f1: 2.74
epoch: 394, val_loss:3.060877, acc: 15.87, bacc: 10.00, tmp_test_f1: 0.75, f1: 2.74
epoch: 395, val_loss:3.059418, acc: 15.87, bacc: 10.00, tmp_test_f1: 0.76, f1: 2.74
epoch: 396, val_loss:3.058917, acc: 15.87, bacc: 10.00, tmp_test_f1: 0.75, f1: 2.74
epoch: 397, val_loss:3.059594, acc: 15.87, bacc: 10.00, tmp_test_f1: 0.75, f1: 2.74
epoch: 398, val_loss:3.059547, acc: 15.87, bacc: 10.00, tmp_test_f1: 0.75, f1: 2.74
epoch: 399, val_loss:3.059603, acc: 15.87, bacc: 10.00, tmp_test_f1: 0.85, f1: 2.74
epoch: 400, val_loss:3.060496, acc: 15.87, bacc: 10.00, tmp_test_f1: 0.84, f1: 2.74
epoch: 401, val_loss:3.061443, acc: 15.87, bacc: 10.00, tmp_test_f1: 0.82, f1: 2.74
epoch: 402, val_loss:3.062483, acc: 15.87, bacc: 10.00, tmp_test_f1: 0.81, f1: 2.74
Epoch 00403: reducing learning rate of group 0 to 2.5000e-02.
epoch: 403, val_loss:3.062186, acc: 15.87, bacc: 10.00, tmp_test_f1: 0.80, f1: 2.74
epoch: 404, val_loss:3.060704, acc: 15.87, bacc: 10.00, tmp_test_f1: 0.80, f1: 2.74
epoch: 405, val_loss:3.059936, acc: 15.87, bacc: 10.00, tmp_test_f1: 0.79, f1: 2.74
epoch: 406, val_loss:3.059145, acc: 15.87, bacc: 10.00, tmp_test_f1: 0.82, f1: 2.74
epoch: 407, val_loss:3.058473, acc: 15.87, bacc: 10.00, tmp_test_f1: 0.89, f1: 2.74
epoch: 408, val_loss:3.057750, acc: 15.87, bacc: 10.00, tmp_test_f1: 0.75, f1: 2.74
epoch: 409, val_loss:3.057050, acc: 15.87, bacc: 10.00, tmp_test_f1: 0.75, f1: 2.74
epoch: 410, val_loss:3.056461, acc: 15.87, bacc: 10.00, tmp_test_f1: 0.76, f1: 2.74
epoch: 411, val_loss:3.055682, acc: 15.87, bacc: 10.00, tmp_test_f1: 0.77, f1: 2.74
epoch: 412, val_loss:3.054837, acc: 15.87, bacc: 10.00, tmp_test_f1: 1.14, f1: 2.74
epoch: 413, val_loss:3.053990, acc: 15.87, bacc: 10.00, tmp_test_f1: 1.17, f1: 2.74
epoch: 414, val_loss:3.053566, acc: 15.87, bacc: 10.00, tmp_test_f1: 1.16, f1: 2.74
epoch: 415, val_loss:3.053270, acc: 15.87, bacc: 10.00, tmp_test_f1: 1.15, f1: 2.74
epoch: 416, val_loss:3.053476, acc: 15.87, bacc: 10.00, tmp_test_f1: 1.16, f1: 2.74
epoch: 417, val_loss:3.052952, acc: 15.87, bacc: 10.00, tmp_test_f1: 1.16, f1: 2.74
epoch: 418, val_loss:3.053012, acc: 15.87, bacc: 10.00, tmp_test_f1: 0.88, f1: 2.74
epoch: 419, val_loss:3.052875, acc: 15.87, bacc: 10.00, tmp_test_f1: 0.87, f1: 2.74
epoch: 420, val_loss:3.053038, acc: 15.87, bacc: 10.00, tmp_test_f1: 0.85, f1: 2.74
epoch: 421, val_loss:3.053047, acc: 15.87, bacc: 10.00, tmp_test_f1: 0.84, f1: 2.74
epoch: 422, val_loss:3.052641, acc: 15.87, bacc: 10.00, tmp_test_f1: 0.86, f1: 2.74
epoch: 423, val_loss:3.051975, acc: 15.87, bacc: 10.00, tmp_test_f1: 0.88, f1: 2.74
epoch: 424, val_loss:3.051004, acc: 15.87, bacc: 10.00, tmp_test_f1: 0.90, f1: 2.74
epoch: 425, val_loss:3.050099, acc: 15.87, bacc: 10.00, tmp_test_f1: 0.78, f1: 2.74
epoch: 426, val_loss:3.048701, acc: 15.87, bacc: 10.00, tmp_test_f1: 0.79, f1: 2.74
epoch: 427, val_loss:3.047221, acc: 15.87, bacc: 10.00, tmp_test_f1: 1.12, f1: 2.74
epoch: 428, val_loss:3.045738, acc: 15.87, bacc: 10.00, tmp_test_f1: 1.10, f1: 2.74
epoch: 429, val_loss:3.044441, acc: 15.87, bacc: 10.00, tmp_test_f1: 1.07, f1: 2.74
epoch: 430, val_loss:3.043092, acc: 15.87, bacc: 10.00, tmp_test_f1: 1.06, f1: 2.74
epoch: 431, val_loss:3.041447, acc: 15.87, bacc: 10.00, tmp_test_f1: 1.07, f1: 2.74
epoch: 432, val_loss:3.040458, acc: 15.87, bacc: 10.00, tmp_test_f1: 0.88, f1: 2.74
epoch: 433, val_loss:3.039210, acc: 15.87, bacc: 10.00, tmp_test_f1: 0.82, f1: 2.74
epoch: 434, val_loss:3.038628, acc: 15.87, bacc: 10.00, tmp_test_f1: 0.82, f1: 2.74
epoch: 435, val_loss:3.038015, acc: 15.87, bacc: 10.00, tmp_test_f1: 0.81, f1: 2.74
epoch: 436, val_loss:3.037711, acc: 15.87, bacc: 10.00, tmp_test_f1: 0.81, f1: 2.74
epoch: 437, val_loss:3.037637, acc: 15.87, bacc: 10.00, tmp_test_f1: 0.89, f1: 2.74
epoch: 438, val_loss:3.037545, acc: 15.87, bacc: 10.00, tmp_test_f1: 0.73, f1: 2.74
epoch: 439, val_loss:3.037541, acc: 15.87, bacc: 10.00, tmp_test_f1: 0.71, f1: 2.74
epoch: 440, val_loss:3.037730, acc: 15.87, bacc: 10.00, tmp_test_f1: 0.71, f1: 2.74
epoch: 441, val_loss:3.037650, acc: 15.87, bacc: 10.00, tmp_test_f1: 0.73, f1: 2.74
epoch: 442, val_loss:3.037685, acc: 15.87, bacc: 10.00, tmp_test_f1: 0.75, f1: 2.74
epoch: 443, val_loss:3.037705, acc: 15.87, bacc: 10.00, tmp_test_f1: 0.79, f1: 2.74
epoch: 444, val_loss:3.037545, acc: 15.87, bacc: 10.00, tmp_test_f1: 0.94, f1: 2.74
epoch: 445, val_loss:3.037297, acc: 15.87, bacc: 10.00, tmp_test_f1: 0.95, f1: 2.74
epoch: 446, val_loss:3.037305, acc: 15.87, bacc: 10.00, tmp_test_f1: 1.00, f1: 2.74
epoch: 447, val_loss:3.037249, acc: 15.87, bacc: 10.00, tmp_test_f1: 0.98, f1: 2.74
epoch: 448, val_loss:3.037443, acc: 15.87, bacc: 10.00, tmp_test_f1: 0.87, f1: 2.74
epoch: 449, val_loss:3.037922, acc: 15.87, bacc: 10.00, tmp_test_f1: 0.86, f1: 2.74
epoch: 450, val_loss:3.038299, acc: 15.87, bacc: 10.00, tmp_test_f1: 0.85, f1: 2.74
epoch: 451, val_loss:3.038281, acc: 15.87, bacc: 10.00, tmp_test_f1: 0.93, f1: 2.74
epoch: 452, val_loss:3.038373, acc: 15.87, bacc: 10.00, tmp_test_f1: 0.92, f1: 2.74
epoch: 453, val_loss:3.038470, acc: 15.87, bacc: 10.00, tmp_test_f1: 0.92, f1: 2.74
epoch: 454, val_loss:3.038618, acc: 15.87, bacc: 10.00, tmp_test_f1: 0.84, f1: 2.74
epoch: 455, val_loss:3.038574, acc: 15.87, bacc: 10.00, tmp_test_f1: 0.76, f1: 2.74
epoch: 456, val_loss:3.038429, acc: 15.87, bacc: 10.00, tmp_test_f1: 0.76, f1: 2.74
epoch: 457, val_loss:3.038513, acc: 15.87, bacc: 10.00, tmp_test_f1: 0.78, f1: 2.74
epoch: 458, val_loss:3.038862, acc: 15.87, bacc: 10.00, tmp_test_f1: 0.78, f1: 2.74
epoch: 459, val_loss:3.039108, acc: 15.87, bacc: 10.00, tmp_test_f1: 0.79, f1: 2.74
epoch: 460, val_loss:3.039130, acc: 15.87, bacc: 10.00, tmp_test_f1: 0.79, f1: 2.74
epoch: 461, val_loss:3.039162, acc: 15.87, bacc: 10.00, tmp_test_f1: 0.77, f1: 2.74
epoch: 462, val_loss:3.039322, acc: 15.87, bacc: 10.00, tmp_test_f1: 0.99, f1: 2.74
epoch: 463, val_loss:3.039456, acc: 15.87, bacc: 10.00, tmp_test_f1: 0.98, f1: 2.74
epoch: 464, val_loss:3.040152, acc: 15.87, bacc: 10.00, tmp_test_f1: 1.08, f1: 2.74
epoch: 465, val_loss:3.040882, acc: 15.87, bacc: 10.00, tmp_test_f1: 1.14, f1: 2.74
epoch: 466, val_loss:3.041323, acc: 15.87, bacc: 10.00, tmp_test_f1: 1.06, f1: 2.74
epoch: 467, val_loss:3.041584, acc: 15.87, bacc: 10.00, tmp_test_f1: 1.17, f1: 2.74
epoch: 468, val_loss:3.042024, acc: 15.87, bacc: 10.00, tmp_test_f1: 0.82, f1: 2.74
epoch: 469, val_loss:3.042672, acc: 15.87, bacc: 10.00, tmp_test_f1: 0.83, f1: 2.74
epoch: 470, val_loss:3.043106, acc: 15.87, bacc: 10.00, tmp_test_f1: 0.83, f1: 2.74
epoch: 471, val_loss:3.043471, acc: 15.87, bacc: 10.00, tmp_test_f1: 0.84, f1: 2.74
epoch: 472, val_loss:3.043591, acc: 15.87, bacc: 10.00, tmp_test_f1: 0.85, f1: 2.74
epoch: 473, val_loss:3.043116, acc: 15.87, bacc: 10.00, tmp_test_f1: 0.85, f1: 2.74
epoch: 474, val_loss:3.042663, acc: 15.87, bacc: 10.00, tmp_test_f1: 0.86, f1: 2.74
epoch: 475, val_loss:3.041714, acc: 15.87, bacc: 10.00, tmp_test_f1: 0.85, f1: 2.74
epoch: 476, val_loss:3.040823, acc: 15.87, bacc: 10.00, tmp_test_f1: 0.93, f1: 2.74
epoch: 477, val_loss:3.040154, acc: 15.87, bacc: 10.00, tmp_test_f1: 0.83, f1: 2.74
epoch: 478, val_loss:3.039549, acc: 15.87, bacc: 10.00, tmp_test_f1: 0.83, f1: 2.74
epoch: 479, val_loss:3.039338, acc: 15.87, bacc: 10.00, tmp_test_f1: 0.83, f1: 2.74
epoch: 480, val_loss:3.039507, acc: 15.87, bacc: 10.00, tmp_test_f1: 0.82, f1: 2.74
epoch: 481, val_loss:3.040051, acc: 15.87, bacc: 10.00, tmp_test_f1: 1.06, f1: 2.74
epoch: 482, val_loss:3.041031, acc: 15.87, bacc: 10.00, tmp_test_f1: 1.05, f1: 2.74
epoch: 483, val_loss:3.041578, acc: 15.87, bacc: 10.00, tmp_test_f1: 0.95, f1: 2.74
epoch: 484, val_loss:3.042071, acc: 15.87, bacc: 10.00, tmp_test_f1: 0.99, f1: 2.74
epoch: 485, val_loss:3.042048, acc: 15.87, bacc: 10.00, tmp_test_f1: 0.98, f1: 2.74
epoch: 486, val_loss:3.042030, acc: 15.87, bacc: 10.00, tmp_test_f1: 0.83, f1: 2.74
epoch: 487, val_loss:3.042118, acc: 15.87, bacc: 10.00, tmp_test_f1: 0.84, f1: 2.74
epoch: 488, val_loss:3.042414, acc: 15.87, bacc: 10.00, tmp_test_f1: 0.86, f1: 2.74
epoch: 489, val_loss:3.042863, acc: 15.87, bacc: 10.00, tmp_test_f1: 0.88, f1: 2.74
epoch: 490, val_loss:3.043569, acc: 15.87, bacc: 10.00, tmp_test_f1: 0.88, f1: 2.74
epoch: 491, val_loss:3.044020, acc: 15.87, bacc: 10.00, tmp_test_f1: 0.96, f1: 2.74
epoch: 492, val_loss:3.045059, acc: 15.87, bacc: 10.00, tmp_test_f1: 0.97, f1: 2.74
epoch: 493, val_loss:3.046638, acc: 15.87, bacc: 10.00, tmp_test_f1: 1.03, f1: 2.74
epoch: 494, val_loss:3.048222, acc: 15.87, bacc: 10.00, tmp_test_f1: 1.05, f1: 2.74
epoch: 495, val_loss:3.049761, acc: 15.87, bacc: 10.00, tmp_test_f1: 0.95, f1: 2.74
epoch: 496, val_loss:3.051340, acc: 15.87, bacc: 10.00, tmp_test_f1: 0.93, f1: 2.74
epoch: 497, val_loss:3.052925, acc: 15.87, bacc: 10.00, tmp_test_f1: 0.90, f1: 2.74
epoch: 498, val_loss:3.054549, acc: 15.87, bacc: 10.00, tmp_test_f1: 0.88, f1: 2.74
epoch: 499, val_loss:3.055718, acc: 15.87, bacc: 10.00, tmp_test_f1: 0.85, f1: 2.74
epoch: 500, val_loss:3.056440, acc: 15.87, bacc: 10.00, tmp_test_f1: 0.83, f1: 2.74
epoch: 501, val_loss:3.057142, acc: 15.87, bacc: 10.00, tmp_test_f1: 1.05, f1: 2.74
epoch: 502, val_loss:3.057445, acc: 15.87, bacc: 10.00, tmp_test_f1: 1.04, f1: 2.74
epoch: 503, val_loss:3.057034, acc: 15.87, bacc: 10.00, tmp_test_f1: 1.02, f1: 2.74
epoch: 504, val_loss:3.056288, acc: 15.87, bacc: 10.00, tmp_test_f1: 1.01, f1: 2.74
epoch: 505, val_loss:3.055640, acc: 15.87, bacc: 10.00, tmp_test_f1: 1.07, f1: 2.74
epoch: 506, val_loss:3.054897, acc: 15.87, bacc: 10.00, tmp_test_f1: 0.99, f1: 2.74
epoch: 507, val_loss:3.053821, acc: 15.87, bacc: 10.00, tmp_test_f1: 0.64, f1: 2.74
epoch: 508, val_loss:3.052596, acc: 15.87, bacc: 10.00, tmp_test_f1: 0.66, f1: 2.74
epoch: 509, val_loss:3.051318, acc: 15.87, bacc: 10.00, tmp_test_f1: 0.66, f1: 2.74
epoch: 510, val_loss:3.050236, acc: 15.87, bacc: 10.00, tmp_test_f1: 0.82, f1: 2.74
epoch: 511, val_loss:3.048550, acc: 15.87, bacc: 10.00, tmp_test_f1: 0.81, f1: 2.74
epoch: 512, val_loss:3.046471, acc: 15.87, bacc: 10.00, tmp_test_f1: 0.82, f1: 2.74
epoch: 513, val_loss:3.044333, acc: 15.87, bacc: 10.00, tmp_test_f1: 0.82, f1: 2.74
epoch: 514, val_loss:3.042553, acc: 15.87, bacc: 10.00, tmp_test_f1: 0.82, f1: 2.74
epoch: 515, val_loss:3.041067, acc: 15.87, bacc: 10.00, tmp_test_f1: 0.82, f1: 2.74
epoch: 516, val_loss:3.039989, acc: 15.87, bacc: 10.00, tmp_test_f1: 0.82, f1: 2.74
epoch: 517, val_loss:3.039299, acc: 15.87, bacc: 10.00, tmp_test_f1: 0.72, f1: 2.74
epoch: 518, val_loss:3.038703, acc: 15.87, bacc: 10.00, tmp_test_f1: 0.72, f1: 2.74
epoch: 519, val_loss:3.038611, acc: 15.87, bacc: 10.00, tmp_test_f1: 1.05, f1: 2.74
epoch: 520, val_loss:3.038856, acc: 15.87, bacc: 10.00, tmp_test_f1: 1.05, f1: 2.74
epoch: 521, val_loss:3.039267, acc: 15.87, bacc: 10.00, tmp_test_f1: 0.79, f1: 2.74
epoch: 522, val_loss:3.039421, acc: 15.87, bacc: 10.00, tmp_test_f1: 0.79, f1: 2.74
epoch: 523, val_loss:3.039564, acc: 15.87, bacc: 10.00, tmp_test_f1: 0.79, f1: 2.74
epoch: 524, val_loss:3.039688, acc: 15.87, bacc: 10.00, tmp_test_f1: 0.81, f1: 2.74
epoch: 525, val_loss:3.039401, acc: 15.87, bacc: 10.00, tmp_test_f1: 0.81, f1: 2.74
epoch: 526, val_loss:3.039405, acc: 15.87, bacc: 10.00, tmp_test_f1: 0.81, f1: 2.74
epoch: 527, val_loss:3.039730, acc: 15.87, bacc: 10.00, tmp_test_f1: 0.83, f1: 2.74
epoch: 528, val_loss:3.040458, acc: 15.87, bacc: 10.00, tmp_test_f1: 0.85, f1: 2.74
epoch: 529, val_loss:3.040918, acc: 15.87, bacc: 10.00, tmp_test_f1: 0.86, f1: 2.74
epoch: 530, val_loss:3.041219, acc: 15.87, bacc: 10.00, tmp_test_f1: 0.86, f1: 2.74
epoch: 531, val_loss:3.041912, acc: 15.87, bacc: 10.00, tmp_test_f1: 1.12, f1: 2.74
epoch: 532, val_loss:3.042809, acc: 15.87, bacc: 10.00, tmp_test_f1: 1.08, f1: 2.74
epoch: 533, val_loss:3.043213, acc: 15.87, bacc: 10.00, tmp_test_f1: 1.06, f1: 2.74
epoch: 534, val_loss:3.043881, acc: 15.87, bacc: 10.00, tmp_test_f1: 1.05, f1: 2.74
epoch: 535, val_loss:3.044702, acc: 15.87, bacc: 10.00, tmp_test_f1: 1.08, f1: 2.74
epoch: 536, val_loss:3.045322, acc: 15.87, bacc: 10.00, tmp_test_f1: 1.09, f1: 2.74
epoch: 537, val_loss:3.045662, acc: 15.87, bacc: 10.00, tmp_test_f1: 0.97, f1: 2.74
epoch: 538, val_loss:3.046372, acc: 15.87, bacc: 10.00, tmp_test_f1: 0.92, f1: 2.74
epoch: 539, val_loss:3.046901, acc: 15.87, bacc: 10.00, tmp_test_f1: 0.92, f1: 2.74
epoch: 540, val_loss:3.046872, acc: 15.87, bacc: 10.00, tmp_test_f1: 0.95, f1: 2.74
epoch: 541, val_loss:3.047167, acc: 15.87, bacc: 10.00, tmp_test_f1: 0.96, f1: 2.74
epoch: 542, val_loss:3.047507, acc: 15.87, bacc: 10.00, tmp_test_f1: 1.03, f1: 2.74
epoch: 543, val_loss:3.047154, acc: 15.87, bacc: 10.00, tmp_test_f1: 0.94, f1: 2.74
epoch: 544, val_loss:3.046476, acc: 15.87, bacc: 10.00, tmp_test_f1: 0.94, f1: 2.74
epoch: 545, val_loss:3.046131, acc: 15.87, bacc: 10.00, tmp_test_f1: 0.94, f1: 2.74
epoch: 546, val_loss:3.045516, acc: 15.87, bacc: 10.00, tmp_test_f1: 1.16, f1: 2.74
epoch: 547, val_loss:3.045372, acc: 15.87, bacc: 10.00, tmp_test_f1: 1.14, f1: 2.74
epoch: 548, val_loss:3.045445, acc: 15.87, bacc: 10.00, tmp_test_f1: 1.12, f1: 2.74
epoch: 549, val_loss:3.045526, acc: 15.87, bacc: 10.00, tmp_test_f1: 1.09, f1: 2.74
epoch: 550, val_loss:3.046046, acc: 15.87, bacc: 10.00, tmp_test_f1: 1.06, f1: 2.74
epoch: 551, val_loss:3.046904, acc: 15.87, bacc: 10.00, tmp_test_f1: 1.07, f1: 2.74
epoch: 552, val_loss:3.047908, acc: 15.87, bacc: 10.00, tmp_test_f1: 0.85, f1: 2.74
epoch: 553, val_loss:3.049407, acc: 15.87, bacc: 10.00, tmp_test_f1: 0.84, f1: 2.74
epoch: 554, val_loss:3.050006, acc: 15.87, bacc: 10.00, tmp_test_f1: 0.84, f1: 2.74
epoch: 555, val_loss:3.050081, acc: 15.87, bacc: 10.00, tmp_test_f1: 0.84, f1: 2.74
epoch: 556, val_loss:3.050218, acc: 15.87, bacc: 10.00, tmp_test_f1: 0.84, f1: 2.74
epoch: 557, val_loss:3.049975, acc: 15.87, bacc: 10.00, tmp_test_f1: 0.84, f1: 2.74
epoch: 558, val_loss:3.049849, acc: 15.87, bacc: 10.00, tmp_test_f1: 0.83, f1: 2.74
epoch: 559, val_loss:3.049864, acc: 15.87, bacc: 10.00, tmp_test_f1: 0.83, f1: 2.74
epoch: 560, val_loss:3.050075, acc: 15.87, bacc: 10.00, tmp_test_f1: 1.05, f1: 2.74
epoch: 561, val_loss:3.050073, acc: 15.87, bacc: 10.00, tmp_test_f1: 1.05, f1: 2.74
epoch: 562, val_loss:3.050327, acc: 15.87, bacc: 10.00, tmp_test_f1: 1.06, f1: 2.74
epoch: 563, val_loss:3.050559, acc: 15.87, bacc: 10.00, tmp_test_f1: 1.06, f1: 2.74
epoch: 564, val_loss:3.050386, acc: 15.87, bacc: 10.00, tmp_test_f1: 1.07, f1: 2.74
epoch: 565, val_loss:3.050312, acc: 15.87, bacc: 10.00, tmp_test_f1: 0.88, f1: 2.74
epoch: 566, val_loss:3.049885, acc: 15.87, bacc: 10.00, tmp_test_f1: 0.87, f1: 2.74
epoch: 567, val_loss:3.049403, acc: 15.87, bacc: 10.00, tmp_test_f1: 0.89, f1: 2.74
epoch: 568, val_loss:3.048729, acc: 15.87, bacc: 10.00, tmp_test_f1: 0.90, f1: 2.74
epoch: 569, val_loss:3.048020, acc: 15.87, bacc: 10.00, tmp_test_f1: 0.96, f1: 2.74
epoch: 570, val_loss:3.047517, acc: 15.87, bacc: 10.00, tmp_test_f1: 0.86, f1: 2.74
epoch: 571, val_loss:3.046790, acc: 15.87, bacc: 10.00, tmp_test_f1: 0.85, f1: 2.74
epoch: 572, val_loss:3.045959, acc: 15.87, bacc: 10.00, tmp_test_f1: 0.83, f1: 2.74
epoch: 573, val_loss:3.045289, acc: 15.87, bacc: 10.00, tmp_test_f1: 0.82, f1: 2.74
epoch: 574, val_loss:3.044785, acc: 15.87, bacc: 10.00, tmp_test_f1: 0.82, f1: 2.74
epoch: 575, val_loss:3.044179, acc: 15.87, bacc: 10.00, tmp_test_f1: 0.82, f1: 2.74
epoch: 576, val_loss:3.043602, acc: 15.87, bacc: 10.00, tmp_test_f1: 1.11, f1: 2.74
epoch: 577, val_loss:3.043095, acc: 15.87, bacc: 10.00, tmp_test_f1: 1.05, f1: 2.74
epoch: 578, val_loss:3.043077, acc: 15.87, bacc: 10.00, tmp_test_f1: 1.07, f1: 2.74
epoch: 579, val_loss:3.043134, acc: 15.87, bacc: 10.00, tmp_test_f1: 0.87, f1: 2.74
epoch: 580, val_loss:3.043685, acc: 15.87, bacc: 10.00, tmp_test_f1: 0.86, f1: 2.74
epoch: 581, val_loss:3.044083, acc: 15.87, bacc: 10.00, tmp_test_f1: 0.94, f1: 2.74
epoch: 582, val_loss:3.044178, acc: 15.87, bacc: 10.00, tmp_test_f1: 0.81, f1: 2.74
epoch: 583, val_loss:3.043917, acc: 15.87, bacc: 10.00, tmp_test_f1: 0.93, f1: 2.74
epoch: 584, val_loss:3.043468, acc: 15.87, bacc: 10.00, tmp_test_f1: 0.91, f1: 2.74
epoch: 585, val_loss:3.043221, acc: 15.87, bacc: 10.00, tmp_test_f1: 0.92, f1: 2.74
epoch: 586, val_loss:3.042553, acc: 15.87, bacc: 10.00, tmp_test_f1: 0.90, f1: 2.74
epoch: 587, val_loss:3.041999, acc: 15.87, bacc: 10.00, tmp_test_f1: 0.90, f1: 2.74
epoch: 588, val_loss:3.041544, acc: 15.87, bacc: 10.00, tmp_test_f1: 1.07, f1: 2.74
epoch: 589, val_loss:3.041427, acc: 15.87, bacc: 10.00, tmp_test_f1: 1.05, f1: 2.74
epoch: 590, val_loss:3.041172, acc: 15.87, bacc: 10.00, tmp_test_f1: 1.05, f1: 2.74
epoch: 591, val_loss:3.040116, acc: 15.87, bacc: 10.00, tmp_test_f1: 1.06, f1: 2.74
epoch: 592, val_loss:3.039462, acc: 15.87, bacc: 10.00, tmp_test_f1: 1.06, f1: 2.74
epoch: 593, val_loss:3.039188, acc: 15.87, bacc: 10.00, tmp_test_f1: 1.06, f1: 2.74
epoch: 594, val_loss:3.039467, acc: 15.87, bacc: 10.00, tmp_test_f1: 0.91, f1: 2.74
epoch: 595, val_loss:3.040007, acc: 15.87, bacc: 10.00, tmp_test_f1: 0.82, f1: 2.74
epoch: 596, val_loss:3.040582, acc: 15.87, bacc: 10.00, tmp_test_f1: 0.81, f1: 2.74
epoch: 597, val_loss:3.040971, acc: 15.87, bacc: 10.00, tmp_test_f1: 0.81, f1: 2.74
epoch: 598, val_loss:3.041307, acc: 15.87, bacc: 10.00, tmp_test_f1: 0.81, f1: 2.74
epoch: 599, val_loss:3.041188, acc: 15.87, bacc: 10.00, tmp_test_f1: 0.81, f1: 2.74
epoch: 600, val_loss:3.040944, acc: 15.87, bacc: 10.00, tmp_test_f1: 0.82, f1: 2.74
epoch: 601, val_loss:3.040825, acc: 15.87, bacc: 10.00, tmp_test_f1: 0.82, f1: 2.74
epoch: 602, val_loss:3.040498, acc: 15.87, bacc: 10.00, tmp_test_f1: 0.84, f1: 2.74
epoch: 603, val_loss:3.040045, acc: 15.87, bacc: 10.00, tmp_test_f1: 0.86, f1: 2.74
Epoch 00604: reducing learning rate of group 0 to 1.2500e-02.
epoch: 604, val_loss:3.039645, acc: 15.87, bacc: 10.00, tmp_test_f1: 1.09, f1: 2.74
epoch: 605, val_loss:3.039258, acc: 15.87, bacc: 10.00, tmp_test_f1: 1.10, f1: 2.74
epoch: 606, val_loss:3.038985, acc: 15.87, bacc: 10.00, tmp_test_f1: 1.11, f1: 2.74
epoch: 607, val_loss:3.038806, acc: 15.87, bacc: 10.00, tmp_test_f1: 1.12, f1: 2.74
epoch: 608, val_loss:3.038678, acc: 15.87, bacc: 10.00, tmp_test_f1: 1.12, f1: 2.74
epoch: 609, val_loss:3.038865, acc: 15.87, bacc: 10.00, tmp_test_f1: 1.12, f1: 2.74
epoch: 610, val_loss:3.039111, acc: 15.87, bacc: 10.00, tmp_test_f1: 1.12, f1: 2.74
epoch: 611, val_loss:3.039400, acc: 15.87, bacc: 10.00, tmp_test_f1: 1.11, f1: 2.74
epoch: 612, val_loss:3.039665, acc: 15.87, bacc: 10.00, tmp_test_f1: 0.91, f1: 2.74
epoch: 613, val_loss:3.039812, acc: 15.87, bacc: 10.00, tmp_test_f1: 0.84, f1: 2.74
epoch: 614, val_loss:3.039999, acc: 15.87, bacc: 10.00, tmp_test_f1: 0.85, f1: 2.74
epoch: 615, val_loss:3.040231, acc: 15.87, bacc: 10.00, tmp_test_f1: 0.84, f1: 2.74
epoch: 616, val_loss:3.040815, acc: 15.87, bacc: 10.00, tmp_test_f1: 0.85, f1: 2.74
epoch: 617, val_loss:3.041234, acc: 15.87, bacc: 10.00, tmp_test_f1: 0.83, f1: 2.74
epoch: 618, val_loss:3.041407, acc: 15.87, bacc: 10.00, tmp_test_f1: 0.83, f1: 2.74
epoch: 619, val_loss:3.041342, acc: 15.87, bacc: 10.00, tmp_test_f1: 0.82, f1: 2.74
epoch: 620, val_loss:3.041384, acc: 15.87, bacc: 10.00, tmp_test_f1: 0.81, f1: 2.74
epoch: 621, val_loss:3.041582, acc: 15.87, bacc: 10.00, tmp_test_f1: 0.85, f1: 2.74
epoch: 622, val_loss:3.041580, acc: 15.87, bacc: 10.00, tmp_test_f1: 0.85, f1: 2.74
epoch: 623, val_loss:3.041382, acc: 15.87, bacc: 10.00, tmp_test_f1: 0.85, f1: 2.74
epoch: 624, val_loss:3.041286, acc: 15.87, bacc: 10.00, tmp_test_f1: 0.85, f1: 2.74
epoch: 625, val_loss:3.041114, acc: 15.87, bacc: 10.00, tmp_test_f1: 0.83, f1: 2.74
epoch: 626, val_loss:3.040913, acc: 15.87, bacc: 10.00, tmp_test_f1: 0.88, f1: 2.74
epoch: 627, val_loss:3.040626, acc: 15.87, bacc: 10.00, tmp_test_f1: 0.89, f1: 2.74
epoch: 628, val_loss:3.040313, acc: 15.87, bacc: 10.00, tmp_test_f1: 0.91, f1: 2.74
epoch: 629, val_loss:3.039929, acc: 15.87, bacc: 10.00, tmp_test_f1: 0.92, f1: 2.74
epoch: 630, val_loss:3.039703, acc: 15.87, bacc: 10.00, tmp_test_f1: 1.05, f1: 2.74
epoch: 631, val_loss:3.039745, acc: 15.87, bacc: 10.00, tmp_test_f1: 1.06, f1: 2.74
epoch: 632, val_loss:3.039881, acc: 15.87, bacc: 10.00, tmp_test_f1: 0.89, f1: 2.74
epoch: 633, val_loss:3.039595, acc: 15.87, bacc: 10.00, tmp_test_f1: 0.85, f1: 2.74
epoch: 634, val_loss:3.039151, acc: 15.87, bacc: 10.00, tmp_test_f1: 0.81, f1: 2.74
epoch: 635, val_loss:3.038901, acc: 15.87, bacc: 10.00, tmp_test_f1: 0.82, f1: 2.74
epoch: 636, val_loss:3.038664, acc: 15.87, bacc: 10.00, tmp_test_f1: 0.84, f1: 2.74
epoch: 637, val_loss:3.038321, acc: 15.87, bacc: 10.00, tmp_test_f1: 0.84, f1: 2.74
epoch: 638, val_loss:3.038022, acc: 15.87, bacc: 10.00, tmp_test_f1: 0.86, f1: 2.74
epoch: 639, val_loss:3.037621, acc: 15.87, bacc: 10.00, tmp_test_f1: 0.87, f1: 2.74
epoch: 640, val_loss:3.037298, acc: 15.87, bacc: 10.00, tmp_test_f1: 0.79, f1: 2.74
epoch: 641, val_loss:3.037084, acc: 15.87, bacc: 10.00, tmp_test_f1: 0.79, f1: 2.74
epoch: 642, val_loss:3.036957, acc: 15.87, bacc: 10.00, tmp_test_f1: 0.79, f1: 2.74
epoch: 643, val_loss:3.037068, acc: 15.87, bacc: 10.00, tmp_test_f1: 0.78, f1: 2.74
epoch: 644, val_loss:3.037039, acc: 15.87, bacc: 10.00, tmp_test_f1: 0.76, f1: 2.74
epoch: 645, val_loss:3.037170, acc: 15.87, bacc: 10.00, tmp_test_f1: 0.74, f1: 2.74
epoch: 646, val_loss:3.036976, acc: 15.87, bacc: 10.00, tmp_test_f1: 0.88, f1: 2.74
epoch: 647, val_loss:3.036870, acc: 15.87, bacc: 10.00, tmp_test_f1: 0.83, f1: 2.74
epoch: 648, val_loss:3.036989, acc: 15.87, bacc: 10.00, tmp_test_f1: 0.83, f1: 2.74
epoch: 649, val_loss:3.037088, acc: 15.87, bacc: 10.00, tmp_test_f1: 0.83, f1: 2.74
epoch: 650, val_loss:3.037263, acc: 15.87, bacc: 10.00, tmp_test_f1: 0.83, f1: 2.74
epoch: 651, val_loss:3.037335, acc: 15.87, bacc: 10.00, tmp_test_f1: 0.83, f1: 2.74
epoch: 652, val_loss:3.037493, acc: 15.87, bacc: 10.00, tmp_test_f1: 0.82, f1: 2.74
epoch: 653, val_loss:3.037772, acc: 15.87, bacc: 10.00, tmp_test_f1: 0.82, f1: 2.74
epoch: 654, val_loss:3.037896, acc: 15.87, bacc: 10.00, tmp_test_f1: 0.82, f1: 2.74
epoch: 655, val_loss:3.038040, acc: 15.87, bacc: 10.00, tmp_test_f1: 0.83, f1: 2.74
epoch: 656, val_loss:3.038344, acc: 15.87, bacc: 10.00, tmp_test_f1: 0.83, f1: 2.74
epoch: 657, val_loss:3.038822, acc: 15.87, bacc: 10.00, tmp_test_f1: 0.82, f1: 2.74
epoch: 658, val_loss:3.039094, acc: 15.87, bacc: 10.00, tmp_test_f1: 0.82, f1: 2.74
epoch: 659, val_loss:3.039485, acc: 15.87, bacc: 10.00, tmp_test_f1: 0.71, f1: 2.74
epoch: 660, val_loss:3.040279, acc: 15.87, bacc: 10.00, tmp_test_f1: 0.72, f1: 2.74
epoch: 661, val_loss:3.041008, acc: 15.87, bacc: 10.00, tmp_test_f1: 0.72, f1: 2.74
epoch: 662, val_loss:3.041927, acc: 15.87, bacc: 10.00, tmp_test_f1: 0.72, f1: 2.74
epoch: 663, val_loss:3.042835, acc: 15.87, bacc: 10.00, tmp_test_f1: 0.72, f1: 2.74
epoch: 664, val_loss:3.043790, acc: 15.87, bacc: 10.00, tmp_test_f1: 0.72, f1: 2.74
epoch: 665, val_loss:3.044341, acc: 15.87, bacc: 10.00, tmp_test_f1: 0.84, f1: 2.74
epoch: 666, val_loss:3.044997, acc: 15.87, bacc: 10.00, tmp_test_f1: 0.90, f1: 2.74
epoch: 667, val_loss:3.045340, acc: 15.87, bacc: 10.00, tmp_test_f1: 0.90, f1: 2.74
epoch: 668, val_loss:3.045341, acc: 15.87, bacc: 10.00, tmp_test_f1: 0.89, f1: 2.74
epoch: 669, val_loss:3.045499, acc: 15.87, bacc: 10.00, tmp_test_f1: 0.91, f1: 2.74
epoch: 670, val_loss:3.045588, acc: 15.87, bacc: 10.00, tmp_test_f1: 0.91, f1: 2.74
epoch: 671, val_loss:3.045728, acc: 15.87, bacc: 10.00, tmp_test_f1: 1.05, f1: 2.74
epoch: 672, val_loss:3.045892, acc: 15.87, bacc: 10.00, tmp_test_f1: 1.05, f1: 2.74
epoch: 673, val_loss:3.045778, acc: 15.87, bacc: 10.00, tmp_test_f1: 1.06, f1: 2.74
epoch: 674, val_loss:3.045480, acc: 15.87, bacc: 10.00, tmp_test_f1: 0.92, f1: 2.74
epoch: 675, val_loss:3.045346, acc: 15.87, bacc: 10.00, tmp_test_f1: 0.86, f1: 2.74
epoch: 676, val_loss:3.045497, acc: 15.87, bacc: 10.00, tmp_test_f1: 0.85, f1: 2.74
epoch: 677, val_loss:3.046063, acc: 15.87, bacc: 10.00, tmp_test_f1: 0.84, f1: 2.74
epoch: 678, val_loss:3.046279, acc: 15.87, bacc: 10.00, tmp_test_f1: 0.83, f1: 2.74
epoch: 679, val_loss:3.046717, acc: 15.87, bacc: 10.00, tmp_test_f1: 0.83, f1: 2.74
epoch: 680, val_loss:3.047201, acc: 15.87, bacc: 10.00, tmp_test_f1: 0.85, f1: 2.74
epoch: 681, val_loss:3.047452, acc: 15.87, bacc: 10.00, tmp_test_f1: 0.88, f1: 2.74
epoch: 682, val_loss:3.047679, acc: 15.87, bacc: 10.00, tmp_test_f1: 0.97, f1: 2.74
epoch: 683, val_loss:3.047706, acc: 15.87, bacc: 10.00, tmp_test_f1: 1.11, f1: 2.74
epoch: 684, val_loss:3.047652, acc: 15.87, bacc: 10.00, tmp_test_f1: 1.12, f1: 2.74
epoch: 685, val_loss:3.048031, acc: 15.87, bacc: 10.00, tmp_test_f1: 1.12, f1: 2.74
epoch: 686, val_loss:3.048153, acc: 15.87, bacc: 10.00, tmp_test_f1: 1.14, f1: 2.74
epoch: 687, val_loss:3.048025, acc: 15.87, bacc: 10.00, tmp_test_f1: 1.15, f1: 2.74
epoch: 688, val_loss:3.048139, acc: 15.87, bacc: 10.00, tmp_test_f1: 1.16, f1: 2.74
epoch: 689, val_loss:3.048245, acc: 15.87, bacc: 10.00, tmp_test_f1: 1.04, f1: 2.74
epoch: 690, val_loss:3.048317, acc: 15.87, bacc: 10.00, tmp_test_f1: 1.02, f1: 2.74
epoch: 691, val_loss:3.048469, acc: 15.87, bacc: 10.00, tmp_test_f1: 1.03, f1: 2.74
epoch: 692, val_loss:3.048717, acc: 15.87, bacc: 10.00, tmp_test_f1: 1.01, f1: 2.74
epoch: 693, val_loss:3.048441, acc: 15.87, bacc: 10.00, tmp_test_f1: 1.05, f1: 2.74
epoch: 694, val_loss:3.047941, acc: 15.87, bacc: 10.00, tmp_test_f1: 0.95, f1: 2.74
epoch: 695, val_loss:3.047580, acc: 15.87, bacc: 10.00, tmp_test_f1: 0.95, f1: 2.74
epoch: 696, val_loss:3.047452, acc: 15.87, bacc: 10.00, tmp_test_f1: 0.95, f1: 2.74
epoch: 697, val_loss:3.047374, acc: 15.87, bacc: 10.00, tmp_test_f1: 0.94, f1: 2.74
epoch: 698, val_loss:3.047431, acc: 15.87, bacc: 10.00, tmp_test_f1: 0.96, f1: 2.74
epoch: 699, val_loss:3.047443, acc: 15.87, bacc: 10.00, tmp_test_f1: 0.98, f1: 2.74
epoch: 700, val_loss:3.047593, acc: 15.87, bacc: 10.00, tmp_test_f1: 0.89, f1: 2.74
epoch: 701, val_loss:3.047843, acc: 15.87, bacc: 10.00, tmp_test_f1: 0.89, f1: 2.74
epoch: 702, val_loss:3.048262, acc: 15.87, bacc: 10.00, tmp_test_f1: 0.89, f1: 2.74
epoch: 703, val_loss:3.048595, acc: 15.87, bacc: 10.00, tmp_test_f1: 0.88, f1: 2.74
epoch: 704, val_loss:3.048576, acc: 15.87, bacc: 10.00, tmp_test_f1: 1.14, f1: 2.74
epoch: 705, val_loss:3.048636, acc: 15.87, bacc: 10.00, tmp_test_f1: 1.14, f1: 2.74
epoch: 706, val_loss:3.048740, acc: 15.87, bacc: 10.00, tmp_test_f1: 1.13, f1: 2.74
epoch: 707, val_loss:3.048659, acc: 15.87, bacc: 10.00, tmp_test_f1: 1.13, f1: 2.74
epoch: 708, val_loss:3.048524, acc: 15.87, bacc: 10.00, tmp_test_f1: 1.12, f1: 2.74
epoch: 709, val_loss:3.048493, acc: 15.87, bacc: 10.00, tmp_test_f1: 1.11, f1: 2.74
epoch: 710, val_loss:3.048621, acc: 15.87, bacc: 10.00, tmp_test_f1: 1.10, f1: 2.74
epoch: 711, val_loss:3.048715, acc: 15.87, bacc: 10.00, tmp_test_f1: 1.08, f1: 2.74
epoch: 712, val_loss:3.048611, acc: 15.87, bacc: 10.00, tmp_test_f1: 0.94, f1: 2.74
epoch: 713, val_loss:3.048389, acc: 15.87, bacc: 10.00, tmp_test_f1: 0.89, f1: 2.74
epoch: 714, val_loss:3.048009, acc: 15.87, bacc: 10.00, tmp_test_f1: 0.95, f1: 2.74
epoch: 715, val_loss:3.047526, acc: 15.87, bacc: 10.00, tmp_test_f1: 0.94, f1: 2.74
epoch: 716, val_loss:3.046982, acc: 15.87, bacc: 10.00, tmp_test_f1: 0.94, f1: 2.74
epoch: 717, val_loss:3.046412, acc: 15.87, bacc: 10.00, tmp_test_f1: 0.85, f1: 2.74
epoch: 718, val_loss:3.045953, acc: 15.87, bacc: 10.00, tmp_test_f1: 0.85, f1: 2.74
epoch: 719, val_loss:3.045511, acc: 15.87, bacc: 10.00, tmp_test_f1: 0.85, f1: 2.74
epoch: 720, val_loss:3.045250, acc: 15.87, bacc: 10.00, tmp_test_f1: 0.85, f1: 2.74
epoch: 721, val_loss:3.044690, acc: 15.87, bacc: 10.00, tmp_test_f1: 0.81, f1: 2.74
epoch: 722, val_loss:3.044454, acc: 15.87, bacc: 10.00, tmp_test_f1: 0.74, f1: 2.74
epoch: 723, val_loss:3.044350, acc: 15.87, bacc: 10.00, tmp_test_f1: 0.71, f1: 2.74
epoch: 724, val_loss:3.044312, acc: 15.87, bacc: 10.00, tmp_test_f1: 0.71, f1: 2.74
epoch: 725, val_loss:3.044203, acc: 15.87, bacc: 10.00, tmp_test_f1: 0.77, f1: 2.74
epoch: 726, val_loss:3.044056, acc: 15.87, bacc: 10.00, tmp_test_f1: 0.80, f1: 2.74
epoch: 727, val_loss:3.044046, acc: 15.87, bacc: 10.00, tmp_test_f1: 0.82, f1: 2.74
epoch: 728, val_loss:3.043641, acc: 15.87, bacc: 10.00, tmp_test_f1: 0.82, f1: 2.74
epoch: 729, val_loss:3.043210, acc: 15.87, bacc: 10.00, tmp_test_f1: 0.82, f1: 2.74
epoch: 730, val_loss:3.042761, acc: 15.87, bacc: 10.00, tmp_test_f1: 0.81, f1: 2.74
epoch: 731, val_loss:3.042107, acc: 15.87, bacc: 10.00, tmp_test_f1: 0.81, f1: 2.74
epoch: 732, val_loss:3.041267, acc: 15.87, bacc: 10.00, tmp_test_f1: 0.93, f1: 2.74
epoch: 733, val_loss:3.040713, acc: 15.87, bacc: 10.00, tmp_test_f1: 0.93, f1: 2.74
epoch: 734, val_loss:3.040152, acc: 15.87, bacc: 10.00, tmp_test_f1: 0.93, f1: 2.74
epoch: 735, val_loss:3.039851, acc: 15.87, bacc: 10.00, tmp_test_f1: 0.95, f1: 2.74
epoch: 736, val_loss:3.039546, acc: 15.87, bacc: 10.00, tmp_test_f1: 0.83, f1: 2.74
epoch: 737, val_loss:3.039164, acc: 15.87, bacc: 10.00, tmp_test_f1: 0.83, f1: 2.74
epoch: 738, val_loss:3.038836, acc: 15.87, bacc: 10.00, tmp_test_f1: 0.84, f1: 2.74
epoch: 739, val_loss:3.038577, acc: 15.87, bacc: 10.00, tmp_test_f1: 0.85, f1: 2.74
epoch: 740, val_loss:3.038483, acc: 15.87, bacc: 10.00, tmp_test_f1: 0.93, f1: 2.74
epoch: 741, val_loss:3.038427, acc: 15.87, bacc: 10.00, tmp_test_f1: 1.09, f1: 2.74
epoch: 742, val_loss:3.038104, acc: 15.87, bacc: 10.00, tmp_test_f1: 1.09, f1: 2.74
epoch: 743, val_loss:3.037694, acc: 15.87, bacc: 10.00, tmp_test_f1: 1.09, f1: 2.74
epoch: 744, val_loss:3.037117, acc: 15.87, bacc: 10.00, tmp_test_f1: 1.08, f1: 2.74
epoch: 745, val_loss:3.036655, acc: 15.87, bacc: 10.00, tmp_test_f1: 1.09, f1: 2.74
epoch: 746, val_loss:3.036432, acc: 15.87, bacc: 10.00, tmp_test_f1: 1.08, f1: 2.74
epoch: 747, val_loss:3.036302, acc: 15.87, bacc: 10.00, tmp_test_f1: 0.93, f1: 2.74
epoch: 748, val_loss:3.035794, acc: 15.87, bacc: 10.00, tmp_test_f1: 0.84, f1: 2.74
epoch: 749, val_loss:3.035310, acc: 15.87, bacc: 10.00, tmp_test_f1: 0.83, f1: 2.74
epoch: 750, val_loss:3.035128, acc: 15.87, bacc: 10.00, tmp_test_f1: 0.83, f1: 2.74
epoch: 751, val_loss:3.034859, acc: 15.87, bacc: 10.00, tmp_test_f1: 0.82, f1: 2.74
epoch: 752, val_loss:3.034696, acc: 15.87, bacc: 10.00, tmp_test_f1: 0.81, f1: 2.74
epoch: 753, val_loss:3.034330, acc: 15.87, bacc: 10.00, tmp_test_f1: 0.81, f1: 2.74
epoch: 754, val_loss:3.034051, acc: 15.87, bacc: 10.00, tmp_test_f1: 0.81, f1: 2.74
epoch: 755, val_loss:3.034012, acc: 15.87, bacc: 10.00, tmp_test_f1: 0.82, f1: 2.74
epoch: 756, val_loss:3.033959, acc: 15.87, bacc: 10.00, tmp_test_f1: 0.82, f1: 2.74
epoch: 757, val_loss:3.034214, acc: 15.87, bacc: 10.00, tmp_test_f1: 0.83, f1: 2.74
epoch: 758, val_loss:3.034646, acc: 15.87, bacc: 10.00, tmp_test_f1: 0.83, f1: 2.74
epoch: 759, val_loss:3.035116, acc: 15.87, bacc: 10.00, tmp_test_f1: 0.83, f1: 2.74
epoch: 760, val_loss:3.035629, acc: 15.87, bacc: 10.00, tmp_test_f1: 0.82, f1: 2.74
epoch: 761, val_loss:3.036029, acc: 15.87, bacc: 10.00, tmp_test_f1: 0.74, f1: 2.74
epoch: 762, val_loss:3.036704, acc: 15.87, bacc: 10.00, tmp_test_f1: 0.71, f1: 2.74
epoch: 763, val_loss:3.037215, acc: 15.87, bacc: 10.00, tmp_test_f1: 0.78, f1: 2.74
epoch: 764, val_loss:3.037531, acc: 15.87, bacc: 10.00, tmp_test_f1: 1.07, f1: 2.74
epoch: 765, val_loss:3.037755, acc: 15.87, bacc: 10.00, tmp_test_f1: 1.06, f1: 2.74
epoch: 766, val_loss:3.038066, acc: 15.87, bacc: 10.00, tmp_test_f1: 1.06, f1: 2.74
epoch: 767, val_loss:3.038494, acc: 15.87, bacc: 10.00, tmp_test_f1: 0.80, f1: 2.74
epoch: 768, val_loss:3.039041, acc: 15.87, bacc: 10.00, tmp_test_f1: 0.73, f1: 2.74
epoch: 769, val_loss:3.039474, acc: 15.87, bacc: 10.00, tmp_test_f1: 0.84, f1: 2.74
epoch: 770, val_loss:3.040097, acc: 15.87, bacc: 10.00, tmp_test_f1: 0.84, f1: 2.74
epoch: 771, val_loss:3.040488, acc: 15.87, bacc: 10.00, tmp_test_f1: 0.84, f1: 2.74
epoch: 772, val_loss:3.040939, acc: 15.87, bacc: 10.00, tmp_test_f1: 0.85, f1: 2.74
epoch: 773, val_loss:3.041520, acc: 15.87, bacc: 10.00, tmp_test_f1: 0.85, f1: 2.74
epoch: 774, val_loss:3.042170, acc: 15.87, bacc: 10.00, tmp_test_f1: 0.84, f1: 2.74
epoch: 775, val_loss:3.042956, acc: 15.87, bacc: 10.00, tmp_test_f1: 0.84, f1: 2.74
epoch: 776, val_loss:3.043448, acc: 15.87, bacc: 10.00, tmp_test_f1: 0.83, f1: 2.74
epoch: 777, val_loss:3.044408, acc: 15.87, bacc: 10.00, tmp_test_f1: 0.83, f1: 2.74
epoch: 778, val_loss:3.044992, acc: 15.87, bacc: 10.00, tmp_test_f1: 0.84, f1: 2.74
epoch: 779, val_loss:3.045517, acc: 15.87, bacc: 10.00, tmp_test_f1: 0.84, f1: 2.74
epoch: 780, val_loss:3.045996, acc: 15.87, bacc: 10.00, tmp_test_f1: 1.07, f1: 2.74
epoch: 781, val_loss:3.046368, acc: 15.87, bacc: 10.00, tmp_test_f1: 1.07, f1: 2.74
epoch: 782, val_loss:3.046489, acc: 15.87, bacc: 10.00, tmp_test_f1: 1.07, f1: 2.74
epoch: 783, val_loss:3.046536, acc: 15.87, bacc: 10.00, tmp_test_f1: 1.09, f1: 2.74
epoch: 784, val_loss:3.046803, acc: 15.87, bacc: 10.00, tmp_test_f1: 1.10, f1: 2.74
epoch: 785, val_loss:3.047119, acc: 15.87, bacc: 10.00, tmp_test_f1: 0.97, f1: 2.74
epoch: 786, val_loss:3.047627, acc: 15.87, bacc: 10.00, tmp_test_f1: 0.89, f1: 2.74
epoch: 787, val_loss:3.048089, acc: 15.87, bacc: 10.00, tmp_test_f1: 0.89, f1: 2.74
epoch: 788, val_loss:3.048738, acc: 15.87, bacc: 10.00, tmp_test_f1: 0.89, f1: 2.74
epoch: 789, val_loss:3.049581, acc: 15.87, bacc: 10.00, tmp_test_f1: 0.89, f1: 2.74
epoch: 790, val_loss:3.050206, acc: 15.87, bacc: 10.00, tmp_test_f1: 0.88, f1: 2.74
epoch: 791, val_loss:3.050905, acc: 15.87, bacc: 10.00, tmp_test_f1: 0.88, f1: 2.74
epoch: 792, val_loss:3.051481, acc: 15.87, bacc: 10.00, tmp_test_f1: 0.87, f1: 2.74
epoch: 793, val_loss:3.052068, acc: 15.87, bacc: 10.00, tmp_test_f1: 0.86, f1: 2.74
epoch: 794, val_loss:3.052537, acc: 15.87, bacc: 10.00, tmp_test_f1: 0.85, f1: 2.74
epoch: 795, val_loss:3.052922, acc: 15.87, bacc: 10.00, tmp_test_f1: 0.72, f1: 2.74
epoch: 796, val_loss:3.053043, acc: 15.87, bacc: 10.00, tmp_test_f1: 0.83, f1: 2.74
epoch: 797, val_loss:3.053128, acc: 15.87, bacc: 10.00, tmp_test_f1: 0.71, f1: 2.74
epoch: 798, val_loss:3.053103, acc: 15.87, bacc: 10.00, tmp_test_f1: 0.71, f1: 2.74
epoch: 799, val_loss:3.053136, acc: 15.87, bacc: 10.00, tmp_test_f1: 0.71, f1: 2.74
epoch: 800, val_loss:3.053005, acc: 15.87, bacc: 10.00, tmp_test_f1: 0.82, f1: 2.74
epoch: 801, val_loss:3.052963, acc: 15.87, bacc: 10.00, tmp_test_f1: 0.83, f1: 2.74
epoch: 802, val_loss:3.052798, acc: 15.87, bacc: 10.00, tmp_test_f1: 1.08, f1: 2.74
epoch: 803, val_loss:3.052500, acc: 15.87, bacc: 10.00, tmp_test_f1: 1.08, f1: 2.74
epoch: 804, val_loss:3.052073, acc: 15.87, bacc: 10.00, tmp_test_f1: 0.94, f1: 2.74
Epoch 00805: reducing learning rate of group 0 to 6.2500e-03.
epoch: 805, val_loss:3.051764, acc: 15.87, bacc: 10.00, tmp_test_f1: 0.91, f1: 2.74
epoch: 806, val_loss:3.051604, acc: 15.87, bacc: 10.00, tmp_test_f1: 0.88, f1: 2.74
epoch: 807, val_loss:3.051436, acc: 15.87, bacc: 10.00, tmp_test_f1: 0.86, f1: 2.74
epoch: 808, val_loss:3.051227, acc: 15.87, bacc: 10.00, tmp_test_f1: 0.88, f1: 2.74
Cheb Amazon-Computers 100 Aug -1 EndEpoch 808 lr 0.1
SHAsplit  0, acc: 15.87, bacc: 10.00, f1: 2.74
