CUDA Device Index: 2
Namespace(IsDirectedData=False, AugDirect=0, net='Cheb', GPUdevice=2, seed=100, undirect_dataset='Amazon-Computers', Direct_dataset='WikipediaNetwork/squirrel', imb_ratio=100, dropout=0.1, num_filter=2, layer=2, alpha=0.1, K=2, feat_dim=64, warmup=5, epoch=1500, lr=0.1, l2=0.0005, tau=2, max=False, no_mask=False, gdc='ppr', heads=8, log_root='../logs/', log_path='test', data_path='../dataset/data/tmp/')
ChebModelBen(
  (conv1): ChebConv(767, 2, K=2, normalization=sym)
  (conv2): ChebConv(2, 2, K=2, normalization=sym)
  (Conv): Conv1d(2, 10, kernel_size=(1,), stride=(1,))
)
test_f1 CountNotImproved reset to 0 in epoch 0
epoch:   0, val_loss:2.375098, acc: 9.47, bacc: 10.00, tmp_test_f1: 1.73, f1: 1.73
epoch:   1, val_loss:2.375449, acc: 9.47, bacc: 10.00, tmp_test_f1: 1.73, f1: 1.73
epoch:   2, val_loss:2.376790, acc: 9.47, bacc: 10.00, tmp_test_f1: 1.73, f1: 1.73
epoch:   3, val_loss:2.379945, acc: 9.47, bacc: 10.00, tmp_test_f1: 1.73, f1: 1.73
epoch:   4, val_loss:2.387068, acc: 9.47, bacc: 10.00, tmp_test_f1: 1.73, f1: 1.73
test_f1 CountNotImproved reset to 0 in epoch 5
epoch:   5, val_loss:2.399500, acc: 15.87, bacc: 10.00, tmp_test_f1: 2.74, f1: 2.74
epoch:   6, val_loss:2.418352, acc: 15.87, bacc: 10.00, tmp_test_f1: 2.74, f1: 2.74
epoch:   7, val_loss:2.444369, acc: 15.87, bacc: 10.00, tmp_test_f1: 2.74, f1: 2.74
epoch:   8, val_loss:2.477683, acc: 15.87, bacc: 10.00, tmp_test_f1: 2.74, f1: 2.74
epoch:   9, val_loss:2.517640, acc: 15.87, bacc: 10.00, tmp_test_f1: 2.74, f1: 2.74
epoch:  10, val_loss:2.562963, acc: 15.87, bacc: 10.00, tmp_test_f1: 2.74, f1: 2.74
epoch:  11, val_loss:2.612117, acc: 15.87, bacc: 10.00, tmp_test_f1: 0.17, f1: 2.74
epoch:  12, val_loss:2.663606, acc: 15.87, bacc: 10.00, tmp_test_f1: 0.17, f1: 2.74
epoch:  13, val_loss:2.716163, acc: 15.87, bacc: 10.00, tmp_test_f1: 0.17, f1: 2.74
epoch:  14, val_loss:2.768819, acc: 15.87, bacc: 10.00, tmp_test_f1: 0.17, f1: 2.74
epoch:  15, val_loss:2.820883, acc: 15.87, bacc: 10.00, tmp_test_f1: 0.17, f1: 2.74
epoch:  16, val_loss:2.871896, acc: 15.87, bacc: 10.00, tmp_test_f1: 0.17, f1: 2.74
epoch:  17, val_loss:2.921566, acc: 15.87, bacc: 10.00, tmp_test_f1: 0.17, f1: 2.74
epoch:  18, val_loss:2.969701, acc: 15.87, bacc: 10.00, tmp_test_f1: 0.17, f1: 2.74
epoch:  19, val_loss:3.016161, acc: 15.87, bacc: 10.00, tmp_test_f1: 0.17, f1: 2.74
epoch:  20, val_loss:3.060819, acc: 15.87, bacc: 10.00, tmp_test_f1: 0.17, f1: 2.74
epoch:  21, val_loss:3.103552, acc: 15.87, bacc: 10.00, tmp_test_f1: 0.17, f1: 2.74
epoch:  22, val_loss:3.144252, acc: 15.87, bacc: 10.00, tmp_test_f1: 0.17, f1: 2.74
epoch:  23, val_loss:3.182843, acc: 15.87, bacc: 10.00, tmp_test_f1: 0.17, f1: 2.74
epoch:  24, val_loss:3.219284, acc: 15.87, bacc: 10.00, tmp_test_f1: 0.17, f1: 2.74
epoch:  25, val_loss:3.253589, acc: 15.87, bacc: 10.00, tmp_test_f1: 0.17, f1: 2.74
epoch:  26, val_loss:3.285819, acc: 15.87, bacc: 10.00, tmp_test_f1: 0.17, f1: 2.74
epoch:  27, val_loss:3.316090, acc: 15.87, bacc: 10.00, tmp_test_f1: 0.17, f1: 2.74
epoch:  28, val_loss:3.344542, acc: 15.87, bacc: 10.00, tmp_test_f1: 0.17, f1: 2.74
epoch:  29, val_loss:3.371330, acc: 15.87, bacc: 10.00, tmp_test_f1: 0.17, f1: 2.74
epoch:  30, val_loss:3.396598, acc: 15.87, bacc: 10.00, tmp_test_f1: 0.17, f1: 2.74
epoch:  31, val_loss:3.420442, acc: 15.87, bacc: 10.00, tmp_test_f1: 0.17, f1: 2.74
epoch:  32, val_loss:3.442919, acc: 15.87, bacc: 10.00, tmp_test_f1: 0.17, f1: 2.74
epoch:  33, val_loss:3.464034, acc: 15.87, bacc: 10.00, tmp_test_f1: 0.17, f1: 2.74
epoch:  34, val_loss:3.483761, acc: 15.87, bacc: 10.00, tmp_test_f1: 0.17, f1: 2.74
epoch:  35, val_loss:3.502087, acc: 15.87, bacc: 10.00, tmp_test_f1: 0.17, f1: 2.74
epoch:  36, val_loss:3.519034, acc: 15.87, bacc: 10.00, tmp_test_f1: 0.17, f1: 2.74
epoch:  37, val_loss:3.534672, acc: 15.87, bacc: 10.00, tmp_test_f1: 0.17, f1: 2.74
epoch:  38, val_loss:3.549126, acc: 15.87, bacc: 10.00, tmp_test_f1: 0.17, f1: 2.74
epoch:  39, val_loss:3.562536, acc: 15.87, bacc: 10.00, tmp_test_f1: 0.17, f1: 2.74
epoch:  40, val_loss:3.575029, acc: 15.87, bacc: 10.00, tmp_test_f1: 0.17, f1: 2.74
epoch:  41, val_loss:3.586689, acc: 15.87, bacc: 10.00, tmp_test_f1: 0.17, f1: 2.74
epoch:  42, val_loss:3.597537, acc: 15.87, bacc: 10.00, tmp_test_f1: 0.17, f1: 2.74
epoch:  43, val_loss:3.607543, acc: 15.87, bacc: 10.00, tmp_test_f1: 0.17, f1: 2.74
epoch:  44, val_loss:3.616654, acc: 15.87, bacc: 10.00, tmp_test_f1: 0.17, f1: 2.74
epoch:  45, val_loss:3.624816, acc: 15.87, bacc: 10.00, tmp_test_f1: 0.17, f1: 2.74
epoch:  46, val_loss:3.632008, acc: 15.87, bacc: 10.00, tmp_test_f1: 0.17, f1: 2.74
epoch:  47, val_loss:3.638248, acc: 15.87, bacc: 10.00, tmp_test_f1: 0.17, f1: 2.74
epoch:  48, val_loss:3.643583, acc: 15.87, bacc: 10.00, tmp_test_f1: 0.17, f1: 2.74
epoch:  49, val_loss:3.648077, acc: 15.87, bacc: 10.00, tmp_test_f1: 0.17, f1: 2.74
epoch:  50, val_loss:3.651791, acc: 15.87, bacc: 10.00, tmp_test_f1: 0.17, f1: 2.74
epoch:  51, val_loss:3.654777, acc: 15.87, bacc: 10.00, tmp_test_f1: 0.17, f1: 2.74
epoch:  52, val_loss:3.657069, acc: 15.87, bacc: 10.00, tmp_test_f1: 0.17, f1: 2.74
epoch:  53, val_loss:3.658707, acc: 15.87, bacc: 10.00, tmp_test_f1: 0.17, f1: 2.74
epoch:  54, val_loss:3.659731, acc: 15.87, bacc: 10.00, tmp_test_f1: 0.17, f1: 2.74
epoch:  55, val_loss:3.660211, acc: 15.87, bacc: 10.00, tmp_test_f1: 0.17, f1: 2.74
epoch:  56, val_loss:3.660231, acc: 15.87, bacc: 10.00, tmp_test_f1: 0.17, f1: 2.74
epoch:  57, val_loss:3.659897, acc: 15.87, bacc: 10.00, tmp_test_f1: 0.17, f1: 2.74
epoch:  58, val_loss:3.659307, acc: 15.87, bacc: 10.00, tmp_test_f1: 0.17, f1: 2.74
epoch:  59, val_loss:3.658542, acc: 15.87, bacc: 10.00, tmp_test_f1: 0.17, f1: 2.74
epoch:  60, val_loss:3.657650, acc: 15.87, bacc: 10.00, tmp_test_f1: 0.17, f1: 2.74
epoch:  61, val_loss:3.656651, acc: 15.87, bacc: 10.00, tmp_test_f1: 0.17, f1: 2.74
epoch:  62, val_loss:3.655533, acc: 15.87, bacc: 10.00, tmp_test_f1: 0.17, f1: 2.74
epoch:  63, val_loss:3.654283, acc: 15.87, bacc: 10.00, tmp_test_f1: 0.17, f1: 2.74
epoch:  64, val_loss:3.652888, acc: 15.87, bacc: 10.00, tmp_test_f1: 0.17, f1: 2.74
epoch:  65, val_loss:3.651357, acc: 15.87, bacc: 10.00, tmp_test_f1: 0.17, f1: 2.74
epoch:  66, val_loss:3.649717, acc: 15.87, bacc: 10.00, tmp_test_f1: 0.17, f1: 2.74
epoch:  67, val_loss:3.648003, acc: 15.87, bacc: 10.00, tmp_test_f1: 0.17, f1: 2.74
epoch:  68, val_loss:3.646248, acc: 15.87, bacc: 10.00, tmp_test_f1: 0.17, f1: 2.74
epoch:  69, val_loss:3.644470, acc: 15.87, bacc: 10.00, tmp_test_f1: 0.17, f1: 2.74
epoch:  70, val_loss:3.642674, acc: 15.87, bacc: 10.00, tmp_test_f1: 0.17, f1: 2.74
epoch:  71, val_loss:3.640839, acc: 15.87, bacc: 10.00, tmp_test_f1: 0.17, f1: 2.74
epoch:  72, val_loss:3.638951, acc: 15.87, bacc: 10.00, tmp_test_f1: 0.17, f1: 2.74
epoch:  73, val_loss:3.636998, acc: 15.87, bacc: 10.00, tmp_test_f1: 0.17, f1: 2.74
epoch:  74, val_loss:3.634976, acc: 15.87, bacc: 10.00, tmp_test_f1: 0.17, f1: 2.74
epoch:  75, val_loss:3.632899, acc: 15.87, bacc: 10.00, tmp_test_f1: 0.17, f1: 2.74
epoch:  76, val_loss:3.630770, acc: 15.87, bacc: 10.00, tmp_test_f1: 0.17, f1: 2.74
epoch:  77, val_loss:3.628596, acc: 15.87, bacc: 10.00, tmp_test_f1: 0.17, f1: 2.74
epoch:  78, val_loss:3.626380, acc: 15.87, bacc: 10.00, tmp_test_f1: 0.17, f1: 2.74
epoch:  79, val_loss:3.624114, acc: 15.87, bacc: 10.00, tmp_test_f1: 0.17, f1: 2.74
epoch:  80, val_loss:3.621798, acc: 15.87, bacc: 10.00, tmp_test_f1: 0.17, f1: 2.74
epoch:  81, val_loss:3.619439, acc: 15.87, bacc: 10.00, tmp_test_f1: 0.17, f1: 2.74
epoch:  82, val_loss:3.617059, acc: 15.87, bacc: 10.00, tmp_test_f1: 0.17, f1: 2.74
epoch:  83, val_loss:3.614694, acc: 15.87, bacc: 10.00, tmp_test_f1: 0.17, f1: 2.74
epoch:  84, val_loss:3.612374, acc: 15.87, bacc: 10.00, tmp_test_f1: 0.17, f1: 2.74
epoch:  85, val_loss:3.610129, acc: 15.87, bacc: 10.00, tmp_test_f1: 0.17, f1: 2.74
epoch:  86, val_loss:3.607969, acc: 15.87, bacc: 10.00, tmp_test_f1: 0.17, f1: 2.74
epoch:  87, val_loss:3.605899, acc: 15.87, bacc: 10.00, tmp_test_f1: 0.17, f1: 2.74
epoch:  88, val_loss:3.603908, acc: 15.87, bacc: 10.00, tmp_test_f1: 0.17, f1: 2.74
epoch:  89, val_loss:3.601992, acc: 15.87, bacc: 10.00, tmp_test_f1: 0.17, f1: 2.74
epoch:  90, val_loss:3.600140, acc: 15.87, bacc: 10.00, tmp_test_f1: 0.17, f1: 2.74
epoch:  91, val_loss:3.598358, acc: 15.87, bacc: 10.00, tmp_test_f1: 0.17, f1: 2.74
epoch:  92, val_loss:3.596652, acc: 15.87, bacc: 10.00, tmp_test_f1: 0.17, f1: 2.74
epoch:  93, val_loss:3.595029, acc: 15.87, bacc: 10.00, tmp_test_f1: 0.17, f1: 2.74
epoch:  94, val_loss:3.593488, acc: 15.87, bacc: 10.00, tmp_test_f1: 0.17, f1: 2.74
epoch:  95, val_loss:3.592026, acc: 15.87, bacc: 10.00, tmp_test_f1: 0.17, f1: 2.74
epoch:  96, val_loss:3.590636, acc: 15.87, bacc: 10.00, tmp_test_f1: 0.17, f1: 2.74
epoch:  97, val_loss:3.589307, acc: 15.87, bacc: 10.00, tmp_test_f1: 0.17, f1: 2.74
epoch:  98, val_loss:3.588037, acc: 15.87, bacc: 10.00, tmp_test_f1: 0.17, f1: 2.74
epoch:  99, val_loss:3.586825, acc: 15.87, bacc: 10.00, tmp_test_f1: 0.17, f1: 2.74
epoch: 100, val_loss:3.585673, acc: 15.87, bacc: 10.00, tmp_test_f1: 0.17, f1: 2.74
epoch: 101, val_loss:3.584577, acc: 15.87, bacc: 10.00, tmp_test_f1: 0.17, f1: 2.74
epoch: 102, val_loss:3.583533, acc: 15.87, bacc: 10.00, tmp_test_f1: 0.17, f1: 2.74
epoch: 103, val_loss:3.582538, acc: 15.87, bacc: 10.00, tmp_test_f1: 0.17, f1: 2.74
epoch: 104, val_loss:3.581578, acc: 15.87, bacc: 10.00, tmp_test_f1: 0.17, f1: 2.74
epoch: 105, val_loss:3.580656, acc: 15.87, bacc: 10.00, tmp_test_f1: 0.17, f1: 2.74
epoch: 106, val_loss:3.579773, acc: 15.87, bacc: 10.00, tmp_test_f1: 0.17, f1: 2.74
epoch: 107, val_loss:3.578937, acc: 15.87, bacc: 10.00, tmp_test_f1: 0.17, f1: 2.74
epoch: 108, val_loss:3.578156, acc: 15.87, bacc: 10.00, tmp_test_f1: 0.17, f1: 2.74
epoch: 109, val_loss:3.577441, acc: 15.87, bacc: 10.00, tmp_test_f1: 0.17, f1: 2.74
epoch: 110, val_loss:3.576788, acc: 15.87, bacc: 10.00, tmp_test_f1: 0.17, f1: 2.74
epoch: 111, val_loss:3.576200, acc: 15.87, bacc: 10.00, tmp_test_f1: 0.17, f1: 2.74
epoch: 112, val_loss:3.575668, acc: 15.87, bacc: 10.00, tmp_test_f1: 0.17, f1: 2.74
epoch: 113, val_loss:3.575187, acc: 15.87, bacc: 10.00, tmp_test_f1: 0.17, f1: 2.74
epoch: 114, val_loss:3.574760, acc: 15.87, bacc: 10.00, tmp_test_f1: 0.17, f1: 2.74
epoch: 115, val_loss:3.574382, acc: 15.87, bacc: 10.00, tmp_test_f1: 0.17, f1: 2.74
epoch: 116, val_loss:3.574053, acc: 15.87, bacc: 10.00, tmp_test_f1: 0.17, f1: 2.74
epoch: 117, val_loss:3.573771, acc: 15.87, bacc: 10.00, tmp_test_f1: 0.17, f1: 2.74
epoch: 118, val_loss:3.573532, acc: 15.87, bacc: 10.00, tmp_test_f1: 0.17, f1: 2.74
epoch: 119, val_loss:3.573331, acc: 15.87, bacc: 10.00, tmp_test_f1: 0.17, f1: 2.74
epoch: 120, val_loss:3.573164, acc: 15.87, bacc: 10.00, tmp_test_f1: 0.17, f1: 2.74
epoch: 121, val_loss:3.573027, acc: 15.87, bacc: 10.00, tmp_test_f1: 0.17, f1: 2.74
epoch: 122, val_loss:3.572918, acc: 15.87, bacc: 10.00, tmp_test_f1: 0.17, f1: 2.74
epoch: 123, val_loss:3.572838, acc: 15.87, bacc: 10.00, tmp_test_f1: 0.17, f1: 2.74
epoch: 124, val_loss:3.572784, acc: 15.87, bacc: 10.00, tmp_test_f1: 0.17, f1: 2.74
epoch: 125, val_loss:3.572749, acc: 15.87, bacc: 10.00, tmp_test_f1: 0.17, f1: 2.74
epoch: 126, val_loss:3.572734, acc: 15.87, bacc: 10.00, tmp_test_f1: 0.17, f1: 2.74
epoch: 127, val_loss:3.572729, acc: 15.87, bacc: 10.00, tmp_test_f1: 0.17, f1: 2.74
epoch: 128, val_loss:3.572738, acc: 15.87, bacc: 10.00, tmp_test_f1: 0.17, f1: 2.74
epoch: 129, val_loss:3.572756, acc: 15.87, bacc: 10.00, tmp_test_f1: 0.17, f1: 2.74
epoch: 130, val_loss:3.572788, acc: 15.87, bacc: 10.00, tmp_test_f1: 0.17, f1: 2.74
epoch: 131, val_loss:3.572837, acc: 15.87, bacc: 10.00, tmp_test_f1: 0.17, f1: 2.74
epoch: 132, val_loss:3.572899, acc: 15.87, bacc: 10.00, tmp_test_f1: 0.17, f1: 2.74
epoch: 133, val_loss:3.572977, acc: 15.87, bacc: 10.00, tmp_test_f1: 0.17, f1: 2.74
epoch: 134, val_loss:3.573069, acc: 15.87, bacc: 10.00, tmp_test_f1: 0.17, f1: 2.74
epoch: 135, val_loss:3.573176, acc: 15.87, bacc: 10.00, tmp_test_f1: 0.17, f1: 2.74
epoch: 136, val_loss:3.573291, acc: 15.87, bacc: 10.00, tmp_test_f1: 0.17, f1: 2.74
epoch: 137, val_loss:3.573416, acc: 15.87, bacc: 10.00, tmp_test_f1: 0.17, f1: 2.74
epoch: 138, val_loss:3.573552, acc: 15.87, bacc: 10.00, tmp_test_f1: 0.17, f1: 2.74
epoch: 139, val_loss:3.573694, acc: 15.87, bacc: 10.00, tmp_test_f1: 0.17, f1: 2.74
epoch: 140, val_loss:3.573844, acc: 15.87, bacc: 10.00, tmp_test_f1: 0.17, f1: 2.74
epoch: 141, val_loss:3.573998, acc: 15.87, bacc: 10.00, tmp_test_f1: 0.17, f1: 2.74
epoch: 142, val_loss:3.574155, acc: 15.87, bacc: 10.00, tmp_test_f1: 0.17, f1: 2.74
epoch: 143, val_loss:3.574311, acc: 15.87, bacc: 10.00, tmp_test_f1: 0.17, f1: 2.74
epoch: 144, val_loss:3.574470, acc: 15.87, bacc: 10.00, tmp_test_f1: 0.17, f1: 2.74
epoch: 145, val_loss:3.574629, acc: 15.87, bacc: 10.00, tmp_test_f1: 0.17, f1: 2.74
epoch: 146, val_loss:3.574787, acc: 15.87, bacc: 10.00, tmp_test_f1: 0.17, f1: 2.74
epoch: 147, val_loss:3.574944, acc: 15.87, bacc: 10.00, tmp_test_f1: 0.17, f1: 2.74
epoch: 148, val_loss:3.575097, acc: 15.87, bacc: 10.00, tmp_test_f1: 0.17, f1: 2.74
epoch: 149, val_loss:3.575242, acc: 15.87, bacc: 10.00, tmp_test_f1: 0.17, f1: 2.74
epoch: 150, val_loss:3.575385, acc: 15.87, bacc: 10.00, tmp_test_f1: 0.17, f1: 2.74
epoch: 151, val_loss:3.575524, acc: 15.87, bacc: 10.00, tmp_test_f1: 0.17, f1: 2.74
epoch: 152, val_loss:3.575655, acc: 15.87, bacc: 10.00, tmp_test_f1: 0.17, f1: 2.74
epoch: 153, val_loss:3.575787, acc: 15.87, bacc: 10.00, tmp_test_f1: 0.17, f1: 2.74
epoch: 154, val_loss:3.575912, acc: 15.87, bacc: 10.00, tmp_test_f1: 0.17, f1: 2.74
epoch: 155, val_loss:3.576038, acc: 15.87, bacc: 10.00, tmp_test_f1: 0.17, f1: 2.74
epoch: 156, val_loss:3.576160, acc: 15.87, bacc: 10.00, tmp_test_f1: 0.17, f1: 2.74
epoch: 157, val_loss:3.576278, acc: 15.87, bacc: 10.00, tmp_test_f1: 0.17, f1: 2.74
epoch: 158, val_loss:3.576396, acc: 15.87, bacc: 10.00, tmp_test_f1: 0.17, f1: 2.74
epoch: 159, val_loss:3.576508, acc: 15.87, bacc: 10.00, tmp_test_f1: 0.17, f1: 2.74
epoch: 160, val_loss:3.576618, acc: 15.87, bacc: 10.00, tmp_test_f1: 0.17, f1: 2.74
epoch: 161, val_loss:3.576725, acc: 15.87, bacc: 10.00, tmp_test_f1: 0.17, f1: 2.74
epoch: 162, val_loss:3.576829, acc: 15.87, bacc: 10.00, tmp_test_f1: 0.17, f1: 2.74
epoch: 163, val_loss:3.576930, acc: 15.87, bacc: 10.00, tmp_test_f1: 0.17, f1: 2.74
epoch: 164, val_loss:3.577023, acc: 15.87, bacc: 10.00, tmp_test_f1: 0.17, f1: 2.74
epoch: 165, val_loss:3.577114, acc: 15.87, bacc: 10.00, tmp_test_f1: 0.17, f1: 2.74
epoch: 166, val_loss:3.577203, acc: 15.87, bacc: 10.00, tmp_test_f1: 0.17, f1: 2.74
epoch: 167, val_loss:3.577288, acc: 15.87, bacc: 10.00, tmp_test_f1: 0.17, f1: 2.74
epoch: 168, val_loss:3.577366, acc: 15.87, bacc: 10.00, tmp_test_f1: 0.17, f1: 2.74
epoch: 169, val_loss:3.577441, acc: 15.87, bacc: 10.00, tmp_test_f1: 0.17, f1: 2.74
epoch: 170, val_loss:3.577511, acc: 15.87, bacc: 10.00, tmp_test_f1: 0.17, f1: 2.74
epoch: 171, val_loss:3.577576, acc: 15.87, bacc: 10.00, tmp_test_f1: 0.17, f1: 2.74
epoch: 172, val_loss:3.577637, acc: 15.87, bacc: 10.00, tmp_test_f1: 0.17, f1: 2.74
epoch: 173, val_loss:3.577694, acc: 15.87, bacc: 10.00, tmp_test_f1: 0.17, f1: 2.74
epoch: 174, val_loss:3.577748, acc: 15.87, bacc: 10.00, tmp_test_f1: 0.17, f1: 2.74
epoch: 175, val_loss:3.577799, acc: 15.87, bacc: 10.00, tmp_test_f1: 0.17, f1: 2.74
epoch: 176, val_loss:3.577848, acc: 15.87, bacc: 10.00, tmp_test_f1: 0.17, f1: 2.74
epoch: 177, val_loss:3.577893, acc: 15.87, bacc: 10.00, tmp_test_f1: 0.17, f1: 2.74
epoch: 178, val_loss:3.577935, acc: 15.87, bacc: 10.00, tmp_test_f1: 0.17, f1: 2.74
epoch: 179, val_loss:3.577978, acc: 15.87, bacc: 10.00, tmp_test_f1: 0.17, f1: 2.74
epoch: 180, val_loss:3.578017, acc: 15.87, bacc: 10.00, tmp_test_f1: 0.17, f1: 2.74
epoch: 181, val_loss:3.578054, acc: 15.87, bacc: 10.00, tmp_test_f1: 0.17, f1: 2.74
epoch: 182, val_loss:3.578091, acc: 15.87, bacc: 10.00, tmp_test_f1: 0.17, f1: 2.74
epoch: 183, val_loss:3.578126, acc: 15.87, bacc: 10.00, tmp_test_f1: 0.17, f1: 2.74
epoch: 184, val_loss:3.578158, acc: 15.87, bacc: 10.00, tmp_test_f1: 0.17, f1: 2.74
epoch: 185, val_loss:3.578190, acc: 15.87, bacc: 10.00, tmp_test_f1: 0.17, f1: 2.74
epoch: 186, val_loss:3.578218, acc: 15.87, bacc: 10.00, tmp_test_f1: 0.17, f1: 2.74
epoch: 187, val_loss:3.578246, acc: 15.87, bacc: 10.00, tmp_test_f1: 0.17, f1: 2.74
epoch: 188, val_loss:3.578274, acc: 15.87, bacc: 10.00, tmp_test_f1: 0.17, f1: 2.74
epoch: 189, val_loss:3.578299, acc: 15.87, bacc: 10.00, tmp_test_f1: 0.17, f1: 2.74
epoch: 190, val_loss:3.578322, acc: 15.87, bacc: 10.00, tmp_test_f1: 0.17, f1: 2.74
epoch: 191, val_loss:3.578345, acc: 15.87, bacc: 10.00, tmp_test_f1: 0.17, f1: 2.74
epoch: 192, val_loss:3.578366, acc: 15.87, bacc: 10.00, tmp_test_f1: 0.17, f1: 2.74
epoch: 193, val_loss:3.578385, acc: 15.87, bacc: 10.00, tmp_test_f1: 0.17, f1: 2.74
epoch: 194, val_loss:3.578405, acc: 15.87, bacc: 10.00, tmp_test_f1: 0.17, f1: 2.74
epoch: 195, val_loss:3.578423, acc: 15.87, bacc: 10.00, tmp_test_f1: 0.17, f1: 2.74
epoch: 196, val_loss:3.578439, acc: 15.87, bacc: 10.00, tmp_test_f1: 0.17, f1: 2.74
epoch: 197, val_loss:3.578456, acc: 15.87, bacc: 10.00, tmp_test_f1: 0.17, f1: 2.74
epoch: 198, val_loss:3.578473, acc: 15.87, bacc: 10.00, tmp_test_f1: 0.17, f1: 2.74
epoch: 199, val_loss:3.578490, acc: 15.87, bacc: 10.00, tmp_test_f1: 0.17, f1: 2.74
epoch: 200, val_loss:3.578506, acc: 15.87, bacc: 10.00, tmp_test_f1: 0.17, f1: 2.74
Epoch 00201: reducing learning rate of group 0 to 5.0000e-02.
epoch: 201, val_loss:3.578520, acc: 15.87, bacc: 10.00, tmp_test_f1: 0.17, f1: 2.74
epoch: 202, val_loss:3.578536, acc: 15.87, bacc: 10.00, tmp_test_f1: 0.17, f1: 2.74
epoch: 203, val_loss:3.578543, acc: 15.87, bacc: 10.00, tmp_test_f1: 0.17, f1: 2.74
epoch: 204, val_loss:3.578552, acc: 15.87, bacc: 10.00, tmp_test_f1: 0.17, f1: 2.74
epoch: 205, val_loss:3.578557, acc: 15.87, bacc: 10.00, tmp_test_f1: 0.17, f1: 2.74
epoch: 206, val_loss:3.578567, acc: 15.87, bacc: 10.00, tmp_test_f1: 0.17, f1: 2.74
epoch: 207, val_loss:3.578573, acc: 15.87, bacc: 10.00, tmp_test_f1: 0.17, f1: 2.74
epoch: 208, val_loss:3.578582, acc: 15.87, bacc: 10.00, tmp_test_f1: 0.17, f1: 2.74
epoch: 209, val_loss:3.578588, acc: 15.87, bacc: 10.00, tmp_test_f1: 0.17, f1: 2.74
epoch: 210, val_loss:3.578594, acc: 15.87, bacc: 10.00, tmp_test_f1: 0.17, f1: 2.74
epoch: 211, val_loss:3.578603, acc: 15.87, bacc: 10.00, tmp_test_f1: 0.17, f1: 2.74
epoch: 212, val_loss:3.578610, acc: 15.87, bacc: 10.00, tmp_test_f1: 0.17, f1: 2.74
epoch: 213, val_loss:3.578618, acc: 15.87, bacc: 10.00, tmp_test_f1: 0.17, f1: 2.74
epoch: 214, val_loss:3.578625, acc: 15.87, bacc: 10.00, tmp_test_f1: 0.17, f1: 2.74
epoch: 215, val_loss:3.578631, acc: 15.87, bacc: 10.00, tmp_test_f1: 0.17, f1: 2.74
epoch: 216, val_loss:3.578637, acc: 15.87, bacc: 10.00, tmp_test_f1: 0.17, f1: 2.74
epoch: 217, val_loss:3.578643, acc: 15.87, bacc: 10.00, tmp_test_f1: 0.17, f1: 2.74
epoch: 218, val_loss:3.578650, acc: 15.87, bacc: 10.00, tmp_test_f1: 0.17, f1: 2.74
epoch: 219, val_loss:3.578656, acc: 15.87, bacc: 10.00, tmp_test_f1: 0.17, f1: 2.74
epoch: 220, val_loss:3.578663, acc: 15.87, bacc: 10.00, tmp_test_f1: 0.17, f1: 2.74
epoch: 221, val_loss:3.578671, acc: 15.87, bacc: 10.00, tmp_test_f1: 0.17, f1: 2.74
epoch: 222, val_loss:3.578678, acc: 15.87, bacc: 10.00, tmp_test_f1: 0.17, f1: 2.74
epoch: 223, val_loss:3.578685, acc: 15.87, bacc: 10.00, tmp_test_f1: 0.17, f1: 2.74
epoch: 224, val_loss:3.578690, acc: 15.87, bacc: 10.00, tmp_test_f1: 0.17, f1: 2.74
epoch: 225, val_loss:3.578696, acc: 15.87, bacc: 10.00, tmp_test_f1: 0.17, f1: 2.74
epoch: 226, val_loss:3.578702, acc: 15.87, bacc: 10.00, tmp_test_f1: 0.17, f1: 2.74
epoch: 227, val_loss:3.578710, acc: 15.87, bacc: 10.00, tmp_test_f1: 0.17, f1: 2.74
epoch: 228, val_loss:3.578716, acc: 15.87, bacc: 10.00, tmp_test_f1: 0.17, f1: 2.74
epoch: 229, val_loss:3.578723, acc: 15.87, bacc: 10.00, tmp_test_f1: 0.17, f1: 2.74
epoch: 230, val_loss:3.578730, acc: 15.87, bacc: 10.00, tmp_test_f1: 0.17, f1: 2.74
epoch: 231, val_loss:3.578737, acc: 15.87, bacc: 10.00, tmp_test_f1: 0.17, f1: 2.74
epoch: 232, val_loss:3.578742, acc: 15.87, bacc: 10.00, tmp_test_f1: 0.17, f1: 2.74
epoch: 233, val_loss:3.578750, acc: 15.87, bacc: 10.00, tmp_test_f1: 0.17, f1: 2.74
epoch: 234, val_loss:3.578755, acc: 15.87, bacc: 10.00, tmp_test_f1: 0.17, f1: 2.74
epoch: 235, val_loss:3.578763, acc: 15.87, bacc: 10.00, tmp_test_f1: 0.17, f1: 2.74
epoch: 236, val_loss:3.578769, acc: 15.87, bacc: 10.00, tmp_test_f1: 0.17, f1: 2.74
epoch: 237, val_loss:3.578776, acc: 15.87, bacc: 10.00, tmp_test_f1: 0.17, f1: 2.74
epoch: 238, val_loss:3.578781, acc: 15.87, bacc: 10.00, tmp_test_f1: 0.17, f1: 2.74
epoch: 239, val_loss:3.578790, acc: 15.87, bacc: 10.00, tmp_test_f1: 0.17, f1: 2.74
epoch: 240, val_loss:3.578796, acc: 15.87, bacc: 10.00, tmp_test_f1: 0.17, f1: 2.74
epoch: 241, val_loss:3.578803, acc: 15.87, bacc: 10.00, tmp_test_f1: 0.17, f1: 2.74
epoch: 242, val_loss:3.578808, acc: 15.87, bacc: 10.00, tmp_test_f1: 0.17, f1: 2.74
epoch: 243, val_loss:3.578815, acc: 15.87, bacc: 10.00, tmp_test_f1: 0.17, f1: 2.74
epoch: 244, val_loss:3.578824, acc: 15.87, bacc: 10.00, tmp_test_f1: 0.17, f1: 2.74
epoch: 245, val_loss:3.578829, acc: 15.87, bacc: 10.00, tmp_test_f1: 0.17, f1: 2.74
epoch: 246, val_loss:3.578835, acc: 15.87, bacc: 10.00, tmp_test_f1: 0.17, f1: 2.74
epoch: 247, val_loss:3.578842, acc: 15.87, bacc: 10.00, tmp_test_f1: 0.17, f1: 2.74
epoch: 248, val_loss:3.578848, acc: 15.87, bacc: 10.00, tmp_test_f1: 0.17, f1: 2.74
epoch: 249, val_loss:3.578856, acc: 15.87, bacc: 10.00, tmp_test_f1: 0.17, f1: 2.74
epoch: 250, val_loss:3.578861, acc: 15.87, bacc: 10.00, tmp_test_f1: 0.17, f1: 2.74
epoch: 251, val_loss:3.578868, acc: 15.87, bacc: 10.00, tmp_test_f1: 0.17, f1: 2.74
epoch: 252, val_loss:3.578872, acc: 15.87, bacc: 10.00, tmp_test_f1: 0.17, f1: 2.74
epoch: 253, val_loss:3.578880, acc: 15.87, bacc: 10.00, tmp_test_f1: 0.17, f1: 2.74
epoch: 254, val_loss:3.578886, acc: 15.87, bacc: 10.00, tmp_test_f1: 0.17, f1: 2.74
epoch: 255, val_loss:3.578892, acc: 15.87, bacc: 10.00, tmp_test_f1: 0.17, f1: 2.74
epoch: 256, val_loss:3.578901, acc: 15.87, bacc: 10.00, tmp_test_f1: 0.17, f1: 2.74
epoch: 257, val_loss:3.578906, acc: 15.87, bacc: 10.00, tmp_test_f1: 0.17, f1: 2.74
epoch: 258, val_loss:3.578913, acc: 15.87, bacc: 10.00, tmp_test_f1: 0.17, f1: 2.74
epoch: 259, val_loss:3.578918, acc: 15.87, bacc: 10.00, tmp_test_f1: 0.17, f1: 2.74
epoch: 260, val_loss:3.578923, acc: 15.87, bacc: 10.00, tmp_test_f1: 0.17, f1: 2.74
epoch: 261, val_loss:3.578931, acc: 15.87, bacc: 10.00, tmp_test_f1: 0.17, f1: 2.74
epoch: 262, val_loss:3.578937, acc: 15.87, bacc: 10.00, tmp_test_f1: 0.17, f1: 2.74
epoch: 263, val_loss:3.578942, acc: 15.87, bacc: 10.00, tmp_test_f1: 0.17, f1: 2.74
epoch: 264, val_loss:3.578951, acc: 15.87, bacc: 10.00, tmp_test_f1: 0.17, f1: 2.74
epoch: 265, val_loss:3.578957, acc: 15.87, bacc: 10.00, tmp_test_f1: 0.17, f1: 2.74
epoch: 266, val_loss:3.578961, acc: 15.87, bacc: 10.00, tmp_test_f1: 0.17, f1: 2.74
epoch: 267, val_loss:3.578967, acc: 15.87, bacc: 10.00, tmp_test_f1: 0.17, f1: 2.74
epoch: 268, val_loss:3.578974, acc: 15.87, bacc: 10.00, tmp_test_f1: 0.17, f1: 2.74
epoch: 269, val_loss:3.578980, acc: 15.87, bacc: 10.00, tmp_test_f1: 0.17, f1: 2.74
epoch: 270, val_loss:3.578986, acc: 15.87, bacc: 10.00, tmp_test_f1: 0.17, f1: 2.74
epoch: 271, val_loss:3.578994, acc: 15.87, bacc: 10.00, tmp_test_f1: 0.17, f1: 2.74
epoch: 272, val_loss:3.578998, acc: 15.87, bacc: 10.00, tmp_test_f1: 0.17, f1: 2.74
epoch: 273, val_loss:3.579004, acc: 15.87, bacc: 10.00, tmp_test_f1: 0.17, f1: 2.74
epoch: 274, val_loss:3.579010, acc: 15.87, bacc: 10.00, tmp_test_f1: 0.17, f1: 2.74
epoch: 275, val_loss:3.579017, acc: 15.87, bacc: 10.00, tmp_test_f1: 0.17, f1: 2.74
epoch: 276, val_loss:3.579022, acc: 15.87, bacc: 10.00, tmp_test_f1: 0.17, f1: 2.74
epoch: 277, val_loss:3.579029, acc: 15.87, bacc: 10.00, tmp_test_f1: 0.17, f1: 2.74
epoch: 278, val_loss:3.579033, acc: 15.87, bacc: 10.00, tmp_test_f1: 0.17, f1: 2.74
epoch: 279, val_loss:3.579040, acc: 15.87, bacc: 10.00, tmp_test_f1: 0.17, f1: 2.74
epoch: 280, val_loss:3.579047, acc: 15.87, bacc: 10.00, tmp_test_f1: 0.17, f1: 2.74
epoch: 281, val_loss:3.579052, acc: 15.87, bacc: 10.00, tmp_test_f1: 0.17, f1: 2.74
epoch: 282, val_loss:3.579058, acc: 15.87, bacc: 10.00, tmp_test_f1: 0.17, f1: 2.74
epoch: 283, val_loss:3.579064, acc: 15.87, bacc: 10.00, tmp_test_f1: 0.17, f1: 2.74
epoch: 284, val_loss:3.579069, acc: 15.87, bacc: 10.00, tmp_test_f1: 0.17, f1: 2.74
epoch: 285, val_loss:3.579076, acc: 15.87, bacc: 10.00, tmp_test_f1: 0.17, f1: 2.74
epoch: 286, val_loss:3.579080, acc: 15.87, bacc: 10.00, tmp_test_f1: 0.17, f1: 2.74
epoch: 287, val_loss:3.579086, acc: 15.87, bacc: 10.00, tmp_test_f1: 0.17, f1: 2.74
epoch: 288, val_loss:3.579092, acc: 15.87, bacc: 10.00, tmp_test_f1: 0.17, f1: 2.74
epoch: 289, val_loss:3.579098, acc: 15.87, bacc: 10.00, tmp_test_f1: 0.17, f1: 2.74
epoch: 290, val_loss:3.579104, acc: 15.87, bacc: 10.00, tmp_test_f1: 0.17, f1: 2.74
epoch: 291, val_loss:3.579110, acc: 15.87, bacc: 10.00, tmp_test_f1: 0.17, f1: 2.74
epoch: 292, val_loss:3.579115, acc: 15.87, bacc: 10.00, tmp_test_f1: 0.17, f1: 2.74
epoch: 293, val_loss:3.579119, acc: 15.87, bacc: 10.00, tmp_test_f1: 0.17, f1: 2.74
epoch: 294, val_loss:3.579125, acc: 15.87, bacc: 10.00, tmp_test_f1: 0.17, f1: 2.74
epoch: 295, val_loss:3.579133, acc: 15.87, bacc: 10.00, tmp_test_f1: 0.17, f1: 2.74
epoch: 296, val_loss:3.579138, acc: 15.87, bacc: 10.00, tmp_test_f1: 0.17, f1: 2.74
epoch: 297, val_loss:3.579143, acc: 15.87, bacc: 10.00, tmp_test_f1: 0.17, f1: 2.74
epoch: 298, val_loss:3.579149, acc: 15.87, bacc: 10.00, tmp_test_f1: 0.17, f1: 2.74
epoch: 299, val_loss:3.579156, acc: 15.87, bacc: 10.00, tmp_test_f1: 0.17, f1: 2.74
epoch: 300, val_loss:3.579158, acc: 15.87, bacc: 10.00, tmp_test_f1: 0.17, f1: 2.74
epoch: 301, val_loss:3.579164, acc: 15.87, bacc: 10.00, tmp_test_f1: 0.17, f1: 2.74
epoch: 302, val_loss:3.579169, acc: 15.87, bacc: 10.00, tmp_test_f1: 0.17, f1: 2.74
epoch: 303, val_loss:3.579176, acc: 15.87, bacc: 10.00, tmp_test_f1: 0.17, f1: 2.74
epoch: 304, val_loss:3.579182, acc: 15.87, bacc: 10.00, tmp_test_f1: 0.17, f1: 2.74
epoch: 305, val_loss:3.579188, acc: 15.87, bacc: 10.00, tmp_test_f1: 0.17, f1: 2.74
epoch: 306, val_loss:3.579192, acc: 15.87, bacc: 10.00, tmp_test_f1: 0.17, f1: 2.74
epoch: 307, val_loss:3.579197, acc: 15.87, bacc: 10.00, tmp_test_f1: 0.17, f1: 2.74
epoch: 308, val_loss:3.579203, acc: 15.87, bacc: 10.00, tmp_test_f1: 0.17, f1: 2.74
epoch: 309, val_loss:3.579207, acc: 15.87, bacc: 10.00, tmp_test_f1: 0.17, f1: 2.74
epoch: 310, val_loss:3.579213, acc: 15.87, bacc: 10.00, tmp_test_f1: 0.17, f1: 2.74
epoch: 311, val_loss:3.579221, acc: 15.87, bacc: 10.00, tmp_test_f1: 0.17, f1: 2.74
epoch: 312, val_loss:3.579226, acc: 15.87, bacc: 10.00, tmp_test_f1: 0.17, f1: 2.74
epoch: 313, val_loss:3.579231, acc: 15.87, bacc: 10.00, tmp_test_f1: 0.17, f1: 2.74
epoch: 314, val_loss:3.579233, acc: 15.87, bacc: 10.00, tmp_test_f1: 0.17, f1: 2.74
epoch: 315, val_loss:3.579240, acc: 15.87, bacc: 10.00, tmp_test_f1: 0.17, f1: 2.74
epoch: 316, val_loss:3.579245, acc: 15.87, bacc: 10.00, tmp_test_f1: 0.17, f1: 2.74
epoch: 317, val_loss:3.579251, acc: 15.87, bacc: 10.00, tmp_test_f1: 0.17, f1: 2.74
epoch: 318, val_loss:3.579256, acc: 15.87, bacc: 10.00, tmp_test_f1: 0.17, f1: 2.74
epoch: 319, val_loss:3.579263, acc: 15.87, bacc: 10.00, tmp_test_f1: 0.17, f1: 2.74
epoch: 320, val_loss:3.579268, acc: 15.87, bacc: 10.00, tmp_test_f1: 0.17, f1: 2.74
epoch: 321, val_loss:3.579272, acc: 15.87, bacc: 10.00, tmp_test_f1: 0.17, f1: 2.74
epoch: 322, val_loss:3.579277, acc: 15.87, bacc: 10.00, tmp_test_f1: 0.17, f1: 2.74
epoch: 323, val_loss:3.579282, acc: 15.87, bacc: 10.00, tmp_test_f1: 0.17, f1: 2.74
epoch: 324, val_loss:3.579288, acc: 15.87, bacc: 10.00, tmp_test_f1: 0.17, f1: 2.74
epoch: 325, val_loss:3.579292, acc: 15.87, bacc: 10.00, tmp_test_f1: 0.17, f1: 2.74
epoch: 326, val_loss:3.579298, acc: 15.87, bacc: 10.00, tmp_test_f1: 0.17, f1: 2.74
epoch: 327, val_loss:3.579305, acc: 15.87, bacc: 10.00, tmp_test_f1: 0.17, f1: 2.74
epoch: 328, val_loss:3.579308, acc: 15.87, bacc: 10.00, tmp_test_f1: 0.17, f1: 2.74
epoch: 329, val_loss:3.579313, acc: 15.87, bacc: 10.00, tmp_test_f1: 0.17, f1: 2.74
epoch: 330, val_loss:3.579319, acc: 15.87, bacc: 10.00, tmp_test_f1: 0.17, f1: 2.74
epoch: 331, val_loss:3.579323, acc: 15.87, bacc: 10.00, tmp_test_f1: 0.17, f1: 2.74
epoch: 332, val_loss:3.579328, acc: 15.87, bacc: 10.00, tmp_test_f1: 0.17, f1: 2.74
epoch: 333, val_loss:3.579333, acc: 15.87, bacc: 10.00, tmp_test_f1: 0.17, f1: 2.74
epoch: 334, val_loss:3.579339, acc: 15.87, bacc: 10.00, tmp_test_f1: 0.17, f1: 2.74
epoch: 335, val_loss:3.579345, acc: 15.87, bacc: 10.00, tmp_test_f1: 0.17, f1: 2.74
epoch: 336, val_loss:3.579349, acc: 15.87, bacc: 10.00, tmp_test_f1: 0.17, f1: 2.74
epoch: 337, val_loss:3.579354, acc: 15.87, bacc: 10.00, tmp_test_f1: 0.17, f1: 2.74
epoch: 338, val_loss:3.579360, acc: 15.87, bacc: 10.00, tmp_test_f1: 0.17, f1: 2.74
epoch: 339, val_loss:3.579365, acc: 15.87, bacc: 10.00, tmp_test_f1: 0.17, f1: 2.74
epoch: 340, val_loss:3.579369, acc: 15.87, bacc: 10.00, tmp_test_f1: 0.17, f1: 2.74
epoch: 341, val_loss:3.579374, acc: 15.87, bacc: 10.00, tmp_test_f1: 0.17, f1: 2.74
epoch: 342, val_loss:3.579380, acc: 15.87, bacc: 10.00, tmp_test_f1: 0.17, f1: 2.74
epoch: 343, val_loss:3.579384, acc: 15.87, bacc: 10.00, tmp_test_f1: 0.17, f1: 2.74
epoch: 344, val_loss:3.579388, acc: 15.87, bacc: 10.00, tmp_test_f1: 0.17, f1: 2.74
epoch: 345, val_loss:3.579394, acc: 15.87, bacc: 10.00, tmp_test_f1: 0.17, f1: 2.74
epoch: 346, val_loss:3.579400, acc: 15.87, bacc: 10.00, tmp_test_f1: 0.17, f1: 2.74
epoch: 347, val_loss:3.579405, acc: 15.87, bacc: 10.00, tmp_test_f1: 0.17, f1: 2.74
epoch: 348, val_loss:3.579410, acc: 15.87, bacc: 10.00, tmp_test_f1: 0.17, f1: 2.74
epoch: 349, val_loss:3.579414, acc: 15.87, bacc: 10.00, tmp_test_f1: 0.17, f1: 2.74
epoch: 350, val_loss:3.579419, acc: 15.87, bacc: 10.00, tmp_test_f1: 0.17, f1: 2.74
epoch: 351, val_loss:3.579424, acc: 15.87, bacc: 10.00, tmp_test_f1: 0.17, f1: 2.74
epoch: 352, val_loss:3.579430, acc: 15.87, bacc: 10.00, tmp_test_f1: 0.17, f1: 2.74
epoch: 353, val_loss:3.579434, acc: 15.87, bacc: 10.00, tmp_test_f1: 0.17, f1: 2.74
epoch: 354, val_loss:3.579439, acc: 15.87, bacc: 10.00, tmp_test_f1: 0.17, f1: 2.74
epoch: 355, val_loss:3.579444, acc: 15.87, bacc: 10.00, tmp_test_f1: 0.17, f1: 2.74
epoch: 356, val_loss:3.579448, acc: 15.87, bacc: 10.00, tmp_test_f1: 0.17, f1: 2.74
epoch: 357, val_loss:3.579453, acc: 15.87, bacc: 10.00, tmp_test_f1: 0.17, f1: 2.74
epoch: 358, val_loss:3.579458, acc: 15.87, bacc: 10.00, tmp_test_f1: 0.17, f1: 2.74
epoch: 359, val_loss:3.579464, acc: 15.87, bacc: 10.00, tmp_test_f1: 0.17, f1: 2.74
epoch: 360, val_loss:3.579469, acc: 15.87, bacc: 10.00, tmp_test_f1: 0.17, f1: 2.74
epoch: 361, val_loss:3.579474, acc: 15.87, bacc: 10.00, tmp_test_f1: 0.17, f1: 2.74
epoch: 362, val_loss:3.579479, acc: 15.87, bacc: 10.00, tmp_test_f1: 0.17, f1: 2.74
epoch: 363, val_loss:3.579482, acc: 15.87, bacc: 10.00, tmp_test_f1: 0.17, f1: 2.74
epoch: 364, val_loss:3.579486, acc: 15.87, bacc: 10.00, tmp_test_f1: 0.17, f1: 2.74
epoch: 365, val_loss:3.579492, acc: 15.87, bacc: 10.00, tmp_test_f1: 0.17, f1: 2.74
epoch: 366, val_loss:3.579498, acc: 15.87, bacc: 10.00, tmp_test_f1: 0.17, f1: 2.74
epoch: 367, val_loss:3.579504, acc: 15.87, bacc: 10.00, tmp_test_f1: 0.17, f1: 2.74
epoch: 368, val_loss:3.579508, acc: 15.87, bacc: 10.00, tmp_test_f1: 0.17, f1: 2.74
epoch: 369, val_loss:3.579515, acc: 15.87, bacc: 10.00, tmp_test_f1: 0.17, f1: 2.74
epoch: 370, val_loss:3.579517, acc: 15.87, bacc: 10.00, tmp_test_f1: 0.17, f1: 2.74
epoch: 371, val_loss:3.579522, acc: 15.87, bacc: 10.00, tmp_test_f1: 0.17, f1: 2.74
epoch: 372, val_loss:3.579526, acc: 15.87, bacc: 10.00, tmp_test_f1: 0.17, f1: 2.74
epoch: 373, val_loss:3.579531, acc: 15.87, bacc: 10.00, tmp_test_f1: 0.17, f1: 2.74
epoch: 374, val_loss:3.579537, acc: 15.87, bacc: 10.00, tmp_test_f1: 0.17, f1: 2.74
epoch: 375, val_loss:3.579541, acc: 15.87, bacc: 10.00, tmp_test_f1: 0.17, f1: 2.74
epoch: 376, val_loss:3.579546, acc: 15.87, bacc: 10.00, tmp_test_f1: 0.17, f1: 2.74
epoch: 377, val_loss:3.579551, acc: 15.87, bacc: 10.00, tmp_test_f1: 0.17, f1: 2.74
epoch: 378, val_loss:3.579555, acc: 15.87, bacc: 10.00, tmp_test_f1: 0.17, f1: 2.74
epoch: 379, val_loss:3.579560, acc: 15.87, bacc: 10.00, tmp_test_f1: 0.17, f1: 2.74
epoch: 380, val_loss:3.579564, acc: 15.87, bacc: 10.00, tmp_test_f1: 0.17, f1: 2.74
epoch: 381, val_loss:3.579571, acc: 15.87, bacc: 10.00, tmp_test_f1: 0.17, f1: 2.74
epoch: 382, val_loss:3.579576, acc: 15.87, bacc: 10.00, tmp_test_f1: 0.17, f1: 2.74
epoch: 383, val_loss:3.579580, acc: 15.87, bacc: 10.00, tmp_test_f1: 0.17, f1: 2.74
epoch: 384, val_loss:3.579585, acc: 15.87, bacc: 10.00, tmp_test_f1: 0.17, f1: 2.74
epoch: 385, val_loss:3.579590, acc: 15.87, bacc: 10.00, tmp_test_f1: 0.17, f1: 2.74
epoch: 386, val_loss:3.579593, acc: 15.87, bacc: 10.00, tmp_test_f1: 0.17, f1: 2.74
epoch: 387, val_loss:3.579597, acc: 15.87, bacc: 10.00, tmp_test_f1: 0.17, f1: 2.74
epoch: 388, val_loss:3.579603, acc: 15.87, bacc: 10.00, tmp_test_f1: 0.17, f1: 2.74
epoch: 389, val_loss:3.579610, acc: 15.87, bacc: 10.00, tmp_test_f1: 0.17, f1: 2.74
epoch: 390, val_loss:3.579614, acc: 15.87, bacc: 10.00, tmp_test_f1: 0.17, f1: 2.74
epoch: 391, val_loss:3.579618, acc: 15.87, bacc: 10.00, tmp_test_f1: 0.17, f1: 2.74
epoch: 392, val_loss:3.579622, acc: 15.87, bacc: 10.00, tmp_test_f1: 0.17, f1: 2.74
epoch: 393, val_loss:3.579627, acc: 15.87, bacc: 10.00, tmp_test_f1: 0.17, f1: 2.74
epoch: 394, val_loss:3.579632, acc: 15.87, bacc: 10.00, tmp_test_f1: 0.17, f1: 2.74
epoch: 395, val_loss:3.579636, acc: 15.87, bacc: 10.00, tmp_test_f1: 0.17, f1: 2.74
epoch: 396, val_loss:3.579642, acc: 15.87, bacc: 10.00, tmp_test_f1: 0.17, f1: 2.74
epoch: 397, val_loss:3.579647, acc: 15.87, bacc: 10.00, tmp_test_f1: 0.17, f1: 2.74
epoch: 398, val_loss:3.579652, acc: 15.87, bacc: 10.00, tmp_test_f1: 0.17, f1: 2.74
epoch: 399, val_loss:3.579654, acc: 15.87, bacc: 10.00, tmp_test_f1: 0.17, f1: 2.74
epoch: 400, val_loss:3.579660, acc: 15.87, bacc: 10.00, tmp_test_f1: 0.17, f1: 2.74
epoch: 401, val_loss:3.579664, acc: 15.87, bacc: 10.00, tmp_test_f1: 0.17, f1: 2.74
Epoch 00402: reducing learning rate of group 0 to 2.5000e-02.
epoch: 402, val_loss:3.579668, acc: 15.87, bacc: 10.00, tmp_test_f1: 0.17, f1: 2.74
epoch: 403, val_loss:3.579673, acc: 15.87, bacc: 10.00, tmp_test_f1: 0.17, f1: 2.74
epoch: 404, val_loss:3.579676, acc: 15.87, bacc: 10.00, tmp_test_f1: 0.17, f1: 2.74
epoch: 405, val_loss:3.579678, acc: 15.87, bacc: 10.00, tmp_test_f1: 0.17, f1: 2.74
epoch: 406, val_loss:3.579682, acc: 15.87, bacc: 10.00, tmp_test_f1: 0.17, f1: 2.74
epoch: 407, val_loss:3.579685, acc: 15.87, bacc: 10.00, tmp_test_f1: 0.17, f1: 2.74
epoch: 408, val_loss:3.579687, acc: 15.87, bacc: 10.00, tmp_test_f1: 0.17, f1: 2.74
epoch: 409, val_loss:3.579688, acc: 15.87, bacc: 10.00, tmp_test_f1: 0.17, f1: 2.74
epoch: 410, val_loss:3.579690, acc: 15.87, bacc: 10.00, tmp_test_f1: 0.17, f1: 2.74
epoch: 411, val_loss:3.579693, acc: 15.87, bacc: 10.00, tmp_test_f1: 0.17, f1: 2.74
epoch: 412, val_loss:3.579695, acc: 15.87, bacc: 10.00, tmp_test_f1: 0.17, f1: 2.74
epoch: 413, val_loss:3.579697, acc: 15.87, bacc: 10.00, tmp_test_f1: 0.17, f1: 2.74
epoch: 414, val_loss:3.579699, acc: 15.87, bacc: 10.00, tmp_test_f1: 0.17, f1: 2.74
epoch: 415, val_loss:3.579702, acc: 15.87, bacc: 10.00, tmp_test_f1: 0.17, f1: 2.74
epoch: 416, val_loss:3.579704, acc: 15.87, bacc: 10.00, tmp_test_f1: 0.17, f1: 2.74
epoch: 417, val_loss:3.579706, acc: 15.87, bacc: 10.00, tmp_test_f1: 0.17, f1: 2.74
epoch: 418, val_loss:3.579708, acc: 15.87, bacc: 10.00, tmp_test_f1: 0.17, f1: 2.74
epoch: 419, val_loss:3.579711, acc: 15.87, bacc: 10.00, tmp_test_f1: 0.17, f1: 2.74
epoch: 420, val_loss:3.579714, acc: 15.87, bacc: 10.00, tmp_test_f1: 0.17, f1: 2.74
epoch: 421, val_loss:3.579718, acc: 15.87, bacc: 10.00, tmp_test_f1: 0.17, f1: 2.74
epoch: 422, val_loss:3.579720, acc: 15.87, bacc: 10.00, tmp_test_f1: 0.17, f1: 2.74
epoch: 423, val_loss:3.579722, acc: 15.87, bacc: 10.00, tmp_test_f1: 0.17, f1: 2.74
epoch: 424, val_loss:3.579723, acc: 15.87, bacc: 10.00, tmp_test_f1: 0.17, f1: 2.74
epoch: 425, val_loss:3.579726, acc: 15.87, bacc: 10.00, tmp_test_f1: 0.17, f1: 2.74
epoch: 426, val_loss:3.579727, acc: 15.87, bacc: 10.00, tmp_test_f1: 0.17, f1: 2.74
epoch: 427, val_loss:3.579730, acc: 15.87, bacc: 10.00, tmp_test_f1: 0.17, f1: 2.74
epoch: 428, val_loss:3.579733, acc: 15.87, bacc: 10.00, tmp_test_f1: 0.17, f1: 2.74
epoch: 429, val_loss:3.579735, acc: 15.87, bacc: 10.00, tmp_test_f1: 0.17, f1: 2.74
epoch: 430, val_loss:3.579737, acc: 15.87, bacc: 10.00, tmp_test_f1: 0.17, f1: 2.74
epoch: 431, val_loss:3.579739, acc: 15.87, bacc: 10.00, tmp_test_f1: 0.17, f1: 2.74
epoch: 432, val_loss:3.579742, acc: 15.87, bacc: 10.00, tmp_test_f1: 0.17, f1: 2.74
epoch: 433, val_loss:3.579743, acc: 15.87, bacc: 10.00, tmp_test_f1: 0.17, f1: 2.74
epoch: 434, val_loss:3.579746, acc: 15.87, bacc: 10.00, tmp_test_f1: 0.17, f1: 2.74
epoch: 435, val_loss:3.579749, acc: 15.87, bacc: 10.00, tmp_test_f1: 0.17, f1: 2.74
epoch: 436, val_loss:3.579751, acc: 15.87, bacc: 10.00, tmp_test_f1: 0.17, f1: 2.74
epoch: 437, val_loss:3.579755, acc: 15.87, bacc: 10.00, tmp_test_f1: 0.17, f1: 2.74
epoch: 438, val_loss:3.579756, acc: 15.87, bacc: 10.00, tmp_test_f1: 0.17, f1: 2.74
epoch: 439, val_loss:3.579758, acc: 15.87, bacc: 10.00, tmp_test_f1: 0.17, f1: 2.74
epoch: 440, val_loss:3.579761, acc: 15.87, bacc: 10.00, tmp_test_f1: 0.17, f1: 2.74
epoch: 441, val_loss:3.579762, acc: 15.87, bacc: 10.00, tmp_test_f1: 0.17, f1: 2.74
epoch: 442, val_loss:3.579765, acc: 15.87, bacc: 10.00, tmp_test_f1: 0.17, f1: 2.74
epoch: 443, val_loss:3.579768, acc: 15.87, bacc: 10.00, tmp_test_f1: 0.17, f1: 2.74
epoch: 444, val_loss:3.579770, acc: 15.87, bacc: 10.00, tmp_test_f1: 0.17, f1: 2.74
epoch: 445, val_loss:3.579773, acc: 15.87, bacc: 10.00, tmp_test_f1: 0.17, f1: 2.74
epoch: 446, val_loss:3.579774, acc: 15.87, bacc: 10.00, tmp_test_f1: 0.17, f1: 2.74
epoch: 447, val_loss:3.579777, acc: 15.87, bacc: 10.00, tmp_test_f1: 0.17, f1: 2.74
epoch: 448, val_loss:3.579779, acc: 15.87, bacc: 10.00, tmp_test_f1: 0.17, f1: 2.74
epoch: 449, val_loss:3.579782, acc: 15.87, bacc: 10.00, tmp_test_f1: 0.17, f1: 2.74
epoch: 450, val_loss:3.579784, acc: 15.87, bacc: 10.00, tmp_test_f1: 0.17, f1: 2.74
epoch: 451, val_loss:3.579787, acc: 15.87, bacc: 10.00, tmp_test_f1: 0.17, f1: 2.74
epoch: 452, val_loss:3.579789, acc: 15.87, bacc: 10.00, tmp_test_f1: 0.17, f1: 2.74
epoch: 453, val_loss:3.579792, acc: 15.87, bacc: 10.00, tmp_test_f1: 0.17, f1: 2.74
epoch: 454, val_loss:3.579793, acc: 15.87, bacc: 10.00, tmp_test_f1: 0.17, f1: 2.74
epoch: 455, val_loss:3.579795, acc: 15.87, bacc: 10.00, tmp_test_f1: 0.17, f1: 2.74
epoch: 456, val_loss:3.579798, acc: 15.87, bacc: 10.00, tmp_test_f1: 0.17, f1: 2.74
epoch: 457, val_loss:3.579801, acc: 15.87, bacc: 10.00, tmp_test_f1: 0.17, f1: 2.74
epoch: 458, val_loss:3.579803, acc: 15.87, bacc: 10.00, tmp_test_f1: 0.17, f1: 2.74
epoch: 459, val_loss:3.579806, acc: 15.87, bacc: 10.00, tmp_test_f1: 0.17, f1: 2.74
epoch: 460, val_loss:3.579808, acc: 15.87, bacc: 10.00, tmp_test_f1: 0.17, f1: 2.74
epoch: 461, val_loss:3.579810, acc: 15.87, bacc: 10.00, tmp_test_f1: 0.17, f1: 2.74
epoch: 462, val_loss:3.579812, acc: 15.87, bacc: 10.00, tmp_test_f1: 0.17, f1: 2.74
epoch: 463, val_loss:3.579814, acc: 15.87, bacc: 10.00, tmp_test_f1: 0.17, f1: 2.74
epoch: 464, val_loss:3.579817, acc: 15.87, bacc: 10.00, tmp_test_f1: 0.17, f1: 2.74
epoch: 465, val_loss:3.579819, acc: 15.87, bacc: 10.00, tmp_test_f1: 0.17, f1: 2.74
epoch: 466, val_loss:3.579822, acc: 15.87, bacc: 10.00, tmp_test_f1: 0.17, f1: 2.74
epoch: 467, val_loss:3.579823, acc: 15.87, bacc: 10.00, tmp_test_f1: 0.17, f1: 2.74
epoch: 468, val_loss:3.579825, acc: 15.87, bacc: 10.00, tmp_test_f1: 0.17, f1: 2.74
epoch: 469, val_loss:3.579829, acc: 15.87, bacc: 10.00, tmp_test_f1: 0.17, f1: 2.74
epoch: 470, val_loss:3.579831, acc: 15.87, bacc: 10.00, tmp_test_f1: 0.17, f1: 2.74
epoch: 471, val_loss:3.579834, acc: 15.87, bacc: 10.00, tmp_test_f1: 0.17, f1: 2.74
epoch: 472, val_loss:3.579836, acc: 15.87, bacc: 10.00, tmp_test_f1: 0.17, f1: 2.74
epoch: 473, val_loss:3.579838, acc: 15.87, bacc: 10.00, tmp_test_f1: 0.17, f1: 2.74
epoch: 474, val_loss:3.579842, acc: 15.87, bacc: 10.00, tmp_test_f1: 0.17, f1: 2.74
epoch: 475, val_loss:3.579843, acc: 15.87, bacc: 10.00, tmp_test_f1: 0.17, f1: 2.74
epoch: 476, val_loss:3.579846, acc: 15.87, bacc: 10.00, tmp_test_f1: 0.17, f1: 2.74
epoch: 477, val_loss:3.579847, acc: 15.87, bacc: 10.00, tmp_test_f1: 0.17, f1: 2.74
epoch: 478, val_loss:3.579850, acc: 15.87, bacc: 10.00, tmp_test_f1: 0.17, f1: 2.74
epoch: 479, val_loss:3.579853, acc: 15.87, bacc: 10.00, tmp_test_f1: 0.17, f1: 2.74
epoch: 480, val_loss:3.579855, acc: 15.87, bacc: 10.00, tmp_test_f1: 0.17, f1: 2.74
epoch: 481, val_loss:3.579856, acc: 15.87, bacc: 10.00, tmp_test_f1: 0.17, f1: 2.74
epoch: 482, val_loss:3.579859, acc: 15.87, bacc: 10.00, tmp_test_f1: 0.17, f1: 2.74
epoch: 483, val_loss:3.579862, acc: 15.87, bacc: 10.00, tmp_test_f1: 0.17, f1: 2.74
epoch: 484, val_loss:3.579865, acc: 15.87, bacc: 10.00, tmp_test_f1: 0.17, f1: 2.74
epoch: 485, val_loss:3.579867, acc: 15.87, bacc: 10.00, tmp_test_f1: 0.17, f1: 2.74
epoch: 486, val_loss:3.579869, acc: 15.87, bacc: 10.00, tmp_test_f1: 0.17, f1: 2.74
epoch: 487, val_loss:3.579872, acc: 15.87, bacc: 10.00, tmp_test_f1: 0.17, f1: 2.74
epoch: 488, val_loss:3.579874, acc: 15.87, bacc: 10.00, tmp_test_f1: 0.17, f1: 2.74
epoch: 489, val_loss:3.579877, acc: 15.87, bacc: 10.00, tmp_test_f1: 0.17, f1: 2.74
epoch: 490, val_loss:3.579878, acc: 15.87, bacc: 10.00, tmp_test_f1: 0.17, f1: 2.74
epoch: 491, val_loss:3.579881, acc: 15.87, bacc: 10.00, tmp_test_f1: 0.17, f1: 2.74
epoch: 492, val_loss:3.579883, acc: 15.87, bacc: 10.00, tmp_test_f1: 0.17, f1: 2.74
epoch: 493, val_loss:3.579886, acc: 15.87, bacc: 10.00, tmp_test_f1: 0.17, f1: 2.74
epoch: 494, val_loss:3.579888, acc: 15.87, bacc: 10.00, tmp_test_f1: 0.17, f1: 2.74
epoch: 495, val_loss:3.579889, acc: 15.87, bacc: 10.00, tmp_test_f1: 0.17, f1: 2.74
epoch: 496, val_loss:3.579891, acc: 15.87, bacc: 10.00, tmp_test_f1: 0.17, f1: 2.74
epoch: 497, val_loss:3.579894, acc: 15.87, bacc: 10.00, tmp_test_f1: 0.17, f1: 2.74
epoch: 498, val_loss:3.579899, acc: 15.87, bacc: 10.00, tmp_test_f1: 0.17, f1: 2.74
epoch: 499, val_loss:3.579900, acc: 15.87, bacc: 10.00, tmp_test_f1: 0.17, f1: 2.74
epoch: 500, val_loss:3.579903, acc: 15.87, bacc: 10.00, tmp_test_f1: 0.17, f1: 2.74
epoch: 501, val_loss:3.579905, acc: 15.87, bacc: 10.00, tmp_test_f1: 0.17, f1: 2.74
epoch: 502, val_loss:3.579908, acc: 15.87, bacc: 10.00, tmp_test_f1: 0.17, f1: 2.74
epoch: 503, val_loss:3.579910, acc: 15.87, bacc: 10.00, tmp_test_f1: 0.17, f1: 2.74
epoch: 504, val_loss:3.579912, acc: 15.87, bacc: 10.00, tmp_test_f1: 0.17, f1: 2.74
epoch: 505, val_loss:3.579915, acc: 15.87, bacc: 10.00, tmp_test_f1: 0.17, f1: 2.74
epoch: 506, val_loss:3.579918, acc: 15.87, bacc: 10.00, tmp_test_f1: 0.17, f1: 2.74
epoch: 507, val_loss:3.579920, acc: 15.87, bacc: 10.00, tmp_test_f1: 0.17, f1: 2.74
epoch: 508, val_loss:3.579922, acc: 15.87, bacc: 10.00, tmp_test_f1: 0.17, f1: 2.74
epoch: 509, val_loss:3.579922, acc: 15.87, bacc: 10.00, tmp_test_f1: 0.17, f1: 2.74
epoch: 510, val_loss:3.579925, acc: 15.87, bacc: 10.00, tmp_test_f1: 0.17, f1: 2.74
epoch: 511, val_loss:3.579927, acc: 15.87, bacc: 10.00, tmp_test_f1: 0.17, f1: 2.74
epoch: 512, val_loss:3.579930, acc: 15.87, bacc: 10.00, tmp_test_f1: 0.17, f1: 2.74
epoch: 513, val_loss:3.579934, acc: 15.87, bacc: 10.00, tmp_test_f1: 0.17, f1: 2.74
epoch: 514, val_loss:3.579937, acc: 15.87, bacc: 10.00, tmp_test_f1: 0.17, f1: 2.74
epoch: 515, val_loss:3.579938, acc: 15.87, bacc: 10.00, tmp_test_f1: 0.17, f1: 2.74
epoch: 516, val_loss:3.579941, acc: 15.87, bacc: 10.00, tmp_test_f1: 0.17, f1: 2.74
epoch: 517, val_loss:3.579944, acc: 15.87, bacc: 10.00, tmp_test_f1: 0.17, f1: 2.74
epoch: 518, val_loss:3.579946, acc: 15.87, bacc: 10.00, tmp_test_f1: 0.17, f1: 2.74
epoch: 519, val_loss:3.579948, acc: 15.87, bacc: 10.00, tmp_test_f1: 0.17, f1: 2.74
epoch: 520, val_loss:3.579951, acc: 15.87, bacc: 10.00, tmp_test_f1: 0.17, f1: 2.74
epoch: 521, val_loss:3.579953, acc: 15.87, bacc: 10.00, tmp_test_f1: 0.17, f1: 2.74
epoch: 522, val_loss:3.579956, acc: 15.87, bacc: 10.00, tmp_test_f1: 0.17, f1: 2.74
epoch: 523, val_loss:3.579956, acc: 15.87, bacc: 10.00, tmp_test_f1: 0.17, f1: 2.74
epoch: 524, val_loss:3.579958, acc: 15.87, bacc: 10.00, tmp_test_f1: 0.17, f1: 2.74
epoch: 525, val_loss:3.579960, acc: 15.87, bacc: 10.00, tmp_test_f1: 0.17, f1: 2.74
epoch: 526, val_loss:3.579963, acc: 15.87, bacc: 10.00, tmp_test_f1: 0.17, f1: 2.74
epoch: 527, val_loss:3.579966, acc: 15.87, bacc: 10.00, tmp_test_f1: 0.17, f1: 2.74
epoch: 528, val_loss:3.579969, acc: 15.87, bacc: 10.00, tmp_test_f1: 0.17, f1: 2.74
epoch: 529, val_loss:3.579972, acc: 15.87, bacc: 10.00, tmp_test_f1: 0.17, f1: 2.74
epoch: 530, val_loss:3.579974, acc: 15.87, bacc: 10.00, tmp_test_f1: 0.17, f1: 2.74
epoch: 531, val_loss:3.579977, acc: 15.87, bacc: 10.00, tmp_test_f1: 0.17, f1: 2.74
epoch: 532, val_loss:3.579979, acc: 15.87, bacc: 10.00, tmp_test_f1: 0.17, f1: 2.74
epoch: 533, val_loss:3.579981, acc: 15.87, bacc: 10.00, tmp_test_f1: 0.17, f1: 2.74
epoch: 534, val_loss:3.579983, acc: 15.87, bacc: 10.00, tmp_test_f1: 0.17, f1: 2.74
epoch: 535, val_loss:3.579987, acc: 15.87, bacc: 10.00, tmp_test_f1: 0.17, f1: 2.74
epoch: 536, val_loss:3.579989, acc: 15.87, bacc: 10.00, tmp_test_f1: 0.17, f1: 2.74
epoch: 537, val_loss:3.579989, acc: 15.87, bacc: 10.00, tmp_test_f1: 0.17, f1: 2.74
epoch: 538, val_loss:3.579992, acc: 15.87, bacc: 10.00, tmp_test_f1: 0.17, f1: 2.74
epoch: 539, val_loss:3.579994, acc: 15.87, bacc: 10.00, tmp_test_f1: 0.17, f1: 2.74
epoch: 540, val_loss:3.579998, acc: 15.87, bacc: 10.00, tmp_test_f1: 0.17, f1: 2.74
epoch: 541, val_loss:3.579999, acc: 15.87, bacc: 10.00, tmp_test_f1: 0.17, f1: 2.74
epoch: 542, val_loss:3.580002, acc: 15.87, bacc: 10.00, tmp_test_f1: 0.17, f1: 2.74
epoch: 543, val_loss:3.580006, acc: 15.87, bacc: 10.00, tmp_test_f1: 0.17, f1: 2.74
epoch: 544, val_loss:3.580009, acc: 15.87, bacc: 10.00, tmp_test_f1: 0.17, f1: 2.74
epoch: 545, val_loss:3.580010, acc: 15.87, bacc: 10.00, tmp_test_f1: 0.17, f1: 2.74
epoch: 546, val_loss:3.580011, acc: 15.87, bacc: 10.00, tmp_test_f1: 0.17, f1: 2.74
epoch: 547, val_loss:3.580015, acc: 15.87, bacc: 10.00, tmp_test_f1: 0.17, f1: 2.74
epoch: 548, val_loss:3.580018, acc: 15.87, bacc: 10.00, tmp_test_f1: 0.17, f1: 2.74
epoch: 549, val_loss:3.580019, acc: 15.87, bacc: 10.00, tmp_test_f1: 0.17, f1: 2.74
epoch: 550, val_loss:3.580022, acc: 15.87, bacc: 10.00, tmp_test_f1: 0.17, f1: 2.74
epoch: 551, val_loss:3.580023, acc: 15.87, bacc: 10.00, tmp_test_f1: 0.17, f1: 2.74
epoch: 552, val_loss:3.580025, acc: 15.87, bacc: 10.00, tmp_test_f1: 0.17, f1: 2.74
epoch: 553, val_loss:3.580027, acc: 15.87, bacc: 10.00, tmp_test_f1: 0.17, f1: 2.74
epoch: 554, val_loss:3.580030, acc: 15.87, bacc: 10.00, tmp_test_f1: 0.17, f1: 2.74
epoch: 555, val_loss:3.580032, acc: 15.87, bacc: 10.00, tmp_test_f1: 0.17, f1: 2.74
epoch: 556, val_loss:3.580035, acc: 15.87, bacc: 10.00, tmp_test_f1: 0.17, f1: 2.74
epoch: 557, val_loss:3.580037, acc: 15.87, bacc: 10.00, tmp_test_f1: 0.17, f1: 2.74
epoch: 558, val_loss:3.580040, acc: 15.87, bacc: 10.00, tmp_test_f1: 0.17, f1: 2.74
epoch: 559, val_loss:3.580044, acc: 15.87, bacc: 10.00, tmp_test_f1: 0.17, f1: 2.74
epoch: 560, val_loss:3.580046, acc: 15.87, bacc: 10.00, tmp_test_f1: 0.17, f1: 2.74
epoch: 561, val_loss:3.580049, acc: 15.87, bacc: 10.00, tmp_test_f1: 0.17, f1: 2.74
epoch: 562, val_loss:3.580051, acc: 15.87, bacc: 10.00, tmp_test_f1: 0.17, f1: 2.74
epoch: 563, val_loss:3.580053, acc: 15.87, bacc: 10.00, tmp_test_f1: 0.17, f1: 2.74
epoch: 564, val_loss:3.580056, acc: 15.87, bacc: 10.00, tmp_test_f1: 0.17, f1: 2.74
epoch: 565, val_loss:3.580057, acc: 15.87, bacc: 10.00, tmp_test_f1: 0.17, f1: 2.74
epoch: 566, val_loss:3.580060, acc: 15.87, bacc: 10.00, tmp_test_f1: 0.17, f1: 2.74
epoch: 567, val_loss:3.580061, acc: 15.87, bacc: 10.00, tmp_test_f1: 0.17, f1: 2.74
epoch: 568, val_loss:3.580064, acc: 15.87, bacc: 10.00, tmp_test_f1: 0.17, f1: 2.74
epoch: 569, val_loss:3.580066, acc: 15.87, bacc: 10.00, tmp_test_f1: 0.17, f1: 2.74
epoch: 570, val_loss:3.580069, acc: 15.87, bacc: 10.00, tmp_test_f1: 0.17, f1: 2.74
epoch: 571, val_loss:3.580070, acc: 15.87, bacc: 10.00, tmp_test_f1: 0.17, f1: 2.74
epoch: 572, val_loss:3.580072, acc: 15.87, bacc: 10.00, tmp_test_f1: 0.17, f1: 2.74
epoch: 573, val_loss:3.580077, acc: 15.87, bacc: 10.00, tmp_test_f1: 0.17, f1: 2.74
epoch: 574, val_loss:3.580080, acc: 15.87, bacc: 10.00, tmp_test_f1: 0.17, f1: 2.74
epoch: 575, val_loss:3.580082, acc: 15.87, bacc: 10.00, tmp_test_f1: 0.17, f1: 2.74
epoch: 576, val_loss:3.580085, acc: 15.87, bacc: 10.00, tmp_test_f1: 0.17, f1: 2.74
epoch: 577, val_loss:3.580087, acc: 15.87, bacc: 10.00, tmp_test_f1: 0.17, f1: 2.74
epoch: 578, val_loss:3.580088, acc: 15.87, bacc: 10.00, tmp_test_f1: 0.17, f1: 2.74
epoch: 579, val_loss:3.580090, acc: 15.87, bacc: 10.00, tmp_test_f1: 0.17, f1: 2.74
epoch: 580, val_loss:3.580093, acc: 15.87, bacc: 10.00, tmp_test_f1: 0.17, f1: 2.74
epoch: 581, val_loss:3.580095, acc: 15.87, bacc: 10.00, tmp_test_f1: 0.17, f1: 2.74
epoch: 582, val_loss:3.580097, acc: 15.87, bacc: 10.00, tmp_test_f1: 0.17, f1: 2.74
epoch: 583, val_loss:3.580100, acc: 15.87, bacc: 10.00, tmp_test_f1: 0.17, f1: 2.74
epoch: 584, val_loss:3.580102, acc: 15.87, bacc: 10.00, tmp_test_f1: 0.17, f1: 2.74
epoch: 585, val_loss:3.580104, acc: 15.87, bacc: 10.00, tmp_test_f1: 0.17, f1: 2.74
epoch: 586, val_loss:3.580106, acc: 15.87, bacc: 10.00, tmp_test_f1: 0.17, f1: 2.74
epoch: 587, val_loss:3.580108, acc: 15.87, bacc: 10.00, tmp_test_f1: 0.17, f1: 2.74
epoch: 588, val_loss:3.580112, acc: 15.87, bacc: 10.00, tmp_test_f1: 0.17, f1: 2.74
epoch: 589, val_loss:3.580115, acc: 15.87, bacc: 10.00, tmp_test_f1: 0.17, f1: 2.74
epoch: 590, val_loss:3.580118, acc: 15.87, bacc: 10.00, tmp_test_f1: 0.17, f1: 2.74
epoch: 591, val_loss:3.580120, acc: 15.87, bacc: 10.00, tmp_test_f1: 0.17, f1: 2.74
epoch: 592, val_loss:3.580122, acc: 15.87, bacc: 10.00, tmp_test_f1: 0.17, f1: 2.74
epoch: 593, val_loss:3.580123, acc: 15.87, bacc: 10.00, tmp_test_f1: 0.17, f1: 2.74
epoch: 594, val_loss:3.580125, acc: 15.87, bacc: 10.00, tmp_test_f1: 0.17, f1: 2.74
epoch: 595, val_loss:3.580128, acc: 15.87, bacc: 10.00, tmp_test_f1: 0.17, f1: 2.74
epoch: 596, val_loss:3.580131, acc: 15.87, bacc: 10.00, tmp_test_f1: 0.17, f1: 2.74
epoch: 597, val_loss:3.580133, acc: 15.87, bacc: 10.00, tmp_test_f1: 0.17, f1: 2.74
epoch: 598, val_loss:3.580136, acc: 15.87, bacc: 10.00, tmp_test_f1: 0.17, f1: 2.74
epoch: 599, val_loss:3.580138, acc: 15.87, bacc: 10.00, tmp_test_f1: 0.17, f1: 2.74
epoch: 600, val_loss:3.580141, acc: 15.87, bacc: 10.00, tmp_test_f1: 0.17, f1: 2.74
epoch: 601, val_loss:3.580142, acc: 15.87, bacc: 10.00, tmp_test_f1: 0.17, f1: 2.74
epoch: 602, val_loss:3.580145, acc: 15.87, bacc: 10.00, tmp_test_f1: 0.17, f1: 2.74
Epoch 00603: reducing learning rate of group 0 to 1.2500e-02.
epoch: 603, val_loss:3.580149, acc: 15.87, bacc: 10.00, tmp_test_f1: 0.17, f1: 2.74
epoch: 604, val_loss:3.580152, acc: 15.87, bacc: 10.00, tmp_test_f1: 0.17, f1: 2.74
epoch: 605, val_loss:3.580153, acc: 15.87, bacc: 10.00, tmp_test_f1: 0.17, f1: 2.74
epoch: 606, val_loss:3.580154, acc: 15.87, bacc: 10.00, tmp_test_f1: 0.17, f1: 2.74
epoch: 607, val_loss:3.580155, acc: 15.87, bacc: 10.00, tmp_test_f1: 0.17, f1: 2.74
epoch: 608, val_loss:3.580157, acc: 15.87, bacc: 10.00, tmp_test_f1: 0.17, f1: 2.74
epoch: 609, val_loss:3.580156, acc: 15.87, bacc: 10.00, tmp_test_f1: 0.17, f1: 2.74
epoch: 610, val_loss:3.580158, acc: 15.87, bacc: 10.00, tmp_test_f1: 0.17, f1: 2.74
epoch: 611, val_loss:3.580158, acc: 15.87, bacc: 10.00, tmp_test_f1: 0.17, f1: 2.74
epoch: 612, val_loss:3.580159, acc: 15.87, bacc: 10.00, tmp_test_f1: 0.17, f1: 2.74
epoch: 613, val_loss:3.580159, acc: 15.87, bacc: 10.00, tmp_test_f1: 0.17, f1: 2.74
epoch: 614, val_loss:3.580162, acc: 15.87, bacc: 10.00, tmp_test_f1: 0.17, f1: 2.74
epoch: 615, val_loss:3.580163, acc: 15.87, bacc: 10.00, tmp_test_f1: 0.17, f1: 2.74
epoch: 616, val_loss:3.580164, acc: 15.87, bacc: 10.00, tmp_test_f1: 0.17, f1: 2.74
epoch: 617, val_loss:3.580167, acc: 15.87, bacc: 10.00, tmp_test_f1: 0.17, f1: 2.74
epoch: 618, val_loss:3.580167, acc: 15.87, bacc: 10.00, tmp_test_f1: 0.17, f1: 2.74
epoch: 619, val_loss:3.580168, acc: 15.87, bacc: 10.00, tmp_test_f1: 0.17, f1: 2.74
epoch: 620, val_loss:3.580169, acc: 15.87, bacc: 10.00, tmp_test_f1: 0.17, f1: 2.74
epoch: 621, val_loss:3.580171, acc: 15.87, bacc: 10.00, tmp_test_f1: 0.17, f1: 2.74
epoch: 622, val_loss:3.580172, acc: 15.87, bacc: 10.00, tmp_test_f1: 0.17, f1: 2.74
epoch: 623, val_loss:3.580173, acc: 15.87, bacc: 10.00, tmp_test_f1: 0.17, f1: 2.74
epoch: 624, val_loss:3.580174, acc: 15.87, bacc: 10.00, tmp_test_f1: 0.17, f1: 2.74
epoch: 625, val_loss:3.580175, acc: 15.87, bacc: 10.00, tmp_test_f1: 0.17, f1: 2.74
epoch: 626, val_loss:3.580176, acc: 15.87, bacc: 10.00, tmp_test_f1: 0.17, f1: 2.74
epoch: 627, val_loss:3.580177, acc: 15.87, bacc: 10.00, tmp_test_f1: 0.17, f1: 2.74
epoch: 628, val_loss:3.580179, acc: 15.87, bacc: 10.00, tmp_test_f1: 0.17, f1: 2.74
epoch: 629, val_loss:3.580180, acc: 15.87, bacc: 10.00, tmp_test_f1: 0.17, f1: 2.74
epoch: 630, val_loss:3.580181, acc: 15.87, bacc: 10.00, tmp_test_f1: 0.17, f1: 2.74
epoch: 631, val_loss:3.580182, acc: 15.87, bacc: 10.00, tmp_test_f1: 0.17, f1: 2.74
epoch: 632, val_loss:3.580184, acc: 15.87, bacc: 10.00, tmp_test_f1: 0.17, f1: 2.74
epoch: 633, val_loss:3.580185, acc: 15.87, bacc: 10.00, tmp_test_f1: 0.17, f1: 2.74
epoch: 634, val_loss:3.580188, acc: 15.87, bacc: 10.00, tmp_test_f1: 0.17, f1: 2.74
epoch: 635, val_loss:3.580189, acc: 15.87, bacc: 10.00, tmp_test_f1: 0.17, f1: 2.74
epoch: 636, val_loss:3.580190, acc: 15.87, bacc: 10.00, tmp_test_f1: 0.17, f1: 2.74
epoch: 637, val_loss:3.580191, acc: 15.87, bacc: 10.00, tmp_test_f1: 0.17, f1: 2.74
epoch: 638, val_loss:3.580191, acc: 15.87, bacc: 10.00, tmp_test_f1: 0.17, f1: 2.74
epoch: 639, val_loss:3.580192, acc: 15.87, bacc: 10.00, tmp_test_f1: 0.17, f1: 2.74
epoch: 640, val_loss:3.580193, acc: 15.87, bacc: 10.00, tmp_test_f1: 0.17, f1: 2.74
epoch: 641, val_loss:3.580194, acc: 15.87, bacc: 10.00, tmp_test_f1: 0.17, f1: 2.74
epoch: 642, val_loss:3.580196, acc: 15.87, bacc: 10.00, tmp_test_f1: 0.17, f1: 2.74
epoch: 643, val_loss:3.580197, acc: 15.87, bacc: 10.00, tmp_test_f1: 0.17, f1: 2.74
epoch: 644, val_loss:3.580198, acc: 15.87, bacc: 10.00, tmp_test_f1: 0.17, f1: 2.74
epoch: 645, val_loss:3.580199, acc: 15.87, bacc: 10.00, tmp_test_f1: 0.17, f1: 2.74
epoch: 646, val_loss:3.580201, acc: 15.87, bacc: 10.00, tmp_test_f1: 0.17, f1: 2.74
epoch: 647, val_loss:3.580203, acc: 15.87, bacc: 10.00, tmp_test_f1: 0.17, f1: 2.74
epoch: 648, val_loss:3.580203, acc: 15.87, bacc: 10.00, tmp_test_f1: 0.17, f1: 2.74
epoch: 649, val_loss:3.580204, acc: 15.87, bacc: 10.00, tmp_test_f1: 0.17, f1: 2.74
epoch: 650, val_loss:3.580206, acc: 15.87, bacc: 10.00, tmp_test_f1: 0.17, f1: 2.74
epoch: 651, val_loss:3.580206, acc: 15.87, bacc: 10.00, tmp_test_f1: 0.17, f1: 2.74
epoch: 652, val_loss:3.580208, acc: 15.87, bacc: 10.00, tmp_test_f1: 0.17, f1: 2.74
epoch: 653, val_loss:3.580209, acc: 15.87, bacc: 10.00, tmp_test_f1: 0.17, f1: 2.74
epoch: 654, val_loss:3.580211, acc: 15.87, bacc: 10.00, tmp_test_f1: 0.17, f1: 2.74
epoch: 655, val_loss:3.580212, acc: 15.87, bacc: 10.00, tmp_test_f1: 0.17, f1: 2.74
epoch: 656, val_loss:3.580213, acc: 15.87, bacc: 10.00, tmp_test_f1: 0.17, f1: 2.74
epoch: 657, val_loss:3.580214, acc: 15.87, bacc: 10.00, tmp_test_f1: 0.17, f1: 2.74
epoch: 658, val_loss:3.580215, acc: 15.87, bacc: 10.00, tmp_test_f1: 0.17, f1: 2.74
epoch: 659, val_loss:3.580217, acc: 15.87, bacc: 10.00, tmp_test_f1: 0.17, f1: 2.74
epoch: 660, val_loss:3.580218, acc: 15.87, bacc: 10.00, tmp_test_f1: 0.17, f1: 2.74
epoch: 661, val_loss:3.580219, acc: 15.87, bacc: 10.00, tmp_test_f1: 0.17, f1: 2.74
epoch: 662, val_loss:3.580222, acc: 15.87, bacc: 10.00, tmp_test_f1: 0.17, f1: 2.74
epoch: 663, val_loss:3.580224, acc: 15.87, bacc: 10.00, tmp_test_f1: 0.17, f1: 2.74
epoch: 664, val_loss:3.580225, acc: 15.87, bacc: 10.00, tmp_test_f1: 0.17, f1: 2.74
epoch: 665, val_loss:3.580225, acc: 15.87, bacc: 10.00, tmp_test_f1: 0.17, f1: 2.74
epoch: 666, val_loss:3.580225, acc: 15.87, bacc: 10.00, tmp_test_f1: 0.17, f1: 2.74
epoch: 667, val_loss:3.580226, acc: 15.87, bacc: 10.00, tmp_test_f1: 0.17, f1: 2.74
epoch: 668, val_loss:3.580228, acc: 15.87, bacc: 10.00, tmp_test_f1: 0.17, f1: 2.74
epoch: 669, val_loss:3.580229, acc: 15.87, bacc: 10.00, tmp_test_f1: 0.17, f1: 2.74
epoch: 670, val_loss:3.580229, acc: 15.87, bacc: 10.00, tmp_test_f1: 0.17, f1: 2.74
epoch: 671, val_loss:3.580231, acc: 15.87, bacc: 10.00, tmp_test_f1: 0.17, f1: 2.74
epoch: 672, val_loss:3.580232, acc: 15.87, bacc: 10.00, tmp_test_f1: 0.17, f1: 2.74
epoch: 673, val_loss:3.580233, acc: 15.87, bacc: 10.00, tmp_test_f1: 0.17, f1: 2.74
epoch: 674, val_loss:3.580234, acc: 15.87, bacc: 10.00, tmp_test_f1: 0.17, f1: 2.74
epoch: 675, val_loss:3.580236, acc: 15.87, bacc: 10.00, tmp_test_f1: 0.17, f1: 2.74
epoch: 676, val_loss:3.580236, acc: 15.87, bacc: 10.00, tmp_test_f1: 0.17, f1: 2.74
epoch: 677, val_loss:3.580238, acc: 15.87, bacc: 10.00, tmp_test_f1: 0.17, f1: 2.74
epoch: 678, val_loss:3.580240, acc: 15.87, bacc: 10.00, tmp_test_f1: 0.17, f1: 2.74
epoch: 679, val_loss:3.580241, acc: 15.87, bacc: 10.00, tmp_test_f1: 0.17, f1: 2.74
epoch: 680, val_loss:3.580242, acc: 15.87, bacc: 10.00, tmp_test_f1: 0.17, f1: 2.74
epoch: 681, val_loss:3.580243, acc: 15.87, bacc: 10.00, tmp_test_f1: 0.17, f1: 2.74
epoch: 682, val_loss:3.580244, acc: 15.87, bacc: 10.00, tmp_test_f1: 0.17, f1: 2.74
epoch: 683, val_loss:3.580246, acc: 15.87, bacc: 10.00, tmp_test_f1: 0.17, f1: 2.74
epoch: 684, val_loss:3.580247, acc: 15.87, bacc: 10.00, tmp_test_f1: 0.17, f1: 2.74
epoch: 685, val_loss:3.580248, acc: 15.87, bacc: 10.00, tmp_test_f1: 0.17, f1: 2.74
epoch: 686, val_loss:3.580250, acc: 15.87, bacc: 10.00, tmp_test_f1: 0.17, f1: 2.74
epoch: 687, val_loss:3.580250, acc: 15.87, bacc: 10.00, tmp_test_f1: 0.17, f1: 2.74
epoch: 688, val_loss:3.580252, acc: 15.87, bacc: 10.00, tmp_test_f1: 0.17, f1: 2.74
epoch: 689, val_loss:3.580254, acc: 15.87, bacc: 10.00, tmp_test_f1: 0.17, f1: 2.74
epoch: 690, val_loss:3.580254, acc: 15.87, bacc: 10.00, tmp_test_f1: 0.17, f1: 2.74
epoch: 691, val_loss:3.580256, acc: 15.87, bacc: 10.00, tmp_test_f1: 0.17, f1: 2.74
epoch: 692, val_loss:3.580258, acc: 15.87, bacc: 10.00, tmp_test_f1: 0.17, f1: 2.74
epoch: 693, val_loss:3.580258, acc: 15.87, bacc: 10.00, tmp_test_f1: 0.17, f1: 2.74
epoch: 694, val_loss:3.580259, acc: 15.87, bacc: 10.00, tmp_test_f1: 0.17, f1: 2.74
epoch: 695, val_loss:3.580261, acc: 15.87, bacc: 10.00, tmp_test_f1: 0.17, f1: 2.74
epoch: 696, val_loss:3.580262, acc: 15.87, bacc: 10.00, tmp_test_f1: 0.17, f1: 2.74
epoch: 697, val_loss:3.580264, acc: 15.87, bacc: 10.00, tmp_test_f1: 0.17, f1: 2.74
epoch: 698, val_loss:3.580265, acc: 15.87, bacc: 10.00, tmp_test_f1: 0.17, f1: 2.74
epoch: 699, val_loss:3.580266, acc: 15.87, bacc: 10.00, tmp_test_f1: 0.17, f1: 2.74
epoch: 700, val_loss:3.580267, acc: 15.87, bacc: 10.00, tmp_test_f1: 0.17, f1: 2.74
epoch: 701, val_loss:3.580268, acc: 15.87, bacc: 10.00, tmp_test_f1: 0.17, f1: 2.74
epoch: 702, val_loss:3.580269, acc: 15.87, bacc: 10.00, tmp_test_f1: 0.17, f1: 2.74
epoch: 703, val_loss:3.580270, acc: 15.87, bacc: 10.00, tmp_test_f1: 0.17, f1: 2.74
epoch: 704, val_loss:3.580271, acc: 15.87, bacc: 10.00, tmp_test_f1: 0.17, f1: 2.74
epoch: 705, val_loss:3.580272, acc: 15.87, bacc: 10.00, tmp_test_f1: 0.17, f1: 2.74
epoch: 706, val_loss:3.580275, acc: 15.87, bacc: 10.00, tmp_test_f1: 0.17, f1: 2.74
epoch: 707, val_loss:3.580276, acc: 15.87, bacc: 10.00, tmp_test_f1: 0.17, f1: 2.74
epoch: 708, val_loss:3.580277, acc: 15.87, bacc: 10.00, tmp_test_f1: 0.17, f1: 2.74
epoch: 709, val_loss:3.580278, acc: 15.87, bacc: 10.00, tmp_test_f1: 0.17, f1: 2.74
epoch: 710, val_loss:3.580280, acc: 15.87, bacc: 10.00, tmp_test_f1: 0.17, f1: 2.74
epoch: 711, val_loss:3.580281, acc: 15.87, bacc: 10.00, tmp_test_f1: 0.17, f1: 2.74
epoch: 712, val_loss:3.580282, acc: 15.87, bacc: 10.00, tmp_test_f1: 0.17, f1: 2.74
epoch: 713, val_loss:3.580283, acc: 15.87, bacc: 10.00, tmp_test_f1: 0.17, f1: 2.74
epoch: 714, val_loss:3.580285, acc: 15.87, bacc: 10.00, tmp_test_f1: 0.17, f1: 2.74
epoch: 715, val_loss:3.580285, acc: 15.87, bacc: 10.00, tmp_test_f1: 0.17, f1: 2.74
epoch: 716, val_loss:3.580287, acc: 15.87, bacc: 10.00, tmp_test_f1: 0.17, f1: 2.74
epoch: 717, val_loss:3.580288, acc: 15.87, bacc: 10.00, tmp_test_f1: 0.17, f1: 2.74
epoch: 718, val_loss:3.580289, acc: 15.87, bacc: 10.00, tmp_test_f1: 0.17, f1: 2.74
epoch: 719, val_loss:3.580290, acc: 15.87, bacc: 10.00, tmp_test_f1: 0.17, f1: 2.74
epoch: 720, val_loss:3.580290, acc: 15.87, bacc: 10.00, tmp_test_f1: 0.17, f1: 2.74
epoch: 721, val_loss:3.580293, acc: 15.87, bacc: 10.00, tmp_test_f1: 0.17, f1: 2.74
epoch: 722, val_loss:3.580294, acc: 15.87, bacc: 10.00, tmp_test_f1: 0.17, f1: 2.74
epoch: 723, val_loss:3.580296, acc: 15.87, bacc: 10.00, tmp_test_f1: 0.17, f1: 2.74
epoch: 724, val_loss:3.580298, acc: 15.87, bacc: 10.00, tmp_test_f1: 0.17, f1: 2.74
epoch: 725, val_loss:3.580298, acc: 15.87, bacc: 10.00, tmp_test_f1: 0.17, f1: 2.74
epoch: 726, val_loss:3.580299, acc: 15.87, bacc: 10.00, tmp_test_f1: 0.17, f1: 2.74
epoch: 727, val_loss:3.580300, acc: 15.87, bacc: 10.00, tmp_test_f1: 0.17, f1: 2.74
epoch: 728, val_loss:3.580301, acc: 15.87, bacc: 10.00, tmp_test_f1: 0.17, f1: 2.74
epoch: 729, val_loss:3.580302, acc: 15.87, bacc: 10.00, tmp_test_f1: 0.17, f1: 2.74
epoch: 730, val_loss:3.580303, acc: 15.87, bacc: 10.00, tmp_test_f1: 0.17, f1: 2.74
epoch: 731, val_loss:3.580304, acc: 15.87, bacc: 10.00, tmp_test_f1: 0.17, f1: 2.74
epoch: 732, val_loss:3.580305, acc: 15.87, bacc: 10.00, tmp_test_f1: 0.17, f1: 2.74
epoch: 733, val_loss:3.580308, acc: 15.87, bacc: 10.00, tmp_test_f1: 0.17, f1: 2.74
epoch: 734, val_loss:3.580308, acc: 15.87, bacc: 10.00, tmp_test_f1: 0.17, f1: 2.74
epoch: 735, val_loss:3.580311, acc: 15.87, bacc: 10.00, tmp_test_f1: 0.17, f1: 2.74
epoch: 736, val_loss:3.580312, acc: 15.87, bacc: 10.00, tmp_test_f1: 0.17, f1: 2.74
epoch: 737, val_loss:3.580313, acc: 15.87, bacc: 10.00, tmp_test_f1: 0.17, f1: 2.74
epoch: 738, val_loss:3.580314, acc: 15.87, bacc: 10.00, tmp_test_f1: 0.17, f1: 2.74
epoch: 739, val_loss:3.580315, acc: 15.87, bacc: 10.00, tmp_test_f1: 0.17, f1: 2.74
epoch: 740, val_loss:3.580316, acc: 15.87, bacc: 10.00, tmp_test_f1: 0.17, f1: 2.74
epoch: 741, val_loss:3.580317, acc: 15.87, bacc: 10.00, tmp_test_f1: 0.17, f1: 2.74
epoch: 742, val_loss:3.580318, acc: 15.87, bacc: 10.00, tmp_test_f1: 0.17, f1: 2.74
epoch: 743, val_loss:3.580319, acc: 15.87, bacc: 10.00, tmp_test_f1: 0.17, f1: 2.74
epoch: 744, val_loss:3.580322, acc: 15.87, bacc: 10.00, tmp_test_f1: 0.17, f1: 2.74
epoch: 745, val_loss:3.580323, acc: 15.87, bacc: 10.00, tmp_test_f1: 0.17, f1: 2.74
epoch: 746, val_loss:3.580324, acc: 15.87, bacc: 10.00, tmp_test_f1: 0.17, f1: 2.74
epoch: 747, val_loss:3.580324, acc: 15.87, bacc: 10.00, tmp_test_f1: 0.17, f1: 2.74
epoch: 748, val_loss:3.580324, acc: 15.87, bacc: 10.00, tmp_test_f1: 0.17, f1: 2.74
epoch: 749, val_loss:3.580325, acc: 15.87, bacc: 10.00, tmp_test_f1: 0.17, f1: 2.74
epoch: 750, val_loss:3.580328, acc: 15.87, bacc: 10.00, tmp_test_f1: 0.17, f1: 2.74
epoch: 751, val_loss:3.580330, acc: 15.87, bacc: 10.00, tmp_test_f1: 0.17, f1: 2.74
epoch: 752, val_loss:3.580332, acc: 15.87, bacc: 10.00, tmp_test_f1: 0.17, f1: 2.74
epoch: 753, val_loss:3.580332, acc: 15.87, bacc: 10.00, tmp_test_f1: 0.17, f1: 2.74
epoch: 754, val_loss:3.580334, acc: 15.87, bacc: 10.00, tmp_test_f1: 0.17, f1: 2.74
epoch: 755, val_loss:3.580336, acc: 15.87, bacc: 10.00, tmp_test_f1: 0.17, f1: 2.74
epoch: 756, val_loss:3.580337, acc: 15.87, bacc: 10.00, tmp_test_f1: 0.17, f1: 2.74
epoch: 757, val_loss:3.580338, acc: 15.87, bacc: 10.00, tmp_test_f1: 0.17, f1: 2.74
epoch: 758, val_loss:3.580339, acc: 15.87, bacc: 10.00, tmp_test_f1: 0.17, f1: 2.74
epoch: 759, val_loss:3.580340, acc: 15.87, bacc: 10.00, tmp_test_f1: 0.17, f1: 2.74
epoch: 760, val_loss:3.580342, acc: 15.87, bacc: 10.00, tmp_test_f1: 0.17, f1: 2.74
epoch: 761, val_loss:3.580343, acc: 15.87, bacc: 10.00, tmp_test_f1: 0.17, f1: 2.74
epoch: 762, val_loss:3.580344, acc: 15.87, bacc: 10.00, tmp_test_f1: 0.17, f1: 2.74
epoch: 763, val_loss:3.580345, acc: 15.87, bacc: 10.00, tmp_test_f1: 0.17, f1: 2.74
epoch: 764, val_loss:3.580347, acc: 15.87, bacc: 10.00, tmp_test_f1: 0.17, f1: 2.74
epoch: 765, val_loss:3.580348, acc: 15.87, bacc: 10.00, tmp_test_f1: 0.17, f1: 2.74
epoch: 766, val_loss:3.580349, acc: 15.87, bacc: 10.00, tmp_test_f1: 0.17, f1: 2.74
epoch: 767, val_loss:3.580351, acc: 15.87, bacc: 10.00, tmp_test_f1: 0.17, f1: 2.74
epoch: 768, val_loss:3.580352, acc: 15.87, bacc: 10.00, tmp_test_f1: 0.17, f1: 2.74
epoch: 769, val_loss:3.580354, acc: 15.87, bacc: 10.00, tmp_test_f1: 0.17, f1: 2.74
epoch: 770, val_loss:3.580354, acc: 15.87, bacc: 10.00, tmp_test_f1: 0.17, f1: 2.74
epoch: 771, val_loss:3.580356, acc: 15.87, bacc: 10.00, tmp_test_f1: 0.17, f1: 2.74
epoch: 772, val_loss:3.580357, acc: 15.87, bacc: 10.00, tmp_test_f1: 0.17, f1: 2.74
epoch: 773, val_loss:3.580358, acc: 15.87, bacc: 10.00, tmp_test_f1: 0.17, f1: 2.74
epoch: 774, val_loss:3.580358, acc: 15.87, bacc: 10.00, tmp_test_f1: 0.17, f1: 2.74
epoch: 775, val_loss:3.580359, acc: 15.87, bacc: 10.00, tmp_test_f1: 0.17, f1: 2.74
epoch: 776, val_loss:3.580359, acc: 15.87, bacc: 10.00, tmp_test_f1: 0.17, f1: 2.74
epoch: 777, val_loss:3.580361, acc: 15.87, bacc: 10.00, tmp_test_f1: 0.17, f1: 2.74
epoch: 778, val_loss:3.580363, acc: 15.87, bacc: 10.00, tmp_test_f1: 0.17, f1: 2.74
epoch: 779, val_loss:3.580366, acc: 15.87, bacc: 10.00, tmp_test_f1: 0.17, f1: 2.74
epoch: 780, val_loss:3.580367, acc: 15.87, bacc: 10.00, tmp_test_f1: 0.17, f1: 2.74
epoch: 781, val_loss:3.580368, acc: 15.87, bacc: 10.00, tmp_test_f1: 0.17, f1: 2.74
epoch: 782, val_loss:3.580370, acc: 15.87, bacc: 10.00, tmp_test_f1: 0.17, f1: 2.74
epoch: 783, val_loss:3.580370, acc: 15.87, bacc: 10.00, tmp_test_f1: 0.17, f1: 2.74
epoch: 784, val_loss:3.580371, acc: 15.87, bacc: 10.00, tmp_test_f1: 0.17, f1: 2.74
epoch: 785, val_loss:3.580372, acc: 15.87, bacc: 10.00, tmp_test_f1: 0.17, f1: 2.74
epoch: 786, val_loss:3.580375, acc: 15.87, bacc: 10.00, tmp_test_f1: 0.17, f1: 2.74
epoch: 787, val_loss:3.580375, acc: 15.87, bacc: 10.00, tmp_test_f1: 0.17, f1: 2.74
epoch: 788, val_loss:3.580376, acc: 15.87, bacc: 10.00, tmp_test_f1: 0.17, f1: 2.74
epoch: 789, val_loss:3.580378, acc: 15.87, bacc: 10.00, tmp_test_f1: 0.17, f1: 2.74
epoch: 790, val_loss:3.580379, acc: 15.87, bacc: 10.00, tmp_test_f1: 0.17, f1: 2.74
epoch: 791, val_loss:3.580381, acc: 15.87, bacc: 10.00, tmp_test_f1: 0.17, f1: 2.74
epoch: 792, val_loss:3.580382, acc: 15.87, bacc: 10.00, tmp_test_f1: 0.17, f1: 2.74
epoch: 793, val_loss:3.580383, acc: 15.87, bacc: 10.00, tmp_test_f1: 0.17, f1: 2.74
epoch: 794, val_loss:3.580385, acc: 15.87, bacc: 10.00, tmp_test_f1: 0.17, f1: 2.74
epoch: 795, val_loss:3.580386, acc: 15.87, bacc: 10.00, tmp_test_f1: 0.17, f1: 2.74
epoch: 796, val_loss:3.580386, acc: 15.87, bacc: 10.00, tmp_test_f1: 0.17, f1: 2.74
epoch: 797, val_loss:3.580388, acc: 15.87, bacc: 10.00, tmp_test_f1: 0.17, f1: 2.74
epoch: 798, val_loss:3.580390, acc: 15.87, bacc: 10.00, tmp_test_f1: 0.17, f1: 2.74
epoch: 799, val_loss:3.580391, acc: 15.87, bacc: 10.00, tmp_test_f1: 0.17, f1: 2.74
epoch: 800, val_loss:3.580390, acc: 15.87, bacc: 10.00, tmp_test_f1: 0.17, f1: 2.74
epoch: 801, val_loss:3.580392, acc: 15.87, bacc: 10.00, tmp_test_f1: 0.17, f1: 2.74
epoch: 802, val_loss:3.580392, acc: 15.87, bacc: 10.00, tmp_test_f1: 0.17, f1: 2.74
epoch: 803, val_loss:3.580394, acc: 15.87, bacc: 10.00, tmp_test_f1: 0.17, f1: 2.74
Epoch 00804: reducing learning rate of group 0 to 6.2500e-03.
epoch: 804, val_loss:3.580395, acc: 15.87, bacc: 10.00, tmp_test_f1: 0.17, f1: 2.74
epoch: 805, val_loss:3.580397, acc: 15.87, bacc: 10.00, tmp_test_f1: 0.17, f1: 2.74
epoch: 806, val_loss:3.580397, acc: 15.87, bacc: 10.00, tmp_test_f1: 0.17, f1: 2.74
Cheb Amazon-Computers 100 Aug 0 EndEpoch 806 lr 0.1
SHAsplit  0, acc: 15.87, bacc: 10.00, f1: 2.74
