CUDA Device Index: 2
Namespace(IsDirectedData=False, AugDirect=2311, net='Cheb', GPUdevice=2, seed=100, undirect_dataset='Amazon-Computers', Direct_dataset='WikipediaNetwork/squirrel', imb_ratio=100, dropout=0.1, num_filter=2, layer=2, alpha=0.1, K=2, feat_dim=64, warmup=5, epoch=1500, lr=0.1, l2=0.0005, tau=2, max=False, no_mask=False, gdc='ppr', heads=8, log_root='../logs/', log_path='test', data_path='../dataset/data/tmp/')
ChebModelBen(
  (conv1): ChebConv(767, 2, K=2, normalization=sym)
  (conv2): ChebConv(2, 2, K=2, normalization=sym)
  (Conv): Conv1d(2, 10, kernel_size=(1,), stride=(1,))
)
test_f1 CountNotImproved reset to 0 in epoch 0
epoch:   0, val_loss:2.375098, acc: 9.47, bacc: 10.00, tmp_test_f1: 1.73, f1: 1.73
epoch:   1, val_loss:2.367920, acc: 9.47, bacc: 10.00, tmp_test_f1: 1.73, f1: 1.73
epoch:   2, val_loss:2.370784, acc: 9.47, bacc: 10.00, tmp_test_f1: 1.73, f1: 1.73
epoch:   3, val_loss:2.379096, acc: 9.47, bacc: 10.00, tmp_test_f1: 1.73, f1: 1.73
epoch:   4, val_loss:2.388935, acc: 9.47, bacc: 10.00, tmp_test_f1: 1.73, f1: 1.73
epoch:   5, val_loss:2.403395, acc: 9.47, bacc: 10.00, tmp_test_f1: 1.73, f1: 1.73
epoch:   6, val_loss:2.423481, acc: 9.47, bacc: 10.00, tmp_test_f1: 1.73, f1: 1.73
test_f1 CountNotImproved reset to 0 in epoch 7
epoch:   7, val_loss:2.440472, acc: 15.87, bacc: 10.00, tmp_test_f1: 2.74, f1: 2.74
epoch:   8, val_loss:2.455756, acc: 15.87, bacc: 10.00, tmp_test_f1: 2.74, f1: 2.74
epoch:   9, val_loss:2.470240, acc: 15.87, bacc: 10.00, tmp_test_f1: 0.17, f1: 2.74
epoch:  10, val_loss:2.484500, acc: 15.87, bacc: 10.00, tmp_test_f1: 0.17, f1: 2.74
epoch:  11, val_loss:2.498791, acc: 15.87, bacc: 10.00, tmp_test_f1: 0.17, f1: 2.74
epoch:  12, val_loss:2.513089, acc: 15.87, bacc: 10.00, tmp_test_f1: 0.17, f1: 2.74
epoch:  13, val_loss:2.527155, acc: 15.87, bacc: 10.00, tmp_test_f1: 0.17, f1: 2.74
epoch:  14, val_loss:2.540593, acc: 15.87, bacc: 10.00, tmp_test_f1: 0.17, f1: 2.74
epoch:  15, val_loss:2.552901, acc: 15.87, bacc: 10.00, tmp_test_f1: 0.17, f1: 2.74
epoch:  16, val_loss:2.563517, acc: 15.87, bacc: 10.00, tmp_test_f1: 0.17, f1: 2.74
epoch:  17, val_loss:2.571889, acc: 15.87, bacc: 10.00, tmp_test_f1: 0.17, f1: 2.74
epoch:  18, val_loss:2.577548, acc: 15.87, bacc: 10.00, tmp_test_f1: 0.17, f1: 2.74
epoch:  19, val_loss:2.580178, acc: 15.87, bacc: 10.00, tmp_test_f1: 0.17, f1: 2.74
epoch:  20, val_loss:2.579663, acc: 15.87, bacc: 10.00, tmp_test_f1: 0.17, f1: 2.74
epoch:  21, val_loss:2.576101, acc: 15.87, bacc: 10.00, tmp_test_f1: 0.17, f1: 2.74
epoch:  22, val_loss:2.569771, acc: 15.87, bacc: 10.00, tmp_test_f1: 0.17, f1: 2.74
epoch:  23, val_loss:2.561092, acc: 15.87, bacc: 10.00, tmp_test_f1: 0.17, f1: 2.74
epoch:  24, val_loss:2.550567, acc: 15.87, bacc: 10.00, tmp_test_f1: 0.17, f1: 2.74
epoch:  25, val_loss:2.538728, acc: 15.87, bacc: 10.00, tmp_test_f1: 0.17, f1: 2.74
epoch:  26, val_loss:2.526091, acc: 15.87, bacc: 10.00, tmp_test_f1: 0.17, f1: 2.74
epoch:  27, val_loss:2.513129, acc: 15.87, bacc: 10.00, tmp_test_f1: 0.17, f1: 2.74
epoch:  28, val_loss:2.500253, acc: 15.87, bacc: 10.00, tmp_test_f1: 0.17, f1: 2.74
epoch:  29, val_loss:2.487811, acc: 15.87, bacc: 10.00, tmp_test_f1: 0.17, f1: 2.74
epoch:  30, val_loss:2.476078, acc: 15.87, bacc: 10.00, tmp_test_f1: 0.17, f1: 2.74
epoch:  31, val_loss:2.465270, acc: 15.87, bacc: 10.00, tmp_test_f1: 0.17, f1: 2.74
epoch:  32, val_loss:2.455541, acc: 15.87, bacc: 10.00, tmp_test_f1: 0.17, f1: 2.74
epoch:  33, val_loss:2.446996, acc: 15.87, bacc: 10.00, tmp_test_f1: 0.17, f1: 2.74
epoch:  34, val_loss:2.439695, acc: 15.87, bacc: 10.00, tmp_test_f1: 0.17, f1: 2.74
epoch:  35, val_loss:2.433662, acc: 15.87, bacc: 10.00, tmp_test_f1: 0.17, f1: 2.74
epoch:  36, val_loss:2.428897, acc: 15.87, bacc: 10.00, tmp_test_f1: 0.17, f1: 2.74
epoch:  37, val_loss:2.425370, acc: 15.87, bacc: 10.00, tmp_test_f1: 0.17, f1: 2.74
epoch:  38, val_loss:2.423035, acc: 15.87, bacc: 10.00, tmp_test_f1: 0.17, f1: 2.74
epoch:  39, val_loss:2.421827, acc: 15.87, bacc: 10.00, tmp_test_f1: 0.17, f1: 2.74
epoch:  40, val_loss:2.421652, acc: 15.87, bacc: 10.00, tmp_test_f1: 0.17, f1: 2.74
epoch:  41, val_loss:2.422401, acc: 15.87, bacc: 10.00, tmp_test_f1: 0.17, f1: 2.74
epoch:  42, val_loss:2.423945, acc: 15.87, bacc: 10.00, tmp_test_f1: 0.17, f1: 2.74
epoch:  43, val_loss:2.426142, acc: 15.87, bacc: 10.00, tmp_test_f1: 0.17, f1: 2.74
epoch:  44, val_loss:2.428835, acc: 15.87, bacc: 10.00, tmp_test_f1: 0.17, f1: 2.74
epoch:  45, val_loss:2.431875, acc: 15.87, bacc: 10.00, tmp_test_f1: 0.17, f1: 2.74
epoch:  46, val_loss:2.435107, acc: 15.87, bacc: 10.00, tmp_test_f1: 0.17, f1: 2.74
epoch:  47, val_loss:2.438391, acc: 15.87, bacc: 10.00, tmp_test_f1: 0.17, f1: 2.74
epoch:  48, val_loss:2.441602, acc: 15.87, bacc: 10.00, tmp_test_f1: 0.17, f1: 2.74
epoch:  49, val_loss:2.444631, acc: 15.87, bacc: 10.00, tmp_test_f1: 0.17, f1: 2.74
epoch:  50, val_loss:2.447389, acc: 15.87, bacc: 10.00, tmp_test_f1: 0.17, f1: 2.74
epoch:  51, val_loss:2.449813, acc: 15.87, bacc: 10.00, tmp_test_f1: 0.17, f1: 2.74
epoch:  52, val_loss:2.451854, acc: 15.87, bacc: 10.00, tmp_test_f1: 0.17, f1: 2.74
epoch:  53, val_loss:2.453488, acc: 15.87, bacc: 10.00, tmp_test_f1: 0.17, f1: 2.74
epoch:  54, val_loss:2.454707, acc: 15.87, bacc: 10.00, tmp_test_f1: 0.17, f1: 2.74
epoch:  55, val_loss:2.455522, acc: 15.87, bacc: 10.00, tmp_test_f1: 0.17, f1: 2.74
epoch:  56, val_loss:2.455953, acc: 15.87, bacc: 10.00, tmp_test_f1: 0.17, f1: 2.74
epoch:  57, val_loss:2.456033, acc: 15.87, bacc: 10.00, tmp_test_f1: 0.17, f1: 2.74
epoch:  58, val_loss:2.455807, acc: 15.87, bacc: 10.00, tmp_test_f1: 0.17, f1: 2.74
epoch:  59, val_loss:2.455317, acc: 15.87, bacc: 10.00, tmp_test_f1: 0.17, f1: 2.74
epoch:  60, val_loss:2.454617, acc: 15.87, bacc: 10.00, tmp_test_f1: 0.17, f1: 2.74
epoch:  61, val_loss:2.453756, acc: 15.87, bacc: 10.00, tmp_test_f1: 0.17, f1: 2.74
epoch:  62, val_loss:2.452786, acc: 15.87, bacc: 10.00, tmp_test_f1: 0.17, f1: 2.74
epoch:  63, val_loss:2.451757, acc: 15.87, bacc: 10.00, tmp_test_f1: 0.17, f1: 2.74
epoch:  64, val_loss:2.450712, acc: 15.87, bacc: 10.00, tmp_test_f1: 0.17, f1: 2.74
epoch:  65, val_loss:2.449698, acc: 15.87, bacc: 10.00, tmp_test_f1: 0.17, f1: 2.74
epoch:  66, val_loss:2.448750, acc: 15.87, bacc: 10.00, tmp_test_f1: 0.17, f1: 2.74
epoch:  67, val_loss:2.447901, acc: 15.87, bacc: 10.00, tmp_test_f1: 0.17, f1: 2.74
epoch:  68, val_loss:2.447176, acc: 15.87, bacc: 10.00, tmp_test_f1: 0.17, f1: 2.74
epoch:  69, val_loss:2.446591, acc: 15.87, bacc: 10.00, tmp_test_f1: 0.17, f1: 2.74
epoch:  70, val_loss:2.446157, acc: 15.87, bacc: 10.00, tmp_test_f1: 0.17, f1: 2.74
epoch:  71, val_loss:2.445873, acc: 15.87, bacc: 10.00, tmp_test_f1: 0.17, f1: 2.74
epoch:  72, val_loss:2.445734, acc: 15.87, bacc: 10.00, tmp_test_f1: 0.17, f1: 2.74
epoch:  73, val_loss:2.445724, acc: 15.87, bacc: 10.00, tmp_test_f1: 0.17, f1: 2.74
epoch:  74, val_loss:2.445824, acc: 15.87, bacc: 10.00, tmp_test_f1: 0.17, f1: 2.74
epoch:  75, val_loss:2.446012, acc: 15.87, bacc: 10.00, tmp_test_f1: 0.17, f1: 2.74
epoch:  76, val_loss:2.446266, acc: 15.87, bacc: 10.00, tmp_test_f1: 0.17, f1: 2.74
epoch:  77, val_loss:2.446555, acc: 15.87, bacc: 10.00, tmp_test_f1: 0.17, f1: 2.74
epoch:  78, val_loss:2.446855, acc: 15.87, bacc: 10.00, tmp_test_f1: 0.17, f1: 2.74
epoch:  79, val_loss:2.447145, acc: 15.87, bacc: 10.00, tmp_test_f1: 0.17, f1: 2.74
epoch:  80, val_loss:2.447430, acc: 15.87, bacc: 10.00, tmp_test_f1: 0.17, f1: 2.74
epoch:  81, val_loss:2.444283, acc: 15.87, bacc: 10.00, tmp_test_f1: 0.17, f1: 2.74
epoch:  82, val_loss:2.439047, acc: 15.87, bacc: 10.00, tmp_test_f1: 0.17, f1: 2.74
epoch:  83, val_loss:2.442173, acc: 15.87, bacc: 10.00, tmp_test_f1: 0.17, f1: 2.74
epoch:  84, val_loss:2.440246, acc: 15.87, bacc: 10.00, tmp_test_f1: 0.17, f1: 2.74
epoch:  85, val_loss:2.432304, acc: 15.87, bacc: 10.00, tmp_test_f1: 0.17, f1: 2.74
epoch:  86, val_loss:2.420798, acc: 15.87, bacc: 10.00, tmp_test_f1: 0.69, f1: 2.74
epoch:  87, val_loss:2.425479, acc: 15.87, bacc: 10.00, tmp_test_f1: 0.35, f1: 2.74
epoch:  88, val_loss:2.445246, acc: 15.87, bacc: 10.00, tmp_test_f1: 0.38, f1: 2.74
epoch:  89, val_loss:2.468158, acc: 15.87, bacc: 10.00, tmp_test_f1: 0.36, f1: 2.74
epoch:  90, val_loss:2.493564, acc: 15.87, bacc: 10.00, tmp_test_f1: 0.58, f1: 2.74
epoch:  91, val_loss:2.522133, acc: 15.87, bacc: 10.00, tmp_test_f1: 0.67, f1: 2.74
epoch:  92, val_loss:2.556197, acc: 15.87, bacc: 10.00, tmp_test_f1: 0.57, f1: 2.74
epoch:  93, val_loss:2.597120, acc: 15.87, bacc: 10.00, tmp_test_f1: 0.51, f1: 2.74
epoch:  94, val_loss:2.642776, acc: 15.87, bacc: 10.00, tmp_test_f1: 0.49, f1: 2.74
epoch:  95, val_loss:2.691697, acc: 15.87, bacc: 10.00, tmp_test_f1: 0.42, f1: 2.74
epoch:  96, val_loss:2.743928, acc: 15.87, bacc: 10.00, tmp_test_f1: 0.46, f1: 2.74
epoch:  97, val_loss:2.797066, acc: 15.87, bacc: 10.00, tmp_test_f1: 0.46, f1: 2.74
epoch:  98, val_loss:2.848413, acc: 15.87, bacc: 10.00, tmp_test_f1: 0.45, f1: 2.74
epoch:  99, val_loss:2.898553, acc: 15.87, bacc: 10.00, tmp_test_f1: 0.37, f1: 2.74
epoch: 100, val_loss:2.946674, acc: 15.87, bacc: 10.00, tmp_test_f1: 0.45, f1: 2.74
epoch: 101, val_loss:2.991812, acc: 15.87, bacc: 10.00, tmp_test_f1: 0.68, f1: 2.74
epoch: 102, val_loss:3.033736, acc: 15.87, bacc: 10.00, tmp_test_f1: 0.74, f1: 2.74
epoch: 103, val_loss:3.072274, acc: 15.87, bacc: 10.00, tmp_test_f1: 0.65, f1: 2.74
epoch: 104, val_loss:3.108253, acc: 15.87, bacc: 10.00, tmp_test_f1: 0.77, f1: 2.74
epoch: 105, val_loss:3.140305, acc: 15.87, bacc: 10.00, tmp_test_f1: 0.84, f1: 2.74
epoch: 106, val_loss:3.168284, acc: 15.87, bacc: 10.00, tmp_test_f1: 0.99, f1: 2.74
epoch: 107, val_loss:3.191388, acc: 15.87, bacc: 10.00, tmp_test_f1: 1.23, f1: 2.74
epoch: 108, val_loss:3.211365, acc: 15.87, bacc: 10.00, tmp_test_f1: 1.18, f1: 2.74
epoch: 109, val_loss:3.228388, acc: 15.87, bacc: 10.00, tmp_test_f1: 1.14, f1: 2.74
epoch: 110, val_loss:3.242838, acc: 15.87, bacc: 10.00, tmp_test_f1: 0.98, f1: 2.74
epoch: 111, val_loss:3.256035, acc: 15.87, bacc: 10.00, tmp_test_f1: 1.20, f1: 2.74
epoch: 112, val_loss:3.266765, acc: 15.87, bacc: 10.00, tmp_test_f1: 1.08, f1: 2.74
epoch: 113, val_loss:3.274269, acc: 15.87, bacc: 10.00, tmp_test_f1: 1.30, f1: 2.74
epoch: 114, val_loss:3.278759, acc: 15.87, bacc: 10.00, tmp_test_f1: 1.16, f1: 2.74
epoch: 115, val_loss:3.281710, acc: 15.87, bacc: 10.00, tmp_test_f1: 1.04, f1: 2.74
epoch: 116, val_loss:3.283573, acc: 15.87, bacc: 10.00, tmp_test_f1: 1.14, f1: 2.74
epoch: 117, val_loss:3.282426, acc: 15.87, bacc: 10.00, tmp_test_f1: 1.16, f1: 2.74
epoch: 118, val_loss:3.279351, acc: 15.87, bacc: 10.00, tmp_test_f1: 1.10, f1: 2.74
epoch: 119, val_loss:3.274780, acc: 15.87, bacc: 10.00, tmp_test_f1: 1.03, f1: 2.74
epoch: 120, val_loss:3.272011, acc: 15.87, bacc: 10.00, tmp_test_f1: 1.10, f1: 2.74
epoch: 121, val_loss:3.269380, acc: 15.87, bacc: 10.00, tmp_test_f1: 1.02, f1: 2.74
epoch: 122, val_loss:3.266522, acc: 15.87, bacc: 10.00, tmp_test_f1: 0.87, f1: 2.74
epoch: 123, val_loss:3.261131, acc: 15.87, bacc: 10.00, tmp_test_f1: 0.90, f1: 2.74
epoch: 124, val_loss:3.253323, acc: 15.87, bacc: 10.00, tmp_test_f1: 0.91, f1: 2.74
epoch: 125, val_loss:3.245085, acc: 15.87, bacc: 10.00, tmp_test_f1: 0.99, f1: 2.74
epoch: 126, val_loss:3.236945, acc: 15.87, bacc: 10.00, tmp_test_f1: 0.92, f1: 2.74
epoch: 127, val_loss:3.231763, acc: 15.87, bacc: 10.00, tmp_test_f1: 0.88, f1: 2.74
epoch: 128, val_loss:3.225879, acc: 15.87, bacc: 10.00, tmp_test_f1: 1.09, f1: 2.74
epoch: 129, val_loss:3.217833, acc: 15.87, bacc: 10.00, tmp_test_f1: 1.16, f1: 2.74
epoch: 130, val_loss:3.208187, acc: 15.87, bacc: 10.00, tmp_test_f1: 1.01, f1: 2.74
epoch: 131, val_loss:3.196103, acc: 15.87, bacc: 10.00, tmp_test_f1: 1.01, f1: 2.74
epoch: 132, val_loss:3.186539, acc: 15.87, bacc: 10.00, tmp_test_f1: 1.02, f1: 2.74
epoch: 133, val_loss:3.180084, acc: 15.87, bacc: 10.00, tmp_test_f1: 0.98, f1: 2.74
epoch: 134, val_loss:3.175627, acc: 15.87, bacc: 10.00, tmp_test_f1: 0.93, f1: 2.74
epoch: 135, val_loss:3.170159, acc: 15.87, bacc: 10.00, tmp_test_f1: 0.81, f1: 2.74
epoch: 136, val_loss:3.162414, acc: 15.87, bacc: 10.00, tmp_test_f1: 1.20, f1: 2.74
epoch: 137, val_loss:3.152167, acc: 15.87, bacc: 10.00, tmp_test_f1: 0.89, f1: 2.74
epoch: 138, val_loss:3.141386, acc: 15.87, bacc: 10.00, tmp_test_f1: 1.07, f1: 2.74
epoch: 139, val_loss:3.133183, acc: 15.87, bacc: 10.00, tmp_test_f1: 0.94, f1: 2.74
epoch: 140, val_loss:3.127814, acc: 15.87, bacc: 10.00, tmp_test_f1: 0.86, f1: 2.74
epoch: 141, val_loss:3.125617, acc: 15.87, bacc: 10.00, tmp_test_f1: 0.84, f1: 2.74
epoch: 142, val_loss:3.125773, acc: 15.87, bacc: 10.00, tmp_test_f1: 0.87, f1: 2.74
epoch: 143, val_loss:3.124289, acc: 15.87, bacc: 10.00, tmp_test_f1: 0.79, f1: 2.74
epoch: 144, val_loss:3.121936, acc: 15.87, bacc: 10.00, tmp_test_f1: 1.18, f1: 2.74
epoch: 145, val_loss:3.118593, acc: 15.87, bacc: 10.00, tmp_test_f1: 0.90, f1: 2.74
epoch: 146, val_loss:3.113056, acc: 15.87, bacc: 10.00, tmp_test_f1: 1.11, f1: 2.74
epoch: 147, val_loss:3.104034, acc: 15.87, bacc: 10.00, tmp_test_f1: 1.04, f1: 2.74
epoch: 148, val_loss:3.098451, acc: 15.87, bacc: 10.00, tmp_test_f1: 0.90, f1: 2.74
epoch: 149, val_loss:3.098336, acc: 15.87, bacc: 10.00, tmp_test_f1: 0.90, f1: 2.74
epoch: 150, val_loss:3.102431, acc: 15.87, bacc: 10.00, tmp_test_f1: 0.81, f1: 2.74
epoch: 151, val_loss:3.105968, acc: 15.87, bacc: 10.00, tmp_test_f1: 0.83, f1: 2.74
epoch: 152, val_loss:3.105922, acc: 15.87, bacc: 10.00, tmp_test_f1: 1.05, f1: 2.74
epoch: 153, val_loss:3.101588, acc: 15.87, bacc: 10.00, tmp_test_f1: 1.16, f1: 2.74
epoch: 154, val_loss:3.093972, acc: 15.87, bacc: 10.00, tmp_test_f1: 1.31, f1: 2.74
epoch: 155, val_loss:3.085836, acc: 15.87, bacc: 10.00, tmp_test_f1: 1.06, f1: 2.74
epoch: 156, val_loss:3.080885, acc: 15.87, bacc: 10.00, tmp_test_f1: 1.08, f1: 2.74
epoch: 157, val_loss:3.081029, acc: 15.87, bacc: 10.00, tmp_test_f1: 0.93, f1: 2.74
epoch: 158, val_loss:3.084038, acc: 15.87, bacc: 10.00, tmp_test_f1: 0.94, f1: 2.74
epoch: 159, val_loss:3.084782, acc: 15.87, bacc: 10.00, tmp_test_f1: 0.92, f1: 2.74
epoch: 160, val_loss:3.084386, acc: 15.87, bacc: 10.00, tmp_test_f1: 1.03, f1: 2.74
epoch: 161, val_loss:3.084148, acc: 15.87, bacc: 10.00, tmp_test_f1: 1.03, f1: 2.74
epoch: 162, val_loss:3.083817, acc: 15.87, bacc: 10.00, tmp_test_f1: 1.22, f1: 2.74
epoch: 163, val_loss:3.083911, acc: 15.87, bacc: 10.00, tmp_test_f1: 1.29, f1: 2.74
epoch: 164, val_loss:3.082169, acc: 15.87, bacc: 10.00, tmp_test_f1: 1.20, f1: 2.74
epoch: 165, val_loss:3.080978, acc: 15.87, bacc: 10.00, tmp_test_f1: 1.00, f1: 2.74
epoch: 166, val_loss:3.080647, acc: 15.87, bacc: 10.00, tmp_test_f1: 0.95, f1: 2.74
epoch: 167, val_loss:3.080626, acc: 15.87, bacc: 10.00, tmp_test_f1: 0.98, f1: 2.74
epoch: 168, val_loss:3.082117, acc: 15.87, bacc: 10.00, tmp_test_f1: 0.96, f1: 2.74
epoch: 169, val_loss:3.083074, acc: 15.87, bacc: 10.00, tmp_test_f1: 0.95, f1: 2.74
epoch: 170, val_loss:3.083073, acc: 15.87, bacc: 10.00, tmp_test_f1: 1.24, f1: 2.74
epoch: 171, val_loss:3.082050, acc: 15.87, bacc: 10.00, tmp_test_f1: 1.27, f1: 2.74
epoch: 172, val_loss:3.081184, acc: 15.87, bacc: 10.00, tmp_test_f1: 1.27, f1: 2.74
epoch: 173, val_loss:3.079890, acc: 15.87, bacc: 10.00, tmp_test_f1: 1.36, f1: 2.74
epoch: 174, val_loss:3.077538, acc: 15.87, bacc: 10.00, tmp_test_f1: 0.89, f1: 2.74
epoch: 175, val_loss:3.077898, acc: 15.87, bacc: 10.00, tmp_test_f1: 0.98, f1: 2.74
epoch: 176, val_loss:3.081163, acc: 15.87, bacc: 10.00, tmp_test_f1: 0.95, f1: 2.74
epoch: 177, val_loss:3.086085, acc: 15.87, bacc: 10.00, tmp_test_f1: 0.86, f1: 2.74
epoch: 178, val_loss:3.089649, acc: 15.87, bacc: 10.00, tmp_test_f1: 1.08, f1: 2.74
epoch: 179, val_loss:3.090853, acc: 15.87, bacc: 10.00, tmp_test_f1: 1.05, f1: 2.74
epoch: 180, val_loss:3.089141, acc: 15.87, bacc: 10.00, tmp_test_f1: 1.17, f1: 2.74
epoch: 181, val_loss:3.085090, acc: 15.87, bacc: 10.00, tmp_test_f1: 1.04, f1: 2.74
epoch: 182, val_loss:3.080829, acc: 15.87, bacc: 10.00, tmp_test_f1: 0.94, f1: 2.74
epoch: 183, val_loss:3.080473, acc: 15.87, bacc: 10.00, tmp_test_f1: 1.01, f1: 2.74
epoch: 184, val_loss:3.081217, acc: 15.87, bacc: 10.00, tmp_test_f1: 1.06, f1: 2.74
epoch: 185, val_loss:3.080559, acc: 15.87, bacc: 10.00, tmp_test_f1: 0.95, f1: 2.74
epoch: 186, val_loss:3.080091, acc: 15.87, bacc: 10.00, tmp_test_f1: 1.31, f1: 2.74
epoch: 187, val_loss:3.077693, acc: 15.87, bacc: 10.00, tmp_test_f1: 1.37, f1: 2.74
epoch: 188, val_loss:3.073312, acc: 15.87, bacc: 10.00, tmp_test_f1: 1.25, f1: 2.74
epoch: 189, val_loss:3.071075, acc: 15.87, bacc: 10.00, tmp_test_f1: 1.13, f1: 2.74
epoch: 190, val_loss:3.069499, acc: 15.87, bacc: 10.00, tmp_test_f1: 1.11, f1: 2.74
epoch: 191, val_loss:3.070631, acc: 15.87, bacc: 10.00, tmp_test_f1: 1.08, f1: 2.74
epoch: 192, val_loss:3.073836, acc: 15.87, bacc: 10.00, tmp_test_f1: 1.05, f1: 2.74
epoch: 193, val_loss:3.077415, acc: 15.87, bacc: 10.00, tmp_test_f1: 1.06, f1: 2.74
epoch: 194, val_loss:3.080252, acc: 15.87, bacc: 10.00, tmp_test_f1: 1.15, f1: 2.74
epoch: 195, val_loss:3.079040, acc: 15.87, bacc: 10.00, tmp_test_f1: 0.85, f1: 2.74
epoch: 196, val_loss:3.077446, acc: 15.87, bacc: 10.00, tmp_test_f1: 0.84, f1: 2.74
epoch: 197, val_loss:3.076097, acc: 15.87, bacc: 10.00, tmp_test_f1: 0.84, f1: 2.74
epoch: 198, val_loss:3.075831, acc: 15.87, bacc: 10.00, tmp_test_f1: 0.86, f1: 2.74
epoch: 199, val_loss:3.076138, acc: 15.87, bacc: 10.00, tmp_test_f1: 0.92, f1: 2.74
epoch: 200, val_loss:3.078079, acc: 15.87, bacc: 10.00, tmp_test_f1: 0.96, f1: 2.74
epoch: 201, val_loss:3.080463, acc: 15.87, bacc: 10.00, tmp_test_f1: 0.99, f1: 2.74
Epoch 00202: reducing learning rate of group 0 to 5.0000e-02.
epoch: 202, val_loss:3.082123, acc: 15.87, bacc: 10.00, tmp_test_f1: 0.94, f1: 2.74
epoch: 203, val_loss:3.080822, acc: 15.87, bacc: 10.00, tmp_test_f1: 0.95, f1: 2.74
epoch: 204, val_loss:3.080690, acc: 15.87, bacc: 10.00, tmp_test_f1: 1.04, f1: 2.74
epoch: 205, val_loss:3.080685, acc: 15.87, bacc: 10.00, tmp_test_f1: 1.09, f1: 2.74
epoch: 206, val_loss:3.081658, acc: 15.87, bacc: 10.00, tmp_test_f1: 1.07, f1: 2.74
epoch: 207, val_loss:3.082789, acc: 15.87, bacc: 10.00, tmp_test_f1: 1.06, f1: 2.74
epoch: 208, val_loss:3.084859, acc: 15.87, bacc: 10.00, tmp_test_f1: 1.05, f1: 2.74
epoch: 209, val_loss:3.085786, acc: 15.87, bacc: 10.00, tmp_test_f1: 1.02, f1: 2.74
epoch: 210, val_loss:3.086479, acc: 15.87, bacc: 10.00, tmp_test_f1: 1.11, f1: 2.74
epoch: 211, val_loss:3.087439, acc: 15.87, bacc: 10.00, tmp_test_f1: 1.01, f1: 2.74
epoch: 212, val_loss:3.089144, acc: 15.87, bacc: 10.00, tmp_test_f1: 0.96, f1: 2.74
epoch: 213, val_loss:3.091232, acc: 15.87, bacc: 10.00, tmp_test_f1: 1.11, f1: 2.74
epoch: 214, val_loss:3.092311, acc: 15.87, bacc: 10.00, tmp_test_f1: 1.07, f1: 2.74
epoch: 215, val_loss:3.092890, acc: 15.87, bacc: 10.00, tmp_test_f1: 1.05, f1: 2.74
epoch: 216, val_loss:3.092312, acc: 15.87, bacc: 10.00, tmp_test_f1: 1.06, f1: 2.74
epoch: 217, val_loss:3.091080, acc: 15.87, bacc: 10.00, tmp_test_f1: 1.12, f1: 2.74
epoch: 218, val_loss:3.089448, acc: 15.87, bacc: 10.00, tmp_test_f1: 0.91, f1: 2.74
epoch: 219, val_loss:3.089010, acc: 15.87, bacc: 10.00, tmp_test_f1: 0.92, f1: 2.74
epoch: 220, val_loss:3.089178, acc: 15.87, bacc: 10.00, tmp_test_f1: 0.97, f1: 2.74
epoch: 221, val_loss:3.089242, acc: 15.87, bacc: 10.00, tmp_test_f1: 1.00, f1: 2.74
epoch: 222, val_loss:3.090105, acc: 15.87, bacc: 10.00, tmp_test_f1: 1.02, f1: 2.74
epoch: 223, val_loss:3.091842, acc: 15.87, bacc: 10.00, tmp_test_f1: 1.07, f1: 2.74
epoch: 224, val_loss:3.093356, acc: 15.87, bacc: 10.00, tmp_test_f1: 1.13, f1: 2.74
epoch: 225, val_loss:3.094758, acc: 15.87, bacc: 10.00, tmp_test_f1: 1.28, f1: 2.74
epoch: 226, val_loss:3.095713, acc: 15.87, bacc: 10.00, tmp_test_f1: 1.02, f1: 2.74
epoch: 227, val_loss:3.096306, acc: 15.87, bacc: 10.00, tmp_test_f1: 0.95, f1: 2.74
epoch: 228, val_loss:3.097155, acc: 15.87, bacc: 10.00, tmp_test_f1: 1.02, f1: 2.74
epoch: 229, val_loss:3.098392, acc: 15.87, bacc: 10.00, tmp_test_f1: 1.01, f1: 2.74
epoch: 230, val_loss:3.099631, acc: 15.87, bacc: 10.00, tmp_test_f1: 1.00, f1: 2.74
epoch: 231, val_loss:3.100619, acc: 15.87, bacc: 10.00, tmp_test_f1: 0.99, f1: 2.74
epoch: 232, val_loss:3.101804, acc: 15.87, bacc: 10.00, tmp_test_f1: 0.99, f1: 2.74
epoch: 233, val_loss:3.103184, acc: 15.87, bacc: 10.00, tmp_test_f1: 1.19, f1: 2.74
epoch: 234, val_loss:3.105015, acc: 15.87, bacc: 10.00, tmp_test_f1: 1.23, f1: 2.74
epoch: 235, val_loss:3.105548, acc: 15.87, bacc: 10.00, tmp_test_f1: 1.26, f1: 2.74
epoch: 236, val_loss:3.105464, acc: 15.87, bacc: 10.00, tmp_test_f1: 1.04, f1: 2.74
epoch: 237, val_loss:3.106036, acc: 15.87, bacc: 10.00, tmp_test_f1: 1.06, f1: 2.74
epoch: 238, val_loss:3.107271, acc: 15.87, bacc: 10.00, tmp_test_f1: 1.08, f1: 2.74
epoch: 239, val_loss:3.108903, acc: 15.87, bacc: 10.00, tmp_test_f1: 1.05, f1: 2.74
epoch: 240, val_loss:3.110117, acc: 15.87, bacc: 10.00, tmp_test_f1: 1.08, f1: 2.74
epoch: 241, val_loss:3.110196, acc: 15.87, bacc: 10.00, tmp_test_f1: 1.09, f1: 2.74
epoch: 242, val_loss:3.108485, acc: 15.87, bacc: 10.00, tmp_test_f1: 1.11, f1: 2.74
epoch: 243, val_loss:3.106009, acc: 15.87, bacc: 10.00, tmp_test_f1: 1.11, f1: 2.74
epoch: 244, val_loss:3.103789, acc: 15.87, bacc: 10.00, tmp_test_f1: 1.11, f1: 2.74
epoch: 245, val_loss:3.102762, acc: 15.87, bacc: 10.00, tmp_test_f1: 1.25, f1: 2.74
epoch: 246, val_loss:3.101657, acc: 15.87, bacc: 10.00, tmp_test_f1: 1.35, f1: 2.74
epoch: 247, val_loss:3.100659, acc: 15.87, bacc: 10.00, tmp_test_f1: 1.29, f1: 2.74
epoch: 248, val_loss:3.100129, acc: 15.87, bacc: 10.00, tmp_test_f1: 1.23, f1: 2.74
epoch: 249, val_loss:3.099609, acc: 15.87, bacc: 10.00, tmp_test_f1: 0.97, f1: 2.74
epoch: 250, val_loss:3.098757, acc: 15.87, bacc: 10.00, tmp_test_f1: 0.96, f1: 2.74
epoch: 251, val_loss:3.097361, acc: 15.87, bacc: 10.00, tmp_test_f1: 0.91, f1: 2.74
epoch: 252, val_loss:3.096411, acc: 15.87, bacc: 10.00, tmp_test_f1: 0.91, f1: 2.74
epoch: 253, val_loss:3.095893, acc: 15.87, bacc: 10.00, tmp_test_f1: 0.91, f1: 2.74
epoch: 254, val_loss:3.095803, acc: 15.87, bacc: 10.00, tmp_test_f1: 0.92, f1: 2.74
epoch: 255, val_loss:3.095667, acc: 15.87, bacc: 10.00, tmp_test_f1: 0.92, f1: 2.74
epoch: 256, val_loss:3.095256, acc: 15.87, bacc: 10.00, tmp_test_f1: 0.93, f1: 2.74
epoch: 257, val_loss:3.094975, acc: 15.87, bacc: 10.00, tmp_test_f1: 1.15, f1: 2.74
epoch: 258, val_loss:3.094320, acc: 15.87, bacc: 10.00, tmp_test_f1: 1.15, f1: 2.74
epoch: 259, val_loss:3.093112, acc: 15.87, bacc: 10.00, tmp_test_f1: 0.98, f1: 2.74
epoch: 260, val_loss:3.091386, acc: 15.87, bacc: 10.00, tmp_test_f1: 0.97, f1: 2.74
epoch: 261, val_loss:3.089830, acc: 15.87, bacc: 10.00, tmp_test_f1: 1.16, f1: 2.74
epoch: 262, val_loss:3.087839, acc: 15.87, bacc: 10.00, tmp_test_f1: 1.17, f1: 2.74
epoch: 263, val_loss:3.086001, acc: 15.87, bacc: 10.00, tmp_test_f1: 0.92, f1: 2.74
epoch: 264, val_loss:3.084983, acc: 15.87, bacc: 10.00, tmp_test_f1: 1.19, f1: 2.74
epoch: 265, val_loss:3.084472, acc: 15.87, bacc: 10.00, tmp_test_f1: 1.08, f1: 2.74
epoch: 266, val_loss:3.083735, acc: 15.87, bacc: 10.00, tmp_test_f1: 1.04, f1: 2.74
epoch: 267, val_loss:3.083223, acc: 15.87, bacc: 10.00, tmp_test_f1: 1.05, f1: 2.74
epoch: 268, val_loss:3.082498, acc: 15.87, bacc: 10.00, tmp_test_f1: 1.06, f1: 2.74
epoch: 269, val_loss:3.081554, acc: 15.87, bacc: 10.00, tmp_test_f1: 1.06, f1: 2.74
epoch: 270, val_loss:3.081353, acc: 15.87, bacc: 10.00, tmp_test_f1: 1.09, f1: 2.74
epoch: 271, val_loss:3.081776, acc: 15.87, bacc: 10.00, tmp_test_f1: 0.91, f1: 2.74
epoch: 272, val_loss:3.082535, acc: 15.87, bacc: 10.00, tmp_test_f1: 0.89, f1: 2.74
epoch: 273, val_loss:3.084123, acc: 15.87, bacc: 10.00, tmp_test_f1: 0.87, f1: 2.74
epoch: 274, val_loss:3.084915, acc: 15.87, bacc: 10.00, tmp_test_f1: 1.23, f1: 2.74
epoch: 275, val_loss:3.085065, acc: 15.87, bacc: 10.00, tmp_test_f1: 1.27, f1: 2.74
epoch: 276, val_loss:3.085279, acc: 15.87, bacc: 10.00, tmp_test_f1: 1.29, f1: 2.74
epoch: 277, val_loss:3.085373, acc: 15.87, bacc: 10.00, tmp_test_f1: 1.16, f1: 2.74
epoch: 278, val_loss:3.084839, acc: 15.87, bacc: 10.00, tmp_test_f1: 1.05, f1: 2.74
epoch: 279, val_loss:3.084956, acc: 15.87, bacc: 10.00, tmp_test_f1: 1.05, f1: 2.74
epoch: 280, val_loss:3.086101, acc: 15.87, bacc: 10.00, tmp_test_f1: 1.06, f1: 2.74
epoch: 281, val_loss:3.087243, acc: 15.87, bacc: 10.00, tmp_test_f1: 1.02, f1: 2.74
epoch: 282, val_loss:3.088627, acc: 15.87, bacc: 10.00, tmp_test_f1: 1.01, f1: 2.74
epoch: 283, val_loss:3.090295, acc: 15.87, bacc: 10.00, tmp_test_f1: 1.00, f1: 2.74
epoch: 284, val_loss:3.092227, acc: 15.87, bacc: 10.00, tmp_test_f1: 0.86, f1: 2.74
epoch: 285, val_loss:3.093180, acc: 15.87, bacc: 10.00, tmp_test_f1: 0.84, f1: 2.74
epoch: 286, val_loss:3.092889, acc: 15.87, bacc: 10.00, tmp_test_f1: 0.95, f1: 2.74
epoch: 287, val_loss:3.092518, acc: 15.87, bacc: 10.00, tmp_test_f1: 1.23, f1: 2.74
epoch: 288, val_loss:3.092319, acc: 15.87, bacc: 10.00, tmp_test_f1: 1.26, f1: 2.74
epoch: 289, val_loss:3.092137, acc: 15.87, bacc: 10.00, tmp_test_f1: 1.16, f1: 2.74
epoch: 290, val_loss:3.092218, acc: 15.87, bacc: 10.00, tmp_test_f1: 1.08, f1: 2.74
epoch: 291, val_loss:3.092847, acc: 15.87, bacc: 10.00, tmp_test_f1: 1.00, f1: 2.74
epoch: 292, val_loss:3.093779, acc: 15.87, bacc: 10.00, tmp_test_f1: 1.01, f1: 2.74
epoch: 293, val_loss:3.094635, acc: 15.87, bacc: 10.00, tmp_test_f1: 1.01, f1: 2.74
epoch: 294, val_loss:3.094810, acc: 15.87, bacc: 10.00, tmp_test_f1: 1.01, f1: 2.74
epoch: 295, val_loss:3.095385, acc: 15.87, bacc: 10.00, tmp_test_f1: 0.91, f1: 2.74
epoch: 296, val_loss:3.096314, acc: 15.87, bacc: 10.00, tmp_test_f1: 0.91, f1: 2.74
epoch: 297, val_loss:3.096883, acc: 15.87, bacc: 10.00, tmp_test_f1: 0.92, f1: 2.74
epoch: 298, val_loss:3.097687, acc: 15.87, bacc: 10.00, tmp_test_f1: 0.93, f1: 2.74
epoch: 299, val_loss:3.098132, acc: 15.87, bacc: 10.00, tmp_test_f1: 1.05, f1: 2.74
epoch: 300, val_loss:3.098838, acc: 15.87, bacc: 10.00, tmp_test_f1: 1.01, f1: 2.74
epoch: 301, val_loss:3.099727, acc: 15.87, bacc: 10.00, tmp_test_f1: 0.96, f1: 2.74
epoch: 302, val_loss:3.101118, acc: 15.87, bacc: 10.00, tmp_test_f1: 0.97, f1: 2.74
epoch: 303, val_loss:3.101138, acc: 15.87, bacc: 10.00, tmp_test_f1: 0.98, f1: 2.74
epoch: 304, val_loss:3.101009, acc: 15.87, bacc: 10.00, tmp_test_f1: 0.96, f1: 2.74
epoch: 305, val_loss:3.099903, acc: 15.87, bacc: 10.00, tmp_test_f1: 0.96, f1: 2.74
epoch: 306, val_loss:3.099116, acc: 15.87, bacc: 10.00, tmp_test_f1: 0.97, f1: 2.74
epoch: 307, val_loss:3.098307, acc: 15.87, bacc: 10.00, tmp_test_f1: 0.98, f1: 2.74
epoch: 308, val_loss:3.098001, acc: 15.87, bacc: 10.00, tmp_test_f1: 0.92, f1: 2.74
epoch: 309, val_loss:3.096806, acc: 15.87, bacc: 10.00, tmp_test_f1: 0.94, f1: 2.74
epoch: 310, val_loss:3.095880, acc: 15.87, bacc: 10.00, tmp_test_f1: 1.08, f1: 2.74
epoch: 311, val_loss:3.094821, acc: 15.87, bacc: 10.00, tmp_test_f1: 1.05, f1: 2.74
epoch: 312, val_loss:3.094297, acc: 15.87, bacc: 10.00, tmp_test_f1: 1.05, f1: 2.74
epoch: 313, val_loss:3.094254, acc: 15.87, bacc: 10.00, tmp_test_f1: 1.05, f1: 2.74
epoch: 314, val_loss:3.093357, acc: 15.87, bacc: 10.00, tmp_test_f1: 0.95, f1: 2.74
epoch: 315, val_loss:3.092798, acc: 15.87, bacc: 10.00, tmp_test_f1: 0.94, f1: 2.74
epoch: 316, val_loss:3.091987, acc: 15.87, bacc: 10.00, tmp_test_f1: 1.05, f1: 2.74
epoch: 317, val_loss:3.090682, acc: 15.87, bacc: 10.00, tmp_test_f1: 1.02, f1: 2.74
epoch: 318, val_loss:3.090945, acc: 15.87, bacc: 10.00, tmp_test_f1: 1.01, f1: 2.74
epoch: 319, val_loss:3.090520, acc: 15.87, bacc: 10.00, tmp_test_f1: 1.04, f1: 2.74
epoch: 320, val_loss:3.088997, acc: 15.87, bacc: 10.00, tmp_test_f1: 1.08, f1: 2.74
epoch: 321, val_loss:3.088292, acc: 15.87, bacc: 10.00, tmp_test_f1: 1.28, f1: 2.74
epoch: 322, val_loss:3.088227, acc: 15.87, bacc: 10.00, tmp_test_f1: 1.11, f1: 2.74
epoch: 323, val_loss:3.088147, acc: 15.87, bacc: 10.00, tmp_test_f1: 1.04, f1: 2.74
epoch: 324, val_loss:3.088362, acc: 15.87, bacc: 10.00, tmp_test_f1: 0.94, f1: 2.74
epoch: 325, val_loss:3.087917, acc: 15.87, bacc: 10.00, tmp_test_f1: 1.03, f1: 2.74
epoch: 326, val_loss:3.088443, acc: 15.87, bacc: 10.00, tmp_test_f1: 1.23, f1: 2.74
epoch: 327, val_loss:3.089224, acc: 15.87, bacc: 10.00, tmp_test_f1: 1.26, f1: 2.74
epoch: 328, val_loss:3.090731, acc: 15.87, bacc: 10.00, tmp_test_f1: 1.23, f1: 2.74
epoch: 329, val_loss:3.092646, acc: 15.87, bacc: 10.00, tmp_test_f1: 0.98, f1: 2.74
epoch: 330, val_loss:3.093226, acc: 15.87, bacc: 10.00, tmp_test_f1: 1.02, f1: 2.74
epoch: 331, val_loss:3.093563, acc: 15.87, bacc: 10.00, tmp_test_f1: 1.03, f1: 2.74
epoch: 332, val_loss:3.094335, acc: 15.87, bacc: 10.00, tmp_test_f1: 1.02, f1: 2.74
epoch: 333, val_loss:3.094881, acc: 15.87, bacc: 10.00, tmp_test_f1: 1.03, f1: 2.74
epoch: 334, val_loss:3.094759, acc: 15.87, bacc: 10.00, tmp_test_f1: 1.03, f1: 2.74
epoch: 335, val_loss:3.095633, acc: 15.87, bacc: 10.00, tmp_test_f1: 1.05, f1: 2.74
epoch: 336, val_loss:3.096476, acc: 15.87, bacc: 10.00, tmp_test_f1: 1.04, f1: 2.74
epoch: 337, val_loss:3.097497, acc: 15.87, bacc: 10.00, tmp_test_f1: 1.07, f1: 2.74
epoch: 338, val_loss:3.097002, acc: 15.87, bacc: 10.00, tmp_test_f1: 1.06, f1: 2.74
epoch: 339, val_loss:3.096328, acc: 15.87, bacc: 10.00, tmp_test_f1: 1.09, f1: 2.74
epoch: 340, val_loss:3.096605, acc: 15.87, bacc: 10.00, tmp_test_f1: 1.04, f1: 2.74
epoch: 341, val_loss:3.096963, acc: 15.87, bacc: 10.00, tmp_test_f1: 1.04, f1: 2.74
epoch: 342, val_loss:3.097817, acc: 15.87, bacc: 10.00, tmp_test_f1: 1.03, f1: 2.74
epoch: 343, val_loss:3.099437, acc: 15.87, bacc: 10.00, tmp_test_f1: 0.87, f1: 2.74
epoch: 344, val_loss:3.100698, acc: 15.87, bacc: 10.00, tmp_test_f1: 0.90, f1: 2.74
epoch: 345, val_loss:3.101939, acc: 15.87, bacc: 10.00, tmp_test_f1: 0.99, f1: 2.74
epoch: 346, val_loss:3.102200, acc: 15.87, bacc: 10.00, tmp_test_f1: 0.94, f1: 2.74
epoch: 347, val_loss:3.101489, acc: 15.87, bacc: 10.00, tmp_test_f1: 1.25, f1: 2.74
epoch: 348, val_loss:3.099872, acc: 15.87, bacc: 10.00, tmp_test_f1: 1.29, f1: 2.74
epoch: 349, val_loss:3.098754, acc: 15.87, bacc: 10.00, tmp_test_f1: 1.31, f1: 2.74
epoch: 350, val_loss:3.097862, acc: 15.87, bacc: 10.00, tmp_test_f1: 1.30, f1: 2.74
epoch: 351, val_loss:3.097717, acc: 15.87, bacc: 10.00, tmp_test_f1: 1.08, f1: 2.74
epoch: 352, val_loss:3.097911, acc: 15.87, bacc: 10.00, tmp_test_f1: 1.08, f1: 2.74
epoch: 353, val_loss:3.098186, acc: 15.87, bacc: 10.00, tmp_test_f1: 1.07, f1: 2.74
epoch: 354, val_loss:3.097583, acc: 15.87, bacc: 10.00, tmp_test_f1: 1.05, f1: 2.74
epoch: 355, val_loss:3.096963, acc: 15.87, bacc: 10.00, tmp_test_f1: 1.10, f1: 2.74
epoch: 356, val_loss:3.096629, acc: 15.87, bacc: 10.00, tmp_test_f1: 0.96, f1: 2.74
epoch: 357, val_loss:3.096150, acc: 15.87, bacc: 10.00, tmp_test_f1: 0.95, f1: 2.74
epoch: 358, val_loss:3.094881, acc: 15.87, bacc: 10.00, tmp_test_f1: 0.94, f1: 2.74
epoch: 359, val_loss:3.093784, acc: 15.87, bacc: 10.00, tmp_test_f1: 1.17, f1: 2.74
epoch: 360, val_loss:3.092887, acc: 15.87, bacc: 10.00, tmp_test_f1: 1.18, f1: 2.74
epoch: 361, val_loss:3.091487, acc: 15.87, bacc: 10.00, tmp_test_f1: 1.23, f1: 2.74
epoch: 362, val_loss:3.089564, acc: 15.87, bacc: 10.00, tmp_test_f1: 0.91, f1: 2.74
epoch: 363, val_loss:3.088547, acc: 15.87, bacc: 10.00, tmp_test_f1: 0.89, f1: 2.74
epoch: 364, val_loss:3.088581, acc: 15.87, bacc: 10.00, tmp_test_f1: 0.90, f1: 2.74
epoch: 365, val_loss:3.088750, acc: 15.87, bacc: 10.00, tmp_test_f1: 0.92, f1: 2.74
epoch: 366, val_loss:3.089445, acc: 15.87, bacc: 10.00, tmp_test_f1: 1.00, f1: 2.74
epoch: 367, val_loss:3.090810, acc: 15.87, bacc: 10.00, tmp_test_f1: 0.99, f1: 2.74
epoch: 368, val_loss:3.093132, acc: 15.87, bacc: 10.00, tmp_test_f1: 0.95, f1: 2.74
epoch: 369, val_loss:3.094991, acc: 15.87, bacc: 10.00, tmp_test_f1: 0.95, f1: 2.74
epoch: 370, val_loss:3.097127, acc: 15.87, bacc: 10.00, tmp_test_f1: 0.94, f1: 2.74
epoch: 371, val_loss:3.098855, acc: 15.87, bacc: 10.00, tmp_test_f1: 1.18, f1: 2.74
epoch: 372, val_loss:3.099124, acc: 15.87, bacc: 10.00, tmp_test_f1: 0.87, f1: 2.74
epoch: 373, val_loss:3.099563, acc: 15.87, bacc: 10.00, tmp_test_f1: 0.86, f1: 2.74
epoch: 374, val_loss:3.100287, acc: 15.87, bacc: 10.00, tmp_test_f1: 0.88, f1: 2.74
epoch: 375, val_loss:3.101858, acc: 15.87, bacc: 10.00, tmp_test_f1: 1.00, f1: 2.74
epoch: 376, val_loss:3.103956, acc: 15.87, bacc: 10.00, tmp_test_f1: 1.01, f1: 2.74
epoch: 377, val_loss:3.105165, acc: 15.87, bacc: 10.00, tmp_test_f1: 1.02, f1: 2.74
epoch: 378, val_loss:3.105492, acc: 15.87, bacc: 10.00, tmp_test_f1: 1.06, f1: 2.74
epoch: 379, val_loss:3.104337, acc: 15.87, bacc: 10.00, tmp_test_f1: 1.38, f1: 2.74
epoch: 380, val_loss:3.102890, acc: 15.87, bacc: 10.00, tmp_test_f1: 1.36, f1: 2.74
epoch: 381, val_loss:3.102436, acc: 15.87, bacc: 10.00, tmp_test_f1: 1.33, f1: 2.74
epoch: 382, val_loss:3.102860, acc: 15.87, bacc: 10.00, tmp_test_f1: 0.95, f1: 2.74
epoch: 383, val_loss:3.104594, acc: 15.87, bacc: 10.00, tmp_test_f1: 0.95, f1: 2.74
epoch: 384, val_loss:3.106015, acc: 15.87, bacc: 10.00, tmp_test_f1: 0.94, f1: 2.74
epoch: 385, val_loss:3.106657, acc: 15.87, bacc: 10.00, tmp_test_f1: 0.95, f1: 2.74
epoch: 386, val_loss:3.108120, acc: 15.87, bacc: 10.00, tmp_test_f1: 0.95, f1: 2.74
epoch: 387, val_loss:3.109734, acc: 15.87, bacc: 10.00, tmp_test_f1: 1.27, f1: 2.74
epoch: 388, val_loss:3.111343, acc: 15.87, bacc: 10.00, tmp_test_f1: 1.00, f1: 2.74
epoch: 389, val_loss:3.112913, acc: 15.87, bacc: 10.00, tmp_test_f1: 0.96, f1: 2.74
epoch: 390, val_loss:3.113675, acc: 15.87, bacc: 10.00, tmp_test_f1: 0.95, f1: 2.74
epoch: 391, val_loss:3.113909, acc: 15.87, bacc: 10.00, tmp_test_f1: 0.95, f1: 2.74
epoch: 392, val_loss:3.112889, acc: 15.87, bacc: 10.00, tmp_test_f1: 1.00, f1: 2.74
epoch: 393, val_loss:3.111921, acc: 15.87, bacc: 10.00, tmp_test_f1: 1.04, f1: 2.74
epoch: 394, val_loss:3.110697, acc: 15.87, bacc: 10.00, tmp_test_f1: 0.91, f1: 2.74
epoch: 395, val_loss:3.108570, acc: 15.87, bacc: 10.00, tmp_test_f1: 0.91, f1: 2.74
epoch: 396, val_loss:3.108041, acc: 15.87, bacc: 10.00, tmp_test_f1: 0.92, f1: 2.74
epoch: 397, val_loss:3.109228, acc: 15.87, bacc: 10.00, tmp_test_f1: 0.92, f1: 2.74
epoch: 398, val_loss:3.109426, acc: 15.87, bacc: 10.00, tmp_test_f1: 0.92, f1: 2.74
epoch: 399, val_loss:3.109598, acc: 15.87, bacc: 10.00, tmp_test_f1: 1.02, f1: 2.74
epoch: 400, val_loss:3.110870, acc: 15.87, bacc: 10.00, tmp_test_f1: 1.00, f1: 2.74
epoch: 401, val_loss:3.112318, acc: 15.87, bacc: 10.00, tmp_test_f1: 0.93, f1: 2.74
epoch: 402, val_loss:3.113553, acc: 15.87, bacc: 10.00, tmp_test_f1: 0.94, f1: 2.74
Epoch 00403: reducing learning rate of group 0 to 2.5000e-02.
epoch: 403, val_loss:3.113172, acc: 15.87, bacc: 10.00, tmp_test_f1: 0.97, f1: 2.74
epoch: 404, val_loss:3.110754, acc: 15.87, bacc: 10.00, tmp_test_f1: 0.97, f1: 2.74
epoch: 405, val_loss:3.109810, acc: 15.87, bacc: 10.00, tmp_test_f1: 0.97, f1: 2.74
epoch: 406, val_loss:3.109061, acc: 15.87, bacc: 10.00, tmp_test_f1: 0.99, f1: 2.74
epoch: 407, val_loss:3.108466, acc: 15.87, bacc: 10.00, tmp_test_f1: 0.91, f1: 2.74
epoch: 408, val_loss:3.108040, acc: 15.87, bacc: 10.00, tmp_test_f1: 0.92, f1: 2.74
epoch: 409, val_loss:3.107705, acc: 15.87, bacc: 10.00, tmp_test_f1: 0.93, f1: 2.74
epoch: 410, val_loss:3.107328, acc: 15.87, bacc: 10.00, tmp_test_f1: 0.95, f1: 2.74
epoch: 411, val_loss:3.106595, acc: 15.87, bacc: 10.00, tmp_test_f1: 1.04, f1: 2.74
epoch: 412, val_loss:3.105623, acc: 15.87, bacc: 10.00, tmp_test_f1: 1.14, f1: 2.74
epoch: 413, val_loss:3.104639, acc: 15.87, bacc: 10.00, tmp_test_f1: 1.15, f1: 2.74
epoch: 414, val_loss:3.104137, acc: 15.87, bacc: 10.00, tmp_test_f1: 1.32, f1: 2.74
epoch: 415, val_loss:3.103779, acc: 15.87, bacc: 10.00, tmp_test_f1: 1.32, f1: 2.74
epoch: 416, val_loss:3.103967, acc: 15.87, bacc: 10.00, tmp_test_f1: 1.31, f1: 2.74
epoch: 417, val_loss:3.103675, acc: 15.87, bacc: 10.00, tmp_test_f1: 1.29, f1: 2.74
epoch: 418, val_loss:3.104138, acc: 15.87, bacc: 10.00, tmp_test_f1: 1.01, f1: 2.74
epoch: 419, val_loss:3.104529, acc: 15.87, bacc: 10.00, tmp_test_f1: 1.00, f1: 2.74
epoch: 420, val_loss:3.104968, acc: 15.87, bacc: 10.00, tmp_test_f1: 0.99, f1: 2.74
epoch: 421, val_loss:3.105271, acc: 15.87, bacc: 10.00, tmp_test_f1: 1.00, f1: 2.74
epoch: 422, val_loss:3.104892, acc: 15.87, bacc: 10.00, tmp_test_f1: 1.01, f1: 2.74
epoch: 423, val_loss:3.104022, acc: 15.87, bacc: 10.00, tmp_test_f1: 1.03, f1: 2.74
epoch: 424, val_loss:3.103085, acc: 15.87, bacc: 10.00, tmp_test_f1: 1.03, f1: 2.74
epoch: 425, val_loss:3.102426, acc: 15.87, bacc: 10.00, tmp_test_f1: 1.02, f1: 2.74
epoch: 426, val_loss:3.101432, acc: 15.87, bacc: 10.00, tmp_test_f1: 1.00, f1: 2.74
epoch: 427, val_loss:3.100370, acc: 15.87, bacc: 10.00, tmp_test_f1: 1.08, f1: 2.74
epoch: 428, val_loss:3.099193, acc: 15.87, bacc: 10.00, tmp_test_f1: 1.22, f1: 2.74
epoch: 429, val_loss:3.097918, acc: 15.87, bacc: 10.00, tmp_test_f1: 1.20, f1: 2.74
epoch: 430, val_loss:3.096542, acc: 15.87, bacc: 10.00, tmp_test_f1: 1.21, f1: 2.74
epoch: 431, val_loss:3.094512, acc: 15.87, bacc: 10.00, tmp_test_f1: 1.22, f1: 2.74
epoch: 432, val_loss:3.093182, acc: 15.87, bacc: 10.00, tmp_test_f1: 1.06, f1: 2.74
epoch: 433, val_loss:3.091600, acc: 15.87, bacc: 10.00, tmp_test_f1: 0.96, f1: 2.74
epoch: 434, val_loss:3.091026, acc: 15.87, bacc: 10.00, tmp_test_f1: 0.95, f1: 2.74
epoch: 435, val_loss:3.090541, acc: 15.87, bacc: 10.00, tmp_test_f1: 0.94, f1: 2.74
epoch: 436, val_loss:3.090297, acc: 15.87, bacc: 10.00, tmp_test_f1: 0.95, f1: 2.74
epoch: 437, val_loss:3.090325, acc: 15.87, bacc: 10.00, tmp_test_f1: 0.85, f1: 2.74
epoch: 438, val_loss:3.090413, acc: 15.87, bacc: 10.00, tmp_test_f1: 0.85, f1: 2.74
epoch: 439, val_loss:3.090623, acc: 15.87, bacc: 10.00, tmp_test_f1: 0.86, f1: 2.74
epoch: 440, val_loss:3.091033, acc: 15.87, bacc: 10.00, tmp_test_f1: 0.84, f1: 2.74
epoch: 441, val_loss:3.090841, acc: 15.87, bacc: 10.00, tmp_test_f1: 0.89, f1: 2.74
epoch: 442, val_loss:3.090590, acc: 15.87, bacc: 10.00, tmp_test_f1: 0.90, f1: 2.74
epoch: 443, val_loss:3.090082, acc: 15.87, bacc: 10.00, tmp_test_f1: 1.00, f1: 2.74
epoch: 444, val_loss:3.089296, acc: 15.87, bacc: 10.00, tmp_test_f1: 1.09, f1: 2.74
epoch: 445, val_loss:3.088489, acc: 15.87, bacc: 10.00, tmp_test_f1: 1.13, f1: 2.74
epoch: 446, val_loss:3.087811, acc: 15.87, bacc: 10.00, tmp_test_f1: 1.07, f1: 2.74
epoch: 447, val_loss:3.087462, acc: 15.87, bacc: 10.00, tmp_test_f1: 1.03, f1: 2.74
epoch: 448, val_loss:3.087523, acc: 15.87, bacc: 10.00, tmp_test_f1: 1.04, f1: 2.74
epoch: 449, val_loss:3.087895, acc: 15.87, bacc: 10.00, tmp_test_f1: 1.01, f1: 2.74
epoch: 450, val_loss:3.088129, acc: 15.87, bacc: 10.00, tmp_test_f1: 1.02, f1: 2.74
epoch: 451, val_loss:3.088064, acc: 15.87, bacc: 10.00, tmp_test_f1: 1.11, f1: 2.74
epoch: 452, val_loss:3.088362, acc: 15.87, bacc: 10.00, tmp_test_f1: 1.25, f1: 2.74
epoch: 453, val_loss:3.088661, acc: 15.87, bacc: 10.00, tmp_test_f1: 1.08, f1: 2.74
epoch: 454, val_loss:3.088867, acc: 15.87, bacc: 10.00, tmp_test_f1: 0.93, f1: 2.74
epoch: 455, val_loss:3.088840, acc: 15.87, bacc: 10.00, tmp_test_f1: 0.94, f1: 2.74
epoch: 456, val_loss:3.088723, acc: 15.87, bacc: 10.00, tmp_test_f1: 0.94, f1: 2.74
epoch: 457, val_loss:3.088831, acc: 15.87, bacc: 10.00, tmp_test_f1: 0.94, f1: 2.74
epoch: 458, val_loss:3.089263, acc: 15.87, bacc: 10.00, tmp_test_f1: 0.94, f1: 2.74
epoch: 459, val_loss:3.089626, acc: 15.87, bacc: 10.00, tmp_test_f1: 0.94, f1: 2.74
epoch: 460, val_loss:3.089589, acc: 15.87, bacc: 10.00, tmp_test_f1: 0.94, f1: 2.74
epoch: 461, val_loss:3.089758, acc: 15.87, bacc: 10.00, tmp_test_f1: 1.03, f1: 2.74
epoch: 462, val_loss:3.089846, acc: 15.87, bacc: 10.00, tmp_test_f1: 1.01, f1: 2.74
epoch: 463, val_loss:3.090015, acc: 15.87, bacc: 10.00, tmp_test_f1: 1.10, f1: 2.74
epoch: 464, val_loss:3.090817, acc: 15.87, bacc: 10.00, tmp_test_f1: 1.24, f1: 2.74
epoch: 465, val_loss:3.091916, acc: 15.87, bacc: 10.00, tmp_test_f1: 1.22, f1: 2.74
epoch: 466, val_loss:3.092651, acc: 15.87, bacc: 10.00, tmp_test_f1: 1.21, f1: 2.74
epoch: 467, val_loss:3.093111, acc: 15.87, bacc: 10.00, tmp_test_f1: 1.19, f1: 2.74
epoch: 468, val_loss:3.093717, acc: 15.87, bacc: 10.00, tmp_test_f1: 0.94, f1: 2.74
epoch: 469, val_loss:3.094482, acc: 15.87, bacc: 10.00, tmp_test_f1: 0.94, f1: 2.74
epoch: 470, val_loss:3.094947, acc: 15.87, bacc: 10.00, tmp_test_f1: 0.95, f1: 2.74
epoch: 471, val_loss:3.095202, acc: 15.87, bacc: 10.00, tmp_test_f1: 0.95, f1: 2.74
epoch: 472, val_loss:3.095169, acc: 15.87, bacc: 10.00, tmp_test_f1: 0.96, f1: 2.74
epoch: 473, val_loss:3.094392, acc: 15.87, bacc: 10.00, tmp_test_f1: 0.96, f1: 2.74
epoch: 474, val_loss:3.093550, acc: 15.87, bacc: 10.00, tmp_test_f1: 0.98, f1: 2.74
epoch: 475, val_loss:3.092005, acc: 15.87, bacc: 10.00, tmp_test_f1: 1.00, f1: 2.74
epoch: 476, val_loss:3.090452, acc: 15.87, bacc: 10.00, tmp_test_f1: 0.97, f1: 2.74
epoch: 477, val_loss:3.089011, acc: 15.87, bacc: 10.00, tmp_test_f1: 1.01, f1: 2.74
epoch: 478, val_loss:3.087809, acc: 15.87, bacc: 10.00, tmp_test_f1: 1.05, f1: 2.74
epoch: 479, val_loss:3.087061, acc: 15.87, bacc: 10.00, tmp_test_f1: 1.09, f1: 2.74
epoch: 480, val_loss:3.087119, acc: 15.87, bacc: 10.00, tmp_test_f1: 1.11, f1: 2.74
epoch: 481, val_loss:3.087828, acc: 15.87, bacc: 10.00, tmp_test_f1: 1.25, f1: 2.74
epoch: 482, val_loss:3.089141, acc: 15.87, bacc: 10.00, tmp_test_f1: 1.26, f1: 2.74
epoch: 483, val_loss:3.089553, acc: 15.87, bacc: 10.00, tmp_test_f1: 1.12, f1: 2.74
epoch: 484, val_loss:3.089706, acc: 15.87, bacc: 10.00, tmp_test_f1: 1.05, f1: 2.74
epoch: 485, val_loss:3.089001, acc: 15.87, bacc: 10.00, tmp_test_f1: 0.99, f1: 2.74
epoch: 486, val_loss:3.088395, acc: 15.87, bacc: 10.00, tmp_test_f1: 0.99, f1: 2.74
epoch: 487, val_loss:3.088304, acc: 15.87, bacc: 10.00, tmp_test_f1: 1.00, f1: 2.74
epoch: 488, val_loss:3.088563, acc: 15.87, bacc: 10.00, tmp_test_f1: 1.03, f1: 2.74
epoch: 489, val_loss:3.089467, acc: 15.87, bacc: 10.00, tmp_test_f1: 1.03, f1: 2.74
epoch: 490, val_loss:3.090913, acc: 15.87, bacc: 10.00, tmp_test_f1: 1.02, f1: 2.74
epoch: 491, val_loss:3.092204, acc: 15.87, bacc: 10.00, tmp_test_f1: 1.18, f1: 2.74
epoch: 492, val_loss:3.094191, acc: 15.87, bacc: 10.00, tmp_test_f1: 1.13, f1: 2.74
epoch: 493, val_loss:3.096267, acc: 15.87, bacc: 10.00, tmp_test_f1: 1.14, f1: 2.74
epoch: 494, val_loss:3.098100, acc: 15.87, bacc: 10.00, tmp_test_f1: 1.14, f1: 2.74
epoch: 495, val_loss:3.099426, acc: 15.87, bacc: 10.00, tmp_test_f1: 1.07, f1: 2.74
epoch: 496, val_loss:3.100639, acc: 15.87, bacc: 10.00, tmp_test_f1: 1.04, f1: 2.74
epoch: 497, val_loss:3.102003, acc: 15.87, bacc: 10.00, tmp_test_f1: 1.03, f1: 2.74
epoch: 498, val_loss:3.103611, acc: 15.87, bacc: 10.00, tmp_test_f1: 1.02, f1: 2.74
epoch: 499, val_loss:3.104885, acc: 15.87, bacc: 10.00, tmp_test_f1: 1.02, f1: 2.74
epoch: 500, val_loss:3.105601, acc: 15.87, bacc: 10.00, tmp_test_f1: 1.02, f1: 2.74
epoch: 501, val_loss:3.106589, acc: 15.87, bacc: 10.00, tmp_test_f1: 1.22, f1: 2.74
epoch: 502, val_loss:3.107073, acc: 15.87, bacc: 10.00, tmp_test_f1: 0.90, f1: 2.74
epoch: 503, val_loss:3.106807, acc: 15.87, bacc: 10.00, tmp_test_f1: 1.18, f1: 2.74
epoch: 504, val_loss:3.106019, acc: 15.87, bacc: 10.00, tmp_test_f1: 1.18, f1: 2.74
epoch: 505, val_loss:3.105168, acc: 15.87, bacc: 10.00, tmp_test_f1: 1.17, f1: 2.74
epoch: 506, val_loss:3.104087, acc: 15.87, bacc: 10.00, tmp_test_f1: 1.18, f1: 2.74
epoch: 507, val_loss:3.102654, acc: 15.87, bacc: 10.00, tmp_test_f1: 0.85, f1: 2.74
epoch: 508, val_loss:3.101202, acc: 15.87, bacc: 10.00, tmp_test_f1: 0.84, f1: 2.74
epoch: 509, val_loss:3.099643, acc: 15.87, bacc: 10.00, tmp_test_f1: 0.84, f1: 2.74
epoch: 510, val_loss:3.098339, acc: 15.87, bacc: 10.00, tmp_test_f1: 1.00, f1: 2.74
epoch: 511, val_loss:3.096093, acc: 15.87, bacc: 10.00, tmp_test_f1: 1.00, f1: 2.74
epoch: 512, val_loss:3.093676, acc: 15.87, bacc: 10.00, tmp_test_f1: 0.99, f1: 2.74
epoch: 513, val_loss:3.091571, acc: 15.87, bacc: 10.00, tmp_test_f1: 0.99, f1: 2.74
epoch: 514, val_loss:3.089876, acc: 15.87, bacc: 10.00, tmp_test_f1: 1.00, f1: 2.74
epoch: 515, val_loss:3.088631, acc: 15.87, bacc: 10.00, tmp_test_f1: 0.99, f1: 2.74
epoch: 516, val_loss:3.087751, acc: 15.87, bacc: 10.00, tmp_test_f1: 0.89, f1: 2.74
epoch: 517, val_loss:3.087140, acc: 15.87, bacc: 10.00, tmp_test_f1: 0.87, f1: 2.74
epoch: 518, val_loss:3.086163, acc: 15.87, bacc: 10.00, tmp_test_f1: 0.84, f1: 2.74
epoch: 519, val_loss:3.085700, acc: 15.87, bacc: 10.00, tmp_test_f1: 0.85, f1: 2.74
epoch: 520, val_loss:3.085534, acc: 15.87, bacc: 10.00, tmp_test_f1: 1.21, f1: 2.74
epoch: 521, val_loss:3.085595, acc: 15.87, bacc: 10.00, tmp_test_f1: 0.91, f1: 2.74
epoch: 522, val_loss:3.085745, acc: 15.87, bacc: 10.00, tmp_test_f1: 0.91, f1: 2.74
epoch: 523, val_loss:3.085918, acc: 15.87, bacc: 10.00, tmp_test_f1: 0.93, f1: 2.74
epoch: 524, val_loss:3.086215, acc: 15.87, bacc: 10.00, tmp_test_f1: 0.94, f1: 2.74
epoch: 525, val_loss:3.085965, acc: 15.87, bacc: 10.00, tmp_test_f1: 0.97, f1: 2.74
epoch: 526, val_loss:3.086095, acc: 15.87, bacc: 10.00, tmp_test_f1: 0.98, f1: 2.74
epoch: 527, val_loss:3.086393, acc: 15.87, bacc: 10.00, tmp_test_f1: 0.97, f1: 2.74
epoch: 528, val_loss:3.087203, acc: 15.87, bacc: 10.00, tmp_test_f1: 1.01, f1: 2.74
epoch: 529, val_loss:3.087562, acc: 15.87, bacc: 10.00, tmp_test_f1: 1.02, f1: 2.74
epoch: 530, val_loss:3.087758, acc: 15.87, bacc: 10.00, tmp_test_f1: 1.03, f1: 2.74
epoch: 531, val_loss:3.088445, acc: 15.87, bacc: 10.00, tmp_test_f1: 1.25, f1: 2.74
epoch: 532, val_loss:3.089319, acc: 15.87, bacc: 10.00, tmp_test_f1: 1.25, f1: 2.74
epoch: 533, val_loss:3.089760, acc: 15.87, bacc: 10.00, tmp_test_f1: 1.24, f1: 2.74
epoch: 534, val_loss:3.090418, acc: 15.87, bacc: 10.00, tmp_test_f1: 1.24, f1: 2.74
epoch: 535, val_loss:3.091187, acc: 15.87, bacc: 10.00, tmp_test_f1: 1.25, f1: 2.74
epoch: 536, val_loss:3.091828, acc: 15.87, bacc: 10.00, tmp_test_f1: 1.25, f1: 2.74
epoch: 537, val_loss:3.092405, acc: 15.87, bacc: 10.00, tmp_test_f1: 1.11, f1: 2.74
epoch: 538, val_loss:3.093328, acc: 15.87, bacc: 10.00, tmp_test_f1: 1.06, f1: 2.74
epoch: 539, val_loss:3.093948, acc: 15.87, bacc: 10.00, tmp_test_f1: 1.06, f1: 2.74
epoch: 540, val_loss:3.093783, acc: 15.87, bacc: 10.00, tmp_test_f1: 1.06, f1: 2.74
epoch: 541, val_loss:3.093985, acc: 15.87, bacc: 10.00, tmp_test_f1: 1.07, f1: 2.74
epoch: 542, val_loss:3.094357, acc: 15.87, bacc: 10.00, tmp_test_f1: 1.07, f1: 2.74
epoch: 543, val_loss:3.093894, acc: 15.87, bacc: 10.00, tmp_test_f1: 1.08, f1: 2.74
epoch: 544, val_loss:3.093183, acc: 15.87, bacc: 10.00, tmp_test_f1: 1.08, f1: 2.74
epoch: 545, val_loss:3.092778, acc: 15.87, bacc: 10.00, tmp_test_f1: 1.07, f1: 2.74
epoch: 546, val_loss:3.092113, acc: 15.87, bacc: 10.00, tmp_test_f1: 1.31, f1: 2.74
epoch: 547, val_loss:3.092125, acc: 15.87, bacc: 10.00, tmp_test_f1: 1.32, f1: 2.74
epoch: 548, val_loss:3.092337, acc: 15.87, bacc: 10.00, tmp_test_f1: 1.31, f1: 2.74
epoch: 549, val_loss:3.093036, acc: 15.87, bacc: 10.00, tmp_test_f1: 1.27, f1: 2.74
epoch: 550, val_loss:3.094588, acc: 15.87, bacc: 10.00, tmp_test_f1: 1.22, f1: 2.74
epoch: 551, val_loss:3.096432, acc: 15.87, bacc: 10.00, tmp_test_f1: 1.07, f1: 2.74
epoch: 552, val_loss:3.098080, acc: 15.87, bacc: 10.00, tmp_test_f1: 1.00, f1: 2.74
epoch: 553, val_loss:3.100220, acc: 15.87, bacc: 10.00, tmp_test_f1: 0.99, f1: 2.74
epoch: 554, val_loss:3.101003, acc: 15.87, bacc: 10.00, tmp_test_f1: 0.99, f1: 2.74
epoch: 555, val_loss:3.101305, acc: 15.87, bacc: 10.00, tmp_test_f1: 0.95, f1: 2.74
epoch: 556, val_loss:3.101412, acc: 15.87, bacc: 10.00, tmp_test_f1: 0.84, f1: 2.74
epoch: 557, val_loss:3.101016, acc: 15.87, bacc: 10.00, tmp_test_f1: 0.95, f1: 2.74
epoch: 558, val_loss:3.100695, acc: 15.87, bacc: 10.00, tmp_test_f1: 0.99, f1: 2.74
epoch: 559, val_loss:3.100493, acc: 15.87, bacc: 10.00, tmp_test_f1: 1.01, f1: 2.74
epoch: 560, val_loss:3.100729, acc: 15.87, bacc: 10.00, tmp_test_f1: 1.22, f1: 2.74
epoch: 561, val_loss:3.100783, acc: 15.87, bacc: 10.00, tmp_test_f1: 1.22, f1: 2.74
epoch: 562, val_loss:3.100971, acc: 15.87, bacc: 10.00, tmp_test_f1: 1.22, f1: 2.74
epoch: 563, val_loss:3.101495, acc: 15.87, bacc: 10.00, tmp_test_f1: 1.21, f1: 2.74
epoch: 564, val_loss:3.101475, acc: 15.87, bacc: 10.00, tmp_test_f1: 1.23, f1: 2.74
epoch: 565, val_loss:3.101544, acc: 15.87, bacc: 10.00, tmp_test_f1: 1.04, f1: 2.74
epoch: 566, val_loss:3.101192, acc: 15.87, bacc: 10.00, tmp_test_f1: 1.04, f1: 2.74
epoch: 567, val_loss:3.100899, acc: 15.87, bacc: 10.00, tmp_test_f1: 1.04, f1: 2.74
epoch: 568, val_loss:3.100255, acc: 15.87, bacc: 10.00, tmp_test_f1: 1.05, f1: 2.74
epoch: 569, val_loss:3.099306, acc: 15.87, bacc: 10.00, tmp_test_f1: 1.13, f1: 2.74
epoch: 570, val_loss:3.098399, acc: 15.87, bacc: 10.00, tmp_test_f1: 1.03, f1: 2.74
epoch: 571, val_loss:3.097058, acc: 15.87, bacc: 10.00, tmp_test_f1: 1.02, f1: 2.74
epoch: 572, val_loss:3.095743, acc: 15.87, bacc: 10.00, tmp_test_f1: 1.01, f1: 2.74
epoch: 573, val_loss:3.094953, acc: 15.87, bacc: 10.00, tmp_test_f1: 1.00, f1: 2.74
epoch: 574, val_loss:3.094563, acc: 15.87, bacc: 10.00, tmp_test_f1: 0.98, f1: 2.74
epoch: 575, val_loss:3.094020, acc: 15.87, bacc: 10.00, tmp_test_f1: 1.03, f1: 2.74
epoch: 576, val_loss:3.093986, acc: 15.87, bacc: 10.00, tmp_test_f1: 1.22, f1: 2.74
epoch: 577, val_loss:3.093845, acc: 15.87, bacc: 10.00, tmp_test_f1: 1.21, f1: 2.74
epoch: 578, val_loss:3.094314, acc: 15.87, bacc: 10.00, tmp_test_f1: 1.21, f1: 2.74
epoch: 579, val_loss:3.095139, acc: 15.87, bacc: 10.00, tmp_test_f1: 1.02, f1: 2.74
epoch: 580, val_loss:3.095853, acc: 15.87, bacc: 10.00, tmp_test_f1: 0.99, f1: 2.74
epoch: 581, val_loss:3.095950, acc: 15.87, bacc: 10.00, tmp_test_f1: 0.91, f1: 2.74
epoch: 582, val_loss:3.095056, acc: 15.87, bacc: 10.00, tmp_test_f1: 0.94, f1: 2.74
epoch: 583, val_loss:3.093924, acc: 15.87, bacc: 10.00, tmp_test_f1: 1.01, f1: 2.74
epoch: 584, val_loss:3.092697, acc: 15.87, bacc: 10.00, tmp_test_f1: 1.03, f1: 2.74
epoch: 585, val_loss:3.092083, acc: 15.87, bacc: 10.00, tmp_test_f1: 1.02, f1: 2.74
epoch: 586, val_loss:3.091150, acc: 15.87, bacc: 10.00, tmp_test_f1: 1.02, f1: 2.74
epoch: 587, val_loss:3.090593, acc: 15.87, bacc: 10.00, tmp_test_f1: 1.09, f1: 2.74
epoch: 588, val_loss:3.090461, acc: 15.87, bacc: 10.00, tmp_test_f1: 1.25, f1: 2.74
epoch: 589, val_loss:3.090951, acc: 15.87, bacc: 10.00, tmp_test_f1: 1.24, f1: 2.74
epoch: 590, val_loss:3.091225, acc: 15.87, bacc: 10.00, tmp_test_f1: 1.24, f1: 2.74
epoch: 591, val_loss:3.090068, acc: 15.87, bacc: 10.00, tmp_test_f1: 1.25, f1: 2.74
epoch: 592, val_loss:3.089636, acc: 15.87, bacc: 10.00, tmp_test_f1: 1.25, f1: 2.74
epoch: 593, val_loss:3.089764, acc: 15.87, bacc: 10.00, tmp_test_f1: 1.22, f1: 2.74
epoch: 594, val_loss:3.090496, acc: 15.87, bacc: 10.00, tmp_test_f1: 1.04, f1: 2.74
epoch: 595, val_loss:3.090937, acc: 15.87, bacc: 10.00, tmp_test_f1: 0.98, f1: 2.74
epoch: 596, val_loss:3.091294, acc: 15.87, bacc: 10.00, tmp_test_f1: 0.97, f1: 2.74
epoch: 597, val_loss:3.091747, acc: 15.87, bacc: 10.00, tmp_test_f1: 0.96, f1: 2.74
epoch: 598, val_loss:3.092225, acc: 15.87, bacc: 10.00, tmp_test_f1: 0.94, f1: 2.74
epoch: 599, val_loss:3.092178, acc: 15.87, bacc: 10.00, tmp_test_f1: 0.95, f1: 2.74
epoch: 600, val_loss:3.092003, acc: 15.87, bacc: 10.00, tmp_test_f1: 0.97, f1: 2.74
epoch: 601, val_loss:3.091681, acc: 15.87, bacc: 10.00, tmp_test_f1: 0.97, f1: 2.74
epoch: 602, val_loss:3.091382, acc: 15.87, bacc: 10.00, tmp_test_f1: 1.08, f1: 2.74
epoch: 603, val_loss:3.090935, acc: 15.87, bacc: 10.00, tmp_test_f1: 1.05, f1: 2.74
Epoch 00604: reducing learning rate of group 0 to 1.2500e-02.
epoch: 604, val_loss:3.090383, acc: 15.87, bacc: 10.00, tmp_test_f1: 1.26, f1: 2.74
epoch: 605, val_loss:3.090054, acc: 15.87, bacc: 10.00, tmp_test_f1: 1.28, f1: 2.74
epoch: 606, val_loss:3.089774, acc: 15.87, bacc: 10.00, tmp_test_f1: 1.28, f1: 2.74
epoch: 607, val_loss:3.089393, acc: 15.87, bacc: 10.00, tmp_test_f1: 1.29, f1: 2.74
epoch: 608, val_loss:3.089133, acc: 15.87, bacc: 10.00, tmp_test_f1: 1.29, f1: 2.74
epoch: 609, val_loss:3.089261, acc: 15.87, bacc: 10.00, tmp_test_f1: 1.28, f1: 2.74
epoch: 610, val_loss:3.089510, acc: 15.87, bacc: 10.00, tmp_test_f1: 1.27, f1: 2.74
epoch: 611, val_loss:3.089789, acc: 15.87, bacc: 10.00, tmp_test_f1: 1.15, f1: 2.74
epoch: 612, val_loss:3.090058, acc: 15.87, bacc: 10.00, tmp_test_f1: 1.01, f1: 2.74
epoch: 613, val_loss:3.090426, acc: 15.87, bacc: 10.00, tmp_test_f1: 1.01, f1: 2.74
epoch: 614, val_loss:3.090740, acc: 15.87, bacc: 10.00, tmp_test_f1: 1.00, f1: 2.74
epoch: 615, val_loss:3.091160, acc: 15.87, bacc: 10.00, tmp_test_f1: 1.00, f1: 2.74
epoch: 616, val_loss:3.091927, acc: 15.87, bacc: 10.00, tmp_test_f1: 1.00, f1: 2.74
epoch: 617, val_loss:3.092484, acc: 15.87, bacc: 10.00, tmp_test_f1: 0.99, f1: 2.74
epoch: 618, val_loss:3.092784, acc: 15.87, bacc: 10.00, tmp_test_f1: 0.98, f1: 2.74
epoch: 619, val_loss:3.092814, acc: 15.87, bacc: 10.00, tmp_test_f1: 0.98, f1: 2.74
epoch: 620, val_loss:3.092876, acc: 15.87, bacc: 10.00, tmp_test_f1: 0.97, f1: 2.74
epoch: 621, val_loss:3.092914, acc: 15.87, bacc: 10.00, tmp_test_f1: 1.00, f1: 2.74
epoch: 622, val_loss:3.092742, acc: 15.87, bacc: 10.00, tmp_test_f1: 1.00, f1: 2.74
epoch: 623, val_loss:3.092394, acc: 15.87, bacc: 10.00, tmp_test_f1: 1.00, f1: 2.74
epoch: 624, val_loss:3.092148, acc: 15.87, bacc: 10.00, tmp_test_f1: 1.02, f1: 2.74
epoch: 625, val_loss:3.091709, acc: 15.87, bacc: 10.00, tmp_test_f1: 1.02, f1: 2.74
epoch: 626, val_loss:3.091215, acc: 15.87, bacc: 10.00, tmp_test_f1: 1.09, f1: 2.74
epoch: 627, val_loss:3.090645, acc: 15.87, bacc: 10.00, tmp_test_f1: 1.11, f1: 2.74
epoch: 628, val_loss:3.090163, acc: 15.87, bacc: 10.00, tmp_test_f1: 1.12, f1: 2.74
epoch: 629, val_loss:3.089510, acc: 15.87, bacc: 10.00, tmp_test_f1: 1.13, f1: 2.74
epoch: 630, val_loss:3.089039, acc: 15.87, bacc: 10.00, tmp_test_f1: 1.25, f1: 2.74
epoch: 631, val_loss:3.088963, acc: 15.87, bacc: 10.00, tmp_test_f1: 1.09, f1: 2.74
epoch: 632, val_loss:3.089100, acc: 15.87, bacc: 10.00, tmp_test_f1: 0.99, f1: 2.74
epoch: 633, val_loss:3.088663, acc: 15.87, bacc: 10.00, tmp_test_f1: 1.00, f1: 2.74
epoch: 634, val_loss:3.088150, acc: 15.87, bacc: 10.00, tmp_test_f1: 1.00, f1: 2.74
epoch: 635, val_loss:3.087906, acc: 15.87, bacc: 10.00, tmp_test_f1: 1.01, f1: 2.74
epoch: 636, val_loss:3.087715, acc: 15.87, bacc: 10.00, tmp_test_f1: 1.02, f1: 2.74
epoch: 637, val_loss:3.087205, acc: 15.87, bacc: 10.00, tmp_test_f1: 1.02, f1: 2.74
epoch: 638, val_loss:3.086699, acc: 15.87, bacc: 10.00, tmp_test_f1: 1.03, f1: 2.74
epoch: 639, val_loss:3.086042, acc: 15.87, bacc: 10.00, tmp_test_f1: 1.03, f1: 2.74
epoch: 640, val_loss:3.085739, acc: 15.87, bacc: 10.00, tmp_test_f1: 0.95, f1: 2.74
epoch: 641, val_loss:3.085659, acc: 15.87, bacc: 10.00, tmp_test_f1: 0.95, f1: 2.74
epoch: 642, val_loss:3.085709, acc: 15.87, bacc: 10.00, tmp_test_f1: 0.92, f1: 2.74
epoch: 643, val_loss:3.086002, acc: 15.87, bacc: 10.00, tmp_test_f1: 0.94, f1: 2.74
epoch: 644, val_loss:3.086237, acc: 15.87, bacc: 10.00, tmp_test_f1: 0.92, f1: 2.74
epoch: 645, val_loss:3.086617, acc: 15.87, bacc: 10.00, tmp_test_f1: 0.91, f1: 2.74
epoch: 646, val_loss:3.086523, acc: 15.87, bacc: 10.00, tmp_test_f1: 0.91, f1: 2.74
epoch: 647, val_loss:3.086473, acc: 15.87, bacc: 10.00, tmp_test_f1: 1.04, f1: 2.74
epoch: 648, val_loss:3.086641, acc: 15.87, bacc: 10.00, tmp_test_f1: 1.04, f1: 2.74
epoch: 649, val_loss:3.086783, acc: 15.87, bacc: 10.00, tmp_test_f1: 0.98, f1: 2.74
epoch: 650, val_loss:3.087019, acc: 15.87, bacc: 10.00, tmp_test_f1: 0.98, f1: 2.74
epoch: 651, val_loss:3.087098, acc: 15.87, bacc: 10.00, tmp_test_f1: 0.86, f1: 2.74
epoch: 652, val_loss:3.087380, acc: 15.87, bacc: 10.00, tmp_test_f1: 0.97, f1: 2.74
epoch: 653, val_loss:3.087759, acc: 15.87, bacc: 10.00, tmp_test_f1: 0.97, f1: 2.74
epoch: 654, val_loss:3.087852, acc: 15.87, bacc: 10.00, tmp_test_f1: 0.98, f1: 2.74
epoch: 655, val_loss:3.088005, acc: 15.87, bacc: 10.00, tmp_test_f1: 0.98, f1: 2.74
epoch: 656, val_loss:3.088271, acc: 15.87, bacc: 10.00, tmp_test_f1: 0.98, f1: 2.74
epoch: 657, val_loss:3.088858, acc: 15.87, bacc: 10.00, tmp_test_f1: 0.98, f1: 2.74
epoch: 658, val_loss:3.089139, acc: 15.87, bacc: 10.00, tmp_test_f1: 0.98, f1: 2.74
epoch: 659, val_loss:3.089509, acc: 15.87, bacc: 10.00, tmp_test_f1: 0.88, f1: 2.74
epoch: 660, val_loss:3.090241, acc: 15.87, bacc: 10.00, tmp_test_f1: 0.88, f1: 2.74
epoch: 661, val_loss:3.090912, acc: 15.87, bacc: 10.00, tmp_test_f1: 0.88, f1: 2.74
epoch: 662, val_loss:3.091912, acc: 15.87, bacc: 10.00, tmp_test_f1: 0.88, f1: 2.74
epoch: 663, val_loss:3.092977, acc: 15.87, bacc: 10.00, tmp_test_f1: 0.88, f1: 2.74
epoch: 664, val_loss:3.094030, acc: 15.87, bacc: 10.00, tmp_test_f1: 0.89, f1: 2.74
epoch: 665, val_loss:3.094728, acc: 15.87, bacc: 10.00, tmp_test_f1: 1.01, f1: 2.74
epoch: 666, val_loss:3.095426, acc: 15.87, bacc: 10.00, tmp_test_f1: 1.06, f1: 2.74
epoch: 667, val_loss:3.095694, acc: 15.87, bacc: 10.00, tmp_test_f1: 1.06, f1: 2.74
epoch: 668, val_loss:3.095564, acc: 15.87, bacc: 10.00, tmp_test_f1: 1.06, f1: 2.74
epoch: 669, val_loss:3.095604, acc: 15.87, bacc: 10.00, tmp_test_f1: 1.08, f1: 2.74
epoch: 670, val_loss:3.095799, acc: 15.87, bacc: 10.00, tmp_test_f1: 1.07, f1: 2.74
epoch: 671, val_loss:3.095955, acc: 15.87, bacc: 10.00, tmp_test_f1: 1.22, f1: 2.74
epoch: 672, val_loss:3.096048, acc: 15.87, bacc: 10.00, tmp_test_f1: 1.22, f1: 2.74
epoch: 673, val_loss:3.095691, acc: 15.87, bacc: 10.00, tmp_test_f1: 1.24, f1: 2.74
epoch: 674, val_loss:3.095014, acc: 15.87, bacc: 10.00, tmp_test_f1: 1.09, f1: 2.74
epoch: 675, val_loss:3.094572, acc: 15.87, bacc: 10.00, tmp_test_f1: 1.03, f1: 2.74
epoch: 676, val_loss:3.094476, acc: 15.87, bacc: 10.00, tmp_test_f1: 0.98, f1: 2.74
epoch: 677, val_loss:3.094863, acc: 15.87, bacc: 10.00, tmp_test_f1: 1.01, f1: 2.74
epoch: 678, val_loss:3.095011, acc: 15.87, bacc: 10.00, tmp_test_f1: 1.00, f1: 2.74
epoch: 679, val_loss:3.095446, acc: 15.87, bacc: 10.00, tmp_test_f1: 0.97, f1: 2.74
epoch: 680, val_loss:3.095987, acc: 15.87, bacc: 10.00, tmp_test_f1: 1.00, f1: 2.74
epoch: 681, val_loss:3.096197, acc: 15.87, bacc: 10.00, tmp_test_f1: 1.03, f1: 2.74
epoch: 682, val_loss:3.096576, acc: 15.87, bacc: 10.00, tmp_test_f1: 0.97, f1: 2.74
epoch: 683, val_loss:3.096606, acc: 15.87, bacc: 10.00, tmp_test_f1: 1.14, f1: 2.74
epoch: 684, val_loss:3.096418, acc: 15.87, bacc: 10.00, tmp_test_f1: 1.27, f1: 2.74
epoch: 685, val_loss:3.096673, acc: 15.87, bacc: 10.00, tmp_test_f1: 1.27, f1: 2.74
epoch: 686, val_loss:3.096679, acc: 15.87, bacc: 10.00, tmp_test_f1: 1.28, f1: 2.74
epoch: 687, val_loss:3.096490, acc: 15.87, bacc: 10.00, tmp_test_f1: 1.28, f1: 2.74
epoch: 688, val_loss:3.096617, acc: 15.87, bacc: 10.00, tmp_test_f1: 1.28, f1: 2.74
epoch: 689, val_loss:3.096567, acc: 15.87, bacc: 10.00, tmp_test_f1: 1.16, f1: 2.74
epoch: 690, val_loss:3.096555, acc: 15.87, bacc: 10.00, tmp_test_f1: 1.17, f1: 2.74
epoch: 691, val_loss:3.096559, acc: 15.87, bacc: 10.00, tmp_test_f1: 1.13, f1: 2.74
epoch: 692, val_loss:3.096803, acc: 15.87, bacc: 10.00, tmp_test_f1: 1.10, f1: 2.74
epoch: 693, val_loss:3.096565, acc: 15.87, bacc: 10.00, tmp_test_f1: 1.09, f1: 2.74
epoch: 694, val_loss:3.096007, acc: 15.87, bacc: 10.00, tmp_test_f1: 1.06, f1: 2.74
epoch: 695, val_loss:3.095642, acc: 15.87, bacc: 10.00, tmp_test_f1: 1.05, f1: 2.74
epoch: 696, val_loss:3.095491, acc: 15.87, bacc: 10.00, tmp_test_f1: 1.08, f1: 2.74
epoch: 697, val_loss:3.095525, acc: 15.87, bacc: 10.00, tmp_test_f1: 1.09, f1: 2.74
epoch: 698, val_loss:3.095802, acc: 15.87, bacc: 10.00, tmp_test_f1: 1.09, f1: 2.74
epoch: 699, val_loss:3.095998, acc: 15.87, bacc: 10.00, tmp_test_f1: 1.11, f1: 2.74
epoch: 700, val_loss:3.096392, acc: 15.87, bacc: 10.00, tmp_test_f1: 1.03, f1: 2.74
epoch: 701, val_loss:3.096966, acc: 15.87, bacc: 10.00, tmp_test_f1: 1.02, f1: 2.74
epoch: 702, val_loss:3.097583, acc: 15.87, bacc: 10.00, tmp_test_f1: 1.02, f1: 2.74
epoch: 703, val_loss:3.098148, acc: 15.87, bacc: 10.00, tmp_test_f1: 1.02, f1: 2.74
epoch: 704, val_loss:3.098253, acc: 15.87, bacc: 10.00, tmp_test_f1: 1.27, f1: 2.74
epoch: 705, val_loss:3.098419, acc: 15.87, bacc: 10.00, tmp_test_f1: 1.27, f1: 2.74
epoch: 706, val_loss:3.098499, acc: 15.87, bacc: 10.00, tmp_test_f1: 1.27, f1: 2.74
epoch: 707, val_loss:3.098490, acc: 15.87, bacc: 10.00, tmp_test_f1: 1.27, f1: 2.74
epoch: 708, val_loss:3.098389, acc: 15.87, bacc: 10.00, tmp_test_f1: 1.26, f1: 2.74
epoch: 709, val_loss:3.098357, acc: 15.87, bacc: 10.00, tmp_test_f1: 1.26, f1: 2.74
epoch: 710, val_loss:3.098474, acc: 15.87, bacc: 10.00, tmp_test_f1: 1.26, f1: 2.74
epoch: 711, val_loss:3.098491, acc: 15.87, bacc: 10.00, tmp_test_f1: 1.25, f1: 2.74
epoch: 712, val_loss:3.098245, acc: 15.87, bacc: 10.00, tmp_test_f1: 1.10, f1: 2.74
epoch: 713, val_loss:3.097893, acc: 15.87, bacc: 10.00, tmp_test_f1: 1.04, f1: 2.74
epoch: 714, val_loss:3.097283, acc: 15.87, bacc: 10.00, tmp_test_f1: 1.05, f1: 2.74
epoch: 715, val_loss:3.096662, acc: 15.87, bacc: 10.00, tmp_test_f1: 1.05, f1: 2.74
epoch: 716, val_loss:3.095855, acc: 15.87, bacc: 10.00, tmp_test_f1: 1.03, f1: 2.74
epoch: 717, val_loss:3.094968, acc: 15.87, bacc: 10.00, tmp_test_f1: 1.04, f1: 2.74
epoch: 718, val_loss:3.094196, acc: 15.87, bacc: 10.00, tmp_test_f1: 1.00, f1: 2.74
epoch: 719, val_loss:3.093670, acc: 15.87, bacc: 10.00, tmp_test_f1: 1.01, f1: 2.74
epoch: 720, val_loss:3.093446, acc: 15.87, bacc: 10.00, tmp_test_f1: 1.01, f1: 2.74
epoch: 721, val_loss:3.093096, acc: 15.87, bacc: 10.00, tmp_test_f1: 0.93, f1: 2.74
epoch: 722, val_loss:3.093228, acc: 15.87, bacc: 10.00, tmp_test_f1: 0.93, f1: 2.74
epoch: 723, val_loss:3.093416, acc: 15.87, bacc: 10.00, tmp_test_f1: 0.91, f1: 2.74
epoch: 724, val_loss:3.093665, acc: 15.87, bacc: 10.00, tmp_test_f1: 0.95, f1: 2.74
epoch: 725, val_loss:3.093837, acc: 15.87, bacc: 10.00, tmp_test_f1: 0.98, f1: 2.74
epoch: 726, val_loss:3.093844, acc: 15.87, bacc: 10.00, tmp_test_f1: 1.24, f1: 2.74
epoch: 727, val_loss:3.093794, acc: 15.87, bacc: 10.00, tmp_test_f1: 1.24, f1: 2.74
epoch: 728, val_loss:3.093444, acc: 15.87, bacc: 10.00, tmp_test_f1: 1.07, f1: 2.74
epoch: 729, val_loss:3.092854, acc: 15.87, bacc: 10.00, tmp_test_f1: 0.98, f1: 2.74
epoch: 730, val_loss:3.092267, acc: 15.87, bacc: 10.00, tmp_test_f1: 0.98, f1: 2.74
epoch: 731, val_loss:3.091469, acc: 15.87, bacc: 10.00, tmp_test_f1: 0.97, f1: 2.74
epoch: 732, val_loss:3.090531, acc: 15.87, bacc: 10.00, tmp_test_f1: 1.09, f1: 2.74
epoch: 733, val_loss:3.089867, acc: 15.87, bacc: 10.00, tmp_test_f1: 1.07, f1: 2.74
epoch: 734, val_loss:3.089227, acc: 15.87, bacc: 10.00, tmp_test_f1: 1.07, f1: 2.74
epoch: 735, val_loss:3.088851, acc: 15.87, bacc: 10.00, tmp_test_f1: 1.06, f1: 2.74
epoch: 736, val_loss:3.088503, acc: 15.87, bacc: 10.00, tmp_test_f1: 1.03, f1: 2.74
epoch: 737, val_loss:3.088107, acc: 15.87, bacc: 10.00, tmp_test_f1: 1.01, f1: 2.74
epoch: 738, val_loss:3.087886, acc: 15.87, bacc: 10.00, tmp_test_f1: 1.05, f1: 2.74
epoch: 739, val_loss:3.087634, acc: 15.87, bacc: 10.00, tmp_test_f1: 1.08, f1: 2.74
epoch: 740, val_loss:3.087628, acc: 15.87, bacc: 10.00, tmp_test_f1: 1.25, f1: 2.74
epoch: 741, val_loss:3.087686, acc: 15.87, bacc: 10.00, tmp_test_f1: 1.25, f1: 2.74
epoch: 742, val_loss:3.087430, acc: 15.87, bacc: 10.00, tmp_test_f1: 1.25, f1: 2.74
epoch: 743, val_loss:3.087215, acc: 15.87, bacc: 10.00, tmp_test_f1: 1.24, f1: 2.74
epoch: 744, val_loss:3.086755, acc: 15.87, bacc: 10.00, tmp_test_f1: 1.23, f1: 2.74
epoch: 745, val_loss:3.086375, acc: 15.87, bacc: 10.00, tmp_test_f1: 1.23, f1: 2.74
epoch: 746, val_loss:3.086265, acc: 15.87, bacc: 10.00, tmp_test_f1: 1.23, f1: 2.74
epoch: 747, val_loss:3.086147, acc: 15.87, bacc: 10.00, tmp_test_f1: 1.24, f1: 2.74
epoch: 748, val_loss:3.085543, acc: 15.87, bacc: 10.00, tmp_test_f1: 0.99, f1: 2.74
epoch: 749, val_loss:3.085056, acc: 15.87, bacc: 10.00, tmp_test_f1: 0.98, f1: 2.74
epoch: 750, val_loss:3.084879, acc: 15.87, bacc: 10.00, tmp_test_f1: 0.97, f1: 2.74
epoch: 751, val_loss:3.084483, acc: 15.87, bacc: 10.00, tmp_test_f1: 0.97, f1: 2.74
epoch: 752, val_loss:3.084135, acc: 15.87, bacc: 10.00, tmp_test_f1: 0.97, f1: 2.74
epoch: 753, val_loss:3.083634, acc: 15.87, bacc: 10.00, tmp_test_f1: 0.96, f1: 2.74
epoch: 754, val_loss:3.083115, acc: 15.87, bacc: 10.00, tmp_test_f1: 0.96, f1: 2.74
epoch: 755, val_loss:3.082746, acc: 15.87, bacc: 10.00, tmp_test_f1: 0.97, f1: 2.74
epoch: 756, val_loss:3.082390, acc: 15.87, bacc: 10.00, tmp_test_f1: 0.97, f1: 2.74
epoch: 757, val_loss:3.082397, acc: 15.87, bacc: 10.00, tmp_test_f1: 0.96, f1: 2.74
epoch: 758, val_loss:3.082666, acc: 15.87, bacc: 10.00, tmp_test_f1: 0.96, f1: 2.74
epoch: 759, val_loss:3.082978, acc: 15.87, bacc: 10.00, tmp_test_f1: 0.97, f1: 2.74
epoch: 760, val_loss:3.083356, acc: 15.87, bacc: 10.00, tmp_test_f1: 0.90, f1: 2.74
epoch: 761, val_loss:3.083700, acc: 15.87, bacc: 10.00, tmp_test_f1: 0.90, f1: 2.74
epoch: 762, val_loss:3.084357, acc: 15.87, bacc: 10.00, tmp_test_f1: 0.93, f1: 2.74
epoch: 763, val_loss:3.084961, acc: 15.87, bacc: 10.00, tmp_test_f1: 0.96, f1: 2.74
epoch: 764, val_loss:3.085308, acc: 15.87, bacc: 10.00, tmp_test_f1: 1.22, f1: 2.74
epoch: 765, val_loss:3.085562, acc: 15.87, bacc: 10.00, tmp_test_f1: 1.22, f1: 2.74
epoch: 766, val_loss:3.085801, acc: 15.87, bacc: 10.00, tmp_test_f1: 1.23, f1: 2.74
epoch: 767, val_loss:3.086082, acc: 15.87, bacc: 10.00, tmp_test_f1: 1.23, f1: 2.74
epoch: 768, val_loss:3.086440, acc: 15.87, bacc: 10.00, tmp_test_f1: 1.01, f1: 2.74
epoch: 769, val_loss:3.086567, acc: 15.87, bacc: 10.00, tmp_test_f1: 1.01, f1: 2.74
epoch: 770, val_loss:3.086981, acc: 15.87, bacc: 10.00, tmp_test_f1: 1.01, f1: 2.74
epoch: 771, val_loss:3.087168, acc: 15.87, bacc: 10.00, tmp_test_f1: 1.00, f1: 2.74
epoch: 772, val_loss:3.087426, acc: 15.87, bacc: 10.00, tmp_test_f1: 1.00, f1: 2.74
epoch: 773, val_loss:3.087866, acc: 15.87, bacc: 10.00, tmp_test_f1: 0.99, f1: 2.74
epoch: 774, val_loss:3.088357, acc: 15.87, bacc: 10.00, tmp_test_f1: 1.03, f1: 2.74
epoch: 775, val_loss:3.089073, acc: 15.87, bacc: 10.00, tmp_test_f1: 1.02, f1: 2.74
epoch: 776, val_loss:3.089527, acc: 15.87, bacc: 10.00, tmp_test_f1: 1.02, f1: 2.74
epoch: 777, val_loss:3.090640, acc: 15.87, bacc: 10.00, tmp_test_f1: 1.02, f1: 2.74
epoch: 778, val_loss:3.091448, acc: 15.87, bacc: 10.00, tmp_test_f1: 1.02, f1: 2.74
epoch: 779, val_loss:3.092194, acc: 15.87, bacc: 10.00, tmp_test_f1: 1.09, f1: 2.74
epoch: 780, val_loss:3.092811, acc: 15.87, bacc: 10.00, tmp_test_f1: 1.25, f1: 2.74
epoch: 781, val_loss:3.093349, acc: 15.87, bacc: 10.00, tmp_test_f1: 1.24, f1: 2.74
epoch: 782, val_loss:3.093666, acc: 15.87, bacc: 10.00, tmp_test_f1: 1.24, f1: 2.74
epoch: 783, val_loss:3.093962, acc: 15.87, bacc: 10.00, tmp_test_f1: 1.24, f1: 2.74
epoch: 784, val_loss:3.094317, acc: 15.87, bacc: 10.00, tmp_test_f1: 1.26, f1: 2.74
epoch: 785, val_loss:3.094735, acc: 15.87, bacc: 10.00, tmp_test_f1: 1.07, f1: 2.74
epoch: 786, val_loss:3.095248, acc: 15.87, bacc: 10.00, tmp_test_f1: 1.03, f1: 2.74
epoch: 787, val_loss:3.095444, acc: 15.87, bacc: 10.00, tmp_test_f1: 1.03, f1: 2.74
epoch: 788, val_loss:3.095765, acc: 15.87, bacc: 10.00, tmp_test_f1: 1.03, f1: 2.74
epoch: 789, val_loss:3.096221, acc: 15.87, bacc: 10.00, tmp_test_f1: 1.04, f1: 2.74
epoch: 790, val_loss:3.096551, acc: 15.87, bacc: 10.00, tmp_test_f1: 1.04, f1: 2.74
epoch: 791, val_loss:3.096943, acc: 15.87, bacc: 10.00, tmp_test_f1: 1.04, f1: 2.74
epoch: 792, val_loss:3.097446, acc: 15.87, bacc: 10.00, tmp_test_f1: 1.04, f1: 2.74
epoch: 793, val_loss:3.098080, acc: 15.87, bacc: 10.00, tmp_test_f1: 1.04, f1: 2.74
epoch: 794, val_loss:3.098687, acc: 15.87, bacc: 10.00, tmp_test_f1: 1.04, f1: 2.74
epoch: 795, val_loss:3.099285, acc: 15.87, bacc: 10.00, tmp_test_f1: 0.92, f1: 2.74
epoch: 796, val_loss:3.099794, acc: 15.87, bacc: 10.00, tmp_test_f1: 0.91, f1: 2.74
epoch: 797, val_loss:3.100329, acc: 15.87, bacc: 10.00, tmp_test_f1: 0.93, f1: 2.74
epoch: 798, val_loss:3.100745, acc: 15.87, bacc: 10.00, tmp_test_f1: 0.92, f1: 2.74
epoch: 799, val_loss:3.101015, acc: 15.87, bacc: 10.00, tmp_test_f1: 0.91, f1: 2.74
epoch: 800, val_loss:3.101156, acc: 15.87, bacc: 10.00, tmp_test_f1: 0.89, f1: 2.74
epoch: 801, val_loss:3.101447, acc: 15.87, bacc: 10.00, tmp_test_f1: 0.97, f1: 2.74
epoch: 802, val_loss:3.101442, acc: 15.87, bacc: 10.00, tmp_test_f1: 1.23, f1: 2.74
epoch: 803, val_loss:3.101269, acc: 15.87, bacc: 10.00, tmp_test_f1: 1.24, f1: 2.74
epoch: 804, val_loss:3.100671, acc: 15.87, bacc: 10.00, tmp_test_f1: 1.09, f1: 2.74
Epoch 00805: reducing learning rate of group 0 to 6.2500e-03.
epoch: 805, val_loss:3.100385, acc: 15.87, bacc: 10.00, tmp_test_f1: 1.05, f1: 2.74
epoch: 806, val_loss:3.100154, acc: 15.87, bacc: 10.00, tmp_test_f1: 1.01, f1: 2.74
epoch: 807, val_loss:3.100027, acc: 15.87, bacc: 10.00, tmp_test_f1: 1.03, f1: 2.74
epoch: 808, val_loss:3.099830, acc: 15.87, bacc: 10.00, tmp_test_f1: 1.02, f1: 2.74
Cheb Amazon-Computers 100 Aug 2311 EndEpoch 808 lr 0.1
SHAsplit  0, acc: 15.87, bacc: 10.00, f1: 2.74
