CUDA Device Index: 2
Namespace(IsDirectedData=False, AugDirect=22, net='Cheb', GPUdevice=2, seed=100, undirect_dataset='Amazon-Computers', Direct_dataset='WikipediaNetwork/squirrel', imb_ratio=100, dropout=0.1, num_filter=2, layer=2, alpha=0.1, K=2, feat_dim=64, warmup=5, epoch=1500, lr=0.1, l2=0.0005, tau=2, max=False, no_mask=False, gdc='ppr', heads=8, log_root='../logs/', log_path='test', data_path='../dataset/data/tmp/')
ChebModelBen(
  (conv1): ChebConv(767, 2, K=2, normalization=sym)
  (conv2): ChebConv(2, 2, K=2, normalization=sym)
  (Conv): Conv1d(2, 10, kernel_size=(1,), stride=(1,))
)
test_f1 CountNotImproved reset to 0 in epoch 0
epoch:   0, val_loss:2.375098, acc: 9.47, bacc: 10.00, tmp_test_f1: 1.73, f1: 1.73
epoch:   1, val_loss:2.367920, acc: 9.47, bacc: 10.00, tmp_test_f1: 1.73, f1: 1.73
epoch:   2, val_loss:2.370784, acc: 9.47, bacc: 10.00, tmp_test_f1: 1.73, f1: 1.73
epoch:   3, val_loss:2.379096, acc: 9.47, bacc: 10.00, tmp_test_f1: 1.73, f1: 1.73
epoch:   4, val_loss:2.388935, acc: 9.47, bacc: 10.00, tmp_test_f1: 1.73, f1: 1.73
epoch:   5, val_loss:2.403395, acc: 9.47, bacc: 10.00, tmp_test_f1: 1.73, f1: 1.73
epoch:   6, val_loss:2.423481, acc: 9.47, bacc: 10.00, tmp_test_f1: 1.73, f1: 1.73
test_f1 CountNotImproved reset to 0 in epoch 7
epoch:   7, val_loss:2.440472, acc: 15.87, bacc: 10.00, tmp_test_f1: 2.74, f1: 2.74
epoch:   8, val_loss:2.455756, acc: 15.87, bacc: 10.00, tmp_test_f1: 2.74, f1: 2.74
epoch:   9, val_loss:2.470240, acc: 15.87, bacc: 10.00, tmp_test_f1: 0.17, f1: 2.74
epoch:  10, val_loss:2.484500, acc: 15.87, bacc: 10.00, tmp_test_f1: 0.17, f1: 2.74
epoch:  11, val_loss:2.498791, acc: 15.87, bacc: 10.00, tmp_test_f1: 0.17, f1: 2.74
epoch:  12, val_loss:2.513089, acc: 15.87, bacc: 10.00, tmp_test_f1: 0.17, f1: 2.74
epoch:  13, val_loss:2.527155, acc: 15.87, bacc: 10.00, tmp_test_f1: 0.17, f1: 2.74
epoch:  14, val_loss:2.540593, acc: 15.87, bacc: 10.00, tmp_test_f1: 0.17, f1: 2.74
epoch:  15, val_loss:2.552901, acc: 15.87, bacc: 10.00, tmp_test_f1: 0.17, f1: 2.74
epoch:  16, val_loss:2.563517, acc: 15.87, bacc: 10.00, tmp_test_f1: 0.17, f1: 2.74
epoch:  17, val_loss:2.571889, acc: 15.87, bacc: 10.00, tmp_test_f1: 0.17, f1: 2.74
epoch:  18, val_loss:2.577548, acc: 15.87, bacc: 10.00, tmp_test_f1: 0.17, f1: 2.74
epoch:  19, val_loss:2.580178, acc: 15.87, bacc: 10.00, tmp_test_f1: 0.17, f1: 2.74
epoch:  20, val_loss:2.579663, acc: 15.87, bacc: 10.00, tmp_test_f1: 0.17, f1: 2.74
epoch:  21, val_loss:2.576101, acc: 15.87, bacc: 10.00, tmp_test_f1: 0.17, f1: 2.74
epoch:  22, val_loss:2.569771, acc: 15.87, bacc: 10.00, tmp_test_f1: 0.17, f1: 2.74
epoch:  23, val_loss:2.561092, acc: 15.87, bacc: 10.00, tmp_test_f1: 0.17, f1: 2.74
epoch:  24, val_loss:2.550567, acc: 15.87, bacc: 10.00, tmp_test_f1: 0.17, f1: 2.74
epoch:  25, val_loss:2.538728, acc: 15.87, bacc: 10.00, tmp_test_f1: 0.17, f1: 2.74
epoch:  26, val_loss:2.526091, acc: 15.87, bacc: 10.00, tmp_test_f1: 0.17, f1: 2.74
epoch:  27, val_loss:2.513129, acc: 15.87, bacc: 10.00, tmp_test_f1: 0.17, f1: 2.74
epoch:  28, val_loss:2.500253, acc: 15.87, bacc: 10.00, tmp_test_f1: 0.17, f1: 2.74
epoch:  29, val_loss:2.487811, acc: 15.87, bacc: 10.00, tmp_test_f1: 0.17, f1: 2.74
epoch:  30, val_loss:2.476078, acc: 15.87, bacc: 10.00, tmp_test_f1: 0.17, f1: 2.74
epoch:  31, val_loss:2.465270, acc: 15.87, bacc: 10.00, tmp_test_f1: 0.17, f1: 2.74
epoch:  32, val_loss:2.455541, acc: 15.87, bacc: 10.00, tmp_test_f1: 0.17, f1: 2.74
epoch:  33, val_loss:2.446996, acc: 15.87, bacc: 10.00, tmp_test_f1: 0.17, f1: 2.74
epoch:  34, val_loss:2.439695, acc: 15.87, bacc: 10.00, tmp_test_f1: 0.17, f1: 2.74
epoch:  35, val_loss:2.433662, acc: 15.87, bacc: 10.00, tmp_test_f1: 0.17, f1: 2.74
epoch:  36, val_loss:2.428897, acc: 15.87, bacc: 10.00, tmp_test_f1: 0.17, f1: 2.74
epoch:  37, val_loss:2.425370, acc: 15.87, bacc: 10.00, tmp_test_f1: 0.17, f1: 2.74
epoch:  38, val_loss:2.423035, acc: 15.87, bacc: 10.00, tmp_test_f1: 0.17, f1: 2.74
epoch:  39, val_loss:2.421827, acc: 15.87, bacc: 10.00, tmp_test_f1: 0.17, f1: 2.74
epoch:  40, val_loss:2.421652, acc: 15.87, bacc: 10.00, tmp_test_f1: 0.17, f1: 2.74
epoch:  41, val_loss:2.422401, acc: 15.87, bacc: 10.00, tmp_test_f1: 0.17, f1: 2.74
epoch:  42, val_loss:2.423945, acc: 15.87, bacc: 10.00, tmp_test_f1: 0.17, f1: 2.74
epoch:  43, val_loss:2.426142, acc: 15.87, bacc: 10.00, tmp_test_f1: 0.17, f1: 2.74
epoch:  44, val_loss:2.428835, acc: 15.87, bacc: 10.00, tmp_test_f1: 0.17, f1: 2.74
epoch:  45, val_loss:2.431875, acc: 15.87, bacc: 10.00, tmp_test_f1: 0.17, f1: 2.74
epoch:  46, val_loss:2.435107, acc: 15.87, bacc: 10.00, tmp_test_f1: 0.17, f1: 2.74
epoch:  47, val_loss:2.438391, acc: 15.87, bacc: 10.00, tmp_test_f1: 0.17, f1: 2.74
epoch:  48, val_loss:2.441602, acc: 15.87, bacc: 10.00, tmp_test_f1: 0.17, f1: 2.74
epoch:  49, val_loss:2.444631, acc: 15.87, bacc: 10.00, tmp_test_f1: 0.17, f1: 2.74
epoch:  50, val_loss:2.447389, acc: 15.87, bacc: 10.00, tmp_test_f1: 0.17, f1: 2.74
epoch:  51, val_loss:2.449813, acc: 15.87, bacc: 10.00, tmp_test_f1: 0.17, f1: 2.74
epoch:  52, val_loss:2.451854, acc: 15.87, bacc: 10.00, tmp_test_f1: 0.17, f1: 2.74
epoch:  53, val_loss:2.453488, acc: 15.87, bacc: 10.00, tmp_test_f1: 0.17, f1: 2.74
epoch:  54, val_loss:2.454707, acc: 15.87, bacc: 10.00, tmp_test_f1: 0.17, f1: 2.74
epoch:  55, val_loss:2.455522, acc: 15.87, bacc: 10.00, tmp_test_f1: 0.17, f1: 2.74
epoch:  56, val_loss:2.455953, acc: 15.87, bacc: 10.00, tmp_test_f1: 0.17, f1: 2.74
epoch:  57, val_loss:2.456033, acc: 15.87, bacc: 10.00, tmp_test_f1: 0.17, f1: 2.74
epoch:  58, val_loss:2.455807, acc: 15.87, bacc: 10.00, tmp_test_f1: 0.17, f1: 2.74
epoch:  59, val_loss:2.455317, acc: 15.87, bacc: 10.00, tmp_test_f1: 0.17, f1: 2.74
epoch:  60, val_loss:2.454617, acc: 15.87, bacc: 10.00, tmp_test_f1: 0.17, f1: 2.74
epoch:  61, val_loss:2.453756, acc: 15.87, bacc: 10.00, tmp_test_f1: 0.17, f1: 2.74
epoch:  62, val_loss:2.452786, acc: 15.87, bacc: 10.00, tmp_test_f1: 0.17, f1: 2.74
epoch:  63, val_loss:2.451757, acc: 15.87, bacc: 10.00, tmp_test_f1: 0.17, f1: 2.74
epoch:  64, val_loss:2.450712, acc: 15.87, bacc: 10.00, tmp_test_f1: 0.17, f1: 2.74
epoch:  65, val_loss:2.449698, acc: 15.87, bacc: 10.00, tmp_test_f1: 0.17, f1: 2.74
epoch:  66, val_loss:2.448750, acc: 15.87, bacc: 10.00, tmp_test_f1: 0.17, f1: 2.74
epoch:  67, val_loss:2.447901, acc: 15.87, bacc: 10.00, tmp_test_f1: 0.17, f1: 2.74
epoch:  68, val_loss:2.447176, acc: 15.87, bacc: 10.00, tmp_test_f1: 0.17, f1: 2.74
epoch:  69, val_loss:2.446591, acc: 15.87, bacc: 10.00, tmp_test_f1: 0.17, f1: 2.74
epoch:  70, val_loss:2.446157, acc: 15.87, bacc: 10.00, tmp_test_f1: 0.17, f1: 2.74
epoch:  71, val_loss:2.445873, acc: 15.87, bacc: 10.00, tmp_test_f1: 0.17, f1: 2.74
epoch:  72, val_loss:2.445734, acc: 15.87, bacc: 10.00, tmp_test_f1: 0.17, f1: 2.74
epoch:  73, val_loss:2.445724, acc: 15.87, bacc: 10.00, tmp_test_f1: 0.17, f1: 2.74
epoch:  74, val_loss:2.445824, acc: 15.87, bacc: 10.00, tmp_test_f1: 0.17, f1: 2.74
epoch:  75, val_loss:2.446012, acc: 15.87, bacc: 10.00, tmp_test_f1: 0.17, f1: 2.74
epoch:  76, val_loss:2.446266, acc: 15.87, bacc: 10.00, tmp_test_f1: 0.17, f1: 2.74
epoch:  77, val_loss:2.446555, acc: 15.87, bacc: 10.00, tmp_test_f1: 0.17, f1: 2.74
epoch:  78, val_loss:2.446862, acc: 15.87, bacc: 10.00, tmp_test_f1: 0.17, f1: 2.74
epoch:  79, val_loss:2.447154, acc: 15.87, bacc: 10.00, tmp_test_f1: 0.17, f1: 2.74
epoch:  80, val_loss:2.447421, acc: 15.87, bacc: 10.00, tmp_test_f1: 0.17, f1: 2.74
epoch:  81, val_loss:2.447586, acc: 15.87, bacc: 10.00, tmp_test_f1: 0.17, f1: 2.74
epoch:  82, val_loss:2.442912, acc: 15.87, bacc: 10.00, tmp_test_f1: 0.17, f1: 2.74
epoch:  83, val_loss:2.440694, acc: 15.87, bacc: 10.00, tmp_test_f1: 0.17, f1: 2.74
epoch:  84, val_loss:2.446365, acc: 15.87, bacc: 10.00, tmp_test_f1: 0.17, f1: 2.74
epoch:  85, val_loss:2.441426, acc: 15.87, bacc: 10.00, tmp_test_f1: 0.17, f1: 2.74
epoch:  86, val_loss:2.428192, acc: 15.87, bacc: 10.00, tmp_test_f1: 0.23, f1: 2.74
epoch:  87, val_loss:2.415385, acc: 15.87, bacc: 10.00, tmp_test_f1: 0.67, f1: 2.74
epoch:  88, val_loss:2.427268, acc: 15.87, bacc: 10.00, tmp_test_f1: 0.60, f1: 2.74
epoch:  89, val_loss:2.452394, acc: 15.87, bacc: 10.00, tmp_test_f1: 0.42, f1: 2.74
epoch:  90, val_loss:2.480300, acc: 15.87, bacc: 10.00, tmp_test_f1: 0.33, f1: 2.74
epoch:  91, val_loss:2.509778, acc: 15.87, bacc: 10.00, tmp_test_f1: 0.33, f1: 2.74
epoch:  92, val_loss:2.540743, acc: 15.87, bacc: 10.00, tmp_test_f1: 0.36, f1: 2.74
epoch:  93, val_loss:2.574392, acc: 15.87, bacc: 10.00, tmp_test_f1: 0.37, f1: 2.74
epoch:  94, val_loss:2.611316, acc: 15.87, bacc: 10.00, tmp_test_f1: 0.35, f1: 2.74
epoch:  95, val_loss:2.651571, acc: 15.87, bacc: 10.00, tmp_test_f1: 0.63, f1: 2.74
epoch:  96, val_loss:2.696163, acc: 15.87, bacc: 10.00, tmp_test_f1: 0.51, f1: 2.74
epoch:  97, val_loss:2.744834, acc: 15.87, bacc: 10.00, tmp_test_f1: 0.41, f1: 2.74
epoch:  98, val_loss:2.795111, acc: 15.87, bacc: 10.00, tmp_test_f1: 0.51, f1: 2.74
epoch:  99, val_loss:2.845886, acc: 15.87, bacc: 10.00, tmp_test_f1: 0.49, f1: 2.74
epoch: 100, val_loss:2.895389, acc: 15.87, bacc: 10.00, tmp_test_f1: 0.43, f1: 2.74
epoch: 101, val_loss:2.941851, acc: 15.87, bacc: 10.00, tmp_test_f1: 0.43, f1: 2.74
epoch: 102, val_loss:2.986406, acc: 15.87, bacc: 10.00, tmp_test_f1: 0.58, f1: 2.74
epoch: 103, val_loss:3.027188, acc: 15.87, bacc: 10.00, tmp_test_f1: 0.58, f1: 2.74
epoch: 104, val_loss:3.063789, acc: 15.87, bacc: 10.00, tmp_test_f1: 0.60, f1: 2.74
epoch: 105, val_loss:3.097552, acc: 15.87, bacc: 10.00, tmp_test_f1: 0.45, f1: 2.74
epoch: 106, val_loss:3.127139, acc: 15.87, bacc: 10.00, tmp_test_f1: 0.35, f1: 2.74
epoch: 107, val_loss:3.153948, acc: 15.87, bacc: 10.00, tmp_test_f1: 0.48, f1: 2.74
epoch: 108, val_loss:3.176826, acc: 15.87, bacc: 10.00, tmp_test_f1: 0.51, f1: 2.74
epoch: 109, val_loss:3.196505, acc: 15.87, bacc: 10.00, tmp_test_f1: 0.54, f1: 2.74
epoch: 110, val_loss:3.212806, acc: 15.87, bacc: 10.00, tmp_test_f1: 0.58, f1: 2.74
epoch: 111, val_loss:3.226302, acc: 15.87, bacc: 10.00, tmp_test_f1: 0.60, f1: 2.74
epoch: 112, val_loss:3.237151, acc: 15.87, bacc: 10.00, tmp_test_f1: 0.60, f1: 2.74
epoch: 113, val_loss:3.245142, acc: 15.87, bacc: 10.00, tmp_test_f1: 0.58, f1: 2.74
epoch: 114, val_loss:3.251020, acc: 15.87, bacc: 10.00, tmp_test_f1: 0.55, f1: 2.74
epoch: 115, val_loss:3.255415, acc: 15.87, bacc: 10.00, tmp_test_f1: 0.52, f1: 2.74
epoch: 116, val_loss:3.258098, acc: 15.87, bacc: 10.00, tmp_test_f1: 0.51, f1: 2.74
epoch: 117, val_loss:3.258922, acc: 15.87, bacc: 10.00, tmp_test_f1: 0.50, f1: 2.74
epoch: 118, val_loss:3.258454, acc: 15.87, bacc: 10.00, tmp_test_f1: 0.51, f1: 2.74
epoch: 119, val_loss:3.257958, acc: 15.87, bacc: 10.00, tmp_test_f1: 0.51, f1: 2.74
epoch: 120, val_loss:3.255812, acc: 15.87, bacc: 10.00, tmp_test_f1: 0.51, f1: 2.74
epoch: 121, val_loss:3.252523, acc: 15.87, bacc: 10.00, tmp_test_f1: 0.51, f1: 2.74
epoch: 122, val_loss:3.247957, acc: 15.87, bacc: 10.00, tmp_test_f1: 0.38, f1: 2.74
epoch: 123, val_loss:3.242010, acc: 15.87, bacc: 10.00, tmp_test_f1: 0.49, f1: 2.74
epoch: 124, val_loss:3.235800, acc: 15.87, bacc: 10.00, tmp_test_f1: 0.50, f1: 2.74
epoch: 125, val_loss:3.228768, acc: 15.87, bacc: 10.00, tmp_test_f1: 0.52, f1: 2.74
epoch: 126, val_loss:3.222847, acc: 15.87, bacc: 10.00, tmp_test_f1: 0.52, f1: 2.74
epoch: 127, val_loss:3.217198, acc: 15.87, bacc: 10.00, tmp_test_f1: 0.51, f1: 2.74
epoch: 128, val_loss:3.210835, acc: 15.87, bacc: 10.00, tmp_test_f1: 0.51, f1: 2.74
epoch: 129, val_loss:3.204944, acc: 15.87, bacc: 10.00, tmp_test_f1: 0.39, f1: 2.74
epoch: 130, val_loss:3.199738, acc: 15.87, bacc: 10.00, tmp_test_f1: 0.39, f1: 2.74
epoch: 131, val_loss:3.193377, acc: 15.87, bacc: 10.00, tmp_test_f1: 0.38, f1: 2.74
epoch: 132, val_loss:3.186392, acc: 15.87, bacc: 10.00, tmp_test_f1: 0.51, f1: 2.74
epoch: 133, val_loss:3.179592, acc: 15.87, bacc: 10.00, tmp_test_f1: 0.49, f1: 2.74
epoch: 134, val_loss:3.171694, acc: 15.87, bacc: 10.00, tmp_test_f1: 0.52, f1: 2.74
epoch: 135, val_loss:3.164451, acc: 15.87, bacc: 10.00, tmp_test_f1: 0.70, f1: 2.74
epoch: 136, val_loss:3.157913, acc: 15.87, bacc: 10.00, tmp_test_f1: 0.70, f1: 2.74
epoch: 137, val_loss:3.151101, acc: 15.87, bacc: 10.00, tmp_test_f1: 0.58, f1: 2.74
epoch: 138, val_loss:3.144388, acc: 15.87, bacc: 10.00, tmp_test_f1: 0.54, f1: 2.74
epoch: 139, val_loss:3.137244, acc: 15.87, bacc: 10.00, tmp_test_f1: 0.57, f1: 2.74
epoch: 140, val_loss:3.129858, acc: 15.87, bacc: 10.00, tmp_test_f1: 0.60, f1: 2.74
epoch: 141, val_loss:3.122520, acc: 15.87, bacc: 10.00, tmp_test_f1: 0.58, f1: 2.74
epoch: 142, val_loss:3.115674, acc: 15.87, bacc: 10.00, tmp_test_f1: 0.58, f1: 2.74
epoch: 143, val_loss:3.108394, acc: 15.87, bacc: 10.00, tmp_test_f1: 0.80, f1: 2.74
epoch: 144, val_loss:3.102059, acc: 15.87, bacc: 10.00, tmp_test_f1: 0.80, f1: 2.74
epoch: 145, val_loss:3.095282, acc: 15.87, bacc: 10.00, tmp_test_f1: 0.78, f1: 2.74
epoch: 146, val_loss:3.088998, acc: 15.87, bacc: 10.00, tmp_test_f1: 0.45, f1: 2.74
epoch: 147, val_loss:3.084144, acc: 15.87, bacc: 10.00, tmp_test_f1: 0.56, f1: 2.74
epoch: 148, val_loss:3.080024, acc: 15.87, bacc: 10.00, tmp_test_f1: 0.58, f1: 2.74
epoch: 149, val_loss:3.075899, acc: 15.87, bacc: 10.00, tmp_test_f1: 0.58, f1: 2.74
epoch: 150, val_loss:3.071241, acc: 15.87, bacc: 10.00, tmp_test_f1: 0.63, f1: 2.74
epoch: 151, val_loss:3.066605, acc: 15.87, bacc: 10.00, tmp_test_f1: 0.72, f1: 2.74
epoch: 152, val_loss:3.060537, acc: 15.87, bacc: 10.00, tmp_test_f1: 0.90, f1: 2.74
epoch: 153, val_loss:3.054011, acc: 15.87, bacc: 10.00, tmp_test_f1: 1.02, f1: 2.74
epoch: 154, val_loss:3.048476, acc: 15.87, bacc: 10.00, tmp_test_f1: 1.07, f1: 2.74
epoch: 155, val_loss:3.044920, acc: 15.87, bacc: 10.00, tmp_test_f1: 1.05, f1: 2.74
epoch: 156, val_loss:3.042376, acc: 15.87, bacc: 10.00, tmp_test_f1: 0.86, f1: 2.74
epoch: 157, val_loss:3.040395, acc: 15.87, bacc: 10.00, tmp_test_f1: 0.88, f1: 2.74
epoch: 158, val_loss:3.038553, acc: 15.87, bacc: 10.00, tmp_test_f1: 0.87, f1: 2.74
epoch: 159, val_loss:3.036007, acc: 15.87, bacc: 10.00, tmp_test_f1: 0.86, f1: 2.74
epoch: 160, val_loss:3.033350, acc: 15.87, bacc: 10.00, tmp_test_f1: 0.79, f1: 2.74
epoch: 161, val_loss:3.030660, acc: 15.87, bacc: 10.00, tmp_test_f1: 0.62, f1: 2.74
epoch: 162, val_loss:3.028896, acc: 15.87, bacc: 10.00, tmp_test_f1: 0.55, f1: 2.74
epoch: 163, val_loss:3.028425, acc: 15.87, bacc: 10.00, tmp_test_f1: 0.50, f1: 2.74
epoch: 164, val_loss:3.029480, acc: 15.87, bacc: 10.00, tmp_test_f1: 0.89, f1: 2.74
epoch: 165, val_loss:3.030380, acc: 15.87, bacc: 10.00, tmp_test_f1: 0.71, f1: 2.74
epoch: 166, val_loss:3.030542, acc: 15.87, bacc: 10.00, tmp_test_f1: 0.82, f1: 2.74
epoch: 167, val_loss:3.030123, acc: 15.87, bacc: 10.00, tmp_test_f1: 0.76, f1: 2.74
epoch: 168, val_loss:3.028580, acc: 15.87, bacc: 10.00, tmp_test_f1: 0.83, f1: 2.74
epoch: 169, val_loss:3.027588, acc: 15.87, bacc: 10.00, tmp_test_f1: 0.82, f1: 2.74
epoch: 170, val_loss:3.027987, acc: 15.87, bacc: 10.00, tmp_test_f1: 0.94, f1: 2.74
epoch: 171, val_loss:3.028975, acc: 15.87, bacc: 10.00, tmp_test_f1: 1.15, f1: 2.74
epoch: 172, val_loss:3.030958, acc: 15.87, bacc: 10.00, tmp_test_f1: 1.23, f1: 2.74
epoch: 173, val_loss:3.031423, acc: 15.87, bacc: 10.00, tmp_test_f1: 0.98, f1: 2.74
epoch: 174, val_loss:3.031324, acc: 15.87, bacc: 10.00, tmp_test_f1: 0.89, f1: 2.74
epoch: 175, val_loss:3.032022, acc: 15.87, bacc: 10.00, tmp_test_f1: 0.84, f1: 2.74
epoch: 176, val_loss:3.034207, acc: 15.87, bacc: 10.00, tmp_test_f1: 0.72, f1: 2.74
epoch: 177, val_loss:3.036366, acc: 15.87, bacc: 10.00, tmp_test_f1: 0.71, f1: 2.74
epoch: 178, val_loss:3.039276, acc: 15.87, bacc: 10.00, tmp_test_f1: 0.79, f1: 2.74
epoch: 179, val_loss:3.041454, acc: 15.87, bacc: 10.00, tmp_test_f1: 0.81, f1: 2.74
epoch: 180, val_loss:3.043459, acc: 15.87, bacc: 10.00, tmp_test_f1: 0.89, f1: 2.74
epoch: 181, val_loss:3.044982, acc: 15.87, bacc: 10.00, tmp_test_f1: 0.91, f1: 2.74
epoch: 182, val_loss:3.046905, acc: 15.87, bacc: 10.00, tmp_test_f1: 0.91, f1: 2.74
epoch: 183, val_loss:3.049493, acc: 15.87, bacc: 10.00, tmp_test_f1: 0.84, f1: 2.74
epoch: 184, val_loss:3.053241, acc: 15.87, bacc: 10.00, tmp_test_f1: 0.83, f1: 2.74
epoch: 185, val_loss:3.056813, acc: 15.87, bacc: 10.00, tmp_test_f1: 0.68, f1: 2.74
epoch: 186, val_loss:3.058898, acc: 15.87, bacc: 10.00, tmp_test_f1: 0.76, f1: 2.74
epoch: 187, val_loss:3.060053, acc: 15.87, bacc: 10.00, tmp_test_f1: 1.01, f1: 2.74
epoch: 188, val_loss:3.061065, acc: 15.87, bacc: 10.00, tmp_test_f1: 1.00, f1: 2.74
epoch: 189, val_loss:3.060561, acc: 15.87, bacc: 10.00, tmp_test_f1: 0.96, f1: 2.74
epoch: 190, val_loss:3.060793, acc: 15.87, bacc: 10.00, tmp_test_f1: 0.78, f1: 2.74
epoch: 191, val_loss:3.059197, acc: 15.87, bacc: 10.00, tmp_test_f1: 0.70, f1: 2.74
epoch: 192, val_loss:3.057237, acc: 15.87, bacc: 10.00, tmp_test_f1: 0.84, f1: 2.74
epoch: 193, val_loss:3.054871, acc: 15.87, bacc: 10.00, tmp_test_f1: 0.90, f1: 2.74
epoch: 194, val_loss:3.053723, acc: 15.87, bacc: 10.00, tmp_test_f1: 0.93, f1: 2.74
epoch: 195, val_loss:3.053182, acc: 15.87, bacc: 10.00, tmp_test_f1: 0.94, f1: 2.74
epoch: 196, val_loss:3.053149, acc: 15.87, bacc: 10.00, tmp_test_f1: 1.17, f1: 2.74
epoch: 197, val_loss:3.053751, acc: 15.87, bacc: 10.00, tmp_test_f1: 0.88, f1: 2.74
epoch: 198, val_loss:3.054657, acc: 15.87, bacc: 10.00, tmp_test_f1: 0.83, f1: 2.74
epoch: 199, val_loss:3.054954, acc: 15.87, bacc: 10.00, tmp_test_f1: 0.81, f1: 2.74
epoch: 200, val_loss:3.056077, acc: 15.87, bacc: 10.00, tmp_test_f1: 0.84, f1: 2.74
epoch: 201, val_loss:3.056984, acc: 15.87, bacc: 10.00, tmp_test_f1: 0.76, f1: 2.74
Epoch 00202: reducing learning rate of group 0 to 5.0000e-02.
epoch: 202, val_loss:3.057148, acc: 15.87, bacc: 10.00, tmp_test_f1: 0.67, f1: 2.74
epoch: 203, val_loss:3.057508, acc: 15.87, bacc: 10.00, tmp_test_f1: 0.66, f1: 2.74
epoch: 204, val_loss:3.057281, acc: 15.87, bacc: 10.00, tmp_test_f1: 0.68, f1: 2.74
epoch: 205, val_loss:3.057307, acc: 15.87, bacc: 10.00, tmp_test_f1: 0.73, f1: 2.74
epoch: 206, val_loss:3.057526, acc: 15.87, bacc: 10.00, tmp_test_f1: 1.01, f1: 2.74
epoch: 207, val_loss:3.057594, acc: 15.87, bacc: 10.00, tmp_test_f1: 1.03, f1: 2.74
epoch: 208, val_loss:3.057659, acc: 15.87, bacc: 10.00, tmp_test_f1: 0.71, f1: 2.74
epoch: 209, val_loss:3.057947, acc: 15.87, bacc: 10.00, tmp_test_f1: 0.71, f1: 2.74
epoch: 210, val_loss:3.057859, acc: 15.87, bacc: 10.00, tmp_test_f1: 0.73, f1: 2.74
epoch: 211, val_loss:3.057897, acc: 15.87, bacc: 10.00, tmp_test_f1: 0.85, f1: 2.74
epoch: 212, val_loss:3.057980, acc: 15.87, bacc: 10.00, tmp_test_f1: 0.84, f1: 2.74
epoch: 213, val_loss:3.058066, acc: 15.87, bacc: 10.00, tmp_test_f1: 0.83, f1: 2.74
epoch: 214, val_loss:3.057736, acc: 15.87, bacc: 10.00, tmp_test_f1: 0.81, f1: 2.74
epoch: 215, val_loss:3.056624, acc: 15.87, bacc: 10.00, tmp_test_f1: 0.79, f1: 2.74
epoch: 216, val_loss:3.055333, acc: 15.87, bacc: 10.00, tmp_test_f1: 0.79, f1: 2.74
epoch: 217, val_loss:3.053638, acc: 15.87, bacc: 10.00, tmp_test_f1: 0.80, f1: 2.74
epoch: 218, val_loss:3.051820, acc: 15.87, bacc: 10.00, tmp_test_f1: 0.79, f1: 2.74
epoch: 219, val_loss:3.050291, acc: 15.87, bacc: 10.00, tmp_test_f1: 0.73, f1: 2.74
epoch: 220, val_loss:3.048864, acc: 15.87, bacc: 10.00, tmp_test_f1: 0.72, f1: 2.74
epoch: 221, val_loss:3.047716, acc: 15.87, bacc: 10.00, tmp_test_f1: 0.72, f1: 2.74
epoch: 222, val_loss:3.046421, acc: 15.87, bacc: 10.00, tmp_test_f1: 0.78, f1: 2.74
epoch: 223, val_loss:3.045013, acc: 15.87, bacc: 10.00, tmp_test_f1: 1.08, f1: 2.74
epoch: 224, val_loss:3.043688, acc: 15.87, bacc: 10.00, tmp_test_f1: 1.09, f1: 2.74
epoch: 225, val_loss:3.042843, acc: 15.87, bacc: 10.00, tmp_test_f1: 1.11, f1: 2.74
epoch: 226, val_loss:3.041860, acc: 15.87, bacc: 10.00, tmp_test_f1: 0.85, f1: 2.74
epoch: 227, val_loss:3.041658, acc: 15.87, bacc: 10.00, tmp_test_f1: 0.84, f1: 2.74
epoch: 228, val_loss:3.041752, acc: 15.87, bacc: 10.00, tmp_test_f1: 0.82, f1: 2.74
epoch: 229, val_loss:3.042021, acc: 15.87, bacc: 10.00, tmp_test_f1: 0.81, f1: 2.74
epoch: 230, val_loss:3.042964, acc: 15.87, bacc: 10.00, tmp_test_f1: 0.82, f1: 2.74
epoch: 231, val_loss:3.044430, acc: 15.87, bacc: 10.00, tmp_test_f1: 0.70, f1: 2.74
epoch: 232, val_loss:3.045106, acc: 15.87, bacc: 10.00, tmp_test_f1: 0.69, f1: 2.74
epoch: 233, val_loss:3.045547, acc: 15.87, bacc: 10.00, tmp_test_f1: 0.71, f1: 2.74
epoch: 234, val_loss:3.045566, acc: 15.87, bacc: 10.00, tmp_test_f1: 0.75, f1: 2.74
epoch: 235, val_loss:3.045610, acc: 15.87, bacc: 10.00, tmp_test_f1: 0.82, f1: 2.74
epoch: 236, val_loss:3.045694, acc: 15.87, bacc: 10.00, tmp_test_f1: 1.08, f1: 2.74
epoch: 237, val_loss:3.045344, acc: 15.87, bacc: 10.00, tmp_test_f1: 0.86, f1: 2.74
epoch: 238, val_loss:3.045836, acc: 15.87, bacc: 10.00, tmp_test_f1: 0.79, f1: 2.74
epoch: 239, val_loss:3.047027, acc: 15.87, bacc: 10.00, tmp_test_f1: 0.79, f1: 2.74
epoch: 240, val_loss:3.048688, acc: 15.87, bacc: 10.00, tmp_test_f1: 0.87, f1: 2.74
epoch: 241, val_loss:3.050711, acc: 15.87, bacc: 10.00, tmp_test_f1: 0.78, f1: 2.74
epoch: 242, val_loss:3.052158, acc: 15.87, bacc: 10.00, tmp_test_f1: 0.78, f1: 2.74
epoch: 243, val_loss:3.053412, acc: 15.87, bacc: 10.00, tmp_test_f1: 0.79, f1: 2.74
epoch: 244, val_loss:3.054466, acc: 15.87, bacc: 10.00, tmp_test_f1: 0.79, f1: 2.74
epoch: 245, val_loss:3.055130, acc: 15.87, bacc: 10.00, tmp_test_f1: 0.80, f1: 2.74
epoch: 246, val_loss:3.055303, acc: 15.87, bacc: 10.00, tmp_test_f1: 0.72, f1: 2.74
epoch: 247, val_loss:3.055192, acc: 15.87, bacc: 10.00, tmp_test_f1: 0.72, f1: 2.74
epoch: 248, val_loss:3.054951, acc: 15.87, bacc: 10.00, tmp_test_f1: 1.01, f1: 2.74
epoch: 249, val_loss:3.054574, acc: 15.87, bacc: 10.00, tmp_test_f1: 1.20, f1: 2.74
epoch: 250, val_loss:3.055218, acc: 15.87, bacc: 10.00, tmp_test_f1: 1.21, f1: 2.74
epoch: 251, val_loss:3.056824, acc: 15.87, bacc: 10.00, tmp_test_f1: 0.96, f1: 2.74
epoch: 252, val_loss:3.059443, acc: 15.87, bacc: 10.00, tmp_test_f1: 0.96, f1: 2.74
epoch: 253, val_loss:3.062237, acc: 15.87, bacc: 10.00, tmp_test_f1: 0.93, f1: 2.74
epoch: 254, val_loss:3.064646, acc: 15.87, bacc: 10.00, tmp_test_f1: 0.87, f1: 2.74
epoch: 255, val_loss:3.066916, acc: 15.87, bacc: 10.00, tmp_test_f1: 0.86, f1: 2.74
epoch: 256, val_loss:3.068876, acc: 15.87, bacc: 10.00, tmp_test_f1: 0.86, f1: 2.74
epoch: 257, val_loss:3.070123, acc: 15.87, bacc: 10.00, tmp_test_f1: 0.86, f1: 2.74
epoch: 258, val_loss:3.071530, acc: 15.87, bacc: 10.00, tmp_test_f1: 0.72, f1: 2.74
epoch: 259, val_loss:3.071788, acc: 15.87, bacc: 10.00, tmp_test_f1: 0.77, f1: 2.74
epoch: 260, val_loss:3.071425, acc: 15.87, bacc: 10.00, tmp_test_f1: 0.91, f1: 2.74
epoch: 261, val_loss:3.070140, acc: 15.87, bacc: 10.00, tmp_test_f1: 1.02, f1: 2.74
epoch: 262, val_loss:3.069379, acc: 15.87, bacc: 10.00, tmp_test_f1: 0.98, f1: 2.74
epoch: 263, val_loss:3.068932, acc: 15.87, bacc: 10.00, tmp_test_f1: 0.98, f1: 2.74
epoch: 264, val_loss:3.069350, acc: 15.87, bacc: 10.00, tmp_test_f1: 0.95, f1: 2.74
epoch: 265, val_loss:3.070323, acc: 15.87, bacc: 10.00, tmp_test_f1: 0.99, f1: 2.74
epoch: 266, val_loss:3.070529, acc: 15.87, bacc: 10.00, tmp_test_f1: 1.13, f1: 2.74
epoch: 267, val_loss:3.071649, acc: 15.87, bacc: 10.00, tmp_test_f1: 0.74, f1: 2.74
epoch: 268, val_loss:3.072448, acc: 15.87, bacc: 10.00, tmp_test_f1: 0.70, f1: 2.74
epoch: 269, val_loss:3.072169, acc: 15.87, bacc: 10.00, tmp_test_f1: 0.66, f1: 2.74
epoch: 270, val_loss:3.071289, acc: 15.87, bacc: 10.00, tmp_test_f1: 0.67, f1: 2.74
epoch: 271, val_loss:3.070227, acc: 15.87, bacc: 10.00, tmp_test_f1: 0.67, f1: 2.74
epoch: 272, val_loss:3.069383, acc: 15.87, bacc: 10.00, tmp_test_f1: 0.68, f1: 2.74
epoch: 273, val_loss:3.068691, acc: 15.87, bacc: 10.00, tmp_test_f1: 0.82, f1: 2.74
epoch: 274, val_loss:3.067570, acc: 15.87, bacc: 10.00, tmp_test_f1: 0.82, f1: 2.74
epoch: 275, val_loss:3.066668, acc: 15.87, bacc: 10.00, tmp_test_f1: 0.84, f1: 2.74
epoch: 276, val_loss:3.066182, acc: 15.87, bacc: 10.00, tmp_test_f1: 0.88, f1: 2.74
epoch: 277, val_loss:3.065303, acc: 15.87, bacc: 10.00, tmp_test_f1: 0.86, f1: 2.74
epoch: 278, val_loss:3.064233, acc: 15.87, bacc: 10.00, tmp_test_f1: 1.10, f1: 2.74
epoch: 279, val_loss:3.063242, acc: 15.87, bacc: 10.00, tmp_test_f1: 1.12, f1: 2.74
epoch: 280, val_loss:3.061382, acc: 15.87, bacc: 10.00, tmp_test_f1: 1.12, f1: 2.74
epoch: 281, val_loss:3.058956, acc: 15.87, bacc: 10.00, tmp_test_f1: 1.12, f1: 2.74
epoch: 282, val_loss:3.056153, acc: 15.87, bacc: 10.00, tmp_test_f1: 1.15, f1: 2.74
epoch: 283, val_loss:3.054216, acc: 15.87, bacc: 10.00, tmp_test_f1: 1.13, f1: 2.74
epoch: 284, val_loss:3.053890, acc: 15.87, bacc: 10.00, tmp_test_f1: 0.75, f1: 2.74
epoch: 285, val_loss:3.054149, acc: 15.87, bacc: 10.00, tmp_test_f1: 0.87, f1: 2.74
epoch: 286, val_loss:3.055251, acc: 15.87, bacc: 10.00, tmp_test_f1: 0.85, f1: 2.74
epoch: 287, val_loss:3.055508, acc: 15.87, bacc: 10.00, tmp_test_f1: 0.82, f1: 2.74
epoch: 288, val_loss:3.055372, acc: 15.87, bacc: 10.00, tmp_test_f1: 0.81, f1: 2.74
epoch: 289, val_loss:3.054988, acc: 15.87, bacc: 10.00, tmp_test_f1: 0.80, f1: 2.74
epoch: 290, val_loss:3.054654, acc: 15.87, bacc: 10.00, tmp_test_f1: 0.86, f1: 2.74
epoch: 291, val_loss:3.054184, acc: 15.87, bacc: 10.00, tmp_test_f1: 1.01, f1: 2.74
epoch: 292, val_loss:3.053689, acc: 15.87, bacc: 10.00, tmp_test_f1: 1.03, f1: 2.74
epoch: 293, val_loss:3.054072, acc: 15.87, bacc: 10.00, tmp_test_f1: 0.80, f1: 2.74
epoch: 294, val_loss:3.054190, acc: 15.87, bacc: 10.00, tmp_test_f1: 0.82, f1: 2.74
epoch: 295, val_loss:3.054885, acc: 15.87, bacc: 10.00, tmp_test_f1: 0.86, f1: 2.74
epoch: 296, val_loss:3.055349, acc: 15.87, bacc: 10.00, tmp_test_f1: 0.92, f1: 2.74
epoch: 297, val_loss:3.055454, acc: 15.87, bacc: 10.00, tmp_test_f1: 0.96, f1: 2.74
epoch: 298, val_loss:3.055555, acc: 15.87, bacc: 10.00, tmp_test_f1: 0.95, f1: 2.74
epoch: 299, val_loss:3.055853, acc: 15.87, bacc: 10.00, tmp_test_f1: 0.95, f1: 2.74
epoch: 300, val_loss:3.056157, acc: 15.87, bacc: 10.00, tmp_test_f1: 0.93, f1: 2.74
epoch: 301, val_loss:3.056153, acc: 15.87, bacc: 10.00, tmp_test_f1: 0.89, f1: 2.74
epoch: 302, val_loss:3.055447, acc: 15.87, bacc: 10.00, tmp_test_f1: 1.10, f1: 2.74
epoch: 303, val_loss:3.054049, acc: 15.87, bacc: 10.00, tmp_test_f1: 1.10, f1: 2.74
epoch: 304, val_loss:3.052584, acc: 15.87, bacc: 10.00, tmp_test_f1: 1.10, f1: 2.74
epoch: 305, val_loss:3.051058, acc: 15.87, bacc: 10.00, tmp_test_f1: 0.81, f1: 2.74
epoch: 306, val_loss:3.050144, acc: 15.87, bacc: 10.00, tmp_test_f1: 0.81, f1: 2.74
epoch: 307, val_loss:3.049910, acc: 15.87, bacc: 10.00, tmp_test_f1: 0.82, f1: 2.74
epoch: 308, val_loss:3.050218, acc: 15.87, bacc: 10.00, tmp_test_f1: 0.84, f1: 2.74
epoch: 309, val_loss:3.050801, acc: 15.87, bacc: 10.00, tmp_test_f1: 0.95, f1: 2.74
epoch: 310, val_loss:3.049787, acc: 15.87, bacc: 10.00, tmp_test_f1: 0.84, f1: 2.74
epoch: 311, val_loss:3.048614, acc: 15.87, bacc: 10.00, tmp_test_f1: 0.86, f1: 2.74
epoch: 312, val_loss:3.046880, acc: 15.87, bacc: 10.00, tmp_test_f1: 0.85, f1: 2.74
epoch: 313, val_loss:3.045520, acc: 15.87, bacc: 10.00, tmp_test_f1: 0.85, f1: 2.74
epoch: 314, val_loss:3.045437, acc: 15.87, bacc: 10.00, tmp_test_f1: 1.04, f1: 2.74
epoch: 315, val_loss:3.044786, acc: 15.87, bacc: 10.00, tmp_test_f1: 1.03, f1: 2.74
epoch: 316, val_loss:3.044515, acc: 15.87, bacc: 10.00, tmp_test_f1: 1.00, f1: 2.74
epoch: 317, val_loss:3.045135, acc: 15.87, bacc: 10.00, tmp_test_f1: 0.68, f1: 2.74
epoch: 318, val_loss:3.045301, acc: 15.87, bacc: 10.00, tmp_test_f1: 0.68, f1: 2.74
epoch: 319, val_loss:3.045126, acc: 15.87, bacc: 10.00, tmp_test_f1: 0.68, f1: 2.74
epoch: 320, val_loss:3.045323, acc: 15.87, bacc: 10.00, tmp_test_f1: 0.83, f1: 2.74
epoch: 321, val_loss:3.044669, acc: 15.87, bacc: 10.00, tmp_test_f1: 0.83, f1: 2.74
epoch: 322, val_loss:3.043894, acc: 15.87, bacc: 10.00, tmp_test_f1: 0.85, f1: 2.74
epoch: 323, val_loss:3.043373, acc: 15.87, bacc: 10.00, tmp_test_f1: 0.98, f1: 2.74
epoch: 324, val_loss:3.042815, acc: 15.87, bacc: 10.00, tmp_test_f1: 0.98, f1: 2.74
epoch: 325, val_loss:3.042707, acc: 15.87, bacc: 10.00, tmp_test_f1: 0.94, f1: 2.74
epoch: 326, val_loss:3.043056, acc: 15.87, bacc: 10.00, tmp_test_f1: 0.89, f1: 2.74
epoch: 327, val_loss:3.044846, acc: 15.87, bacc: 10.00, tmp_test_f1: 0.87, f1: 2.74
epoch: 328, val_loss:3.045954, acc: 15.87, bacc: 10.00, tmp_test_f1: 1.00, f1: 2.74
epoch: 329, val_loss:3.046464, acc: 15.87, bacc: 10.00, tmp_test_f1: 0.79, f1: 2.74
epoch: 330, val_loss:3.046813, acc: 15.87, bacc: 10.00, tmp_test_f1: 0.79, f1: 2.74
epoch: 331, val_loss:3.046517, acc: 15.87, bacc: 10.00, tmp_test_f1: 0.81, f1: 2.74
epoch: 332, val_loss:3.045887, acc: 15.87, bacc: 10.00, tmp_test_f1: 0.82, f1: 2.74
epoch: 333, val_loss:3.044739, acc: 15.87, bacc: 10.00, tmp_test_f1: 0.85, f1: 2.74
epoch: 334, val_loss:3.043496, acc: 15.87, bacc: 10.00, tmp_test_f1: 0.89, f1: 2.74
epoch: 335, val_loss:3.042509, acc: 15.87, bacc: 10.00, tmp_test_f1: 1.03, f1: 2.74
epoch: 336, val_loss:3.040229, acc: 15.87, bacc: 10.00, tmp_test_f1: 0.96, f1: 2.74
epoch: 337, val_loss:3.038980, acc: 15.87, bacc: 10.00, tmp_test_f1: 0.98, f1: 2.74
epoch: 338, val_loss:3.038243, acc: 15.87, bacc: 10.00, tmp_test_f1: 1.08, f1: 2.74
epoch: 339, val_loss:3.037220, acc: 15.87, bacc: 10.00, tmp_test_f1: 1.08, f1: 2.74
epoch: 340, val_loss:3.036592, acc: 15.87, bacc: 10.00, tmp_test_f1: 1.03, f1: 2.74
epoch: 341, val_loss:3.036414, acc: 15.87, bacc: 10.00, tmp_test_f1: 0.79, f1: 2.74
epoch: 342, val_loss:3.036641, acc: 15.87, bacc: 10.00, tmp_test_f1: 0.73, f1: 2.74
epoch: 343, val_loss:3.037279, acc: 15.87, bacc: 10.00, tmp_test_f1: 0.86, f1: 2.74
epoch: 344, val_loss:3.037851, acc: 15.87, bacc: 10.00, tmp_test_f1: 0.83, f1: 2.74
epoch: 345, val_loss:3.037350, acc: 15.87, bacc: 10.00, tmp_test_f1: 0.80, f1: 2.74
epoch: 346, val_loss:3.036555, acc: 15.87, bacc: 10.00, tmp_test_f1: 0.81, f1: 2.74
epoch: 347, val_loss:3.035576, acc: 15.87, bacc: 10.00, tmp_test_f1: 0.81, f1: 2.74
epoch: 348, val_loss:3.035542, acc: 15.87, bacc: 10.00, tmp_test_f1: 1.07, f1: 2.74
epoch: 349, val_loss:3.035527, acc: 15.87, bacc: 10.00, tmp_test_f1: 1.11, f1: 2.74
epoch: 350, val_loss:3.035758, acc: 15.87, bacc: 10.00, tmp_test_f1: 1.11, f1: 2.74
epoch: 351, val_loss:3.036083, acc: 15.87, bacc: 10.00, tmp_test_f1: 1.10, f1: 2.74
epoch: 352, val_loss:3.036307, acc: 15.87, bacc: 10.00, tmp_test_f1: 0.88, f1: 2.74
epoch: 353, val_loss:3.036235, acc: 15.87, bacc: 10.00, tmp_test_f1: 0.92, f1: 2.74
epoch: 354, val_loss:3.035845, acc: 15.87, bacc: 10.00, tmp_test_f1: 0.92, f1: 2.74
epoch: 355, val_loss:3.035965, acc: 15.87, bacc: 10.00, tmp_test_f1: 0.89, f1: 2.74
epoch: 356, val_loss:3.036139, acc: 15.87, bacc: 10.00, tmp_test_f1: 0.87, f1: 2.74
epoch: 357, val_loss:3.035963, acc: 15.87, bacc: 10.00, tmp_test_f1: 0.85, f1: 2.74
epoch: 358, val_loss:3.035533, acc: 15.87, bacc: 10.00, tmp_test_f1: 0.94, f1: 2.74
epoch: 359, val_loss:3.034932, acc: 15.87, bacc: 10.00, tmp_test_f1: 1.11, f1: 2.74
epoch: 360, val_loss:3.034909, acc: 15.87, bacc: 10.00, tmp_test_f1: 1.09, f1: 2.74
epoch: 361, val_loss:3.035428, acc: 15.87, bacc: 10.00, tmp_test_f1: 1.10, f1: 2.74
epoch: 362, val_loss:3.036271, acc: 15.87, bacc: 10.00, tmp_test_f1: 1.07, f1: 2.74
epoch: 363, val_loss:3.037930, acc: 15.87, bacc: 10.00, tmp_test_f1: 0.83, f1: 2.74
epoch: 364, val_loss:3.039464, acc: 15.87, bacc: 10.00, tmp_test_f1: 0.86, f1: 2.74
epoch: 365, val_loss:3.040611, acc: 15.87, bacc: 10.00, tmp_test_f1: 0.84, f1: 2.74
epoch: 366, val_loss:3.041787, acc: 15.87, bacc: 10.00, tmp_test_f1: 0.82, f1: 2.74
epoch: 367, val_loss:3.042280, acc: 15.87, bacc: 10.00, tmp_test_f1: 0.82, f1: 2.74
epoch: 368, val_loss:3.042949, acc: 15.87, bacc: 10.00, tmp_test_f1: 0.83, f1: 2.74
epoch: 369, val_loss:3.043609, acc: 15.87, bacc: 10.00, tmp_test_f1: 0.93, f1: 2.74
epoch: 370, val_loss:3.043451, acc: 15.87, bacc: 10.00, tmp_test_f1: 1.06, f1: 2.74
epoch: 371, val_loss:3.042710, acc: 15.87, bacc: 10.00, tmp_test_f1: 1.07, f1: 2.74
epoch: 372, val_loss:3.041646, acc: 15.87, bacc: 10.00, tmp_test_f1: 1.12, f1: 2.74
epoch: 373, val_loss:3.040672, acc: 15.87, bacc: 10.00, tmp_test_f1: 0.99, f1: 2.74
epoch: 374, val_loss:3.039647, acc: 15.87, bacc: 10.00, tmp_test_f1: 0.91, f1: 2.74
epoch: 375, val_loss:3.040195, acc: 15.87, bacc: 10.00, tmp_test_f1: 0.90, f1: 2.74
epoch: 376, val_loss:3.041096, acc: 15.87, bacc: 10.00, tmp_test_f1: 0.91, f1: 2.74
epoch: 377, val_loss:3.041920, acc: 15.87, bacc: 10.00, tmp_test_f1: 0.89, f1: 2.74
epoch: 378, val_loss:3.042420, acc: 15.87, bacc: 10.00, tmp_test_f1: 0.88, f1: 2.74
epoch: 379, val_loss:3.043149, acc: 15.87, bacc: 10.00, tmp_test_f1: 0.89, f1: 2.74
epoch: 380, val_loss:3.043755, acc: 15.87, bacc: 10.00, tmp_test_f1: 1.11, f1: 2.74
epoch: 381, val_loss:3.044218, acc: 15.87, bacc: 10.00, tmp_test_f1: 1.09, f1: 2.74
epoch: 382, val_loss:3.044751, acc: 15.87, bacc: 10.00, tmp_test_f1: 1.09, f1: 2.74
epoch: 383, val_loss:3.044773, acc: 15.87, bacc: 10.00, tmp_test_f1: 1.07, f1: 2.74
epoch: 384, val_loss:3.044493, acc: 15.87, bacc: 10.00, tmp_test_f1: 0.87, f1: 2.74
epoch: 385, val_loss:3.044285, acc: 15.87, bacc: 10.00, tmp_test_f1: 0.85, f1: 2.74
epoch: 386, val_loss:3.043522, acc: 15.87, bacc: 10.00, tmp_test_f1: 0.82, f1: 2.74
epoch: 387, val_loss:3.043070, acc: 15.87, bacc: 10.00, tmp_test_f1: 0.83, f1: 2.74
epoch: 388, val_loss:3.042805, acc: 15.87, bacc: 10.00, tmp_test_f1: 0.78, f1: 2.74
epoch: 389, val_loss:3.041432, acc: 15.87, bacc: 10.00, tmp_test_f1: 0.79, f1: 2.74
epoch: 390, val_loss:3.039685, acc: 15.87, bacc: 10.00, tmp_test_f1: 0.80, f1: 2.74
epoch: 391, val_loss:3.037958, acc: 15.87, bacc: 10.00, tmp_test_f1: 0.83, f1: 2.74
epoch: 392, val_loss:3.035830, acc: 15.87, bacc: 10.00, tmp_test_f1: 0.70, f1: 2.74
epoch: 393, val_loss:3.033439, acc: 15.87, bacc: 10.00, tmp_test_f1: 0.72, f1: 2.74
epoch: 394, val_loss:3.030876, acc: 15.87, bacc: 10.00, tmp_test_f1: 0.74, f1: 2.74
epoch: 395, val_loss:3.027276, acc: 15.87, bacc: 10.00, tmp_test_f1: 0.92, f1: 2.74
epoch: 396, val_loss:3.024928, acc: 15.87, bacc: 10.00, tmp_test_f1: 0.84, f1: 2.74
epoch: 397, val_loss:3.023823, acc: 15.87, bacc: 10.00, tmp_test_f1: 0.84, f1: 2.74
epoch: 398, val_loss:3.023564, acc: 15.87, bacc: 10.00, tmp_test_f1: 0.80, f1: 2.74
epoch: 399, val_loss:3.024405, acc: 15.87, bacc: 10.00, tmp_test_f1: 0.78, f1: 2.74
epoch: 400, val_loss:3.025301, acc: 15.87, bacc: 10.00, tmp_test_f1: 1.04, f1: 2.74
epoch: 401, val_loss:3.025688, acc: 15.87, bacc: 10.00, tmp_test_f1: 1.04, f1: 2.74
epoch: 402, val_loss:3.026382, acc: 15.87, bacc: 10.00, tmp_test_f1: 1.05, f1: 2.74
Epoch 00403: reducing learning rate of group 0 to 2.5000e-02.
epoch: 403, val_loss:3.026704, acc: 15.87, bacc: 10.00, tmp_test_f1: 0.70, f1: 2.74
epoch: 404, val_loss:3.026678, acc: 15.87, bacc: 10.00, tmp_test_f1: 0.73, f1: 2.74
epoch: 405, val_loss:3.026629, acc: 15.87, bacc: 10.00, tmp_test_f1: 0.75, f1: 2.74
epoch: 406, val_loss:3.026823, acc: 15.87, bacc: 10.00, tmp_test_f1: 0.77, f1: 2.74
epoch: 407, val_loss:3.027184, acc: 15.87, bacc: 10.00, tmp_test_f1: 0.81, f1: 2.74
epoch: 408, val_loss:3.027231, acc: 15.87, bacc: 10.00, tmp_test_f1: 0.82, f1: 2.74
epoch: 409, val_loss:3.027680, acc: 15.87, bacc: 10.00, tmp_test_f1: 0.91, f1: 2.74
epoch: 410, val_loss:3.028091, acc: 15.87, bacc: 10.00, tmp_test_f1: 0.91, f1: 2.74
epoch: 411, val_loss:3.028826, acc: 15.87, bacc: 10.00, tmp_test_f1: 0.94, f1: 2.74
epoch: 412, val_loss:3.029949, acc: 15.87, bacc: 10.00, tmp_test_f1: 0.94, f1: 2.74
epoch: 413, val_loss:3.031266, acc: 15.87, bacc: 10.00, tmp_test_f1: 0.94, f1: 2.74
epoch: 414, val_loss:3.032954, acc: 15.87, bacc: 10.00, tmp_test_f1: 0.92, f1: 2.74
epoch: 415, val_loss:3.034683, acc: 15.87, bacc: 10.00, tmp_test_f1: 0.91, f1: 2.74
epoch: 416, val_loss:3.036450, acc: 15.87, bacc: 10.00, tmp_test_f1: 0.90, f1: 2.74
epoch: 417, val_loss:3.037731, acc: 15.87, bacc: 10.00, tmp_test_f1: 0.86, f1: 2.74
epoch: 418, val_loss:3.038634, acc: 15.87, bacc: 10.00, tmp_test_f1: 0.73, f1: 2.74
epoch: 419, val_loss:3.039321, acc: 15.87, bacc: 10.00, tmp_test_f1: 0.72, f1: 2.74
epoch: 420, val_loss:3.039938, acc: 15.87, bacc: 10.00, tmp_test_f1: 0.76, f1: 2.74
epoch: 421, val_loss:3.040560, acc: 15.87, bacc: 10.00, tmp_test_f1: 0.76, f1: 2.74
epoch: 422, val_loss:3.040964, acc: 15.87, bacc: 10.00, tmp_test_f1: 0.77, f1: 2.74
epoch: 423, val_loss:3.041501, acc: 15.87, bacc: 10.00, tmp_test_f1: 0.78, f1: 2.74
epoch: 424, val_loss:3.042125, acc: 15.87, bacc: 10.00, tmp_test_f1: 0.98, f1: 2.74
epoch: 425, val_loss:3.043039, acc: 15.87, bacc: 10.00, tmp_test_f1: 0.94, f1: 2.74
epoch: 426, val_loss:3.043791, acc: 15.87, bacc: 10.00, tmp_test_f1: 0.93, f1: 2.74
epoch: 427, val_loss:3.044620, acc: 15.87, bacc: 10.00, tmp_test_f1: 0.92, f1: 2.74
epoch: 428, val_loss:3.045410, acc: 15.87, bacc: 10.00, tmp_test_f1: 0.91, f1: 2.74
epoch: 429, val_loss:3.046724, acc: 15.87, bacc: 10.00, tmp_test_f1: 0.89, f1: 2.74
epoch: 430, val_loss:3.047929, acc: 15.87, bacc: 10.00, tmp_test_f1: 0.85, f1: 2.74
epoch: 431, val_loss:3.049020, acc: 15.87, bacc: 10.00, tmp_test_f1: 0.86, f1: 2.74
epoch: 432, val_loss:3.049880, acc: 15.87, bacc: 10.00, tmp_test_f1: 0.86, f1: 2.74
epoch: 433, val_loss:3.049785, acc: 15.87, bacc: 10.00, tmp_test_f1: 0.86, f1: 2.74
epoch: 434, val_loss:3.049899, acc: 15.87, bacc: 10.00, tmp_test_f1: 0.87, f1: 2.74
epoch: 435, val_loss:3.050022, acc: 15.87, bacc: 10.00, tmp_test_f1: 0.78, f1: 2.74
epoch: 436, val_loss:3.049949, acc: 15.87, bacc: 10.00, tmp_test_f1: 0.78, f1: 2.74
epoch: 437, val_loss:3.049821, acc: 15.87, bacc: 10.00, tmp_test_f1: 0.78, f1: 2.74
epoch: 438, val_loss:3.050204, acc: 15.87, bacc: 10.00, tmp_test_f1: 0.78, f1: 2.74
epoch: 439, val_loss:3.050484, acc: 15.87, bacc: 10.00, tmp_test_f1: 0.78, f1: 2.74
epoch: 440, val_loss:3.050960, acc: 15.87, bacc: 10.00, tmp_test_f1: 0.77, f1: 2.74
epoch: 441, val_loss:3.051274, acc: 15.87, bacc: 10.00, tmp_test_f1: 0.76, f1: 2.74
epoch: 442, val_loss:3.051568, acc: 15.87, bacc: 10.00, tmp_test_f1: 0.74, f1: 2.74
epoch: 443, val_loss:3.052237, acc: 15.87, bacc: 10.00, tmp_test_f1: 0.83, f1: 2.74
epoch: 444, val_loss:3.052606, acc: 15.87, bacc: 10.00, tmp_test_f1: 0.82, f1: 2.74
epoch: 445, val_loss:3.052923, acc: 15.87, bacc: 10.00, tmp_test_f1: 0.82, f1: 2.74
epoch: 446, val_loss:3.053035, acc: 15.87, bacc: 10.00, tmp_test_f1: 0.81, f1: 2.74
epoch: 447, val_loss:3.053128, acc: 15.87, bacc: 10.00, tmp_test_f1: 0.80, f1: 2.74
epoch: 448, val_loss:3.053128, acc: 15.87, bacc: 10.00, tmp_test_f1: 0.98, f1: 2.74
epoch: 449, val_loss:3.053094, acc: 15.87, bacc: 10.00, tmp_test_f1: 1.03, f1: 2.74
epoch: 450, val_loss:3.053238, acc: 15.87, bacc: 10.00, tmp_test_f1: 1.04, f1: 2.74
epoch: 451, val_loss:3.053040, acc: 15.87, bacc: 10.00, tmp_test_f1: 1.06, f1: 2.74
epoch: 452, val_loss:3.053111, acc: 15.87, bacc: 10.00, tmp_test_f1: 0.93, f1: 2.74
epoch: 453, val_loss:3.052895, acc: 15.87, bacc: 10.00, tmp_test_f1: 0.90, f1: 2.74
epoch: 454, val_loss:3.052366, acc: 15.87, bacc: 10.00, tmp_test_f1: 0.88, f1: 2.74
epoch: 455, val_loss:3.051959, acc: 15.87, bacc: 10.00, tmp_test_f1: 0.86, f1: 2.74
epoch: 456, val_loss:3.051359, acc: 15.87, bacc: 10.00, tmp_test_f1: 0.74, f1: 2.74
epoch: 457, val_loss:3.050955, acc: 15.87, bacc: 10.00, tmp_test_f1: 0.74, f1: 2.74
epoch: 458, val_loss:3.050552, acc: 15.87, bacc: 10.00, tmp_test_f1: 0.74, f1: 2.74
epoch: 459, val_loss:3.050189, acc: 15.87, bacc: 10.00, tmp_test_f1: 0.73, f1: 2.74
epoch: 460, val_loss:3.049902, acc: 15.87, bacc: 10.00, tmp_test_f1: 0.72, f1: 2.74
epoch: 461, val_loss:3.049213, acc: 15.87, bacc: 10.00, tmp_test_f1: 0.73, f1: 2.74
epoch: 462, val_loss:3.048563, acc: 15.87, bacc: 10.00, tmp_test_f1: 0.76, f1: 2.74
epoch: 463, val_loss:3.048186, acc: 15.87, bacc: 10.00, tmp_test_f1: 1.09, f1: 2.74
epoch: 464, val_loss:3.047469, acc: 15.87, bacc: 10.00, tmp_test_f1: 0.91, f1: 2.74
epoch: 465, val_loss:3.046912, acc: 15.87, bacc: 10.00, tmp_test_f1: 0.85, f1: 2.74
epoch: 466, val_loss:3.046871, acc: 15.87, bacc: 10.00, tmp_test_f1: 0.84, f1: 2.74
epoch: 467, val_loss:3.046697, acc: 15.87, bacc: 10.00, tmp_test_f1: 0.87, f1: 2.74
epoch: 468, val_loss:3.046524, acc: 15.87, bacc: 10.00, tmp_test_f1: 0.87, f1: 2.74
epoch: 469, val_loss:3.046532, acc: 15.87, bacc: 10.00, tmp_test_f1: 0.93, f1: 2.74
epoch: 470, val_loss:3.046701, acc: 15.87, bacc: 10.00, tmp_test_f1: 0.83, f1: 2.74
epoch: 471, val_loss:3.046841, acc: 15.87, bacc: 10.00, tmp_test_f1: 0.84, f1: 2.74
epoch: 472, val_loss:3.046797, acc: 15.87, bacc: 10.00, tmp_test_f1: 0.84, f1: 2.74
epoch: 473, val_loss:3.046447, acc: 15.87, bacc: 10.00, tmp_test_f1: 0.85, f1: 2.74
epoch: 474, val_loss:3.045986, acc: 15.87, bacc: 10.00, tmp_test_f1: 0.70, f1: 2.74
epoch: 475, val_loss:3.045436, acc: 15.87, bacc: 10.00, tmp_test_f1: 0.73, f1: 2.74
epoch: 476, val_loss:3.044821, acc: 15.87, bacc: 10.00, tmp_test_f1: 0.74, f1: 2.74
epoch: 477, val_loss:3.043662, acc: 15.87, bacc: 10.00, tmp_test_f1: 0.77, f1: 2.74
epoch: 478, val_loss:3.042147, acc: 15.87, bacc: 10.00, tmp_test_f1: 0.80, f1: 2.74
epoch: 479, val_loss:3.040740, acc: 15.87, bacc: 10.00, tmp_test_f1: 0.84, f1: 2.74
epoch: 480, val_loss:3.039944, acc: 15.87, bacc: 10.00, tmp_test_f1: 1.16, f1: 2.74
epoch: 481, val_loss:3.039433, acc: 15.87, bacc: 10.00, tmp_test_f1: 1.17, f1: 2.74
epoch: 482, val_loss:3.039251, acc: 15.87, bacc: 10.00, tmp_test_f1: 1.17, f1: 2.74
epoch: 483, val_loss:3.039084, acc: 15.87, bacc: 10.00, tmp_test_f1: 1.16, f1: 2.74
epoch: 484, val_loss:3.038828, acc: 15.87, bacc: 10.00, tmp_test_f1: 1.15, f1: 2.74
epoch: 485, val_loss:3.038637, acc: 15.87, bacc: 10.00, tmp_test_f1: 1.14, f1: 2.74
epoch: 486, val_loss:3.038395, acc: 15.87, bacc: 10.00, tmp_test_f1: 0.89, f1: 2.74
epoch: 487, val_loss:3.038684, acc: 15.87, bacc: 10.00, tmp_test_f1: 0.92, f1: 2.74
epoch: 488, val_loss:3.039136, acc: 15.87, bacc: 10.00, tmp_test_f1: 0.93, f1: 2.74
epoch: 489, val_loss:3.039679, acc: 15.87, bacc: 10.00, tmp_test_f1: 0.93, f1: 2.74
epoch: 490, val_loss:3.040417, acc: 15.87, bacc: 10.00, tmp_test_f1: 1.06, f1: 2.74
epoch: 491, val_loss:3.041210, acc: 15.87, bacc: 10.00, tmp_test_f1: 0.92, f1: 2.74
epoch: 492, val_loss:3.041713, acc: 15.87, bacc: 10.00, tmp_test_f1: 0.82, f1: 2.74
epoch: 493, val_loss:3.042375, acc: 15.87, bacc: 10.00, tmp_test_f1: 0.85, f1: 2.74
epoch: 494, val_loss:3.043183, acc: 15.87, bacc: 10.00, tmp_test_f1: 0.85, f1: 2.74
epoch: 495, val_loss:3.044380, acc: 15.87, bacc: 10.00, tmp_test_f1: 0.82, f1: 2.74
epoch: 496, val_loss:3.045760, acc: 15.87, bacc: 10.00, tmp_test_f1: 0.93, f1: 2.74
epoch: 497, val_loss:3.046752, acc: 15.87, bacc: 10.00, tmp_test_f1: 0.98, f1: 2.74
epoch: 498, val_loss:3.047805, acc: 15.87, bacc: 10.00, tmp_test_f1: 0.90, f1: 2.74
epoch: 499, val_loss:3.048366, acc: 15.87, bacc: 10.00, tmp_test_f1: 0.86, f1: 2.74
epoch: 500, val_loss:3.049095, acc: 15.87, bacc: 10.00, tmp_test_f1: 0.86, f1: 2.74
epoch: 501, val_loss:3.049690, acc: 15.87, bacc: 10.00, tmp_test_f1: 0.84, f1: 2.74
epoch: 502, val_loss:3.049986, acc: 15.87, bacc: 10.00, tmp_test_f1: 0.96, f1: 2.74
epoch: 503, val_loss:3.049844, acc: 15.87, bacc: 10.00, tmp_test_f1: 0.82, f1: 2.74
epoch: 504, val_loss:3.048883, acc: 15.87, bacc: 10.00, tmp_test_f1: 0.81, f1: 2.74
epoch: 505, val_loss:3.048068, acc: 15.87, bacc: 10.00, tmp_test_f1: 0.79, f1: 2.74
epoch: 506, val_loss:3.046900, acc: 15.87, bacc: 10.00, tmp_test_f1: 0.78, f1: 2.74
epoch: 507, val_loss:3.045998, acc: 15.87, bacc: 10.00, tmp_test_f1: 0.78, f1: 2.74
epoch: 508, val_loss:3.045342, acc: 15.87, bacc: 10.00, tmp_test_f1: 0.78, f1: 2.74
epoch: 509, val_loss:3.044804, acc: 15.87, bacc: 10.00, tmp_test_f1: 0.77, f1: 2.74
epoch: 510, val_loss:3.044899, acc: 15.87, bacc: 10.00, tmp_test_f1: 0.70, f1: 2.74
epoch: 511, val_loss:3.045214, acc: 15.87, bacc: 10.00, tmp_test_f1: 0.71, f1: 2.74
epoch: 512, val_loss:3.046120, acc: 15.87, bacc: 10.00, tmp_test_f1: 0.70, f1: 2.74
epoch: 513, val_loss:3.046956, acc: 15.87, bacc: 10.00, tmp_test_f1: 0.69, f1: 2.74
epoch: 514, val_loss:3.047873, acc: 15.87, bacc: 10.00, tmp_test_f1: 0.74, f1: 2.74
epoch: 515, val_loss:3.048105, acc: 15.87, bacc: 10.00, tmp_test_f1: 0.85, f1: 2.74
epoch: 516, val_loss:3.048315, acc: 15.87, bacc: 10.00, tmp_test_f1: 0.85, f1: 2.74
epoch: 517, val_loss:3.048266, acc: 15.87, bacc: 10.00, tmp_test_f1: 0.85, f1: 2.74
epoch: 518, val_loss:3.048437, acc: 15.87, bacc: 10.00, tmp_test_f1: 0.85, f1: 2.74
epoch: 519, val_loss:3.048674, acc: 15.87, bacc: 10.00, tmp_test_f1: 0.94, f1: 2.74
epoch: 520, val_loss:3.048872, acc: 15.87, bacc: 10.00, tmp_test_f1: 0.94, f1: 2.74
epoch: 521, val_loss:3.049359, acc: 15.87, bacc: 10.00, tmp_test_f1: 0.86, f1: 2.74
epoch: 522, val_loss:3.050319, acc: 15.87, bacc: 10.00, tmp_test_f1: 0.87, f1: 2.74
epoch: 523, val_loss:3.051060, acc: 15.87, bacc: 10.00, tmp_test_f1: 0.88, f1: 2.74
epoch: 524, val_loss:3.051676, acc: 15.87, bacc: 10.00, tmp_test_f1: 0.89, f1: 2.74
epoch: 525, val_loss:3.052249, acc: 15.87, bacc: 10.00, tmp_test_f1: 0.90, f1: 2.74
epoch: 526, val_loss:3.052975, acc: 15.87, bacc: 10.00, tmp_test_f1: 0.90, f1: 2.74
epoch: 527, val_loss:3.053759, acc: 15.87, bacc: 10.00, tmp_test_f1: 0.90, f1: 2.74
epoch: 528, val_loss:3.054713, acc: 15.87, bacc: 10.00, tmp_test_f1: 0.91, f1: 2.74
epoch: 529, val_loss:3.055578, acc: 15.87, bacc: 10.00, tmp_test_f1: 1.06, f1: 2.74
epoch: 530, val_loss:3.056109, acc: 15.87, bacc: 10.00, tmp_test_f1: 1.12, f1: 2.74
epoch: 531, val_loss:3.056649, acc: 15.87, bacc: 10.00, tmp_test_f1: 0.97, f1: 2.74
epoch: 532, val_loss:3.057037, acc: 15.87, bacc: 10.00, tmp_test_f1: 0.95, f1: 2.74
epoch: 533, val_loss:3.057252, acc: 15.87, bacc: 10.00, tmp_test_f1: 0.91, f1: 2.74
epoch: 534, val_loss:3.057137, acc: 15.87, bacc: 10.00, tmp_test_f1: 0.93, f1: 2.74
epoch: 535, val_loss:3.056761, acc: 15.87, bacc: 10.00, tmp_test_f1: 0.94, f1: 2.74
epoch: 536, val_loss:3.056086, acc: 15.87, bacc: 10.00, tmp_test_f1: 0.93, f1: 2.74
epoch: 537, val_loss:3.055247, acc: 15.87, bacc: 10.00, tmp_test_f1: 0.92, f1: 2.74
epoch: 538, val_loss:3.054474, acc: 15.87, bacc: 10.00, tmp_test_f1: 0.80, f1: 2.74
epoch: 539, val_loss:3.054042, acc: 15.87, bacc: 10.00, tmp_test_f1: 0.82, f1: 2.74
epoch: 540, val_loss:3.053823, acc: 15.87, bacc: 10.00, tmp_test_f1: 0.82, f1: 2.74
epoch: 541, val_loss:3.053871, acc: 15.87, bacc: 10.00, tmp_test_f1: 0.78, f1: 2.74
epoch: 542, val_loss:3.053876, acc: 15.87, bacc: 10.00, tmp_test_f1: 0.76, f1: 2.74
epoch: 543, val_loss:3.053717, acc: 15.87, bacc: 10.00, tmp_test_f1: 0.84, f1: 2.74
epoch: 544, val_loss:3.053753, acc: 15.87, bacc: 10.00, tmp_test_f1: 0.85, f1: 2.74
epoch: 545, val_loss:3.053349, acc: 15.87, bacc: 10.00, tmp_test_f1: 0.83, f1: 2.74
epoch: 546, val_loss:3.053071, acc: 15.87, bacc: 10.00, tmp_test_f1: 0.82, f1: 2.74
epoch: 547, val_loss:3.052659, acc: 15.87, bacc: 10.00, tmp_test_f1: 0.85, f1: 2.74
epoch: 548, val_loss:3.051601, acc: 15.87, bacc: 10.00, tmp_test_f1: 0.86, f1: 2.74
epoch: 549, val_loss:3.050264, acc: 15.87, bacc: 10.00, tmp_test_f1: 0.82, f1: 2.74
epoch: 550, val_loss:3.048927, acc: 15.87, bacc: 10.00, tmp_test_f1: 0.90, f1: 2.74
epoch: 551, val_loss:3.047627, acc: 15.87, bacc: 10.00, tmp_test_f1: 0.95, f1: 2.74
epoch: 552, val_loss:3.046576, acc: 15.87, bacc: 10.00, tmp_test_f1: 1.03, f1: 2.74
epoch: 553, val_loss:3.045605, acc: 15.87, bacc: 10.00, tmp_test_f1: 1.08, f1: 2.74
epoch: 554, val_loss:3.044580, acc: 15.87, bacc: 10.00, tmp_test_f1: 1.06, f1: 2.74
epoch: 555, val_loss:3.043148, acc: 15.87, bacc: 10.00, tmp_test_f1: 1.05, f1: 2.74
epoch: 556, val_loss:3.041863, acc: 15.87, bacc: 10.00, tmp_test_f1: 1.04, f1: 2.74
epoch: 557, val_loss:3.040668, acc: 15.87, bacc: 10.00, tmp_test_f1: 0.80, f1: 2.74
epoch: 558, val_loss:3.039102, acc: 15.87, bacc: 10.00, tmp_test_f1: 0.80, f1: 2.74
epoch: 559, val_loss:3.037135, acc: 15.87, bacc: 10.00, tmp_test_f1: 0.79, f1: 2.74
epoch: 560, val_loss:3.035699, acc: 15.87, bacc: 10.00, tmp_test_f1: 0.80, f1: 2.74
epoch: 561, val_loss:3.035099, acc: 15.87, bacc: 10.00, tmp_test_f1: 0.82, f1: 2.74
epoch: 562, val_loss:3.034984, acc: 15.87, bacc: 10.00, tmp_test_f1: 0.80, f1: 2.74
epoch: 563, val_loss:3.035519, acc: 15.87, bacc: 10.00, tmp_test_f1: 0.83, f1: 2.74
epoch: 564, val_loss:3.036627, acc: 15.87, bacc: 10.00, tmp_test_f1: 0.84, f1: 2.74
epoch: 565, val_loss:3.037606, acc: 15.87, bacc: 10.00, tmp_test_f1: 0.84, f1: 2.74
epoch: 566, val_loss:3.038470, acc: 15.87, bacc: 10.00, tmp_test_f1: 0.84, f1: 2.74
epoch: 567, val_loss:3.039374, acc: 15.87, bacc: 10.00, tmp_test_f1: 0.85, f1: 2.74
epoch: 568, val_loss:3.040111, acc: 15.87, bacc: 10.00, tmp_test_f1: 0.88, f1: 2.74
epoch: 569, val_loss:3.040842, acc: 15.87, bacc: 10.00, tmp_test_f1: 0.89, f1: 2.74
epoch: 570, val_loss:3.041744, acc: 15.87, bacc: 10.00, tmp_test_f1: 0.90, f1: 2.74
epoch: 571, val_loss:3.042647, acc: 15.87, bacc: 10.00, tmp_test_f1: 0.92, f1: 2.74
epoch: 572, val_loss:3.043348, acc: 15.87, bacc: 10.00, tmp_test_f1: 0.78, f1: 2.74
epoch: 573, val_loss:3.043813, acc: 15.87, bacc: 10.00, tmp_test_f1: 0.78, f1: 2.74
epoch: 574, val_loss:3.044448, acc: 15.87, bacc: 10.00, tmp_test_f1: 0.77, f1: 2.74
epoch: 575, val_loss:3.045079, acc: 15.87, bacc: 10.00, tmp_test_f1: 0.76, f1: 2.74
epoch: 576, val_loss:3.045369, acc: 15.87, bacc: 10.00, tmp_test_f1: 0.82, f1: 2.74
epoch: 577, val_loss:3.045600, acc: 15.87, bacc: 10.00, tmp_test_f1: 1.12, f1: 2.74
epoch: 578, val_loss:3.046066, acc: 15.87, bacc: 10.00, tmp_test_f1: 1.12, f1: 2.74
epoch: 579, val_loss:3.046657, acc: 15.87, bacc: 10.00, tmp_test_f1: 1.16, f1: 2.74
epoch: 580, val_loss:3.047399, acc: 15.87, bacc: 10.00, tmp_test_f1: 0.97, f1: 2.74
epoch: 581, val_loss:3.048189, acc: 15.87, bacc: 10.00, tmp_test_f1: 0.95, f1: 2.74
epoch: 582, val_loss:3.049133, acc: 15.87, bacc: 10.00, tmp_test_f1: 0.95, f1: 2.74
epoch: 583, val_loss:3.050201, acc: 15.87, bacc: 10.00, tmp_test_f1: 0.87, f1: 2.74
epoch: 584, val_loss:3.051376, acc: 15.87, bacc: 10.00, tmp_test_f1: 0.87, f1: 2.74
epoch: 585, val_loss:3.052130, acc: 15.87, bacc: 10.00, tmp_test_f1: 0.83, f1: 2.74
epoch: 586, val_loss:3.052661, acc: 15.87, bacc: 10.00, tmp_test_f1: 0.84, f1: 2.74
epoch: 587, val_loss:3.053007, acc: 15.87, bacc: 10.00, tmp_test_f1: 0.79, f1: 2.74
epoch: 588, val_loss:3.053120, acc: 15.87, bacc: 10.00, tmp_test_f1: 0.73, f1: 2.74
epoch: 589, val_loss:3.053075, acc: 15.87, bacc: 10.00, tmp_test_f1: 0.80, f1: 2.74
epoch: 590, val_loss:3.052881, acc: 15.87, bacc: 10.00, tmp_test_f1: 1.09, f1: 2.74
epoch: 591, val_loss:3.052346, acc: 15.87, bacc: 10.00, tmp_test_f1: 1.11, f1: 2.74
epoch: 592, val_loss:3.051599, acc: 15.87, bacc: 10.00, tmp_test_f1: 1.12, f1: 2.74
epoch: 593, val_loss:3.050338, acc: 15.87, bacc: 10.00, tmp_test_f1: 1.16, f1: 2.74
epoch: 594, val_loss:3.049117, acc: 15.87, bacc: 10.00, tmp_test_f1: 1.17, f1: 2.74
epoch: 595, val_loss:3.047921, acc: 15.87, bacc: 10.00, tmp_test_f1: 1.17, f1: 2.74
epoch: 596, val_loss:3.046763, acc: 15.87, bacc: 10.00, tmp_test_f1: 1.04, f1: 2.74
epoch: 597, val_loss:3.046213, acc: 15.87, bacc: 10.00, tmp_test_f1: 1.05, f1: 2.74
epoch: 598, val_loss:3.045278, acc: 15.87, bacc: 10.00, tmp_test_f1: 1.04, f1: 2.74
epoch: 599, val_loss:3.044881, acc: 15.87, bacc: 10.00, tmp_test_f1: 1.06, f1: 2.74
epoch: 600, val_loss:3.045316, acc: 15.87, bacc: 10.00, tmp_test_f1: 1.05, f1: 2.74
epoch: 601, val_loss:3.045854, acc: 15.87, bacc: 10.00, tmp_test_f1: 0.81, f1: 2.74
epoch: 602, val_loss:3.046464, acc: 15.87, bacc: 10.00, tmp_test_f1: 0.78, f1: 2.74
epoch: 603, val_loss:3.047113, acc: 15.87, bacc: 10.00, tmp_test_f1: 0.76, f1: 2.74
Epoch 00604: reducing learning rate of group 0 to 1.2500e-02.
epoch: 604, val_loss:3.047946, acc: 15.87, bacc: 10.00, tmp_test_f1: 0.75, f1: 2.74
epoch: 605, val_loss:3.049033, acc: 15.87, bacc: 10.00, tmp_test_f1: 0.80, f1: 2.74
epoch: 606, val_loss:3.049279, acc: 15.87, bacc: 10.00, tmp_test_f1: 0.82, f1: 2.74
epoch: 607, val_loss:3.049683, acc: 15.87, bacc: 10.00, tmp_test_f1: 1.08, f1: 2.74
epoch: 608, val_loss:3.050233, acc: 15.87, bacc: 10.00, tmp_test_f1: 1.08, f1: 2.74
epoch: 609, val_loss:3.050784, acc: 15.87, bacc: 10.00, tmp_test_f1: 1.08, f1: 2.74
epoch: 610, val_loss:3.051170, acc: 15.87, bacc: 10.00, tmp_test_f1: 0.95, f1: 2.74
epoch: 611, val_loss:3.051354, acc: 15.87, bacc: 10.00, tmp_test_f1: 0.96, f1: 2.74
epoch: 612, val_loss:3.051678, acc: 15.87, bacc: 10.00, tmp_test_f1: 0.97, f1: 2.74
epoch: 613, val_loss:3.052041, acc: 15.87, bacc: 10.00, tmp_test_f1: 0.97, f1: 2.74
epoch: 614, val_loss:3.052472, acc: 15.87, bacc: 10.00, tmp_test_f1: 1.02, f1: 2.74
epoch: 615, val_loss:3.052912, acc: 15.87, bacc: 10.00, tmp_test_f1: 0.88, f1: 2.74
epoch: 616, val_loss:3.053404, acc: 15.87, bacc: 10.00, tmp_test_f1: 0.88, f1: 2.74
epoch: 617, val_loss:3.053689, acc: 15.87, bacc: 10.00, tmp_test_f1: 0.86, f1: 2.74
epoch: 618, val_loss:3.053944, acc: 15.87, bacc: 10.00, tmp_test_f1: 0.86, f1: 2.74
epoch: 619, val_loss:3.054096, acc: 15.87, bacc: 10.00, tmp_test_f1: 0.86, f1: 2.74
epoch: 620, val_loss:3.053885, acc: 15.87, bacc: 10.00, tmp_test_f1: 0.86, f1: 2.74
epoch: 621, val_loss:3.053709, acc: 15.87, bacc: 10.00, tmp_test_f1: 0.87, f1: 2.74
epoch: 622, val_loss:3.053822, acc: 15.87, bacc: 10.00, tmp_test_f1: 0.87, f1: 2.74
epoch: 623, val_loss:3.054012, acc: 15.87, bacc: 10.00, tmp_test_f1: 0.85, f1: 2.74
epoch: 624, val_loss:3.054119, acc: 15.87, bacc: 10.00, tmp_test_f1: 1.09, f1: 2.74
epoch: 625, val_loss:3.054101, acc: 15.87, bacc: 10.00, tmp_test_f1: 1.09, f1: 2.74
epoch: 626, val_loss:3.054094, acc: 15.87, bacc: 10.00, tmp_test_f1: 1.08, f1: 2.74
epoch: 627, val_loss:3.054056, acc: 15.87, bacc: 10.00, tmp_test_f1: 1.08, f1: 2.74
epoch: 628, val_loss:3.053733, acc: 15.87, bacc: 10.00, tmp_test_f1: 1.08, f1: 2.74
epoch: 629, val_loss:3.053555, acc: 15.87, bacc: 10.00, tmp_test_f1: 1.08, f1: 2.74
epoch: 630, val_loss:3.053090, acc: 15.87, bacc: 10.00, tmp_test_f1: 1.09, f1: 2.74
epoch: 631, val_loss:3.052683, acc: 15.87, bacc: 10.00, tmp_test_f1: 1.09, f1: 2.74
epoch: 632, val_loss:3.052519, acc: 15.87, bacc: 10.00, tmp_test_f1: 1.09, f1: 2.74
epoch: 633, val_loss:3.052406, acc: 15.87, bacc: 10.00, tmp_test_f1: 1.08, f1: 2.74
epoch: 634, val_loss:3.052191, acc: 15.87, bacc: 10.00, tmp_test_f1: 1.08, f1: 2.74
epoch: 635, val_loss:3.052083, acc: 15.87, bacc: 10.00, tmp_test_f1: 1.09, f1: 2.74
epoch: 636, val_loss:3.052099, acc: 15.87, bacc: 10.00, tmp_test_f1: 1.09, f1: 2.74
epoch: 637, val_loss:3.052081, acc: 15.87, bacc: 10.00, tmp_test_f1: 0.86, f1: 2.74
epoch: 638, val_loss:3.051845, acc: 15.87, bacc: 10.00, tmp_test_f1: 0.86, f1: 2.74
epoch: 639, val_loss:3.051464, acc: 15.87, bacc: 10.00, tmp_test_f1: 0.86, f1: 2.74
epoch: 640, val_loss:3.050879, acc: 15.87, bacc: 10.00, tmp_test_f1: 0.86, f1: 2.74
epoch: 641, val_loss:3.050450, acc: 15.87, bacc: 10.00, tmp_test_f1: 0.87, f1: 2.74
epoch: 642, val_loss:3.050103, acc: 15.87, bacc: 10.00, tmp_test_f1: 0.87, f1: 2.74
epoch: 643, val_loss:3.049677, acc: 15.87, bacc: 10.00, tmp_test_f1: 0.90, f1: 2.74
epoch: 644, val_loss:3.049251, acc: 15.87, bacc: 10.00, tmp_test_f1: 0.90, f1: 2.74
epoch: 645, val_loss:3.049083, acc: 15.87, bacc: 10.00, tmp_test_f1: 0.89, f1: 2.74
epoch: 646, val_loss:3.048815, acc: 15.87, bacc: 10.00, tmp_test_f1: 0.89, f1: 2.74
epoch: 647, val_loss:3.048632, acc: 15.87, bacc: 10.00, tmp_test_f1: 0.89, f1: 2.74
epoch: 648, val_loss:3.048339, acc: 15.87, bacc: 10.00, tmp_test_f1: 0.86, f1: 2.74
epoch: 649, val_loss:3.048165, acc: 15.87, bacc: 10.00, tmp_test_f1: 0.84, f1: 2.74
epoch: 650, val_loss:3.048054, acc: 15.87, bacc: 10.00, tmp_test_f1: 0.82, f1: 2.74
epoch: 651, val_loss:3.047706, acc: 15.87, bacc: 10.00, tmp_test_f1: 0.81, f1: 2.74
epoch: 652, val_loss:3.047590, acc: 15.87, bacc: 10.00, tmp_test_f1: 0.81, f1: 2.74
epoch: 653, val_loss:3.047501, acc: 15.87, bacc: 10.00, tmp_test_f1: 0.82, f1: 2.74
epoch: 654, val_loss:3.047479, acc: 15.87, bacc: 10.00, tmp_test_f1: 0.82, f1: 2.74
epoch: 655, val_loss:3.047435, acc: 15.87, bacc: 10.00, tmp_test_f1: 0.82, f1: 2.74
epoch: 656, val_loss:3.046989, acc: 15.87, bacc: 10.00, tmp_test_f1: 0.83, f1: 2.74
epoch: 657, val_loss:3.046353, acc: 15.87, bacc: 10.00, tmp_test_f1: 0.83, f1: 2.74
epoch: 658, val_loss:3.045728, acc: 15.87, bacc: 10.00, tmp_test_f1: 0.85, f1: 2.74
epoch: 659, val_loss:3.045141, acc: 15.87, bacc: 10.00, tmp_test_f1: 1.11, f1: 2.74
epoch: 660, val_loss:3.044689, acc: 15.87, bacc: 10.00, tmp_test_f1: 1.09, f1: 2.74
epoch: 661, val_loss:3.044497, acc: 15.87, bacc: 10.00, tmp_test_f1: 1.10, f1: 2.74
epoch: 662, val_loss:3.044422, acc: 15.87, bacc: 10.00, tmp_test_f1: 1.10, f1: 2.74
epoch: 663, val_loss:3.044418, acc: 15.87, bacc: 10.00, tmp_test_f1: 1.14, f1: 2.74
epoch: 664, val_loss:3.044524, acc: 15.87, bacc: 10.00, tmp_test_f1: 0.87, f1: 2.74
epoch: 665, val_loss:3.044805, acc: 15.87, bacc: 10.00, tmp_test_f1: 0.87, f1: 2.74
epoch: 666, val_loss:3.044862, acc: 15.87, bacc: 10.00, tmp_test_f1: 0.87, f1: 2.74
epoch: 667, val_loss:3.044961, acc: 15.87, bacc: 10.00, tmp_test_f1: 0.85, f1: 2.74
epoch: 668, val_loss:3.045021, acc: 15.87, bacc: 10.00, tmp_test_f1: 0.95, f1: 2.74
epoch: 669, val_loss:3.045274, acc: 15.87, bacc: 10.00, tmp_test_f1: 0.83, f1: 2.74
epoch: 670, val_loss:3.045106, acc: 15.87, bacc: 10.00, tmp_test_f1: 0.81, f1: 2.74
epoch: 671, val_loss:3.044955, acc: 15.87, bacc: 10.00, tmp_test_f1: 0.81, f1: 2.74
epoch: 672, val_loss:3.044890, acc: 15.87, bacc: 10.00, tmp_test_f1: 0.81, f1: 2.74
epoch: 673, val_loss:3.045057, acc: 15.87, bacc: 10.00, tmp_test_f1: 0.81, f1: 2.74
epoch: 674, val_loss:3.045284, acc: 15.87, bacc: 10.00, tmp_test_f1: 0.81, f1: 2.74
epoch: 675, val_loss:3.045452, acc: 15.87, bacc: 10.00, tmp_test_f1: 0.82, f1: 2.74
epoch: 676, val_loss:3.045506, acc: 15.87, bacc: 10.00, tmp_test_f1: 0.82, f1: 2.74
epoch: 677, val_loss:3.045795, acc: 15.87, bacc: 10.00, tmp_test_f1: 0.83, f1: 2.74
epoch: 678, val_loss:3.046284, acc: 15.87, bacc: 10.00, tmp_test_f1: 0.83, f1: 2.74
epoch: 679, val_loss:3.046531, acc: 15.87, bacc: 10.00, tmp_test_f1: 0.83, f1: 2.74
epoch: 680, val_loss:3.046587, acc: 15.87, bacc: 10.00, tmp_test_f1: 0.83, f1: 2.74
epoch: 681, val_loss:3.046681, acc: 15.87, bacc: 10.00, tmp_test_f1: 0.84, f1: 2.74
epoch: 682, val_loss:3.047145, acc: 15.87, bacc: 10.00, tmp_test_f1: 0.84, f1: 2.74
epoch: 683, val_loss:3.047522, acc: 15.87, bacc: 10.00, tmp_test_f1: 0.73, f1: 2.74
epoch: 684, val_loss:3.047706, acc: 15.87, bacc: 10.00, tmp_test_f1: 0.73, f1: 2.74
epoch: 685, val_loss:3.047795, acc: 15.87, bacc: 10.00, tmp_test_f1: 0.86, f1: 2.74
epoch: 686, val_loss:3.047934, acc: 15.87, bacc: 10.00, tmp_test_f1: 0.87, f1: 2.74
epoch: 687, val_loss:3.047966, acc: 15.87, bacc: 10.00, tmp_test_f1: 0.87, f1: 2.74
epoch: 688, val_loss:3.048204, acc: 15.87, bacc: 10.00, tmp_test_f1: 0.88, f1: 2.74
epoch: 689, val_loss:3.048445, acc: 15.87, bacc: 10.00, tmp_test_f1: 0.88, f1: 2.74
epoch: 690, val_loss:3.048581, acc: 15.87, bacc: 10.00, tmp_test_f1: 0.90, f1: 2.74
epoch: 691, val_loss:3.048831, acc: 15.87, bacc: 10.00, tmp_test_f1: 0.90, f1: 2.74
epoch: 692, val_loss:3.049026, acc: 15.87, bacc: 10.00, tmp_test_f1: 0.90, f1: 2.74
epoch: 693, val_loss:3.049096, acc: 15.87, bacc: 10.00, tmp_test_f1: 1.00, f1: 2.74
epoch: 694, val_loss:3.049302, acc: 15.87, bacc: 10.00, tmp_test_f1: 0.90, f1: 2.74
epoch: 695, val_loss:3.049165, acc: 15.87, bacc: 10.00, tmp_test_f1: 0.93, f1: 2.74
epoch: 696, val_loss:3.049092, acc: 15.87, bacc: 10.00, tmp_test_f1: 0.92, f1: 2.74
epoch: 697, val_loss:3.048850, acc: 15.87, bacc: 10.00, tmp_test_f1: 0.92, f1: 2.74
epoch: 698, val_loss:3.048936, acc: 15.87, bacc: 10.00, tmp_test_f1: 0.90, f1: 2.74
epoch: 699, val_loss:3.049026, acc: 15.87, bacc: 10.00, tmp_test_f1: 0.86, f1: 2.74
epoch: 700, val_loss:3.049240, acc: 15.87, bacc: 10.00, tmp_test_f1: 0.86, f1: 2.74
epoch: 701, val_loss:3.049497, acc: 15.87, bacc: 10.00, tmp_test_f1: 0.88, f1: 2.74
epoch: 702, val_loss:3.050083, acc: 15.87, bacc: 10.00, tmp_test_f1: 0.89, f1: 2.74
epoch: 703, val_loss:3.050458, acc: 15.87, bacc: 10.00, tmp_test_f1: 0.90, f1: 2.74
epoch: 704, val_loss:3.050840, acc: 15.87, bacc: 10.00, tmp_test_f1: 0.92, f1: 2.74
epoch: 705, val_loss:3.051358, acc: 15.87, bacc: 10.00, tmp_test_f1: 0.89, f1: 2.74
epoch: 706, val_loss:3.051750, acc: 15.87, bacc: 10.00, tmp_test_f1: 0.82, f1: 2.74
epoch: 707, val_loss:3.051996, acc: 15.87, bacc: 10.00, tmp_test_f1: 0.83, f1: 2.74
epoch: 708, val_loss:3.052054, acc: 15.87, bacc: 10.00, tmp_test_f1: 0.83, f1: 2.74
epoch: 709, val_loss:3.052073, acc: 15.87, bacc: 10.00, tmp_test_f1: 0.85, f1: 2.74
epoch: 710, val_loss:3.052230, acc: 15.87, bacc: 10.00, tmp_test_f1: 0.85, f1: 2.74
epoch: 711, val_loss:3.052337, acc: 15.87, bacc: 10.00, tmp_test_f1: 0.86, f1: 2.74
epoch: 712, val_loss:3.052417, acc: 15.87, bacc: 10.00, tmp_test_f1: 0.87, f1: 2.74
epoch: 713, val_loss:3.052193, acc: 15.87, bacc: 10.00, tmp_test_f1: 0.88, f1: 2.74
epoch: 714, val_loss:3.052101, acc: 15.87, bacc: 10.00, tmp_test_f1: 0.90, f1: 2.74
epoch: 715, val_loss:3.051975, acc: 15.87, bacc: 10.00, tmp_test_f1: 0.90, f1: 2.74
epoch: 716, val_loss:3.052116, acc: 15.87, bacc: 10.00, tmp_test_f1: 0.90, f1: 2.74
epoch: 717, val_loss:3.052360, acc: 15.87, bacc: 10.00, tmp_test_f1: 0.86, f1: 2.74
epoch: 718, val_loss:3.052594, acc: 15.87, bacc: 10.00, tmp_test_f1: 0.91, f1: 2.74
epoch: 719, val_loss:3.052909, acc: 15.87, bacc: 10.00, tmp_test_f1: 0.95, f1: 2.74
epoch: 720, val_loss:3.053279, acc: 15.87, bacc: 10.00, tmp_test_f1: 0.95, f1: 2.74
epoch: 721, val_loss:3.053322, acc: 15.87, bacc: 10.00, tmp_test_f1: 1.07, f1: 2.74
epoch: 722, val_loss:3.053180, acc: 15.87, bacc: 10.00, tmp_test_f1: 1.07, f1: 2.74
epoch: 723, val_loss:3.053071, acc: 15.87, bacc: 10.00, tmp_test_f1: 1.07, f1: 2.74
epoch: 724, val_loss:3.052873, acc: 15.87, bacc: 10.00, tmp_test_f1: 1.07, f1: 2.74
epoch: 725, val_loss:3.052492, acc: 15.87, bacc: 10.00, tmp_test_f1: 1.07, f1: 2.74
epoch: 726, val_loss:3.052049, acc: 15.87, bacc: 10.00, tmp_test_f1: 1.07, f1: 2.74
epoch: 727, val_loss:3.051787, acc: 15.87, bacc: 10.00, tmp_test_f1: 0.94, f1: 2.74
epoch: 728, val_loss:3.051496, acc: 15.87, bacc: 10.00, tmp_test_f1: 0.91, f1: 2.74
epoch: 729, val_loss:3.051370, acc: 15.87, bacc: 10.00, tmp_test_f1: 0.77, f1: 2.74
epoch: 730, val_loss:3.051291, acc: 15.87, bacc: 10.00, tmp_test_f1: 0.78, f1: 2.74
epoch: 731, val_loss:3.051133, acc: 15.87, bacc: 10.00, tmp_test_f1: 0.78, f1: 2.74
epoch: 732, val_loss:3.051184, acc: 15.87, bacc: 10.00, tmp_test_f1: 0.78, f1: 2.74
epoch: 733, val_loss:3.051249, acc: 15.87, bacc: 10.00, tmp_test_f1: 0.78, f1: 2.74
epoch: 734, val_loss:3.051061, acc: 15.87, bacc: 10.00, tmp_test_f1: 0.89, f1: 2.74
epoch: 735, val_loss:3.050883, acc: 15.87, bacc: 10.00, tmp_test_f1: 0.89, f1: 2.74
epoch: 736, val_loss:3.050531, acc: 15.87, bacc: 10.00, tmp_test_f1: 0.90, f1: 2.74
epoch: 737, val_loss:3.050096, acc: 15.87, bacc: 10.00, tmp_test_f1: 1.00, f1: 2.74
epoch: 738, val_loss:3.049391, acc: 15.87, bacc: 10.00, tmp_test_f1: 1.12, f1: 2.74
epoch: 739, val_loss:3.048724, acc: 15.87, bacc: 10.00, tmp_test_f1: 1.10, f1: 2.74
epoch: 740, val_loss:3.048441, acc: 15.87, bacc: 10.00, tmp_test_f1: 1.10, f1: 2.74
epoch: 741, val_loss:3.047800, acc: 15.87, bacc: 10.00, tmp_test_f1: 1.09, f1: 2.74
epoch: 742, val_loss:3.047184, acc: 15.87, bacc: 10.00, tmp_test_f1: 1.09, f1: 2.74
epoch: 743, val_loss:3.046628, acc: 15.87, bacc: 10.00, tmp_test_f1: 0.94, f1: 2.74
epoch: 744, val_loss:3.045886, acc: 15.87, bacc: 10.00, tmp_test_f1: 0.93, f1: 2.74
epoch: 745, val_loss:3.045085, acc: 15.87, bacc: 10.00, tmp_test_f1: 0.91, f1: 2.74
epoch: 746, val_loss:3.044339, acc: 15.87, bacc: 10.00, tmp_test_f1: 0.92, f1: 2.74
epoch: 747, val_loss:3.043860, acc: 15.87, bacc: 10.00, tmp_test_f1: 0.94, f1: 2.74
epoch: 748, val_loss:3.043657, acc: 15.87, bacc: 10.00, tmp_test_f1: 0.91, f1: 2.74
epoch: 749, val_loss:3.043509, acc: 15.87, bacc: 10.00, tmp_test_f1: 0.72, f1: 2.74
epoch: 750, val_loss:3.043278, acc: 15.87, bacc: 10.00, tmp_test_f1: 0.72, f1: 2.74
epoch: 751, val_loss:3.043177, acc: 15.87, bacc: 10.00, tmp_test_f1: 0.73, f1: 2.74
epoch: 752, val_loss:3.043120, acc: 15.87, bacc: 10.00, tmp_test_f1: 0.72, f1: 2.74
epoch: 753, val_loss:3.043107, acc: 15.87, bacc: 10.00, tmp_test_f1: 0.73, f1: 2.74
epoch: 754, val_loss:3.043220, acc: 15.87, bacc: 10.00, tmp_test_f1: 0.70, f1: 2.74
epoch: 755, val_loss:3.043189, acc: 15.87, bacc: 10.00, tmp_test_f1: 1.02, f1: 2.74
epoch: 756, val_loss:3.042958, acc: 15.87, bacc: 10.00, tmp_test_f1: 1.09, f1: 2.74
epoch: 757, val_loss:3.042758, acc: 15.87, bacc: 10.00, tmp_test_f1: 0.83, f1: 2.74
epoch: 758, val_loss:3.042607, acc: 15.87, bacc: 10.00, tmp_test_f1: 0.83, f1: 2.74
epoch: 759, val_loss:3.042701, acc: 15.87, bacc: 10.00, tmp_test_f1: 0.83, f1: 2.74
epoch: 760, val_loss:3.042903, acc: 15.87, bacc: 10.00, tmp_test_f1: 0.84, f1: 2.74
epoch: 761, val_loss:3.043029, acc: 15.87, bacc: 10.00, tmp_test_f1: 0.94, f1: 2.74
epoch: 762, val_loss:3.043474, acc: 15.87, bacc: 10.00, tmp_test_f1: 0.95, f1: 2.74
epoch: 763, val_loss:3.043533, acc: 15.87, bacc: 10.00, tmp_test_f1: 0.97, f1: 2.74
epoch: 764, val_loss:3.043800, acc: 15.87, bacc: 10.00, tmp_test_f1: 0.98, f1: 2.74
epoch: 765, val_loss:3.044145, acc: 15.87, bacc: 10.00, tmp_test_f1: 0.86, f1: 2.74
epoch: 766, val_loss:3.044431, acc: 15.87, bacc: 10.00, tmp_test_f1: 0.86, f1: 2.74
epoch: 767, val_loss:3.044641, acc: 15.87, bacc: 10.00, tmp_test_f1: 0.76, f1: 2.74
epoch: 768, val_loss:3.044746, acc: 15.87, bacc: 10.00, tmp_test_f1: 0.76, f1: 2.74
epoch: 769, val_loss:3.044970, acc: 15.87, bacc: 10.00, tmp_test_f1: 0.76, f1: 2.74
epoch: 770, val_loss:3.045132, acc: 15.87, bacc: 10.00, tmp_test_f1: 0.76, f1: 2.74
epoch: 771, val_loss:3.045198, acc: 15.87, bacc: 10.00, tmp_test_f1: 0.76, f1: 2.74
epoch: 772, val_loss:3.045511, acc: 15.87, bacc: 10.00, tmp_test_f1: 0.76, f1: 2.74
epoch: 773, val_loss:3.045758, acc: 15.87, bacc: 10.00, tmp_test_f1: 0.76, f1: 2.74
epoch: 774, val_loss:3.046080, acc: 15.87, bacc: 10.00, tmp_test_f1: 0.76, f1: 2.74
epoch: 775, val_loss:3.046403, acc: 15.87, bacc: 10.00, tmp_test_f1: 0.85, f1: 2.74
epoch: 776, val_loss:3.046935, acc: 15.87, bacc: 10.00, tmp_test_f1: 0.85, f1: 2.74
epoch: 777, val_loss:3.047741, acc: 15.87, bacc: 10.00, tmp_test_f1: 0.83, f1: 2.74
epoch: 778, val_loss:3.048160, acc: 15.87, bacc: 10.00, tmp_test_f1: 0.82, f1: 2.74
epoch: 779, val_loss:3.048363, acc: 15.87, bacc: 10.00, tmp_test_f1: 0.82, f1: 2.74
epoch: 780, val_loss:3.048487, acc: 15.87, bacc: 10.00, tmp_test_f1: 0.82, f1: 2.74
epoch: 781, val_loss:3.048776, acc: 15.87, bacc: 10.00, tmp_test_f1: 0.82, f1: 2.74
epoch: 782, val_loss:3.049155, acc: 15.87, bacc: 10.00, tmp_test_f1: 0.82, f1: 2.74
epoch: 783, val_loss:3.049359, acc: 15.87, bacc: 10.00, tmp_test_f1: 0.94, f1: 2.74
epoch: 784, val_loss:3.049432, acc: 15.87, bacc: 10.00, tmp_test_f1: 0.82, f1: 2.74
epoch: 785, val_loss:3.049825, acc: 15.87, bacc: 10.00, tmp_test_f1: 0.82, f1: 2.74
epoch: 786, val_loss:3.050160, acc: 15.87, bacc: 10.00, tmp_test_f1: 0.74, f1: 2.74
epoch: 787, val_loss:3.050348, acc: 15.87, bacc: 10.00, tmp_test_f1: 0.74, f1: 2.74
epoch: 788, val_loss:3.050485, acc: 15.87, bacc: 10.00, tmp_test_f1: 1.07, f1: 2.74
epoch: 789, val_loss:3.050388, acc: 15.87, bacc: 10.00, tmp_test_f1: 1.07, f1: 2.74
epoch: 790, val_loss:3.050319, acc: 15.87, bacc: 10.00, tmp_test_f1: 1.07, f1: 2.74
epoch: 791, val_loss:3.050425, acc: 15.87, bacc: 10.00, tmp_test_f1: 1.07, f1: 2.74
epoch: 792, val_loss:3.050484, acc: 15.87, bacc: 10.00, tmp_test_f1: 1.08, f1: 2.74
epoch: 793, val_loss:3.050106, acc: 15.87, bacc: 10.00, tmp_test_f1: 1.09, f1: 2.74
epoch: 794, val_loss:3.049679, acc: 15.87, bacc: 10.00, tmp_test_f1: 1.10, f1: 2.74
epoch: 795, val_loss:3.049233, acc: 15.87, bacc: 10.00, tmp_test_f1: 1.10, f1: 2.74
epoch: 796, val_loss:3.048935, acc: 15.87, bacc: 10.00, tmp_test_f1: 0.95, f1: 2.74
epoch: 797, val_loss:3.048805, acc: 15.87, bacc: 10.00, tmp_test_f1: 0.96, f1: 2.74
epoch: 798, val_loss:3.048903, acc: 15.87, bacc: 10.00, tmp_test_f1: 0.86, f1: 2.74
epoch: 799, val_loss:3.049286, acc: 15.87, bacc: 10.00, tmp_test_f1: 0.84, f1: 2.74
epoch: 800, val_loss:3.049504, acc: 15.87, bacc: 10.00, tmp_test_f1: 0.84, f1: 2.74
epoch: 801, val_loss:3.049580, acc: 15.87, bacc: 10.00, tmp_test_f1: 0.84, f1: 2.74
epoch: 802, val_loss:3.049715, acc: 15.87, bacc: 10.00, tmp_test_f1: 0.84, f1: 2.74
epoch: 803, val_loss:3.049865, acc: 15.87, bacc: 10.00, tmp_test_f1: 0.85, f1: 2.74
epoch: 804, val_loss:3.049938, acc: 15.87, bacc: 10.00, tmp_test_f1: 0.85, f1: 2.74
Epoch 00805: reducing learning rate of group 0 to 6.2500e-03.
epoch: 805, val_loss:3.049767, acc: 15.87, bacc: 10.00, tmp_test_f1: 0.95, f1: 2.74
epoch: 806, val_loss:3.049665, acc: 15.87, bacc: 10.00, tmp_test_f1: 0.96, f1: 2.74
epoch: 807, val_loss:3.049639, acc: 15.87, bacc: 10.00, tmp_test_f1: 0.84, f1: 2.74
epoch: 808, val_loss:3.049616, acc: 15.87, bacc: 10.00, tmp_test_f1: 0.83, f1: 2.74
Cheb Amazon-Computers 100 Aug 22 EndEpoch 808 lr 0.1
SHAsplit  0, acc: 15.87, bacc: 10.00, f1: 2.74
