CUDA Device Index: 0
Namespace(IsDirectedData=False, AugDirect=-1, net='DiG', GPUdevice=0, seed=100, undirect_dataset='CiteSeer', Direct_dataset='cora_ml/', imb_ratio=100, dropout=0.1, num_filter=2, layer=2, alpha=0.1, K=2, feat_dim=64, warmup=5, epoch=1500, lr=0.1, l2=0.0005, tau=2, max=False, no_mask=False, gdc='ppr', heads=8, log_root='../logs/', log_path='test', data_path='../dataset/data/tmp/')
DiModel(
  (conv1): DIGCNConv(3703, 2)
  (conv2): DIGCNConv(2, 2)
  (Conv): Conv1d(2, 6, kernel_size=(1,), stride=(1,))
)
test_f1 CountNotImproved reset to 0 in epoch 0
epoch:   0, val_loss:1.909898, acc: 16.00, bacc: 16.67, tmp_test_f1: 4.60, f1: 4.60
test_f1 CountNotImproved reset to 0 in epoch 1
epoch:   1, val_loss:1.858912, acc: 16.90, bacc: 16.67, tmp_test_f1: 4.82, f1: 4.82
test_f1 CountNotImproved reset to 0 in epoch 2
epoch:   2, val_loss:1.815578, acc: 18.10, bacc: 16.67, tmp_test_f1: 5.11, f1: 5.11
epoch:   3, val_loss:1.775993, acc: 18.10, bacc: 16.67, tmp_test_f1: 5.11, f1: 5.11
epoch:   4, val_loss:1.762872, acc: 18.10, bacc: 16.67, tmp_test_f1: 5.11, f1: 5.11
epoch:   5, val_loss:1.794734, acc: 18.10, bacc: 16.67, tmp_test_f1: 5.11, f1: 5.11
epoch:   6, val_loss:1.849810, acc: 18.10, bacc: 16.67, tmp_test_f1: 5.11, f1: 5.11
epoch:   7, val_loss:1.878210, acc: 18.10, bacc: 16.67, tmp_test_f1: 5.11, f1: 5.11
epoch:   8, val_loss:1.877171, acc: 18.10, bacc: 16.67, tmp_test_f1: 5.11, f1: 5.11
epoch:   9, val_loss:1.858064, acc: 18.10, bacc: 16.67, tmp_test_f1: 5.11, f1: 5.11
epoch:  10, val_loss:1.834987, acc: 18.10, bacc: 16.67, tmp_test_f1: 5.11, f1: 5.11
epoch:  11, val_loss:1.816386, acc: 18.10, bacc: 16.67, tmp_test_f1: 5.11, f1: 5.11
epoch:  12, val_loss:1.804265, acc: 18.10, bacc: 16.67, tmp_test_f1: 5.11, f1: 5.11
epoch:  13, val_loss:1.798580, acc: 18.10, bacc: 16.67, tmp_test_f1: 5.11, f1: 5.11
epoch:  14, val_loss:1.797802, acc: 18.10, bacc: 16.67, tmp_test_f1: 5.11, f1: 5.11
epoch:  15, val_loss:1.800503, acc: 18.10, bacc: 16.67, tmp_test_f1: 5.11, f1: 5.11
epoch:  16, val_loss:1.805036, acc: 18.10, bacc: 16.67, tmp_test_f1: 5.11, f1: 5.11
epoch:  17, val_loss:1.809918, acc: 18.10, bacc: 16.67, tmp_test_f1: 5.11, f1: 5.11
epoch:  18, val_loss:1.814748, acc: 18.10, bacc: 16.67, tmp_test_f1: 5.11, f1: 5.11
epoch:  19, val_loss:1.819446, acc: 18.10, bacc: 16.67, tmp_test_f1: 5.11, f1: 5.11
epoch:  20, val_loss:1.823829, acc: 18.10, bacc: 16.67, tmp_test_f1: 5.11, f1: 5.11
epoch:  21, val_loss:1.827475, acc: 18.10, bacc: 16.67, tmp_test_f1: 5.11, f1: 5.11
epoch:  22, val_loss:1.830622, acc: 18.10, bacc: 16.67, tmp_test_f1: 5.11, f1: 5.11
epoch:  23, val_loss:1.832357, acc: 18.10, bacc: 16.67, tmp_test_f1: 5.11, f1: 5.11
epoch:  24, val_loss:1.833194, acc: 18.10, bacc: 16.67, tmp_test_f1: 5.11, f1: 5.11
epoch:  25, val_loss:1.833435, acc: 18.10, bacc: 16.67, tmp_test_f1: 5.11, f1: 5.11
epoch:  26, val_loss:1.832738, acc: 18.10, bacc: 16.67, tmp_test_f1: 5.11, f1: 5.11
epoch:  27, val_loss:1.830476, acc: 18.10, bacc: 16.67, tmp_test_f1: 5.11, f1: 5.11
epoch:  28, val_loss:1.827894, acc: 18.10, bacc: 16.67, tmp_test_f1: 5.11, f1: 5.11
epoch:  29, val_loss:1.824677, acc: 18.10, bacc: 16.67, tmp_test_f1: 5.11, f1: 5.11
epoch:  30, val_loss:1.821334, acc: 18.10, bacc: 16.67, tmp_test_f1: 5.11, f1: 5.11
epoch:  31, val_loss:1.819247, acc: 18.10, bacc: 16.67, tmp_test_f1: 5.11, f1: 5.11
epoch:  32, val_loss:1.819672, acc: 18.10, bacc: 16.67, tmp_test_f1: 5.11, f1: 5.11
epoch:  33, val_loss:1.821178, acc: 18.10, bacc: 16.67, tmp_test_f1: 5.11, f1: 5.11
epoch:  34, val_loss:1.821465, acc: 18.10, bacc: 16.67, tmp_test_f1: 5.11, f1: 5.11
epoch:  35, val_loss:1.817776, acc: 18.10, bacc: 16.67, tmp_test_f1: 5.11, f1: 5.11
epoch:  36, val_loss:1.810251, acc: 18.10, bacc: 16.67, tmp_test_f1: 5.11, f1: 5.11
epoch:  37, val_loss:1.803365, acc: 18.10, bacc: 16.67, tmp_test_f1: 5.11, f1: 5.11
epoch:  38, val_loss:1.796235, acc: 18.10, bacc: 16.67, tmp_test_f1: 5.11, f1: 5.11
epoch:  39, val_loss:1.792705, acc: 18.10, bacc: 16.67, tmp_test_f1: 5.11, f1: 5.11
epoch:  40, val_loss:1.783608, acc: 18.10, bacc: 16.67, tmp_test_f1: 5.11, f1: 5.11
epoch:  41, val_loss:1.766084, acc: 18.10, bacc: 16.67, tmp_test_f1: 5.11, f1: 5.11
epoch:  42, val_loss:1.755447, acc: 18.10, bacc: 16.67, tmp_test_f1: 5.11, f1: 5.11
epoch:  43, val_loss:1.742798, acc: 18.10, bacc: 16.67, tmp_test_f1: 5.11, f1: 5.11
epoch:  44, val_loss:1.719531, acc: 18.10, bacc: 16.67, tmp_test_f1: 5.11, f1: 5.11
epoch:  45, val_loss:1.721761, acc: 18.10, bacc: 16.67, tmp_test_f1: 5.11, f1: 5.11
epoch:  46, val_loss:1.688791, acc: 18.10, bacc: 16.67, tmp_test_f1: 5.11, f1: 5.11
epoch:  47, val_loss:1.665958, acc: 18.10, bacc: 16.67, tmp_test_f1: 5.11, f1: 5.11
epoch:  48, val_loss:1.668552, acc: 18.10, bacc: 16.67, tmp_test_f1: 5.11, f1: 5.11
epoch:  49, val_loss:1.650490, acc: 18.10, bacc: 16.67, tmp_test_f1: 5.11, f1: 5.11
epoch:  50, val_loss:1.623092, acc: 18.10, bacc: 16.67, tmp_test_f1: 5.11, f1: 5.11
test_f1 CountNotImproved reset to 0 in epoch 51
epoch:  51, val_loss:1.611964, acc: 25.50, bacc: 21.99, tmp_test_f1: 11.72, f1: 11.72
test_f1 CountNotImproved reset to 0 in epoch 52
epoch:  52, val_loss:1.614579, acc: 30.50, bacc: 25.53, tmp_test_f1: 14.34, f1: 14.34
epoch:  53, val_loss:1.591401, acc: 30.50, bacc: 25.53, tmp_test_f1: 13.46, f1: 14.34
test_f1 CountNotImproved reset to 0 in epoch 54
epoch:  54, val_loss:1.593402, acc: 32.20, bacc: 26.76, tmp_test_f1: 15.17, f1: 15.17
test_f1 CountNotImproved reset to 0 in epoch 55
epoch:  55, val_loss:1.575931, acc: 32.60, bacc: 27.05, tmp_test_f1: 15.37, f1: 15.37
epoch:  56, val_loss:1.570356, acc: 32.60, bacc: 27.05, tmp_test_f1: 14.35, f1: 15.37
test_f1 CountNotImproved reset to 0 in epoch 57
epoch:  57, val_loss:1.578685, acc: 36.50, bacc: 29.64, tmp_test_f1: 18.26, f1: 18.26
epoch:  58, val_loss:1.551758, acc: 36.50, bacc: 29.64, tmp_test_f1: 16.12, f1: 18.26
epoch:  59, val_loss:1.548366, acc: 36.50, bacc: 29.64, tmp_test_f1: 14.75, f1: 18.26
epoch:  60, val_loss:1.562756, acc: 36.50, bacc: 29.64, tmp_test_f1: 17.47, f1: 18.26
epoch:  61, val_loss:1.531086, acc: 36.50, bacc: 29.64, tmp_test_f1: 17.17, f1: 18.26
epoch:  62, val_loss:1.527061, acc: 36.50, bacc: 29.64, tmp_test_f1: 14.58, f1: 18.26
epoch:  63, val_loss:1.555882, acc: 36.50, bacc: 29.64, tmp_test_f1: 17.11, f1: 18.26
epoch:  64, val_loss:1.521264, acc: 36.50, bacc: 29.64, tmp_test_f1: 18.13, f1: 18.26
epoch:  65, val_loss:1.525226, acc: 36.50, bacc: 29.64, tmp_test_f1: 15.97, f1: 18.26
epoch:  66, val_loss:1.528887, acc: 36.50, bacc: 29.64, tmp_test_f1: 14.58, f1: 18.26
epoch:  67, val_loss:1.556786, acc: 36.50, bacc: 29.64, tmp_test_f1: 17.88, f1: 18.26
test_f1 CountNotImproved reset to 0 in epoch 68
epoch:  68, val_loss:1.518314, acc: 36.20, bacc: 29.25, tmp_test_f1: 18.62, f1: 18.62
epoch:  69, val_loss:1.531930, acc: 36.20, bacc: 29.25, tmp_test_f1: 16.26, f1: 18.62
epoch:  70, val_loss:1.523386, acc: 36.20, bacc: 29.25, tmp_test_f1: 14.52, f1: 18.62
epoch:  71, val_loss:1.578082, acc: 36.20, bacc: 29.25, tmp_test_f1: 17.49, f1: 18.62
test_f1 CountNotImproved reset to 0 in epoch 72
epoch:  72, val_loss:1.512121, acc: 36.20, bacc: 29.19, tmp_test_f1: 18.82, f1: 18.82
epoch:  73, val_loss:1.538731, acc: 36.20, bacc: 29.19, tmp_test_f1: 17.34, f1: 18.82
epoch:  74, val_loss:1.509281, acc: 36.20, bacc: 29.19, tmp_test_f1: 14.50, f1: 18.82
epoch:  75, val_loss:1.584197, acc: 36.20, bacc: 29.19, tmp_test_f1: 16.89, f1: 18.82
test_f1 CountNotImproved reset to 0 in epoch 76
epoch:  76, val_loss:1.511565, acc: 36.20, bacc: 29.19, tmp_test_f1: 18.84, f1: 18.84
epoch:  77, val_loss:1.542579, acc: 36.20, bacc: 29.19, tmp_test_f1: 18.29, f1: 18.84
epoch:  78, val_loss:1.526849, acc: 36.20, bacc: 29.19, tmp_test_f1: 15.98, f1: 18.84
epoch:  79, val_loss:1.539855, acc: 36.20, bacc: 29.19, tmp_test_f1: 14.93, f1: 18.84
epoch:  80, val_loss:1.577198, acc: 36.20, bacc: 29.19, tmp_test_f1: 17.50, f1: 18.84
test_f1 CountNotImproved reset to 0 in epoch 81
epoch:  81, val_loss:1.518249, acc: 35.90, bacc: 28.91, tmp_test_f1: 18.87, f1: 18.87
epoch:  82, val_loss:1.559281, acc: 35.90, bacc: 28.91, tmp_test_f1: 18.00, f1: 18.87
epoch:  83, val_loss:1.525965, acc: 35.90, bacc: 28.91, tmp_test_f1: 15.43, f1: 18.87
epoch:  84, val_loss:1.562058, acc: 35.90, bacc: 28.91, tmp_test_f1: 14.72, f1: 18.87
epoch:  85, val_loss:1.594690, acc: 35.90, bacc: 28.91, tmp_test_f1: 17.18, f1: 18.87
test_f1 CountNotImproved reset to 0 in epoch 86
epoch:  86, val_loss:1.519378, acc: 36.10, bacc: 29.14, tmp_test_f1: 18.93, f1: 18.93
epoch:  87, val_loss:1.541160, acc: 36.10, bacc: 29.14, tmp_test_f1: 18.26, f1: 18.93
epoch:  88, val_loss:1.527977, acc: 36.10, bacc: 29.14, tmp_test_f1: 16.30, f1: 18.93
epoch:  89, val_loss:1.542498, acc: 36.10, bacc: 29.14, tmp_test_f1: 15.02, f1: 18.93
epoch:  90, val_loss:1.606539, acc: 36.10, bacc: 29.14, tmp_test_f1: 16.84, f1: 18.93
epoch:  91, val_loss:1.535786, acc: 36.10, bacc: 29.14, tmp_test_f1: 18.40, f1: 18.93
epoch:  92, val_loss:1.539105, acc: 36.10, bacc: 29.14, tmp_test_f1: 18.17, f1: 18.93
epoch:  93, val_loss:1.538190, acc: 36.10, bacc: 29.14, tmp_test_f1: 16.89, f1: 18.93
epoch:  94, val_loss:1.540343, acc: 36.10, bacc: 29.14, tmp_test_f1: 15.11, f1: 18.93
epoch:  95, val_loss:1.617425, acc: 36.10, bacc: 29.14, tmp_test_f1: 16.35, f1: 18.93
epoch:  96, val_loss:1.555044, acc: 36.10, bacc: 29.14, tmp_test_f1: 17.92, f1: 18.93
epoch:  97, val_loss:1.536523, acc: 36.10, bacc: 29.14, tmp_test_f1: 18.31, f1: 18.93
epoch:  98, val_loss:1.545197, acc: 36.10, bacc: 29.14, tmp_test_f1: 17.17, f1: 18.93
epoch:  99, val_loss:1.530596, acc: 36.10, bacc: 29.14, tmp_test_f1: 15.51, f1: 18.93
epoch: 100, val_loss:1.598447, acc: 36.10, bacc: 29.14, tmp_test_f1: 16.43, f1: 18.93
epoch: 101, val_loss:1.549313, acc: 36.10, bacc: 29.14, tmp_test_f1: 18.22, f1: 18.93
epoch: 102, val_loss:1.542666, acc: 36.10, bacc: 29.14, tmp_test_f1: 18.37, f1: 18.93
epoch: 103, val_loss:1.549106, acc: 36.10, bacc: 29.14, tmp_test_f1: 16.77, f1: 18.93
epoch: 104, val_loss:1.543582, acc: 36.10, bacc: 29.14, tmp_test_f1: 14.97, f1: 18.93
epoch: 105, val_loss:1.621025, acc: 36.10, bacc: 29.14, tmp_test_f1: 16.46, f1: 18.93
epoch: 106, val_loss:1.555146, acc: 36.10, bacc: 29.14, tmp_test_f1: 18.31, f1: 18.93
epoch: 107, val_loss:1.554490, acc: 36.10, bacc: 29.14, tmp_test_f1: 18.40, f1: 18.93
epoch: 108, val_loss:1.553370, acc: 36.10, bacc: 29.14, tmp_test_f1: 16.25, f1: 18.93
epoch: 109, val_loss:1.562765, acc: 36.10, bacc: 29.14, tmp_test_f1: 14.77, f1: 18.93
epoch: 110, val_loss:1.640733, acc: 36.10, bacc: 29.14, tmp_test_f1: 16.17, f1: 18.93
epoch: 111, val_loss:1.573025, acc: 36.10, bacc: 29.14, tmp_test_f1: 18.14, f1: 18.93
epoch: 112, val_loss:1.542849, acc: 36.10, bacc: 29.14, tmp_test_f1: 18.71, f1: 18.93
epoch: 113, val_loss:1.556293, acc: 36.10, bacc: 29.14, tmp_test_f1: 17.41, f1: 18.93
epoch: 114, val_loss:1.533650, acc: 36.10, bacc: 29.14, tmp_test_f1: 15.92, f1: 18.93
epoch: 115, val_loss:1.591437, acc: 36.10, bacc: 29.14, tmp_test_f1: 15.42, f1: 18.93
epoch: 116, val_loss:1.606672, acc: 36.10, bacc: 29.14, tmp_test_f1: 16.87, f1: 18.93
epoch: 117, val_loss:1.531888, acc: 36.10, bacc: 29.14, tmp_test_f1: 18.50, f1: 18.93
epoch: 118, val_loss:1.538486, acc: 36.10, bacc: 29.14, tmp_test_f1: 17.92, f1: 18.93
epoch: 119, val_loss:1.532446, acc: 36.10, bacc: 29.14, tmp_test_f1: 16.45, f1: 18.93
epoch: 120, val_loss:1.547686, acc: 36.10, bacc: 29.14, tmp_test_f1: 15.18, f1: 18.93
epoch: 121, val_loss:1.616609, acc: 36.10, bacc: 29.14, tmp_test_f1: 16.33, f1: 18.93
epoch: 122, val_loss:1.561612, acc: 36.10, bacc: 29.14, tmp_test_f1: 17.84, f1: 18.93
epoch: 123, val_loss:1.544893, acc: 36.10, bacc: 29.14, tmp_test_f1: 17.86, f1: 18.93
epoch: 124, val_loss:1.548376, acc: 36.10, bacc: 29.14, tmp_test_f1: 16.75, f1: 18.93
epoch: 125, val_loss:1.557128, acc: 36.10, bacc: 29.14, tmp_test_f1: 15.47, f1: 18.93
epoch: 126, val_loss:1.630465, acc: 36.10, bacc: 29.14, tmp_test_f1: 16.51, f1: 18.93
epoch: 127, val_loss:1.563798, acc: 36.10, bacc: 29.14, tmp_test_f1: 17.74, f1: 18.93
epoch: 128, val_loss:1.554322, acc: 36.10, bacc: 29.14, tmp_test_f1: 17.67, f1: 18.93
epoch: 129, val_loss:1.550983, acc: 36.10, bacc: 29.14, tmp_test_f1: 16.43, f1: 18.93
epoch: 130, val_loss:1.567819, acc: 36.10, bacc: 29.14, tmp_test_f1: 15.18, f1: 18.93
epoch: 131, val_loss:1.626580, acc: 36.10, bacc: 29.14, tmp_test_f1: 16.76, f1: 18.93
epoch: 132, val_loss:1.551826, acc: 36.10, bacc: 29.14, tmp_test_f1: 17.96, f1: 18.93
epoch: 133, val_loss:1.547080, acc: 36.10, bacc: 29.14, tmp_test_f1: 17.86, f1: 18.93
epoch: 134, val_loss:1.545535, acc: 36.10, bacc: 29.14, tmp_test_f1: 16.67, f1: 18.93
epoch: 135, val_loss:1.552363, acc: 36.10, bacc: 29.14, tmp_test_f1: 15.33, f1: 18.93
epoch: 136, val_loss:1.614498, acc: 36.10, bacc: 29.14, tmp_test_f1: 16.92, f1: 18.93
epoch: 137, val_loss:1.545353, acc: 36.10, bacc: 29.14, tmp_test_f1: 17.95, f1: 18.93
epoch: 138, val_loss:1.550320, acc: 36.10, bacc: 29.14, tmp_test_f1: 17.99, f1: 18.93
epoch: 139, val_loss:1.547846, acc: 36.10, bacc: 29.14, tmp_test_f1: 16.80, f1: 18.93
epoch: 140, val_loss:1.558391, acc: 36.10, bacc: 29.14, tmp_test_f1: 15.31, f1: 18.93
epoch: 141, val_loss:1.611385, acc: 36.10, bacc: 29.14, tmp_test_f1: 16.86, f1: 18.93
epoch: 142, val_loss:1.560125, acc: 36.10, bacc: 29.14, tmp_test_f1: 18.25, f1: 18.93
epoch: 143, val_loss:1.562812, acc: 36.10, bacc: 29.14, tmp_test_f1: 17.59, f1: 18.93
epoch: 144, val_loss:1.554232, acc: 36.10, bacc: 29.14, tmp_test_f1: 16.33, f1: 18.93
epoch: 145, val_loss:1.582449, acc: 36.10, bacc: 29.14, tmp_test_f1: 15.76, f1: 18.93
epoch: 146, val_loss:1.601167, acc: 36.10, bacc: 29.14, tmp_test_f1: 16.87, f1: 18.93
epoch: 147, val_loss:1.559334, acc: 36.10, bacc: 29.14, tmp_test_f1: 17.93, f1: 18.93
epoch: 148, val_loss:1.550739, acc: 36.10, bacc: 29.14, tmp_test_f1: 17.74, f1: 18.93
epoch: 149, val_loss:1.549885, acc: 36.10, bacc: 29.14, tmp_test_f1: 16.33, f1: 18.93
epoch: 150, val_loss:1.569860, acc: 36.10, bacc: 29.14, tmp_test_f1: 15.90, f1: 18.93
epoch: 151, val_loss:1.595880, acc: 36.10, bacc: 29.14, tmp_test_f1: 17.02, f1: 18.93
epoch: 152, val_loss:1.556674, acc: 36.10, bacc: 29.14, tmp_test_f1: 17.92, f1: 18.93
epoch: 153, val_loss:1.553043, acc: 36.10, bacc: 29.14, tmp_test_f1: 17.71, f1: 18.93
epoch: 154, val_loss:1.552374, acc: 36.10, bacc: 29.14, tmp_test_f1: 16.65, f1: 18.93
epoch: 155, val_loss:1.576214, acc: 36.10, bacc: 29.14, tmp_test_f1: 15.64, f1: 18.93
epoch: 156, val_loss:1.620948, acc: 36.10, bacc: 29.14, tmp_test_f1: 17.09, f1: 18.93
epoch: 157, val_loss:1.561467, acc: 36.10, bacc: 29.14, tmp_test_f1: 18.00, f1: 18.93
epoch: 158, val_loss:1.558072, acc: 36.10, bacc: 29.14, tmp_test_f1: 17.61, f1: 18.93
epoch: 159, val_loss:1.556049, acc: 36.10, bacc: 29.14, tmp_test_f1: 16.64, f1: 18.93
epoch: 160, val_loss:1.576240, acc: 36.10, bacc: 29.14, tmp_test_f1: 15.74, f1: 18.93
epoch: 161, val_loss:1.622710, acc: 36.10, bacc: 29.14, tmp_test_f1: 16.94, f1: 18.93
epoch: 162, val_loss:1.570503, acc: 36.10, bacc: 29.14, tmp_test_f1: 17.76, f1: 18.93
epoch: 163, val_loss:1.565532, acc: 36.10, bacc: 29.14, tmp_test_f1: 17.38, f1: 18.93
epoch: 164, val_loss:1.564952, acc: 36.10, bacc: 29.14, tmp_test_f1: 15.68, f1: 18.93
epoch: 165, val_loss:1.618895, acc: 36.10, bacc: 29.14, tmp_test_f1: 15.67, f1: 18.93
epoch: 166, val_loss:1.620669, acc: 36.10, bacc: 29.14, tmp_test_f1: 17.26, f1: 18.93
epoch: 167, val_loss:1.562705, acc: 36.10, bacc: 29.14, tmp_test_f1: 17.80, f1: 18.93
epoch: 168, val_loss:1.557025, acc: 36.10, bacc: 29.14, tmp_test_f1: 16.99, f1: 18.93
epoch: 169, val_loss:1.558116, acc: 36.10, bacc: 29.14, tmp_test_f1: 15.73, f1: 18.93
epoch: 170, val_loss:1.616338, acc: 36.10, bacc: 29.14, tmp_test_f1: 16.59, f1: 18.93
epoch: 171, val_loss:1.582257, acc: 36.10, bacc: 29.14, tmp_test_f1: 17.98, f1: 18.93
epoch: 172, val_loss:1.551697, acc: 36.10, bacc: 29.14, tmp_test_f1: 18.10, f1: 18.93
epoch: 173, val_loss:1.552926, acc: 36.10, bacc: 29.14, tmp_test_f1: 17.06, f1: 18.93
epoch: 174, val_loss:1.568148, acc: 36.10, bacc: 29.14, tmp_test_f1: 15.75, f1: 18.93
epoch: 175, val_loss:1.615578, acc: 36.10, bacc: 29.14, tmp_test_f1: 17.07, f1: 18.93
epoch: 176, val_loss:1.562521, acc: 36.10, bacc: 29.14, tmp_test_f1: 18.16, f1: 18.93
epoch: 177, val_loss:1.556332, acc: 36.10, bacc: 29.14, tmp_test_f1: 18.02, f1: 18.93
epoch: 178, val_loss:1.554559, acc: 36.10, bacc: 29.14, tmp_test_f1: 16.36, f1: 18.93
epoch: 179, val_loss:1.595384, acc: 36.10, bacc: 29.14, tmp_test_f1: 15.25, f1: 18.93
epoch: 180, val_loss:1.638360, acc: 36.10, bacc: 29.14, tmp_test_f1: 17.50, f1: 18.93
epoch: 181, val_loss:1.564585, acc: 36.10, bacc: 29.14, tmp_test_f1: 18.15, f1: 18.93
epoch: 182, val_loss:1.564670, acc: 36.10, bacc: 29.14, tmp_test_f1: 17.84, f1: 18.93
epoch: 183, val_loss:1.562867, acc: 36.10, bacc: 29.14, tmp_test_f1: 16.32, f1: 18.93
epoch: 184, val_loss:1.619554, acc: 36.10, bacc: 29.14, tmp_test_f1: 16.32, f1: 18.93
epoch: 185, val_loss:1.620763, acc: 36.10, bacc: 29.14, tmp_test_f1: 17.21, f1: 18.93
epoch: 186, val_loss:1.566942, acc: 36.10, bacc: 29.14, tmp_test_f1: 18.15, f1: 18.93
epoch: 187, val_loss:1.561540, acc: 36.10, bacc: 29.14, tmp_test_f1: 17.98, f1: 18.93
epoch: 188, val_loss:1.556206, acc: 36.10, bacc: 29.14, tmp_test_f1: 16.52, f1: 18.93
epoch: 189, val_loss:1.591842, acc: 36.10, bacc: 29.14, tmp_test_f1: 15.87, f1: 18.93
epoch: 190, val_loss:1.620662, acc: 36.10, bacc: 29.14, tmp_test_f1: 17.35, f1: 18.93
epoch: 191, val_loss:1.550602, acc: 36.10, bacc: 29.14, tmp_test_f1: 18.26, f1: 18.93
epoch: 192, val_loss:1.552840, acc: 36.10, bacc: 29.14, tmp_test_f1: 17.48, f1: 18.93
epoch: 193, val_loss:1.547860, acc: 36.10, bacc: 29.14, tmp_test_f1: 15.57, f1: 18.93
epoch: 194, val_loss:1.615683, acc: 36.10, bacc: 29.14, tmp_test_f1: 15.72, f1: 18.93
epoch: 195, val_loss:1.604855, acc: 36.10, bacc: 29.14, tmp_test_f1: 17.76, f1: 18.93
epoch: 196, val_loss:1.548968, acc: 36.10, bacc: 29.14, tmp_test_f1: 17.90, f1: 18.93
epoch: 197, val_loss:1.556283, acc: 36.10, bacc: 29.14, tmp_test_f1: 17.12, f1: 18.93
epoch: 198, val_loss:1.563813, acc: 36.10, bacc: 29.14, tmp_test_f1: 15.38, f1: 18.93
epoch: 199, val_loss:1.647110, acc: 36.10, bacc: 29.14, tmp_test_f1: 16.79, f1: 18.93
epoch: 200, val_loss:1.590597, acc: 36.10, bacc: 29.14, tmp_test_f1: 17.97, f1: 18.93
epoch: 201, val_loss:1.558621, acc: 36.10, bacc: 29.14, tmp_test_f1: 17.90, f1: 18.93
epoch: 202, val_loss:1.557174, acc: 36.10, bacc: 29.14, tmp_test_f1: 16.91, f1: 18.93
epoch: 203, val_loss:1.583170, acc: 36.10, bacc: 29.14, tmp_test_f1: 15.59, f1: 18.93
epoch: 204, val_loss:1.638140, acc: 36.10, bacc: 29.14, tmp_test_f1: 17.15, f1: 18.93
epoch: 205, val_loss:1.570035, acc: 36.10, bacc: 29.14, tmp_test_f1: 18.20, f1: 18.93
epoch: 206, val_loss:1.556325, acc: 36.10, bacc: 29.14, tmp_test_f1: 17.88, f1: 18.93
epoch: 207, val_loss:1.552191, acc: 36.10, bacc: 29.14, tmp_test_f1: 16.08, f1: 18.93
epoch: 208, val_loss:1.595483, acc: 36.10, bacc: 29.14, tmp_test_f1: 15.81, f1: 18.93
epoch: 209, val_loss:1.612113, acc: 36.10, bacc: 29.14, tmp_test_f1: 17.69, f1: 18.93
epoch: 210, val_loss:1.551574, acc: 36.10, bacc: 29.14, tmp_test_f1: 17.99, f1: 18.93
epoch: 211, val_loss:1.557056, acc: 36.10, bacc: 29.14, tmp_test_f1: 17.09, f1: 18.93
epoch: 212, val_loss:1.562384, acc: 36.10, bacc: 29.14, tmp_test_f1: 14.91, f1: 18.93
epoch: 213, val_loss:1.645951, acc: 36.10, bacc: 29.14, tmp_test_f1: 16.62, f1: 18.93
epoch: 214, val_loss:1.578428, acc: 36.10, bacc: 29.14, tmp_test_f1: 18.27, f1: 18.93
epoch: 215, val_loss:1.552315, acc: 36.10, bacc: 29.14, tmp_test_f1: 18.03, f1: 18.93
epoch: 216, val_loss:1.547233, acc: 36.10, bacc: 29.14, tmp_test_f1: 16.60, f1: 18.93
epoch: 217, val_loss:1.572609, acc: 36.10, bacc: 29.14, tmp_test_f1: 15.10, f1: 18.93
epoch: 218, val_loss:1.662340, acc: 36.10, bacc: 29.14, tmp_test_f1: 16.56, f1: 18.93
epoch: 219, val_loss:1.587966, acc: 36.10, bacc: 29.14, tmp_test_f1: 17.81, f1: 18.93
epoch: 220, val_loss:1.542906, acc: 36.10, bacc: 29.14, tmp_test_f1: 18.74, f1: 18.93
epoch: 221, val_loss:1.550438, acc: 36.10, bacc: 29.14, tmp_test_f1: 17.18, f1: 18.93
epoch: 222, val_loss:1.554190, acc: 36.10, bacc: 29.14, tmp_test_f1: 15.32, f1: 18.93
epoch: 223, val_loss:1.658009, acc: 36.10, bacc: 29.14, tmp_test_f1: 16.67, f1: 18.93
epoch: 224, val_loss:1.596173, acc: 36.10, bacc: 29.14, tmp_test_f1: 17.96, f1: 18.93
epoch: 225, val_loss:1.554485, acc: 36.10, bacc: 29.14, tmp_test_f1: 18.18, f1: 18.93
epoch: 226, val_loss:1.562501, acc: 36.10, bacc: 29.14, tmp_test_f1: 17.10, f1: 18.93
epoch: 227, val_loss:1.575079, acc: 36.10, bacc: 29.14, tmp_test_f1: 15.07, f1: 18.93
epoch: 228, val_loss:1.663011, acc: 36.10, bacc: 29.14, tmp_test_f1: 16.10, f1: 18.93
epoch: 229, val_loss:1.626174, acc: 36.10, bacc: 29.14, tmp_test_f1: 17.56, f1: 18.93
epoch: 230, val_loss:1.571140, acc: 36.10, bacc: 29.14, tmp_test_f1: 18.45, f1: 18.93
epoch: 231, val_loss:1.576488, acc: 36.10, bacc: 29.14, tmp_test_f1: 17.37, f1: 18.93
epoch: 232, val_loss:1.572850, acc: 36.10, bacc: 29.14, tmp_test_f1: 15.95, f1: 18.93
epoch: 233, val_loss:1.625837, acc: 36.10, bacc: 29.14, tmp_test_f1: 16.00, f1: 18.93
epoch: 234, val_loss:1.625020, acc: 36.10, bacc: 29.14, tmp_test_f1: 17.33, f1: 18.93
epoch: 235, val_loss:1.567818, acc: 36.10, bacc: 29.14, tmp_test_f1: 18.23, f1: 18.93
epoch: 236, val_loss:1.570806, acc: 36.10, bacc: 29.14, tmp_test_f1: 17.36, f1: 18.93
epoch: 237, val_loss:1.565216, acc: 36.10, bacc: 29.14, tmp_test_f1: 15.85, f1: 18.93
epoch: 238, val_loss:1.622281, acc: 36.10, bacc: 29.14, tmp_test_f1: 15.69, f1: 18.93
epoch: 239, val_loss:1.628768, acc: 36.10, bacc: 29.14, tmp_test_f1: 17.23, f1: 18.93
epoch: 240, val_loss:1.566172, acc: 36.10, bacc: 29.14, tmp_test_f1: 17.99, f1: 18.93
epoch: 241, val_loss:1.564205, acc: 36.10, bacc: 29.14, tmp_test_f1: 16.78, f1: 18.93
epoch: 242, val_loss:1.571906, acc: 36.10, bacc: 29.14, tmp_test_f1: 15.44, f1: 18.93
epoch: 243, val_loss:1.639140, acc: 36.10, bacc: 29.14, tmp_test_f1: 16.22, f1: 18.93
epoch: 244, val_loss:1.600266, acc: 36.10, bacc: 29.14, tmp_test_f1: 17.37, f1: 18.93
epoch: 245, val_loss:1.564656, acc: 36.10, bacc: 29.14, tmp_test_f1: 17.60, f1: 18.93
epoch: 246, val_loss:1.563404, acc: 36.10, bacc: 29.14, tmp_test_f1: 16.96, f1: 18.93
epoch: 247, val_loss:1.575303, acc: 36.10, bacc: 29.14, tmp_test_f1: 16.29, f1: 18.93
epoch: 248, val_loss:1.625867, acc: 36.10, bacc: 29.14, tmp_test_f1: 16.76, f1: 18.93
epoch: 249, val_loss:1.589890, acc: 36.10, bacc: 29.14, tmp_test_f1: 17.43, f1: 18.93
epoch: 250, val_loss:1.564087, acc: 36.10, bacc: 29.14, tmp_test_f1: 17.56, f1: 18.93
epoch: 251, val_loss:1.565086, acc: 36.10, bacc: 29.14, tmp_test_f1: 16.76, f1: 18.93
epoch: 252, val_loss:1.591196, acc: 36.10, bacc: 29.14, tmp_test_f1: 15.73, f1: 18.93
epoch: 253, val_loss:1.646019, acc: 36.10, bacc: 29.14, tmp_test_f1: 16.94, f1: 18.93
epoch: 254, val_loss:1.588290, acc: 36.10, bacc: 29.14, tmp_test_f1: 17.91, f1: 18.93
epoch: 255, val_loss:1.574415, acc: 36.10, bacc: 29.14, tmp_test_f1: 17.64, f1: 18.93
epoch: 256, val_loss:1.574507, acc: 36.10, bacc: 29.14, tmp_test_f1: 15.77, f1: 18.93
epoch: 257, val_loss:1.628606, acc: 36.10, bacc: 29.14, tmp_test_f1: 15.71, f1: 18.93
epoch: 258, val_loss:1.634026, acc: 36.10, bacc: 29.14, tmp_test_f1: 17.23, f1: 18.93
epoch: 259, val_loss:1.573723, acc: 36.10, bacc: 29.14, tmp_test_f1: 18.03, f1: 18.93
epoch: 260, val_loss:1.569668, acc: 36.10, bacc: 29.14, tmp_test_f1: 17.00, f1: 18.93
epoch: 261, val_loss:1.576837, acc: 36.10, bacc: 29.14, tmp_test_f1: 15.76, f1: 18.93
epoch: 262, val_loss:1.632008, acc: 36.10, bacc: 29.14, tmp_test_f1: 16.44, f1: 18.93
epoch: 263, val_loss:1.596421, acc: 36.10, bacc: 29.14, tmp_test_f1: 17.42, f1: 18.93
epoch: 264, val_loss:1.557310, acc: 36.10, bacc: 29.14, tmp_test_f1: 17.70, f1: 18.93
epoch: 265, val_loss:1.553559, acc: 36.10, bacc: 29.14, tmp_test_f1: 17.27, f1: 18.93
epoch: 266, val_loss:1.563667, acc: 36.10, bacc: 29.14, tmp_test_f1: 15.59, f1: 18.93
epoch: 267, val_loss:1.625358, acc: 36.10, bacc: 29.14, tmp_test_f1: 15.96, f1: 18.93
epoch: 268, val_loss:1.605242, acc: 36.10, bacc: 29.14, tmp_test_f1: 17.48, f1: 18.93
epoch: 269, val_loss:1.552820, acc: 36.10, bacc: 29.14, tmp_test_f1: 17.90, f1: 18.93
epoch: 270, val_loss:1.555185, acc: 36.10, bacc: 29.14, tmp_test_f1: 17.18, f1: 18.93
epoch: 271, val_loss:1.564308, acc: 36.10, bacc: 29.14, tmp_test_f1: 15.69, f1: 18.93
epoch: 272, val_loss:1.633882, acc: 36.10, bacc: 29.14, tmp_test_f1: 16.78, f1: 18.93
epoch: 273, val_loss:1.582242, acc: 36.10, bacc: 29.14, tmp_test_f1: 17.71, f1: 18.93
epoch: 274, val_loss:1.552007, acc: 36.10, bacc: 29.14, tmp_test_f1: 17.91, f1: 18.93
Epoch 00275: reducing learning rate of group 0 to 5.0000e-02.
epoch: 275, val_loss:1.552018, acc: 36.10, bacc: 29.14, tmp_test_f1: 16.71, f1: 18.93
epoch: 276, val_loss:1.578151, acc: 36.10, bacc: 29.14, tmp_test_f1: 16.23, f1: 18.93
epoch: 277, val_loss:1.602244, acc: 36.10, bacc: 29.14, tmp_test_f1: 16.35, f1: 18.93
epoch: 278, val_loss:1.588102, acc: 36.10, bacc: 29.14, tmp_test_f1: 16.82, f1: 18.93
epoch: 279, val_loss:1.562690, acc: 36.10, bacc: 29.14, tmp_test_f1: 17.73, f1: 18.93
epoch: 280, val_loss:1.551485, acc: 36.10, bacc: 29.14, tmp_test_f1: 17.78, f1: 18.93
epoch: 281, val_loss:1.551384, acc: 36.10, bacc: 29.14, tmp_test_f1: 17.15, f1: 18.93
epoch: 282, val_loss:1.557680, acc: 36.10, bacc: 29.14, tmp_test_f1: 16.34, f1: 18.93
epoch: 283, val_loss:1.579604, acc: 36.10, bacc: 29.14, tmp_test_f1: 15.99, f1: 18.93
epoch: 284, val_loss:1.596732, acc: 36.10, bacc: 29.14, tmp_test_f1: 16.37, f1: 18.93
epoch: 285, val_loss:1.575593, acc: 36.10, bacc: 29.14, tmp_test_f1: 17.57, f1: 18.93
epoch: 286, val_loss:1.557626, acc: 36.10, bacc: 29.14, tmp_test_f1: 17.95, f1: 18.93
epoch: 287, val_loss:1.557160, acc: 36.10, bacc: 29.14, tmp_test_f1: 17.56, f1: 18.93
epoch: 288, val_loss:1.560435, acc: 36.10, bacc: 29.14, tmp_test_f1: 16.54, f1: 18.93
epoch: 289, val_loss:1.581215, acc: 36.10, bacc: 29.14, tmp_test_f1: 15.84, f1: 18.93
epoch: 290, val_loss:1.605978, acc: 36.10, bacc: 29.14, tmp_test_f1: 16.19, f1: 18.93
epoch: 291, val_loss:1.596372, acc: 36.10, bacc: 29.14, tmp_test_f1: 16.99, f1: 18.93
epoch: 292, val_loss:1.571141, acc: 36.10, bacc: 29.14, tmp_test_f1: 17.60, f1: 18.93
epoch: 293, val_loss:1.561225, acc: 36.10, bacc: 29.14, tmp_test_f1: 17.52, f1: 18.93
epoch: 294, val_loss:1.561575, acc: 36.10, bacc: 29.14, tmp_test_f1: 17.15, f1: 18.93
epoch: 295, val_loss:1.569549, acc: 36.10, bacc: 29.14, tmp_test_f1: 16.46, f1: 18.93
epoch: 296, val_loss:1.590669, acc: 36.10, bacc: 29.14, tmp_test_f1: 16.23, f1: 18.93
epoch: 297, val_loss:1.603187, acc: 36.10, bacc: 29.14, tmp_test_f1: 16.50, f1: 18.93
epoch: 298, val_loss:1.590587, acc: 36.10, bacc: 29.14, tmp_test_f1: 17.14, f1: 18.93
epoch: 299, val_loss:1.569931, acc: 36.10, bacc: 29.14, tmp_test_f1: 17.33, f1: 18.93
epoch: 300, val_loss:1.564302, acc: 36.10, bacc: 29.14, tmp_test_f1: 17.31, f1: 18.93
epoch: 301, val_loss:1.564927, acc: 36.10, bacc: 29.14, tmp_test_f1: 16.95, f1: 18.93
epoch: 302, val_loss:1.573528, acc: 36.10, bacc: 29.14, tmp_test_f1: 16.40, f1: 18.93
epoch: 303, val_loss:1.587260, acc: 36.10, bacc: 29.14, tmp_test_f1: 16.22, f1: 18.93
epoch: 304, val_loss:1.591659, acc: 36.10, bacc: 29.14, tmp_test_f1: 16.81, f1: 18.93
epoch: 305, val_loss:1.575198, acc: 36.10, bacc: 29.14, tmp_test_f1: 17.31, f1: 18.93
epoch: 306, val_loss:1.560564, acc: 36.10, bacc: 29.14, tmp_test_f1: 17.39, f1: 18.93
epoch: 307, val_loss:1.557403, acc: 36.10, bacc: 29.14, tmp_test_f1: 16.97, f1: 18.93
epoch: 308, val_loss:1.563579, acc: 36.10, bacc: 29.14, tmp_test_f1: 16.47, f1: 18.93
epoch: 309, val_loss:1.585055, acc: 36.10, bacc: 29.14, tmp_test_f1: 16.32, f1: 18.93
epoch: 310, val_loss:1.594800, acc: 36.10, bacc: 29.14, tmp_test_f1: 16.70, f1: 18.93
epoch: 311, val_loss:1.571851, acc: 36.10, bacc: 29.14, tmp_test_f1: 17.60, f1: 18.93
epoch: 312, val_loss:1.558269, acc: 36.10, bacc: 29.14, tmp_test_f1: 17.61, f1: 18.93
epoch: 313, val_loss:1.559339, acc: 36.10, bacc: 29.14, tmp_test_f1: 17.20, f1: 18.93
epoch: 314, val_loss:1.567963, acc: 36.10, bacc: 29.14, tmp_test_f1: 16.63, f1: 18.93
epoch: 315, val_loss:1.593634, acc: 36.10, bacc: 29.14, tmp_test_f1: 16.35, f1: 18.93
epoch: 316, val_loss:1.604041, acc: 36.10, bacc: 29.14, tmp_test_f1: 16.97, f1: 18.93
epoch: 317, val_loss:1.577094, acc: 36.10, bacc: 29.14, tmp_test_f1: 17.65, f1: 18.93
epoch: 318, val_loss:1.561468, acc: 36.10, bacc: 29.14, tmp_test_f1: 17.79, f1: 18.93
epoch: 319, val_loss:1.560136, acc: 36.10, bacc: 29.14, tmp_test_f1: 17.29, f1: 18.93
epoch: 320, val_loss:1.564093, acc: 36.10, bacc: 29.14, tmp_test_f1: 16.89, f1: 18.93
epoch: 321, val_loss:1.583666, acc: 36.10, bacc: 29.14, tmp_test_f1: 16.38, f1: 18.93
epoch: 322, val_loss:1.599029, acc: 36.10, bacc: 29.14, tmp_test_f1: 16.95, f1: 18.93
epoch: 323, val_loss:1.580103, acc: 36.10, bacc: 29.14, tmp_test_f1: 17.27, f1: 18.93
epoch: 324, val_loss:1.564755, acc: 36.10, bacc: 29.14, tmp_test_f1: 17.47, f1: 18.93
epoch: 325, val_loss:1.563580, acc: 36.10, bacc: 29.14, tmp_test_f1: 17.06, f1: 18.93
epoch: 326, val_loss:1.572458, acc: 36.10, bacc: 29.14, tmp_test_f1: 16.38, f1: 18.93
epoch: 327, val_loss:1.591793, acc: 36.10, bacc: 29.14, tmp_test_f1: 16.35, f1: 18.93
epoch: 328, val_loss:1.595380, acc: 36.10, bacc: 29.14, tmp_test_f1: 16.83, f1: 18.93
epoch: 329, val_loss:1.582136, acc: 36.10, bacc: 29.14, tmp_test_f1: 17.29, f1: 18.93
epoch: 330, val_loss:1.568786, acc: 36.10, bacc: 29.14, tmp_test_f1: 17.34, f1: 18.93
epoch: 331, val_loss:1.569023, acc: 36.10, bacc: 29.14, tmp_test_f1: 17.00, f1: 18.93
epoch: 332, val_loss:1.579078, acc: 36.10, bacc: 29.14, tmp_test_f1: 16.68, f1: 18.93
epoch: 333, val_loss:1.589372, acc: 36.10, bacc: 29.14, tmp_test_f1: 16.82, f1: 18.93
epoch: 334, val_loss:1.582214, acc: 36.10, bacc: 29.14, tmp_test_f1: 17.28, f1: 18.93
epoch: 335, val_loss:1.571283, acc: 36.10, bacc: 29.14, tmp_test_f1: 17.29, f1: 18.93
epoch: 336, val_loss:1.570661, acc: 36.10, bacc: 29.14, tmp_test_f1: 16.96, f1: 18.93
epoch: 337, val_loss:1.578292, acc: 36.10, bacc: 29.14, tmp_test_f1: 16.82, f1: 18.93
epoch: 338, val_loss:1.584794, acc: 36.10, bacc: 29.14, tmp_test_f1: 16.96, f1: 18.93
epoch: 339, val_loss:1.580209, acc: 36.10, bacc: 29.14, tmp_test_f1: 17.12, f1: 18.93
epoch: 340, val_loss:1.574980, acc: 36.10, bacc: 29.14, tmp_test_f1: 16.96, f1: 18.93
epoch: 341, val_loss:1.578761, acc: 36.10, bacc: 29.14, tmp_test_f1: 16.95, f1: 18.93
epoch: 342, val_loss:1.580312, acc: 36.10, bacc: 29.14, tmp_test_f1: 16.94, f1: 18.93
epoch: 343, val_loss:1.580974, acc: 36.10, bacc: 29.14, tmp_test_f1: 16.99, f1: 18.93
epoch: 344, val_loss:1.581873, acc: 36.10, bacc: 29.14, tmp_test_f1: 16.88, f1: 18.93
epoch: 345, val_loss:1.583069, acc: 36.10, bacc: 29.14, tmp_test_f1: 16.88, f1: 18.93
epoch: 346, val_loss:1.582876, acc: 36.10, bacc: 29.14, tmp_test_f1: 16.95, f1: 18.93
epoch: 347, val_loss:1.582059, acc: 36.10, bacc: 29.14, tmp_test_f1: 17.02, f1: 18.93
epoch: 348, val_loss:1.577440, acc: 36.10, bacc: 29.14, tmp_test_f1: 16.94, f1: 18.93
epoch: 349, val_loss:1.579745, acc: 36.10, bacc: 29.14, tmp_test_f1: 16.72, f1: 18.93
epoch: 350, val_loss:1.588112, acc: 36.10, bacc: 29.14, tmp_test_f1: 16.83, f1: 18.93
epoch: 351, val_loss:1.587659, acc: 36.10, bacc: 29.14, tmp_test_f1: 16.87, f1: 18.93
epoch: 352, val_loss:1.583339, acc: 36.10, bacc: 29.14, tmp_test_f1: 16.93, f1: 18.93
epoch: 353, val_loss:1.578958, acc: 36.10, bacc: 29.14, tmp_test_f1: 16.84, f1: 18.93
epoch: 354, val_loss:1.581827, acc: 36.10, bacc: 29.14, tmp_test_f1: 16.85, f1: 18.93
epoch: 355, val_loss:1.584967, acc: 36.10, bacc: 29.14, tmp_test_f1: 16.98, f1: 18.93
epoch: 356, val_loss:1.579538, acc: 36.10, bacc: 29.14, tmp_test_f1: 16.98, f1: 18.93
epoch: 357, val_loss:1.578390, acc: 36.10, bacc: 29.14, tmp_test_f1: 16.80, f1: 18.93
epoch: 358, val_loss:1.584873, acc: 36.10, bacc: 29.14, tmp_test_f1: 16.81, f1: 18.93
epoch: 359, val_loss:1.583261, acc: 36.10, bacc: 29.14, tmp_test_f1: 16.90, f1: 18.93
epoch: 360, val_loss:1.580657, acc: 36.10, bacc: 29.14, tmp_test_f1: 17.00, f1: 18.93
epoch: 361, val_loss:1.579142, acc: 36.10, bacc: 29.14, tmp_test_f1: 16.97, f1: 18.93
epoch: 362, val_loss:1.581272, acc: 36.10, bacc: 29.14, tmp_test_f1: 16.65, f1: 18.93
epoch: 363, val_loss:1.586373, acc: 36.10, bacc: 29.14, tmp_test_f1: 16.85, f1: 18.93
epoch: 364, val_loss:1.584621, acc: 36.10, bacc: 29.14, tmp_test_f1: 16.58, f1: 18.93
epoch: 365, val_loss:1.591360, acc: 36.10, bacc: 29.14, tmp_test_f1: 16.50, f1: 18.93
epoch: 366, val_loss:1.599010, acc: 36.10, bacc: 29.14, tmp_test_f1: 16.41, f1: 18.93
epoch: 367, val_loss:1.601776, acc: 36.10, bacc: 29.14, tmp_test_f1: 16.60, f1: 18.93
epoch: 368, val_loss:1.591525, acc: 36.10, bacc: 29.14, tmp_test_f1: 16.60, f1: 18.93
epoch: 369, val_loss:1.589950, acc: 36.10, bacc: 29.14, tmp_test_f1: 16.79, f1: 18.93
epoch: 370, val_loss:1.582061, acc: 36.10, bacc: 29.14, tmp_test_f1: 16.89, f1: 18.93
epoch: 371, val_loss:1.578628, acc: 36.10, bacc: 29.14, tmp_test_f1: 16.81, f1: 18.93
epoch: 372, val_loss:1.581741, acc: 36.10, bacc: 29.14, tmp_test_f1: 16.61, f1: 18.93
epoch: 373, val_loss:1.589015, acc: 36.10, bacc: 29.14, tmp_test_f1: 16.72, f1: 18.93
epoch: 374, val_loss:1.584656, acc: 36.10, bacc: 29.14, tmp_test_f1: 16.84, f1: 18.93
epoch: 375, val_loss:1.581063, acc: 36.10, bacc: 29.14, tmp_test_f1: 16.87, f1: 18.93
epoch: 376, val_loss:1.579073, acc: 36.10, bacc: 29.14, tmp_test_f1: 16.71, f1: 18.93
epoch: 377, val_loss:1.587187, acc: 36.10, bacc: 29.14, tmp_test_f1: 16.58, f1: 18.93
epoch: 378, val_loss:1.591622, acc: 36.10, bacc: 29.14, tmp_test_f1: 16.88, f1: 18.93
epoch: 379, val_loss:1.582786, acc: 36.10, bacc: 29.14, tmp_test_f1: 17.00, f1: 18.93
epoch: 380, val_loss:1.574024, acc: 36.10, bacc: 29.14, tmp_test_f1: 16.94, f1: 18.93
epoch: 381, val_loss:1.577112, acc: 36.10, bacc: 29.14, tmp_test_f1: 16.53, f1: 18.93
epoch: 382, val_loss:1.590667, acc: 36.10, bacc: 29.14, tmp_test_f1: 16.40, f1: 18.93
epoch: 383, val_loss:1.597278, acc: 36.10, bacc: 29.14, tmp_test_f1: 16.73, f1: 18.93
epoch: 384, val_loss:1.587434, acc: 36.10, bacc: 29.14, tmp_test_f1: 17.14, f1: 18.93
epoch: 385, val_loss:1.569194, acc: 36.10, bacc: 29.14, tmp_test_f1: 17.26, f1: 18.93
epoch: 386, val_loss:1.567817, acc: 36.10, bacc: 29.14, tmp_test_f1: 16.86, f1: 18.93
epoch: 387, val_loss:1.579306, acc: 36.10, bacc: 29.14, tmp_test_f1: 16.54, f1: 18.93
epoch: 388, val_loss:1.593263, acc: 36.10, bacc: 29.14, tmp_test_f1: 16.58, f1: 18.93
epoch: 389, val_loss:1.588101, acc: 36.10, bacc: 29.14, tmp_test_f1: 17.07, f1: 18.93
epoch: 390, val_loss:1.574886, acc: 36.10, bacc: 29.14, tmp_test_f1: 17.17, f1: 18.93
epoch: 391, val_loss:1.572487, acc: 36.10, bacc: 29.14, tmp_test_f1: 16.81, f1: 18.93
epoch: 392, val_loss:1.584193, acc: 36.10, bacc: 29.14, tmp_test_f1: 16.36, f1: 18.93
epoch: 393, val_loss:1.590593, acc: 36.10, bacc: 29.14, tmp_test_f1: 16.89, f1: 18.93
epoch: 394, val_loss:1.581562, acc: 36.10, bacc: 29.14, tmp_test_f1: 16.82, f1: 18.93
epoch: 395, val_loss:1.581789, acc: 36.10, bacc: 29.14, tmp_test_f1: 17.04, f1: 18.93
epoch: 396, val_loss:1.575322, acc: 36.10, bacc: 29.14, tmp_test_f1: 17.10, f1: 18.93
epoch: 397, val_loss:1.574167, acc: 36.10, bacc: 29.14, tmp_test_f1: 16.62, f1: 18.93
epoch: 398, val_loss:1.585609, acc: 36.10, bacc: 29.14, tmp_test_f1: 16.46, f1: 18.93
epoch: 399, val_loss:1.588051, acc: 36.10, bacc: 29.14, tmp_test_f1: 17.05, f1: 18.93
epoch: 400, val_loss:1.575908, acc: 36.10, bacc: 29.14, tmp_test_f1: 17.15, f1: 18.93
epoch: 401, val_loss:1.573641, acc: 36.10, bacc: 29.14, tmp_test_f1: 16.59, f1: 18.93
epoch: 402, val_loss:1.584044, acc: 36.10, bacc: 29.14, tmp_test_f1: 16.02, f1: 18.93
epoch: 403, val_loss:1.603891, acc: 36.10, bacc: 29.14, tmp_test_f1: 16.55, f1: 18.93
epoch: 404, val_loss:1.587186, acc: 36.10, bacc: 29.14, tmp_test_f1: 17.30, f1: 18.93
epoch: 405, val_loss:1.575124, acc: 36.10, bacc: 29.14, tmp_test_f1: 17.03, f1: 18.93
epoch: 406, val_loss:1.581655, acc: 36.10, bacc: 29.14, tmp_test_f1: 16.29, f1: 18.93
epoch: 407, val_loss:1.603072, acc: 36.10, bacc: 29.14, tmp_test_f1: 16.14, f1: 18.93
epoch: 408, val_loss:1.617184, acc: 36.10, bacc: 29.14, tmp_test_f1: 16.68, f1: 18.93
epoch: 409, val_loss:1.597338, acc: 36.10, bacc: 29.14, tmp_test_f1: 17.14, f1: 18.93
epoch: 410, val_loss:1.588122, acc: 36.10, bacc: 29.14, tmp_test_f1: 17.18, f1: 18.93
epoch: 411, val_loss:1.592884, acc: 36.10, bacc: 29.14, tmp_test_f1: 16.51, f1: 18.93
epoch: 412, val_loss:1.615431, acc: 36.10, bacc: 29.14, tmp_test_f1: 16.23, f1: 18.93
epoch: 413, val_loss:1.631841, acc: 36.10, bacc: 29.14, tmp_test_f1: 16.78, f1: 18.93
epoch: 414, val_loss:1.612461, acc: 36.10, bacc: 29.14, tmp_test_f1: 17.36, f1: 18.93
epoch: 415, val_loss:1.595579, acc: 36.10, bacc: 29.14, tmp_test_f1: 17.33, f1: 18.93
epoch: 416, val_loss:1.597346, acc: 36.10, bacc: 29.14, tmp_test_f1: 16.42, f1: 18.93
epoch: 417, val_loss:1.619985, acc: 36.10, bacc: 29.14, tmp_test_f1: 16.01, f1: 18.93
epoch: 418, val_loss:1.635243, acc: 36.10, bacc: 29.14, tmp_test_f1: 16.55, f1: 18.93
epoch: 419, val_loss:1.606253, acc: 36.10, bacc: 29.14, tmp_test_f1: 17.39, f1: 18.93
epoch: 420, val_loss:1.589181, acc: 36.10, bacc: 29.14, tmp_test_f1: 17.44, f1: 18.93
epoch: 421, val_loss:1.583917, acc: 36.10, bacc: 29.14, tmp_test_f1: 16.66, f1: 18.93
epoch: 422, val_loss:1.597422, acc: 36.10, bacc: 29.14, tmp_test_f1: 15.91, f1: 18.93
epoch: 423, val_loss:1.623062, acc: 36.10, bacc: 29.14, tmp_test_f1: 16.19, f1: 18.93
epoch: 424, val_loss:1.605704, acc: 36.10, bacc: 29.14, tmp_test_f1: 17.28, f1: 18.93
epoch: 425, val_loss:1.574353, acc: 36.10, bacc: 29.14, tmp_test_f1: 17.56, f1: 18.93
epoch: 426, val_loss:1.569414, acc: 36.10, bacc: 29.14, tmp_test_f1: 16.83, f1: 18.93
epoch: 427, val_loss:1.583373, acc: 36.10, bacc: 29.14, tmp_test_f1: 15.99, f1: 18.93
epoch: 428, val_loss:1.626030, acc: 36.10, bacc: 29.14, tmp_test_f1: 16.08, f1: 18.93
epoch: 429, val_loss:1.614012, acc: 36.10, bacc: 29.14, tmp_test_f1: 17.44, f1: 18.93
epoch: 430, val_loss:1.566262, acc: 36.10, bacc: 29.14, tmp_test_f1: 17.79, f1: 18.93
epoch: 431, val_loss:1.562009, acc: 36.10, bacc: 29.14, tmp_test_f1: 16.92, f1: 18.93
epoch: 432, val_loss:1.574144, acc: 36.10, bacc: 29.14, tmp_test_f1: 15.91, f1: 18.93
epoch: 433, val_loss:1.628727, acc: 36.10, bacc: 29.14, tmp_test_f1: 16.21, f1: 18.93
epoch: 434, val_loss:1.606023, acc: 36.10, bacc: 29.14, tmp_test_f1: 17.29, f1: 18.93
epoch: 435, val_loss:1.568019, acc: 36.10, bacc: 29.14, tmp_test_f1: 17.46, f1: 18.93
epoch: 436, val_loss:1.567027, acc: 36.10, bacc: 29.14, tmp_test_f1: 16.83, f1: 18.93
epoch: 437, val_loss:1.586103, acc: 36.10, bacc: 29.14, tmp_test_f1: 16.32, f1: 18.93
epoch: 438, val_loss:1.614823, acc: 36.10, bacc: 29.14, tmp_test_f1: 16.35, f1: 18.93
epoch: 439, val_loss:1.608212, acc: 36.10, bacc: 29.14, tmp_test_f1: 17.06, f1: 18.93
epoch: 440, val_loss:1.582883, acc: 36.10, bacc: 29.14, tmp_test_f1: 17.22, f1: 18.93
epoch: 441, val_loss:1.577357, acc: 36.10, bacc: 29.14, tmp_test_f1: 17.08, f1: 18.93
epoch: 442, val_loss:1.586246, acc: 36.10, bacc: 29.14, tmp_test_f1: 16.63, f1: 18.93
epoch: 443, val_loss:1.600662, acc: 36.10, bacc: 29.14, tmp_test_f1: 16.40, f1: 18.93
epoch: 444, val_loss:1.613111, acc: 36.10, bacc: 29.14, tmp_test_f1: 16.58, f1: 18.93
epoch: 445, val_loss:1.606665, acc: 36.10, bacc: 29.14, tmp_test_f1: 17.05, f1: 18.93
epoch: 446, val_loss:1.591250, acc: 36.10, bacc: 29.14, tmp_test_f1: 17.10, f1: 18.93
epoch: 447, val_loss:1.587880, acc: 36.10, bacc: 29.14, tmp_test_f1: 16.73, f1: 18.93
epoch: 448, val_loss:1.603119, acc: 36.10, bacc: 29.14, tmp_test_f1: 16.22, f1: 18.93
epoch: 449, val_loss:1.624717, acc: 36.10, bacc: 29.14, tmp_test_f1: 16.99, f1: 18.93
epoch: 450, val_loss:1.600356, acc: 36.10, bacc: 29.14, tmp_test_f1: 17.22, f1: 18.93
epoch: 451, val_loss:1.581326, acc: 36.10, bacc: 29.14, tmp_test_f1: 17.19, f1: 18.93
epoch: 452, val_loss:1.580564, acc: 36.10, bacc: 29.14, tmp_test_f1: 16.73, f1: 18.93
epoch: 453, val_loss:1.605479, acc: 36.10, bacc: 29.14, tmp_test_f1: 16.31, f1: 18.93
epoch: 454, val_loss:1.620502, acc: 36.10, bacc: 29.14, tmp_test_f1: 16.83, f1: 18.93
epoch: 455, val_loss:1.586228, acc: 36.10, bacc: 29.14, tmp_test_f1: 17.21, f1: 18.93
epoch: 456, val_loss:1.577443, acc: 36.10, bacc: 29.14, tmp_test_f1: 16.82, f1: 18.93
epoch: 457, val_loss:1.590360, acc: 36.10, bacc: 29.14, tmp_test_f1: 16.59, f1: 18.93
epoch: 458, val_loss:1.618598, acc: 36.10, bacc: 29.14, tmp_test_f1: 16.49, f1: 18.93
epoch: 459, val_loss:1.622240, acc: 36.10, bacc: 29.14, tmp_test_f1: 16.95, f1: 18.93
epoch: 460, val_loss:1.597824, acc: 36.10, bacc: 29.14, tmp_test_f1: 17.15, f1: 18.93
epoch: 461, val_loss:1.594926, acc: 36.10, bacc: 29.14, tmp_test_f1: 16.80, f1: 18.93
epoch: 462, val_loss:1.611077, acc: 36.10, bacc: 29.14, tmp_test_f1: 16.47, f1: 18.93
epoch: 463, val_loss:1.636057, acc: 36.10, bacc: 29.14, tmp_test_f1: 16.87, f1: 18.93
epoch: 464, val_loss:1.616460, acc: 36.10, bacc: 29.14, tmp_test_f1: 17.10, f1: 18.93
epoch: 465, val_loss:1.597845, acc: 36.10, bacc: 29.14, tmp_test_f1: 17.10, f1: 18.93
epoch: 466, val_loss:1.603016, acc: 36.10, bacc: 29.14, tmp_test_f1: 16.31, f1: 18.93
epoch: 467, val_loss:1.641789, acc: 36.10, bacc: 29.14, tmp_test_f1: 16.61, f1: 18.93
epoch: 468, val_loss:1.632030, acc: 36.10, bacc: 29.14, tmp_test_f1: 17.07, f1: 18.93
epoch: 469, val_loss:1.589029, acc: 36.10, bacc: 29.14, tmp_test_f1: 17.15, f1: 18.93
epoch: 470, val_loss:1.578347, acc: 36.10, bacc: 29.14, tmp_test_f1: 16.99, f1: 18.93
epoch: 471, val_loss:1.587627, acc: 36.10, bacc: 29.14, tmp_test_f1: 16.98, f1: 18.93
epoch: 472, val_loss:1.610937, acc: 36.10, bacc: 29.14, tmp_test_f1: 16.71, f1: 18.93
epoch: 473, val_loss:1.618961, acc: 36.10, bacc: 29.14, tmp_test_f1: 16.91, f1: 18.93
epoch: 474, val_loss:1.597148, acc: 36.10, bacc: 29.14, tmp_test_f1: 17.02, f1: 18.93
epoch: 475, val_loss:1.591442, acc: 36.10, bacc: 29.14, tmp_test_f1: 16.93, f1: 18.93
Epoch 00476: reducing learning rate of group 0 to 2.5000e-02.
epoch: 476, val_loss:1.602646, acc: 36.10, bacc: 29.14, tmp_test_f1: 16.27, f1: 18.93
epoch: 477, val_loss:1.627019, acc: 36.10, bacc: 29.14, tmp_test_f1: 16.42, f1: 18.93
epoch: 478, val_loss:1.629069, acc: 36.10, bacc: 29.14, tmp_test_f1: 16.77, f1: 18.93
epoch: 479, val_loss:1.612768, acc: 36.10, bacc: 29.14, tmp_test_f1: 16.95, f1: 18.93
epoch: 480, val_loss:1.597920, acc: 36.10, bacc: 29.14, tmp_test_f1: 17.08, f1: 18.93
epoch: 481, val_loss:1.595585, acc: 36.10, bacc: 29.14, tmp_test_f1: 16.98, f1: 18.93
epoch: 482, val_loss:1.600674, acc: 36.10, bacc: 29.14, tmp_test_f1: 16.68, f1: 18.93
epoch: 483, val_loss:1.612369, acc: 36.10, bacc: 29.14, tmp_test_f1: 16.57, f1: 18.93
epoch: 484, val_loss:1.620615, acc: 36.10, bacc: 29.14, tmp_test_f1: 16.58, f1: 18.93
epoch: 485, val_loss:1.613596, acc: 36.10, bacc: 29.14, tmp_test_f1: 16.84, f1: 18.93
epoch: 486, val_loss:1.601814, acc: 36.10, bacc: 29.14, tmp_test_f1: 16.98, f1: 18.93
epoch: 487, val_loss:1.594285, acc: 36.10, bacc: 29.14, tmp_test_f1: 16.95, f1: 18.93
epoch: 488, val_loss:1.591926, acc: 36.10, bacc: 29.14, tmp_test_f1: 17.03, f1: 18.93
epoch: 489, val_loss:1.592602, acc: 36.10, bacc: 29.14, tmp_test_f1: 17.02, f1: 18.93
epoch: 490, val_loss:1.598291, acc: 36.10, bacc: 29.14, tmp_test_f1: 16.84, f1: 18.93
epoch: 491, val_loss:1.605557, acc: 36.10, bacc: 29.14, tmp_test_f1: 16.90, f1: 18.93
epoch: 492, val_loss:1.603914, acc: 36.10, bacc: 29.14, tmp_test_f1: 17.11, f1: 18.93
epoch: 493, val_loss:1.595205, acc: 36.10, bacc: 29.14, tmp_test_f1: 17.10, f1: 18.93
epoch: 494, val_loss:1.590951, acc: 36.10, bacc: 29.14, tmp_test_f1: 17.10, f1: 18.93
epoch: 495, val_loss:1.590118, acc: 36.10, bacc: 29.14, tmp_test_f1: 17.17, f1: 18.93
epoch: 496, val_loss:1.593593, acc: 36.10, bacc: 29.14, tmp_test_f1: 17.10, f1: 18.93
epoch: 497, val_loss:1.603189, acc: 36.10, bacc: 29.14, tmp_test_f1: 16.75, f1: 18.93
epoch: 498, val_loss:1.609355, acc: 36.10, bacc: 29.14, tmp_test_f1: 17.15, f1: 18.93
epoch: 499, val_loss:1.600719, acc: 36.10, bacc: 29.14, tmp_test_f1: 17.22, f1: 18.93
epoch: 500, val_loss:1.592047, acc: 36.10, bacc: 29.14, tmp_test_f1: 17.22, f1: 18.93
epoch: 501, val_loss:1.593556, acc: 36.10, bacc: 29.14, tmp_test_f1: 17.17, f1: 18.93
epoch: 502, val_loss:1.601773, acc: 36.10, bacc: 29.14, tmp_test_f1: 16.66, f1: 18.93
epoch: 503, val_loss:1.615720, acc: 36.10, bacc: 29.14, tmp_test_f1: 16.49, f1: 18.93
epoch: 504, val_loss:1.623842, acc: 36.10, bacc: 29.14, tmp_test_f1: 16.79, f1: 18.93
epoch: 505, val_loss:1.609099, acc: 36.10, bacc: 29.14, tmp_test_f1: 17.21, f1: 18.93
epoch: 506, val_loss:1.595889, acc: 36.10, bacc: 29.14, tmp_test_f1: 17.25, f1: 18.93
epoch: 507, val_loss:1.596456, acc: 36.10, bacc: 29.14, tmp_test_f1: 16.93, f1: 18.93
epoch: 508, val_loss:1.604792, acc: 36.10, bacc: 29.14, tmp_test_f1: 16.55, f1: 18.93
epoch: 509, val_loss:1.621650, acc: 36.10, bacc: 29.14, tmp_test_f1: 16.46, f1: 18.93
epoch: 510, val_loss:1.633734, acc: 36.10, bacc: 29.14, tmp_test_f1: 16.57, f1: 18.93
epoch: 511, val_loss:1.625846, acc: 36.10, bacc: 29.14, tmp_test_f1: 16.83, f1: 18.93
epoch: 512, val_loss:1.607704, acc: 36.10, bacc: 29.14, tmp_test_f1: 17.14, f1: 18.93
epoch: 513, val_loss:1.598996, acc: 36.10, bacc: 29.14, tmp_test_f1: 17.24, f1: 18.93
epoch: 514, val_loss:1.598102, acc: 36.10, bacc: 29.14, tmp_test_f1: 17.07, f1: 18.93
epoch: 515, val_loss:1.605292, acc: 36.10, bacc: 29.14, tmp_test_f1: 16.83, f1: 18.93
epoch: 516, val_loss:1.619467, acc: 36.10, bacc: 29.14, tmp_test_f1: 16.59, f1: 18.93
epoch: 517, val_loss:1.628302, acc: 36.10, bacc: 29.14, tmp_test_f1: 16.60, f1: 18.93
epoch: 518, val_loss:1.625858, acc: 36.10, bacc: 29.14, tmp_test_f1: 17.04, f1: 18.93
epoch: 519, val_loss:1.613270, acc: 36.10, bacc: 29.14, tmp_test_f1: 17.15, f1: 18.93
epoch: 520, val_loss:1.604077, acc: 36.10, bacc: 29.14, tmp_test_f1: 17.24, f1: 18.93
epoch: 521, val_loss:1.601347, acc: 36.10, bacc: 29.14, tmp_test_f1: 17.06, f1: 18.93
epoch: 522, val_loss:1.608592, acc: 36.10, bacc: 29.14, tmp_test_f1: 16.74, f1: 18.93
epoch: 523, val_loss:1.620380, acc: 36.10, bacc: 29.14, tmp_test_f1: 16.43, f1: 18.93
epoch: 524, val_loss:1.624440, acc: 36.10, bacc: 29.14, tmp_test_f1: 16.84, f1: 18.93
epoch: 525, val_loss:1.615157, acc: 36.10, bacc: 29.14, tmp_test_f1: 17.06, f1: 18.93
epoch: 526, val_loss:1.605922, acc: 36.10, bacc: 29.14, tmp_test_f1: 17.20, f1: 18.93
epoch: 527, val_loss:1.602876, acc: 36.10, bacc: 29.14, tmp_test_f1: 16.92, f1: 18.93
epoch: 528, val_loss:1.605471, acc: 36.10, bacc: 29.14, tmp_test_f1: 16.68, f1: 18.93
epoch: 529, val_loss:1.617755, acc: 36.10, bacc: 29.14, tmp_test_f1: 16.25, f1: 18.93
epoch: 530, val_loss:1.627198, acc: 36.10, bacc: 29.14, tmp_test_f1: 16.67, f1: 18.93
epoch: 531, val_loss:1.611005, acc: 36.10, bacc: 29.14, tmp_test_f1: 17.08, f1: 18.93
epoch: 532, val_loss:1.598551, acc: 36.10, bacc: 29.14, tmp_test_f1: 17.20, f1: 18.93
epoch: 533, val_loss:1.592589, acc: 36.10, bacc: 29.14, tmp_test_f1: 17.07, f1: 18.93
epoch: 534, val_loss:1.597693, acc: 36.10, bacc: 29.14, tmp_test_f1: 16.71, f1: 18.93
epoch: 535, val_loss:1.612950, acc: 36.10, bacc: 29.14, tmp_test_f1: 16.29, f1: 18.93
epoch: 536, val_loss:1.626655, acc: 36.10, bacc: 29.14, tmp_test_f1: 16.70, f1: 18.93
epoch: 537, val_loss:1.614611, acc: 36.10, bacc: 29.14, tmp_test_f1: 16.97, f1: 18.93
epoch: 538, val_loss:1.594168, acc: 36.10, bacc: 29.14, tmp_test_f1: 17.20, f1: 18.93
epoch: 539, val_loss:1.587234, acc: 36.10, bacc: 29.14, tmp_test_f1: 17.06, f1: 18.93
epoch: 540, val_loss:1.590920, acc: 36.10, bacc: 29.14, tmp_test_f1: 16.74, f1: 18.93
epoch: 541, val_loss:1.605297, acc: 36.10, bacc: 29.14, tmp_test_f1: 16.52, f1: 18.93
epoch: 542, val_loss:1.618775, acc: 36.10, bacc: 29.14, tmp_test_f1: 16.60, f1: 18.93
epoch: 543, val_loss:1.609116, acc: 36.10, bacc: 29.14, tmp_test_f1: 17.10, f1: 18.93
epoch: 544, val_loss:1.589052, acc: 36.10, bacc: 29.14, tmp_test_f1: 17.36, f1: 18.93
epoch: 545, val_loss:1.577848, acc: 36.10, bacc: 29.14, tmp_test_f1: 17.35, f1: 18.93
epoch: 546, val_loss:1.576631, acc: 36.10, bacc: 29.14, tmp_test_f1: 17.06, f1: 18.93
epoch: 547, val_loss:1.588180, acc: 36.10, bacc: 29.14, tmp_test_f1: 16.43, f1: 18.93
epoch: 548, val_loss:1.616997, acc: 36.10, bacc: 29.14, tmp_test_f1: 16.42, f1: 18.93
epoch: 549, val_loss:1.623107, acc: 36.10, bacc: 29.14, tmp_test_f1: 16.86, f1: 18.93
epoch: 550, val_loss:1.600388, acc: 36.10, bacc: 29.14, tmp_test_f1: 17.25, f1: 18.93
epoch: 551, val_loss:1.584201, acc: 36.10, bacc: 29.14, tmp_test_f1: 17.34, f1: 18.93
epoch: 552, val_loss:1.581845, acc: 36.10, bacc: 29.14, tmp_test_f1: 17.15, f1: 18.93
epoch: 553, val_loss:1.590788, acc: 36.10, bacc: 29.14, tmp_test_f1: 16.73, f1: 18.93
epoch: 554, val_loss:1.610795, acc: 36.10, bacc: 29.14, tmp_test_f1: 16.44, f1: 18.93
epoch: 555, val_loss:1.630166, acc: 36.10, bacc: 29.14, tmp_test_f1: 16.51, f1: 18.93
epoch: 556, val_loss:1.626126, acc: 36.10, bacc: 29.14, tmp_test_f1: 17.08, f1: 18.93
epoch: 557, val_loss:1.604244, acc: 36.10, bacc: 29.14, tmp_test_f1: 17.16, f1: 18.93
epoch: 558, val_loss:1.591086, acc: 36.10, bacc: 29.14, tmp_test_f1: 17.21, f1: 18.93
epoch: 559, val_loss:1.591246, acc: 36.10, bacc: 29.14, tmp_test_f1: 17.12, f1: 18.93
epoch: 560, val_loss:1.599126, acc: 36.10, bacc: 29.14, tmp_test_f1: 16.68, f1: 18.93
epoch: 561, val_loss:1.616999, acc: 36.10, bacc: 29.14, tmp_test_f1: 16.43, f1: 18.93
epoch: 562, val_loss:1.637616, acc: 36.10, bacc: 29.14, tmp_test_f1: 16.54, f1: 18.93
epoch: 563, val_loss:1.620888, acc: 36.10, bacc: 29.14, tmp_test_f1: 17.06, f1: 18.93
epoch: 564, val_loss:1.603951, acc: 36.10, bacc: 29.14, tmp_test_f1: 17.23, f1: 18.93
epoch: 565, val_loss:1.594506, acc: 36.10, bacc: 29.14, tmp_test_f1: 17.37, f1: 18.93
epoch: 566, val_loss:1.593016, acc: 36.10, bacc: 29.14, tmp_test_f1: 17.12, f1: 18.93
epoch: 567, val_loss:1.601259, acc: 36.10, bacc: 29.14, tmp_test_f1: 16.78, f1: 18.93
epoch: 568, val_loss:1.617210, acc: 36.10, bacc: 29.14, tmp_test_f1: 16.60, f1: 18.93
epoch: 569, val_loss:1.625564, acc: 36.10, bacc: 29.14, tmp_test_f1: 16.81, f1: 18.93
epoch: 570, val_loss:1.616477, acc: 36.10, bacc: 29.14, tmp_test_f1: 17.05, f1: 18.93
epoch: 571, val_loss:1.609143, acc: 36.10, bacc: 29.14, tmp_test_f1: 17.20, f1: 18.93
epoch: 572, val_loss:1.603177, acc: 36.10, bacc: 29.14, tmp_test_f1: 16.98, f1: 18.93
epoch: 573, val_loss:1.612243, acc: 36.10, bacc: 29.14, tmp_test_f1: 16.78, f1: 18.93
epoch: 574, val_loss:1.621684, acc: 36.10, bacc: 29.14, tmp_test_f1: 16.62, f1: 18.93
epoch: 575, val_loss:1.622208, acc: 36.10, bacc: 29.14, tmp_test_f1: 16.85, f1: 18.93
epoch: 576, val_loss:1.610699, acc: 36.10, bacc: 29.14, tmp_test_f1: 17.10, f1: 18.93
epoch: 577, val_loss:1.601594, acc: 36.10, bacc: 29.14, tmp_test_f1: 17.07, f1: 18.93
epoch: 578, val_loss:1.601770, acc: 36.10, bacc: 29.14, tmp_test_f1: 16.65, f1: 18.93
epoch: 579, val_loss:1.610774, acc: 36.10, bacc: 29.14, tmp_test_f1: 16.39, f1: 18.93
epoch: 580, val_loss:1.625518, acc: 36.10, bacc: 29.14, tmp_test_f1: 16.49, f1: 18.93
epoch: 581, val_loss:1.618919, acc: 36.10, bacc: 29.14, tmp_test_f1: 16.79, f1: 18.93
epoch: 582, val_loss:1.600785, acc: 36.10, bacc: 29.14, tmp_test_f1: 17.07, f1: 18.93
epoch: 583, val_loss:1.592609, acc: 36.10, bacc: 29.14, tmp_test_f1: 16.95, f1: 18.93
epoch: 584, val_loss:1.596513, acc: 36.10, bacc: 29.14, tmp_test_f1: 16.54, f1: 18.93
epoch: 585, val_loss:1.607306, acc: 36.10, bacc: 29.14, tmp_test_f1: 16.32, f1: 18.93
epoch: 586, val_loss:1.617495, acc: 36.10, bacc: 29.14, tmp_test_f1: 16.26, f1: 18.93
epoch: 587, val_loss:1.620173, acc: 36.10, bacc: 29.14, tmp_test_f1: 16.61, f1: 18.93
epoch: 588, val_loss:1.606359, acc: 36.10, bacc: 29.14, tmp_test_f1: 16.92, f1: 18.93
epoch: 589, val_loss:1.594561, acc: 36.10, bacc: 29.14, tmp_test_f1: 17.00, f1: 18.93
epoch: 590, val_loss:1.591690, acc: 36.10, bacc: 29.14, tmp_test_f1: 16.89, f1: 18.93
epoch: 591, val_loss:1.597363, acc: 36.10, bacc: 29.14, tmp_test_f1: 16.48, f1: 18.93
epoch: 592, val_loss:1.609373, acc: 36.10, bacc: 29.14, tmp_test_f1: 16.29, f1: 18.93
epoch: 593, val_loss:1.620646, acc: 36.10, bacc: 29.14, tmp_test_f1: 16.36, f1: 18.93
epoch: 594, val_loss:1.614022, acc: 36.10, bacc: 29.14, tmp_test_f1: 16.83, f1: 18.93
epoch: 595, val_loss:1.599161, acc: 36.10, bacc: 29.14, tmp_test_f1: 16.92, f1: 18.93
epoch: 596, val_loss:1.594908, acc: 36.10, bacc: 29.14, tmp_test_f1: 16.90, f1: 18.93
epoch: 597, val_loss:1.600857, acc: 36.10, bacc: 29.14, tmp_test_f1: 16.59, f1: 18.93
epoch: 598, val_loss:1.611892, acc: 36.10, bacc: 29.14, tmp_test_f1: 16.50, f1: 18.93
epoch: 599, val_loss:1.616203, acc: 36.10, bacc: 29.14, tmp_test_f1: 16.71, f1: 18.93
epoch: 600, val_loss:1.612106, acc: 36.10, bacc: 29.14, tmp_test_f1: 16.67, f1: 18.93
epoch: 601, val_loss:1.608737, acc: 36.10, bacc: 29.14, tmp_test_f1: 16.64, f1: 18.93
epoch: 602, val_loss:1.606855, acc: 36.10, bacc: 29.14, tmp_test_f1: 16.64, f1: 18.93
epoch: 603, val_loss:1.611398, acc: 36.10, bacc: 29.14, tmp_test_f1: 16.65, f1: 18.93
epoch: 604, val_loss:1.612828, acc: 36.10, bacc: 29.14, tmp_test_f1: 16.70, f1: 18.93
epoch: 605, val_loss:1.611077, acc: 36.10, bacc: 29.14, tmp_test_f1: 16.78, f1: 18.93
epoch: 606, val_loss:1.607869, acc: 36.10, bacc: 29.14, tmp_test_f1: 16.82, f1: 18.93
epoch: 607, val_loss:1.604590, acc: 36.10, bacc: 29.14, tmp_test_f1: 17.01, f1: 18.93
epoch: 608, val_loss:1.601915, acc: 36.10, bacc: 29.14, tmp_test_f1: 16.82, f1: 18.93
epoch: 609, val_loss:1.608628, acc: 36.10, bacc: 29.14, tmp_test_f1: 16.71, f1: 18.93
epoch: 610, val_loss:1.611893, acc: 36.10, bacc: 29.14, tmp_test_f1: 16.73, f1: 18.93
epoch: 611, val_loss:1.614059, acc: 36.10, bacc: 29.14, tmp_test_f1: 16.94, f1: 18.93
epoch: 612, val_loss:1.609269, acc: 36.10, bacc: 29.14, tmp_test_f1: 16.79, f1: 18.93
epoch: 613, val_loss:1.612278, acc: 36.10, bacc: 29.14, tmp_test_f1: 16.75, f1: 18.93
epoch: 614, val_loss:1.616762, acc: 36.10, bacc: 29.14, tmp_test_f1: 16.60, f1: 18.93
epoch: 615, val_loss:1.627941, acc: 36.10, bacc: 29.14, tmp_test_f1: 16.55, f1: 18.93
epoch: 616, val_loss:1.629952, acc: 36.10, bacc: 29.14, tmp_test_f1: 16.93, f1: 18.93
epoch: 617, val_loss:1.613367, acc: 36.10, bacc: 29.14, tmp_test_f1: 17.06, f1: 18.93
epoch: 618, val_loss:1.603793, acc: 36.10, bacc: 29.14, tmp_test_f1: 17.11, f1: 18.93
epoch: 619, val_loss:1.603944, acc: 36.10, bacc: 29.14, tmp_test_f1: 16.80, f1: 18.93
epoch: 620, val_loss:1.616745, acc: 36.10, bacc: 29.14, tmp_test_f1: 16.46, f1: 18.93
epoch: 621, val_loss:1.632040, acc: 36.10, bacc: 29.14, tmp_test_f1: 16.57, f1: 18.93
epoch: 622, val_loss:1.626441, acc: 36.10, bacc: 29.14, tmp_test_f1: 16.97, f1: 18.93
epoch: 623, val_loss:1.606723, acc: 36.10, bacc: 29.14, tmp_test_f1: 17.35, f1: 18.93
epoch: 624, val_loss:1.595944, acc: 36.10, bacc: 29.14, tmp_test_f1: 17.23, f1: 18.93
epoch: 625, val_loss:1.597230, acc: 36.10, bacc: 29.14, tmp_test_f1: 16.74, f1: 18.93
epoch: 626, val_loss:1.610471, acc: 36.10, bacc: 29.14, tmp_test_f1: 16.51, f1: 18.93
epoch: 627, val_loss:1.625189, acc: 36.10, bacc: 29.14, tmp_test_f1: 16.47, f1: 18.93
epoch: 628, val_loss:1.631423, acc: 36.10, bacc: 29.14, tmp_test_f1: 16.75, f1: 18.93
epoch: 629, val_loss:1.607869, acc: 36.10, bacc: 29.14, tmp_test_f1: 17.32, f1: 18.93
epoch: 630, val_loss:1.591043, acc: 36.10, bacc: 29.14, tmp_test_f1: 17.34, f1: 18.93
epoch: 631, val_loss:1.589365, acc: 36.10, bacc: 29.14, tmp_test_f1: 16.84, f1: 18.93
epoch: 632, val_loss:1.602647, acc: 36.10, bacc: 29.14, tmp_test_f1: 16.22, f1: 18.93
epoch: 633, val_loss:1.639004, acc: 36.10, bacc: 29.14, tmp_test_f1: 15.96, f1: 18.93
epoch: 634, val_loss:1.654215, acc: 36.10, bacc: 29.14, tmp_test_f1: 16.56, f1: 18.93
epoch: 635, val_loss:1.611845, acc: 36.10, bacc: 29.14, tmp_test_f1: 17.23, f1: 18.93
epoch: 636, val_loss:1.588979, acc: 36.10, bacc: 29.14, tmp_test_f1: 17.31, f1: 18.93
epoch: 637, val_loss:1.587697, acc: 36.10, bacc: 29.14, tmp_test_f1: 17.00, f1: 18.93
epoch: 638, val_loss:1.600755, acc: 36.10, bacc: 29.14, tmp_test_f1: 16.45, f1: 18.93
epoch: 639, val_loss:1.619739, acc: 36.10, bacc: 29.14, tmp_test_f1: 16.19, f1: 18.93
epoch: 640, val_loss:1.630474, acc: 36.10, bacc: 29.14, tmp_test_f1: 16.69, f1: 18.93
epoch: 641, val_loss:1.613496, acc: 36.10, bacc: 29.14, tmp_test_f1: 17.18, f1: 18.93
epoch: 642, val_loss:1.598372, acc: 36.10, bacc: 29.14, tmp_test_f1: 17.47, f1: 18.93
epoch: 643, val_loss:1.593710, acc: 36.10, bacc: 29.14, tmp_test_f1: 17.08, f1: 18.93
epoch: 644, val_loss:1.601963, acc: 36.10, bacc: 29.14, tmp_test_f1: 16.51, f1: 18.93
epoch: 645, val_loss:1.617621, acc: 36.10, bacc: 29.14, tmp_test_f1: 16.11, f1: 18.93
epoch: 646, val_loss:1.637550, acc: 36.10, bacc: 29.14, tmp_test_f1: 16.35, f1: 18.93
epoch: 647, val_loss:1.629512, acc: 36.10, bacc: 29.14, tmp_test_f1: 16.84, f1: 18.93
epoch: 648, val_loss:1.610137, acc: 36.10, bacc: 29.14, tmp_test_f1: 17.24, f1: 18.93
epoch: 649, val_loss:1.603088, acc: 36.10, bacc: 29.14, tmp_test_f1: 16.90, f1: 18.93
epoch: 650, val_loss:1.611439, acc: 36.10, bacc: 29.14, tmp_test_f1: 16.33, f1: 18.93
epoch: 651, val_loss:1.633863, acc: 36.10, bacc: 29.14, tmp_test_f1: 15.80, f1: 18.93
epoch: 652, val_loss:1.655791, acc: 36.10, bacc: 29.14, tmp_test_f1: 16.36, f1: 18.93
epoch: 653, val_loss:1.640585, acc: 36.10, bacc: 29.14, tmp_test_f1: 16.98, f1: 18.93
epoch: 654, val_loss:1.613096, acc: 36.10, bacc: 29.14, tmp_test_f1: 17.28, f1: 18.93
epoch: 655, val_loss:1.602666, acc: 36.10, bacc: 29.14, tmp_test_f1: 17.21, f1: 18.93
epoch: 656, val_loss:1.604553, acc: 36.10, bacc: 29.14, tmp_test_f1: 16.72, f1: 18.93
epoch: 657, val_loss:1.621626, acc: 36.10, bacc: 29.14, tmp_test_f1: 16.26, f1: 18.93
epoch: 658, val_loss:1.646077, acc: 36.10, bacc: 29.14, tmp_test_f1: 16.41, f1: 18.93
epoch: 659, val_loss:1.638913, acc: 36.10, bacc: 29.14, tmp_test_f1: 16.93, f1: 18.93
epoch: 660, val_loss:1.615342, acc: 36.10, bacc: 29.14, tmp_test_f1: 17.14, f1: 18.93
epoch: 661, val_loss:1.606245, acc: 36.10, bacc: 29.14, tmp_test_f1: 17.06, f1: 18.93
epoch: 662, val_loss:1.609779, acc: 36.10, bacc: 29.14, tmp_test_f1: 16.65, f1: 18.93
epoch: 663, val_loss:1.625576, acc: 36.10, bacc: 29.14, tmp_test_f1: 16.64, f1: 18.93
epoch: 664, val_loss:1.625534, acc: 36.10, bacc: 29.14, tmp_test_f1: 16.65, f1: 18.93
epoch: 665, val_loss:1.619042, acc: 36.10, bacc: 29.14, tmp_test_f1: 17.02, f1: 18.93
epoch: 666, val_loss:1.609503, acc: 36.10, bacc: 29.14, tmp_test_f1: 17.01, f1: 18.93
epoch: 667, val_loss:1.609233, acc: 36.10, bacc: 29.14, tmp_test_f1: 16.68, f1: 18.93
epoch: 668, val_loss:1.613220, acc: 36.10, bacc: 29.14, tmp_test_f1: 16.54, f1: 18.93
epoch: 669, val_loss:1.620890, acc: 36.10, bacc: 29.14, tmp_test_f1: 16.46, f1: 18.93
epoch: 670, val_loss:1.623572, acc: 36.10, bacc: 29.14, tmp_test_f1: 16.52, f1: 18.93
epoch: 671, val_loss:1.616053, acc: 36.10, bacc: 29.14, tmp_test_f1: 16.60, f1: 18.93
epoch: 672, val_loss:1.611514, acc: 36.10, bacc: 29.14, tmp_test_f1: 16.59, f1: 18.93
epoch: 673, val_loss:1.610527, acc: 36.10, bacc: 29.14, tmp_test_f1: 16.59, f1: 18.93
epoch: 674, val_loss:1.611979, acc: 36.10, bacc: 29.14, tmp_test_f1: 16.60, f1: 18.93
epoch: 675, val_loss:1.610346, acc: 36.10, bacc: 29.14, tmp_test_f1: 16.70, f1: 18.93
epoch: 676, val_loss:1.607907, acc: 36.10, bacc: 29.14, tmp_test_f1: 16.72, f1: 18.93
Epoch 00677: reducing learning rate of group 0 to 1.2500e-02.
epoch: 677, val_loss:1.607772, acc: 36.10, bacc: 29.14, tmp_test_f1: 16.66, f1: 18.93
epoch: 678, val_loss:1.612543, acc: 36.10, bacc: 29.14, tmp_test_f1: 16.54, f1: 18.93
epoch: 679, val_loss:1.615292, acc: 36.10, bacc: 29.14, tmp_test_f1: 16.62, f1: 18.93
epoch: 680, val_loss:1.613896, acc: 36.10, bacc: 29.14, tmp_test_f1: 16.76, f1: 18.93
epoch: 681, val_loss:1.611002, acc: 36.10, bacc: 29.14, tmp_test_f1: 16.90, f1: 18.93
epoch: 682, val_loss:1.605396, acc: 36.10, bacc: 29.14, tmp_test_f1: 16.95, f1: 18.93
epoch: 683, val_loss:1.603347, acc: 36.10, bacc: 29.14, tmp_test_f1: 17.00, f1: 18.93
epoch: 684, val_loss:1.604132, acc: 36.10, bacc: 29.14, tmp_test_f1: 16.91, f1: 18.93
epoch: 685, val_loss:1.608142, acc: 36.10, bacc: 29.14, tmp_test_f1: 16.82, f1: 18.93
epoch: 686, val_loss:1.613438, acc: 36.10, bacc: 29.14, tmp_test_f1: 16.75, f1: 18.93
epoch: 687, val_loss:1.617625, acc: 36.10, bacc: 29.14, tmp_test_f1: 16.67, f1: 18.93
epoch: 688, val_loss:1.619859, acc: 36.10, bacc: 29.14, tmp_test_f1: 16.79, f1: 18.93
epoch: 689, val_loss:1.616062, acc: 36.10, bacc: 29.14, tmp_test_f1: 16.91, f1: 18.93
epoch: 690, val_loss:1.611012, acc: 36.10, bacc: 29.14, tmp_test_f1: 17.00, f1: 18.93
epoch: 691, val_loss:1.607995, acc: 36.10, bacc: 29.14, tmp_test_f1: 17.02, f1: 18.93
epoch: 692, val_loss:1.606991, acc: 36.10, bacc: 29.14, tmp_test_f1: 17.00, f1: 18.93
epoch: 693, val_loss:1.608702, acc: 36.10, bacc: 29.14, tmp_test_f1: 16.88, f1: 18.93
epoch: 694, val_loss:1.613382, acc: 36.10, bacc: 29.14, tmp_test_f1: 16.77, f1: 18.93
epoch: 695, val_loss:1.617955, acc: 36.10, bacc: 29.14, tmp_test_f1: 16.70, f1: 18.93
epoch: 696, val_loss:1.621575, acc: 36.10, bacc: 29.14, tmp_test_f1: 16.76, f1: 18.93
epoch: 697, val_loss:1.619033, acc: 36.10, bacc: 29.14, tmp_test_f1: 16.88, f1: 18.93
epoch: 698, val_loss:1.614274, acc: 36.10, bacc: 29.14, tmp_test_f1: 17.02, f1: 18.93
epoch: 699, val_loss:1.609880, acc: 36.10, bacc: 29.14, tmp_test_f1: 16.93, f1: 18.93
epoch: 700, val_loss:1.606515, acc: 36.10, bacc: 29.14, tmp_test_f1: 16.97, f1: 18.93
epoch: 701, val_loss:1.609529, acc: 36.10, bacc: 29.14, tmp_test_f1: 16.90, f1: 18.93
epoch: 702, val_loss:1.613130, acc: 36.10, bacc: 29.14, tmp_test_f1: 16.73, f1: 18.93
epoch: 703, val_loss:1.619851, acc: 36.10, bacc: 29.14, tmp_test_f1: 16.62, f1: 18.93
epoch: 704, val_loss:1.622860, acc: 36.10, bacc: 29.14, tmp_test_f1: 16.69, f1: 18.93
epoch: 705, val_loss:1.621095, acc: 36.10, bacc: 29.14, tmp_test_f1: 16.90, f1: 18.93
epoch: 706, val_loss:1.613405, acc: 36.10, bacc: 29.14, tmp_test_f1: 17.01, f1: 18.93
epoch: 707, val_loss:1.606565, acc: 36.10, bacc: 29.14, tmp_test_f1: 16.92, f1: 18.93
epoch: 708, val_loss:1.603728, acc: 36.10, bacc: 29.14, tmp_test_f1: 17.02, f1: 18.93
epoch: 709, val_loss:1.605242, acc: 36.10, bacc: 29.14, tmp_test_f1: 16.98, f1: 18.93
epoch: 710, val_loss:1.610913, acc: 36.10, bacc: 29.14, tmp_test_f1: 16.74, f1: 18.93
epoch: 711, val_loss:1.619208, acc: 36.10, bacc: 29.14, tmp_test_f1: 16.60, f1: 18.93
epoch: 712, val_loss:1.627953, acc: 36.10, bacc: 29.14, tmp_test_f1: 16.41, f1: 18.93
epoch: 713, val_loss:1.632439, acc: 36.10, bacc: 29.14, tmp_test_f1: 16.63, f1: 18.93
epoch: 714, val_loss:1.627926, acc: 36.10, bacc: 29.14, tmp_test_f1: 16.83, f1: 18.93
epoch: 715, val_loss:1.618244, acc: 36.10, bacc: 29.14, tmp_test_f1: 17.12, f1: 18.93
epoch: 716, val_loss:1.609886, acc: 36.10, bacc: 29.14, tmp_test_f1: 17.14, f1: 18.93
epoch: 717, val_loss:1.608858, acc: 36.10, bacc: 29.14, tmp_test_f1: 16.93, f1: 18.93
epoch: 718, val_loss:1.614510, acc: 36.10, bacc: 29.14, tmp_test_f1: 16.62, f1: 18.93
epoch: 719, val_loss:1.628433, acc: 36.10, bacc: 29.14, tmp_test_f1: 16.46, f1: 18.93
epoch: 720, val_loss:1.637731, acc: 36.10, bacc: 29.14, tmp_test_f1: 16.41, f1: 18.93
epoch: 721, val_loss:1.638147, acc: 36.10, bacc: 29.14, tmp_test_f1: 16.54, f1: 18.93
epoch: 722, val_loss:1.629918, acc: 36.10, bacc: 29.14, tmp_test_f1: 16.88, f1: 18.93
epoch: 723, val_loss:1.617511, acc: 36.10, bacc: 29.14, tmp_test_f1: 17.07, f1: 18.93
epoch: 724, val_loss:1.608051, acc: 36.10, bacc: 29.14, tmp_test_f1: 17.04, f1: 18.93
epoch: 725, val_loss:1.605504, acc: 36.10, bacc: 29.14, tmp_test_f1: 17.05, f1: 18.93
epoch: 726, val_loss:1.610224, acc: 36.10, bacc: 29.14, tmp_test_f1: 16.73, f1: 18.93
epoch: 727, val_loss:1.620666, acc: 36.10, bacc: 29.14, tmp_test_f1: 16.50, f1: 18.93
epoch: 728, val_loss:1.631677, acc: 36.10, bacc: 29.14, tmp_test_f1: 16.50, f1: 18.93
epoch: 729, val_loss:1.631469, acc: 36.10, bacc: 29.14, tmp_test_f1: 16.73, f1: 18.93
epoch: 730, val_loss:1.620651, acc: 36.10, bacc: 29.14, tmp_test_f1: 16.88, f1: 18.93
epoch: 731, val_loss:1.613342, acc: 36.10, bacc: 29.14, tmp_test_f1: 16.95, f1: 18.93
epoch: 732, val_loss:1.609228, acc: 36.10, bacc: 29.14, tmp_test_f1: 16.98, f1: 18.93
epoch: 733, val_loss:1.606948, acc: 36.10, bacc: 29.14, tmp_test_f1: 16.92, f1: 18.93
epoch: 734, val_loss:1.611695, acc: 36.10, bacc: 29.14, tmp_test_f1: 16.67, f1: 18.93
epoch: 735, val_loss:1.620354, acc: 36.10, bacc: 29.14, tmp_test_f1: 16.51, f1: 18.93
epoch: 736, val_loss:1.629229, acc: 36.10, bacc: 29.14, tmp_test_f1: 16.35, f1: 18.93
epoch: 737, val_loss:1.632574, acc: 36.10, bacc: 29.14, tmp_test_f1: 16.58, f1: 18.93
epoch: 738, val_loss:1.625485, acc: 36.10, bacc: 29.14, tmp_test_f1: 16.70, f1: 18.93
epoch: 739, val_loss:1.617936, acc: 36.10, bacc: 29.14, tmp_test_f1: 16.76, f1: 18.93
epoch: 740, val_loss:1.614175, acc: 36.10, bacc: 29.14, tmp_test_f1: 16.76, f1: 18.93
epoch: 741, val_loss:1.614736, acc: 36.10, bacc: 29.14, tmp_test_f1: 16.71, f1: 18.93
epoch: 742, val_loss:1.617077, acc: 36.10, bacc: 29.14, tmp_test_f1: 16.48, f1: 18.93
epoch: 743, val_loss:1.622369, acc: 36.10, bacc: 29.14, tmp_test_f1: 16.36, f1: 18.93
epoch: 744, val_loss:1.626325, acc: 36.10, bacc: 29.14, tmp_test_f1: 16.37, f1: 18.93
epoch: 745, val_loss:1.626276, acc: 36.10, bacc: 29.14, tmp_test_f1: 16.61, f1: 18.93
epoch: 746, val_loss:1.622599, acc: 36.10, bacc: 29.14, tmp_test_f1: 16.73, f1: 18.93
epoch: 747, val_loss:1.616113, acc: 36.10, bacc: 29.14, tmp_test_f1: 16.82, f1: 18.93
epoch: 748, val_loss:1.612088, acc: 36.10, bacc: 29.14, tmp_test_f1: 16.91, f1: 18.93
epoch: 749, val_loss:1.610523, acc: 36.10, bacc: 29.14, tmp_test_f1: 16.82, f1: 18.93
epoch: 750, val_loss:1.613661, acc: 36.10, bacc: 29.14, tmp_test_f1: 16.57, f1: 18.93
epoch: 751, val_loss:1.625182, acc: 36.10, bacc: 29.14, tmp_test_f1: 16.36, f1: 18.93
epoch: 752, val_loss:1.640160, acc: 36.10, bacc: 29.14, tmp_test_f1: 16.22, f1: 18.93
epoch: 753, val_loss:1.643777, acc: 36.10, bacc: 29.14, tmp_test_f1: 16.37, f1: 18.93
epoch: 754, val_loss:1.629692, acc: 36.10, bacc: 29.14, tmp_test_f1: 16.86, f1: 18.93
epoch: 755, val_loss:1.611499, acc: 36.10, bacc: 29.14, tmp_test_f1: 17.07, f1: 18.93
epoch: 756, val_loss:1.602143, acc: 36.10, bacc: 29.14, tmp_test_f1: 17.15, f1: 18.93
epoch: 757, val_loss:1.602410, acc: 36.10, bacc: 29.14, tmp_test_f1: 16.92, f1: 18.93
epoch: 758, val_loss:1.610481, acc: 36.10, bacc: 29.14, tmp_test_f1: 16.48, f1: 18.93
epoch: 759, val_loss:1.625710, acc: 36.10, bacc: 29.14, tmp_test_f1: 16.36, f1: 18.93
epoch: 760, val_loss:1.639477, acc: 36.10, bacc: 29.14, tmp_test_f1: 16.33, f1: 18.93
epoch: 761, val_loss:1.636911, acc: 36.10, bacc: 29.14, tmp_test_f1: 16.63, f1: 18.93
epoch: 762, val_loss:1.619830, acc: 36.10, bacc: 29.14, tmp_test_f1: 16.90, f1: 18.93
epoch: 763, val_loss:1.606202, acc: 36.10, bacc: 29.14, tmp_test_f1: 17.02, f1: 18.93
epoch: 764, val_loss:1.601954, acc: 36.10, bacc: 29.14, tmp_test_f1: 16.96, f1: 18.93
epoch: 765, val_loss:1.604095, acc: 36.10, bacc: 29.14, tmp_test_f1: 16.77, f1: 18.93
epoch: 766, val_loss:1.612609, acc: 36.10, bacc: 29.14, tmp_test_f1: 16.51, f1: 18.93
epoch: 767, val_loss:1.624914, acc: 36.10, bacc: 29.14, tmp_test_f1: 16.41, f1: 18.93
epoch: 768, val_loss:1.632341, acc: 36.10, bacc: 29.14, tmp_test_f1: 16.48, f1: 18.93
epoch: 769, val_loss:1.630641, acc: 36.10, bacc: 29.14, tmp_test_f1: 16.64, f1: 18.93
epoch: 770, val_loss:1.621343, acc: 36.10, bacc: 29.14, tmp_test_f1: 16.74, f1: 18.93
epoch: 771, val_loss:1.614234, acc: 36.10, bacc: 29.14, tmp_test_f1: 16.84, f1: 18.93
epoch: 772, val_loss:1.610869, acc: 36.10, bacc: 29.14, tmp_test_f1: 16.81, f1: 18.93
epoch: 773, val_loss:1.612789, acc: 36.10, bacc: 29.14, tmp_test_f1: 16.67, f1: 18.93
epoch: 774, val_loss:1.615588, acc: 36.10, bacc: 29.14, tmp_test_f1: 16.73, f1: 18.93
epoch: 775, val_loss:1.622735, acc: 36.10, bacc: 29.14, tmp_test_f1: 16.60, f1: 18.93
epoch: 776, val_loss:1.627461, acc: 36.10, bacc: 29.14, tmp_test_f1: 16.66, f1: 18.93
epoch: 777, val_loss:1.626245, acc: 36.10, bacc: 29.14, tmp_test_f1: 16.77, f1: 18.93
epoch: 778, val_loss:1.619373, acc: 36.10, bacc: 29.14, tmp_test_f1: 16.84, f1: 18.93
epoch: 779, val_loss:1.613729, acc: 36.10, bacc: 29.14, tmp_test_f1: 16.82, f1: 18.93
epoch: 780, val_loss:1.614514, acc: 36.10, bacc: 29.14, tmp_test_f1: 16.77, f1: 18.93
epoch: 781, val_loss:1.620577, acc: 36.10, bacc: 29.14, tmp_test_f1: 16.59, f1: 18.93
epoch: 782, val_loss:1.625568, acc: 36.10, bacc: 29.14, tmp_test_f1: 16.50, f1: 18.93
epoch: 783, val_loss:1.629143, acc: 36.10, bacc: 29.14, tmp_test_f1: 16.60, f1: 18.93
epoch: 784, val_loss:1.625156, acc: 36.10, bacc: 29.14, tmp_test_f1: 16.78, f1: 18.93
epoch: 785, val_loss:1.618000, acc: 36.10, bacc: 29.14, tmp_test_f1: 16.79, f1: 18.93
epoch: 786, val_loss:1.613656, acc: 36.10, bacc: 29.14, tmp_test_f1: 16.85, f1: 18.93
epoch: 787, val_loss:1.612738, acc: 36.10, bacc: 29.14, tmp_test_f1: 16.85, f1: 18.93
epoch: 788, val_loss:1.613491, acc: 36.10, bacc: 29.14, tmp_test_f1: 16.69, f1: 18.93
epoch: 789, val_loss:1.618410, acc: 36.10, bacc: 29.14, tmp_test_f1: 16.65, f1: 18.93
epoch: 790, val_loss:1.622756, acc: 36.10, bacc: 29.14, tmp_test_f1: 16.62, f1: 18.93
epoch: 791, val_loss:1.626025, acc: 36.10, bacc: 29.14, tmp_test_f1: 16.71, f1: 18.93
epoch: 792, val_loss:1.624542, acc: 36.10, bacc: 29.14, tmp_test_f1: 16.82, f1: 18.93
epoch: 793, val_loss:1.620397, acc: 36.10, bacc: 29.14, tmp_test_f1: 16.90, f1: 18.93
epoch: 794, val_loss:1.617756, acc: 36.10, bacc: 29.14, tmp_test_f1: 16.89, f1: 18.93
epoch: 795, val_loss:1.618545, acc: 36.10, bacc: 29.14, tmp_test_f1: 16.80, f1: 18.93
epoch: 796, val_loss:1.622611, acc: 36.10, bacc: 29.14, tmp_test_f1: 16.77, f1: 18.93
epoch: 797, val_loss:1.627231, acc: 36.10, bacc: 29.14, tmp_test_f1: 16.70, f1: 18.93
epoch: 798, val_loss:1.630843, acc: 36.10, bacc: 29.14, tmp_test_f1: 16.68, f1: 18.93
epoch: 799, val_loss:1.632824, acc: 36.10, bacc: 29.14, tmp_test_f1: 16.74, f1: 18.93
epoch: 800, val_loss:1.630997, acc: 36.10, bacc: 29.14, tmp_test_f1: 16.82, f1: 18.93
epoch: 801, val_loss:1.627239, acc: 36.10, bacc: 29.14, tmp_test_f1: 16.79, f1: 18.93
epoch: 802, val_loss:1.624740, acc: 36.10, bacc: 29.14, tmp_test_f1: 16.82, f1: 18.93
epoch: 803, val_loss:1.621882, acc: 36.10, bacc: 29.14, tmp_test_f1: 16.84, f1: 18.93
epoch: 804, val_loss:1.621080, acc: 36.10, bacc: 29.14, tmp_test_f1: 16.81, f1: 18.93
epoch: 805, val_loss:1.621694, acc: 36.10, bacc: 29.14, tmp_test_f1: 16.80, f1: 18.93
epoch: 806, val_loss:1.627495, acc: 36.10, bacc: 29.14, tmp_test_f1: 16.53, f1: 18.93
epoch: 807, val_loss:1.635383, acc: 36.10, bacc: 29.14, tmp_test_f1: 16.53, f1: 18.93
epoch: 808, val_loss:1.634992, acc: 36.10, bacc: 29.14, tmp_test_f1: 16.74, f1: 18.93
epoch: 809, val_loss:1.629760, acc: 36.10, bacc: 29.14, tmp_test_f1: 16.82, f1: 18.93
epoch: 810, val_loss:1.619300, acc: 36.10, bacc: 29.14, tmp_test_f1: 16.94, f1: 18.93
epoch: 811, val_loss:1.612625, acc: 36.10, bacc: 29.14, tmp_test_f1: 16.97, f1: 18.93
epoch: 812, val_loss:1.610145, acc: 36.10, bacc: 29.14, tmp_test_f1: 16.87, f1: 18.93
epoch: 813, val_loss:1.616445, acc: 36.10, bacc: 29.14, tmp_test_f1: 16.60, f1: 18.93
epoch: 814, val_loss:1.626918, acc: 36.10, bacc: 29.14, tmp_test_f1: 16.46, f1: 18.93
epoch: 815, val_loss:1.631039, acc: 36.10, bacc: 29.14, tmp_test_f1: 16.61, f1: 18.93
epoch: 816, val_loss:1.625186, acc: 36.10, bacc: 29.14, tmp_test_f1: 16.81, f1: 18.93
epoch: 817, val_loss:1.618298, acc: 36.10, bacc: 29.14, tmp_test_f1: 16.94, f1: 18.93
epoch: 818, val_loss:1.613971, acc: 36.10, bacc: 29.14, tmp_test_f1: 16.90, f1: 18.93
epoch: 819, val_loss:1.614049, acc: 36.10, bacc: 29.14, tmp_test_f1: 16.68, f1: 18.93
epoch: 820, val_loss:1.621205, acc: 36.10, bacc: 29.14, tmp_test_f1: 16.46, f1: 18.93
epoch: 821, val_loss:1.630087, acc: 36.10, bacc: 29.14, tmp_test_f1: 16.47, f1: 18.93
epoch: 822, val_loss:1.628012, acc: 36.10, bacc: 29.14, tmp_test_f1: 16.71, f1: 18.93
epoch: 823, val_loss:1.618644, acc: 36.10, bacc: 29.14, tmp_test_f1: 16.82, f1: 18.93
epoch: 824, val_loss:1.610023, acc: 36.10, bacc: 29.14, tmp_test_f1: 17.01, f1: 18.93
epoch: 825, val_loss:1.604356, acc: 36.10, bacc: 29.14, tmp_test_f1: 17.01, f1: 18.93
epoch: 826, val_loss:1.603639, acc: 36.10, bacc: 29.14, tmp_test_f1: 16.95, f1: 18.93
epoch: 827, val_loss:1.608326, acc: 36.10, bacc: 29.14, tmp_test_f1: 16.60, f1: 18.93
epoch: 828, val_loss:1.615510, acc: 36.10, bacc: 29.14, tmp_test_f1: 16.56, f1: 18.93
epoch: 829, val_loss:1.622286, acc: 36.10, bacc: 29.14, tmp_test_f1: 16.50, f1: 18.93
epoch: 830, val_loss:1.622686, acc: 36.10, bacc: 29.14, tmp_test_f1: 16.63, f1: 18.93
epoch: 831, val_loss:1.619685, acc: 36.10, bacc: 29.14, tmp_test_f1: 16.71, f1: 18.93
epoch: 832, val_loss:1.614173, acc: 36.10, bacc: 29.14, tmp_test_f1: 16.84, f1: 18.93
epoch: 833, val_loss:1.609644, acc: 36.10, bacc: 29.14, tmp_test_f1: 16.95, f1: 18.93
epoch: 834, val_loss:1.608280, acc: 36.10, bacc: 29.14, tmp_test_f1: 16.82, f1: 18.93
epoch: 835, val_loss:1.610919, acc: 36.10, bacc: 29.14, tmp_test_f1: 16.72, f1: 18.93
epoch: 836, val_loss:1.615509, acc: 36.10, bacc: 29.14, tmp_test_f1: 16.69, f1: 18.93
epoch: 837, val_loss:1.621245, acc: 36.10, bacc: 29.14, tmp_test_f1: 16.65, f1: 18.93
epoch: 838, val_loss:1.619946, acc: 36.10, bacc: 29.14, tmp_test_f1: 16.69, f1: 18.93
epoch: 839, val_loss:1.616028, acc: 36.10, bacc: 29.14, tmp_test_f1: 16.87, f1: 18.93
epoch: 840, val_loss:1.612174, acc: 36.10, bacc: 29.14, tmp_test_f1: 16.95, f1: 18.93
epoch: 841, val_loss:1.608105, acc: 36.10, bacc: 29.14, tmp_test_f1: 16.94, f1: 18.93
epoch: 842, val_loss:1.608617, acc: 36.10, bacc: 29.14, tmp_test_f1: 16.83, f1: 18.93
epoch: 843, val_loss:1.611807, acc: 36.10, bacc: 29.14, tmp_test_f1: 16.74, f1: 18.93
epoch: 844, val_loss:1.618189, acc: 36.10, bacc: 29.14, tmp_test_f1: 16.68, f1: 18.93
epoch: 845, val_loss:1.621275, acc: 36.10, bacc: 29.14, tmp_test_f1: 16.73, f1: 18.93
epoch: 846, val_loss:1.619229, acc: 36.10, bacc: 29.14, tmp_test_f1: 16.75, f1: 18.93
epoch: 847, val_loss:1.614801, acc: 36.10, bacc: 29.14, tmp_test_f1: 16.79, f1: 18.93
epoch: 848, val_loss:1.614214, acc: 36.10, bacc: 29.14, tmp_test_f1: 16.78, f1: 18.93
epoch: 849, val_loss:1.616672, acc: 36.10, bacc: 29.14, tmp_test_f1: 16.68, f1: 18.93
epoch: 850, val_loss:1.619008, acc: 36.10, bacc: 29.14, tmp_test_f1: 16.69, f1: 18.93
epoch: 851, val_loss:1.616753, acc: 36.10, bacc: 29.14, tmp_test_f1: 16.94, f1: 18.93
epoch: 852, val_loss:1.610714, acc: 36.10, bacc: 29.14, tmp_test_f1: 16.99, f1: 18.93
epoch: 853, val_loss:1.607603, acc: 36.10, bacc: 29.14, tmp_test_f1: 16.84, f1: 18.93
epoch: 854, val_loss:1.610256, acc: 36.10, bacc: 29.14, tmp_test_f1: 16.79, f1: 18.93
epoch: 855, val_loss:1.615022, acc: 36.10, bacc: 29.14, tmp_test_f1: 16.47, f1: 18.93
epoch: 856, val_loss:1.621828, acc: 36.10, bacc: 29.14, tmp_test_f1: 16.36, f1: 18.93
epoch: 857, val_loss:1.623679, acc: 36.10, bacc: 29.14, tmp_test_f1: 16.64, f1: 18.93
epoch: 858, val_loss:1.617670, acc: 36.10, bacc: 29.14, tmp_test_f1: 17.04, f1: 18.93
epoch: 859, val_loss:1.609343, acc: 36.10, bacc: 29.14, tmp_test_f1: 17.11, f1: 18.93
epoch: 860, val_loss:1.604531, acc: 36.10, bacc: 29.14, tmp_test_f1: 17.07, f1: 18.93
epoch: 861, val_loss:1.606928, acc: 36.10, bacc: 29.14, tmp_test_f1: 16.85, f1: 18.93
epoch: 862, val_loss:1.616386, acc: 36.10, bacc: 29.14, tmp_test_f1: 16.40, f1: 18.93
epoch: 863, val_loss:1.628703, acc: 36.10, bacc: 29.14, tmp_test_f1: 16.42, f1: 18.93
epoch: 864, val_loss:1.632831, acc: 36.10, bacc: 29.14, tmp_test_f1: 16.73, f1: 18.93
epoch: 865, val_loss:1.621494, acc: 36.10, bacc: 29.14, tmp_test_f1: 17.12, f1: 18.93
epoch: 866, val_loss:1.610743, acc: 36.10, bacc: 29.14, tmp_test_f1: 17.10, f1: 18.93
epoch: 867, val_loss:1.604874, acc: 36.10, bacc: 29.14, tmp_test_f1: 17.16, f1: 18.93
epoch: 868, val_loss:1.609614, acc: 36.10, bacc: 29.14, tmp_test_f1: 16.90, f1: 18.93
epoch: 869, val_loss:1.621227, acc: 36.10, bacc: 29.14, tmp_test_f1: 16.52, f1: 18.93
epoch: 870, val_loss:1.632601, acc: 36.10, bacc: 29.14, tmp_test_f1: 16.53, f1: 18.93
epoch: 871, val_loss:1.633135, acc: 36.10, bacc: 29.14, tmp_test_f1: 16.69, f1: 18.93
epoch: 872, val_loss:1.625609, acc: 36.10, bacc: 29.14, tmp_test_f1: 17.04, f1: 18.93
epoch: 873, val_loss:1.617641, acc: 36.10, bacc: 29.14, tmp_test_f1: 17.15, f1: 18.93
epoch: 874, val_loss:1.613575, acc: 36.10, bacc: 29.14, tmp_test_f1: 17.04, f1: 18.93
epoch: 875, val_loss:1.614624, acc: 36.10, bacc: 29.14, tmp_test_f1: 16.92, f1: 18.93
epoch: 876, val_loss:1.619349, acc: 36.10, bacc: 29.14, tmp_test_f1: 16.49, f1: 18.93
epoch: 877, val_loss:1.632827, acc: 36.10, bacc: 29.14, tmp_test_f1: 16.09, f1: 18.93
Epoch 00878: reducing learning rate of group 0 to 6.2500e-03.
epoch: 878, val_loss:1.643789, acc: 36.10, bacc: 29.14, tmp_test_f1: 16.32, f1: 18.93
epoch: 879, val_loss:1.637019, acc: 36.10, bacc: 29.14, tmp_test_f1: 16.55, f1: 18.93
epoch: 880, val_loss:1.630730, acc: 36.10, bacc: 29.14, tmp_test_f1: 16.79, f1: 18.93
epoch: 881, val_loss:1.623186, acc: 36.10, bacc: 29.14, tmp_test_f1: 16.93, f1: 18.93
epoch: 882, val_loss:1.617086, acc: 36.10, bacc: 29.14, tmp_test_f1: 17.02, f1: 18.93
epoch: 883, val_loss:1.613805, acc: 36.10, bacc: 29.14, tmp_test_f1: 17.00, f1: 18.93
epoch: 884, val_loss:1.614449, acc: 36.10, bacc: 29.14, tmp_test_f1: 16.90, f1: 18.93
epoch: 885, val_loss:1.617488, acc: 36.10, bacc: 29.14, tmp_test_f1: 16.78, f1: 18.93
epoch: 886, val_loss:1.622828, acc: 36.10, bacc: 29.14, tmp_test_f1: 16.50, f1: 18.93
epoch: 887, val_loss:1.630522, acc: 36.10, bacc: 29.14, tmp_test_f1: 16.37, f1: 18.93
DiG CiteSeer 100 Aug -1 EndEpoch 887 lr 0.1
SHAsplit  0, acc: 36.10, bacc: 29.14, f1: 18.93
