CUDA Device Index: 3
Namespace(IsDirectedData=False, AugDirect=1, net='DiG', GPUdevice=3, seed=100, undirect_dataset='Cora', Direct_dataset='WikipediaNetwork/squirrel', imb_ratio=100, dropout=0.1, num_filter=2, layer=2, alpha=0.1, K=2, feat_dim=64, warmup=5, epoch=1500, lr=0.1, l2=0.0005, tau=2, max=False, no_mask=False, gdc='ppr', heads=8, log_root='../logs/', log_path='test', data_path='../dataset/data/tmp/')
DiModel(
  (conv1): DIGCNConv(1433, 2)
  (conv2): DIGCNConv(2, 2)
  (Conv): Conv1d(2, 7, kernel_size=(1,), stride=(1,))
)
test_f1 CountNotImproved reset to 0 in epoch 0
epoch:   0, val_loss:1.980609, acc: 14.40, bacc: 14.29, tmp_test_f1: 3.60, f1: 3.60
test_f1 CountNotImproved reset to 0 in epoch 1
epoch:   1, val_loss:1.936362, acc: 22.00, bacc: 17.20, tmp_test_f1: 8.55, f1: 8.55
epoch:   2, val_loss:1.886066, acc: 22.00, bacc: 17.20, tmp_test_f1: 6.91, f1: 8.55
epoch:   3, val_loss:1.835726, acc: 22.00, bacc: 17.20, tmp_test_f1: 6.91, f1: 8.55
epoch:   4, val_loss:1.810698, acc: 22.00, bacc: 17.20, tmp_test_f1: 6.91, f1: 8.55
epoch:   5, val_loss:1.813325, acc: 22.00, bacc: 17.20, tmp_test_f1: 6.91, f1: 8.55
epoch:   6, val_loss:1.813139, acc: 22.00, bacc: 17.20, tmp_test_f1: 6.91, f1: 8.55
epoch:   7, val_loss:1.809865, acc: 22.00, bacc: 17.20, tmp_test_f1: 6.91, f1: 8.55
epoch:   8, val_loss:1.818935, acc: 22.00, bacc: 17.20, tmp_test_f1: 6.91, f1: 8.55
epoch:   9, val_loss:1.818401, acc: 22.00, bacc: 17.20, tmp_test_f1: 6.91, f1: 8.55
epoch:  10, val_loss:1.813027, acc: 22.00, bacc: 17.20, tmp_test_f1: 6.91, f1: 8.55
epoch:  11, val_loss:1.799164, acc: 22.00, bacc: 17.20, tmp_test_f1: 6.91, f1: 8.55
epoch:  12, val_loss:1.778539, acc: 22.00, bacc: 17.20, tmp_test_f1: 6.91, f1: 8.55
epoch:  13, val_loss:1.769513, acc: 22.00, bacc: 17.20, tmp_test_f1: 6.91, f1: 8.55
epoch:  14, val_loss:1.762346, acc: 22.00, bacc: 17.20, tmp_test_f1: 6.91, f1: 8.55
epoch:  15, val_loss:1.741095, acc: 22.00, bacc: 17.20, tmp_test_f1: 6.91, f1: 8.55
epoch:  16, val_loss:1.730597, acc: 22.00, bacc: 17.20, tmp_test_f1: 6.91, f1: 8.55
epoch:  17, val_loss:1.727644, acc: 22.00, bacc: 17.20, tmp_test_f1: 6.91, f1: 8.55
epoch:  18, val_loss:1.712495, acc: 22.00, bacc: 17.20, tmp_test_f1: 6.91, f1: 8.55
epoch:  19, val_loss:1.685781, acc: 22.00, bacc: 17.20, tmp_test_f1: 6.91, f1: 8.55
epoch:  20, val_loss:1.668598, acc: 22.00, bacc: 17.20, tmp_test_f1: 6.91, f1: 8.55
test_f1 CountNotImproved reset to 0 in epoch 21
epoch:  21, val_loss:1.650826, acc: 42.80, bacc: 25.10, tmp_test_f1: 17.93, f1: 17.93
epoch:  22, val_loss:1.635529, acc: 42.80, bacc: 25.10, tmp_test_f1: 16.86, f1: 17.93
epoch:  23, val_loss:1.631558, acc: 42.80, bacc: 25.10, tmp_test_f1: 16.74, f1: 17.93
epoch:  24, val_loss:1.610029, acc: 42.80, bacc: 25.10, tmp_test_f1: 17.18, f1: 17.93
epoch:  25, val_loss:1.580109, acc: 42.80, bacc: 25.10, tmp_test_f1: 17.47, f1: 17.93
epoch:  26, val_loss:1.563973, acc: 42.80, bacc: 25.10, tmp_test_f1: 17.12, f1: 17.93
epoch:  27, val_loss:1.545818, acc: 42.80, bacc: 25.10, tmp_test_f1: 16.78, f1: 17.93
epoch:  28, val_loss:1.535310, acc: 42.80, bacc: 25.10, tmp_test_f1: 16.70, f1: 17.93
epoch:  29, val_loss:1.527487, acc: 42.80, bacc: 25.10, tmp_test_f1: 16.88, f1: 17.93
epoch:  30, val_loss:1.502463, acc: 42.80, bacc: 25.10, tmp_test_f1: 17.25, f1: 17.93
epoch:  31, val_loss:1.488621, acc: 42.80, bacc: 25.10, tmp_test_f1: 17.00, f1: 17.93
epoch:  32, val_loss:1.475622, acc: 42.80, bacc: 25.10, tmp_test_f1: 16.84, f1: 17.93
epoch:  33, val_loss:1.485301, acc: 42.80, bacc: 25.10, tmp_test_f1: 16.81, f1: 17.93
epoch:  34, val_loss:1.457739, acc: 42.80, bacc: 25.10, tmp_test_f1: 17.31, f1: 17.93
epoch:  35, val_loss:1.442520, acc: 42.80, bacc: 25.10, tmp_test_f1: 16.96, f1: 17.93
epoch:  36, val_loss:1.434546, acc: 42.80, bacc: 25.10, tmp_test_f1: 16.89, f1: 17.93
epoch:  37, val_loss:1.447113, acc: 42.80, bacc: 25.10, tmp_test_f1: 16.99, f1: 17.93
epoch:  38, val_loss:1.423796, acc: 42.80, bacc: 25.10, tmp_test_f1: 17.39, f1: 17.93
epoch:  39, val_loss:1.413640, acc: 42.80, bacc: 25.10, tmp_test_f1: 17.69, f1: 17.93
epoch:  40, val_loss:1.410304, acc: 42.80, bacc: 25.10, tmp_test_f1: 17.53, f1: 17.93
test_f1 CountNotImproved reset to 0 in epoch 41
epoch:  41, val_loss:1.434740, acc: 45.60, bacc: 28.54, tmp_test_f1: 19.79, f1: 19.79
epoch:  42, val_loss:1.392138, acc: 45.60, bacc: 28.54, tmp_test_f1: 19.45, f1: 19.79
test_f1 CountNotImproved reset to 0 in epoch 43
epoch:  43, val_loss:1.392684, acc: 46.00, bacc: 29.25, tmp_test_f1: 20.21, f1: 20.21
epoch:  44, val_loss:1.388341, acc: 46.00, bacc: 29.25, tmp_test_f1: 18.82, f1: 20.21
test_f1 CountNotImproved reset to 0 in epoch 45
epoch:  45, val_loss:1.438424, acc: 47.30, bacc: 31.09, tmp_test_f1: 22.51, f1: 22.51
epoch:  46, val_loss:1.369152, acc: 47.30, bacc: 31.09, tmp_test_f1: 22.44, f1: 22.51
test_f1 CountNotImproved reset to 0 in epoch 47
epoch:  47, val_loss:1.375759, acc: 48.00, bacc: 32.10, tmp_test_f1: 23.59, f1: 23.59
epoch:  48, val_loss:1.358295, acc: 48.00, bacc: 32.10, tmp_test_f1: 20.04, f1: 23.59
epoch:  49, val_loss:1.420567, acc: 48.00, bacc: 32.10, tmp_test_f1: 20.71, f1: 23.59
epoch:  50, val_loss:1.388060, acc: 48.00, bacc: 32.10, tmp_test_f1: 23.59, f1: 23.59
test_f1 CountNotImproved reset to 0 in epoch 51
epoch:  51, val_loss:1.348150, acc: 47.30, bacc: 31.14, tmp_test_f1: 23.81, f1: 23.81
epoch:  52, val_loss:1.349308, acc: 47.30, bacc: 31.14, tmp_test_f1: 23.42, f1: 23.81
epoch:  53, val_loss:1.346731, acc: 47.30, bacc: 31.14, tmp_test_f1: 20.64, f1: 23.81
epoch:  54, val_loss:1.402290, acc: 47.30, bacc: 31.14, tmp_test_f1: 23.12, f1: 23.81
test_f1 CountNotImproved reset to 0 in epoch 55
epoch:  55, val_loss:1.353793, acc: 47.30, bacc: 31.22, tmp_test_f1: 24.17, f1: 24.17
test_f1 CountNotImproved reset to 0 in epoch 56
epoch:  56, val_loss:1.339628, acc: 47.60, bacc: 31.63, tmp_test_f1: 24.42, f1: 24.42
epoch:  57, val_loss:1.333574, acc: 47.60, bacc: 31.63, tmp_test_f1: 23.33, f1: 24.42
epoch:  58, val_loss:1.347193, acc: 47.60, bacc: 31.63, tmp_test_f1: 22.26, f1: 24.42
test_f1 CountNotImproved reset to 0 in epoch 59
epoch:  59, val_loss:1.405502, acc: 49.70, bacc: 34.01, tmp_test_f1: 26.66, f1: 26.66
epoch:  60, val_loss:1.329251, acc: 49.70, bacc: 34.01, tmp_test_f1: 26.33, f1: 26.66
epoch:  61, val_loss:1.328580, acc: 49.70, bacc: 34.01, tmp_test_f1: 23.75, f1: 26.66
epoch:  62, val_loss:1.320427, acc: 49.70, bacc: 34.01, tmp_test_f1: 21.40, f1: 26.66
epoch:  63, val_loss:1.356559, acc: 49.70, bacc: 34.01, tmp_test_f1: 21.12, f1: 26.66
epoch:  64, val_loss:1.422342, acc: 49.70, bacc: 34.01, tmp_test_f1: 21.94, f1: 26.66
epoch:  65, val_loss:1.335048, acc: 49.70, bacc: 34.01, tmp_test_f1: 23.46, f1: 26.66
epoch:  66, val_loss:1.340201, acc: 49.70, bacc: 34.01, tmp_test_f1: 23.57, f1: 26.66
epoch:  67, val_loss:1.333339, acc: 49.70, bacc: 34.01, tmp_test_f1: 22.11, f1: 26.66
epoch:  68, val_loss:1.344028, acc: 49.70, bacc: 34.01, tmp_test_f1: 22.60, f1: 26.66
epoch:  69, val_loss:1.433637, acc: 49.70, bacc: 34.01, tmp_test_f1: 22.13, f1: 26.66
epoch:  70, val_loss:1.364007, acc: 49.70, bacc: 34.01, tmp_test_f1: 23.64, f1: 26.66
epoch:  71, val_loss:1.320770, acc: 49.70, bacc: 34.01, tmp_test_f1: 23.55, f1: 26.66
epoch:  72, val_loss:1.336421, acc: 49.70, bacc: 34.01, tmp_test_f1: 22.52, f1: 26.66
epoch:  73, val_loss:1.313773, acc: 49.70, bacc: 34.01, tmp_test_f1: 21.63, f1: 26.66
epoch:  74, val_loss:1.401500, acc: 49.70, bacc: 34.01, tmp_test_f1: 21.31, f1: 26.66
epoch:  75, val_loss:1.415903, acc: 49.70, bacc: 34.01, tmp_test_f1: 22.43, f1: 26.66
epoch:  76, val_loss:1.316214, acc: 49.70, bacc: 34.01, tmp_test_f1: 23.56, f1: 26.66
epoch:  77, val_loss:1.337272, acc: 49.70, bacc: 34.01, tmp_test_f1: 25.16, f1: 26.66
epoch:  78, val_loss:1.323936, acc: 49.70, bacc: 34.01, tmp_test_f1: 23.60, f1: 26.66
epoch:  79, val_loss:1.348259, acc: 49.70, bacc: 34.01, tmp_test_f1: 21.88, f1: 26.66
epoch:  80, val_loss:1.443697, acc: 49.70, bacc: 34.01, tmp_test_f1: 23.70, f1: 26.66
test_f1 CountNotImproved reset to 0 in epoch 81
epoch:  81, val_loss:1.358498, acc: 48.50, bacc: 33.59, tmp_test_f1: 27.51, f1: 27.51
epoch:  82, val_loss:1.319679, acc: 48.50, bacc: 33.59, tmp_test_f1: 23.91, f1: 27.51
epoch:  83, val_loss:1.333584, acc: 48.50, bacc: 33.59, tmp_test_f1: 25.13, f1: 27.51
epoch:  84, val_loss:1.313231, acc: 48.50, bacc: 33.59, tmp_test_f1: 25.26, f1: 27.51
epoch:  85, val_loss:1.354802, acc: 48.50, bacc: 33.59, tmp_test_f1: 26.00, f1: 27.51
epoch:  86, val_loss:1.421960, acc: 48.50, bacc: 33.59, tmp_test_f1: 23.47, f1: 27.51
epoch:  87, val_loss:1.326046, acc: 48.50, bacc: 33.59, tmp_test_f1: 23.54, f1: 27.51
epoch:  88, val_loss:1.324586, acc: 48.50, bacc: 33.59, tmp_test_f1: 23.45, f1: 27.51
epoch:  89, val_loss:1.331225, acc: 48.50, bacc: 33.59, tmp_test_f1: 23.50, f1: 27.51
epoch:  90, val_loss:1.311107, acc: 48.50, bacc: 33.59, tmp_test_f1: 23.14, f1: 27.51
epoch:  91, val_loss:1.379335, acc: 48.50, bacc: 33.59, tmp_test_f1: 23.12, f1: 27.51
epoch:  92, val_loss:1.410127, acc: 48.50, bacc: 33.59, tmp_test_f1: 24.62, f1: 27.51
epoch:  93, val_loss:1.325346, acc: 48.50, bacc: 33.59, tmp_test_f1: 25.34, f1: 27.51
epoch:  94, val_loss:1.326398, acc: 48.50, bacc: 33.59, tmp_test_f1: 25.34, f1: 27.51
epoch:  95, val_loss:1.340676, acc: 48.50, bacc: 33.59, tmp_test_f1: 25.07, f1: 27.51
epoch:  96, val_loss:1.311894, acc: 48.50, bacc: 33.59, tmp_test_f1: 22.88, f1: 27.51
epoch:  97, val_loss:1.372581, acc: 48.50, bacc: 33.59, tmp_test_f1: 21.61, f1: 27.51
epoch:  98, val_loss:1.429366, acc: 48.50, bacc: 33.59, tmp_test_f1: 24.14, f1: 27.51
epoch:  99, val_loss:1.323825, acc: 48.50, bacc: 33.59, tmp_test_f1: 23.15, f1: 27.51
epoch: 100, val_loss:1.317755, acc: 48.50, bacc: 33.59, tmp_test_f1: 22.86, f1: 27.51
epoch: 101, val_loss:1.330978, acc: 48.50, bacc: 33.59, tmp_test_f1: 25.50, f1: 27.51
epoch: 102, val_loss:1.309468, acc: 48.50, bacc: 33.59, tmp_test_f1: 24.06, f1: 27.51
epoch: 103, val_loss:1.379680, acc: 48.50, bacc: 33.59, tmp_test_f1: 23.04, f1: 27.51
epoch: 104, val_loss:1.417052, acc: 48.50, bacc: 33.59, tmp_test_f1: 25.92, f1: 27.51
epoch: 105, val_loss:1.323568, acc: 48.50, bacc: 33.59, tmp_test_f1: 26.57, f1: 27.51
epoch: 106, val_loss:1.323942, acc: 48.50, bacc: 33.59, tmp_test_f1: 23.86, f1: 27.51
epoch: 107, val_loss:1.326227, acc: 48.50, bacc: 33.59, tmp_test_f1: 24.49, f1: 27.51
epoch: 108, val_loss:1.316482, acc: 48.50, bacc: 33.59, tmp_test_f1: 24.92, f1: 27.51
epoch: 109, val_loss:1.424191, acc: 48.50, bacc: 33.59, tmp_test_f1: 25.24, f1: 27.51
epoch: 110, val_loss:1.385176, acc: 48.50, bacc: 33.59, tmp_test_f1: 25.75, f1: 27.51
epoch: 111, val_loss:1.304628, acc: 48.50, bacc: 33.59, tmp_test_f1: 22.72, f1: 27.51
epoch: 112, val_loss:1.319106, acc: 48.50, bacc: 33.59, tmp_test_f1: 22.66, f1: 27.51
epoch: 113, val_loss:1.308883, acc: 48.50, bacc: 33.59, tmp_test_f1: 24.71, f1: 27.51
epoch: 114, val_loss:1.306238, acc: 48.50, bacc: 33.59, tmp_test_f1: 25.95, f1: 27.51
epoch: 115, val_loss:1.417424, acc: 48.50, bacc: 33.59, tmp_test_f1: 24.85, f1: 27.51
epoch: 116, val_loss:1.381950, acc: 48.50, bacc: 33.59, tmp_test_f1: 25.55, f1: 27.51
epoch: 117, val_loss:1.298432, acc: 48.50, bacc: 33.59, tmp_test_f1: 24.53, f1: 27.51
epoch: 118, val_loss:1.316069, acc: 48.50, bacc: 33.59, tmp_test_f1: 23.55, f1: 27.51
epoch: 119, val_loss:1.305497, acc: 48.50, bacc: 33.59, tmp_test_f1: 25.92, f1: 27.51
epoch: 120, val_loss:1.312180, acc: 48.50, bacc: 33.59, tmp_test_f1: 25.59, f1: 27.51
epoch: 121, val_loss:1.435475, acc: 48.50, bacc: 33.59, tmp_test_f1: 26.31, f1: 27.51
epoch: 122, val_loss:1.373698, acc: 48.50, bacc: 33.59, tmp_test_f1: 24.57, f1: 27.51
epoch: 123, val_loss:1.297816, acc: 48.50, bacc: 33.59, tmp_test_f1: 23.11, f1: 27.51
epoch: 124, val_loss:1.318700, acc: 48.50, bacc: 33.59, tmp_test_f1: 23.60, f1: 27.51
epoch: 125, val_loss:1.305138, acc: 48.50, bacc: 33.59, tmp_test_f1: 25.40, f1: 27.51
epoch: 126, val_loss:1.311447, acc: 48.50, bacc: 33.59, tmp_test_f1: 25.23, f1: 27.51
epoch: 127, val_loss:1.422965, acc: 48.50, bacc: 33.59, tmp_test_f1: 26.05, f1: 27.51
epoch: 128, val_loss:1.345961, acc: 48.50, bacc: 33.59, tmp_test_f1: 24.37, f1: 27.51
epoch: 129, val_loss:1.299106, acc: 48.50, bacc: 33.59, tmp_test_f1: 24.49, f1: 27.51
epoch: 130, val_loss:1.325429, acc: 48.50, bacc: 33.59, tmp_test_f1: 25.36, f1: 27.51
epoch: 131, val_loss:1.310388, acc: 48.50, bacc: 33.59, tmp_test_f1: 23.79, f1: 27.51
epoch: 132, val_loss:1.329303, acc: 48.50, bacc: 33.59, tmp_test_f1: 21.54, f1: 27.51
epoch: 133, val_loss:1.446558, acc: 48.50, bacc: 33.59, tmp_test_f1: 23.46, f1: 27.51
epoch: 134, val_loss:1.359137, acc: 48.50, bacc: 33.59, tmp_test_f1: 25.59, f1: 27.51
epoch: 135, val_loss:1.309898, acc: 48.50, bacc: 33.59, tmp_test_f1: 24.17, f1: 27.51
epoch: 136, val_loss:1.335052, acc: 48.50, bacc: 33.59, tmp_test_f1: 24.69, f1: 27.51
epoch: 137, val_loss:1.313051, acc: 48.50, bacc: 33.59, tmp_test_f1: 26.05, f1: 27.51
epoch: 138, val_loss:1.338019, acc: 48.50, bacc: 33.59, tmp_test_f1: 26.16, f1: 27.51
epoch: 139, val_loss:1.445222, acc: 48.50, bacc: 33.59, tmp_test_f1: 26.36, f1: 27.51
epoch: 140, val_loss:1.361166, acc: 48.50, bacc: 33.59, tmp_test_f1: 24.52, f1: 27.51
epoch: 141, val_loss:1.296843, acc: 48.50, bacc: 33.59, tmp_test_f1: 23.32, f1: 27.51
epoch: 142, val_loss:1.323483, acc: 48.50, bacc: 33.59, tmp_test_f1: 23.87, f1: 27.51
epoch: 143, val_loss:1.299581, acc: 48.50, bacc: 33.59, tmp_test_f1: 25.35, f1: 27.51
epoch: 144, val_loss:1.311033, acc: 48.50, bacc: 33.59, tmp_test_f1: 25.42, f1: 27.51
epoch: 145, val_loss:1.437674, acc: 48.50, bacc: 33.59, tmp_test_f1: 26.36, f1: 27.51
epoch: 146, val_loss:1.355392, acc: 48.50, bacc: 33.59, tmp_test_f1: 24.85, f1: 27.51
epoch: 147, val_loss:1.288575, acc: 48.50, bacc: 33.59, tmp_test_f1: 25.25, f1: 27.51
epoch: 148, val_loss:1.310529, acc: 48.50, bacc: 33.59, tmp_test_f1: 25.01, f1: 27.51
epoch: 149, val_loss:1.305367, acc: 48.50, bacc: 33.59, tmp_test_f1: 23.84, f1: 27.51
epoch: 150, val_loss:1.309510, acc: 48.50, bacc: 33.59, tmp_test_f1: 23.49, f1: 27.51
epoch: 151, val_loss:1.430148, acc: 48.50, bacc: 33.59, tmp_test_f1: 26.90, f1: 27.51
epoch: 152, val_loss:1.361494, acc: 48.50, bacc: 33.59, tmp_test_f1: 23.25, f1: 27.51
epoch: 153, val_loss:1.303020, acc: 48.50, bacc: 33.59, tmp_test_f1: 24.20, f1: 27.51
epoch: 154, val_loss:1.319198, acc: 48.50, bacc: 33.59, tmp_test_f1: 23.86, f1: 27.51
epoch: 155, val_loss:1.306269, acc: 48.50, bacc: 33.59, tmp_test_f1: 25.72, f1: 27.51
epoch: 156, val_loss:1.310212, acc: 48.50, bacc: 33.59, tmp_test_f1: 26.28, f1: 27.51
epoch: 157, val_loss:1.395351, acc: 48.50, bacc: 33.59, tmp_test_f1: 26.59, f1: 27.51
epoch: 158, val_loss:1.389346, acc: 48.50, bacc: 33.59, tmp_test_f1: 26.24, f1: 27.51
epoch: 159, val_loss:1.301897, acc: 48.50, bacc: 33.59, tmp_test_f1: 24.16, f1: 27.51
epoch: 160, val_loss:1.314189, acc: 48.50, bacc: 33.59, tmp_test_f1: 23.90, f1: 27.51
epoch: 161, val_loss:1.307453, acc: 48.50, bacc: 33.59, tmp_test_f1: 25.00, f1: 27.51
epoch: 162, val_loss:1.295511, acc: 48.50, bacc: 33.59, tmp_test_f1: 25.47, f1: 27.51
epoch: 163, val_loss:1.371397, acc: 48.50, bacc: 33.59, tmp_test_f1: 25.30, f1: 27.51
epoch: 164, val_loss:1.371259, acc: 48.50, bacc: 33.59, tmp_test_f1: 25.16, f1: 27.51
epoch: 165, val_loss:1.292137, acc: 48.50, bacc: 33.59, tmp_test_f1: 24.31, f1: 27.51
epoch: 166, val_loss:1.304237, acc: 48.50, bacc: 33.59, tmp_test_f1: 24.31, f1: 27.51
epoch: 167, val_loss:1.311901, acc: 48.50, bacc: 33.59, tmp_test_f1: 24.41, f1: 27.51
epoch: 168, val_loss:1.287809, acc: 48.50, bacc: 33.59, tmp_test_f1: 25.93, f1: 27.51
epoch: 169, val_loss:1.362489, acc: 48.50, bacc: 33.59, tmp_test_f1: 26.45, f1: 27.51
epoch: 170, val_loss:1.365591, acc: 48.50, bacc: 33.59, tmp_test_f1: 25.25, f1: 27.51
epoch: 171, val_loss:1.301285, acc: 48.50, bacc: 33.59, tmp_test_f1: 25.84, f1: 27.51
epoch: 172, val_loss:1.303180, acc: 48.50, bacc: 33.59, tmp_test_f1: 25.53, f1: 27.51
epoch: 173, val_loss:1.311320, acc: 48.50, bacc: 33.59, tmp_test_f1: 25.37, f1: 27.51
epoch: 174, val_loss:1.299653, acc: 48.50, bacc: 33.59, tmp_test_f1: 23.63, f1: 27.51
epoch: 175, val_loss:1.347386, acc: 48.50, bacc: 33.59, tmp_test_f1: 23.47, f1: 27.51
epoch: 176, val_loss:1.372691, acc: 48.50, bacc: 33.59, tmp_test_f1: 23.64, f1: 27.51
epoch: 177, val_loss:1.311484, acc: 48.50, bacc: 33.59, tmp_test_f1: 23.75, f1: 27.51
epoch: 178, val_loss:1.302010, acc: 48.50, bacc: 33.59, tmp_test_f1: 25.70, f1: 27.51
epoch: 179, val_loss:1.300949, acc: 48.50, bacc: 33.59, tmp_test_f1: 24.43, f1: 27.51
epoch: 180, val_loss:1.292804, acc: 48.50, bacc: 33.59, tmp_test_f1: 25.68, f1: 27.51
epoch: 181, val_loss:1.353637, acc: 48.50, bacc: 33.59, tmp_test_f1: 26.22, f1: 27.51
epoch: 182, val_loss:1.362827, acc: 48.50, bacc: 33.59, tmp_test_f1: 24.79, f1: 27.51
epoch: 183, val_loss:1.288773, acc: 48.50, bacc: 33.59, tmp_test_f1: 23.44, f1: 27.51
epoch: 184, val_loss:1.301946, acc: 48.50, bacc: 33.59, tmp_test_f1: 23.81, f1: 27.51
epoch: 185, val_loss:1.294820, acc: 48.50, bacc: 33.59, tmp_test_f1: 25.37, f1: 27.51
epoch: 186, val_loss:1.296753, acc: 48.50, bacc: 33.59, tmp_test_f1: 26.91, f1: 27.51
epoch: 187, val_loss:1.397904, acc: 48.50, bacc: 33.59, tmp_test_f1: 27.06, f1: 27.51
epoch: 188, val_loss:1.349080, acc: 48.50, bacc: 33.59, tmp_test_f1: 25.16, f1: 27.51
epoch: 189, val_loss:1.293338, acc: 48.50, bacc: 33.59, tmp_test_f1: 24.47, f1: 27.51
epoch: 190, val_loss:1.311327, acc: 48.50, bacc: 33.59, tmp_test_f1: 25.06, f1: 27.51
epoch: 191, val_loss:1.296823, acc: 48.50, bacc: 33.59, tmp_test_f1: 25.18, f1: 27.51
epoch: 192, val_loss:1.321152, acc: 48.50, bacc: 33.59, tmp_test_f1: 23.27, f1: 27.51
epoch: 193, val_loss:1.407341, acc: 48.50, bacc: 33.59, tmp_test_f1: 23.74, f1: 27.51
epoch: 194, val_loss:1.340348, acc: 48.50, bacc: 33.59, tmp_test_f1: 25.37, f1: 27.51
epoch: 195, val_loss:1.295228, acc: 48.50, bacc: 33.59, tmp_test_f1: 27.17, f1: 27.51
epoch: 196, val_loss:1.313855, acc: 48.50, bacc: 33.59, tmp_test_f1: 24.84, f1: 27.51
epoch: 197, val_loss:1.300030, acc: 48.50, bacc: 33.59, tmp_test_f1: 23.20, f1: 27.51
epoch: 198, val_loss:1.351918, acc: 48.50, bacc: 33.59, tmp_test_f1: 24.74, f1: 27.51
test_f1 CountNotImproved reset to 0 in epoch 199
epoch: 199, val_loss:1.385342, acc: 48.60, bacc: 33.19, tmp_test_f1: 27.53, f1: 27.53
epoch: 200, val_loss:1.315455, acc: 48.60, bacc: 33.19, tmp_test_f1: 25.62, f1: 27.53
epoch: 201, val_loss:1.303839, acc: 48.60, bacc: 33.19, tmp_test_f1: 25.17, f1: 27.53
epoch: 202, val_loss:1.304323, acc: 48.60, bacc: 33.19, tmp_test_f1: 25.78, f1: 27.53
epoch: 203, val_loss:1.297809, acc: 48.60, bacc: 33.19, tmp_test_f1: 24.95, f1: 27.53
epoch: 204, val_loss:1.362492, acc: 48.60, bacc: 33.19, tmp_test_f1: 24.80, f1: 27.53
epoch: 205, val_loss:1.365023, acc: 48.60, bacc: 33.19, tmp_test_f1: 25.60, f1: 27.53
epoch: 206, val_loss:1.296368, acc: 48.60, bacc: 33.19, tmp_test_f1: 25.11, f1: 27.53
epoch: 207, val_loss:1.301594, acc: 48.60, bacc: 33.19, tmp_test_f1: 25.78, f1: 27.53
epoch: 208, val_loss:1.297206, acc: 48.60, bacc: 33.19, tmp_test_f1: 26.50, f1: 27.53
epoch: 209, val_loss:1.335078, acc: 48.60, bacc: 33.19, tmp_test_f1: 25.35, f1: 27.53
epoch: 210, val_loss:1.413086, acc: 48.60, bacc: 33.19, tmp_test_f1: 24.62, f1: 27.53
epoch: 211, val_loss:1.341176, acc: 48.60, bacc: 33.19, tmp_test_f1: 23.38, f1: 27.53
epoch: 212, val_loss:1.306341, acc: 48.60, bacc: 33.19, tmp_test_f1: 25.30, f1: 27.53
epoch: 213, val_loss:1.311909, acc: 48.60, bacc: 33.19, tmp_test_f1: 25.45, f1: 27.53
epoch: 214, val_loss:1.306845, acc: 48.60, bacc: 33.19, tmp_test_f1: 26.47, f1: 27.53
epoch: 215, val_loss:1.360193, acc: 48.60, bacc: 33.19, tmp_test_f1: 26.61, f1: 27.53
epoch: 216, val_loss:1.379424, acc: 48.60, bacc: 33.19, tmp_test_f1: 25.59, f1: 27.53
epoch: 217, val_loss:1.309129, acc: 48.60, bacc: 33.19, tmp_test_f1: 25.02, f1: 27.53
epoch: 218, val_loss:1.306195, acc: 48.60, bacc: 33.19, tmp_test_f1: 24.86, f1: 27.53
epoch: 219, val_loss:1.300858, acc: 48.60, bacc: 33.19, tmp_test_f1: 25.61, f1: 27.53
epoch: 220, val_loss:1.324369, acc: 48.60, bacc: 33.19, tmp_test_f1: 24.91, f1: 27.53
epoch: 221, val_loss:1.381140, acc: 48.60, bacc: 33.19, tmp_test_f1: 25.59, f1: 27.53
epoch: 222, val_loss:1.317341, acc: 48.60, bacc: 33.19, tmp_test_f1: 24.67, f1: 27.53
epoch: 223, val_loss:1.300820, acc: 48.60, bacc: 33.19, tmp_test_f1: 25.69, f1: 27.53
epoch: 224, val_loss:1.301659, acc: 48.60, bacc: 33.19, tmp_test_f1: 26.51, f1: 27.53
epoch: 225, val_loss:1.311192, acc: 48.60, bacc: 33.19, tmp_test_f1: 26.51, f1: 27.53
epoch: 226, val_loss:1.367280, acc: 48.60, bacc: 33.19, tmp_test_f1: 26.70, f1: 27.53
epoch: 227, val_loss:1.332301, acc: 48.60, bacc: 33.19, tmp_test_f1: 26.41, f1: 27.53
epoch: 228, val_loss:1.303495, acc: 48.60, bacc: 33.19, tmp_test_f1: 25.73, f1: 27.53
epoch: 229, val_loss:1.309130, acc: 48.60, bacc: 33.19, tmp_test_f1: 25.80, f1: 27.53
epoch: 230, val_loss:1.316560, acc: 48.60, bacc: 33.19, tmp_test_f1: 26.65, f1: 27.53
epoch: 231, val_loss:1.385936, acc: 48.60, bacc: 33.19, tmp_test_f1: 26.60, f1: 27.53
epoch: 232, val_loss:1.347243, acc: 48.60, bacc: 33.19, tmp_test_f1: 25.84, f1: 27.53
epoch: 233, val_loss:1.309945, acc: 48.60, bacc: 33.19, tmp_test_f1: 26.56, f1: 27.53
epoch: 234, val_loss:1.313626, acc: 48.60, bacc: 33.19, tmp_test_f1: 25.84, f1: 27.53
epoch: 235, val_loss:1.309835, acc: 48.60, bacc: 33.19, tmp_test_f1: 26.62, f1: 27.53
epoch: 236, val_loss:1.363074, acc: 48.60, bacc: 33.19, tmp_test_f1: 26.60, f1: 27.53
epoch: 237, val_loss:1.358226, acc: 48.60, bacc: 33.19, tmp_test_f1: 25.89, f1: 27.53
epoch: 238, val_loss:1.308644, acc: 48.60, bacc: 33.19, tmp_test_f1: 27.20, f1: 27.53
epoch: 239, val_loss:1.307924, acc: 48.60, bacc: 33.19, tmp_test_f1: 25.94, f1: 27.53
epoch: 240, val_loss:1.305592, acc: 48.60, bacc: 33.19, tmp_test_f1: 25.84, f1: 27.53
epoch: 241, val_loss:1.357415, acc: 48.60, bacc: 33.19, tmp_test_f1: 25.34, f1: 27.53
epoch: 242, val_loss:1.393052, acc: 48.60, bacc: 33.19, tmp_test_f1: 26.64, f1: 27.53
epoch: 243, val_loss:1.307839, acc: 48.60, bacc: 33.19, tmp_test_f1: 25.62, f1: 27.53
epoch: 244, val_loss:1.317235, acc: 48.60, bacc: 33.19, tmp_test_f1: 26.71, f1: 27.53
epoch: 245, val_loss:1.301556, acc: 48.60, bacc: 33.19, tmp_test_f1: 26.15, f1: 27.53
epoch: 246, val_loss:1.342317, acc: 48.60, bacc: 33.19, tmp_test_f1: 24.35, f1: 27.53
epoch: 247, val_loss:1.442475, acc: 48.60, bacc: 33.19, tmp_test_f1: 27.05, f1: 27.53
epoch: 248, val_loss:1.300725, acc: 48.60, bacc: 33.19, tmp_test_f1: 25.66, f1: 27.53
epoch: 249, val_loss:1.316250, acc: 48.60, bacc: 33.19, tmp_test_f1: 25.83, f1: 27.53
test_f1 CountNotImproved reset to 0 in epoch 250
epoch: 250, val_loss:1.309082, acc: 50.30, bacc: 34.20, tmp_test_f1: 27.77, f1: 27.77
epoch: 251, val_loss:1.298925, acc: 50.30, bacc: 34.20, tmp_test_f1: 24.98, f1: 27.77
epoch: 252, val_loss:1.435181, acc: 50.30, bacc: 34.20, tmp_test_f1: 27.14, f1: 27.77
epoch: 253, val_loss:1.354369, acc: 50.30, bacc: 34.20, tmp_test_f1: 27.46, f1: 27.77
epoch: 254, val_loss:1.292139, acc: 50.30, bacc: 34.20, tmp_test_f1: 25.34, f1: 27.77
epoch: 255, val_loss:1.328364, acc: 50.30, bacc: 34.20, tmp_test_f1: 27.00, f1: 27.77
epoch: 256, val_loss:1.296777, acc: 50.30, bacc: 34.20, tmp_test_f1: 26.07, f1: 27.77
epoch: 257, val_loss:1.343466, acc: 50.30, bacc: 34.20, tmp_test_f1: 26.87, f1: 27.77
epoch: 258, val_loss:1.435622, acc: 50.30, bacc: 34.20, tmp_test_f1: 27.04, f1: 27.77
epoch: 259, val_loss:1.296813, acc: 50.30, bacc: 34.20, tmp_test_f1: 24.17, f1: 27.77
epoch: 260, val_loss:1.337454, acc: 50.30, bacc: 34.20, tmp_test_f1: 24.60, f1: 27.77
epoch: 261, val_loss:1.321488, acc: 50.30, bacc: 34.20, tmp_test_f1: 26.09, f1: 27.77
epoch: 262, val_loss:1.309901, acc: 50.30, bacc: 34.20, tmp_test_f1: 26.15, f1: 27.77
epoch: 263, val_loss:1.462894, acc: 50.30, bacc: 34.20, tmp_test_f1: 26.59, f1: 27.77
epoch: 264, val_loss:1.363152, acc: 50.30, bacc: 34.20, tmp_test_f1: 27.34, f1: 27.77
epoch: 265, val_loss:1.293121, acc: 50.30, bacc: 34.20, tmp_test_f1: 24.56, f1: 27.77
epoch: 266, val_loss:1.324063, acc: 50.30, bacc: 34.20, tmp_test_f1: 25.56, f1: 27.77
epoch: 267, val_loss:1.303205, acc: 50.30, bacc: 34.20, tmp_test_f1: 27.55, f1: 27.77
epoch: 268, val_loss:1.309381, acc: 50.30, bacc: 34.20, tmp_test_f1: 26.30, f1: 27.77
epoch: 269, val_loss:1.433384, acc: 50.30, bacc: 34.20, tmp_test_f1: 27.05, f1: 27.77
epoch: 270, val_loss:1.366533, acc: 50.30, bacc: 34.20, tmp_test_f1: 26.99, f1: 27.77
epoch: 271, val_loss:1.288673, acc: 50.30, bacc: 34.20, tmp_test_f1: 25.45, f1: 27.77
epoch: 272, val_loss:1.314625, acc: 50.30, bacc: 34.20, tmp_test_f1: 26.24, f1: 27.77
epoch: 273, val_loss:1.302580, acc: 50.30, bacc: 34.20, tmp_test_f1: 26.92, f1: 27.77
epoch: 274, val_loss:1.313450, acc: 50.30, bacc: 34.20, tmp_test_f1: 26.05, f1: 27.77
epoch: 275, val_loss:1.432774, acc: 50.30, bacc: 34.20, tmp_test_f1: 27.31, f1: 27.77
test_f1 CountNotImproved reset to 0 in epoch 276
epoch: 276, val_loss:1.335631, acc: 50.30, bacc: 33.94, tmp_test_f1: 28.71, f1: 28.71
epoch: 277, val_loss:1.301804, acc: 50.30, bacc: 33.94, tmp_test_f1: 26.86, f1: 28.71
epoch: 278, val_loss:1.313136, acc: 50.30, bacc: 33.94, tmp_test_f1: 27.38, f1: 28.71
epoch: 279, val_loss:1.299460, acc: 50.30, bacc: 33.94, tmp_test_f1: 26.10, f1: 28.71
epoch: 280, val_loss:1.330536, acc: 50.30, bacc: 33.94, tmp_test_f1: 24.62, f1: 28.71
epoch: 281, val_loss:1.391675, acc: 50.30, bacc: 33.94, tmp_test_f1: 26.37, f1: 28.71
epoch: 282, val_loss:1.325989, acc: 50.30, bacc: 33.94, tmp_test_f1: 25.96, f1: 28.71
epoch: 283, val_loss:1.307468, acc: 50.30, bacc: 33.94, tmp_test_f1: 25.49, f1: 28.71
epoch: 284, val_loss:1.314459, acc: 50.30, bacc: 33.94, tmp_test_f1: 26.39, f1: 28.71
epoch: 285, val_loss:1.317852, acc: 50.30, bacc: 33.94, tmp_test_f1: 25.66, f1: 28.71
epoch: 286, val_loss:1.385188, acc: 50.30, bacc: 33.94, tmp_test_f1: 25.91, f1: 28.71
epoch: 287, val_loss:1.364323, acc: 50.30, bacc: 33.94, tmp_test_f1: 25.71, f1: 28.71
epoch: 288, val_loss:1.316553, acc: 50.30, bacc: 33.94, tmp_test_f1: 26.21, f1: 28.71
epoch: 289, val_loss:1.319846, acc: 50.30, bacc: 33.94, tmp_test_f1: 27.27, f1: 28.71
epoch: 290, val_loss:1.314089, acc: 50.30, bacc: 33.94, tmp_test_f1: 25.89, f1: 28.71
epoch: 291, val_loss:1.331785, acc: 50.30, bacc: 33.94, tmp_test_f1: 26.08, f1: 28.71
epoch: 292, val_loss:1.373395, acc: 50.30, bacc: 33.94, tmp_test_f1: 27.30, f1: 28.71
epoch: 293, val_loss:1.336591, acc: 50.30, bacc: 33.94, tmp_test_f1: 25.78, f1: 28.71
epoch: 294, val_loss:1.316604, acc: 50.30, bacc: 33.94, tmp_test_f1: 25.43, f1: 28.71
epoch: 295, val_loss:1.321317, acc: 50.30, bacc: 33.94, tmp_test_f1: 25.41, f1: 28.71
epoch: 296, val_loss:1.319637, acc: 50.30, bacc: 33.94, tmp_test_f1: 26.59, f1: 28.71
epoch: 297, val_loss:1.353121, acc: 50.30, bacc: 33.94, tmp_test_f1: 26.48, f1: 28.71
epoch: 298, val_loss:1.373890, acc: 50.30, bacc: 33.94, tmp_test_f1: 25.94, f1: 28.71
epoch: 299, val_loss:1.323559, acc: 50.30, bacc: 33.94, tmp_test_f1: 24.79, f1: 28.71
epoch: 300, val_loss:1.318821, acc: 50.30, bacc: 33.94, tmp_test_f1: 25.38, f1: 28.71
epoch: 301, val_loss:1.312324, acc: 50.30, bacc: 33.94, tmp_test_f1: 27.42, f1: 28.71
epoch: 302, val_loss:1.336508, acc: 50.30, bacc: 33.94, tmp_test_f1: 27.21, f1: 28.71
epoch: 303, val_loss:1.378521, acc: 50.30, bacc: 33.94, tmp_test_f1: 27.12, f1: 28.71
epoch: 304, val_loss:1.322538, acc: 50.30, bacc: 33.94, tmp_test_f1: 25.51, f1: 28.71
epoch: 305, val_loss:1.303463, acc: 50.30, bacc: 33.94, tmp_test_f1: 25.41, f1: 28.71
epoch: 306, val_loss:1.302920, acc: 50.30, bacc: 33.94, tmp_test_f1: 26.50, f1: 28.71
epoch: 307, val_loss:1.316702, acc: 50.30, bacc: 33.94, tmp_test_f1: 24.87, f1: 28.71
epoch: 308, val_loss:1.391145, acc: 50.30, bacc: 33.94, tmp_test_f1: 26.73, f1: 28.71
epoch: 309, val_loss:1.334209, acc: 50.30, bacc: 33.94, tmp_test_f1: 25.34, f1: 28.71
epoch: 310, val_loss:1.302753, acc: 50.30, bacc: 33.94, tmp_test_f1: 25.93, f1: 28.71
epoch: 311, val_loss:1.307490, acc: 50.30, bacc: 33.94, tmp_test_f1: 26.13, f1: 28.71
epoch: 312, val_loss:1.301958, acc: 50.30, bacc: 33.94, tmp_test_f1: 27.18, f1: 28.71
epoch: 313, val_loss:1.353461, acc: 50.30, bacc: 33.94, tmp_test_f1: 27.22, f1: 28.71
epoch: 314, val_loss:1.370408, acc: 50.30, bacc: 33.94, tmp_test_f1: 27.47, f1: 28.71
epoch: 315, val_loss:1.303489, acc: 50.30, bacc: 33.94, tmp_test_f1: 26.24, f1: 28.71
epoch: 316, val_loss:1.317679, acc: 50.30, bacc: 33.94, tmp_test_f1: 25.85, f1: 28.71
epoch: 317, val_loss:1.305481, acc: 50.30, bacc: 33.94, tmp_test_f1: 26.12, f1: 28.71
epoch: 318, val_loss:1.372609, acc: 50.30, bacc: 33.94, tmp_test_f1: 25.95, f1: 28.71
epoch: 319, val_loss:1.399066, acc: 50.30, bacc: 33.94, tmp_test_f1: 27.66, f1: 28.71
epoch: 320, val_loss:1.312823, acc: 50.30, bacc: 33.94, tmp_test_f1: 24.71, f1: 28.71
epoch: 321, val_loss:1.332883, acc: 50.30, bacc: 33.94, tmp_test_f1: 25.28, f1: 28.71
epoch: 322, val_loss:1.313429, acc: 50.30, bacc: 33.94, tmp_test_f1: 27.03, f1: 28.71
epoch: 323, val_loss:1.370591, acc: 50.30, bacc: 33.94, tmp_test_f1: 26.92, f1: 28.71
epoch: 324, val_loss:1.426885, acc: 50.30, bacc: 33.94, tmp_test_f1: 26.99, f1: 28.71
epoch: 325, val_loss:1.314148, acc: 50.30, bacc: 33.94, tmp_test_f1: 25.33, f1: 28.71
epoch: 326, val_loss:1.324270, acc: 50.30, bacc: 33.94, tmp_test_f1: 25.68, f1: 28.71
epoch: 327, val_loss:1.312460, acc: 50.30, bacc: 33.94, tmp_test_f1: 27.35, f1: 28.71
epoch: 328, val_loss:1.325726, acc: 50.30, bacc: 33.94, tmp_test_f1: 25.85, f1: 28.71
epoch: 329, val_loss:1.450738, acc: 50.30, bacc: 33.94, tmp_test_f1: 28.48, f1: 28.71
epoch: 330, val_loss:1.335746, acc: 50.30, bacc: 33.94, tmp_test_f1: 25.12, f1: 28.71
epoch: 331, val_loss:1.310088, acc: 50.30, bacc: 33.94, tmp_test_f1: 24.12, f1: 28.71
epoch: 332, val_loss:1.332364, acc: 50.30, bacc: 33.94, tmp_test_f1: 27.43, f1: 28.71
epoch: 333, val_loss:1.301576, acc: 50.30, bacc: 33.94, tmp_test_f1: 25.69, f1: 28.71
epoch: 334, val_loss:1.410802, acc: 50.30, bacc: 33.94, tmp_test_f1: 25.95, f1: 28.71
epoch: 335, val_loss:1.441797, acc: 50.30, bacc: 33.94, tmp_test_f1: 26.65, f1: 28.71
epoch: 336, val_loss:1.303610, acc: 50.30, bacc: 33.94, tmp_test_f1: 23.69, f1: 28.71
epoch: 337, val_loss:1.344490, acc: 50.30, bacc: 33.94, tmp_test_f1: 24.45, f1: 28.71
epoch: 338, val_loss:1.328793, acc: 50.30, bacc: 33.94, tmp_test_f1: 26.78, f1: 28.71
epoch: 339, val_loss:1.309036, acc: 50.30, bacc: 33.94, tmp_test_f1: 25.32, f1: 28.71
epoch: 340, val_loss:1.446248, acc: 50.30, bacc: 33.94, tmp_test_f1: 25.94, f1: 28.71
epoch: 341, val_loss:1.359112, acc: 50.30, bacc: 33.94, tmp_test_f1: 26.79, f1: 28.71
epoch: 342, val_loss:1.301274, acc: 50.30, bacc: 33.94, tmp_test_f1: 24.32, f1: 28.71
epoch: 343, val_loss:1.344919, acc: 50.30, bacc: 33.94, tmp_test_f1: 25.61, f1: 28.71
epoch: 344, val_loss:1.315377, acc: 50.30, bacc: 33.94, tmp_test_f1: 26.26, f1: 28.71
epoch: 345, val_loss:1.309917, acc: 50.30, bacc: 33.94, tmp_test_f1: 25.92, f1: 28.71
epoch: 346, val_loss:1.436972, acc: 50.30, bacc: 33.94, tmp_test_f1: 26.42, f1: 28.71
epoch: 347, val_loss:1.320415, acc: 50.30, bacc: 33.94, tmp_test_f1: 27.22, f1: 28.71
epoch: 348, val_loss:1.304475, acc: 50.30, bacc: 33.94, tmp_test_f1: 24.73, f1: 28.71
epoch: 349, val_loss:1.337429, acc: 50.30, bacc: 33.94, tmp_test_f1: 26.35, f1: 28.71
epoch: 350, val_loss:1.304458, acc: 50.30, bacc: 33.94, tmp_test_f1: 26.46, f1: 28.71
epoch: 351, val_loss:1.330673, acc: 50.30, bacc: 33.94, tmp_test_f1: 25.43, f1: 28.71
epoch: 352, val_loss:1.439927, acc: 50.30, bacc: 33.94, tmp_test_f1: 26.07, f1: 28.71
epoch: 353, val_loss:1.350716, acc: 50.30, bacc: 33.94, tmp_test_f1: 25.44, f1: 28.71
epoch: 354, val_loss:1.312599, acc: 50.30, bacc: 33.94, tmp_test_f1: 24.85, f1: 28.71
epoch: 355, val_loss:1.333163, acc: 50.30, bacc: 33.94, tmp_test_f1: 25.48, f1: 28.71
epoch: 356, val_loss:1.315664, acc: 50.30, bacc: 33.94, tmp_test_f1: 25.84, f1: 28.71
epoch: 357, val_loss:1.348491, acc: 50.30, bacc: 33.94, tmp_test_f1: 25.44, f1: 28.71
epoch: 358, val_loss:1.425933, acc: 50.30, bacc: 33.94, tmp_test_f1: 25.24, f1: 28.71
epoch: 359, val_loss:1.350377, acc: 50.30, bacc: 33.94, tmp_test_f1: 26.19, f1: 28.71
epoch: 360, val_loss:1.310852, acc: 50.30, bacc: 33.94, tmp_test_f1: 24.77, f1: 28.71
epoch: 361, val_loss:1.325112, acc: 50.30, bacc: 33.94, tmp_test_f1: 26.33, f1: 28.71
epoch: 362, val_loss:1.310395, acc: 50.30, bacc: 33.94, tmp_test_f1: 26.95, f1: 28.71
epoch: 363, val_loss:1.341043, acc: 50.30, bacc: 33.94, tmp_test_f1: 26.20, f1: 28.71
epoch: 364, val_loss:1.403232, acc: 50.30, bacc: 33.94, tmp_test_f1: 27.30, f1: 28.71
epoch: 365, val_loss:1.341288, acc: 50.30, bacc: 33.94, tmp_test_f1: 26.13, f1: 28.71
epoch: 366, val_loss:1.318558, acc: 50.30, bacc: 33.94, tmp_test_f1: 25.43, f1: 28.71
epoch: 367, val_loss:1.329930, acc: 50.30, bacc: 33.94, tmp_test_f1: 25.79, f1: 28.71
epoch: 368, val_loss:1.318782, acc: 50.30, bacc: 33.94, tmp_test_f1: 25.54, f1: 28.71
Epoch 00369: reducing learning rate of group 0 to 5.0000e-02.
epoch: 369, val_loss:1.376455, acc: 50.30, bacc: 33.94, tmp_test_f1: 25.54, f1: 28.71
epoch: 370, val_loss:1.399212, acc: 50.30, bacc: 33.94, tmp_test_f1: 25.99, f1: 28.71
epoch: 371, val_loss:1.353158, acc: 50.30, bacc: 33.94, tmp_test_f1: 25.89, f1: 28.71
epoch: 372, val_loss:1.317610, acc: 50.30, bacc: 33.94, tmp_test_f1: 25.24, f1: 28.71
epoch: 373, val_loss:1.315513, acc: 50.30, bacc: 33.94, tmp_test_f1: 26.10, f1: 28.71
epoch: 374, val_loss:1.319033, acc: 50.30, bacc: 33.94, tmp_test_f1: 25.15, f1: 28.71
epoch: 375, val_loss:1.309133, acc: 50.30, bacc: 33.94, tmp_test_f1: 25.96, f1: 28.71
epoch: 376, val_loss:1.316944, acc: 50.30, bacc: 33.94, tmp_test_f1: 25.46, f1: 28.71
epoch: 377, val_loss:1.369680, acc: 50.30, bacc: 33.94, tmp_test_f1: 25.68, f1: 28.71
epoch: 378, val_loss:1.406801, acc: 50.30, bacc: 33.94, tmp_test_f1: 26.57, f1: 28.71
epoch: 379, val_loss:1.362738, acc: 50.30, bacc: 33.94, tmp_test_f1: 26.50, f1: 28.71
epoch: 380, val_loss:1.314958, acc: 50.30, bacc: 33.94, tmp_test_f1: 26.76, f1: 28.71
epoch: 381, val_loss:1.307336, acc: 50.30, bacc: 33.94, tmp_test_f1: 25.06, f1: 28.71
epoch: 382, val_loss:1.312764, acc: 50.30, bacc: 33.94, tmp_test_f1: 25.35, f1: 28.71
epoch: 383, val_loss:1.308369, acc: 50.30, bacc: 33.94, tmp_test_f1: 26.48, f1: 28.71
epoch: 384, val_loss:1.311540, acc: 50.30, bacc: 33.94, tmp_test_f1: 26.81, f1: 28.71
epoch: 385, val_loss:1.339743, acc: 50.30, bacc: 33.94, tmp_test_f1: 25.83, f1: 28.71
epoch: 386, val_loss:1.374940, acc: 50.30, bacc: 33.94, tmp_test_f1: 26.18, f1: 28.71
epoch: 387, val_loss:1.357131, acc: 50.30, bacc: 33.94, tmp_test_f1: 25.95, f1: 28.71
epoch: 388, val_loss:1.324663, acc: 50.30, bacc: 33.94, tmp_test_f1: 24.88, f1: 28.71
epoch: 389, val_loss:1.312681, acc: 50.30, bacc: 33.94, tmp_test_f1: 25.28, f1: 28.71
epoch: 390, val_loss:1.313260, acc: 50.30, bacc: 33.94, tmp_test_f1: 25.31, f1: 28.71
epoch: 391, val_loss:1.314333, acc: 50.30, bacc: 33.94, tmp_test_f1: 25.04, f1: 28.71
epoch: 392, val_loss:1.319940, acc: 50.30, bacc: 33.94, tmp_test_f1: 25.72, f1: 28.71
epoch: 393, val_loss:1.336202, acc: 50.30, bacc: 33.94, tmp_test_f1: 26.73, f1: 28.71
epoch: 394, val_loss:1.356190, acc: 50.30, bacc: 33.94, tmp_test_f1: 26.24, f1: 28.71
epoch: 395, val_loss:1.355745, acc: 50.30, bacc: 33.94, tmp_test_f1: 25.40, f1: 28.71
epoch: 396, val_loss:1.330339, acc: 50.30, bacc: 33.94, tmp_test_f1: 25.55, f1: 28.71
epoch: 397, val_loss:1.319335, acc: 50.30, bacc: 33.94, tmp_test_f1: 25.49, f1: 28.71
epoch: 398, val_loss:1.317649, acc: 50.30, bacc: 33.94, tmp_test_f1: 26.09, f1: 28.71
epoch: 399, val_loss:1.318292, acc: 50.30, bacc: 33.94, tmp_test_f1: 26.57, f1: 28.71
epoch: 400, val_loss:1.328558, acc: 50.30, bacc: 33.94, tmp_test_f1: 26.07, f1: 28.71
epoch: 401, val_loss:1.343175, acc: 50.30, bacc: 33.94, tmp_test_f1: 26.12, f1: 28.71
epoch: 402, val_loss:1.349778, acc: 50.30, bacc: 33.94, tmp_test_f1: 26.09, f1: 28.71
epoch: 403, val_loss:1.334812, acc: 50.30, bacc: 33.94, tmp_test_f1: 26.72, f1: 28.71
epoch: 404, val_loss:1.319824, acc: 50.30, bacc: 33.94, tmp_test_f1: 25.86, f1: 28.71
epoch: 405, val_loss:1.318210, acc: 50.30, bacc: 33.94, tmp_test_f1: 26.96, f1: 28.71
epoch: 406, val_loss:1.319916, acc: 50.30, bacc: 33.94, tmp_test_f1: 26.49, f1: 28.71
epoch: 407, val_loss:1.327249, acc: 50.30, bacc: 33.94, tmp_test_f1: 26.27, f1: 28.71
epoch: 408, val_loss:1.340658, acc: 50.30, bacc: 33.94, tmp_test_f1: 25.82, f1: 28.71
epoch: 409, val_loss:1.347329, acc: 50.30, bacc: 33.94, tmp_test_f1: 25.97, f1: 28.71
epoch: 410, val_loss:1.337986, acc: 50.30, bacc: 33.94, tmp_test_f1: 26.82, f1: 28.71
epoch: 411, val_loss:1.326214, acc: 50.30, bacc: 33.94, tmp_test_f1: 25.23, f1: 28.71
epoch: 412, val_loss:1.321408, acc: 50.30, bacc: 33.94, tmp_test_f1: 25.81, f1: 28.71
epoch: 413, val_loss:1.323342, acc: 50.30, bacc: 33.94, tmp_test_f1: 27.34, f1: 28.71
epoch: 414, val_loss:1.334112, acc: 50.30, bacc: 33.94, tmp_test_f1: 25.77, f1: 28.71
epoch: 415, val_loss:1.348243, acc: 50.30, bacc: 33.94, tmp_test_f1: 25.70, f1: 28.71
epoch: 416, val_loss:1.347081, acc: 50.30, bacc: 33.94, tmp_test_f1: 25.75, f1: 28.71
epoch: 417, val_loss:1.344352, acc: 50.30, bacc: 33.94, tmp_test_f1: 26.21, f1: 28.71
epoch: 418, val_loss:1.339644, acc: 50.30, bacc: 33.94, tmp_test_f1: 26.01, f1: 28.71
epoch: 419, val_loss:1.335159, acc: 50.30, bacc: 33.94, tmp_test_f1: 25.99, f1: 28.71
epoch: 420, val_loss:1.334203, acc: 50.30, bacc: 33.94, tmp_test_f1: 26.15, f1: 28.71
epoch: 421, val_loss:1.334496, acc: 50.30, bacc: 33.94, tmp_test_f1: 27.76, f1: 28.71
epoch: 422, val_loss:1.336572, acc: 50.30, bacc: 33.94, tmp_test_f1: 26.03, f1: 28.71
epoch: 423, val_loss:1.344158, acc: 50.30, bacc: 33.94, tmp_test_f1: 26.14, f1: 28.71
epoch: 424, val_loss:1.350594, acc: 50.30, bacc: 33.94, tmp_test_f1: 26.11, f1: 28.71
epoch: 425, val_loss:1.344155, acc: 50.30, bacc: 33.94, tmp_test_f1: 25.85, f1: 28.71
epoch: 426, val_loss:1.335414, acc: 50.30, bacc: 33.94, tmp_test_f1: 25.59, f1: 28.71
epoch: 427, val_loss:1.328994, acc: 50.30, bacc: 33.94, tmp_test_f1: 25.23, f1: 28.71
epoch: 428, val_loss:1.327720, acc: 50.30, bacc: 33.94, tmp_test_f1: 26.06, f1: 28.71
epoch: 429, val_loss:1.338299, acc: 50.30, bacc: 33.94, tmp_test_f1: 25.20, f1: 28.71
epoch: 430, val_loss:1.354549, acc: 50.30, bacc: 33.94, tmp_test_f1: 25.40, f1: 28.71
epoch: 431, val_loss:1.350854, acc: 50.30, bacc: 33.94, tmp_test_f1: 26.14, f1: 28.71
epoch: 432, val_loss:1.334726, acc: 50.30, bacc: 33.94, tmp_test_f1: 25.84, f1: 28.71
epoch: 433, val_loss:1.322484, acc: 50.30, bacc: 33.94, tmp_test_f1: 26.04, f1: 28.71
epoch: 434, val_loss:1.321151, acc: 50.30, bacc: 33.94, tmp_test_f1: 26.31, f1: 28.71
epoch: 435, val_loss:1.325921, acc: 50.30, bacc: 33.94, tmp_test_f1: 25.18, f1: 28.71
epoch: 436, val_loss:1.352382, acc: 50.30, bacc: 33.94, tmp_test_f1: 25.28, f1: 28.71
epoch: 437, val_loss:1.373616, acc: 50.30, bacc: 33.94, tmp_test_f1: 25.59, f1: 28.71
epoch: 438, val_loss:1.349422, acc: 50.30, bacc: 33.94, tmp_test_f1: 26.94, f1: 28.71
epoch: 439, val_loss:1.324111, acc: 50.30, bacc: 33.94, tmp_test_f1: 25.81, f1: 28.71
epoch: 440, val_loss:1.321710, acc: 50.30, bacc: 33.94, tmp_test_f1: 27.35, f1: 28.71
epoch: 441, val_loss:1.323353, acc: 50.30, bacc: 33.94, tmp_test_f1: 26.74, f1: 28.71
epoch: 442, val_loss:1.337857, acc: 50.30, bacc: 33.94, tmp_test_f1: 25.64, f1: 28.71
epoch: 443, val_loss:1.367156, acc: 50.30, bacc: 33.94, tmp_test_f1: 24.98, f1: 28.71
epoch: 444, val_loss:1.364168, acc: 50.30, bacc: 33.94, tmp_test_f1: 25.97, f1: 28.71
epoch: 445, val_loss:1.339331, acc: 50.30, bacc: 33.94, tmp_test_f1: 26.33, f1: 28.71
epoch: 446, val_loss:1.327858, acc: 50.30, bacc: 33.94, tmp_test_f1: 25.80, f1: 28.71
epoch: 447, val_loss:1.326107, acc: 50.30, bacc: 33.94, tmp_test_f1: 26.39, f1: 28.71
epoch: 448, val_loss:1.331677, acc: 50.30, bacc: 33.94, tmp_test_f1: 26.02, f1: 28.71
epoch: 449, val_loss:1.355673, acc: 50.30, bacc: 33.94, tmp_test_f1: 25.66, f1: 28.71
epoch: 450, val_loss:1.365037, acc: 50.30, bacc: 33.94, tmp_test_f1: 26.55, f1: 28.71
epoch: 451, val_loss:1.346613, acc: 50.30, bacc: 33.94, tmp_test_f1: 25.53, f1: 28.71
epoch: 452, val_loss:1.328251, acc: 50.30, bacc: 33.94, tmp_test_f1: 25.79, f1: 28.71
epoch: 453, val_loss:1.323017, acc: 50.30, bacc: 33.94, tmp_test_f1: 25.91, f1: 28.71
epoch: 454, val_loss:1.323990, acc: 50.30, bacc: 33.94, tmp_test_f1: 25.63, f1: 28.71
epoch: 455, val_loss:1.337060, acc: 50.30, bacc: 33.94, tmp_test_f1: 25.16, f1: 28.71
epoch: 456, val_loss:1.353695, acc: 50.30, bacc: 33.94, tmp_test_f1: 25.30, f1: 28.71
epoch: 457, val_loss:1.350913, acc: 50.30, bacc: 33.94, tmp_test_f1: 26.79, f1: 28.71
epoch: 458, val_loss:1.335556, acc: 50.30, bacc: 33.94, tmp_test_f1: 26.03, f1: 28.71
epoch: 459, val_loss:1.324991, acc: 50.30, bacc: 33.94, tmp_test_f1: 26.35, f1: 28.71
epoch: 460, val_loss:1.326747, acc: 50.30, bacc: 33.94, tmp_test_f1: 26.71, f1: 28.71
epoch: 461, val_loss:1.340180, acc: 50.30, bacc: 33.94, tmp_test_f1: 26.30, f1: 28.71
epoch: 462, val_loss:1.348349, acc: 50.30, bacc: 33.94, tmp_test_f1: 26.24, f1: 28.71
epoch: 463, val_loss:1.352434, acc: 50.30, bacc: 33.94, tmp_test_f1: 26.46, f1: 28.71
epoch: 464, val_loss:1.345995, acc: 50.30, bacc: 33.94, tmp_test_f1: 26.77, f1: 28.71
epoch: 465, val_loss:1.344999, acc: 50.30, bacc: 33.94, tmp_test_f1: 26.74, f1: 28.71
epoch: 466, val_loss:1.346259, acc: 50.30, bacc: 33.94, tmp_test_f1: 26.26, f1: 28.71
epoch: 467, val_loss:1.357613, acc: 50.30, bacc: 33.94, tmp_test_f1: 25.89, f1: 28.71
epoch: 468, val_loss:1.367154, acc: 50.30, bacc: 33.94, tmp_test_f1: 25.33, f1: 28.71
epoch: 469, val_loss:1.367324, acc: 50.30, bacc: 33.94, tmp_test_f1: 25.56, f1: 28.71
epoch: 470, val_loss:1.357559, acc: 50.30, bacc: 33.94, tmp_test_f1: 25.51, f1: 28.71
epoch: 471, val_loss:1.349036, acc: 50.30, bacc: 33.94, tmp_test_f1: 26.84, f1: 28.71
epoch: 472, val_loss:1.346946, acc: 50.30, bacc: 33.94, tmp_test_f1: 26.19, f1: 28.71
epoch: 473, val_loss:1.353463, acc: 50.30, bacc: 33.94, tmp_test_f1: 24.75, f1: 28.71
epoch: 474, val_loss:1.374392, acc: 50.30, bacc: 33.94, tmp_test_f1: 24.99, f1: 28.71
epoch: 475, val_loss:1.383099, acc: 50.30, bacc: 33.94, tmp_test_f1: 25.88, f1: 28.71
epoch: 476, val_loss:1.358293, acc: 50.30, bacc: 33.94, tmp_test_f1: 25.71, f1: 28.71
epoch: 477, val_loss:1.342641, acc: 50.30, bacc: 33.94, tmp_test_f1: 25.89, f1: 28.71
epoch: 478, val_loss:1.341722, acc: 50.30, bacc: 33.94, tmp_test_f1: 26.57, f1: 28.71
epoch: 479, val_loss:1.348989, acc: 50.30, bacc: 33.94, tmp_test_f1: 24.98, f1: 28.71
epoch: 480, val_loss:1.381589, acc: 50.30, bacc: 33.94, tmp_test_f1: 24.72, f1: 28.71
epoch: 481, val_loss:1.388815, acc: 50.30, bacc: 33.94, tmp_test_f1: 27.06, f1: 28.71
epoch: 482, val_loss:1.359823, acc: 50.30, bacc: 33.94, tmp_test_f1: 26.39, f1: 28.71
epoch: 483, val_loss:1.342703, acc: 50.30, bacc: 33.94, tmp_test_f1: 25.75, f1: 28.71
epoch: 484, val_loss:1.340834, acc: 50.30, bacc: 33.94, tmp_test_f1: 27.38, f1: 28.71
epoch: 485, val_loss:1.343963, acc: 50.30, bacc: 33.94, tmp_test_f1: 25.60, f1: 28.71
epoch: 486, val_loss:1.360484, acc: 50.30, bacc: 33.94, tmp_test_f1: 25.07, f1: 28.71
epoch: 487, val_loss:1.375892, acc: 50.30, bacc: 33.94, tmp_test_f1: 26.11, f1: 28.71
epoch: 488, val_loss:1.357170, acc: 50.30, bacc: 33.94, tmp_test_f1: 26.51, f1: 28.71
epoch: 489, val_loss:1.337938, acc: 50.30, bacc: 33.94, tmp_test_f1: 26.19, f1: 28.71
epoch: 490, val_loss:1.336733, acc: 50.30, bacc: 33.94, tmp_test_f1: 27.12, f1: 28.71
epoch: 491, val_loss:1.343400, acc: 50.30, bacc: 33.94, tmp_test_f1: 26.22, f1: 28.71
epoch: 492, val_loss:1.379033, acc: 50.30, bacc: 33.94, tmp_test_f1: 26.34, f1: 28.71
epoch: 493, val_loss:1.390142, acc: 50.30, bacc: 33.94, tmp_test_f1: 27.05, f1: 28.71
epoch: 494, val_loss:1.347079, acc: 50.30, bacc: 33.94, tmp_test_f1: 27.86, f1: 28.71
epoch: 495, val_loss:1.338671, acc: 50.30, bacc: 33.94, tmp_test_f1: 27.71, f1: 28.71
epoch: 496, val_loss:1.338562, acc: 50.30, bacc: 33.94, tmp_test_f1: 26.80, f1: 28.71
epoch: 497, val_loss:1.350176, acc: 50.30, bacc: 33.94, tmp_test_f1: 26.21, f1: 28.71
epoch: 498, val_loss:1.397738, acc: 50.30, bacc: 33.94, tmp_test_f1: 25.62, f1: 28.71
epoch: 499, val_loss:1.391562, acc: 50.30, bacc: 33.94, tmp_test_f1: 26.19, f1: 28.71
epoch: 500, val_loss:1.342786, acc: 50.30, bacc: 33.94, tmp_test_f1: 26.45, f1: 28.71
epoch: 501, val_loss:1.340662, acc: 50.30, bacc: 33.94, tmp_test_f1: 25.31, f1: 28.71
epoch: 502, val_loss:1.336777, acc: 50.30, bacc: 33.94, tmp_test_f1: 26.20, f1: 28.71
epoch: 503, val_loss:1.358994, acc: 50.30, bacc: 33.94, tmp_test_f1: 25.82, f1: 28.71
epoch: 504, val_loss:1.413784, acc: 50.30, bacc: 33.94, tmp_test_f1: 25.53, f1: 28.71
epoch: 505, val_loss:1.369163, acc: 50.30, bacc: 33.94, tmp_test_f1: 26.19, f1: 28.71
epoch: 506, val_loss:1.336754, acc: 50.30, bacc: 33.94, tmp_test_f1: 25.49, f1: 28.71
epoch: 507, val_loss:1.337894, acc: 50.30, bacc: 33.94, tmp_test_f1: 26.40, f1: 28.71
epoch: 508, val_loss:1.336818, acc: 50.30, bacc: 33.94, tmp_test_f1: 25.31, f1: 28.71
epoch: 509, val_loss:1.369505, acc: 50.30, bacc: 33.94, tmp_test_f1: 24.70, f1: 28.71
epoch: 510, val_loss:1.400883, acc: 50.30, bacc: 33.94, tmp_test_f1: 26.42, f1: 28.71
epoch: 511, val_loss:1.357585, acc: 50.30, bacc: 33.94, tmp_test_f1: 26.79, f1: 28.71
epoch: 512, val_loss:1.335900, acc: 50.30, bacc: 33.94, tmp_test_f1: 26.59, f1: 28.71
epoch: 513, val_loss:1.334584, acc: 50.30, bacc: 33.94, tmp_test_f1: 27.10, f1: 28.71
epoch: 514, val_loss:1.341152, acc: 50.30, bacc: 33.94, tmp_test_f1: 25.40, f1: 28.71
epoch: 515, val_loss:1.370702, acc: 50.30, bacc: 33.94, tmp_test_f1: 25.14, f1: 28.71
epoch: 516, val_loss:1.382840, acc: 50.30, bacc: 33.94, tmp_test_f1: 27.29, f1: 28.71
epoch: 517, val_loss:1.350497, acc: 50.30, bacc: 33.94, tmp_test_f1: 26.89, f1: 28.71
epoch: 518, val_loss:1.337704, acc: 50.30, bacc: 33.94, tmp_test_f1: 26.90, f1: 28.71
epoch: 519, val_loss:1.340308, acc: 50.30, bacc: 33.94, tmp_test_f1: 26.80, f1: 28.71
epoch: 520, val_loss:1.356493, acc: 50.30, bacc: 33.94, tmp_test_f1: 25.92, f1: 28.71
epoch: 521, val_loss:1.381608, acc: 50.30, bacc: 33.94, tmp_test_f1: 25.77, f1: 28.71
epoch: 522, val_loss:1.375992, acc: 50.30, bacc: 33.94, tmp_test_f1: 26.93, f1: 28.71
epoch: 523, val_loss:1.357410, acc: 50.30, bacc: 33.94, tmp_test_f1: 26.69, f1: 28.71
epoch: 524, val_loss:1.353677, acc: 50.30, bacc: 33.94, tmp_test_f1: 27.03, f1: 28.71
epoch: 525, val_loss:1.360257, acc: 50.30, bacc: 33.94, tmp_test_f1: 26.35, f1: 28.71
epoch: 526, val_loss:1.368753, acc: 50.30, bacc: 33.94, tmp_test_f1: 26.41, f1: 28.71
epoch: 527, val_loss:1.366544, acc: 50.30, bacc: 33.94, tmp_test_f1: 26.06, f1: 28.71
epoch: 528, val_loss:1.359222, acc: 50.30, bacc: 33.94, tmp_test_f1: 26.13, f1: 28.71
epoch: 529, val_loss:1.362346, acc: 50.30, bacc: 33.94, tmp_test_f1: 25.51, f1: 28.71
epoch: 530, val_loss:1.372586, acc: 50.30, bacc: 33.94, tmp_test_f1: 25.61, f1: 28.71
epoch: 531, val_loss:1.379357, acc: 50.30, bacc: 33.94, tmp_test_f1: 26.36, f1: 28.71
epoch: 532, val_loss:1.365500, acc: 50.30, bacc: 33.94, tmp_test_f1: 26.74, f1: 28.71
epoch: 533, val_loss:1.358880, acc: 50.30, bacc: 33.94, tmp_test_f1: 26.73, f1: 28.71
epoch: 534, val_loss:1.362699, acc: 50.30, bacc: 33.94, tmp_test_f1: 26.45, f1: 28.71
epoch: 535, val_loss:1.379394, acc: 50.30, bacc: 33.94, tmp_test_f1: 25.96, f1: 28.71
epoch: 536, val_loss:1.398205, acc: 50.30, bacc: 33.94, tmp_test_f1: 26.69, f1: 28.71
epoch: 537, val_loss:1.381902, acc: 50.30, bacc: 33.94, tmp_test_f1: 27.60, f1: 28.71
epoch: 538, val_loss:1.363118, acc: 50.30, bacc: 33.94, tmp_test_f1: 27.39, f1: 28.71
epoch: 539, val_loss:1.362508, acc: 50.30, bacc: 33.94, tmp_test_f1: 27.13, f1: 28.71
epoch: 540, val_loss:1.367793, acc: 50.30, bacc: 33.94, tmp_test_f1: 26.29, f1: 28.71
epoch: 541, val_loss:1.378326, acc: 50.30, bacc: 33.94, tmp_test_f1: 27.38, f1: 28.71
epoch: 542, val_loss:1.373562, acc: 50.30, bacc: 33.94, tmp_test_f1: 28.05, f1: 28.71
epoch: 543, val_loss:1.361969, acc: 50.30, bacc: 33.94, tmp_test_f1: 27.47, f1: 28.71
epoch: 544, val_loss:1.358140, acc: 50.30, bacc: 33.94, tmp_test_f1: 26.94, f1: 28.71
epoch: 545, val_loss:1.366122, acc: 50.30, bacc: 33.94, tmp_test_f1: 26.26, f1: 28.71
epoch: 546, val_loss:1.379950, acc: 50.30, bacc: 33.94, tmp_test_f1: 25.94, f1: 28.71
epoch: 547, val_loss:1.378033, acc: 50.30, bacc: 33.94, tmp_test_f1: 25.93, f1: 28.71
epoch: 548, val_loss:1.362947, acc: 50.30, bacc: 33.94, tmp_test_f1: 25.74, f1: 28.71
epoch: 549, val_loss:1.357349, acc: 50.30, bacc: 33.94, tmp_test_f1: 25.91, f1: 28.71
epoch: 550, val_loss:1.367254, acc: 50.30, bacc: 33.94, tmp_test_f1: 25.69, f1: 28.71
epoch: 551, val_loss:1.388125, acc: 50.30, bacc: 33.94, tmp_test_f1: 25.96, f1: 28.71
epoch: 552, val_loss:1.383265, acc: 50.30, bacc: 33.94, tmp_test_f1: 25.97, f1: 28.71
epoch: 553, val_loss:1.366994, acc: 50.30, bacc: 33.94, tmp_test_f1: 26.18, f1: 28.71
epoch: 554, val_loss:1.366818, acc: 50.30, bacc: 33.94, tmp_test_f1: 26.01, f1: 28.71
epoch: 555, val_loss:1.375583, acc: 50.30, bacc: 33.94, tmp_test_f1: 26.35, f1: 28.71
epoch: 556, val_loss:1.394564, acc: 50.30, bacc: 33.94, tmp_test_f1: 26.30, f1: 28.71
epoch: 557, val_loss:1.395858, acc: 50.30, bacc: 33.94, tmp_test_f1: 26.37, f1: 28.71
epoch: 558, val_loss:1.375680, acc: 50.30, bacc: 33.94, tmp_test_f1: 26.44, f1: 28.71
epoch: 559, val_loss:1.365202, acc: 50.30, bacc: 33.94, tmp_test_f1: 27.66, f1: 28.71
epoch: 560, val_loss:1.371116, acc: 50.30, bacc: 33.94, tmp_test_f1: 27.55, f1: 28.71
test_f1 CountNotImproved reset to 0 in epoch 561
epoch: 561, val_loss:1.393741, acc: 50.60, bacc: 34.29, tmp_test_f1: 28.71, f1: 28.71
epoch: 562, val_loss:1.380474, acc: 50.60, bacc: 34.29, tmp_test_f1: 26.74, f1: 28.71
epoch: 563, val_loss:1.354704, acc: 50.60, bacc: 34.29, tmp_test_f1: 26.77, f1: 28.71
epoch: 564, val_loss:1.353108, acc: 50.60, bacc: 34.29, tmp_test_f1: 28.31, f1: 28.71
epoch: 565, val_loss:1.374369, acc: 50.60, bacc: 34.29, tmp_test_f1: 25.55, f1: 28.71
epoch: 566, val_loss:1.414697, acc: 50.60, bacc: 34.29, tmp_test_f1: 27.29, f1: 28.71
epoch: 567, val_loss:1.374964, acc: 50.60, bacc: 34.29, tmp_test_f1: 26.32, f1: 28.71
epoch: 568, val_loss:1.353715, acc: 50.60, bacc: 34.29, tmp_test_f1: 27.19, f1: 28.71
epoch: 569, val_loss:1.353991, acc: 50.60, bacc: 34.29, tmp_test_f1: 26.60, f1: 28.71
Epoch 00570: reducing learning rate of group 0 to 2.5000e-02.
epoch: 570, val_loss:1.365157, acc: 50.60, bacc: 34.29, tmp_test_f1: 25.27, f1: 28.71
epoch: 571, val_loss:1.409044, acc: 50.60, bacc: 34.29, tmp_test_f1: 25.62, f1: 28.71
epoch: 572, val_loss:1.403818, acc: 50.60, bacc: 34.29, tmp_test_f1: 26.91, f1: 28.71
epoch: 573, val_loss:1.376842, acc: 50.60, bacc: 34.29, tmp_test_f1: 25.88, f1: 28.71
epoch: 574, val_loss:1.362479, acc: 50.60, bacc: 34.29, tmp_test_f1: 25.07, f1: 28.71
epoch: 575, val_loss:1.362586, acc: 50.60, bacc: 34.29, tmp_test_f1: 25.73, f1: 28.71
epoch: 576, val_loss:1.364520, acc: 50.60, bacc: 34.29, tmp_test_f1: 27.03, f1: 28.71
epoch: 577, val_loss:1.375582, acc: 50.60, bacc: 34.29, tmp_test_f1: 24.97, f1: 28.71
epoch: 578, val_loss:1.403075, acc: 50.60, bacc: 34.29, tmp_test_f1: 24.89, f1: 28.71
epoch: 579, val_loss:1.422272, acc: 50.60, bacc: 34.29, tmp_test_f1: 26.45, f1: 28.71
epoch: 580, val_loss:1.402551, acc: 50.60, bacc: 34.29, tmp_test_f1: 26.16, f1: 28.71
epoch: 581, val_loss:1.376309, acc: 50.60, bacc: 34.29, tmp_test_f1: 27.21, f1: 28.71
epoch: 582, val_loss:1.367378, acc: 50.60, bacc: 34.29, tmp_test_f1: 27.50, f1: 28.71
epoch: 583, val_loss:1.367000, acc: 50.60, bacc: 34.29, tmp_test_f1: 27.61, f1: 28.71
epoch: 584, val_loss:1.367204, acc: 50.60, bacc: 34.29, tmp_test_f1: 27.29, f1: 28.71
epoch: 585, val_loss:1.381107, acc: 50.60, bacc: 34.29, tmp_test_f1: 26.85, f1: 28.71
epoch: 586, val_loss:1.406567, acc: 50.60, bacc: 34.29, tmp_test_f1: 25.94, f1: 28.71
epoch: 587, val_loss:1.416489, acc: 50.60, bacc: 34.29, tmp_test_f1: 26.58, f1: 28.71
epoch: 588, val_loss:1.394892, acc: 50.60, bacc: 34.29, tmp_test_f1: 26.63, f1: 28.71
epoch: 589, val_loss:1.369281, acc: 50.60, bacc: 34.29, tmp_test_f1: 26.61, f1: 28.71
epoch: 590, val_loss:1.361735, acc: 50.60, bacc: 34.29, tmp_test_f1: 26.72, f1: 28.71
epoch: 591, val_loss:1.361721, acc: 50.60, bacc: 34.29, tmp_test_f1: 26.77, f1: 28.71
epoch: 592, val_loss:1.365381, acc: 50.60, bacc: 34.29, tmp_test_f1: 26.24, f1: 28.71
epoch: 593, val_loss:1.390606, acc: 50.60, bacc: 34.29, tmp_test_f1: 25.30, f1: 28.71
epoch: 594, val_loss:1.421150, acc: 50.60, bacc: 34.29, tmp_test_f1: 25.76, f1: 28.71
epoch: 595, val_loss:1.408347, acc: 50.60, bacc: 34.29, tmp_test_f1: 26.57, f1: 28.71
epoch: 596, val_loss:1.377506, acc: 50.60, bacc: 34.29, tmp_test_f1: 26.26, f1: 28.71
epoch: 597, val_loss:1.362455, acc: 50.60, bacc: 34.29, tmp_test_f1: 27.09, f1: 28.71
epoch: 598, val_loss:1.362403, acc: 50.60, bacc: 34.29, tmp_test_f1: 26.92, f1: 28.71
epoch: 599, val_loss:1.362584, acc: 50.60, bacc: 34.29, tmp_test_f1: 26.50, f1: 28.71
epoch: 600, val_loss:1.373636, acc: 50.60, bacc: 34.29, tmp_test_f1: 25.95, f1: 28.71
epoch: 601, val_loss:1.406004, acc: 50.60, bacc: 34.29, tmp_test_f1: 25.83, f1: 28.71
epoch: 602, val_loss:1.427692, acc: 50.60, bacc: 34.29, tmp_test_f1: 26.89, f1: 28.71
epoch: 603, val_loss:1.407755, acc: 50.60, bacc: 34.29, tmp_test_f1: 27.28, f1: 28.71
epoch: 604, val_loss:1.376246, acc: 50.60, bacc: 34.29, tmp_test_f1: 25.97, f1: 28.71
epoch: 605, val_loss:1.363756, acc: 50.60, bacc: 34.29, tmp_test_f1: 25.31, f1: 28.71
epoch: 606, val_loss:1.363403, acc: 50.60, bacc: 34.29, tmp_test_f1: 26.46, f1: 28.71
epoch: 607, val_loss:1.363917, acc: 50.60, bacc: 34.29, tmp_test_f1: 26.51, f1: 28.71
epoch: 608, val_loss:1.372740, acc: 50.60, bacc: 34.29, tmp_test_f1: 25.67, f1: 28.71
epoch: 609, val_loss:1.393364, acc: 50.60, bacc: 34.29, tmp_test_f1: 25.01, f1: 28.71
epoch: 610, val_loss:1.409714, acc: 50.60, bacc: 34.29, tmp_test_f1: 26.22, f1: 28.71
epoch: 611, val_loss:1.398346, acc: 50.60, bacc: 34.29, tmp_test_f1: 27.41, f1: 28.71
epoch: 612, val_loss:1.372423, acc: 50.60, bacc: 34.29, tmp_test_f1: 27.21, f1: 28.71
epoch: 613, val_loss:1.362714, acc: 50.60, bacc: 34.29, tmp_test_f1: 27.54, f1: 28.71
epoch: 614, val_loss:1.361008, acc: 50.60, bacc: 34.29, tmp_test_f1: 26.99, f1: 28.71
epoch: 615, val_loss:1.363191, acc: 50.60, bacc: 34.29, tmp_test_f1: 26.50, f1: 28.71
epoch: 616, val_loss:1.378248, acc: 50.60, bacc: 34.29, tmp_test_f1: 26.25, f1: 28.71
epoch: 617, val_loss:1.391924, acc: 50.60, bacc: 34.29, tmp_test_f1: 26.10, f1: 28.71
epoch: 618, val_loss:1.391437, acc: 50.60, bacc: 34.29, tmp_test_f1: 26.43, f1: 28.71
epoch: 619, val_loss:1.377689, acc: 50.60, bacc: 34.29, tmp_test_f1: 26.89, f1: 28.71
epoch: 620, val_loss:1.366380, acc: 50.60, bacc: 34.29, tmp_test_f1: 27.99, f1: 28.71
epoch: 621, val_loss:1.361194, acc: 50.60, bacc: 34.29, tmp_test_f1: 27.62, f1: 28.71
epoch: 622, val_loss:1.362131, acc: 50.60, bacc: 34.29, tmp_test_f1: 26.49, f1: 28.71
epoch: 623, val_loss:1.370188, acc: 50.60, bacc: 34.29, tmp_test_f1: 25.96, f1: 28.71
epoch: 624, val_loss:1.383208, acc: 50.60, bacc: 34.29, tmp_test_f1: 26.67, f1: 28.71
epoch: 625, val_loss:1.389921, acc: 50.60, bacc: 34.29, tmp_test_f1: 27.55, f1: 28.71
epoch: 626, val_loss:1.380990, acc: 50.60, bacc: 34.29, tmp_test_f1: 27.62, f1: 28.71
epoch: 627, val_loss:1.366656, acc: 50.60, bacc: 34.29, tmp_test_f1: 27.34, f1: 28.71
epoch: 628, val_loss:1.361035, acc: 50.60, bacc: 34.29, tmp_test_f1: 27.17, f1: 28.71
epoch: 629, val_loss:1.362074, acc: 50.60, bacc: 34.29, tmp_test_f1: 27.02, f1: 28.71
epoch: 630, val_loss:1.368515, acc: 50.60, bacc: 34.29, tmp_test_f1: 27.32, f1: 28.71
epoch: 631, val_loss:1.382750, acc: 50.60, bacc: 34.29, tmp_test_f1: 25.78, f1: 28.71
epoch: 632, val_loss:1.395326, acc: 50.60, bacc: 34.29, tmp_test_f1: 26.38, f1: 28.71
epoch: 633, val_loss:1.389881, acc: 50.60, bacc: 34.29, tmp_test_f1: 27.45, f1: 28.71
epoch: 634, val_loss:1.374467, acc: 50.60, bacc: 34.29, tmp_test_f1: 27.03, f1: 28.71
epoch: 635, val_loss:1.364239, acc: 50.60, bacc: 34.29, tmp_test_f1: 27.81, f1: 28.71
epoch: 636, val_loss:1.361673, acc: 50.60, bacc: 34.29, tmp_test_f1: 28.05, f1: 28.71
epoch: 637, val_loss:1.364535, acc: 50.60, bacc: 34.29, tmp_test_f1: 27.61, f1: 28.71
epoch: 638, val_loss:1.374205, acc: 50.60, bacc: 34.29, tmp_test_f1: 27.34, f1: 28.71
epoch: 639, val_loss:1.390242, acc: 50.60, bacc: 34.29, tmp_test_f1: 27.11, f1: 28.71
epoch: 640, val_loss:1.392834, acc: 50.60, bacc: 34.29, tmp_test_f1: 26.45, f1: 28.71
epoch: 641, val_loss:1.381431, acc: 50.60, bacc: 34.29, tmp_test_f1: 27.25, f1: 28.71
epoch: 642, val_loss:1.366760, acc: 50.60, bacc: 34.29, tmp_test_f1: 27.75, f1: 28.71
epoch: 643, val_loss:1.360937, acc: 50.60, bacc: 34.29, tmp_test_f1: 27.73, f1: 28.71
epoch: 644, val_loss:1.363063, acc: 50.60, bacc: 34.29, tmp_test_f1: 28.40, f1: 28.71
epoch: 645, val_loss:1.375180, acc: 50.60, bacc: 34.29, tmp_test_f1: 25.28, f1: 28.71
epoch: 646, val_loss:1.396587, acc: 50.60, bacc: 34.29, tmp_test_f1: 24.86, f1: 28.71
epoch: 647, val_loss:1.405199, acc: 50.60, bacc: 34.29, tmp_test_f1: 25.94, f1: 28.71
epoch: 648, val_loss:1.393067, acc: 50.60, bacc: 34.29, tmp_test_f1: 26.67, f1: 28.71
epoch: 649, val_loss:1.372114, acc: 50.60, bacc: 34.29, tmp_test_f1: 27.95, f1: 28.71
epoch: 650, val_loss:1.361798, acc: 50.60, bacc: 34.29, tmp_test_f1: 27.96, f1: 28.71
epoch: 651, val_loss:1.360636, acc: 50.60, bacc: 34.29, tmp_test_f1: 27.03, f1: 28.71
epoch: 652, val_loss:1.368584, acc: 50.60, bacc: 34.29, tmp_test_f1: 25.86, f1: 28.71
epoch: 653, val_loss:1.383561, acc: 50.60, bacc: 34.29, tmp_test_f1: 26.03, f1: 28.71
epoch: 654, val_loss:1.391978, acc: 50.60, bacc: 34.29, tmp_test_f1: 26.81, f1: 28.71
epoch: 655, val_loss:1.383285, acc: 50.60, bacc: 34.29, tmp_test_f1: 26.45, f1: 28.71
epoch: 656, val_loss:1.370391, acc: 50.60, bacc: 34.29, tmp_test_f1: 26.96, f1: 28.71
epoch: 657, val_loss:1.364010, acc: 50.60, bacc: 34.29, tmp_test_f1: 27.10, f1: 28.71
epoch: 658, val_loss:1.363622, acc: 50.60, bacc: 34.29, tmp_test_f1: 27.12, f1: 28.71
epoch: 659, val_loss:1.372254, acc: 50.60, bacc: 34.29, tmp_test_f1: 26.74, f1: 28.71
epoch: 660, val_loss:1.384721, acc: 50.60, bacc: 34.29, tmp_test_f1: 26.43, f1: 28.71
epoch: 661, val_loss:1.388674, acc: 50.60, bacc: 34.29, tmp_test_f1: 26.68, f1: 28.71
epoch: 662, val_loss:1.381417, acc: 50.60, bacc: 34.29, tmp_test_f1: 26.85, f1: 28.71
epoch: 663, val_loss:1.371830, acc: 50.60, bacc: 34.29, tmp_test_f1: 27.61, f1: 28.71
epoch: 664, val_loss:1.365538, acc: 50.60, bacc: 34.29, tmp_test_f1: 27.14, f1: 28.71
epoch: 665, val_loss:1.364586, acc: 50.60, bacc: 34.29, tmp_test_f1: 26.71, f1: 28.71
epoch: 666, val_loss:1.370799, acc: 50.60, bacc: 34.29, tmp_test_f1: 26.06, f1: 28.71
epoch: 667, val_loss:1.384388, acc: 50.60, bacc: 34.29, tmp_test_f1: 24.60, f1: 28.71
epoch: 668, val_loss:1.399217, acc: 50.60, bacc: 34.29, tmp_test_f1: 25.01, f1: 28.71
epoch: 669, val_loss:1.391770, acc: 50.60, bacc: 34.29, tmp_test_f1: 26.28, f1: 28.71
epoch: 670, val_loss:1.372856, acc: 50.60, bacc: 34.29, tmp_test_f1: 26.87, f1: 28.71
epoch: 671, val_loss:1.361430, acc: 50.60, bacc: 34.29, tmp_test_f1: 26.84, f1: 28.71
epoch: 672, val_loss:1.359712, acc: 50.60, bacc: 34.29, tmp_test_f1: 26.41, f1: 28.71
epoch: 673, val_loss:1.365379, acc: 50.60, bacc: 34.29, tmp_test_f1: 26.57, f1: 28.71
epoch: 674, val_loss:1.391852, acc: 50.60, bacc: 34.29, tmp_test_f1: 25.40, f1: 28.71
epoch: 675, val_loss:1.416622, acc: 50.60, bacc: 34.29, tmp_test_f1: 25.20, f1: 28.71
epoch: 676, val_loss:1.407828, acc: 50.60, bacc: 34.29, tmp_test_f1: 26.36, f1: 28.71
epoch: 677, val_loss:1.370518, acc: 50.60, bacc: 34.29, tmp_test_f1: 28.07, f1: 28.71
epoch: 678, val_loss:1.352930, acc: 50.60, bacc: 34.29, tmp_test_f1: 28.30, f1: 28.71
epoch: 679, val_loss:1.351766, acc: 50.60, bacc: 34.29, tmp_test_f1: 27.01, f1: 28.71
epoch: 680, val_loss:1.359374, acc: 50.60, bacc: 34.29, tmp_test_f1: 26.78, f1: 28.71
epoch: 681, val_loss:1.381886, acc: 50.60, bacc: 34.29, tmp_test_f1: 27.64, f1: 28.71
epoch: 682, val_loss:1.390669, acc: 50.60, bacc: 34.29, tmp_test_f1: 27.15, f1: 28.71
epoch: 683, val_loss:1.379785, acc: 50.60, bacc: 34.29, tmp_test_f1: 27.27, f1: 28.71
epoch: 684, val_loss:1.359781, acc: 50.60, bacc: 34.29, tmp_test_f1: 27.69, f1: 28.71
epoch: 685, val_loss:1.351691, acc: 50.60, bacc: 34.29, tmp_test_f1: 27.65, f1: 28.71
epoch: 686, val_loss:1.352190, acc: 50.60, bacc: 34.29, tmp_test_f1: 27.46, f1: 28.71
epoch: 687, val_loss:1.361904, acc: 50.60, bacc: 34.29, tmp_test_f1: 26.65, f1: 28.71
epoch: 688, val_loss:1.382814, acc: 50.60, bacc: 34.29, tmp_test_f1: 25.45, f1: 28.71
epoch: 689, val_loss:1.395666, acc: 50.60, bacc: 34.29, tmp_test_f1: 27.47, f1: 28.71
epoch: 690, val_loss:1.377753, acc: 50.60, bacc: 34.29, tmp_test_f1: 27.92, f1: 28.71
epoch: 691, val_loss:1.359111, acc: 50.60, bacc: 34.29, tmp_test_f1: 28.01, f1: 28.71
epoch: 692, val_loss:1.353989, acc: 50.60, bacc: 34.29, tmp_test_f1: 28.01, f1: 28.71
epoch: 693, val_loss:1.354683, acc: 50.60, bacc: 34.29, tmp_test_f1: 28.18, f1: 28.71
epoch: 694, val_loss:1.366970, acc: 50.60, bacc: 34.29, tmp_test_f1: 26.10, f1: 28.71
epoch: 695, val_loss:1.401446, acc: 50.60, bacc: 34.29, tmp_test_f1: 25.12, f1: 28.71
epoch: 696, val_loss:1.410961, acc: 50.60, bacc: 34.29, tmp_test_f1: 26.27, f1: 28.71
epoch: 697, val_loss:1.385502, acc: 50.60, bacc: 34.29, tmp_test_f1: 27.91, f1: 28.71
test_f1 CountNotImproved reset to 0 in epoch 698
epoch: 698, val_loss:1.360407, acc: 51.00, bacc: 34.92, tmp_test_f1: 29.39, f1: 29.39
test_f1 CountNotImproved reset to 0 in epoch 699
epoch: 699, val_loss:1.351607, acc: 51.20, bacc: 35.07, tmp_test_f1: 29.43, f1: 29.43
epoch: 700, val_loss:1.350854, acc: 51.20, bacc: 35.07, tmp_test_f1: 28.29, f1: 29.43
epoch: 701, val_loss:1.358696, acc: 51.20, bacc: 35.07, tmp_test_f1: 26.26, f1: 29.43
epoch: 702, val_loss:1.384387, acc: 51.20, bacc: 35.07, tmp_test_f1: 25.36, f1: 29.43
epoch: 703, val_loss:1.407805, acc: 51.20, bacc: 35.07, tmp_test_f1: 25.68, f1: 29.43
epoch: 704, val_loss:1.391541, acc: 51.20, bacc: 35.07, tmp_test_f1: 28.12, f1: 29.43
epoch: 705, val_loss:1.362403, acc: 51.20, bacc: 35.07, tmp_test_f1: 29.32, f1: 29.43
epoch: 706, val_loss:1.351275, acc: 51.20, bacc: 35.07, tmp_test_f1: 28.21, f1: 29.43
epoch: 707, val_loss:1.352107, acc: 51.20, bacc: 35.07, tmp_test_f1: 27.60, f1: 29.43
epoch: 708, val_loss:1.362524, acc: 51.20, bacc: 35.07, tmp_test_f1: 26.01, f1: 29.43
epoch: 709, val_loss:1.394890, acc: 51.20, bacc: 35.07, tmp_test_f1: 24.77, f1: 29.43
epoch: 710, val_loss:1.418573, acc: 51.20, bacc: 35.07, tmp_test_f1: 25.50, f1: 29.43
epoch: 711, val_loss:1.401367, acc: 51.20, bacc: 35.07, tmp_test_f1: 27.40, f1: 29.43
epoch: 712, val_loss:1.368849, acc: 51.20, bacc: 35.07, tmp_test_f1: 27.56, f1: 29.43
epoch: 713, val_loss:1.358494, acc: 51.20, bacc: 35.07, tmp_test_f1: 27.69, f1: 29.43
epoch: 714, val_loss:1.359723, acc: 51.20, bacc: 35.07, tmp_test_f1: 27.14, f1: 29.43
epoch: 715, val_loss:1.371343, acc: 51.20, bacc: 35.07, tmp_test_f1: 25.89, f1: 29.43
epoch: 716, val_loss:1.396454, acc: 51.20, bacc: 35.07, tmp_test_f1: 25.11, f1: 29.43
epoch: 717, val_loss:1.409338, acc: 51.20, bacc: 35.07, tmp_test_f1: 25.69, f1: 29.43
epoch: 718, val_loss:1.398141, acc: 51.20, bacc: 35.07, tmp_test_f1: 26.87, f1: 29.43
epoch: 719, val_loss:1.375264, acc: 51.20, bacc: 35.07, tmp_test_f1: 27.39, f1: 29.43
epoch: 720, val_loss:1.363546, acc: 51.20, bacc: 35.07, tmp_test_f1: 27.45, f1: 29.43
epoch: 721, val_loss:1.364538, acc: 51.20, bacc: 35.07, tmp_test_f1: 27.28, f1: 29.43
epoch: 722, val_loss:1.371961, acc: 51.20, bacc: 35.07, tmp_test_f1: 25.13, f1: 29.43
epoch: 723, val_loss:1.398775, acc: 51.20, bacc: 35.07, tmp_test_f1: 25.22, f1: 29.43
epoch: 724, val_loss:1.422577, acc: 51.20, bacc: 35.07, tmp_test_f1: 25.71, f1: 29.43
epoch: 725, val_loss:1.399224, acc: 51.20, bacc: 35.07, tmp_test_f1: 26.68, f1: 29.43
epoch: 726, val_loss:1.374556, acc: 51.20, bacc: 35.07, tmp_test_f1: 28.34, f1: 29.43
epoch: 727, val_loss:1.366325, acc: 51.20, bacc: 35.07, tmp_test_f1: 28.41, f1: 29.43
epoch: 728, val_loss:1.366030, acc: 51.20, bacc: 35.07, tmp_test_f1: 27.26, f1: 29.43
epoch: 729, val_loss:1.370907, acc: 51.20, bacc: 35.07, tmp_test_f1: 26.99, f1: 29.43
epoch: 730, val_loss:1.391244, acc: 51.20, bacc: 35.07, tmp_test_f1: 25.97, f1: 29.43
epoch: 731, val_loss:1.410612, acc: 51.20, bacc: 35.07, tmp_test_f1: 26.29, f1: 29.43
epoch: 732, val_loss:1.401593, acc: 51.20, bacc: 35.07, tmp_test_f1: 26.96, f1: 29.43
epoch: 733, val_loss:1.379366, acc: 51.20, bacc: 35.07, tmp_test_f1: 28.64, f1: 29.43
epoch: 734, val_loss:1.367346, acc: 51.20, bacc: 35.07, tmp_test_f1: 29.39, f1: 29.43
epoch: 735, val_loss:1.366153, acc: 51.20, bacc: 35.07, tmp_test_f1: 27.89, f1: 29.43
epoch: 736, val_loss:1.370739, acc: 51.20, bacc: 35.07, tmp_test_f1: 27.07, f1: 29.43
epoch: 737, val_loss:1.389665, acc: 51.20, bacc: 35.07, tmp_test_f1: 25.45, f1: 29.43
epoch: 738, val_loss:1.405476, acc: 51.20, bacc: 35.07, tmp_test_f1: 26.77, f1: 29.43
epoch: 739, val_loss:1.393420, acc: 51.20, bacc: 35.07, tmp_test_f1: 26.32, f1: 29.43
epoch: 740, val_loss:1.376415, acc: 51.20, bacc: 35.07, tmp_test_f1: 29.21, f1: 29.43
