CUDA Device Index: 1
Namespace(IsDirectedData=True, AugDirect=0, net='DiG', GPUdevice=1, seed=100, undirect_dataset='CiteSeer', Direct_dataset='WikipediaNetwork/squirrel', imb_ratio=100, dropout=0.1, num_filter=2, layer=2, alpha=0.1, K=2, feat_dim=64, warmup=5, epoch=1500, lr=0.1, l2=0.0005, tau=2, max=False, no_mask=False, gdc='ppr', heads=8, log_root='../logs/', log_path='test', data_path='../dataset/data/tmp/')
DiModel(
  (conv1): DIGCNConv(2089, 2)
  (conv2): DIGCNConv(2, 2)
  (Conv): Conv1d(2, 5, kernel_size=(1,), stride=(1,))
)
splits 10
test_f1 CountNotImproved reset to 0 in epoch 0
epoch:   0, val_loss:1.663363, acc: 19.31, bacc: 20.00, tmp_test_f1: 6.47, f1: 6.47
test_f1 CountNotImproved reset to 0 in epoch 1
epoch:   1, val_loss:1.715453, acc: 19.60, bacc: 20.23, tmp_test_f1: 8.02, f1: 8.02
epoch:   2, val_loss:2.164011, acc: 19.60, bacc: 20.23, tmp_test_f1: 6.47, f1: 8.02
epoch:   3, val_loss:2.674052, acc: 19.60, bacc: 20.23, tmp_test_f1: 6.47, f1: 8.02
epoch:   4, val_loss:2.754473, acc: 19.60, bacc: 20.23, tmp_test_f1: 6.47, f1: 8.02
epoch:   5, val_loss:2.522058, acc: 19.60, bacc: 20.23, tmp_test_f1: 6.47, f1: 8.02
epoch:   6, val_loss:2.346436, acc: 19.60, bacc: 20.23, tmp_test_f1: 6.47, f1: 8.02
epoch:   7, val_loss:2.293218, acc: 19.60, bacc: 20.23, tmp_test_f1: 6.47, f1: 8.02
epoch:   8, val_loss:2.325917, acc: 19.60, bacc: 20.23, tmp_test_f1: 6.47, f1: 8.02
epoch:   9, val_loss:2.395598, acc: 19.60, bacc: 20.23, tmp_test_f1: 6.47, f1: 8.02
epoch:  10, val_loss:2.469272, acc: 19.60, bacc: 20.23, tmp_test_f1: 6.47, f1: 8.02
epoch:  11, val_loss:2.542314, acc: 19.60, bacc: 20.23, tmp_test_f1: 6.47, f1: 8.02
epoch:  12, val_loss:2.599684, acc: 19.60, bacc: 20.23, tmp_test_f1: 6.47, f1: 8.02
epoch:  13, val_loss:2.659197, acc: 19.60, bacc: 20.23, tmp_test_f1: 6.47, f1: 8.02
epoch:  14, val_loss:2.747371, acc: 19.60, bacc: 20.23, tmp_test_f1: 6.47, f1: 8.02
epoch:  15, val_loss:2.857304, acc: 19.60, bacc: 20.23, tmp_test_f1: 6.45, f1: 8.02
epoch:  16, val_loss:2.974732, acc: 19.60, bacc: 20.23, tmp_test_f1: 6.45, f1: 8.02
epoch:  17, val_loss:3.029689, acc: 19.60, bacc: 20.23, tmp_test_f1: 6.42, f1: 8.02
epoch:  18, val_loss:2.999019, acc: 19.60, bacc: 20.23, tmp_test_f1: 6.43, f1: 8.02
epoch:  19, val_loss:2.965833, acc: 19.60, bacc: 20.23, tmp_test_f1: 6.40, f1: 8.02
epoch:  20, val_loss:2.998716, acc: 19.60, bacc: 20.23, tmp_test_f1: 6.58, f1: 8.02
epoch:  21, val_loss:3.015954, acc: 19.60, bacc: 20.23, tmp_test_f1: 6.73, f1: 8.02
epoch:  22, val_loss:2.920608, acc: 19.60, bacc: 20.23, tmp_test_f1: 7.05, f1: 8.02
test_f1 CountNotImproved reset to 0 in epoch 23
epoch:  23, val_loss:2.884074, acc: 18.83, bacc: 19.41, tmp_test_f1: 8.19, f1: 8.19
epoch:  24, val_loss:2.929278, acc: 18.83, bacc: 19.41, tmp_test_f1: 7.54, f1: 8.19
epoch:  25, val_loss:2.827086, acc: 18.83, bacc: 19.41, tmp_test_f1: 7.76, f1: 8.19
test_f1 CountNotImproved reset to 0 in epoch 26
epoch:  26, val_loss:2.829769, acc: 19.79, bacc: 20.23, tmp_test_f1: 10.52, f1: 10.52
epoch:  27, val_loss:2.946064, acc: 19.79, bacc: 20.23, tmp_test_f1: 6.96, f1: 10.52
epoch:  28, val_loss:2.693949, acc: 19.79, bacc: 20.23, tmp_test_f1: 8.05, f1: 10.52
test_f1 CountNotImproved reset to 0 in epoch 29
epoch:  29, val_loss:2.724445, acc: 20.56, bacc: 20.89, tmp_test_f1: 11.56, f1: 11.56
epoch:  30, val_loss:3.048715, acc: 20.56, bacc: 20.89, tmp_test_f1: 8.55, f1: 11.56
epoch:  31, val_loss:2.740893, acc: 20.56, bacc: 20.89, tmp_test_f1: 7.67, f1: 11.56
epoch:  32, val_loss:2.682562, acc: 20.56, bacc: 20.89, tmp_test_f1: 8.71, f1: 11.56
epoch:  33, val_loss:2.735043, acc: 20.56, bacc: 20.89, tmp_test_f1: 11.22, f1: 11.56
epoch:  34, val_loss:2.951178, acc: 20.56, bacc: 20.89, tmp_test_f1: 10.93, f1: 11.56
epoch:  35, val_loss:2.847463, acc: 20.56, bacc: 20.89, tmp_test_f1: 8.57, f1: 11.56
epoch:  36, val_loss:2.737657, acc: 20.56, bacc: 20.89, tmp_test_f1: 8.53, f1: 11.56
epoch:  37, val_loss:2.748527, acc: 20.56, bacc: 20.89, tmp_test_f1: 11.02, f1: 11.56
epoch:  38, val_loss:2.857929, acc: 20.56, bacc: 20.89, tmp_test_f1: 10.77, f1: 11.56
epoch:  39, val_loss:2.923389, acc: 20.56, bacc: 20.89, tmp_test_f1: 9.71, f1: 11.56
epoch:  40, val_loss:2.802410, acc: 20.56, bacc: 20.89, tmp_test_f1: 8.33, f1: 11.56
epoch:  41, val_loss:2.789790, acc: 20.56, bacc: 20.89, tmp_test_f1: 10.99, f1: 11.56
epoch:  42, val_loss:2.861175, acc: 20.56, bacc: 20.89, tmp_test_f1: 10.85, f1: 11.56
epoch:  43, val_loss:2.935351, acc: 20.56, bacc: 20.89, tmp_test_f1: 10.07, f1: 11.56
epoch:  44, val_loss:2.850040, acc: 20.56, bacc: 20.89, tmp_test_f1: 9.54, f1: 11.56
epoch:  45, val_loss:2.848299, acc: 20.56, bacc: 20.89, tmp_test_f1: 11.07, f1: 11.56
epoch:  46, val_loss:2.915814, acc: 20.56, bacc: 20.89, tmp_test_f1: 11.06, f1: 11.56
epoch:  47, val_loss:2.916389, acc: 20.56, bacc: 20.89, tmp_test_f1: 9.55, f1: 11.56
epoch:  48, val_loss:2.871052, acc: 20.56, bacc: 20.89, tmp_test_f1: 10.95, f1: 11.56
epoch:  49, val_loss:2.888712, acc: 20.56, bacc: 20.89, tmp_test_f1: 10.76, f1: 11.56
epoch:  50, val_loss:2.942830, acc: 20.56, bacc: 20.89, tmp_test_f1: 10.21, f1: 11.56
epoch:  51, val_loss:2.891407, acc: 20.56, bacc: 20.89, tmp_test_f1: 10.52, f1: 11.56
epoch:  52, val_loss:2.898028, acc: 20.56, bacc: 20.89, tmp_test_f1: 11.07, f1: 11.56
epoch:  53, val_loss:2.937742, acc: 20.56, bacc: 20.89, tmp_test_f1: 10.15, f1: 11.56
epoch:  54, val_loss:2.904963, acc: 20.56, bacc: 20.89, tmp_test_f1: 10.82, f1: 11.56
epoch:  55, val_loss:2.908921, acc: 20.56, bacc: 20.89, tmp_test_f1: 11.16, f1: 11.56
epoch:  56, val_loss:2.930086, acc: 20.56, bacc: 20.89, tmp_test_f1: 10.64, f1: 11.56
epoch:  57, val_loss:2.923066, acc: 20.56, bacc: 20.89, tmp_test_f1: 11.07, f1: 11.56
epoch:  58, val_loss:2.931389, acc: 20.56, bacc: 20.89, tmp_test_f1: 11.41, f1: 11.56
epoch:  59, val_loss:2.961385, acc: 20.56, bacc: 20.89, tmp_test_f1: 8.83, f1: 11.56
epoch:  60, val_loss:3.010509, acc: 20.56, bacc: 20.89, tmp_test_f1: 11.43, f1: 11.56
epoch:  61, val_loss:2.972179, acc: 20.56, bacc: 20.89, tmp_test_f1: 11.39, f1: 11.56
epoch:  62, val_loss:2.998111, acc: 20.56, bacc: 20.89, tmp_test_f1: 9.29, f1: 11.56
epoch:  63, val_loss:3.031605, acc: 20.56, bacc: 20.89, tmp_test_f1: 11.03, f1: 11.56
test_f1 CountNotImproved reset to 0 in epoch 64
epoch:  64, val_loss:3.013348, acc: 21.33, bacc: 21.56, tmp_test_f1: 12.03, f1: 12.03
epoch:  65, val_loss:3.065492, acc: 21.33, bacc: 21.56, tmp_test_f1: 9.63, f1: 12.03
epoch:  66, val_loss:3.071179, acc: 21.33, bacc: 21.56, tmp_test_f1: 9.63, f1: 12.03
epoch:  67, val_loss:3.078184, acc: 21.33, bacc: 21.56, tmp_test_f1: 11.75, f1: 12.03
epoch:  68, val_loss:3.060266, acc: 21.33, bacc: 21.56, tmp_test_f1: 11.92, f1: 12.03
epoch:  69, val_loss:3.052938, acc: 21.33, bacc: 21.56, tmp_test_f1: 9.62, f1: 12.03
epoch:  70, val_loss:3.098629, acc: 21.33, bacc: 21.56, tmp_test_f1: 10.10, f1: 12.03
epoch:  71, val_loss:3.091005, acc: 21.33, bacc: 21.56, tmp_test_f1: 11.61, f1: 12.03
epoch:  72, val_loss:3.071080, acc: 21.33, bacc: 21.56, tmp_test_f1: 12.00, f1: 12.03
epoch:  73, val_loss:3.070484, acc: 21.33, bacc: 21.56, tmp_test_f1: 10.00, f1: 12.03
epoch:  74, val_loss:3.120249, acc: 21.33, bacc: 21.56, tmp_test_f1: 10.24, f1: 12.03
epoch:  75, val_loss:3.116328, acc: 21.33, bacc: 21.56, tmp_test_f1: 11.73, f1: 12.03
epoch:  76, val_loss:3.098194, acc: 21.33, bacc: 21.56, tmp_test_f1: 11.99, f1: 12.03
epoch:  77, val_loss:3.105517, acc: 21.33, bacc: 21.56, tmp_test_f1: 9.81, f1: 12.03
epoch:  78, val_loss:3.158518, acc: 21.33, bacc: 21.56, tmp_test_f1: 10.35, f1: 12.03
epoch:  79, val_loss:3.148468, acc: 21.33, bacc: 21.56, tmp_test_f1: 11.66, f1: 12.03
epoch:  80, val_loss:3.132608, acc: 21.33, bacc: 21.56, tmp_test_f1: 11.76, f1: 12.03
epoch:  81, val_loss:3.146063, acc: 21.33, bacc: 21.56, tmp_test_f1: 9.96, f1: 12.03
epoch:  82, val_loss:3.195297, acc: 21.33, bacc: 21.56, tmp_test_f1: 10.91, f1: 12.03
epoch:  83, val_loss:3.174733, acc: 21.33, bacc: 21.56, tmp_test_f1: 11.77, f1: 12.03
epoch:  84, val_loss:3.159815, acc: 21.33, bacc: 21.56, tmp_test_f1: 10.53, f1: 12.03
epoch:  85, val_loss:3.195922, acc: 21.33, bacc: 21.56, tmp_test_f1: 10.47, f1: 12.03
epoch:  86, val_loss:3.218116, acc: 21.33, bacc: 21.56, tmp_test_f1: 11.63, f1: 12.03
epoch:  87, val_loss:3.186995, acc: 21.33, bacc: 21.56, tmp_test_f1: 11.92, f1: 12.03
epoch:  88, val_loss:3.193355, acc: 21.33, bacc: 21.56, tmp_test_f1: 10.35, f1: 12.03
epoch:  89, val_loss:3.240535, acc: 21.33, bacc: 21.56, tmp_test_f1: 11.07, f1: 12.03
epoch:  90, val_loss:3.233961, acc: 21.33, bacc: 21.56, tmp_test_f1: 11.62, f1: 12.03
epoch:  91, val_loss:3.215617, acc: 21.33, bacc: 21.56, tmp_test_f1: 10.93, f1: 12.03
epoch:  92, val_loss:3.257881, acc: 21.33, bacc: 21.56, tmp_test_f1: 11.30, f1: 12.03
epoch:  93, val_loss:3.264759, acc: 21.33, bacc: 21.56, tmp_test_f1: 11.92, f1: 12.03
epoch:  94, val_loss:3.248109, acc: 21.33, bacc: 21.56, tmp_test_f1: 11.04, f1: 12.03
epoch:  95, val_loss:3.295066, acc: 21.33, bacc: 21.56, tmp_test_f1: 11.12, f1: 12.03
epoch:  96, val_loss:3.300597, acc: 21.33, bacc: 21.56, tmp_test_f1: 11.64, f1: 12.03
epoch:  97, val_loss:3.292566, acc: 21.33, bacc: 21.56, tmp_test_f1: 11.18, f1: 12.03
epoch:  98, val_loss:3.334063, acc: 21.33, bacc: 21.56, tmp_test_f1: 11.29, f1: 12.03
epoch:  99, val_loss:3.330705, acc: 21.33, bacc: 21.56, tmp_test_f1: 11.78, f1: 12.03
epoch: 100, val_loss:3.336479, acc: 21.33, bacc: 21.56, tmp_test_f1: 10.87, f1: 12.03
epoch: 101, val_loss:3.368669, acc: 21.33, bacc: 21.56, tmp_test_f1: 11.15, f1: 12.03
epoch: 102, val_loss:3.363018, acc: 21.33, bacc: 21.56, tmp_test_f1: 11.39, f1: 12.03
epoch: 103, val_loss:3.371428, acc: 21.33, bacc: 21.56, tmp_test_f1: 10.85, f1: 12.03
epoch: 104, val_loss:3.396076, acc: 21.33, bacc: 21.56, tmp_test_f1: 11.93, f1: 12.03
epoch: 105, val_loss:3.389918, acc: 21.33, bacc: 21.56, tmp_test_f1: 10.64, f1: 12.03
test_f1 CountNotImproved reset to 0 in epoch 106
epoch: 106, val_loss:3.421023, acc: 21.71, bacc: 22.05, tmp_test_f1: 12.04, f1: 12.04
epoch: 107, val_loss:3.407957, acc: 21.71, bacc: 22.05, tmp_test_f1: 10.71, f1: 12.04
epoch: 108, val_loss:3.440006, acc: 21.71, bacc: 22.05, tmp_test_f1: 11.82, f1: 12.04
epoch: 109, val_loss:3.420221, acc: 21.71, bacc: 22.05, tmp_test_f1: 11.08, f1: 12.04
epoch: 110, val_loss:3.427751, acc: 21.71, bacc: 22.05, tmp_test_f1: 10.88, f1: 12.04
epoch: 111, val_loss:3.445741, acc: 21.71, bacc: 22.05, tmp_test_f1: 11.80, f1: 12.04
epoch: 112, val_loss:3.447316, acc: 21.71, bacc: 22.05, tmp_test_f1: 11.24, f1: 12.04
epoch: 113, val_loss:3.458358, acc: 21.71, bacc: 22.05, tmp_test_f1: 10.92, f1: 12.04
epoch: 114, val_loss:3.460284, acc: 21.71, bacc: 22.05, tmp_test_f1: 11.59, f1: 12.04
epoch: 115, val_loss:3.471499, acc: 21.71, bacc: 22.05, tmp_test_f1: 10.72, f1: 12.04
epoch: 116, val_loss:3.495584, acc: 21.71, bacc: 22.05, tmp_test_f1: 11.98, f1: 12.04
epoch: 117, val_loss:3.514811, acc: 21.71, bacc: 22.05, tmp_test_f1: 9.51, f1: 12.04
epoch: 118, val_loss:3.555434, acc: 21.71, bacc: 22.05, tmp_test_f1: 10.91, f1: 12.04
test_f1 CountNotImproved reset to 0 in epoch 119
epoch: 119, val_loss:3.492833, acc: 22.38, bacc: 22.55, tmp_test_f1: 12.72, f1: 12.72
epoch: 120, val_loss:3.655843, acc: 22.38, bacc: 22.55, tmp_test_f1: 9.00, f1: 12.72
epoch: 121, val_loss:3.571683, acc: 22.38, bacc: 22.55, tmp_test_f1: 8.27, f1: 12.72
epoch: 122, val_loss:3.627972, acc: 22.38, bacc: 22.55, tmp_test_f1: 8.85, f1: 12.72
epoch: 123, val_loss:3.553684, acc: 22.38, bacc: 22.55, tmp_test_f1: 9.85, f1: 12.72
epoch: 124, val_loss:3.377856, acc: 22.38, bacc: 22.55, tmp_test_f1: 11.40, f1: 12.72
test_f1 CountNotImproved reset to 0 in epoch 125
epoch: 125, val_loss:3.217278, acc: 22.86, bacc: 23.06, tmp_test_f1: 12.94, f1: 12.94
test_f1 CountNotImproved reset to 0 in epoch 126
epoch: 126, val_loss:3.266860, acc: 23.05, bacc: 23.24, tmp_test_f1: 13.08, f1: 13.08
epoch: 127, val_loss:3.199436, acc: 23.05, bacc: 23.24, tmp_test_f1: 12.19, f1: 13.08
epoch: 128, val_loss:3.038369, acc: 23.05, bacc: 23.24, tmp_test_f1: 11.05, f1: 13.08
epoch: 129, val_loss:3.039287, acc: 23.05, bacc: 23.24, tmp_test_f1: 9.77, f1: 13.08
epoch: 130, val_loss:3.104584, acc: 23.05, bacc: 23.24, tmp_test_f1: 9.30, f1: 13.08
epoch: 131, val_loss:3.115521, acc: 23.05, bacc: 23.24, tmp_test_f1: 9.76, f1: 13.08
epoch: 132, val_loss:3.050074, acc: 23.05, bacc: 23.24, tmp_test_f1: 9.99, f1: 13.08
epoch: 133, val_loss:2.939790, acc: 23.05, bacc: 23.24, tmp_test_f1: 10.87, f1: 13.08
epoch: 134, val_loss:2.835692, acc: 23.05, bacc: 23.24, tmp_test_f1: 11.64, f1: 13.08
epoch: 135, val_loss:2.803335, acc: 23.05, bacc: 23.24, tmp_test_f1: 12.16, f1: 13.08
epoch: 136, val_loss:2.847665, acc: 23.05, bacc: 23.24, tmp_test_f1: 12.30, f1: 13.08
epoch: 137, val_loss:2.906730, acc: 23.05, bacc: 23.24, tmp_test_f1: 11.78, f1: 13.08
epoch: 138, val_loss:2.959644, acc: 23.05, bacc: 23.24, tmp_test_f1: 10.97, f1: 13.08
epoch: 139, val_loss:3.035065, acc: 23.05, bacc: 23.24, tmp_test_f1: 10.62, f1: 13.08
epoch: 140, val_loss:3.116539, acc: 23.05, bacc: 23.24, tmp_test_f1: 10.29, f1: 13.08
epoch: 141, val_loss:3.181090, acc: 23.05, bacc: 23.24, tmp_test_f1: 10.34, f1: 13.08
epoch: 142, val_loss:3.225270, acc: 23.05, bacc: 23.24, tmp_test_f1: 10.64, f1: 13.08
epoch: 143, val_loss:3.262451, acc: 23.05, bacc: 23.24, tmp_test_f1: 11.46, f1: 13.08
epoch: 144, val_loss:3.309813, acc: 23.05, bacc: 23.24, tmp_test_f1: 11.64, f1: 13.08
epoch: 145, val_loss:3.368817, acc: 23.05, bacc: 23.24, tmp_test_f1: 11.56, f1: 13.08
epoch: 146, val_loss:3.379451, acc: 23.05, bacc: 23.24, tmp_test_f1: 11.35, f1: 13.08
epoch: 147, val_loss:3.375926, acc: 23.05, bacc: 23.24, tmp_test_f1: 11.12, f1: 13.08
epoch: 148, val_loss:3.382117, acc: 23.05, bacc: 23.24, tmp_test_f1: 10.91, f1: 13.08
epoch: 149, val_loss:3.392749, acc: 23.05, bacc: 23.24, tmp_test_f1: 11.08, f1: 13.08
epoch: 150, val_loss:3.408780, acc: 23.05, bacc: 23.24, tmp_test_f1: 11.43, f1: 13.08
epoch: 151, val_loss:3.432317, acc: 23.05, bacc: 23.24, tmp_test_f1: 11.69, f1: 13.08
epoch: 152, val_loss:3.459755, acc: 23.05, bacc: 23.24, tmp_test_f1: 11.83, f1: 13.08
epoch: 153, val_loss:3.468554, acc: 23.05, bacc: 23.24, tmp_test_f1: 11.61, f1: 13.08
epoch: 154, val_loss:3.454733, acc: 23.05, bacc: 23.24, tmp_test_f1: 11.22, f1: 13.08
epoch: 155, val_loss:3.441676, acc: 23.05, bacc: 23.24, tmp_test_f1: 11.21, f1: 13.08
epoch: 156, val_loss:3.438602, acc: 23.05, bacc: 23.24, tmp_test_f1: 11.33, f1: 13.08
epoch: 157, val_loss:3.441172, acc: 23.05, bacc: 23.24, tmp_test_f1: 11.28, f1: 13.08
epoch: 158, val_loss:3.445119, acc: 23.05, bacc: 23.24, tmp_test_f1: 11.59, f1: 13.08
epoch: 159, val_loss:3.446297, acc: 23.05, bacc: 23.24, tmp_test_f1: 11.74, f1: 13.08
epoch: 160, val_loss:3.442035, acc: 23.05, bacc: 23.24, tmp_test_f1: 11.37, f1: 13.08
epoch: 161, val_loss:3.437737, acc: 23.05, bacc: 23.24, tmp_test_f1: 11.38, f1: 13.08
epoch: 162, val_loss:3.439186, acc: 23.05, bacc: 23.24, tmp_test_f1: 11.42, f1: 13.08
epoch: 163, val_loss:3.443554, acc: 23.05, bacc: 23.24, tmp_test_f1: 11.37, f1: 13.08
epoch: 164, val_loss:3.449208, acc: 23.05, bacc: 23.24, tmp_test_f1: 11.45, f1: 13.08
epoch: 165, val_loss:3.457686, acc: 23.05, bacc: 23.24, tmp_test_f1: 11.41, f1: 13.08
epoch: 166, val_loss:3.466687, acc: 23.05, bacc: 23.24, tmp_test_f1: 11.51, f1: 13.08
epoch: 167, val_loss:3.476239, acc: 23.05, bacc: 23.24, tmp_test_f1: 11.50, f1: 13.08
epoch: 168, val_loss:3.487647, acc: 23.05, bacc: 23.24, tmp_test_f1: 11.54, f1: 13.08
epoch: 169, val_loss:3.499701, acc: 23.05, bacc: 23.24, tmp_test_f1: 11.54, f1: 13.08
epoch: 170, val_loss:3.513267, acc: 23.05, bacc: 23.24, tmp_test_f1: 11.49, f1: 13.08
epoch: 171, val_loss:3.528054, acc: 23.05, bacc: 23.24, tmp_test_f1: 11.48, f1: 13.08
epoch: 172, val_loss:3.544140, acc: 23.05, bacc: 23.24, tmp_test_f1: 11.33, f1: 13.08
epoch: 173, val_loss:3.559389, acc: 23.05, bacc: 23.24, tmp_test_f1: 11.56, f1: 13.08
epoch: 174, val_loss:3.576375, acc: 23.05, bacc: 23.24, tmp_test_f1: 11.51, f1: 13.08
epoch: 175, val_loss:3.586385, acc: 23.05, bacc: 23.24, tmp_test_f1: 11.52, f1: 13.08
epoch: 176, val_loss:3.598634, acc: 23.05, bacc: 23.24, tmp_test_f1: 11.49, f1: 13.08
epoch: 177, val_loss:3.610281, acc: 23.05, bacc: 23.24, tmp_test_f1: 11.52, f1: 13.08
epoch: 178, val_loss:3.629303, acc: 23.05, bacc: 23.24, tmp_test_f1: 11.56, f1: 13.08
epoch: 179, val_loss:3.647478, acc: 23.05, bacc: 23.24, tmp_test_f1: 11.44, f1: 13.08
epoch: 180, val_loss:3.645464, acc: 23.05, bacc: 23.24, tmp_test_f1: 11.47, f1: 13.08
epoch: 181, val_loss:3.643345, acc: 23.05, bacc: 23.24, tmp_test_f1: 11.59, f1: 13.08
epoch: 182, val_loss:3.655768, acc: 23.05, bacc: 23.24, tmp_test_f1: 11.60, f1: 13.08
epoch: 183, val_loss:3.673760, acc: 23.05, bacc: 23.24, tmp_test_f1: 11.51, f1: 13.08
epoch: 184, val_loss:3.675673, acc: 23.05, bacc: 23.24, tmp_test_f1: 11.54, f1: 13.08
epoch: 185, val_loss:3.670500, acc: 23.05, bacc: 23.24, tmp_test_f1: 11.53, f1: 13.08
epoch: 186, val_loss:3.681236, acc: 23.05, bacc: 23.24, tmp_test_f1: 11.58, f1: 13.08
epoch: 187, val_loss:3.697803, acc: 23.05, bacc: 23.24, tmp_test_f1: 11.56, f1: 13.08
epoch: 188, val_loss:3.704082, acc: 23.05, bacc: 23.24, tmp_test_f1: 11.52, f1: 13.08
epoch: 189, val_loss:3.707885, acc: 23.05, bacc: 23.24, tmp_test_f1: 11.45, f1: 13.08
epoch: 190, val_loss:3.710593, acc: 23.05, bacc: 23.24, tmp_test_f1: 11.54, f1: 13.08
epoch: 191, val_loss:3.720473, acc: 23.05, bacc: 23.24, tmp_test_f1: 11.62, f1: 13.08
epoch: 192, val_loss:3.726333, acc: 23.05, bacc: 23.24, tmp_test_f1: 11.52, f1: 13.08
epoch: 193, val_loss:3.729210, acc: 23.05, bacc: 23.24, tmp_test_f1: 11.62, f1: 13.08
epoch: 194, val_loss:3.741241, acc: 23.05, bacc: 23.24, tmp_test_f1: 11.54, f1: 13.08
epoch: 195, val_loss:3.749851, acc: 23.05, bacc: 23.24, tmp_test_f1: 11.57, f1: 13.08
epoch: 196, val_loss:3.747513, acc: 23.05, bacc: 23.24, tmp_test_f1: 11.62, f1: 13.08
epoch: 197, val_loss:3.764765, acc: 23.05, bacc: 23.24, tmp_test_f1: 11.55, f1: 13.08
epoch: 198, val_loss:3.761755, acc: 23.05, bacc: 23.24, tmp_test_f1: 11.64, f1: 13.08
epoch: 199, val_loss:3.760678, acc: 23.05, bacc: 23.24, tmp_test_f1: 11.69, f1: 13.08
epoch: 200, val_loss:3.773496, acc: 23.05, bacc: 23.24, tmp_test_f1: 11.79, f1: 13.08
Epoch 00201: reducing learning rate of group 0 to 5.0000e-02.
epoch: 201, val_loss:3.775277, acc: 23.05, bacc: 23.24, tmp_test_f1: 11.80, f1: 13.08
epoch: 202, val_loss:3.773628, acc: 23.05, bacc: 23.24, tmp_test_f1: 11.70, f1: 13.08
epoch: 203, val_loss:3.785350, acc: 23.05, bacc: 23.24, tmp_test_f1: 11.78, f1: 13.08
epoch: 204, val_loss:3.796458, acc: 23.05, bacc: 23.24, tmp_test_f1: 11.63, f1: 13.08
epoch: 205, val_loss:3.790552, acc: 23.05, bacc: 23.24, tmp_test_f1: 11.69, f1: 13.08
epoch: 206, val_loss:3.780819, acc: 23.05, bacc: 23.24, tmp_test_f1: 11.70, f1: 13.08
epoch: 207, val_loss:3.783629, acc: 23.05, bacc: 23.24, tmp_test_f1: 11.69, f1: 13.08
epoch: 208, val_loss:3.804553, acc: 23.05, bacc: 23.24, tmp_test_f1: 11.76, f1: 13.08
epoch: 209, val_loss:3.812785, acc: 23.05, bacc: 23.24, tmp_test_f1: 11.72, f1: 13.08
epoch: 210, val_loss:3.795392, acc: 23.05, bacc: 23.24, tmp_test_f1: 11.73, f1: 13.08
epoch: 211, val_loss:3.786902, acc: 23.05, bacc: 23.24, tmp_test_f1: 11.73, f1: 13.08
epoch: 212, val_loss:3.790492, acc: 23.05, bacc: 23.24, tmp_test_f1: 11.66, f1: 13.08
epoch: 213, val_loss:3.807916, acc: 23.05, bacc: 23.24, tmp_test_f1: 11.69, f1: 13.08
epoch: 214, val_loss:3.816670, acc: 23.05, bacc: 23.24, tmp_test_f1: 11.68, f1: 13.08
epoch: 215, val_loss:3.808926, acc: 23.05, bacc: 23.24, tmp_test_f1: 11.69, f1: 13.08
epoch: 216, val_loss:3.801833, acc: 23.05, bacc: 23.24, tmp_test_f1: 11.62, f1: 13.08
epoch: 217, val_loss:3.804568, acc: 23.05, bacc: 23.24, tmp_test_f1: 11.68, f1: 13.08
epoch: 218, val_loss:3.823178, acc: 23.05, bacc: 23.24, tmp_test_f1: 11.69, f1: 13.08
epoch: 219, val_loss:3.840940, acc: 23.05, bacc: 23.24, tmp_test_f1: 11.68, f1: 13.08
epoch: 220, val_loss:3.817001, acc: 23.05, bacc: 23.24, tmp_test_f1: 11.62, f1: 13.08
epoch: 221, val_loss:3.807105, acc: 23.05, bacc: 23.24, tmp_test_f1: 11.68, f1: 13.08
epoch: 222, val_loss:3.819321, acc: 23.05, bacc: 23.24, tmp_test_f1: 11.76, f1: 13.08
epoch: 223, val_loss:3.852521, acc: 23.05, bacc: 23.24, tmp_test_f1: 11.76, f1: 13.08
epoch: 224, val_loss:3.857135, acc: 23.05, bacc: 23.24, tmp_test_f1: 11.78, f1: 13.08
epoch: 225, val_loss:3.824908, acc: 23.05, bacc: 23.24, tmp_test_f1: 11.70, f1: 13.08
epoch: 226, val_loss:3.825276, acc: 23.05, bacc: 23.24, tmp_test_f1: 11.71, f1: 13.08
epoch: 227, val_loss:3.857164, acc: 23.05, bacc: 23.24, tmp_test_f1: 11.71, f1: 13.08
epoch: 228, val_loss:3.861104, acc: 23.05, bacc: 23.24, tmp_test_f1: 11.72, f1: 13.08
epoch: 229, val_loss:3.853668, acc: 23.05, bacc: 23.24, tmp_test_f1: 11.78, f1: 13.08
epoch: 230, val_loss:3.846214, acc: 23.05, bacc: 23.24, tmp_test_f1: 11.76, f1: 13.08
epoch: 231, val_loss:3.858981, acc: 23.05, bacc: 23.24, tmp_test_f1: 11.79, f1: 13.08
epoch: 232, val_loss:3.872963, acc: 23.05, bacc: 23.24, tmp_test_f1: 11.76, f1: 13.08
epoch: 233, val_loss:3.875262, acc: 23.05, bacc: 23.24, tmp_test_f1: 11.77, f1: 13.08
epoch: 234, val_loss:3.873476, acc: 23.05, bacc: 23.24, tmp_test_f1: 11.69, f1: 13.08
epoch: 235, val_loss:3.868232, acc: 23.05, bacc: 23.24, tmp_test_f1: 11.63, f1: 13.08
epoch: 236, val_loss:3.892376, acc: 23.05, bacc: 23.24, tmp_test_f1: 11.65, f1: 13.08
epoch: 237, val_loss:3.888284, acc: 23.05, bacc: 23.24, tmp_test_f1: 11.70, f1: 13.08
epoch: 238, val_loss:3.876639, acc: 23.05, bacc: 23.24, tmp_test_f1: 11.65, f1: 13.08
epoch: 239, val_loss:3.885772, acc: 23.05, bacc: 23.24, tmp_test_f1: 11.65, f1: 13.08
epoch: 240, val_loss:3.886725, acc: 23.05, bacc: 23.24, tmp_test_f1: 11.61, f1: 13.08
epoch: 241, val_loss:3.890873, acc: 23.05, bacc: 23.24, tmp_test_f1: 11.60, f1: 13.08
epoch: 242, val_loss:3.902572, acc: 23.05, bacc: 23.24, tmp_test_f1: 11.60, f1: 13.08
epoch: 243, val_loss:3.899746, acc: 23.05, bacc: 23.24, tmp_test_f1: 11.60, f1: 13.08
epoch: 244, val_loss:3.905041, acc: 23.05, bacc: 23.24, tmp_test_f1: 11.68, f1: 13.08
epoch: 245, val_loss:3.912816, acc: 23.05, bacc: 23.24, tmp_test_f1: 11.60, f1: 13.08
epoch: 246, val_loss:3.914827, acc: 23.05, bacc: 23.24, tmp_test_f1: 11.58, f1: 13.08
epoch: 247, val_loss:3.904978, acc: 23.05, bacc: 23.24, tmp_test_f1: 11.57, f1: 13.08
epoch: 248, val_loss:3.921906, acc: 23.05, bacc: 23.24, tmp_test_f1: 11.58, f1: 13.08
epoch: 249, val_loss:3.918820, acc: 23.05, bacc: 23.24, tmp_test_f1: 11.73, f1: 13.08
epoch: 250, val_loss:3.913836, acc: 23.05, bacc: 23.24, tmp_test_f1: 11.72, f1: 13.08
epoch: 251, val_loss:3.937783, acc: 23.05, bacc: 23.24, tmp_test_f1: 11.67, f1: 13.08
epoch: 252, val_loss:3.919144, acc: 23.05, bacc: 23.24, tmp_test_f1: 11.69, f1: 13.08
epoch: 253, val_loss:3.933224, acc: 23.05, bacc: 23.24, tmp_test_f1: 11.69, f1: 13.08
epoch: 254, val_loss:3.935092, acc: 23.05, bacc: 23.24, tmp_test_f1: 11.67, f1: 13.08
epoch: 255, val_loss:3.919791, acc: 23.05, bacc: 23.24, tmp_test_f1: 11.66, f1: 13.08
epoch: 256, val_loss:3.934921, acc: 23.05, bacc: 23.24, tmp_test_f1: 11.71, f1: 13.08
epoch: 257, val_loss:3.964831, acc: 23.05, bacc: 23.24, tmp_test_f1: 11.68, f1: 13.08
epoch: 258, val_loss:3.925127, acc: 23.05, bacc: 23.24, tmp_test_f1: 11.68, f1: 13.08
epoch: 259, val_loss:3.936383, acc: 23.05, bacc: 23.24, tmp_test_f1: 11.83, f1: 13.08
epoch: 260, val_loss:3.969078, acc: 23.05, bacc: 23.24, tmp_test_f1: 11.64, f1: 13.08
epoch: 261, val_loss:3.933005, acc: 23.05, bacc: 23.24, tmp_test_f1: 11.64, f1: 13.08
epoch: 262, val_loss:3.927452, acc: 23.05, bacc: 23.24, tmp_test_f1: 11.84, f1: 13.08
epoch: 263, val_loss:3.978870, acc: 23.05, bacc: 23.24, tmp_test_f1: 11.69, f1: 13.08
epoch: 264, val_loss:3.932842, acc: 23.05, bacc: 23.24, tmp_test_f1: 11.66, f1: 13.08
epoch: 265, val_loss:3.952886, acc: 23.05, bacc: 23.24, tmp_test_f1: 11.80, f1: 13.08
epoch: 266, val_loss:3.980174, acc: 23.05, bacc: 23.24, tmp_test_f1: 11.37, f1: 13.08
epoch: 267, val_loss:3.930475, acc: 23.05, bacc: 23.24, tmp_test_f1: 11.48, f1: 13.08
epoch: 268, val_loss:3.947164, acc: 23.05, bacc: 23.24, tmp_test_f1: 11.67, f1: 13.08
epoch: 269, val_loss:4.013231, acc: 23.05, bacc: 23.24, tmp_test_f1: 11.40, f1: 13.08
epoch: 270, val_loss:3.920559, acc: 23.05, bacc: 23.24, tmp_test_f1: 11.69, f1: 13.08
epoch: 271, val_loss:3.944088, acc: 23.05, bacc: 23.24, tmp_test_f1: 12.11, f1: 13.08
epoch: 272, val_loss:4.032426, acc: 23.05, bacc: 23.24, tmp_test_f1: 11.29, f1: 13.08
epoch: 273, val_loss:3.900932, acc: 23.05, bacc: 23.24, tmp_test_f1: 11.34, f1: 13.08
epoch: 274, val_loss:3.920597, acc: 23.05, bacc: 23.24, tmp_test_f1: 12.03, f1: 13.08
epoch: 275, val_loss:4.062752, acc: 23.05, bacc: 23.24, tmp_test_f1: 11.30, f1: 13.08
epoch: 276, val_loss:3.905727, acc: 23.05, bacc: 23.24, tmp_test_f1: 11.20, f1: 13.08
epoch: 277, val_loss:3.909285, acc: 23.05, bacc: 23.24, tmp_test_f1: 11.80, f1: 13.08
epoch: 278, val_loss:4.061692, acc: 23.05, bacc: 23.24, tmp_test_f1: 11.64, f1: 13.08
epoch: 279, val_loss:3.995651, acc: 23.05, bacc: 23.24, tmp_test_f1: 11.31, f1: 13.08
epoch: 280, val_loss:3.926920, acc: 23.05, bacc: 23.24, tmp_test_f1: 11.37, f1: 13.08
epoch: 281, val_loss:3.950115, acc: 23.05, bacc: 23.24, tmp_test_f1: 11.67, f1: 13.08
epoch: 282, val_loss:4.050579, acc: 23.05, bacc: 23.24, tmp_test_f1: 11.59, f1: 13.08
epoch: 283, val_loss:4.008809, acc: 23.05, bacc: 23.24, tmp_test_f1: 11.26, f1: 13.08
epoch: 284, val_loss:3.947425, acc: 23.05, bacc: 23.24, tmp_test_f1: 11.44, f1: 13.08
epoch: 285, val_loss:3.966170, acc: 23.05, bacc: 23.24, tmp_test_f1: 11.98, f1: 13.08
epoch: 286, val_loss:4.059049, acc: 23.05, bacc: 23.24, tmp_test_f1: 11.72, f1: 13.08
epoch: 287, val_loss:4.032478, acc: 23.05, bacc: 23.24, tmp_test_f1: 11.44, f1: 13.08
epoch: 288, val_loss:3.975466, acc: 23.05, bacc: 23.24, tmp_test_f1: 11.50, f1: 13.08
epoch: 289, val_loss:3.989203, acc: 23.05, bacc: 23.24, tmp_test_f1: 11.95, f1: 13.08
epoch: 290, val_loss:4.055219, acc: 23.05, bacc: 23.24, tmp_test_f1: 11.93, f1: 13.08
epoch: 291, val_loss:4.074818, acc: 23.05, bacc: 23.24, tmp_test_f1: 11.57, f1: 13.08
epoch: 292, val_loss:4.021718, acc: 23.05, bacc: 23.24, tmp_test_f1: 11.31, f1: 13.08
epoch: 293, val_loss:3.996310, acc: 23.05, bacc: 23.24, tmp_test_f1: 11.59, f1: 13.08
epoch: 294, val_loss:4.040308, acc: 23.05, bacc: 23.24, tmp_test_f1: 11.96, f1: 13.08
epoch: 295, val_loss:4.102095, acc: 23.05, bacc: 23.24, tmp_test_f1: 11.52, f1: 13.08
epoch: 296, val_loss:4.036296, acc: 23.05, bacc: 23.24, tmp_test_f1: 11.57, f1: 13.08
epoch: 297, val_loss:4.031114, acc: 23.05, bacc: 23.24, tmp_test_f1: 11.81, f1: 13.08
epoch: 298, val_loss:4.077102, acc: 23.05, bacc: 23.24, tmp_test_f1: 11.81, f1: 13.08
epoch: 299, val_loss:4.087838, acc: 23.05, bacc: 23.24, tmp_test_f1: 11.43, f1: 13.08
epoch: 300, val_loss:4.033650, acc: 23.05, bacc: 23.24, tmp_test_f1: 11.42, f1: 13.08
epoch: 301, val_loss:4.041759, acc: 23.05, bacc: 23.24, tmp_test_f1: 11.76, f1: 13.08
epoch: 302, val_loss:4.095693, acc: 23.05, bacc: 23.24, tmp_test_f1: 11.68, f1: 13.08
epoch: 303, val_loss:4.075801, acc: 23.05, bacc: 23.24, tmp_test_f1: 11.43, f1: 13.08
epoch: 304, val_loss:4.046756, acc: 23.05, bacc: 23.24, tmp_test_f1: 11.74, f1: 13.08
epoch: 305, val_loss:4.097085, acc: 23.05, bacc: 23.24, tmp_test_f1: 11.74, f1: 13.08
epoch: 306, val_loss:4.098507, acc: 23.05, bacc: 23.24, tmp_test_f1: 11.50, f1: 13.08
epoch: 307, val_loss:4.070859, acc: 23.05, bacc: 23.24, tmp_test_f1: 11.69, f1: 13.08
epoch: 308, val_loss:4.092947, acc: 23.05, bacc: 23.24, tmp_test_f1: 11.76, f1: 13.08
epoch: 309, val_loss:4.098248, acc: 23.05, bacc: 23.24, tmp_test_f1: 11.69, f1: 13.08
epoch: 310, val_loss:4.090202, acc: 23.05, bacc: 23.24, tmp_test_f1: 11.42, f1: 13.08
epoch: 311, val_loss:4.072545, acc: 23.05, bacc: 23.24, tmp_test_f1: 11.74, f1: 13.08
epoch: 312, val_loss:4.099650, acc: 23.05, bacc: 23.24, tmp_test_f1: 11.69, f1: 13.08
epoch: 313, val_loss:4.110147, acc: 23.05, bacc: 23.24, tmp_test_f1: 11.40, f1: 13.08
epoch: 314, val_loss:4.042594, acc: 23.05, bacc: 23.24, tmp_test_f1: 11.79, f1: 13.08
epoch: 315, val_loss:4.084580, acc: 23.05, bacc: 23.24, tmp_test_f1: 11.52, f1: 13.08
epoch: 316, val_loss:4.143212, acc: 23.05, bacc: 23.24, tmp_test_f1: 11.25, f1: 13.08
epoch: 317, val_loss:4.040737, acc: 23.05, bacc: 23.24, tmp_test_f1: 11.63, f1: 13.08
epoch: 318, val_loss:4.081935, acc: 23.05, bacc: 23.24, tmp_test_f1: 11.93, f1: 13.08
epoch: 319, val_loss:4.193652, acc: 23.05, bacc: 23.24, tmp_test_f1: 10.81, f1: 13.08
epoch: 320, val_loss:3.989826, acc: 23.05, bacc: 23.24, tmp_test_f1: 11.16, f1: 13.08
epoch: 321, val_loss:4.036974, acc: 23.05, bacc: 23.24, tmp_test_f1: 12.36, f1: 13.08
epoch: 322, val_loss:4.347533, acc: 23.05, bacc: 23.24, tmp_test_f1: 10.15, f1: 13.08
epoch: 323, val_loss:3.909378, acc: 23.05, bacc: 23.24, tmp_test_f1: 10.01, f1: 13.08
epoch: 324, val_loss:3.872882, acc: 23.05, bacc: 23.24, tmp_test_f1: 11.67, f1: 13.08
epoch: 325, val_loss:4.042799, acc: 23.05, bacc: 23.24, tmp_test_f1: 12.62, f1: 13.08
epoch: 326, val_loss:4.481353, acc: 23.05, bacc: 23.24, tmp_test_f1: 11.22, f1: 13.08
epoch: 327, val_loss:3.891580, acc: 23.05, bacc: 23.24, tmp_test_f1: 9.59, f1: 13.08
epoch: 328, val_loss:3.787769, acc: 23.05, bacc: 23.24, tmp_test_f1: 9.70, f1: 13.08
epoch: 329, val_loss:3.771634, acc: 23.05, bacc: 23.24, tmp_test_f1: 11.47, f1: 13.08
epoch: 330, val_loss:3.883126, acc: 23.05, bacc: 23.24, tmp_test_f1: 12.37, f1: 13.08
epoch: 331, val_loss:4.189531, acc: 23.05, bacc: 23.24, tmp_test_f1: 12.57, f1: 13.08
epoch: 332, val_loss:4.308339, acc: 23.05, bacc: 23.24, tmp_test_f1: 11.82, f1: 13.08
epoch: 333, val_loss:4.075428, acc: 23.05, bacc: 23.24, tmp_test_f1: 11.20, f1: 13.08
epoch: 334, val_loss:3.862660, acc: 23.05, bacc: 23.24, tmp_test_f1: 10.27, f1: 13.08
epoch: 335, val_loss:3.797588, acc: 23.05, bacc: 23.24, tmp_test_f1: 10.28, f1: 13.08
epoch: 336, val_loss:3.808888, acc: 23.05, bacc: 23.24, tmp_test_f1: 10.95, f1: 13.08
epoch: 337, val_loss:3.882546, acc: 23.05, bacc: 23.24, tmp_test_f1: 11.82, f1: 13.08
epoch: 338, val_loss:4.049063, acc: 23.05, bacc: 23.24, tmp_test_f1: 12.21, f1: 13.08
epoch: 339, val_loss:4.202290, acc: 23.05, bacc: 23.24, tmp_test_f1: 11.96, f1: 13.08
epoch: 340, val_loss:4.117797, acc: 23.05, bacc: 23.24, tmp_test_f1: 11.94, f1: 13.08
epoch: 341, val_loss:3.956832, acc: 23.05, bacc: 23.24, tmp_test_f1: 10.91, f1: 13.08
epoch: 342, val_loss:3.854618, acc: 23.05, bacc: 23.24, tmp_test_f1: 10.52, f1: 13.08
epoch: 343, val_loss:3.825306, acc: 23.05, bacc: 23.24, tmp_test_f1: 11.21, f1: 13.08
epoch: 344, val_loss:3.841859, acc: 23.05, bacc: 23.24, tmp_test_f1: 11.87, f1: 13.08
epoch: 345, val_loss:3.900226, acc: 23.05, bacc: 23.24, tmp_test_f1: 12.14, f1: 13.08
epoch: 346, val_loss:3.989516, acc: 23.05, bacc: 23.24, tmp_test_f1: 11.96, f1: 13.08
epoch: 347, val_loss:4.056363, acc: 23.05, bacc: 23.24, tmp_test_f1: 12.20, f1: 13.08
epoch: 348, val_loss:4.035504, acc: 23.05, bacc: 23.24, tmp_test_f1: 12.05, f1: 13.08
epoch: 349, val_loss:3.972149, acc: 23.05, bacc: 23.24, tmp_test_f1: 11.79, f1: 13.08
epoch: 350, val_loss:3.919449, acc: 23.05, bacc: 23.24, tmp_test_f1: 11.32, f1: 13.08
epoch: 351, val_loss:3.904997, acc: 23.05, bacc: 23.24, tmp_test_f1: 11.73, f1: 13.08
epoch: 352, val_loss:3.927740, acc: 23.05, bacc: 23.24, tmp_test_f1: 12.16, f1: 13.08
epoch: 353, val_loss:3.982245, acc: 23.05, bacc: 23.24, tmp_test_f1: 11.91, f1: 13.08
epoch: 354, val_loss:4.066123, acc: 23.05, bacc: 23.24, tmp_test_f1: 11.85, f1: 13.08
epoch: 355, val_loss:4.122169, acc: 23.05, bacc: 23.24, tmp_test_f1: 12.10, f1: 13.08
epoch: 356, val_loss:4.068019, acc: 23.05, bacc: 23.24, tmp_test_f1: 11.87, f1: 13.08
epoch: 357, val_loss:4.006833, acc: 23.05, bacc: 23.24, tmp_test_f1: 11.63, f1: 13.08
epoch: 358, val_loss:3.991284, acc: 23.05, bacc: 23.24, tmp_test_f1: 11.79, f1: 13.08
epoch: 359, val_loss:4.009474, acc: 23.05, bacc: 23.24, tmp_test_f1: 11.85, f1: 13.08
epoch: 360, val_loss:4.066052, acc: 23.05, bacc: 23.24, tmp_test_f1: 11.93, f1: 13.08
epoch: 361, val_loss:4.143284, acc: 23.05, bacc: 23.24, tmp_test_f1: 11.88, f1: 13.08
epoch: 362, val_loss:4.167258, acc: 23.05, bacc: 23.24, tmp_test_f1: 11.99, f1: 13.08
epoch: 363, val_loss:4.115823, acc: 23.05, bacc: 23.24, tmp_test_f1: 11.76, f1: 13.08
epoch: 364, val_loss:4.074895, acc: 23.05, bacc: 23.24, tmp_test_f1: 11.63, f1: 13.08
epoch: 365, val_loss:4.059834, acc: 23.05, bacc: 23.24, tmp_test_f1: 11.62, f1: 13.08
epoch: 366, val_loss:4.073868, acc: 23.05, bacc: 23.24, tmp_test_f1: 11.88, f1: 13.08
epoch: 367, val_loss:4.117973, acc: 23.05, bacc: 23.24, tmp_test_f1: 11.97, f1: 13.08
