CUDA Device Index: 2
Namespace(IsDirectedData=False, AugDirect=0, net='DiG', GPUdevice=2, seed=100, undirect_dataset='CiteSeer', Direct_dataset='WikipediaNetwork/squirrel', imb_ratio=100, dropout=0.1, num_filter=2, layer=2, alpha=0.1, K=2, feat_dim=64, warmup=5, epoch=1500, lr=0.1, l2=0.0005, tau=2, max=False, no_mask=False, gdc='ppr', heads=8, log_root='../logs/', log_path='test', data_path='../dataset/data/tmp/')
DiModel(
  (conv1): DIGCNConv(3703, 2)
  (conv2): DIGCNConv(2, 2)
  (Conv): Conv1d(2, 6, kernel_size=(1,), stride=(1,))
)
test_f1 CountNotImproved reset to 0 in epoch 0
epoch:   0, val_loss:1.909898, acc: 16.00, bacc: 16.67, tmp_test_f1: 4.60, f1: 4.60
test_f1 CountNotImproved reset to 0 in epoch 1
epoch:   1, val_loss:1.858857, acc: 16.90, bacc: 16.67, tmp_test_f1: 4.82, f1: 4.82
test_f1 CountNotImproved reset to 0 in epoch 2
epoch:   2, val_loss:1.816004, acc: 18.10, bacc: 16.67, tmp_test_f1: 5.11, f1: 5.11
epoch:   3, val_loss:1.791926, acc: 18.10, bacc: 16.67, tmp_test_f1: 5.11, f1: 5.11
epoch:   4, val_loss:1.811430, acc: 18.10, bacc: 16.67, tmp_test_f1: 5.11, f1: 5.11
epoch:   5, val_loss:1.900026, acc: 18.10, bacc: 16.67, tmp_test_f1: 5.11, f1: 5.11
epoch:   6, val_loss:2.066936, acc: 18.10, bacc: 16.67, tmp_test_f1: 5.11, f1: 5.11
epoch:   7, val_loss:2.297327, acc: 18.10, bacc: 16.67, tmp_test_f1: 5.11, f1: 5.11
epoch:   8, val_loss:2.536068, acc: 18.10, bacc: 16.67, tmp_test_f1: 5.11, f1: 5.11
epoch:   9, val_loss:2.696244, acc: 18.10, bacc: 16.67, tmp_test_f1: 5.11, f1: 5.11
epoch:  10, val_loss:2.732171, acc: 18.10, bacc: 16.67, tmp_test_f1: 5.11, f1: 5.11
epoch:  11, val_loss:2.670826, acc: 18.10, bacc: 16.67, tmp_test_f1: 5.11, f1: 5.11
epoch:  12, val_loss:2.566353, acc: 18.10, bacc: 16.67, tmp_test_f1: 5.11, f1: 5.11
epoch:  13, val_loss:2.456959, acc: 18.10, bacc: 16.67, tmp_test_f1: 5.11, f1: 5.11
epoch:  14, val_loss:2.364131, acc: 18.10, bacc: 16.67, tmp_test_f1: 5.11, f1: 5.11
epoch:  15, val_loss:2.289870, acc: 18.10, bacc: 16.67, tmp_test_f1: 5.11, f1: 5.11
epoch:  16, val_loss:2.231790, acc: 18.10, bacc: 16.67, tmp_test_f1: 5.11, f1: 5.11
epoch:  17, val_loss:2.187000, acc: 18.10, bacc: 16.67, tmp_test_f1: 5.11, f1: 5.11
epoch:  18, val_loss:2.154923, acc: 18.10, bacc: 16.67, tmp_test_f1: 5.11, f1: 5.11
epoch:  19, val_loss:2.133913, acc: 18.10, bacc: 16.67, tmp_test_f1: 5.11, f1: 5.11
epoch:  20, val_loss:2.122506, acc: 18.10, bacc: 16.67, tmp_test_f1: 5.11, f1: 5.11
epoch:  21, val_loss:2.119369, acc: 18.10, bacc: 16.67, tmp_test_f1: 5.11, f1: 5.11
epoch:  22, val_loss:2.123051, acc: 18.10, bacc: 16.67, tmp_test_f1: 5.11, f1: 5.11
epoch:  23, val_loss:2.132552, acc: 18.10, bacc: 16.67, tmp_test_f1: 5.11, f1: 5.11
epoch:  24, val_loss:2.147187, acc: 18.10, bacc: 16.67, tmp_test_f1: 5.11, f1: 5.11
epoch:  25, val_loss:2.164478, acc: 18.10, bacc: 16.67, tmp_test_f1: 5.11, f1: 5.11
epoch:  26, val_loss:2.183279, acc: 18.10, bacc: 16.67, tmp_test_f1: 5.11, f1: 5.11
epoch:  27, val_loss:2.202384, acc: 18.10, bacc: 16.67, tmp_test_f1: 5.11, f1: 5.11
epoch:  28, val_loss:2.220747, acc: 18.10, bacc: 16.67, tmp_test_f1: 5.11, f1: 5.11
epoch:  29, val_loss:2.237984, acc: 18.10, bacc: 16.67, tmp_test_f1: 5.11, f1: 5.11
epoch:  30, val_loss:2.253286, acc: 18.10, bacc: 16.67, tmp_test_f1: 5.11, f1: 5.11
epoch:  31, val_loss:2.266192, acc: 18.10, bacc: 16.67, tmp_test_f1: 5.11, f1: 5.11
epoch:  32, val_loss:2.278384, acc: 18.10, bacc: 16.67, tmp_test_f1: 5.11, f1: 5.11
epoch:  33, val_loss:2.289489, acc: 18.10, bacc: 16.67, tmp_test_f1: 5.11, f1: 5.11
epoch:  34, val_loss:2.298611, acc: 18.10, bacc: 16.67, tmp_test_f1: 5.11, f1: 5.11
epoch:  35, val_loss:2.305867, acc: 18.10, bacc: 16.67, tmp_test_f1: 5.11, f1: 5.11
epoch:  36, val_loss:2.312474, acc: 18.10, bacc: 16.67, tmp_test_f1: 5.11, f1: 5.11
epoch:  37, val_loss:2.318422, acc: 18.10, bacc: 16.67, tmp_test_f1: 5.11, f1: 5.11
epoch:  38, val_loss:2.322094, acc: 18.10, bacc: 16.67, tmp_test_f1: 5.11, f1: 5.11
epoch:  39, val_loss:2.324108, acc: 18.10, bacc: 16.67, tmp_test_f1: 5.11, f1: 5.11
epoch:  40, val_loss:2.324338, acc: 18.10, bacc: 16.67, tmp_test_f1: 5.11, f1: 5.11
epoch:  41, val_loss:2.322371, acc: 18.10, bacc: 16.67, tmp_test_f1: 5.11, f1: 5.11
epoch:  42, val_loss:2.319939, acc: 18.10, bacc: 16.67, tmp_test_f1: 5.11, f1: 5.11
epoch:  43, val_loss:2.316778, acc: 18.10, bacc: 16.67, tmp_test_f1: 5.11, f1: 5.11
epoch:  44, val_loss:2.312999, acc: 18.10, bacc: 16.67, tmp_test_f1: 5.11, f1: 5.11
epoch:  45, val_loss:2.310777, acc: 18.10, bacc: 16.67, tmp_test_f1: 5.11, f1: 5.11
epoch:  46, val_loss:2.306251, acc: 18.10, bacc: 16.67, tmp_test_f1: 5.11, f1: 5.11
epoch:  47, val_loss:2.300148, acc: 18.10, bacc: 16.67, tmp_test_f1: 5.11, f1: 5.11
epoch:  48, val_loss:2.291677, acc: 18.10, bacc: 16.67, tmp_test_f1: 5.11, f1: 5.11
epoch:  49, val_loss:2.282554, acc: 18.10, bacc: 16.67, tmp_test_f1: 5.11, f1: 5.11
epoch:  50, val_loss:2.274365, acc: 18.10, bacc: 16.67, tmp_test_f1: 5.11, f1: 5.11
epoch:  51, val_loss:2.268585, acc: 18.10, bacc: 16.67, tmp_test_f1: 5.11, f1: 5.11
epoch:  52, val_loss:2.263759, acc: 18.10, bacc: 16.67, tmp_test_f1: 5.11, f1: 5.11
epoch:  53, val_loss:2.259200, acc: 18.10, bacc: 16.67, tmp_test_f1: 5.11, f1: 5.11
epoch:  54, val_loss:2.254632, acc: 18.10, bacc: 16.67, tmp_test_f1: 5.11, f1: 5.11
epoch:  55, val_loss:2.251330, acc: 18.10, bacc: 16.67, tmp_test_f1: 5.11, f1: 5.11
epoch:  56, val_loss:2.248293, acc: 18.10, bacc: 16.67, tmp_test_f1: 5.11, f1: 5.11
epoch:  57, val_loss:2.247194, acc: 18.10, bacc: 16.67, tmp_test_f1: 5.11, f1: 5.11
epoch:  58, val_loss:2.246940, acc: 18.10, bacc: 16.67, tmp_test_f1: 5.11, f1: 5.11
epoch:  59, val_loss:2.248391, acc: 18.10, bacc: 16.67, tmp_test_f1: 5.11, f1: 5.11
epoch:  60, val_loss:2.248307, acc: 18.10, bacc: 16.67, tmp_test_f1: 5.11, f1: 5.11
epoch:  61, val_loss:2.248496, acc: 18.10, bacc: 16.67, tmp_test_f1: 5.11, f1: 5.11
epoch:  62, val_loss:2.248927, acc: 18.10, bacc: 16.67, tmp_test_f1: 5.11, f1: 5.11
epoch:  63, val_loss:2.250943, acc: 18.10, bacc: 16.67, tmp_test_f1: 5.11, f1: 5.11
epoch:  64, val_loss:2.252389, acc: 18.10, bacc: 16.67, tmp_test_f1: 5.11, f1: 5.11
epoch:  65, val_loss:2.251943, acc: 18.10, bacc: 16.67, tmp_test_f1: 5.11, f1: 5.11
epoch:  66, val_loss:2.249908, acc: 18.10, bacc: 16.67, tmp_test_f1: 5.11, f1: 5.11
epoch:  67, val_loss:2.248257, acc: 18.10, bacc: 16.67, tmp_test_f1: 5.11, f1: 5.11
epoch:  68, val_loss:2.244284, acc: 18.10, bacc: 16.67, tmp_test_f1: 5.11, f1: 5.11
epoch:  69, val_loss:2.238251, acc: 18.10, bacc: 16.67, tmp_test_f1: 5.11, f1: 5.11
epoch:  70, val_loss:2.231706, acc: 18.10, bacc: 16.67, tmp_test_f1: 5.11, f1: 5.11
epoch:  71, val_loss:2.222747, acc: 18.10, bacc: 16.67, tmp_test_f1: 5.11, f1: 5.11
epoch:  72, val_loss:2.214356, acc: 18.10, bacc: 16.67, tmp_test_f1: 5.11, f1: 5.11
epoch:  73, val_loss:2.200567, acc: 18.10, bacc: 16.67, tmp_test_f1: 5.11, f1: 5.11
epoch:  74, val_loss:2.188994, acc: 18.10, bacc: 16.67, tmp_test_f1: 5.11, f1: 5.11
epoch:  75, val_loss:2.181739, acc: 18.10, bacc: 16.67, tmp_test_f1: 5.11, f1: 5.11
epoch:  76, val_loss:2.160258, acc: 18.10, bacc: 16.67, tmp_test_f1: 5.11, f1: 5.11
epoch:  77, val_loss:2.134616, acc: 18.10, bacc: 16.67, tmp_test_f1: 5.11, f1: 5.11
epoch:  78, val_loss:2.118545, acc: 18.10, bacc: 16.67, tmp_test_f1: 5.11, f1: 5.11
epoch:  79, val_loss:2.103529, acc: 18.10, bacc: 16.67, tmp_test_f1: 5.11, f1: 5.11
epoch:  80, val_loss:2.077316, acc: 18.10, bacc: 16.67, tmp_test_f1: 5.11, f1: 5.11
epoch:  81, val_loss:2.057770, acc: 18.10, bacc: 16.67, tmp_test_f1: 5.11, f1: 5.11
test_f1 CountNotImproved reset to 0 in epoch 82
epoch:  82, val_loss:2.073562, acc: 29.00, bacc: 24.51, tmp_test_f1: 14.95, f1: 14.95
test_f1 CountNotImproved reset to 0 in epoch 83
epoch:  83, val_loss:2.062345, acc: 31.50, bacc: 26.29, tmp_test_f1: 15.72, f1: 15.72
epoch:  84, val_loss:2.037931, acc: 31.50, bacc: 26.29, tmp_test_f1: 15.55, f1: 15.72
test_f1 CountNotImproved reset to 0 in epoch 85
epoch:  85, val_loss:2.046026, acc: 33.20, bacc: 27.52, tmp_test_f1: 16.09, f1: 16.09
epoch:  86, val_loss:2.027897, acc: 33.20, bacc: 27.52, tmp_test_f1: 15.70, f1: 16.09
test_f1 CountNotImproved reset to 0 in epoch 87
epoch:  87, val_loss:2.041887, acc: 34.50, bacc: 28.44, tmp_test_f1: 16.34, f1: 16.34
epoch:  88, val_loss:2.010538, acc: 34.50, bacc: 28.44, tmp_test_f1: 16.14, f1: 16.34
epoch:  89, val_loss:2.019300, acc: 34.50, bacc: 28.44, tmp_test_f1: 16.22, f1: 16.34
test_f1 CountNotImproved reset to 0 in epoch 90
epoch:  90, val_loss:2.029136, acc: 36.20, bacc: 29.49, tmp_test_f1: 17.28, f1: 17.28
epoch:  91, val_loss:1.978532, acc: 36.20, bacc: 29.49, tmp_test_f1: 16.14, f1: 17.28
epoch:  92, val_loss:2.049385, acc: 36.20, bacc: 29.49, tmp_test_f1: 17.03, f1: 17.28
epoch:  93, val_loss:1.980893, acc: 36.20, bacc: 29.49, tmp_test_f1: 16.95, f1: 17.28
epoch:  94, val_loss:1.985008, acc: 36.20, bacc: 29.49, tmp_test_f1: 16.54, f1: 17.28
epoch:  95, val_loss:2.031190, acc: 36.20, bacc: 29.49, tmp_test_f1: 17.04, f1: 17.28
epoch:  96, val_loss:1.969250, acc: 36.20, bacc: 29.49, tmp_test_f1: 16.82, f1: 17.28
epoch:  97, val_loss:1.973922, acc: 36.20, bacc: 29.49, tmp_test_f1: 16.37, f1: 17.28
epoch:  98, val_loss:2.030282, acc: 36.20, bacc: 29.49, tmp_test_f1: 17.18, f1: 17.28
epoch:  99, val_loss:1.958332, acc: 36.20, bacc: 29.49, tmp_test_f1: 16.62, f1: 17.28
epoch: 100, val_loss:1.985389, acc: 36.20, bacc: 29.49, tmp_test_f1: 16.14, f1: 17.28
test_f1 CountNotImproved reset to 0 in epoch 101
epoch: 101, val_loss:2.053748, acc: 36.30, bacc: 29.46, tmp_test_f1: 17.44, f1: 17.44
epoch: 102, val_loss:1.948233, acc: 36.30, bacc: 29.46, tmp_test_f1: 16.83, f1: 17.44
epoch: 103, val_loss:1.957177, acc: 36.30, bacc: 29.46, tmp_test_f1: 15.99, f1: 17.44
epoch: 104, val_loss:2.056047, acc: 36.30, bacc: 29.46, tmp_test_f1: 16.71, f1: 17.44
epoch: 105, val_loss:1.970326, acc: 36.30, bacc: 29.46, tmp_test_f1: 17.43, f1: 17.44
epoch: 106, val_loss:1.945706, acc: 36.30, bacc: 29.46, tmp_test_f1: 16.72, f1: 17.44
epoch: 107, val_loss:1.967451, acc: 36.30, bacc: 29.46, tmp_test_f1: 16.12, f1: 17.44
epoch: 108, val_loss:2.041825, acc: 36.30, bacc: 29.46, tmp_test_f1: 17.09, f1: 17.44
epoch: 109, val_loss:1.961575, acc: 36.30, bacc: 29.46, tmp_test_f1: 16.97, f1: 17.44
epoch: 110, val_loss:1.965922, acc: 36.30, bacc: 29.46, tmp_test_f1: 16.41, f1: 17.44
epoch: 111, val_loss:2.035325, acc: 36.30, bacc: 29.46, tmp_test_f1: 16.66, f1: 17.44
epoch: 112, val_loss:1.994202, acc: 36.30, bacc: 29.46, tmp_test_f1: 17.00, f1: 17.44
epoch: 113, val_loss:1.965430, acc: 36.30, bacc: 29.46, tmp_test_f1: 16.53, f1: 17.44
epoch: 114, val_loss:2.003669, acc: 36.30, bacc: 29.46, tmp_test_f1: 16.55, f1: 17.44
epoch: 115, val_loss:2.009414, acc: 36.30, bacc: 29.46, tmp_test_f1: 17.15, f1: 17.44
epoch: 116, val_loss:1.958174, acc: 36.30, bacc: 29.46, tmp_test_f1: 17.05, f1: 17.44
epoch: 117, val_loss:1.967465, acc: 36.30, bacc: 29.46, tmp_test_f1: 16.04, f1: 17.44
epoch: 118, val_loss:2.049839, acc: 36.30, bacc: 29.46, tmp_test_f1: 17.07, f1: 17.44
epoch: 119, val_loss:1.960395, acc: 36.30, bacc: 29.46, tmp_test_f1: 17.15, f1: 17.44
epoch: 120, val_loss:1.960122, acc: 36.30, bacc: 29.46, tmp_test_f1: 16.38, f1: 17.44
epoch: 121, val_loss:2.018302, acc: 36.30, bacc: 29.46, tmp_test_f1: 16.49, f1: 17.44
epoch: 122, val_loss:2.018307, acc: 36.30, bacc: 29.46, tmp_test_f1: 17.02, f1: 17.44
epoch: 123, val_loss:1.956856, acc: 36.30, bacc: 29.46, tmp_test_f1: 17.22, f1: 17.44
epoch: 124, val_loss:1.955568, acc: 36.30, bacc: 29.46, tmp_test_f1: 16.37, f1: 17.44
epoch: 125, val_loss:2.012143, acc: 36.30, bacc: 29.46, tmp_test_f1: 16.71, f1: 17.44
epoch: 126, val_loss:1.969028, acc: 36.30, bacc: 29.46, tmp_test_f1: 17.02, f1: 17.44
epoch: 127, val_loss:1.952386, acc: 36.30, bacc: 29.46, tmp_test_f1: 16.66, f1: 17.44
epoch: 128, val_loss:1.978953, acc: 36.30, bacc: 29.46, tmp_test_f1: 16.62, f1: 17.44
epoch: 129, val_loss:1.976723, acc: 36.30, bacc: 29.46, tmp_test_f1: 16.62, f1: 17.44
epoch: 130, val_loss:1.974179, acc: 36.30, bacc: 29.46, tmp_test_f1: 16.72, f1: 17.44
epoch: 131, val_loss:1.963147, acc: 36.30, bacc: 29.46, tmp_test_f1: 16.22, f1: 17.44
epoch: 132, val_loss:1.987577, acc: 36.30, bacc: 29.46, tmp_test_f1: 17.44, f1: 17.44
epoch: 133, val_loss:1.935032, acc: 36.30, bacc: 29.46, tmp_test_f1: 16.44, f1: 17.44
epoch: 134, val_loss:1.972167, acc: 36.30, bacc: 29.46, tmp_test_f1: 15.98, f1: 17.44
test_f1 CountNotImproved reset to 0 in epoch 135
epoch: 135, val_loss:2.034990, acc: 35.90, bacc: 29.05, tmp_test_f1: 17.53, f1: 17.53
epoch: 136, val_loss:1.927048, acc: 35.90, bacc: 29.05, tmp_test_f1: 17.36, f1: 17.53
epoch: 137, val_loss:1.927134, acc: 35.90, bacc: 29.05, tmp_test_f1: 16.40, f1: 17.53
epoch: 138, val_loss:1.994522, acc: 35.90, bacc: 29.05, tmp_test_f1: 15.81, f1: 17.53
epoch: 139, val_loss:2.033425, acc: 35.90, bacc: 29.05, tmp_test_f1: 17.35, f1: 17.53
test_f1 CountNotImproved reset to 0 in epoch 140
epoch: 140, val_loss:1.933903, acc: 35.80, bacc: 29.00, tmp_test_f1: 17.54, f1: 17.54
epoch: 141, val_loss:1.934597, acc: 35.80, bacc: 29.00, tmp_test_f1: 16.49, f1: 17.54
epoch: 142, val_loss:1.994603, acc: 35.80, bacc: 29.00, tmp_test_f1: 16.04, f1: 17.54
epoch: 143, val_loss:2.025437, acc: 35.80, bacc: 29.00, tmp_test_f1: 17.51, f1: 17.54
epoch: 144, val_loss:1.934237, acc: 35.80, bacc: 29.00, tmp_test_f1: 17.52, f1: 17.54
epoch: 145, val_loss:1.932542, acc: 35.80, bacc: 29.00, tmp_test_f1: 16.57, f1: 17.54
epoch: 146, val_loss:1.979927, acc: 35.80, bacc: 29.00, tmp_test_f1: 15.98, f1: 17.54
test_f1 CountNotImproved reset to 0 in epoch 147
epoch: 147, val_loss:2.063174, acc: 35.70, bacc: 28.85, tmp_test_f1: 17.69, f1: 17.69
test_f1 CountNotImproved reset to 0 in epoch 148
epoch: 148, val_loss:1.925750, acc: 35.30, bacc: 28.40, tmp_test_f1: 18.04, f1: 18.04
epoch: 149, val_loss:1.929637, acc: 35.30, bacc: 28.40, tmp_test_f1: 16.77, f1: 18.04
epoch: 150, val_loss:1.959747, acc: 35.30, bacc: 28.40, tmp_test_f1: 15.53, f1: 18.04
epoch: 151, val_loss:2.133197, acc: 35.30, bacc: 28.40, tmp_test_f1: 17.04, f1: 18.04
test_f1 CountNotImproved reset to 0 in epoch 152
epoch: 152, val_loss:1.930914, acc: 35.50, bacc: 28.56, tmp_test_f1: 18.12, f1: 18.12
epoch: 153, val_loss:1.917839, acc: 35.50, bacc: 28.56, tmp_test_f1: 17.78, f1: 18.12
epoch: 154, val_loss:1.912641, acc: 35.50, bacc: 28.56, tmp_test_f1: 16.43, f1: 18.12
epoch: 155, val_loss:1.972784, acc: 35.50, bacc: 28.56, tmp_test_f1: 15.84, f1: 18.12
epoch: 156, val_loss:2.070065, acc: 35.50, bacc: 28.56, tmp_test_f1: 16.57, f1: 18.12
epoch: 157, val_loss:1.947489, acc: 35.50, bacc: 28.56, tmp_test_f1: 17.72, f1: 18.12
epoch: 158, val_loss:1.917804, acc: 35.50, bacc: 28.56, tmp_test_f1: 17.53, f1: 18.12
epoch: 159, val_loss:1.918874, acc: 35.50, bacc: 28.56, tmp_test_f1: 16.15, f1: 18.12
epoch: 160, val_loss:1.993652, acc: 35.50, bacc: 28.56, tmp_test_f1: 15.84, f1: 18.12
epoch: 161, val_loss:2.029291, acc: 35.50, bacc: 28.56, tmp_test_f1: 17.60, f1: 18.12
epoch: 162, val_loss:1.917557, acc: 35.50, bacc: 28.56, tmp_test_f1: 17.81, f1: 18.12
epoch: 163, val_loss:1.918325, acc: 35.50, bacc: 28.56, tmp_test_f1: 16.78, f1: 18.12
epoch: 164, val_loss:1.951425, acc: 35.50, bacc: 28.56, tmp_test_f1: 15.80, f1: 18.12
epoch: 165, val_loss:2.082557, acc: 35.50, bacc: 28.56, tmp_test_f1: 17.44, f1: 18.12
test_f1 CountNotImproved reset to 0 in epoch 166
epoch: 166, val_loss:1.915358, acc: 35.30, bacc: 28.40, tmp_test_f1: 18.18, f1: 18.18
epoch: 167, val_loss:1.920285, acc: 35.30, bacc: 28.40, tmp_test_f1: 17.29, f1: 18.18
epoch: 168, val_loss:1.922730, acc: 35.30, bacc: 28.40, tmp_test_f1: 16.10, f1: 18.18
epoch: 169, val_loss:2.049907, acc: 35.30, bacc: 28.40, tmp_test_f1: 16.15, f1: 18.18
epoch: 170, val_loss:2.054866, acc: 35.30, bacc: 28.40, tmp_test_f1: 16.94, f1: 18.18
epoch: 171, val_loss:1.942271, acc: 35.30, bacc: 28.40, tmp_test_f1: 17.86, f1: 18.18
epoch: 172, val_loss:1.921641, acc: 35.30, bacc: 28.40, tmp_test_f1: 17.59, f1: 18.18
epoch: 173, val_loss:1.920793, acc: 35.30, bacc: 28.40, tmp_test_f1: 16.72, f1: 18.18
epoch: 174, val_loss:1.958422, acc: 35.30, bacc: 28.40, tmp_test_f1: 15.94, f1: 18.18
epoch: 175, val_loss:2.045739, acc: 35.30, bacc: 28.40, tmp_test_f1: 16.79, f1: 18.18
epoch: 176, val_loss:1.944618, acc: 35.30, bacc: 28.40, tmp_test_f1: 17.72, f1: 18.18
epoch: 177, val_loss:1.915606, acc: 35.30, bacc: 28.40, tmp_test_f1: 17.19, f1: 18.18
epoch: 178, val_loss:1.922816, acc: 35.30, bacc: 28.40, tmp_test_f1: 16.10, f1: 18.18
epoch: 179, val_loss:1.993639, acc: 35.30, bacc: 28.40, tmp_test_f1: 16.20, f1: 18.18
epoch: 180, val_loss:1.990279, acc: 35.30, bacc: 28.40, tmp_test_f1: 17.65, f1: 18.18
epoch: 181, val_loss:1.913256, acc: 35.30, bacc: 28.40, tmp_test_f1: 17.90, f1: 18.18
epoch: 182, val_loss:1.911795, acc: 35.30, bacc: 28.40, tmp_test_f1: 16.77, f1: 18.18
epoch: 183, val_loss:1.935193, acc: 35.30, bacc: 28.40, tmp_test_f1: 16.24, f1: 18.18
epoch: 184, val_loss:1.993656, acc: 35.30, bacc: 28.40, tmp_test_f1: 17.19, f1: 18.18
epoch: 185, val_loss:1.931553, acc: 35.30, bacc: 28.40, tmp_test_f1: 17.55, f1: 18.18
epoch: 186, val_loss:1.920325, acc: 35.30, bacc: 28.40, tmp_test_f1: 17.17, f1: 18.18
epoch: 187, val_loss:1.934451, acc: 35.30, bacc: 28.40, tmp_test_f1: 16.07, f1: 18.18
epoch: 188, val_loss:2.009794, acc: 35.30, bacc: 28.40, tmp_test_f1: 16.66, f1: 18.18
epoch: 189, val_loss:1.959456, acc: 35.30, bacc: 28.40, tmp_test_f1: 17.22, f1: 18.18
epoch: 190, val_loss:1.933746, acc: 35.30, bacc: 28.40, tmp_test_f1: 17.01, f1: 18.18
epoch: 191, val_loss:1.944992, acc: 35.30, bacc: 28.40, tmp_test_f1: 15.93, f1: 18.18
epoch: 192, val_loss:2.015677, acc: 35.30, bacc: 28.40, tmp_test_f1: 17.08, f1: 18.18
epoch: 193, val_loss:1.938948, acc: 35.30, bacc: 28.40, tmp_test_f1: 17.34, f1: 18.18
epoch: 194, val_loss:1.926473, acc: 35.30, bacc: 28.40, tmp_test_f1: 16.88, f1: 18.18
epoch: 195, val_loss:1.946050, acc: 35.30, bacc: 28.40, tmp_test_f1: 16.46, f1: 18.18
epoch: 196, val_loss:1.962660, acc: 35.30, bacc: 28.40, tmp_test_f1: 17.24, f1: 18.18
epoch: 197, val_loss:1.928638, acc: 35.30, bacc: 28.40, tmp_test_f1: 17.29, f1: 18.18
epoch: 198, val_loss:1.922354, acc: 35.30, bacc: 28.40, tmp_test_f1: 16.84, f1: 18.18
epoch: 199, val_loss:1.948664, acc: 35.30, bacc: 28.40, tmp_test_f1: 16.45, f1: 18.18
epoch: 200, val_loss:1.965208, acc: 35.30, bacc: 28.40, tmp_test_f1: 17.10, f1: 18.18
epoch: 201, val_loss:1.933477, acc: 35.30, bacc: 28.40, tmp_test_f1: 16.89, f1: 18.18
epoch: 202, val_loss:1.945246, acc: 35.30, bacc: 28.40, tmp_test_f1: 15.91, f1: 18.18
epoch: 203, val_loss:1.987364, acc: 35.30, bacc: 28.40, tmp_test_f1: 17.40, f1: 18.18
Epoch 00204: reducing learning rate of group 0 to 5.0000e-02.
epoch: 204, val_loss:1.914007, acc: 35.30, bacc: 28.40, tmp_test_f1: 17.22, f1: 18.18
epoch: 205, val_loss:1.921616, acc: 35.30, bacc: 28.40, tmp_test_f1: 16.40, f1: 18.18
epoch: 206, val_loss:1.945615, acc: 35.30, bacc: 28.40, tmp_test_f1: 16.21, f1: 18.18
epoch: 207, val_loss:1.960938, acc: 35.30, bacc: 28.40, tmp_test_f1: 16.64, f1: 18.18
epoch: 208, val_loss:1.941410, acc: 35.30, bacc: 28.40, tmp_test_f1: 17.19, f1: 18.18
epoch: 209, val_loss:1.921898, acc: 35.30, bacc: 28.40, tmp_test_f1: 17.29, f1: 18.18
epoch: 210, val_loss:1.921103, acc: 35.30, bacc: 28.40, tmp_test_f1: 16.88, f1: 18.18
epoch: 211, val_loss:1.941292, acc: 35.30, bacc: 28.40, tmp_test_f1: 16.15, f1: 18.18
epoch: 212, val_loss:1.984759, acc: 35.30, bacc: 28.40, tmp_test_f1: 16.46, f1: 18.18
epoch: 213, val_loss:1.959022, acc: 35.30, bacc: 28.40, tmp_test_f1: 17.19, f1: 18.18
epoch: 214, val_loss:1.928711, acc: 35.30, bacc: 28.40, tmp_test_f1: 17.22, f1: 18.18
epoch: 215, val_loss:1.929127, acc: 35.30, bacc: 28.40, tmp_test_f1: 16.59, f1: 18.18
epoch: 216, val_loss:1.950964, acc: 35.30, bacc: 28.40, tmp_test_f1: 16.15, f1: 18.18
epoch: 217, val_loss:1.978045, acc: 35.30, bacc: 28.40, tmp_test_f1: 16.91, f1: 18.18
epoch: 218, val_loss:1.943398, acc: 35.30, bacc: 28.40, tmp_test_f1: 17.24, f1: 18.18
epoch: 219, val_loss:1.926698, acc: 35.30, bacc: 28.40, tmp_test_f1: 17.15, f1: 18.18
epoch: 220, val_loss:1.932917, acc: 35.30, bacc: 28.40, tmp_test_f1: 16.49, f1: 18.18
epoch: 221, val_loss:1.961905, acc: 35.30, bacc: 28.40, tmp_test_f1: 16.31, f1: 18.18
epoch: 222, val_loss:1.970004, acc: 35.30, bacc: 28.40, tmp_test_f1: 16.96, f1: 18.18
epoch: 223, val_loss:1.946655, acc: 35.30, bacc: 28.40, tmp_test_f1: 17.01, f1: 18.18
epoch: 224, val_loss:1.943290, acc: 35.30, bacc: 28.40, tmp_test_f1: 16.58, f1: 18.18
epoch: 225, val_loss:1.955621, acc: 35.30, bacc: 28.40, tmp_test_f1: 16.17, f1: 18.18
epoch: 226, val_loss:1.978119, acc: 35.30, bacc: 28.40, tmp_test_f1: 16.57, f1: 18.18
epoch: 227, val_loss:1.958389, acc: 35.30, bacc: 28.40, tmp_test_f1: 16.92, f1: 18.18
epoch: 228, val_loss:1.943359, acc: 35.30, bacc: 28.40, tmp_test_f1: 16.58, f1: 18.18
epoch: 229, val_loss:1.950526, acc: 35.30, bacc: 28.40, tmp_test_f1: 16.25, f1: 18.18
epoch: 230, val_loss:1.966319, acc: 35.30, bacc: 28.40, tmp_test_f1: 16.39, f1: 18.18
epoch: 231, val_loss:1.957336, acc: 35.30, bacc: 28.40, tmp_test_f1: 16.66, f1: 18.18
epoch: 232, val_loss:1.944823, acc: 35.30, bacc: 28.40, tmp_test_f1: 16.53, f1: 18.18
epoch: 233, val_loss:1.949591, acc: 35.30, bacc: 28.40, tmp_test_f1: 16.16, f1: 18.18
epoch: 234, val_loss:1.965872, acc: 35.30, bacc: 28.40, tmp_test_f1: 16.32, f1: 18.18
epoch: 235, val_loss:1.957519, acc: 35.30, bacc: 28.40, tmp_test_f1: 16.65, f1: 18.18
epoch: 236, val_loss:1.949869, acc: 35.30, bacc: 28.40, tmp_test_f1: 16.42, f1: 18.18
epoch: 237, val_loss:1.959228, acc: 35.30, bacc: 28.40, tmp_test_f1: 16.16, f1: 18.18
epoch: 238, val_loss:1.968059, acc: 35.30, bacc: 28.40, tmp_test_f1: 16.64, f1: 18.18
epoch: 239, val_loss:1.950288, acc: 35.30, bacc: 28.40, tmp_test_f1: 16.57, f1: 18.18
epoch: 240, val_loss:1.952128, acc: 35.30, bacc: 28.40, tmp_test_f1: 16.34, f1: 18.18
epoch: 241, val_loss:1.967744, acc: 35.30, bacc: 28.40, tmp_test_f1: 16.59, f1: 18.18
epoch: 242, val_loss:1.952244, acc: 35.30, bacc: 28.40, tmp_test_f1: 16.53, f1: 18.18
epoch: 243, val_loss:1.955151, acc: 35.30, bacc: 28.40, tmp_test_f1: 16.36, f1: 18.18
epoch: 244, val_loss:1.968686, acc: 35.30, bacc: 28.40, tmp_test_f1: 16.36, f1: 18.18
epoch: 245, val_loss:1.962931, acc: 35.30, bacc: 28.40, tmp_test_f1: 16.67, f1: 18.18
epoch: 246, val_loss:1.957162, acc: 35.30, bacc: 28.40, tmp_test_f1: 16.39, f1: 18.18
epoch: 247, val_loss:1.964698, acc: 35.30, bacc: 28.40, tmp_test_f1: 16.20, f1: 18.18
epoch: 248, val_loss:1.980873, acc: 35.30, bacc: 28.40, tmp_test_f1: 16.76, f1: 18.18
epoch: 249, val_loss:1.955914, acc: 35.30, bacc: 28.40, tmp_test_f1: 16.72, f1: 18.18
epoch: 250, val_loss:1.954005, acc: 35.30, bacc: 28.40, tmp_test_f1: 16.25, f1: 18.18
epoch: 251, val_loss:1.973223, acc: 35.30, bacc: 28.40, tmp_test_f1: 16.49, f1: 18.18
epoch: 252, val_loss:1.960547, acc: 35.30, bacc: 28.40, tmp_test_f1: 16.50, f1: 18.18
epoch: 253, val_loss:1.960770, acc: 35.30, bacc: 28.40, tmp_test_f1: 16.18, f1: 18.18
epoch: 254, val_loss:1.966899, acc: 35.30, bacc: 28.40, tmp_test_f1: 16.42, f1: 18.18
epoch: 255, val_loss:1.956023, acc: 35.30, bacc: 28.40, tmp_test_f1: 16.37, f1: 18.18
epoch: 256, val_loss:1.958156, acc: 35.30, bacc: 28.40, tmp_test_f1: 16.26, f1: 18.18
epoch: 257, val_loss:1.969806, acc: 35.30, bacc: 28.40, tmp_test_f1: 16.30, f1: 18.18
epoch: 258, val_loss:1.962591, acc: 35.30, bacc: 28.40, tmp_test_f1: 16.41, f1: 18.18
epoch: 259, val_loss:1.957584, acc: 35.30, bacc: 28.40, tmp_test_f1: 16.22, f1: 18.18
epoch: 260, val_loss:1.968940, acc: 35.30, bacc: 28.40, tmp_test_f1: 16.58, f1: 18.18
epoch: 261, val_loss:1.954259, acc: 35.30, bacc: 28.40, tmp_test_f1: 16.58, f1: 18.18
epoch: 262, val_loss:1.956160, acc: 35.30, bacc: 28.40, tmp_test_f1: 16.20, f1: 18.18
epoch: 263, val_loss:1.977666, acc: 35.30, bacc: 28.40, tmp_test_f1: 16.35, f1: 18.18
epoch: 264, val_loss:1.962258, acc: 35.30, bacc: 28.40, tmp_test_f1: 16.67, f1: 18.18
epoch: 265, val_loss:1.953660, acc: 35.30, bacc: 28.40, tmp_test_f1: 16.46, f1: 18.18
epoch: 266, val_loss:1.959726, acc: 35.30, bacc: 28.40, tmp_test_f1: 16.23, f1: 18.18
epoch: 267, val_loss:1.973378, acc: 35.30, bacc: 28.40, tmp_test_f1: 16.58, f1: 18.18
epoch: 268, val_loss:1.948806, acc: 35.30, bacc: 28.40, tmp_test_f1: 16.56, f1: 18.18
epoch: 269, val_loss:1.949047, acc: 35.30, bacc: 28.40, tmp_test_f1: 16.11, f1: 18.18
epoch: 270, val_loss:1.978836, acc: 35.30, bacc: 28.40, tmp_test_f1: 16.54, f1: 18.18
epoch: 271, val_loss:1.950544, acc: 35.30, bacc: 28.40, tmp_test_f1: 16.65, f1: 18.18
epoch: 272, val_loss:1.942212, acc: 35.30, bacc: 28.40, tmp_test_f1: 16.25, f1: 18.18
epoch: 273, val_loss:1.961605, acc: 35.30, bacc: 28.40, tmp_test_f1: 16.19, f1: 18.18
epoch: 274, val_loss:1.979188, acc: 35.30, bacc: 28.40, tmp_test_f1: 16.68, f1: 18.18
epoch: 275, val_loss:1.945709, acc: 35.30, bacc: 28.40, tmp_test_f1: 16.58, f1: 18.18
epoch: 276, val_loss:1.949717, acc: 35.30, bacc: 28.40, tmp_test_f1: 16.21, f1: 18.18
epoch: 277, val_loss:1.978900, acc: 35.30, bacc: 28.40, tmp_test_f1: 16.53, f1: 18.18
epoch: 278, val_loss:1.956597, acc: 35.30, bacc: 28.40, tmp_test_f1: 16.68, f1: 18.18
epoch: 279, val_loss:1.950178, acc: 35.30, bacc: 28.40, tmp_test_f1: 16.38, f1: 18.18
epoch: 280, val_loss:1.967686, acc: 35.30, bacc: 28.40, tmp_test_f1: 16.27, f1: 18.18
epoch: 281, val_loss:1.971343, acc: 35.30, bacc: 28.40, tmp_test_f1: 16.69, f1: 18.18
epoch: 282, val_loss:1.953944, acc: 35.30, bacc: 28.40, tmp_test_f1: 16.46, f1: 18.18
epoch: 283, val_loss:1.962668, acc: 35.30, bacc: 28.40, tmp_test_f1: 16.21, f1: 18.18
epoch: 284, val_loss:1.975800, acc: 35.30, bacc: 28.40, tmp_test_f1: 16.78, f1: 18.18
epoch: 285, val_loss:1.947829, acc: 35.30, bacc: 28.40, tmp_test_f1: 16.57, f1: 18.18
epoch: 286, val_loss:1.956815, acc: 35.30, bacc: 28.40, tmp_test_f1: 16.03, f1: 18.18
epoch: 287, val_loss:1.997801, acc: 35.30, bacc: 28.40, tmp_test_f1: 17.06, f1: 18.18
epoch: 288, val_loss:1.929948, acc: 35.30, bacc: 28.40, tmp_test_f1: 17.07, f1: 18.18
epoch: 289, val_loss:1.928926, acc: 35.30, bacc: 28.40, tmp_test_f1: 16.27, f1: 18.18
epoch: 290, val_loss:1.967093, acc: 35.30, bacc: 28.40, tmp_test_f1: 16.19, f1: 18.18
epoch: 291, val_loss:1.977641, acc: 35.30, bacc: 28.40, tmp_test_f1: 16.86, f1: 18.18
epoch: 292, val_loss:1.939759, acc: 35.30, bacc: 28.40, tmp_test_f1: 17.19, f1: 18.18
epoch: 293, val_loss:1.926745, acc: 35.30, bacc: 28.40, tmp_test_f1: 16.56, f1: 18.18
epoch: 294, val_loss:1.951054, acc: 35.30, bacc: 28.40, tmp_test_f1: 16.18, f1: 18.18
epoch: 295, val_loss:1.991445, acc: 35.30, bacc: 28.40, tmp_test_f1: 16.43, f1: 18.18
epoch: 296, val_loss:1.960299, acc: 35.30, bacc: 28.40, tmp_test_f1: 16.64, f1: 18.18
epoch: 297, val_loss:1.943313, acc: 35.30, bacc: 28.40, tmp_test_f1: 16.37, f1: 18.18
epoch: 298, val_loss:1.959565, acc: 35.30, bacc: 28.40, tmp_test_f1: 16.05, f1: 18.18
epoch: 299, val_loss:1.987248, acc: 35.30, bacc: 28.40, tmp_test_f1: 16.32, f1: 18.18
epoch: 300, val_loss:1.962255, acc: 35.30, bacc: 28.40, tmp_test_f1: 16.59, f1: 18.18
epoch: 301, val_loss:1.948010, acc: 35.30, bacc: 28.40, tmp_test_f1: 16.40, f1: 18.18
epoch: 302, val_loss:1.963723, acc: 35.30, bacc: 28.40, tmp_test_f1: 16.19, f1: 18.18
epoch: 303, val_loss:1.974473, acc: 35.30, bacc: 28.40, tmp_test_f1: 16.45, f1: 18.18
epoch: 304, val_loss:1.961654, acc: 35.30, bacc: 28.40, tmp_test_f1: 16.38, f1: 18.18
epoch: 305, val_loss:1.968100, acc: 35.30, bacc: 28.40, tmp_test_f1: 16.28, f1: 18.18
epoch: 306, val_loss:1.970792, acc: 35.30, bacc: 28.40, tmp_test_f1: 16.37, f1: 18.18
epoch: 307, val_loss:1.960799, acc: 35.30, bacc: 28.40, tmp_test_f1: 16.15, f1: 18.18
epoch: 308, val_loss:1.976964, acc: 35.30, bacc: 28.40, tmp_test_f1: 16.96, f1: 18.18
epoch: 309, val_loss:1.944380, acc: 35.30, bacc: 28.40, tmp_test_f1: 16.80, f1: 18.18
epoch: 310, val_loss:1.951094, acc: 35.30, bacc: 28.40, tmp_test_f1: 16.17, f1: 18.18
epoch: 311, val_loss:1.980801, acc: 35.30, bacc: 28.40, tmp_test_f1: 16.57, f1: 18.18
epoch: 312, val_loss:1.962880, acc: 35.30, bacc: 28.40, tmp_test_f1: 16.65, f1: 18.18
epoch: 313, val_loss:1.956628, acc: 35.30, bacc: 28.40, tmp_test_f1: 16.37, f1: 18.18
epoch: 314, val_loss:1.974746, acc: 35.30, bacc: 28.40, tmp_test_f1: 16.17, f1: 18.18
epoch: 315, val_loss:1.990952, acc: 35.30, bacc: 28.40, tmp_test_f1: 16.55, f1: 18.18
epoch: 316, val_loss:1.958282, acc: 35.30, bacc: 28.40, tmp_test_f1: 16.43, f1: 18.18
epoch: 317, val_loss:1.981017, acc: 35.30, bacc: 28.40, tmp_test_f1: 16.29, f1: 18.18
epoch: 318, val_loss:1.988050, acc: 35.30, bacc: 28.40, tmp_test_f1: 16.58, f1: 18.18
epoch: 319, val_loss:1.956200, acc: 35.30, bacc: 28.40, tmp_test_f1: 16.73, f1: 18.18
epoch: 320, val_loss:1.948032, acc: 35.30, bacc: 28.40, tmp_test_f1: 16.47, f1: 18.18
epoch: 321, val_loss:1.970247, acc: 35.30, bacc: 28.40, tmp_test_f1: 16.51, f1: 18.18
epoch: 322, val_loss:1.963978, acc: 35.30, bacc: 28.40, tmp_test_f1: 16.75, f1: 18.18
epoch: 323, val_loss:1.946312, acc: 35.30, bacc: 28.40, tmp_test_f1: 16.54, f1: 18.18
epoch: 324, val_loss:1.951167, acc: 35.30, bacc: 28.40, tmp_test_f1: 16.15, f1: 18.18
epoch: 325, val_loss:1.983202, acc: 35.30, bacc: 28.40, tmp_test_f1: 16.98, f1: 18.18
epoch: 326, val_loss:1.936336, acc: 35.30, bacc: 28.40, tmp_test_f1: 16.47, f1: 18.18
epoch: 327, val_loss:1.956512, acc: 35.30, bacc: 28.40, tmp_test_f1: 15.98, f1: 18.18
epoch: 328, val_loss:2.000877, acc: 35.30, bacc: 28.40, tmp_test_f1: 16.90, f1: 18.18
epoch: 329, val_loss:1.935236, acc: 35.30, bacc: 28.40, tmp_test_f1: 17.33, f1: 18.18
epoch: 330, val_loss:1.921574, acc: 35.30, bacc: 28.40, tmp_test_f1: 16.72, f1: 18.18
epoch: 331, val_loss:1.951407, acc: 35.30, bacc: 28.40, tmp_test_f1: 16.09, f1: 18.18
epoch: 332, val_loss:1.989351, acc: 35.30, bacc: 28.40, tmp_test_f1: 16.85, f1: 18.18
epoch: 333, val_loss:1.949465, acc: 35.30, bacc: 28.40, tmp_test_f1: 17.40, f1: 18.18
epoch: 334, val_loss:1.921798, acc: 35.30, bacc: 28.40, tmp_test_f1: 16.82, f1: 18.18
epoch: 335, val_loss:1.946451, acc: 35.30, bacc: 28.40, tmp_test_f1: 16.28, f1: 18.18
epoch: 336, val_loss:2.005706, acc: 35.30, bacc: 28.40, tmp_test_f1: 16.66, f1: 18.18
epoch: 337, val_loss:1.964806, acc: 35.30, bacc: 28.40, tmp_test_f1: 17.00, f1: 18.18
epoch: 338, val_loss:1.944461, acc: 35.30, bacc: 28.40, tmp_test_f1: 16.49, f1: 18.18
epoch: 339, val_loss:1.980788, acc: 35.30, bacc: 28.40, tmp_test_f1: 16.18, f1: 18.18
epoch: 340, val_loss:2.012930, acc: 35.30, bacc: 28.40, tmp_test_f1: 16.84, f1: 18.18
epoch: 341, val_loss:1.949848, acc: 35.30, bacc: 28.40, tmp_test_f1: 16.76, f1: 18.18
epoch: 342, val_loss:1.951573, acc: 35.30, bacc: 28.40, tmp_test_f1: 16.37, f1: 18.18
epoch: 343, val_loss:1.986619, acc: 35.30, bacc: 28.40, tmp_test_f1: 16.15, f1: 18.18
epoch: 344, val_loss:1.997363, acc: 35.30, bacc: 28.40, tmp_test_f1: 17.04, f1: 18.18
epoch: 345, val_loss:1.941796, acc: 35.30, bacc: 28.40, tmp_test_f1: 17.17, f1: 18.18
epoch: 346, val_loss:1.931381, acc: 35.30, bacc: 28.40, tmp_test_f1: 16.48, f1: 18.18
epoch: 347, val_loss:1.964969, acc: 35.30, bacc: 28.40, tmp_test_f1: 16.38, f1: 18.18
epoch: 348, val_loss:1.981165, acc: 35.30, bacc: 28.40, tmp_test_f1: 16.96, f1: 18.18
epoch: 349, val_loss:1.942702, acc: 35.30, bacc: 28.40, tmp_test_f1: 17.04, f1: 18.18
epoch: 350, val_loss:1.941591, acc: 35.30, bacc: 28.40, tmp_test_f1: 16.31, f1: 18.18
epoch: 351, val_loss:1.989418, acc: 35.30, bacc: 28.40, tmp_test_f1: 16.05, f1: 18.18
epoch: 352, val_loss:2.002448, acc: 35.30, bacc: 28.40, tmp_test_f1: 16.60, f1: 18.18
epoch: 353, val_loss:1.958922, acc: 35.30, bacc: 28.40, tmp_test_f1: 16.51, f1: 18.18
epoch: 354, val_loss:1.966661, acc: 35.30, bacc: 28.40, tmp_test_f1: 16.00, f1: 18.18
epoch: 355, val_loss:2.013133, acc: 35.30, bacc: 28.40, tmp_test_f1: 16.97, f1: 18.18
epoch: 356, val_loss:1.942922, acc: 35.30, bacc: 28.40, tmp_test_f1: 16.99, f1: 18.18
epoch: 357, val_loss:1.937387, acc: 35.30, bacc: 28.40, tmp_test_f1: 16.47, f1: 18.18
epoch: 358, val_loss:1.976188, acc: 35.30, bacc: 28.40, tmp_test_f1: 16.09, f1: 18.18
epoch: 359, val_loss:2.001967, acc: 35.30, bacc: 28.40, tmp_test_f1: 17.15, f1: 18.18
epoch: 360, val_loss:1.935225, acc: 35.30, bacc: 28.40, tmp_test_f1: 17.25, f1: 18.18
epoch: 361, val_loss:1.928088, acc: 35.30, bacc: 28.40, tmp_test_f1: 16.34, f1: 18.18
epoch: 362, val_loss:1.980427, acc: 35.30, bacc: 28.40, tmp_test_f1: 16.24, f1: 18.18
epoch: 363, val_loss:2.006567, acc: 35.30, bacc: 28.40, tmp_test_f1: 17.09, f1: 18.18
epoch: 364, val_loss:1.945510, acc: 35.30, bacc: 28.40, tmp_test_f1: 17.19, f1: 18.18
epoch: 365, val_loss:1.944347, acc: 35.30, bacc: 28.40, tmp_test_f1: 15.88, f1: 18.18
epoch: 366, val_loss:2.032869, acc: 35.30, bacc: 28.40, tmp_test_f1: 16.85, f1: 18.18
epoch: 367, val_loss:1.954981, acc: 35.30, bacc: 28.40, tmp_test_f1: 17.09, f1: 18.18
epoch: 368, val_loss:1.945135, acc: 35.30, bacc: 28.40, tmp_test_f1: 16.74, f1: 18.18
epoch: 369, val_loss:1.964364, acc: 35.30, bacc: 28.40, tmp_test_f1: 16.13, f1: 18.18
epoch: 370, val_loss:2.001211, acc: 35.30, bacc: 28.40, tmp_test_f1: 16.84, f1: 18.18
epoch: 371, val_loss:1.959147, acc: 35.30, bacc: 28.40, tmp_test_f1: 17.23, f1: 18.18
epoch: 372, val_loss:1.937080, acc: 35.30, bacc: 28.40, tmp_test_f1: 16.87, f1: 18.18
epoch: 373, val_loss:1.960027, acc: 35.30, bacc: 28.40, tmp_test_f1: 16.22, f1: 18.18
epoch: 374, val_loss:2.005475, acc: 35.30, bacc: 28.40, tmp_test_f1: 16.53, f1: 18.18
epoch: 375, val_loss:1.977885, acc: 35.30, bacc: 28.40, tmp_test_f1: 16.64, f1: 18.18
epoch: 376, val_loss:1.967526, acc: 35.30, bacc: 28.40, tmp_test_f1: 16.49, f1: 18.18
epoch: 377, val_loss:1.979684, acc: 35.30, bacc: 28.40, tmp_test_f1: 16.37, f1: 18.18
epoch: 378, val_loss:2.000147, acc: 35.30, bacc: 28.40, tmp_test_f1: 16.58, f1: 18.18
epoch: 379, val_loss:1.969342, acc: 35.30, bacc: 28.40, tmp_test_f1: 16.43, f1: 18.18
epoch: 380, val_loss:1.983090, acc: 35.30, bacc: 28.40, tmp_test_f1: 16.41, f1: 18.18
epoch: 381, val_loss:1.978859, acc: 35.30, bacc: 28.40, tmp_test_f1: 16.61, f1: 18.18
epoch: 382, val_loss:1.967812, acc: 35.30, bacc: 28.40, tmp_test_f1: 16.52, f1: 18.18
epoch: 383, val_loss:1.969498, acc: 35.30, bacc: 28.40, tmp_test_f1: 16.41, f1: 18.18
epoch: 384, val_loss:1.981896, acc: 35.30, bacc: 28.40, tmp_test_f1: 16.72, f1: 18.18
epoch: 385, val_loss:1.957959, acc: 35.30, bacc: 28.40, tmp_test_f1: 16.37, f1: 18.18
epoch: 386, val_loss:1.976600, acc: 35.30, bacc: 28.40, tmp_test_f1: 16.17, f1: 18.18
epoch: 387, val_loss:1.986225, acc: 35.30, bacc: 28.40, tmp_test_f1: 16.75, f1: 18.18
epoch: 388, val_loss:1.959310, acc: 35.30, bacc: 28.40, tmp_test_f1: 16.27, f1: 18.18
epoch: 389, val_loss:1.984981, acc: 35.30, bacc: 28.40, tmp_test_f1: 16.03, f1: 18.18
epoch: 390, val_loss:2.016428, acc: 35.30, bacc: 28.40, tmp_test_f1: 17.26, f1: 18.18
epoch: 391, val_loss:1.930747, acc: 35.30, bacc: 28.40, tmp_test_f1: 16.93, f1: 18.18
epoch: 392, val_loss:1.942154, acc: 35.30, bacc: 28.40, tmp_test_f1: 16.15, f1: 18.18
epoch: 393, val_loss:1.999693, acc: 35.30, bacc: 28.40, tmp_test_f1: 16.35, f1: 18.18
epoch: 394, val_loss:1.977639, acc: 35.30, bacc: 28.40, tmp_test_f1: 17.07, f1: 18.18
epoch: 395, val_loss:1.937414, acc: 35.30, bacc: 28.40, tmp_test_f1: 16.97, f1: 18.18
epoch: 396, val_loss:1.953625, acc: 35.30, bacc: 28.40, tmp_test_f1: 16.22, f1: 18.18
epoch: 397, val_loss:2.006073, acc: 35.30, bacc: 28.40, tmp_test_f1: 16.57, f1: 18.18
epoch: 398, val_loss:1.980692, acc: 35.30, bacc: 28.40, tmp_test_f1: 16.84, f1: 18.18
epoch: 399, val_loss:1.960782, acc: 35.30, bacc: 28.40, tmp_test_f1: 16.29, f1: 18.18
epoch: 400, val_loss:1.988420, acc: 35.30, bacc: 28.40, tmp_test_f1: 16.16, f1: 18.18
epoch: 401, val_loss:2.008799, acc: 35.30, bacc: 28.40, tmp_test_f1: 16.91, f1: 18.18
epoch: 402, val_loss:1.948615, acc: 35.30, bacc: 28.40, tmp_test_f1: 16.99, f1: 18.18
epoch: 403, val_loss:1.952578, acc: 35.30, bacc: 28.40, tmp_test_f1: 16.16, f1: 18.18
epoch: 404, val_loss:1.999963, acc: 35.30, bacc: 28.40, tmp_test_f1: 16.92, f1: 18.18
Epoch 00405: reducing learning rate of group 0 to 2.5000e-02.
epoch: 405, val_loss:1.948474, acc: 35.30, bacc: 28.40, tmp_test_f1: 17.11, f1: 18.18
epoch: 406, val_loss:1.941110, acc: 35.30, bacc: 28.40, tmp_test_f1: 16.74, f1: 18.18
epoch: 407, val_loss:1.963523, acc: 35.30, bacc: 28.40, tmp_test_f1: 16.38, f1: 18.18
epoch: 408, val_loss:1.990604, acc: 35.30, bacc: 28.40, tmp_test_f1: 16.50, f1: 18.18
epoch: 409, val_loss:1.985510, acc: 35.30, bacc: 28.40, tmp_test_f1: 16.78, f1: 18.18
epoch: 410, val_loss:1.964235, acc: 35.30, bacc: 28.40, tmp_test_f1: 16.89, f1: 18.18
epoch: 411, val_loss:1.958575, acc: 35.30, bacc: 28.40, tmp_test_f1: 16.59, f1: 18.18
epoch: 412, val_loss:1.970667, acc: 35.30, bacc: 28.40, tmp_test_f1: 16.35, f1: 18.18
epoch: 413, val_loss:1.995261, acc: 35.30, bacc: 28.40, tmp_test_f1: 16.26, f1: 18.18
epoch: 414, val_loss:2.012974, acc: 35.30, bacc: 28.40, tmp_test_f1: 16.43, f1: 18.18
epoch: 415, val_loss:1.980549, acc: 35.30, bacc: 28.40, tmp_test_f1: 16.62, f1: 18.18
epoch: 416, val_loss:1.963973, acc: 35.30, bacc: 28.40, tmp_test_f1: 16.37, f1: 18.18
epoch: 417, val_loss:1.977696, acc: 35.30, bacc: 28.40, tmp_test_f1: 16.27, f1: 18.18
epoch: 418, val_loss:1.993915, acc: 35.30, bacc: 28.40, tmp_test_f1: 16.34, f1: 18.18
epoch: 419, val_loss:1.978901, acc: 35.30, bacc: 28.40, tmp_test_f1: 16.74, f1: 18.18
epoch: 420, val_loss:1.958609, acc: 35.30, bacc: 28.40, tmp_test_f1: 16.77, f1: 18.18
epoch: 421, val_loss:1.955547, acc: 35.30, bacc: 28.40, tmp_test_f1: 16.37, f1: 18.18
epoch: 422, val_loss:1.965698, acc: 35.30, bacc: 28.40, tmp_test_f1: 16.23, f1: 18.18
epoch: 423, val_loss:1.985128, acc: 35.30, bacc: 28.40, tmp_test_f1: 16.16, f1: 18.18
epoch: 424, val_loss:1.986955, acc: 35.30, bacc: 28.40, tmp_test_f1: 16.54, f1: 18.18
epoch: 425, val_loss:1.958194, acc: 35.30, bacc: 28.40, tmp_test_f1: 16.69, f1: 18.18
epoch: 426, val_loss:1.955987, acc: 35.30, bacc: 28.40, tmp_test_f1: 16.07, f1: 18.18
epoch: 427, val_loss:1.980664, acc: 35.30, bacc: 28.40, tmp_test_f1: 16.03, f1: 18.18
epoch: 428, val_loss:1.997202, acc: 35.30, bacc: 28.40, tmp_test_f1: 16.54, f1: 18.18
epoch: 429, val_loss:1.958203, acc: 35.30, bacc: 28.40, tmp_test_f1: 16.83, f1: 18.18
epoch: 430, val_loss:1.946377, acc: 35.30, bacc: 28.40, tmp_test_f1: 16.44, f1: 18.18
epoch: 431, val_loss:1.962168, acc: 35.30, bacc: 28.40, tmp_test_f1: 16.19, f1: 18.18
epoch: 432, val_loss:1.990017, acc: 35.30, bacc: 28.40, tmp_test_f1: 16.19, f1: 18.18
epoch: 433, val_loss:1.981260, acc: 35.30, bacc: 28.40, tmp_test_f1: 16.48, f1: 18.18
epoch: 434, val_loss:1.959737, acc: 35.30, bacc: 28.40, tmp_test_f1: 16.58, f1: 18.18
epoch: 435, val_loss:1.954631, acc: 35.30, bacc: 28.40, tmp_test_f1: 16.44, f1: 18.18
epoch: 436, val_loss:1.970830, acc: 35.30, bacc: 28.40, tmp_test_f1: 16.17, f1: 18.18
epoch: 437, val_loss:1.998018, acc: 35.30, bacc: 28.40, tmp_test_f1: 16.35, f1: 18.18
epoch: 438, val_loss:1.987458, acc: 35.30, bacc: 28.40, tmp_test_f1: 16.54, f1: 18.18
epoch: 439, val_loss:1.964279, acc: 35.30, bacc: 28.40, tmp_test_f1: 16.70, f1: 18.18
epoch: 440, val_loss:1.959539, acc: 35.30, bacc: 28.40, tmp_test_f1: 16.40, f1: 18.18
epoch: 441, val_loss:1.978323, acc: 35.30, bacc: 28.40, tmp_test_f1: 15.96, f1: 18.18
epoch: 442, val_loss:2.006542, acc: 35.30, bacc: 28.40, tmp_test_f1: 16.45, f1: 18.18
epoch: 443, val_loss:1.976022, acc: 35.30, bacc: 28.40, tmp_test_f1: 16.78, f1: 18.18
epoch: 444, val_loss:1.960027, acc: 35.30, bacc: 28.40, tmp_test_f1: 16.53, f1: 18.18
epoch: 445, val_loss:1.970739, acc: 35.30, bacc: 28.40, tmp_test_f1: 16.05, f1: 18.18
epoch: 446, val_loss:2.002533, acc: 35.30, bacc: 28.40, tmp_test_f1: 16.29, f1: 18.18
epoch: 447, val_loss:1.983548, acc: 35.30, bacc: 28.40, tmp_test_f1: 16.60, f1: 18.18
epoch: 448, val_loss:1.966889, acc: 35.30, bacc: 28.40, tmp_test_f1: 16.53, f1: 18.18
epoch: 449, val_loss:1.970721, acc: 35.30, bacc: 28.40, tmp_test_f1: 16.12, f1: 18.18
epoch: 450, val_loss:1.993328, acc: 35.30, bacc: 28.40, tmp_test_f1: 16.17, f1: 18.18
epoch: 451, val_loss:1.992456, acc: 35.30, bacc: 28.40, tmp_test_f1: 16.53, f1: 18.18
epoch: 452, val_loss:1.968437, acc: 35.30, bacc: 28.40, tmp_test_f1: 16.49, f1: 18.18
epoch: 453, val_loss:1.967151, acc: 35.30, bacc: 28.40, tmp_test_f1: 16.18, f1: 18.18
epoch: 454, val_loss:1.985651, acc: 35.30, bacc: 28.40, tmp_test_f1: 15.99, f1: 18.18
epoch: 455, val_loss:1.997314, acc: 35.30, bacc: 28.40, tmp_test_f1: 16.44, f1: 18.18
epoch: 456, val_loss:1.965612, acc: 35.30, bacc: 28.40, tmp_test_f1: 16.51, f1: 18.18
epoch: 457, val_loss:1.961436, acc: 35.30, bacc: 28.40, tmp_test_f1: 15.96, f1: 18.18
epoch: 458, val_loss:1.993408, acc: 35.30, bacc: 28.40, tmp_test_f1: 16.05, f1: 18.18
epoch: 459, val_loss:1.996022, acc: 35.30, bacc: 28.40, tmp_test_f1: 16.29, f1: 18.18
epoch: 460, val_loss:1.971618, acc: 35.30, bacc: 28.40, tmp_test_f1: 16.63, f1: 18.18
epoch: 461, val_loss:1.963564, acc: 35.30, bacc: 28.40, tmp_test_f1: 16.35, f1: 18.18
epoch: 462, val_loss:1.971812, acc: 35.30, bacc: 28.40, tmp_test_f1: 16.17, f1: 18.18
epoch: 463, val_loss:1.980010, acc: 35.30, bacc: 28.40, tmp_test_f1: 16.20, f1: 18.18
epoch: 464, val_loss:1.976292, acc: 35.30, bacc: 28.40, tmp_test_f1: 16.27, f1: 18.18
epoch: 465, val_loss:1.976737, acc: 35.30, bacc: 28.40, tmp_test_f1: 16.19, f1: 18.18
epoch: 466, val_loss:1.985161, acc: 35.30, bacc: 28.40, tmp_test_f1: 16.26, f1: 18.18
epoch: 467, val_loss:1.977426, acc: 35.30, bacc: 28.40, tmp_test_f1: 16.10, f1: 18.18
epoch: 468, val_loss:1.989305, acc: 35.30, bacc: 28.40, tmp_test_f1: 16.09, f1: 18.18
epoch: 469, val_loss:1.995291, acc: 35.30, bacc: 28.40, tmp_test_f1: 16.26, f1: 18.18
epoch: 470, val_loss:1.976375, acc: 35.30, bacc: 28.40, tmp_test_f1: 16.22, f1: 18.18
epoch: 471, val_loss:1.984042, acc: 35.30, bacc: 28.40, tmp_test_f1: 15.92, f1: 18.18
epoch: 472, val_loss:2.001904, acc: 35.30, bacc: 28.40, tmp_test_f1: 16.27, f1: 18.18
epoch: 473, val_loss:1.982624, acc: 35.30, bacc: 28.40, tmp_test_f1: 16.36, f1: 18.18
epoch: 474, val_loss:1.973619, acc: 35.30, bacc: 28.40, tmp_test_f1: 16.37, f1: 18.18
epoch: 475, val_loss:1.974591, acc: 35.30, bacc: 28.40, tmp_test_f1: 16.37, f1: 18.18
epoch: 476, val_loss:1.980532, acc: 35.30, bacc: 28.40, tmp_test_f1: 16.33, f1: 18.18
epoch: 477, val_loss:1.981063, acc: 35.30, bacc: 28.40, tmp_test_f1: 16.27, f1: 18.18
epoch: 478, val_loss:1.975627, acc: 35.30, bacc: 28.40, tmp_test_f1: 16.24, f1: 18.18
epoch: 479, val_loss:1.978962, acc: 35.30, bacc: 28.40, tmp_test_f1: 16.07, f1: 18.18
epoch: 480, val_loss:1.996786, acc: 35.30, bacc: 28.40, tmp_test_f1: 16.04, f1: 18.18
epoch: 481, val_loss:1.989324, acc: 35.30, bacc: 28.40, tmp_test_f1: 16.42, f1: 18.18
epoch: 482, val_loss:1.974728, acc: 35.30, bacc: 28.40, tmp_test_f1: 16.18, f1: 18.18
epoch: 483, val_loss:1.990449, acc: 35.30, bacc: 28.40, tmp_test_f1: 16.02, f1: 18.18
epoch: 484, val_loss:2.005750, acc: 35.30, bacc: 28.40, tmp_test_f1: 16.54, f1: 18.18
epoch: 485, val_loss:1.971814, acc: 35.30, bacc: 28.40, tmp_test_f1: 16.56, f1: 18.18
epoch: 486, val_loss:1.968386, acc: 35.30, bacc: 28.40, tmp_test_f1: 16.19, f1: 18.18
epoch: 487, val_loss:1.984182, acc: 35.30, bacc: 28.40, tmp_test_f1: 15.92, f1: 18.18
epoch: 488, val_loss:2.000304, acc: 35.30, bacc: 28.40, tmp_test_f1: 16.10, f1: 18.18
epoch: 489, val_loss:1.982002, acc: 35.30, bacc: 28.40, tmp_test_f1: 16.32, f1: 18.18
epoch: 490, val_loss:1.974305, acc: 35.30, bacc: 28.40, tmp_test_f1: 16.18, f1: 18.18
epoch: 491, val_loss:1.981201, acc: 35.30, bacc: 28.40, tmp_test_f1: 16.13, f1: 18.18
epoch: 492, val_loss:1.992971, acc: 35.30, bacc: 28.40, tmp_test_f1: 16.11, f1: 18.18
epoch: 493, val_loss:1.987923, acc: 35.30, bacc: 28.40, tmp_test_f1: 16.13, f1: 18.18
epoch: 494, val_loss:1.983644, acc: 35.30, bacc: 28.40, tmp_test_f1: 16.12, f1: 18.18
epoch: 495, val_loss:1.983499, acc: 35.30, bacc: 28.40, tmp_test_f1: 16.17, f1: 18.18
epoch: 496, val_loss:1.981133, acc: 35.30, bacc: 28.40, tmp_test_f1: 16.03, f1: 18.18
epoch: 497, val_loss:1.989382, acc: 35.30, bacc: 28.40, tmp_test_f1: 15.92, f1: 18.18
epoch: 498, val_loss:1.992629, acc: 35.30, bacc: 28.40, tmp_test_f1: 16.28, f1: 18.18
epoch: 499, val_loss:1.979189, acc: 35.30, bacc: 28.40, tmp_test_f1: 16.07, f1: 18.18
epoch: 500, val_loss:1.983943, acc: 35.30, bacc: 28.40, tmp_test_f1: 15.91, f1: 18.18
epoch: 501, val_loss:2.001655, acc: 35.30, bacc: 28.40, tmp_test_f1: 16.06, f1: 18.18
epoch: 502, val_loss:1.982241, acc: 35.30, bacc: 28.40, tmp_test_f1: 16.11, f1: 18.18
epoch: 503, val_loss:1.985142, acc: 35.30, bacc: 28.40, tmp_test_f1: 15.90, f1: 18.18
epoch: 504, val_loss:2.007987, acc: 35.30, bacc: 28.40, tmp_test_f1: 16.34, f1: 18.18
epoch: 505, val_loss:1.977664, acc: 35.30, bacc: 28.40, tmp_test_f1: 16.65, f1: 18.18
epoch: 506, val_loss:1.965828, acc: 35.30, bacc: 28.40, tmp_test_f1: 16.43, f1: 18.18
epoch: 507, val_loss:1.976395, acc: 35.30, bacc: 28.40, tmp_test_f1: 16.27, f1: 18.18
epoch: 508, val_loss:1.998908, acc: 35.30, bacc: 28.40, tmp_test_f1: 16.22, f1: 18.18
epoch: 509, val_loss:1.985971, acc: 35.30, bacc: 28.40, tmp_test_f1: 16.67, f1: 18.18
epoch: 510, val_loss:1.968632, acc: 35.30, bacc: 28.40, tmp_test_f1: 16.55, f1: 18.18
epoch: 511, val_loss:1.971748, acc: 35.30, bacc: 28.40, tmp_test_f1: 16.18, f1: 18.18
epoch: 512, val_loss:1.997015, acc: 35.30, bacc: 28.40, tmp_test_f1: 16.17, f1: 18.18
epoch: 513, val_loss:2.014072, acc: 35.30, bacc: 28.40, tmp_test_f1: 16.45, f1: 18.18
epoch: 514, val_loss:1.972078, acc: 35.30, bacc: 28.40, tmp_test_f1: 16.68, f1: 18.18
epoch: 515, val_loss:1.962704, acc: 35.30, bacc: 28.40, tmp_test_f1: 16.27, f1: 18.18
epoch: 516, val_loss:1.982503, acc: 35.30, bacc: 28.40, tmp_test_f1: 16.15, f1: 18.18
epoch: 517, val_loss:2.002373, acc: 35.30, bacc: 28.40, tmp_test_f1: 16.21, f1: 18.18
epoch: 518, val_loss:1.985422, acc: 35.30, bacc: 28.40, tmp_test_f1: 16.55, f1: 18.18
epoch: 519, val_loss:1.968972, acc: 35.30, bacc: 28.40, tmp_test_f1: 16.30, f1: 18.18
epoch: 520, val_loss:1.977040, acc: 35.30, bacc: 28.40, tmp_test_f1: 16.16, f1: 18.18
epoch: 521, val_loss:1.998338, acc: 35.30, bacc: 28.40, tmp_test_f1: 16.21, f1: 18.18
epoch: 522, val_loss:2.003665, acc: 35.30, bacc: 28.40, tmp_test_f1: 16.32, f1: 18.18
epoch: 523, val_loss:1.975805, acc: 35.30, bacc: 28.40, tmp_test_f1: 16.69, f1: 18.18
epoch: 524, val_loss:1.967510, acc: 35.30, bacc: 28.40, tmp_test_f1: 16.20, f1: 18.18
epoch: 525, val_loss:1.991799, acc: 35.30, bacc: 28.40, tmp_test_f1: 16.11, f1: 18.18
epoch: 526, val_loss:2.004486, acc: 35.30, bacc: 28.40, tmp_test_f1: 16.21, f1: 18.18
epoch: 527, val_loss:1.986111, acc: 35.30, bacc: 28.40, tmp_test_f1: 16.34, f1: 18.18
epoch: 528, val_loss:1.978284, acc: 35.30, bacc: 28.40, tmp_test_f1: 16.16, f1: 18.18
epoch: 529, val_loss:1.986851, acc: 35.30, bacc: 28.40, tmp_test_f1: 15.94, f1: 18.18
epoch: 530, val_loss:1.997146, acc: 35.30, bacc: 28.40, tmp_test_f1: 16.05, f1: 18.18
epoch: 531, val_loss:1.994870, acc: 35.30, bacc: 28.40, tmp_test_f1: 16.07, f1: 18.18
epoch: 532, val_loss:1.987675, acc: 35.30, bacc: 28.40, tmp_test_f1: 15.96, f1: 18.18
epoch: 533, val_loss:1.991851, acc: 35.30, bacc: 28.40, tmp_test_f1: 15.99, f1: 18.18
epoch: 534, val_loss:1.993975, acc: 35.30, bacc: 28.40, tmp_test_f1: 16.20, f1: 18.18
epoch: 535, val_loss:1.980703, acc: 35.30, bacc: 28.40, tmp_test_f1: 16.10, f1: 18.18
epoch: 536, val_loss:1.980642, acc: 35.30, bacc: 28.40, tmp_test_f1: 16.08, f1: 18.18
epoch: 537, val_loss:1.997104, acc: 35.30, bacc: 28.40, tmp_test_f1: 16.15, f1: 18.18
epoch: 538, val_loss:1.979834, acc: 35.30, bacc: 28.40, tmp_test_f1: 16.37, f1: 18.18
epoch: 539, val_loss:1.974143, acc: 35.30, bacc: 28.40, tmp_test_f1: 16.24, f1: 18.18
epoch: 540, val_loss:1.988906, acc: 35.30, bacc: 28.40, tmp_test_f1: 16.29, f1: 18.18
epoch: 541, val_loss:1.988020, acc: 35.30, bacc: 28.40, tmp_test_f1: 16.26, f1: 18.18
epoch: 542, val_loss:1.998200, acc: 35.30, bacc: 28.40, tmp_test_f1: 16.39, f1: 18.18
epoch: 543, val_loss:1.974532, acc: 35.30, bacc: 28.40, tmp_test_f1: 16.49, f1: 18.18
epoch: 544, val_loss:1.968299, acc: 35.30, bacc: 28.40, tmp_test_f1: 16.16, f1: 18.18
epoch: 545, val_loss:1.986600, acc: 35.30, bacc: 28.40, tmp_test_f1: 15.98, f1: 18.18
epoch: 546, val_loss:1.993106, acc: 35.30, bacc: 28.40, tmp_test_f1: 16.72, f1: 18.18
epoch: 547, val_loss:1.959645, acc: 35.30, bacc: 28.40, tmp_test_f1: 16.58, f1: 18.18
epoch: 548, val_loss:1.964120, acc: 35.30, bacc: 28.40, tmp_test_f1: 15.95, f1: 18.18
epoch: 549, val_loss:1.988485, acc: 35.30, bacc: 28.40, tmp_test_f1: 16.01, f1: 18.18
epoch: 550, val_loss:2.014454, acc: 35.30, bacc: 28.40, tmp_test_f1: 16.41, f1: 18.18
epoch: 551, val_loss:1.971500, acc: 35.30, bacc: 28.40, tmp_test_f1: 16.88, f1: 18.18
epoch: 552, val_loss:1.960370, acc: 35.30, bacc: 28.40, tmp_test_f1: 16.31, f1: 18.18
epoch: 553, val_loss:1.981934, acc: 35.30, bacc: 28.40, tmp_test_f1: 16.14, f1: 18.18
epoch: 554, val_loss:2.010668, acc: 35.30, bacc: 28.40, tmp_test_f1: 16.27, f1: 18.18
epoch: 555, val_loss:1.984928, acc: 35.30, bacc: 28.40, tmp_test_f1: 16.40, f1: 18.18
epoch: 556, val_loss:1.979139, acc: 35.30, bacc: 28.40, tmp_test_f1: 16.32, f1: 18.18
epoch: 557, val_loss:1.994605, acc: 35.30, bacc: 28.40, tmp_test_f1: 16.12, f1: 18.18
epoch: 558, val_loss:2.005246, acc: 35.30, bacc: 28.40, tmp_test_f1: 16.21, f1: 18.18
epoch: 559, val_loss:1.987359, acc: 35.30, bacc: 28.40, tmp_test_f1: 16.37, f1: 18.18
epoch: 560, val_loss:1.983382, acc: 35.30, bacc: 28.40, tmp_test_f1: 16.06, f1: 18.18
epoch: 561, val_loss:1.995570, acc: 35.30, bacc: 28.40, tmp_test_f1: 16.03, f1: 18.18
epoch: 562, val_loss:2.005069, acc: 35.30, bacc: 28.40, tmp_test_f1: 16.17, f1: 18.18
epoch: 563, val_loss:1.988396, acc: 35.30, bacc: 28.40, tmp_test_f1: 16.29, f1: 18.18
epoch: 564, val_loss:1.980992, acc: 35.30, bacc: 28.40, tmp_test_f1: 16.00, f1: 18.18
epoch: 565, val_loss:1.991539, acc: 35.30, bacc: 28.40, tmp_test_f1: 15.94, f1: 18.18
epoch: 566, val_loss:1.991661, acc: 35.30, bacc: 28.40, tmp_test_f1: 15.95, f1: 18.18
epoch: 567, val_loss:1.989079, acc: 35.30, bacc: 28.40, tmp_test_f1: 15.99, f1: 18.18
epoch: 568, val_loss:1.989134, acc: 35.30, bacc: 28.40, tmp_test_f1: 15.97, f1: 18.18
epoch: 569, val_loss:1.985744, acc: 35.30, bacc: 28.40, tmp_test_f1: 15.94, f1: 18.18
epoch: 570, val_loss:1.998493, acc: 35.30, bacc: 28.40, tmp_test_f1: 15.91, f1: 18.18
epoch: 571, val_loss:1.991624, acc: 35.30, bacc: 28.40, tmp_test_f1: 16.13, f1: 18.18
epoch: 572, val_loss:1.986748, acc: 35.30, bacc: 28.40, tmp_test_f1: 15.92, f1: 18.18
epoch: 573, val_loss:1.996840, acc: 35.30, bacc: 28.40, tmp_test_f1: 16.02, f1: 18.18
epoch: 574, val_loss:1.998688, acc: 35.30, bacc: 28.40, tmp_test_f1: 16.03, f1: 18.18
epoch: 575, val_loss:1.995690, acc: 35.30, bacc: 28.40, tmp_test_f1: 16.01, f1: 18.18
epoch: 576, val_loss:2.000324, acc: 35.30, bacc: 28.40, tmp_test_f1: 16.12, f1: 18.18
epoch: 577, val_loss:1.990361, acc: 35.30, bacc: 28.40, tmp_test_f1: 15.96, f1: 18.18
epoch: 578, val_loss:2.000287, acc: 35.30, bacc: 28.40, tmp_test_f1: 15.96, f1: 18.18
epoch: 579, val_loss:2.000388, acc: 35.30, bacc: 28.40, tmp_test_f1: 16.14, f1: 18.18
epoch: 580, val_loss:1.991660, acc: 35.30, bacc: 28.40, tmp_test_f1: 15.91, f1: 18.18
epoch: 581, val_loss:2.001459, acc: 35.30, bacc: 28.40, tmp_test_f1: 15.95, f1: 18.18
epoch: 582, val_loss:2.002386, acc: 35.30, bacc: 28.40, tmp_test_f1: 16.08, f1: 18.18
epoch: 583, val_loss:1.994634, acc: 35.30, bacc: 28.40, tmp_test_f1: 16.20, f1: 18.18
epoch: 584, val_loss:1.990524, acc: 35.30, bacc: 28.40, tmp_test_f1: 16.08, f1: 18.18
epoch: 585, val_loss:1.996312, acc: 35.30, bacc: 28.40, tmp_test_f1: 15.94, f1: 18.18
epoch: 586, val_loss:2.009457, acc: 35.30, bacc: 28.40, tmp_test_f1: 16.38, f1: 18.18
epoch: 587, val_loss:1.984894, acc: 35.30, bacc: 28.40, tmp_test_f1: 16.19, f1: 18.18
epoch: 588, val_loss:1.993757, acc: 35.30, bacc: 28.40, tmp_test_f1: 15.93, f1: 18.18
epoch: 589, val_loss:2.015709, acc: 35.30, bacc: 28.40, tmp_test_f1: 16.24, f1: 18.18
epoch: 590, val_loss:1.992081, acc: 35.30, bacc: 28.40, tmp_test_f1: 16.25, f1: 18.18
epoch: 591, val_loss:1.989966, acc: 35.30, bacc: 28.40, tmp_test_f1: 16.10, f1: 18.18
epoch: 592, val_loss:2.000414, acc: 35.30, bacc: 28.40, tmp_test_f1: 16.10, f1: 18.18
epoch: 593, val_loss:2.001465, acc: 35.30, bacc: 28.40, tmp_test_f1: 16.33, f1: 18.18
epoch: 594, val_loss:1.982982, acc: 35.30, bacc: 28.40, tmp_test_f1: 16.32, f1: 18.18
epoch: 595, val_loss:1.982617, acc: 35.30, bacc: 28.40, tmp_test_f1: 15.99, f1: 18.18
epoch: 596, val_loss:1.999819, acc: 35.30, bacc: 28.40, tmp_test_f1: 15.94, f1: 18.18
epoch: 597, val_loss:1.999840, acc: 35.30, bacc: 28.40, tmp_test_f1: 16.42, f1: 18.18
epoch: 598, val_loss:1.977449, acc: 35.30, bacc: 28.40, tmp_test_f1: 16.26, f1: 18.18
epoch: 599, val_loss:1.984837, acc: 35.30, bacc: 28.40, tmp_test_f1: 15.99, f1: 18.18
epoch: 600, val_loss:2.003587, acc: 35.30, bacc: 28.40, tmp_test_f1: 15.96, f1: 18.18
epoch: 601, val_loss:1.998032, acc: 35.30, bacc: 28.40, tmp_test_f1: 16.14, f1: 18.18
epoch: 602, val_loss:1.994309, acc: 35.30, bacc: 28.40, tmp_test_f1: 15.88, f1: 18.18
epoch: 603, val_loss:2.001042, acc: 35.30, bacc: 28.40, tmp_test_f1: 16.05, f1: 18.18
epoch: 604, val_loss:1.995631, acc: 35.30, bacc: 28.40, tmp_test_f1: 15.95, f1: 18.18
epoch: 605, val_loss:2.007427, acc: 35.30, bacc: 28.40, tmp_test_f1: 16.38, f1: 18.18
Epoch 00606: reducing learning rate of group 0 to 1.2500e-02.
epoch: 606, val_loss:1.986437, acc: 35.30, bacc: 28.40, tmp_test_f1: 16.30, f1: 18.18
epoch: 607, val_loss:1.989061, acc: 35.30, bacc: 28.40, tmp_test_f1: 16.11, f1: 18.18
epoch: 608, val_loss:1.997513, acc: 35.30, bacc: 28.40, tmp_test_f1: 16.19, f1: 18.18
epoch: 609, val_loss:2.003974, acc: 35.30, bacc: 28.40, tmp_test_f1: 16.25, f1: 18.18
epoch: 610, val_loss:1.999211, acc: 35.30, bacc: 28.40, tmp_test_f1: 16.16, f1: 18.18
epoch: 611, val_loss:1.993697, acc: 35.30, bacc: 28.40, tmp_test_f1: 16.21, f1: 18.18
epoch: 612, val_loss:1.993618, acc: 35.30, bacc: 28.40, tmp_test_f1: 16.20, f1: 18.18
epoch: 613, val_loss:1.999387, acc: 35.30, bacc: 28.40, tmp_test_f1: 16.04, f1: 18.18
epoch: 614, val_loss:2.005452, acc: 35.30, bacc: 28.40, tmp_test_f1: 16.17, f1: 18.18
epoch: 615, val_loss:1.996228, acc: 35.30, bacc: 28.40, tmp_test_f1: 16.19, f1: 18.18
epoch: 616, val_loss:1.992973, acc: 35.30, bacc: 28.40, tmp_test_f1: 16.18, f1: 18.18
epoch: 617, val_loss:1.996445, acc: 35.30, bacc: 28.40, tmp_test_f1: 16.05, f1: 18.18
epoch: 618, val_loss:2.003641, acc: 35.30, bacc: 28.40, tmp_test_f1: 15.96, f1: 18.18
epoch: 619, val_loss:1.999638, acc: 35.30, bacc: 28.40, tmp_test_f1: 16.01, f1: 18.18
epoch: 620, val_loss:2.001960, acc: 35.30, bacc: 28.40, tmp_test_f1: 15.96, f1: 18.18
epoch: 621, val_loss:2.000294, acc: 35.30, bacc: 28.40, tmp_test_f1: 16.01, f1: 18.18
epoch: 622, val_loss:1.998548, acc: 35.30, bacc: 28.40, tmp_test_f1: 16.05, f1: 18.18
epoch: 623, val_loss:2.003496, acc: 35.30, bacc: 28.40, tmp_test_f1: 15.95, f1: 18.18
epoch: 624, val_loss:2.006894, acc: 35.30, bacc: 28.40, tmp_test_f1: 16.06, f1: 18.18
epoch: 625, val_loss:1.996743, acc: 35.30, bacc: 28.40, tmp_test_f1: 16.06, f1: 18.18
epoch: 626, val_loss:1.996038, acc: 35.30, bacc: 28.40, tmp_test_f1: 16.01, f1: 18.18
epoch: 627, val_loss:2.002849, acc: 35.30, bacc: 28.40, tmp_test_f1: 16.01, f1: 18.18
epoch: 628, val_loss:1.999778, acc: 35.30, bacc: 28.40, tmp_test_f1: 15.97, f1: 18.18
epoch: 629, val_loss:1.997920, acc: 35.30, bacc: 28.40, tmp_test_f1: 15.97, f1: 18.18
epoch: 630, val_loss:2.000462, acc: 35.30, bacc: 28.40, tmp_test_f1: 15.96, f1: 18.18
epoch: 631, val_loss:2.000850, acc: 35.30, bacc: 28.40, tmp_test_f1: 15.90, f1: 18.18
epoch: 632, val_loss:2.006585, acc: 35.30, bacc: 28.40, tmp_test_f1: 15.96, f1: 18.18
epoch: 633, val_loss:2.000461, acc: 35.30, bacc: 28.40, tmp_test_f1: 15.98, f1: 18.18
epoch: 634, val_loss:1.996514, acc: 35.30, bacc: 28.40, tmp_test_f1: 15.92, f1: 18.18
epoch: 635, val_loss:1.998125, acc: 35.30, bacc: 28.40, tmp_test_f1: 15.85, f1: 18.18
epoch: 636, val_loss:2.005505, acc: 35.30, bacc: 28.40, tmp_test_f1: 15.90, f1: 18.18
epoch: 637, val_loss:2.000780, acc: 35.30, bacc: 28.40, tmp_test_f1: 15.91, f1: 18.18
epoch: 638, val_loss:1.997751, acc: 35.30, bacc: 28.40, tmp_test_f1: 15.92, f1: 18.18
epoch: 639, val_loss:1.996349, acc: 35.30, bacc: 28.40, tmp_test_f1: 16.00, f1: 18.18
epoch: 640, val_loss:2.003869, acc: 35.30, bacc: 28.40, tmp_test_f1: 15.95, f1: 18.18
epoch: 641, val_loss:2.002195, acc: 35.30, bacc: 28.40, tmp_test_f1: 16.00, f1: 18.18
epoch: 642, val_loss:2.000008, acc: 35.30, bacc: 28.40, tmp_test_f1: 16.00, f1: 18.18
epoch: 643, val_loss:2.003140, acc: 35.30, bacc: 28.40, tmp_test_f1: 16.02, f1: 18.18
epoch: 644, val_loss:1.999884, acc: 35.30, bacc: 28.40, tmp_test_f1: 16.06, f1: 18.18
epoch: 645, val_loss:2.001797, acc: 35.30, bacc: 28.40, tmp_test_f1: 15.96, f1: 18.18
epoch: 646, val_loss:2.000961, acc: 35.30, bacc: 28.40, tmp_test_f1: 15.94, f1: 18.18
epoch: 647, val_loss:2.007852, acc: 35.30, bacc: 28.40, tmp_test_f1: 16.03, f1: 18.18
epoch: 648, val_loss:1.995690, acc: 35.30, bacc: 28.40, tmp_test_f1: 15.97, f1: 18.18
epoch: 649, val_loss:1.999336, acc: 35.30, bacc: 28.40, tmp_test_f1: 15.95, f1: 18.18
epoch: 650, val_loss:2.002143, acc: 35.30, bacc: 28.40, tmp_test_f1: 15.96, f1: 18.18
epoch: 651, val_loss:1.998808, acc: 35.30, bacc: 28.40, tmp_test_f1: 16.06, f1: 18.18
epoch: 652, val_loss:1.997372, acc: 35.30, bacc: 28.40, tmp_test_f1: 15.96, f1: 18.18
epoch: 653, val_loss:2.001272, acc: 35.30, bacc: 28.40, tmp_test_f1: 16.00, f1: 18.18
epoch: 654, val_loss:2.000931, acc: 35.30, bacc: 28.40, tmp_test_f1: 16.00, f1: 18.18
epoch: 655, val_loss:2.004349, acc: 35.30, bacc: 28.40, tmp_test_f1: 16.01, f1: 18.18
epoch: 656, val_loss:2.000491, acc: 35.30, bacc: 28.40, tmp_test_f1: 16.01, f1: 18.18
epoch: 657, val_loss:2.000979, acc: 35.30, bacc: 28.40, tmp_test_f1: 16.02, f1: 18.18
epoch: 658, val_loss:1.999441, acc: 35.30, bacc: 28.40, tmp_test_f1: 16.13, f1: 18.18
epoch: 659, val_loss:1.992844, acc: 35.30, bacc: 28.40, tmp_test_f1: 16.04, f1: 18.18
epoch: 660, val_loss:1.996331, acc: 35.30, bacc: 28.40, tmp_test_f1: 15.95, f1: 18.18
epoch: 661, val_loss:2.002622, acc: 35.30, bacc: 28.40, tmp_test_f1: 15.89, f1: 18.18
epoch: 662, val_loss:2.007864, acc: 35.30, bacc: 28.40, tmp_test_f1: 16.04, f1: 18.18
epoch: 663, val_loss:1.991069, acc: 35.30, bacc: 28.40, tmp_test_f1: 16.04, f1: 18.18
epoch: 664, val_loss:1.989749, acc: 35.30, bacc: 28.40, tmp_test_f1: 16.01, f1: 18.18
epoch: 665, val_loss:1.998664, acc: 35.30, bacc: 28.40, tmp_test_f1: 15.92, f1: 18.18
epoch: 666, val_loss:2.013146, acc: 35.30, bacc: 28.40, tmp_test_f1: 15.93, f1: 18.18
epoch: 667, val_loss:1.994764, acc: 35.30, bacc: 28.40, tmp_test_f1: 16.09, f1: 18.18
epoch: 668, val_loss:1.990773, acc: 35.30, bacc: 28.40, tmp_test_f1: 16.01, f1: 18.18
epoch: 669, val_loss:1.998349, acc: 35.30, bacc: 28.40, tmp_test_f1: 16.00, f1: 18.18
epoch: 670, val_loss:2.005561, acc: 35.30, bacc: 28.40, tmp_test_f1: 16.04, f1: 18.18
epoch: 671, val_loss:2.005311, acc: 35.30, bacc: 28.40, tmp_test_f1: 16.01, f1: 18.18
epoch: 672, val_loss:1.999853, acc: 35.30, bacc: 28.40, tmp_test_f1: 15.97, f1: 18.18
epoch: 673, val_loss:1.997652, acc: 35.30, bacc: 28.40, tmp_test_f1: 16.05, f1: 18.18
epoch: 674, val_loss:2.007050, acc: 35.30, bacc: 28.40, tmp_test_f1: 16.10, f1: 18.18
epoch: 675, val_loss:2.008278, acc: 35.30, bacc: 28.40, tmp_test_f1: 16.25, f1: 18.18
epoch: 676, val_loss:1.991425, acc: 35.30, bacc: 28.40, tmp_test_f1: 16.31, f1: 18.18
epoch: 677, val_loss:1.988788, acc: 35.30, bacc: 28.40, tmp_test_f1: 16.16, f1: 18.18
epoch: 678, val_loss:2.002027, acc: 35.30, bacc: 28.40, tmp_test_f1: 16.08, f1: 18.18
epoch: 679, val_loss:2.011763, acc: 35.30, bacc: 28.40, tmp_test_f1: 16.24, f1: 18.18
epoch: 680, val_loss:1.992141, acc: 35.30, bacc: 28.40, tmp_test_f1: 16.35, f1: 18.18
epoch: 681, val_loss:1.983405, acc: 35.30, bacc: 28.40, tmp_test_f1: 16.26, f1: 18.18
epoch: 682, val_loss:1.987615, acc: 35.30, bacc: 28.40, tmp_test_f1: 16.14, f1: 18.18
epoch: 683, val_loss:2.002383, acc: 35.30, bacc: 28.40, tmp_test_f1: 16.01, f1: 18.18
epoch: 684, val_loss:2.012913, acc: 35.30, bacc: 28.40, tmp_test_f1: 16.03, f1: 18.18
epoch: 685, val_loss:1.996228, acc: 35.30, bacc: 28.40, tmp_test_f1: 16.26, f1: 18.18
epoch: 686, val_loss:1.984199, acc: 35.30, bacc: 28.40, tmp_test_f1: 16.21, f1: 18.18
epoch: 687, val_loss:1.985763, acc: 35.30, bacc: 28.40, tmp_test_f1: 16.10, f1: 18.18
epoch: 688, val_loss:1.995002, acc: 35.30, bacc: 28.40, tmp_test_f1: 16.05, f1: 18.18
epoch: 689, val_loss:2.009671, acc: 35.30, bacc: 28.40, tmp_test_f1: 16.05, f1: 18.18
epoch: 690, val_loss:2.005247, acc: 35.30, bacc: 28.40, tmp_test_f1: 16.13, f1: 18.18
epoch: 691, val_loss:1.999033, acc: 35.30, bacc: 28.40, tmp_test_f1: 16.14, f1: 18.18
epoch: 692, val_loss:1.999039, acc: 35.30, bacc: 28.40, tmp_test_f1: 16.01, f1: 18.18
epoch: 693, val_loss:2.005557, acc: 35.30, bacc: 28.40, tmp_test_f1: 16.00, f1: 18.18
epoch: 694, val_loss:2.008238, acc: 35.30, bacc: 28.40, tmp_test_f1: 16.06, f1: 18.18
epoch: 695, val_loss:2.002906, acc: 35.30, bacc: 28.40, tmp_test_f1: 16.07, f1: 18.18
epoch: 696, val_loss:2.000367, acc: 35.30, bacc: 28.40, tmp_test_f1: 16.01, f1: 18.18
epoch: 697, val_loss:2.000847, acc: 35.30, bacc: 28.40, tmp_test_f1: 16.00, f1: 18.18
epoch: 698, val_loss:2.004102, acc: 35.30, bacc: 28.40, tmp_test_f1: 16.05, f1: 18.18
epoch: 699, val_loss:2.006975, acc: 35.30, bacc: 28.40, tmp_test_f1: 16.00, f1: 18.18
epoch: 700, val_loss:2.004520, acc: 35.30, bacc: 28.40, tmp_test_f1: 16.05, f1: 18.18
epoch: 701, val_loss:2.007463, acc: 35.30, bacc: 28.40, tmp_test_f1: 16.05, f1: 18.18
epoch: 702, val_loss:2.003995, acc: 35.30, bacc: 28.40, tmp_test_f1: 16.06, f1: 18.18
epoch: 703, val_loss:1.999385, acc: 35.30, bacc: 28.40, tmp_test_f1: 16.15, f1: 18.18
epoch: 704, val_loss:2.001159, acc: 35.30, bacc: 28.40, tmp_test_f1: 16.05, f1: 18.18
epoch: 705, val_loss:2.006824, acc: 35.30, bacc: 28.40, tmp_test_f1: 16.15, f1: 18.18
epoch: 706, val_loss:2.002855, acc: 35.30, bacc: 28.40, tmp_test_f1: 16.20, f1: 18.18
epoch: 707, val_loss:1.995628, acc: 35.30, bacc: 28.40, tmp_test_f1: 16.19, f1: 18.18
epoch: 708, val_loss:1.996870, acc: 35.30, bacc: 28.40, tmp_test_f1: 16.10, f1: 18.18
epoch: 709, val_loss:2.006483, acc: 35.30, bacc: 28.40, tmp_test_f1: 16.10, f1: 18.18
epoch: 710, val_loss:2.006460, acc: 35.30, bacc: 28.40, tmp_test_f1: 16.19, f1: 18.18
epoch: 711, val_loss:2.005162, acc: 35.30, bacc: 28.40, tmp_test_f1: 16.18, f1: 18.18
epoch: 712, val_loss:2.007359, acc: 35.30, bacc: 28.40, tmp_test_f1: 16.16, f1: 18.18
epoch: 713, val_loss:2.000126, acc: 35.30, bacc: 28.40, tmp_test_f1: 16.12, f1: 18.18
epoch: 714, val_loss:1.997474, acc: 35.30, bacc: 28.40, tmp_test_f1: 16.12, f1: 18.18
epoch: 715, val_loss:1.998762, acc: 35.30, bacc: 28.40, tmp_test_f1: 16.07, f1: 18.18
epoch: 716, val_loss:2.000904, acc: 35.30, bacc: 28.40, tmp_test_f1: 16.03, f1: 18.18
epoch: 717, val_loss:1.998489, acc: 35.30, bacc: 28.40, tmp_test_f1: 15.96, f1: 18.18
epoch: 718, val_loss:2.002616, acc: 35.30, bacc: 28.40, tmp_test_f1: 15.91, f1: 18.18
epoch: 719, val_loss:2.006235, acc: 35.30, bacc: 28.40, tmp_test_f1: 15.99, f1: 18.18
epoch: 720, val_loss:1.996851, acc: 35.30, bacc: 28.40, tmp_test_f1: 15.97, f1: 18.18
epoch: 721, val_loss:1.998290, acc: 35.30, bacc: 28.40, tmp_test_f1: 15.80, f1: 18.18
epoch: 722, val_loss:2.006166, acc: 35.30, bacc: 28.40, tmp_test_f1: 15.81, f1: 18.18
epoch: 723, val_loss:2.005324, acc: 35.30, bacc: 28.40, tmp_test_f1: 16.00, f1: 18.18
epoch: 724, val_loss:1.991146, acc: 35.30, bacc: 28.40, tmp_test_f1: 16.11, f1: 18.18
epoch: 725, val_loss:1.988736, acc: 35.30, bacc: 28.40, tmp_test_f1: 15.98, f1: 18.18
epoch: 726, val_loss:1.993946, acc: 35.30, bacc: 28.40, tmp_test_f1: 15.91, f1: 18.18
epoch: 727, val_loss:1.999152, acc: 35.30, bacc: 28.40, tmp_test_f1: 16.02, f1: 18.18
epoch: 728, val_loss:1.995483, acc: 35.30, bacc: 28.40, tmp_test_f1: 16.07, f1: 18.18
epoch: 729, val_loss:1.994915, acc: 35.30, bacc: 28.40, tmp_test_f1: 15.96, f1: 18.18
epoch: 730, val_loss:2.002030, acc: 35.30, bacc: 28.40, tmp_test_f1: 16.03, f1: 18.18
epoch: 731, val_loss:1.995679, acc: 35.30, bacc: 28.40, tmp_test_f1: 16.02, f1: 18.18
epoch: 732, val_loss:1.999512, acc: 35.30, bacc: 28.40, tmp_test_f1: 16.00, f1: 18.18
epoch: 733, val_loss:2.004622, acc: 35.30, bacc: 28.40, tmp_test_f1: 16.01, f1: 18.18
epoch: 734, val_loss:2.001298, acc: 35.30, bacc: 28.40, tmp_test_f1: 16.06, f1: 18.18
epoch: 735, val_loss:1.999897, acc: 35.30, bacc: 28.40, tmp_test_f1: 16.15, f1: 18.18
epoch: 736, val_loss:2.000490, acc: 35.30, bacc: 28.40, tmp_test_f1: 16.15, f1: 18.18
epoch: 737, val_loss:2.001928, acc: 35.30, bacc: 28.40, tmp_test_f1: 16.15, f1: 18.18
epoch: 738, val_loss:2.001929, acc: 35.30, bacc: 28.40, tmp_test_f1: 16.16, f1: 18.18
epoch: 739, val_loss:1.997775, acc: 35.30, bacc: 28.40, tmp_test_f1: 16.05, f1: 18.18
epoch: 740, val_loss:2.006346, acc: 35.30, bacc: 28.40, tmp_test_f1: 16.21, f1: 18.18
epoch: 741, val_loss:1.996960, acc: 35.30, bacc: 28.40, tmp_test_f1: 16.21, f1: 18.18
epoch: 742, val_loss:1.996874, acc: 35.30, bacc: 28.40, tmp_test_f1: 16.09, f1: 18.18
epoch: 743, val_loss:2.005872, acc: 35.30, bacc: 28.40, tmp_test_f1: 16.21, f1: 18.18
epoch: 744, val_loss:1.996461, acc: 35.30, bacc: 28.40, tmp_test_f1: 16.21, f1: 18.18
epoch: 745, val_loss:1.996676, acc: 35.30, bacc: 28.40, tmp_test_f1: 16.20, f1: 18.18
epoch: 746, val_loss:2.000458, acc: 35.30, bacc: 28.40, tmp_test_f1: 16.13, f1: 18.18
epoch: 747, val_loss:2.008127, acc: 35.30, bacc: 28.40, tmp_test_f1: 16.24, f1: 18.18
epoch: 748, val_loss:2.000027, acc: 35.30, bacc: 28.40, tmp_test_f1: 16.30, f1: 18.18
epoch: 749, val_loss:1.994815, acc: 35.30, bacc: 28.40, tmp_test_f1: 16.19, f1: 18.18
epoch: 750, val_loss:2.003325, acc: 35.30, bacc: 28.40, tmp_test_f1: 16.18, f1: 18.18
epoch: 751, val_loss:2.006351, acc: 35.30, bacc: 28.40, tmp_test_f1: 16.30, f1: 18.18
epoch: 752, val_loss:1.996989, acc: 35.30, bacc: 28.40, tmp_test_f1: 16.32, f1: 18.18
epoch: 753, val_loss:1.994559, acc: 35.30, bacc: 28.40, tmp_test_f1: 16.15, f1: 18.18
epoch: 754, val_loss:1.999917, acc: 35.30, bacc: 28.40, tmp_test_f1: 16.09, f1: 18.18
epoch: 755, val_loss:2.008723, acc: 35.30, bacc: 28.40, tmp_test_f1: 16.15, f1: 18.18
epoch: 756, val_loss:2.000151, acc: 35.30, bacc: 28.40, tmp_test_f1: 16.11, f1: 18.18
epoch: 757, val_loss:1.999671, acc: 35.30, bacc: 28.40, tmp_test_f1: 15.99, f1: 18.18
epoch: 758, val_loss:2.011914, acc: 35.30, bacc: 28.40, tmp_test_f1: 16.06, f1: 18.18
epoch: 759, val_loss:2.002563, acc: 35.30, bacc: 28.40, tmp_test_f1: 16.07, f1: 18.18
epoch: 760, val_loss:1.997360, acc: 35.30, bacc: 28.40, tmp_test_f1: 16.05, f1: 18.18
epoch: 761, val_loss:2.002909, acc: 35.30, bacc: 28.40, tmp_test_f1: 15.94, f1: 18.18
epoch: 762, val_loss:2.014376, acc: 35.30, bacc: 28.40, tmp_test_f1: 16.04, f1: 18.18
epoch: 763, val_loss:2.009113, acc: 35.30, bacc: 28.40, tmp_test_f1: 16.02, f1: 18.18
epoch: 764, val_loss:1.995587, acc: 35.30, bacc: 28.40, tmp_test_f1: 16.07, f1: 18.18
epoch: 765, val_loss:1.993587, acc: 35.30, bacc: 28.40, tmp_test_f1: 15.99, f1: 18.18
epoch: 766, val_loss:2.002948, acc: 35.30, bacc: 28.40, tmp_test_f1: 16.03, f1: 18.18
epoch: 767, val_loss:2.009966, acc: 35.30, bacc: 28.40, tmp_test_f1: 15.90, f1: 18.18
epoch: 768, val_loss:2.001596, acc: 35.30, bacc: 28.40, tmp_test_f1: 16.01, f1: 18.18
epoch: 769, val_loss:1.995602, acc: 35.30, bacc: 28.40, tmp_test_f1: 15.85, f1: 18.18
epoch: 770, val_loss:2.007934, acc: 35.30, bacc: 28.40, tmp_test_f1: 15.94, f1: 18.18
epoch: 771, val_loss:2.012908, acc: 35.30, bacc: 28.40, tmp_test_f1: 16.01, f1: 18.18
epoch: 772, val_loss:2.000185, acc: 35.30, bacc: 28.40, tmp_test_f1: 16.05, f1: 18.18
epoch: 773, val_loss:1.994981, acc: 35.30, bacc: 28.40, tmp_test_f1: 16.02, f1: 18.18
epoch: 774, val_loss:1.999028, acc: 35.30, bacc: 28.40, tmp_test_f1: 16.07, f1: 18.18
epoch: 775, val_loss:2.017423, acc: 35.30, bacc: 28.40, tmp_test_f1: 16.10, f1: 18.18
epoch: 776, val_loss:1.998036, acc: 35.30, bacc: 28.40, tmp_test_f1: 16.13, f1: 18.18
epoch: 777, val_loss:1.991685, acc: 35.30, bacc: 28.40, tmp_test_f1: 16.15, f1: 18.18
epoch: 778, val_loss:1.995688, acc: 35.30, bacc: 28.40, tmp_test_f1: 16.09, f1: 18.18
epoch: 779, val_loss:2.010177, acc: 35.30, bacc: 28.40, tmp_test_f1: 16.15, f1: 18.18
epoch: 780, val_loss:2.018384, acc: 35.30, bacc: 28.40, tmp_test_f1: 16.16, f1: 18.18
epoch: 781, val_loss:2.005465, acc: 35.30, bacc: 28.40, tmp_test_f1: 16.26, f1: 18.18
epoch: 782, val_loss:1.995557, acc: 35.30, bacc: 28.40, tmp_test_f1: 16.26, f1: 18.18
epoch: 783, val_loss:1.996022, acc: 35.30, bacc: 28.40, tmp_test_f1: 16.11, f1: 18.18
epoch: 784, val_loss:2.009524, acc: 35.30, bacc: 28.40, tmp_test_f1: 16.01, f1: 18.18
epoch: 785, val_loss:2.022331, acc: 35.30, bacc: 28.40, tmp_test_f1: 15.99, f1: 18.18
epoch: 786, val_loss:2.010768, acc: 35.30, bacc: 28.40, tmp_test_f1: 16.11, f1: 18.18
epoch: 787, val_loss:1.997952, acc: 35.30, bacc: 28.40, tmp_test_f1: 16.03, f1: 18.18
epoch: 788, val_loss:1.999319, acc: 35.30, bacc: 28.40, tmp_test_f1: 15.99, f1: 18.18
epoch: 789, val_loss:2.008629, acc: 35.30, bacc: 28.40, tmp_test_f1: 15.94, f1: 18.18
epoch: 790, val_loss:2.010905, acc: 35.30, bacc: 28.40, tmp_test_f1: 16.00, f1: 18.18
epoch: 791, val_loss:2.005361, acc: 35.30, bacc: 28.40, tmp_test_f1: 15.95, f1: 18.18
epoch: 792, val_loss:2.003231, acc: 35.30, bacc: 28.40, tmp_test_f1: 16.00, f1: 18.18
epoch: 793, val_loss:2.003586, acc: 35.30, bacc: 28.40, tmp_test_f1: 15.94, f1: 18.18
epoch: 794, val_loss:2.010212, acc: 35.30, bacc: 28.40, tmp_test_f1: 15.99, f1: 18.18
epoch: 795, val_loss:2.008738, acc: 35.30, bacc: 28.40, tmp_test_f1: 15.95, f1: 18.18
epoch: 796, val_loss:2.001027, acc: 35.30, bacc: 28.40, tmp_test_f1: 16.00, f1: 18.18
epoch: 797, val_loss:2.004945, acc: 35.30, bacc: 28.40, tmp_test_f1: 15.94, f1: 18.18
epoch: 798, val_loss:2.011056, acc: 35.30, bacc: 28.40, tmp_test_f1: 15.95, f1: 18.18
epoch: 799, val_loss:2.009366, acc: 35.30, bacc: 28.40, tmp_test_f1: 16.10, f1: 18.18
epoch: 800, val_loss:1.996433, acc: 35.30, bacc: 28.40, tmp_test_f1: 15.98, f1: 18.18
epoch: 801, val_loss:2.001249, acc: 35.30, bacc: 28.40, tmp_test_f1: 15.99, f1: 18.18
epoch: 802, val_loss:2.015033, acc: 35.30, bacc: 28.40, tmp_test_f1: 15.99, f1: 18.18
epoch: 803, val_loss:2.014700, acc: 35.30, bacc: 28.40, tmp_test_f1: 16.03, f1: 18.18
epoch: 804, val_loss:2.001615, acc: 35.30, bacc: 28.40, tmp_test_f1: 16.08, f1: 18.18
epoch: 805, val_loss:2.002401, acc: 35.30, bacc: 28.40, tmp_test_f1: 16.06, f1: 18.18
epoch: 806, val_loss:2.004049, acc: 35.30, bacc: 28.40, tmp_test_f1: 16.05, f1: 18.18
Epoch 00807: reducing learning rate of group 0 to 6.2500e-03.
epoch: 807, val_loss:2.008829, acc: 35.30, bacc: 28.40, tmp_test_f1: 16.05, f1: 18.18
epoch: 808, val_loss:2.011231, acc: 35.30, bacc: 28.40, tmp_test_f1: 16.07, f1: 18.18
epoch: 809, val_loss:2.005745, acc: 35.30, bacc: 28.40, tmp_test_f1: 16.08, f1: 18.18
epoch: 810, val_loss:2.001399, acc: 35.30, bacc: 28.40, tmp_test_f1: 16.09, f1: 18.18
epoch: 811, val_loss:2.000880, acc: 35.30, bacc: 28.40, tmp_test_f1: 16.06, f1: 18.18
epoch: 812, val_loss:2.004100, acc: 35.30, bacc: 28.40, tmp_test_f1: 16.05, f1: 18.18
epoch: 813, val_loss:2.011814, acc: 35.30, bacc: 28.40, tmp_test_f1: 16.08, f1: 18.18
epoch: 814, val_loss:2.016283, acc: 35.30, bacc: 28.40, tmp_test_f1: 16.05, f1: 18.18
epoch: 815, val_loss:2.008565, acc: 35.30, bacc: 28.40, tmp_test_f1: 16.05, f1: 18.18
epoch: 816, val_loss:2.004772, acc: 35.30, bacc: 28.40, tmp_test_f1: 16.01, f1: 18.18
epoch: 817, val_loss:2.004601, acc: 35.30, bacc: 28.40, tmp_test_f1: 16.05, f1: 18.18
epoch: 818, val_loss:2.008707, acc: 35.30, bacc: 28.40, tmp_test_f1: 15.99, f1: 18.18
epoch: 819, val_loss:2.011672, acc: 35.30, bacc: 28.40, tmp_test_f1: 15.97, f1: 18.18
epoch: 820, val_loss:2.006412, acc: 35.30, bacc: 28.40, tmp_test_f1: 15.97, f1: 18.18
epoch: 821, val_loss:2.004995, acc: 35.30, bacc: 28.40, tmp_test_f1: 15.96, f1: 18.18
epoch: 822, val_loss:2.009727, acc: 35.30, bacc: 28.40, tmp_test_f1: 15.90, f1: 18.18
epoch: 823, val_loss:2.011228, acc: 35.30, bacc: 28.40, tmp_test_f1: 15.91, f1: 18.18
epoch: 824, val_loss:2.006300, acc: 35.30, bacc: 28.40, tmp_test_f1: 15.92, f1: 18.18
epoch: 825, val_loss:2.004343, acc: 35.30, bacc: 28.40, tmp_test_f1: 15.91, f1: 18.18
epoch: 826, val_loss:2.008572, acc: 35.30, bacc: 28.40, tmp_test_f1: 15.95, f1: 18.18
epoch: 827, val_loss:2.012775, acc: 35.30, bacc: 28.40, tmp_test_f1: 15.91, f1: 18.18
epoch: 828, val_loss:2.008314, acc: 35.30, bacc: 28.40, tmp_test_f1: 15.91, f1: 18.18
epoch: 829, val_loss:2.005944, acc: 35.30, bacc: 28.40, tmp_test_f1: 15.95, f1: 18.18
epoch: 830, val_loss:2.006982, acc: 35.30, bacc: 28.40, tmp_test_f1: 15.95, f1: 18.18
epoch: 831, val_loss:2.009698, acc: 35.30, bacc: 28.40, tmp_test_f1: 16.00, f1: 18.18
epoch: 832, val_loss:2.007343, acc: 35.30, bacc: 28.40, tmp_test_f1: 15.95, f1: 18.18
epoch: 833, val_loss:2.004855, acc: 35.30, bacc: 28.40, tmp_test_f1: 16.00, f1: 18.18
epoch: 834, val_loss:2.007185, acc: 35.30, bacc: 28.40, tmp_test_f1: 15.91, f1: 18.18
epoch: 835, val_loss:2.011065, acc: 35.30, bacc: 28.40, tmp_test_f1: 15.95, f1: 18.18
epoch: 836, val_loss:2.007256, acc: 35.30, bacc: 28.40, tmp_test_f1: 15.96, f1: 18.18
epoch: 837, val_loss:2.002787, acc: 35.30, bacc: 28.40, tmp_test_f1: 15.96, f1: 18.18
epoch: 838, val_loss:2.006042, acc: 35.30, bacc: 28.40, tmp_test_f1: 15.95, f1: 18.18
epoch: 839, val_loss:2.012029, acc: 35.30, bacc: 28.40, tmp_test_f1: 15.94, f1: 18.18
epoch: 840, val_loss:2.012805, acc: 35.30, bacc: 28.40, tmp_test_f1: 15.99, f1: 18.18
epoch: 841, val_loss:2.012576, acc: 35.30, bacc: 28.40, tmp_test_f1: 16.00, f1: 18.18
epoch: 842, val_loss:2.009010, acc: 35.30, bacc: 28.40, tmp_test_f1: 16.04, f1: 18.18
epoch: 843, val_loss:2.009329, acc: 35.30, bacc: 28.40, tmp_test_f1: 16.09, f1: 18.18
epoch: 844, val_loss:2.012446, acc: 35.30, bacc: 28.40, tmp_test_f1: 16.09, f1: 18.18
epoch: 845, val_loss:2.012968, acc: 35.30, bacc: 28.40, tmp_test_f1: 16.05, f1: 18.18
epoch: 846, val_loss:2.006166, acc: 35.30, bacc: 28.40, tmp_test_f1: 16.11, f1: 18.18
epoch: 847, val_loss:2.002310, acc: 35.30, bacc: 28.40, tmp_test_f1: 16.05, f1: 18.18
epoch: 848, val_loss:2.005752, acc: 35.30, bacc: 28.40, tmp_test_f1: 16.04, f1: 18.18
epoch: 849, val_loss:2.012942, acc: 35.30, bacc: 28.40, tmp_test_f1: 16.03, f1: 18.18
epoch: 850, val_loss:2.015534, acc: 35.30, bacc: 28.40, tmp_test_f1: 16.00, f1: 18.18
epoch: 851, val_loss:2.009431, acc: 35.30, bacc: 28.40, tmp_test_f1: 16.01, f1: 18.18
epoch: 852, val_loss:2.007292, acc: 35.30, bacc: 28.40, tmp_test_f1: 16.01, f1: 18.18
epoch: 853, val_loss:2.006806, acc: 35.30, bacc: 28.40, tmp_test_f1: 16.01, f1: 18.18
epoch: 854, val_loss:2.008165, acc: 35.30, bacc: 28.40, tmp_test_f1: 15.99, f1: 18.18
epoch: 855, val_loss:2.013253, acc: 35.30, bacc: 28.40, tmp_test_f1: 15.99, f1: 18.18
epoch: 856, val_loss:2.013197, acc: 35.30, bacc: 28.40, tmp_test_f1: 16.05, f1: 18.18
epoch: 857, val_loss:2.007703, acc: 35.30, bacc: 28.40, tmp_test_f1: 16.15, f1: 18.18
epoch: 858, val_loss:2.006096, acc: 35.30, bacc: 28.40, tmp_test_f1: 16.05, f1: 18.18
epoch: 859, val_loss:2.006801, acc: 35.30, bacc: 28.40, tmp_test_f1: 16.04, f1: 18.18
epoch: 860, val_loss:2.013150, acc: 35.30, bacc: 28.40, tmp_test_f1: 16.04, f1: 18.18
epoch: 861, val_loss:2.013607, acc: 35.30, bacc: 28.40, tmp_test_f1: 15.99, f1: 18.18
epoch: 862, val_loss:2.010520, acc: 35.30, bacc: 28.40, tmp_test_f1: 16.01, f1: 18.18
epoch: 863, val_loss:2.007238, acc: 35.30, bacc: 28.40, tmp_test_f1: 16.01, f1: 18.18
epoch: 864, val_loss:2.007627, acc: 35.30, bacc: 28.40, tmp_test_f1: 16.00, f1: 18.18
epoch: 865, val_loss:2.008396, acc: 35.30, bacc: 28.40, tmp_test_f1: 16.01, f1: 18.18
epoch: 866, val_loss:2.008541, acc: 35.30, bacc: 28.40, tmp_test_f1: 16.00, f1: 18.18
epoch: 867, val_loss:2.010308, acc: 35.30, bacc: 28.40, tmp_test_f1: 16.05, f1: 18.18
epoch: 868, val_loss:2.012042, acc: 35.30, bacc: 28.40, tmp_test_f1: 16.01, f1: 18.18
epoch: 869, val_loss:2.008740, acc: 35.30, bacc: 28.40, tmp_test_f1: 16.05, f1: 18.18
epoch: 870, val_loss:2.010053, acc: 35.30, bacc: 28.40, tmp_test_f1: 16.05, f1: 18.18
epoch: 871, val_loss:2.011133, acc: 35.30, bacc: 28.40, tmp_test_f1: 16.06, f1: 18.18
epoch: 872, val_loss:2.007822, acc: 35.30, bacc: 28.40, tmp_test_f1: 16.05, f1: 18.18
epoch: 873, val_loss:2.008605, acc: 35.30, bacc: 28.40, tmp_test_f1: 16.05, f1: 18.18
epoch: 874, val_loss:2.012387, acc: 35.30, bacc: 28.40, tmp_test_f1: 16.05, f1: 18.18
epoch: 875, val_loss:2.011608, acc: 35.30, bacc: 28.40, tmp_test_f1: 16.05, f1: 18.18
epoch: 876, val_loss:2.010511, acc: 35.30, bacc: 28.40, tmp_test_f1: 16.10, f1: 18.18
epoch: 877, val_loss:2.010381, acc: 35.30, bacc: 28.40, tmp_test_f1: 16.00, f1: 18.18
epoch: 878, val_loss:2.011032, acc: 35.30, bacc: 28.40, tmp_test_f1: 16.05, f1: 18.18
epoch: 879, val_loss:2.011584, acc: 35.30, bacc: 28.40, tmp_test_f1: 16.00, f1: 18.18
epoch: 880, val_loss:2.013283, acc: 35.30, bacc: 28.40, tmp_test_f1: 15.95, f1: 18.18
epoch: 881, val_loss:2.011996, acc: 35.30, bacc: 28.40, tmp_test_f1: 15.95, f1: 18.18
epoch: 882, val_loss:2.013604, acc: 35.30, bacc: 28.40, tmp_test_f1: 16.00, f1: 18.18
epoch: 883, val_loss:2.014230, acc: 35.30, bacc: 28.40, tmp_test_f1: 16.00, f1: 18.18
epoch: 884, val_loss:2.012830, acc: 35.30, bacc: 28.40, tmp_test_f1: 16.00, f1: 18.18
epoch: 885, val_loss:2.012140, acc: 35.30, bacc: 28.40, tmp_test_f1: 16.00, f1: 18.18
epoch: 886, val_loss:2.012018, acc: 35.30, bacc: 28.40, tmp_test_f1: 16.00, f1: 18.18
epoch: 887, val_loss:2.011622, acc: 35.30, bacc: 28.40, tmp_test_f1: 16.00, f1: 18.18
epoch: 888, val_loss:2.011205, acc: 35.30, bacc: 28.40, tmp_test_f1: 16.02, f1: 18.18
epoch: 889, val_loss:2.009145, acc: 35.30, bacc: 28.40, tmp_test_f1: 15.95, f1: 18.18
epoch: 890, val_loss:2.014849, acc: 35.30, bacc: 28.40, tmp_test_f1: 15.95, f1: 18.18
epoch: 891, val_loss:2.015183, acc: 35.30, bacc: 28.40, tmp_test_f1: 16.00, f1: 18.18
epoch: 892, val_loss:2.011497, acc: 35.30, bacc: 28.40, tmp_test_f1: 16.00, f1: 18.18
epoch: 893, val_loss:2.011724, acc: 35.30, bacc: 28.40, tmp_test_f1: 16.00, f1: 18.18
epoch: 894, val_loss:2.012897, acc: 35.30, bacc: 28.40, tmp_test_f1: 16.00, f1: 18.18
epoch: 895, val_loss:2.014235, acc: 35.30, bacc: 28.40, tmp_test_f1: 16.00, f1: 18.18
epoch: 896, val_loss:2.009753, acc: 35.30, bacc: 28.40, tmp_test_f1: 16.01, f1: 18.18
epoch: 897, val_loss:2.008436, acc: 35.30, bacc: 28.40, tmp_test_f1: 16.00, f1: 18.18
epoch: 898, val_loss:2.013011, acc: 35.30, bacc: 28.40, tmp_test_f1: 15.99, f1: 18.18
epoch: 899, val_loss:2.015596, acc: 35.30, bacc: 28.40, tmp_test_f1: 16.05, f1: 18.18
epoch: 900, val_loss:2.009610, acc: 35.30, bacc: 28.40, tmp_test_f1: 16.05, f1: 18.18
epoch: 901, val_loss:2.009067, acc: 35.30, bacc: 28.40, tmp_test_f1: 16.04, f1: 18.18
epoch: 902, val_loss:2.013391, acc: 35.30, bacc: 28.40, tmp_test_f1: 16.04, f1: 18.18
epoch: 903, val_loss:2.018718, acc: 35.30, bacc: 28.40, tmp_test_f1: 16.05, f1: 18.18
epoch: 904, val_loss:2.010422, acc: 35.30, bacc: 28.40, tmp_test_f1: 16.02, f1: 18.18
epoch: 905, val_loss:2.004541, acc: 35.30, bacc: 28.40, tmp_test_f1: 16.03, f1: 18.18
epoch: 906, val_loss:2.002509, acc: 35.30, bacc: 28.40, tmp_test_f1: 16.05, f1: 18.18
epoch: 907, val_loss:2.007017, acc: 35.30, bacc: 28.40, tmp_test_f1: 16.04, f1: 18.18
epoch: 908, val_loss:2.016289, acc: 35.30, bacc: 28.40, tmp_test_f1: 15.94, f1: 18.18
epoch: 909, val_loss:2.018020, acc: 35.30, bacc: 28.40, tmp_test_f1: 16.05, f1: 18.18
epoch: 910, val_loss:2.007107, acc: 35.30, bacc: 28.40, tmp_test_f1: 15.98, f1: 18.18
epoch: 911, val_loss:2.000676, acc: 35.30, bacc: 28.40, tmp_test_f1: 15.96, f1: 18.18
epoch: 912, val_loss:2.001341, acc: 35.30, bacc: 28.40, tmp_test_f1: 16.05, f1: 18.18
epoch: 913, val_loss:2.007566, acc: 35.30, bacc: 28.40, tmp_test_f1: 15.98, f1: 18.18
epoch: 914, val_loss:2.019859, acc: 35.30, bacc: 28.40, tmp_test_f1: 16.03, f1: 18.18
epoch: 915, val_loss:2.017505, acc: 35.30, bacc: 28.40, tmp_test_f1: 16.05, f1: 18.18
epoch: 916, val_loss:2.004913, acc: 35.30, bacc: 28.40, tmp_test_f1: 16.06, f1: 18.18
epoch: 917, val_loss:1.996681, acc: 35.30, bacc: 28.40, tmp_test_f1: 16.07, f1: 18.18
epoch: 918, val_loss:1.996423, acc: 35.30, bacc: 28.40, tmp_test_f1: 16.06, f1: 18.18
epoch: 919, val_loss:2.005509, acc: 35.30, bacc: 28.40, tmp_test_f1: 16.03, f1: 18.18
epoch: 920, val_loss:2.020186, acc: 35.30, bacc: 28.40, tmp_test_f1: 16.04, f1: 18.18
epoch: 921, val_loss:2.018887, acc: 35.30, bacc: 28.40, tmp_test_f1: 15.96, f1: 18.18
epoch: 922, val_loss:2.007960, acc: 35.30, bacc: 28.40, tmp_test_f1: 15.99, f1: 18.18
epoch: 923, val_loss:1.998879, acc: 35.30, bacc: 28.40, tmp_test_f1: 16.04, f1: 18.18
epoch: 924, val_loss:1.997718, acc: 35.30, bacc: 28.40, tmp_test_f1: 16.02, f1: 18.18
epoch: 925, val_loss:2.005101, acc: 35.30, bacc: 28.40, tmp_test_f1: 16.04, f1: 18.18
epoch: 926, val_loss:2.017664, acc: 35.30, bacc: 28.40, tmp_test_f1: 15.99, f1: 18.18
epoch: 927, val_loss:2.021791, acc: 35.30, bacc: 28.40, tmp_test_f1: 16.05, f1: 18.18
epoch: 928, val_loss:2.013100, acc: 35.30, bacc: 28.40, tmp_test_f1: 16.11, f1: 18.18
epoch: 929, val_loss:2.004863, acc: 35.30, bacc: 28.40, tmp_test_f1: 16.07, f1: 18.18
epoch: 930, val_loss:2.001904, acc: 35.30, bacc: 28.40, tmp_test_f1: 16.06, f1: 18.18
epoch: 931, val_loss:2.003934, acc: 35.30, bacc: 28.40, tmp_test_f1: 16.11, f1: 18.18
epoch: 932, val_loss:2.008831, acc: 35.30, bacc: 28.40, tmp_test_f1: 16.00, f1: 18.18
epoch: 933, val_loss:2.015139, acc: 35.30, bacc: 28.40, tmp_test_f1: 16.00, f1: 18.18
epoch: 934, val_loss:2.013601, acc: 35.30, bacc: 28.40, tmp_test_f1: 16.15, f1: 18.18
epoch: 935, val_loss:2.008487, acc: 35.30, bacc: 28.40, tmp_test_f1: 16.16, f1: 18.18
epoch: 936, val_loss:2.007586, acc: 35.30, bacc: 28.40, tmp_test_f1: 16.05, f1: 18.18
epoch: 937, val_loss:2.010762, acc: 35.30, bacc: 28.40, tmp_test_f1: 16.00, f1: 18.18
epoch: 938, val_loss:2.017440, acc: 35.30, bacc: 28.40, tmp_test_f1: 16.00, f1: 18.18
epoch: 939, val_loss:2.015137, acc: 35.30, bacc: 28.40, tmp_test_f1: 16.11, f1: 18.18
epoch: 940, val_loss:2.008905, acc: 35.30, bacc: 28.40, tmp_test_f1: 16.01, f1: 18.18
epoch: 941, val_loss:2.010308, acc: 35.30, bacc: 28.40, tmp_test_f1: 16.00, f1: 18.18
epoch: 942, val_loss:2.012281, acc: 35.30, bacc: 28.40, tmp_test_f1: 16.00, f1: 18.18
epoch: 943, val_loss:2.012259, acc: 35.30, bacc: 28.40, tmp_test_f1: 16.02, f1: 18.18
epoch: 944, val_loss:2.007911, acc: 35.30, bacc: 28.40, tmp_test_f1: 16.01, f1: 18.18
epoch: 945, val_loss:2.004935, acc: 35.30, bacc: 28.40, tmp_test_f1: 16.06, f1: 18.18
epoch: 946, val_loss:2.008525, acc: 35.30, bacc: 28.40, tmp_test_f1: 16.01, f1: 18.18
epoch: 947, val_loss:2.010644, acc: 35.30, bacc: 28.40, tmp_test_f1: 16.01, f1: 18.18
epoch: 948, val_loss:2.006569, acc: 35.30, bacc: 28.40, tmp_test_f1: 16.01, f1: 18.18
epoch: 949, val_loss:2.007359, acc: 35.30, bacc: 28.40, tmp_test_f1: 16.00, f1: 18.18
epoch: 950, val_loss:2.016306, acc: 35.30, bacc: 28.40, tmp_test_f1: 16.05, f1: 18.18
epoch: 951, val_loss:2.010820, acc: 35.30, bacc: 28.40, tmp_test_f1: 16.05, f1: 18.18
epoch: 952, val_loss:2.008233, acc: 35.30, bacc: 28.40, tmp_test_f1: 16.05, f1: 18.18
epoch: 953, val_loss:2.008900, acc: 35.30, bacc: 28.40, tmp_test_f1: 16.00, f1: 18.18
epoch: 954, val_loss:2.013052, acc: 35.30, bacc: 28.40, tmp_test_f1: 16.00, f1: 18.18
epoch: 955, val_loss:2.012862, acc: 35.30, bacc: 28.40, tmp_test_f1: 16.05, f1: 18.18
epoch: 956, val_loss:2.011124, acc: 35.30, bacc: 28.40, tmp_test_f1: 16.00, f1: 18.18
epoch: 957, val_loss:2.011905, acc: 35.30, bacc: 28.40, tmp_test_f1: 16.00, f1: 18.18
epoch: 958, val_loss:2.015045, acc: 35.30, bacc: 28.40, tmp_test_f1: 16.01, f1: 18.18
epoch: 959, val_loss:2.010330, acc: 35.30, bacc: 28.40, tmp_test_f1: 16.08, f1: 18.18
epoch: 960, val_loss:2.005136, acc: 35.30, bacc: 28.40, tmp_test_f1: 15.98, f1: 18.18
epoch: 961, val_loss:2.007487, acc: 35.30, bacc: 28.40, tmp_test_f1: 16.01, f1: 18.18
epoch: 962, val_loss:2.015310, acc: 35.30, bacc: 28.40, tmp_test_f1: 16.00, f1: 18.18
epoch: 963, val_loss:2.017802, acc: 35.30, bacc: 28.40, tmp_test_f1: 16.06, f1: 18.18
epoch: 964, val_loss:2.008804, acc: 35.30, bacc: 28.40, tmp_test_f1: 16.07, f1: 18.18
epoch: 965, val_loss:2.006518, acc: 35.30, bacc: 28.40, tmp_test_f1: 16.05, f1: 18.18
epoch: 966, val_loss:2.012131, acc: 35.30, bacc: 28.40, tmp_test_f1: 16.04, f1: 18.18
epoch: 967, val_loss:2.017743, acc: 35.30, bacc: 28.40, tmp_test_f1: 16.09, f1: 18.18
DiG CiteSeer 100 Aug 0 EndEpoch 967 lr 0.1
SHAsplit  0, acc: 35.30, bacc: 28.40, f1: 18.18
