CUDA Device Index: 3
Namespace(IsDirectedData=False, AugDirect=0, net='DiG', GPUdevice=3, seed=100, undirect_dataset='Cora', Direct_dataset='WikipediaNetwork/squirrel', imb_ratio=100, dropout=0.1, num_filter=2, layer=2, alpha=0.1, K=2, feat_dim=64, warmup=5, epoch=1500, lr=0.1, l2=0.0005, tau=2, max=False, no_mask=False, gdc='ppr', heads=8, log_root='../logs/', log_path='test', data_path='../dataset/data/tmp/')
DiModel(
  (conv1): DIGCNConv(1433, 2)
  (conv2): DIGCNConv(2, 2)
  (Conv): Conv1d(2, 7, kernel_size=(1,), stride=(1,))
)
test_f1 CountNotImproved reset to 0 in epoch 0
epoch:   0, val_loss:1.980609, acc: 14.40, bacc: 14.29, tmp_test_f1: 3.60, f1: 3.60
test_f1 CountNotImproved reset to 0 in epoch 1
epoch:   1, val_loss:1.937651, acc: 14.50, bacc: 14.33, tmp_test_f1: 3.69, f1: 3.69
test_f1 CountNotImproved reset to 0 in epoch 2
epoch:   2, val_loss:1.900509, acc: 39.90, bacc: 22.82, tmp_test_f1: 16.04, f1: 16.04
epoch:   3, val_loss:1.869491, acc: 39.90, bacc: 22.82, tmp_test_f1: 6.91, f1: 16.04
epoch:   4, val_loss:1.870269, acc: 39.90, bacc: 22.82, tmp_test_f1: 6.91, f1: 16.04
epoch:   5, val_loss:1.934682, acc: 39.90, bacc: 22.82, tmp_test_f1: 6.91, f1: 16.04
epoch:   6, val_loss:2.073607, acc: 39.90, bacc: 22.82, tmp_test_f1: 6.91, f1: 16.04
epoch:   7, val_loss:2.235681, acc: 39.90, bacc: 22.82, tmp_test_f1: 6.91, f1: 16.04
epoch:   8, val_loss:2.315311, acc: 39.90, bacc: 22.82, tmp_test_f1: 6.91, f1: 16.04
epoch:   9, val_loss:2.318278, acc: 39.90, bacc: 22.82, tmp_test_f1: 6.91, f1: 16.04
epoch:  10, val_loss:2.279873, acc: 39.90, bacc: 22.82, tmp_test_f1: 7.31, f1: 16.04
epoch:  11, val_loss:2.224449, acc: 39.90, bacc: 22.82, tmp_test_f1: 6.91, f1: 16.04
epoch:  12, val_loss:2.168399, acc: 39.90, bacc: 22.82, tmp_test_f1: 6.91, f1: 16.04
epoch:  13, val_loss:2.121005, acc: 39.90, bacc: 22.82, tmp_test_f1: 6.91, f1: 16.04
epoch:  14, val_loss:2.086789, acc: 39.90, bacc: 22.82, tmp_test_f1: 6.91, f1: 16.04
epoch:  15, val_loss:2.065785, acc: 39.90, bacc: 22.82, tmp_test_f1: 6.91, f1: 16.04
epoch:  16, val_loss:2.055545, acc: 39.90, bacc: 22.82, tmp_test_f1: 6.91, f1: 16.04
epoch:  17, val_loss:2.046488, acc: 39.90, bacc: 22.82, tmp_test_f1: 6.91, f1: 16.04
epoch:  18, val_loss:2.026644, acc: 39.90, bacc: 22.82, tmp_test_f1: 6.91, f1: 16.04
epoch:  19, val_loss:1.994368, acc: 39.90, bacc: 22.82, tmp_test_f1: 6.91, f1: 16.04
epoch:  20, val_loss:1.967585, acc: 39.90, bacc: 22.82, tmp_test_f1: 6.91, f1: 16.04
epoch:  21, val_loss:1.947834, acc: 39.90, bacc: 22.82, tmp_test_f1: 6.91, f1: 16.04
test_f1 CountNotImproved reset to 0 in epoch 22
epoch:  22, val_loss:1.935141, acc: 41.60, bacc: 23.91, tmp_test_f1: 17.69, f1: 17.69
test_f1 CountNotImproved reset to 0 in epoch 23
epoch:  23, val_loss:1.929456, acc: 42.80, bacc: 25.10, tmp_test_f1: 17.95, f1: 17.95
epoch:  24, val_loss:1.912567, acc: 42.80, bacc: 25.10, tmp_test_f1: 17.26, f1: 17.95
epoch:  25, val_loss:1.883026, acc: 42.80, bacc: 25.10, tmp_test_f1: 17.10, f1: 17.95
epoch:  26, val_loss:1.857941, acc: 42.80, bacc: 25.10, tmp_test_f1: 16.79, f1: 17.95
epoch:  27, val_loss:1.841077, acc: 42.80, bacc: 25.10, tmp_test_f1: 16.91, f1: 17.95
epoch:  28, val_loss:1.831507, acc: 42.80, bacc: 25.10, tmp_test_f1: 17.02, f1: 17.95
epoch:  29, val_loss:1.823927, acc: 42.80, bacc: 25.10, tmp_test_f1: 16.88, f1: 17.95
epoch:  30, val_loss:1.809323, acc: 42.80, bacc: 25.10, tmp_test_f1: 16.68, f1: 17.95
epoch:  31, val_loss:1.797779, acc: 42.80, bacc: 25.10, tmp_test_f1: 16.65, f1: 17.95
epoch:  32, val_loss:1.793149, acc: 42.80, bacc: 25.10, tmp_test_f1: 16.73, f1: 17.95
epoch:  33, val_loss:1.793529, acc: 42.80, bacc: 25.10, tmp_test_f1: 16.70, f1: 17.95
epoch:  34, val_loss:1.790868, acc: 42.80, bacc: 25.10, tmp_test_f1: 16.66, f1: 17.95
epoch:  35, val_loss:1.784247, acc: 42.80, bacc: 25.10, tmp_test_f1: 16.65, f1: 17.95
epoch:  36, val_loss:1.782600, acc: 42.80, bacc: 25.10, tmp_test_f1: 16.67, f1: 17.95
epoch:  37, val_loss:1.784106, acc: 42.80, bacc: 25.10, tmp_test_f1: 16.64, f1: 17.95
epoch:  38, val_loss:1.782991, acc: 42.80, bacc: 25.10, tmp_test_f1: 16.66, f1: 17.95
epoch:  39, val_loss:1.779972, acc: 42.80, bacc: 25.10, tmp_test_f1: 16.66, f1: 17.95
epoch:  40, val_loss:1.779833, acc: 42.80, bacc: 25.10, tmp_test_f1: 16.50, f1: 17.95
epoch:  41, val_loss:1.781342, acc: 42.80, bacc: 25.10, tmp_test_f1: 16.60, f1: 17.95
epoch:  42, val_loss:1.777215, acc: 42.80, bacc: 25.10, tmp_test_f1: 16.67, f1: 17.95
epoch:  43, val_loss:1.774441, acc: 42.80, bacc: 25.10, tmp_test_f1: 16.53, f1: 17.95
epoch:  44, val_loss:1.779423, acc: 42.80, bacc: 25.10, tmp_test_f1: 16.67, f1: 17.95
epoch:  45, val_loss:1.769991, acc: 42.80, bacc: 25.10, tmp_test_f1: 16.61, f1: 17.95
epoch:  46, val_loss:1.767307, acc: 42.80, bacc: 25.10, tmp_test_f1: 16.70, f1: 17.95
epoch:  47, val_loss:1.770457, acc: 42.80, bacc: 25.10, tmp_test_f1: 16.64, f1: 17.95
epoch:  48, val_loss:1.756525, acc: 42.80, bacc: 25.10, tmp_test_f1: 16.65, f1: 17.95
epoch:  49, val_loss:1.748544, acc: 42.80, bacc: 25.10, tmp_test_f1: 16.65, f1: 17.95
epoch:  50, val_loss:1.740885, acc: 42.80, bacc: 25.10, tmp_test_f1: 16.64, f1: 17.95
epoch:  51, val_loss:1.728442, acc: 42.80, bacc: 25.10, tmp_test_f1: 16.59, f1: 17.95
epoch:  52, val_loss:1.721878, acc: 42.80, bacc: 25.10, tmp_test_f1: 16.69, f1: 17.95
epoch:  53, val_loss:1.713394, acc: 42.80, bacc: 25.10, tmp_test_f1: 16.71, f1: 17.95
epoch:  54, val_loss:1.706553, acc: 42.80, bacc: 25.10, tmp_test_f1: 16.66, f1: 17.95
epoch:  55, val_loss:1.702301, acc: 42.80, bacc: 25.10, tmp_test_f1: 17.25, f1: 17.95
epoch:  56, val_loss:1.767693, acc: 42.80, bacc: 25.10, tmp_test_f1: 16.71, f1: 17.95
epoch:  57, val_loss:1.699056, acc: 42.80, bacc: 25.10, tmp_test_f1: 16.76, f1: 17.95
epoch:  58, val_loss:1.682746, acc: 42.80, bacc: 25.10, tmp_test_f1: 17.41, f1: 17.95
test_f1 CountNotImproved reset to 0 in epoch 59
epoch:  59, val_loss:1.711986, acc: 45.40, bacc: 27.98, tmp_test_f1: 18.75, f1: 18.75
test_f1 CountNotImproved reset to 0 in epoch 60
epoch:  60, val_loss:1.671950, acc: 46.70, bacc: 29.48, tmp_test_f1: 20.83, f1: 20.83
epoch:  61, val_loss:1.688463, acc: 46.70, bacc: 29.48, tmp_test_f1: 19.86, f1: 20.83
epoch:  62, val_loss:1.657143, acc: 46.70, bacc: 29.48, tmp_test_f1: 18.87, f1: 20.83
test_f1 CountNotImproved reset to 0 in epoch 63
epoch:  63, val_loss:1.700852, acc: 47.20, bacc: 29.75, tmp_test_f1: 21.25, f1: 21.25
test_f1 CountNotImproved reset to 0 in epoch 64
epoch:  64, val_loss:1.657860, acc: 47.40, bacc: 30.10, tmp_test_f1: 21.48, f1: 21.48
epoch:  65, val_loss:1.681645, acc: 47.40, bacc: 30.10, tmp_test_f1: 21.38, f1: 21.48
epoch:  66, val_loss:1.667910, acc: 47.40, bacc: 30.10, tmp_test_f1: 19.59, f1: 21.48
test_f1 CountNotImproved reset to 0 in epoch 67
epoch:  67, val_loss:1.700588, acc: 48.90, bacc: 31.42, tmp_test_f1: 23.10, f1: 23.10
epoch:  68, val_loss:1.662337, acc: 48.90, bacc: 31.42, tmp_test_f1: 22.38, f1: 23.10
epoch:  69, val_loss:1.679568, acc: 48.90, bacc: 31.42, tmp_test_f1: 21.91, f1: 23.10
epoch:  70, val_loss:1.668411, acc: 48.90, bacc: 31.42, tmp_test_f1: 21.32, f1: 23.10
test_f1 CountNotImproved reset to 0 in epoch 71
epoch:  71, val_loss:1.678017, acc: 48.80, bacc: 31.64, tmp_test_f1: 23.20, f1: 23.20
test_f1 CountNotImproved reset to 0 in epoch 72
epoch:  72, val_loss:1.662875, acc: 49.20, bacc: 31.97, tmp_test_f1: 23.50, f1: 23.50
epoch:  73, val_loss:1.655135, acc: 49.20, bacc: 31.97, tmp_test_f1: 22.31, f1: 23.50
epoch:  74, val_loss:1.656888, acc: 49.20, bacc: 31.97, tmp_test_f1: 22.85, f1: 23.50
epoch:  75, val_loss:1.653363, acc: 49.20, bacc: 31.97, tmp_test_f1: 23.36, f1: 23.50
test_f1 CountNotImproved reset to 0 in epoch 76
epoch:  76, val_loss:1.649834, acc: 49.80, bacc: 32.34, tmp_test_f1: 23.84, f1: 23.84
epoch:  77, val_loss:1.643781, acc: 49.80, bacc: 32.34, tmp_test_f1: 23.26, f1: 23.84
epoch:  78, val_loss:1.665189, acc: 49.80, bacc: 32.34, tmp_test_f1: 23.19, f1: 23.84
epoch:  79, val_loss:1.652006, acc: 49.80, bacc: 32.34, tmp_test_f1: 23.55, f1: 23.84
epoch:  80, val_loss:1.667989, acc: 49.80, bacc: 32.34, tmp_test_f1: 23.42, f1: 23.84
epoch:  81, val_loss:1.665390, acc: 49.80, bacc: 32.34, tmp_test_f1: 23.26, f1: 23.84
epoch:  82, val_loss:1.670923, acc: 49.80, bacc: 32.34, tmp_test_f1: 23.79, f1: 23.84
test_f1 CountNotImproved reset to 0 in epoch 83
epoch:  83, val_loss:1.691170, acc: 49.80, bacc: 32.54, tmp_test_f1: 24.05, f1: 24.05
epoch:  84, val_loss:1.666926, acc: 49.80, bacc: 32.54, tmp_test_f1: 23.34, f1: 24.05
epoch:  85, val_loss:1.675647, acc: 49.80, bacc: 32.54, tmp_test_f1: 23.72, f1: 24.05
test_f1 CountNotImproved reset to 0 in epoch 86
epoch:  86, val_loss:1.676618, acc: 49.90, bacc: 32.84, tmp_test_f1: 24.25, f1: 24.25
epoch:  87, val_loss:1.660849, acc: 49.90, bacc: 32.84, tmp_test_f1: 24.05, f1: 24.25
test_f1 CountNotImproved reset to 0 in epoch 88
epoch:  88, val_loss:1.672355, acc: 50.10, bacc: 32.83, tmp_test_f1: 24.33, f1: 24.33
epoch:  89, val_loss:1.647128, acc: 50.10, bacc: 32.83, tmp_test_f1: 24.03, f1: 24.33
epoch:  90, val_loss:1.679113, acc: 50.10, bacc: 32.83, tmp_test_f1: 24.28, f1: 24.33
epoch:  91, val_loss:1.650785, acc: 50.10, bacc: 32.83, tmp_test_f1: 24.30, f1: 24.33
test_f1 CountNotImproved reset to 0 in epoch 92
epoch:  92, val_loss:1.652896, acc: 50.30, bacc: 33.43, tmp_test_f1: 24.72, f1: 24.72
test_f1 CountNotImproved reset to 0 in epoch 93
epoch:  93, val_loss:1.663414, acc: 50.40, bacc: 33.42, tmp_test_f1: 24.74, f1: 24.74
epoch:  94, val_loss:1.653530, acc: 50.40, bacc: 33.42, tmp_test_f1: 24.54, f1: 24.74
epoch:  95, val_loss:1.658568, acc: 50.40, bacc: 33.42, tmp_test_f1: 24.55, f1: 24.74
test_f1 CountNotImproved reset to 0 in epoch 96
epoch:  96, val_loss:1.661749, acc: 50.40, bacc: 33.47, tmp_test_f1: 24.75, f1: 24.75
epoch:  97, val_loss:1.672653, acc: 50.40, bacc: 33.47, tmp_test_f1: 24.29, f1: 24.75
epoch:  98, val_loss:1.670136, acc: 50.40, bacc: 33.47, tmp_test_f1: 24.37, f1: 24.75
epoch:  99, val_loss:1.670258, acc: 50.40, bacc: 33.47, tmp_test_f1: 23.92, f1: 24.75
epoch: 100, val_loss:1.672916, acc: 50.40, bacc: 33.47, tmp_test_f1: 24.38, f1: 24.75
epoch: 101, val_loss:1.669827, acc: 50.40, bacc: 33.47, tmp_test_f1: 24.35, f1: 24.75
epoch: 102, val_loss:1.663947, acc: 50.40, bacc: 33.47, tmp_test_f1: 24.27, f1: 24.75
test_f1 CountNotImproved reset to 0 in epoch 103
epoch: 103, val_loss:1.661589, acc: 50.50, bacc: 33.26, tmp_test_f1: 24.76, f1: 24.76
epoch: 104, val_loss:1.660778, acc: 50.50, bacc: 33.26, tmp_test_f1: 24.52, f1: 24.76
epoch: 105, val_loss:1.655131, acc: 50.50, bacc: 33.26, tmp_test_f1: 23.79, f1: 24.76
epoch: 106, val_loss:1.682024, acc: 50.50, bacc: 33.26, tmp_test_f1: 24.42, f1: 24.76
epoch: 107, val_loss:1.673916, acc: 50.50, bacc: 33.26, tmp_test_f1: 24.43, f1: 24.76
test_f1 CountNotImproved reset to 0 in epoch 108
epoch: 108, val_loss:1.667863, acc: 50.90, bacc: 33.90, tmp_test_f1: 25.10, f1: 25.10
epoch: 109, val_loss:1.661016, acc: 50.90, bacc: 33.90, tmp_test_f1: 24.86, f1: 25.10
epoch: 110, val_loss:1.659544, acc: 50.90, bacc: 33.90, tmp_test_f1: 24.58, f1: 25.10
test_f1 CountNotImproved reset to 0 in epoch 111
epoch: 111, val_loss:1.671660, acc: 50.90, bacc: 33.90, tmp_test_f1: 25.14, f1: 25.14
epoch: 112, val_loss:1.658497, acc: 50.90, bacc: 33.90, tmp_test_f1: 25.04, f1: 25.14
epoch: 113, val_loss:1.657783, acc: 50.90, bacc: 33.90, tmp_test_f1: 24.47, f1: 25.14
epoch: 114, val_loss:1.676710, acc: 50.90, bacc: 33.90, tmp_test_f1: 25.10, f1: 25.14
epoch: 115, val_loss:1.656149, acc: 50.90, bacc: 33.90, tmp_test_f1: 24.86, f1: 25.14
epoch: 116, val_loss:1.660259, acc: 50.90, bacc: 33.90, tmp_test_f1: 23.15, f1: 25.14
epoch: 117, val_loss:1.711732, acc: 50.90, bacc: 33.90, tmp_test_f1: 23.87, f1: 25.14
epoch: 118, val_loss:1.692499, acc: 50.90, bacc: 33.90, tmp_test_f1: 25.00, f1: 25.14
epoch: 119, val_loss:1.647913, acc: 50.90, bacc: 33.90, tmp_test_f1: 23.28, f1: 25.14
epoch: 120, val_loss:1.726243, acc: 50.90, bacc: 33.90, tmp_test_f1: 24.18, f1: 25.14
test_f1 CountNotImproved reset to 0 in epoch 121
epoch: 121, val_loss:1.680211, acc: 51.10, bacc: 33.94, tmp_test_f1: 25.33, f1: 25.33
epoch: 122, val_loss:1.643301, acc: 51.10, bacc: 33.94, tmp_test_f1: 24.41, f1: 25.33
epoch: 123, val_loss:1.691814, acc: 51.10, bacc: 33.94, tmp_test_f1: 25.13, f1: 25.33
epoch: 124, val_loss:1.636117, acc: 51.10, bacc: 33.94, tmp_test_f1: 25.19, f1: 25.33
epoch: 125, val_loss:1.646118, acc: 51.10, bacc: 33.94, tmp_test_f1: 24.90, f1: 25.33
epoch: 126, val_loss:1.645455, acc: 51.10, bacc: 33.94, tmp_test_f1: 24.73, f1: 25.33
test_f1 CountNotImproved reset to 0 in epoch 127
epoch: 127, val_loss:1.645031, acc: 50.80, bacc: 33.74, tmp_test_f1: 25.37, f1: 25.37
epoch: 128, val_loss:1.643774, acc: 50.80, bacc: 33.74, tmp_test_f1: 25.34, f1: 25.37
epoch: 129, val_loss:1.631277, acc: 50.80, bacc: 33.74, tmp_test_f1: 24.41, f1: 25.37
epoch: 130, val_loss:1.666764, acc: 50.80, bacc: 33.74, tmp_test_f1: 25.23, f1: 25.37
epoch: 131, val_loss:1.637576, acc: 50.80, bacc: 33.74, tmp_test_f1: 25.03, f1: 25.37
epoch: 132, val_loss:1.645777, acc: 50.80, bacc: 33.74, tmp_test_f1: 24.60, f1: 25.37
epoch: 133, val_loss:1.674394, acc: 50.80, bacc: 33.74, tmp_test_f1: 25.10, f1: 25.37
epoch: 134, val_loss:1.645418, acc: 50.80, bacc: 33.74, tmp_test_f1: 24.87, f1: 25.37
epoch: 135, val_loss:1.656840, acc: 50.80, bacc: 33.74, tmp_test_f1: 24.84, f1: 25.37
epoch: 136, val_loss:1.666361, acc: 50.80, bacc: 33.74, tmp_test_f1: 24.85, f1: 25.37
epoch: 137, val_loss:1.666040, acc: 50.80, bacc: 33.74, tmp_test_f1: 25.23, f1: 25.37
epoch: 138, val_loss:1.663716, acc: 50.80, bacc: 33.74, tmp_test_f1: 25.19, f1: 25.37
epoch: 139, val_loss:1.666762, acc: 50.80, bacc: 33.74, tmp_test_f1: 24.39, f1: 25.37
epoch: 140, val_loss:1.685902, acc: 50.80, bacc: 33.74, tmp_test_f1: 25.12, f1: 25.37
epoch: 141, val_loss:1.671674, acc: 50.80, bacc: 33.74, tmp_test_f1: 25.05, f1: 25.37
epoch: 142, val_loss:1.676732, acc: 50.80, bacc: 33.74, tmp_test_f1: 24.74, f1: 25.37
epoch: 143, val_loss:1.685561, acc: 50.80, bacc: 33.74, tmp_test_f1: 24.96, f1: 25.37
epoch: 144, val_loss:1.683443, acc: 50.80, bacc: 33.74, tmp_test_f1: 24.77, f1: 25.37
epoch: 145, val_loss:1.689128, acc: 50.80, bacc: 33.74, tmp_test_f1: 25.03, f1: 25.37
epoch: 146, val_loss:1.696973, acc: 50.80, bacc: 33.74, tmp_test_f1: 24.74, f1: 25.37
epoch: 147, val_loss:1.684787, acc: 50.80, bacc: 33.74, tmp_test_f1: 24.97, f1: 25.37
epoch: 148, val_loss:1.681309, acc: 50.80, bacc: 33.74, tmp_test_f1: 24.03, f1: 25.37
epoch: 149, val_loss:1.704517, acc: 50.80, bacc: 33.74, tmp_test_f1: 24.38, f1: 25.37
epoch: 150, val_loss:1.677237, acc: 50.80, bacc: 33.74, tmp_test_f1: 25.03, f1: 25.37
epoch: 151, val_loss:1.667603, acc: 50.80, bacc: 33.74, tmp_test_f1: 24.07, f1: 25.37
epoch: 152, val_loss:1.713643, acc: 50.80, bacc: 33.74, tmp_test_f1: 24.55, f1: 25.37
epoch: 153, val_loss:1.675495, acc: 50.80, bacc: 33.74, tmp_test_f1: 25.07, f1: 25.37
epoch: 154, val_loss:1.658780, acc: 50.80, bacc: 33.74, tmp_test_f1: 23.99, f1: 25.37
epoch: 155, val_loss:1.702198, acc: 50.80, bacc: 33.74, tmp_test_f1: 24.87, f1: 25.37
epoch: 156, val_loss:1.676101, acc: 50.80, bacc: 33.74, tmp_test_f1: 25.24, f1: 25.37
epoch: 157, val_loss:1.653404, acc: 50.80, bacc: 33.74, tmp_test_f1: 23.57, f1: 25.37
epoch: 158, val_loss:1.728335, acc: 50.80, bacc: 33.74, tmp_test_f1: 24.88, f1: 25.37
epoch: 159, val_loss:1.695526, acc: 50.80, bacc: 33.74, tmp_test_f1: 25.20, f1: 25.37
epoch: 160, val_loss:1.656047, acc: 50.80, bacc: 33.74, tmp_test_f1: 23.58, f1: 25.37
epoch: 161, val_loss:1.763293, acc: 50.80, bacc: 33.74, tmp_test_f1: 24.69, f1: 25.37
epoch: 162, val_loss:1.686767, acc: 50.80, bacc: 33.74, tmp_test_f1: 25.01, f1: 25.37
epoch: 163, val_loss:1.674604, acc: 50.80, bacc: 33.74, tmp_test_f1: 24.70, f1: 25.37
epoch: 164, val_loss:1.691255, acc: 50.80, bacc: 33.74, tmp_test_f1: 25.05, f1: 25.37
test_f1 CountNotImproved reset to 0 in epoch 165
epoch: 165, val_loss:1.655073, acc: 50.70, bacc: 33.76, tmp_test_f1: 25.41, f1: 25.41
test_f1 CountNotImproved reset to 0 in epoch 166
epoch: 166, val_loss:1.664460, acc: 51.30, bacc: 34.44, tmp_test_f1: 25.69, f1: 25.69
epoch: 167, val_loss:1.641815, acc: 51.30, bacc: 34.44, tmp_test_f1: 23.95, f1: 25.69
epoch: 168, val_loss:1.700532, acc: 51.30, bacc: 34.44, tmp_test_f1: 25.41, f1: 25.69
epoch: 169, val_loss:1.649783, acc: 51.30, bacc: 34.44, tmp_test_f1: 24.82, f1: 25.69
epoch: 170, val_loss:1.662766, acc: 51.30, bacc: 34.44, tmp_test_f1: 24.70, f1: 25.69
epoch: 171, val_loss:1.674788, acc: 51.30, bacc: 34.44, tmp_test_f1: 24.66, f1: 25.69
epoch: 172, val_loss:1.686447, acc: 51.30, bacc: 34.44, tmp_test_f1: 25.02, f1: 25.69
epoch: 173, val_loss:1.658126, acc: 51.30, bacc: 34.44, tmp_test_f1: 25.34, f1: 25.69
epoch: 174, val_loss:1.658388, acc: 51.30, bacc: 34.44, tmp_test_f1: 24.16, f1: 25.69
epoch: 175, val_loss:1.701253, acc: 51.30, bacc: 34.44, tmp_test_f1: 24.94, f1: 25.69
epoch: 176, val_loss:1.669399, acc: 51.30, bacc: 34.44, tmp_test_f1: 25.30, f1: 25.69
epoch: 177, val_loss:1.674036, acc: 51.30, bacc: 34.44, tmp_test_f1: 24.63, f1: 25.69
epoch: 178, val_loss:1.687464, acc: 51.30, bacc: 34.44, tmp_test_f1: 24.79, f1: 25.69
epoch: 179, val_loss:1.684264, acc: 51.30, bacc: 34.44, tmp_test_f1: 25.09, f1: 25.69
epoch: 180, val_loss:1.680438, acc: 51.30, bacc: 34.44, tmp_test_f1: 24.67, f1: 25.69
epoch: 181, val_loss:1.694430, acc: 51.30, bacc: 34.44, tmp_test_f1: 24.86, f1: 25.69
epoch: 182, val_loss:1.696358, acc: 51.30, bacc: 34.44, tmp_test_f1: 24.66, f1: 25.69
epoch: 183, val_loss:1.693589, acc: 51.30, bacc: 34.44, tmp_test_f1: 24.69, f1: 25.69
epoch: 184, val_loss:1.703246, acc: 51.30, bacc: 34.44, tmp_test_f1: 24.22, f1: 25.69
epoch: 185, val_loss:1.713274, acc: 51.30, bacc: 34.44, tmp_test_f1: 24.84, f1: 25.69
epoch: 186, val_loss:1.711746, acc: 51.30, bacc: 34.44, tmp_test_f1: 24.37, f1: 25.69
epoch: 187, val_loss:1.725029, acc: 51.30, bacc: 34.44, tmp_test_f1: 24.47, f1: 25.69
epoch: 188, val_loss:1.718387, acc: 51.30, bacc: 34.44, tmp_test_f1: 24.85, f1: 25.69
epoch: 189, val_loss:1.722594, acc: 51.30, bacc: 34.44, tmp_test_f1: 24.26, f1: 25.69
epoch: 190, val_loss:1.742964, acc: 51.30, bacc: 34.44, tmp_test_f1: 24.84, f1: 25.69
epoch: 191, val_loss:1.732153, acc: 51.30, bacc: 34.44, tmp_test_f1: 24.77, f1: 25.69
epoch: 192, val_loss:1.733839, acc: 51.30, bacc: 34.44, tmp_test_f1: 24.60, f1: 25.69
epoch: 193, val_loss:1.745604, acc: 51.30, bacc: 34.44, tmp_test_f1: 24.91, f1: 25.69
epoch: 194, val_loss:1.740385, acc: 51.30, bacc: 34.44, tmp_test_f1: 24.55, f1: 25.69
epoch: 195, val_loss:1.742388, acc: 51.30, bacc: 34.44, tmp_test_f1: 24.57, f1: 25.69
epoch: 196, val_loss:1.742793, acc: 51.30, bacc: 34.44, tmp_test_f1: 24.62, f1: 25.69
epoch: 197, val_loss:1.737635, acc: 51.30, bacc: 34.44, tmp_test_f1: 24.61, f1: 25.69
epoch: 198, val_loss:1.733057, acc: 51.30, bacc: 34.44, tmp_test_f1: 24.38, f1: 25.69
epoch: 199, val_loss:1.733546, acc: 51.30, bacc: 34.44, tmp_test_f1: 24.62, f1: 25.69
epoch: 200, val_loss:1.725490, acc: 51.30, bacc: 34.44, tmp_test_f1: 24.31, f1: 25.69
epoch: 201, val_loss:1.721282, acc: 51.30, bacc: 34.44, tmp_test_f1: 24.31, f1: 25.69
epoch: 202, val_loss:1.721464, acc: 51.30, bacc: 34.44, tmp_test_f1: 24.49, f1: 25.69
epoch: 203, val_loss:1.721006, acc: 51.30, bacc: 34.44, tmp_test_f1: 24.32, f1: 25.69
epoch: 204, val_loss:1.723846, acc: 51.30, bacc: 34.44, tmp_test_f1: 24.46, f1: 25.69
epoch: 205, val_loss:1.723559, acc: 51.30, bacc: 34.44, tmp_test_f1: 23.96, f1: 25.69
epoch: 206, val_loss:1.731722, acc: 51.30, bacc: 34.44, tmp_test_f1: 24.65, f1: 25.69
epoch: 207, val_loss:1.729082, acc: 51.30, bacc: 34.44, tmp_test_f1: 23.94, f1: 25.69
epoch: 208, val_loss:1.739700, acc: 51.30, bacc: 34.44, tmp_test_f1: 24.92, f1: 25.69
epoch: 209, val_loss:1.729829, acc: 51.30, bacc: 34.44, tmp_test_f1: 24.59, f1: 25.69
epoch: 210, val_loss:1.738137, acc: 51.30, bacc: 34.44, tmp_test_f1: 24.94, f1: 25.69
epoch: 211, val_loss:1.730788, acc: 51.30, bacc: 34.44, tmp_test_f1: 24.77, f1: 25.69
epoch: 212, val_loss:1.740185, acc: 51.30, bacc: 34.44, tmp_test_f1: 24.83, f1: 25.69
epoch: 213, val_loss:1.733157, acc: 51.30, bacc: 34.44, tmp_test_f1: 24.61, f1: 25.69
epoch: 214, val_loss:1.731418, acc: 51.30, bacc: 34.44, tmp_test_f1: 24.29, f1: 25.69
epoch: 215, val_loss:1.742967, acc: 51.30, bacc: 34.44, tmp_test_f1: 24.51, f1: 25.69
epoch: 216, val_loss:1.739211, acc: 51.30, bacc: 34.44, tmp_test_f1: 24.35, f1: 25.69
epoch: 217, val_loss:1.744274, acc: 51.30, bacc: 34.44, tmp_test_f1: 24.84, f1: 25.69
epoch: 218, val_loss:1.729622, acc: 51.30, bacc: 34.44, tmp_test_f1: 24.53, f1: 25.69
epoch: 219, val_loss:1.724595, acc: 51.30, bacc: 34.44, tmp_test_f1: 23.70, f1: 25.69
epoch: 220, val_loss:1.761562, acc: 51.30, bacc: 34.44, tmp_test_f1: 24.26, f1: 25.69
epoch: 221, val_loss:1.771327, acc: 51.30, bacc: 34.44, tmp_test_f1: 22.89, f1: 25.69
epoch: 222, val_loss:1.803316, acc: 51.30, bacc: 34.44, tmp_test_f1: 24.42, f1: 25.69
epoch: 223, val_loss:1.749993, acc: 51.30, bacc: 34.44, tmp_test_f1: 25.02, f1: 25.69
epoch: 224, val_loss:1.695409, acc: 51.30, bacc: 34.44, tmp_test_f1: 22.92, f1: 25.69
epoch: 225, val_loss:1.787114, acc: 51.30, bacc: 34.44, tmp_test_f1: 24.68, f1: 25.69
epoch: 226, val_loss:1.807152, acc: 51.30, bacc: 34.44, tmp_test_f1: 25.23, f1: 25.69
epoch: 227, val_loss:1.688422, acc: 51.30, bacc: 34.44, tmp_test_f1: 21.81, f1: 25.69
epoch: 228, val_loss:1.869560, acc: 51.30, bacc: 34.44, tmp_test_f1: 23.19, f1: 25.69
test_f1 CountNotImproved reset to 0 in epoch 229
epoch: 229, val_loss:1.968186, acc: 51.10, bacc: 34.15, tmp_test_f1: 25.77, f1: 25.77
epoch: 230, val_loss:1.697621, acc: 51.10, bacc: 34.15, tmp_test_f1: 22.69, f1: 25.77
test_f1 CountNotImproved reset to 0 in epoch 231
epoch: 231, val_loss:1.871787, acc: 51.60, bacc: 35.19, tmp_test_f1: 26.16, f1: 26.16
epoch: 232, val_loss:1.649461, acc: 51.60, bacc: 35.19, tmp_test_f1: 25.44, f1: 26.16
test_f1 CountNotImproved reset to 0 in epoch 233
epoch: 233, val_loss:1.767210, acc: 51.80, bacc: 35.12, tmp_test_f1: 26.54, f1: 26.54
epoch: 234, val_loss:1.654920, acc: 51.80, bacc: 35.12, tmp_test_f1: 25.22, f1: 26.54
epoch: 235, val_loss:1.689876, acc: 51.80, bacc: 35.12, tmp_test_f1: 24.85, f1: 26.54
epoch: 236, val_loss:1.699121, acc: 51.80, bacc: 35.12, tmp_test_f1: 26.15, f1: 26.54
epoch: 237, val_loss:1.626189, acc: 51.80, bacc: 35.12, tmp_test_f1: 26.17, f1: 26.54
epoch: 238, val_loss:1.704332, acc: 51.80, bacc: 35.12, tmp_test_f1: 26.01, f1: 26.54
epoch: 239, val_loss:1.641642, acc: 51.80, bacc: 35.12, tmp_test_f1: 24.82, f1: 26.54
epoch: 240, val_loss:1.676762, acc: 51.80, bacc: 35.12, tmp_test_f1: 24.53, f1: 26.54
epoch: 241, val_loss:1.704682, acc: 51.80, bacc: 35.12, tmp_test_f1: 25.59, f1: 26.54
epoch: 242, val_loss:1.658146, acc: 51.80, bacc: 35.12, tmp_test_f1: 24.98, f1: 26.54
epoch: 243, val_loss:1.697747, acc: 51.80, bacc: 35.12, tmp_test_f1: 25.53, f1: 26.54
epoch: 244, val_loss:1.679625, acc: 51.80, bacc: 35.12, tmp_test_f1: 24.43, f1: 26.54
epoch: 245, val_loss:1.750388, acc: 51.80, bacc: 35.12, tmp_test_f1: 25.07, f1: 26.54
epoch: 246, val_loss:1.702124, acc: 51.80, bacc: 35.12, tmp_test_f1: 25.54, f1: 26.54
epoch: 247, val_loss:1.707477, acc: 51.80, bacc: 35.12, tmp_test_f1: 25.50, f1: 26.54
epoch: 248, val_loss:1.704160, acc: 51.80, bacc: 35.12, tmp_test_f1: 24.98, f1: 26.54
epoch: 249, val_loss:1.722044, acc: 51.80, bacc: 35.12, tmp_test_f1: 25.10, f1: 26.54
epoch: 250, val_loss:1.753129, acc: 51.80, bacc: 35.12, tmp_test_f1: 25.38, f1: 26.54
epoch: 251, val_loss:1.716070, acc: 51.80, bacc: 35.12, tmp_test_f1: 25.44, f1: 26.54
epoch: 252, val_loss:1.730743, acc: 51.80, bacc: 35.12, tmp_test_f1: 25.30, f1: 26.54
epoch: 253, val_loss:1.735582, acc: 51.80, bacc: 35.12, tmp_test_f1: 24.70, f1: 26.54
epoch: 254, val_loss:1.787131, acc: 51.80, bacc: 35.12, tmp_test_f1: 25.09, f1: 26.54
epoch: 255, val_loss:1.759528, acc: 51.80, bacc: 35.12, tmp_test_f1: 25.03, f1: 26.54
epoch: 256, val_loss:1.759769, acc: 51.80, bacc: 35.12, tmp_test_f1: 24.82, f1: 26.54
epoch: 257, val_loss:1.766164, acc: 51.80, bacc: 35.12, tmp_test_f1: 24.08, f1: 26.54
epoch: 258, val_loss:1.789020, acc: 51.80, bacc: 35.12, tmp_test_f1: 24.42, f1: 26.54
epoch: 259, val_loss:1.790709, acc: 51.80, bacc: 35.12, tmp_test_f1: 24.58, f1: 26.54
epoch: 260, val_loss:1.795339, acc: 51.80, bacc: 35.12, tmp_test_f1: 24.96, f1: 26.54
epoch: 261, val_loss:1.795354, acc: 51.80, bacc: 35.12, tmp_test_f1: 23.70, f1: 26.54
epoch: 262, val_loss:1.818109, acc: 51.80, bacc: 35.12, tmp_test_f1: 24.60, f1: 26.54
epoch: 263, val_loss:1.801572, acc: 51.80, bacc: 35.12, tmp_test_f1: 24.75, f1: 26.54
epoch: 264, val_loss:1.802632, acc: 51.80, bacc: 35.12, tmp_test_f1: 24.44, f1: 26.54
epoch: 265, val_loss:1.806766, acc: 51.80, bacc: 35.12, tmp_test_f1: 24.64, f1: 26.54
epoch: 266, val_loss:1.797880, acc: 51.80, bacc: 35.12, tmp_test_f1: 24.82, f1: 26.54
epoch: 267, val_loss:1.798895, acc: 51.80, bacc: 35.12, tmp_test_f1: 24.40, f1: 26.54
epoch: 268, val_loss:1.789585, acc: 51.80, bacc: 35.12, tmp_test_f1: 24.31, f1: 26.54
epoch: 269, val_loss:1.805238, acc: 51.80, bacc: 35.12, tmp_test_f1: 24.98, f1: 26.54
epoch: 270, val_loss:1.774428, acc: 51.80, bacc: 35.12, tmp_test_f1: 25.03, f1: 26.54
epoch: 271, val_loss:1.770806, acc: 51.80, bacc: 35.12, tmp_test_f1: 24.06, f1: 26.54
epoch: 272, val_loss:1.783365, acc: 51.80, bacc: 35.12, tmp_test_f1: 24.17, f1: 26.54
epoch: 273, val_loss:1.769279, acc: 51.80, bacc: 35.12, tmp_test_f1: 25.06, f1: 26.54
epoch: 274, val_loss:1.763716, acc: 51.80, bacc: 35.12, tmp_test_f1: 24.83, f1: 26.54
epoch: 275, val_loss:1.752697, acc: 51.80, bacc: 35.12, tmp_test_f1: 23.80, f1: 26.54
epoch: 276, val_loss:1.773677, acc: 51.80, bacc: 35.12, tmp_test_f1: 24.56, f1: 26.54
epoch: 277, val_loss:1.752040, acc: 51.80, bacc: 35.12, tmp_test_f1: 24.80, f1: 26.54
epoch: 278, val_loss:1.761549, acc: 51.80, bacc: 35.12, tmp_test_f1: 24.11, f1: 26.54
epoch: 279, val_loss:1.779828, acc: 51.80, bacc: 35.12, tmp_test_f1: 24.60, f1: 26.54
epoch: 280, val_loss:1.760909, acc: 51.80, bacc: 35.12, tmp_test_f1: 24.80, f1: 26.54
epoch: 281, val_loss:1.757736, acc: 51.80, bacc: 35.12, tmp_test_f1: 24.70, f1: 26.54
epoch: 282, val_loss:1.750598, acc: 51.80, bacc: 35.12, tmp_test_f1: 24.69, f1: 26.54
epoch: 283, val_loss:1.754846, acc: 51.80, bacc: 35.12, tmp_test_f1: 24.46, f1: 26.54
epoch: 284, val_loss:1.752708, acc: 51.80, bacc: 35.12, tmp_test_f1: 24.87, f1: 26.54
epoch: 285, val_loss:1.766366, acc: 51.80, bacc: 35.12, tmp_test_f1: 24.18, f1: 26.54
epoch: 286, val_loss:1.757121, acc: 51.80, bacc: 35.12, tmp_test_f1: 24.33, f1: 26.54
epoch: 287, val_loss:1.771977, acc: 51.80, bacc: 35.12, tmp_test_f1: 24.48, f1: 26.54
epoch: 288, val_loss:1.783553, acc: 51.80, bacc: 35.12, tmp_test_f1: 24.48, f1: 26.54
epoch: 289, val_loss:1.775530, acc: 51.80, bacc: 35.12, tmp_test_f1: 23.80, f1: 26.54
epoch: 290, val_loss:1.811512, acc: 51.80, bacc: 35.12, tmp_test_f1: 24.80, f1: 26.54
epoch: 291, val_loss:1.802205, acc: 51.80, bacc: 35.12, tmp_test_f1: 24.59, f1: 26.54
epoch: 292, val_loss:1.775036, acc: 51.80, bacc: 35.12, tmp_test_f1: 23.92, f1: 26.54
epoch: 293, val_loss:1.801971, acc: 51.80, bacc: 35.12, tmp_test_f1: 24.98, f1: 26.54
epoch: 294, val_loss:1.773332, acc: 51.80, bacc: 35.12, tmp_test_f1: 24.94, f1: 26.54
epoch: 295, val_loss:1.770971, acc: 51.80, bacc: 35.12, tmp_test_f1: 24.67, f1: 26.54
epoch: 296, val_loss:1.777556, acc: 51.80, bacc: 35.12, tmp_test_f1: 24.54, f1: 26.54
epoch: 297, val_loss:1.776035, acc: 51.80, bacc: 35.12, tmp_test_f1: 24.89, f1: 26.54
epoch: 298, val_loss:1.786682, acc: 51.80, bacc: 35.12, tmp_test_f1: 24.58, f1: 26.54
epoch: 299, val_loss:1.776398, acc: 51.80, bacc: 35.12, tmp_test_f1: 23.95, f1: 26.54
epoch: 300, val_loss:1.803918, acc: 51.80, bacc: 35.12, tmp_test_f1: 24.63, f1: 26.54
epoch: 301, val_loss:1.797753, acc: 51.80, bacc: 35.12, tmp_test_f1: 24.56, f1: 26.54
epoch: 302, val_loss:1.786828, acc: 51.80, bacc: 35.12, tmp_test_f1: 24.06, f1: 26.54
epoch: 303, val_loss:1.816225, acc: 51.80, bacc: 35.12, tmp_test_f1: 24.62, f1: 26.54
epoch: 304, val_loss:1.801362, acc: 51.80, bacc: 35.12, tmp_test_f1: 24.93, f1: 26.54
epoch: 305, val_loss:1.773139, acc: 51.80, bacc: 35.12, tmp_test_f1: 23.97, f1: 26.54
epoch: 306, val_loss:1.798286, acc: 51.80, bacc: 35.12, tmp_test_f1: 24.72, f1: 26.54
epoch: 307, val_loss:1.783040, acc: 51.80, bacc: 35.12, tmp_test_f1: 25.25, f1: 26.54
epoch: 308, val_loss:1.765786, acc: 51.80, bacc: 35.12, tmp_test_f1: 24.01, f1: 26.54
epoch: 309, val_loss:1.794344, acc: 51.80, bacc: 35.12, tmp_test_f1: 24.70, f1: 26.54
epoch: 310, val_loss:1.760341, acc: 51.80, bacc: 35.12, tmp_test_f1: 25.15, f1: 26.54
epoch: 311, val_loss:1.779169, acc: 51.80, bacc: 35.12, tmp_test_f1: 24.19, f1: 26.54
epoch: 312, val_loss:1.773834, acc: 51.80, bacc: 35.12, tmp_test_f1: 23.99, f1: 26.54
epoch: 313, val_loss:1.791845, acc: 51.80, bacc: 35.12, tmp_test_f1: 24.97, f1: 26.54
epoch: 314, val_loss:1.784844, acc: 51.80, bacc: 35.12, tmp_test_f1: 25.07, f1: 26.54
epoch: 315, val_loss:1.769942, acc: 51.80, bacc: 35.12, tmp_test_f1: 23.66, f1: 26.54
epoch: 316, val_loss:1.800053, acc: 51.80, bacc: 35.12, tmp_test_f1: 25.03, f1: 26.54
epoch: 317, val_loss:1.766631, acc: 51.80, bacc: 35.12, tmp_test_f1: 24.77, f1: 26.54
epoch: 318, val_loss:1.770754, acc: 51.80, bacc: 35.12, tmp_test_f1: 24.00, f1: 26.54
epoch: 319, val_loss:1.778669, acc: 51.80, bacc: 35.12, tmp_test_f1: 24.56, f1: 26.54
epoch: 320, val_loss:1.771777, acc: 51.80, bacc: 35.12, tmp_test_f1: 24.71, f1: 26.54
epoch: 321, val_loss:1.777629, acc: 51.80, bacc: 35.12, tmp_test_f1: 24.44, f1: 26.54
epoch: 322, val_loss:1.783847, acc: 51.80, bacc: 35.12, tmp_test_f1: 24.10, f1: 26.54
epoch: 323, val_loss:1.797547, acc: 51.80, bacc: 35.12, tmp_test_f1: 24.66, f1: 26.54
epoch: 324, val_loss:1.792700, acc: 51.80, bacc: 35.12, tmp_test_f1: 24.38, f1: 26.54
epoch: 325, val_loss:1.796280, acc: 51.80, bacc: 35.12, tmp_test_f1: 24.23, f1: 26.54
epoch: 326, val_loss:1.796308, acc: 51.80, bacc: 35.12, tmp_test_f1: 24.41, f1: 26.54
epoch: 327, val_loss:1.796448, acc: 51.80, bacc: 35.12, tmp_test_f1: 24.34, f1: 26.54
epoch: 328, val_loss:1.790998, acc: 51.80, bacc: 35.12, tmp_test_f1: 24.21, f1: 26.54
epoch: 329, val_loss:1.788583, acc: 51.80, bacc: 35.12, tmp_test_f1: 24.26, f1: 26.54
epoch: 330, val_loss:1.783399, acc: 51.80, bacc: 35.12, tmp_test_f1: 24.37, f1: 26.54
epoch: 331, val_loss:1.780719, acc: 51.80, bacc: 35.12, tmp_test_f1: 24.16, f1: 26.54
epoch: 332, val_loss:1.785949, acc: 51.80, bacc: 35.12, tmp_test_f1: 24.47, f1: 26.54
epoch: 333, val_loss:1.788808, acc: 51.80, bacc: 35.12, tmp_test_f1: 24.02, f1: 26.54
epoch: 334, val_loss:1.800444, acc: 51.80, bacc: 35.12, tmp_test_f1: 24.62, f1: 26.54
epoch: 335, val_loss:1.805476, acc: 51.80, bacc: 35.12, tmp_test_f1: 24.04, f1: 26.54
epoch: 336, val_loss:1.823249, acc: 51.80, bacc: 35.12, tmp_test_f1: 24.81, f1: 26.54
epoch: 337, val_loss:1.810857, acc: 51.80, bacc: 35.12, tmp_test_f1: 24.60, f1: 26.54
epoch: 338, val_loss:1.817710, acc: 51.80, bacc: 35.12, tmp_test_f1: 24.31, f1: 26.54
epoch: 339, val_loss:1.827457, acc: 51.80, bacc: 35.12, tmp_test_f1: 24.70, f1: 26.54
epoch: 340, val_loss:1.827070, acc: 51.80, bacc: 35.12, tmp_test_f1: 24.53, f1: 26.54
epoch: 341, val_loss:1.836223, acc: 51.80, bacc: 35.12, tmp_test_f1: 24.00, f1: 26.54
epoch: 342, val_loss:1.845565, acc: 51.80, bacc: 35.12, tmp_test_f1: 24.43, f1: 26.54
epoch: 343, val_loss:1.844964, acc: 51.80, bacc: 35.12, tmp_test_f1: 23.74, f1: 26.54
epoch: 344, val_loss:1.852920, acc: 51.80, bacc: 35.12, tmp_test_f1: 24.56, f1: 26.54
epoch: 345, val_loss:1.843814, acc: 51.80, bacc: 35.12, tmp_test_f1: 24.42, f1: 26.54
epoch: 346, val_loss:1.834531, acc: 51.80, bacc: 35.12, tmp_test_f1: 24.24, f1: 26.54
epoch: 347, val_loss:1.828976, acc: 51.80, bacc: 35.12, tmp_test_f1: 24.22, f1: 26.54
epoch: 348, val_loss:1.820069, acc: 51.80, bacc: 35.12, tmp_test_f1: 24.46, f1: 26.54
epoch: 349, val_loss:1.817771, acc: 51.80, bacc: 35.12, tmp_test_f1: 23.83, f1: 26.54
epoch: 350, val_loss:1.821707, acc: 51.80, bacc: 35.12, tmp_test_f1: 24.18, f1: 26.54
epoch: 351, val_loss:1.816392, acc: 51.80, bacc: 35.12, tmp_test_f1: 24.62, f1: 26.54
epoch: 352, val_loss:1.823955, acc: 51.80, bacc: 35.12, tmp_test_f1: 23.92, f1: 26.54
epoch: 353, val_loss:1.841624, acc: 51.80, bacc: 35.12, tmp_test_f1: 24.88, f1: 26.54
epoch: 354, val_loss:1.832503, acc: 51.80, bacc: 35.12, tmp_test_f1: 24.73, f1: 26.54
epoch: 355, val_loss:1.816029, acc: 51.80, bacc: 35.12, tmp_test_f1: 24.39, f1: 26.54
epoch: 356, val_loss:1.828283, acc: 51.80, bacc: 35.12, tmp_test_f1: 24.95, f1: 26.54
epoch: 357, val_loss:1.818954, acc: 51.80, bacc: 35.12, tmp_test_f1: 24.47, f1: 26.54
epoch: 358, val_loss:1.806363, acc: 51.80, bacc: 35.12, tmp_test_f1: 24.25, f1: 26.54
epoch: 359, val_loss:1.823325, acc: 51.80, bacc: 35.12, tmp_test_f1: 24.91, f1: 26.54
epoch: 360, val_loss:1.813731, acc: 51.80, bacc: 35.12, tmp_test_f1: 24.08, f1: 26.54
epoch: 361, val_loss:1.818279, acc: 51.80, bacc: 35.12, tmp_test_f1: 24.16, f1: 26.54
epoch: 362, val_loss:1.800856, acc: 51.80, bacc: 35.12, tmp_test_f1: 24.77, f1: 26.54
epoch: 363, val_loss:1.810385, acc: 51.80, bacc: 35.12, tmp_test_f1: 23.98, f1: 26.54
epoch: 364, val_loss:1.805375, acc: 51.80, bacc: 35.12, tmp_test_f1: 24.12, f1: 26.54
epoch: 365, val_loss:1.799419, acc: 51.80, bacc: 35.12, tmp_test_f1: 24.37, f1: 26.54
epoch: 366, val_loss:1.815713, acc: 51.80, bacc: 35.12, tmp_test_f1: 23.61, f1: 26.54
epoch: 367, val_loss:1.824040, acc: 51.80, bacc: 35.12, tmp_test_f1: 24.68, f1: 26.54
epoch: 368, val_loss:1.820962, acc: 51.80, bacc: 35.12, tmp_test_f1: 24.48, f1: 26.54
epoch: 369, val_loss:1.807867, acc: 51.80, bacc: 35.12, tmp_test_f1: 24.00, f1: 26.54
epoch: 370, val_loss:1.819206, acc: 51.80, bacc: 35.12, tmp_test_f1: 24.72, f1: 26.54
epoch: 371, val_loss:1.825878, acc: 51.80, bacc: 35.12, tmp_test_f1: 24.34, f1: 26.54
epoch: 372, val_loss:1.816370, acc: 51.80, bacc: 35.12, tmp_test_f1: 24.07, f1: 26.54
epoch: 373, val_loss:1.831421, acc: 51.80, bacc: 35.12, tmp_test_f1: 24.91, f1: 26.54
epoch: 374, val_loss:1.835793, acc: 51.80, bacc: 35.12, tmp_test_f1: 24.38, f1: 26.54
epoch: 375, val_loss:1.806432, acc: 51.80, bacc: 35.12, tmp_test_f1: 24.57, f1: 26.54
epoch: 376, val_loss:1.801335, acc: 51.80, bacc: 35.12, tmp_test_f1: 24.93, f1: 26.54
epoch: 377, val_loss:1.803702, acc: 51.80, bacc: 35.12, tmp_test_f1: 24.21, f1: 26.54
epoch: 378, val_loss:1.800927, acc: 51.80, bacc: 35.12, tmp_test_f1: 24.65, f1: 26.54
epoch: 379, val_loss:1.798440, acc: 51.80, bacc: 35.12, tmp_test_f1: 24.70, f1: 26.54
epoch: 380, val_loss:1.802368, acc: 51.80, bacc: 35.12, tmp_test_f1: 24.67, f1: 26.54
epoch: 381, val_loss:1.807909, acc: 51.80, bacc: 35.12, tmp_test_f1: 24.58, f1: 26.54
epoch: 382, val_loss:1.814185, acc: 51.80, bacc: 35.12, tmp_test_f1: 24.19, f1: 26.54
epoch: 383, val_loss:1.826205, acc: 51.80, bacc: 35.12, tmp_test_f1: 24.67, f1: 26.54
epoch: 384, val_loss:1.836314, acc: 51.80, bacc: 35.12, tmp_test_f1: 24.46, f1: 26.54
epoch: 385, val_loss:1.849008, acc: 51.80, bacc: 35.12, tmp_test_f1: 24.22, f1: 26.54
epoch: 386, val_loss:1.849782, acc: 51.80, bacc: 35.12, tmp_test_f1: 24.46, f1: 26.54
epoch: 387, val_loss:1.851806, acc: 51.80, bacc: 35.12, tmp_test_f1: 24.11, f1: 26.54
epoch: 388, val_loss:1.848556, acc: 51.80, bacc: 35.12, tmp_test_f1: 24.55, f1: 26.54
epoch: 389, val_loss:1.846481, acc: 51.80, bacc: 35.12, tmp_test_f1: 24.62, f1: 26.54
epoch: 390, val_loss:1.838348, acc: 51.80, bacc: 35.12, tmp_test_f1: 24.63, f1: 26.54
epoch: 391, val_loss:1.837173, acc: 51.80, bacc: 35.12, tmp_test_f1: 24.43, f1: 26.54
epoch: 392, val_loss:1.836102, acc: 51.80, bacc: 35.12, tmp_test_f1: 24.59, f1: 26.54
epoch: 393, val_loss:1.835420, acc: 51.80, bacc: 35.12, tmp_test_f1: 23.98, f1: 26.54
epoch: 394, val_loss:1.846193, acc: 51.80, bacc: 35.12, tmp_test_f1: 24.79, f1: 26.54
epoch: 395, val_loss:1.842048, acc: 51.80, bacc: 35.12, tmp_test_f1: 24.19, f1: 26.54
epoch: 396, val_loss:1.838397, acc: 51.80, bacc: 35.12, tmp_test_f1: 24.24, f1: 26.54
epoch: 397, val_loss:1.851659, acc: 51.80, bacc: 35.12, tmp_test_f1: 24.49, f1: 26.54
epoch: 398, val_loss:1.860404, acc: 51.80, bacc: 35.12, tmp_test_f1: 24.09, f1: 26.54
epoch: 399, val_loss:1.854899, acc: 51.80, bacc: 35.12, tmp_test_f1: 24.05, f1: 26.54
epoch: 400, val_loss:1.864248, acc: 51.80, bacc: 35.12, tmp_test_f1: 24.50, f1: 26.54
epoch: 401, val_loss:1.885828, acc: 51.80, bacc: 35.12, tmp_test_f1: 24.11, f1: 26.54
epoch: 402, val_loss:1.863847, acc: 51.80, bacc: 35.12, tmp_test_f1: 24.52, f1: 26.54
epoch: 403, val_loss:1.855104, acc: 51.80, bacc: 35.12, tmp_test_f1: 24.01, f1: 26.54
epoch: 404, val_loss:1.847505, acc: 51.80, bacc: 35.12, tmp_test_f1: 24.22, f1: 26.54
epoch: 405, val_loss:1.846114, acc: 51.80, bacc: 35.12, tmp_test_f1: 24.48, f1: 26.54
epoch: 406, val_loss:1.865972, acc: 51.80, bacc: 35.12, tmp_test_f1: 23.97, f1: 26.54
epoch: 407, val_loss:1.848855, acc: 51.80, bacc: 35.12, tmp_test_f1: 23.91, f1: 26.54
epoch: 408, val_loss:1.852654, acc: 51.80, bacc: 35.12, tmp_test_f1: 25.05, f1: 26.54
epoch: 409, val_loss:1.882041, acc: 51.80, bacc: 35.12, tmp_test_f1: 23.57, f1: 26.54
epoch: 410, val_loss:1.866523, acc: 51.80, bacc: 35.12, tmp_test_f1: 24.83, f1: 26.54
epoch: 411, val_loss:1.838593, acc: 51.80, bacc: 35.12, tmp_test_f1: 24.87, f1: 26.54
epoch: 412, val_loss:1.833378, acc: 51.80, bacc: 35.12, tmp_test_f1: 23.38, f1: 26.54
epoch: 413, val_loss:1.868789, acc: 51.80, bacc: 35.12, tmp_test_f1: 24.91, f1: 26.54
epoch: 414, val_loss:1.856107, acc: 51.80, bacc: 35.12, tmp_test_f1: 24.73, f1: 26.54
epoch: 415, val_loss:1.826820, acc: 51.80, bacc: 35.12, tmp_test_f1: 23.60, f1: 26.54
epoch: 416, val_loss:1.867090, acc: 51.80, bacc: 35.12, tmp_test_f1: 24.77, f1: 26.54
epoch: 417, val_loss:1.866181, acc: 51.80, bacc: 35.12, tmp_test_f1: 24.57, f1: 26.54
epoch: 418, val_loss:1.809862, acc: 51.80, bacc: 35.12, tmp_test_f1: 23.73, f1: 26.54
epoch: 419, val_loss:1.855190, acc: 51.80, bacc: 35.12, tmp_test_f1: 24.64, f1: 26.54
epoch: 420, val_loss:1.926882, acc: 51.80, bacc: 35.12, tmp_test_f1: 24.22, f1: 26.54
epoch: 421, val_loss:1.803530, acc: 51.80, bacc: 35.12, tmp_test_f1: 23.92, f1: 26.54
epoch: 422, val_loss:1.817115, acc: 51.80, bacc: 35.12, tmp_test_f1: 24.31, f1: 26.54
epoch: 423, val_loss:1.920354, acc: 51.80, bacc: 35.12, tmp_test_f1: 25.40, f1: 26.54
epoch: 424, val_loss:1.753872, acc: 51.80, bacc: 35.12, tmp_test_f1: 22.33, f1: 26.54
epoch: 425, val_loss:1.907213, acc: 51.80, bacc: 35.12, tmp_test_f1: 24.05, f1: 26.54
epoch: 426, val_loss:1.961875, acc: 51.80, bacc: 35.12, tmp_test_f1: 24.80, f1: 26.54
epoch: 427, val_loss:1.828833, acc: 51.80, bacc: 35.12, tmp_test_f1: 23.17, f1: 26.54
epoch: 428, val_loss:1.874973, acc: 51.80, bacc: 35.12, tmp_test_f1: 25.55, f1: 26.54
epoch: 429, val_loss:1.722220, acc: 51.80, bacc: 35.12, tmp_test_f1: 25.15, f1: 26.54
epoch: 430, val_loss:1.816985, acc: 51.80, bacc: 35.12, tmp_test_f1: 25.83, f1: 26.54
epoch: 431, val_loss:1.750296, acc: 51.80, bacc: 35.12, tmp_test_f1: 24.59, f1: 26.54
epoch: 432, val_loss:1.749995, acc: 51.80, bacc: 35.12, tmp_test_f1: 24.40, f1: 26.54
epoch: 433, val_loss:1.747481, acc: 51.80, bacc: 35.12, tmp_test_f1: 25.98, f1: 26.54
epoch: 434, val_loss:1.732260, acc: 51.80, bacc: 35.12, tmp_test_f1: 25.61, f1: 26.54
epoch: 435, val_loss:1.797594, acc: 51.80, bacc: 35.12, tmp_test_f1: 25.38, f1: 26.54
epoch: 436, val_loss:1.726255, acc: 51.80, bacc: 35.12, tmp_test_f1: 23.55, f1: 26.54
epoch: 437, val_loss:1.808543, acc: 51.80, bacc: 35.12, tmp_test_f1: 25.38, f1: 26.54
Epoch 00438: reducing learning rate of group 0 to 5.0000e-02.
epoch: 438, val_loss:1.736808, acc: 51.80, bacc: 35.12, tmp_test_f1: 24.93, f1: 26.54
epoch: 439, val_loss:1.801686, acc: 51.80, bacc: 35.12, tmp_test_f1: 25.46, f1: 26.54
epoch: 440, val_loss:1.774146, acc: 51.80, bacc: 35.12, tmp_test_f1: 25.10, f1: 26.54
epoch: 441, val_loss:1.752016, acc: 51.80, bacc: 35.12, tmp_test_f1: 24.10, f1: 26.54
epoch: 442, val_loss:1.796499, acc: 51.80, bacc: 35.12, tmp_test_f1: 24.63, f1: 26.54
epoch: 443, val_loss:1.776157, acc: 51.80, bacc: 35.12, tmp_test_f1: 25.14, f1: 26.54
epoch: 444, val_loss:1.752445, acc: 51.80, bacc: 35.12, tmp_test_f1: 25.62, f1: 26.54
epoch: 445, val_loss:1.773508, acc: 51.80, bacc: 35.12, tmp_test_f1: 25.59, f1: 26.54
epoch: 446, val_loss:1.768864, acc: 51.80, bacc: 35.12, tmp_test_f1: 25.02, f1: 26.54
epoch: 447, val_loss:1.761415, acc: 51.80, bacc: 35.12, tmp_test_f1: 24.64, f1: 26.54
epoch: 448, val_loss:1.780887, acc: 51.80, bacc: 35.12, tmp_test_f1: 24.71, f1: 26.54
epoch: 449, val_loss:1.781544, acc: 51.80, bacc: 35.12, tmp_test_f1: 25.00, f1: 26.54
epoch: 450, val_loss:1.769759, acc: 51.80, bacc: 35.12, tmp_test_f1: 25.38, f1: 26.54
epoch: 451, val_loss:1.788520, acc: 51.80, bacc: 35.12, tmp_test_f1: 25.35, f1: 26.54
epoch: 452, val_loss:1.790609, acc: 51.80, bacc: 35.12, tmp_test_f1: 24.92, f1: 26.54
epoch: 453, val_loss:1.783401, acc: 51.80, bacc: 35.12, tmp_test_f1: 24.23, f1: 26.54
epoch: 454, val_loss:1.805837, acc: 51.80, bacc: 35.12, tmp_test_f1: 24.33, f1: 26.54
epoch: 455, val_loss:1.806135, acc: 51.80, bacc: 35.12, tmp_test_f1: 24.87, f1: 26.54
epoch: 456, val_loss:1.796021, acc: 51.80, bacc: 35.12, tmp_test_f1: 25.38, f1: 26.54
epoch: 457, val_loss:1.803292, acc: 51.80, bacc: 35.12, tmp_test_f1: 25.35, f1: 26.54
epoch: 458, val_loss:1.807445, acc: 51.80, bacc: 35.12, tmp_test_f1: 24.68, f1: 26.54
epoch: 459, val_loss:1.810177, acc: 51.80, bacc: 35.12, tmp_test_f1: 24.09, f1: 26.54
epoch: 460, val_loss:1.828486, acc: 51.80, bacc: 35.12, tmp_test_f1: 24.10, f1: 26.54
epoch: 461, val_loss:1.832097, acc: 51.80, bacc: 35.12, tmp_test_f1: 24.51, f1: 26.54
epoch: 462, val_loss:1.822533, acc: 51.80, bacc: 35.12, tmp_test_f1: 24.97, f1: 26.54
epoch: 463, val_loss:1.823824, acc: 51.80, bacc: 35.12, tmp_test_f1: 24.88, f1: 26.54
epoch: 464, val_loss:1.825716, acc: 51.80, bacc: 35.12, tmp_test_f1: 24.25, f1: 26.54
epoch: 465, val_loss:1.829139, acc: 51.80, bacc: 35.12, tmp_test_f1: 24.13, f1: 26.54
epoch: 466, val_loss:1.840733, acc: 51.80, bacc: 35.12, tmp_test_f1: 24.27, f1: 26.54
epoch: 467, val_loss:1.829574, acc: 51.80, bacc: 35.12, tmp_test_f1: 24.74, f1: 26.54
epoch: 468, val_loss:1.825172, acc: 51.80, bacc: 35.12, tmp_test_f1: 24.80, f1: 26.54
epoch: 469, val_loss:1.828246, acc: 51.80, bacc: 35.12, tmp_test_f1: 24.33, f1: 26.54
epoch: 470, val_loss:1.822353, acc: 51.80, bacc: 35.12, tmp_test_f1: 24.23, f1: 26.54
epoch: 471, val_loss:1.824294, acc: 51.80, bacc: 35.12, tmp_test_f1: 24.23, f1: 26.54
epoch: 472, val_loss:1.824626, acc: 51.80, bacc: 35.12, tmp_test_f1: 24.13, f1: 26.54
epoch: 473, val_loss:1.823070, acc: 51.80, bacc: 35.12, tmp_test_f1: 24.86, f1: 26.54
epoch: 474, val_loss:1.830327, acc: 51.80, bacc: 35.12, tmp_test_f1: 24.67, f1: 26.54
epoch: 475, val_loss:1.828813, acc: 51.80, bacc: 35.12, tmp_test_f1: 24.40, f1: 26.54
epoch: 476, val_loss:1.828261, acc: 51.80, bacc: 35.12, tmp_test_f1: 24.01, f1: 26.54
epoch: 477, val_loss:1.832102, acc: 51.80, bacc: 35.12, tmp_test_f1: 24.28, f1: 26.54
epoch: 478, val_loss:1.829443, acc: 51.80, bacc: 35.12, tmp_test_f1: 24.91, f1: 26.54
epoch: 479, val_loss:1.836913, acc: 51.80, bacc: 35.12, tmp_test_f1: 24.75, f1: 26.54
epoch: 480, val_loss:1.838857, acc: 51.80, bacc: 35.12, tmp_test_f1: 24.36, f1: 26.54
epoch: 481, val_loss:1.839512, acc: 51.80, bacc: 35.12, tmp_test_f1: 24.31, f1: 26.54
epoch: 482, val_loss:1.847407, acc: 51.80, bacc: 35.12, tmp_test_f1: 24.45, f1: 26.54
epoch: 483, val_loss:1.845180, acc: 51.80, bacc: 35.12, tmp_test_f1: 24.47, f1: 26.54
epoch: 484, val_loss:1.853965, acc: 51.80, bacc: 35.12, tmp_test_f1: 24.53, f1: 26.54
epoch: 485, val_loss:1.850061, acc: 51.80, bacc: 35.12, tmp_test_f1: 24.29, f1: 26.54
epoch: 486, val_loss:1.852847, acc: 51.80, bacc: 35.12, tmp_test_f1: 24.28, f1: 26.54
epoch: 487, val_loss:1.853387, acc: 51.80, bacc: 35.12, tmp_test_f1: 24.31, f1: 26.54
epoch: 488, val_loss:1.850090, acc: 51.80, bacc: 35.12, tmp_test_f1: 24.63, f1: 26.54
epoch: 489, val_loss:1.853823, acc: 51.80, bacc: 35.12, tmp_test_f1: 24.36, f1: 26.54
epoch: 490, val_loss:1.850220, acc: 51.80, bacc: 35.12, tmp_test_f1: 24.11, f1: 26.54
epoch: 491, val_loss:1.854831, acc: 51.80, bacc: 35.12, tmp_test_f1: 23.96, f1: 26.54
epoch: 492, val_loss:1.856617, acc: 51.80, bacc: 35.12, tmp_test_f1: 24.12, f1: 26.54
epoch: 493, val_loss:1.856773, acc: 51.80, bacc: 35.12, tmp_test_f1: 24.54, f1: 26.54
epoch: 494, val_loss:1.864161, acc: 51.80, bacc: 35.12, tmp_test_f1: 24.32, f1: 26.54
epoch: 495, val_loss:1.861978, acc: 51.80, bacc: 35.12, tmp_test_f1: 23.72, f1: 26.54
epoch: 496, val_loss:1.868251, acc: 51.80, bacc: 35.12, tmp_test_f1: 23.87, f1: 26.54
epoch: 497, val_loss:1.865745, acc: 51.80, bacc: 35.12, tmp_test_f1: 24.27, f1: 26.54
epoch: 498, val_loss:1.862866, acc: 51.80, bacc: 35.12, tmp_test_f1: 24.59, f1: 26.54
epoch: 499, val_loss:1.867736, acc: 51.80, bacc: 35.12, tmp_test_f1: 24.34, f1: 26.54
epoch: 500, val_loss:1.859674, acc: 51.80, bacc: 35.12, tmp_test_f1: 24.20, f1: 26.54
epoch: 501, val_loss:1.862689, acc: 51.80, bacc: 35.12, tmp_test_f1: 24.41, f1: 26.54
epoch: 502, val_loss:1.858896, acc: 51.80, bacc: 35.12, tmp_test_f1: 24.59, f1: 26.54
epoch: 503, val_loss:1.855888, acc: 51.80, bacc: 35.12, tmp_test_f1: 24.59, f1: 26.54
epoch: 504, val_loss:1.853606, acc: 51.80, bacc: 35.12, tmp_test_f1: 24.52, f1: 26.54
epoch: 505, val_loss:1.853407, acc: 51.80, bacc: 35.12, tmp_test_f1: 24.54, f1: 26.54
epoch: 506, val_loss:1.850905, acc: 51.80, bacc: 35.12, tmp_test_f1: 24.39, f1: 26.54
epoch: 507, val_loss:1.848032, acc: 51.80, bacc: 35.12, tmp_test_f1: 24.35, f1: 26.54
epoch: 508, val_loss:1.847243, acc: 51.80, bacc: 35.12, tmp_test_f1: 24.38, f1: 26.54
epoch: 509, val_loss:1.846709, acc: 51.80, bacc: 35.12, tmp_test_f1: 24.43, f1: 26.54
epoch: 510, val_loss:1.848308, acc: 51.80, bacc: 35.12, tmp_test_f1: 24.34, f1: 26.54
epoch: 511, val_loss:1.850982, acc: 51.80, bacc: 35.12, tmp_test_f1: 24.38, f1: 26.54
epoch: 512, val_loss:1.852961, acc: 51.80, bacc: 35.12, tmp_test_f1: 24.45, f1: 26.54
epoch: 513, val_loss:1.855870, acc: 51.80, bacc: 35.12, tmp_test_f1: 24.37, f1: 26.54
epoch: 514, val_loss:1.858534, acc: 51.80, bacc: 35.12, tmp_test_f1: 24.52, f1: 26.54
epoch: 515, val_loss:1.861082, acc: 51.80, bacc: 35.12, tmp_test_f1: 24.64, f1: 26.54
epoch: 516, val_loss:1.862234, acc: 51.80, bacc: 35.12, tmp_test_f1: 24.59, f1: 26.54
epoch: 517, val_loss:1.865229, acc: 51.80, bacc: 35.12, tmp_test_f1: 24.55, f1: 26.54
epoch: 518, val_loss:1.864457, acc: 51.80, bacc: 35.12, tmp_test_f1: 24.49, f1: 26.54
epoch: 519, val_loss:1.867154, acc: 51.80, bacc: 35.12, tmp_test_f1: 24.30, f1: 26.54
epoch: 520, val_loss:1.869044, acc: 51.80, bacc: 35.12, tmp_test_f1: 24.39, f1: 26.54
epoch: 521, val_loss:1.870295, acc: 51.80, bacc: 35.12, tmp_test_f1: 24.50, f1: 26.54
epoch: 522, val_loss:1.870381, acc: 51.80, bacc: 35.12, tmp_test_f1: 24.35, f1: 26.54
epoch: 523, val_loss:1.867036, acc: 51.80, bacc: 35.12, tmp_test_f1: 24.27, f1: 26.54
epoch: 524, val_loss:1.865827, acc: 51.80, bacc: 35.12, tmp_test_f1: 24.51, f1: 26.54
epoch: 525, val_loss:1.867188, acc: 51.80, bacc: 35.12, tmp_test_f1: 24.41, f1: 26.54
epoch: 526, val_loss:1.866340, acc: 51.80, bacc: 35.12, tmp_test_f1: 24.04, f1: 26.54
epoch: 527, val_loss:1.863788, acc: 51.80, bacc: 35.12, tmp_test_f1: 24.02, f1: 26.54
epoch: 528, val_loss:1.865118, acc: 51.80, bacc: 35.12, tmp_test_f1: 24.29, f1: 26.54
epoch: 529, val_loss:1.864003, acc: 51.80, bacc: 35.12, tmp_test_f1: 24.51, f1: 26.54
epoch: 530, val_loss:1.870458, acc: 51.80, bacc: 35.12, tmp_test_f1: 24.40, f1: 26.54
epoch: 531, val_loss:1.867328, acc: 51.80, bacc: 35.12, tmp_test_f1: 24.00, f1: 26.54
epoch: 532, val_loss:1.866645, acc: 51.80, bacc: 35.12, tmp_test_f1: 23.81, f1: 26.54
epoch: 533, val_loss:1.866459, acc: 51.80, bacc: 35.12, tmp_test_f1: 24.49, f1: 26.54
epoch: 534, val_loss:1.864967, acc: 51.80, bacc: 35.12, tmp_test_f1: 24.55, f1: 26.54
epoch: 535, val_loss:1.867083, acc: 51.80, bacc: 35.12, tmp_test_f1: 24.04, f1: 26.54
epoch: 536, val_loss:1.864109, acc: 51.80, bacc: 35.12, tmp_test_f1: 24.07, f1: 26.54
epoch: 537, val_loss:1.864754, acc: 51.80, bacc: 35.12, tmp_test_f1: 24.24, f1: 26.54
epoch: 538, val_loss:1.865148, acc: 51.80, bacc: 35.12, tmp_test_f1: 24.45, f1: 26.54
epoch: 539, val_loss:1.867699, acc: 51.80, bacc: 35.12, tmp_test_f1: 24.20, f1: 26.54
epoch: 540, val_loss:1.866430, acc: 51.80, bacc: 35.12, tmp_test_f1: 24.11, f1: 26.54
epoch: 541, val_loss:1.864399, acc: 51.80, bacc: 35.12, tmp_test_f1: 24.30, f1: 26.54
epoch: 542, val_loss:1.862913, acc: 51.80, bacc: 35.12, tmp_test_f1: 24.33, f1: 26.54
epoch: 543, val_loss:1.863200, acc: 51.80, bacc: 35.12, tmp_test_f1: 24.40, f1: 26.54
epoch: 544, val_loss:1.860757, acc: 51.80, bacc: 35.12, tmp_test_f1: 24.19, f1: 26.54
epoch: 545, val_loss:1.860600, acc: 51.80, bacc: 35.12, tmp_test_f1: 24.36, f1: 26.54
epoch: 546, val_loss:1.860925, acc: 51.80, bacc: 35.12, tmp_test_f1: 24.38, f1: 26.54
epoch: 547, val_loss:1.861683, acc: 51.80, bacc: 35.12, tmp_test_f1: 24.32, f1: 26.54
epoch: 548, val_loss:1.863460, acc: 51.80, bacc: 35.12, tmp_test_f1: 24.18, f1: 26.54
epoch: 549, val_loss:1.867178, acc: 51.80, bacc: 35.12, tmp_test_f1: 24.27, f1: 26.54
epoch: 550, val_loss:1.866780, acc: 51.80, bacc: 35.12, tmp_test_f1: 24.32, f1: 26.54
epoch: 551, val_loss:1.870576, acc: 51.80, bacc: 35.12, tmp_test_f1: 24.19, f1: 26.54
epoch: 552, val_loss:1.871536, acc: 51.80, bacc: 35.12, tmp_test_f1: 23.72, f1: 26.54
epoch: 553, val_loss:1.875812, acc: 51.80, bacc: 35.12, tmp_test_f1: 24.17, f1: 26.54
epoch: 554, val_loss:1.870162, acc: 51.80, bacc: 35.12, tmp_test_f1: 24.45, f1: 26.54
epoch: 555, val_loss:1.870436, acc: 51.80, bacc: 35.12, tmp_test_f1: 24.38, f1: 26.54
epoch: 556, val_loss:1.869020, acc: 51.80, bacc: 35.12, tmp_test_f1: 23.89, f1: 26.54
epoch: 557, val_loss:1.870548, acc: 51.80, bacc: 35.12, tmp_test_f1: 23.96, f1: 26.54
epoch: 558, val_loss:1.870427, acc: 51.80, bacc: 35.12, tmp_test_f1: 24.64, f1: 26.54
epoch: 559, val_loss:1.868373, acc: 51.80, bacc: 35.12, tmp_test_f1: 24.56, f1: 26.54
epoch: 560, val_loss:1.869832, acc: 51.80, bacc: 35.12, tmp_test_f1: 24.22, f1: 26.54
epoch: 561, val_loss:1.872135, acc: 51.80, bacc: 35.12, tmp_test_f1: 24.46, f1: 26.54
epoch: 562, val_loss:1.871710, acc: 51.80, bacc: 35.12, tmp_test_f1: 24.41, f1: 26.54
epoch: 563, val_loss:1.873313, acc: 51.80, bacc: 35.12, tmp_test_f1: 24.50, f1: 26.54
epoch: 564, val_loss:1.870980, acc: 51.80, bacc: 35.12, tmp_test_f1: 24.42, f1: 26.54
epoch: 565, val_loss:1.870509, acc: 51.80, bacc: 35.12, tmp_test_f1: 24.41, f1: 26.54
epoch: 566, val_loss:1.868429, acc: 51.80, bacc: 35.12, tmp_test_f1: 24.36, f1: 26.54
epoch: 567, val_loss:1.863378, acc: 51.80, bacc: 35.12, tmp_test_f1: 24.32, f1: 26.54
epoch: 568, val_loss:1.862306, acc: 51.80, bacc: 35.12, tmp_test_f1: 24.15, f1: 26.54
epoch: 569, val_loss:1.861434, acc: 51.80, bacc: 35.12, tmp_test_f1: 24.36, f1: 26.54
epoch: 570, val_loss:1.863522, acc: 51.80, bacc: 35.12, tmp_test_f1: 24.31, f1: 26.54
epoch: 571, val_loss:1.860389, acc: 51.80, bacc: 35.12, tmp_test_f1: 24.14, f1: 26.54
epoch: 572, val_loss:1.860127, acc: 51.80, bacc: 35.12, tmp_test_f1: 24.18, f1: 26.54
epoch: 573, val_loss:1.858759, acc: 51.80, bacc: 35.12, tmp_test_f1: 24.34, f1: 26.54
epoch: 574, val_loss:1.858897, acc: 51.80, bacc: 35.12, tmp_test_f1: 24.33, f1: 26.54
epoch: 575, val_loss:1.859274, acc: 51.80, bacc: 35.12, tmp_test_f1: 24.19, f1: 26.54
epoch: 576, val_loss:1.860915, acc: 51.80, bacc: 35.12, tmp_test_f1: 24.13, f1: 26.54
epoch: 577, val_loss:1.864648, acc: 51.80, bacc: 35.12, tmp_test_f1: 24.44, f1: 26.54
epoch: 578, val_loss:1.868379, acc: 51.80, bacc: 35.12, tmp_test_f1: 24.21, f1: 26.54
epoch: 579, val_loss:1.870875, acc: 51.80, bacc: 35.12, tmp_test_f1: 24.14, f1: 26.54
epoch: 580, val_loss:1.869475, acc: 51.80, bacc: 35.12, tmp_test_f1: 24.12, f1: 26.54
epoch: 581, val_loss:1.866984, acc: 51.80, bacc: 35.12, tmp_test_f1: 24.28, f1: 26.54
epoch: 582, val_loss:1.862948, acc: 51.80, bacc: 35.12, tmp_test_f1: 24.17, f1: 26.54
epoch: 583, val_loss:1.861155, acc: 51.80, bacc: 35.12, tmp_test_f1: 24.32, f1: 26.54
epoch: 584, val_loss:1.858974, acc: 51.80, bacc: 35.12, tmp_test_f1: 24.53, f1: 26.54
epoch: 585, val_loss:1.858830, acc: 51.80, bacc: 35.12, tmp_test_f1: 24.27, f1: 26.54
epoch: 586, val_loss:1.858240, acc: 51.80, bacc: 35.12, tmp_test_f1: 24.42, f1: 26.54
epoch: 587, val_loss:1.859087, acc: 51.80, bacc: 35.12, tmp_test_f1: 24.31, f1: 26.54
epoch: 588, val_loss:1.859480, acc: 51.80, bacc: 35.12, tmp_test_f1: 24.38, f1: 26.54
epoch: 589, val_loss:1.860829, acc: 51.80, bacc: 35.12, tmp_test_f1: 24.38, f1: 26.54
epoch: 590, val_loss:1.859781, acc: 51.80, bacc: 35.12, tmp_test_f1: 24.32, f1: 26.54
epoch: 591, val_loss:1.860437, acc: 51.80, bacc: 35.12, tmp_test_f1: 24.39, f1: 26.54
epoch: 592, val_loss:1.860761, acc: 51.80, bacc: 35.12, tmp_test_f1: 24.03, f1: 26.54
epoch: 593, val_loss:1.862429, acc: 51.80, bacc: 35.12, tmp_test_f1: 23.96, f1: 26.54
epoch: 594, val_loss:1.862094, acc: 51.80, bacc: 35.12, tmp_test_f1: 24.54, f1: 26.54
epoch: 595, val_loss:1.860582, acc: 51.80, bacc: 35.12, tmp_test_f1: 24.29, f1: 26.54
epoch: 596, val_loss:1.861088, acc: 51.80, bacc: 35.12, tmp_test_f1: 23.78, f1: 26.54
epoch: 597, val_loss:1.874599, acc: 51.80, bacc: 35.12, tmp_test_f1: 24.14, f1: 26.54
epoch: 598, val_loss:1.862771, acc: 51.80, bacc: 35.12, tmp_test_f1: 24.58, f1: 26.54
epoch: 599, val_loss:1.869597, acc: 51.80, bacc: 35.12, tmp_test_f1: 24.14, f1: 26.54
epoch: 600, val_loss:1.865238, acc: 51.80, bacc: 35.12, tmp_test_f1: 24.16, f1: 26.54
epoch: 601, val_loss:1.871279, acc: 51.80, bacc: 35.12, tmp_test_f1: 24.25, f1: 26.54
epoch: 602, val_loss:1.865471, acc: 51.80, bacc: 35.12, tmp_test_f1: 24.55, f1: 26.54
epoch: 603, val_loss:1.866894, acc: 51.80, bacc: 35.12, tmp_test_f1: 24.30, f1: 26.54
epoch: 604, val_loss:1.863034, acc: 51.80, bacc: 35.12, tmp_test_f1: 24.06, f1: 26.54
epoch: 605, val_loss:1.867932, acc: 51.80, bacc: 35.12, tmp_test_f1: 24.10, f1: 26.54
epoch: 606, val_loss:1.865862, acc: 51.80, bacc: 35.12, tmp_test_f1: 24.19, f1: 26.54
epoch: 607, val_loss:1.864650, acc: 51.80, bacc: 35.12, tmp_test_f1: 24.19, f1: 26.54
epoch: 608, val_loss:1.862167, acc: 51.80, bacc: 35.12, tmp_test_f1: 24.15, f1: 26.54
epoch: 609, val_loss:1.863894, acc: 51.80, bacc: 35.12, tmp_test_f1: 24.03, f1: 26.54
epoch: 610, val_loss:1.864625, acc: 51.80, bacc: 35.12, tmp_test_f1: 24.08, f1: 26.54
epoch: 611, val_loss:1.868358, acc: 51.80, bacc: 35.12, tmp_test_f1: 24.27, f1: 26.54
epoch: 612, val_loss:1.870471, acc: 51.80, bacc: 35.12, tmp_test_f1: 24.19, f1: 26.54
epoch: 613, val_loss:1.873216, acc: 51.80, bacc: 35.12, tmp_test_f1: 24.10, f1: 26.54
epoch: 614, val_loss:1.872545, acc: 51.80, bacc: 35.12, tmp_test_f1: 24.21, f1: 26.54
epoch: 615, val_loss:1.871357, acc: 51.80, bacc: 35.12, tmp_test_f1: 24.42, f1: 26.54
epoch: 616, val_loss:1.874152, acc: 51.80, bacc: 35.12, tmp_test_f1: 24.34, f1: 26.54
epoch: 617, val_loss:1.875206, acc: 51.80, bacc: 35.12, tmp_test_f1: 24.24, f1: 26.54
epoch: 618, val_loss:1.871701, acc: 51.80, bacc: 35.12, tmp_test_f1: 24.34, f1: 26.54
epoch: 619, val_loss:1.877560, acc: 51.80, bacc: 35.12, tmp_test_f1: 24.00, f1: 26.54
epoch: 620, val_loss:1.890579, acc: 51.80, bacc: 35.12, tmp_test_f1: 24.37, f1: 26.54
epoch: 621, val_loss:1.879331, acc: 51.80, bacc: 35.12, tmp_test_f1: 24.43, f1: 26.54
epoch: 622, val_loss:1.882694, acc: 51.80, bacc: 35.12, tmp_test_f1: 24.08, f1: 26.54
epoch: 623, val_loss:1.883537, acc: 51.80, bacc: 35.12, tmp_test_f1: 24.03, f1: 26.54
epoch: 624, val_loss:1.891492, acc: 51.80, bacc: 35.12, tmp_test_f1: 24.34, f1: 26.54
epoch: 625, val_loss:1.892435, acc: 51.80, bacc: 35.12, tmp_test_f1: 24.33, f1: 26.54
epoch: 626, val_loss:1.895069, acc: 51.80, bacc: 35.12, tmp_test_f1: 23.88, f1: 26.54
epoch: 627, val_loss:1.896784, acc: 51.80, bacc: 35.12, tmp_test_f1: 23.95, f1: 26.54
epoch: 628, val_loss:1.894692, acc: 51.80, bacc: 35.12, tmp_test_f1: 24.25, f1: 26.54
epoch: 629, val_loss:1.890798, acc: 51.80, bacc: 35.12, tmp_test_f1: 24.16, f1: 26.54
epoch: 630, val_loss:1.886315, acc: 51.80, bacc: 35.12, tmp_test_f1: 24.16, f1: 26.54
epoch: 631, val_loss:1.882861, acc: 51.80, bacc: 35.12, tmp_test_f1: 24.33, f1: 26.54
epoch: 632, val_loss:1.880093, acc: 51.80, bacc: 35.12, tmp_test_f1: 24.36, f1: 26.54
epoch: 633, val_loss:1.876274, acc: 51.80, bacc: 35.12, tmp_test_f1: 24.24, f1: 26.54
epoch: 634, val_loss:1.880104, acc: 51.80, bacc: 35.12, tmp_test_f1: 24.27, f1: 26.54
epoch: 635, val_loss:1.877084, acc: 51.80, bacc: 35.12, tmp_test_f1: 24.59, f1: 26.54
epoch: 636, val_loss:1.874461, acc: 51.80, bacc: 35.12, tmp_test_f1: 24.56, f1: 26.54
epoch: 637, val_loss:1.873769, acc: 51.80, bacc: 35.12, tmp_test_f1: 24.08, f1: 26.54
epoch: 638, val_loss:1.880464, acc: 51.80, bacc: 35.12, tmp_test_f1: 24.55, f1: 26.54
Epoch 00639: reducing learning rate of group 0 to 2.5000e-02.
epoch: 639, val_loss:1.873022, acc: 51.80, bacc: 35.12, tmp_test_f1: 24.46, f1: 26.54
epoch: 640, val_loss:1.874472, acc: 51.80, bacc: 35.12, tmp_test_f1: 24.49, f1: 26.54
epoch: 641, val_loss:1.870408, acc: 51.80, bacc: 35.12, tmp_test_f1: 24.19, f1: 26.54
epoch: 642, val_loss:1.869639, acc: 51.80, bacc: 35.12, tmp_test_f1: 24.11, f1: 26.54
epoch: 643, val_loss:1.872344, acc: 51.80, bacc: 35.12, tmp_test_f1: 24.20, f1: 26.54
epoch: 644, val_loss:1.867325, acc: 51.80, bacc: 35.12, tmp_test_f1: 24.52, f1: 26.54
epoch: 645, val_loss:1.867869, acc: 51.80, bacc: 35.12, tmp_test_f1: 24.46, f1: 26.54
epoch: 646, val_loss:1.870857, acc: 51.80, bacc: 35.12, tmp_test_f1: 24.50, f1: 26.54
epoch: 647, val_loss:1.868664, acc: 51.80, bacc: 35.12, tmp_test_f1: 24.64, f1: 26.54
epoch: 648, val_loss:1.870609, acc: 51.80, bacc: 35.12, tmp_test_f1: 24.35, f1: 26.54
epoch: 649, val_loss:1.873836, acc: 51.80, bacc: 35.12, tmp_test_f1: 24.51, f1: 26.54
epoch: 650, val_loss:1.874342, acc: 51.80, bacc: 35.12, tmp_test_f1: 24.61, f1: 26.54
epoch: 651, val_loss:1.877764, acc: 51.80, bacc: 35.12, tmp_test_f1: 24.44, f1: 26.54
epoch: 652, val_loss:1.879901, acc: 51.80, bacc: 35.12, tmp_test_f1: 24.49, f1: 26.54
epoch: 653, val_loss:1.883891, acc: 51.80, bacc: 35.12, tmp_test_f1: 24.32, f1: 26.54
epoch: 654, val_loss:1.889272, acc: 51.80, bacc: 35.12, tmp_test_f1: 24.30, f1: 26.54
epoch: 655, val_loss:1.891373, acc: 51.80, bacc: 35.12, tmp_test_f1: 24.36, f1: 26.54
epoch: 656, val_loss:1.892926, acc: 51.80, bacc: 35.12, tmp_test_f1: 24.27, f1: 26.54
epoch: 657, val_loss:1.892756, acc: 51.80, bacc: 35.12, tmp_test_f1: 24.30, f1: 26.54
epoch: 658, val_loss:1.891503, acc: 51.80, bacc: 35.12, tmp_test_f1: 24.10, f1: 26.54
epoch: 659, val_loss:1.891610, acc: 51.80, bacc: 35.12, tmp_test_f1: 24.09, f1: 26.54
epoch: 660, val_loss:1.892230, acc: 51.80, bacc: 35.12, tmp_test_f1: 24.23, f1: 26.54
epoch: 661, val_loss:1.889378, acc: 51.80, bacc: 35.12, tmp_test_f1: 24.32, f1: 26.54
epoch: 662, val_loss:1.889138, acc: 51.80, bacc: 35.12, tmp_test_f1: 24.30, f1: 26.54
epoch: 663, val_loss:1.886940, acc: 51.80, bacc: 35.12, tmp_test_f1: 24.22, f1: 26.54
epoch: 664, val_loss:1.885133, acc: 51.80, bacc: 35.12, tmp_test_f1: 24.08, f1: 26.54
epoch: 665, val_loss:1.883540, acc: 51.80, bacc: 35.12, tmp_test_f1: 24.34, f1: 26.54
epoch: 666, val_loss:1.879639, acc: 51.80, bacc: 35.12, tmp_test_f1: 24.49, f1: 26.54
epoch: 667, val_loss:1.876460, acc: 51.80, bacc: 35.12, tmp_test_f1: 24.39, f1: 26.54
epoch: 668, val_loss:1.874577, acc: 51.80, bacc: 35.12, tmp_test_f1: 24.20, f1: 26.54
epoch: 669, val_loss:1.874619, acc: 51.80, bacc: 35.12, tmp_test_f1: 24.28, f1: 26.54
epoch: 670, val_loss:1.872956, acc: 51.80, bacc: 35.12, tmp_test_f1: 24.42, f1: 26.54
epoch: 671, val_loss:1.871994, acc: 51.80, bacc: 35.12, tmp_test_f1: 24.35, f1: 26.54
epoch: 672, val_loss:1.872772, acc: 51.80, bacc: 35.12, tmp_test_f1: 24.34, f1: 26.54
epoch: 673, val_loss:1.874378, acc: 51.80, bacc: 35.12, tmp_test_f1: 24.31, f1: 26.54
epoch: 674, val_loss:1.877156, acc: 51.80, bacc: 35.12, tmp_test_f1: 24.39, f1: 26.54
epoch: 675, val_loss:1.880406, acc: 51.80, bacc: 35.12, tmp_test_f1: 24.27, f1: 26.54
epoch: 676, val_loss:1.883108, acc: 51.80, bacc: 35.12, tmp_test_f1: 24.42, f1: 26.54
epoch: 677, val_loss:1.884991, acc: 51.80, bacc: 35.12, tmp_test_f1: 24.57, f1: 26.54
epoch: 678, val_loss:1.886618, acc: 51.80, bacc: 35.12, tmp_test_f1: 24.43, f1: 26.54
epoch: 679, val_loss:1.888303, acc: 51.80, bacc: 35.12, tmp_test_f1: 24.49, f1: 26.54
epoch: 680, val_loss:1.888966, acc: 51.80, bacc: 35.12, tmp_test_f1: 24.33, f1: 26.54
epoch: 681, val_loss:1.889270, acc: 51.80, bacc: 35.12, tmp_test_f1: 24.33, f1: 26.54
epoch: 682, val_loss:1.890443, acc: 51.80, bacc: 35.12, tmp_test_f1: 24.42, f1: 26.54
epoch: 683, val_loss:1.890879, acc: 51.80, bacc: 35.12, tmp_test_f1: 24.46, f1: 26.54
epoch: 684, val_loss:1.893490, acc: 51.80, bacc: 35.12, tmp_test_f1: 24.50, f1: 26.54
epoch: 685, val_loss:1.891620, acc: 51.80, bacc: 35.12, tmp_test_f1: 24.28, f1: 26.54
epoch: 686, val_loss:1.894270, acc: 51.80, bacc: 35.12, tmp_test_f1: 24.28, f1: 26.54
epoch: 687, val_loss:1.893370, acc: 51.80, bacc: 35.12, tmp_test_f1: 24.34, f1: 26.54
epoch: 688, val_loss:1.889448, acc: 51.80, bacc: 35.12, tmp_test_f1: 24.44, f1: 26.54
epoch: 689, val_loss:1.888873, acc: 51.80, bacc: 35.12, tmp_test_f1: 24.53, f1: 26.54
epoch: 690, val_loss:1.887487, acc: 51.80, bacc: 35.12, tmp_test_f1: 24.30, f1: 26.54
epoch: 691, val_loss:1.885509, acc: 51.80, bacc: 35.12, tmp_test_f1: 24.10, f1: 26.54
epoch: 692, val_loss:1.886290, acc: 51.80, bacc: 35.12, tmp_test_f1: 24.21, f1: 26.54
epoch: 693, val_loss:1.883747, acc: 51.80, bacc: 35.12, tmp_test_f1: 24.25, f1: 26.54
epoch: 694, val_loss:1.881702, acc: 51.80, bacc: 35.12, tmp_test_f1: 24.52, f1: 26.54
epoch: 695, val_loss:1.881824, acc: 51.80, bacc: 35.12, tmp_test_f1: 24.40, f1: 26.54
epoch: 696, val_loss:1.882614, acc: 51.80, bacc: 35.12, tmp_test_f1: 24.32, f1: 26.54
epoch: 697, val_loss:1.884754, acc: 51.80, bacc: 35.12, tmp_test_f1: 24.16, f1: 26.54
epoch: 698, val_loss:1.886592, acc: 51.80, bacc: 35.12, tmp_test_f1: 24.05, f1: 26.54
epoch: 699, val_loss:1.890310, acc: 51.80, bacc: 35.12, tmp_test_f1: 24.08, f1: 26.54
epoch: 700, val_loss:1.891725, acc: 51.80, bacc: 35.12, tmp_test_f1: 24.13, f1: 26.54
epoch: 701, val_loss:1.893983, acc: 51.80, bacc: 35.12, tmp_test_f1: 24.13, f1: 26.54
epoch: 702, val_loss:1.894868, acc: 51.80, bacc: 35.12, tmp_test_f1: 24.15, f1: 26.54
epoch: 703, val_loss:1.894890, acc: 51.80, bacc: 35.12, tmp_test_f1: 24.08, f1: 26.54
epoch: 704, val_loss:1.894467, acc: 51.80, bacc: 35.12, tmp_test_f1: 24.09, f1: 26.54
epoch: 705, val_loss:1.893187, acc: 51.80, bacc: 35.12, tmp_test_f1: 24.14, f1: 26.54
epoch: 706, val_loss:1.892910, acc: 51.80, bacc: 35.12, tmp_test_f1: 24.09, f1: 26.54
epoch: 707, val_loss:1.893710, acc: 51.80, bacc: 35.12, tmp_test_f1: 24.06, f1: 26.54
epoch: 708, val_loss:1.894423, acc: 51.80, bacc: 35.12, tmp_test_f1: 24.11, f1: 26.54
epoch: 709, val_loss:1.895879, acc: 51.80, bacc: 35.12, tmp_test_f1: 24.16, f1: 26.54
epoch: 710, val_loss:1.896505, acc: 51.80, bacc: 35.12, tmp_test_f1: 24.23, f1: 26.54
epoch: 711, val_loss:1.896442, acc: 51.80, bacc: 35.12, tmp_test_f1: 24.32, f1: 26.54
epoch: 712, val_loss:1.898111, acc: 51.80, bacc: 35.12, tmp_test_f1: 24.19, f1: 26.54
epoch: 713, val_loss:1.899775, acc: 51.80, bacc: 35.12, tmp_test_f1: 24.10, f1: 26.54
epoch: 714, val_loss:1.904161, acc: 51.80, bacc: 35.12, tmp_test_f1: 24.16, f1: 26.54
epoch: 715, val_loss:1.902303, acc: 51.80, bacc: 35.12, tmp_test_f1: 24.36, f1: 26.54
epoch: 716, val_loss:1.896597, acc: 51.80, bacc: 35.12, tmp_test_f1: 24.41, f1: 26.54
epoch: 717, val_loss:1.894552, acc: 51.80, bacc: 35.12, tmp_test_f1: 24.39, f1: 26.54
epoch: 718, val_loss:1.894216, acc: 51.80, bacc: 35.12, tmp_test_f1: 24.00, f1: 26.54
epoch: 719, val_loss:1.896577, acc: 51.80, bacc: 35.12, tmp_test_f1: 24.23, f1: 26.54
epoch: 720, val_loss:1.889577, acc: 51.80, bacc: 35.12, tmp_test_f1: 24.34, f1: 26.54
epoch: 721, val_loss:1.881747, acc: 51.80, bacc: 35.12, tmp_test_f1: 24.38, f1: 26.54
epoch: 722, val_loss:1.879161, acc: 51.80, bacc: 35.12, tmp_test_f1: 24.17, f1: 26.54
epoch: 723, val_loss:1.879458, acc: 51.80, bacc: 35.12, tmp_test_f1: 24.16, f1: 26.54
epoch: 724, val_loss:1.879810, acc: 51.80, bacc: 35.12, tmp_test_f1: 24.13, f1: 26.54
epoch: 725, val_loss:1.877142, acc: 51.80, bacc: 35.12, tmp_test_f1: 24.21, f1: 26.54
epoch: 726, val_loss:1.876320, acc: 51.80, bacc: 35.12, tmp_test_f1: 24.29, f1: 26.54
epoch: 727, val_loss:1.876232, acc: 51.80, bacc: 35.12, tmp_test_f1: 24.27, f1: 26.54
epoch: 728, val_loss:1.878053, acc: 51.80, bacc: 35.12, tmp_test_f1: 24.12, f1: 26.54
epoch: 729, val_loss:1.880540, acc: 51.80, bacc: 35.12, tmp_test_f1: 24.08, f1: 26.54
epoch: 730, val_loss:1.882103, acc: 51.80, bacc: 35.12, tmp_test_f1: 24.13, f1: 26.54
epoch: 731, val_loss:1.881829, acc: 51.80, bacc: 35.12, tmp_test_f1: 24.25, f1: 26.54
epoch: 732, val_loss:1.880796, acc: 51.80, bacc: 35.12, tmp_test_f1: 24.33, f1: 26.54
epoch: 733, val_loss:1.879644, acc: 51.80, bacc: 35.12, tmp_test_f1: 24.25, f1: 26.54
epoch: 734, val_loss:1.877977, acc: 51.80, bacc: 35.12, tmp_test_f1: 24.26, f1: 26.54
epoch: 735, val_loss:1.874992, acc: 51.80, bacc: 35.12, tmp_test_f1: 24.36, f1: 26.54
epoch: 736, val_loss:1.872456, acc: 51.80, bacc: 35.12, tmp_test_f1: 24.18, f1: 26.54
epoch: 737, val_loss:1.871620, acc: 51.80, bacc: 35.12, tmp_test_f1: 24.05, f1: 26.54
epoch: 738, val_loss:1.872824, acc: 51.80, bacc: 35.12, tmp_test_f1: 24.20, f1: 26.54
epoch: 739, val_loss:1.872907, acc: 51.80, bacc: 35.12, tmp_test_f1: 24.29, f1: 26.54
epoch: 740, val_loss:1.874792, acc: 51.80, bacc: 35.12, tmp_test_f1: 24.28, f1: 26.54
epoch: 741, val_loss:1.877404, acc: 51.80, bacc: 35.12, tmp_test_f1: 24.20, f1: 26.54
epoch: 742, val_loss:1.881167, acc: 51.80, bacc: 35.12, tmp_test_f1: 24.27, f1: 26.54
epoch: 743, val_loss:1.886391, acc: 51.80, bacc: 35.12, tmp_test_f1: 24.27, f1: 26.54
epoch: 744, val_loss:1.890682, acc: 51.80, bacc: 35.12, tmp_test_f1: 24.27, f1: 26.54
epoch: 745, val_loss:1.896310, acc: 51.80, bacc: 35.12, tmp_test_f1: 24.37, f1: 26.54
epoch: 746, val_loss:1.902364, acc: 51.80, bacc: 35.12, tmp_test_f1: 24.36, f1: 26.54
epoch: 747, val_loss:1.908177, acc: 51.80, bacc: 35.12, tmp_test_f1: 24.44, f1: 26.54
epoch: 748, val_loss:1.912105, acc: 51.80, bacc: 35.12, tmp_test_f1: 24.45, f1: 26.54
epoch: 749, val_loss:1.912542, acc: 51.80, bacc: 35.12, tmp_test_f1: 24.37, f1: 26.54
epoch: 750, val_loss:1.912606, acc: 51.80, bacc: 35.12, tmp_test_f1: 24.41, f1: 26.54
epoch: 751, val_loss:1.909767, acc: 51.80, bacc: 35.12, tmp_test_f1: 24.42, f1: 26.54
epoch: 752, val_loss:1.905670, acc: 51.80, bacc: 35.12, tmp_test_f1: 24.31, f1: 26.54
epoch: 753, val_loss:1.904249, acc: 51.80, bacc: 35.12, tmp_test_f1: 24.38, f1: 26.54
epoch: 754, val_loss:1.900960, acc: 51.80, bacc: 35.12, tmp_test_f1: 24.43, f1: 26.54
epoch: 755, val_loss:1.897209, acc: 51.80, bacc: 35.12, tmp_test_f1: 24.53, f1: 26.54
epoch: 756, val_loss:1.894696, acc: 51.80, bacc: 35.12, tmp_test_f1: 24.44, f1: 26.54
epoch: 757, val_loss:1.892299, acc: 51.80, bacc: 35.12, tmp_test_f1: 24.53, f1: 26.54
epoch: 758, val_loss:1.892441, acc: 51.80, bacc: 35.12, tmp_test_f1: 24.49, f1: 26.54
epoch: 759, val_loss:1.888994, acc: 51.80, bacc: 35.12, tmp_test_f1: 24.43, f1: 26.54
epoch: 760, val_loss:1.884472, acc: 51.80, bacc: 35.12, tmp_test_f1: 24.45, f1: 26.54
epoch: 761, val_loss:1.880956, acc: 51.80, bacc: 35.12, tmp_test_f1: 24.30, f1: 26.54
epoch: 762, val_loss:1.881361, acc: 51.80, bacc: 35.12, tmp_test_f1: 24.21, f1: 26.54
epoch: 763, val_loss:1.883364, acc: 51.80, bacc: 35.12, tmp_test_f1: 24.01, f1: 26.54
epoch: 764, val_loss:1.884324, acc: 51.80, bacc: 35.12, tmp_test_f1: 24.32, f1: 26.54
epoch: 765, val_loss:1.883772, acc: 51.80, bacc: 35.12, tmp_test_f1: 24.34, f1: 26.54
epoch: 766, val_loss:1.887301, acc: 51.80, bacc: 35.12, tmp_test_f1: 24.21, f1: 26.54
epoch: 767, val_loss:1.885560, acc: 51.80, bacc: 35.12, tmp_test_f1: 24.19, f1: 26.54
epoch: 768, val_loss:1.884886, acc: 51.80, bacc: 35.12, tmp_test_f1: 24.04, f1: 26.54
epoch: 769, val_loss:1.884869, acc: 51.80, bacc: 35.12, tmp_test_f1: 24.11, f1: 26.54
epoch: 770, val_loss:1.882924, acc: 51.80, bacc: 35.12, tmp_test_f1: 24.20, f1: 26.54
epoch: 771, val_loss:1.882432, acc: 51.80, bacc: 35.12, tmp_test_f1: 24.22, f1: 26.54
epoch: 772, val_loss:1.884658, acc: 51.80, bacc: 35.12, tmp_test_f1: 24.22, f1: 26.54
epoch: 773, val_loss:1.885044, acc: 51.80, bacc: 35.12, tmp_test_f1: 24.07, f1: 26.54
epoch: 774, val_loss:1.888912, acc: 51.80, bacc: 35.12, tmp_test_f1: 24.11, f1: 26.54
epoch: 775, val_loss:1.890231, acc: 51.80, bacc: 35.12, tmp_test_f1: 24.22, f1: 26.54
epoch: 776, val_loss:1.891976, acc: 51.80, bacc: 35.12, tmp_test_f1: 24.18, f1: 26.54
epoch: 777, val_loss:1.894230, acc: 51.80, bacc: 35.12, tmp_test_f1: 24.20, f1: 26.54
epoch: 778, val_loss:1.896210, acc: 51.80, bacc: 35.12, tmp_test_f1: 24.25, f1: 26.54
epoch: 779, val_loss:1.897944, acc: 51.80, bacc: 35.12, tmp_test_f1: 24.15, f1: 26.54
epoch: 780, val_loss:1.898384, acc: 51.80, bacc: 35.12, tmp_test_f1: 24.27, f1: 26.54
epoch: 781, val_loss:1.897323, acc: 51.80, bacc: 35.12, tmp_test_f1: 24.30, f1: 26.54
epoch: 782, val_loss:1.897351, acc: 51.80, bacc: 35.12, tmp_test_f1: 24.18, f1: 26.54
epoch: 783, val_loss:1.900048, acc: 51.80, bacc: 35.12, tmp_test_f1: 23.99, f1: 26.54
epoch: 784, val_loss:1.901499, acc: 51.80, bacc: 35.12, tmp_test_f1: 24.06, f1: 26.54
epoch: 785, val_loss:1.902314, acc: 51.80, bacc: 35.12, tmp_test_f1: 24.24, f1: 26.54
epoch: 786, val_loss:1.900255, acc: 51.80, bacc: 35.12, tmp_test_f1: 24.25, f1: 26.54
epoch: 787, val_loss:1.898961, acc: 51.80, bacc: 35.12, tmp_test_f1: 24.11, f1: 26.54
epoch: 788, val_loss:1.899265, acc: 51.80, bacc: 35.12, tmp_test_f1: 24.03, f1: 26.54
epoch: 789, val_loss:1.899741, acc: 51.80, bacc: 35.12, tmp_test_f1: 24.16, f1: 26.54
epoch: 790, val_loss:1.895524, acc: 51.80, bacc: 35.12, tmp_test_f1: 24.44, f1: 26.54
epoch: 791, val_loss:1.893335, acc: 51.80, bacc: 35.12, tmp_test_f1: 24.27, f1: 26.54
epoch: 792, val_loss:1.891871, acc: 51.80, bacc: 35.12, tmp_test_f1: 24.03, f1: 26.54
epoch: 793, val_loss:1.894955, acc: 51.80, bacc: 35.12, tmp_test_f1: 24.25, f1: 26.54
epoch: 794, val_loss:1.893530, acc: 51.80, bacc: 35.12, tmp_test_f1: 24.38, f1: 26.54
epoch: 795, val_loss:1.891592, acc: 51.80, bacc: 35.12, tmp_test_f1: 24.51, f1: 26.54
epoch: 796, val_loss:1.891929, acc: 51.80, bacc: 35.12, tmp_test_f1: 24.50, f1: 26.54
epoch: 797, val_loss:1.892189, acc: 51.80, bacc: 35.12, tmp_test_f1: 24.27, f1: 26.54
epoch: 798, val_loss:1.892743, acc: 51.80, bacc: 35.12, tmp_test_f1: 24.16, f1: 26.54
epoch: 799, val_loss:1.894015, acc: 51.80, bacc: 35.12, tmp_test_f1: 24.20, f1: 26.54
epoch: 800, val_loss:1.895870, acc: 51.80, bacc: 35.12, tmp_test_f1: 24.26, f1: 26.54
epoch: 801, val_loss:1.896499, acc: 51.80, bacc: 35.12, tmp_test_f1: 24.34, f1: 26.54
epoch: 802, val_loss:1.896747, acc: 51.80, bacc: 35.12, tmp_test_f1: 24.22, f1: 26.54
epoch: 803, val_loss:1.895665, acc: 51.80, bacc: 35.12, tmp_test_f1: 24.18, f1: 26.54
epoch: 804, val_loss:1.895413, acc: 51.80, bacc: 35.12, tmp_test_f1: 24.05, f1: 26.54
epoch: 805, val_loss:1.896977, acc: 51.80, bacc: 35.12, tmp_test_f1: 24.23, f1: 26.54
epoch: 806, val_loss:1.895191, acc: 51.80, bacc: 35.12, tmp_test_f1: 24.22, f1: 26.54
epoch: 807, val_loss:1.893541, acc: 51.80, bacc: 35.12, tmp_test_f1: 24.16, f1: 26.54
epoch: 808, val_loss:1.892488, acc: 51.80, bacc: 35.12, tmp_test_f1: 24.24, f1: 26.54
epoch: 809, val_loss:1.892669, acc: 51.80, bacc: 35.12, tmp_test_f1: 24.30, f1: 26.54
epoch: 810, val_loss:1.896466, acc: 51.80, bacc: 35.12, tmp_test_f1: 24.22, f1: 26.54
epoch: 811, val_loss:1.898168, acc: 51.80, bacc: 35.12, tmp_test_f1: 24.32, f1: 26.54
epoch: 812, val_loss:1.895116, acc: 51.80, bacc: 35.12, tmp_test_f1: 24.32, f1: 26.54
epoch: 813, val_loss:1.894476, acc: 51.80, bacc: 35.12, tmp_test_f1: 24.33, f1: 26.54
epoch: 814, val_loss:1.897433, acc: 51.80, bacc: 35.12, tmp_test_f1: 24.29, f1: 26.54
epoch: 815, val_loss:1.896988, acc: 51.80, bacc: 35.12, tmp_test_f1: 24.33, f1: 26.54
epoch: 816, val_loss:1.894729, acc: 51.80, bacc: 35.12, tmp_test_f1: 24.33, f1: 26.54
epoch: 817, val_loss:1.892619, acc: 51.80, bacc: 35.12, tmp_test_f1: 24.38, f1: 26.54
epoch: 818, val_loss:1.891305, acc: 51.80, bacc: 35.12, tmp_test_f1: 24.30, f1: 26.54
epoch: 819, val_loss:1.890925, acc: 51.80, bacc: 35.12, tmp_test_f1: 24.30, f1: 26.54
epoch: 820, val_loss:1.893373, acc: 51.80, bacc: 35.12, tmp_test_f1: 24.23, f1: 26.54
epoch: 821, val_loss:1.893985, acc: 51.80, bacc: 35.12, tmp_test_f1: 24.14, f1: 26.54
epoch: 822, val_loss:1.896669, acc: 51.80, bacc: 35.12, tmp_test_f1: 24.12, f1: 26.54
epoch: 823, val_loss:1.898074, acc: 51.80, bacc: 35.12, tmp_test_f1: 24.17, f1: 26.54
epoch: 824, val_loss:1.899233, acc: 51.80, bacc: 35.12, tmp_test_f1: 24.22, f1: 26.54
epoch: 825, val_loss:1.900491, acc: 51.80, bacc: 35.12, tmp_test_f1: 24.23, f1: 26.54
epoch: 826, val_loss:1.898778, acc: 51.80, bacc: 35.12, tmp_test_f1: 24.45, f1: 26.54
epoch: 827, val_loss:1.897203, acc: 51.80, bacc: 35.12, tmp_test_f1: 24.46, f1: 26.54
epoch: 828, val_loss:1.895144, acc: 51.80, bacc: 35.12, tmp_test_f1: 24.21, f1: 26.54
epoch: 829, val_loss:1.895745, acc: 51.80, bacc: 35.12, tmp_test_f1: 24.03, f1: 26.54
epoch: 830, val_loss:1.901045, acc: 51.80, bacc: 35.12, tmp_test_f1: 24.32, f1: 26.54
epoch: 831, val_loss:1.894993, acc: 51.80, bacc: 35.12, tmp_test_f1: 24.47, f1: 26.54
epoch: 832, val_loss:1.894023, acc: 51.80, bacc: 35.12, tmp_test_f1: 24.39, f1: 26.54
epoch: 833, val_loss:1.892918, acc: 51.80, bacc: 35.12, tmp_test_f1: 24.39, f1: 26.54
epoch: 834, val_loss:1.892468, acc: 51.80, bacc: 35.12, tmp_test_f1: 24.38, f1: 26.54
epoch: 835, val_loss:1.896288, acc: 51.80, bacc: 35.12, tmp_test_f1: 24.37, f1: 26.54
epoch: 836, val_loss:1.897979, acc: 51.80, bacc: 35.12, tmp_test_f1: 24.45, f1: 26.54
epoch: 837, val_loss:1.900212, acc: 51.80, bacc: 35.12, tmp_test_f1: 24.40, f1: 26.54
epoch: 838, val_loss:1.900824, acc: 51.80, bacc: 35.12, tmp_test_f1: 24.25, f1: 26.54
epoch: 839, val_loss:1.901351, acc: 51.80, bacc: 35.12, tmp_test_f1: 24.25, f1: 26.54
Epoch 00840: reducing learning rate of group 0 to 1.2500e-02.
epoch: 840, val_loss:1.902012, acc: 51.80, bacc: 35.12, tmp_test_f1: 24.31, f1: 26.54
epoch: 841, val_loss:1.900918, acc: 51.80, bacc: 35.12, tmp_test_f1: 24.31, f1: 26.54
epoch: 842, val_loss:1.900670, acc: 51.80, bacc: 35.12, tmp_test_f1: 24.24, f1: 26.54
epoch: 843, val_loss:1.901179, acc: 51.80, bacc: 35.12, tmp_test_f1: 24.31, f1: 26.54
epoch: 844, val_loss:1.902280, acc: 51.80, bacc: 35.12, tmp_test_f1: 24.30, f1: 26.54
epoch: 845, val_loss:1.903469, acc: 51.80, bacc: 35.12, tmp_test_f1: 24.30, f1: 26.54
epoch: 846, val_loss:1.904581, acc: 51.80, bacc: 35.12, tmp_test_f1: 24.30, f1: 26.54
epoch: 847, val_loss:1.905834, acc: 51.80, bacc: 35.12, tmp_test_f1: 24.34, f1: 26.54
epoch: 848, val_loss:1.907250, acc: 51.80, bacc: 35.12, tmp_test_f1: 24.34, f1: 26.54
epoch: 849, val_loss:1.907955, acc: 51.80, bacc: 35.12, tmp_test_f1: 24.38, f1: 26.54
epoch: 850, val_loss:1.908221, acc: 51.80, bacc: 35.12, tmp_test_f1: 24.37, f1: 26.54
epoch: 851, val_loss:1.907657, acc: 51.80, bacc: 35.12, tmp_test_f1: 24.30, f1: 26.54
epoch: 852, val_loss:1.907024, acc: 51.80, bacc: 35.12, tmp_test_f1: 24.30, f1: 26.54
epoch: 853, val_loss:1.907042, acc: 51.80, bacc: 35.12, tmp_test_f1: 24.29, f1: 26.54
epoch: 854, val_loss:1.907234, acc: 51.80, bacc: 35.12, tmp_test_f1: 24.29, f1: 26.54
epoch: 855, val_loss:1.907853, acc: 51.80, bacc: 35.12, tmp_test_f1: 24.26, f1: 26.54
epoch: 856, val_loss:1.908711, acc: 51.80, bacc: 35.12, tmp_test_f1: 24.26, f1: 26.54
epoch: 857, val_loss:1.908163, acc: 51.80, bacc: 35.12, tmp_test_f1: 24.34, f1: 26.54
epoch: 858, val_loss:1.906540, acc: 51.80, bacc: 35.12, tmp_test_f1: 24.17, f1: 26.54
epoch: 859, val_loss:1.903584, acc: 51.80, bacc: 35.12, tmp_test_f1: 24.19, f1: 26.54
epoch: 860, val_loss:1.902369, acc: 51.80, bacc: 35.12, tmp_test_f1: 24.18, f1: 26.54
epoch: 861, val_loss:1.901568, acc: 51.80, bacc: 35.12, tmp_test_f1: 24.13, f1: 26.54
epoch: 862, val_loss:1.901769, acc: 51.80, bacc: 35.12, tmp_test_f1: 24.18, f1: 26.54
epoch: 863, val_loss:1.902841, acc: 51.80, bacc: 35.12, tmp_test_f1: 24.18, f1: 26.54
epoch: 864, val_loss:1.903739, acc: 51.80, bacc: 35.12, tmp_test_f1: 24.19, f1: 26.54
epoch: 865, val_loss:1.903059, acc: 51.80, bacc: 35.12, tmp_test_f1: 24.16, f1: 26.54
epoch: 866, val_loss:1.903268, acc: 51.80, bacc: 35.12, tmp_test_f1: 24.49, f1: 26.54
epoch: 867, val_loss:1.905458, acc: 51.80, bacc: 35.12, tmp_test_f1: 24.33, f1: 26.54
epoch: 868, val_loss:1.904759, acc: 51.80, bacc: 35.12, tmp_test_f1: 24.16, f1: 26.54
epoch: 869, val_loss:1.904785, acc: 51.80, bacc: 35.12, tmp_test_f1: 24.22, f1: 26.54
epoch: 870, val_loss:1.908190, acc: 51.80, bacc: 35.12, tmp_test_f1: 24.10, f1: 26.54
epoch: 871, val_loss:1.913138, acc: 51.80, bacc: 35.12, tmp_test_f1: 24.21, f1: 26.54
epoch: 872, val_loss:1.913213, acc: 51.80, bacc: 35.12, tmp_test_f1: 24.30, f1: 26.54
epoch: 873, val_loss:1.909039, acc: 51.80, bacc: 35.12, tmp_test_f1: 24.37, f1: 26.54
epoch: 874, val_loss:1.908686, acc: 51.80, bacc: 35.12, tmp_test_f1: 24.55, f1: 26.54
epoch: 875, val_loss:1.910493, acc: 51.80, bacc: 35.12, tmp_test_f1: 24.52, f1: 26.54
epoch: 876, val_loss:1.911031, acc: 51.80, bacc: 35.12, tmp_test_f1: 24.50, f1: 26.54
epoch: 877, val_loss:1.911718, acc: 51.80, bacc: 35.12, tmp_test_f1: 24.44, f1: 26.54
epoch: 878, val_loss:1.913895, acc: 51.80, bacc: 35.12, tmp_test_f1: 24.36, f1: 26.54
epoch: 879, val_loss:1.915431, acc: 51.80, bacc: 35.12, tmp_test_f1: 24.36, f1: 26.54
epoch: 880, val_loss:1.912905, acc: 51.80, bacc: 35.12, tmp_test_f1: 24.43, f1: 26.54
epoch: 881, val_loss:1.909304, acc: 51.80, bacc: 35.12, tmp_test_f1: 24.52, f1: 26.54
epoch: 882, val_loss:1.907918, acc: 51.80, bacc: 35.12, tmp_test_f1: 24.47, f1: 26.54
epoch: 883, val_loss:1.906847, acc: 51.80, bacc: 35.12, tmp_test_f1: 24.47, f1: 26.54
epoch: 884, val_loss:1.904989, acc: 51.80, bacc: 35.12, tmp_test_f1: 24.09, f1: 26.54
epoch: 885, val_loss:1.904132, acc: 51.80, bacc: 35.12, tmp_test_f1: 24.15, f1: 26.54
epoch: 886, val_loss:1.904782, acc: 51.80, bacc: 35.12, tmp_test_f1: 24.15, f1: 26.54
epoch: 887, val_loss:1.903388, acc: 51.80, bacc: 35.12, tmp_test_f1: 24.09, f1: 26.54
epoch: 888, val_loss:1.900025, acc: 51.80, bacc: 35.12, tmp_test_f1: 24.35, f1: 26.54
epoch: 889, val_loss:1.898646, acc: 51.80, bacc: 35.12, tmp_test_f1: 24.47, f1: 26.54
epoch: 890, val_loss:1.897969, acc: 51.80, bacc: 35.12, tmp_test_f1: 24.36, f1: 26.54
epoch: 891, val_loss:1.896227, acc: 51.80, bacc: 35.12, tmp_test_f1: 24.31, f1: 26.54
epoch: 892, val_loss:1.895029, acc: 51.80, bacc: 35.12, tmp_test_f1: 24.23, f1: 26.54
epoch: 893, val_loss:1.894536, acc: 51.80, bacc: 35.12, tmp_test_f1: 24.15, f1: 26.54
epoch: 894, val_loss:1.894466, acc: 51.80, bacc: 35.12, tmp_test_f1: 24.22, f1: 26.54
epoch: 895, val_loss:1.894732, acc: 51.80, bacc: 35.12, tmp_test_f1: 24.23, f1: 26.54
epoch: 896, val_loss:1.893402, acc: 51.80, bacc: 35.12, tmp_test_f1: 24.23, f1: 26.54
epoch: 897, val_loss:1.891039, acc: 51.80, bacc: 35.12, tmp_test_f1: 24.36, f1: 26.54
epoch: 898, val_loss:1.889823, acc: 51.80, bacc: 35.12, tmp_test_f1: 24.33, f1: 26.54
epoch: 899, val_loss:1.889295, acc: 51.80, bacc: 35.12, tmp_test_f1: 24.33, f1: 26.54
epoch: 900, val_loss:1.889091, acc: 51.80, bacc: 35.12, tmp_test_f1: 24.26, f1: 26.54
epoch: 901, val_loss:1.888986, acc: 51.80, bacc: 35.12, tmp_test_f1: 24.10, f1: 26.54
epoch: 902, val_loss:1.888616, acc: 51.80, bacc: 35.12, tmp_test_f1: 24.17, f1: 26.54
epoch: 903, val_loss:1.888853, acc: 51.80, bacc: 35.12, tmp_test_f1: 24.16, f1: 26.54
epoch: 904, val_loss:1.889187, acc: 51.80, bacc: 35.12, tmp_test_f1: 24.19, f1: 26.54
epoch: 905, val_loss:1.889704, acc: 51.80, bacc: 35.12, tmp_test_f1: 24.20, f1: 26.54
epoch: 906, val_loss:1.891295, acc: 51.80, bacc: 35.12, tmp_test_f1: 24.22, f1: 26.54
epoch: 907, val_loss:1.893847, acc: 51.80, bacc: 35.12, tmp_test_f1: 24.27, f1: 26.54
epoch: 908, val_loss:1.896703, acc: 51.80, bacc: 35.12, tmp_test_f1: 24.26, f1: 26.54
epoch: 909, val_loss:1.898388, acc: 51.80, bacc: 35.12, tmp_test_f1: 24.39, f1: 26.54
epoch: 910, val_loss:1.899894, acc: 51.80, bacc: 35.12, tmp_test_f1: 24.38, f1: 26.54
epoch: 911, val_loss:1.901608, acc: 51.80, bacc: 35.12, tmp_test_f1: 24.36, f1: 26.54
epoch: 912, val_loss:1.904168, acc: 51.80, bacc: 35.12, tmp_test_f1: 24.44, f1: 26.54
epoch: 913, val_loss:1.904578, acc: 51.80, bacc: 35.12, tmp_test_f1: 24.39, f1: 26.54
epoch: 914, val_loss:1.903248, acc: 51.80, bacc: 35.12, tmp_test_f1: 24.33, f1: 26.54
epoch: 915, val_loss:1.903731, acc: 51.80, bacc: 35.12, tmp_test_f1: 24.39, f1: 26.54
epoch: 916, val_loss:1.903371, acc: 51.80, bacc: 35.12, tmp_test_f1: 24.35, f1: 26.54
epoch: 917, val_loss:1.903439, acc: 51.80, bacc: 35.12, tmp_test_f1: 24.29, f1: 26.54
epoch: 918, val_loss:1.904553, acc: 51.80, bacc: 35.12, tmp_test_f1: 24.13, f1: 26.54
epoch: 919, val_loss:1.904604, acc: 51.80, bacc: 35.12, tmp_test_f1: 24.14, f1: 26.54
epoch: 920, val_loss:1.902747, acc: 51.80, bacc: 35.12, tmp_test_f1: 24.13, f1: 26.54
epoch: 921, val_loss:1.900623, acc: 51.80, bacc: 35.12, tmp_test_f1: 24.17, f1: 26.54
epoch: 922, val_loss:1.899902, acc: 51.80, bacc: 35.12, tmp_test_f1: 24.17, f1: 26.54
epoch: 923, val_loss:1.899051, acc: 51.80, bacc: 35.12, tmp_test_f1: 24.13, f1: 26.54
epoch: 924, val_loss:1.898153, acc: 51.80, bacc: 35.12, tmp_test_f1: 24.01, f1: 26.54
epoch: 925, val_loss:1.896851, acc: 51.80, bacc: 35.12, tmp_test_f1: 23.98, f1: 26.54
epoch: 926, val_loss:1.895474, acc: 51.80, bacc: 35.12, tmp_test_f1: 24.05, f1: 26.54
epoch: 927, val_loss:1.894136, acc: 51.80, bacc: 35.12, tmp_test_f1: 24.05, f1: 26.54
epoch: 928, val_loss:1.892135, acc: 51.80, bacc: 35.12, tmp_test_f1: 23.98, f1: 26.54
epoch: 929, val_loss:1.891430, acc: 51.80, bacc: 35.12, tmp_test_f1: 24.08, f1: 26.54
epoch: 930, val_loss:1.891419, acc: 51.80, bacc: 35.12, tmp_test_f1: 24.04, f1: 26.54
epoch: 931, val_loss:1.892170, acc: 51.80, bacc: 35.12, tmp_test_f1: 24.12, f1: 26.54
epoch: 932, val_loss:1.892945, acc: 51.80, bacc: 35.12, tmp_test_f1: 24.19, f1: 26.54
epoch: 933, val_loss:1.893944, acc: 51.80, bacc: 35.12, tmp_test_f1: 24.20, f1: 26.54
epoch: 934, val_loss:1.894736, acc: 51.80, bacc: 35.12, tmp_test_f1: 24.16, f1: 26.54
epoch: 935, val_loss:1.896168, acc: 51.80, bacc: 35.12, tmp_test_f1: 24.16, f1: 26.54
epoch: 936, val_loss:1.898263, acc: 51.80, bacc: 35.12, tmp_test_f1: 24.16, f1: 26.54
epoch: 937, val_loss:1.899964, acc: 51.80, bacc: 35.12, tmp_test_f1: 24.19, f1: 26.54
epoch: 938, val_loss:1.902607, acc: 51.80, bacc: 35.12, tmp_test_f1: 24.22, f1: 26.54
epoch: 939, val_loss:1.904934, acc: 51.80, bacc: 35.12, tmp_test_f1: 24.15, f1: 26.54
epoch: 940, val_loss:1.906338, acc: 51.80, bacc: 35.12, tmp_test_f1: 24.37, f1: 26.54
epoch: 941, val_loss:1.908247, acc: 51.80, bacc: 35.12, tmp_test_f1: 24.39, f1: 26.54
epoch: 942, val_loss:1.909626, acc: 51.80, bacc: 35.12, tmp_test_f1: 24.30, f1: 26.54
epoch: 943, val_loss:1.910493, acc: 51.80, bacc: 35.12, tmp_test_f1: 24.23, f1: 26.54
epoch: 944, val_loss:1.910199, acc: 51.80, bacc: 35.12, tmp_test_f1: 24.20, f1: 26.54
epoch: 945, val_loss:1.910101, acc: 51.80, bacc: 35.12, tmp_test_f1: 24.18, f1: 26.54
epoch: 946, val_loss:1.910070, acc: 51.80, bacc: 35.12, tmp_test_f1: 24.22, f1: 26.54
epoch: 947, val_loss:1.910443, acc: 51.80, bacc: 35.12, tmp_test_f1: 24.22, f1: 26.54
epoch: 948, val_loss:1.909989, acc: 51.80, bacc: 35.12, tmp_test_f1: 24.44, f1: 26.54
epoch: 949, val_loss:1.909354, acc: 51.80, bacc: 35.12, tmp_test_f1: 24.29, f1: 26.54
epoch: 950, val_loss:1.908165, acc: 51.80, bacc: 35.12, tmp_test_f1: 24.15, f1: 26.54
epoch: 951, val_loss:1.908628, acc: 51.80, bacc: 35.12, tmp_test_f1: 24.15, f1: 26.54
epoch: 952, val_loss:1.909958, acc: 51.80, bacc: 35.12, tmp_test_f1: 24.21, f1: 26.54
epoch: 953, val_loss:1.909667, acc: 51.80, bacc: 35.12, tmp_test_f1: 24.21, f1: 26.54
epoch: 954, val_loss:1.910204, acc: 51.80, bacc: 35.12, tmp_test_f1: 24.21, f1: 26.54
epoch: 955, val_loss:1.910436, acc: 51.80, bacc: 35.12, tmp_test_f1: 24.27, f1: 26.54
epoch: 956, val_loss:1.910571, acc: 51.80, bacc: 35.12, tmp_test_f1: 24.15, f1: 26.54
epoch: 957, val_loss:1.909997, acc: 51.80, bacc: 35.12, tmp_test_f1: 24.15, f1: 26.54
epoch: 958, val_loss:1.909727, acc: 51.80, bacc: 35.12, tmp_test_f1: 24.23, f1: 26.54
epoch: 959, val_loss:1.908830, acc: 51.80, bacc: 35.12, tmp_test_f1: 24.30, f1: 26.54
epoch: 960, val_loss:1.907729, acc: 51.80, bacc: 35.12, tmp_test_f1: 24.14, f1: 26.54
epoch: 961, val_loss:1.907732, acc: 51.80, bacc: 35.12, tmp_test_f1: 24.13, f1: 26.54
epoch: 962, val_loss:1.908544, acc: 51.80, bacc: 35.12, tmp_test_f1: 24.09, f1: 26.54
epoch: 963, val_loss:1.908572, acc: 51.80, bacc: 35.12, tmp_test_f1: 24.29, f1: 26.54
epoch: 964, val_loss:1.907143, acc: 51.80, bacc: 35.12, tmp_test_f1: 24.22, f1: 26.54
epoch: 965, val_loss:1.906925, acc: 51.80, bacc: 35.12, tmp_test_f1: 24.23, f1: 26.54
epoch: 966, val_loss:1.906410, acc: 51.80, bacc: 35.12, tmp_test_f1: 24.22, f1: 26.54
epoch: 967, val_loss:1.905585, acc: 51.80, bacc: 35.12, tmp_test_f1: 24.14, f1: 26.54
epoch: 968, val_loss:1.905710, acc: 51.80, bacc: 35.12, tmp_test_f1: 24.11, f1: 26.54
epoch: 969, val_loss:1.905315, acc: 51.80, bacc: 35.12, tmp_test_f1: 24.30, f1: 26.54
epoch: 970, val_loss:1.904947, acc: 51.80, bacc: 35.12, tmp_test_f1: 24.34, f1: 26.54
epoch: 971, val_loss:1.904613, acc: 51.80, bacc: 35.12, tmp_test_f1: 24.30, f1: 26.54
epoch: 972, val_loss:1.904850, acc: 51.80, bacc: 35.12, tmp_test_f1: 24.34, f1: 26.54
epoch: 973, val_loss:1.905081, acc: 51.80, bacc: 35.12, tmp_test_f1: 24.45, f1: 26.54
epoch: 974, val_loss:1.905199, acc: 51.80, bacc: 35.12, tmp_test_f1: 24.45, f1: 26.54
epoch: 975, val_loss:1.906052, acc: 51.80, bacc: 35.12, tmp_test_f1: 24.27, f1: 26.54
epoch: 976, val_loss:1.906917, acc: 51.80, bacc: 35.12, tmp_test_f1: 24.11, f1: 26.54
epoch: 977, val_loss:1.907657, acc: 51.80, bacc: 35.12, tmp_test_f1: 24.26, f1: 26.54
epoch: 978, val_loss:1.908046, acc: 51.80, bacc: 35.12, tmp_test_f1: 24.38, f1: 26.54
epoch: 979, val_loss:1.908716, acc: 51.80, bacc: 35.12, tmp_test_f1: 24.42, f1: 26.54
epoch: 980, val_loss:1.909561, acc: 51.80, bacc: 35.12, tmp_test_f1: 24.42, f1: 26.54
epoch: 981, val_loss:1.910357, acc: 51.80, bacc: 35.12, tmp_test_f1: 24.30, f1: 26.54
epoch: 982, val_loss:1.911415, acc: 51.80, bacc: 35.12, tmp_test_f1: 24.14, f1: 26.54
epoch: 983, val_loss:1.912947, acc: 51.80, bacc: 35.12, tmp_test_f1: 24.13, f1: 26.54
epoch: 984, val_loss:1.913288, acc: 51.80, bacc: 35.12, tmp_test_f1: 24.35, f1: 26.54
epoch: 985, val_loss:1.912491, acc: 51.80, bacc: 35.12, tmp_test_f1: 24.39, f1: 26.54
epoch: 986, val_loss:1.912177, acc: 51.80, bacc: 35.12, tmp_test_f1: 24.36, f1: 26.54
epoch: 987, val_loss:1.911068, acc: 51.80, bacc: 35.12, tmp_test_f1: 24.31, f1: 26.54
epoch: 988, val_loss:1.910361, acc: 51.80, bacc: 35.12, tmp_test_f1: 24.06, f1: 26.54
epoch: 989, val_loss:1.910967, acc: 51.80, bacc: 35.12, tmp_test_f1: 24.07, f1: 26.54
epoch: 990, val_loss:1.908956, acc: 51.80, bacc: 35.12, tmp_test_f1: 24.20, f1: 26.54
epoch: 991, val_loss:1.905416, acc: 51.80, bacc: 35.12, tmp_test_f1: 24.32, f1: 26.54
epoch: 992, val_loss:1.903478, acc: 51.80, bacc: 35.12, tmp_test_f1: 24.28, f1: 26.54
epoch: 993, val_loss:1.902510, acc: 51.80, bacc: 35.12, tmp_test_f1: 24.21, f1: 26.54
epoch: 994, val_loss:1.901894, acc: 51.80, bacc: 35.12, tmp_test_f1: 24.13, f1: 26.54
epoch: 995, val_loss:1.901787, acc: 51.80, bacc: 35.12, tmp_test_f1: 24.09, f1: 26.54
epoch: 996, val_loss:1.901893, acc: 51.80, bacc: 35.12, tmp_test_f1: 24.10, f1: 26.54
epoch: 997, val_loss:1.901377, acc: 51.80, bacc: 35.12, tmp_test_f1: 24.18, f1: 26.54
epoch: 998, val_loss:1.900622, acc: 51.80, bacc: 35.12, tmp_test_f1: 24.08, f1: 26.54
epoch: 999, val_loss:1.900316, acc: 51.80, bacc: 35.12, tmp_test_f1: 24.08, f1: 26.54
epoch: 1000, val_loss:1.899478, acc: 51.80, bacc: 35.12, tmp_test_f1: 24.16, f1: 26.54
epoch: 1001, val_loss:1.898563, acc: 51.80, bacc: 35.12, tmp_test_f1: 24.04, f1: 26.54
epoch: 1002, val_loss:1.899950, acc: 51.80, bacc: 35.12, tmp_test_f1: 24.04, f1: 26.54
epoch: 1003, val_loss:1.900025, acc: 51.80, bacc: 35.12, tmp_test_f1: 24.19, f1: 26.54
epoch: 1004, val_loss:1.898736, acc: 51.80, bacc: 35.12, tmp_test_f1: 24.21, f1: 26.54
epoch: 1005, val_loss:1.900779, acc: 51.80, bacc: 35.12, tmp_test_f1: 24.22, f1: 26.54
epoch: 1006, val_loss:1.901856, acc: 51.80, bacc: 35.12, tmp_test_f1: 24.19, f1: 26.54
epoch: 1007, val_loss:1.901977, acc: 51.80, bacc: 35.12, tmp_test_f1: 23.98, f1: 26.54
epoch: 1008, val_loss:1.905069, acc: 51.80, bacc: 35.12, tmp_test_f1: 23.95, f1: 26.54
epoch: 1009, val_loss:1.906028, acc: 51.80, bacc: 35.12, tmp_test_f1: 24.15, f1: 26.54
epoch: 1010, val_loss:1.905080, acc: 51.80, bacc: 35.12, tmp_test_f1: 24.36, f1: 26.54
epoch: 1011, val_loss:1.905623, acc: 51.80, bacc: 35.12, tmp_test_f1: 24.44, f1: 26.54
epoch: 1012, val_loss:1.905540, acc: 51.80, bacc: 35.12, tmp_test_f1: 24.23, f1: 26.54
epoch: 1013, val_loss:1.904673, acc: 51.80, bacc: 35.12, tmp_test_f1: 23.92, f1: 26.54
epoch: 1014, val_loss:1.906519, acc: 51.80, bacc: 35.12, tmp_test_f1: 23.99, f1: 26.54
epoch: 1015, val_loss:1.904616, acc: 51.80, bacc: 35.12, tmp_test_f1: 24.27, f1: 26.54
epoch: 1016, val_loss:1.901337, acc: 51.80, bacc: 35.12, tmp_test_f1: 24.33, f1: 26.54
epoch: 1017, val_loss:1.900344, acc: 51.80, bacc: 35.12, tmp_test_f1: 24.26, f1: 26.54
epoch: 1018, val_loss:1.898605, acc: 51.80, bacc: 35.12, tmp_test_f1: 24.20, f1: 26.54
epoch: 1019, val_loss:1.897041, acc: 51.80, bacc: 35.12, tmp_test_f1: 24.07, f1: 26.54
epoch: 1020, val_loss:1.897252, acc: 51.80, bacc: 35.12, tmp_test_f1: 24.00, f1: 26.54
epoch: 1021, val_loss:1.897338, acc: 51.80, bacc: 35.12, tmp_test_f1: 24.19, f1: 26.54
epoch: 1022, val_loss:1.896312, acc: 51.80, bacc: 35.12, tmp_test_f1: 24.09, f1: 26.54
epoch: 1023, val_loss:1.895661, acc: 51.80, bacc: 35.12, tmp_test_f1: 24.21, f1: 26.54
epoch: 1024, val_loss:1.896419, acc: 51.80, bacc: 35.12, tmp_test_f1: 24.17, f1: 26.54
epoch: 1025, val_loss:1.896732, acc: 51.80, bacc: 35.12, tmp_test_f1: 24.16, f1: 26.54
epoch: 1026, val_loss:1.897689, acc: 51.80, bacc: 35.12, tmp_test_f1: 24.02, f1: 26.54
epoch: 1027, val_loss:1.898461, acc: 51.80, bacc: 35.12, tmp_test_f1: 24.08, f1: 26.54
epoch: 1028, val_loss:1.899867, acc: 51.80, bacc: 35.12, tmp_test_f1: 24.07, f1: 26.54
epoch: 1029, val_loss:1.902310, acc: 51.80, bacc: 35.12, tmp_test_f1: 24.08, f1: 26.54
epoch: 1030, val_loss:1.903514, acc: 51.80, bacc: 35.12, tmp_test_f1: 23.93, f1: 26.54
epoch: 1031, val_loss:1.904044, acc: 51.80, bacc: 35.12, tmp_test_f1: 23.97, f1: 26.54
epoch: 1032, val_loss:1.904493, acc: 51.80, bacc: 35.12, tmp_test_f1: 23.94, f1: 26.54
epoch: 1033, val_loss:1.903937, acc: 51.80, bacc: 35.12, tmp_test_f1: 24.03, f1: 26.54
epoch: 1034, val_loss:1.903660, acc: 51.80, bacc: 35.12, tmp_test_f1: 24.04, f1: 26.54
DiG Cora 100 Aug 0 EndEpoch 1034 lr 0.1
SHAsplit  0, acc: 51.80, bacc: 35.12, f1: 26.54
