CUDA Device Index: 0
Namespace(IsDirectedData=False, AugDirect=1, net='DiG', GPUdevice=0, seed=100, undirect_dataset='CiteSeer', Direct_dataset='cora_ml/', imb_ratio=100, dropout=0.1, num_filter=2, layer=2, alpha=0.1, K=2, feat_dim=64, warmup=5, epoch=1500, lr=0.1, l2=0.0005, tau=2, max=False, no_mask=False, gdc='ppr', heads=8, log_root='../logs/', log_path='test', data_path='../dataset/data/tmp/')
DiModel(
  (conv1): DIGCNConv(3703, 2)
  (conv2): DIGCNConv(2, 2)
  (Conv): Conv1d(2, 6, kernel_size=(1,), stride=(1,))
)
test_f1 CountNotImproved reset to 0 in epoch 0
epoch:   0, val_loss:1.909898, acc: 16.00, bacc: 16.67, tmp_test_f1: 4.60, f1: 4.60
test_f1 CountNotImproved reset to 0 in epoch 1
epoch:   1, val_loss:1.858912, acc: 16.90, bacc: 16.67, tmp_test_f1: 4.82, f1: 4.82
test_f1 CountNotImproved reset to 0 in epoch 2
epoch:   2, val_loss:1.815578, acc: 18.10, bacc: 16.67, tmp_test_f1: 5.11, f1: 5.11
epoch:   3, val_loss:1.775993, acc: 18.10, bacc: 16.67, tmp_test_f1: 5.11, f1: 5.11
epoch:   4, val_loss:1.762872, acc: 18.10, bacc: 16.67, tmp_test_f1: 5.11, f1: 5.11
epoch:   5, val_loss:1.794734, acc: 18.10, bacc: 16.67, tmp_test_f1: 5.11, f1: 5.11
epoch:   6, val_loss:1.849810, acc: 18.10, bacc: 16.67, tmp_test_f1: 5.11, f1: 5.11
epoch:   7, val_loss:1.872644, acc: 18.10, bacc: 16.67, tmp_test_f1: 5.11, f1: 5.11
epoch:   8, val_loss:1.867453, acc: 18.10, bacc: 16.67, tmp_test_f1: 5.11, f1: 5.11
epoch:   9, val_loss:1.848196, acc: 18.10, bacc: 16.67, tmp_test_f1: 5.11, f1: 5.11
epoch:  10, val_loss:1.827353, acc: 18.10, bacc: 16.67, tmp_test_f1: 5.11, f1: 5.11
epoch:  11, val_loss:1.811830, acc: 18.10, bacc: 16.67, tmp_test_f1: 5.11, f1: 5.11
epoch:  12, val_loss:1.802720, acc: 18.10, bacc: 16.67, tmp_test_f1: 5.11, f1: 5.11
epoch:  13, val_loss:1.799619, acc: 18.10, bacc: 16.67, tmp_test_f1: 5.11, f1: 5.11
epoch:  14, val_loss:1.801306, acc: 18.10, bacc: 16.67, tmp_test_f1: 5.11, f1: 5.11
epoch:  15, val_loss:1.806554, acc: 18.10, bacc: 16.67, tmp_test_f1: 5.11, f1: 5.11
epoch:  16, val_loss:1.812756, acc: 18.10, bacc: 16.67, tmp_test_f1: 5.11, f1: 5.11
epoch:  17, val_loss:1.818409, acc: 18.10, bacc: 16.67, tmp_test_f1: 5.11, f1: 5.11
epoch:  18, val_loss:1.823232, acc: 18.10, bacc: 16.67, tmp_test_f1: 5.11, f1: 5.11
epoch:  19, val_loss:1.827096, acc: 18.10, bacc: 16.67, tmp_test_f1: 5.11, f1: 5.11
epoch:  20, val_loss:1.830328, acc: 18.10, bacc: 16.67, tmp_test_f1: 5.11, f1: 5.11
epoch:  21, val_loss:1.833005, acc: 18.10, bacc: 16.67, tmp_test_f1: 5.11, f1: 5.11
epoch:  22, val_loss:1.835165, acc: 18.10, bacc: 16.67, tmp_test_f1: 5.11, f1: 5.11
epoch:  23, val_loss:1.836185, acc: 18.10, bacc: 16.67, tmp_test_f1: 5.11, f1: 5.11
epoch:  24, val_loss:1.836511, acc: 18.10, bacc: 16.67, tmp_test_f1: 5.11, f1: 5.11
epoch:  25, val_loss:1.836427, acc: 18.10, bacc: 16.67, tmp_test_f1: 5.11, f1: 5.11
epoch:  26, val_loss:1.835784, acc: 18.10, bacc: 16.67, tmp_test_f1: 5.11, f1: 5.11
epoch:  27, val_loss:1.834314, acc: 18.10, bacc: 16.67, tmp_test_f1: 5.11, f1: 5.11
epoch:  28, val_loss:1.832774, acc: 18.10, bacc: 16.67, tmp_test_f1: 5.11, f1: 5.11
epoch:  29, val_loss:1.831048, acc: 18.10, bacc: 16.67, tmp_test_f1: 5.11, f1: 5.11
epoch:  30, val_loss:1.829364, acc: 18.10, bacc: 16.67, tmp_test_f1: 5.11, f1: 5.11
epoch:  31, val_loss:1.827718, acc: 18.10, bacc: 16.67, tmp_test_f1: 5.11, f1: 5.11
epoch:  32, val_loss:1.826562, acc: 18.10, bacc: 16.67, tmp_test_f1: 5.11, f1: 5.11
epoch:  33, val_loss:1.826522, acc: 18.10, bacc: 16.67, tmp_test_f1: 5.11, f1: 5.11
epoch:  34, val_loss:1.828388, acc: 18.10, bacc: 16.67, tmp_test_f1: 5.11, f1: 5.11
epoch:  35, val_loss:1.830812, acc: 18.10, bacc: 16.67, tmp_test_f1: 5.11, f1: 5.11
epoch:  36, val_loss:1.832607, acc: 18.10, bacc: 16.67, tmp_test_f1: 5.11, f1: 5.11
epoch:  37, val_loss:1.833224, acc: 18.10, bacc: 16.67, tmp_test_f1: 5.11, f1: 5.11
epoch:  38, val_loss:1.832027, acc: 18.10, bacc: 16.67, tmp_test_f1: 5.11, f1: 5.11
epoch:  39, val_loss:1.829624, acc: 18.10, bacc: 16.67, tmp_test_f1: 5.11, f1: 5.11
epoch:  40, val_loss:1.826327, acc: 18.10, bacc: 16.67, tmp_test_f1: 5.11, f1: 5.11
epoch:  41, val_loss:1.823454, acc: 18.10, bacc: 16.67, tmp_test_f1: 5.11, f1: 5.11
epoch:  42, val_loss:1.822991, acc: 18.10, bacc: 16.67, tmp_test_f1: 5.11, f1: 5.11
epoch:  43, val_loss:1.821826, acc: 18.10, bacc: 16.67, tmp_test_f1: 5.11, f1: 5.11
epoch:  44, val_loss:1.819808, acc: 18.10, bacc: 16.67, tmp_test_f1: 5.11, f1: 5.11
epoch:  45, val_loss:1.817073, acc: 18.10, bacc: 16.67, tmp_test_f1: 5.11, f1: 5.11
epoch:  46, val_loss:1.813325, acc: 18.10, bacc: 16.67, tmp_test_f1: 5.11, f1: 5.11
epoch:  47, val_loss:1.808499, acc: 18.10, bacc: 16.67, tmp_test_f1: 5.11, f1: 5.11
epoch:  48, val_loss:1.807457, acc: 18.10, bacc: 16.67, tmp_test_f1: 5.11, f1: 5.11
epoch:  49, val_loss:1.805435, acc: 18.10, bacc: 16.67, tmp_test_f1: 5.11, f1: 5.11
epoch:  50, val_loss:1.801095, acc: 18.10, bacc: 16.67, tmp_test_f1: 5.11, f1: 5.11
epoch:  51, val_loss:1.788565, acc: 18.10, bacc: 16.67, tmp_test_f1: 5.11, f1: 5.11
epoch:  52, val_loss:1.779944, acc: 18.10, bacc: 16.67, tmp_test_f1: 5.11, f1: 5.11
epoch:  53, val_loss:1.776489, acc: 18.10, bacc: 16.67, tmp_test_f1: 5.11, f1: 5.11
epoch:  54, val_loss:1.772644, acc: 18.10, bacc: 16.67, tmp_test_f1: 5.11, f1: 5.11
epoch:  55, val_loss:1.751087, acc: 18.10, bacc: 16.67, tmp_test_f1: 5.11, f1: 5.11
epoch:  56, val_loss:1.736306, acc: 18.10, bacc: 16.67, tmp_test_f1: 5.11, f1: 5.11
epoch:  57, val_loss:1.738435, acc: 18.10, bacc: 16.67, tmp_test_f1: 5.11, f1: 5.11
epoch:  58, val_loss:1.704836, acc: 18.10, bacc: 16.67, tmp_test_f1: 5.11, f1: 5.11
epoch:  59, val_loss:1.686582, acc: 18.10, bacc: 16.67, tmp_test_f1: 5.11, f1: 5.11
epoch:  60, val_loss:1.672047, acc: 18.10, bacc: 16.67, tmp_test_f1: 5.11, f1: 5.11
epoch:  61, val_loss:1.657298, acc: 18.10, bacc: 16.67, tmp_test_f1: 5.11, f1: 5.11
epoch:  62, val_loss:1.646712, acc: 18.10, bacc: 16.67, tmp_test_f1: 5.11, f1: 5.11
epoch:  63, val_loss:1.629023, acc: 18.10, bacc: 16.67, tmp_test_f1: 5.11, f1: 5.11
test_f1 CountNotImproved reset to 0 in epoch 64
epoch:  64, val_loss:1.618885, acc: 29.70, bacc: 24.98, tmp_test_f1: 14.17, f1: 14.17
epoch:  65, val_loss:1.604267, acc: 29.70, bacc: 24.98, tmp_test_f1: 11.66, f1: 14.17
test_f1 CountNotImproved reset to 0 in epoch 66
epoch:  66, val_loss:1.620683, acc: 35.90, bacc: 29.33, tmp_test_f1: 17.33, f1: 17.33
epoch:  67, val_loss:1.583522, acc: 35.90, bacc: 29.33, tmp_test_f1: 13.97, f1: 17.33
epoch:  68, val_loss:1.591391, acc: 35.90, bacc: 29.33, tmp_test_f1: 14.16, f1: 17.33
test_f1 CountNotImproved reset to 0 in epoch 69
epoch:  69, val_loss:1.587001, acc: 36.00, bacc: 29.34, tmp_test_f1: 17.44, f1: 17.44
epoch:  70, val_loss:1.556810, acc: 36.00, bacc: 29.34, tmp_test_f1: 17.00, f1: 17.44
epoch:  71, val_loss:1.548632, acc: 36.00, bacc: 29.34, tmp_test_f1: 13.65, f1: 17.44
epoch:  72, val_loss:1.599044, acc: 36.00, bacc: 29.34, tmp_test_f1: 16.36, f1: 17.44
test_f1 CountNotImproved reset to 0 in epoch 73
epoch:  73, val_loss:1.542377, acc: 36.50, bacc: 29.64, tmp_test_f1: 18.03, f1: 18.03
epoch:  74, val_loss:1.542830, acc: 36.50, bacc: 29.64, tmp_test_f1: 15.91, f1: 18.03
epoch:  75, val_loss:1.540522, acc: 36.50, bacc: 29.64, tmp_test_f1: 14.91, f1: 18.03
epoch:  76, val_loss:1.560476, acc: 36.50, bacc: 29.64, tmp_test_f1: 16.83, f1: 18.03
epoch:  77, val_loss:1.532827, acc: 36.50, bacc: 29.64, tmp_test_f1: 17.28, f1: 18.03
epoch:  78, val_loss:1.536899, acc: 36.50, bacc: 29.64, tmp_test_f1: 15.27, f1: 18.03
epoch:  79, val_loss:1.560598, acc: 36.50, bacc: 29.64, tmp_test_f1: 16.26, f1: 18.03
epoch:  80, val_loss:1.539278, acc: 36.50, bacc: 29.64, tmp_test_f1: 17.67, f1: 18.03
epoch:  81, val_loss:1.538741, acc: 36.50, bacc: 29.64, tmp_test_f1: 16.57, f1: 18.03
epoch:  82, val_loss:1.535802, acc: 36.50, bacc: 29.64, tmp_test_f1: 14.30, f1: 18.03
epoch:  83, val_loss:1.592887, acc: 36.50, bacc: 29.64, tmp_test_f1: 16.87, f1: 18.03
test_f1 CountNotImproved reset to 0 in epoch 84
epoch:  84, val_loss:1.532213, acc: 36.20, bacc: 29.35, tmp_test_f1: 18.08, f1: 18.08
epoch:  85, val_loss:1.540871, acc: 36.20, bacc: 29.35, tmp_test_f1: 16.14, f1: 18.08
epoch:  86, val_loss:1.537176, acc: 36.20, bacc: 29.35, tmp_test_f1: 14.60, f1: 18.08
epoch:  87, val_loss:1.592758, acc: 36.20, bacc: 29.35, tmp_test_f1: 17.00, f1: 18.08
test_f1 CountNotImproved reset to 0 in epoch 88
epoch:  88, val_loss:1.522319, acc: 36.20, bacc: 29.23, tmp_test_f1: 18.57, f1: 18.57
epoch:  89, val_loss:1.546352, acc: 36.20, bacc: 29.23, tmp_test_f1: 17.18, f1: 18.57
epoch:  90, val_loss:1.520315, acc: 36.20, bacc: 29.23, tmp_test_f1: 14.85, f1: 18.57
epoch:  91, val_loss:1.584820, acc: 36.20, bacc: 29.23, tmp_test_f1: 16.16, f1: 18.57
epoch:  92, val_loss:1.539030, acc: 36.20, bacc: 29.23, tmp_test_f1: 17.97, f1: 18.57
epoch:  93, val_loss:1.536657, acc: 36.20, bacc: 29.23, tmp_test_f1: 17.79, f1: 18.57
epoch:  94, val_loss:1.539337, acc: 36.20, bacc: 29.23, tmp_test_f1: 15.86, f1: 18.57
epoch:  95, val_loss:1.555762, acc: 36.20, bacc: 29.23, tmp_test_f1: 14.93, f1: 18.57
epoch:  96, val_loss:1.604181, acc: 36.20, bacc: 29.23, tmp_test_f1: 16.90, f1: 18.57
epoch:  97, val_loss:1.535204, acc: 36.20, bacc: 29.23, tmp_test_f1: 17.89, f1: 18.57
epoch:  98, val_loss:1.553381, acc: 36.20, bacc: 29.23, tmp_test_f1: 16.71, f1: 18.57
epoch:  99, val_loss:1.538159, acc: 36.20, bacc: 29.23, tmp_test_f1: 14.63, f1: 18.57
epoch: 100, val_loss:1.626791, acc: 36.20, bacc: 29.23, tmp_test_f1: 16.29, f1: 18.57
epoch: 101, val_loss:1.549908, acc: 36.20, bacc: 29.23, tmp_test_f1: 18.10, f1: 18.57
epoch: 102, val_loss:1.564175, acc: 36.20, bacc: 29.23, tmp_test_f1: 17.61, f1: 18.57
epoch: 103, val_loss:1.551477, acc: 36.20, bacc: 29.23, tmp_test_f1: 15.42, f1: 18.57
epoch: 104, val_loss:1.584647, acc: 36.20, bacc: 29.23, tmp_test_f1: 14.13, f1: 18.57
epoch: 105, val_loss:1.643250, acc: 36.20, bacc: 29.23, tmp_test_f1: 16.70, f1: 18.57
epoch: 106, val_loss:1.549343, acc: 36.20, bacc: 29.23, tmp_test_f1: 18.39, f1: 18.57
epoch: 107, val_loss:1.574201, acc: 36.20, bacc: 29.23, tmp_test_f1: 17.18, f1: 18.57
epoch: 108, val_loss:1.550711, acc: 36.20, bacc: 29.23, tmp_test_f1: 14.72, f1: 18.57
epoch: 109, val_loss:1.623820, acc: 36.20, bacc: 29.23, tmp_test_f1: 14.77, f1: 18.57
epoch: 110, val_loss:1.623058, acc: 36.20, bacc: 29.23, tmp_test_f1: 17.01, f1: 18.57
epoch: 111, val_loss:1.549140, acc: 36.20, bacc: 29.23, tmp_test_f1: 18.53, f1: 18.57
epoch: 112, val_loss:1.570990, acc: 36.20, bacc: 29.23, tmp_test_f1: 17.87, f1: 18.57
epoch: 113, val_loss:1.553516, acc: 36.20, bacc: 29.23, tmp_test_f1: 15.73, f1: 18.57
epoch: 114, val_loss:1.585410, acc: 36.20, bacc: 29.23, tmp_test_f1: 14.77, f1: 18.57
epoch: 115, val_loss:1.645992, acc: 36.20, bacc: 29.23, tmp_test_f1: 16.46, f1: 18.57
epoch: 116, val_loss:1.551369, acc: 36.20, bacc: 29.23, tmp_test_f1: 18.14, f1: 18.57
epoch: 117, val_loss:1.559591, acc: 36.20, bacc: 29.23, tmp_test_f1: 17.80, f1: 18.57
epoch: 118, val_loss:1.554571, acc: 36.20, bacc: 29.23, tmp_test_f1: 16.02, f1: 18.57
epoch: 119, val_loss:1.565892, acc: 36.20, bacc: 29.23, tmp_test_f1: 14.61, f1: 18.57
epoch: 120, val_loss:1.654370, acc: 36.20, bacc: 29.23, tmp_test_f1: 16.12, f1: 18.57
epoch: 121, val_loss:1.569717, acc: 36.20, bacc: 29.23, tmp_test_f1: 17.56, f1: 18.57
epoch: 122, val_loss:1.562302, acc: 36.20, bacc: 29.23, tmp_test_f1: 17.84, f1: 18.57
epoch: 123, val_loss:1.569641, acc: 36.20, bacc: 29.23, tmp_test_f1: 16.36, f1: 18.57
epoch: 124, val_loss:1.564261, acc: 36.20, bacc: 29.23, tmp_test_f1: 15.01, f1: 18.57
epoch: 125, val_loss:1.647539, acc: 36.20, bacc: 29.23, tmp_test_f1: 15.54, f1: 18.57
epoch: 126, val_loss:1.604948, acc: 36.20, bacc: 29.23, tmp_test_f1: 17.15, f1: 18.57
epoch: 127, val_loss:1.563553, acc: 36.20, bacc: 29.23, tmp_test_f1: 17.77, f1: 18.57
epoch: 128, val_loss:1.575318, acc: 36.20, bacc: 29.23, tmp_test_f1: 16.64, f1: 18.57
epoch: 129, val_loss:1.562312, acc: 36.20, bacc: 29.23, tmp_test_f1: 14.81, f1: 18.57
epoch: 130, val_loss:1.651165, acc: 36.20, bacc: 29.23, tmp_test_f1: 15.44, f1: 18.57
epoch: 131, val_loss:1.604778, acc: 36.20, bacc: 29.23, tmp_test_f1: 17.06, f1: 18.57
epoch: 132, val_loss:1.553253, acc: 36.20, bacc: 29.23, tmp_test_f1: 17.71, f1: 18.57
epoch: 133, val_loss:1.566158, acc: 36.20, bacc: 29.23, tmp_test_f1: 16.83, f1: 18.57
epoch: 134, val_loss:1.547238, acc: 36.20, bacc: 29.23, tmp_test_f1: 15.10, f1: 18.57
epoch: 135, val_loss:1.620704, acc: 36.20, bacc: 29.23, tmp_test_f1: 15.13, f1: 18.57
epoch: 136, val_loss:1.631113, acc: 36.20, bacc: 29.23, tmp_test_f1: 16.70, f1: 18.57
epoch: 137, val_loss:1.544953, acc: 36.20, bacc: 29.23, tmp_test_f1: 18.09, f1: 18.57
epoch: 138, val_loss:1.567950, acc: 36.20, bacc: 29.23, tmp_test_f1: 17.34, f1: 18.57
epoch: 139, val_loss:1.552287, acc: 36.20, bacc: 29.23, tmp_test_f1: 15.77, f1: 18.57
epoch: 140, val_loss:1.575554, acc: 36.20, bacc: 29.23, tmp_test_f1: 14.94, f1: 18.57
epoch: 141, val_loss:1.647886, acc: 36.20, bacc: 29.23, tmp_test_f1: 16.02, f1: 18.57
epoch: 142, val_loss:1.567818, acc: 36.20, bacc: 29.23, tmp_test_f1: 17.49, f1: 18.57
epoch: 143, val_loss:1.561869, acc: 36.20, bacc: 29.23, tmp_test_f1: 17.52, f1: 18.57
epoch: 144, val_loss:1.564659, acc: 36.20, bacc: 29.23, tmp_test_f1: 16.52, f1: 18.57
epoch: 145, val_loss:1.565294, acc: 36.20, bacc: 29.23, tmp_test_f1: 15.32, f1: 18.57
epoch: 146, val_loss:1.627095, acc: 36.20, bacc: 29.23, tmp_test_f1: 15.50, f1: 18.57
epoch: 147, val_loss:1.615351, acc: 36.20, bacc: 29.23, tmp_test_f1: 16.61, f1: 18.57
epoch: 148, val_loss:1.562296, acc: 36.20, bacc: 29.23, tmp_test_f1: 17.63, f1: 18.57
epoch: 149, val_loss:1.571272, acc: 36.20, bacc: 29.23, tmp_test_f1: 16.83, f1: 18.57
epoch: 150, val_loss:1.561862, acc: 36.20, bacc: 29.23, tmp_test_f1: 15.76, f1: 18.57
epoch: 151, val_loss:1.607010, acc: 36.20, bacc: 29.23, tmp_test_f1: 15.20, f1: 18.57
epoch: 152, val_loss:1.651417, acc: 36.20, bacc: 29.23, tmp_test_f1: 16.50, f1: 18.57
epoch: 153, val_loss:1.564921, acc: 36.20, bacc: 29.23, tmp_test_f1: 17.75, f1: 18.57
epoch: 154, val_loss:1.571776, acc: 36.20, bacc: 29.23, tmp_test_f1: 17.34, f1: 18.57
epoch: 155, val_loss:1.565959, acc: 36.20, bacc: 29.23, tmp_test_f1: 16.20, f1: 18.57
epoch: 156, val_loss:1.575245, acc: 36.20, bacc: 29.23, tmp_test_f1: 15.65, f1: 18.57
epoch: 157, val_loss:1.636651, acc: 36.20, bacc: 29.23, tmp_test_f1: 15.81, f1: 18.57
epoch: 158, val_loss:1.595360, acc: 36.20, bacc: 29.23, tmp_test_f1: 17.10, f1: 18.57
epoch: 159, val_loss:1.560004, acc: 36.20, bacc: 29.23, tmp_test_f1: 17.79, f1: 18.57
epoch: 160, val_loss:1.570531, acc: 36.20, bacc: 29.23, tmp_test_f1: 16.92, f1: 18.57
epoch: 161, val_loss:1.562588, acc: 36.20, bacc: 29.23, tmp_test_f1: 15.61, f1: 18.57
epoch: 162, val_loss:1.621367, acc: 36.20, bacc: 29.23, tmp_test_f1: 15.43, f1: 18.57
epoch: 163, val_loss:1.634556, acc: 36.20, bacc: 29.23, tmp_test_f1: 16.89, f1: 18.57
epoch: 164, val_loss:1.567269, acc: 36.20, bacc: 29.23, tmp_test_f1: 17.34, f1: 18.57
epoch: 165, val_loss:1.573549, acc: 36.20, bacc: 29.23, tmp_test_f1: 17.14, f1: 18.57
epoch: 166, val_loss:1.568463, acc: 36.20, bacc: 29.23, tmp_test_f1: 15.76, f1: 18.57
epoch: 167, val_loss:1.603250, acc: 36.20, bacc: 29.23, tmp_test_f1: 15.10, f1: 18.57
epoch: 168, val_loss:1.644573, acc: 36.20, bacc: 29.23, tmp_test_f1: 16.49, f1: 18.57
epoch: 169, val_loss:1.576077, acc: 36.20, bacc: 29.23, tmp_test_f1: 17.25, f1: 18.57
epoch: 170, val_loss:1.567258, acc: 36.20, bacc: 29.23, tmp_test_f1: 17.15, f1: 18.57
epoch: 171, val_loss:1.564460, acc: 36.20, bacc: 29.23, tmp_test_f1: 16.30, f1: 18.57
epoch: 172, val_loss:1.583964, acc: 36.20, bacc: 29.23, tmp_test_f1: 15.44, f1: 18.57
epoch: 173, val_loss:1.630485, acc: 36.20, bacc: 29.23, tmp_test_f1: 16.23, f1: 18.57
epoch: 174, val_loss:1.579580, acc: 36.20, bacc: 29.23, tmp_test_f1: 17.41, f1: 18.57
epoch: 175, val_loss:1.559980, acc: 36.20, bacc: 29.23, tmp_test_f1: 17.38, f1: 18.57
epoch: 176, val_loss:1.559460, acc: 36.20, bacc: 29.23, tmp_test_f1: 15.92, f1: 18.57
epoch: 177, val_loss:1.577513, acc: 36.20, bacc: 29.23, tmp_test_f1: 15.37, f1: 18.57
epoch: 178, val_loss:1.620811, acc: 36.20, bacc: 29.23, tmp_test_f1: 15.66, f1: 18.57
epoch: 179, val_loss:1.590873, acc: 36.20, bacc: 29.23, tmp_test_f1: 17.26, f1: 18.57
epoch: 180, val_loss:1.565515, acc: 36.20, bacc: 29.23, tmp_test_f1: 17.29, f1: 18.57
epoch: 181, val_loss:1.568196, acc: 36.20, bacc: 29.23, tmp_test_f1: 15.81, f1: 18.57
epoch: 182, val_loss:1.596366, acc: 36.20, bacc: 29.23, tmp_test_f1: 15.32, f1: 18.57
epoch: 183, val_loss:1.639746, acc: 36.20, bacc: 29.23, tmp_test_f1: 16.27, f1: 18.57
epoch: 184, val_loss:1.592283, acc: 36.20, bacc: 29.23, tmp_test_f1: 17.10, f1: 18.57
epoch: 185, val_loss:1.574476, acc: 36.20, bacc: 29.23, tmp_test_f1: 16.81, f1: 18.57
epoch: 186, val_loss:1.577014, acc: 36.20, bacc: 29.23, tmp_test_f1: 16.11, f1: 18.57
epoch: 187, val_loss:1.616017, acc: 36.20, bacc: 29.23, tmp_test_f1: 16.18, f1: 18.57
epoch: 188, val_loss:1.612423, acc: 36.20, bacc: 29.23, tmp_test_f1: 16.86, f1: 18.57
epoch: 189, val_loss:1.578723, acc: 36.20, bacc: 29.23, tmp_test_f1: 17.02, f1: 18.57
epoch: 190, val_loss:1.576979, acc: 36.20, bacc: 29.23, tmp_test_f1: 16.73, f1: 18.57
epoch: 191, val_loss:1.585060, acc: 36.20, bacc: 29.23, tmp_test_f1: 15.86, f1: 18.57
epoch: 192, val_loss:1.624100, acc: 36.20, bacc: 29.23, tmp_test_f1: 16.13, f1: 18.57
epoch: 193, val_loss:1.605289, acc: 36.20, bacc: 29.23, tmp_test_f1: 16.88, f1: 18.57
epoch: 194, val_loss:1.578169, acc: 36.20, bacc: 29.23, tmp_test_f1: 16.90, f1: 18.57
epoch: 195, val_loss:1.577052, acc: 36.20, bacc: 29.23, tmp_test_f1: 16.23, f1: 18.57
epoch: 196, val_loss:1.589919, acc: 36.20, bacc: 29.23, tmp_test_f1: 15.72, f1: 18.57
epoch: 197, val_loss:1.610171, acc: 36.20, bacc: 29.23, tmp_test_f1: 16.21, f1: 18.57
epoch: 198, val_loss:1.587475, acc: 36.20, bacc: 29.23, tmp_test_f1: 16.76, f1: 18.57
epoch: 199, val_loss:1.573988, acc: 36.20, bacc: 29.23, tmp_test_f1: 16.43, f1: 18.57
epoch: 200, val_loss:1.575080, acc: 36.20, bacc: 29.23, tmp_test_f1: 16.02, f1: 18.57
epoch: 201, val_loss:1.586733, acc: 36.20, bacc: 29.23, tmp_test_f1: 15.88, f1: 18.57
epoch: 202, val_loss:1.591270, acc: 36.20, bacc: 29.23, tmp_test_f1: 16.34, f1: 18.57
epoch: 203, val_loss:1.571573, acc: 36.20, bacc: 29.23, tmp_test_f1: 16.46, f1: 18.57
epoch: 204, val_loss:1.566592, acc: 36.20, bacc: 29.23, tmp_test_f1: 16.05, f1: 18.57
epoch: 205, val_loss:1.578379, acc: 36.20, bacc: 29.23, tmp_test_f1: 15.59, f1: 18.57
epoch: 206, val_loss:1.593479, acc: 36.20, bacc: 29.23, tmp_test_f1: 16.19, f1: 18.57
epoch: 207, val_loss:1.574932, acc: 36.20, bacc: 29.23, tmp_test_f1: 16.30, f1: 18.57
epoch: 208, val_loss:1.569790, acc: 36.20, bacc: 29.23, tmp_test_f1: 16.32, f1: 18.57
epoch: 209, val_loss:1.567719, acc: 36.20, bacc: 29.23, tmp_test_f1: 16.03, f1: 18.57
epoch: 210, val_loss:1.586090, acc: 36.20, bacc: 29.23, tmp_test_f1: 16.02, f1: 18.57
epoch: 211, val_loss:1.594529, acc: 36.20, bacc: 29.23, tmp_test_f1: 16.31, f1: 18.57
epoch: 212, val_loss:1.578745, acc: 36.20, bacc: 29.23, tmp_test_f1: 16.32, f1: 18.57
epoch: 213, val_loss:1.572269, acc: 36.20, bacc: 29.23, tmp_test_f1: 16.38, f1: 18.57
epoch: 214, val_loss:1.581596, acc: 36.20, bacc: 29.23, tmp_test_f1: 16.40, f1: 18.57
epoch: 215, val_loss:1.584712, acc: 36.20, bacc: 29.23, tmp_test_f1: 16.10, f1: 18.57
epoch: 216, val_loss:1.593718, acc: 36.20, bacc: 29.23, tmp_test_f1: 16.50, f1: 18.57
epoch: 217, val_loss:1.576050, acc: 36.20, bacc: 29.23, tmp_test_f1: 16.39, f1: 18.57
epoch: 218, val_loss:1.579385, acc: 36.20, bacc: 29.23, tmp_test_f1: 16.01, f1: 18.57
epoch: 219, val_loss:1.612128, acc: 36.20, bacc: 29.23, tmp_test_f1: 16.32, f1: 18.57
epoch: 220, val_loss:1.584351, acc: 36.20, bacc: 29.23, tmp_test_f1: 17.07, f1: 18.57
epoch: 221, val_loss:1.560665, acc: 36.20, bacc: 29.23, tmp_test_f1: 16.60, f1: 18.57
epoch: 222, val_loss:1.566049, acc: 36.20, bacc: 29.23, tmp_test_f1: 15.81, f1: 18.57
epoch: 223, val_loss:1.636706, acc: 36.20, bacc: 29.23, tmp_test_f1: 16.34, f1: 18.57
epoch: 224, val_loss:1.603689, acc: 36.20, bacc: 29.23, tmp_test_f1: 17.21, f1: 18.57
epoch: 225, val_loss:1.569711, acc: 36.20, bacc: 29.23, tmp_test_f1: 17.24, f1: 18.57
epoch: 226, val_loss:1.576980, acc: 36.20, bacc: 29.23, tmp_test_f1: 15.82, f1: 18.57
epoch: 227, val_loss:1.641950, acc: 36.20, bacc: 29.23, tmp_test_f1: 15.67, f1: 18.57
epoch: 228, val_loss:1.662925, acc: 36.20, bacc: 29.23, tmp_test_f1: 17.02, f1: 18.57
epoch: 229, val_loss:1.595464, acc: 36.20, bacc: 29.23, tmp_test_f1: 17.05, f1: 18.57
epoch: 230, val_loss:1.590690, acc: 36.20, bacc: 29.23, tmp_test_f1: 16.58, f1: 18.57
epoch: 231, val_loss:1.607381, acc: 36.20, bacc: 29.23, tmp_test_f1: 15.64, f1: 18.57
epoch: 232, val_loss:1.649335, acc: 36.20, bacc: 29.23, tmp_test_f1: 16.44, f1: 18.57
epoch: 233, val_loss:1.602574, acc: 36.20, bacc: 29.23, tmp_test_f1: 16.95, f1: 18.57
epoch: 234, val_loss:1.593394, acc: 36.20, bacc: 29.23, tmp_test_f1: 16.22, f1: 18.57
epoch: 235, val_loss:1.604883, acc: 36.20, bacc: 29.23, tmp_test_f1: 15.54, f1: 18.57
epoch: 236, val_loss:1.642513, acc: 36.20, bacc: 29.23, tmp_test_f1: 15.97, f1: 18.57
epoch: 237, val_loss:1.606597, acc: 36.20, bacc: 29.23, tmp_test_f1: 16.83, f1: 18.57
epoch: 238, val_loss:1.589362, acc: 36.20, bacc: 29.23, tmp_test_f1: 16.48, f1: 18.57
epoch: 239, val_loss:1.597364, acc: 36.20, bacc: 29.23, tmp_test_f1: 15.23, f1: 18.57
epoch: 240, val_loss:1.660060, acc: 36.20, bacc: 29.23, tmp_test_f1: 15.88, f1: 18.57
epoch: 241, val_loss:1.615338, acc: 36.20, bacc: 29.23, tmp_test_f1: 16.67, f1: 18.57
epoch: 242, val_loss:1.586992, acc: 36.20, bacc: 29.23, tmp_test_f1: 16.53, f1: 18.57
epoch: 243, val_loss:1.600048, acc: 36.20, bacc: 29.23, tmp_test_f1: 15.58, f1: 18.57
epoch: 244, val_loss:1.649677, acc: 36.20, bacc: 29.23, tmp_test_f1: 16.37, f1: 18.57
epoch: 245, val_loss:1.603122, acc: 36.20, bacc: 29.23, tmp_test_f1: 16.68, f1: 18.57
epoch: 246, val_loss:1.586069, acc: 36.20, bacc: 29.23, tmp_test_f1: 16.57, f1: 18.57
epoch: 247, val_loss:1.592489, acc: 36.20, bacc: 29.23, tmp_test_f1: 15.82, f1: 18.57
epoch: 248, val_loss:1.635117, acc: 36.20, bacc: 29.23, tmp_test_f1: 16.23, f1: 18.57
epoch: 249, val_loss:1.607108, acc: 36.20, bacc: 29.23, tmp_test_f1: 16.66, f1: 18.57
epoch: 250, val_loss:1.585872, acc: 36.20, bacc: 29.23, tmp_test_f1: 16.57, f1: 18.57
epoch: 251, val_loss:1.592054, acc: 36.20, bacc: 29.23, tmp_test_f1: 15.63, f1: 18.57
epoch: 252, val_loss:1.634029, acc: 36.20, bacc: 29.23, tmp_test_f1: 16.03, f1: 18.57
epoch: 253, val_loss:1.621633, acc: 36.20, bacc: 29.23, tmp_test_f1: 16.55, f1: 18.57
epoch: 254, val_loss:1.603194, acc: 36.20, bacc: 29.23, tmp_test_f1: 16.27, f1: 18.57
epoch: 255, val_loss:1.610235, acc: 36.20, bacc: 29.23, tmp_test_f1: 15.86, f1: 18.57
epoch: 256, val_loss:1.638132, acc: 36.20, bacc: 29.23, tmp_test_f1: 15.82, f1: 18.57
epoch: 257, val_loss:1.643819, acc: 36.20, bacc: 29.23, tmp_test_f1: 16.07, f1: 18.57
epoch: 258, val_loss:1.612671, acc: 36.20, bacc: 29.23, tmp_test_f1: 16.21, f1: 18.57
epoch: 259, val_loss:1.611082, acc: 36.20, bacc: 29.23, tmp_test_f1: 15.63, f1: 18.57
epoch: 260, val_loss:1.653814, acc: 36.20, bacc: 29.23, tmp_test_f1: 15.84, f1: 18.57
epoch: 261, val_loss:1.641850, acc: 36.20, bacc: 29.23, tmp_test_f1: 17.08, f1: 18.57
epoch: 262, val_loss:1.592713, acc: 36.20, bacc: 29.23, tmp_test_f1: 16.81, f1: 18.57
epoch: 263, val_loss:1.592427, acc: 36.20, bacc: 29.23, tmp_test_f1: 15.27, f1: 18.57
epoch: 264, val_loss:1.664755, acc: 36.20, bacc: 29.23, tmp_test_f1: 16.26, f1: 18.57
epoch: 265, val_loss:1.613431, acc: 36.20, bacc: 29.23, tmp_test_f1: 17.24, f1: 18.57
epoch: 266, val_loss:1.581731, acc: 36.20, bacc: 29.23, tmp_test_f1: 16.65, f1: 18.57
epoch: 267, val_loss:1.588260, acc: 36.20, bacc: 29.23, tmp_test_f1: 15.88, f1: 18.57
epoch: 268, val_loss:1.627007, acc: 36.20, bacc: 29.23, tmp_test_f1: 16.48, f1: 18.57
epoch: 269, val_loss:1.607725, acc: 36.20, bacc: 29.23, tmp_test_f1: 17.25, f1: 18.57
epoch: 270, val_loss:1.576404, acc: 36.20, bacc: 29.23, tmp_test_f1: 16.79, f1: 18.57
epoch: 271, val_loss:1.579727, acc: 36.20, bacc: 29.23, tmp_test_f1: 16.15, f1: 18.57
epoch: 272, val_loss:1.634491, acc: 36.20, bacc: 29.23, tmp_test_f1: 16.37, f1: 18.57
epoch: 273, val_loss:1.604710, acc: 36.20, bacc: 29.23, tmp_test_f1: 16.70, f1: 18.57
epoch: 274, val_loss:1.582450, acc: 36.20, bacc: 29.23, tmp_test_f1: 16.65, f1: 18.57
epoch: 275, val_loss:1.586507, acc: 36.20, bacc: 29.23, tmp_test_f1: 15.79, f1: 18.57
epoch: 276, val_loss:1.635927, acc: 36.20, bacc: 29.23, tmp_test_f1: 16.12, f1: 18.57
epoch: 277, val_loss:1.613314, acc: 36.20, bacc: 29.23, tmp_test_f1: 16.77, f1: 18.57
epoch: 278, val_loss:1.576422, acc: 36.20, bacc: 29.23, tmp_test_f1: 16.75, f1: 18.57
epoch: 279, val_loss:1.575145, acc: 36.20, bacc: 29.23, tmp_test_f1: 15.79, f1: 18.57
epoch: 280, val_loss:1.615521, acc: 36.20, bacc: 29.23, tmp_test_f1: 15.93, f1: 18.57
epoch: 281, val_loss:1.617018, acc: 36.20, bacc: 29.23, tmp_test_f1: 16.74, f1: 18.57
epoch: 282, val_loss:1.574129, acc: 36.20, bacc: 29.23, tmp_test_f1: 16.70, f1: 18.57
epoch: 283, val_loss:1.579404, acc: 36.20, bacc: 29.23, tmp_test_f1: 15.98, f1: 18.57
epoch: 284, val_loss:1.627815, acc: 36.20, bacc: 29.23, tmp_test_f1: 16.42, f1: 18.57
epoch: 285, val_loss:1.609390, acc: 36.20, bacc: 29.23, tmp_test_f1: 17.07, f1: 18.57
epoch: 286, val_loss:1.590392, acc: 36.20, bacc: 29.23, tmp_test_f1: 16.07, f1: 18.57
epoch: 287, val_loss:1.627331, acc: 36.20, bacc: 29.23, tmp_test_f1: 14.94, f1: 18.57
epoch: 288, val_loss:1.683653, acc: 36.20, bacc: 29.23, tmp_test_f1: 16.39, f1: 18.57
epoch: 289, val_loss:1.616673, acc: 36.20, bacc: 29.23, tmp_test_f1: 17.02, f1: 18.57
epoch: 290, val_loss:1.597522, acc: 36.20, bacc: 29.23, tmp_test_f1: 16.00, f1: 18.57
Epoch 00291: reducing learning rate of group 0 to 5.0000e-02.
epoch: 291, val_loss:1.626747, acc: 36.20, bacc: 29.23, tmp_test_f1: 14.90, f1: 18.57
epoch: 292, val_loss:1.678657, acc: 36.20, bacc: 29.23, tmp_test_f1: 15.79, f1: 18.57
epoch: 293, val_loss:1.624449, acc: 36.20, bacc: 29.23, tmp_test_f1: 16.92, f1: 18.57
epoch: 294, val_loss:1.587579, acc: 36.20, bacc: 29.23, tmp_test_f1: 17.16, f1: 18.57
epoch: 295, val_loss:1.583381, acc: 36.20, bacc: 29.23, tmp_test_f1: 16.85, f1: 18.57
epoch: 296, val_loss:1.585924, acc: 36.20, bacc: 29.23, tmp_test_f1: 15.86, f1: 18.57
epoch: 297, val_loss:1.623824, acc: 36.20, bacc: 29.23, tmp_test_f1: 14.94, f1: 18.57
epoch: 298, val_loss:1.682231, acc: 36.20, bacc: 29.23, tmp_test_f1: 15.32, f1: 18.57
epoch: 299, val_loss:1.647679, acc: 36.20, bacc: 29.23, tmp_test_f1: 16.54, f1: 18.57
epoch: 300, val_loss:1.595058, acc: 36.20, bacc: 29.23, tmp_test_f1: 17.11, f1: 18.57
epoch: 301, val_loss:1.584524, acc: 36.20, bacc: 29.23, tmp_test_f1: 17.08, f1: 18.57
epoch: 302, val_loss:1.586809, acc: 36.20, bacc: 29.23, tmp_test_f1: 16.63, f1: 18.57
epoch: 303, val_loss:1.609504, acc: 36.20, bacc: 29.23, tmp_test_f1: 15.14, f1: 18.57
epoch: 304, val_loss:1.676263, acc: 36.20, bacc: 29.23, tmp_test_f1: 15.39, f1: 18.57
epoch: 305, val_loss:1.663465, acc: 36.20, bacc: 29.23, tmp_test_f1: 16.61, f1: 18.57
epoch: 306, val_loss:1.603354, acc: 36.20, bacc: 29.23, tmp_test_f1: 17.09, f1: 18.57
epoch: 307, val_loss:1.590864, acc: 36.20, bacc: 29.23, tmp_test_f1: 16.85, f1: 18.57
epoch: 308, val_loss:1.591904, acc: 36.20, bacc: 29.23, tmp_test_f1: 16.10, f1: 18.57
epoch: 309, val_loss:1.622625, acc: 36.20, bacc: 29.23, tmp_test_f1: 15.28, f1: 18.57
epoch: 310, val_loss:1.682119, acc: 36.20, bacc: 29.23, tmp_test_f1: 15.44, f1: 18.57
epoch: 311, val_loss:1.661960, acc: 36.20, bacc: 29.23, tmp_test_f1: 16.68, f1: 18.57
epoch: 312, val_loss:1.599094, acc: 36.20, bacc: 29.23, tmp_test_f1: 17.16, f1: 18.57
epoch: 313, val_loss:1.589164, acc: 36.20, bacc: 29.23, tmp_test_f1: 17.09, f1: 18.57
epoch: 314, val_loss:1.588080, acc: 36.20, bacc: 29.23, tmp_test_f1: 16.46, f1: 18.57
epoch: 315, val_loss:1.608783, acc: 36.20, bacc: 29.23, tmp_test_f1: 15.47, f1: 18.57
epoch: 316, val_loss:1.664498, acc: 36.20, bacc: 29.23, tmp_test_f1: 15.49, f1: 18.57
epoch: 317, val_loss:1.642495, acc: 36.20, bacc: 29.23, tmp_test_f1: 16.77, f1: 18.57
epoch: 318, val_loss:1.592094, acc: 36.20, bacc: 29.23, tmp_test_f1: 17.24, f1: 18.57
epoch: 319, val_loss:1.584503, acc: 36.20, bacc: 29.23, tmp_test_f1: 17.13, f1: 18.57
epoch: 320, val_loss:1.584428, acc: 36.20, bacc: 29.23, tmp_test_f1: 16.62, f1: 18.57
epoch: 321, val_loss:1.599556, acc: 36.20, bacc: 29.23, tmp_test_f1: 15.48, f1: 18.57
epoch: 322, val_loss:1.651527, acc: 36.20, bacc: 29.23, tmp_test_f1: 15.38, f1: 18.57
epoch: 323, val_loss:1.653077, acc: 36.20, bacc: 29.23, tmp_test_f1: 16.63, f1: 18.57
epoch: 324, val_loss:1.599608, acc: 36.20, bacc: 29.23, tmp_test_f1: 17.19, f1: 18.57
epoch: 325, val_loss:1.587814, acc: 36.20, bacc: 29.23, tmp_test_f1: 17.21, f1: 18.57
epoch: 326, val_loss:1.588760, acc: 36.20, bacc: 29.23, tmp_test_f1: 16.80, f1: 18.57
epoch: 327, val_loss:1.599972, acc: 36.20, bacc: 29.23, tmp_test_f1: 15.80, f1: 18.57
epoch: 328, val_loss:1.644733, acc: 36.20, bacc: 29.23, tmp_test_f1: 15.13, f1: 18.57
epoch: 329, val_loss:1.670029, acc: 36.20, bacc: 29.23, tmp_test_f1: 16.60, f1: 18.57
epoch: 330, val_loss:1.612707, acc: 36.20, bacc: 29.23, tmp_test_f1: 16.97, f1: 18.57
epoch: 331, val_loss:1.587760, acc: 36.20, bacc: 29.23, tmp_test_f1: 17.11, f1: 18.57
epoch: 332, val_loss:1.584879, acc: 36.20, bacc: 29.23, tmp_test_f1: 16.65, f1: 18.57
epoch: 333, val_loss:1.591304, acc: 36.20, bacc: 29.23, tmp_test_f1: 16.20, f1: 18.57
epoch: 334, val_loss:1.624402, acc: 36.20, bacc: 29.23, tmp_test_f1: 15.77, f1: 18.57
epoch: 335, val_loss:1.646001, acc: 36.20, bacc: 29.23, tmp_test_f1: 16.39, f1: 18.57
epoch: 336, val_loss:1.608133, acc: 36.20, bacc: 29.23, tmp_test_f1: 16.75, f1: 18.57
epoch: 337, val_loss:1.585875, acc: 36.20, bacc: 29.23, tmp_test_f1: 16.78, f1: 18.57
epoch: 338, val_loss:1.583586, acc: 36.20, bacc: 29.23, tmp_test_f1: 16.43, f1: 18.57
epoch: 339, val_loss:1.599184, acc: 36.20, bacc: 29.23, tmp_test_f1: 15.75, f1: 18.57
epoch: 340, val_loss:1.637988, acc: 36.20, bacc: 29.23, tmp_test_f1: 15.59, f1: 18.57
epoch: 341, val_loss:1.645925, acc: 36.20, bacc: 29.23, tmp_test_f1: 16.38, f1: 18.57
epoch: 342, val_loss:1.598924, acc: 36.20, bacc: 29.23, tmp_test_f1: 16.96, f1: 18.57
epoch: 343, val_loss:1.584417, acc: 36.20, bacc: 29.23, tmp_test_f1: 16.90, f1: 18.57
epoch: 344, val_loss:1.586109, acc: 36.20, bacc: 29.23, tmp_test_f1: 16.22, f1: 18.57
epoch: 345, val_loss:1.610170, acc: 36.20, bacc: 29.23, tmp_test_f1: 15.37, f1: 18.57
epoch: 346, val_loss:1.647956, acc: 36.20, bacc: 29.23, tmp_test_f1: 15.71, f1: 18.57
epoch: 347, val_loss:1.629299, acc: 36.20, bacc: 29.23, tmp_test_f1: 16.72, f1: 18.57
epoch: 348, val_loss:1.587326, acc: 36.20, bacc: 29.23, tmp_test_f1: 16.93, f1: 18.57
epoch: 349, val_loss:1.579982, acc: 36.20, bacc: 29.23, tmp_test_f1: 16.73, f1: 18.57
epoch: 350, val_loss:1.587271, acc: 36.20, bacc: 29.23, tmp_test_f1: 15.88, f1: 18.57
epoch: 351, val_loss:1.624414, acc: 36.20, bacc: 29.23, tmp_test_f1: 15.35, f1: 18.57
epoch: 352, val_loss:1.641891, acc: 36.20, bacc: 29.23, tmp_test_f1: 16.05, f1: 18.57
epoch: 353, val_loss:1.606845, acc: 36.20, bacc: 29.23, tmp_test_f1: 16.85, f1: 18.57
epoch: 354, val_loss:1.583532, acc: 36.20, bacc: 29.23, tmp_test_f1: 16.96, f1: 18.57
epoch: 355, val_loss:1.582975, acc: 36.20, bacc: 29.23, tmp_test_f1: 16.55, f1: 18.57
epoch: 356, val_loss:1.596159, acc: 36.20, bacc: 29.23, tmp_test_f1: 15.73, f1: 18.57
epoch: 357, val_loss:1.622666, acc: 36.20, bacc: 29.23, tmp_test_f1: 15.65, f1: 18.57
epoch: 358, val_loss:1.633726, acc: 36.20, bacc: 29.23, tmp_test_f1: 16.49, f1: 18.57
epoch: 359, val_loss:1.605231, acc: 36.20, bacc: 29.23, tmp_test_f1: 16.80, f1: 18.57
epoch: 360, val_loss:1.593102, acc: 36.20, bacc: 29.23, tmp_test_f1: 16.79, f1: 18.57
epoch: 361, val_loss:1.595806, acc: 36.20, bacc: 29.23, tmp_test_f1: 16.32, f1: 18.57
epoch: 362, val_loss:1.613589, acc: 36.20, bacc: 29.23, tmp_test_f1: 15.66, f1: 18.57
epoch: 363, val_loss:1.645981, acc: 36.20, bacc: 29.23, tmp_test_f1: 16.08, f1: 18.57
epoch: 364, val_loss:1.630042, acc: 36.20, bacc: 29.23, tmp_test_f1: 16.26, f1: 18.57
epoch: 365, val_loss:1.615247, acc: 36.20, bacc: 29.23, tmp_test_f1: 16.50, f1: 18.57
epoch: 366, val_loss:1.610309, acc: 36.20, bacc: 29.23, tmp_test_f1: 16.16, f1: 18.57
epoch: 367, val_loss:1.623860, acc: 36.20, bacc: 29.23, tmp_test_f1: 15.95, f1: 18.57
epoch: 368, val_loss:1.636136, acc: 36.20, bacc: 29.23, tmp_test_f1: 16.10, f1: 18.57
epoch: 369, val_loss:1.630360, acc: 36.20, bacc: 29.23, tmp_test_f1: 16.40, f1: 18.57
epoch: 370, val_loss:1.609828, acc: 36.20, bacc: 29.23, tmp_test_f1: 16.54, f1: 18.57
epoch: 371, val_loss:1.601598, acc: 36.20, bacc: 29.23, tmp_test_f1: 16.49, f1: 18.57
epoch: 372, val_loss:1.611097, acc: 36.20, bacc: 29.23, tmp_test_f1: 15.95, f1: 18.57
epoch: 373, val_loss:1.631877, acc: 36.20, bacc: 29.23, tmp_test_f1: 16.06, f1: 18.57
epoch: 374, val_loss:1.628805, acc: 36.20, bacc: 29.23, tmp_test_f1: 16.64, f1: 18.57
epoch: 375, val_loss:1.607728, acc: 36.20, bacc: 29.23, tmp_test_f1: 16.59, f1: 18.57
epoch: 376, val_loss:1.601738, acc: 36.20, bacc: 29.23, tmp_test_f1: 16.42, f1: 18.57
epoch: 377, val_loss:1.613902, acc: 36.20, bacc: 29.23, tmp_test_f1: 16.02, f1: 18.57
epoch: 378, val_loss:1.633607, acc: 36.20, bacc: 29.23, tmp_test_f1: 16.26, f1: 18.57
epoch: 379, val_loss:1.622795, acc: 36.20, bacc: 29.23, tmp_test_f1: 16.72, f1: 18.57
epoch: 380, val_loss:1.597733, acc: 36.20, bacc: 29.23, tmp_test_f1: 16.76, f1: 18.57
epoch: 381, val_loss:1.595763, acc: 36.20, bacc: 29.23, tmp_test_f1: 16.60, f1: 18.57
epoch: 382, val_loss:1.606096, acc: 36.20, bacc: 29.23, tmp_test_f1: 15.93, f1: 18.57
epoch: 383, val_loss:1.632264, acc: 36.20, bacc: 29.23, tmp_test_f1: 16.00, f1: 18.57
epoch: 384, val_loss:1.622764, acc: 36.20, bacc: 29.23, tmp_test_f1: 16.75, f1: 18.57
epoch: 385, val_loss:1.591054, acc: 36.20, bacc: 29.23, tmp_test_f1: 16.85, f1: 18.57
epoch: 386, val_loss:1.587041, acc: 36.20, bacc: 29.23, tmp_test_f1: 16.59, f1: 18.57
epoch: 387, val_loss:1.596622, acc: 36.20, bacc: 29.23, tmp_test_f1: 16.02, f1: 18.57
epoch: 388, val_loss:1.615168, acc: 36.20, bacc: 29.23, tmp_test_f1: 15.96, f1: 18.57
epoch: 389, val_loss:1.618427, acc: 36.20, bacc: 29.23, tmp_test_f1: 16.28, f1: 18.57
epoch: 390, val_loss:1.599177, acc: 36.20, bacc: 29.23, tmp_test_f1: 16.51, f1: 18.57
epoch: 391, val_loss:1.590872, acc: 36.20, bacc: 29.23, tmp_test_f1: 16.28, f1: 18.57
epoch: 392, val_loss:1.603238, acc: 36.20, bacc: 29.23, tmp_test_f1: 15.94, f1: 18.57
epoch: 393, val_loss:1.614722, acc: 36.20, bacc: 29.23, tmp_test_f1: 16.18, f1: 18.57
epoch: 394, val_loss:1.603755, acc: 36.20, bacc: 29.23, tmp_test_f1: 16.18, f1: 18.57
epoch: 395, val_loss:1.604234, acc: 36.20, bacc: 29.23, tmp_test_f1: 16.17, f1: 18.57
epoch: 396, val_loss:1.598295, acc: 36.20, bacc: 29.23, tmp_test_f1: 16.31, f1: 18.57
epoch: 397, val_loss:1.595659, acc: 36.20, bacc: 29.23, tmp_test_f1: 16.07, f1: 18.57
epoch: 398, val_loss:1.604503, acc: 36.20, bacc: 29.23, tmp_test_f1: 16.23, f1: 18.57
epoch: 399, val_loss:1.605621, acc: 36.20, bacc: 29.23, tmp_test_f1: 16.58, f1: 18.57
epoch: 400, val_loss:1.592993, acc: 36.20, bacc: 29.23, tmp_test_f1: 16.60, f1: 18.57
epoch: 401, val_loss:1.592099, acc: 36.20, bacc: 29.23, tmp_test_f1: 16.36, f1: 18.57
epoch: 402, val_loss:1.606369, acc: 36.20, bacc: 29.23, tmp_test_f1: 15.79, f1: 18.57
epoch: 403, val_loss:1.640226, acc: 36.20, bacc: 29.23, tmp_test_f1: 16.12, f1: 18.57
epoch: 404, val_loss:1.626359, acc: 36.20, bacc: 29.23, tmp_test_f1: 16.55, f1: 18.57
epoch: 405, val_loss:1.604703, acc: 36.20, bacc: 29.23, tmp_test_f1: 16.63, f1: 18.57
epoch: 406, val_loss:1.608938, acc: 36.20, bacc: 29.23, tmp_test_f1: 16.28, f1: 18.57
epoch: 407, val_loss:1.629110, acc: 36.20, bacc: 29.23, tmp_test_f1: 16.13, f1: 18.57
epoch: 408, val_loss:1.644157, acc: 36.20, bacc: 29.23, tmp_test_f1: 16.35, f1: 18.57
epoch: 409, val_loss:1.630396, acc: 36.20, bacc: 29.23, tmp_test_f1: 16.59, f1: 18.57
epoch: 410, val_loss:1.619435, acc: 36.20, bacc: 29.23, tmp_test_f1: 16.40, f1: 18.57
epoch: 411, val_loss:1.625891, acc: 36.20, bacc: 29.23, tmp_test_f1: 16.01, f1: 18.57
epoch: 412, val_loss:1.656768, acc: 36.20, bacc: 29.23, tmp_test_f1: 15.83, f1: 18.57
epoch: 413, val_loss:1.668017, acc: 36.20, bacc: 29.23, tmp_test_f1: 16.12, f1: 18.57
epoch: 414, val_loss:1.642510, acc: 36.20, bacc: 29.23, tmp_test_f1: 16.60, f1: 18.57
epoch: 415, val_loss:1.621563, acc: 36.20, bacc: 29.23, tmp_test_f1: 16.50, f1: 18.57
epoch: 416, val_loss:1.625060, acc: 36.20, bacc: 29.23, tmp_test_f1: 16.16, f1: 18.57
epoch: 417, val_loss:1.650355, acc: 36.20, bacc: 29.23, tmp_test_f1: 15.99, f1: 18.57
epoch: 418, val_loss:1.668228, acc: 36.20, bacc: 29.23, tmp_test_f1: 16.22, f1: 18.57
epoch: 419, val_loss:1.638018, acc: 36.20, bacc: 29.23, tmp_test_f1: 16.44, f1: 18.57
epoch: 420, val_loss:1.624598, acc: 36.20, bacc: 29.23, tmp_test_f1: 16.45, f1: 18.57
epoch: 421, val_loss:1.622195, acc: 36.20, bacc: 29.23, tmp_test_f1: 16.30, f1: 18.57
epoch: 422, val_loss:1.634435, acc: 36.20, bacc: 29.23, tmp_test_f1: 16.01, f1: 18.57
epoch: 423, val_loss:1.642029, acc: 36.20, bacc: 29.23, tmp_test_f1: 16.29, f1: 18.57
epoch: 424, val_loss:1.634208, acc: 36.20, bacc: 29.23, tmp_test_f1: 16.49, f1: 18.57
epoch: 425, val_loss:1.615423, acc: 36.20, bacc: 29.23, tmp_test_f1: 16.69, f1: 18.57
epoch: 426, val_loss:1.609759, acc: 36.20, bacc: 29.23, tmp_test_f1: 16.27, f1: 18.57
epoch: 427, val_loss:1.626187, acc: 36.20, bacc: 29.23, tmp_test_f1: 16.03, f1: 18.57
epoch: 428, val_loss:1.635872, acc: 36.20, bacc: 29.23, tmp_test_f1: 16.40, f1: 18.57
epoch: 429, val_loss:1.621533, acc: 36.20, bacc: 29.23, tmp_test_f1: 16.76, f1: 18.57
epoch: 430, val_loss:1.601359, acc: 36.20, bacc: 29.23, tmp_test_f1: 16.52, f1: 18.57
epoch: 431, val_loss:1.608192, acc: 36.20, bacc: 29.23, tmp_test_f1: 15.93, f1: 18.57
epoch: 432, val_loss:1.635703, acc: 36.20, bacc: 29.23, tmp_test_f1: 15.81, f1: 18.57
epoch: 433, val_loss:1.650606, acc: 36.20, bacc: 29.23, tmp_test_f1: 16.35, f1: 18.57
epoch: 434, val_loss:1.614501, acc: 36.20, bacc: 29.23, tmp_test_f1: 16.77, f1: 18.57
epoch: 435, val_loss:1.600097, acc: 36.20, bacc: 29.23, tmp_test_f1: 16.40, f1: 18.57
epoch: 436, val_loss:1.617694, acc: 36.20, bacc: 29.23, tmp_test_f1: 15.78, f1: 18.57
epoch: 437, val_loss:1.660984, acc: 36.20, bacc: 29.23, tmp_test_f1: 16.02, f1: 18.57
epoch: 438, val_loss:1.644123, acc: 36.20, bacc: 29.23, tmp_test_f1: 16.46, f1: 18.57
epoch: 439, val_loss:1.614848, acc: 36.20, bacc: 29.23, tmp_test_f1: 16.70, f1: 18.57
epoch: 440, val_loss:1.605333, acc: 36.20, bacc: 29.23, tmp_test_f1: 16.37, f1: 18.57
epoch: 441, val_loss:1.620995, acc: 36.20, bacc: 29.23, tmp_test_f1: 15.93, f1: 18.57
epoch: 442, val_loss:1.654874, acc: 36.20, bacc: 29.23, tmp_test_f1: 16.14, f1: 18.57
epoch: 443, val_loss:1.642829, acc: 36.20, bacc: 29.23, tmp_test_f1: 16.46, f1: 18.57
epoch: 444, val_loss:1.622841, acc: 36.20, bacc: 29.23, tmp_test_f1: 16.44, f1: 18.57
epoch: 445, val_loss:1.622081, acc: 36.20, bacc: 29.23, tmp_test_f1: 16.10, f1: 18.57
epoch: 446, val_loss:1.642027, acc: 36.20, bacc: 29.23, tmp_test_f1: 15.94, f1: 18.57
epoch: 447, val_loss:1.659212, acc: 36.20, bacc: 29.23, tmp_test_f1: 16.04, f1: 18.57
epoch: 448, val_loss:1.646801, acc: 36.20, bacc: 29.23, tmp_test_f1: 16.19, f1: 18.57
epoch: 449, val_loss:1.632788, acc: 36.20, bacc: 29.23, tmp_test_f1: 16.37, f1: 18.57
epoch: 450, val_loss:1.629393, acc: 36.20, bacc: 29.23, tmp_test_f1: 16.38, f1: 18.57
epoch: 451, val_loss:1.628462, acc: 36.20, bacc: 29.23, tmp_test_f1: 16.26, f1: 18.57
epoch: 452, val_loss:1.632966, acc: 36.20, bacc: 29.23, tmp_test_f1: 16.08, f1: 18.57
epoch: 453, val_loss:1.637576, acc: 36.20, bacc: 29.23, tmp_test_f1: 16.12, f1: 18.57
epoch: 454, val_loss:1.637322, acc: 36.20, bacc: 29.23, tmp_test_f1: 16.14, f1: 18.57
epoch: 455, val_loss:1.634470, acc: 36.20, bacc: 29.23, tmp_test_f1: 16.11, f1: 18.57
epoch: 456, val_loss:1.640000, acc: 36.20, bacc: 29.23, tmp_test_f1: 15.98, f1: 18.57
epoch: 457, val_loss:1.648276, acc: 36.20, bacc: 29.23, tmp_test_f1: 16.19, f1: 18.57
epoch: 458, val_loss:1.631339, acc: 36.20, bacc: 29.23, tmp_test_f1: 16.13, f1: 18.57
epoch: 459, val_loss:1.619637, acc: 36.20, bacc: 29.23, tmp_test_f1: 16.10, f1: 18.57
epoch: 460, val_loss:1.628648, acc: 36.20, bacc: 29.23, tmp_test_f1: 15.86, f1: 18.57
epoch: 461, val_loss:1.661817, acc: 36.20, bacc: 29.23, tmp_test_f1: 15.97, f1: 18.57
epoch: 462, val_loss:1.651315, acc: 36.20, bacc: 29.23, tmp_test_f1: 16.22, f1: 18.57
epoch: 463, val_loss:1.619061, acc: 36.20, bacc: 29.23, tmp_test_f1: 16.30, f1: 18.57
epoch: 464, val_loss:1.612718, acc: 36.20, bacc: 29.23, tmp_test_f1: 16.14, f1: 18.57
epoch: 465, val_loss:1.635110, acc: 36.20, bacc: 29.23, tmp_test_f1: 15.67, f1: 18.57
epoch: 466, val_loss:1.669722, acc: 36.20, bacc: 29.23, tmp_test_f1: 16.26, f1: 18.57
epoch: 467, val_loss:1.632312, acc: 36.20, bacc: 29.23, tmp_test_f1: 16.47, f1: 18.57
epoch: 468, val_loss:1.605768, acc: 36.20, bacc: 29.23, tmp_test_f1: 16.46, f1: 18.57
epoch: 469, val_loss:1.614361, acc: 36.20, bacc: 29.23, tmp_test_f1: 16.01, f1: 18.57
epoch: 470, val_loss:1.653901, acc: 36.20, bacc: 29.23, tmp_test_f1: 16.25, f1: 18.57
epoch: 471, val_loss:1.648317, acc: 36.20, bacc: 29.23, tmp_test_f1: 16.49, f1: 18.57
epoch: 472, val_loss:1.609060, acc: 36.20, bacc: 29.23, tmp_test_f1: 16.56, f1: 18.57
epoch: 473, val_loss:1.607072, acc: 36.20, bacc: 29.23, tmp_test_f1: 16.41, f1: 18.57
epoch: 474, val_loss:1.636710, acc: 36.20, bacc: 29.23, tmp_test_f1: 15.91, f1: 18.57
epoch: 475, val_loss:1.686187, acc: 36.20, bacc: 29.23, tmp_test_f1: 16.27, f1: 18.57
epoch: 476, val_loss:1.641653, acc: 36.20, bacc: 29.23, tmp_test_f1: 16.66, f1: 18.57
epoch: 477, val_loss:1.613947, acc: 36.20, bacc: 29.23, tmp_test_f1: 16.31, f1: 18.57
epoch: 478, val_loss:1.632024, acc: 36.20, bacc: 29.23, tmp_test_f1: 16.02, f1: 18.57
epoch: 479, val_loss:1.664361, acc: 36.20, bacc: 29.23, tmp_test_f1: 15.95, f1: 18.57
epoch: 480, val_loss:1.652347, acc: 36.20, bacc: 29.23, tmp_test_f1: 16.52, f1: 18.57
epoch: 481, val_loss:1.624194, acc: 36.20, bacc: 29.23, tmp_test_f1: 16.53, f1: 18.57
epoch: 482, val_loss:1.619522, acc: 36.20, bacc: 29.23, tmp_test_f1: 16.47, f1: 18.57
epoch: 483, val_loss:1.621360, acc: 36.20, bacc: 29.23, tmp_test_f1: 16.27, f1: 18.57
epoch: 484, val_loss:1.628933, acc: 36.20, bacc: 29.23, tmp_test_f1: 16.25, f1: 18.57
epoch: 485, val_loss:1.625177, acc: 36.20, bacc: 29.23, tmp_test_f1: 16.41, f1: 18.57
epoch: 486, val_loss:1.621021, acc: 36.20, bacc: 29.23, tmp_test_f1: 16.30, f1: 18.57
epoch: 487, val_loss:1.625112, acc: 36.20, bacc: 29.23, tmp_test_f1: 16.22, f1: 18.57
epoch: 488, val_loss:1.628968, acc: 36.20, bacc: 29.23, tmp_test_f1: 16.42, f1: 18.57
epoch: 489, val_loss:1.624761, acc: 36.20, bacc: 29.23, tmp_test_f1: 16.28, f1: 18.57
epoch: 490, val_loss:1.633964, acc: 36.20, bacc: 29.23, tmp_test_f1: 16.27, f1: 18.57
epoch: 491, val_loss:1.635764, acc: 36.20, bacc: 29.23, tmp_test_f1: 16.26, f1: 18.57
Epoch 00492: reducing learning rate of group 0 to 2.5000e-02.
epoch: 492, val_loss:1.638615, acc: 36.20, bacc: 29.23, tmp_test_f1: 16.28, f1: 18.57
epoch: 493, val_loss:1.639338, acc: 36.20, bacc: 29.23, tmp_test_f1: 16.23, f1: 18.57
epoch: 494, val_loss:1.639417, acc: 36.20, bacc: 29.23, tmp_test_f1: 16.18, f1: 18.57
epoch: 495, val_loss:1.642013, acc: 36.20, bacc: 29.23, tmp_test_f1: 16.25, f1: 18.57
epoch: 496, val_loss:1.642225, acc: 36.20, bacc: 29.23, tmp_test_f1: 16.32, f1: 18.57
epoch: 497, val_loss:1.639797, acc: 36.20, bacc: 29.23, tmp_test_f1: 16.31, f1: 18.57
epoch: 498, val_loss:1.641276, acc: 36.20, bacc: 29.23, tmp_test_f1: 16.61, f1: 18.57
epoch: 499, val_loss:1.630117, acc: 36.20, bacc: 29.23, tmp_test_f1: 16.77, f1: 18.57
epoch: 500, val_loss:1.624413, acc: 36.20, bacc: 29.23, tmp_test_f1: 16.64, f1: 18.57
epoch: 501, val_loss:1.628382, acc: 36.20, bacc: 29.23, tmp_test_f1: 16.56, f1: 18.57
epoch: 502, val_loss:1.632887, acc: 36.20, bacc: 29.23, tmp_test_f1: 16.41, f1: 18.57
epoch: 503, val_loss:1.638737, acc: 36.20, bacc: 29.23, tmp_test_f1: 16.39, f1: 18.57
epoch: 504, val_loss:1.639481, acc: 36.20, bacc: 29.23, tmp_test_f1: 16.58, f1: 18.57
epoch: 505, val_loss:1.633542, acc: 36.20, bacc: 29.23, tmp_test_f1: 16.65, f1: 18.57
epoch: 506, val_loss:1.626157, acc: 36.20, bacc: 29.23, tmp_test_f1: 16.64, f1: 18.57
epoch: 507, val_loss:1.627839, acc: 36.20, bacc: 29.23, tmp_test_f1: 16.52, f1: 18.57
epoch: 508, val_loss:1.633517, acc: 36.20, bacc: 29.23, tmp_test_f1: 16.38, f1: 18.57
epoch: 509, val_loss:1.642903, acc: 36.20, bacc: 29.23, tmp_test_f1: 16.31, f1: 18.57
epoch: 510, val_loss:1.652961, acc: 36.20, bacc: 29.23, tmp_test_f1: 16.27, f1: 18.57
epoch: 511, val_loss:1.647546, acc: 36.20, bacc: 29.23, tmp_test_f1: 16.52, f1: 18.57
epoch: 512, val_loss:1.635467, acc: 36.20, bacc: 29.23, tmp_test_f1: 16.73, f1: 18.57
epoch: 513, val_loss:1.628024, acc: 36.20, bacc: 29.23, tmp_test_f1: 16.77, f1: 18.57
epoch: 514, val_loss:1.627754, acc: 36.20, bacc: 29.23, tmp_test_f1: 16.42, f1: 18.57
epoch: 515, val_loss:1.639371, acc: 36.20, bacc: 29.23, tmp_test_f1: 16.17, f1: 18.57
epoch: 516, val_loss:1.656866, acc: 36.20, bacc: 29.23, tmp_test_f1: 16.06, f1: 18.57
epoch: 517, val_loss:1.659739, acc: 36.20, bacc: 29.23, tmp_test_f1: 16.21, f1: 18.57
epoch: 518, val_loss:1.649163, acc: 36.20, bacc: 29.23, tmp_test_f1: 16.56, f1: 18.57
epoch: 519, val_loss:1.631286, acc: 36.20, bacc: 29.23, tmp_test_f1: 16.66, f1: 18.57
epoch: 520, val_loss:1.625749, acc: 36.20, bacc: 29.23, tmp_test_f1: 16.54, f1: 18.57
epoch: 521, val_loss:1.631622, acc: 36.20, bacc: 29.23, tmp_test_f1: 16.27, f1: 18.57
epoch: 522, val_loss:1.647487, acc: 36.20, bacc: 29.23, tmp_test_f1: 15.97, f1: 18.57
epoch: 523, val_loss:1.661091, acc: 36.20, bacc: 29.23, tmp_test_f1: 15.99, f1: 18.57
epoch: 524, val_loss:1.653579, acc: 36.20, bacc: 29.23, tmp_test_f1: 16.41, f1: 18.57
epoch: 525, val_loss:1.640507, acc: 36.20, bacc: 29.23, tmp_test_f1: 16.53, f1: 18.57
epoch: 526, val_loss:1.631050, acc: 36.20, bacc: 29.23, tmp_test_f1: 16.51, f1: 18.57
epoch: 527, val_loss:1.631639, acc: 36.20, bacc: 29.23, tmp_test_f1: 16.29, f1: 18.57
epoch: 528, val_loss:1.638329, acc: 36.20, bacc: 29.23, tmp_test_f1: 15.80, f1: 18.57
epoch: 529, val_loss:1.654830, acc: 36.20, bacc: 29.23, tmp_test_f1: 15.79, f1: 18.57
epoch: 530, val_loss:1.657415, acc: 36.20, bacc: 29.23, tmp_test_f1: 16.33, f1: 18.57
epoch: 531, val_loss:1.636230, acc: 36.20, bacc: 29.23, tmp_test_f1: 16.40, f1: 18.57
epoch: 532, val_loss:1.631658, acc: 36.20, bacc: 29.23, tmp_test_f1: 16.39, f1: 18.57
epoch: 533, val_loss:1.632029, acc: 36.20, bacc: 29.23, tmp_test_f1: 15.97, f1: 18.57
epoch: 534, val_loss:1.646615, acc: 36.20, bacc: 29.23, tmp_test_f1: 15.87, f1: 18.57
epoch: 535, val_loss:1.657009, acc: 36.20, bacc: 29.23, tmp_test_f1: 16.01, f1: 18.57
epoch: 536, val_loss:1.648083, acc: 36.20, bacc: 29.23, tmp_test_f1: 16.30, f1: 18.57
epoch: 537, val_loss:1.630228, acc: 36.20, bacc: 29.23, tmp_test_f1: 16.65, f1: 18.57
epoch: 538, val_loss:1.621743, acc: 36.20, bacc: 29.23, tmp_test_f1: 16.38, f1: 18.57
epoch: 539, val_loss:1.627194, acc: 36.20, bacc: 29.23, tmp_test_f1: 16.11, f1: 18.57
epoch: 540, val_loss:1.642609, acc: 36.20, bacc: 29.23, tmp_test_f1: 15.94, f1: 18.57
epoch: 541, val_loss:1.653898, acc: 36.20, bacc: 29.23, tmp_test_f1: 16.06, f1: 18.57
epoch: 542, val_loss:1.639128, acc: 36.20, bacc: 29.23, tmp_test_f1: 16.39, f1: 18.57
epoch: 543, val_loss:1.623697, acc: 36.20, bacc: 29.23, tmp_test_f1: 16.67, f1: 18.57
epoch: 544, val_loss:1.615983, acc: 36.20, bacc: 29.23, tmp_test_f1: 16.53, f1: 18.57
epoch: 545, val_loss:1.615895, acc: 36.20, bacc: 29.23, tmp_test_f1: 16.40, f1: 18.57
epoch: 546, val_loss:1.622832, acc: 36.20, bacc: 29.23, tmp_test_f1: 16.13, f1: 18.57
epoch: 547, val_loss:1.640002, acc: 36.20, bacc: 29.23, tmp_test_f1: 16.07, f1: 18.57
epoch: 548, val_loss:1.643641, acc: 36.20, bacc: 29.23, tmp_test_f1: 16.17, f1: 18.57
epoch: 549, val_loss:1.627736, acc: 36.20, bacc: 29.23, tmp_test_f1: 16.43, f1: 18.57
epoch: 550, val_loss:1.621269, acc: 36.20, bacc: 29.23, tmp_test_f1: 16.19, f1: 18.57
epoch: 551, val_loss:1.631492, acc: 36.20, bacc: 29.23, tmp_test_f1: 16.17, f1: 18.57
epoch: 552, val_loss:1.649757, acc: 36.20, bacc: 29.23, tmp_test_f1: 16.12, f1: 18.57
epoch: 553, val_loss:1.650877, acc: 36.20, bacc: 29.23, tmp_test_f1: 16.34, f1: 18.57
epoch: 554, val_loss:1.636642, acc: 36.20, bacc: 29.23, tmp_test_f1: 16.34, f1: 18.57
epoch: 555, val_loss:1.630618, acc: 36.20, bacc: 29.23, tmp_test_f1: 16.29, f1: 18.57
epoch: 556, val_loss:1.637667, acc: 36.20, bacc: 29.23, tmp_test_f1: 16.10, f1: 18.57
epoch: 557, val_loss:1.648559, acc: 36.20, bacc: 29.23, tmp_test_f1: 16.04, f1: 18.57
epoch: 558, val_loss:1.651889, acc: 36.20, bacc: 29.23, tmp_test_f1: 16.16, f1: 18.57
epoch: 559, val_loss:1.640532, acc: 36.20, bacc: 29.23, tmp_test_f1: 16.55, f1: 18.57
epoch: 560, val_loss:1.627084, acc: 36.20, bacc: 29.23, tmp_test_f1: 16.45, f1: 18.57
epoch: 561, val_loss:1.628264, acc: 36.20, bacc: 29.23, tmp_test_f1: 16.08, f1: 18.57
epoch: 562, val_loss:1.648019, acc: 36.20, bacc: 29.23, tmp_test_f1: 15.84, f1: 18.57
epoch: 563, val_loss:1.663705, acc: 36.20, bacc: 29.23, tmp_test_f1: 16.04, f1: 18.57
epoch: 564, val_loss:1.658157, acc: 36.20, bacc: 29.23, tmp_test_f1: 16.30, f1: 18.57
epoch: 565, val_loss:1.633993, acc: 36.20, bacc: 29.23, tmp_test_f1: 16.56, f1: 18.57
epoch: 566, val_loss:1.621292, acc: 36.20, bacc: 29.23, tmp_test_f1: 16.53, f1: 18.57
epoch: 567, val_loss:1.623125, acc: 36.20, bacc: 29.23, tmp_test_f1: 16.31, f1: 18.57
epoch: 568, val_loss:1.635830, acc: 36.20, bacc: 29.23, tmp_test_f1: 15.98, f1: 18.57
epoch: 569, val_loss:1.660880, acc: 36.20, bacc: 29.23, tmp_test_f1: 15.98, f1: 18.57
epoch: 570, val_loss:1.662115, acc: 36.20, bacc: 29.23, tmp_test_f1: 16.14, f1: 18.57
epoch: 571, val_loss:1.647346, acc: 36.20, bacc: 29.23, tmp_test_f1: 16.45, f1: 18.57
epoch: 572, val_loss:1.631831, acc: 36.20, bacc: 29.23, tmp_test_f1: 16.50, f1: 18.57
epoch: 573, val_loss:1.636035, acc: 36.20, bacc: 29.23, tmp_test_f1: 16.08, f1: 18.57
epoch: 574, val_loss:1.651141, acc: 36.20, bacc: 29.23, tmp_test_f1: 16.09, f1: 18.57
epoch: 575, val_loss:1.659082, acc: 36.20, bacc: 29.23, tmp_test_f1: 16.33, f1: 18.57
epoch: 576, val_loss:1.640257, acc: 36.20, bacc: 29.23, tmp_test_f1: 16.68, f1: 18.57
epoch: 577, val_loss:1.624576, acc: 36.20, bacc: 29.23, tmp_test_f1: 16.53, f1: 18.57
epoch: 578, val_loss:1.627036, acc: 36.20, bacc: 29.23, tmp_test_f1: 16.16, f1: 18.57
epoch: 579, val_loss:1.646029, acc: 36.20, bacc: 29.23, tmp_test_f1: 15.84, f1: 18.57
epoch: 580, val_loss:1.664016, acc: 36.20, bacc: 29.23, tmp_test_f1: 16.24, f1: 18.57
epoch: 581, val_loss:1.647634, acc: 36.20, bacc: 29.23, tmp_test_f1: 16.46, f1: 18.57
epoch: 582, val_loss:1.627299, acc: 36.20, bacc: 29.23, tmp_test_f1: 16.52, f1: 18.57
epoch: 583, val_loss:1.623183, acc: 36.20, bacc: 29.23, tmp_test_f1: 16.36, f1: 18.57
epoch: 584, val_loss:1.637854, acc: 36.20, bacc: 29.23, tmp_test_f1: 15.82, f1: 18.57
epoch: 585, val_loss:1.663678, acc: 36.20, bacc: 29.23, tmp_test_f1: 15.81, f1: 18.57
epoch: 586, val_loss:1.666454, acc: 36.20, bacc: 29.23, tmp_test_f1: 16.22, f1: 18.57
epoch: 587, val_loss:1.645537, acc: 36.20, bacc: 29.23, tmp_test_f1: 16.41, f1: 18.57
epoch: 588, val_loss:1.630614, acc: 36.20, bacc: 29.23, tmp_test_f1: 16.45, f1: 18.57
epoch: 589, val_loss:1.632026, acc: 36.20, bacc: 29.23, tmp_test_f1: 16.10, f1: 18.57
epoch: 590, val_loss:1.648726, acc: 36.20, bacc: 29.23, tmp_test_f1: 15.93, f1: 18.57
epoch: 591, val_loss:1.664724, acc: 36.20, bacc: 29.23, tmp_test_f1: 16.00, f1: 18.57
epoch: 592, val_loss:1.659616, acc: 36.20, bacc: 29.23, tmp_test_f1: 16.16, f1: 18.57
epoch: 593, val_loss:1.642800, acc: 36.20, bacc: 29.23, tmp_test_f1: 16.50, f1: 18.57
epoch: 594, val_loss:1.632673, acc: 36.20, bacc: 29.23, tmp_test_f1: 16.39, f1: 18.57
epoch: 595, val_loss:1.636580, acc: 36.20, bacc: 29.23, tmp_test_f1: 16.14, f1: 18.57
epoch: 596, val_loss:1.658210, acc: 36.20, bacc: 29.23, tmp_test_f1: 16.00, f1: 18.57
epoch: 597, val_loss:1.680229, acc: 36.20, bacc: 29.23, tmp_test_f1: 16.09, f1: 18.57
epoch: 598, val_loss:1.668319, acc: 36.20, bacc: 29.23, tmp_test_f1: 16.25, f1: 18.57
epoch: 599, val_loss:1.640479, acc: 36.20, bacc: 29.23, tmp_test_f1: 16.48, f1: 18.57
epoch: 600, val_loss:1.632369, acc: 36.20, bacc: 29.23, tmp_test_f1: 16.17, f1: 18.57
epoch: 601, val_loss:1.644608, acc: 36.20, bacc: 29.23, tmp_test_f1: 15.88, f1: 18.57
epoch: 602, val_loss:1.674580, acc: 36.20, bacc: 29.23, tmp_test_f1: 15.65, f1: 18.57
epoch: 603, val_loss:1.694317, acc: 36.20, bacc: 29.23, tmp_test_f1: 16.14, f1: 18.57
epoch: 604, val_loss:1.657274, acc: 36.20, bacc: 29.23, tmp_test_f1: 16.44, f1: 18.57
epoch: 605, val_loss:1.627008, acc: 36.20, bacc: 29.23, tmp_test_f1: 16.65, f1: 18.57
epoch: 606, val_loss:1.623805, acc: 36.20, bacc: 29.23, tmp_test_f1: 16.08, f1: 18.57
epoch: 607, val_loss:1.637692, acc: 36.20, bacc: 29.23, tmp_test_f1: 16.04, f1: 18.57
epoch: 608, val_loss:1.658553, acc: 36.20, bacc: 29.23, tmp_test_f1: 15.94, f1: 18.57
epoch: 609, val_loss:1.668781, acc: 36.20, bacc: 29.23, tmp_test_f1: 16.13, f1: 18.57
epoch: 610, val_loss:1.649676, acc: 36.20, bacc: 29.23, tmp_test_f1: 16.30, f1: 18.57
epoch: 611, val_loss:1.634725, acc: 36.20, bacc: 29.23, tmp_test_f1: 16.56, f1: 18.57
epoch: 612, val_loss:1.627992, acc: 36.20, bacc: 29.23, tmp_test_f1: 16.34, f1: 18.57
epoch: 613, val_loss:1.637024, acc: 36.20, bacc: 29.23, tmp_test_f1: 16.16, f1: 18.57
epoch: 614, val_loss:1.653339, acc: 36.20, bacc: 29.23, tmp_test_f1: 15.90, f1: 18.57
epoch: 615, val_loss:1.678677, acc: 36.20, bacc: 29.23, tmp_test_f1: 16.11, f1: 18.57
epoch: 616, val_loss:1.668781, acc: 36.20, bacc: 29.23, tmp_test_f1: 16.39, f1: 18.57
epoch: 617, val_loss:1.636016, acc: 36.20, bacc: 29.23, tmp_test_f1: 16.79, f1: 18.57
epoch: 618, val_loss:1.622507, acc: 36.20, bacc: 29.23, tmp_test_f1: 16.43, f1: 18.57
epoch: 619, val_loss:1.629629, acc: 36.20, bacc: 29.23, tmp_test_f1: 16.22, f1: 18.57
epoch: 620, val_loss:1.660410, acc: 36.20, bacc: 29.23, tmp_test_f1: 15.83, f1: 18.57
epoch: 621, val_loss:1.684743, acc: 36.20, bacc: 29.23, tmp_test_f1: 16.01, f1: 18.57
epoch: 622, val_loss:1.667170, acc: 36.20, bacc: 29.23, tmp_test_f1: 16.44, f1: 18.57
epoch: 623, val_loss:1.635780, acc: 36.20, bacc: 29.23, tmp_test_f1: 16.69, f1: 18.57
epoch: 624, val_loss:1.623136, acc: 36.20, bacc: 29.23, tmp_test_f1: 16.39, f1: 18.57
epoch: 625, val_loss:1.632346, acc: 36.20, bacc: 29.23, tmp_test_f1: 16.14, f1: 18.57
epoch: 626, val_loss:1.656883, acc: 36.20, bacc: 29.23, tmp_test_f1: 16.05, f1: 18.57
epoch: 627, val_loss:1.670135, acc: 36.20, bacc: 29.23, tmp_test_f1: 16.13, f1: 18.57
epoch: 628, val_loss:1.660574, acc: 36.20, bacc: 29.23, tmp_test_f1: 16.46, f1: 18.57
epoch: 629, val_loss:1.634107, acc: 36.20, bacc: 29.23, tmp_test_f1: 16.68, f1: 18.57
epoch: 630, val_loss:1.623957, acc: 36.20, bacc: 29.23, tmp_test_f1: 16.45, f1: 18.57
epoch: 631, val_loss:1.634518, acc: 36.20, bacc: 29.23, tmp_test_f1: 16.19, f1: 18.57
epoch: 632, val_loss:1.659090, acc: 36.20, bacc: 29.23, tmp_test_f1: 15.76, f1: 18.57
epoch: 633, val_loss:1.686076, acc: 36.20, bacc: 29.23, tmp_test_f1: 15.95, f1: 18.57
epoch: 634, val_loss:1.670435, acc: 36.20, bacc: 29.23, tmp_test_f1: 16.29, f1: 18.57
epoch: 635, val_loss:1.632591, acc: 36.20, bacc: 29.23, tmp_test_f1: 16.75, f1: 18.57
epoch: 636, val_loss:1.622194, acc: 36.20, bacc: 29.23, tmp_test_f1: 16.28, f1: 18.57
epoch: 637, val_loss:1.636346, acc: 36.20, bacc: 29.23, tmp_test_f1: 16.08, f1: 18.57
epoch: 638, val_loss:1.655135, acc: 36.20, bacc: 29.23, tmp_test_f1: 16.08, f1: 18.57
epoch: 639, val_loss:1.656560, acc: 36.20, bacc: 29.23, tmp_test_f1: 16.27, f1: 18.57
epoch: 640, val_loss:1.640712, acc: 36.20, bacc: 29.23, tmp_test_f1: 16.56, f1: 18.57
epoch: 641, val_loss:1.619767, acc: 36.20, bacc: 29.23, tmp_test_f1: 16.61, f1: 18.57
epoch: 642, val_loss:1.618747, acc: 36.20, bacc: 29.23, tmp_test_f1: 16.32, f1: 18.57
epoch: 643, val_loss:1.636051, acc: 36.20, bacc: 29.23, tmp_test_f1: 15.90, f1: 18.57
epoch: 644, val_loss:1.664909, acc: 36.20, bacc: 29.23, tmp_test_f1: 15.89, f1: 18.57
epoch: 645, val_loss:1.670683, acc: 36.20, bacc: 29.23, tmp_test_f1: 16.11, f1: 18.57
epoch: 646, val_loss:1.652419, acc: 36.20, bacc: 29.23, tmp_test_f1: 16.39, f1: 18.57
epoch: 647, val_loss:1.636298, acc: 36.20, bacc: 29.23, tmp_test_f1: 16.43, f1: 18.57
epoch: 648, val_loss:1.634424, acc: 36.20, bacc: 29.23, tmp_test_f1: 16.18, f1: 18.57
epoch: 649, val_loss:1.648571, acc: 36.20, bacc: 29.23, tmp_test_f1: 15.81, f1: 18.57
epoch: 650, val_loss:1.686907, acc: 36.20, bacc: 29.23, tmp_test_f1: 15.69, f1: 18.57
epoch: 651, val_loss:1.699241, acc: 36.20, bacc: 29.23, tmp_test_f1: 16.01, f1: 18.57
epoch: 652, val_loss:1.667003, acc: 36.20, bacc: 29.23, tmp_test_f1: 16.46, f1: 18.57
epoch: 653, val_loss:1.639252, acc: 36.20, bacc: 29.23, tmp_test_f1: 16.68, f1: 18.57
epoch: 654, val_loss:1.633938, acc: 36.20, bacc: 29.23, tmp_test_f1: 16.52, f1: 18.57
epoch: 655, val_loss:1.646068, acc: 36.20, bacc: 29.23, tmp_test_f1: 16.17, f1: 18.57
epoch: 656, val_loss:1.671326, acc: 36.20, bacc: 29.23, tmp_test_f1: 15.84, f1: 18.57
epoch: 657, val_loss:1.696078, acc: 36.20, bacc: 29.23, tmp_test_f1: 16.14, f1: 18.57
epoch: 658, val_loss:1.688129, acc: 36.20, bacc: 29.23, tmp_test_f1: 16.43, f1: 18.57
epoch: 659, val_loss:1.655214, acc: 36.20, bacc: 29.23, tmp_test_f1: 16.73, f1: 18.57
epoch: 660, val_loss:1.643749, acc: 36.20, bacc: 29.23, tmp_test_f1: 16.34, f1: 18.57
epoch: 661, val_loss:1.656048, acc: 36.20, bacc: 29.23, tmp_test_f1: 16.12, f1: 18.57
epoch: 662, val_loss:1.682894, acc: 36.20, bacc: 29.23, tmp_test_f1: 15.92, f1: 18.57
epoch: 663, val_loss:1.696880, acc: 36.20, bacc: 29.23, tmp_test_f1: 16.37, f1: 18.57
epoch: 664, val_loss:1.660481, acc: 36.20, bacc: 29.23, tmp_test_f1: 16.62, f1: 18.57
epoch: 665, val_loss:1.639423, acc: 36.20, bacc: 29.23, tmp_test_f1: 16.58, f1: 18.57
epoch: 666, val_loss:1.635904, acc: 36.20, bacc: 29.23, tmp_test_f1: 16.38, f1: 18.57
epoch: 667, val_loss:1.652799, acc: 36.20, bacc: 29.23, tmp_test_f1: 16.05, f1: 18.57
epoch: 668, val_loss:1.677002, acc: 36.20, bacc: 29.23, tmp_test_f1: 15.96, f1: 18.57
epoch: 669, val_loss:1.683233, acc: 36.20, bacc: 29.23, tmp_test_f1: 16.28, f1: 18.57
epoch: 670, val_loss:1.662220, acc: 36.20, bacc: 29.23, tmp_test_f1: 16.41, f1: 18.57
epoch: 671, val_loss:1.641375, acc: 36.20, bacc: 29.23, tmp_test_f1: 16.35, f1: 18.57
epoch: 672, val_loss:1.641562, acc: 36.20, bacc: 29.23, tmp_test_f1: 16.16, f1: 18.57
epoch: 673, val_loss:1.656545, acc: 36.20, bacc: 29.23, tmp_test_f1: 15.81, f1: 18.57
epoch: 674, val_loss:1.678850, acc: 36.20, bacc: 29.23, tmp_test_f1: 15.84, f1: 18.57
epoch: 675, val_loss:1.668780, acc: 36.20, bacc: 29.23, tmp_test_f1: 16.32, f1: 18.57
epoch: 676, val_loss:1.640497, acc: 36.20, bacc: 29.23, tmp_test_f1: 16.46, f1: 18.57
epoch: 677, val_loss:1.632918, acc: 36.20, bacc: 29.23, tmp_test_f1: 16.09, f1: 18.57
epoch: 678, val_loss:1.646705, acc: 36.20, bacc: 29.23, tmp_test_f1: 15.82, f1: 18.57
epoch: 679, val_loss:1.675775, acc: 36.20, bacc: 29.23, tmp_test_f1: 15.87, f1: 18.57
epoch: 680, val_loss:1.675448, acc: 36.20, bacc: 29.23, tmp_test_f1: 16.23, f1: 18.57
epoch: 681, val_loss:1.650265, acc: 36.20, bacc: 29.23, tmp_test_f1: 16.61, f1: 18.57
epoch: 682, val_loss:1.626000, acc: 36.20, bacc: 29.23, tmp_test_f1: 16.73, f1: 18.57
epoch: 683, val_loss:1.624193, acc: 36.20, bacc: 29.23, tmp_test_f1: 16.46, f1: 18.57
epoch: 684, val_loss:1.640118, acc: 36.20, bacc: 29.23, tmp_test_f1: 16.13, f1: 18.57
epoch: 685, val_loss:1.673243, acc: 36.20, bacc: 29.23, tmp_test_f1: 15.87, f1: 18.57
epoch: 686, val_loss:1.691113, acc: 36.20, bacc: 29.23, tmp_test_f1: 16.34, f1: 18.57
epoch: 687, val_loss:1.666477, acc: 36.20, bacc: 29.23, tmp_test_f1: 16.53, f1: 18.57
epoch: 688, val_loss:1.643512, acc: 36.20, bacc: 29.23, tmp_test_f1: 16.75, f1: 18.57
epoch: 689, val_loss:1.636934, acc: 36.20, bacc: 29.23, tmp_test_f1: 16.41, f1: 18.57
epoch: 690, val_loss:1.650452, acc: 36.20, bacc: 29.23, tmp_test_f1: 16.31, f1: 18.57
epoch: 691, val_loss:1.671606, acc: 36.20, bacc: 29.23, tmp_test_f1: 16.30, f1: 18.57
epoch: 692, val_loss:1.676128, acc: 36.20, bacc: 29.23, tmp_test_f1: 16.35, f1: 18.57
Epoch 00693: reducing learning rate of group 0 to 1.2500e-02.
epoch: 693, val_loss:1.660524, acc: 36.20, bacc: 29.23, tmp_test_f1: 16.48, f1: 18.57
epoch: 694, val_loss:1.652113, acc: 36.20, bacc: 29.23, tmp_test_f1: 16.43, f1: 18.57
epoch: 695, val_loss:1.653270, acc: 36.20, bacc: 29.23, tmp_test_f1: 16.42, f1: 18.57
epoch: 696, val_loss:1.659220, acc: 36.20, bacc: 29.23, tmp_test_f1: 16.43, f1: 18.57
epoch: 697, val_loss:1.666382, acc: 36.20, bacc: 29.23, tmp_test_f1: 16.30, f1: 18.57
epoch: 698, val_loss:1.674253, acc: 36.20, bacc: 29.23, tmp_test_f1: 16.27, f1: 18.57
epoch: 699, val_loss:1.679112, acc: 36.20, bacc: 29.23, tmp_test_f1: 16.36, f1: 18.57
epoch: 700, val_loss:1.670296, acc: 36.20, bacc: 29.23, tmp_test_f1: 16.32, f1: 18.57
epoch: 701, val_loss:1.662921, acc: 36.20, bacc: 29.23, tmp_test_f1: 16.31, f1: 18.57
epoch: 702, val_loss:1.653707, acc: 36.20, bacc: 29.23, tmp_test_f1: 16.34, f1: 18.57
epoch: 703, val_loss:1.650670, acc: 36.20, bacc: 29.23, tmp_test_f1: 16.31, f1: 18.57
epoch: 704, val_loss:1.653116, acc: 36.20, bacc: 29.23, tmp_test_f1: 16.30, f1: 18.57
epoch: 705, val_loss:1.659492, acc: 36.20, bacc: 29.23, tmp_test_f1: 16.17, f1: 18.57
epoch: 706, val_loss:1.665237, acc: 36.20, bacc: 29.23, tmp_test_f1: 16.16, f1: 18.57
epoch: 707, val_loss:1.665973, acc: 36.20, bacc: 29.23, tmp_test_f1: 16.18, f1: 18.57
epoch: 708, val_loss:1.662562, acc: 36.20, bacc: 29.23, tmp_test_f1: 16.32, f1: 18.57
epoch: 709, val_loss:1.657834, acc: 36.20, bacc: 29.23, tmp_test_f1: 16.33, f1: 18.57
epoch: 710, val_loss:1.654171, acc: 36.20, bacc: 29.23, tmp_test_f1: 16.31, f1: 18.57
epoch: 711, val_loss:1.657030, acc: 36.20, bacc: 29.23, tmp_test_f1: 16.17, f1: 18.57
epoch: 712, val_loss:1.664214, acc: 36.20, bacc: 29.23, tmp_test_f1: 16.15, f1: 18.57
epoch: 713, val_loss:1.670495, acc: 36.20, bacc: 29.23, tmp_test_f1: 16.03, f1: 18.57
epoch: 714, val_loss:1.674403, acc: 36.20, bacc: 29.23, tmp_test_f1: 16.11, f1: 18.57
epoch: 715, val_loss:1.665853, acc: 36.20, bacc: 29.23, tmp_test_f1: 16.32, f1: 18.57
epoch: 716, val_loss:1.653809, acc: 36.20, bacc: 29.23, tmp_test_f1: 16.41, f1: 18.57
epoch: 717, val_loss:1.648818, acc: 36.20, bacc: 29.23, tmp_test_f1: 16.30, f1: 18.57
epoch: 718, val_loss:1.654213, acc: 36.20, bacc: 29.23, tmp_test_f1: 16.17, f1: 18.57
epoch: 719, val_loss:1.663686, acc: 36.20, bacc: 29.23, tmp_test_f1: 16.20, f1: 18.57
epoch: 720, val_loss:1.666098, acc: 36.20, bacc: 29.23, tmp_test_f1: 16.17, f1: 18.57
epoch: 721, val_loss:1.663201, acc: 36.20, bacc: 29.23, tmp_test_f1: 16.23, f1: 18.57
epoch: 722, val_loss:1.658392, acc: 36.20, bacc: 29.23, tmp_test_f1: 16.20, f1: 18.57
epoch: 723, val_loss:1.654733, acc: 36.20, bacc: 29.23, tmp_test_f1: 16.26, f1: 18.57
epoch: 724, val_loss:1.652653, acc: 36.20, bacc: 29.23, tmp_test_f1: 16.26, f1: 18.57
epoch: 725, val_loss:1.653605, acc: 36.20, bacc: 29.23, tmp_test_f1: 16.23, f1: 18.57
epoch: 726, val_loss:1.659372, acc: 36.20, bacc: 29.23, tmp_test_f1: 16.20, f1: 18.57
epoch: 727, val_loss:1.665924, acc: 36.20, bacc: 29.23, tmp_test_f1: 16.20, f1: 18.57
epoch: 728, val_loss:1.665084, acc: 36.20, bacc: 29.23, tmp_test_f1: 16.25, f1: 18.57
epoch: 729, val_loss:1.657325, acc: 36.20, bacc: 29.23, tmp_test_f1: 16.43, f1: 18.57
epoch: 730, val_loss:1.648814, acc: 36.20, bacc: 29.23, tmp_test_f1: 16.45, f1: 18.57
epoch: 731, val_loss:1.649500, acc: 36.20, bacc: 29.23, tmp_test_f1: 16.29, f1: 18.57
epoch: 732, val_loss:1.659032, acc: 36.20, bacc: 29.23, tmp_test_f1: 16.23, f1: 18.57
epoch: 733, val_loss:1.664840, acc: 36.20, bacc: 29.23, tmp_test_f1: 16.11, f1: 18.57
epoch: 734, val_loss:1.671630, acc: 36.20, bacc: 29.23, tmp_test_f1: 16.11, f1: 18.57
epoch: 735, val_loss:1.672058, acc: 36.20, bacc: 29.23, tmp_test_f1: 16.20, f1: 18.57
epoch: 736, val_loss:1.667369, acc: 36.20, bacc: 29.23, tmp_test_f1: 16.28, f1: 18.57
epoch: 737, val_loss:1.663524, acc: 36.20, bacc: 29.23, tmp_test_f1: 16.35, f1: 18.57
epoch: 738, val_loss:1.660874, acc: 36.20, bacc: 29.23, tmp_test_f1: 16.22, f1: 18.57
epoch: 739, val_loss:1.663494, acc: 36.20, bacc: 29.23, tmp_test_f1: 16.11, f1: 18.57
epoch: 740, val_loss:1.668566, acc: 36.20, bacc: 29.23, tmp_test_f1: 16.03, f1: 18.57
epoch: 741, val_loss:1.673709, acc: 36.20, bacc: 29.23, tmp_test_f1: 16.09, f1: 18.57
epoch: 742, val_loss:1.670383, acc: 36.20, bacc: 29.23, tmp_test_f1: 16.25, f1: 18.57
epoch: 743, val_loss:1.665473, acc: 36.20, bacc: 29.23, tmp_test_f1: 16.26, f1: 18.57
epoch: 744, val_loss:1.663752, acc: 36.20, bacc: 29.23, tmp_test_f1: 16.36, f1: 18.57
epoch: 745, val_loss:1.662333, acc: 36.20, bacc: 29.23, tmp_test_f1: 16.37, f1: 18.57
epoch: 746, val_loss:1.662155, acc: 36.20, bacc: 29.23, tmp_test_f1: 16.36, f1: 18.57
epoch: 747, val_loss:1.662840, acc: 36.20, bacc: 29.23, tmp_test_f1: 16.36, f1: 18.57
epoch: 748, val_loss:1.664907, acc: 36.20, bacc: 29.23, tmp_test_f1: 16.36, f1: 18.57
epoch: 749, val_loss:1.663779, acc: 36.20, bacc: 29.23, tmp_test_f1: 16.31, f1: 18.57
epoch: 750, val_loss:1.663696, acc: 36.20, bacc: 29.23, tmp_test_f1: 16.20, f1: 18.57
epoch: 751, val_loss:1.667795, acc: 36.20, bacc: 29.23, tmp_test_f1: 16.09, f1: 18.57
epoch: 752, val_loss:1.672587, acc: 36.20, bacc: 29.23, tmp_test_f1: 16.08, f1: 18.57
epoch: 753, val_loss:1.673196, acc: 36.20, bacc: 29.23, tmp_test_f1: 16.26, f1: 18.57
epoch: 754, val_loss:1.663223, acc: 36.20, bacc: 29.23, tmp_test_f1: 16.46, f1: 18.57
epoch: 755, val_loss:1.649603, acc: 36.20, bacc: 29.23, tmp_test_f1: 16.49, f1: 18.57
epoch: 756, val_loss:1.645284, acc: 36.20, bacc: 29.23, tmp_test_f1: 16.25, f1: 18.57
epoch: 757, val_loss:1.652862, acc: 36.20, bacc: 29.23, tmp_test_f1: 16.23, f1: 18.57
epoch: 758, val_loss:1.666763, acc: 36.20, bacc: 29.23, tmp_test_f1: 15.94, f1: 18.57
epoch: 759, val_loss:1.680965, acc: 36.20, bacc: 29.23, tmp_test_f1: 16.10, f1: 18.57
epoch: 760, val_loss:1.675571, acc: 36.20, bacc: 29.23, tmp_test_f1: 16.27, f1: 18.57
epoch: 761, val_loss:1.654691, acc: 36.20, bacc: 29.23, tmp_test_f1: 16.57, f1: 18.57
epoch: 762, val_loss:1.638704, acc: 36.20, bacc: 29.23, tmp_test_f1: 16.55, f1: 18.57
epoch: 763, val_loss:1.634861, acc: 36.20, bacc: 29.23, tmp_test_f1: 16.42, f1: 18.57
epoch: 764, val_loss:1.640626, acc: 36.20, bacc: 29.23, tmp_test_f1: 16.17, f1: 18.57
epoch: 765, val_loss:1.654984, acc: 36.20, bacc: 29.23, tmp_test_f1: 16.11, f1: 18.57
epoch: 766, val_loss:1.673278, acc: 36.20, bacc: 29.23, tmp_test_f1: 15.85, f1: 18.57
epoch: 767, val_loss:1.680681, acc: 36.20, bacc: 29.23, tmp_test_f1: 16.08, f1: 18.57
epoch: 768, val_loss:1.667684, acc: 36.20, bacc: 29.23, tmp_test_f1: 16.32, f1: 18.57
epoch: 769, val_loss:1.646558, acc: 36.20, bacc: 29.23, tmp_test_f1: 16.41, f1: 18.57
epoch: 770, val_loss:1.636596, acc: 36.20, bacc: 29.23, tmp_test_f1: 16.46, f1: 18.57
epoch: 771, val_loss:1.636995, acc: 36.20, bacc: 29.23, tmp_test_f1: 16.32, f1: 18.57
epoch: 772, val_loss:1.644032, acc: 36.20, bacc: 29.23, tmp_test_f1: 16.12, f1: 18.57
epoch: 773, val_loss:1.661197, acc: 36.20, bacc: 29.23, tmp_test_f1: 15.91, f1: 18.57
epoch: 774, val_loss:1.673661, acc: 36.20, bacc: 29.23, tmp_test_f1: 15.86, f1: 18.57
epoch: 775, val_loss:1.673994, acc: 36.20, bacc: 29.23, tmp_test_f1: 16.09, f1: 18.57
epoch: 776, val_loss:1.661058, acc: 36.20, bacc: 29.23, tmp_test_f1: 16.36, f1: 18.57
epoch: 777, val_loss:1.648206, acc: 36.20, bacc: 29.23, tmp_test_f1: 16.48, f1: 18.57
epoch: 778, val_loss:1.637190, acc: 36.20, bacc: 29.23, tmp_test_f1: 16.46, f1: 18.57
epoch: 779, val_loss:1.635110, acc: 36.20, bacc: 29.23, tmp_test_f1: 16.43, f1: 18.57
epoch: 780, val_loss:1.646640, acc: 36.20, bacc: 29.23, tmp_test_f1: 16.02, f1: 18.57
epoch: 781, val_loss:1.667818, acc: 36.20, bacc: 29.23, tmp_test_f1: 15.67, f1: 18.57
epoch: 782, val_loss:1.675582, acc: 36.20, bacc: 29.23, tmp_test_f1: 15.71, f1: 18.57
epoch: 783, val_loss:1.672889, acc: 36.20, bacc: 29.23, tmp_test_f1: 16.20, f1: 18.57
epoch: 784, val_loss:1.660284, acc: 36.20, bacc: 29.23, tmp_test_f1: 16.31, f1: 18.57
epoch: 785, val_loss:1.650132, acc: 36.20, bacc: 29.23, tmp_test_f1: 16.39, f1: 18.57
epoch: 786, val_loss:1.645132, acc: 36.20, bacc: 29.23, tmp_test_f1: 16.37, f1: 18.57
epoch: 787, val_loss:1.647055, acc: 36.20, bacc: 29.23, tmp_test_f1: 16.29, f1: 18.57
epoch: 788, val_loss:1.654251, acc: 36.20, bacc: 29.23, tmp_test_f1: 16.11, f1: 18.57
epoch: 789, val_loss:1.665682, acc: 36.20, bacc: 29.23, tmp_test_f1: 15.99, f1: 18.57
epoch: 790, val_loss:1.672167, acc: 36.20, bacc: 29.23, tmp_test_f1: 16.04, f1: 18.57
epoch: 791, val_loss:1.673500, acc: 36.20, bacc: 29.23, tmp_test_f1: 16.17, f1: 18.57
epoch: 792, val_loss:1.664978, acc: 36.20, bacc: 29.23, tmp_test_f1: 16.19, f1: 18.57
epoch: 793, val_loss:1.661168, acc: 36.20, bacc: 29.23, tmp_test_f1: 16.23, f1: 18.57
epoch: 794, val_loss:1.662539, acc: 36.20, bacc: 29.23, tmp_test_f1: 16.23, f1: 18.57
epoch: 795, val_loss:1.665368, acc: 36.20, bacc: 29.23, tmp_test_f1: 16.13, f1: 18.57
epoch: 796, val_loss:1.672986, acc: 36.20, bacc: 29.23, tmp_test_f1: 16.02, f1: 18.57
epoch: 797, val_loss:1.676575, acc: 36.20, bacc: 29.23, tmp_test_f1: 16.02, f1: 18.57
epoch: 798, val_loss:1.675825, acc: 36.20, bacc: 29.23, tmp_test_f1: 16.14, f1: 18.57
epoch: 799, val_loss:1.674317, acc: 36.20, bacc: 29.23, tmp_test_f1: 16.19, f1: 18.57
epoch: 800, val_loss:1.670211, acc: 36.20, bacc: 29.23, tmp_test_f1: 16.20, f1: 18.57
epoch: 801, val_loss:1.666056, acc: 36.20, bacc: 29.23, tmp_test_f1: 16.24, f1: 18.57
epoch: 802, val_loss:1.665512, acc: 36.20, bacc: 29.23, tmp_test_f1: 16.26, f1: 18.57
epoch: 803, val_loss:1.663339, acc: 36.20, bacc: 29.23, tmp_test_f1: 16.27, f1: 18.57
epoch: 804, val_loss:1.658502, acc: 36.20, bacc: 29.23, tmp_test_f1: 16.34, f1: 18.57
epoch: 805, val_loss:1.655835, acc: 36.20, bacc: 29.23, tmp_test_f1: 16.26, f1: 18.57
epoch: 806, val_loss:1.660712, acc: 36.20, bacc: 29.23, tmp_test_f1: 16.10, f1: 18.57
epoch: 807, val_loss:1.667223, acc: 36.20, bacc: 29.23, tmp_test_f1: 16.10, f1: 18.57
epoch: 808, val_loss:1.666914, acc: 36.20, bacc: 29.23, tmp_test_f1: 16.19, f1: 18.57
epoch: 809, val_loss:1.663136, acc: 36.20, bacc: 29.23, tmp_test_f1: 16.25, f1: 18.57
epoch: 810, val_loss:1.654337, acc: 36.20, bacc: 29.23, tmp_test_f1: 16.30, f1: 18.57
epoch: 811, val_loss:1.649556, acc: 36.20, bacc: 29.23, tmp_test_f1: 16.31, f1: 18.57
epoch: 812, val_loss:1.648017, acc: 36.20, bacc: 29.23, tmp_test_f1: 16.20, f1: 18.57
epoch: 813, val_loss:1.657954, acc: 36.20, bacc: 29.23, tmp_test_f1: 15.75, f1: 18.57
epoch: 814, val_loss:1.672821, acc: 36.20, bacc: 29.23, tmp_test_f1: 15.90, f1: 18.57
epoch: 815, val_loss:1.665632, acc: 36.20, bacc: 29.23, tmp_test_f1: 16.42, f1: 18.57
epoch: 816, val_loss:1.649006, acc: 36.20, bacc: 29.23, tmp_test_f1: 16.52, f1: 18.57
epoch: 817, val_loss:1.642793, acc: 36.20, bacc: 29.23, tmp_test_f1: 16.43, f1: 18.57
epoch: 818, val_loss:1.646872, acc: 36.20, bacc: 29.23, tmp_test_f1: 16.24, f1: 18.57
epoch: 819, val_loss:1.661098, acc: 36.20, bacc: 29.23, tmp_test_f1: 15.77, f1: 18.57
epoch: 820, val_loss:1.679722, acc: 36.20, bacc: 29.23, tmp_test_f1: 15.70, f1: 18.57
epoch: 821, val_loss:1.686882, acc: 36.20, bacc: 29.23, tmp_test_f1: 16.05, f1: 18.57
epoch: 822, val_loss:1.666274, acc: 36.20, bacc: 29.23, tmp_test_f1: 16.56, f1: 18.57
epoch: 823, val_loss:1.642667, acc: 36.20, bacc: 29.23, tmp_test_f1: 16.51, f1: 18.57
epoch: 824, val_loss:1.631030, acc: 36.20, bacc: 29.23, tmp_test_f1: 16.54, f1: 18.57
epoch: 825, val_loss:1.630577, acc: 36.20, bacc: 29.23, tmp_test_f1: 16.43, f1: 18.57
epoch: 826, val_loss:1.643900, acc: 36.20, bacc: 29.23, tmp_test_f1: 16.22, f1: 18.57
epoch: 827, val_loss:1.666255, acc: 36.20, bacc: 29.23, tmp_test_f1: 15.97, f1: 18.57
epoch: 828, val_loss:1.679499, acc: 36.20, bacc: 29.23, tmp_test_f1: 15.98, f1: 18.57
epoch: 829, val_loss:1.676532, acc: 36.20, bacc: 29.23, tmp_test_f1: 16.23, f1: 18.57
epoch: 830, val_loss:1.659219, acc: 36.20, bacc: 29.23, tmp_test_f1: 16.42, f1: 18.57
epoch: 831, val_loss:1.645983, acc: 36.20, bacc: 29.23, tmp_test_f1: 16.39, f1: 18.57
epoch: 832, val_loss:1.639849, acc: 36.20, bacc: 29.23, tmp_test_f1: 16.45, f1: 18.57
epoch: 833, val_loss:1.644769, acc: 36.20, bacc: 29.23, tmp_test_f1: 16.46, f1: 18.57
epoch: 834, val_loss:1.657331, acc: 36.20, bacc: 29.23, tmp_test_f1: 16.05, f1: 18.57
epoch: 835, val_loss:1.674201, acc: 36.20, bacc: 29.23, tmp_test_f1: 15.88, f1: 18.57
epoch: 836, val_loss:1.681030, acc: 36.20, bacc: 29.23, tmp_test_f1: 15.81, f1: 18.57
epoch: 837, val_loss:1.675655, acc: 36.20, bacc: 29.23, tmp_test_f1: 16.36, f1: 18.57
epoch: 838, val_loss:1.658169, acc: 36.20, bacc: 29.23, tmp_test_f1: 16.48, f1: 18.57
epoch: 839, val_loss:1.647067, acc: 36.20, bacc: 29.23, tmp_test_f1: 16.48, f1: 18.57
epoch: 840, val_loss:1.644306, acc: 36.20, bacc: 29.23, tmp_test_f1: 16.50, f1: 18.57
epoch: 841, val_loss:1.648132, acc: 36.20, bacc: 29.23, tmp_test_f1: 16.35, f1: 18.57
epoch: 842, val_loss:1.659484, acc: 36.20, bacc: 29.23, tmp_test_f1: 16.07, f1: 18.57
epoch: 843, val_loss:1.674343, acc: 36.20, bacc: 29.23, tmp_test_f1: 15.89, f1: 18.57
epoch: 844, val_loss:1.687397, acc: 36.20, bacc: 29.23, tmp_test_f1: 16.05, f1: 18.57
epoch: 845, val_loss:1.681774, acc: 36.20, bacc: 29.23, tmp_test_f1: 16.30, f1: 18.57
epoch: 846, val_loss:1.666481, acc: 36.20, bacc: 29.23, tmp_test_f1: 16.41, f1: 18.57
epoch: 847, val_loss:1.655014, acc: 36.20, bacc: 29.23, tmp_test_f1: 16.41, f1: 18.57
epoch: 848, val_loss:1.655563, acc: 36.20, bacc: 29.23, tmp_test_f1: 16.31, f1: 18.57
epoch: 849, val_loss:1.663356, acc: 36.20, bacc: 29.23, tmp_test_f1: 16.03, f1: 18.57
epoch: 850, val_loss:1.673805, acc: 36.20, bacc: 29.23, tmp_test_f1: 16.00, f1: 18.57
epoch: 851, val_loss:1.673403, acc: 36.20, bacc: 29.23, tmp_test_f1: 16.25, f1: 18.57
epoch: 852, val_loss:1.662578, acc: 36.20, bacc: 29.23, tmp_test_f1: 16.41, f1: 18.57
epoch: 853, val_loss:1.655055, acc: 36.20, bacc: 29.23, tmp_test_f1: 16.41, f1: 18.57
epoch: 854, val_loss:1.653841, acc: 36.20, bacc: 29.23, tmp_test_f1: 16.38, f1: 18.57
epoch: 855, val_loss:1.660889, acc: 36.20, bacc: 29.23, tmp_test_f1: 16.05, f1: 18.57
epoch: 856, val_loss:1.674745, acc: 36.20, bacc: 29.23, tmp_test_f1: 15.84, f1: 18.57
epoch: 857, val_loss:1.683421, acc: 36.20, bacc: 29.23, tmp_test_f1: 16.07, f1: 18.57
epoch: 858, val_loss:1.674537, acc: 36.20, bacc: 29.23, tmp_test_f1: 16.49, f1: 18.57
epoch: 859, val_loss:1.657221, acc: 36.20, bacc: 29.23, tmp_test_f1: 16.56, f1: 18.57
epoch: 860, val_loss:1.646817, acc: 36.20, bacc: 29.23, tmp_test_f1: 16.52, f1: 18.57
epoch: 861, val_loss:1.649628, acc: 36.20, bacc: 29.23, tmp_test_f1: 16.36, f1: 18.57
epoch: 862, val_loss:1.662675, acc: 36.20, bacc: 29.23, tmp_test_f1: 15.91, f1: 18.57
epoch: 863, val_loss:1.681843, acc: 36.20, bacc: 29.23, tmp_test_f1: 15.84, f1: 18.57
epoch: 864, val_loss:1.688755, acc: 36.20, bacc: 29.23, tmp_test_f1: 15.98, f1: 18.57
epoch: 865, val_loss:1.675372, acc: 36.20, bacc: 29.23, tmp_test_f1: 16.43, f1: 18.57
epoch: 866, val_loss:1.660674, acc: 36.20, bacc: 29.23, tmp_test_f1: 16.59, f1: 18.57
epoch: 867, val_loss:1.650872, acc: 36.20, bacc: 29.23, tmp_test_f1: 16.48, f1: 18.57
epoch: 868, val_loss:1.657122, acc: 36.20, bacc: 29.23, tmp_test_f1: 16.07, f1: 18.57
epoch: 869, val_loss:1.675211, acc: 36.20, bacc: 29.23, tmp_test_f1: 15.83, f1: 18.57
epoch: 870, val_loss:1.691583, acc: 36.20, bacc: 29.23, tmp_test_f1: 15.82, f1: 18.57
epoch: 871, val_loss:1.686403, acc: 36.20, bacc: 29.23, tmp_test_f1: 16.21, f1: 18.57
epoch: 872, val_loss:1.671236, acc: 36.20, bacc: 29.23, tmp_test_f1: 16.37, f1: 18.57
epoch: 873, val_loss:1.665190, acc: 36.20, bacc: 29.23, tmp_test_f1: 16.48, f1: 18.57
epoch: 874, val_loss:1.663286, acc: 36.20, bacc: 29.23, tmp_test_f1: 16.29, f1: 18.57
epoch: 875, val_loss:1.669362, acc: 36.20, bacc: 29.23, tmp_test_f1: 16.15, f1: 18.57
epoch: 876, val_loss:1.678679, acc: 36.20, bacc: 29.23, tmp_test_f1: 15.65, f1: 18.57
epoch: 877, val_loss:1.692483, acc: 36.20, bacc: 29.23, tmp_test_f1: 15.60, f1: 18.57
epoch: 878, val_loss:1.692126, acc: 36.20, bacc: 29.23, tmp_test_f1: 16.11, f1: 18.57
epoch: 879, val_loss:1.677479, acc: 36.20, bacc: 29.23, tmp_test_f1: 16.37, f1: 18.57
epoch: 880, val_loss:1.665817, acc: 36.20, bacc: 29.23, tmp_test_f1: 16.32, f1: 18.57
epoch: 881, val_loss:1.663959, acc: 36.20, bacc: 29.23, tmp_test_f1: 16.25, f1: 18.57
epoch: 882, val_loss:1.668343, acc: 36.20, bacc: 29.23, tmp_test_f1: 16.05, f1: 18.57
epoch: 883, val_loss:1.675370, acc: 36.20, bacc: 29.23, tmp_test_f1: 15.82, f1: 18.57
epoch: 884, val_loss:1.683221, acc: 36.20, bacc: 29.23, tmp_test_f1: 15.81, f1: 18.57
epoch: 885, val_loss:1.683426, acc: 36.20, bacc: 29.23, tmp_test_f1: 15.95, f1: 18.57
epoch: 886, val_loss:1.675798, acc: 36.20, bacc: 29.23, tmp_test_f1: 16.18, f1: 18.57
epoch: 887, val_loss:1.668956, acc: 36.20, bacc: 29.23, tmp_test_f1: 16.21, f1: 18.57
epoch: 888, val_loss:1.666930, acc: 36.20, bacc: 29.23, tmp_test_f1: 16.12, f1: 18.57
epoch: 889, val_loss:1.670089, acc: 36.20, bacc: 29.23, tmp_test_f1: 15.70, f1: 18.57
DiG CiteSeer 100 Aug 1 EndEpoch 889 lr 0.1
SHAsplit  0, acc: 36.20, bacc: 29.23, f1: 18.57
