CUDA Device Index: 2
Namespace(IsDirectedData=True, AugDirect=0, net='DiG', GPUdevice=2, seed=100, undirect_dataset='CiteSeer', Direct_dataset='WikipediaNetwork/squirrel', imb_ratio=100, dropout=0.1, num_filter=2, layer=2, alpha=0.1, K=2, feat_dim=64, warmup=5, epoch=1500, lr=0.1, l2=0.0005, tau=2, max=False, no_mask=False, gdc='ppr', heads=8, log_root='../logs/', log_path='test', data_path='../dataset/data/tmp/')
DiModel(
  (conv1): DIGCNConv(2089, 2)
  (conv2): DIGCNConv(2, 2)
  (Conv): Conv1d(2, 5, kernel_size=(1,), stride=(1,))
)
splits 10
test_f1 CountNotImproved reset to 0 in epoch 0
epoch:   0, val_loss:1.663363, acc: 19.31, bacc: 20.00, tmp_test_f1: 6.47, f1: 6.47
test_f1 CountNotImproved reset to 0 in epoch 1
epoch:   1, val_loss:1.715453, acc: 19.60, bacc: 20.23, tmp_test_f1: 8.02, f1: 8.02
epoch:   2, val_loss:2.164010, acc: 19.60, bacc: 20.23, tmp_test_f1: 6.47, f1: 8.02
epoch:   3, val_loss:2.674052, acc: 19.60, bacc: 20.23, tmp_test_f1: 6.47, f1: 8.02
epoch:   4, val_loss:2.754473, acc: 19.60, bacc: 20.23, tmp_test_f1: 6.47, f1: 8.02
epoch:   5, val_loss:2.522059, acc: 19.60, bacc: 20.23, tmp_test_f1: 6.47, f1: 8.02
epoch:   6, val_loss:2.346436, acc: 19.60, bacc: 20.23, tmp_test_f1: 6.47, f1: 8.02
epoch:   7, val_loss:2.293218, acc: 19.60, bacc: 20.23, tmp_test_f1: 6.47, f1: 8.02
epoch:   8, val_loss:2.325917, acc: 19.60, bacc: 20.23, tmp_test_f1: 6.47, f1: 8.02
epoch:   9, val_loss:2.395598, acc: 19.60, bacc: 20.23, tmp_test_f1: 6.47, f1: 8.02
epoch:  10, val_loss:2.469272, acc: 19.60, bacc: 20.23, tmp_test_f1: 6.47, f1: 8.02
epoch:  11, val_loss:2.542314, acc: 19.60, bacc: 20.23, tmp_test_f1: 6.47, f1: 8.02
epoch:  12, val_loss:2.599684, acc: 19.60, bacc: 20.23, tmp_test_f1: 6.47, f1: 8.02
epoch:  13, val_loss:2.659197, acc: 19.60, bacc: 20.23, tmp_test_f1: 6.47, f1: 8.02
epoch:  14, val_loss:2.747371, acc: 19.60, bacc: 20.23, tmp_test_f1: 6.47, f1: 8.02
epoch:  15, val_loss:2.857304, acc: 19.60, bacc: 20.23, tmp_test_f1: 6.45, f1: 8.02
epoch:  16, val_loss:2.974732, acc: 19.60, bacc: 20.23, tmp_test_f1: 6.45, f1: 8.02
epoch:  17, val_loss:3.029689, acc: 19.60, bacc: 20.23, tmp_test_f1: 6.42, f1: 8.02
epoch:  18, val_loss:2.999019, acc: 19.60, bacc: 20.23, tmp_test_f1: 6.43, f1: 8.02
epoch:  19, val_loss:2.965833, acc: 19.60, bacc: 20.23, tmp_test_f1: 6.40, f1: 8.02
epoch:  20, val_loss:2.998716, acc: 19.60, bacc: 20.23, tmp_test_f1: 6.58, f1: 8.02
epoch:  21, val_loss:3.015955, acc: 19.60, bacc: 20.23, tmp_test_f1: 6.73, f1: 8.02
epoch:  22, val_loss:2.920608, acc: 19.60, bacc: 20.23, tmp_test_f1: 7.05, f1: 8.02
test_f1 CountNotImproved reset to 0 in epoch 23
epoch:  23, val_loss:2.884075, acc: 18.83, bacc: 19.41, tmp_test_f1: 8.19, f1: 8.19
epoch:  24, val_loss:2.929278, acc: 18.83, bacc: 19.41, tmp_test_f1: 7.54, f1: 8.19
epoch:  25, val_loss:2.827087, acc: 18.83, bacc: 19.41, tmp_test_f1: 7.76, f1: 8.19
test_f1 CountNotImproved reset to 0 in epoch 26
epoch:  26, val_loss:2.829769, acc: 19.79, bacc: 20.23, tmp_test_f1: 10.52, f1: 10.52
epoch:  27, val_loss:2.946064, acc: 19.79, bacc: 20.23, tmp_test_f1: 6.96, f1: 10.52
epoch:  28, val_loss:2.693949, acc: 19.79, bacc: 20.23, tmp_test_f1: 8.05, f1: 10.52
test_f1 CountNotImproved reset to 0 in epoch 29
epoch:  29, val_loss:2.724446, acc: 20.56, bacc: 20.89, tmp_test_f1: 11.56, f1: 11.56
epoch:  30, val_loss:3.048715, acc: 20.56, bacc: 20.89, tmp_test_f1: 8.55, f1: 11.56
epoch:  31, val_loss:2.740893, acc: 20.56, bacc: 20.89, tmp_test_f1: 7.67, f1: 11.56
epoch:  32, val_loss:2.682561, acc: 20.56, bacc: 20.89, tmp_test_f1: 8.71, f1: 11.56
epoch:  33, val_loss:2.735042, acc: 20.56, bacc: 20.89, tmp_test_f1: 11.22, f1: 11.56
epoch:  34, val_loss:2.951178, acc: 20.56, bacc: 20.89, tmp_test_f1: 10.93, f1: 11.56
epoch:  35, val_loss:2.847462, acc: 20.56, bacc: 20.89, tmp_test_f1: 8.57, f1: 11.56
epoch:  36, val_loss:2.737657, acc: 20.56, bacc: 20.89, tmp_test_f1: 8.53, f1: 11.56
epoch:  37, val_loss:2.748527, acc: 20.56, bacc: 20.89, tmp_test_f1: 11.02, f1: 11.56
epoch:  38, val_loss:2.857929, acc: 20.56, bacc: 20.89, tmp_test_f1: 10.77, f1: 11.56
epoch:  39, val_loss:2.923389, acc: 20.56, bacc: 20.89, tmp_test_f1: 9.71, f1: 11.56
epoch:  40, val_loss:2.802411, acc: 20.56, bacc: 20.89, tmp_test_f1: 8.33, f1: 11.56
epoch:  41, val_loss:2.789789, acc: 20.56, bacc: 20.89, tmp_test_f1: 10.99, f1: 11.56
epoch:  42, val_loss:2.861174, acc: 20.56, bacc: 20.89, tmp_test_f1: 10.85, f1: 11.56
epoch:  43, val_loss:2.935350, acc: 20.56, bacc: 20.89, tmp_test_f1: 10.07, f1: 11.56
epoch:  44, val_loss:2.850040, acc: 20.56, bacc: 20.89, tmp_test_f1: 9.54, f1: 11.56
epoch:  45, val_loss:2.848299, acc: 20.56, bacc: 20.89, tmp_test_f1: 11.07, f1: 11.56
epoch:  46, val_loss:2.915813, acc: 20.56, bacc: 20.89, tmp_test_f1: 11.06, f1: 11.56
epoch:  47, val_loss:2.916388, acc: 20.56, bacc: 20.89, tmp_test_f1: 9.55, f1: 11.56
epoch:  48, val_loss:2.871052, acc: 20.56, bacc: 20.89, tmp_test_f1: 10.95, f1: 11.56
epoch:  49, val_loss:2.888711, acc: 20.56, bacc: 20.89, tmp_test_f1: 10.76, f1: 11.56
epoch:  50, val_loss:2.942829, acc: 20.56, bacc: 20.89, tmp_test_f1: 10.21, f1: 11.56
epoch:  51, val_loss:2.891407, acc: 20.56, bacc: 20.89, tmp_test_f1: 10.52, f1: 11.56
epoch:  52, val_loss:2.898028, acc: 20.56, bacc: 20.89, tmp_test_f1: 11.07, f1: 11.56
epoch:  53, val_loss:2.937737, acc: 20.56, bacc: 20.89, tmp_test_f1: 10.15, f1: 11.56
epoch:  54, val_loss:2.904963, acc: 20.56, bacc: 20.89, tmp_test_f1: 10.82, f1: 11.56
epoch:  55, val_loss:2.908921, acc: 20.56, bacc: 20.89, tmp_test_f1: 11.16, f1: 11.56
epoch:  56, val_loss:2.930084, acc: 20.56, bacc: 20.89, tmp_test_f1: 10.64, f1: 11.56
epoch:  57, val_loss:2.923066, acc: 20.56, bacc: 20.89, tmp_test_f1: 11.07, f1: 11.56
epoch:  58, val_loss:2.931389, acc: 20.56, bacc: 20.89, tmp_test_f1: 11.41, f1: 11.56
epoch:  59, val_loss:2.961385, acc: 20.56, bacc: 20.89, tmp_test_f1: 8.83, f1: 11.56
epoch:  60, val_loss:3.010516, acc: 20.56, bacc: 20.89, tmp_test_f1: 11.43, f1: 11.56
epoch:  61, val_loss:2.972185, acc: 20.56, bacc: 20.89, tmp_test_f1: 11.39, f1: 11.56
epoch:  62, val_loss:2.998112, acc: 20.56, bacc: 20.89, tmp_test_f1: 9.29, f1: 11.56
epoch:  63, val_loss:3.031611, acc: 20.56, bacc: 20.89, tmp_test_f1: 11.03, f1: 11.56
test_f1 CountNotImproved reset to 0 in epoch 64
epoch:  64, val_loss:3.013405, acc: 21.33, bacc: 21.56, tmp_test_f1: 12.03, f1: 12.03
epoch:  65, val_loss:3.065583, acc: 21.33, bacc: 21.56, tmp_test_f1: 9.63, f1: 12.03
epoch:  66, val_loss:3.071143, acc: 21.33, bacc: 21.56, tmp_test_f1: 9.63, f1: 12.03
epoch:  67, val_loss:3.078214, acc: 21.33, bacc: 21.56, tmp_test_f1: 11.75, f1: 12.03
epoch:  68, val_loss:3.060333, acc: 21.33, bacc: 21.56, tmp_test_f1: 11.92, f1: 12.03
epoch:  69, val_loss:3.053098, acc: 21.33, bacc: 21.56, tmp_test_f1: 9.62, f1: 12.03
epoch:  70, val_loss:3.098578, acc: 21.33, bacc: 21.56, tmp_test_f1: 10.10, f1: 12.03
epoch:  71, val_loss:3.091048, acc: 21.33, bacc: 21.56, tmp_test_f1: 11.61, f1: 12.03
epoch:  72, val_loss:3.071258, acc: 21.33, bacc: 21.56, tmp_test_f1: 12.00, f1: 12.03
epoch:  73, val_loss:3.070527, acc: 21.33, bacc: 21.56, tmp_test_f1: 10.00, f1: 12.03
epoch:  74, val_loss:3.120384, acc: 21.33, bacc: 21.56, tmp_test_f1: 10.24, f1: 12.03
epoch:  75, val_loss:3.116343, acc: 21.33, bacc: 21.56, tmp_test_f1: 11.73, f1: 12.03
epoch:  76, val_loss:3.098095, acc: 21.33, bacc: 21.56, tmp_test_f1: 11.99, f1: 12.03
epoch:  77, val_loss:3.105306, acc: 21.33, bacc: 21.56, tmp_test_f1: 9.81, f1: 12.03
epoch:  78, val_loss:3.158448, acc: 21.33, bacc: 21.56, tmp_test_f1: 10.45, f1: 12.03
epoch:  79, val_loss:3.148548, acc: 21.33, bacc: 21.56, tmp_test_f1: 11.66, f1: 12.03
epoch:  80, val_loss:3.132411, acc: 21.33, bacc: 21.56, tmp_test_f1: 11.75, f1: 12.03
epoch:  81, val_loss:3.145715, acc: 21.33, bacc: 21.56, tmp_test_f1: 10.07, f1: 12.03
epoch:  82, val_loss:3.195564, acc: 21.33, bacc: 21.56, tmp_test_f1: 10.92, f1: 12.03
epoch:  83, val_loss:3.175320, acc: 21.33, bacc: 21.56, tmp_test_f1: 11.73, f1: 12.03
epoch:  84, val_loss:3.159772, acc: 21.33, bacc: 21.56, tmp_test_f1: 10.52, f1: 12.03
epoch:  85, val_loss:3.195517, acc: 21.33, bacc: 21.56, tmp_test_f1: 10.47, f1: 12.03
epoch:  86, val_loss:3.218063, acc: 21.33, bacc: 21.56, tmp_test_f1: 11.64, f1: 12.03
epoch:  87, val_loss:3.186550, acc: 21.33, bacc: 21.56, tmp_test_f1: 11.91, f1: 12.03
epoch:  88, val_loss:3.192403, acc: 21.33, bacc: 21.56, tmp_test_f1: 10.49, f1: 12.03
epoch:  89, val_loss:3.238788, acc: 21.33, bacc: 21.56, tmp_test_f1: 11.07, f1: 12.03
epoch:  90, val_loss:3.233654, acc: 21.33, bacc: 21.56, tmp_test_f1: 11.62, f1: 12.03
epoch:  91, val_loss:3.214329, acc: 21.33, bacc: 21.56, tmp_test_f1: 11.22, f1: 12.03
epoch:  92, val_loss:3.254650, acc: 21.33, bacc: 21.56, tmp_test_f1: 11.30, f1: 12.03
epoch:  93, val_loss:3.264458, acc: 21.33, bacc: 21.56, tmp_test_f1: 11.91, f1: 12.03
epoch:  94, val_loss:3.247280, acc: 21.33, bacc: 21.56, tmp_test_f1: 11.31, f1: 12.03
epoch:  95, val_loss:3.291457, acc: 21.33, bacc: 21.56, tmp_test_f1: 11.16, f1: 12.03
epoch:  96, val_loss:3.299971, acc: 21.33, bacc: 21.56, tmp_test_f1: 11.75, f1: 12.03
epoch:  97, val_loss:3.292435, acc: 21.33, bacc: 21.56, tmp_test_f1: 11.13, f1: 12.03
epoch:  98, val_loss:3.331419, acc: 21.33, bacc: 21.56, tmp_test_f1: 11.33, f1: 12.03
epoch:  99, val_loss:3.330845, acc: 21.33, bacc: 21.56, tmp_test_f1: 11.67, f1: 12.03
epoch: 100, val_loss:3.337636, acc: 21.33, bacc: 21.56, tmp_test_f1: 11.13, f1: 12.03
epoch: 101, val_loss:3.367159, acc: 21.33, bacc: 21.56, tmp_test_f1: 11.33, f1: 12.03
epoch: 102, val_loss:3.364145, acc: 21.33, bacc: 21.56, tmp_test_f1: 11.31, f1: 12.03
epoch: 103, val_loss:3.374292, acc: 21.33, bacc: 21.56, tmp_test_f1: 11.13, f1: 12.03
epoch: 104, val_loss:3.394423, acc: 21.33, bacc: 21.56, tmp_test_f1: 11.85, f1: 12.03
epoch: 105, val_loss:3.392354, acc: 21.33, bacc: 21.56, tmp_test_f1: 10.64, f1: 12.03
test_f1 CountNotImproved reset to 0 in epoch 106
epoch: 106, val_loss:3.425636, acc: 21.81, bacc: 22.13, tmp_test_f1: 12.14, f1: 12.14
epoch: 107, val_loss:3.411479, acc: 21.81, bacc: 22.13, tmp_test_f1: 10.11, f1: 12.14
epoch: 108, val_loss:3.459523, acc: 21.81, bacc: 22.13, tmp_test_f1: 11.94, f1: 12.14
epoch: 109, val_loss:3.419467, acc: 21.81, bacc: 22.13, tmp_test_f1: 11.81, f1: 12.14
epoch: 110, val_loss:3.424009, acc: 21.81, bacc: 22.13, tmp_test_f1: 10.59, f1: 12.14
epoch: 111, val_loss:3.455218, acc: 21.81, bacc: 22.13, tmp_test_f1: 11.92, f1: 12.14
epoch: 112, val_loss:3.437445, acc: 21.81, bacc: 22.13, tmp_test_f1: 10.97, f1: 12.14
epoch: 113, val_loss:3.439432, acc: 21.81, bacc: 22.13, tmp_test_f1: 10.79, f1: 12.14
epoch: 114, val_loss:3.461333, acc: 21.81, bacc: 22.13, tmp_test_f1: 11.86, f1: 12.14
epoch: 115, val_loss:3.458976, acc: 21.81, bacc: 22.13, tmp_test_f1: 11.19, f1: 12.14
epoch: 116, val_loss:3.462752, acc: 21.81, bacc: 22.13, tmp_test_f1: 11.25, f1: 12.14
epoch: 117, val_loss:3.464712, acc: 21.81, bacc: 22.13, tmp_test_f1: 11.07, f1: 12.14
epoch: 118, val_loss:3.470476, acc: 21.81, bacc: 22.13, tmp_test_f1: 11.12, f1: 12.14
epoch: 119, val_loss:3.480205, acc: 21.81, bacc: 22.13, tmp_test_f1: 11.22, f1: 12.14
epoch: 120, val_loss:3.493234, acc: 21.81, bacc: 22.13, tmp_test_f1: 11.16, f1: 12.14
epoch: 121, val_loss:3.498657, acc: 21.81, bacc: 22.13, tmp_test_f1: 11.60, f1: 12.14
epoch: 122, val_loss:3.514757, acc: 21.81, bacc: 22.13, tmp_test_f1: 11.07, f1: 12.14
epoch: 123, val_loss:3.511916, acc: 21.81, bacc: 22.13, tmp_test_f1: 11.75, f1: 12.14
epoch: 124, val_loss:3.532892, acc: 21.81, bacc: 22.13, tmp_test_f1: 10.88, f1: 12.14
epoch: 125, val_loss:3.522205, acc: 21.81, bacc: 22.13, tmp_test_f1: 11.66, f1: 12.14
epoch: 126, val_loss:3.537383, acc: 21.81, bacc: 22.13, tmp_test_f1: 10.93, f1: 12.14
epoch: 127, val_loss:3.523722, acc: 21.81, bacc: 22.13, tmp_test_f1: 11.61, f1: 12.14
epoch: 128, val_loss:3.539200, acc: 21.81, bacc: 22.13, tmp_test_f1: 11.07, f1: 12.14
epoch: 129, val_loss:3.533339, acc: 21.81, bacc: 22.13, tmp_test_f1: 11.49, f1: 12.14
epoch: 130, val_loss:3.546844, acc: 21.81, bacc: 22.13, tmp_test_f1: 11.23, f1: 12.14
epoch: 131, val_loss:3.548332, acc: 21.81, bacc: 22.13, tmp_test_f1: 11.17, f1: 12.14
epoch: 132, val_loss:3.559443, acc: 21.81, bacc: 22.13, tmp_test_f1: 11.38, f1: 12.14
epoch: 133, val_loss:3.568577, acc: 21.81, bacc: 22.13, tmp_test_f1: 11.14, f1: 12.14
epoch: 134, val_loss:3.566927, acc: 21.81, bacc: 22.13, tmp_test_f1: 11.80, f1: 12.14
epoch: 135, val_loss:3.603726, acc: 21.81, bacc: 22.13, tmp_test_f1: 10.03, f1: 12.14
epoch: 136, val_loss:3.597414, acc: 21.81, bacc: 22.13, tmp_test_f1: 11.66, f1: 12.14
epoch: 137, val_loss:3.642218, acc: 21.81, bacc: 22.13, tmp_test_f1: 10.45, f1: 12.14
epoch: 138, val_loss:3.585096, acc: 21.81, bacc: 22.13, tmp_test_f1: 11.15, f1: 12.14
test_f1 CountNotImproved reset to 0 in epoch 139
epoch: 139, val_loss:3.579873, acc: 21.90, bacc: 22.14, tmp_test_f1: 12.32, f1: 12.32
epoch: 140, val_loss:3.709105, acc: 21.90, bacc: 22.14, tmp_test_f1: 9.28, f1: 12.32
epoch: 141, val_loss:3.619017, acc: 21.90, bacc: 22.14, tmp_test_f1: 9.39, f1: 12.32
epoch: 142, val_loss:3.580147, acc: 21.90, bacc: 22.14, tmp_test_f1: 11.94, f1: 12.32
test_f1 CountNotImproved reset to 0 in epoch 143
epoch: 143, val_loss:3.574230, acc: 22.38, bacc: 22.55, tmp_test_f1: 12.71, f1: 12.71
epoch: 144, val_loss:3.771150, acc: 22.38, bacc: 22.55, tmp_test_f1: 10.21, f1: 12.71
epoch: 145, val_loss:3.464236, acc: 22.38, bacc: 22.55, tmp_test_f1: 9.14, f1: 12.71
epoch: 146, val_loss:3.499097, acc: 22.38, bacc: 22.55, tmp_test_f1: 9.56, f1: 12.71
epoch: 147, val_loss:3.413187, acc: 22.38, bacc: 22.55, tmp_test_f1: 11.40, f1: 12.71
epoch: 148, val_loss:3.341238, acc: 22.38, bacc: 22.55, tmp_test_f1: 12.55, f1: 12.71
epoch: 149, val_loss:3.460544, acc: 22.38, bacc: 22.55, tmp_test_f1: 12.45, f1: 12.71
epoch: 150, val_loss:3.472336, acc: 22.38, bacc: 22.55, tmp_test_f1: 11.72, f1: 12.71
epoch: 151, val_loss:3.297923, acc: 22.38, bacc: 22.55, tmp_test_f1: 10.26, f1: 12.71
epoch: 152, val_loss:3.279662, acc: 22.38, bacc: 22.55, tmp_test_f1: 9.54, f1: 12.71
epoch: 153, val_loss:3.315269, acc: 22.38, bacc: 22.55, tmp_test_f1: 9.55, f1: 12.71
epoch: 154, val_loss:3.311202, acc: 22.38, bacc: 22.55, tmp_test_f1: 10.38, f1: 12.71
epoch: 155, val_loss:3.267321, acc: 22.38, bacc: 22.55, tmp_test_f1: 11.30, f1: 12.71
epoch: 156, val_loss:3.242576, acc: 22.38, bacc: 22.55, tmp_test_f1: 11.89, f1: 12.71
epoch: 157, val_loss:3.287582, acc: 22.38, bacc: 22.55, tmp_test_f1: 12.14, f1: 12.71
epoch: 158, val_loss:3.349042, acc: 22.38, bacc: 22.55, tmp_test_f1: 11.99, f1: 12.71
epoch: 159, val_loss:3.314979, acc: 22.38, bacc: 22.55, tmp_test_f1: 11.33, f1: 12.71
epoch: 160, val_loss:3.301388, acc: 22.38, bacc: 22.55, tmp_test_f1: 10.56, f1: 12.71
epoch: 161, val_loss:3.332254, acc: 22.38, bacc: 22.55, tmp_test_f1: 10.47, f1: 12.71
epoch: 162, val_loss:3.364635, acc: 22.38, bacc: 22.55, tmp_test_f1: 10.44, f1: 12.71
epoch: 163, val_loss:3.391722, acc: 22.38, bacc: 22.55, tmp_test_f1: 11.00, f1: 12.71
epoch: 164, val_loss:3.424785, acc: 22.38, bacc: 22.55, tmp_test_f1: 11.79, f1: 12.71
epoch: 165, val_loss:3.484057, acc: 22.38, bacc: 22.55, tmp_test_f1: 12.13, f1: 12.71
epoch: 166, val_loss:3.533806, acc: 22.38, bacc: 22.55, tmp_test_f1: 12.02, f1: 12.71
epoch: 167, val_loss:3.527429, acc: 22.38, bacc: 22.55, tmp_test_f1: 11.00, f1: 12.71
epoch: 168, val_loss:3.514133, acc: 22.38, bacc: 22.55, tmp_test_f1: 11.05, f1: 12.71
epoch: 169, val_loss:3.516079, acc: 22.38, bacc: 22.55, tmp_test_f1: 11.00, f1: 12.71
epoch: 170, val_loss:3.528047, acc: 22.38, bacc: 22.55, tmp_test_f1: 11.21, f1: 12.71
epoch: 171, val_loss:3.549992, acc: 22.38, bacc: 22.55, tmp_test_f1: 11.81, f1: 12.71
epoch: 172, val_loss:3.585213, acc: 22.38, bacc: 22.55, tmp_test_f1: 12.12, f1: 12.71
epoch: 173, val_loss:3.612244, acc: 22.38, bacc: 22.55, tmp_test_f1: 11.90, f1: 12.71
epoch: 174, val_loss:3.609450, acc: 22.38, bacc: 22.55, tmp_test_f1: 11.49, f1: 12.71
epoch: 175, val_loss:3.587054, acc: 22.38, bacc: 22.55, tmp_test_f1: 11.30, f1: 12.71
epoch: 176, val_loss:3.578315, acc: 22.38, bacc: 22.55, tmp_test_f1: 11.40, f1: 12.71
epoch: 177, val_loss:3.578760, acc: 22.38, bacc: 22.55, tmp_test_f1: 11.37, f1: 12.71
epoch: 178, val_loss:3.593704, acc: 22.38, bacc: 22.55, tmp_test_f1: 11.70, f1: 12.71
epoch: 179, val_loss:3.627097, acc: 22.38, bacc: 22.55, tmp_test_f1: 11.55, f1: 12.71
epoch: 180, val_loss:3.635309, acc: 22.38, bacc: 22.55, tmp_test_f1: 11.51, f1: 12.71
epoch: 181, val_loss:3.614967, acc: 22.38, bacc: 22.55, tmp_test_f1: 11.41, f1: 12.71
epoch: 182, val_loss:3.615004, acc: 22.38, bacc: 22.55, tmp_test_f1: 11.49, f1: 12.71
epoch: 183, val_loss:3.627836, acc: 22.38, bacc: 22.55, tmp_test_f1: 11.55, f1: 12.71
epoch: 184, val_loss:3.654659, acc: 22.38, bacc: 22.55, tmp_test_f1: 11.56, f1: 12.71
epoch: 185, val_loss:3.661421, acc: 22.38, bacc: 22.55, tmp_test_f1: 11.31, f1: 12.71
epoch: 186, val_loss:3.652646, acc: 22.38, bacc: 22.55, tmp_test_f1: 11.33, f1: 12.71
epoch: 187, val_loss:3.652535, acc: 22.38, bacc: 22.55, tmp_test_f1: 11.18, f1: 12.71
epoch: 188, val_loss:3.664146, acc: 22.38, bacc: 22.55, tmp_test_f1: 11.54, f1: 12.71
epoch: 189, val_loss:3.688223, acc: 22.38, bacc: 22.55, tmp_test_f1: 11.54, f1: 12.71
epoch: 190, val_loss:3.698415, acc: 22.38, bacc: 22.55, tmp_test_f1: 11.43, f1: 12.71
epoch: 191, val_loss:3.690332, acc: 22.38, bacc: 22.55, tmp_test_f1: 11.49, f1: 12.71
epoch: 192, val_loss:3.694147, acc: 22.38, bacc: 22.55, tmp_test_f1: 11.46, f1: 12.71
epoch: 193, val_loss:3.709301, acc: 22.38, bacc: 22.55, tmp_test_f1: 11.54, f1: 12.71
epoch: 194, val_loss:3.738970, acc: 22.38, bacc: 22.55, tmp_test_f1: 11.60, f1: 12.71
epoch: 195, val_loss:3.748354, acc: 22.38, bacc: 22.55, tmp_test_f1: 11.61, f1: 12.71
epoch: 196, val_loss:3.741773, acc: 22.38, bacc: 22.55, tmp_test_f1: 11.55, f1: 12.71
epoch: 197, val_loss:3.756964, acc: 22.38, bacc: 22.55, tmp_test_f1: 11.59, f1: 12.71
epoch: 198, val_loss:3.787668, acc: 22.38, bacc: 22.55, tmp_test_f1: 11.58, f1: 12.71
epoch: 199, val_loss:3.797007, acc: 22.38, bacc: 22.55, tmp_test_f1: 11.54, f1: 12.71
epoch: 200, val_loss:3.780401, acc: 22.38, bacc: 22.55, tmp_test_f1: 11.61, f1: 12.71
Epoch 00201: reducing learning rate of group 0 to 5.0000e-02.
epoch: 201, val_loss:3.778034, acc: 22.38, bacc: 22.55, tmp_test_f1: 11.65, f1: 12.71
epoch: 202, val_loss:3.800558, acc: 22.38, bacc: 22.55, tmp_test_f1: 11.62, f1: 12.71
epoch: 203, val_loss:3.815571, acc: 22.38, bacc: 22.55, tmp_test_f1: 11.67, f1: 12.71
epoch: 204, val_loss:3.818851, acc: 22.38, bacc: 22.55, tmp_test_f1: 11.69, f1: 12.71
epoch: 205, val_loss:3.807578, acc: 22.38, bacc: 22.55, tmp_test_f1: 11.55, f1: 12.71
epoch: 206, val_loss:3.795979, acc: 22.38, bacc: 22.55, tmp_test_f1: 11.59, f1: 12.71
epoch: 207, val_loss:3.795216, acc: 22.38, bacc: 22.55, tmp_test_f1: 11.60, f1: 12.71
epoch: 208, val_loss:3.811473, acc: 22.38, bacc: 22.55, tmp_test_f1: 11.62, f1: 12.71
epoch: 209, val_loss:3.829814, acc: 22.38, bacc: 22.55, tmp_test_f1: 11.67, f1: 12.71
epoch: 210, val_loss:3.826180, acc: 22.38, bacc: 22.55, tmp_test_f1: 11.65, f1: 12.71
epoch: 211, val_loss:3.810503, acc: 22.38, bacc: 22.55, tmp_test_f1: 11.63, f1: 12.71
epoch: 212, val_loss:3.800316, acc: 22.38, bacc: 22.55, tmp_test_f1: 11.63, f1: 12.71
epoch: 213, val_loss:3.804420, acc: 22.38, bacc: 22.55, tmp_test_f1: 11.65, f1: 12.71
epoch: 214, val_loss:3.818552, acc: 22.38, bacc: 22.55, tmp_test_f1: 11.67, f1: 12.71
epoch: 215, val_loss:3.836007, acc: 22.38, bacc: 22.55, tmp_test_f1: 11.68, f1: 12.71
epoch: 216, val_loss:3.832539, acc: 22.38, bacc: 22.55, tmp_test_f1: 11.67, f1: 12.71
epoch: 217, val_loss:3.816803, acc: 22.38, bacc: 22.55, tmp_test_f1: 11.69, f1: 12.71
epoch: 218, val_loss:3.816653, acc: 22.38, bacc: 22.55, tmp_test_f1: 11.53, f1: 12.71
epoch: 219, val_loss:3.834310, acc: 22.38, bacc: 22.55, tmp_test_f1: 11.83, f1: 12.71
epoch: 220, val_loss:3.849766, acc: 22.38, bacc: 22.55, tmp_test_f1: 11.81, f1: 12.71
epoch: 221, val_loss:3.843494, acc: 22.38, bacc: 22.55, tmp_test_f1: 11.68, f1: 12.71
epoch: 222, val_loss:3.832269, acc: 22.38, bacc: 22.55, tmp_test_f1: 11.63, f1: 12.71
epoch: 223, val_loss:3.838764, acc: 22.38, bacc: 22.55, tmp_test_f1: 11.88, f1: 12.71
epoch: 224, val_loss:3.860739, acc: 22.38, bacc: 22.55, tmp_test_f1: 11.88, f1: 12.71
epoch: 225, val_loss:3.870272, acc: 22.38, bacc: 22.55, tmp_test_f1: 11.77, f1: 12.71
epoch: 226, val_loss:3.860301, acc: 22.38, bacc: 22.55, tmp_test_f1: 11.75, f1: 12.71
epoch: 227, val_loss:3.854028, acc: 22.38, bacc: 22.55, tmp_test_f1: 11.76, f1: 12.71
epoch: 228, val_loss:3.856743, acc: 22.38, bacc: 22.55, tmp_test_f1: 11.85, f1: 12.71
epoch: 229, val_loss:3.880730, acc: 22.38, bacc: 22.55, tmp_test_f1: 11.83, f1: 12.71
epoch: 230, val_loss:3.890685, acc: 22.38, bacc: 22.55, tmp_test_f1: 11.79, f1: 12.71
epoch: 231, val_loss:3.878434, acc: 22.38, bacc: 22.55, tmp_test_f1: 11.77, f1: 12.71
epoch: 232, val_loss:3.869277, acc: 22.38, bacc: 22.55, tmp_test_f1: 11.79, f1: 12.71
epoch: 233, val_loss:3.882572, acc: 22.38, bacc: 22.55, tmp_test_f1: 11.83, f1: 12.71
epoch: 234, val_loss:3.908517, acc: 22.38, bacc: 22.55, tmp_test_f1: 11.94, f1: 12.71
epoch: 235, val_loss:3.898084, acc: 22.38, bacc: 22.55, tmp_test_f1: 11.87, f1: 12.71
epoch: 236, val_loss:3.892637, acc: 22.38, bacc: 22.55, tmp_test_f1: 11.87, f1: 12.71
epoch: 237, val_loss:3.893739, acc: 22.38, bacc: 22.55, tmp_test_f1: 11.94, f1: 12.71
epoch: 238, val_loss:3.906147, acc: 22.38, bacc: 22.55, tmp_test_f1: 11.84, f1: 12.71
epoch: 239, val_loss:3.916478, acc: 22.38, bacc: 22.55, tmp_test_f1: 11.87, f1: 12.71
epoch: 240, val_loss:3.903311, acc: 22.38, bacc: 22.55, tmp_test_f1: 11.84, f1: 12.71
epoch: 241, val_loss:3.903006, acc: 22.38, bacc: 22.55, tmp_test_f1: 11.84, f1: 12.71
epoch: 242, val_loss:3.927496, acc: 22.38, bacc: 22.55, tmp_test_f1: 11.78, f1: 12.71
epoch: 243, val_loss:3.945598, acc: 22.38, bacc: 22.55, tmp_test_f1: 11.84, f1: 12.71
epoch: 244, val_loss:3.933351, acc: 22.38, bacc: 22.55, tmp_test_f1: 11.82, f1: 12.71
epoch: 245, val_loss:3.924449, acc: 22.38, bacc: 22.55, tmp_test_f1: 11.84, f1: 12.71
epoch: 246, val_loss:3.939223, acc: 22.38, bacc: 22.55, tmp_test_f1: 11.83, f1: 12.71
epoch: 247, val_loss:3.950721, acc: 22.38, bacc: 22.55, tmp_test_f1: 11.85, f1: 12.71
epoch: 248, val_loss:3.947043, acc: 22.38, bacc: 22.55, tmp_test_f1: 11.83, f1: 12.71
epoch: 249, val_loss:3.939014, acc: 22.38, bacc: 22.55, tmp_test_f1: 11.70, f1: 12.71
epoch: 250, val_loss:3.945119, acc: 22.38, bacc: 22.55, tmp_test_f1: 11.92, f1: 12.71
epoch: 251, val_loss:3.967972, acc: 22.38, bacc: 22.55, tmp_test_f1: 11.70, f1: 12.71
epoch: 252, val_loss:3.957081, acc: 22.38, bacc: 22.55, tmp_test_f1: 11.70, f1: 12.71
epoch: 253, val_loss:3.957100, acc: 22.38, bacc: 22.55, tmp_test_f1: 11.93, f1: 12.71
epoch: 254, val_loss:3.969758, acc: 22.38, bacc: 22.55, tmp_test_f1: 11.78, f1: 12.71
epoch: 255, val_loss:3.965233, acc: 22.38, bacc: 22.55, tmp_test_f1: 11.79, f1: 12.71
epoch: 256, val_loss:3.961628, acc: 22.38, bacc: 22.55, tmp_test_f1: 11.92, f1: 12.71
epoch: 257, val_loss:3.984469, acc: 22.38, bacc: 22.55, tmp_test_f1: 11.91, f1: 12.71
epoch: 258, val_loss:3.988685, acc: 22.38, bacc: 22.55, tmp_test_f1: 11.98, f1: 12.71
epoch: 259, val_loss:3.977877, acc: 22.38, bacc: 22.55, tmp_test_f1: 11.82, f1: 12.71
epoch: 260, val_loss:3.974920, acc: 22.38, bacc: 22.55, tmp_test_f1: 11.98, f1: 12.71
epoch: 261, val_loss:3.995785, acc: 22.38, bacc: 22.55, tmp_test_f1: 11.97, f1: 12.71
epoch: 262, val_loss:3.985646, acc: 22.38, bacc: 22.55, tmp_test_f1: 11.90, f1: 12.71
epoch: 263, val_loss:3.982645, acc: 22.38, bacc: 22.55, tmp_test_f1: 11.92, f1: 12.71
epoch: 264, val_loss:3.996739, acc: 22.38, bacc: 22.55, tmp_test_f1: 11.98, f1: 12.71
epoch: 265, val_loss:4.006321, acc: 22.38, bacc: 22.55, tmp_test_f1: 11.86, f1: 12.71
epoch: 266, val_loss:3.990516, acc: 22.38, bacc: 22.55, tmp_test_f1: 11.61, f1: 12.71
epoch: 267, val_loss:3.982996, acc: 22.38, bacc: 22.55, tmp_test_f1: 11.61, f1: 12.71
epoch: 268, val_loss:3.989309, acc: 22.38, bacc: 22.55, tmp_test_f1: 11.81, f1: 12.71
epoch: 269, val_loss:4.016839, acc: 22.38, bacc: 22.55, tmp_test_f1: 11.64, f1: 12.71
epoch: 270, val_loss:4.001577, acc: 22.38, bacc: 22.55, tmp_test_f1: 11.65, f1: 12.71
epoch: 271, val_loss:3.994023, acc: 22.38, bacc: 22.55, tmp_test_f1: 11.82, f1: 12.71
epoch: 272, val_loss:4.009309, acc: 22.38, bacc: 22.55, tmp_test_f1: 11.84, f1: 12.71
epoch: 273, val_loss:4.015343, acc: 22.38, bacc: 22.55, tmp_test_f1: 11.65, f1: 12.71
epoch: 274, val_loss:3.988005, acc: 22.38, bacc: 22.55, tmp_test_f1: 11.67, f1: 12.71
epoch: 275, val_loss:3.999247, acc: 22.38, bacc: 22.55, tmp_test_f1: 11.70, f1: 12.71
epoch: 276, val_loss:4.013041, acc: 22.38, bacc: 22.55, tmp_test_f1: 11.69, f1: 12.71
epoch: 277, val_loss:4.014683, acc: 22.38, bacc: 22.55, tmp_test_f1: 11.62, f1: 12.71
epoch: 278, val_loss:4.011181, acc: 22.38, bacc: 22.55, tmp_test_f1: 11.51, f1: 12.71
epoch: 279, val_loss:4.008294, acc: 22.38, bacc: 22.55, tmp_test_f1: 11.62, f1: 12.71
epoch: 280, val_loss:4.026761, acc: 22.38, bacc: 22.55, tmp_test_f1: 11.55, f1: 12.71
epoch: 281, val_loss:4.032380, acc: 22.38, bacc: 22.55, tmp_test_f1: 11.56, f1: 12.71
epoch: 282, val_loss:4.026061, acc: 22.38, bacc: 22.55, tmp_test_f1: 11.63, f1: 12.71
epoch: 283, val_loss:4.037730, acc: 22.38, bacc: 22.55, tmp_test_f1: 11.71, f1: 12.71
epoch: 284, val_loss:4.049079, acc: 22.38, bacc: 22.55, tmp_test_f1: 11.70, f1: 12.71
epoch: 285, val_loss:4.056242, acc: 22.38, bacc: 22.55, tmp_test_f1: 11.70, f1: 12.71
epoch: 286, val_loss:4.066327, acc: 22.38, bacc: 22.55, tmp_test_f1: 11.46, f1: 12.71
epoch: 287, val_loss:4.040869, acc: 22.38, bacc: 22.55, tmp_test_f1: 11.67, f1: 12.71
epoch: 288, val_loss:4.061036, acc: 22.38, bacc: 22.55, tmp_test_f1: 11.80, f1: 12.71
epoch: 289, val_loss:4.089119, acc: 22.38, bacc: 22.55, tmp_test_f1: 11.46, f1: 12.71
epoch: 290, val_loss:4.042826, acc: 22.38, bacc: 22.55, tmp_test_f1: 11.70, f1: 12.71
epoch: 291, val_loss:4.076316, acc: 22.38, bacc: 22.55, tmp_test_f1: 11.84, f1: 12.71
epoch: 292, val_loss:4.096861, acc: 22.38, bacc: 22.55, tmp_test_f1: 11.31, f1: 12.71
epoch: 293, val_loss:4.024345, acc: 22.38, bacc: 22.55, tmp_test_f1: 11.38, f1: 12.71
epoch: 294, val_loss:4.044941, acc: 22.38, bacc: 22.55, tmp_test_f1: 12.09, f1: 12.71
epoch: 295, val_loss:4.144023, acc: 22.38, bacc: 22.55, tmp_test_f1: 11.13, f1: 12.71
epoch: 296, val_loss:4.012663, acc: 22.38, bacc: 22.55, tmp_test_f1: 11.45, f1: 12.71
epoch: 297, val_loss:4.045109, acc: 22.38, bacc: 22.55, tmp_test_f1: 11.91, f1: 12.71
epoch: 298, val_loss:4.188390, acc: 22.38, bacc: 22.55, tmp_test_f1: 11.26, f1: 12.71
epoch: 299, val_loss:4.008580, acc: 22.38, bacc: 22.55, tmp_test_f1: 11.26, f1: 12.71
epoch: 300, val_loss:4.008600, acc: 22.38, bacc: 22.55, tmp_test_f1: 11.82, f1: 12.71
epoch: 301, val_loss:4.153268, acc: 22.38, bacc: 22.55, tmp_test_f1: 11.84, f1: 12.71
epoch: 302, val_loss:4.113340, acc: 22.38, bacc: 22.55, tmp_test_f1: 11.32, f1: 12.71
epoch: 303, val_loss:4.019875, acc: 22.38, bacc: 22.55, tmp_test_f1: 11.31, f1: 12.71
epoch: 304, val_loss:4.031584, acc: 22.38, bacc: 22.55, tmp_test_f1: 12.06, f1: 12.71
epoch: 305, val_loss:4.171231, acc: 22.38, bacc: 22.55, tmp_test_f1: 11.73, f1: 12.71
epoch: 306, val_loss:4.139828, acc: 22.38, bacc: 22.55, tmp_test_f1: 11.32, f1: 12.71
epoch: 307, val_loss:4.047931, acc: 22.38, bacc: 22.55, tmp_test_f1: 11.37, f1: 12.71
epoch: 308, val_loss:4.068860, acc: 22.38, bacc: 22.55, tmp_test_f1: 11.87, f1: 12.71
epoch: 309, val_loss:4.153588, acc: 22.38, bacc: 22.55, tmp_test_f1: 11.81, f1: 12.71
epoch: 310, val_loss:4.144487, acc: 22.38, bacc: 22.55, tmp_test_f1: 11.26, f1: 12.71
epoch: 311, val_loss:4.062805, acc: 22.38, bacc: 22.55, tmp_test_f1: 11.50, f1: 12.71
epoch: 312, val_loss:4.079602, acc: 22.38, bacc: 22.55, tmp_test_f1: 12.06, f1: 12.71
epoch: 313, val_loss:4.173131, acc: 22.38, bacc: 22.55, tmp_test_f1: 11.58, f1: 12.71
epoch: 314, val_loss:4.127814, acc: 22.38, bacc: 22.55, tmp_test_f1: 11.45, f1: 12.71
epoch: 315, val_loss:4.084341, acc: 22.38, bacc: 22.55, tmp_test_f1: 11.56, f1: 12.71
epoch: 316, val_loss:4.116997, acc: 22.38, bacc: 22.55, tmp_test_f1: 11.62, f1: 12.71
epoch: 317, val_loss:4.178347, acc: 22.38, bacc: 22.55, tmp_test_f1: 11.68, f1: 12.71
epoch: 318, val_loss:4.145465, acc: 22.38, bacc: 22.55, tmp_test_f1: 11.29, f1: 12.71
epoch: 319, val_loss:4.116896, acc: 22.38, bacc: 22.55, tmp_test_f1: 11.65, f1: 12.71
epoch: 320, val_loss:4.138385, acc: 22.38, bacc: 22.55, tmp_test_f1: 11.69, f1: 12.71
epoch: 321, val_loss:4.212079, acc: 22.38, bacc: 22.55, tmp_test_f1: 11.67, f1: 12.71
epoch: 322, val_loss:4.146712, acc: 22.38, bacc: 22.55, tmp_test_f1: 11.61, f1: 12.71
epoch: 323, val_loss:4.134008, acc: 22.38, bacc: 22.55, tmp_test_f1: 11.67, f1: 12.71
epoch: 324, val_loss:4.197919, acc: 22.38, bacc: 22.55, tmp_test_f1: 11.64, f1: 12.71
epoch: 325, val_loss:4.198434, acc: 22.38, bacc: 22.55, tmp_test_f1: 11.45, f1: 12.71
epoch: 326, val_loss:4.136755, acc: 22.38, bacc: 22.55, tmp_test_f1: 11.63, f1: 12.71
epoch: 327, val_loss:4.159880, acc: 22.38, bacc: 22.55, tmp_test_f1: 11.62, f1: 12.71
epoch: 328, val_loss:4.218926, acc: 22.38, bacc: 22.55, tmp_test_f1: 11.61, f1: 12.71
epoch: 329, val_loss:4.145829, acc: 22.38, bacc: 22.55, tmp_test_f1: 11.64, f1: 12.71
epoch: 330, val_loss:4.146614, acc: 22.38, bacc: 22.55, tmp_test_f1: 11.62, f1: 12.71
epoch: 331, val_loss:4.201863, acc: 22.38, bacc: 22.55, tmp_test_f1: 11.62, f1: 12.71
epoch: 332, val_loss:4.207978, acc: 22.38, bacc: 22.55, tmp_test_f1: 11.33, f1: 12.71
epoch: 333, val_loss:4.137228, acc: 22.38, bacc: 22.55, tmp_test_f1: 11.37, f1: 12.71
epoch: 334, val_loss:4.155957, acc: 22.38, bacc: 22.55, tmp_test_f1: 11.95, f1: 12.71
epoch: 335, val_loss:4.256263, acc: 22.38, bacc: 22.55, tmp_test_f1: 11.22, f1: 12.71
epoch: 336, val_loss:4.140988, acc: 22.38, bacc: 22.55, tmp_test_f1: 11.44, f1: 12.71
epoch: 337, val_loss:4.151055, acc: 22.38, bacc: 22.55, tmp_test_f1: 11.68, f1: 12.71
epoch: 338, val_loss:4.241303, acc: 22.38, bacc: 22.55, tmp_test_f1: 11.67, f1: 12.71
epoch: 339, val_loss:4.173205, acc: 22.38, bacc: 22.55, tmp_test_f1: 11.44, f1: 12.71
epoch: 340, val_loss:4.142453, acc: 22.38, bacc: 22.55, tmp_test_f1: 11.76, f1: 12.71
epoch: 341, val_loss:4.211533, acc: 22.38, bacc: 22.55, tmp_test_f1: 11.66, f1: 12.71
epoch: 342, val_loss:4.255103, acc: 22.38, bacc: 22.55, tmp_test_f1: 11.32, f1: 12.71
epoch: 343, val_loss:4.168138, acc: 22.38, bacc: 22.55, tmp_test_f1: 11.44, f1: 12.71
epoch: 344, val_loss:4.204529, acc: 22.38, bacc: 22.55, tmp_test_f1: 11.80, f1: 12.71
epoch: 345, val_loss:4.293783, acc: 22.38, bacc: 22.55, tmp_test_f1: 11.34, f1: 12.71
epoch: 346, val_loss:4.163955, acc: 22.38, bacc: 22.55, tmp_test_f1: 11.54, f1: 12.71
epoch: 347, val_loss:4.198099, acc: 22.38, bacc: 22.55, tmp_test_f1: 11.72, f1: 12.71
epoch: 348, val_loss:4.317407, acc: 22.38, bacc: 22.55, tmp_test_f1: 11.63, f1: 12.71
epoch: 349, val_loss:4.186131, acc: 22.38, bacc: 22.55, tmp_test_f1: 11.63, f1: 12.71
epoch: 350, val_loss:4.184846, acc: 22.38, bacc: 22.55, tmp_test_f1: 11.77, f1: 12.71
epoch: 351, val_loss:4.274823, acc: 22.38, bacc: 22.55, tmp_test_f1: 11.77, f1: 12.71
epoch: 352, val_loss:4.243580, acc: 22.38, bacc: 22.55, tmp_test_f1: 11.35, f1: 12.71
epoch: 353, val_loss:4.199744, acc: 22.38, bacc: 22.55, tmp_test_f1: 11.76, f1: 12.71
epoch: 354, val_loss:4.261541, acc: 22.38, bacc: 22.55, tmp_test_f1: 11.81, f1: 12.71
epoch: 355, val_loss:4.304500, acc: 22.38, bacc: 22.55, tmp_test_f1: 11.44, f1: 12.71
epoch: 356, val_loss:4.207756, acc: 22.38, bacc: 22.55, tmp_test_f1: 11.73, f1: 12.71
epoch: 357, val_loss:4.236091, acc: 22.38, bacc: 22.55, tmp_test_f1: 11.75, f1: 12.71
epoch: 358, val_loss:4.358009, acc: 22.38, bacc: 22.55, tmp_test_f1: 11.47, f1: 12.71
epoch: 359, val_loss:4.184599, acc: 22.38, bacc: 22.55, tmp_test_f1: 11.40, f1: 12.71
epoch: 360, val_loss:4.209024, acc: 22.38, bacc: 22.55, tmp_test_f1: 11.74, f1: 12.71
epoch: 361, val_loss:4.386155, acc: 22.38, bacc: 22.55, tmp_test_f1: 11.52, f1: 12.71
epoch: 362, val_loss:4.241214, acc: 22.38, bacc: 22.55, tmp_test_f1: 11.44, f1: 12.71
epoch: 363, val_loss:4.184162, acc: 22.38, bacc: 22.55, tmp_test_f1: 11.74, f1: 12.71
epoch: 364, val_loss:4.316880, acc: 22.38, bacc: 22.55, tmp_test_f1: 11.77, f1: 12.71
epoch: 365, val_loss:4.370469, acc: 22.38, bacc: 22.55, tmp_test_f1: 11.56, f1: 12.71
epoch: 366, val_loss:4.203075, acc: 22.38, bacc: 22.55, tmp_test_f1: 11.51, f1: 12.71
epoch: 367, val_loss:4.227635, acc: 22.38, bacc: 22.55, tmp_test_f1: 11.91, f1: 12.71
epoch: 368, val_loss:4.403137, acc: 22.38, bacc: 22.55, tmp_test_f1: 11.78, f1: 12.71
epoch: 369, val_loss:4.280338, acc: 22.38, bacc: 22.55, tmp_test_f1: 11.54, f1: 12.71
epoch: 370, val_loss:4.199804, acc: 22.38, bacc: 22.55, tmp_test_f1: 11.70, f1: 12.71
epoch: 371, val_loss:4.274885, acc: 22.38, bacc: 22.55, tmp_test_f1: 11.84, f1: 12.71
epoch: 372, val_loss:4.406302, acc: 22.38, bacc: 22.55, tmp_test_f1: 11.77, f1: 12.71
epoch: 373, val_loss:4.259446, acc: 22.38, bacc: 22.55, tmp_test_f1: 11.56, f1: 12.71
epoch: 374, val_loss:4.193254, acc: 22.38, bacc: 22.55, tmp_test_f1: 11.80, f1: 12.71
epoch: 375, val_loss:4.300197, acc: 22.38, bacc: 22.55, tmp_test_f1: 11.69, f1: 12.71
epoch: 376, val_loss:4.407181, acc: 22.38, bacc: 22.55, tmp_test_f1: 11.62, f1: 12.71
epoch: 377, val_loss:4.240948, acc: 22.38, bacc: 22.55, tmp_test_f1: 11.50, f1: 12.71
epoch: 378, val_loss:4.216915, acc: 22.38, bacc: 22.55, tmp_test_f1: 11.60, f1: 12.71
epoch: 379, val_loss:4.353803, acc: 22.38, bacc: 22.55, tmp_test_f1: 11.77, f1: 12.71
epoch: 380, val_loss:4.411834, acc: 22.38, bacc: 22.55, tmp_test_f1: 11.75, f1: 12.71
epoch: 381, val_loss:4.288929, acc: 22.38, bacc: 22.55, tmp_test_f1: 11.49, f1: 12.71
epoch: 382, val_loss:4.244267, acc: 22.38, bacc: 22.55, tmp_test_f1: 11.64, f1: 12.71
epoch: 383, val_loss:4.337781, acc: 22.38, bacc: 22.55, tmp_test_f1: 11.85, f1: 12.71
epoch: 384, val_loss:4.430361, acc: 22.38, bacc: 22.55, tmp_test_f1: 11.49, f1: 12.71
epoch: 385, val_loss:4.266681, acc: 22.38, bacc: 22.55, tmp_test_f1: 11.50, f1: 12.71
epoch: 386, val_loss:4.262046, acc: 22.38, bacc: 22.55, tmp_test_f1: 11.70, f1: 12.71
epoch: 387, val_loss:4.410039, acc: 22.38, bacc: 22.55, tmp_test_f1: 11.58, f1: 12.71
epoch: 388, val_loss:4.374404, acc: 22.38, bacc: 22.55, tmp_test_f1: 11.55, f1: 12.71
epoch: 389, val_loss:4.280664, acc: 22.38, bacc: 22.55, tmp_test_f1: 11.70, f1: 12.71
epoch: 390, val_loss:4.306237, acc: 22.38, bacc: 22.55, tmp_test_f1: 11.63, f1: 12.71
epoch: 391, val_loss:4.419439, acc: 22.38, bacc: 22.55, tmp_test_f1: 11.61, f1: 12.71
epoch: 392, val_loss:4.340514, acc: 22.38, bacc: 22.55, tmp_test_f1: 11.64, f1: 12.71
epoch: 393, val_loss:4.291897, acc: 22.38, bacc: 22.55, tmp_test_f1: 11.55, f1: 12.71
epoch: 394, val_loss:4.363381, acc: 22.38, bacc: 22.55, tmp_test_f1: 11.63, f1: 12.71
epoch: 395, val_loss:4.402816, acc: 22.38, bacc: 22.55, tmp_test_f1: 11.65, f1: 12.71
epoch: 396, val_loss:4.321751, acc: 22.38, bacc: 22.55, tmp_test_f1: 11.67, f1: 12.71
epoch: 397, val_loss:4.317901, acc: 22.38, bacc: 22.55, tmp_test_f1: 11.64, f1: 12.71
epoch: 398, val_loss:4.385911, acc: 22.38, bacc: 22.55, tmp_test_f1: 11.62, f1: 12.71
epoch: 399, val_loss:4.412568, acc: 22.38, bacc: 22.55, tmp_test_f1: 11.55, f1: 12.71
epoch: 400, val_loss:4.328533, acc: 22.38, bacc: 22.55, tmp_test_f1: 11.75, f1: 12.71
epoch: 401, val_loss:4.385087, acc: 22.38, bacc: 22.55, tmp_test_f1: 11.60, f1: 12.71
Epoch 00402: reducing learning rate of group 0 to 2.5000e-02.
epoch: 402, val_loss:4.446447, acc: 22.38, bacc: 22.55, tmp_test_f1: 11.60, f1: 12.71
epoch: 403, val_loss:4.312718, acc: 22.38, bacc: 22.55, tmp_test_f1: 11.70, f1: 12.71
epoch: 404, val_loss:4.325551, acc: 22.38, bacc: 22.55, tmp_test_f1: 11.62, f1: 12.71
epoch: 405, val_loss:4.383124, acc: 22.38, bacc: 22.55, tmp_test_f1: 11.60, f1: 12.71
epoch: 406, val_loss:4.435622, acc: 22.38, bacc: 22.55, tmp_test_f1: 11.61, f1: 12.71
epoch: 407, val_loss:4.400222, acc: 22.38, bacc: 22.55, tmp_test_f1: 11.68, f1: 12.71
epoch: 408, val_loss:4.342577, acc: 22.38, bacc: 22.55, tmp_test_f1: 11.70, f1: 12.71
epoch: 409, val_loss:4.332444, acc: 22.38, bacc: 22.55, tmp_test_f1: 11.69, f1: 12.71
epoch: 410, val_loss:4.377540, acc: 22.38, bacc: 22.55, tmp_test_f1: 11.61, f1: 12.71
epoch: 411, val_loss:4.436214, acc: 22.38, bacc: 22.55, tmp_test_f1: 11.63, f1: 12.71
epoch: 412, val_loss:4.411641, acc: 22.38, bacc: 22.55, tmp_test_f1: 11.77, f1: 12.71
epoch: 413, val_loss:4.360287, acc: 22.38, bacc: 22.55, tmp_test_f1: 11.63, f1: 12.71
epoch: 414, val_loss:4.342103, acc: 22.38, bacc: 22.55, tmp_test_f1: 11.75, f1: 12.71
epoch: 415, val_loss:4.377305, acc: 22.38, bacc: 22.55, tmp_test_f1: 11.69, f1: 12.71
epoch: 416, val_loss:4.440455, acc: 22.38, bacc: 22.55, tmp_test_f1: 11.63, f1: 12.71
epoch: 417, val_loss:4.427891, acc: 22.38, bacc: 22.55, tmp_test_f1: 11.76, f1: 12.71
epoch: 418, val_loss:4.368354, acc: 22.38, bacc: 22.55, tmp_test_f1: 11.58, f1: 12.71
epoch: 419, val_loss:4.358562, acc: 22.38, bacc: 22.55, tmp_test_f1: 11.70, f1: 12.71
epoch: 420, val_loss:4.403102, acc: 22.38, bacc: 22.55, tmp_test_f1: 11.68, f1: 12.71
epoch: 421, val_loss:4.469038, acc: 22.38, bacc: 22.55, tmp_test_f1: 11.63, f1: 12.71
epoch: 422, val_loss:4.435011, acc: 22.38, bacc: 22.55, tmp_test_f1: 11.72, f1: 12.71
epoch: 423, val_loss:4.382048, acc: 22.38, bacc: 22.55, tmp_test_f1: 11.64, f1: 12.71
epoch: 424, val_loss:4.381577, acc: 22.38, bacc: 22.55, tmp_test_f1: 11.64, f1: 12.71
epoch: 425, val_loss:4.420993, acc: 22.38, bacc: 22.55, tmp_test_f1: 11.70, f1: 12.71
epoch: 426, val_loss:4.453944, acc: 22.38, bacc: 22.55, tmp_test_f1: 11.68, f1: 12.71
epoch: 427, val_loss:4.433661, acc: 22.38, bacc: 22.55, tmp_test_f1: 11.73, f1: 12.71
epoch: 428, val_loss:4.384279, acc: 22.38, bacc: 22.55, tmp_test_f1: 11.73, f1: 12.71
epoch: 429, val_loss:4.384483, acc: 22.38, bacc: 22.55, tmp_test_f1: 11.68, f1: 12.71
epoch: 430, val_loss:4.432913, acc: 22.38, bacc: 22.55, tmp_test_f1: 11.64, f1: 12.71
epoch: 431, val_loss:4.471563, acc: 22.38, bacc: 22.55, tmp_test_f1: 11.68, f1: 12.71
epoch: 432, val_loss:4.424732, acc: 22.38, bacc: 22.55, tmp_test_f1: 11.73, f1: 12.71
epoch: 433, val_loss:4.387383, acc: 22.38, bacc: 22.55, tmp_test_f1: 11.76, f1: 12.71
epoch: 434, val_loss:4.406775, acc: 22.38, bacc: 22.55, tmp_test_f1: 11.68, f1: 12.71
epoch: 435, val_loss:4.455884, acc: 22.38, bacc: 22.55, tmp_test_f1: 11.70, f1: 12.71
epoch: 436, val_loss:4.475663, acc: 22.38, bacc: 22.55, tmp_test_f1: 11.69, f1: 12.71
epoch: 437, val_loss:4.437957, acc: 22.38, bacc: 22.55, tmp_test_f1: 11.73, f1: 12.71
epoch: 438, val_loss:4.408590, acc: 22.38, bacc: 22.55, tmp_test_f1: 11.77, f1: 12.71
epoch: 439, val_loss:4.417965, acc: 22.38, bacc: 22.55, tmp_test_f1: 11.68, f1: 12.71
epoch: 440, val_loss:4.462178, acc: 22.38, bacc: 22.55, tmp_test_f1: 11.70, f1: 12.71
epoch: 441, val_loss:4.478039, acc: 22.38, bacc: 22.55, tmp_test_f1: 11.69, f1: 12.71
epoch: 442, val_loss:4.439367, acc: 22.38, bacc: 22.55, tmp_test_f1: 11.70, f1: 12.71
epoch: 443, val_loss:4.426739, acc: 22.38, bacc: 22.55, tmp_test_f1: 11.70, f1: 12.71
epoch: 444, val_loss:4.428158, acc: 22.38, bacc: 22.55, tmp_test_f1: 11.68, f1: 12.71
epoch: 445, val_loss:4.458647, acc: 22.38, bacc: 22.55, tmp_test_f1: 11.70, f1: 12.71
epoch: 446, val_loss:4.469937, acc: 22.38, bacc: 22.55, tmp_test_f1: 11.70, f1: 12.71
epoch: 447, val_loss:4.431838, acc: 22.38, bacc: 22.55, tmp_test_f1: 11.61, f1: 12.71
epoch: 448, val_loss:4.420337, acc: 22.38, bacc: 22.55, tmp_test_f1: 11.70, f1: 12.71
epoch: 449, val_loss:4.444517, acc: 22.38, bacc: 22.55, tmp_test_f1: 11.70, f1: 12.71
epoch: 450, val_loss:4.479818, acc: 22.38, bacc: 22.55, tmp_test_f1: 11.71, f1: 12.71
epoch: 451, val_loss:4.461730, acc: 22.38, bacc: 22.55, tmp_test_f1: 11.64, f1: 12.71
epoch: 452, val_loss:4.418927, acc: 22.38, bacc: 22.55, tmp_test_f1: 11.71, f1: 12.71
epoch: 453, val_loss:4.429061, acc: 22.38, bacc: 22.55, tmp_test_f1: 11.66, f1: 12.71
epoch: 454, val_loss:4.478068, acc: 22.38, bacc: 22.55, tmp_test_f1: 11.66, f1: 12.71
epoch: 455, val_loss:4.486763, acc: 22.38, bacc: 22.55, tmp_test_f1: 11.66, f1: 12.71
epoch: 456, val_loss:4.442847, acc: 22.38, bacc: 22.55, tmp_test_f1: 11.68, f1: 12.71
epoch: 457, val_loss:4.429245, acc: 22.38, bacc: 22.55, tmp_test_f1: 11.72, f1: 12.71
epoch: 458, val_loss:4.460255, acc: 22.38, bacc: 22.55, tmp_test_f1: 11.69, f1: 12.71
epoch: 459, val_loss:4.489263, acc: 22.38, bacc: 22.55, tmp_test_f1: 11.56, f1: 12.71
epoch: 460, val_loss:4.433101, acc: 22.38, bacc: 22.55, tmp_test_f1: 11.72, f1: 12.71
epoch: 461, val_loss:4.440682, acc: 22.38, bacc: 22.55, tmp_test_f1: 11.78, f1: 12.71
epoch: 462, val_loss:4.485924, acc: 22.38, bacc: 22.55, tmp_test_f1: 11.78, f1: 12.71
epoch: 463, val_loss:4.485161, acc: 22.38, bacc: 22.55, tmp_test_f1: 11.56, f1: 12.71
epoch: 464, val_loss:4.445888, acc: 22.38, bacc: 22.55, tmp_test_f1: 11.57, f1: 12.71
epoch: 465, val_loss:4.441844, acc: 22.38, bacc: 22.55, tmp_test_f1: 11.66, f1: 12.71
epoch: 466, val_loss:4.488614, acc: 22.38, bacc: 22.55, tmp_test_f1: 11.73, f1: 12.71
epoch: 467, val_loss:4.504321, acc: 22.38, bacc: 22.55, tmp_test_f1: 11.61, f1: 12.71
epoch: 468, val_loss:4.438468, acc: 22.38, bacc: 22.55, tmp_test_f1: 11.51, f1: 12.71
epoch: 469, val_loss:4.453846, acc: 22.38, bacc: 22.55, tmp_test_f1: 11.65, f1: 12.71
epoch: 470, val_loss:4.509129, acc: 22.38, bacc: 22.55, tmp_test_f1: 11.66, f1: 12.71
epoch: 471, val_loss:4.481674, acc: 22.38, bacc: 22.55, tmp_test_f1: 11.58, f1: 12.71
epoch: 472, val_loss:4.479724, acc: 22.38, bacc: 22.55, tmp_test_f1: 11.61, f1: 12.71
epoch: 473, val_loss:4.495640, acc: 22.38, bacc: 22.55, tmp_test_f1: 11.67, f1: 12.71
epoch: 474, val_loss:4.510756, acc: 22.38, bacc: 22.55, tmp_test_f1: 11.61, f1: 12.71
epoch: 475, val_loss:4.506023, acc: 22.38, bacc: 22.55, tmp_test_f1: 11.67, f1: 12.71
epoch: 476, val_loss:4.478387, acc: 22.38, bacc: 22.55, tmp_test_f1: 11.63, f1: 12.71
epoch: 477, val_loss:4.506783, acc: 22.38, bacc: 22.55, tmp_test_f1: 11.63, f1: 12.71
epoch: 478, val_loss:4.504815, acc: 22.38, bacc: 22.55, tmp_test_f1: 11.60, f1: 12.71
epoch: 479, val_loss:4.492915, acc: 22.38, bacc: 22.55, tmp_test_f1: 11.59, f1: 12.71
epoch: 480, val_loss:4.495705, acc: 22.38, bacc: 22.55, tmp_test_f1: 11.60, f1: 12.71
epoch: 481, val_loss:4.483572, acc: 22.38, bacc: 22.55, tmp_test_f1: 11.62, f1: 12.71
epoch: 482, val_loss:4.511390, acc: 22.38, bacc: 22.55, tmp_test_f1: 11.60, f1: 12.71
epoch: 483, val_loss:4.488300, acc: 22.38, bacc: 22.55, tmp_test_f1: 11.61, f1: 12.71
epoch: 484, val_loss:4.488014, acc: 22.38, bacc: 22.55, tmp_test_f1: 11.55, f1: 12.71
epoch: 485, val_loss:4.519379, acc: 22.38, bacc: 22.55, tmp_test_f1: 11.55, f1: 12.71
epoch: 486, val_loss:4.514522, acc: 22.38, bacc: 22.55, tmp_test_f1: 11.50, f1: 12.71
epoch: 487, val_loss:4.484932, acc: 22.38, bacc: 22.55, tmp_test_f1: 11.60, f1: 12.71
epoch: 488, val_loss:4.507596, acc: 22.38, bacc: 22.55, tmp_test_f1: 11.53, f1: 12.71
epoch: 489, val_loss:4.535414, acc: 22.38, bacc: 22.55, tmp_test_f1: 11.54, f1: 12.71
epoch: 490, val_loss:4.487150, acc: 22.38, bacc: 22.55, tmp_test_f1: 11.60, f1: 12.71
epoch: 491, val_loss:4.510776, acc: 22.38, bacc: 22.55, tmp_test_f1: 11.65, f1: 12.71
epoch: 492, val_loss:4.549682, acc: 22.38, bacc: 22.55, tmp_test_f1: 11.54, f1: 12.71
epoch: 493, val_loss:4.487415, acc: 22.38, bacc: 22.55, tmp_test_f1: 11.60, f1: 12.71
epoch: 494, val_loss:4.505932, acc: 22.38, bacc: 22.55, tmp_test_f1: 11.67, f1: 12.71
epoch: 495, val_loss:4.534830, acc: 22.38, bacc: 22.55, tmp_test_f1: 11.56, f1: 12.71
epoch: 496, val_loss:4.491202, acc: 22.38, bacc: 22.55, tmp_test_f1: 11.60, f1: 12.71
epoch: 497, val_loss:4.511164, acc: 22.38, bacc: 22.55, tmp_test_f1: 11.61, f1: 12.71
epoch: 498, val_loss:4.541582, acc: 22.38, bacc: 22.55, tmp_test_f1: 11.58, f1: 12.71
epoch: 499, val_loss:4.500444, acc: 22.38, bacc: 22.55, tmp_test_f1: 11.58, f1: 12.71
epoch: 500, val_loss:4.502201, acc: 22.38, bacc: 22.55, tmp_test_f1: 11.76, f1: 12.71
epoch: 501, val_loss:4.574221, acc: 22.38, bacc: 22.55, tmp_test_f1: 11.61, f1: 12.71
epoch: 502, val_loss:4.563294, acc: 22.38, bacc: 22.55, tmp_test_f1: 11.47, f1: 12.71
epoch: 503, val_loss:4.496960, acc: 22.38, bacc: 22.55, tmp_test_f1: 11.61, f1: 12.71
epoch: 504, val_loss:4.536920, acc: 22.38, bacc: 22.55, tmp_test_f1: 11.75, f1: 12.71
epoch: 505, val_loss:4.602917, acc: 22.38, bacc: 22.55, tmp_test_f1: 11.46, f1: 12.71
epoch: 506, val_loss:4.491150, acc: 22.38, bacc: 22.55, tmp_test_f1: 11.45, f1: 12.71
epoch: 507, val_loss:4.494550, acc: 22.38, bacc: 22.55, tmp_test_f1: 11.73, f1: 12.71
epoch: 508, val_loss:4.575126, acc: 22.38, bacc: 22.55, tmp_test_f1: 11.51, f1: 12.71
epoch: 509, val_loss:4.530330, acc: 22.38, bacc: 22.55, tmp_test_f1: 11.50, f1: 12.71
epoch: 510, val_loss:4.485109, acc: 22.38, bacc: 22.55, tmp_test_f1: 11.51, f1: 12.71
epoch: 511, val_loss:4.545196, acc: 22.38, bacc: 22.55, tmp_test_f1: 11.67, f1: 12.71
epoch: 512, val_loss:4.607791, acc: 22.38, bacc: 22.55, tmp_test_f1: 11.50, f1: 12.71
epoch: 513, val_loss:4.514354, acc: 22.38, bacc: 22.55, tmp_test_f1: 11.54, f1: 12.71
epoch: 514, val_loss:4.515645, acc: 22.38, bacc: 22.55, tmp_test_f1: 11.60, f1: 12.71
epoch: 515, val_loss:4.617327, acc: 22.38, bacc: 22.55, tmp_test_f1: 11.53, f1: 12.71
epoch: 516, val_loss:4.547938, acc: 22.38, bacc: 22.55, tmp_test_f1: 11.58, f1: 12.71
epoch: 517, val_loss:4.522532, acc: 22.38, bacc: 22.55, tmp_test_f1: 11.52, f1: 12.71
epoch: 518, val_loss:4.551622, acc: 22.38, bacc: 22.55, tmp_test_f1: 11.46, f1: 12.71
epoch: 519, val_loss:4.582281, acc: 22.38, bacc: 22.55, tmp_test_f1: 11.53, f1: 12.71
epoch: 520, val_loss:4.556735, acc: 22.38, bacc: 22.55, tmp_test_f1: 11.64, f1: 12.71
epoch: 521, val_loss:4.538840, acc: 22.38, bacc: 22.55, tmp_test_f1: 11.47, f1: 12.71
epoch: 522, val_loss:4.593359, acc: 22.38, bacc: 22.55, tmp_test_f1: 11.47, f1: 12.71
epoch: 523, val_loss:4.607821, acc: 22.38, bacc: 22.55, tmp_test_f1: 11.53, f1: 12.71
epoch: 524, val_loss:4.530859, acc: 22.38, bacc: 22.55, tmp_test_f1: 11.49, f1: 12.71
epoch: 525, val_loss:4.583986, acc: 22.38, bacc: 22.55, tmp_test_f1: 11.62, f1: 12.71
epoch: 526, val_loss:4.654002, acc: 22.38, bacc: 22.55, tmp_test_f1: 11.48, f1: 12.71
epoch: 527, val_loss:4.494233, acc: 22.38, bacc: 22.55, tmp_test_f1: 11.50, f1: 12.71
epoch: 528, val_loss:4.512259, acc: 22.38, bacc: 22.55, tmp_test_f1: 11.75, f1: 12.71
epoch: 529, val_loss:4.667606, acc: 22.38, bacc: 22.55, tmp_test_f1: 11.60, f1: 12.71
epoch: 530, val_loss:4.487921, acc: 22.38, bacc: 22.55, tmp_test_f1: 11.61, f1: 12.71
epoch: 531, val_loss:4.483823, acc: 22.38, bacc: 22.55, tmp_test_f1: 11.62, f1: 12.71
epoch: 532, val_loss:4.644207, acc: 22.38, bacc: 22.55, tmp_test_f1: 11.55, f1: 12.71
epoch: 533, val_loss:4.566755, acc: 22.38, bacc: 22.55, tmp_test_f1: 11.56, f1: 12.71
epoch: 534, val_loss:4.505910, acc: 22.38, bacc: 22.55, tmp_test_f1: 11.55, f1: 12.71
epoch: 535, val_loss:4.571121, acc: 22.38, bacc: 22.55, tmp_test_f1: 11.61, f1: 12.71
epoch: 536, val_loss:4.675853, acc: 22.38, bacc: 22.55, tmp_test_f1: 11.54, f1: 12.71
epoch: 537, val_loss:4.559060, acc: 22.38, bacc: 22.55, tmp_test_f1: 11.49, f1: 12.71
epoch: 538, val_loss:4.514035, acc: 22.38, bacc: 22.55, tmp_test_f1: 11.55, f1: 12.71
epoch: 539, val_loss:4.593258, acc: 22.38, bacc: 22.55, tmp_test_f1: 11.61, f1: 12.71
epoch: 540, val_loss:4.681434, acc: 22.38, bacc: 22.55, tmp_test_f1: 11.52, f1: 12.71
epoch: 541, val_loss:4.528666, acc: 22.38, bacc: 22.55, tmp_test_f1: 11.37, f1: 12.71
epoch: 542, val_loss:4.494617, acc: 22.38, bacc: 22.55, tmp_test_f1: 11.61, f1: 12.71
epoch: 543, val_loss:4.631185, acc: 22.38, bacc: 22.55, tmp_test_f1: 11.76, f1: 12.71
epoch: 544, val_loss:4.686849, acc: 22.38, bacc: 22.55, tmp_test_f1: 11.40, f1: 12.71
epoch: 545, val_loss:4.501970, acc: 22.38, bacc: 22.55, tmp_test_f1: 11.32, f1: 12.71
epoch: 546, val_loss:4.499270, acc: 22.38, bacc: 22.55, tmp_test_f1: 11.61, f1: 12.71
epoch: 547, val_loss:4.632134, acc: 22.38, bacc: 22.55, tmp_test_f1: 11.61, f1: 12.71
epoch: 548, val_loss:4.687020, acc: 22.38, bacc: 22.55, tmp_test_f1: 11.44, f1: 12.71
epoch: 549, val_loss:4.537493, acc: 22.38, bacc: 22.55, tmp_test_f1: 11.44, f1: 12.71
epoch: 550, val_loss:4.501402, acc: 22.38, bacc: 22.55, tmp_test_f1: 11.63, f1: 12.71
epoch: 551, val_loss:4.605832, acc: 22.38, bacc: 22.55, tmp_test_f1: 11.62, f1: 12.71
epoch: 552, val_loss:4.678662, acc: 22.38, bacc: 22.55, tmp_test_f1: 11.42, f1: 12.71
epoch: 553, val_loss:4.576909, acc: 22.38, bacc: 22.55, tmp_test_f1: 11.34, f1: 12.71
epoch: 554, val_loss:4.534570, acc: 22.38, bacc: 22.55, tmp_test_f1: 11.41, f1: 12.71
epoch: 555, val_loss:4.601670, acc: 22.38, bacc: 22.55, tmp_test_f1: 11.62, f1: 12.71
epoch: 556, val_loss:4.695806, acc: 22.38, bacc: 22.55, tmp_test_f1: 11.60, f1: 12.71
epoch: 557, val_loss:4.655351, acc: 22.38, bacc: 22.55, tmp_test_f1: 11.57, f1: 12.71
epoch: 558, val_loss:4.568641, acc: 22.38, bacc: 22.55, tmp_test_f1: 11.47, f1: 12.71
epoch: 559, val_loss:4.586987, acc: 22.38, bacc: 22.55, tmp_test_f1: 11.62, f1: 12.71
epoch: 560, val_loss:4.686560, acc: 22.38, bacc: 22.55, tmp_test_f1: 11.61, f1: 12.71
epoch: 561, val_loss:4.665922, acc: 22.38, bacc: 22.55, tmp_test_f1: 11.39, f1: 12.71
epoch: 562, val_loss:4.593874, acc: 22.38, bacc: 22.55, tmp_test_f1: 11.38, f1: 12.71
epoch: 563, val_loss:4.601802, acc: 22.38, bacc: 22.55, tmp_test_f1: 11.62, f1: 12.71
epoch: 564, val_loss:4.703759, acc: 22.38, bacc: 22.55, tmp_test_f1: 11.57, f1: 12.71
epoch: 565, val_loss:4.626437, acc: 22.38, bacc: 22.55, tmp_test_f1: 11.52, f1: 12.71
epoch: 566, val_loss:4.574763, acc: 22.38, bacc: 22.55, tmp_test_f1: 11.53, f1: 12.71
epoch: 567, val_loss:4.619351, acc: 22.38, bacc: 22.55, tmp_test_f1: 11.57, f1: 12.71
epoch: 568, val_loss:4.668902, acc: 22.38, bacc: 22.55, tmp_test_f1: 11.59, f1: 12.71
epoch: 569, val_loss:4.633876, acc: 22.38, bacc: 22.55, tmp_test_f1: 11.43, f1: 12.71
epoch: 570, val_loss:4.593709, acc: 22.38, bacc: 22.55, tmp_test_f1: 11.53, f1: 12.71
epoch: 571, val_loss:4.620199, acc: 22.38, bacc: 22.55, tmp_test_f1: 11.56, f1: 12.71
epoch: 572, val_loss:4.688425, acc: 22.38, bacc: 22.55, tmp_test_f1: 11.55, f1: 12.71
epoch: 573, val_loss:4.664733, acc: 22.38, bacc: 22.55, tmp_test_f1: 11.56, f1: 12.71
epoch: 574, val_loss:4.605523, acc: 22.38, bacc: 22.55, tmp_test_f1: 11.48, f1: 12.71
epoch: 575, val_loss:4.653452, acc: 22.38, bacc: 22.55, tmp_test_f1: 11.60, f1: 12.71
epoch: 576, val_loss:4.708907, acc: 22.38, bacc: 22.55, tmp_test_f1: 11.54, f1: 12.71
epoch: 577, val_loss:4.672157, acc: 22.38, bacc: 22.55, tmp_test_f1: 11.42, f1: 12.71
epoch: 578, val_loss:4.620545, acc: 22.38, bacc: 22.55, tmp_test_f1: 11.55, f1: 12.71
epoch: 579, val_loss:4.655238, acc: 22.38, bacc: 22.55, tmp_test_f1: 11.60, f1: 12.71
epoch: 580, val_loss:4.695293, acc: 22.38, bacc: 22.55, tmp_test_f1: 11.49, f1: 12.71
epoch: 581, val_loss:4.642114, acc: 22.38, bacc: 22.55, tmp_test_f1: 11.48, f1: 12.71
epoch: 582, val_loss:4.653620, acc: 22.38, bacc: 22.55, tmp_test_f1: 11.53, f1: 12.71
epoch: 583, val_loss:4.703394, acc: 22.38, bacc: 22.55, tmp_test_f1: 11.49, f1: 12.71
epoch: 584, val_loss:4.652265, acc: 22.38, bacc: 22.55, tmp_test_f1: 11.49, f1: 12.71
epoch: 585, val_loss:4.642529, acc: 22.38, bacc: 22.55, tmp_test_f1: 11.54, f1: 12.71
epoch: 586, val_loss:4.699258, acc: 22.38, bacc: 22.55, tmp_test_f1: 11.53, f1: 12.71
epoch: 587, val_loss:4.693446, acc: 22.38, bacc: 22.55, tmp_test_f1: 11.54, f1: 12.71
epoch: 588, val_loss:4.629459, acc: 22.38, bacc: 22.55, tmp_test_f1: 11.55, f1: 12.71
epoch: 589, val_loss:4.617144, acc: 22.38, bacc: 22.55, tmp_test_f1: 11.52, f1: 12.71
epoch: 590, val_loss:4.709431, acc: 22.38, bacc: 22.55, tmp_test_f1: 11.48, f1: 12.71
epoch: 591, val_loss:4.656326, acc: 22.38, bacc: 22.55, tmp_test_f1: 11.54, f1: 12.71
epoch: 592, val_loss:4.633687, acc: 22.38, bacc: 22.55, tmp_test_f1: 11.46, f1: 12.71
epoch: 593, val_loss:4.690610, acc: 22.38, bacc: 22.55, tmp_test_f1: 11.55, f1: 12.71
epoch: 594, val_loss:4.731570, acc: 22.38, bacc: 22.55, tmp_test_f1: 11.60, f1: 12.71
epoch: 595, val_loss:4.579417, acc: 22.38, bacc: 22.55, tmp_test_f1: 11.54, f1: 12.71
epoch: 596, val_loss:4.639770, acc: 22.38, bacc: 22.55, tmp_test_f1: 11.69, f1: 12.71
epoch: 597, val_loss:4.752045, acc: 22.38, bacc: 22.55, tmp_test_f1: 11.58, f1: 12.71
epoch: 598, val_loss:4.630408, acc: 22.38, bacc: 22.55, tmp_test_f1: 11.62, f1: 12.71
epoch: 599, val_loss:4.601625, acc: 22.38, bacc: 22.55, tmp_test_f1: 11.56, f1: 12.71
epoch: 600, val_loss:4.733555, acc: 22.38, bacc: 22.55, tmp_test_f1: 11.52, f1: 12.71
epoch: 601, val_loss:4.685196, acc: 22.38, bacc: 22.55, tmp_test_f1: 11.57, f1: 12.71
epoch: 602, val_loss:4.619523, acc: 22.38, bacc: 22.55, tmp_test_f1: 11.53, f1: 12.71
Epoch 00603: reducing learning rate of group 0 to 1.2500e-02.
epoch: 603, val_loss:4.673408, acc: 22.38, bacc: 22.55, tmp_test_f1: 11.69, f1: 12.71
epoch: 604, val_loss:4.785536, acc: 22.38, bacc: 22.55, tmp_test_f1: 11.53, f1: 12.71
epoch: 605, val_loss:4.681760, acc: 22.38, bacc: 22.55, tmp_test_f1: 11.50, f1: 12.71
epoch: 606, val_loss:4.609564, acc: 22.38, bacc: 22.55, tmp_test_f1: 11.52, f1: 12.71
epoch: 607, val_loss:4.619122, acc: 22.38, bacc: 22.55, tmp_test_f1: 11.53, f1: 12.71
epoch: 608, val_loss:4.683319, acc: 22.38, bacc: 22.55, tmp_test_f1: 11.52, f1: 12.71
epoch: 609, val_loss:4.738823, acc: 22.38, bacc: 22.55, tmp_test_f1: 11.52, f1: 12.71
epoch: 610, val_loss:4.737477, acc: 22.38, bacc: 22.55, tmp_test_f1: 11.53, f1: 12.71
epoch: 611, val_loss:4.675614, acc: 22.38, bacc: 22.55, tmp_test_f1: 11.52, f1: 12.71
epoch: 612, val_loss:4.634971, acc: 22.38, bacc: 22.55, tmp_test_f1: 11.60, f1: 12.71
epoch: 613, val_loss:4.645807, acc: 22.38, bacc: 22.55, tmp_test_f1: 11.47, f1: 12.71
epoch: 614, val_loss:4.708652, acc: 22.38, bacc: 22.55, tmp_test_f1: 11.46, f1: 12.71
epoch: 615, val_loss:4.741866, acc: 22.38, bacc: 22.55, tmp_test_f1: 11.47, f1: 12.71
epoch: 616, val_loss:4.720129, acc: 22.38, bacc: 22.55, tmp_test_f1: 11.48, f1: 12.71
epoch: 617, val_loss:4.694050, acc: 22.38, bacc: 22.55, tmp_test_f1: 11.48, f1: 12.71
epoch: 618, val_loss:4.688062, acc: 22.38, bacc: 22.55, tmp_test_f1: 11.48, f1: 12.71
epoch: 619, val_loss:4.705394, acc: 22.38, bacc: 22.55, tmp_test_f1: 11.47, f1: 12.71
epoch: 620, val_loss:4.733316, acc: 22.38, bacc: 22.55, tmp_test_f1: 11.47, f1: 12.71
epoch: 621, val_loss:4.740296, acc: 22.38, bacc: 22.55, tmp_test_f1: 11.48, f1: 12.71
epoch: 622, val_loss:4.711435, acc: 22.38, bacc: 22.55, tmp_test_f1: 11.54, f1: 12.71
epoch: 623, val_loss:4.675697, acc: 22.38, bacc: 22.55, tmp_test_f1: 11.54, f1: 12.71
epoch: 624, val_loss:4.675186, acc: 22.38, bacc: 22.55, tmp_test_f1: 11.47, f1: 12.71
epoch: 625, val_loss:4.713489, acc: 22.38, bacc: 22.55, tmp_test_f1: 11.48, f1: 12.71
epoch: 626, val_loss:4.758222, acc: 22.38, bacc: 22.55, tmp_test_f1: 11.47, f1: 12.71
epoch: 627, val_loss:4.726787, acc: 22.38, bacc: 22.55, tmp_test_f1: 11.48, f1: 12.71
epoch: 628, val_loss:4.694149, acc: 22.38, bacc: 22.55, tmp_test_f1: 11.54, f1: 12.71
epoch: 629, val_loss:4.669196, acc: 22.38, bacc: 22.55, tmp_test_f1: 11.48, f1: 12.71
epoch: 630, val_loss:4.693041, acc: 22.38, bacc: 22.55, tmp_test_f1: 11.46, f1: 12.71
epoch: 631, val_loss:4.747225, acc: 22.38, bacc: 22.55, tmp_test_f1: 11.47, f1: 12.71
epoch: 632, val_loss:4.729015, acc: 22.38, bacc: 22.55, tmp_test_f1: 11.49, f1: 12.71
epoch: 633, val_loss:4.694638, acc: 22.38, bacc: 22.55, tmp_test_f1: 11.53, f1: 12.71
epoch: 634, val_loss:4.687623, acc: 22.38, bacc: 22.55, tmp_test_f1: 11.48, f1: 12.71
epoch: 635, val_loss:4.701725, acc: 22.38, bacc: 22.55, tmp_test_f1: 11.47, f1: 12.71
epoch: 636, val_loss:4.715961, acc: 22.38, bacc: 22.55, tmp_test_f1: 11.47, f1: 12.71
epoch: 637, val_loss:4.721769, acc: 22.38, bacc: 22.55, tmp_test_f1: 11.48, f1: 12.71
epoch: 638, val_loss:4.709057, acc: 22.38, bacc: 22.55, tmp_test_f1: 11.49, f1: 12.71
epoch: 639, val_loss:4.697205, acc: 22.38, bacc: 22.55, tmp_test_f1: 11.49, f1: 12.71
epoch: 640, val_loss:4.713719, acc: 22.38, bacc: 22.55, tmp_test_f1: 11.47, f1: 12.71
epoch: 641, val_loss:4.736209, acc: 22.38, bacc: 22.55, tmp_test_f1: 11.49, f1: 12.71
epoch: 642, val_loss:4.712819, acc: 22.38, bacc: 22.55, tmp_test_f1: 11.49, f1: 12.71
epoch: 643, val_loss:4.700082, acc: 22.38, bacc: 22.55, tmp_test_f1: 11.49, f1: 12.71
epoch: 644, val_loss:4.719832, acc: 22.38, bacc: 22.55, tmp_test_f1: 11.48, f1: 12.71
epoch: 645, val_loss:4.737484, acc: 22.38, bacc: 22.55, tmp_test_f1: 11.48, f1: 12.71
epoch: 646, val_loss:4.729749, acc: 22.38, bacc: 22.55, tmp_test_f1: 11.47, f1: 12.71
epoch: 647, val_loss:4.739743, acc: 22.38, bacc: 22.55, tmp_test_f1: 11.48, f1: 12.71
epoch: 648, val_loss:4.730053, acc: 22.38, bacc: 22.55, tmp_test_f1: 11.49, f1: 12.71
epoch: 649, val_loss:4.714488, acc: 22.38, bacc: 22.55, tmp_test_f1: 11.49, f1: 12.71
epoch: 650, val_loss:4.717491, acc: 22.38, bacc: 22.55, tmp_test_f1: 11.49, f1: 12.71
epoch: 651, val_loss:4.722662, acc: 22.38, bacc: 22.55, tmp_test_f1: 11.49, f1: 12.71
epoch: 652, val_loss:4.728059, acc: 22.38, bacc: 22.55, tmp_test_f1: 11.49, f1: 12.71
epoch: 653, val_loss:4.726103, acc: 22.38, bacc: 22.55, tmp_test_f1: 11.49, f1: 12.71
epoch: 654, val_loss:4.716393, acc: 22.38, bacc: 22.55, tmp_test_f1: 11.49, f1: 12.71
epoch: 655, val_loss:4.723184, acc: 22.38, bacc: 22.55, tmp_test_f1: 11.48, f1: 12.71
epoch: 656, val_loss:4.743556, acc: 22.38, bacc: 22.55, tmp_test_f1: 11.48, f1: 12.71
epoch: 657, val_loss:4.732287, acc: 22.38, bacc: 22.55, tmp_test_f1: 11.49, f1: 12.71
epoch: 658, val_loss:4.710679, acc: 22.38, bacc: 22.55, tmp_test_f1: 11.53, f1: 12.71
epoch: 659, val_loss:4.700911, acc: 22.38, bacc: 22.55, tmp_test_f1: 11.49, f1: 12.71
epoch: 660, val_loss:4.713625, acc: 22.38, bacc: 22.55, tmp_test_f1: 11.42, f1: 12.71
epoch: 661, val_loss:4.742026, acc: 22.38, bacc: 22.55, tmp_test_f1: 11.48, f1: 12.71
epoch: 662, val_loss:4.718521, acc: 22.38, bacc: 22.55, tmp_test_f1: 11.49, f1: 12.71
epoch: 663, val_loss:4.703972, acc: 22.38, bacc: 22.55, tmp_test_f1: 11.49, f1: 12.71
epoch: 664, val_loss:4.701724, acc: 22.38, bacc: 22.55, tmp_test_f1: 11.44, f1: 12.71
epoch: 665, val_loss:4.718676, acc: 22.38, bacc: 22.55, tmp_test_f1: 11.43, f1: 12.71
epoch: 666, val_loss:4.737905, acc: 22.38, bacc: 22.55, tmp_test_f1: 11.44, f1: 12.71
epoch: 667, val_loss:4.731606, acc: 22.38, bacc: 22.55, tmp_test_f1: 11.45, f1: 12.71
epoch: 668, val_loss:4.715710, acc: 22.38, bacc: 22.55, tmp_test_f1: 11.45, f1: 12.71
epoch: 669, val_loss:4.722644, acc: 22.38, bacc: 22.55, tmp_test_f1: 11.43, f1: 12.71
epoch: 670, val_loss:4.758050, acc: 22.38, bacc: 22.55, tmp_test_f1: 11.44, f1: 12.71
epoch: 671, val_loss:4.745019, acc: 22.38, bacc: 22.55, tmp_test_f1: 11.44, f1: 12.71
epoch: 672, val_loss:4.737330, acc: 22.38, bacc: 22.55, tmp_test_f1: 11.49, f1: 12.71
epoch: 673, val_loss:4.728597, acc: 22.38, bacc: 22.55, tmp_test_f1: 11.49, f1: 12.71
epoch: 674, val_loss:4.739586, acc: 22.38, bacc: 22.55, tmp_test_f1: 11.44, f1: 12.71
epoch: 675, val_loss:4.752441, acc: 22.38, bacc: 22.55, tmp_test_f1: 11.49, f1: 12.71
epoch: 676, val_loss:4.740707, acc: 22.38, bacc: 22.55, tmp_test_f1: 11.49, f1: 12.71
epoch: 677, val_loss:4.739799, acc: 22.38, bacc: 22.55, tmp_test_f1: 11.49, f1: 12.71
epoch: 678, val_loss:4.752914, acc: 22.38, bacc: 22.55, tmp_test_f1: 11.44, f1: 12.71
epoch: 679, val_loss:4.765999, acc: 22.38, bacc: 22.55, tmp_test_f1: 11.49, f1: 12.71
epoch: 680, val_loss:4.741177, acc: 22.38, bacc: 22.55, tmp_test_f1: 11.50, f1: 12.71
epoch: 681, val_loss:4.722931, acc: 22.38, bacc: 22.55, tmp_test_f1: 11.49, f1: 12.71
epoch: 682, val_loss:4.740199, acc: 22.38, bacc: 22.55, tmp_test_f1: 11.48, f1: 12.71
epoch: 683, val_loss:4.759354, acc: 22.38, bacc: 22.55, tmp_test_f1: 11.49, f1: 12.71
epoch: 684, val_loss:4.734102, acc: 22.38, bacc: 22.55, tmp_test_f1: 11.50, f1: 12.71
epoch: 685, val_loss:4.730909, acc: 22.38, bacc: 22.55, tmp_test_f1: 11.50, f1: 12.71
epoch: 686, val_loss:4.735737, acc: 22.38, bacc: 22.55, tmp_test_f1: 11.50, f1: 12.71
epoch: 687, val_loss:4.735286, acc: 22.38, bacc: 22.55, tmp_test_f1: 11.50, f1: 12.71
epoch: 688, val_loss:4.740028, acc: 22.38, bacc: 22.55, tmp_test_f1: 11.49, f1: 12.71
epoch: 689, val_loss:4.751079, acc: 22.38, bacc: 22.55, tmp_test_f1: 11.49, f1: 12.71
epoch: 690, val_loss:4.752407, acc: 22.38, bacc: 22.55, tmp_test_f1: 11.50, f1: 12.71
epoch: 691, val_loss:4.744523, acc: 22.38, bacc: 22.55, tmp_test_f1: 11.50, f1: 12.71
epoch: 692, val_loss:4.741911, acc: 22.38, bacc: 22.55, tmp_test_f1: 11.49, f1: 12.71
epoch: 693, val_loss:4.774192, acc: 22.38, bacc: 22.55, tmp_test_f1: 11.50, f1: 12.71
epoch: 694, val_loss:4.750196, acc: 22.38, bacc: 22.55, tmp_test_f1: 11.51, f1: 12.71
epoch: 695, val_loss:4.711102, acc: 22.38, bacc: 22.55, tmp_test_f1: 11.50, f1: 12.71
epoch: 696, val_loss:4.740913, acc: 22.38, bacc: 22.55, tmp_test_f1: 11.48, f1: 12.71
epoch: 697, val_loss:4.783151, acc: 22.38, bacc: 22.55, tmp_test_f1: 11.50, f1: 12.71
epoch: 698, val_loss:4.743830, acc: 22.38, bacc: 22.55, tmp_test_f1: 11.50, f1: 12.71
epoch: 699, val_loss:4.724024, acc: 22.38, bacc: 22.55, tmp_test_f1: 11.50, f1: 12.71
epoch: 700, val_loss:4.726329, acc: 22.38, bacc: 22.55, tmp_test_f1: 11.49, f1: 12.71
epoch: 701, val_loss:4.757843, acc: 22.38, bacc: 22.55, tmp_test_f1: 11.50, f1: 12.71
epoch: 702, val_loss:4.749553, acc: 22.38, bacc: 22.55, tmp_test_f1: 11.50, f1: 12.71
epoch: 703, val_loss:4.740220, acc: 22.38, bacc: 22.55, tmp_test_f1: 11.49, f1: 12.71
epoch: 704, val_loss:4.751337, acc: 22.38, bacc: 22.55, tmp_test_f1: 11.50, f1: 12.71
epoch: 705, val_loss:4.742467, acc: 22.38, bacc: 22.55, tmp_test_f1: 11.42, f1: 12.71
epoch: 706, val_loss:4.732615, acc: 22.38, bacc: 22.55, tmp_test_f1: 11.46, f1: 12.71
epoch: 707, val_loss:4.751533, acc: 22.38, bacc: 22.55, tmp_test_f1: 11.38, f1: 12.71
epoch: 708, val_loss:4.751588, acc: 22.38, bacc: 22.55, tmp_test_f1: 11.38, f1: 12.71
epoch: 709, val_loss:4.748219, acc: 22.38, bacc: 22.55, tmp_test_f1: 11.38, f1: 12.71
epoch: 710, val_loss:4.748046, acc: 22.38, bacc: 22.55, tmp_test_f1: 11.42, f1: 12.71
epoch: 711, val_loss:4.746860, acc: 22.38, bacc: 22.55, tmp_test_f1: 11.32, f1: 12.71
epoch: 712, val_loss:4.757824, acc: 22.38, bacc: 22.55, tmp_test_f1: 11.37, f1: 12.71
epoch: 713, val_loss:4.748742, acc: 22.38, bacc: 22.55, tmp_test_f1: 11.42, f1: 12.71
epoch: 714, val_loss:4.735464, acc: 22.38, bacc: 22.55, tmp_test_f1: 11.33, f1: 12.71
epoch: 715, val_loss:4.754125, acc: 22.38, bacc: 22.55, tmp_test_f1: 11.33, f1: 12.71
epoch: 716, val_loss:4.746740, acc: 22.38, bacc: 22.55, tmp_test_f1: 11.33, f1: 12.71
epoch: 717, val_loss:4.748669, acc: 22.38, bacc: 22.55, tmp_test_f1: 11.33, f1: 12.71
epoch: 718, val_loss:4.765614, acc: 22.38, bacc: 22.55, tmp_test_f1: 11.33, f1: 12.71
epoch: 719, val_loss:4.749269, acc: 22.38, bacc: 22.55, tmp_test_f1: 11.38, f1: 12.71
epoch: 720, val_loss:4.752263, acc: 22.38, bacc: 22.55, tmp_test_f1: 11.33, f1: 12.71
epoch: 721, val_loss:4.765013, acc: 22.38, bacc: 22.55, tmp_test_f1: 11.38, f1: 12.71
epoch: 722, val_loss:4.751192, acc: 22.38, bacc: 22.55, tmp_test_f1: 11.38, f1: 12.71
epoch: 723, val_loss:4.757768, acc: 22.38, bacc: 22.55, tmp_test_f1: 11.46, f1: 12.71
epoch: 724, val_loss:4.782733, acc: 22.38, bacc: 22.55, tmp_test_f1: 11.36, f1: 12.71
epoch: 725, val_loss:4.799416, acc: 22.38, bacc: 22.55, tmp_test_f1: 11.38, f1: 12.71
epoch: 726, val_loss:4.745349, acc: 22.38, bacc: 22.55, tmp_test_f1: 11.38, f1: 12.71
epoch: 727, val_loss:4.738095, acc: 22.38, bacc: 22.55, tmp_test_f1: 11.38, f1: 12.71
epoch: 728, val_loss:4.756495, acc: 22.38, bacc: 22.55, tmp_test_f1: 11.45, f1: 12.71
epoch: 729, val_loss:4.780394, acc: 22.38, bacc: 22.55, tmp_test_f1: 11.45, f1: 12.71
epoch: 730, val_loss:4.782132, acc: 22.38, bacc: 22.55, tmp_test_f1: 11.38, f1: 12.71
epoch: 731, val_loss:4.751549, acc: 22.38, bacc: 22.55, tmp_test_f1: 11.38, f1: 12.71
epoch: 732, val_loss:4.749188, acc: 22.38, bacc: 22.55, tmp_test_f1: 11.38, f1: 12.71
epoch: 733, val_loss:4.770158, acc: 22.38, bacc: 22.55, tmp_test_f1: 11.39, f1: 12.71
epoch: 734, val_loss:4.819942, acc: 22.38, bacc: 22.55, tmp_test_f1: 11.38, f1: 12.71
epoch: 735, val_loss:4.755281, acc: 22.38, bacc: 22.55, tmp_test_f1: 11.40, f1: 12.71
epoch: 736, val_loss:4.727931, acc: 22.38, bacc: 22.55, tmp_test_f1: 11.38, f1: 12.71
epoch: 737, val_loss:4.766800, acc: 22.38, bacc: 22.55, tmp_test_f1: 11.40, f1: 12.71
epoch: 738, val_loss:4.809070, acc: 22.38, bacc: 22.55, tmp_test_f1: 11.38, f1: 12.71
epoch: 739, val_loss:4.776338, acc: 22.38, bacc: 22.55, tmp_test_f1: 11.45, f1: 12.71
epoch: 740, val_loss:4.737630, acc: 22.38, bacc: 22.55, tmp_test_f1: 11.38, f1: 12.71
epoch: 741, val_loss:4.758755, acc: 22.38, bacc: 22.55, tmp_test_f1: 11.40, f1: 12.71
epoch: 742, val_loss:4.812819, acc: 22.38, bacc: 22.55, tmp_test_f1: 11.40, f1: 12.71
epoch: 743, val_loss:4.812754, acc: 22.38, bacc: 22.55, tmp_test_f1: 11.39, f1: 12.71
epoch: 744, val_loss:4.748513, acc: 22.38, bacc: 22.55, tmp_test_f1: 11.39, f1: 12.71
epoch: 745, val_loss:4.749784, acc: 22.38, bacc: 22.55, tmp_test_f1: 11.45, f1: 12.71
epoch: 746, val_loss:4.791832, acc: 22.38, bacc: 22.55, tmp_test_f1: 11.45, f1: 12.71
epoch: 747, val_loss:4.779596, acc: 22.38, bacc: 22.55, tmp_test_f1: 11.44, f1: 12.71
epoch: 748, val_loss:4.734791, acc: 22.38, bacc: 22.55, tmp_test_f1: 11.43, f1: 12.71
epoch: 749, val_loss:4.744985, acc: 22.38, bacc: 22.55, tmp_test_f1: 11.44, f1: 12.71
epoch: 750, val_loss:4.800403, acc: 22.38, bacc: 22.55, tmp_test_f1: 11.45, f1: 12.71
epoch: 751, val_loss:4.806362, acc: 22.38, bacc: 22.55, tmp_test_f1: 11.43, f1: 12.71
epoch: 752, val_loss:4.761969, acc: 22.38, bacc: 22.55, tmp_test_f1: 11.44, f1: 12.71
epoch: 753, val_loss:4.751760, acc: 22.38, bacc: 22.55, tmp_test_f1: 11.45, f1: 12.71
epoch: 754, val_loss:4.792621, acc: 22.38, bacc: 22.55, tmp_test_f1: 11.45, f1: 12.71
epoch: 755, val_loss:4.810478, acc: 22.38, bacc: 22.55, tmp_test_f1: 11.45, f1: 12.71
epoch: 756, val_loss:4.809167, acc: 22.38, bacc: 22.55, tmp_test_f1: 11.48, f1: 12.71
epoch: 757, val_loss:4.759501, acc: 22.38, bacc: 22.55, tmp_test_f1: 11.48, f1: 12.71
epoch: 758, val_loss:4.757271, acc: 22.38, bacc: 22.55, tmp_test_f1: 11.48, f1: 12.71
epoch: 759, val_loss:4.820908, acc: 22.38, bacc: 22.55, tmp_test_f1: 11.40, f1: 12.71
epoch: 760, val_loss:4.817321, acc: 22.38, bacc: 22.55, tmp_test_f1: 11.42, f1: 12.71
epoch: 761, val_loss:4.769935, acc: 22.38, bacc: 22.55, tmp_test_f1: 11.43, f1: 12.71
epoch: 762, val_loss:4.759268, acc: 22.38, bacc: 22.55, tmp_test_f1: 11.49, f1: 12.71
epoch: 763, val_loss:4.801040, acc: 22.38, bacc: 22.55, tmp_test_f1: 11.35, f1: 12.71
epoch: 764, val_loss:4.833358, acc: 22.38, bacc: 22.55, tmp_test_f1: 11.42, f1: 12.71
epoch: 765, val_loss:4.770998, acc: 22.38, bacc: 22.55, tmp_test_f1: 11.47, f1: 12.71
epoch: 766, val_loss:4.763332, acc: 22.38, bacc: 22.55, tmp_test_f1: 11.45, f1: 12.71
epoch: 767, val_loss:4.817714, acc: 22.38, bacc: 22.55, tmp_test_f1: 11.45, f1: 12.71
epoch: 768, val_loss:4.819030, acc: 22.38, bacc: 22.55, tmp_test_f1: 11.42, f1: 12.71
epoch: 769, val_loss:4.757370, acc: 22.38, bacc: 22.55, tmp_test_f1: 11.42, f1: 12.71
epoch: 770, val_loss:4.764586, acc: 22.38, bacc: 22.55, tmp_test_f1: 11.35, f1: 12.71
epoch: 771, val_loss:4.844090, acc: 22.38, bacc: 22.55, tmp_test_f1: 11.45, f1: 12.71
epoch: 772, val_loss:4.819175, acc: 22.38, bacc: 22.55, tmp_test_f1: 11.48, f1: 12.71
epoch: 773, val_loss:4.765431, acc: 22.38, bacc: 22.55, tmp_test_f1: 11.42, f1: 12.71
epoch: 774, val_loss:4.792651, acc: 22.38, bacc: 22.55, tmp_test_f1: 11.41, f1: 12.71
epoch: 775, val_loss:4.870118, acc: 22.38, bacc: 22.55, tmp_test_f1: 11.43, f1: 12.71
epoch: 776, val_loss:4.782098, acc: 22.38, bacc: 22.55, tmp_test_f1: 11.44, f1: 12.71
epoch: 777, val_loss:4.761337, acc: 22.38, bacc: 22.55, tmp_test_f1: 11.42, f1: 12.71
epoch: 778, val_loss:4.802578, acc: 22.38, bacc: 22.55, tmp_test_f1: 11.43, f1: 12.71
epoch: 779, val_loss:4.837310, acc: 22.38, bacc: 22.55, tmp_test_f1: 11.42, f1: 12.71
epoch: 780, val_loss:4.776477, acc: 22.38, bacc: 22.55, tmp_test_f1: 11.48, f1: 12.71
epoch: 781, val_loss:4.753083, acc: 22.38, bacc: 22.55, tmp_test_f1: 11.42, f1: 12.71
epoch: 782, val_loss:4.814652, acc: 22.38, bacc: 22.55, tmp_test_f1: 11.44, f1: 12.71
epoch: 783, val_loss:4.851799, acc: 22.38, bacc: 22.55, tmp_test_f1: 11.48, f1: 12.71
epoch: 784, val_loss:4.760547, acc: 22.38, bacc: 22.55, tmp_test_f1: 11.48, f1: 12.71
epoch: 785, val_loss:4.764464, acc: 22.38, bacc: 22.55, tmp_test_f1: 11.49, f1: 12.71
epoch: 786, val_loss:4.842054, acc: 22.38, bacc: 22.55, tmp_test_f1: 11.45, f1: 12.71
epoch: 787, val_loss:4.884026, acc: 22.38, bacc: 22.55, tmp_test_f1: 11.54, f1: 12.71
epoch: 788, val_loss:4.737532, acc: 22.38, bacc: 22.55, tmp_test_f1: 11.41, f1: 12.71
epoch: 789, val_loss:4.699316, acc: 22.38, bacc: 22.55, tmp_test_f1: 11.50, f1: 12.71
epoch: 790, val_loss:4.800801, acc: 22.38, bacc: 22.55, tmp_test_f1: 11.46, f1: 12.71
epoch: 791, val_loss:4.905129, acc: 22.38, bacc: 22.55, tmp_test_f1: 11.49, f1: 12.71
epoch: 792, val_loss:4.734746, acc: 22.38, bacc: 22.55, tmp_test_f1: 11.46, f1: 12.71
epoch: 793, val_loss:4.682891, acc: 22.38, bacc: 22.55, tmp_test_f1: 11.49, f1: 12.71
epoch: 794, val_loss:4.805736, acc: 22.38, bacc: 22.55, tmp_test_f1: 11.48, f1: 12.71
epoch: 795, val_loss:4.894535, acc: 22.38, bacc: 22.55, tmp_test_f1: 11.44, f1: 12.71
epoch: 796, val_loss:4.764392, acc: 22.38, bacc: 22.55, tmp_test_f1: 11.45, f1: 12.71
epoch: 797, val_loss:4.718620, acc: 22.38, bacc: 22.55, tmp_test_f1: 11.46, f1: 12.71
epoch: 798, val_loss:4.793525, acc: 22.38, bacc: 22.55, tmp_test_f1: 11.45, f1: 12.71
epoch: 799, val_loss:4.890073, acc: 22.38, bacc: 22.55, tmp_test_f1: 11.45, f1: 12.71
epoch: 800, val_loss:4.835765, acc: 22.38, bacc: 22.55, tmp_test_f1: 11.46, f1: 12.71
epoch: 801, val_loss:4.775453, acc: 22.38, bacc: 22.55, tmp_test_f1: 11.51, f1: 12.71
epoch: 802, val_loss:4.769376, acc: 22.38, bacc: 22.55, tmp_test_f1: 11.46, f1: 12.71
epoch: 803, val_loss:4.817870, acc: 22.38, bacc: 22.55, tmp_test_f1: 11.52, f1: 12.71
Epoch 00804: reducing learning rate of group 0 to 6.2500e-03.
epoch: 804, val_loss:4.865745, acc: 22.38, bacc: 22.55, tmp_test_f1: 11.46, f1: 12.71
epoch: 805, val_loss:4.811061, acc: 22.38, bacc: 22.55, tmp_test_f1: 11.51, f1: 12.71
epoch: 806, val_loss:4.790945, acc: 22.38, bacc: 22.55, tmp_test_f1: 11.51, f1: 12.71
epoch: 807, val_loss:4.794893, acc: 22.38, bacc: 22.55, tmp_test_f1: 11.46, f1: 12.71
epoch: 808, val_loss:4.817412, acc: 22.38, bacc: 22.55, tmp_test_f1: 11.45, f1: 12.71
epoch: 809, val_loss:4.851496, acc: 22.38, bacc: 22.55, tmp_test_f1: 11.48, f1: 12.71
epoch: 810, val_loss:4.870824, acc: 22.38, bacc: 22.55, tmp_test_f1: 11.46, f1: 12.71
epoch: 811, val_loss:4.844996, acc: 22.38, bacc: 22.55, tmp_test_f1: 11.50, f1: 12.71
epoch: 812, val_loss:4.805219, acc: 22.38, bacc: 22.55, tmp_test_f1: 11.56, f1: 12.71
epoch: 813, val_loss:4.784183, acc: 22.38, bacc: 22.55, tmp_test_f1: 11.51, f1: 12.71
epoch: 814, val_loss:4.804528, acc: 22.38, bacc: 22.55, tmp_test_f1: 11.46, f1: 12.71
epoch: 815, val_loss:4.849656, acc: 22.38, bacc: 22.55, tmp_test_f1: 11.40, f1: 12.71
epoch: 816, val_loss:4.875602, acc: 22.38, bacc: 22.55, tmp_test_f1: 11.40, f1: 12.71
epoch: 817, val_loss:4.867258, acc: 22.38, bacc: 22.55, tmp_test_f1: 11.50, f1: 12.71
epoch: 818, val_loss:4.828294, acc: 22.38, bacc: 22.55, tmp_test_f1: 11.51, f1: 12.71
epoch: 819, val_loss:4.801784, acc: 22.38, bacc: 22.55, tmp_test_f1: 11.51, f1: 12.71
epoch: 820, val_loss:4.799238, acc: 22.38, bacc: 22.55, tmp_test_f1: 11.50, f1: 12.71
epoch: 821, val_loss:4.825023, acc: 22.38, bacc: 22.55, tmp_test_f1: 11.50, f1: 12.71
epoch: 822, val_loss:4.857652, acc: 22.38, bacc: 22.55, tmp_test_f1: 11.50, f1: 12.71
epoch: 823, val_loss:4.855618, acc: 22.38, bacc: 22.55, tmp_test_f1: 11.50, f1: 12.71
epoch: 824, val_loss:4.844872, acc: 22.38, bacc: 22.55, tmp_test_f1: 11.50, f1: 12.71
epoch: 825, val_loss:4.829747, acc: 22.38, bacc: 22.55, tmp_test_f1: 11.50, f1: 12.71
epoch: 826, val_loss:4.829434, acc: 22.38, bacc: 22.55, tmp_test_f1: 11.50, f1: 12.71
epoch: 827, val_loss:4.838873, acc: 22.38, bacc: 22.55, tmp_test_f1: 11.50, f1: 12.71
epoch: 828, val_loss:4.848749, acc: 22.38, bacc: 22.55, tmp_test_f1: 11.50, f1: 12.71
epoch: 829, val_loss:4.835805, acc: 22.38, bacc: 22.55, tmp_test_f1: 11.50, f1: 12.71
epoch: 830, val_loss:4.824281, acc: 22.38, bacc: 22.55, tmp_test_f1: 11.50, f1: 12.71
epoch: 831, val_loss:4.819089, acc: 22.38, bacc: 22.55, tmp_test_f1: 11.50, f1: 12.71
epoch: 832, val_loss:4.833583, acc: 22.38, bacc: 22.55, tmp_test_f1: 11.46, f1: 12.71
epoch: 833, val_loss:4.848207, acc: 22.38, bacc: 22.55, tmp_test_f1: 11.45, f1: 12.71
epoch: 834, val_loss:4.857581, acc: 22.38, bacc: 22.55, tmp_test_f1: 11.46, f1: 12.71
epoch: 835, val_loss:4.845334, acc: 22.38, bacc: 22.55, tmp_test_f1: 11.50, f1: 12.71
epoch: 836, val_loss:4.826516, acc: 22.38, bacc: 22.55, tmp_test_f1: 11.50, f1: 12.71
epoch: 837, val_loss:4.815447, acc: 22.38, bacc: 22.55, tmp_test_f1: 11.50, f1: 12.71
epoch: 838, val_loss:4.816883, acc: 22.38, bacc: 22.55, tmp_test_f1: 11.46, f1: 12.71
epoch: 839, val_loss:4.836833, acc: 22.38, bacc: 22.55, tmp_test_f1: 11.41, f1: 12.71
epoch: 840, val_loss:4.856115, acc: 22.38, bacc: 22.55, tmp_test_f1: 11.41, f1: 12.71
epoch: 841, val_loss:4.856041, acc: 22.38, bacc: 22.55, tmp_test_f1: 11.41, f1: 12.71
epoch: 842, val_loss:4.842186, acc: 22.38, bacc: 22.55, tmp_test_f1: 11.41, f1: 12.71
epoch: 843, val_loss:4.836889, acc: 22.38, bacc: 22.55, tmp_test_f1: 11.41, f1: 12.71
epoch: 844, val_loss:4.843576, acc: 22.38, bacc: 22.55, tmp_test_f1: 11.41, f1: 12.71
epoch: 845, val_loss:4.849516, acc: 22.38, bacc: 22.55, tmp_test_f1: 11.46, f1: 12.71
epoch: 846, val_loss:4.835865, acc: 22.38, bacc: 22.55, tmp_test_f1: 11.46, f1: 12.71
epoch: 847, val_loss:4.829106, acc: 22.38, bacc: 22.55, tmp_test_f1: 11.46, f1: 12.71
epoch: 848, val_loss:4.838819, acc: 22.38, bacc: 22.55, tmp_test_f1: 11.41, f1: 12.71
epoch: 849, val_loss:4.853071, acc: 22.38, bacc: 22.55, tmp_test_f1: 11.41, f1: 12.71
epoch: 850, val_loss:4.858727, acc: 22.38, bacc: 22.55, tmp_test_f1: 11.41, f1: 12.71
epoch: 851, val_loss:4.850968, acc: 22.38, bacc: 22.55, tmp_test_f1: 11.46, f1: 12.71
epoch: 852, val_loss:4.849736, acc: 22.38, bacc: 22.55, tmp_test_f1: 11.46, f1: 12.71
epoch: 853, val_loss:4.848763, acc: 22.38, bacc: 22.55, tmp_test_f1: 11.46, f1: 12.71
epoch: 854, val_loss:4.839830, acc: 22.38, bacc: 22.55, tmp_test_f1: 11.46, f1: 12.71
epoch: 855, val_loss:4.829656, acc: 22.38, bacc: 22.55, tmp_test_f1: 11.46, f1: 12.71
epoch: 856, val_loss:4.831474, acc: 22.38, bacc: 22.55, tmp_test_f1: 11.41, f1: 12.71
epoch: 857, val_loss:4.853420, acc: 22.38, bacc: 22.55, tmp_test_f1: 11.40, f1: 12.71
epoch: 858, val_loss:4.869582, acc: 22.38, bacc: 22.55, tmp_test_f1: 11.46, f1: 12.71
epoch: 859, val_loss:4.851410, acc: 22.38, bacc: 22.55, tmp_test_f1: 11.46, f1: 12.71
epoch: 860, val_loss:4.830017, acc: 22.38, bacc: 22.55, tmp_test_f1: 11.46, f1: 12.71
epoch: 861, val_loss:4.826474, acc: 22.38, bacc: 22.55, tmp_test_f1: 11.46, f1: 12.71
epoch: 862, val_loss:4.843431, acc: 22.38, bacc: 22.55, tmp_test_f1: 11.45, f1: 12.71
epoch: 863, val_loss:4.864661, acc: 22.38, bacc: 22.55, tmp_test_f1: 11.45, f1: 12.71
epoch: 864, val_loss:4.855082, acc: 22.38, bacc: 22.55, tmp_test_f1: 11.46, f1: 12.71
epoch: 865, val_loss:4.847415, acc: 22.38, bacc: 22.55, tmp_test_f1: 11.46, f1: 12.71
epoch: 866, val_loss:4.851038, acc: 22.38, bacc: 22.55, tmp_test_f1: 11.45, f1: 12.71
epoch: 867, val_loss:4.855937, acc: 22.38, bacc: 22.55, tmp_test_f1: 11.41, f1: 12.71
epoch: 868, val_loss:4.866889, acc: 22.38, bacc: 22.55, tmp_test_f1: 11.41, f1: 12.71
epoch: 869, val_loss:4.863550, acc: 22.38, bacc: 22.55, tmp_test_f1: 11.45, f1: 12.71
epoch: 870, val_loss:4.856494, acc: 22.38, bacc: 22.55, tmp_test_f1: 11.45, f1: 12.71
epoch: 871, val_loss:4.843972, acc: 22.38, bacc: 22.55, tmp_test_f1: 11.45, f1: 12.71
epoch: 872, val_loss:4.843841, acc: 22.38, bacc: 22.55, tmp_test_f1: 11.46, f1: 12.71
epoch: 873, val_loss:4.841546, acc: 22.38, bacc: 22.55, tmp_test_f1: 11.45, f1: 12.71
epoch: 874, val_loss:4.850012, acc: 22.38, bacc: 22.55, tmp_test_f1: 11.46, f1: 12.71
epoch: 875, val_loss:4.846696, acc: 22.38, bacc: 22.55, tmp_test_f1: 11.46, f1: 12.71
epoch: 876, val_loss:4.846488, acc: 22.38, bacc: 22.55, tmp_test_f1: 11.41, f1: 12.71
epoch: 877, val_loss:4.855733, acc: 22.38, bacc: 22.55, tmp_test_f1: 11.41, f1: 12.71
epoch: 878, val_loss:4.859518, acc: 22.38, bacc: 22.55, tmp_test_f1: 11.41, f1: 12.71
epoch: 879, val_loss:4.860136, acc: 22.38, bacc: 22.55, tmp_test_f1: 11.41, f1: 12.71
epoch: 880, val_loss:4.850914, acc: 22.38, bacc: 22.55, tmp_test_f1: 11.41, f1: 12.71
epoch: 881, val_loss:4.849748, acc: 22.38, bacc: 22.55, tmp_test_f1: 11.41, f1: 12.71
epoch: 882, val_loss:4.857587, acc: 22.38, bacc: 22.55, tmp_test_f1: 11.41, f1: 12.71
epoch: 883, val_loss:4.866643, acc: 22.38, bacc: 22.55, tmp_test_f1: 11.40, f1: 12.71
epoch: 884, val_loss:4.876912, acc: 22.38, bacc: 22.55, tmp_test_f1: 11.41, f1: 12.71
epoch: 885, val_loss:4.854798, acc: 22.38, bacc: 22.55, tmp_test_f1: 11.41, f1: 12.71
epoch: 886, val_loss:4.839133, acc: 22.38, bacc: 22.55, tmp_test_f1: 11.41, f1: 12.71
epoch: 887, val_loss:4.836691, acc: 22.38, bacc: 22.55, tmp_test_f1: 11.41, f1: 12.71
epoch: 888, val_loss:4.843552, acc: 22.38, bacc: 22.55, tmp_test_f1: 11.41, f1: 12.71
epoch: 889, val_loss:4.864440, acc: 22.38, bacc: 22.55, tmp_test_f1: 11.40, f1: 12.71
epoch: 890, val_loss:4.888140, acc: 22.38, bacc: 22.55, tmp_test_f1: 11.41, f1: 12.71
epoch: 891, val_loss:4.869442, acc: 22.38, bacc: 22.55, tmp_test_f1: 11.42, f1: 12.71
epoch: 892, val_loss:4.835507, acc: 22.38, bacc: 22.55, tmp_test_f1: 11.50, f1: 12.71
epoch: 893, val_loss:4.825432, acc: 22.38, bacc: 22.55, tmp_test_f1: 11.41, f1: 12.71
epoch: 894, val_loss:4.845898, acc: 22.38, bacc: 22.55, tmp_test_f1: 11.41, f1: 12.71
epoch: 895, val_loss:4.892593, acc: 22.38, bacc: 22.55, tmp_test_f1: 11.31, f1: 12.71
epoch: 896, val_loss:4.911627, acc: 22.38, bacc: 22.55, tmp_test_f1: 11.41, f1: 12.71
epoch: 897, val_loss:4.863928, acc: 22.38, bacc: 22.55, tmp_test_f1: 11.46, f1: 12.71
epoch: 898, val_loss:4.826210, acc: 22.38, bacc: 22.55, tmp_test_f1: 11.46, f1: 12.71
epoch: 899, val_loss:4.831834, acc: 22.38, bacc: 22.55, tmp_test_f1: 11.41, f1: 12.71
epoch: 900, val_loss:4.856544, acc: 22.38, bacc: 22.55, tmp_test_f1: 11.36, f1: 12.71
epoch: 901, val_loss:4.880723, acc: 22.38, bacc: 22.55, tmp_test_f1: 11.36, f1: 12.71
epoch: 902, val_loss:4.880002, acc: 22.38, bacc: 22.55, tmp_test_f1: 11.41, f1: 12.71
epoch: 903, val_loss:4.851717, acc: 22.38, bacc: 22.55, tmp_test_f1: 11.38, f1: 12.71
epoch: 904, val_loss:4.832625, acc: 22.38, bacc: 22.55, tmp_test_f1: 11.34, f1: 12.71
epoch: 905, val_loss:4.834816, acc: 22.38, bacc: 22.55, tmp_test_f1: 11.41, f1: 12.71
epoch: 906, val_loss:4.858728, acc: 22.38, bacc: 22.55, tmp_test_f1: 11.36, f1: 12.71
epoch: 907, val_loss:4.889412, acc: 22.38, bacc: 22.55, tmp_test_f1: 11.36, f1: 12.71
epoch: 908, val_loss:4.899461, acc: 22.38, bacc: 22.55, tmp_test_f1: 11.41, f1: 12.71
epoch: 909, val_loss:4.881203, acc: 22.38, bacc: 22.55, tmp_test_f1: 11.41, f1: 12.71
epoch: 910, val_loss:4.860889, acc: 22.38, bacc: 22.55, tmp_test_f1: 11.41, f1: 12.71
epoch: 911, val_loss:4.869045, acc: 22.38, bacc: 22.55, tmp_test_f1: 11.41, f1: 12.71
epoch: 912, val_loss:4.880235, acc: 22.38, bacc: 22.55, tmp_test_f1: 11.41, f1: 12.71
epoch: 913, val_loss:4.883149, acc: 22.38, bacc: 22.55, tmp_test_f1: 11.41, f1: 12.71
epoch: 914, val_loss:4.880256, acc: 22.38, bacc: 22.55, tmp_test_f1: 11.41, f1: 12.71
epoch: 915, val_loss:4.872833, acc: 22.38, bacc: 22.55, tmp_test_f1: 11.41, f1: 12.71
epoch: 916, val_loss:4.870455, acc: 22.38, bacc: 22.55, tmp_test_f1: 11.37, f1: 12.71
epoch: 917, val_loss:4.886700, acc: 22.38, bacc: 22.55, tmp_test_f1: 11.37, f1: 12.71
epoch: 918, val_loss:4.886050, acc: 22.38, bacc: 22.55, tmp_test_f1: 11.37, f1: 12.71
epoch: 919, val_loss:4.879796, acc: 22.38, bacc: 22.55, tmp_test_f1: 11.41, f1: 12.71
epoch: 920, val_loss:4.872371, acc: 22.38, bacc: 22.55, tmp_test_f1: 11.41, f1: 12.71
epoch: 921, val_loss:4.871310, acc: 22.38, bacc: 22.55, tmp_test_f1: 11.37, f1: 12.71
epoch: 922, val_loss:4.878215, acc: 22.38, bacc: 22.55, tmp_test_f1: 11.37, f1: 12.71
epoch: 923, val_loss:4.899048, acc: 22.38, bacc: 22.55, tmp_test_f1: 11.37, f1: 12.71
epoch: 924, val_loss:4.898724, acc: 22.38, bacc: 22.55, tmp_test_f1: 11.41, f1: 12.71
epoch: 925, val_loss:4.878449, acc: 22.38, bacc: 22.55, tmp_test_f1: 11.38, f1: 12.71
epoch: 926, val_loss:4.862235, acc: 22.38, bacc: 22.55, tmp_test_f1: 11.38, f1: 12.71
epoch: 927, val_loss:4.872168, acc: 22.38, bacc: 22.55, tmp_test_f1: 11.37, f1: 12.71
epoch: 928, val_loss:4.895674, acc: 22.38, bacc: 22.55, tmp_test_f1: 11.36, f1: 12.71
epoch: 929, val_loss:4.908103, acc: 22.38, bacc: 22.55, tmp_test_f1: 11.46, f1: 12.71
epoch: 930, val_loss:4.875284, acc: 22.38, bacc: 22.55, tmp_test_f1: 11.38, f1: 12.71
epoch: 931, val_loss:4.854160, acc: 22.38, bacc: 22.55, tmp_test_f1: 11.46, f1: 12.71
epoch: 932, val_loss:4.869083, acc: 22.38, bacc: 22.55, tmp_test_f1: 11.37, f1: 12.71
epoch: 933, val_loss:4.892820, acc: 22.38, bacc: 22.55, tmp_test_f1: 11.37, f1: 12.71
epoch: 934, val_loss:4.890393, acc: 22.38, bacc: 22.55, tmp_test_f1: 11.46, f1: 12.71
epoch: 935, val_loss:4.874648, acc: 22.38, bacc: 22.55, tmp_test_f1: 11.46, f1: 12.71
epoch: 936, val_loss:4.873928, acc: 22.38, bacc: 22.55, tmp_test_f1: 11.46, f1: 12.71
epoch: 937, val_loss:4.878474, acc: 22.38, bacc: 22.55, tmp_test_f1: 11.37, f1: 12.71
epoch: 938, val_loss:4.883677, acc: 22.38, bacc: 22.55, tmp_test_f1: 11.37, f1: 12.71
epoch: 939, val_loss:4.888715, acc: 22.38, bacc: 22.55, tmp_test_f1: 11.37, f1: 12.71
epoch: 940, val_loss:4.891934, acc: 22.38, bacc: 22.55, tmp_test_f1: 11.37, f1: 12.71
epoch: 941, val_loss:4.881964, acc: 22.38, bacc: 22.55, tmp_test_f1: 11.33, f1: 12.71
epoch: 942, val_loss:4.873623, acc: 22.38, bacc: 22.55, tmp_test_f1: 11.37, f1: 12.71
epoch: 943, val_loss:4.884069, acc: 22.38, bacc: 22.55, tmp_test_f1: 11.36, f1: 12.71
epoch: 944, val_loss:4.904418, acc: 22.38, bacc: 22.55, tmp_test_f1: 11.36, f1: 12.71
DiG WikipediaNetwork/squirrel 100 Aug 0 EndEpoch 944 lr 0.1
SHAsplit  0, acc: 22.38, bacc: 22.55, f1: 12.71
test_f1 CountNotImproved reset to 0 in epoch 0
epoch:   0, val_loss:3.981460, acc: 19.50, bacc: 20.30, tmp_test_f1: 7.06, f1: 7.06
epoch:   1, val_loss:3.814488, acc: 19.50, bacc: 20.30, tmp_test_f1: 6.45, f1: 7.06
epoch:   2, val_loss:3.730704, acc: 19.50, bacc: 20.30, tmp_test_f1: 6.45, f1: 7.06
epoch:   3, val_loss:3.620970, acc: 19.50, bacc: 20.30, tmp_test_f1: 6.45, f1: 7.06
epoch:   4, val_loss:3.506536, acc: 19.50, bacc: 20.30, tmp_test_f1: 6.45, f1: 7.06
epoch:   5, val_loss:3.390630, acc: 19.50, bacc: 20.30, tmp_test_f1: 6.45, f1: 7.06
epoch:   6, val_loss:3.275186, acc: 19.50, bacc: 20.30, tmp_test_f1: 6.45, f1: 7.06
epoch:   7, val_loss:3.161644, acc: 19.50, bacc: 20.30, tmp_test_f1: 6.45, f1: 7.06
epoch:   8, val_loss:3.051416, acc: 19.50, bacc: 20.30, tmp_test_f1: 6.45, f1: 7.06
epoch:   9, val_loss:2.946007, acc: 19.50, bacc: 20.30, tmp_test_f1: 6.45, f1: 7.06
epoch:  10, val_loss:2.847013, acc: 19.50, bacc: 20.30, tmp_test_f1: 6.45, f1: 7.06
epoch:  11, val_loss:2.755977, acc: 19.50, bacc: 20.30, tmp_test_f1: 6.45, f1: 7.06
epoch:  12, val_loss:2.674136, acc: 19.50, bacc: 20.30, tmp_test_f1: 6.45, f1: 7.06
epoch:  13, val_loss:2.602254, acc: 19.50, bacc: 20.30, tmp_test_f1: 6.45, f1: 7.06
epoch:  14, val_loss:2.540694, acc: 19.50, bacc: 20.30, tmp_test_f1: 6.45, f1: 7.06
epoch:  15, val_loss:2.489577, acc: 19.50, bacc: 20.30, tmp_test_f1: 6.45, f1: 7.06
epoch:  16, val_loss:2.448874, acc: 19.50, bacc: 20.30, tmp_test_f1: 6.45, f1: 7.06
epoch:  17, val_loss:2.418389, acc: 19.50, bacc: 20.30, tmp_test_f1: 6.45, f1: 7.06
epoch:  18, val_loss:2.397721, acc: 19.50, bacc: 20.30, tmp_test_f1: 6.45, f1: 7.06
epoch:  19, val_loss:2.386227, acc: 19.50, bacc: 20.30, tmp_test_f1: 6.45, f1: 7.06
epoch:  20, val_loss:2.383045, acc: 19.50, bacc: 20.30, tmp_test_f1: 6.45, f1: 7.06
epoch:  21, val_loss:2.387153, acc: 19.50, bacc: 20.30, tmp_test_f1: 6.45, f1: 7.06
epoch:  22, val_loss:2.397440, acc: 19.50, bacc: 20.30, tmp_test_f1: 6.45, f1: 7.06
epoch:  23, val_loss:2.412784, acc: 19.50, bacc: 20.30, tmp_test_f1: 6.45, f1: 7.06
epoch:  24, val_loss:2.432114, acc: 19.50, bacc: 20.30, tmp_test_f1: 6.45, f1: 7.06
epoch:  25, val_loss:2.454465, acc: 19.50, bacc: 20.30, tmp_test_f1: 6.45, f1: 7.06
epoch:  26, val_loss:2.479005, acc: 19.50, bacc: 20.30, tmp_test_f1: 6.45, f1: 7.06
epoch:  27, val_loss:2.505047, acc: 19.50, bacc: 20.30, tmp_test_f1: 6.45, f1: 7.06
epoch:  28, val_loss:2.532025, acc: 19.50, bacc: 20.30, tmp_test_f1: 6.45, f1: 7.06
epoch:  29, val_loss:2.559483, acc: 19.50, bacc: 20.30, tmp_test_f1: 6.45, f1: 7.06
epoch:  30, val_loss:2.587025, acc: 19.50, bacc: 20.30, tmp_test_f1: 6.45, f1: 7.06
epoch:  31, val_loss:2.614287, acc: 19.50, bacc: 20.30, tmp_test_f1: 6.45, f1: 7.06
epoch:  32, val_loss:2.640909, acc: 19.50, bacc: 20.30, tmp_test_f1: 6.45, f1: 7.06
epoch:  33, val_loss:2.666515, acc: 19.50, bacc: 20.30, tmp_test_f1: 6.45, f1: 7.06
epoch:  34, val_loss:2.690712, acc: 19.50, bacc: 20.30, tmp_test_f1: 6.45, f1: 7.06
epoch:  35, val_loss:2.713086, acc: 19.50, bacc: 20.30, tmp_test_f1: 6.45, f1: 7.06
epoch:  36, val_loss:2.733231, acc: 19.50, bacc: 20.30, tmp_test_f1: 6.45, f1: 7.06
epoch:  37, val_loss:2.750767, acc: 19.50, bacc: 20.30, tmp_test_f1: 6.45, f1: 7.06
epoch:  38, val_loss:2.765363, acc: 19.50, bacc: 20.30, tmp_test_f1: 6.45, f1: 7.06
epoch:  39, val_loss:2.776763, acc: 19.50, bacc: 20.30, tmp_test_f1: 6.45, f1: 7.06
epoch:  40, val_loss:2.784803, acc: 19.50, bacc: 20.30, tmp_test_f1: 6.45, f1: 7.06
epoch:  41, val_loss:2.789426, acc: 19.50, bacc: 20.30, tmp_test_f1: 6.45, f1: 7.06
epoch:  42, val_loss:2.790685, acc: 19.50, bacc: 20.30, tmp_test_f1: 6.45, f1: 7.06
epoch:  43, val_loss:2.788741, acc: 19.50, bacc: 20.30, tmp_test_f1: 6.45, f1: 7.06
epoch:  44, val_loss:2.783858, acc: 19.50, bacc: 20.30, tmp_test_f1: 6.45, f1: 7.06
epoch:  45, val_loss:2.776390, acc: 19.50, bacc: 20.30, tmp_test_f1: 6.45, f1: 7.06
epoch:  46, val_loss:2.766757, acc: 19.50, bacc: 20.30, tmp_test_f1: 6.45, f1: 7.06
epoch:  47, val_loss:2.755441, acc: 19.50, bacc: 20.30, tmp_test_f1: 6.45, f1: 7.06
epoch:  48, val_loss:2.742948, acc: 19.50, bacc: 20.30, tmp_test_f1: 6.45, f1: 7.06
epoch:  49, val_loss:2.729805, acc: 19.50, bacc: 20.30, tmp_test_f1: 6.45, f1: 7.06
epoch:  50, val_loss:2.716526, acc: 19.50, bacc: 20.30, tmp_test_f1: 6.45, f1: 7.06
epoch:  51, val_loss:2.703598, acc: 19.50, bacc: 20.30, tmp_test_f1: 6.45, f1: 7.06
epoch:  52, val_loss:2.691465, acc: 19.50, bacc: 20.30, tmp_test_f1: 6.45, f1: 7.06
epoch:  53, val_loss:2.680511, acc: 19.50, bacc: 20.30, tmp_test_f1: 6.45, f1: 7.06
epoch:  54, val_loss:2.671048, acc: 19.50, bacc: 20.30, tmp_test_f1: 6.45, f1: 7.06
epoch:  55, val_loss:2.663311, acc: 19.50, bacc: 20.30, tmp_test_f1: 6.45, f1: 7.06
epoch:  56, val_loss:2.657457, acc: 19.50, bacc: 20.30, tmp_test_f1: 6.45, f1: 7.06
epoch:  57, val_loss:2.653565, acc: 19.50, bacc: 20.30, tmp_test_f1: 6.45, f1: 7.06
epoch:  58, val_loss:2.651641, acc: 19.50, bacc: 20.30, tmp_test_f1: 6.45, f1: 7.06
epoch:  59, val_loss:2.651621, acc: 19.50, bacc: 20.30, tmp_test_f1: 6.45, f1: 7.06
epoch:  60, val_loss:2.653387, acc: 19.50, bacc: 20.30, tmp_test_f1: 6.45, f1: 7.06
epoch:  61, val_loss:2.656770, acc: 19.50, bacc: 20.30, tmp_test_f1: 6.45, f1: 7.06
epoch:  62, val_loss:2.661560, acc: 19.50, bacc: 20.30, tmp_test_f1: 6.45, f1: 7.06
epoch:  63, val_loss:2.667520, acc: 19.50, bacc: 20.30, tmp_test_f1: 6.45, f1: 7.06
epoch:  64, val_loss:2.674392, acc: 19.50, bacc: 20.30, tmp_test_f1: 6.45, f1: 7.06
epoch:  65, val_loss:2.681898, acc: 19.50, bacc: 20.30, tmp_test_f1: 6.45, f1: 7.06
epoch:  66, val_loss:2.689765, acc: 19.50, bacc: 20.30, tmp_test_f1: 6.45, f1: 7.06
epoch:  67, val_loss:2.697719, acc: 19.50, bacc: 20.30, tmp_test_f1: 6.45, f1: 7.06
epoch:  68, val_loss:2.705504, acc: 19.50, bacc: 20.30, tmp_test_f1: 6.45, f1: 7.06
epoch:  69, val_loss:2.712877, acc: 19.50, bacc: 20.30, tmp_test_f1: 6.45, f1: 7.06
epoch:  70, val_loss:2.719630, acc: 19.50, bacc: 20.30, tmp_test_f1: 6.45, f1: 7.06
epoch:  71, val_loss:2.725585, acc: 19.50, bacc: 20.30, tmp_test_f1: 6.45, f1: 7.06
epoch:  72, val_loss:2.730597, acc: 19.50, bacc: 20.30, tmp_test_f1: 6.45, f1: 7.06
epoch:  73, val_loss:2.734574, acc: 19.50, bacc: 20.30, tmp_test_f1: 6.45, f1: 7.06
epoch:  74, val_loss:2.737453, acc: 19.50, bacc: 20.30, tmp_test_f1: 6.45, f1: 7.06
epoch:  75, val_loss:2.739224, acc: 19.50, bacc: 20.30, tmp_test_f1: 6.45, f1: 7.06
epoch:  76, val_loss:2.739909, acc: 19.50, bacc: 20.30, tmp_test_f1: 6.45, f1: 7.06
epoch:  77, val_loss:2.739572, acc: 19.50, bacc: 20.30, tmp_test_f1: 6.45, f1: 7.06
epoch:  78, val_loss:2.738308, acc: 19.50, bacc: 20.30, tmp_test_f1: 6.45, f1: 7.06
epoch:  79, val_loss:2.736238, acc: 19.50, bacc: 20.30, tmp_test_f1: 6.45, f1: 7.06
epoch:  80, val_loss:2.733504, acc: 19.50, bacc: 20.30, tmp_test_f1: 6.45, f1: 7.06
epoch:  81, val_loss:2.730264, acc: 19.50, bacc: 20.30, tmp_test_f1: 6.45, f1: 7.06
epoch:  82, val_loss:2.726680, acc: 19.50, bacc: 20.30, tmp_test_f1: 6.45, f1: 7.06
epoch:  83, val_loss:2.722913, acc: 19.50, bacc: 20.30, tmp_test_f1: 6.45, f1: 7.06
epoch:  84, val_loss:2.719122, acc: 19.50, bacc: 20.30, tmp_test_f1: 6.45, f1: 7.06
epoch:  85, val_loss:2.715451, acc: 19.50, bacc: 20.30, tmp_test_f1: 6.45, f1: 7.06
epoch:  86, val_loss:2.712028, acc: 19.50, bacc: 20.30, tmp_test_f1: 6.45, f1: 7.06
epoch:  87, val_loss:2.708961, acc: 19.50, bacc: 20.30, tmp_test_f1: 6.45, f1: 7.06
epoch:  88, val_loss:2.706336, acc: 19.50, bacc: 20.30, tmp_test_f1: 6.45, f1: 7.06
epoch:  89, val_loss:2.704214, acc: 19.50, bacc: 20.30, tmp_test_f1: 6.45, f1: 7.06
epoch:  90, val_loss:2.702631, acc: 19.50, bacc: 20.30, tmp_test_f1: 6.45, f1: 7.06
epoch:  91, val_loss:2.701599, acc: 19.50, bacc: 20.30, tmp_test_f1: 6.45, f1: 7.06
epoch:  92, val_loss:2.701105, acc: 19.50, bacc: 20.30, tmp_test_f1: 6.45, f1: 7.06
epoch:  93, val_loss:2.701117, acc: 19.50, bacc: 20.30, tmp_test_f1: 6.45, f1: 7.06
epoch:  94, val_loss:2.701585, acc: 19.50, bacc: 20.30, tmp_test_f1: 6.45, f1: 7.06
epoch:  95, val_loss:2.702446, acc: 19.50, bacc: 20.30, tmp_test_f1: 6.45, f1: 7.06
epoch:  96, val_loss:2.703620, acc: 19.50, bacc: 20.30, tmp_test_f1: 6.45, f1: 7.06
epoch:  97, val_loss:2.705031, acc: 19.50, bacc: 20.30, tmp_test_f1: 6.45, f1: 7.06
epoch:  98, val_loss:2.706589, acc: 19.50, bacc: 20.30, tmp_test_f1: 6.45, f1: 7.06
epoch:  99, val_loss:2.708213, acc: 19.50, bacc: 20.30, tmp_test_f1: 6.45, f1: 7.06
epoch: 100, val_loss:2.709820, acc: 19.50, bacc: 20.30, tmp_test_f1: 6.45, f1: 7.06
epoch: 101, val_loss:2.711343, acc: 19.50, bacc: 20.30, tmp_test_f1: 6.45, f1: 7.06
epoch: 102, val_loss:2.712716, acc: 19.50, bacc: 20.30, tmp_test_f1: 6.45, f1: 7.06
epoch: 103, val_loss:2.713889, acc: 19.50, bacc: 20.30, tmp_test_f1: 6.45, f1: 7.06
epoch: 104, val_loss:2.714827, acc: 19.50, bacc: 20.30, tmp_test_f1: 6.45, f1: 7.06
epoch: 105, val_loss:2.715505, acc: 19.50, bacc: 20.30, tmp_test_f1: 6.45, f1: 7.06
epoch: 106, val_loss:2.715915, acc: 19.50, bacc: 20.30, tmp_test_f1: 6.45, f1: 7.06
epoch: 107, val_loss:2.716058, acc: 19.50, bacc: 20.30, tmp_test_f1: 6.45, f1: 7.06
epoch: 108, val_loss:2.715950, acc: 19.50, bacc: 20.30, tmp_test_f1: 6.45, f1: 7.06
epoch: 109, val_loss:2.715615, acc: 19.50, bacc: 20.30, tmp_test_f1: 6.45, f1: 7.06
epoch: 110, val_loss:2.715086, acc: 19.50, bacc: 20.30, tmp_test_f1: 6.45, f1: 7.06
epoch: 111, val_loss:2.714402, acc: 19.50, bacc: 20.30, tmp_test_f1: 6.45, f1: 7.06
epoch: 112, val_loss:2.713603, acc: 19.50, bacc: 20.30, tmp_test_f1: 6.45, f1: 7.06
epoch: 113, val_loss:2.712736, acc: 19.50, bacc: 20.30, tmp_test_f1: 6.45, f1: 7.06
epoch: 114, val_loss:2.711841, acc: 19.50, bacc: 20.30, tmp_test_f1: 6.45, f1: 7.06
epoch: 115, val_loss:2.710959, acc: 19.50, bacc: 20.30, tmp_test_f1: 6.45, f1: 7.06
epoch: 116, val_loss:2.710124, acc: 19.50, bacc: 20.30, tmp_test_f1: 6.45, f1: 7.06
epoch: 117, val_loss:2.709370, acc: 19.50, bacc: 20.30, tmp_test_f1: 6.45, f1: 7.06
epoch: 118, val_loss:2.708719, acc: 19.50, bacc: 20.30, tmp_test_f1: 6.45, f1: 7.06
epoch: 119, val_loss:2.708188, acc: 19.50, bacc: 20.30, tmp_test_f1: 6.45, f1: 7.06
epoch: 120, val_loss:2.707786, acc: 19.50, bacc: 20.30, tmp_test_f1: 6.45, f1: 7.06
epoch: 121, val_loss:2.707518, acc: 19.50, bacc: 20.30, tmp_test_f1: 6.45, f1: 7.06
epoch: 122, val_loss:2.707380, acc: 19.50, bacc: 20.30, tmp_test_f1: 6.45, f1: 7.06
epoch: 123, val_loss:2.707362, acc: 19.50, bacc: 20.30, tmp_test_f1: 6.45, f1: 7.06
epoch: 124, val_loss:2.707451, acc: 19.50, bacc: 20.30, tmp_test_f1: 6.45, f1: 7.06
epoch: 125, val_loss:2.707631, acc: 19.50, bacc: 20.30, tmp_test_f1: 6.45, f1: 7.06
epoch: 126, val_loss:2.707880, acc: 19.50, bacc: 20.30, tmp_test_f1: 6.45, f1: 7.06
epoch: 127, val_loss:2.708178, acc: 19.50, bacc: 20.30, tmp_test_f1: 6.45, f1: 7.06
epoch: 128, val_loss:2.708502, acc: 19.50, bacc: 20.30, tmp_test_f1: 6.45, f1: 7.06
epoch: 129, val_loss:2.708833, acc: 19.50, bacc: 20.30, tmp_test_f1: 6.45, f1: 7.06
epoch: 130, val_loss:2.709155, acc: 19.50, bacc: 20.30, tmp_test_f1: 6.45, f1: 7.06
epoch: 131, val_loss:2.709448, acc: 19.50, bacc: 20.30, tmp_test_f1: 6.45, f1: 7.06
epoch: 132, val_loss:2.709703, acc: 19.50, bacc: 20.30, tmp_test_f1: 6.45, f1: 7.06
epoch: 133, val_loss:2.709910, acc: 19.50, bacc: 20.30, tmp_test_f1: 6.45, f1: 7.06
epoch: 134, val_loss:2.710061, acc: 19.50, bacc: 20.30, tmp_test_f1: 6.45, f1: 7.06
epoch: 135, val_loss:2.710158, acc: 19.50, bacc: 20.30, tmp_test_f1: 6.45, f1: 7.06
epoch: 136, val_loss:2.710198, acc: 19.50, bacc: 20.30, tmp_test_f1: 6.45, f1: 7.06
epoch: 137, val_loss:2.710189, acc: 19.50, bacc: 20.30, tmp_test_f1: 6.45, f1: 7.06
epoch: 138, val_loss:2.710135, acc: 19.50, bacc: 20.30, tmp_test_f1: 6.45, f1: 7.06
epoch: 139, val_loss:2.710045, acc: 19.50, bacc: 20.30, tmp_test_f1: 6.45, f1: 7.06
epoch: 140, val_loss:2.709928, acc: 19.50, bacc: 20.30, tmp_test_f1: 6.45, f1: 7.06
epoch: 141, val_loss:2.709794, acc: 19.50, bacc: 20.30, tmp_test_f1: 6.45, f1: 7.06
epoch: 142, val_loss:2.709652, acc: 19.50, bacc: 20.30, tmp_test_f1: 6.45, f1: 7.06
epoch: 143, val_loss:2.709511, acc: 19.50, bacc: 20.30, tmp_test_f1: 6.45, f1: 7.06
epoch: 144, val_loss:2.709381, acc: 19.50, bacc: 20.30, tmp_test_f1: 6.45, f1: 7.06
epoch: 145, val_loss:2.709266, acc: 19.50, bacc: 20.30, tmp_test_f1: 6.45, f1: 7.06
epoch: 146, val_loss:2.709173, acc: 19.50, bacc: 20.30, tmp_test_f1: 6.45, f1: 7.06
epoch: 147, val_loss:2.709105, acc: 19.50, bacc: 20.30, tmp_test_f1: 6.45, f1: 7.06
epoch: 148, val_loss:2.709062, acc: 19.50, bacc: 20.30, tmp_test_f1: 6.45, f1: 7.06
epoch: 149, val_loss:2.709045, acc: 19.50, bacc: 20.30, tmp_test_f1: 6.45, f1: 7.06
epoch: 150, val_loss:2.709053, acc: 19.50, bacc: 20.30, tmp_test_f1: 6.45, f1: 7.06
epoch: 151, val_loss:2.709082, acc: 19.50, bacc: 20.30, tmp_test_f1: 6.45, f1: 7.06
epoch: 152, val_loss:2.709130, acc: 19.50, bacc: 20.30, tmp_test_f1: 6.45, f1: 7.06
epoch: 153, val_loss:2.709192, acc: 19.50, bacc: 20.30, tmp_test_f1: 6.45, f1: 7.06
epoch: 154, val_loss:2.709263, acc: 19.50, bacc: 20.30, tmp_test_f1: 6.45, f1: 7.06
epoch: 155, val_loss:2.709338, acc: 19.50, bacc: 20.30, tmp_test_f1: 6.45, f1: 7.06
epoch: 156, val_loss:2.709414, acc: 19.50, bacc: 20.30, tmp_test_f1: 6.45, f1: 7.06
epoch: 157, val_loss:2.709485, acc: 19.50, bacc: 20.30, tmp_test_f1: 6.45, f1: 7.06
epoch: 158, val_loss:2.709550, acc: 19.50, bacc: 20.30, tmp_test_f1: 6.45, f1: 7.06
epoch: 159, val_loss:2.709606, acc: 19.50, bacc: 20.30, tmp_test_f1: 6.45, f1: 7.06
epoch: 160, val_loss:2.709651, acc: 19.50, bacc: 20.30, tmp_test_f1: 6.45, f1: 7.06
epoch: 161, val_loss:2.709684, acc: 19.50, bacc: 20.30, tmp_test_f1: 6.45, f1: 7.06
epoch: 162, val_loss:2.709708, acc: 19.50, bacc: 20.30, tmp_test_f1: 6.45, f1: 7.06
epoch: 163, val_loss:2.709720, acc: 19.50, bacc: 20.30, tmp_test_f1: 6.45, f1: 7.06
epoch: 164, val_loss:2.709722, acc: 19.50, bacc: 20.30, tmp_test_f1: 6.45, f1: 7.06
epoch: 165, val_loss:2.709718, acc: 19.50, bacc: 20.30, tmp_test_f1: 6.45, f1: 7.06
epoch: 166, val_loss:2.709709, acc: 19.50, bacc: 20.30, tmp_test_f1: 6.45, f1: 7.06
epoch: 167, val_loss:2.709697, acc: 19.50, bacc: 20.30, tmp_test_f1: 6.45, f1: 7.06
epoch: 168, val_loss:2.709683, acc: 19.50, bacc: 20.30, tmp_test_f1: 6.45, f1: 7.06
epoch: 169, val_loss:2.709670, acc: 19.50, bacc: 20.30, tmp_test_f1: 6.45, f1: 7.06
epoch: 170, val_loss:2.709659, acc: 19.50, bacc: 20.30, tmp_test_f1: 6.45, f1: 7.06
epoch: 171, val_loss:2.709653, acc: 19.50, bacc: 20.30, tmp_test_f1: 6.45, f1: 7.06
epoch: 172, val_loss:2.709652, acc: 19.50, bacc: 20.30, tmp_test_f1: 6.45, f1: 7.06
epoch: 173, val_loss:2.709653, acc: 19.50, bacc: 20.30, tmp_test_f1: 6.45, f1: 7.06
epoch: 174, val_loss:2.709662, acc: 19.50, bacc: 20.30, tmp_test_f1: 6.45, f1: 7.06
epoch: 175, val_loss:2.709674, acc: 19.50, bacc: 20.30, tmp_test_f1: 6.45, f1: 7.06
epoch: 176, val_loss:2.709690, acc: 19.50, bacc: 20.30, tmp_test_f1: 6.45, f1: 7.06
epoch: 177, val_loss:2.709709, acc: 19.50, bacc: 20.30, tmp_test_f1: 6.45, f1: 7.06
epoch: 178, val_loss:2.709730, acc: 19.50, bacc: 20.30, tmp_test_f1: 6.45, f1: 7.06
epoch: 179, val_loss:2.709751, acc: 19.50, bacc: 20.30, tmp_test_f1: 6.45, f1: 7.06
epoch: 180, val_loss:2.709772, acc: 19.50, bacc: 20.30, tmp_test_f1: 6.45, f1: 7.06
epoch: 181, val_loss:2.709790, acc: 19.50, bacc: 20.30, tmp_test_f1: 6.45, f1: 7.06
