CUDA Device Index: 1
Namespace(IsDirectedData=False, AugDirect=0, net='DiG', GPUdevice=1, seed=100, undirect_dataset='Amazon-Photo', Direct_dataset='WikipediaNetwork/squirrel', imb_ratio=100, dropout=0.1, num_filter=2, layer=2, alpha=0.1, K=2, feat_dim=64, warmup=5, epoch=1500, lr=0.1, l2=0.0005, tau=2, max=False, no_mask=False, gdc='ppr', heads=8, log_root='../logs/', log_path='test', data_path='../dataset/data/tmp/')
DiModel(
  (conv1): DIGCNConv(745, 2)
  (conv2): DIGCNConv(2, 2)
  (Conv): Conv1d(2, 8, kernel_size=(1,), stride=(1,))
)
test_f1 CountNotImproved reset to 0 in epoch 0
epoch:   0, val_loss:2.167730, acc: 2.68, bacc: 12.50, tmp_test_f1: 0.65, f1: 0.65
epoch:   1, val_loss:2.191256, acc: 2.68, bacc: 12.50, tmp_test_f1: 0.65, f1: 0.65
epoch:   2, val_loss:2.234884, acc: 2.68, bacc: 12.50, tmp_test_f1: 0.65, f1: 0.65
epoch:   3, val_loss:2.312568, acc: 2.68, bacc: 12.50, tmp_test_f1: 0.65, f1: 0.65
epoch:   4, val_loss:2.445113, acc: 2.68, bacc: 12.50, tmp_test_f1: 0.65, f1: 0.65
epoch:   5, val_loss:2.660007, acc: 2.68, bacc: 12.50, tmp_test_f1: 0.65, f1: 0.65
epoch:   6, val_loss:2.941287, acc: 2.68, bacc: 12.50, tmp_test_f1: 0.65, f1: 0.65
epoch:   7, val_loss:3.210847, acc: 2.68, bacc: 12.50, tmp_test_f1: 0.65, f1: 0.65
test_f1 CountNotImproved reset to 0 in epoch 8
epoch:   8, val_loss:3.458011, acc: 2.88, bacc: 12.42, tmp_test_f1: 0.90, f1: 0.90
test_f1 CountNotImproved reset to 0 in epoch 9
epoch:   9, val_loss:3.693763, acc: 3.48, bacc: 12.05, tmp_test_f1: 1.53, f1: 1.53
epoch:  10, val_loss:3.849210, acc: 3.48, bacc: 12.05, tmp_test_f1: 0.72, f1: 1.53
epoch:  11, val_loss:3.927376, acc: 3.48, bacc: 12.05, tmp_test_f1: 0.65, f1: 1.53
epoch:  12, val_loss:3.962737, acc: 3.48, bacc: 12.05, tmp_test_f1: 0.65, f1: 1.53
epoch:  13, val_loss:3.987631, acc: 3.48, bacc: 12.05, tmp_test_f1: 0.65, f1: 1.53
epoch:  14, val_loss:4.015077, acc: 3.48, bacc: 12.05, tmp_test_f1: 0.65, f1: 1.53
epoch:  15, val_loss:4.019230, acc: 3.48, bacc: 12.05, tmp_test_f1: 0.65, f1: 1.53
epoch:  16, val_loss:3.987821, acc: 3.48, bacc: 12.05, tmp_test_f1: 0.65, f1: 1.53
epoch:  17, val_loss:3.934418, acc: 3.48, bacc: 12.05, tmp_test_f1: 0.65, f1: 1.53
epoch:  18, val_loss:3.867151, acc: 3.48, bacc: 12.05, tmp_test_f1: 0.65, f1: 1.53
epoch:  19, val_loss:3.798387, acc: 3.48, bacc: 12.05, tmp_test_f1: 0.65, f1: 1.53
epoch:  20, val_loss:3.733209, acc: 3.48, bacc: 12.05, tmp_test_f1: 0.65, f1: 1.53
epoch:  21, val_loss:3.668973, acc: 3.48, bacc: 12.05, tmp_test_f1: 0.65, f1: 1.53
epoch:  22, val_loss:3.608190, acc: 3.48, bacc: 12.05, tmp_test_f1: 0.65, f1: 1.53
epoch:  23, val_loss:3.546948, acc: 3.48, bacc: 12.05, tmp_test_f1: 0.65, f1: 1.53
epoch:  24, val_loss:3.485879, acc: 3.48, bacc: 12.05, tmp_test_f1: 0.65, f1: 1.53
epoch:  25, val_loss:3.429501, acc: 3.48, bacc: 12.05, tmp_test_f1: 0.65, f1: 1.53
epoch:  26, val_loss:3.378558, acc: 3.48, bacc: 12.05, tmp_test_f1: 0.65, f1: 1.53
epoch:  27, val_loss:3.339759, acc: 3.48, bacc: 12.05, tmp_test_f1: 0.65, f1: 1.53
epoch:  28, val_loss:3.309965, acc: 3.48, bacc: 12.05, tmp_test_f1: 0.65, f1: 1.53
epoch:  29, val_loss:3.291422, acc: 3.48, bacc: 12.05, tmp_test_f1: 0.65, f1: 1.53
epoch:  30, val_loss:3.280668, acc: 3.48, bacc: 12.05, tmp_test_f1: 0.65, f1: 1.53
epoch:  31, val_loss:3.279866, acc: 3.48, bacc: 12.05, tmp_test_f1: 0.65, f1: 1.53
epoch:  32, val_loss:3.285089, acc: 3.48, bacc: 12.05, tmp_test_f1: 0.65, f1: 1.53
epoch:  33, val_loss:3.302572, acc: 3.48, bacc: 12.05, tmp_test_f1: 0.65, f1: 1.53
epoch:  34, val_loss:3.323345, acc: 3.48, bacc: 12.05, tmp_test_f1: 0.65, f1: 1.53
epoch:  35, val_loss:3.347618, acc: 3.48, bacc: 12.05, tmp_test_f1: 0.65, f1: 1.53
epoch:  36, val_loss:3.378996, acc: 3.48, bacc: 12.05, tmp_test_f1: 0.65, f1: 1.53
epoch:  37, val_loss:3.419622, acc: 3.48, bacc: 12.05, tmp_test_f1: 0.65, f1: 1.53
epoch:  38, val_loss:3.459511, acc: 3.48, bacc: 12.05, tmp_test_f1: 0.65, f1: 1.53
epoch:  39, val_loss:3.491328, acc: 3.48, bacc: 12.05, tmp_test_f1: 0.65, f1: 1.53
epoch:  40, val_loss:3.521308, acc: 3.48, bacc: 12.05, tmp_test_f1: 0.65, f1: 1.53
epoch:  41, val_loss:3.541942, acc: 3.48, bacc: 12.05, tmp_test_f1: 0.65, f1: 1.53
epoch:  42, val_loss:3.558456, acc: 3.48, bacc: 12.05, tmp_test_f1: 0.65, f1: 1.53
epoch:  43, val_loss:3.568740, acc: 3.48, bacc: 12.05, tmp_test_f1: 0.65, f1: 1.53
epoch:  44, val_loss:3.586334, acc: 3.48, bacc: 12.05, tmp_test_f1: 0.65, f1: 1.53
epoch:  45, val_loss:3.598589, acc: 3.48, bacc: 12.05, tmp_test_f1: 0.65, f1: 1.53
epoch:  46, val_loss:3.607516, acc: 3.48, bacc: 12.05, tmp_test_f1: 0.69, f1: 1.53
epoch:  47, val_loss:3.612492, acc: 3.48, bacc: 12.05, tmp_test_f1: 0.72, f1: 1.53
epoch:  48, val_loss:3.584212, acc: 3.48, bacc: 12.05, tmp_test_f1: 0.76, f1: 1.53
epoch:  49, val_loss:3.538809, acc: 3.48, bacc: 12.05, tmp_test_f1: 0.77, f1: 1.53
epoch:  50, val_loss:3.480362, acc: 3.48, bacc: 12.05, tmp_test_f1: 0.92, f1: 1.53
epoch:  51, val_loss:3.446808, acc: 3.48, bacc: 12.05, tmp_test_f1: 1.30, f1: 1.53
epoch:  52, val_loss:3.427006, acc: 3.48, bacc: 12.05, tmp_test_f1: 1.37, f1: 1.53
epoch:  53, val_loss:3.373798, acc: 3.48, bacc: 12.05, tmp_test_f1: 1.13, f1: 1.53
test_f1 CountNotImproved reset to 0 in epoch 54
epoch:  54, val_loss:3.305629, acc: 4.19, bacc: 13.90, tmp_test_f1: 2.93, f1: 2.93
test_f1 CountNotImproved reset to 0 in epoch 55
epoch:  55, val_loss:3.327604, acc: 7.09, bacc: 15.99, tmp_test_f1: 5.27, f1: 5.27
epoch:  56, val_loss:3.339280, acc: 7.09, bacc: 15.99, tmp_test_f1: 3.05, f1: 5.27
test_f1 CountNotImproved reset to 0 in epoch 57
epoch:  57, val_loss:3.249559, acc: 11.24, bacc: 19.81, tmp_test_f1: 7.45, f1: 7.45
test_f1 CountNotImproved reset to 0 in epoch 58
epoch:  58, val_loss:3.323765, acc: 12.23, bacc: 20.43, tmp_test_f1: 7.94, f1: 7.94
epoch:  59, val_loss:3.305163, acc: 12.23, bacc: 20.43, tmp_test_f1: 5.42, f1: 7.94
test_f1 CountNotImproved reset to 0 in epoch 60
epoch:  60, val_loss:3.243449, acc: 15.06, bacc: 21.93, tmp_test_f1: 8.89, f1: 8.89
test_f1 CountNotImproved reset to 0 in epoch 61
epoch:  61, val_loss:3.308877, acc: 18.58, bacc: 24.13, tmp_test_f1: 10.14, f1: 10.14
epoch:  62, val_loss:3.350974, acc: 18.58, bacc: 24.13, tmp_test_f1: 7.19, f1: 10.14
epoch:  63, val_loss:3.265605, acc: 18.58, bacc: 24.13, tmp_test_f1: 9.14, f1: 10.14
test_f1 CountNotImproved reset to 0 in epoch 64
epoch:  64, val_loss:3.300609, acc: 20.95, bacc: 24.54, tmp_test_f1: 10.64, f1: 10.64
epoch:  65, val_loss:3.338422, acc: 20.95, bacc: 24.54, tmp_test_f1: 8.42, f1: 10.64
epoch:  66, val_loss:3.249542, acc: 20.95, bacc: 24.54, tmp_test_f1: 10.51, f1: 10.64
test_f1 CountNotImproved reset to 0 in epoch 67
epoch:  67, val_loss:3.277651, acc: 21.48, bacc: 24.94, tmp_test_f1: 11.00, f1: 11.00
test_f1 CountNotImproved reset to 0 in epoch 68
epoch:  68, val_loss:3.257344, acc: 21.37, bacc: 24.96, tmp_test_f1: 11.04, f1: 11.04
test_f1 CountNotImproved reset to 0 in epoch 69
epoch:  69, val_loss:3.222646, acc: 23.05, bacc: 26.49, tmp_test_f1: 12.06, f1: 12.06
epoch:  70, val_loss:3.224750, acc: 23.05, bacc: 26.49, tmp_test_f1: 10.55, f1: 12.06
test_f1 CountNotImproved reset to 0 in epoch 71
epoch:  71, val_loss:3.168571, acc: 27.24, bacc: 30.05, tmp_test_f1: 14.45, f1: 14.45
epoch:  72, val_loss:3.454811, acc: 27.24, bacc: 30.05, tmp_test_f1: 4.90, f1: 14.45
epoch:  73, val_loss:3.254147, acc: 27.24, bacc: 30.05, tmp_test_f1: 9.33, f1: 14.45
test_f1 CountNotImproved reset to 0 in epoch 74
epoch:  74, val_loss:3.175640, acc: 27.23, bacc: 29.85, tmp_test_f1: 15.69, f1: 15.69
epoch:  75, val_loss:3.694397, acc: 27.23, bacc: 29.85, tmp_test_f1: 13.84, f1: 15.69
epoch:  76, val_loss:3.311313, acc: 27.23, bacc: 29.85, tmp_test_f1: 6.79, f1: 15.69
epoch:  77, val_loss:3.225142, acc: 27.23, bacc: 29.85, tmp_test_f1: 8.80, f1: 15.69
epoch:  78, val_loss:3.191577, acc: 27.23, bacc: 29.85, tmp_test_f1: 15.32, f1: 15.69
test_f1 CountNotImproved reset to 0 in epoch 79
epoch:  79, val_loss:3.404101, acc: 28.46, bacc: 31.15, tmp_test_f1: 16.02, f1: 16.02
epoch:  80, val_loss:3.527829, acc: 28.46, bacc: 31.15, tmp_test_f1: 13.59, f1: 16.02
epoch:  81, val_loss:3.197532, acc: 28.46, bacc: 31.15, tmp_test_f1: 8.58, f1: 16.02
epoch:  82, val_loss:3.161292, acc: 28.46, bacc: 31.15, tmp_test_f1: 12.68, f1: 16.02
epoch:  83, val_loss:3.144930, acc: 28.46, bacc: 31.15, tmp_test_f1: 15.84, f1: 16.02
test_f1 CountNotImproved reset to 0 in epoch 84
epoch:  84, val_loss:3.329367, acc: 28.94, bacc: 31.65, tmp_test_f1: 16.18, f1: 16.18
epoch:  85, val_loss:3.359518, acc: 28.94, bacc: 31.65, tmp_test_f1: 14.36, f1: 16.18
epoch:  86, val_loss:3.150286, acc: 28.94, bacc: 31.65, tmp_test_f1: 12.21, f1: 16.18
epoch:  87, val_loss:3.094559, acc: 28.94, bacc: 31.65, tmp_test_f1: 14.28, f1: 16.18
epoch:  88, val_loss:3.100536, acc: 28.94, bacc: 31.65, tmp_test_f1: 15.91, f1: 16.18
epoch:  89, val_loss:3.197502, acc: 28.94, bacc: 31.65, tmp_test_f1: 15.97, f1: 16.18
epoch:  90, val_loss:3.164996, acc: 28.94, bacc: 31.65, tmp_test_f1: 14.49, f1: 16.18
epoch:  91, val_loss:3.049189, acc: 28.94, bacc: 31.65, tmp_test_f1: 14.44, f1: 16.18
epoch:  92, val_loss:3.027764, acc: 28.94, bacc: 31.65, tmp_test_f1: 15.94, f1: 16.18
test_f1 CountNotImproved reset to 0 in epoch 93
epoch:  93, val_loss:3.072746, acc: 28.92, bacc: 31.41, tmp_test_f1: 16.65, f1: 16.65
epoch:  94, val_loss:3.108202, acc: 28.92, bacc: 31.41, tmp_test_f1: 15.45, f1: 16.65
epoch:  95, val_loss:2.991333, acc: 28.92, bacc: 31.41, tmp_test_f1: 14.13, f1: 16.65
epoch:  96, val_loss:2.961725, acc: 28.92, bacc: 31.41, tmp_test_f1: 16.27, f1: 16.65
test_f1 CountNotImproved reset to 0 in epoch 97
epoch:  97, val_loss:2.985963, acc: 29.77, bacc: 32.36, tmp_test_f1: 17.60, f1: 17.60
epoch:  98, val_loss:3.091449, acc: 29.77, bacc: 32.36, tmp_test_f1: 16.15, f1: 17.60
epoch:  99, val_loss:2.927983, acc: 29.77, bacc: 32.36, tmp_test_f1: 14.94, f1: 17.60
epoch: 100, val_loss:2.906576, acc: 29.77, bacc: 32.36, tmp_test_f1: 16.51, f1: 17.60
epoch: 101, val_loss:2.914588, acc: 29.77, bacc: 32.36, tmp_test_f1: 17.19, f1: 17.60
epoch: 102, val_loss:2.951013, acc: 29.77, bacc: 32.36, tmp_test_f1: 15.71, f1: 17.60
epoch: 103, val_loss:2.878512, acc: 29.77, bacc: 32.36, tmp_test_f1: 16.10, f1: 17.60
epoch: 104, val_loss:2.875896, acc: 29.77, bacc: 32.36, tmp_test_f1: 16.94, f1: 17.60
epoch: 105, val_loss:2.903162, acc: 29.77, bacc: 32.36, tmp_test_f1: 17.04, f1: 17.60
epoch: 106, val_loss:2.899775, acc: 29.77, bacc: 32.36, tmp_test_f1: 16.33, f1: 17.60
epoch: 107, val_loss:2.866020, acc: 29.77, bacc: 32.36, tmp_test_f1: 17.10, f1: 17.60
epoch: 108, val_loss:2.874766, acc: 29.77, bacc: 32.36, tmp_test_f1: 17.52, f1: 17.60
epoch: 109, val_loss:2.886203, acc: 29.77, bacc: 32.36, tmp_test_f1: 16.35, f1: 17.60
epoch: 110, val_loss:2.840410, acc: 29.77, bacc: 32.36, tmp_test_f1: 17.04, f1: 17.60
test_f1 CountNotImproved reset to 0 in epoch 111
epoch: 111, val_loss:2.841959, acc: 29.73, bacc: 32.88, tmp_test_f1: 18.04, f1: 18.04
epoch: 112, val_loss:2.883651, acc: 29.73, bacc: 32.88, tmp_test_f1: 16.74, f1: 18.04
epoch: 113, val_loss:2.828855, acc: 29.73, bacc: 32.88, tmp_test_f1: 16.96, f1: 18.04
test_f1 CountNotImproved reset to 0 in epoch 114
epoch: 114, val_loss:2.832983, acc: 29.88, bacc: 33.03, tmp_test_f1: 18.49, f1: 18.49
epoch: 115, val_loss:2.896721, acc: 29.88, bacc: 33.03, tmp_test_f1: 17.36, f1: 18.49
epoch: 116, val_loss:2.839059, acc: 29.88, bacc: 33.03, tmp_test_f1: 17.71, f1: 18.49
epoch: 117, val_loss:2.844467, acc: 29.88, bacc: 33.03, tmp_test_f1: 18.13, f1: 18.49
epoch: 118, val_loss:2.857076, acc: 29.88, bacc: 33.03, tmp_test_f1: 16.55, f1: 18.49
test_f1 CountNotImproved reset to 0 in epoch 119
epoch: 119, val_loss:2.828185, acc: 30.60, bacc: 33.60, tmp_test_f1: 20.18, f1: 20.18
epoch: 120, val_loss:2.961976, acc: 30.60, bacc: 33.60, tmp_test_f1: 16.33, f1: 20.18
epoch: 121, val_loss:2.834212, acc: 30.60, bacc: 33.60, tmp_test_f1: 18.45, f1: 20.18
epoch: 122, val_loss:2.853908, acc: 30.60, bacc: 33.60, tmp_test_f1: 19.98, f1: 20.18
epoch: 123, val_loss:2.927837, acc: 30.60, bacc: 33.60, tmp_test_f1: 16.07, f1: 20.18
epoch: 124, val_loss:2.841174, acc: 30.60, bacc: 33.60, tmp_test_f1: 19.45, f1: 20.18
epoch: 125, val_loss:2.870177, acc: 30.60, bacc: 33.60, tmp_test_f1: 19.67, f1: 20.18
epoch: 126, val_loss:2.877135, acc: 30.60, bacc: 33.60, tmp_test_f1: 17.54, f1: 20.18
epoch: 127, val_loss:2.813635, acc: 30.60, bacc: 33.60, tmp_test_f1: 19.26, f1: 20.18
epoch: 128, val_loss:2.840169, acc: 30.60, bacc: 33.60, tmp_test_f1: 20.12, f1: 20.18
epoch: 129, val_loss:2.862488, acc: 30.60, bacc: 33.60, tmp_test_f1: 17.06, f1: 20.18
test_f1 CountNotImproved reset to 0 in epoch 130
epoch: 130, val_loss:2.790696, acc: 30.64, bacc: 33.76, tmp_test_f1: 20.38, f1: 20.38
epoch: 131, val_loss:2.840201, acc: 30.64, bacc: 33.76, tmp_test_f1: 20.02, f1: 20.38
epoch: 132, val_loss:2.802794, acc: 30.64, bacc: 33.76, tmp_test_f1: 15.84, f1: 20.38
test_f1 CountNotImproved reset to 0 in epoch 133
epoch: 133, val_loss:2.804999, acc: 31.34, bacc: 34.50, tmp_test_f1: 22.71, f1: 22.71
epoch: 134, val_loss:3.031061, acc: 31.34, bacc: 34.50, tmp_test_f1: 13.85, f1: 22.71
epoch: 135, val_loss:2.970042, acc: 31.34, bacc: 34.50, tmp_test_f1: 22.39, f1: 22.71
epoch: 136, val_loss:2.953130, acc: 31.34, bacc: 34.50, tmp_test_f1: 22.35, f1: 22.71
epoch: 137, val_loss:2.941220, acc: 31.34, bacc: 34.50, tmp_test_f1: 14.52, f1: 22.71
epoch: 138, val_loss:2.925155, acc: 31.34, bacc: 34.50, tmp_test_f1: 19.85, f1: 22.71
test_f1 CountNotImproved reset to 0 in epoch 139
epoch: 139, val_loss:2.804676, acc: 31.38, bacc: 34.32, tmp_test_f1: 23.29, f1: 23.29
epoch: 140, val_loss:3.124995, acc: 31.38, bacc: 34.32, tmp_test_f1: 18.12, f1: 23.29
epoch: 141, val_loss:2.792150, acc: 31.38, bacc: 34.32, tmp_test_f1: 14.96, f1: 23.29
epoch: 142, val_loss:2.918240, acc: 31.38, bacc: 34.32, tmp_test_f1: 21.26, f1: 23.29
epoch: 143, val_loss:2.900397, acc: 31.38, bacc: 34.32, tmp_test_f1: 23.14, f1: 23.29
epoch: 144, val_loss:3.070069, acc: 31.38, bacc: 34.32, tmp_test_f1: 18.84, f1: 23.29
epoch: 145, val_loss:2.785806, acc: 31.38, bacc: 34.32, tmp_test_f1: 15.41, f1: 23.29
epoch: 146, val_loss:2.860070, acc: 31.38, bacc: 34.32, tmp_test_f1: 19.21, f1: 23.29
epoch: 147, val_loss:2.757518, acc: 31.38, bacc: 34.32, tmp_test_f1: 22.66, f1: 23.29
epoch: 148, val_loss:2.924340, acc: 31.38, bacc: 34.32, tmp_test_f1: 21.08, f1: 23.29
epoch: 149, val_loss:2.783477, acc: 31.38, bacc: 34.32, tmp_test_f1: 17.36, f1: 23.29
epoch: 150, val_loss:2.694739, acc: 31.38, bacc: 34.32, tmp_test_f1: 17.20, f1: 23.29
epoch: 151, val_loss:2.683093, acc: 31.38, bacc: 34.32, tmp_test_f1: 20.45, f1: 23.29
epoch: 152, val_loss:2.672966, acc: 31.38, bacc: 34.32, tmp_test_f1: 21.22, f1: 23.29
epoch: 153, val_loss:2.705890, acc: 31.38, bacc: 34.32, tmp_test_f1: 18.48, f1: 23.29
epoch: 154, val_loss:2.607215, acc: 31.38, bacc: 34.32, tmp_test_f1: 16.85, f1: 23.29
epoch: 155, val_loss:2.666592, acc: 31.38, bacc: 34.32, tmp_test_f1: 19.82, f1: 23.29
epoch: 156, val_loss:2.610810, acc: 31.38, bacc: 34.32, tmp_test_f1: 21.67, f1: 23.29
epoch: 157, val_loss:2.753538, acc: 31.38, bacc: 34.32, tmp_test_f1: 19.39, f1: 23.29
epoch: 158, val_loss:2.615216, acc: 31.38, bacc: 34.32, tmp_test_f1: 17.37, f1: 23.29
epoch: 159, val_loss:2.650527, acc: 31.38, bacc: 34.32, tmp_test_f1: 19.75, f1: 23.29
epoch: 160, val_loss:2.642739, acc: 31.38, bacc: 34.32, tmp_test_f1: 21.48, f1: 23.29
epoch: 161, val_loss:2.721757, acc: 31.38, bacc: 34.32, tmp_test_f1: 20.17, f1: 23.29
epoch: 162, val_loss:2.672165, acc: 31.38, bacc: 34.32, tmp_test_f1: 17.46, f1: 23.29
epoch: 163, val_loss:2.681137, acc: 31.38, bacc: 34.32, tmp_test_f1: 19.49, f1: 23.29
epoch: 164, val_loss:2.673009, acc: 31.38, bacc: 34.32, tmp_test_f1: 22.34, f1: 23.29
epoch: 165, val_loss:2.783211, acc: 31.38, bacc: 34.32, tmp_test_f1: 20.68, f1: 23.29
epoch: 166, val_loss:2.701334, acc: 31.38, bacc: 34.32, tmp_test_f1: 17.66, f1: 23.29
epoch: 167, val_loss:2.680602, acc: 31.38, bacc: 34.32, tmp_test_f1: 20.48, f1: 23.29
epoch: 168, val_loss:2.695375, acc: 31.38, bacc: 34.32, tmp_test_f1: 22.77, f1: 23.29
epoch: 169, val_loss:2.799412, acc: 31.38, bacc: 34.32, tmp_test_f1: 20.13, f1: 23.29
epoch: 170, val_loss:2.681185, acc: 31.38, bacc: 34.32, tmp_test_f1: 16.55, f1: 23.29
epoch: 171, val_loss:2.714094, acc: 31.38, bacc: 34.32, tmp_test_f1: 20.61, f1: 23.29
epoch: 172, val_loss:2.683906, acc: 31.38, bacc: 34.32, tmp_test_f1: 22.40, f1: 23.29
epoch: 173, val_loss:2.772266, acc: 31.38, bacc: 34.32, tmp_test_f1: 18.39, f1: 23.29
epoch: 174, val_loss:2.653373, acc: 31.38, bacc: 34.32, tmp_test_f1: 18.46, f1: 23.29
epoch: 175, val_loss:2.651469, acc: 31.38, bacc: 34.32, tmp_test_f1: 21.02, f1: 23.29
epoch: 176, val_loss:2.695814, acc: 31.38, bacc: 34.32, tmp_test_f1: 20.12, f1: 23.29
epoch: 177, val_loss:2.677163, acc: 31.38, bacc: 34.32, tmp_test_f1: 18.15, f1: 23.29
epoch: 178, val_loss:2.669622, acc: 31.38, bacc: 34.32, tmp_test_f1: 20.36, f1: 23.29
epoch: 179, val_loss:2.699672, acc: 31.38, bacc: 34.32, tmp_test_f1: 21.11, f1: 23.29
epoch: 180, val_loss:2.726933, acc: 31.38, bacc: 34.32, tmp_test_f1: 19.46, f1: 23.29
epoch: 181, val_loss:2.691025, acc: 31.38, bacc: 34.32, tmp_test_f1: 19.40, f1: 23.29
epoch: 182, val_loss:2.694655, acc: 31.38, bacc: 34.32, tmp_test_f1: 21.05, f1: 23.29
epoch: 183, val_loss:2.729552, acc: 31.38, bacc: 34.32, tmp_test_f1: 21.07, f1: 23.29
epoch: 184, val_loss:2.732384, acc: 31.38, bacc: 34.32, tmp_test_f1: 18.70, f1: 23.29
epoch: 185, val_loss:2.701026, acc: 31.38, bacc: 34.32, tmp_test_f1: 20.95, f1: 23.29
epoch: 186, val_loss:2.725939, acc: 31.38, bacc: 34.32, tmp_test_f1: 21.84, f1: 23.29
epoch: 187, val_loss:2.759550, acc: 31.38, bacc: 34.32, tmp_test_f1: 18.75, f1: 23.29
epoch: 188, val_loss:2.679974, acc: 31.38, bacc: 34.32, tmp_test_f1: 19.94, f1: 23.29
epoch: 189, val_loss:2.675171, acc: 31.38, bacc: 34.32, tmp_test_f1: 22.10, f1: 23.29
epoch: 190, val_loss:2.749566, acc: 31.38, bacc: 34.32, tmp_test_f1: 18.86, f1: 23.29
epoch: 191, val_loss:2.638250, acc: 31.38, bacc: 34.32, tmp_test_f1: 18.25, f1: 23.29
epoch: 192, val_loss:2.633149, acc: 31.38, bacc: 34.32, tmp_test_f1: 21.44, f1: 23.29
epoch: 193, val_loss:2.694355, acc: 31.38, bacc: 34.32, tmp_test_f1: 19.96, f1: 23.29
epoch: 194, val_loss:2.623561, acc: 31.38, bacc: 34.32, tmp_test_f1: 19.45, f1: 23.29
epoch: 195, val_loss:2.612807, acc: 31.38, bacc: 34.32, tmp_test_f1: 21.94, f1: 23.29
epoch: 196, val_loss:2.667289, acc: 31.38, bacc: 34.32, tmp_test_f1: 19.86, f1: 23.29
epoch: 197, val_loss:2.623554, acc: 31.38, bacc: 34.32, tmp_test_f1: 19.90, f1: 23.29
epoch: 198, val_loss:2.634995, acc: 31.38, bacc: 34.32, tmp_test_f1: 21.45, f1: 23.29
epoch: 199, val_loss:2.670776, acc: 31.38, bacc: 34.32, tmp_test_f1: 20.70, f1: 23.29
epoch: 200, val_loss:2.669979, acc: 31.38, bacc: 34.32, tmp_test_f1: 21.04, f1: 23.29
Epoch 00201: reducing learning rate of group 0 to 5.0000e-02.
epoch: 201, val_loss:2.688991, acc: 31.38, bacc: 34.32, tmp_test_f1: 21.75, f1: 23.29
epoch: 202, val_loss:2.718677, acc: 31.38, bacc: 34.32, tmp_test_f1: 20.90, f1: 23.29
epoch: 203, val_loss:2.701724, acc: 31.38, bacc: 34.32, tmp_test_f1: 19.40, f1: 23.29
epoch: 204, val_loss:2.685071, acc: 31.38, bacc: 34.32, tmp_test_f1: 19.83, f1: 23.29
epoch: 205, val_loss:2.685776, acc: 31.38, bacc: 34.32, tmp_test_f1: 21.93, f1: 23.29
epoch: 206, val_loss:2.738820, acc: 31.38, bacc: 34.32, tmp_test_f1: 21.94, f1: 23.29
epoch: 207, val_loss:2.737275, acc: 31.38, bacc: 34.32, tmp_test_f1: 20.17, f1: 23.29
epoch: 208, val_loss:2.683916, acc: 31.38, bacc: 34.32, tmp_test_f1: 19.34, f1: 23.29
epoch: 209, val_loss:2.673083, acc: 31.38, bacc: 34.32, tmp_test_f1: 20.31, f1: 23.29
epoch: 210, val_loss:2.677403, acc: 31.38, bacc: 34.32, tmp_test_f1: 22.31, f1: 23.29
epoch: 211, val_loss:2.739341, acc: 31.38, bacc: 34.32, tmp_test_f1: 21.56, f1: 23.29
epoch: 212, val_loss:2.690194, acc: 31.38, bacc: 34.32, tmp_test_f1: 18.58, f1: 23.29
epoch: 213, val_loss:2.660409, acc: 31.38, bacc: 34.32, tmp_test_f1: 20.22, f1: 23.29
epoch: 214, val_loss:2.656594, acc: 31.38, bacc: 34.32, tmp_test_f1: 22.60, f1: 23.29
epoch: 215, val_loss:2.707837, acc: 31.38, bacc: 34.32, tmp_test_f1: 22.12, f1: 23.29
epoch: 216, val_loss:2.688952, acc: 31.38, bacc: 34.32, tmp_test_f1: 19.62, f1: 23.29
epoch: 217, val_loss:2.647390, acc: 31.38, bacc: 34.32, tmp_test_f1: 19.27, f1: 23.29
epoch: 218, val_loss:2.646102, acc: 31.38, bacc: 34.32, tmp_test_f1: 21.50, f1: 23.29
epoch: 219, val_loss:2.670193, acc: 31.38, bacc: 34.32, tmp_test_f1: 22.94, f1: 23.29
epoch: 220, val_loss:2.725980, acc: 31.38, bacc: 34.32, tmp_test_f1: 20.66, f1: 23.29
epoch: 221, val_loss:2.655739, acc: 31.38, bacc: 34.32, tmp_test_f1: 17.78, f1: 23.29
epoch: 222, val_loss:2.670525, acc: 31.38, bacc: 34.32, tmp_test_f1: 19.93, f1: 23.29
epoch: 223, val_loss:2.654606, acc: 31.38, bacc: 34.32, tmp_test_f1: 22.85, f1: 23.29
epoch: 224, val_loss:2.752907, acc: 31.38, bacc: 34.32, tmp_test_f1: 21.00, f1: 23.29
epoch: 225, val_loss:2.682213, acc: 31.38, bacc: 34.32, tmp_test_f1: 18.68, f1: 23.29
epoch: 226, val_loss:2.665552, acc: 31.38, bacc: 34.32, tmp_test_f1: 19.89, f1: 23.29
epoch: 227, val_loss:2.669159, acc: 31.38, bacc: 34.32, tmp_test_f1: 21.24, f1: 23.29
epoch: 228, val_loss:2.710342, acc: 31.38, bacc: 34.32, tmp_test_f1: 21.00, f1: 23.29
epoch: 229, val_loss:2.697703, acc: 31.38, bacc: 34.32, tmp_test_f1: 19.66, f1: 23.29
epoch: 230, val_loss:2.673569, acc: 31.38, bacc: 34.32, tmp_test_f1: 19.35, f1: 23.29
epoch: 231, val_loss:2.672819, acc: 31.38, bacc: 34.32, tmp_test_f1: 20.62, f1: 23.29
epoch: 232, val_loss:2.688559, acc: 31.38, bacc: 34.32, tmp_test_f1: 21.78, f1: 23.29
epoch: 233, val_loss:2.716645, acc: 31.38, bacc: 34.32, tmp_test_f1: 20.66, f1: 23.29
epoch: 234, val_loss:2.691495, acc: 31.38, bacc: 34.32, tmp_test_f1: 19.59, f1: 23.29
epoch: 235, val_loss:2.683163, acc: 31.38, bacc: 34.32, tmp_test_f1: 21.05, f1: 23.29
epoch: 236, val_loss:2.702501, acc: 31.38, bacc: 34.32, tmp_test_f1: 22.46, f1: 23.29
epoch: 237, val_loss:2.744700, acc: 31.38, bacc: 34.32, tmp_test_f1: 21.47, f1: 23.29
epoch: 238, val_loss:2.716017, acc: 31.38, bacc: 34.32, tmp_test_f1: 19.30, f1: 23.29
epoch: 239, val_loss:2.693702, acc: 31.38, bacc: 34.32, tmp_test_f1: 19.87, f1: 23.29
epoch: 240, val_loss:2.696376, acc: 31.38, bacc: 34.32, tmp_test_f1: 21.72, f1: 23.29
epoch: 241, val_loss:2.728057, acc: 31.38, bacc: 34.32, tmp_test_f1: 21.62, f1: 23.29
epoch: 242, val_loss:2.719963, acc: 31.38, bacc: 34.32, tmp_test_f1: 20.78, f1: 23.29
epoch: 243, val_loss:2.698344, acc: 31.38, bacc: 34.32, tmp_test_f1: 19.79, f1: 23.29
epoch: 244, val_loss:2.682119, acc: 31.38, bacc: 34.32, tmp_test_f1: 20.55, f1: 23.29
epoch: 245, val_loss:2.688581, acc: 31.38, bacc: 34.32, tmp_test_f1: 21.33, f1: 23.29
epoch: 246, val_loss:2.703025, acc: 31.38, bacc: 34.32, tmp_test_f1: 21.39, f1: 23.29
epoch: 247, val_loss:2.699553, acc: 31.38, bacc: 34.32, tmp_test_f1: 19.98, f1: 23.29
epoch: 248, val_loss:2.667646, acc: 31.38, bacc: 34.32, tmp_test_f1: 19.89, f1: 23.29
epoch: 249, val_loss:2.662322, acc: 31.38, bacc: 34.32, tmp_test_f1: 19.92, f1: 23.29
epoch: 250, val_loss:2.657223, acc: 31.38, bacc: 34.32, tmp_test_f1: 21.38, f1: 23.29
epoch: 251, val_loss:2.674256, acc: 31.38, bacc: 34.32, tmp_test_f1: 21.56, f1: 23.29
epoch: 252, val_loss:2.676444, acc: 31.38, bacc: 34.32, tmp_test_f1: 20.31, f1: 23.29
epoch: 253, val_loss:2.649676, acc: 31.38, bacc: 34.32, tmp_test_f1: 19.28, f1: 23.29
epoch: 254, val_loss:2.644197, acc: 31.38, bacc: 34.32, tmp_test_f1: 20.89, f1: 23.29
epoch: 255, val_loss:2.654502, acc: 31.38, bacc: 34.32, tmp_test_f1: 22.43, f1: 23.29
epoch: 256, val_loss:2.688792, acc: 31.38, bacc: 34.32, tmp_test_f1: 20.65, f1: 23.29
epoch: 257, val_loss:2.650987, acc: 31.38, bacc: 34.32, tmp_test_f1: 19.36, f1: 23.29
epoch: 258, val_loss:2.645235, acc: 31.38, bacc: 34.32, tmp_test_f1: 20.94, f1: 23.29
epoch: 259, val_loss:2.659114, acc: 31.38, bacc: 34.32, tmp_test_f1: 22.18, f1: 23.29
epoch: 260, val_loss:2.688319, acc: 31.38, bacc: 34.32, tmp_test_f1: 21.27, f1: 23.29
epoch: 261, val_loss:2.672709, acc: 31.38, bacc: 34.32, tmp_test_f1: 19.80, f1: 23.29
epoch: 262, val_loss:2.661207, acc: 31.38, bacc: 34.32, tmp_test_f1: 20.04, f1: 23.29
epoch: 263, val_loss:2.666896, acc: 31.38, bacc: 34.32, tmp_test_f1: 21.81, f1: 23.29
epoch: 264, val_loss:2.709765, acc: 31.38, bacc: 34.32, tmp_test_f1: 22.32, f1: 23.29
epoch: 265, val_loss:2.734964, acc: 31.38, bacc: 34.32, tmp_test_f1: 19.71, f1: 23.29
epoch: 266, val_loss:2.681413, acc: 31.38, bacc: 34.32, tmp_test_f1: 18.84, f1: 23.29
epoch: 267, val_loss:2.689950, acc: 31.38, bacc: 34.32, tmp_test_f1: 22.91, f1: 23.29
epoch: 268, val_loss:2.768265, acc: 31.38, bacc: 34.32, tmp_test_f1: 21.58, f1: 23.29
epoch: 269, val_loss:2.719783, acc: 31.38, bacc: 34.32, tmp_test_f1: 19.75, f1: 23.29
epoch: 270, val_loss:2.695793, acc: 31.38, bacc: 34.32, tmp_test_f1: 21.11, f1: 23.29
epoch: 271, val_loss:2.711944, acc: 31.38, bacc: 34.32, tmp_test_f1: 22.00, f1: 23.29
epoch: 272, val_loss:2.734313, acc: 31.38, bacc: 34.32, tmp_test_f1: 22.01, f1: 23.29
epoch: 273, val_loss:2.732733, acc: 31.38, bacc: 34.32, tmp_test_f1: 20.23, f1: 23.29
epoch: 274, val_loss:2.701021, acc: 31.38, bacc: 34.32, tmp_test_f1: 20.28, f1: 23.29
test_f1 CountNotImproved reset to 0 in epoch 275
epoch: 275, val_loss:2.698848, acc: 31.17, bacc: 34.83, tmp_test_f1: 23.37, f1: 23.37
epoch: 276, val_loss:2.770302, acc: 31.17, bacc: 34.83, tmp_test_f1: 23.06, f1: 23.37
epoch: 277, val_loss:2.755794, acc: 31.17, bacc: 34.83, tmp_test_f1: 18.78, f1: 23.37
epoch: 278, val_loss:2.693042, acc: 31.17, bacc: 34.83, tmp_test_f1: 19.68, f1: 23.37
epoch: 279, val_loss:2.686303, acc: 31.17, bacc: 34.83, tmp_test_f1: 22.85, f1: 23.37
epoch: 280, val_loss:2.753751, acc: 31.17, bacc: 34.83, tmp_test_f1: 22.51, f1: 23.37
epoch: 281, val_loss:2.738192, acc: 31.17, bacc: 34.83, tmp_test_f1: 19.81, f1: 23.37
epoch: 282, val_loss:2.676625, acc: 31.17, bacc: 34.83, tmp_test_f1: 19.69, f1: 23.37
epoch: 283, val_loss:2.673340, acc: 31.17, bacc: 34.83, tmp_test_f1: 22.31, f1: 23.37
epoch: 284, val_loss:2.721498, acc: 31.17, bacc: 34.83, tmp_test_f1: 22.97, f1: 23.37
epoch: 285, val_loss:2.739085, acc: 31.17, bacc: 34.83, tmp_test_f1: 20.09, f1: 23.37
epoch: 286, val_loss:2.663614, acc: 31.17, bacc: 34.83, tmp_test_f1: 18.70, f1: 23.37
epoch: 287, val_loss:2.668106, acc: 31.17, bacc: 34.83, tmp_test_f1: 23.10, f1: 23.37
test_f1 CountNotImproved reset to 0 in epoch 288
epoch: 288, val_loss:2.721141, acc: 31.99, bacc: 35.65, tmp_test_f1: 24.81, f1: 24.81
epoch: 289, val_loss:2.804519, acc: 31.99, bacc: 35.65, tmp_test_f1: 18.37, f1: 24.81
epoch: 290, val_loss:2.675596, acc: 31.99, bacc: 35.65, tmp_test_f1: 18.09, f1: 24.81
epoch: 291, val_loss:2.686438, acc: 31.99, bacc: 35.65, tmp_test_f1: 23.97, f1: 24.81
epoch: 292, val_loss:2.783868, acc: 31.99, bacc: 35.65, tmp_test_f1: 23.31, f1: 24.81
epoch: 293, val_loss:2.771395, acc: 31.99, bacc: 35.65, tmp_test_f1: 18.39, f1: 24.81
epoch: 294, val_loss:2.702622, acc: 31.99, bacc: 35.65, tmp_test_f1: 19.24, f1: 24.81
epoch: 295, val_loss:2.701676, acc: 31.99, bacc: 35.65, tmp_test_f1: 23.55, f1: 24.81
epoch: 296, val_loss:2.803541, acc: 31.99, bacc: 35.65, tmp_test_f1: 23.36, f1: 24.81
epoch: 297, val_loss:2.796748, acc: 31.99, bacc: 35.65, tmp_test_f1: 20.37, f1: 24.81
epoch: 298, val_loss:2.718415, acc: 31.99, bacc: 35.65, tmp_test_f1: 19.41, f1: 24.81
epoch: 299, val_loss:2.712908, acc: 31.99, bacc: 35.65, tmp_test_f1: 21.72, f1: 24.81
epoch: 300, val_loss:2.747569, acc: 31.99, bacc: 35.65, tmp_test_f1: 23.37, f1: 24.81
epoch: 301, val_loss:2.812365, acc: 31.99, bacc: 35.65, tmp_test_f1: 19.95, f1: 24.81
epoch: 302, val_loss:2.708632, acc: 31.99, bacc: 35.65, tmp_test_f1: 20.04, f1: 24.81
epoch: 303, val_loss:2.704660, acc: 31.99, bacc: 35.65, tmp_test_f1: 22.98, f1: 24.81
epoch: 304, val_loss:2.771219, acc: 31.99, bacc: 35.65, tmp_test_f1: 22.91, f1: 24.81
epoch: 305, val_loss:2.758295, acc: 31.99, bacc: 35.65, tmp_test_f1: 20.37, f1: 24.81
epoch: 306, val_loss:2.691450, acc: 31.99, bacc: 35.65, tmp_test_f1: 19.38, f1: 24.81
epoch: 307, val_loss:2.680148, acc: 31.99, bacc: 35.65, tmp_test_f1: 21.71, f1: 24.81
epoch: 308, val_loss:2.698502, acc: 31.99, bacc: 35.65, tmp_test_f1: 24.27, f1: 24.81
epoch: 309, val_loss:2.761554, acc: 31.99, bacc: 35.65, tmp_test_f1: 20.55, f1: 24.81
epoch: 310, val_loss:2.667553, acc: 31.99, bacc: 35.65, tmp_test_f1: 18.20, f1: 24.81
epoch: 311, val_loss:2.665447, acc: 31.99, bacc: 35.65, tmp_test_f1: 23.51, f1: 24.81
epoch: 312, val_loss:2.710774, acc: 31.99, bacc: 35.65, tmp_test_f1: 23.82, f1: 24.81
epoch: 313, val_loss:2.719939, acc: 31.99, bacc: 35.65, tmp_test_f1: 20.50, f1: 24.81
epoch: 314, val_loss:2.649078, acc: 31.99, bacc: 35.65, tmp_test_f1: 19.06, f1: 24.81
epoch: 315, val_loss:2.649800, acc: 31.99, bacc: 35.65, tmp_test_f1: 21.83, f1: 24.81
epoch: 316, val_loss:2.675004, acc: 31.99, bacc: 35.65, tmp_test_f1: 23.22, f1: 24.81
epoch: 317, val_loss:2.736025, acc: 31.99, bacc: 35.65, tmp_test_f1: 20.57, f1: 24.81
epoch: 318, val_loss:2.657394, acc: 31.99, bacc: 35.65, tmp_test_f1: 20.20, f1: 24.81
epoch: 319, val_loss:2.654798, acc: 31.99, bacc: 35.65, tmp_test_f1: 21.85, f1: 24.81
epoch: 320, val_loss:2.691525, acc: 31.99, bacc: 35.65, tmp_test_f1: 21.59, f1: 24.81
epoch: 321, val_loss:2.679653, acc: 31.99, bacc: 35.65, tmp_test_f1: 19.41, f1: 24.81
epoch: 322, val_loss:2.651101, acc: 31.99, bacc: 35.65, tmp_test_f1: 20.65, f1: 24.81
epoch: 323, val_loss:2.653196, acc: 31.99, bacc: 35.65, tmp_test_f1: 22.87, f1: 24.81
epoch: 324, val_loss:2.697006, acc: 31.99, bacc: 35.65, tmp_test_f1: 21.29, f1: 24.81
epoch: 325, val_loss:2.657966, acc: 31.99, bacc: 35.65, tmp_test_f1: 19.70, f1: 24.81
epoch: 326, val_loss:2.638537, acc: 31.99, bacc: 35.65, tmp_test_f1: 20.63, f1: 24.81
epoch: 327, val_loss:2.641491, acc: 31.99, bacc: 35.65, tmp_test_f1: 22.24, f1: 24.81
epoch: 328, val_loss:2.661468, acc: 31.99, bacc: 35.65, tmp_test_f1: 22.08, f1: 24.81
epoch: 329, val_loss:2.654235, acc: 31.99, bacc: 35.65, tmp_test_f1: 20.54, f1: 24.81
epoch: 330, val_loss:2.636366, acc: 31.99, bacc: 35.65, tmp_test_f1: 20.75, f1: 24.81
epoch: 331, val_loss:2.637178, acc: 31.99, bacc: 35.65, tmp_test_f1: 21.68, f1: 24.81
epoch: 332, val_loss:2.648610, acc: 31.99, bacc: 35.65, tmp_test_f1: 22.21, f1: 24.81
epoch: 333, val_loss:2.657279, acc: 31.99, bacc: 35.65, tmp_test_f1: 21.00, f1: 24.81
epoch: 334, val_loss:2.644617, acc: 31.99, bacc: 35.65, tmp_test_f1: 20.31, f1: 24.81
epoch: 335, val_loss:2.643621, acc: 31.99, bacc: 35.65, tmp_test_f1: 21.21, f1: 24.81
epoch: 336, val_loss:2.656256, acc: 31.99, bacc: 35.65, tmp_test_f1: 23.03, f1: 24.81
epoch: 337, val_loss:2.695514, acc: 31.99, bacc: 35.65, tmp_test_f1: 21.29, f1: 24.81
epoch: 338, val_loss:2.664115, acc: 31.99, bacc: 35.65, tmp_test_f1: 19.23, f1: 24.81
epoch: 339, val_loss:2.653481, acc: 31.99, bacc: 35.65, tmp_test_f1: 21.57, f1: 24.81
epoch: 340, val_loss:2.675246, acc: 31.99, bacc: 35.65, tmp_test_f1: 22.54, f1: 24.81
epoch: 341, val_loss:2.696220, acc: 31.99, bacc: 35.65, tmp_test_f1: 20.21, f1: 24.81
epoch: 342, val_loss:2.659489, acc: 31.99, bacc: 35.65, tmp_test_f1: 20.53, f1: 24.81
epoch: 343, val_loss:2.665833, acc: 31.99, bacc: 35.65, tmp_test_f1: 22.91, f1: 24.81
epoch: 344, val_loss:2.710108, acc: 31.99, bacc: 35.65, tmp_test_f1: 24.06, f1: 24.81
epoch: 345, val_loss:2.758618, acc: 31.99, bacc: 35.65, tmp_test_f1: 18.04, f1: 24.81
epoch: 346, val_loss:2.690643, acc: 31.99, bacc: 35.65, tmp_test_f1: 20.11, f1: 24.81
epoch: 347, val_loss:2.679747, acc: 31.99, bacc: 35.65, tmp_test_f1: 23.66, f1: 24.81
epoch: 348, val_loss:2.750189, acc: 31.99, bacc: 35.65, tmp_test_f1: 21.24, f1: 24.81
epoch: 349, val_loss:2.697136, acc: 31.99, bacc: 35.65, tmp_test_f1: 19.94, f1: 24.81
epoch: 350, val_loss:2.685696, acc: 31.99, bacc: 35.65, tmp_test_f1: 21.44, f1: 24.81
epoch: 351, val_loss:2.701873, acc: 31.99, bacc: 35.65, tmp_test_f1: 22.02, f1: 24.81
epoch: 352, val_loss:2.712674, acc: 31.99, bacc: 35.65, tmp_test_f1: 22.23, f1: 24.81
epoch: 353, val_loss:2.716527, acc: 31.99, bacc: 35.65, tmp_test_f1: 20.04, f1: 24.81
epoch: 354, val_loss:2.681520, acc: 31.99, bacc: 35.65, tmp_test_f1: 21.66, f1: 24.81
epoch: 355, val_loss:2.704525, acc: 31.99, bacc: 35.65, tmp_test_f1: 22.21, f1: 24.81
epoch: 356, val_loss:2.714690, acc: 31.99, bacc: 35.65, tmp_test_f1: 19.73, f1: 24.81
epoch: 357, val_loss:2.677479, acc: 31.99, bacc: 35.65, tmp_test_f1: 20.51, f1: 24.81
epoch: 358, val_loss:2.680125, acc: 31.99, bacc: 35.65, tmp_test_f1: 22.67, f1: 24.81
epoch: 359, val_loss:2.721757, acc: 31.99, bacc: 35.65, tmp_test_f1: 20.84, f1: 24.81
