CUDA Device Index: 2
Namespace(IsDirectedData=False, AugDirect=1, net='DiG', GPUdevice=2, seed=100, undirect_dataset='CiteSeer', Direct_dataset='WikipediaNetwork/squirrel', imb_ratio=100, dropout=0.1, num_filter=2, layer=2, alpha=0.1, K=2, feat_dim=64, warmup=5, epoch=1500, lr=0.1, l2=0.0005, tau=2, max=False, no_mask=False, gdc='ppr', heads=8, log_root='../logs/', log_path='test', data_path='../dataset/data/tmp/')
DiModel(
  (conv1): DIGCNConv(3703, 2)
  (conv2): DIGCNConv(2, 2)
  (Conv): Conv1d(2, 6, kernel_size=(1,), stride=(1,))
)
test_f1 CountNotImproved reset to 0 in epoch 0
epoch:   0, val_loss:1.909898, acc: 16.00, bacc: 16.67, tmp_test_f1: 4.60, f1: 4.60
test_f1 CountNotImproved reset to 0 in epoch 1
epoch:   1, val_loss:1.858912, acc: 16.90, bacc: 16.67, tmp_test_f1: 4.82, f1: 4.82
test_f1 CountNotImproved reset to 0 in epoch 2
epoch:   2, val_loss:1.815578, acc: 18.10, bacc: 16.67, tmp_test_f1: 5.11, f1: 5.11
epoch:   3, val_loss:1.775993, acc: 18.10, bacc: 16.67, tmp_test_f1: 5.11, f1: 5.11
epoch:   4, val_loss:1.762872, acc: 18.10, bacc: 16.67, tmp_test_f1: 5.11, f1: 5.11
epoch:   5, val_loss:1.794734, acc: 18.10, bacc: 16.67, tmp_test_f1: 5.11, f1: 5.11
epoch:   6, val_loss:1.849810, acc: 18.10, bacc: 16.67, tmp_test_f1: 5.11, f1: 5.11
epoch:   7, val_loss:1.872645, acc: 18.10, bacc: 16.67, tmp_test_f1: 5.11, f1: 5.11
epoch:   8, val_loss:1.867453, acc: 18.10, bacc: 16.67, tmp_test_f1: 5.11, f1: 5.11
epoch:   9, val_loss:1.848196, acc: 18.10, bacc: 16.67, tmp_test_f1: 5.11, f1: 5.11
epoch:  10, val_loss:1.827353, acc: 18.10, bacc: 16.67, tmp_test_f1: 5.11, f1: 5.11
epoch:  11, val_loss:1.811830, acc: 18.10, bacc: 16.67, tmp_test_f1: 5.11, f1: 5.11
epoch:  12, val_loss:1.802720, acc: 18.10, bacc: 16.67, tmp_test_f1: 5.11, f1: 5.11
epoch:  13, val_loss:1.799618, acc: 18.10, bacc: 16.67, tmp_test_f1: 5.11, f1: 5.11
epoch:  14, val_loss:1.801306, acc: 18.10, bacc: 16.67, tmp_test_f1: 5.11, f1: 5.11
epoch:  15, val_loss:1.806554, acc: 18.10, bacc: 16.67, tmp_test_f1: 5.11, f1: 5.11
epoch:  16, val_loss:1.812756, acc: 18.10, bacc: 16.67, tmp_test_f1: 5.11, f1: 5.11
epoch:  17, val_loss:1.818408, acc: 18.10, bacc: 16.67, tmp_test_f1: 5.11, f1: 5.11
epoch:  18, val_loss:1.823232, acc: 18.10, bacc: 16.67, tmp_test_f1: 5.11, f1: 5.11
epoch:  19, val_loss:1.827096, acc: 18.10, bacc: 16.67, tmp_test_f1: 5.11, f1: 5.11
epoch:  20, val_loss:1.830328, acc: 18.10, bacc: 16.67, tmp_test_f1: 5.11, f1: 5.11
epoch:  21, val_loss:1.833005, acc: 18.10, bacc: 16.67, tmp_test_f1: 5.11, f1: 5.11
epoch:  22, val_loss:1.835165, acc: 18.10, bacc: 16.67, tmp_test_f1: 5.11, f1: 5.11
epoch:  23, val_loss:1.836185, acc: 18.10, bacc: 16.67, tmp_test_f1: 5.11, f1: 5.11
epoch:  24, val_loss:1.836511, acc: 18.10, bacc: 16.67, tmp_test_f1: 5.11, f1: 5.11
epoch:  25, val_loss:1.836427, acc: 18.10, bacc: 16.67, tmp_test_f1: 5.11, f1: 5.11
epoch:  26, val_loss:1.835784, acc: 18.10, bacc: 16.67, tmp_test_f1: 5.11, f1: 5.11
epoch:  27, val_loss:1.834314, acc: 18.10, bacc: 16.67, tmp_test_f1: 5.11, f1: 5.11
epoch:  28, val_loss:1.832774, acc: 18.10, bacc: 16.67, tmp_test_f1: 5.11, f1: 5.11
epoch:  29, val_loss:1.831048, acc: 18.10, bacc: 16.67, tmp_test_f1: 5.11, f1: 5.11
epoch:  30, val_loss:1.829364, acc: 18.10, bacc: 16.67, tmp_test_f1: 5.11, f1: 5.11
epoch:  31, val_loss:1.827718, acc: 18.10, bacc: 16.67, tmp_test_f1: 5.11, f1: 5.11
epoch:  32, val_loss:1.826562, acc: 18.10, bacc: 16.67, tmp_test_f1: 5.11, f1: 5.11
epoch:  33, val_loss:1.826522, acc: 18.10, bacc: 16.67, tmp_test_f1: 5.11, f1: 5.11
epoch:  34, val_loss:1.828388, acc: 18.10, bacc: 16.67, tmp_test_f1: 5.11, f1: 5.11
epoch:  35, val_loss:1.830812, acc: 18.10, bacc: 16.67, tmp_test_f1: 5.11, f1: 5.11
epoch:  36, val_loss:1.832607, acc: 18.10, bacc: 16.67, tmp_test_f1: 5.11, f1: 5.11
epoch:  37, val_loss:1.833224, acc: 18.10, bacc: 16.67, tmp_test_f1: 5.11, f1: 5.11
epoch:  38, val_loss:1.832027, acc: 18.10, bacc: 16.67, tmp_test_f1: 5.11, f1: 5.11
epoch:  39, val_loss:1.829624, acc: 18.10, bacc: 16.67, tmp_test_f1: 5.11, f1: 5.11
epoch:  40, val_loss:1.826327, acc: 18.10, bacc: 16.67, tmp_test_f1: 5.11, f1: 5.11
epoch:  41, val_loss:1.823454, acc: 18.10, bacc: 16.67, tmp_test_f1: 5.11, f1: 5.11
epoch:  42, val_loss:1.822991, acc: 18.10, bacc: 16.67, tmp_test_f1: 5.11, f1: 5.11
epoch:  43, val_loss:1.821826, acc: 18.10, bacc: 16.67, tmp_test_f1: 5.11, f1: 5.11
epoch:  44, val_loss:1.819808, acc: 18.10, bacc: 16.67, tmp_test_f1: 5.11, f1: 5.11
epoch:  45, val_loss:1.817073, acc: 18.10, bacc: 16.67, tmp_test_f1: 5.11, f1: 5.11
epoch:  46, val_loss:1.813325, acc: 18.10, bacc: 16.67, tmp_test_f1: 5.11, f1: 5.11
epoch:  47, val_loss:1.808499, acc: 18.10, bacc: 16.67, tmp_test_f1: 5.11, f1: 5.11
epoch:  48, val_loss:1.807456, acc: 18.10, bacc: 16.67, tmp_test_f1: 5.11, f1: 5.11
epoch:  49, val_loss:1.805435, acc: 18.10, bacc: 16.67, tmp_test_f1: 5.11, f1: 5.11
epoch:  50, val_loss:1.801094, acc: 18.10, bacc: 16.67, tmp_test_f1: 5.11, f1: 5.11
epoch:  51, val_loss:1.788565, acc: 18.10, bacc: 16.67, tmp_test_f1: 5.11, f1: 5.11
epoch:  52, val_loss:1.779943, acc: 18.10, bacc: 16.67, tmp_test_f1: 5.11, f1: 5.11
epoch:  53, val_loss:1.776489, acc: 18.10, bacc: 16.67, tmp_test_f1: 5.11, f1: 5.11
epoch:  54, val_loss:1.772644, acc: 18.10, bacc: 16.67, tmp_test_f1: 5.11, f1: 5.11
epoch:  55, val_loss:1.751087, acc: 18.10, bacc: 16.67, tmp_test_f1: 5.11, f1: 5.11
epoch:  56, val_loss:1.736306, acc: 18.10, bacc: 16.67, tmp_test_f1: 5.11, f1: 5.11
epoch:  57, val_loss:1.738435, acc: 18.10, bacc: 16.67, tmp_test_f1: 5.11, f1: 5.11
epoch:  58, val_loss:1.704836, acc: 18.10, bacc: 16.67, tmp_test_f1: 5.11, f1: 5.11
epoch:  59, val_loss:1.686582, acc: 18.10, bacc: 16.67, tmp_test_f1: 5.11, f1: 5.11
epoch:  60, val_loss:1.672047, acc: 18.10, bacc: 16.67, tmp_test_f1: 5.11, f1: 5.11
epoch:  61, val_loss:1.657297, acc: 18.10, bacc: 16.67, tmp_test_f1: 5.11, f1: 5.11
epoch:  62, val_loss:1.646711, acc: 18.10, bacc: 16.67, tmp_test_f1: 5.11, f1: 5.11
epoch:  63, val_loss:1.629023, acc: 18.10, bacc: 16.67, tmp_test_f1: 5.11, f1: 5.11
test_f1 CountNotImproved reset to 0 in epoch 64
epoch:  64, val_loss:1.618885, acc: 29.70, bacc: 24.98, tmp_test_f1: 14.17, f1: 14.17
epoch:  65, val_loss:1.604267, acc: 29.70, bacc: 24.98, tmp_test_f1: 11.66, f1: 14.17
test_f1 CountNotImproved reset to 0 in epoch 66
epoch:  66, val_loss:1.620683, acc: 35.90, bacc: 29.33, tmp_test_f1: 17.33, f1: 17.33
epoch:  67, val_loss:1.583522, acc: 35.90, bacc: 29.33, tmp_test_f1: 13.97, f1: 17.33
epoch:  68, val_loss:1.591391, acc: 35.90, bacc: 29.33, tmp_test_f1: 14.16, f1: 17.33
test_f1 CountNotImproved reset to 0 in epoch 69
epoch:  69, val_loss:1.587001, acc: 36.00, bacc: 29.34, tmp_test_f1: 17.44, f1: 17.44
epoch:  70, val_loss:1.556810, acc: 36.00, bacc: 29.34, tmp_test_f1: 17.00, f1: 17.44
epoch:  71, val_loss:1.548633, acc: 36.00, bacc: 29.34, tmp_test_f1: 13.65, f1: 17.44
epoch:  72, val_loss:1.599044, acc: 36.00, bacc: 29.34, tmp_test_f1: 16.36, f1: 17.44
test_f1 CountNotImproved reset to 0 in epoch 73
epoch:  73, val_loss:1.542377, acc: 36.50, bacc: 29.64, tmp_test_f1: 18.03, f1: 18.03
epoch:  74, val_loss:1.542829, acc: 36.50, bacc: 29.64, tmp_test_f1: 15.91, f1: 18.03
epoch:  75, val_loss:1.540522, acc: 36.50, bacc: 29.64, tmp_test_f1: 14.91, f1: 18.03
epoch:  76, val_loss:1.560476, acc: 36.50, bacc: 29.64, tmp_test_f1: 16.83, f1: 18.03
epoch:  77, val_loss:1.532827, acc: 36.50, bacc: 29.64, tmp_test_f1: 17.28, f1: 18.03
epoch:  78, val_loss:1.536899, acc: 36.50, bacc: 29.64, tmp_test_f1: 15.27, f1: 18.03
epoch:  79, val_loss:1.560598, acc: 36.50, bacc: 29.64, tmp_test_f1: 16.26, f1: 18.03
epoch:  80, val_loss:1.539278, acc: 36.50, bacc: 29.64, tmp_test_f1: 17.67, f1: 18.03
epoch:  81, val_loss:1.538741, acc: 36.50, bacc: 29.64, tmp_test_f1: 16.57, f1: 18.03
epoch:  82, val_loss:1.535802, acc: 36.50, bacc: 29.64, tmp_test_f1: 14.30, f1: 18.03
epoch:  83, val_loss:1.592887, acc: 36.50, bacc: 29.64, tmp_test_f1: 16.87, f1: 18.03
test_f1 CountNotImproved reset to 0 in epoch 84
epoch:  84, val_loss:1.532213, acc: 36.20, bacc: 29.35, tmp_test_f1: 18.08, f1: 18.08
epoch:  85, val_loss:1.540871, acc: 36.20, bacc: 29.35, tmp_test_f1: 16.14, f1: 18.08
epoch:  86, val_loss:1.537176, acc: 36.20, bacc: 29.35, tmp_test_f1: 14.60, f1: 18.08
epoch:  87, val_loss:1.592758, acc: 36.20, bacc: 29.35, tmp_test_f1: 17.00, f1: 18.08
test_f1 CountNotImproved reset to 0 in epoch 88
epoch:  88, val_loss:1.522319, acc: 36.20, bacc: 29.23, tmp_test_f1: 18.57, f1: 18.57
epoch:  89, val_loss:1.546352, acc: 36.20, bacc: 29.23, tmp_test_f1: 17.18, f1: 18.57
epoch:  90, val_loss:1.520315, acc: 36.20, bacc: 29.23, tmp_test_f1: 14.85, f1: 18.57
epoch:  91, val_loss:1.584820, acc: 36.20, bacc: 29.23, tmp_test_f1: 16.16, f1: 18.57
epoch:  92, val_loss:1.539029, acc: 36.20, bacc: 29.23, tmp_test_f1: 17.97, f1: 18.57
epoch:  93, val_loss:1.536657, acc: 36.20, bacc: 29.23, tmp_test_f1: 17.79, f1: 18.57
epoch:  94, val_loss:1.539337, acc: 36.20, bacc: 29.23, tmp_test_f1: 15.86, f1: 18.57
epoch:  95, val_loss:1.555762, acc: 36.20, bacc: 29.23, tmp_test_f1: 14.93, f1: 18.57
epoch:  96, val_loss:1.604181, acc: 36.20, bacc: 29.23, tmp_test_f1: 16.90, f1: 18.57
epoch:  97, val_loss:1.535205, acc: 36.20, bacc: 29.23, tmp_test_f1: 17.89, f1: 18.57
epoch:  98, val_loss:1.553381, acc: 36.20, bacc: 29.23, tmp_test_f1: 16.71, f1: 18.57
epoch:  99, val_loss:1.538159, acc: 36.20, bacc: 29.23, tmp_test_f1: 14.63, f1: 18.57
epoch: 100, val_loss:1.626792, acc: 36.20, bacc: 29.23, tmp_test_f1: 16.29, f1: 18.57
epoch: 101, val_loss:1.549907, acc: 36.20, bacc: 29.23, tmp_test_f1: 18.10, f1: 18.57
epoch: 102, val_loss:1.564175, acc: 36.20, bacc: 29.23, tmp_test_f1: 17.61, f1: 18.57
epoch: 103, val_loss:1.551477, acc: 36.20, bacc: 29.23, tmp_test_f1: 15.42, f1: 18.57
epoch: 104, val_loss:1.584647, acc: 36.20, bacc: 29.23, tmp_test_f1: 14.13, f1: 18.57
epoch: 105, val_loss:1.643250, acc: 36.20, bacc: 29.23, tmp_test_f1: 16.70, f1: 18.57
epoch: 106, val_loss:1.549344, acc: 36.20, bacc: 29.23, tmp_test_f1: 18.39, f1: 18.57
epoch: 107, val_loss:1.574201, acc: 36.20, bacc: 29.23, tmp_test_f1: 17.18, f1: 18.57
epoch: 108, val_loss:1.550711, acc: 36.20, bacc: 29.23, tmp_test_f1: 14.72, f1: 18.57
epoch: 109, val_loss:1.623820, acc: 36.20, bacc: 29.23, tmp_test_f1: 14.77, f1: 18.57
epoch: 110, val_loss:1.623058, acc: 36.20, bacc: 29.23, tmp_test_f1: 17.01, f1: 18.57
epoch: 111, val_loss:1.549140, acc: 36.20, bacc: 29.23, tmp_test_f1: 18.53, f1: 18.57
epoch: 112, val_loss:1.570990, acc: 36.20, bacc: 29.23, tmp_test_f1: 17.87, f1: 18.57
epoch: 113, val_loss:1.553516, acc: 36.20, bacc: 29.23, tmp_test_f1: 15.73, f1: 18.57
epoch: 114, val_loss:1.585410, acc: 36.20, bacc: 29.23, tmp_test_f1: 14.77, f1: 18.57
epoch: 115, val_loss:1.645991, acc: 36.20, bacc: 29.23, tmp_test_f1: 16.46, f1: 18.57
epoch: 116, val_loss:1.551369, acc: 36.20, bacc: 29.23, tmp_test_f1: 18.14, f1: 18.57
epoch: 117, val_loss:1.559591, acc: 36.20, bacc: 29.23, tmp_test_f1: 17.80, f1: 18.57
epoch: 118, val_loss:1.554571, acc: 36.20, bacc: 29.23, tmp_test_f1: 16.02, f1: 18.57
epoch: 119, val_loss:1.565892, acc: 36.20, bacc: 29.23, tmp_test_f1: 14.61, f1: 18.57
epoch: 120, val_loss:1.654369, acc: 36.20, bacc: 29.23, tmp_test_f1: 16.12, f1: 18.57
epoch: 121, val_loss:1.569717, acc: 36.20, bacc: 29.23, tmp_test_f1: 17.56, f1: 18.57
epoch: 122, val_loss:1.562302, acc: 36.20, bacc: 29.23, tmp_test_f1: 17.84, f1: 18.57
epoch: 123, val_loss:1.569641, acc: 36.20, bacc: 29.23, tmp_test_f1: 16.36, f1: 18.57
epoch: 124, val_loss:1.564261, acc: 36.20, bacc: 29.23, tmp_test_f1: 15.01, f1: 18.57
epoch: 125, val_loss:1.647539, acc: 36.20, bacc: 29.23, tmp_test_f1: 15.54, f1: 18.57
epoch: 126, val_loss:1.604948, acc: 36.20, bacc: 29.23, tmp_test_f1: 17.15, f1: 18.57
epoch: 127, val_loss:1.563553, acc: 36.20, bacc: 29.23, tmp_test_f1: 17.77, f1: 18.57
epoch: 128, val_loss:1.575318, acc: 36.20, bacc: 29.23, tmp_test_f1: 16.64, f1: 18.57
epoch: 129, val_loss:1.562312, acc: 36.20, bacc: 29.23, tmp_test_f1: 14.81, f1: 18.57
epoch: 130, val_loss:1.651166, acc: 36.20, bacc: 29.23, tmp_test_f1: 15.44, f1: 18.57
epoch: 131, val_loss:1.604777, acc: 36.20, bacc: 29.23, tmp_test_f1: 17.06, f1: 18.57
epoch: 132, val_loss:1.553253, acc: 36.20, bacc: 29.23, tmp_test_f1: 17.71, f1: 18.57
epoch: 133, val_loss:1.566158, acc: 36.20, bacc: 29.23, tmp_test_f1: 16.83, f1: 18.57
epoch: 134, val_loss:1.547238, acc: 36.20, bacc: 29.23, tmp_test_f1: 15.10, f1: 18.57
epoch: 135, val_loss:1.620704, acc: 36.20, bacc: 29.23, tmp_test_f1: 15.13, f1: 18.57
epoch: 136, val_loss:1.631113, acc: 36.20, bacc: 29.23, tmp_test_f1: 16.70, f1: 18.57
epoch: 137, val_loss:1.544953, acc: 36.20, bacc: 29.23, tmp_test_f1: 18.09, f1: 18.57
epoch: 138, val_loss:1.567950, acc: 36.20, bacc: 29.23, tmp_test_f1: 17.34, f1: 18.57
epoch: 139, val_loss:1.552287, acc: 36.20, bacc: 29.23, tmp_test_f1: 15.77, f1: 18.57
epoch: 140, val_loss:1.575554, acc: 36.20, bacc: 29.23, tmp_test_f1: 14.94, f1: 18.57
epoch: 141, val_loss:1.647887, acc: 36.20, bacc: 29.23, tmp_test_f1: 16.02, f1: 18.57
epoch: 142, val_loss:1.567819, acc: 36.20, bacc: 29.23, tmp_test_f1: 17.49, f1: 18.57
epoch: 143, val_loss:1.561869, acc: 36.20, bacc: 29.23, tmp_test_f1: 17.52, f1: 18.57
epoch: 144, val_loss:1.564659, acc: 36.20, bacc: 29.23, tmp_test_f1: 16.52, f1: 18.57
epoch: 145, val_loss:1.565294, acc: 36.20, bacc: 29.23, tmp_test_f1: 15.32, f1: 18.57
epoch: 146, val_loss:1.627095, acc: 36.20, bacc: 29.23, tmp_test_f1: 15.50, f1: 18.57
epoch: 147, val_loss:1.615352, acc: 36.20, bacc: 29.23, tmp_test_f1: 16.61, f1: 18.57
epoch: 148, val_loss:1.562296, acc: 36.20, bacc: 29.23, tmp_test_f1: 17.63, f1: 18.57
epoch: 149, val_loss:1.571272, acc: 36.20, bacc: 29.23, tmp_test_f1: 16.83, f1: 18.57
epoch: 150, val_loss:1.561862, acc: 36.20, bacc: 29.23, tmp_test_f1: 15.76, f1: 18.57
epoch: 151, val_loss:1.607009, acc: 36.20, bacc: 29.23, tmp_test_f1: 15.20, f1: 18.57
epoch: 152, val_loss:1.651417, acc: 36.20, bacc: 29.23, tmp_test_f1: 16.50, f1: 18.57
epoch: 153, val_loss:1.564922, acc: 36.20, bacc: 29.23, tmp_test_f1: 17.75, f1: 18.57
epoch: 154, val_loss:1.571776, acc: 36.20, bacc: 29.23, tmp_test_f1: 17.34, f1: 18.57
epoch: 155, val_loss:1.565959, acc: 36.20, bacc: 29.23, tmp_test_f1: 16.20, f1: 18.57
epoch: 156, val_loss:1.575244, acc: 36.20, bacc: 29.23, tmp_test_f1: 15.65, f1: 18.57
epoch: 157, val_loss:1.636650, acc: 36.20, bacc: 29.23, tmp_test_f1: 15.81, f1: 18.57
epoch: 158, val_loss:1.595360, acc: 36.20, bacc: 29.23, tmp_test_f1: 17.10, f1: 18.57
epoch: 159, val_loss:1.560004, acc: 36.20, bacc: 29.23, tmp_test_f1: 17.79, f1: 18.57
epoch: 160, val_loss:1.570531, acc: 36.20, bacc: 29.23, tmp_test_f1: 16.92, f1: 18.57
epoch: 161, val_loss:1.562588, acc: 36.20, bacc: 29.23, tmp_test_f1: 15.61, f1: 18.57
epoch: 162, val_loss:1.621367, acc: 36.20, bacc: 29.23, tmp_test_f1: 15.43, f1: 18.57
epoch: 163, val_loss:1.634555, acc: 36.20, bacc: 29.23, tmp_test_f1: 16.89, f1: 18.57
epoch: 164, val_loss:1.567269, acc: 36.20, bacc: 29.23, tmp_test_f1: 17.34, f1: 18.57
epoch: 165, val_loss:1.573550, acc: 36.20, bacc: 29.23, tmp_test_f1: 17.14, f1: 18.57
epoch: 166, val_loss:1.568463, acc: 36.20, bacc: 29.23, tmp_test_f1: 15.76, f1: 18.57
epoch: 167, val_loss:1.603251, acc: 36.20, bacc: 29.23, tmp_test_f1: 15.10, f1: 18.57
epoch: 168, val_loss:1.644573, acc: 36.20, bacc: 29.23, tmp_test_f1: 16.49, f1: 18.57
epoch: 169, val_loss:1.576077, acc: 36.20, bacc: 29.23, tmp_test_f1: 17.25, f1: 18.57
epoch: 170, val_loss:1.567258, acc: 36.20, bacc: 29.23, tmp_test_f1: 17.15, f1: 18.57
epoch: 171, val_loss:1.564459, acc: 36.20, bacc: 29.23, tmp_test_f1: 16.30, f1: 18.57
epoch: 172, val_loss:1.583965, acc: 36.20, bacc: 29.23, tmp_test_f1: 15.44, f1: 18.57
epoch: 173, val_loss:1.630486, acc: 36.20, bacc: 29.23, tmp_test_f1: 16.23, f1: 18.57
epoch: 174, val_loss:1.579580, acc: 36.20, bacc: 29.23, tmp_test_f1: 17.41, f1: 18.57
epoch: 175, val_loss:1.559980, acc: 36.20, bacc: 29.23, tmp_test_f1: 17.38, f1: 18.57
epoch: 176, val_loss:1.559460, acc: 36.20, bacc: 29.23, tmp_test_f1: 15.92, f1: 18.57
epoch: 177, val_loss:1.577513, acc: 36.20, bacc: 29.23, tmp_test_f1: 15.37, f1: 18.57
epoch: 178, val_loss:1.620812, acc: 36.20, bacc: 29.23, tmp_test_f1: 15.66, f1: 18.57
epoch: 179, val_loss:1.590873, acc: 36.20, bacc: 29.23, tmp_test_f1: 17.26, f1: 18.57
epoch: 180, val_loss:1.565514, acc: 36.20, bacc: 29.23, tmp_test_f1: 17.29, f1: 18.57
epoch: 181, val_loss:1.568196, acc: 36.20, bacc: 29.23, tmp_test_f1: 15.81, f1: 18.57
epoch: 182, val_loss:1.596366, acc: 36.20, bacc: 29.23, tmp_test_f1: 15.32, f1: 18.57
epoch: 183, val_loss:1.639747, acc: 36.20, bacc: 29.23, tmp_test_f1: 16.27, f1: 18.57
epoch: 184, val_loss:1.592283, acc: 36.20, bacc: 29.23, tmp_test_f1: 17.10, f1: 18.57
epoch: 185, val_loss:1.574476, acc: 36.20, bacc: 29.23, tmp_test_f1: 16.81, f1: 18.57
epoch: 186, val_loss:1.577014, acc: 36.20, bacc: 29.23, tmp_test_f1: 16.11, f1: 18.57
epoch: 187, val_loss:1.616016, acc: 36.20, bacc: 29.23, tmp_test_f1: 16.18, f1: 18.57
epoch: 188, val_loss:1.612423, acc: 36.20, bacc: 29.23, tmp_test_f1: 16.86, f1: 18.57
epoch: 189, val_loss:1.578723, acc: 36.20, bacc: 29.23, tmp_test_f1: 17.02, f1: 18.57
epoch: 190, val_loss:1.576979, acc: 36.20, bacc: 29.23, tmp_test_f1: 16.73, f1: 18.57
epoch: 191, val_loss:1.585060, acc: 36.20, bacc: 29.23, tmp_test_f1: 15.86, f1: 18.57
epoch: 192, val_loss:1.624099, acc: 36.20, bacc: 29.23, tmp_test_f1: 16.13, f1: 18.57
epoch: 193, val_loss:1.605289, acc: 36.20, bacc: 29.23, tmp_test_f1: 16.88, f1: 18.57
epoch: 194, val_loss:1.578169, acc: 36.20, bacc: 29.23, tmp_test_f1: 16.90, f1: 18.57
epoch: 195, val_loss:1.577052, acc: 36.20, bacc: 29.23, tmp_test_f1: 16.23, f1: 18.57
epoch: 196, val_loss:1.589919, acc: 36.20, bacc: 29.23, tmp_test_f1: 15.72, f1: 18.57
epoch: 197, val_loss:1.610170, acc: 36.20, bacc: 29.23, tmp_test_f1: 16.21, f1: 18.57
epoch: 198, val_loss:1.587475, acc: 36.20, bacc: 29.23, tmp_test_f1: 16.76, f1: 18.57
epoch: 199, val_loss:1.573988, acc: 36.20, bacc: 29.23, tmp_test_f1: 16.43, f1: 18.57
epoch: 200, val_loss:1.575080, acc: 36.20, bacc: 29.23, tmp_test_f1: 16.02, f1: 18.57
epoch: 201, val_loss:1.586733, acc: 36.20, bacc: 29.23, tmp_test_f1: 15.88, f1: 18.57
epoch: 202, val_loss:1.591269, acc: 36.20, bacc: 29.23, tmp_test_f1: 16.34, f1: 18.57
epoch: 203, val_loss:1.571573, acc: 36.20, bacc: 29.23, tmp_test_f1: 16.46, f1: 18.57
epoch: 204, val_loss:1.566592, acc: 36.20, bacc: 29.23, tmp_test_f1: 16.05, f1: 18.57
epoch: 205, val_loss:1.578379, acc: 36.20, bacc: 29.23, tmp_test_f1: 15.59, f1: 18.57
epoch: 206, val_loss:1.593479, acc: 36.20, bacc: 29.23, tmp_test_f1: 16.19, f1: 18.57
epoch: 207, val_loss:1.574932, acc: 36.20, bacc: 29.23, tmp_test_f1: 16.30, f1: 18.57
epoch: 208, val_loss:1.569790, acc: 36.20, bacc: 29.23, tmp_test_f1: 16.32, f1: 18.57
epoch: 209, val_loss:1.567719, acc: 36.20, bacc: 29.23, tmp_test_f1: 16.03, f1: 18.57
epoch: 210, val_loss:1.586090, acc: 36.20, bacc: 29.23, tmp_test_f1: 16.02, f1: 18.57
epoch: 211, val_loss:1.594529, acc: 36.20, bacc: 29.23, tmp_test_f1: 16.31, f1: 18.57
epoch: 212, val_loss:1.578745, acc: 36.20, bacc: 29.23, tmp_test_f1: 16.32, f1: 18.57
epoch: 213, val_loss:1.572269, acc: 36.20, bacc: 29.23, tmp_test_f1: 16.38, f1: 18.57
epoch: 214, val_loss:1.581596, acc: 36.20, bacc: 29.23, tmp_test_f1: 16.40, f1: 18.57
epoch: 215, val_loss:1.584712, acc: 36.20, bacc: 29.23, tmp_test_f1: 16.10, f1: 18.57
epoch: 216, val_loss:1.593718, acc: 36.20, bacc: 29.23, tmp_test_f1: 16.50, f1: 18.57
epoch: 217, val_loss:1.576050, acc: 36.20, bacc: 29.23, tmp_test_f1: 16.39, f1: 18.57
epoch: 218, val_loss:1.579385, acc: 36.20, bacc: 29.23, tmp_test_f1: 16.01, f1: 18.57
epoch: 219, val_loss:1.612128, acc: 36.20, bacc: 29.23, tmp_test_f1: 16.32, f1: 18.57
epoch: 220, val_loss:1.584351, acc: 36.20, bacc: 29.23, tmp_test_f1: 17.07, f1: 18.57
epoch: 221, val_loss:1.560665, acc: 36.20, bacc: 29.23, tmp_test_f1: 16.60, f1: 18.57
epoch: 222, val_loss:1.566049, acc: 36.20, bacc: 29.23, tmp_test_f1: 15.81, f1: 18.57
epoch: 223, val_loss:1.636706, acc: 36.20, bacc: 29.23, tmp_test_f1: 16.34, f1: 18.57
epoch: 224, val_loss:1.603689, acc: 36.20, bacc: 29.23, tmp_test_f1: 17.21, f1: 18.57
epoch: 225, val_loss:1.569711, acc: 36.20, bacc: 29.23, tmp_test_f1: 17.24, f1: 18.57
epoch: 226, val_loss:1.576980, acc: 36.20, bacc: 29.23, tmp_test_f1: 15.82, f1: 18.57
epoch: 227, val_loss:1.641950, acc: 36.20, bacc: 29.23, tmp_test_f1: 15.67, f1: 18.57
epoch: 228, val_loss:1.662925, acc: 36.20, bacc: 29.23, tmp_test_f1: 17.02, f1: 18.57
epoch: 229, val_loss:1.595464, acc: 36.20, bacc: 29.23, tmp_test_f1: 17.05, f1: 18.57
epoch: 230, val_loss:1.590690, acc: 36.20, bacc: 29.23, tmp_test_f1: 16.58, f1: 18.57
epoch: 231, val_loss:1.607381, acc: 36.20, bacc: 29.23, tmp_test_f1: 15.64, f1: 18.57
epoch: 232, val_loss:1.649335, acc: 36.20, bacc: 29.23, tmp_test_f1: 16.44, f1: 18.57
epoch: 233, val_loss:1.602575, acc: 36.20, bacc: 29.23, tmp_test_f1: 16.95, f1: 18.57
epoch: 234, val_loss:1.593394, acc: 36.20, bacc: 29.23, tmp_test_f1: 16.22, f1: 18.57
epoch: 235, val_loss:1.604884, acc: 36.20, bacc: 29.23, tmp_test_f1: 15.54, f1: 18.57
epoch: 236, val_loss:1.642512, acc: 36.20, bacc: 29.23, tmp_test_f1: 15.97, f1: 18.57
epoch: 237, val_loss:1.606597, acc: 36.20, bacc: 29.23, tmp_test_f1: 16.83, f1: 18.57
epoch: 238, val_loss:1.589362, acc: 36.20, bacc: 29.23, tmp_test_f1: 16.48, f1: 18.57
epoch: 239, val_loss:1.597364, acc: 36.20, bacc: 29.23, tmp_test_f1: 15.23, f1: 18.57
epoch: 240, val_loss:1.660060, acc: 36.20, bacc: 29.23, tmp_test_f1: 15.88, f1: 18.57
epoch: 241, val_loss:1.615338, acc: 36.20, bacc: 29.23, tmp_test_f1: 16.67, f1: 18.57
epoch: 242, val_loss:1.586992, acc: 36.20, bacc: 29.23, tmp_test_f1: 16.53, f1: 18.57
epoch: 243, val_loss:1.600048, acc: 36.20, bacc: 29.23, tmp_test_f1: 15.58, f1: 18.57
epoch: 244, val_loss:1.649677, acc: 36.20, bacc: 29.23, tmp_test_f1: 16.37, f1: 18.57
epoch: 245, val_loss:1.603121, acc: 36.20, bacc: 29.23, tmp_test_f1: 16.68, f1: 18.57
epoch: 246, val_loss:1.586069, acc: 36.20, bacc: 29.23, tmp_test_f1: 16.57, f1: 18.57
epoch: 247, val_loss:1.592489, acc: 36.20, bacc: 29.23, tmp_test_f1: 15.82, f1: 18.57
epoch: 248, val_loss:1.635117, acc: 36.20, bacc: 29.23, tmp_test_f1: 16.23, f1: 18.57
epoch: 249, val_loss:1.607108, acc: 36.20, bacc: 29.23, tmp_test_f1: 16.66, f1: 18.57
epoch: 250, val_loss:1.585872, acc: 36.20, bacc: 29.23, tmp_test_f1: 16.57, f1: 18.57
epoch: 251, val_loss:1.592054, acc: 36.20, bacc: 29.23, tmp_test_f1: 15.63, f1: 18.57
epoch: 252, val_loss:1.634029, acc: 36.20, bacc: 29.23, tmp_test_f1: 16.03, f1: 18.57
epoch: 253, val_loss:1.621633, acc: 36.20, bacc: 29.23, tmp_test_f1: 16.55, f1: 18.57
epoch: 254, val_loss:1.603194, acc: 36.20, bacc: 29.23, tmp_test_f1: 16.27, f1: 18.57
epoch: 255, val_loss:1.610235, acc: 36.20, bacc: 29.23, tmp_test_f1: 15.86, f1: 18.57
epoch: 256, val_loss:1.638132, acc: 36.20, bacc: 29.23, tmp_test_f1: 15.82, f1: 18.57
epoch: 257, val_loss:1.643819, acc: 36.20, bacc: 29.23, tmp_test_f1: 16.07, f1: 18.57
epoch: 258, val_loss:1.612671, acc: 36.20, bacc: 29.23, tmp_test_f1: 16.21, f1: 18.57
epoch: 259, val_loss:1.611082, acc: 36.20, bacc: 29.23, tmp_test_f1: 15.63, f1: 18.57
epoch: 260, val_loss:1.653814, acc: 36.20, bacc: 29.23, tmp_test_f1: 15.84, f1: 18.57
epoch: 261, val_loss:1.641850, acc: 36.20, bacc: 29.23, tmp_test_f1: 17.08, f1: 18.57
epoch: 262, val_loss:1.592712, acc: 36.20, bacc: 29.23, tmp_test_f1: 16.81, f1: 18.57
epoch: 263, val_loss:1.592427, acc: 36.20, bacc: 29.23, tmp_test_f1: 15.27, f1: 18.57
epoch: 264, val_loss:1.664755, acc: 36.20, bacc: 29.23, tmp_test_f1: 16.26, f1: 18.57
epoch: 265, val_loss:1.613431, acc: 36.20, bacc: 29.23, tmp_test_f1: 17.24, f1: 18.57
epoch: 266, val_loss:1.581731, acc: 36.20, bacc: 29.23, tmp_test_f1: 16.65, f1: 18.57
epoch: 267, val_loss:1.588259, acc: 36.20, bacc: 29.23, tmp_test_f1: 15.88, f1: 18.57
epoch: 268, val_loss:1.627007, acc: 36.20, bacc: 29.23, tmp_test_f1: 16.48, f1: 18.57
epoch: 269, val_loss:1.607725, acc: 36.20, bacc: 29.23, tmp_test_f1: 17.25, f1: 18.57
epoch: 270, val_loss:1.576404, acc: 36.20, bacc: 29.23, tmp_test_f1: 16.79, f1: 18.57
epoch: 271, val_loss:1.579727, acc: 36.20, bacc: 29.23, tmp_test_f1: 16.15, f1: 18.57
epoch: 272, val_loss:1.634491, acc: 36.20, bacc: 29.23, tmp_test_f1: 16.37, f1: 18.57
epoch: 273, val_loss:1.604710, acc: 36.20, bacc: 29.23, tmp_test_f1: 16.70, f1: 18.57
epoch: 274, val_loss:1.582450, acc: 36.20, bacc: 29.23, tmp_test_f1: 16.65, f1: 18.57
epoch: 275, val_loss:1.586507, acc: 36.20, bacc: 29.23, tmp_test_f1: 15.79, f1: 18.57
epoch: 276, val_loss:1.635927, acc: 36.20, bacc: 29.23, tmp_test_f1: 16.12, f1: 18.57
epoch: 277, val_loss:1.613314, acc: 36.20, bacc: 29.23, tmp_test_f1: 16.77, f1: 18.57
epoch: 278, val_loss:1.576422, acc: 36.20, bacc: 29.23, tmp_test_f1: 16.75, f1: 18.57
epoch: 279, val_loss:1.575145, acc: 36.20, bacc: 29.23, tmp_test_f1: 15.79, f1: 18.57
epoch: 280, val_loss:1.615521, acc: 36.20, bacc: 29.23, tmp_test_f1: 15.93, f1: 18.57
epoch: 281, val_loss:1.617018, acc: 36.20, bacc: 29.23, tmp_test_f1: 16.74, f1: 18.57
epoch: 282, val_loss:1.574129, acc: 36.20, bacc: 29.23, tmp_test_f1: 16.70, f1: 18.57
epoch: 283, val_loss:1.579404, acc: 36.20, bacc: 29.23, tmp_test_f1: 15.98, f1: 18.57
epoch: 284, val_loss:1.627815, acc: 36.20, bacc: 29.23, tmp_test_f1: 16.42, f1: 18.57
epoch: 285, val_loss:1.609390, acc: 36.20, bacc: 29.23, tmp_test_f1: 17.07, f1: 18.57
epoch: 286, val_loss:1.590392, acc: 36.20, bacc: 29.23, tmp_test_f1: 16.07, f1: 18.57
epoch: 287, val_loss:1.627330, acc: 36.20, bacc: 29.23, tmp_test_f1: 14.94, f1: 18.57
epoch: 288, val_loss:1.683654, acc: 36.20, bacc: 29.23, tmp_test_f1: 16.39, f1: 18.57
epoch: 289, val_loss:1.616673, acc: 36.20, bacc: 29.23, tmp_test_f1: 17.02, f1: 18.57
epoch: 290, val_loss:1.597522, acc: 36.20, bacc: 29.23, tmp_test_f1: 16.00, f1: 18.57
Epoch 00291: reducing learning rate of group 0 to 5.0000e-02.
epoch: 291, val_loss:1.626747, acc: 36.20, bacc: 29.23, tmp_test_f1: 14.90, f1: 18.57
epoch: 292, val_loss:1.678657, acc: 36.20, bacc: 29.23, tmp_test_f1: 15.79, f1: 18.57
epoch: 293, val_loss:1.624449, acc: 36.20, bacc: 29.23, tmp_test_f1: 16.92, f1: 18.57
epoch: 294, val_loss:1.587580, acc: 36.20, bacc: 29.23, tmp_test_f1: 17.16, f1: 18.57
epoch: 295, val_loss:1.583381, acc: 36.20, bacc: 29.23, tmp_test_f1: 16.85, f1: 18.57
epoch: 296, val_loss:1.585924, acc: 36.20, bacc: 29.23, tmp_test_f1: 15.86, f1: 18.57
epoch: 297, val_loss:1.623824, acc: 36.20, bacc: 29.23, tmp_test_f1: 14.94, f1: 18.57
epoch: 298, val_loss:1.682231, acc: 36.20, bacc: 29.23, tmp_test_f1: 15.32, f1: 18.57
epoch: 299, val_loss:1.647679, acc: 36.20, bacc: 29.23, tmp_test_f1: 16.54, f1: 18.57
epoch: 300, val_loss:1.595058, acc: 36.20, bacc: 29.23, tmp_test_f1: 17.11, f1: 18.57
epoch: 301, val_loss:1.584524, acc: 36.20, bacc: 29.23, tmp_test_f1: 17.08, f1: 18.57
epoch: 302, val_loss:1.586809, acc: 36.20, bacc: 29.23, tmp_test_f1: 16.63, f1: 18.57
epoch: 303, val_loss:1.609504, acc: 36.20, bacc: 29.23, tmp_test_f1: 15.14, f1: 18.57
epoch: 304, val_loss:1.676263, acc: 36.20, bacc: 29.23, tmp_test_f1: 15.39, f1: 18.57
epoch: 305, val_loss:1.663465, acc: 36.20, bacc: 29.23, tmp_test_f1: 16.61, f1: 18.57
epoch: 306, val_loss:1.603354, acc: 36.20, bacc: 29.23, tmp_test_f1: 17.09, f1: 18.57
epoch: 307, val_loss:1.590864, acc: 36.20, bacc: 29.23, tmp_test_f1: 16.85, f1: 18.57
epoch: 308, val_loss:1.591904, acc: 36.20, bacc: 29.23, tmp_test_f1: 16.10, f1: 18.57
epoch: 309, val_loss:1.622625, acc: 36.20, bacc: 29.23, tmp_test_f1: 15.28, f1: 18.57
epoch: 310, val_loss:1.682119, acc: 36.20, bacc: 29.23, tmp_test_f1: 15.44, f1: 18.57
epoch: 311, val_loss:1.661961, acc: 36.20, bacc: 29.23, tmp_test_f1: 16.68, f1: 18.57
epoch: 312, val_loss:1.599094, acc: 36.20, bacc: 29.23, tmp_test_f1: 17.16, f1: 18.57
epoch: 313, val_loss:1.589164, acc: 36.20, bacc: 29.23, tmp_test_f1: 17.09, f1: 18.57
epoch: 314, val_loss:1.588080, acc: 36.20, bacc: 29.23, tmp_test_f1: 16.46, f1: 18.57
epoch: 315, val_loss:1.608783, acc: 36.20, bacc: 29.23, tmp_test_f1: 15.47, f1: 18.57
epoch: 316, val_loss:1.664498, acc: 36.20, bacc: 29.23, tmp_test_f1: 15.49, f1: 18.57
epoch: 317, val_loss:1.642495, acc: 36.20, bacc: 29.23, tmp_test_f1: 16.77, f1: 18.57
epoch: 318, val_loss:1.592094, acc: 36.20, bacc: 29.23, tmp_test_f1: 17.24, f1: 18.57
epoch: 319, val_loss:1.584503, acc: 36.20, bacc: 29.23, tmp_test_f1: 17.13, f1: 18.57
epoch: 320, val_loss:1.584428, acc: 36.20, bacc: 29.23, tmp_test_f1: 16.62, f1: 18.57
epoch: 321, val_loss:1.599556, acc: 36.20, bacc: 29.23, tmp_test_f1: 15.48, f1: 18.57
epoch: 322, val_loss:1.651527, acc: 36.20, bacc: 29.23, tmp_test_f1: 15.38, f1: 18.57
epoch: 323, val_loss:1.653077, acc: 36.20, bacc: 29.23, tmp_test_f1: 16.63, f1: 18.57
epoch: 324, val_loss:1.599608, acc: 36.20, bacc: 29.23, tmp_test_f1: 17.19, f1: 18.57
epoch: 325, val_loss:1.587814, acc: 36.20, bacc: 29.23, tmp_test_f1: 17.21, f1: 18.57
epoch: 326, val_loss:1.588760, acc: 36.20, bacc: 29.23, tmp_test_f1: 16.80, f1: 18.57
epoch: 327, val_loss:1.599972, acc: 36.20, bacc: 29.23, tmp_test_f1: 15.80, f1: 18.57
epoch: 328, val_loss:1.644733, acc: 36.20, bacc: 29.23, tmp_test_f1: 15.13, f1: 18.57
epoch: 329, val_loss:1.670029, acc: 36.20, bacc: 29.23, tmp_test_f1: 16.60, f1: 18.57
epoch: 330, val_loss:1.612707, acc: 36.20, bacc: 29.23, tmp_test_f1: 16.97, f1: 18.57
epoch: 331, val_loss:1.587760, acc: 36.20, bacc: 29.23, tmp_test_f1: 17.11, f1: 18.57
epoch: 332, val_loss:1.584879, acc: 36.20, bacc: 29.23, tmp_test_f1: 16.65, f1: 18.57
epoch: 333, val_loss:1.591304, acc: 36.20, bacc: 29.23, tmp_test_f1: 16.20, f1: 18.57
epoch: 334, val_loss:1.624402, acc: 36.20, bacc: 29.23, tmp_test_f1: 15.77, f1: 18.57
epoch: 335, val_loss:1.646002, acc: 36.20, bacc: 29.23, tmp_test_f1: 16.39, f1: 18.57
epoch: 336, val_loss:1.608133, acc: 36.20, bacc: 29.23, tmp_test_f1: 16.75, f1: 18.57
epoch: 337, val_loss:1.585875, acc: 36.20, bacc: 29.23, tmp_test_f1: 16.78, f1: 18.57
epoch: 338, val_loss:1.583586, acc: 36.20, bacc: 29.23, tmp_test_f1: 16.43, f1: 18.57
epoch: 339, val_loss:1.599184, acc: 36.20, bacc: 29.23, tmp_test_f1: 15.75, f1: 18.57
epoch: 340, val_loss:1.637988, acc: 36.20, bacc: 29.23, tmp_test_f1: 15.59, f1: 18.57
epoch: 341, val_loss:1.645925, acc: 36.20, bacc: 29.23, tmp_test_f1: 16.38, f1: 18.57
epoch: 342, val_loss:1.598924, acc: 36.20, bacc: 29.23, tmp_test_f1: 16.96, f1: 18.57
epoch: 343, val_loss:1.584417, acc: 36.20, bacc: 29.23, tmp_test_f1: 16.90, f1: 18.57
epoch: 344, val_loss:1.586109, acc: 36.20, bacc: 29.23, tmp_test_f1: 16.22, f1: 18.57
epoch: 345, val_loss:1.610170, acc: 36.20, bacc: 29.23, tmp_test_f1: 15.37, f1: 18.57
epoch: 346, val_loss:1.647956, acc: 36.20, bacc: 29.23, tmp_test_f1: 15.71, f1: 18.57
epoch: 347, val_loss:1.629299, acc: 36.20, bacc: 29.23, tmp_test_f1: 16.72, f1: 18.57
epoch: 348, val_loss:1.587326, acc: 36.20, bacc: 29.23, tmp_test_f1: 16.93, f1: 18.57
epoch: 349, val_loss:1.579982, acc: 36.20, bacc: 29.23, tmp_test_f1: 16.73, f1: 18.57
epoch: 350, val_loss:1.587271, acc: 36.20, bacc: 29.23, tmp_test_f1: 15.88, f1: 18.57
epoch: 351, val_loss:1.624414, acc: 36.20, bacc: 29.23, tmp_test_f1: 15.35, f1: 18.57
epoch: 352, val_loss:1.641891, acc: 36.20, bacc: 29.23, tmp_test_f1: 16.05, f1: 18.57
epoch: 353, val_loss:1.606845, acc: 36.20, bacc: 29.23, tmp_test_f1: 16.85, f1: 18.57
epoch: 354, val_loss:1.583532, acc: 36.20, bacc: 29.23, tmp_test_f1: 16.96, f1: 18.57
epoch: 355, val_loss:1.582975, acc: 36.20, bacc: 29.23, tmp_test_f1: 16.55, f1: 18.57
epoch: 356, val_loss:1.596159, acc: 36.20, bacc: 29.23, tmp_test_f1: 15.73, f1: 18.57
epoch: 357, val_loss:1.622665, acc: 36.20, bacc: 29.23, tmp_test_f1: 15.65, f1: 18.57
epoch: 358, val_loss:1.633726, acc: 36.20, bacc: 29.23, tmp_test_f1: 16.49, f1: 18.57
epoch: 359, val_loss:1.605231, acc: 36.20, bacc: 29.23, tmp_test_f1: 16.80, f1: 18.57
epoch: 360, val_loss:1.593102, acc: 36.20, bacc: 29.23, tmp_test_f1: 16.79, f1: 18.57
epoch: 361, val_loss:1.595806, acc: 36.20, bacc: 29.23, tmp_test_f1: 16.32, f1: 18.57
epoch: 362, val_loss:1.613589, acc: 36.20, bacc: 29.23, tmp_test_f1: 15.66, f1: 18.57
epoch: 363, val_loss:1.645981, acc: 36.20, bacc: 29.23, tmp_test_f1: 16.08, f1: 18.57
epoch: 364, val_loss:1.630042, acc: 36.20, bacc: 29.23, tmp_test_f1: 16.26, f1: 18.57
epoch: 365, val_loss:1.615247, acc: 36.20, bacc: 29.23, tmp_test_f1: 16.50, f1: 18.57
epoch: 366, val_loss:1.610309, acc: 36.20, bacc: 29.23, tmp_test_f1: 16.16, f1: 18.57
epoch: 367, val_loss:1.623861, acc: 36.20, bacc: 29.23, tmp_test_f1: 15.95, f1: 18.57
epoch: 368, val_loss:1.636136, acc: 36.20, bacc: 29.23, tmp_test_f1: 16.10, f1: 18.57
