CUDA Device Index: 2
Namespace(IsDirectedData=False, AugDirect=2, net='GAT', GPUdevice=2, seed=100, undirect_dataset='Amazon-Computers', Direct_dataset='WikipediaNetwork/squirrel', imb_ratio=100, dropout=0.1, num_filter=2, layer=2, alpha=0.1, K=2, feat_dim=64, warmup=5, epoch=1500, lr=0.1, l2=0.0005, tau=2, max=False, no_mask=False, gdc='ppr', heads=8, log_root='../logs/', log_path='test', data_path='../dataset/data/tmp/')
StandGAT2(
  (conv1): GATConv(767, 16, heads=4)
  (conv2): GATConv(64, 10, heads=1)
)
test_f1 CountNotImproved reset to 0 in epoch 0
epoch:   0, val_loss:2.302622, acc: 16.52, bacc: 18.14, tmp_test_f1: 4.48, f1: 4.48
epoch:   1, val_loss:2.486904, acc: 16.52, bacc: 18.14, tmp_test_f1: 0.17, f1: 4.48
epoch:   2, val_loss:3.408816, acc: 16.52, bacc: 18.14, tmp_test_f1: 1.73, f1: 4.48
epoch:   3, val_loss:3.265649, acc: 16.52, bacc: 18.14, tmp_test_f1: 0.17, f1: 4.48
epoch:   4, val_loss:2.905655, acc: 16.52, bacc: 18.14, tmp_test_f1: 0.17, f1: 4.48
epoch:   5, val_loss:2.652246, acc: 16.52, bacc: 18.14, tmp_test_f1: 0.17, f1: 4.48
epoch:   6, val_loss:2.558773, acc: 16.52, bacc: 18.14, tmp_test_f1: 0.17, f1: 4.48
epoch:   7, val_loss:2.480099, acc: 16.52, bacc: 18.14, tmp_test_f1: 0.17, f1: 4.48
epoch:   8, val_loss:2.444429, acc: 16.52, bacc: 18.14, tmp_test_f1: 0.17, f1: 4.48
epoch:   9, val_loss:2.433193, acc: 16.52, bacc: 18.14, tmp_test_f1: 0.17, f1: 4.48
epoch:  10, val_loss:2.447976, acc: 16.52, bacc: 18.14, tmp_test_f1: 0.17, f1: 4.48
epoch:  11, val_loss:2.449646, acc: 16.52, bacc: 18.14, tmp_test_f1: 0.17, f1: 4.48
epoch:  12, val_loss:2.468307, acc: 16.52, bacc: 18.14, tmp_test_f1: 0.17, f1: 4.48
epoch:  13, val_loss:2.471818, acc: 16.52, bacc: 18.14, tmp_test_f1: 0.17, f1: 4.48
epoch:  14, val_loss:2.455803, acc: 16.52, bacc: 18.14, tmp_test_f1: 0.17, f1: 4.48
epoch:  15, val_loss:2.434885, acc: 16.52, bacc: 18.14, tmp_test_f1: 0.17, f1: 4.48
epoch:  16, val_loss:2.431516, acc: 16.52, bacc: 18.14, tmp_test_f1: 0.17, f1: 4.48
epoch:  17, val_loss:2.425782, acc: 16.52, bacc: 18.14, tmp_test_f1: 0.17, f1: 4.48
epoch:  18, val_loss:2.400972, acc: 16.52, bacc: 18.14, tmp_test_f1: 0.17, f1: 4.48
epoch:  19, val_loss:2.417750, acc: 16.52, bacc: 18.14, tmp_test_f1: 0.17, f1: 4.48
epoch:  20, val_loss:2.426483, acc: 16.52, bacc: 18.14, tmp_test_f1: 0.17, f1: 4.48
epoch:  21, val_loss:2.421839, acc: 16.52, bacc: 18.14, tmp_test_f1: 0.17, f1: 4.48
epoch:  22, val_loss:2.388811, acc: 16.52, bacc: 18.14, tmp_test_f1: 0.17, f1: 4.48
epoch:  23, val_loss:2.388368, acc: 16.52, bacc: 18.14, tmp_test_f1: 0.17, f1: 4.48
epoch:  24, val_loss:2.395669, acc: 16.52, bacc: 18.14, tmp_test_f1: 0.37, f1: 4.48
test_f1 CountNotImproved reset to 0 in epoch 25
epoch:  25, val_loss:2.390584, acc: 5.96, bacc: 13.21, tmp_test_f1: 4.74, f1: 4.74
epoch:  26, val_loss:2.376740, acc: 5.96, bacc: 13.21, tmp_test_f1: 4.56, f1: 4.74
epoch:  27, val_loss:2.364597, acc: 5.96, bacc: 13.21, tmp_test_f1: 4.66, f1: 4.74
epoch:  28, val_loss:2.317159, acc: 5.96, bacc: 13.21, tmp_test_f1: 2.52, f1: 4.74
test_f1 CountNotImproved reset to 0 in epoch 29
epoch:  29, val_loss:2.373961, acc: 16.51, bacc: 17.20, tmp_test_f1: 5.66, f1: 5.66
epoch:  30, val_loss:2.262604, acc: 16.51, bacc: 17.20, tmp_test_f1: 4.68, f1: 5.66
epoch:  31, val_loss:2.306228, acc: 16.51, bacc: 17.20, tmp_test_f1: 5.28, f1: 5.66
test_f1 CountNotImproved reset to 0 in epoch 32
epoch:  32, val_loss:2.323954, acc: 16.26, bacc: 14.37, tmp_test_f1: 8.40, f1: 8.40
test_f1 CountNotImproved reset to 0 in epoch 33
epoch:  33, val_loss:2.264226, acc: 16.43, bacc: 16.29, tmp_test_f1: 8.65, f1: 8.65
epoch:  34, val_loss:2.251503, acc: 16.43, bacc: 16.29, tmp_test_f1: 4.57, f1: 8.65
epoch:  35, val_loss:2.234220, acc: 16.43, bacc: 16.29, tmp_test_f1: 4.58, f1: 8.65
epoch:  36, val_loss:2.229743, acc: 16.43, bacc: 16.29, tmp_test_f1: 8.14, f1: 8.65
epoch:  37, val_loss:2.299868, acc: 16.43, bacc: 16.29, tmp_test_f1: 5.18, f1: 8.65
epoch:  38, val_loss:2.222515, acc: 16.43, bacc: 16.29, tmp_test_f1: 4.50, f1: 8.65
epoch:  39, val_loss:2.196013, acc: 16.43, bacc: 16.29, tmp_test_f1: 4.20, f1: 8.65
epoch:  40, val_loss:2.151134, acc: 16.43, bacc: 16.29, tmp_test_f1: 6.24, f1: 8.65
epoch:  41, val_loss:2.188121, acc: 16.43, bacc: 16.29, tmp_test_f1: 8.51, f1: 8.65
epoch:  42, val_loss:2.239027, acc: 16.43, bacc: 16.29, tmp_test_f1: 5.49, f1: 8.65
epoch:  43, val_loss:2.204598, acc: 16.43, bacc: 16.29, tmp_test_f1: 4.41, f1: 8.65
epoch:  44, val_loss:2.149712, acc: 16.43, bacc: 16.29, tmp_test_f1: 7.55, f1: 8.65
epoch:  45, val_loss:2.163111, acc: 16.43, bacc: 16.29, tmp_test_f1: 8.51, f1: 8.65
epoch:  46, val_loss:2.278294, acc: 16.43, bacc: 16.29, tmp_test_f1: 4.83, f1: 8.65
epoch:  47, val_loss:2.208822, acc: 16.43, bacc: 16.29, tmp_test_f1: 4.46, f1: 8.65
epoch:  48, val_loss:2.191383, acc: 16.43, bacc: 16.29, tmp_test_f1: 4.80, f1: 8.65
test_f1 CountNotImproved reset to 0 in epoch 49
epoch:  49, val_loss:2.245845, acc: 18.48, bacc: 20.81, tmp_test_f1: 9.87, f1: 9.87
test_f1 CountNotImproved reset to 0 in epoch 50
epoch:  50, val_loss:2.346740, acc: 22.31, bacc: 29.04, tmp_test_f1: 12.31, f1: 12.31
test_f1 CountNotImproved reset to 0 in epoch 51
epoch:  51, val_loss:2.263853, acc: 22.06, bacc: 34.31, tmp_test_f1: 16.70, f1: 16.70
test_f1 CountNotImproved reset to 0 in epoch 52
epoch:  52, val_loss:2.174393, acc: 21.46, bacc: 33.41, tmp_test_f1: 19.12, f1: 19.12
epoch:  53, val_loss:2.148887, acc: 21.46, bacc: 33.41, tmp_test_f1: 10.47, f1: 19.12
epoch:  54, val_loss:2.199057, acc: 21.46, bacc: 33.41, tmp_test_f1: 10.83, f1: 19.12
epoch:  55, val_loss:2.208143, acc: 21.46, bacc: 33.41, tmp_test_f1: 18.56, f1: 19.12
epoch:  56, val_loss:2.137765, acc: 21.46, bacc: 33.41, tmp_test_f1: 18.40, f1: 19.12
epoch:  57, val_loss:2.127542, acc: 21.46, bacc: 33.41, tmp_test_f1: 17.60, f1: 19.12
epoch:  58, val_loss:2.204550, acc: 21.46, bacc: 33.41, tmp_test_f1: 16.77, f1: 19.12
epoch:  59, val_loss:2.170853, acc: 21.46, bacc: 33.41, tmp_test_f1: 13.34, f1: 19.12
epoch:  60, val_loss:2.066267, acc: 21.46, bacc: 33.41, tmp_test_f1: 14.95, f1: 19.12
epoch:  61, val_loss:2.056216, acc: 21.46, bacc: 33.41, tmp_test_f1: 18.58, f1: 19.12
epoch:  62, val_loss:2.178995, acc: 21.46, bacc: 33.41, tmp_test_f1: 18.20, f1: 19.12
epoch:  63, val_loss:2.221284, acc: 21.46, bacc: 33.41, tmp_test_f1: 15.51, f1: 19.12
epoch:  64, val_loss:2.104388, acc: 21.46, bacc: 33.41, tmp_test_f1: 16.46, f1: 19.12
epoch:  65, val_loss:2.061619, acc: 21.46, bacc: 33.41, tmp_test_f1: 18.95, f1: 19.12
epoch:  66, val_loss:2.061519, acc: 21.46, bacc: 33.41, tmp_test_f1: 13.22, f1: 19.12
epoch:  67, val_loss:2.059032, acc: 21.46, bacc: 33.41, tmp_test_f1: 11.80, f1: 19.12
epoch:  68, val_loss:2.071874, acc: 21.46, bacc: 33.41, tmp_test_f1: 16.56, f1: 19.12
epoch:  69, val_loss:2.016497, acc: 21.46, bacc: 33.41, tmp_test_f1: 16.38, f1: 19.12
epoch:  70, val_loss:2.021548, acc: 21.46, bacc: 33.41, tmp_test_f1: 18.44, f1: 19.12
test_f1 CountNotImproved reset to 0 in epoch 71
epoch:  71, val_loss:2.052698, acc: 23.10, bacc: 34.33, tmp_test_f1: 19.18, f1: 19.18
test_f1 CountNotImproved reset to 0 in epoch 72
epoch:  72, val_loss:2.067237, acc: 25.07, bacc: 36.94, tmp_test_f1: 19.96, f1: 19.96
test_f1 CountNotImproved reset to 0 in epoch 73
epoch:  73, val_loss:2.020074, acc: 32.46, bacc: 41.31, tmp_test_f1: 24.58, f1: 24.58
epoch:  74, val_loss:1.940420, acc: 32.46, bacc: 41.31, tmp_test_f1: 15.82, f1: 24.58
epoch:  75, val_loss:1.909735, acc: 32.46, bacc: 41.31, tmp_test_f1: 16.89, f1: 24.58
epoch:  76, val_loss:1.875549, acc: 32.46, bacc: 41.31, tmp_test_f1: 21.76, f1: 24.58
epoch:  77, val_loss:1.903231, acc: 32.46, bacc: 41.31, tmp_test_f1: 21.78, f1: 24.58
epoch:  78, val_loss:1.941457, acc: 32.46, bacc: 41.31, tmp_test_f1: 21.21, f1: 24.58
test_f1 CountNotImproved reset to 0 in epoch 79
epoch:  79, val_loss:1.929030, acc: 31.03, bacc: 40.39, tmp_test_f1: 27.17, f1: 27.17
epoch:  80, val_loss:1.851063, acc: 31.03, bacc: 40.39, tmp_test_f1: 26.86, f1: 27.17
test_f1 CountNotImproved reset to 0 in epoch 81
epoch:  81, val_loss:1.825739, acc: 33.09, bacc: 44.13, tmp_test_f1: 28.52, f1: 28.52
test_f1 CountNotImproved reset to 0 in epoch 82
epoch:  82, val_loss:1.819866, acc: 36.12, bacc: 41.45, tmp_test_f1: 31.20, f1: 31.20
epoch:  83, val_loss:1.906333, acc: 36.12, bacc: 41.45, tmp_test_f1: 25.82, f1: 31.20
epoch:  84, val_loss:1.894471, acc: 36.12, bacc: 41.45, tmp_test_f1: 21.90, f1: 31.20
epoch:  85, val_loss:1.848262, acc: 36.12, bacc: 41.45, tmp_test_f1: 25.22, f1: 31.20
epoch:  86, val_loss:1.836144, acc: 36.12, bacc: 41.45, tmp_test_f1: 28.94, f1: 31.20
epoch:  87, val_loss:1.760823, acc: 36.12, bacc: 41.45, tmp_test_f1: 29.17, f1: 31.20
epoch:  88, val_loss:1.768934, acc: 36.12, bacc: 41.45, tmp_test_f1: 25.79, f1: 31.20
epoch:  89, val_loss:1.832227, acc: 36.12, bacc: 41.45, tmp_test_f1: 26.99, f1: 31.20
epoch:  90, val_loss:1.836734, acc: 36.12, bacc: 41.45, tmp_test_f1: 30.65, f1: 31.20
epoch:  91, val_loss:1.751506, acc: 36.12, bacc: 41.45, tmp_test_f1: 24.16, f1: 31.20
epoch:  92, val_loss:1.675136, acc: 36.12, bacc: 41.45, tmp_test_f1: 27.52, f1: 31.20
test_f1 CountNotImproved reset to 0 in epoch 93
epoch:  93, val_loss:1.681210, acc: 28.44, bacc: 46.82, tmp_test_f1: 31.63, f1: 31.63
epoch:  94, val_loss:1.721319, acc: 28.44, bacc: 46.82, tmp_test_f1: 28.25, f1: 31.63
epoch:  95, val_loss:1.784377, acc: 28.44, bacc: 46.82, tmp_test_f1: 27.80, f1: 31.63
test_f1 CountNotImproved reset to 0 in epoch 96
epoch:  96, val_loss:1.761783, acc: 35.90, bacc: 46.93, tmp_test_f1: 32.13, f1: 32.13
test_f1 CountNotImproved reset to 0 in epoch 97
epoch:  97, val_loss:1.724988, acc: 34.28, bacc: 46.35, tmp_test_f1: 33.33, f1: 33.33
epoch:  98, val_loss:1.682052, acc: 34.28, bacc: 46.35, tmp_test_f1: 31.97, f1: 33.33
epoch:  99, val_loss:1.678755, acc: 34.28, bacc: 46.35, tmp_test_f1: 30.41, f1: 33.33
epoch: 100, val_loss:1.737372, acc: 34.28, bacc: 46.35, tmp_test_f1: 29.08, f1: 33.33
epoch: 101, val_loss:1.799662, acc: 34.28, bacc: 46.35, tmp_test_f1: 33.28, f1: 33.33
epoch: 102, val_loss:1.649369, acc: 34.28, bacc: 46.35, tmp_test_f1: 26.51, f1: 33.33
epoch: 103, val_loss:1.582290, acc: 34.28, bacc: 46.35, tmp_test_f1: 26.28, f1: 33.33
epoch: 104, val_loss:1.560010, acc: 34.28, bacc: 46.35, tmp_test_f1: 26.66, f1: 33.33
epoch: 105, val_loss:1.564729, acc: 34.28, bacc: 46.35, tmp_test_f1: 28.91, f1: 33.33
epoch: 106, val_loss:1.614404, acc: 34.28, bacc: 46.35, tmp_test_f1: 29.23, f1: 33.33
epoch: 107, val_loss:1.725287, acc: 34.28, bacc: 46.35, tmp_test_f1: 29.35, f1: 33.33
epoch: 108, val_loss:1.786333, acc: 34.28, bacc: 46.35, tmp_test_f1: 25.06, f1: 33.33
epoch: 109, val_loss:1.746658, acc: 34.28, bacc: 46.35, tmp_test_f1: 25.25, f1: 33.33
epoch: 110, val_loss:1.706343, acc: 34.28, bacc: 46.35, tmp_test_f1: 29.17, f1: 33.33
epoch: 111, val_loss:1.711811, acc: 34.28, bacc: 46.35, tmp_test_f1: 29.74, f1: 33.33
epoch: 112, val_loss:1.729431, acc: 34.28, bacc: 46.35, tmp_test_f1: 29.48, f1: 33.33
epoch: 113, val_loss:1.782684, acc: 34.28, bacc: 46.35, tmp_test_f1: 32.50, f1: 33.33
test_f1 CountNotImproved reset to 0 in epoch 114
epoch: 114, val_loss:1.802431, acc: 27.61, bacc: 42.37, tmp_test_f1: 34.19, f1: 34.19
test_f1 CountNotImproved reset to 0 in epoch 115
epoch: 115, val_loss:1.735482, acc: 36.51, bacc: 46.76, tmp_test_f1: 37.67, f1: 37.67
epoch: 116, val_loss:1.672513, acc: 36.51, bacc: 46.76, tmp_test_f1: 32.59, f1: 37.67
epoch: 117, val_loss:1.708681, acc: 36.51, bacc: 46.76, tmp_test_f1: 32.47, f1: 37.67
epoch: 118, val_loss:1.702318, acc: 36.51, bacc: 46.76, tmp_test_f1: 36.32, f1: 37.67
epoch: 119, val_loss:1.665701, acc: 36.51, bacc: 46.76, tmp_test_f1: 30.24, f1: 37.67
epoch: 120, val_loss:1.638750, acc: 36.51, bacc: 46.76, tmp_test_f1: 33.88, f1: 37.67
epoch: 121, val_loss:1.662640, acc: 36.51, bacc: 46.76, tmp_test_f1: 35.28, f1: 37.67
epoch: 122, val_loss:1.691490, acc: 36.51, bacc: 46.76, tmp_test_f1: 31.26, f1: 37.67
epoch: 123, val_loss:1.625337, acc: 36.51, bacc: 46.76, tmp_test_f1: 35.46, f1: 37.67
epoch: 124, val_loss:1.599034, acc: 36.51, bacc: 46.76, tmp_test_f1: 32.03, f1: 37.67
test_f1 CountNotImproved reset to 0 in epoch 125
epoch: 125, val_loss:1.599988, acc: 46.17, bacc: 51.97, tmp_test_f1: 39.66, f1: 39.66
epoch: 126, val_loss:1.567393, acc: 46.17, bacc: 51.97, tmp_test_f1: 38.04, f1: 39.66
epoch: 127, val_loss:1.625262, acc: 46.17, bacc: 51.97, tmp_test_f1: 33.18, f1: 39.66
epoch: 128, val_loss:1.702226, acc: 46.17, bacc: 51.97, tmp_test_f1: 37.68, f1: 39.66
epoch: 129, val_loss:1.568408, acc: 46.17, bacc: 51.97, tmp_test_f1: 32.10, f1: 39.66
epoch: 130, val_loss:1.606478, acc: 46.17, bacc: 51.97, tmp_test_f1: 36.27, f1: 39.66
epoch: 131, val_loss:1.715093, acc: 46.17, bacc: 51.97, tmp_test_f1: 39.54, f1: 39.66
test_f1 CountNotImproved reset to 0 in epoch 132
epoch: 132, val_loss:1.627330, acc: 51.60, bacc: 55.16, tmp_test_f1: 40.11, f1: 40.11
epoch: 133, val_loss:1.512878, acc: 51.60, bacc: 55.16, tmp_test_f1: 35.20, f1: 40.11
epoch: 134, val_loss:1.519087, acc: 51.60, bacc: 55.16, tmp_test_f1: 35.38, f1: 40.11
epoch: 135, val_loss:1.703556, acc: 51.60, bacc: 55.16, tmp_test_f1: 31.47, f1: 40.11
epoch: 136, val_loss:1.699067, acc: 51.60, bacc: 55.16, tmp_test_f1: 35.22, f1: 40.11
test_f1 CountNotImproved reset to 0 in epoch 137
epoch: 137, val_loss:1.620889, acc: 52.66, bacc: 55.71, tmp_test_f1: 41.78, f1: 41.78
epoch: 138, val_loss:1.563186, acc: 52.66, bacc: 55.71, tmp_test_f1: 37.52, f1: 41.78
epoch: 139, val_loss:1.641010, acc: 52.66, bacc: 55.71, tmp_test_f1: 33.30, f1: 41.78
epoch: 140, val_loss:1.739036, acc: 52.66, bacc: 55.71, tmp_test_f1: 24.65, f1: 41.78
epoch: 141, val_loss:1.701062, acc: 52.66, bacc: 55.71, tmp_test_f1: 32.99, f1: 41.78
epoch: 142, val_loss:1.612186, acc: 52.66, bacc: 55.71, tmp_test_f1: 32.95, f1: 41.78
epoch: 143, val_loss:1.555656, acc: 52.66, bacc: 55.71, tmp_test_f1: 30.08, f1: 41.78
epoch: 144, val_loss:1.611147, acc: 52.66, bacc: 55.71, tmp_test_f1: 32.48, f1: 41.78
epoch: 145, val_loss:1.560894, acc: 52.66, bacc: 55.71, tmp_test_f1: 39.11, f1: 41.78
epoch: 146, val_loss:1.510564, acc: 52.66, bacc: 55.71, tmp_test_f1: 38.28, f1: 41.78
epoch: 147, val_loss:1.475643, acc: 52.66, bacc: 55.71, tmp_test_f1: 32.94, f1: 41.78
epoch: 148, val_loss:1.574830, acc: 52.66, bacc: 55.71, tmp_test_f1: 33.52, f1: 41.78
epoch: 149, val_loss:1.669442, acc: 52.66, bacc: 55.71, tmp_test_f1: 30.65, f1: 41.78
epoch: 150, val_loss:1.627257, acc: 52.66, bacc: 55.71, tmp_test_f1: 26.27, f1: 41.78
epoch: 151, val_loss:1.630921, acc: 52.66, bacc: 55.71, tmp_test_f1: 26.94, f1: 41.78
epoch: 152, val_loss:1.617672, acc: 52.66, bacc: 55.71, tmp_test_f1: 40.04, f1: 41.78
epoch: 153, val_loss:1.604915, acc: 52.66, bacc: 55.71, tmp_test_f1: 36.46, f1: 41.78
epoch: 154, val_loss:1.526660, acc: 52.66, bacc: 55.71, tmp_test_f1: 32.38, f1: 41.78
epoch: 155, val_loss:1.532499, acc: 52.66, bacc: 55.71, tmp_test_f1: 30.05, f1: 41.78
epoch: 156, val_loss:1.620644, acc: 52.66, bacc: 55.71, tmp_test_f1: 28.13, f1: 41.78
epoch: 157, val_loss:1.666815, acc: 52.66, bacc: 55.71, tmp_test_f1: 31.53, f1: 41.78
epoch: 158, val_loss:1.576615, acc: 52.66, bacc: 55.71, tmp_test_f1: 33.95, f1: 41.78
epoch: 159, val_loss:1.537824, acc: 52.66, bacc: 55.71, tmp_test_f1: 35.07, f1: 41.78
epoch: 160, val_loss:1.535899, acc: 52.66, bacc: 55.71, tmp_test_f1: 36.09, f1: 41.78
epoch: 161, val_loss:1.584943, acc: 52.66, bacc: 55.71, tmp_test_f1: 34.09, f1: 41.78
epoch: 162, val_loss:1.646252, acc: 52.66, bacc: 55.71, tmp_test_f1: 25.85, f1: 41.78
epoch: 163, val_loss:1.609275, acc: 52.66, bacc: 55.71, tmp_test_f1: 37.79, f1: 41.78
epoch: 164, val_loss:1.524093, acc: 52.66, bacc: 55.71, tmp_test_f1: 36.50, f1: 41.78
test_f1 CountNotImproved reset to 0 in epoch 165
epoch: 165, val_loss:1.515447, acc: 29.66, bacc: 53.05, tmp_test_f1: 42.80, f1: 42.80
epoch: 166, val_loss:1.507986, acc: 29.66, bacc: 53.05, tmp_test_f1: 38.08, f1: 42.80
epoch: 167, val_loss:1.519442, acc: 29.66, bacc: 53.05, tmp_test_f1: 41.19, f1: 42.80
epoch: 168, val_loss:1.499932, acc: 29.66, bacc: 53.05, tmp_test_f1: 40.47, f1: 42.80
epoch: 169, val_loss:1.549449, acc: 29.66, bacc: 53.05, tmp_test_f1: 30.20, f1: 42.80
epoch: 170, val_loss:1.614846, acc: 29.66, bacc: 53.05, tmp_test_f1: 30.65, f1: 42.80
epoch: 171, val_loss:1.617732, acc: 29.66, bacc: 53.05, tmp_test_f1: 29.62, f1: 42.80
epoch: 172, val_loss:1.559305, acc: 29.66, bacc: 53.05, tmp_test_f1: 30.95, f1: 42.80
epoch: 173, val_loss:1.521235, acc: 29.66, bacc: 53.05, tmp_test_f1: 29.71, f1: 42.80
epoch: 174, val_loss:1.523927, acc: 29.66, bacc: 53.05, tmp_test_f1: 33.28, f1: 42.80
epoch: 175, val_loss:1.557779, acc: 29.66, bacc: 53.05, tmp_test_f1: 37.42, f1: 42.80
epoch: 176, val_loss:1.531188, acc: 29.66, bacc: 53.05, tmp_test_f1: 33.51, f1: 42.80
epoch: 177, val_loss:1.499631, acc: 29.66, bacc: 53.05, tmp_test_f1: 41.81, f1: 42.80
epoch: 178, val_loss:1.474587, acc: 29.66, bacc: 53.05, tmp_test_f1: 40.83, f1: 42.80
epoch: 179, val_loss:1.460793, acc: 29.66, bacc: 53.05, tmp_test_f1: 33.13, f1: 42.80
epoch: 180, val_loss:1.508907, acc: 29.66, bacc: 53.05, tmp_test_f1: 35.95, f1: 42.80
epoch: 181, val_loss:1.589924, acc: 29.66, bacc: 53.05, tmp_test_f1: 32.92, f1: 42.80
epoch: 182, val_loss:1.595040, acc: 29.66, bacc: 53.05, tmp_test_f1: 32.20, f1: 42.80
epoch: 183, val_loss:1.554407, acc: 29.66, bacc: 53.05, tmp_test_f1: 35.74, f1: 42.80
epoch: 184, val_loss:1.496216, acc: 29.66, bacc: 53.05, tmp_test_f1: 32.19, f1: 42.80
epoch: 185, val_loss:1.548921, acc: 29.66, bacc: 53.05, tmp_test_f1: 29.85, f1: 42.80
epoch: 186, val_loss:1.594598, acc: 29.66, bacc: 53.05, tmp_test_f1: 33.08, f1: 42.80
test_f1 CountNotImproved reset to 0 in epoch 187
epoch: 187, val_loss:1.534066, acc: 48.05, bacc: 57.97, tmp_test_f1: 47.86, f1: 47.86
epoch: 188, val_loss:1.441324, acc: 48.05, bacc: 57.97, tmp_test_f1: 33.34, f1: 47.86
epoch: 189, val_loss:1.555149, acc: 48.05, bacc: 57.97, tmp_test_f1: 27.91, f1: 47.86
epoch: 190, val_loss:1.657768, acc: 48.05, bacc: 57.97, tmp_test_f1: 32.43, f1: 47.86
epoch: 191, val_loss:1.575116, acc: 48.05, bacc: 57.97, tmp_test_f1: 41.05, f1: 47.86
epoch: 192, val_loss:1.472003, acc: 48.05, bacc: 57.97, tmp_test_f1: 36.39, f1: 47.86
epoch: 193, val_loss:1.413864, acc: 48.05, bacc: 57.97, tmp_test_f1: 38.85, f1: 47.86
epoch: 194, val_loss:1.422047, acc: 48.05, bacc: 57.97, tmp_test_f1: 38.27, f1: 47.86
epoch: 195, val_loss:1.471566, acc: 48.05, bacc: 57.97, tmp_test_f1: 33.56, f1: 47.86
epoch: 196, val_loss:1.520658, acc: 48.05, bacc: 57.97, tmp_test_f1: 33.02, f1: 47.86
epoch: 197, val_loss:1.480050, acc: 48.05, bacc: 57.97, tmp_test_f1: 39.67, f1: 47.86
epoch: 198, val_loss:1.423500, acc: 48.05, bacc: 57.97, tmp_test_f1: 39.31, f1: 47.86
epoch: 199, val_loss:1.443900, acc: 48.05, bacc: 57.97, tmp_test_f1: 31.05, f1: 47.86
epoch: 200, val_loss:1.554312, acc: 48.05, bacc: 57.97, tmp_test_f1: 27.53, f1: 47.86
epoch: 201, val_loss:1.631564, acc: 48.05, bacc: 57.97, tmp_test_f1: 34.73, f1: 47.86
epoch: 202, val_loss:1.586305, acc: 48.05, bacc: 57.97, tmp_test_f1: 37.14, f1: 47.86
epoch: 203, val_loss:1.480592, acc: 48.05, bacc: 57.97, tmp_test_f1: 47.39, f1: 47.86
epoch: 204, val_loss:1.391096, acc: 48.05, bacc: 57.97, tmp_test_f1: 38.75, f1: 47.86
epoch: 205, val_loss:1.466284, acc: 48.05, bacc: 57.97, tmp_test_f1: 34.49, f1: 47.86
epoch: 206, val_loss:1.563235, acc: 48.05, bacc: 57.97, tmp_test_f1: 26.00, f1: 47.86
epoch: 207, val_loss:1.682986, acc: 48.05, bacc: 57.97, tmp_test_f1: 26.11, f1: 47.86
epoch: 208, val_loss:1.666081, acc: 48.05, bacc: 57.97, tmp_test_f1: 30.11, f1: 47.86
epoch: 209, val_loss:1.613862, acc: 48.05, bacc: 57.97, tmp_test_f1: 36.14, f1: 47.86
epoch: 210, val_loss:1.511821, acc: 48.05, bacc: 57.97, tmp_test_f1: 38.07, f1: 47.86
epoch: 211, val_loss:1.417695, acc: 48.05, bacc: 57.97, tmp_test_f1: 38.26, f1: 47.86
epoch: 212, val_loss:1.406941, acc: 48.05, bacc: 57.97, tmp_test_f1: 35.13, f1: 47.86
epoch: 213, val_loss:1.518302, acc: 48.05, bacc: 57.97, tmp_test_f1: 32.27, f1: 47.86
epoch: 214, val_loss:1.597429, acc: 48.05, bacc: 57.97, tmp_test_f1: 31.62, f1: 47.86
epoch: 215, val_loss:1.652661, acc: 48.05, bacc: 57.97, tmp_test_f1: 30.24, f1: 47.86
epoch: 216, val_loss:1.610695, acc: 48.05, bacc: 57.97, tmp_test_f1: 34.32, f1: 47.86
epoch: 217, val_loss:1.479205, acc: 48.05, bacc: 57.97, tmp_test_f1: 35.78, f1: 47.86
epoch: 218, val_loss:1.415908, acc: 48.05, bacc: 57.97, tmp_test_f1: 34.99, f1: 47.86
epoch: 219, val_loss:1.493856, acc: 48.05, bacc: 57.97, tmp_test_f1: 35.17, f1: 47.86
epoch: 220, val_loss:1.572471, acc: 48.05, bacc: 57.97, tmp_test_f1: 38.33, f1: 47.86
epoch: 221, val_loss:1.546315, acc: 48.05, bacc: 57.97, tmp_test_f1: 36.86, f1: 47.86
epoch: 222, val_loss:1.514714, acc: 48.05, bacc: 57.97, tmp_test_f1: 35.61, f1: 47.86
epoch: 223, val_loss:1.490411, acc: 48.05, bacc: 57.97, tmp_test_f1: 34.51, f1: 47.86
epoch: 224, val_loss:1.476972, acc: 48.05, bacc: 57.97, tmp_test_f1: 43.23, f1: 47.86
epoch: 225, val_loss:1.393168, acc: 48.05, bacc: 57.97, tmp_test_f1: 40.62, f1: 47.86
epoch: 226, val_loss:1.379896, acc: 48.05, bacc: 57.97, tmp_test_f1: 39.55, f1: 47.86
epoch: 227, val_loss:1.410122, acc: 48.05, bacc: 57.97, tmp_test_f1: 36.96, f1: 47.86
epoch: 228, val_loss:1.478796, acc: 48.05, bacc: 57.97, tmp_test_f1: 36.49, f1: 47.86
epoch: 229, val_loss:1.514707, acc: 48.05, bacc: 57.97, tmp_test_f1: 38.84, f1: 47.86
epoch: 230, val_loss:1.418635, acc: 48.05, bacc: 57.97, tmp_test_f1: 40.31, f1: 47.86
epoch: 231, val_loss:1.409407, acc: 48.05, bacc: 57.97, tmp_test_f1: 39.51, f1: 47.86
epoch: 232, val_loss:1.411633, acc: 48.05, bacc: 57.97, tmp_test_f1: 38.16, f1: 47.86
epoch: 233, val_loss:1.447095, acc: 48.05, bacc: 57.97, tmp_test_f1: 38.36, f1: 47.86
epoch: 234, val_loss:1.472754, acc: 48.05, bacc: 57.97, tmp_test_f1: 37.67, f1: 47.86
epoch: 235, val_loss:1.463088, acc: 48.05, bacc: 57.97, tmp_test_f1: 33.67, f1: 47.86
epoch: 236, val_loss:1.511607, acc: 48.05, bacc: 57.97, tmp_test_f1: 30.78, f1: 47.86
epoch: 237, val_loss:1.517319, acc: 48.05, bacc: 57.97, tmp_test_f1: 30.97, f1: 47.86
epoch: 238, val_loss:1.556001, acc: 48.05, bacc: 57.97, tmp_test_f1: 37.40, f1: 47.86
epoch: 239, val_loss:1.442016, acc: 48.05, bacc: 57.97, tmp_test_f1: 35.56, f1: 47.86
epoch: 240, val_loss:1.416531, acc: 48.05, bacc: 57.97, tmp_test_f1: 29.90, f1: 47.86
epoch: 241, val_loss:1.480281, acc: 48.05, bacc: 57.97, tmp_test_f1: 29.80, f1: 47.86
epoch: 242, val_loss:1.521957, acc: 48.05, bacc: 57.97, tmp_test_f1: 33.77, f1: 47.86
epoch: 243, val_loss:1.576286, acc: 48.05, bacc: 57.97, tmp_test_f1: 35.23, f1: 47.86
epoch: 244, val_loss:1.518178, acc: 48.05, bacc: 57.97, tmp_test_f1: 32.88, f1: 47.86
epoch: 245, val_loss:1.478371, acc: 48.05, bacc: 57.97, tmp_test_f1: 31.41, f1: 47.86
epoch: 246, val_loss:1.486011, acc: 48.05, bacc: 57.97, tmp_test_f1: 34.62, f1: 47.86
epoch: 247, val_loss:1.510932, acc: 48.05, bacc: 57.97, tmp_test_f1: 35.99, f1: 47.86
epoch: 248, val_loss:1.530903, acc: 48.05, bacc: 57.97, tmp_test_f1: 32.77, f1: 47.86
epoch: 249, val_loss:1.551748, acc: 48.05, bacc: 57.97, tmp_test_f1: 31.77, f1: 47.86
epoch: 250, val_loss:1.616220, acc: 48.05, bacc: 57.97, tmp_test_f1: 27.52, f1: 47.86
epoch: 251, val_loss:1.714835, acc: 48.05, bacc: 57.97, tmp_test_f1: 32.57, f1: 47.86
epoch: 252, val_loss:1.597283, acc: 48.05, bacc: 57.97, tmp_test_f1: 38.94, f1: 47.86
epoch: 253, val_loss:1.493037, acc: 48.05, bacc: 57.97, tmp_test_f1: 42.94, f1: 47.86
epoch: 254, val_loss:1.402228, acc: 48.05, bacc: 57.97, tmp_test_f1: 33.46, f1: 47.86
epoch: 255, val_loss:1.638773, acc: 48.05, bacc: 57.97, tmp_test_f1: 23.15, f1: 47.86
epoch: 256, val_loss:1.835188, acc: 48.05, bacc: 57.97, tmp_test_f1: 24.68, f1: 47.86
epoch: 257, val_loss:1.669943, acc: 48.05, bacc: 57.97, tmp_test_f1: 39.54, f1: 47.86
epoch: 258, val_loss:1.479924, acc: 48.05, bacc: 57.97, tmp_test_f1: 39.54, f1: 47.86
epoch: 259, val_loss:1.358677, acc: 48.05, bacc: 57.97, tmp_test_f1: 41.44, f1: 47.86
epoch: 260, val_loss:1.347705, acc: 48.05, bacc: 57.97, tmp_test_f1: 36.96, f1: 47.86
epoch: 261, val_loss:1.455302, acc: 48.05, bacc: 57.97, tmp_test_f1: 26.96, f1: 47.86
epoch: 262, val_loss:1.527378, acc: 48.05, bacc: 57.97, tmp_test_f1: 26.22, f1: 47.86
epoch: 263, val_loss:1.583746, acc: 48.05, bacc: 57.97, tmp_test_f1: 21.78, f1: 47.86
epoch: 264, val_loss:1.652531, acc: 48.05, bacc: 57.97, tmp_test_f1: 33.64, f1: 47.86
test_f1 CountNotImproved reset to 0 in epoch 265
epoch: 265, val_loss:1.443347, acc: 52.38, bacc: 62.88, tmp_test_f1: 50.36, f1: 50.36
epoch: 266, val_loss:1.340374, acc: 52.38, bacc: 62.88, tmp_test_f1: 31.31, f1: 50.36
epoch: 267, val_loss:1.397271, acc: 52.38, bacc: 62.88, tmp_test_f1: 22.23, f1: 50.36
epoch: 268, val_loss:1.588551, acc: 52.38, bacc: 62.88, tmp_test_f1: 35.23, f1: 50.36
epoch: 269, val_loss:1.485407, acc: 52.38, bacc: 62.88, tmp_test_f1: 36.51, f1: 50.36
epoch: 270, val_loss:1.512549, acc: 52.38, bacc: 62.88, tmp_test_f1: 33.71, f1: 50.36
epoch: 271, val_loss:1.557670, acc: 52.38, bacc: 62.88, tmp_test_f1: 28.65, f1: 50.36
epoch: 272, val_loss:1.586414, acc: 52.38, bacc: 62.88, tmp_test_f1: 32.75, f1: 50.36
epoch: 273, val_loss:1.499978, acc: 52.38, bacc: 62.88, tmp_test_f1: 36.26, f1: 50.36
epoch: 274, val_loss:1.453286, acc: 52.38, bacc: 62.88, tmp_test_f1: 39.69, f1: 50.36
epoch: 275, val_loss:1.436892, acc: 52.38, bacc: 62.88, tmp_test_f1: 39.60, f1: 50.36
epoch: 276, val_loss:1.438268, acc: 52.38, bacc: 62.88, tmp_test_f1: 27.88, f1: 50.36
epoch: 277, val_loss:1.543007, acc: 52.38, bacc: 62.88, tmp_test_f1: 28.18, f1: 50.36
epoch: 278, val_loss:1.638563, acc: 52.38, bacc: 62.88, tmp_test_f1: 28.19, f1: 50.36
epoch: 279, val_loss:1.703932, acc: 52.38, bacc: 62.88, tmp_test_f1: 32.36, f1: 50.36
epoch: 280, val_loss:1.671298, acc: 52.38, bacc: 62.88, tmp_test_f1: 35.00, f1: 50.36
epoch: 281, val_loss:1.599095, acc: 52.38, bacc: 62.88, tmp_test_f1: 31.44, f1: 50.36
epoch: 282, val_loss:1.465584, acc: 52.38, bacc: 62.88, tmp_test_f1: 30.32, f1: 50.36
epoch: 283, val_loss:1.432710, acc: 52.38, bacc: 62.88, tmp_test_f1: 35.07, f1: 50.36
epoch: 284, val_loss:1.519855, acc: 52.38, bacc: 62.88, tmp_test_f1: 30.98, f1: 50.36
epoch: 285, val_loss:1.727841, acc: 52.38, bacc: 62.88, tmp_test_f1: 24.62, f1: 50.36
epoch: 286, val_loss:1.744545, acc: 52.38, bacc: 62.88, tmp_test_f1: 29.04, f1: 50.36
epoch: 287, val_loss:1.528884, acc: 52.38, bacc: 62.88, tmp_test_f1: 28.40, f1: 50.36
epoch: 288, val_loss:1.467082, acc: 52.38, bacc: 62.88, tmp_test_f1: 28.46, f1: 50.36
epoch: 289, val_loss:1.464825, acc: 52.38, bacc: 62.88, tmp_test_f1: 25.53, f1: 50.36
epoch: 290, val_loss:1.646858, acc: 52.38, bacc: 62.88, tmp_test_f1: 30.63, f1: 50.36
epoch: 291, val_loss:1.644948, acc: 52.38, bacc: 62.88, tmp_test_f1: 39.64, f1: 50.36
epoch: 292, val_loss:1.536683, acc: 52.38, bacc: 62.88, tmp_test_f1: 41.85, f1: 50.36
epoch: 293, val_loss:1.436628, acc: 52.38, bacc: 62.88, tmp_test_f1: 28.06, f1: 50.36
epoch: 294, val_loss:1.460308, acc: 52.38, bacc: 62.88, tmp_test_f1: 25.42, f1: 50.36
epoch: 295, val_loss:1.495132, acc: 52.38, bacc: 62.88, tmp_test_f1: 35.02, f1: 50.36
epoch: 296, val_loss:1.459030, acc: 52.38, bacc: 62.88, tmp_test_f1: 40.69, f1: 50.36
epoch: 297, val_loss:1.442654, acc: 52.38, bacc: 62.88, tmp_test_f1: 39.88, f1: 50.36
epoch: 298, val_loss:1.450328, acc: 52.38, bacc: 62.88, tmp_test_f1: 28.95, f1: 50.36
epoch: 299, val_loss:1.530396, acc: 52.38, bacc: 62.88, tmp_test_f1: 23.07, f1: 50.36
epoch: 300, val_loss:1.578376, acc: 52.38, bacc: 62.88, tmp_test_f1: 24.50, f1: 50.36
epoch: 301, val_loss:1.540991, acc: 52.38, bacc: 62.88, tmp_test_f1: 37.84, f1: 50.36
epoch: 302, val_loss:1.494942, acc: 52.38, bacc: 62.88, tmp_test_f1: 38.93, f1: 50.36
epoch: 303, val_loss:1.518838, acc: 52.38, bacc: 62.88, tmp_test_f1: 32.57, f1: 50.36
epoch: 304, val_loss:1.534091, acc: 52.38, bacc: 62.88, tmp_test_f1: 24.51, f1: 50.36
epoch: 305, val_loss:1.540070, acc: 52.38, bacc: 62.88, tmp_test_f1: 26.56, f1: 50.36
epoch: 306, val_loss:1.525837, acc: 52.38, bacc: 62.88, tmp_test_f1: 33.98, f1: 50.36
epoch: 307, val_loss:1.515659, acc: 52.38, bacc: 62.88, tmp_test_f1: 37.39, f1: 50.36
epoch: 308, val_loss:1.526622, acc: 52.38, bacc: 62.88, tmp_test_f1: 35.43, f1: 50.36
epoch: 309, val_loss:1.508997, acc: 52.38, bacc: 62.88, tmp_test_f1: 32.84, f1: 50.36
epoch: 310, val_loss:1.429176, acc: 52.38, bacc: 62.88, tmp_test_f1: 32.63, f1: 50.36
epoch: 311, val_loss:1.408262, acc: 52.38, bacc: 62.88, tmp_test_f1: 32.13, f1: 50.36
epoch: 312, val_loss:1.439782, acc: 52.38, bacc: 62.88, tmp_test_f1: 30.79, f1: 50.36
epoch: 313, val_loss:1.601330, acc: 52.38, bacc: 62.88, tmp_test_f1: 32.76, f1: 50.36
epoch: 314, val_loss:1.577762, acc: 52.38, bacc: 62.88, tmp_test_f1: 35.25, f1: 50.36
epoch: 315, val_loss:1.423473, acc: 52.38, bacc: 62.88, tmp_test_f1: 38.79, f1: 50.36
epoch: 316, val_loss:1.368967, acc: 52.38, bacc: 62.88, tmp_test_f1: 32.43, f1: 50.36
epoch: 317, val_loss:1.394300, acc: 52.38, bacc: 62.88, tmp_test_f1: 32.33, f1: 50.36
epoch: 318, val_loss:1.478460, acc: 52.38, bacc: 62.88, tmp_test_f1: 31.37, f1: 50.36
epoch: 319, val_loss:1.562251, acc: 52.38, bacc: 62.88, tmp_test_f1: 32.47, f1: 50.36
epoch: 320, val_loss:1.540614, acc: 52.38, bacc: 62.88, tmp_test_f1: 33.43, f1: 50.36
epoch: 321, val_loss:1.469628, acc: 52.38, bacc: 62.88, tmp_test_f1: 26.80, f1: 50.36
epoch: 322, val_loss:1.468067, acc: 52.38, bacc: 62.88, tmp_test_f1: 26.89, f1: 50.36
epoch: 323, val_loss:1.514676, acc: 52.38, bacc: 62.88, tmp_test_f1: 27.39, f1: 50.36
epoch: 324, val_loss:1.592153, acc: 52.38, bacc: 62.88, tmp_test_f1: 33.65, f1: 50.36
epoch: 325, val_loss:1.539969, acc: 52.38, bacc: 62.88, tmp_test_f1: 33.04, f1: 50.36
epoch: 326, val_loss:1.515546, acc: 52.38, bacc: 62.88, tmp_test_f1: 26.68, f1: 50.36
epoch: 327, val_loss:1.543847, acc: 52.38, bacc: 62.88, tmp_test_f1: 23.09, f1: 50.36
epoch: 328, val_loss:1.594173, acc: 52.38, bacc: 62.88, tmp_test_f1: 30.29, f1: 50.36
epoch: 329, val_loss:1.526625, acc: 52.38, bacc: 62.88, tmp_test_f1: 33.55, f1: 50.36
epoch: 330, val_loss:1.517186, acc: 52.38, bacc: 62.88, tmp_test_f1: 32.11, f1: 50.36
epoch: 331, val_loss:1.565921, acc: 52.38, bacc: 62.88, tmp_test_f1: 26.65, f1: 50.36
epoch: 332, val_loss:1.582760, acc: 52.38, bacc: 62.88, tmp_test_f1: 24.63, f1: 50.36
epoch: 333, val_loss:1.565066, acc: 52.38, bacc: 62.88, tmp_test_f1: 31.35, f1: 50.36
epoch: 334, val_loss:1.481471, acc: 52.38, bacc: 62.88, tmp_test_f1: 35.09, f1: 50.36
epoch: 335, val_loss:1.443759, acc: 52.38, bacc: 62.88, tmp_test_f1: 35.76, f1: 50.36
epoch: 336, val_loss:1.503217, acc: 52.38, bacc: 62.88, tmp_test_f1: 29.56, f1: 50.36
epoch: 337, val_loss:1.543871, acc: 52.38, bacc: 62.88, tmp_test_f1: 24.24, f1: 50.36
epoch: 338, val_loss:1.551752, acc: 52.38, bacc: 62.88, tmp_test_f1: 26.96, f1: 50.36
epoch: 339, val_loss:1.510950, acc: 52.38, bacc: 62.88, tmp_test_f1: 34.65, f1: 50.36
epoch: 340, val_loss:1.475310, acc: 52.38, bacc: 62.88, tmp_test_f1: 35.92, f1: 50.36
epoch: 341, val_loss:1.499418, acc: 52.38, bacc: 62.88, tmp_test_f1: 31.92, f1: 50.36
epoch: 342, val_loss:1.502615, acc: 52.38, bacc: 62.88, tmp_test_f1: 28.34, f1: 50.36
epoch: 343, val_loss:1.483996, acc: 52.38, bacc: 62.88, tmp_test_f1: 26.67, f1: 50.36
epoch: 344, val_loss:1.466961, acc: 52.38, bacc: 62.88, tmp_test_f1: 29.10, f1: 50.36
epoch: 345, val_loss:1.499209, acc: 52.38, bacc: 62.88, tmp_test_f1: 34.25, f1: 50.36
epoch: 346, val_loss:1.481117, acc: 52.38, bacc: 62.88, tmp_test_f1: 32.16, f1: 50.36
epoch: 347, val_loss:1.489960, acc: 52.38, bacc: 62.88, tmp_test_f1: 22.75, f1: 50.36
epoch: 348, val_loss:1.529154, acc: 52.38, bacc: 62.88, tmp_test_f1: 25.01, f1: 50.36
epoch: 349, val_loss:1.479595, acc: 52.38, bacc: 62.88, tmp_test_f1: 32.94, f1: 50.36
epoch: 350, val_loss:1.437115, acc: 52.38, bacc: 62.88, tmp_test_f1: 32.01, f1: 50.36
epoch: 351, val_loss:1.516157, acc: 52.38, bacc: 62.88, tmp_test_f1: 29.42, f1: 50.36
epoch: 352, val_loss:1.558211, acc: 52.38, bacc: 62.88, tmp_test_f1: 25.52, f1: 50.36
epoch: 353, val_loss:1.523658, acc: 52.38, bacc: 62.88, tmp_test_f1: 27.81, f1: 50.36
epoch: 354, val_loss:1.474128, acc: 52.38, bacc: 62.88, tmp_test_f1: 35.13, f1: 50.36
epoch: 355, val_loss:1.424895, acc: 52.38, bacc: 62.88, tmp_test_f1: 36.66, f1: 50.36
epoch: 356, val_loss:1.487033, acc: 52.38, bacc: 62.88, tmp_test_f1: 29.33, f1: 50.36
epoch: 357, val_loss:1.608250, acc: 52.38, bacc: 62.88, tmp_test_f1: 28.23, f1: 50.36
epoch: 358, val_loss:1.623650, acc: 52.38, bacc: 62.88, tmp_test_f1: 31.68, f1: 50.36
epoch: 359, val_loss:1.530824, acc: 52.38, bacc: 62.88, tmp_test_f1: 31.21, f1: 50.36
epoch: 360, val_loss:1.478940, acc: 52.38, bacc: 62.88, tmp_test_f1: 28.55, f1: 50.36
epoch: 361, val_loss:1.500934, acc: 52.38, bacc: 62.88, tmp_test_f1: 29.79, f1: 50.36
epoch: 362, val_loss:1.561038, acc: 52.38, bacc: 62.88, tmp_test_f1: 23.46, f1: 50.36
epoch: 363, val_loss:1.637123, acc: 52.38, bacc: 62.88, tmp_test_f1: 26.56, f1: 50.36
epoch: 364, val_loss:1.548027, acc: 52.38, bacc: 62.88, tmp_test_f1: 31.29, f1: 50.36
epoch: 365, val_loss:1.451346, acc: 52.38, bacc: 62.88, tmp_test_f1: 30.45, f1: 50.36
epoch: 366, val_loss:1.427975, acc: 52.38, bacc: 62.88, tmp_test_f1: 23.11, f1: 50.36
epoch: 367, val_loss:1.611115, acc: 52.38, bacc: 62.88, tmp_test_f1: 28.48, f1: 50.36
epoch: 368, val_loss:1.555108, acc: 52.38, bacc: 62.88, tmp_test_f1: 30.45, f1: 50.36
epoch: 369, val_loss:1.479704, acc: 52.38, bacc: 62.88, tmp_test_f1: 31.28, f1: 50.36
epoch: 370, val_loss:1.457721, acc: 52.38, bacc: 62.88, tmp_test_f1: 32.21, f1: 50.36
epoch: 371, val_loss:1.451270, acc: 52.38, bacc: 62.88, tmp_test_f1: 27.57, f1: 50.36
epoch: 372, val_loss:1.574402, acc: 52.38, bacc: 62.88, tmp_test_f1: 28.24, f1: 50.36
epoch: 373, val_loss:1.588464, acc: 52.38, bacc: 62.88, tmp_test_f1: 29.72, f1: 50.36
epoch: 374, val_loss:1.492667, acc: 52.38, bacc: 62.88, tmp_test_f1: 31.66, f1: 50.36
epoch: 375, val_loss:1.394359, acc: 52.38, bacc: 62.88, tmp_test_f1: 29.69, f1: 50.36
epoch: 376, val_loss:1.467436, acc: 52.38, bacc: 62.88, tmp_test_f1: 25.77, f1: 50.36
epoch: 377, val_loss:1.604655, acc: 52.38, bacc: 62.88, tmp_test_f1: 21.94, f1: 50.36
epoch: 378, val_loss:1.723189, acc: 52.38, bacc: 62.88, tmp_test_f1: 23.38, f1: 50.36
epoch: 379, val_loss:1.657848, acc: 52.38, bacc: 62.88, tmp_test_f1: 31.89, f1: 50.36
epoch: 380, val_loss:1.439742, acc: 52.38, bacc: 62.88, tmp_test_f1: 30.39, f1: 50.36
epoch: 381, val_loss:1.458279, acc: 52.38, bacc: 62.88, tmp_test_f1: 31.67, f1: 50.36
epoch: 382, val_loss:1.473631, acc: 52.38, bacc: 62.88, tmp_test_f1: 24.30, f1: 50.36
epoch: 383, val_loss:1.640434, acc: 52.38, bacc: 62.88, tmp_test_f1: 27.44, f1: 50.36
epoch: 384, val_loss:1.528482, acc: 52.38, bacc: 62.88, tmp_test_f1: 30.33, f1: 50.36
epoch: 385, val_loss:1.470625, acc: 52.38, bacc: 62.88, tmp_test_f1: 25.21, f1: 50.36
epoch: 386, val_loss:1.543568, acc: 52.38, bacc: 62.88, tmp_test_f1: 27.51, f1: 50.36
epoch: 387, val_loss:1.533444, acc: 52.38, bacc: 62.88, tmp_test_f1: 27.73, f1: 50.36
epoch: 388, val_loss:1.535422, acc: 52.38, bacc: 62.88, tmp_test_f1: 28.70, f1: 50.36
epoch: 389, val_loss:1.482188, acc: 52.38, bacc: 62.88, tmp_test_f1: 30.87, f1: 50.36
epoch: 390, val_loss:1.524162, acc: 52.38, bacc: 62.88, tmp_test_f1: 24.40, f1: 50.36
epoch: 391, val_loss:1.574601, acc: 52.38, bacc: 62.88, tmp_test_f1: 34.90, f1: 50.36
epoch: 392, val_loss:1.387520, acc: 52.38, bacc: 62.88, tmp_test_f1: 35.08, f1: 50.36
epoch: 393, val_loss:1.396395, acc: 52.38, bacc: 62.88, tmp_test_f1: 25.93, f1: 50.36
epoch: 394, val_loss:1.480218, acc: 52.38, bacc: 62.88, tmp_test_f1: 21.99, f1: 50.36
epoch: 395, val_loss:1.580956, acc: 52.38, bacc: 62.88, tmp_test_f1: 30.91, f1: 50.36
epoch: 396, val_loss:1.517339, acc: 52.38, bacc: 62.88, tmp_test_f1: 25.79, f1: 50.36
epoch: 397, val_loss:1.553295, acc: 52.38, bacc: 62.88, tmp_test_f1: 21.98, f1: 50.36
epoch: 398, val_loss:1.566307, acc: 52.38, bacc: 62.88, tmp_test_f1: 26.39, f1: 50.36
epoch: 399, val_loss:1.486850, acc: 52.38, bacc: 62.88, tmp_test_f1: 40.02, f1: 50.36
epoch: 400, val_loss:1.401394, acc: 52.38, bacc: 62.88, tmp_test_f1: 34.48, f1: 50.36
epoch: 401, val_loss:1.436229, acc: 52.38, bacc: 62.88, tmp_test_f1: 26.11, f1: 50.36
epoch: 402, val_loss:1.627169, acc: 52.38, bacc: 62.88, tmp_test_f1: 23.14, f1: 50.36
epoch: 403, val_loss:1.630553, acc: 52.38, bacc: 62.88, tmp_test_f1: 31.93, f1: 50.36
epoch: 404, val_loss:1.481139, acc: 52.38, bacc: 62.88, tmp_test_f1: 39.15, f1: 50.36
epoch: 405, val_loss:1.367851, acc: 52.38, bacc: 62.88, tmp_test_f1: 36.73, f1: 50.36
epoch: 406, val_loss:1.344790, acc: 52.38, bacc: 62.88, tmp_test_f1: 30.65, f1: 50.36
epoch: 407, val_loss:1.527821, acc: 52.38, bacc: 62.88, tmp_test_f1: 22.34, f1: 50.36
epoch: 408, val_loss:1.678657, acc: 52.38, bacc: 62.88, tmp_test_f1: 23.37, f1: 50.36
epoch: 409, val_loss:1.656669, acc: 52.38, bacc: 62.88, tmp_test_f1: 30.46, f1: 50.36
epoch: 410, val_loss:1.503108, acc: 52.38, bacc: 62.88, tmp_test_f1: 33.49, f1: 50.36
epoch: 411, val_loss:1.415816, acc: 52.38, bacc: 62.88, tmp_test_f1: 25.18, f1: 50.36
epoch: 412, val_loss:1.526466, acc: 52.38, bacc: 62.88, tmp_test_f1: 16.49, f1: 50.36
epoch: 413, val_loss:1.735847, acc: 52.38, bacc: 62.88, tmp_test_f1: 23.12, f1: 50.36
epoch: 414, val_loss:1.722251, acc: 52.38, bacc: 62.88, tmp_test_f1: 28.73, f1: 50.36
epoch: 415, val_loss:1.664078, acc: 52.38, bacc: 62.88, tmp_test_f1: 28.19, f1: 50.36
epoch: 416, val_loss:1.573816, acc: 52.38, bacc: 62.88, tmp_test_f1: 21.98, f1: 50.36
epoch: 417, val_loss:1.513198, acc: 52.38, bacc: 62.88, tmp_test_f1: 30.24, f1: 50.36
epoch: 418, val_loss:1.458270, acc: 52.38, bacc: 62.88, tmp_test_f1: 33.14, f1: 50.36
epoch: 419, val_loss:1.492440, acc: 52.38, bacc: 62.88, tmp_test_f1: 30.53, f1: 50.36
epoch: 420, val_loss:1.610695, acc: 52.38, bacc: 62.88, tmp_test_f1: 24.84, f1: 50.36
epoch: 421, val_loss:1.671760, acc: 52.38, bacc: 62.88, tmp_test_f1: 26.05, f1: 50.36
epoch: 422, val_loss:1.513260, acc: 52.38, bacc: 62.88, tmp_test_f1: 25.92, f1: 50.36
epoch: 423, val_loss:1.458071, acc: 52.38, bacc: 62.88, tmp_test_f1: 25.35, f1: 50.36
epoch: 424, val_loss:1.501100, acc: 52.38, bacc: 62.88, tmp_test_f1: 27.24, f1: 50.36
epoch: 425, val_loss:1.529659, acc: 52.38, bacc: 62.88, tmp_test_f1: 32.62, f1: 50.36
epoch: 426, val_loss:1.543029, acc: 52.38, bacc: 62.88, tmp_test_f1: 28.32, f1: 50.36
epoch: 427, val_loss:1.589603, acc: 52.38, bacc: 62.88, tmp_test_f1: 22.99, f1: 50.36
epoch: 428, val_loss:1.735781, acc: 52.38, bacc: 62.88, tmp_test_f1: 19.59, f1: 50.36
epoch: 429, val_loss:1.736181, acc: 52.38, bacc: 62.88, tmp_test_f1: 28.93, f1: 50.36
epoch: 430, val_loss:1.454208, acc: 52.38, bacc: 62.88, tmp_test_f1: 38.46, f1: 50.36
epoch: 431, val_loss:1.346017, acc: 52.38, bacc: 62.88, tmp_test_f1: 38.26, f1: 50.36
epoch: 432, val_loss:1.333552, acc: 52.38, bacc: 62.88, tmp_test_f1: 32.26, f1: 50.36
epoch: 433, val_loss:1.370330, acc: 52.38, bacc: 62.88, tmp_test_f1: 29.81, f1: 50.36
epoch: 434, val_loss:1.444338, acc: 52.38, bacc: 62.88, tmp_test_f1: 30.46, f1: 50.36
epoch: 435, val_loss:1.495087, acc: 52.38, bacc: 62.88, tmp_test_f1: 32.27, f1: 50.36
epoch: 436, val_loss:1.530944, acc: 52.38, bacc: 62.88, tmp_test_f1: 34.41, f1: 50.36
epoch: 437, val_loss:1.493842, acc: 52.38, bacc: 62.88, tmp_test_f1: 34.84, f1: 50.36
epoch: 438, val_loss:1.415040, acc: 52.38, bacc: 62.88, tmp_test_f1: 37.41, f1: 50.36
epoch: 439, val_loss:1.266043, acc: 52.38, bacc: 62.88, tmp_test_f1: 37.10, f1: 50.36
epoch: 440, val_loss:1.258321, acc: 52.38, bacc: 62.88, tmp_test_f1: 37.53, f1: 50.36
epoch: 441, val_loss:1.295114, acc: 52.38, bacc: 62.88, tmp_test_f1: 31.05, f1: 50.36
epoch: 442, val_loss:1.464252, acc: 52.38, bacc: 62.88, tmp_test_f1: 26.97, f1: 50.36
epoch: 443, val_loss:1.580325, acc: 52.38, bacc: 62.88, tmp_test_f1: 25.41, f1: 50.36
epoch: 444, val_loss:1.624717, acc: 52.38, bacc: 62.88, tmp_test_f1: 23.89, f1: 50.36
epoch: 445, val_loss:1.593445, acc: 52.38, bacc: 62.88, tmp_test_f1: 25.88, f1: 50.36
epoch: 446, val_loss:1.502890, acc: 52.38, bacc: 62.88, tmp_test_f1: 27.48, f1: 50.36
epoch: 447, val_loss:1.465008, acc: 52.38, bacc: 62.88, tmp_test_f1: 37.34, f1: 50.36
epoch: 448, val_loss:1.397054, acc: 52.38, bacc: 62.88, tmp_test_f1: 36.05, f1: 50.36
epoch: 449, val_loss:1.396854, acc: 52.38, bacc: 62.88, tmp_test_f1: 31.39, f1: 50.36
epoch: 450, val_loss:1.451253, acc: 52.38, bacc: 62.88, tmp_test_f1: 25.68, f1: 50.36
epoch: 451, val_loss:1.517219, acc: 52.38, bacc: 62.88, tmp_test_f1: 27.02, f1: 50.36
epoch: 452, val_loss:1.577813, acc: 52.38, bacc: 62.88, tmp_test_f1: 30.08, f1: 50.36
epoch: 453, val_loss:1.536308, acc: 52.38, bacc: 62.88, tmp_test_f1: 32.55, f1: 50.36
epoch: 454, val_loss:1.457414, acc: 52.38, bacc: 62.88, tmp_test_f1: 35.25, f1: 50.36
epoch: 455, val_loss:1.452929, acc: 52.38, bacc: 62.88, tmp_test_f1: 32.42, f1: 50.36
epoch: 456, val_loss:1.430296, acc: 52.38, bacc: 62.88, tmp_test_f1: 29.10, f1: 50.36
epoch: 457, val_loss:1.563521, acc: 52.38, bacc: 62.88, tmp_test_f1: 27.70, f1: 50.36
epoch: 458, val_loss:1.586839, acc: 52.38, bacc: 62.88, tmp_test_f1: 26.59, f1: 50.36
epoch: 459, val_loss:1.603206, acc: 52.38, bacc: 62.88, tmp_test_f1: 26.55, f1: 50.36
epoch: 460, val_loss:1.642597, acc: 52.38, bacc: 62.88, tmp_test_f1: 29.18, f1: 50.36
epoch: 461, val_loss:1.613458, acc: 52.38, bacc: 62.88, tmp_test_f1: 31.89, f1: 50.36
epoch: 462, val_loss:1.489681, acc: 52.38, bacc: 62.88, tmp_test_f1: 28.72, f1: 50.36
epoch: 463, val_loss:1.465864, acc: 52.38, bacc: 62.88, tmp_test_f1: 27.93, f1: 50.36
epoch: 464, val_loss:1.474111, acc: 52.38, bacc: 62.88, tmp_test_f1: 33.28, f1: 50.36
epoch: 465, val_loss:1.520191, acc: 52.38, bacc: 62.88, tmp_test_f1: 31.07, f1: 50.36
epoch: 466, val_loss:1.592052, acc: 52.38, bacc: 62.88, tmp_test_f1: 22.78, f1: 50.36
epoch: 467, val_loss:1.603720, acc: 52.38, bacc: 62.88, tmp_test_f1: 22.64, f1: 50.36
epoch: 468, val_loss:1.547471, acc: 52.38, bacc: 62.88, tmp_test_f1: 29.51, f1: 50.36
epoch: 469, val_loss:1.443531, acc: 52.38, bacc: 62.88, tmp_test_f1: 34.61, f1: 50.36
epoch: 470, val_loss:1.434005, acc: 52.38, bacc: 62.88, tmp_test_f1: 30.41, f1: 50.36
epoch: 471, val_loss:1.605096, acc: 52.38, bacc: 62.88, tmp_test_f1: 21.79, f1: 50.36
epoch: 472, val_loss:1.729929, acc: 52.38, bacc: 62.88, tmp_test_f1: 27.27, f1: 50.36
epoch: 473, val_loss:1.496071, acc: 52.38, bacc: 62.88, tmp_test_f1: 36.86, f1: 50.36
epoch: 474, val_loss:1.341139, acc: 52.38, bacc: 62.88, tmp_test_f1: 40.80, f1: 50.36
epoch: 475, val_loss:1.336342, acc: 52.38, bacc: 62.88, tmp_test_f1: 22.22, f1: 50.36
epoch: 476, val_loss:1.620443, acc: 52.38, bacc: 62.88, tmp_test_f1: 18.10, f1: 50.36
epoch: 477, val_loss:1.729949, acc: 52.38, bacc: 62.88, tmp_test_f1: 25.67, f1: 50.36
epoch: 478, val_loss:1.572339, acc: 52.38, bacc: 62.88, tmp_test_f1: 28.02, f1: 50.36
epoch: 479, val_loss:1.512880, acc: 52.38, bacc: 62.88, tmp_test_f1: 24.41, f1: 50.36
epoch: 480, val_loss:1.574600, acc: 52.38, bacc: 62.88, tmp_test_f1: 23.34, f1: 50.36
epoch: 481, val_loss:1.575301, acc: 52.38, bacc: 62.88, tmp_test_f1: 32.95, f1: 50.36
epoch: 482, val_loss:1.371053, acc: 52.38, bacc: 62.88, tmp_test_f1: 35.88, f1: 50.36
epoch: 483, val_loss:1.338606, acc: 52.38, bacc: 62.88, tmp_test_f1: 27.98, f1: 50.36
epoch: 484, val_loss:1.458013, acc: 52.38, bacc: 62.88, tmp_test_f1: 20.52, f1: 50.36
epoch: 485, val_loss:1.752030, acc: 52.38, bacc: 62.88, tmp_test_f1: 27.92, f1: 50.36
epoch: 486, val_loss:1.601738, acc: 52.38, bacc: 62.88, tmp_test_f1: 32.22, f1: 50.36
epoch: 487, val_loss:1.382302, acc: 52.38, bacc: 62.88, tmp_test_f1: 28.23, f1: 50.36
epoch: 488, val_loss:1.418978, acc: 52.38, bacc: 62.88, tmp_test_f1: 18.20, f1: 50.36
epoch: 489, val_loss:1.656980, acc: 52.38, bacc: 62.88, tmp_test_f1: 25.66, f1: 50.36
epoch: 490, val_loss:1.588606, acc: 52.38, bacc: 62.88, tmp_test_f1: 37.15, f1: 50.36
epoch: 491, val_loss:1.362178, acc: 52.38, bacc: 62.88, tmp_test_f1: 37.06, f1: 50.36
epoch: 492, val_loss:1.352069, acc: 52.38, bacc: 62.88, tmp_test_f1: 30.20, f1: 50.36
epoch: 493, val_loss:1.423479, acc: 52.38, bacc: 62.88, tmp_test_f1: 20.61, f1: 50.36
epoch: 494, val_loss:1.633860, acc: 52.38, bacc: 62.88, tmp_test_f1: 26.03, f1: 50.36
epoch: 495, val_loss:1.581250, acc: 52.38, bacc: 62.88, tmp_test_f1: 37.41, f1: 50.36
epoch: 496, val_loss:1.361358, acc: 52.38, bacc: 62.88, tmp_test_f1: 45.83, f1: 50.36
epoch: 497, val_loss:1.362532, acc: 52.38, bacc: 62.88, tmp_test_f1: 34.74, f1: 50.36
epoch: 498, val_loss:1.430973, acc: 52.38, bacc: 62.88, tmp_test_f1: 23.80, f1: 50.36
epoch: 499, val_loss:1.626133, acc: 52.38, bacc: 62.88, tmp_test_f1: 18.49, f1: 50.36
epoch: 500, val_loss:1.676460, acc: 52.38, bacc: 62.88, tmp_test_f1: 23.38, f1: 50.36
epoch: 501, val_loss:1.630867, acc: 52.38, bacc: 62.88, tmp_test_f1: 27.55, f1: 50.36
epoch: 502, val_loss:1.639534, acc: 52.38, bacc: 62.88, tmp_test_f1: 29.80, f1: 50.36
epoch: 503, val_loss:1.553122, acc: 52.38, bacc: 62.88, tmp_test_f1: 23.46, f1: 50.36
epoch: 504, val_loss:1.657693, acc: 52.38, bacc: 62.88, tmp_test_f1: 25.35, f1: 50.36
epoch: 505, val_loss:1.608201, acc: 52.38, bacc: 62.88, tmp_test_f1: 30.44, f1: 50.36
epoch: 506, val_loss:1.425241, acc: 52.38, bacc: 62.88, tmp_test_f1: 36.80, f1: 50.36
epoch: 507, val_loss:1.525807, acc: 52.38, bacc: 62.88, tmp_test_f1: 35.57, f1: 50.36
epoch: 508, val_loss:1.506919, acc: 52.38, bacc: 62.88, tmp_test_f1: 29.43, f1: 50.36
epoch: 509, val_loss:1.641954, acc: 52.38, bacc: 62.88, tmp_test_f1: 23.96, f1: 50.36
epoch: 510, val_loss:1.745120, acc: 52.38, bacc: 62.88, tmp_test_f1: 25.65, f1: 50.36
epoch: 511, val_loss:1.536763, acc: 52.38, bacc: 62.88, tmp_test_f1: 27.91, f1: 50.36
epoch: 512, val_loss:1.488333, acc: 52.38, bacc: 62.88, tmp_test_f1: 35.90, f1: 50.36
epoch: 513, val_loss:1.375452, acc: 52.38, bacc: 62.88, tmp_test_f1: 37.17, f1: 50.36
epoch: 514, val_loss:1.495330, acc: 52.38, bacc: 62.88, tmp_test_f1: 28.48, f1: 50.36
epoch: 515, val_loss:1.661341, acc: 52.38, bacc: 62.88, tmp_test_f1: 24.05, f1: 50.36
epoch: 516, val_loss:1.699950, acc: 52.38, bacc: 62.88, tmp_test_f1: 22.21, f1: 50.36
epoch: 517, val_loss:1.639825, acc: 52.38, bacc: 62.88, tmp_test_f1: 23.01, f1: 50.36
epoch: 518, val_loss:1.617195, acc: 52.38, bacc: 62.88, tmp_test_f1: 27.99, f1: 50.36
epoch: 519, val_loss:1.580025, acc: 52.38, bacc: 62.88, tmp_test_f1: 30.28, f1: 50.36
epoch: 520, val_loss:1.630964, acc: 52.38, bacc: 62.88, tmp_test_f1: 32.85, f1: 50.36
epoch: 521, val_loss:1.480452, acc: 52.38, bacc: 62.88, tmp_test_f1: 32.84, f1: 50.36
epoch: 522, val_loss:1.375218, acc: 52.38, bacc: 62.88, tmp_test_f1: 24.44, f1: 50.36
epoch: 523, val_loss:1.487791, acc: 52.38, bacc: 62.88, tmp_test_f1: 20.65, f1: 50.36
epoch: 524, val_loss:1.614058, acc: 52.38, bacc: 62.88, tmp_test_f1: 20.22, f1: 50.36
epoch: 525, val_loss:1.740945, acc: 52.38, bacc: 62.88, tmp_test_f1: 21.55, f1: 50.36
epoch: 526, val_loss:1.703580, acc: 52.38, bacc: 62.88, tmp_test_f1: 32.02, f1: 50.36
epoch: 527, val_loss:1.504118, acc: 52.38, bacc: 62.88, tmp_test_f1: 33.00, f1: 50.36
epoch: 528, val_loss:1.362592, acc: 52.38, bacc: 62.88, tmp_test_f1: 26.54, f1: 50.36
epoch: 529, val_loss:1.424610, acc: 52.38, bacc: 62.88, tmp_test_f1: 21.58, f1: 50.36
epoch: 530, val_loss:1.541999, acc: 52.38, bacc: 62.88, tmp_test_f1: 27.12, f1: 50.36
epoch: 531, val_loss:1.522633, acc: 52.38, bacc: 62.88, tmp_test_f1: 32.59, f1: 50.36
epoch: 532, val_loss:1.496645, acc: 52.38, bacc: 62.88, tmp_test_f1: 30.33, f1: 50.36
epoch: 533, val_loss:1.571727, acc: 52.38, bacc: 62.88, tmp_test_f1: 29.58, f1: 50.36
epoch: 534, val_loss:1.512069, acc: 52.38, bacc: 62.88, tmp_test_f1: 27.28, f1: 50.36
epoch: 535, val_loss:1.441872, acc: 52.38, bacc: 62.88, tmp_test_f1: 34.51, f1: 50.36
epoch: 536, val_loss:1.430816, acc: 52.38, bacc: 62.88, tmp_test_f1: 38.55, f1: 50.36
epoch: 537, val_loss:1.365252, acc: 52.38, bacc: 62.88, tmp_test_f1: 35.19, f1: 50.36
epoch: 538, val_loss:1.451478, acc: 52.38, bacc: 62.88, tmp_test_f1: 27.97, f1: 50.36
epoch: 539, val_loss:1.526415, acc: 52.38, bacc: 62.88, tmp_test_f1: 23.11, f1: 50.36
epoch: 540, val_loss:1.581030, acc: 52.38, bacc: 62.88, tmp_test_f1: 27.83, f1: 50.36
epoch: 541, val_loss:1.525798, acc: 52.38, bacc: 62.88, tmp_test_f1: 32.60, f1: 50.36
epoch: 542, val_loss:1.477010, acc: 52.38, bacc: 62.88, tmp_test_f1: 36.67, f1: 50.36
epoch: 543, val_loss:1.434350, acc: 52.38, bacc: 62.88, tmp_test_f1: 35.96, f1: 50.36
epoch: 544, val_loss:1.411667, acc: 52.38, bacc: 62.88, tmp_test_f1: 31.82, f1: 50.36
epoch: 545, val_loss:1.429538, acc: 52.38, bacc: 62.88, tmp_test_f1: 26.08, f1: 50.36
epoch: 546, val_loss:1.516222, acc: 52.38, bacc: 62.88, tmp_test_f1: 25.54, f1: 50.36
epoch: 547, val_loss:1.585659, acc: 52.38, bacc: 62.88, tmp_test_f1: 29.50, f1: 50.36
epoch: 548, val_loss:1.562180, acc: 52.38, bacc: 62.88, tmp_test_f1: 35.07, f1: 50.36
epoch: 549, val_loss:1.417082, acc: 52.38, bacc: 62.88, tmp_test_f1: 29.27, f1: 50.36
epoch: 550, val_loss:1.444372, acc: 52.38, bacc: 62.88, tmp_test_f1: 24.76, f1: 50.36
epoch: 551, val_loss:1.544799, acc: 52.38, bacc: 62.88, tmp_test_f1: 19.22, f1: 50.36
epoch: 552, val_loss:1.698842, acc: 52.38, bacc: 62.88, tmp_test_f1: 24.55, f1: 50.36
epoch: 553, val_loss:1.653237, acc: 52.38, bacc: 62.88, tmp_test_f1: 30.94, f1: 50.36
epoch: 554, val_loss:1.546110, acc: 52.38, bacc: 62.88, tmp_test_f1: 33.41, f1: 50.36
epoch: 555, val_loss:1.439358, acc: 52.38, bacc: 62.88, tmp_test_f1: 31.14, f1: 50.36
epoch: 556, val_loss:1.425189, acc: 52.38, bacc: 62.88, tmp_test_f1: 21.68, f1: 50.36
epoch: 557, val_loss:1.544889, acc: 52.38, bacc: 62.88, tmp_test_f1: 22.89, f1: 50.36
epoch: 558, val_loss:1.594814, acc: 52.38, bacc: 62.88, tmp_test_f1: 29.41, f1: 50.36
epoch: 559, val_loss:1.566772, acc: 52.38, bacc: 62.88, tmp_test_f1: 30.97, f1: 50.36
epoch: 560, val_loss:1.517354, acc: 52.38, bacc: 62.88, tmp_test_f1: 31.16, f1: 50.36
epoch: 561, val_loss:1.451743, acc: 52.38, bacc: 62.88, tmp_test_f1: 27.65, f1: 50.36
epoch: 562, val_loss:1.471390, acc: 52.38, bacc: 62.88, tmp_test_f1: 28.37, f1: 50.36
epoch: 563, val_loss:1.465507, acc: 52.38, bacc: 62.88, tmp_test_f1: 34.66, f1: 50.36
epoch: 564, val_loss:1.414592, acc: 52.38, bacc: 62.88, tmp_test_f1: 33.93, f1: 50.36
epoch: 565, val_loss:1.412895, acc: 52.38, bacc: 62.88, tmp_test_f1: 31.98, f1: 50.36
epoch: 566, val_loss:1.487183, acc: 52.38, bacc: 62.88, tmp_test_f1: 25.01, f1: 50.36
epoch: 567, val_loss:1.594177, acc: 52.38, bacc: 62.88, tmp_test_f1: 22.36, f1: 50.36
epoch: 568, val_loss:1.581329, acc: 52.38, bacc: 62.88, tmp_test_f1: 28.34, f1: 50.36
epoch: 569, val_loss:1.482475, acc: 52.38, bacc: 62.88, tmp_test_f1: 34.87, f1: 50.36
epoch: 570, val_loss:1.436679, acc: 52.38, bacc: 62.88, tmp_test_f1: 33.71, f1: 50.36
epoch: 571, val_loss:1.447903, acc: 52.38, bacc: 62.88, tmp_test_f1: 28.53, f1: 50.36
epoch: 572, val_loss:1.491194, acc: 52.38, bacc: 62.88, tmp_test_f1: 25.64, f1: 50.36
epoch: 573, val_loss:1.536051, acc: 52.38, bacc: 62.88, tmp_test_f1: 26.49, f1: 50.36
epoch: 574, val_loss:1.556226, acc: 52.38, bacc: 62.88, tmp_test_f1: 32.25, f1: 50.36
epoch: 575, val_loss:1.467951, acc: 52.38, bacc: 62.88, tmp_test_f1: 33.01, f1: 50.36
epoch: 576, val_loss:1.449786, acc: 52.38, bacc: 62.88, tmp_test_f1: 29.51, f1: 50.36
epoch: 577, val_loss:1.484028, acc: 52.38, bacc: 62.88, tmp_test_f1: 27.63, f1: 50.36
epoch: 578, val_loss:1.510880, acc: 52.38, bacc: 62.88, tmp_test_f1: 27.69, f1: 50.36
epoch: 579, val_loss:1.530697, acc: 52.38, bacc: 62.88, tmp_test_f1: 31.31, f1: 50.36
epoch: 580, val_loss:1.495751, acc: 52.38, bacc: 62.88, tmp_test_f1: 32.33, f1: 50.36
epoch: 581, val_loss:1.425978, acc: 52.38, bacc: 62.88, tmp_test_f1: 30.98, f1: 50.36
epoch: 582, val_loss:1.434395, acc: 52.38, bacc: 62.88, tmp_test_f1: 24.10, f1: 50.36
epoch: 583, val_loss:1.588455, acc: 52.38, bacc: 62.88, tmp_test_f1: 25.07, f1: 50.36
epoch: 584, val_loss:1.619726, acc: 52.38, bacc: 62.88, tmp_test_f1: 27.76, f1: 50.36
epoch: 585, val_loss:1.514816, acc: 52.38, bacc: 62.88, tmp_test_f1: 28.65, f1: 50.36
epoch: 586, val_loss:1.494055, acc: 52.38, bacc: 62.88, tmp_test_f1: 28.52, f1: 50.36
epoch: 587, val_loss:1.502853, acc: 52.38, bacc: 62.88, tmp_test_f1: 25.18, f1: 50.36
epoch: 588, val_loss:1.550410, acc: 52.38, bacc: 62.88, tmp_test_f1: 27.23, f1: 50.36
epoch: 589, val_loss:1.504692, acc: 52.38, bacc: 62.88, tmp_test_f1: 28.60, f1: 50.36
epoch: 590, val_loss:1.491398, acc: 52.38, bacc: 62.88, tmp_test_f1: 28.50, f1: 50.36
epoch: 591, val_loss:1.511353, acc: 52.38, bacc: 62.88, tmp_test_f1: 24.66, f1: 50.36
epoch: 592, val_loss:1.568934, acc: 52.38, bacc: 62.88, tmp_test_f1: 26.35, f1: 50.36
epoch: 593, val_loss:1.529039, acc: 52.38, bacc: 62.88, tmp_test_f1: 31.62, f1: 50.36
epoch: 594, val_loss:1.445858, acc: 52.38, bacc: 62.88, tmp_test_f1: 34.00, f1: 50.36
epoch: 595, val_loss:1.394831, acc: 52.38, bacc: 62.88, tmp_test_f1: 28.68, f1: 50.36
epoch: 596, val_loss:1.501237, acc: 52.38, bacc: 62.88, tmp_test_f1: 24.10, f1: 50.36
epoch: 597, val_loss:1.603137, acc: 52.38, bacc: 62.88, tmp_test_f1: 24.21, f1: 50.36
epoch: 598, val_loss:1.631269, acc: 52.38, bacc: 62.88, tmp_test_f1: 26.99, f1: 50.36
epoch: 599, val_loss:1.552272, acc: 52.38, bacc: 62.88, tmp_test_f1: 31.75, f1: 50.36
epoch: 600, val_loss:1.475360, acc: 52.38, bacc: 62.88, tmp_test_f1: 33.41, f1: 50.36
epoch: 601, val_loss:1.446032, acc: 52.38, bacc: 62.88, tmp_test_f1: 29.48, f1: 50.36
epoch: 602, val_loss:1.527772, acc: 52.38, bacc: 62.88, tmp_test_f1: 23.64, f1: 50.36
epoch: 603, val_loss:1.615699, acc: 52.38, bacc: 62.88, tmp_test_f1: 24.61, f1: 50.36
epoch: 604, val_loss:1.567996, acc: 52.38, bacc: 62.88, tmp_test_f1: 27.99, f1: 50.36
epoch: 605, val_loss:1.496412, acc: 52.38, bacc: 62.88, tmp_test_f1: 33.59, f1: 50.36
epoch: 606, val_loss:1.429142, acc: 52.38, bacc: 62.88, tmp_test_f1: 30.11, f1: 50.36
epoch: 607, val_loss:1.508746, acc: 52.38, bacc: 62.88, tmp_test_f1: 28.37, f1: 50.36
epoch: 608, val_loss:1.533213, acc: 52.38, bacc: 62.88, tmp_test_f1: 27.39, f1: 50.36
epoch: 609, val_loss:1.517896, acc: 52.38, bacc: 62.88, tmp_test_f1: 27.52, f1: 50.36
epoch: 610, val_loss:1.507675, acc: 52.38, bacc: 62.88, tmp_test_f1: 28.51, f1: 50.36
epoch: 611, val_loss:1.484650, acc: 52.38, bacc: 62.88, tmp_test_f1: 28.86, f1: 50.36
epoch: 612, val_loss:1.494713, acc: 52.38, bacc: 62.88, tmp_test_f1: 28.98, f1: 50.36
epoch: 613, val_loss:1.515760, acc: 52.38, bacc: 62.88, tmp_test_f1: 29.74, f1: 50.36
epoch: 614, val_loss:1.570719, acc: 52.38, bacc: 62.88, tmp_test_f1: 27.68, f1: 50.36
epoch: 615, val_loss:1.523852, acc: 52.38, bacc: 62.88, tmp_test_f1: 26.83, f1: 50.36
epoch: 616, val_loss:1.487462, acc: 52.38, bacc: 62.88, tmp_test_f1: 26.55, f1: 50.36
epoch: 617, val_loss:1.500313, acc: 52.38, bacc: 62.88, tmp_test_f1: 29.97, f1: 50.36
epoch: 618, val_loss:1.625955, acc: 52.38, bacc: 62.88, tmp_test_f1: 29.37, f1: 50.36
epoch: 619, val_loss:1.645440, acc: 52.38, bacc: 62.88, tmp_test_f1: 22.93, f1: 50.36
epoch: 620, val_loss:1.564053, acc: 52.38, bacc: 62.88, tmp_test_f1: 24.00, f1: 50.36
epoch: 621, val_loss:1.585052, acc: 52.38, bacc: 62.88, tmp_test_f1: 32.99, f1: 50.36
epoch: 622, val_loss:1.393050, acc: 52.38, bacc: 62.88, tmp_test_f1: 32.16, f1: 50.36
epoch: 623, val_loss:1.536027, acc: 52.38, bacc: 62.88, tmp_test_f1: 29.59, f1: 50.36
epoch: 624, val_loss:1.512118, acc: 52.38, bacc: 62.88, tmp_test_f1: 22.06, f1: 50.36
epoch: 625, val_loss:1.667569, acc: 52.38, bacc: 62.88, tmp_test_f1: 29.27, f1: 50.36
epoch: 626, val_loss:1.429178, acc: 52.38, bacc: 62.88, tmp_test_f1: 35.36, f1: 50.36
epoch: 627, val_loss:1.346120, acc: 52.38, bacc: 62.88, tmp_test_f1: 35.83, f1: 50.36
epoch: 628, val_loss:1.474032, acc: 52.38, bacc: 62.88, tmp_test_f1: 37.58, f1: 50.36
epoch: 629, val_loss:1.395833, acc: 52.38, bacc: 62.88, tmp_test_f1: 32.15, f1: 50.36
epoch: 630, val_loss:1.449182, acc: 52.38, bacc: 62.88, tmp_test_f1: 26.29, f1: 50.36
epoch: 631, val_loss:1.493126, acc: 52.38, bacc: 62.88, tmp_test_f1: 27.33, f1: 50.36
epoch: 632, val_loss:1.517819, acc: 52.38, bacc: 62.88, tmp_test_f1: 23.64, f1: 50.36
epoch: 633, val_loss:1.641102, acc: 52.38, bacc: 62.88, tmp_test_f1: 25.99, f1: 50.36
epoch: 634, val_loss:1.618159, acc: 52.38, bacc: 62.88, tmp_test_f1: 36.38, f1: 50.36
epoch: 635, val_loss:1.344429, acc: 52.38, bacc: 62.88, tmp_test_f1: 34.99, f1: 50.36
epoch: 636, val_loss:1.382744, acc: 52.38, bacc: 62.88, tmp_test_f1: 26.33, f1: 50.36
epoch: 637, val_loss:1.392638, acc: 52.38, bacc: 62.88, tmp_test_f1: 25.53, f1: 50.36
epoch: 638, val_loss:1.548338, acc: 52.38, bacc: 62.88, tmp_test_f1: 25.72, f1: 50.36
epoch: 639, val_loss:1.734519, acc: 52.38, bacc: 62.88, tmp_test_f1: 31.46, f1: 50.36
epoch: 640, val_loss:1.568954, acc: 52.38, bacc: 62.88, tmp_test_f1: 37.91, f1: 50.36
Epoch 00641: reducing learning rate of group 0 to 5.0000e-02.
Epoch 00641: reducing learning rate of group 1 to 5.0000e-02.
epoch: 641, val_loss:1.302490, acc: 52.38, bacc: 62.88, tmp_test_f1: 37.51, f1: 50.36
epoch: 642, val_loss:1.274645, acc: 52.38, bacc: 62.88, tmp_test_f1: 33.12, f1: 50.36
epoch: 643, val_loss:1.316252, acc: 52.38, bacc: 62.88, tmp_test_f1: 28.14, f1: 50.36
epoch: 644, val_loss:1.390785, acc: 52.38, bacc: 62.88, tmp_test_f1: 27.15, f1: 50.36
epoch: 645, val_loss:1.575457, acc: 52.38, bacc: 62.88, tmp_test_f1: 26.48, f1: 50.36
epoch: 646, val_loss:1.700144, acc: 52.38, bacc: 62.88, tmp_test_f1: 28.27, f1: 50.36
epoch: 647, val_loss:1.651027, acc: 52.38, bacc: 62.88, tmp_test_f1: 30.85, f1: 50.36
epoch: 648, val_loss:1.494583, acc: 52.38, bacc: 62.88, tmp_test_f1: 33.92, f1: 50.36
epoch: 649, val_loss:1.357756, acc: 52.38, bacc: 62.88, tmp_test_f1: 34.65, f1: 50.36
epoch: 650, val_loss:1.312568, acc: 52.38, bacc: 62.88, tmp_test_f1: 33.31, f1: 50.36
epoch: 651, val_loss:1.339258, acc: 52.38, bacc: 62.88, tmp_test_f1: 29.93, f1: 50.36
epoch: 652, val_loss:1.380070, acc: 52.38, bacc: 62.88, tmp_test_f1: 29.90, f1: 50.36
epoch: 653, val_loss:1.399482, acc: 52.38, bacc: 62.88, tmp_test_f1: 32.02, f1: 50.36
epoch: 654, val_loss:1.401285, acc: 52.38, bacc: 62.88, tmp_test_f1: 33.26, f1: 50.36
epoch: 655, val_loss:1.419844, acc: 52.38, bacc: 62.88, tmp_test_f1: 32.32, f1: 50.36
epoch: 656, val_loss:1.444598, acc: 52.38, bacc: 62.88, tmp_test_f1: 28.31, f1: 50.36
epoch: 657, val_loss:1.506336, acc: 52.38, bacc: 62.88, tmp_test_f1: 18.83, f1: 50.36
epoch: 658, val_loss:1.614355, acc: 52.38, bacc: 62.88, tmp_test_f1: 20.53, f1: 50.36
epoch: 659, val_loss:1.538910, acc: 52.38, bacc: 62.88, tmp_test_f1: 27.93, f1: 50.36
epoch: 660, val_loss:1.392955, acc: 52.38, bacc: 62.88, tmp_test_f1: 33.73, f1: 50.36
epoch: 661, val_loss:1.299113, acc: 52.38, bacc: 62.88, tmp_test_f1: 31.70, f1: 50.36
epoch: 662, val_loss:1.353732, acc: 52.38, bacc: 62.88, tmp_test_f1: 27.43, f1: 50.36
epoch: 663, val_loss:1.464975, acc: 52.38, bacc: 62.88, tmp_test_f1: 26.15, f1: 50.36
epoch: 664, val_loss:1.540492, acc: 52.38, bacc: 62.88, tmp_test_f1: 24.90, f1: 50.36
epoch: 665, val_loss:1.562000, acc: 52.38, bacc: 62.88, tmp_test_f1: 25.86, f1: 50.36
epoch: 666, val_loss:1.523029, acc: 52.38, bacc: 62.88, tmp_test_f1: 27.38, f1: 50.36
epoch: 667, val_loss:1.442363, acc: 52.38, bacc: 62.88, tmp_test_f1: 27.90, f1: 50.36
epoch: 668, val_loss:1.402801, acc: 52.38, bacc: 62.88, tmp_test_f1: 28.90, f1: 50.36
epoch: 669, val_loss:1.381097, acc: 52.38, bacc: 62.88, tmp_test_f1: 30.55, f1: 50.36
epoch: 670, val_loss:1.385589, acc: 52.38, bacc: 62.88, tmp_test_f1: 31.39, f1: 50.36
epoch: 671, val_loss:1.437798, acc: 52.38, bacc: 62.88, tmp_test_f1: 34.16, f1: 50.36
epoch: 672, val_loss:1.409280, acc: 52.38, bacc: 62.88, tmp_test_f1: 34.62, f1: 50.36
epoch: 673, val_loss:1.344735, acc: 52.38, bacc: 62.88, tmp_test_f1: 30.29, f1: 50.36
epoch: 674, val_loss:1.384301, acc: 52.38, bacc: 62.88, tmp_test_f1: 26.92, f1: 50.36
epoch: 675, val_loss:1.436562, acc: 52.38, bacc: 62.88, tmp_test_f1: 27.90, f1: 50.36
epoch: 676, val_loss:1.447277, acc: 52.38, bacc: 62.88, tmp_test_f1: 32.14, f1: 50.36
epoch: 677, val_loss:1.440184, acc: 52.38, bacc: 62.88, tmp_test_f1: 33.89, f1: 50.36
epoch: 678, val_loss:1.447009, acc: 52.38, bacc: 62.88, tmp_test_f1: 33.88, f1: 50.36
epoch: 679, val_loss:1.440154, acc: 52.38, bacc: 62.88, tmp_test_f1: 31.56, f1: 50.36
epoch: 680, val_loss:1.429271, acc: 52.38, bacc: 62.88, tmp_test_f1: 31.41, f1: 50.36
epoch: 681, val_loss:1.413506, acc: 52.38, bacc: 62.88, tmp_test_f1: 32.36, f1: 50.36
epoch: 682, val_loss:1.386393, acc: 52.38, bacc: 62.88, tmp_test_f1: 30.43, f1: 50.36
epoch: 683, val_loss:1.427966, acc: 52.38, bacc: 62.88, tmp_test_f1: 28.68, f1: 50.36
epoch: 684, val_loss:1.519858, acc: 52.38, bacc: 62.88, tmp_test_f1: 28.88, f1: 50.36
epoch: 685, val_loss:1.554137, acc: 52.38, bacc: 62.88, tmp_test_f1: 29.87, f1: 50.36
epoch: 686, val_loss:1.515872, acc: 52.38, bacc: 62.88, tmp_test_f1: 31.58, f1: 50.36
epoch: 687, val_loss:1.450174, acc: 52.38, bacc: 62.88, tmp_test_f1: 33.15, f1: 50.36
epoch: 688, val_loss:1.409499, acc: 52.38, bacc: 62.88, tmp_test_f1: 30.37, f1: 50.36
epoch: 689, val_loss:1.449744, acc: 52.38, bacc: 62.88, tmp_test_f1: 25.32, f1: 50.36
epoch: 690, val_loss:1.576375, acc: 52.38, bacc: 62.88, tmp_test_f1: 23.01, f1: 50.36
epoch: 691, val_loss:1.638607, acc: 52.38, bacc: 62.88, tmp_test_f1: 23.45, f1: 50.36
epoch: 692, val_loss:1.605911, acc: 52.38, bacc: 62.88, tmp_test_f1: 26.12, f1: 50.36
epoch: 693, val_loss:1.553329, acc: 52.38, bacc: 62.88, tmp_test_f1: 27.85, f1: 50.36
epoch: 694, val_loss:1.498602, acc: 52.38, bacc: 62.88, tmp_test_f1: 29.52, f1: 50.36
epoch: 695, val_loss:1.456851, acc: 52.38, bacc: 62.88, tmp_test_f1: 26.96, f1: 50.36
epoch: 696, val_loss:1.481740, acc: 52.38, bacc: 62.88, tmp_test_f1: 24.36, f1: 50.36
epoch: 697, val_loss:1.526842, acc: 52.38, bacc: 62.88, tmp_test_f1: 23.71, f1: 50.36
epoch: 698, val_loss:1.529043, acc: 52.38, bacc: 62.88, tmp_test_f1: 25.51, f1: 50.36
epoch: 699, val_loss:1.500495, acc: 52.38, bacc: 62.88, tmp_test_f1: 27.46, f1: 50.36
epoch: 700, val_loss:1.470681, acc: 52.38, bacc: 62.88, tmp_test_f1: 28.32, f1: 50.36
epoch: 701, val_loss:1.451111, acc: 52.38, bacc: 62.88, tmp_test_f1: 27.01, f1: 50.36
epoch: 702, val_loss:1.468770, acc: 52.38, bacc: 62.88, tmp_test_f1: 24.75, f1: 50.36
epoch: 703, val_loss:1.502197, acc: 52.38, bacc: 62.88, tmp_test_f1: 24.31, f1: 50.36
epoch: 704, val_loss:1.498906, acc: 52.38, bacc: 62.88, tmp_test_f1: 25.05, f1: 50.36
epoch: 705, val_loss:1.477753, acc: 52.38, bacc: 62.88, tmp_test_f1: 26.93, f1: 50.36
epoch: 706, val_loss:1.458759, acc: 52.38, bacc: 62.88, tmp_test_f1: 29.47, f1: 50.36
epoch: 707, val_loss:1.421286, acc: 52.38, bacc: 62.88, tmp_test_f1: 30.50, f1: 50.36
epoch: 708, val_loss:1.410311, acc: 52.38, bacc: 62.88, tmp_test_f1: 30.45, f1: 50.36
epoch: 709, val_loss:1.425054, acc: 52.38, bacc: 62.88, tmp_test_f1: 29.23, f1: 50.36
epoch: 710, val_loss:1.426616, acc: 52.38, bacc: 62.88, tmp_test_f1: 27.62, f1: 50.36
epoch: 711, val_loss:1.446651, acc: 52.38, bacc: 62.88, tmp_test_f1: 27.29, f1: 50.36
epoch: 712, val_loss:1.469320, acc: 52.38, bacc: 62.88, tmp_test_f1: 28.29, f1: 50.36
epoch: 713, val_loss:1.470426, acc: 52.38, bacc: 62.88, tmp_test_f1: 28.39, f1: 50.36
epoch: 714, val_loss:1.470691, acc: 52.38, bacc: 62.88, tmp_test_f1: 28.44, f1: 50.36
epoch: 715, val_loss:1.475338, acc: 52.38, bacc: 62.88, tmp_test_f1: 27.79, f1: 50.36
epoch: 716, val_loss:1.473065, acc: 52.38, bacc: 62.88, tmp_test_f1: 26.54, f1: 50.36
epoch: 717, val_loss:1.477223, acc: 52.38, bacc: 62.88, tmp_test_f1: 26.49, f1: 50.36
epoch: 718, val_loss:1.458052, acc: 52.38, bacc: 62.88, tmp_test_f1: 25.98, f1: 50.36
epoch: 719, val_loss:1.451908, acc: 52.38, bacc: 62.88, tmp_test_f1: 28.92, f1: 50.36
epoch: 720, val_loss:1.446400, acc: 52.38, bacc: 62.88, tmp_test_f1: 29.89, f1: 50.36
epoch: 721, val_loss:1.467193, acc: 52.38, bacc: 62.88, tmp_test_f1: 30.32, f1: 50.36
epoch: 722, val_loss:1.508717, acc: 52.38, bacc: 62.88, tmp_test_f1: 28.39, f1: 50.36
epoch: 723, val_loss:1.541052, acc: 52.38, bacc: 62.88, tmp_test_f1: 24.65, f1: 50.36
epoch: 724, val_loss:1.547246, acc: 52.38, bacc: 62.88, tmp_test_f1: 24.77, f1: 50.36
epoch: 725, val_loss:1.519771, acc: 52.38, bacc: 62.88, tmp_test_f1: 26.25, f1: 50.36
epoch: 726, val_loss:1.517967, acc: 52.38, bacc: 62.88, tmp_test_f1: 26.48, f1: 50.36
epoch: 727, val_loss:1.513117, acc: 52.38, bacc: 62.88, tmp_test_f1: 29.62, f1: 50.36
epoch: 728, val_loss:1.453486, acc: 52.38, bacc: 62.88, tmp_test_f1: 33.01, f1: 50.36
epoch: 729, val_loss:1.439726, acc: 52.38, bacc: 62.88, tmp_test_f1: 31.27, f1: 50.36
epoch: 730, val_loss:1.462587, acc: 52.38, bacc: 62.88, tmp_test_f1: 28.21, f1: 50.36
epoch: 731, val_loss:1.517668, acc: 52.38, bacc: 62.88, tmp_test_f1: 25.11, f1: 50.36
epoch: 732, val_loss:1.615680, acc: 52.38, bacc: 62.88, tmp_test_f1: 24.64, f1: 50.36
epoch: 733, val_loss:1.608484, acc: 52.38, bacc: 62.88, tmp_test_f1: 29.26, f1: 50.36
epoch: 734, val_loss:1.489004, acc: 52.38, bacc: 62.88, tmp_test_f1: 30.79, f1: 50.36
epoch: 735, val_loss:1.420232, acc: 52.38, bacc: 62.88, tmp_test_f1: 33.15, f1: 50.36
epoch: 736, val_loss:1.391549, acc: 52.38, bacc: 62.88, tmp_test_f1: 33.94, f1: 50.36
epoch: 737, val_loss:1.419448, acc: 52.38, bacc: 62.88, tmp_test_f1: 26.07, f1: 50.36
epoch: 738, val_loss:1.535517, acc: 52.38, bacc: 62.88, tmp_test_f1: 25.43, f1: 50.36
epoch: 739, val_loss:1.578218, acc: 52.38, bacc: 62.88, tmp_test_f1: 25.73, f1: 50.36
epoch: 740, val_loss:1.567848, acc: 52.38, bacc: 62.88, tmp_test_f1: 26.05, f1: 50.36
epoch: 741, val_loss:1.540560, acc: 52.38, bacc: 62.88, tmp_test_f1: 27.84, f1: 50.36
epoch: 742, val_loss:1.504511, acc: 52.38, bacc: 62.88, tmp_test_f1: 31.19, f1: 50.36
epoch: 743, val_loss:1.452847, acc: 52.38, bacc: 62.88, tmp_test_f1: 32.66, f1: 50.36
epoch: 744, val_loss:1.439800, acc: 52.38, bacc: 62.88, tmp_test_f1: 28.84, f1: 50.36
epoch: 745, val_loss:1.467943, acc: 52.38, bacc: 62.88, tmp_test_f1: 27.58, f1: 50.36
epoch: 746, val_loss:1.481242, acc: 52.38, bacc: 62.88, tmp_test_f1: 28.96, f1: 50.36
epoch: 747, val_loss:1.470496, acc: 52.38, bacc: 62.88, tmp_test_f1: 30.92, f1: 50.36
epoch: 748, val_loss:1.477069, acc: 52.38, bacc: 62.88, tmp_test_f1: 29.33, f1: 50.36
epoch: 749, val_loss:1.487062, acc: 52.38, bacc: 62.88, tmp_test_f1: 27.66, f1: 50.36
epoch: 750, val_loss:1.489719, acc: 52.38, bacc: 62.88, tmp_test_f1: 27.71, f1: 50.36
epoch: 751, val_loss:1.512399, acc: 52.38, bacc: 62.88, tmp_test_f1: 27.89, f1: 50.36
epoch: 752, val_loss:1.533591, acc: 52.38, bacc: 62.88, tmp_test_f1: 27.96, f1: 50.36
epoch: 753, val_loss:1.502790, acc: 52.38, bacc: 62.88, tmp_test_f1: 28.11, f1: 50.36
epoch: 754, val_loss:1.463971, acc: 52.38, bacc: 62.88, tmp_test_f1: 33.29, f1: 50.36
epoch: 755, val_loss:1.438663, acc: 52.38, bacc: 62.88, tmp_test_f1: 32.52, f1: 50.36
epoch: 756, val_loss:1.407748, acc: 52.38, bacc: 62.88, tmp_test_f1: 30.79, f1: 50.36
epoch: 757, val_loss:1.421113, acc: 52.38, bacc: 62.88, tmp_test_f1: 27.69, f1: 50.36
epoch: 758, val_loss:1.490981, acc: 52.38, bacc: 62.88, tmp_test_f1: 26.32, f1: 50.36
epoch: 759, val_loss:1.578498, acc: 52.38, bacc: 62.88, tmp_test_f1: 26.00, f1: 50.36
epoch: 760, val_loss:1.608592, acc: 52.38, bacc: 62.88, tmp_test_f1: 26.92, f1: 50.36
epoch: 761, val_loss:1.594950, acc: 52.38, bacc: 62.88, tmp_test_f1: 29.84, f1: 50.36
epoch: 762, val_loss:1.524613, acc: 52.38, bacc: 62.88, tmp_test_f1: 31.89, f1: 50.36
epoch: 763, val_loss:1.449463, acc: 52.38, bacc: 62.88, tmp_test_f1: 27.45, f1: 50.36
epoch: 764, val_loss:1.455000, acc: 52.38, bacc: 62.88, tmp_test_f1: 23.40, f1: 50.36
epoch: 765, val_loss:1.541739, acc: 52.38, bacc: 62.88, tmp_test_f1: 21.75, f1: 50.36
epoch: 766, val_loss:1.619793, acc: 52.38, bacc: 62.88, tmp_test_f1: 25.52, f1: 50.36
epoch: 767, val_loss:1.565199, acc: 52.38, bacc: 62.88, tmp_test_f1: 29.64, f1: 50.36
epoch: 768, val_loss:1.517893, acc: 52.38, bacc: 62.88, tmp_test_f1: 31.12, f1: 50.36
epoch: 769, val_loss:1.472002, acc: 52.38, bacc: 62.88, tmp_test_f1: 30.88, f1: 50.36
epoch: 770, val_loss:1.462832, acc: 52.38, bacc: 62.88, tmp_test_f1: 25.60, f1: 50.36
epoch: 771, val_loss:1.491563, acc: 52.38, bacc: 62.88, tmp_test_f1: 23.58, f1: 50.36
epoch: 772, val_loss:1.515041, acc: 52.38, bacc: 62.88, tmp_test_f1: 27.05, f1: 50.36
epoch: 773, val_loss:1.514170, acc: 52.38, bacc: 62.88, tmp_test_f1: 31.52, f1: 50.36
epoch: 774, val_loss:1.497609, acc: 52.38, bacc: 62.88, tmp_test_f1: 32.30, f1: 50.36
epoch: 775, val_loss:1.516776, acc: 52.38, bacc: 62.88, tmp_test_f1: 29.45, f1: 50.36
epoch: 776, val_loss:1.549977, acc: 52.38, bacc: 62.88, tmp_test_f1: 23.92, f1: 50.36
epoch: 777, val_loss:1.577863, acc: 52.38, bacc: 62.88, tmp_test_f1: 20.29, f1: 50.36
epoch: 778, val_loss:1.586649, acc: 52.38, bacc: 62.88, tmp_test_f1: 20.57, f1: 50.36
epoch: 779, val_loss:1.560084, acc: 52.38, bacc: 62.88, tmp_test_f1: 27.78, f1: 50.36
epoch: 780, val_loss:1.490967, acc: 52.38, bacc: 62.88, tmp_test_f1: 33.74, f1: 50.36
epoch: 781, val_loss:1.422343, acc: 52.38, bacc: 62.88, tmp_test_f1: 33.25, f1: 50.36
epoch: 782, val_loss:1.419795, acc: 52.38, bacc: 62.88, tmp_test_f1: 30.00, f1: 50.36
epoch: 783, val_loss:1.473072, acc: 52.38, bacc: 62.88, tmp_test_f1: 27.07, f1: 50.36
epoch: 784, val_loss:1.555425, acc: 52.38, bacc: 62.88, tmp_test_f1: 23.31, f1: 50.36
epoch: 785, val_loss:1.668340, acc: 52.38, bacc: 62.88, tmp_test_f1: 22.40, f1: 50.36
epoch: 786, val_loss:1.680669, acc: 52.38, bacc: 62.88, tmp_test_f1: 25.46, f1: 50.36
epoch: 787, val_loss:1.532885, acc: 52.38, bacc: 62.88, tmp_test_f1: 30.82, f1: 50.36
epoch: 788, val_loss:1.405394, acc: 52.38, bacc: 62.88, tmp_test_f1: 35.39, f1: 50.36
epoch: 789, val_loss:1.347260, acc: 52.38, bacc: 62.88, tmp_test_f1: 33.52, f1: 50.36
epoch: 790, val_loss:1.379577, acc: 52.38, bacc: 62.88, tmp_test_f1: 26.64, f1: 50.36
epoch: 791, val_loss:1.512210, acc: 52.38, bacc: 62.88, tmp_test_f1: 20.99, f1: 50.36
epoch: 792, val_loss:1.636966, acc: 52.38, bacc: 62.88, tmp_test_f1: 20.60, f1: 50.36
epoch: 793, val_loss:1.690287, acc: 52.38, bacc: 62.88, tmp_test_f1: 23.46, f1: 50.36
epoch: 794, val_loss:1.632917, acc: 52.38, bacc: 62.88, tmp_test_f1: 27.87, f1: 50.36
epoch: 795, val_loss:1.558219, acc: 52.38, bacc: 62.88, tmp_test_f1: 31.70, f1: 50.36
epoch: 796, val_loss:1.474752, acc: 52.38, bacc: 62.88, tmp_test_f1: 32.85, f1: 50.36
epoch: 797, val_loss:1.418065, acc: 52.38, bacc: 62.88, tmp_test_f1: 24.02, f1: 50.36
epoch: 798, val_loss:1.471932, acc: 52.38, bacc: 62.88, tmp_test_f1: 18.64, f1: 50.36
epoch: 799, val_loss:1.541149, acc: 52.38, bacc: 62.88, tmp_test_f1: 23.10, f1: 50.36
epoch: 800, val_loss:1.492289, acc: 52.38, bacc: 62.88, tmp_test_f1: 32.63, f1: 50.36
epoch: 801, val_loss:1.455023, acc: 52.38, bacc: 62.88, tmp_test_f1: 33.44, f1: 50.36
epoch: 802, val_loss:1.499536, acc: 52.38, bacc: 62.88, tmp_test_f1: 30.59, f1: 50.36
epoch: 803, val_loss:1.530931, acc: 52.38, bacc: 62.88, tmp_test_f1: 29.54, f1: 50.36
epoch: 804, val_loss:1.546008, acc: 52.38, bacc: 62.88, tmp_test_f1: 26.93, f1: 50.36
epoch: 805, val_loss:1.526193, acc: 52.38, bacc: 62.88, tmp_test_f1: 27.22, f1: 50.36
epoch: 806, val_loss:1.466914, acc: 52.38, bacc: 62.88, tmp_test_f1: 29.83, f1: 50.36
epoch: 807, val_loss:1.452484, acc: 52.38, bacc: 62.88, tmp_test_f1: 32.13, f1: 50.36
epoch: 808, val_loss:1.453725, acc: 52.38, bacc: 62.88, tmp_test_f1: 31.03, f1: 50.36
epoch: 809, val_loss:1.433273, acc: 52.38, bacc: 62.88, tmp_test_f1: 28.24, f1: 50.36
epoch: 810, val_loss:1.467638, acc: 52.38, bacc: 62.88, tmp_test_f1: 26.86, f1: 50.36
epoch: 811, val_loss:1.507145, acc: 52.38, bacc: 62.88, tmp_test_f1: 28.77, f1: 50.36
epoch: 812, val_loss:1.538718, acc: 52.38, bacc: 62.88, tmp_test_f1: 27.45, f1: 50.36
epoch: 813, val_loss:1.578723, acc: 52.38, bacc: 62.88, tmp_test_f1: 27.70, f1: 50.36
epoch: 814, val_loss:1.546795, acc: 52.38, bacc: 62.88, tmp_test_f1: 27.27, f1: 50.36
epoch: 815, val_loss:1.515000, acc: 52.38, bacc: 62.88, tmp_test_f1: 27.44, f1: 50.36
epoch: 816, val_loss:1.499903, acc: 52.38, bacc: 62.88, tmp_test_f1: 25.27, f1: 50.36
epoch: 817, val_loss:1.510892, acc: 52.38, bacc: 62.88, tmp_test_f1: 24.43, f1: 50.36
epoch: 818, val_loss:1.541553, acc: 52.38, bacc: 62.88, tmp_test_f1: 26.61, f1: 50.36
epoch: 819, val_loss:1.569670, acc: 52.38, bacc: 62.88, tmp_test_f1: 28.64, f1: 50.36
epoch: 820, val_loss:1.529197, acc: 52.38, bacc: 62.88, tmp_test_f1: 31.13, f1: 50.36
epoch: 821, val_loss:1.443387, acc: 52.38, bacc: 62.88, tmp_test_f1: 30.06, f1: 50.36
epoch: 822, val_loss:1.434148, acc: 52.38, bacc: 62.88, tmp_test_f1: 29.17, f1: 50.36
epoch: 823, val_loss:1.444059, acc: 52.38, bacc: 62.88, tmp_test_f1: 29.26, f1: 50.36
epoch: 824, val_loss:1.480889, acc: 52.38, bacc: 62.88, tmp_test_f1: 28.69, f1: 50.36
epoch: 825, val_loss:1.527072, acc: 52.38, bacc: 62.88, tmp_test_f1: 29.39, f1: 50.36
epoch: 826, val_loss:1.504362, acc: 52.38, bacc: 62.88, tmp_test_f1: 29.46, f1: 50.36
epoch: 827, val_loss:1.470953, acc: 52.38, bacc: 62.88, tmp_test_f1: 27.97, f1: 50.36
epoch: 828, val_loss:1.483308, acc: 52.38, bacc: 62.88, tmp_test_f1: 28.40, f1: 50.36
epoch: 829, val_loss:1.498180, acc: 52.38, bacc: 62.88, tmp_test_f1: 28.80, f1: 50.36
epoch: 830, val_loss:1.533303, acc: 52.38, bacc: 62.88, tmp_test_f1: 28.46, f1: 50.36
epoch: 831, val_loss:1.543141, acc: 52.38, bacc: 62.88, tmp_test_f1: 30.09, f1: 50.36
epoch: 832, val_loss:1.489073, acc: 52.38, bacc: 62.88, tmp_test_f1: 31.66, f1: 50.36
epoch: 833, val_loss:1.388320, acc: 52.38, bacc: 62.88, tmp_test_f1: 31.41, f1: 50.36
epoch: 834, val_loss:1.383285, acc: 52.38, bacc: 62.88, tmp_test_f1: 28.75, f1: 50.36
epoch: 835, val_loss:1.441602, acc: 52.38, bacc: 62.88, tmp_test_f1: 26.52, f1: 50.36
epoch: 836, val_loss:1.525843, acc: 52.38, bacc: 62.88, tmp_test_f1: 25.36, f1: 50.36
epoch: 837, val_loss:1.589994, acc: 52.38, bacc: 62.88, tmp_test_f1: 27.58, f1: 50.36
epoch: 838, val_loss:1.552850, acc: 52.38, bacc: 62.88, tmp_test_f1: 31.78, f1: 50.36
epoch: 839, val_loss:1.447508, acc: 52.38, bacc: 62.88, tmp_test_f1: 34.60, f1: 50.36
epoch: 840, val_loss:1.378097, acc: 52.38, bacc: 62.88, tmp_test_f1: 33.87, f1: 50.36
epoch: 841, val_loss:1.371135, acc: 52.38, bacc: 62.88, tmp_test_f1: 31.06, f1: 50.36
Epoch 00842: reducing learning rate of group 0 to 2.5000e-02.
Epoch 00842: reducing learning rate of group 1 to 2.5000e-02.
epoch: 842, val_loss:1.423116, acc: 52.38, bacc: 62.88, tmp_test_f1: 27.88, f1: 50.36
epoch: 843, val_loss:1.492894, acc: 52.38, bacc: 62.88, tmp_test_f1: 28.58, f1: 50.36
epoch: 844, val_loss:1.496308, acc: 52.38, bacc: 62.88, tmp_test_f1: 28.77, f1: 50.36
epoch: 845, val_loss:1.510722, acc: 52.38, bacc: 62.88, tmp_test_f1: 28.76, f1: 50.36
epoch: 846, val_loss:1.534747, acc: 52.38, bacc: 62.88, tmp_test_f1: 28.90, f1: 50.36
epoch: 847, val_loss:1.551967, acc: 52.38, bacc: 62.88, tmp_test_f1: 29.37, f1: 50.36
epoch: 848, val_loss:1.545667, acc: 52.38, bacc: 62.88, tmp_test_f1: 29.03, f1: 50.36
epoch: 849, val_loss:1.528923, acc: 52.38, bacc: 62.88, tmp_test_f1: 29.27, f1: 50.36
epoch: 850, val_loss:1.507346, acc: 52.38, bacc: 62.88, tmp_test_f1: 28.90, f1: 50.36
epoch: 851, val_loss:1.488079, acc: 52.38, bacc: 62.88, tmp_test_f1: 28.46, f1: 50.36
epoch: 852, val_loss:1.481536, acc: 52.38, bacc: 62.88, tmp_test_f1: 27.95, f1: 50.36
epoch: 853, val_loss:1.474261, acc: 52.38, bacc: 62.88, tmp_test_f1: 26.88, f1: 50.36
epoch: 854, val_loss:1.475418, acc: 52.38, bacc: 62.88, tmp_test_f1: 26.83, f1: 50.36
epoch: 855, val_loss:1.485739, acc: 52.38, bacc: 62.88, tmp_test_f1: 27.18, f1: 50.36
epoch: 856, val_loss:1.494937, acc: 52.38, bacc: 62.88, tmp_test_f1: 28.47, f1: 50.36
epoch: 857, val_loss:1.500553, acc: 52.38, bacc: 62.88, tmp_test_f1: 29.55, f1: 50.36
epoch: 858, val_loss:1.510288, acc: 52.38, bacc: 62.88, tmp_test_f1: 29.03, f1: 50.36
epoch: 859, val_loss:1.530358, acc: 52.38, bacc: 62.88, tmp_test_f1: 29.03, f1: 50.36
epoch: 860, val_loss:1.535651, acc: 52.38, bacc: 62.88, tmp_test_f1: 28.64, f1: 50.36
epoch: 861, val_loss:1.536727, acc: 52.38, bacc: 62.88, tmp_test_f1: 27.04, f1: 50.36
epoch: 862, val_loss:1.530084, acc: 52.38, bacc: 62.88, tmp_test_f1: 25.56, f1: 50.36
epoch: 863, val_loss:1.525325, acc: 52.38, bacc: 62.88, tmp_test_f1: 25.53, f1: 50.36
epoch: 864, val_loss:1.527804, acc: 52.38, bacc: 62.88, tmp_test_f1: 25.98, f1: 50.36
epoch: 865, val_loss:1.506900, acc: 52.38, bacc: 62.88, tmp_test_f1: 28.16, f1: 50.36
epoch: 866, val_loss:1.477220, acc: 52.38, bacc: 62.88, tmp_test_f1: 29.91, f1: 50.36
epoch: 867, val_loss:1.476582, acc: 52.38, bacc: 62.88, tmp_test_f1: 30.46, f1: 50.36
epoch: 868, val_loss:1.500404, acc: 52.38, bacc: 62.88, tmp_test_f1: 29.57, f1: 50.36
epoch: 869, val_loss:1.525962, acc: 52.38, bacc: 62.88, tmp_test_f1: 25.60, f1: 50.36
epoch: 870, val_loss:1.570299, acc: 52.38, bacc: 62.88, tmp_test_f1: 24.78, f1: 50.36
epoch: 871, val_loss:1.614039, acc: 52.38, bacc: 62.88, tmp_test_f1: 25.21, f1: 50.36
epoch: 872, val_loss:1.631703, acc: 52.38, bacc: 62.88, tmp_test_f1: 26.22, f1: 50.36
epoch: 873, val_loss:1.597859, acc: 52.38, bacc: 62.88, tmp_test_f1: 28.25, f1: 50.36
epoch: 874, val_loss:1.525719, acc: 52.38, bacc: 62.88, tmp_test_f1: 30.70, f1: 50.36
epoch: 875, val_loss:1.459180, acc: 52.38, bacc: 62.88, tmp_test_f1: 32.73, f1: 50.36
epoch: 876, val_loss:1.437165, acc: 52.38, bacc: 62.88, tmp_test_f1: 31.23, f1: 50.36
epoch: 877, val_loss:1.449818, acc: 52.38, bacc: 62.88, tmp_test_f1: 28.99, f1: 50.36
epoch: 878, val_loss:1.471911, acc: 52.38, bacc: 62.88, tmp_test_f1: 27.33, f1: 50.36
epoch: 879, val_loss:1.500716, acc: 52.38, bacc: 62.88, tmp_test_f1: 26.24, f1: 50.36
epoch: 880, val_loss:1.527962, acc: 52.38, bacc: 62.88, tmp_test_f1: 25.36, f1: 50.36
epoch: 881, val_loss:1.549871, acc: 52.38, bacc: 62.88, tmp_test_f1: 26.08, f1: 50.36
epoch: 882, val_loss:1.552176, acc: 52.38, bacc: 62.88, tmp_test_f1: 28.09, f1: 50.36
epoch: 883, val_loss:1.544910, acc: 52.38, bacc: 62.88, tmp_test_f1: 29.91, f1: 50.36
epoch: 884, val_loss:1.523324, acc: 52.38, bacc: 62.88, tmp_test_f1: 30.96, f1: 50.36
epoch: 885, val_loss:1.491848, acc: 52.38, bacc: 62.88, tmp_test_f1: 30.51, f1: 50.36
epoch: 886, val_loss:1.471092, acc: 52.38, bacc: 62.88, tmp_test_f1: 29.24, f1: 50.36
epoch: 887, val_loss:1.461787, acc: 52.38, bacc: 62.88, tmp_test_f1: 26.54, f1: 50.36
epoch: 888, val_loss:1.486199, acc: 52.38, bacc: 62.88, tmp_test_f1: 24.94, f1: 50.36
epoch: 889, val_loss:1.501640, acc: 52.38, bacc: 62.88, tmp_test_f1: 24.36, f1: 50.36
epoch: 890, val_loss:1.521904, acc: 52.38, bacc: 62.88, tmp_test_f1: 25.78, f1: 50.36
epoch: 891, val_loss:1.534506, acc: 52.38, bacc: 62.88, tmp_test_f1: 27.88, f1: 50.36
epoch: 892, val_loss:1.528238, acc: 52.38, bacc: 62.88, tmp_test_f1: 29.54, f1: 50.36
epoch: 893, val_loss:1.509748, acc: 52.38, bacc: 62.88, tmp_test_f1: 31.02, f1: 50.36
epoch: 894, val_loss:1.486436, acc: 52.38, bacc: 62.88, tmp_test_f1: 30.78, f1: 50.36
epoch: 895, val_loss:1.469515, acc: 52.38, bacc: 62.88, tmp_test_f1: 29.36, f1: 50.36
epoch: 896, val_loss:1.470675, acc: 52.38, bacc: 62.88, tmp_test_f1: 26.75, f1: 50.36
epoch: 897, val_loss:1.487967, acc: 52.38, bacc: 62.88, tmp_test_f1: 25.37, f1: 50.36
epoch: 898, val_loss:1.511675, acc: 52.38, bacc: 62.88, tmp_test_f1: 24.67, f1: 50.36
epoch: 899, val_loss:1.525429, acc: 52.38, bacc: 62.88, tmp_test_f1: 25.62, f1: 50.36
epoch: 900, val_loss:1.523279, acc: 52.38, bacc: 62.88, tmp_test_f1: 27.39, f1: 50.36
epoch: 901, val_loss:1.515202, acc: 52.38, bacc: 62.88, tmp_test_f1: 28.84, f1: 50.36
epoch: 902, val_loss:1.502568, acc: 52.38, bacc: 62.88, tmp_test_f1: 29.95, f1: 50.36
epoch: 903, val_loss:1.490387, acc: 52.38, bacc: 62.88, tmp_test_f1: 29.81, f1: 50.36
epoch: 904, val_loss:1.495558, acc: 52.38, bacc: 62.88, tmp_test_f1: 29.25, f1: 50.36
epoch: 905, val_loss:1.502551, acc: 52.38, bacc: 62.88, tmp_test_f1: 27.70, f1: 50.36
epoch: 906, val_loss:1.516981, acc: 52.38, bacc: 62.88, tmp_test_f1: 26.29, f1: 50.36
epoch: 907, val_loss:1.529922, acc: 52.38, bacc: 62.88, tmp_test_f1: 26.52, f1: 50.36
epoch: 908, val_loss:1.518078, acc: 52.38, bacc: 62.88, tmp_test_f1: 28.23, f1: 50.36
epoch: 909, val_loss:1.484356, acc: 52.38, bacc: 62.88, tmp_test_f1: 29.79, f1: 50.36
epoch: 910, val_loss:1.459532, acc: 52.38, bacc: 62.88, tmp_test_f1: 29.77, f1: 50.36
epoch: 911, val_loss:1.471078, acc: 52.38, bacc: 62.88, tmp_test_f1: 29.34, f1: 50.36
epoch: 912, val_loss:1.487011, acc: 52.38, bacc: 62.88, tmp_test_f1: 28.68, f1: 50.36
epoch: 913, val_loss:1.507164, acc: 52.38, bacc: 62.88, tmp_test_f1: 27.35, f1: 50.36
epoch: 914, val_loss:1.519048, acc: 52.38, bacc: 62.88, tmp_test_f1: 26.88, f1: 50.36
epoch: 915, val_loss:1.527116, acc: 52.38, bacc: 62.88, tmp_test_f1: 27.14, f1: 50.36
epoch: 916, val_loss:1.517202, acc: 52.38, bacc: 62.88, tmp_test_f1: 28.77, f1: 50.36
epoch: 917, val_loss:1.499706, acc: 52.38, bacc: 62.88, tmp_test_f1: 29.23, f1: 50.36
epoch: 918, val_loss:1.491950, acc: 52.38, bacc: 62.88, tmp_test_f1: 29.15, f1: 50.36
epoch: 919, val_loss:1.496601, acc: 52.38, bacc: 62.88, tmp_test_f1: 28.82, f1: 50.36
epoch: 920, val_loss:1.514548, acc: 52.38, bacc: 62.88, tmp_test_f1: 28.55, f1: 50.36
epoch: 921, val_loss:1.525833, acc: 52.38, bacc: 62.88, tmp_test_f1: 28.41, f1: 50.36
epoch: 922, val_loss:1.524511, acc: 52.38, bacc: 62.88, tmp_test_f1: 28.38, f1: 50.36
epoch: 923, val_loss:1.534122, acc: 52.38, bacc: 62.88, tmp_test_f1: 27.97, f1: 50.36
epoch: 924, val_loss:1.539179, acc: 52.38, bacc: 62.88, tmp_test_f1: 27.35, f1: 50.36
epoch: 925, val_loss:1.541646, acc: 52.38, bacc: 62.88, tmp_test_f1: 26.89, f1: 50.36
epoch: 926, val_loss:1.531819, acc: 52.38, bacc: 62.88, tmp_test_f1: 28.21, f1: 50.36
epoch: 927, val_loss:1.489346, acc: 52.38, bacc: 62.88, tmp_test_f1: 29.19, f1: 50.36
epoch: 928, val_loss:1.471442, acc: 52.38, bacc: 62.88, tmp_test_f1: 28.31, f1: 50.36
epoch: 929, val_loss:1.481893, acc: 52.38, bacc: 62.88, tmp_test_f1: 28.31, f1: 50.36
epoch: 930, val_loss:1.497434, acc: 52.38, bacc: 62.88, tmp_test_f1: 28.96, f1: 50.36
epoch: 931, val_loss:1.514993, acc: 52.38, bacc: 62.88, tmp_test_f1: 28.65, f1: 50.36
epoch: 932, val_loss:1.546558, acc: 52.38, bacc: 62.88, tmp_test_f1: 27.25, f1: 50.36
epoch: 933, val_loss:1.567486, acc: 52.38, bacc: 62.88, tmp_test_f1: 27.09, f1: 50.36
epoch: 934, val_loss:1.557222, acc: 52.38, bacc: 62.88, tmp_test_f1: 28.49, f1: 50.36
epoch: 935, val_loss:1.513214, acc: 52.38, bacc: 62.88, tmp_test_f1: 29.06, f1: 50.36
epoch: 936, val_loss:1.480308, acc: 52.38, bacc: 62.88, tmp_test_f1: 29.19, f1: 50.36
epoch: 937, val_loss:1.468990, acc: 52.38, bacc: 62.88, tmp_test_f1: 29.38, f1: 50.36
epoch: 938, val_loss:1.464653, acc: 52.38, bacc: 62.88, tmp_test_f1: 29.72, f1: 50.36
epoch: 939, val_loss:1.473890, acc: 52.38, bacc: 62.88, tmp_test_f1: 28.77, f1: 50.36
epoch: 940, val_loss:1.510213, acc: 52.38, bacc: 62.88, tmp_test_f1: 28.40, f1: 50.36
epoch: 941, val_loss:1.535518, acc: 52.38, bacc: 62.88, tmp_test_f1: 28.67, f1: 50.36
epoch: 942, val_loss:1.551766, acc: 52.38, bacc: 62.88, tmp_test_f1: 27.99, f1: 50.36
epoch: 943, val_loss:1.545466, acc: 52.38, bacc: 62.88, tmp_test_f1: 27.99, f1: 50.36
epoch: 944, val_loss:1.529593, acc: 52.38, bacc: 62.88, tmp_test_f1: 27.67, f1: 50.36
epoch: 945, val_loss:1.503179, acc: 52.38, bacc: 62.88, tmp_test_f1: 30.38, f1: 50.36
epoch: 946, val_loss:1.472370, acc: 52.38, bacc: 62.88, tmp_test_f1: 31.04, f1: 50.36
epoch: 947, val_loss:1.464650, acc: 52.38, bacc: 62.88, tmp_test_f1: 31.37, f1: 50.36
epoch: 948, val_loss:1.485297, acc: 52.38, bacc: 62.88, tmp_test_f1: 31.02, f1: 50.36
epoch: 949, val_loss:1.513081, acc: 52.38, bacc: 62.88, tmp_test_f1: 29.60, f1: 50.36
epoch: 950, val_loss:1.529713, acc: 52.38, bacc: 62.88, tmp_test_f1: 27.58, f1: 50.36
epoch: 951, val_loss:1.531855, acc: 52.38, bacc: 62.88, tmp_test_f1: 28.01, f1: 50.36
epoch: 952, val_loss:1.521235, acc: 52.38, bacc: 62.88, tmp_test_f1: 28.53, f1: 50.36
epoch: 953, val_loss:1.505787, acc: 52.38, bacc: 62.88, tmp_test_f1: 29.11, f1: 50.36
epoch: 954, val_loss:1.496691, acc: 52.38, bacc: 62.88, tmp_test_f1: 29.97, f1: 50.36
epoch: 955, val_loss:1.500371, acc: 52.38, bacc: 62.88, tmp_test_f1: 30.27, f1: 50.36
epoch: 956, val_loss:1.521303, acc: 52.38, bacc: 62.88, tmp_test_f1: 30.42, f1: 50.36
epoch: 957, val_loss:1.530976, acc: 52.38, bacc: 62.88, tmp_test_f1: 30.00, f1: 50.36
epoch: 958, val_loss:1.535069, acc: 52.38, bacc: 62.88, tmp_test_f1: 28.95, f1: 50.36
epoch: 959, val_loss:1.531808, acc: 52.38, bacc: 62.88, tmp_test_f1: 26.83, f1: 50.36
epoch: 960, val_loss:1.543137, acc: 52.38, bacc: 62.88, tmp_test_f1: 26.34, f1: 50.36
epoch: 961, val_loss:1.541553, acc: 52.38, bacc: 62.88, tmp_test_f1: 27.50, f1: 50.36
epoch: 962, val_loss:1.526213, acc: 52.38, bacc: 62.88, tmp_test_f1: 28.25, f1: 50.36
epoch: 963, val_loss:1.506224, acc: 52.38, bacc: 62.88, tmp_test_f1: 29.10, f1: 50.36
epoch: 964, val_loss:1.497337, acc: 52.38, bacc: 62.88, tmp_test_f1: 30.10, f1: 50.36
epoch: 965, val_loss:1.488149, acc: 52.38, bacc: 62.88, tmp_test_f1: 30.92, f1: 50.36
epoch: 966, val_loss:1.488287, acc: 52.38, bacc: 62.88, tmp_test_f1: 29.93, f1: 50.36
epoch: 967, val_loss:1.497211, acc: 52.38, bacc: 62.88, tmp_test_f1: 28.51, f1: 50.36
epoch: 968, val_loss:1.517492, acc: 52.38, bacc: 62.88, tmp_test_f1: 28.09, f1: 50.36
epoch: 969, val_loss:1.534369, acc: 52.38, bacc: 62.88, tmp_test_f1: 28.00, f1: 50.36
epoch: 970, val_loss:1.539566, acc: 52.38, bacc: 62.88, tmp_test_f1: 28.72, f1: 50.36
epoch: 971, val_loss:1.525977, acc: 52.38, bacc: 62.88, tmp_test_f1: 29.35, f1: 50.36
epoch: 972, val_loss:1.502560, acc: 52.38, bacc: 62.88, tmp_test_f1: 30.69, f1: 50.36
epoch: 973, val_loss:1.477018, acc: 52.38, bacc: 62.88, tmp_test_f1: 31.83, f1: 50.36
epoch: 974, val_loss:1.464963, acc: 52.38, bacc: 62.88, tmp_test_f1: 32.14, f1: 50.36
epoch: 975, val_loss:1.467948, acc: 52.38, bacc: 62.88, tmp_test_f1: 30.54, f1: 50.36
epoch: 976, val_loss:1.488512, acc: 52.38, bacc: 62.88, tmp_test_f1: 29.71, f1: 50.36
epoch: 977, val_loss:1.506330, acc: 52.38, bacc: 62.88, tmp_test_f1: 27.31, f1: 50.36
epoch: 978, val_loss:1.530741, acc: 52.38, bacc: 62.88, tmp_test_f1: 26.55, f1: 50.36
epoch: 979, val_loss:1.544732, acc: 52.38, bacc: 62.88, tmp_test_f1: 28.52, f1: 50.36
epoch: 980, val_loss:1.546433, acc: 52.38, bacc: 62.88, tmp_test_f1: 29.61, f1: 50.36
epoch: 981, val_loss:1.522457, acc: 52.38, bacc: 62.88, tmp_test_f1: 29.84, f1: 50.36
epoch: 982, val_loss:1.507281, acc: 52.38, bacc: 62.88, tmp_test_f1: 29.39, f1: 50.36
epoch: 983, val_loss:1.511254, acc: 52.38, bacc: 62.88, tmp_test_f1: 28.26, f1: 50.36
epoch: 984, val_loss:1.512199, acc: 52.38, bacc: 62.88, tmp_test_f1: 28.93, f1: 50.36
epoch: 985, val_loss:1.488635, acc: 52.38, bacc: 62.88, tmp_test_f1: 29.54, f1: 50.36
epoch: 986, val_loss:1.471551, acc: 52.38, bacc: 62.88, tmp_test_f1: 29.15, f1: 50.36
epoch: 987, val_loss:1.476664, acc: 52.38, bacc: 62.88, tmp_test_f1: 28.19, f1: 50.36
epoch: 988, val_loss:1.496774, acc: 52.38, bacc: 62.88, tmp_test_f1: 27.86, f1: 50.36
epoch: 989, val_loss:1.521360, acc: 52.38, bacc: 62.88, tmp_test_f1: 28.41, f1: 50.36
epoch: 990, val_loss:1.531417, acc: 52.38, bacc: 62.88, tmp_test_f1: 28.64, f1: 50.36
epoch: 991, val_loss:1.533497, acc: 52.38, bacc: 62.88, tmp_test_f1: 28.85, f1: 50.36
epoch: 992, val_loss:1.518602, acc: 52.38, bacc: 62.88, tmp_test_f1: 29.30, f1: 50.36
epoch: 993, val_loss:1.495569, acc: 52.38, bacc: 62.88, tmp_test_f1: 29.61, f1: 50.36
epoch: 994, val_loss:1.478628, acc: 52.38, bacc: 62.88, tmp_test_f1: 28.97, f1: 50.36
epoch: 995, val_loss:1.479800, acc: 52.38, bacc: 62.88, tmp_test_f1: 27.11, f1: 50.36
epoch: 996, val_loss:1.501678, acc: 52.38, bacc: 62.88, tmp_test_f1: 26.02, f1: 50.36
epoch: 997, val_loss:1.516825, acc: 52.38, bacc: 62.88, tmp_test_f1: 26.37, f1: 50.36
epoch: 998, val_loss:1.511709, acc: 52.38, bacc: 62.88, tmp_test_f1: 27.45, f1: 50.36
epoch: 999, val_loss:1.496200, acc: 52.38, bacc: 62.88, tmp_test_f1: 29.07, f1: 50.36
epoch: 1000, val_loss:1.488566, acc: 52.38, bacc: 62.88, tmp_test_f1: 30.22, f1: 50.36
epoch: 1001, val_loss:1.485433, acc: 52.38, bacc: 62.88, tmp_test_f1: 29.03, f1: 50.36
epoch: 1002, val_loss:1.503360, acc: 52.38, bacc: 62.88, tmp_test_f1: 26.45, f1: 50.36
epoch: 1003, val_loss:1.525841, acc: 52.38, bacc: 62.88, tmp_test_f1: 24.71, f1: 50.36
epoch: 1004, val_loss:1.549202, acc: 52.38, bacc: 62.88, tmp_test_f1: 24.21, f1: 50.36
epoch: 1005, val_loss:1.557384, acc: 52.38, bacc: 62.88, tmp_test_f1: 24.72, f1: 50.36
epoch: 1006, val_loss:1.550528, acc: 52.38, bacc: 62.88, tmp_test_f1: 26.52, f1: 50.36
epoch: 1007, val_loss:1.527272, acc: 52.38, bacc: 62.88, tmp_test_f1: 27.44, f1: 50.36
epoch: 1008, val_loss:1.513683, acc: 52.38, bacc: 62.88, tmp_test_f1: 26.33, f1: 50.36
epoch: 1009, val_loss:1.529632, acc: 52.38, bacc: 62.88, tmp_test_f1: 25.38, f1: 50.36
epoch: 1010, val_loss:1.540439, acc: 52.38, bacc: 62.88, tmp_test_f1: 25.25, f1: 50.36
epoch: 1011, val_loss:1.535305, acc: 52.38, bacc: 62.88, tmp_test_f1: 26.29, f1: 50.36
epoch: 1012, val_loss:1.510389, acc: 52.38, bacc: 62.88, tmp_test_f1: 26.92, f1: 50.36
epoch: 1013, val_loss:1.499420, acc: 52.38, bacc: 62.88, tmp_test_f1: 27.08, f1: 50.36
epoch: 1014, val_loss:1.503335, acc: 52.38, bacc: 62.88, tmp_test_f1: 26.99, f1: 50.36
epoch: 1015, val_loss:1.514367, acc: 52.38, bacc: 62.88, tmp_test_f1: 27.86, f1: 50.36
epoch: 1016, val_loss:1.516260, acc: 52.38, bacc: 62.88, tmp_test_f1: 28.18, f1: 50.36
epoch: 1017, val_loss:1.506240, acc: 52.38, bacc: 62.88, tmp_test_f1: 27.35, f1: 50.36
epoch: 1018, val_loss:1.510407, acc: 52.38, bacc: 62.88, tmp_test_f1: 27.49, f1: 50.36
epoch: 1019, val_loss:1.504837, acc: 52.38, bacc: 62.88, tmp_test_f1: 27.11, f1: 50.36
epoch: 1020, val_loss:1.498847, acc: 52.38, bacc: 62.88, tmp_test_f1: 26.92, f1: 50.36
epoch: 1021, val_loss:1.502529, acc: 52.38, bacc: 62.88, tmp_test_f1: 26.78, f1: 50.36
epoch: 1022, val_loss:1.496607, acc: 52.38, bacc: 62.88, tmp_test_f1: 27.94, f1: 50.36
epoch: 1023, val_loss:1.483197, acc: 52.38, bacc: 62.88, tmp_test_f1: 28.16, f1: 50.36
epoch: 1024, val_loss:1.486177, acc: 52.38, bacc: 62.88, tmp_test_f1: 28.12, f1: 50.36
epoch: 1025, val_loss:1.497027, acc: 52.38, bacc: 62.88, tmp_test_f1: 27.66, f1: 50.36
epoch: 1026, val_loss:1.514659, acc: 52.38, bacc: 62.88, tmp_test_f1: 27.86, f1: 50.36
epoch: 1027, val_loss:1.532654, acc: 52.38, bacc: 62.88, tmp_test_f1: 27.24, f1: 50.36
epoch: 1028, val_loss:1.557254, acc: 52.38, bacc: 62.88, tmp_test_f1: 26.64, f1: 50.36
epoch: 1029, val_loss:1.568594, acc: 52.38, bacc: 62.88, tmp_test_f1: 26.83, f1: 50.36
epoch: 1030, val_loss:1.540172, acc: 52.38, bacc: 62.88, tmp_test_f1: 28.24, f1: 50.36
epoch: 1031, val_loss:1.490645, acc: 52.38, bacc: 62.88, tmp_test_f1: 28.54, f1: 50.36
epoch: 1032, val_loss:1.465837, acc: 52.38, bacc: 62.88, tmp_test_f1: 28.44, f1: 50.36
epoch: 1033, val_loss:1.461670, acc: 52.38, bacc: 62.88, tmp_test_f1: 28.37, f1: 50.36
epoch: 1034, val_loss:1.477986, acc: 52.38, bacc: 62.88, tmp_test_f1: 28.66, f1: 50.36
epoch: 1035, val_loss:1.503229, acc: 52.38, bacc: 62.88, tmp_test_f1: 27.41, f1: 50.36
epoch: 1036, val_loss:1.552033, acc: 52.38, bacc: 62.88, tmp_test_f1: 26.73, f1: 50.36
epoch: 1037, val_loss:1.581476, acc: 52.38, bacc: 62.88, tmp_test_f1: 27.04, f1: 50.36
epoch: 1038, val_loss:1.545214, acc: 52.38, bacc: 62.88, tmp_test_f1: 28.53, f1: 50.36
epoch: 1039, val_loss:1.497074, acc: 52.38, bacc: 62.88, tmp_test_f1: 27.85, f1: 50.36
epoch: 1040, val_loss:1.494063, acc: 52.38, bacc: 62.88, tmp_test_f1: 26.99, f1: 50.36
epoch: 1041, val_loss:1.505497, acc: 52.38, bacc: 62.88, tmp_test_f1: 27.02, f1: 50.36
epoch: 1042, val_loss:1.529873, acc: 52.38, bacc: 62.88, tmp_test_f1: 26.90, f1: 50.36
Epoch 01043: reducing learning rate of group 0 to 1.2500e-02.
Epoch 01043: reducing learning rate of group 1 to 1.2500e-02.
epoch: 1043, val_loss:1.567052, acc: 52.38, bacc: 62.88, tmp_test_f1: 26.14, f1: 50.36
epoch: 1044, val_loss:1.588034, acc: 52.38, bacc: 62.88, tmp_test_f1: 26.17, f1: 50.36
epoch: 1045, val_loss:1.580117, acc: 52.38, bacc: 62.88, tmp_test_f1: 26.49, f1: 50.36
epoch: 1046, val_loss:1.552509, acc: 52.38, bacc: 62.88, tmp_test_f1: 27.20, f1: 50.36
epoch: 1047, val_loss:1.518175, acc: 52.38, bacc: 62.88, tmp_test_f1: 27.51, f1: 50.36
epoch: 1048, val_loss:1.488987, acc: 52.38, bacc: 62.88, tmp_test_f1: 27.56, f1: 50.36
epoch: 1049, val_loss:1.472222, acc: 52.38, bacc: 62.88, tmp_test_f1: 27.08, f1: 50.36
epoch: 1050, val_loss:1.469533, acc: 52.38, bacc: 62.88, tmp_test_f1: 26.35, f1: 50.36
epoch: 1051, val_loss:1.476940, acc: 52.38, bacc: 62.88, tmp_test_f1: 25.91, f1: 50.36
epoch: 1052, val_loss:1.494993, acc: 52.38, bacc: 62.88, tmp_test_f1: 25.45, f1: 50.36
epoch: 1053, val_loss:1.516323, acc: 52.38, bacc: 62.88, tmp_test_f1: 25.19, f1: 50.36
epoch: 1054, val_loss:1.536305, acc: 52.38, bacc: 62.88, tmp_test_f1: 25.51, f1: 50.36
epoch: 1055, val_loss:1.545326, acc: 52.38, bacc: 62.88, tmp_test_f1: 26.07, f1: 50.36
epoch: 1056, val_loss:1.542776, acc: 52.38, bacc: 62.88, tmp_test_f1: 26.39, f1: 50.36
epoch: 1057, val_loss:1.533122, acc: 52.38, bacc: 62.88, tmp_test_f1: 27.12, f1: 50.36
epoch: 1058, val_loss:1.517866, acc: 52.38, bacc: 62.88, tmp_test_f1: 27.46, f1: 50.36
epoch: 1059, val_loss:1.502681, acc: 52.38, bacc: 62.88, tmp_test_f1: 27.43, f1: 50.36
epoch: 1060, val_loss:1.490125, acc: 52.38, bacc: 62.88, tmp_test_f1: 28.42, f1: 50.36
epoch: 1061, val_loss:1.478827, acc: 52.38, bacc: 62.88, tmp_test_f1: 28.89, f1: 50.36
epoch: 1062, val_loss:1.475096, acc: 52.38, bacc: 62.88, tmp_test_f1: 28.80, f1: 50.36
epoch: 1063, val_loss:1.473760, acc: 52.38, bacc: 62.88, tmp_test_f1: 28.71, f1: 50.36
epoch: 1064, val_loss:1.479818, acc: 52.38, bacc: 62.88, tmp_test_f1: 28.46, f1: 50.36
epoch: 1065, val_loss:1.485945, acc: 52.38, bacc: 62.88, tmp_test_f1: 27.87, f1: 50.36
epoch: 1066, val_loss:1.492705, acc: 52.38, bacc: 62.88, tmp_test_f1: 27.30, f1: 50.36
GAT Amazon-Computers 100 Aug 2 EndEpoch 1066 lr 0.1
SHAsplit  0, acc: 52.38, bacc: 62.88, f1: 50.36
