CUDA Device Index: 2
Namespace(IsDirectedData=False, AugDirect=23, net='GAT', GPUdevice=2, seed=100, undirect_dataset='Amazon-Computers', Direct_dataset='WikipediaNetwork/squirrel', imb_ratio=100, dropout=0.1, num_filter=2, layer=2, alpha=0.1, K=2, feat_dim=64, warmup=5, epoch=1500, lr=0.1, l2=0.0005, tau=2, max=False, no_mask=False, gdc='ppr', heads=8, log_root='../logs/', log_path='test', data_path='../dataset/data/tmp/')
StandGAT2(
  (conv1): GATConv(767, 16, heads=4)
  (conv2): GATConv(64, 10, heads=1)
)
test_f1 CountNotImproved reset to 0 in epoch 0
epoch:   0, val_loss:2.302622, acc: 16.52, bacc: 18.14, tmp_test_f1: 4.48, f1: 4.48
epoch:   1, val_loss:2.486904, acc: 16.52, bacc: 18.14, tmp_test_f1: 0.17, f1: 4.48
epoch:   2, val_loss:3.408816, acc: 16.52, bacc: 18.14, tmp_test_f1: 1.73, f1: 4.48
epoch:   3, val_loss:3.265649, acc: 16.52, bacc: 18.14, tmp_test_f1: 0.17, f1: 4.48
epoch:   4, val_loss:2.905655, acc: 16.52, bacc: 18.14, tmp_test_f1: 0.17, f1: 4.48
epoch:   5, val_loss:2.652246, acc: 16.52, bacc: 18.14, tmp_test_f1: 0.17, f1: 4.48
epoch:   6, val_loss:2.558773, acc: 16.52, bacc: 18.14, tmp_test_f1: 0.17, f1: 4.48
epoch:   7, val_loss:2.476149, acc: 16.52, bacc: 18.14, tmp_test_f1: 0.17, f1: 4.48
epoch:   8, val_loss:2.445942, acc: 16.52, bacc: 18.14, tmp_test_f1: 0.17, f1: 4.48
epoch:   9, val_loss:2.467520, acc: 16.52, bacc: 18.14, tmp_test_f1: 0.17, f1: 4.48
epoch:  10, val_loss:2.468717, acc: 16.52, bacc: 18.14, tmp_test_f1: 0.17, f1: 4.48
epoch:  11, val_loss:2.438408, acc: 16.52, bacc: 18.14, tmp_test_f1: 0.17, f1: 4.48
epoch:  12, val_loss:2.421699, acc: 16.52, bacc: 18.14, tmp_test_f1: 0.17, f1: 4.48
epoch:  13, val_loss:2.428319, acc: 16.52, bacc: 18.14, tmp_test_f1: 0.17, f1: 4.48
epoch:  14, val_loss:2.443910, acc: 16.52, bacc: 18.14, tmp_test_f1: 0.17, f1: 4.48
epoch:  15, val_loss:2.470335, acc: 16.52, bacc: 18.14, tmp_test_f1: 0.17, f1: 4.48
epoch:  16, val_loss:2.457065, acc: 16.52, bacc: 18.14, tmp_test_f1: 0.17, f1: 4.48
epoch:  17, val_loss:2.438587, acc: 16.52, bacc: 18.14, tmp_test_f1: 0.43, f1: 4.48
epoch:  18, val_loss:2.418614, acc: 16.52, bacc: 18.14, tmp_test_f1: 0.43, f1: 4.48
epoch:  19, val_loss:2.456523, acc: 16.52, bacc: 18.14, tmp_test_f1: 0.43, f1: 4.48
epoch:  20, val_loss:2.464930, acc: 16.52, bacc: 18.14, tmp_test_f1: 0.44, f1: 4.48
epoch:  21, val_loss:2.425630, acc: 16.52, bacc: 18.14, tmp_test_f1: 0.44, f1: 4.48
epoch:  22, val_loss:2.453693, acc: 16.52, bacc: 18.14, tmp_test_f1: 0.44, f1: 4.48
epoch:  23, val_loss:2.476723, acc: 16.52, bacc: 18.14, tmp_test_f1: 0.47, f1: 4.48
epoch:  24, val_loss:2.436472, acc: 16.52, bacc: 18.14, tmp_test_f1: 2.84, f1: 4.48
epoch:  25, val_loss:2.364908, acc: 16.52, bacc: 18.14, tmp_test_f1: 0.44, f1: 4.48
epoch:  26, val_loss:2.417987, acc: 16.52, bacc: 18.14, tmp_test_f1: 0.46, f1: 4.48
test_f1 CountNotImproved reset to 0 in epoch 27
epoch:  27, val_loss:2.399117, acc: 5.69, bacc: 13.16, tmp_test_f1: 4.63, f1: 4.63
epoch:  28, val_loss:2.316858, acc: 5.69, bacc: 13.16, tmp_test_f1: 0.46, f1: 4.63
epoch:  29, val_loss:2.452005, acc: 5.69, bacc: 13.16, tmp_test_f1: 2.87, f1: 4.63
epoch:  30, val_loss:2.367625, acc: 5.69, bacc: 13.16, tmp_test_f1: 4.60, f1: 4.63
epoch:  31, val_loss:2.301480, acc: 5.69, bacc: 13.16, tmp_test_f1: 2.66, f1: 4.63
epoch:  32, val_loss:2.356643, acc: 5.69, bacc: 13.16, tmp_test_f1: 3.86, f1: 4.63
epoch:  33, val_loss:2.330840, acc: 5.69, bacc: 13.16, tmp_test_f1: 4.33, f1: 4.63
epoch:  34, val_loss:2.269508, acc: 5.69, bacc: 13.16, tmp_test_f1: 0.47, f1: 4.63
epoch:  35, val_loss:2.535135, acc: 5.69, bacc: 13.16, tmp_test_f1: 4.63, f1: 4.63
test_f1 CountNotImproved reset to 0 in epoch 36
epoch:  36, val_loss:2.279088, acc: 9.55, bacc: 15.59, tmp_test_f1: 4.70, f1: 4.70
epoch:  37, val_loss:2.253916, acc: 9.55, bacc: 15.59, tmp_test_f1: 3.14, f1: 4.70
epoch:  38, val_loss:2.445291, acc: 9.55, bacc: 15.59, tmp_test_f1: 4.31, f1: 4.70
epoch:  39, val_loss:2.145088, acc: 9.55, bacc: 15.59, tmp_test_f1: 4.26, f1: 4.70
test_f1 CountNotImproved reset to 0 in epoch 40
epoch:  40, val_loss:2.114999, acc: 7.57, bacc: 14.34, tmp_test_f1: 4.76, f1: 4.76
test_f1 CountNotImproved reset to 0 in epoch 41
epoch:  41, val_loss:2.205812, acc: 9.08, bacc: 15.30, tmp_test_f1: 4.86, f1: 4.86
epoch:  42, val_loss:2.193277, acc: 9.08, bacc: 15.30, tmp_test_f1: 4.25, f1: 4.86
epoch:  43, val_loss:2.113360, acc: 9.08, bacc: 15.30, tmp_test_f1: 4.25, f1: 4.86
test_f1 CountNotImproved reset to 0 in epoch 44
epoch:  44, val_loss:2.070786, acc: 11.92, bacc: 17.25, tmp_test_f1: 4.96, f1: 4.96
test_f1 CountNotImproved reset to 0 in epoch 45
epoch:  45, val_loss:2.114012, acc: 13.31, bacc: 18.72, tmp_test_f1: 6.35, f1: 6.35
epoch:  46, val_loss:2.075695, acc: 13.31, bacc: 18.72, tmp_test_f1: 5.85, f1: 6.35
epoch:  47, val_loss:2.029949, acc: 13.31, bacc: 18.72, tmp_test_f1: 5.07, f1: 6.35
test_f1 CountNotImproved reset to 0 in epoch 48
epoch:  48, val_loss:2.042120, acc: 13.68, bacc: 19.96, tmp_test_f1: 7.93, f1: 7.93
test_f1 CountNotImproved reset to 0 in epoch 49
epoch:  49, val_loss:2.068384, acc: 16.29, bacc: 25.56, tmp_test_f1: 12.13, f1: 12.13
test_f1 CountNotImproved reset to 0 in epoch 50
epoch:  50, val_loss:1.987703, acc: 16.27, bacc: 29.00, tmp_test_f1: 14.91, f1: 14.91
epoch:  51, val_loss:1.926980, acc: 16.27, bacc: 29.00, tmp_test_f1: 13.00, f1: 14.91
epoch:  52, val_loss:1.959881, acc: 16.27, bacc: 29.00, tmp_test_f1: 12.39, f1: 14.91
test_f1 CountNotImproved reset to 0 in epoch 53
epoch:  53, val_loss:1.955603, acc: 19.46, bacc: 29.13, tmp_test_f1: 17.12, f1: 17.12
test_f1 CountNotImproved reset to 0 in epoch 54
epoch:  54, val_loss:1.887034, acc: 16.63, bacc: 27.77, tmp_test_f1: 17.37, f1: 17.37
epoch:  55, val_loss:1.922767, acc: 16.63, bacc: 27.77, tmp_test_f1: 14.77, f1: 17.37
epoch:  56, val_loss:1.963280, acc: 16.63, bacc: 27.77, tmp_test_f1: 16.17, f1: 17.37
epoch:  57, val_loss:1.929654, acc: 16.63, bacc: 27.77, tmp_test_f1: 11.09, f1: 17.37
epoch:  58, val_loss:1.962947, acc: 16.63, bacc: 27.77, tmp_test_f1: 14.72, f1: 17.37
test_f1 CountNotImproved reset to 0 in epoch 59
epoch:  59, val_loss:1.910570, acc: 15.04, bacc: 24.52, tmp_test_f1: 17.48, f1: 17.48
test_f1 CountNotImproved reset to 0 in epoch 60
epoch:  60, val_loss:1.899929, acc: 41.78, bacc: 42.94, tmp_test_f1: 33.72, f1: 33.72
epoch:  61, val_loss:1.788859, acc: 41.78, bacc: 42.94, tmp_test_f1: 21.01, f1: 33.72
epoch:  62, val_loss:1.847569, acc: 41.78, bacc: 42.94, tmp_test_f1: 15.88, f1: 33.72
epoch:  63, val_loss:1.915660, acc: 41.78, bacc: 42.94, tmp_test_f1: 24.12, f1: 33.72
epoch:  64, val_loss:1.816781, acc: 41.78, bacc: 42.94, tmp_test_f1: 25.24, f1: 33.72
epoch:  65, val_loss:1.787749, acc: 41.78, bacc: 42.94, tmp_test_f1: 23.75, f1: 33.72
epoch:  66, val_loss:1.848750, acc: 41.78, bacc: 42.94, tmp_test_f1: 23.18, f1: 33.72
epoch:  67, val_loss:1.783872, acc: 41.78, bacc: 42.94, tmp_test_f1: 31.07, f1: 33.72
epoch:  68, val_loss:1.801134, acc: 41.78, bacc: 42.94, tmp_test_f1: 15.44, f1: 33.72
epoch:  69, val_loss:1.875788, acc: 41.78, bacc: 42.94, tmp_test_f1: 25.51, f1: 33.72
epoch:  70, val_loss:1.757754, acc: 41.78, bacc: 42.94, tmp_test_f1: 26.05, f1: 33.72
epoch:  71, val_loss:1.756179, acc: 41.78, bacc: 42.94, tmp_test_f1: 20.06, f1: 33.72
epoch:  72, val_loss:1.880440, acc: 41.78, bacc: 42.94, tmp_test_f1: 20.69, f1: 33.72
epoch:  73, val_loss:1.814598, acc: 41.78, bacc: 42.94, tmp_test_f1: 28.44, f1: 33.72
epoch:  74, val_loss:1.728332, acc: 41.78, bacc: 42.94, tmp_test_f1: 24.59, f1: 33.72
epoch:  75, val_loss:1.790901, acc: 41.78, bacc: 42.94, tmp_test_f1: 26.05, f1: 33.72
epoch:  76, val_loss:1.744776, acc: 41.78, bacc: 42.94, tmp_test_f1: 27.08, f1: 33.72
epoch:  77, val_loss:1.695012, acc: 41.78, bacc: 42.94, tmp_test_f1: 24.96, f1: 33.72
epoch:  78, val_loss:1.719230, acc: 41.78, bacc: 42.94, tmp_test_f1: 14.17, f1: 33.72
epoch:  79, val_loss:1.864111, acc: 41.78, bacc: 42.94, tmp_test_f1: 22.79, f1: 33.72
epoch:  80, val_loss:1.694190, acc: 41.78, bacc: 42.94, tmp_test_f1: 32.60, f1: 33.72
epoch:  81, val_loss:1.635554, acc: 41.78, bacc: 42.94, tmp_test_f1: 19.59, f1: 33.72
epoch:  82, val_loss:1.747954, acc: 41.78, bacc: 42.94, tmp_test_f1: 26.24, f1: 33.72
epoch:  83, val_loss:1.728732, acc: 41.78, bacc: 42.94, tmp_test_f1: 28.64, f1: 33.72
epoch:  84, val_loss:1.701522, acc: 41.78, bacc: 42.94, tmp_test_f1: 17.68, f1: 33.72
epoch:  85, val_loss:1.858154, acc: 41.78, bacc: 42.94, tmp_test_f1: 18.23, f1: 33.72
epoch:  86, val_loss:1.857862, acc: 41.78, bacc: 42.94, tmp_test_f1: 29.02, f1: 33.72
epoch:  87, val_loss:1.755522, acc: 41.78, bacc: 42.94, tmp_test_f1: 31.01, f1: 33.72
epoch:  88, val_loss:1.727895, acc: 41.78, bacc: 42.94, tmp_test_f1: 20.93, f1: 33.72
epoch:  89, val_loss:1.788123, acc: 41.78, bacc: 42.94, tmp_test_f1: 15.03, f1: 33.72
epoch:  90, val_loss:1.892606, acc: 41.78, bacc: 42.94, tmp_test_f1: 17.87, f1: 33.72
epoch:  91, val_loss:1.793260, acc: 41.78, bacc: 42.94, tmp_test_f1: 30.95, f1: 33.72
test_f1 CountNotImproved reset to 0 in epoch 92
epoch:  92, val_loss:1.664975, acc: 56.01, bacc: 56.41, tmp_test_f1: 46.11, f1: 46.11
epoch:  93, val_loss:1.545900, acc: 56.01, bacc: 56.41, tmp_test_f1: 29.80, f1: 46.11
epoch:  94, val_loss:1.618493, acc: 56.01, bacc: 56.41, tmp_test_f1: 22.34, f1: 46.11
epoch:  95, val_loss:1.694350, acc: 56.01, bacc: 56.41, tmp_test_f1: 28.24, f1: 46.11
epoch:  96, val_loss:1.687502, acc: 56.01, bacc: 56.41, tmp_test_f1: 19.05, f1: 46.11
epoch:  97, val_loss:1.833996, acc: 56.01, bacc: 56.41, tmp_test_f1: 20.37, f1: 46.11
epoch:  98, val_loss:1.737626, acc: 56.01, bacc: 56.41, tmp_test_f1: 28.37, f1: 46.11
epoch:  99, val_loss:1.651656, acc: 56.01, bacc: 56.41, tmp_test_f1: 26.51, f1: 46.11
epoch: 100, val_loss:1.664556, acc: 56.01, bacc: 56.41, tmp_test_f1: 23.26, f1: 46.11
epoch: 101, val_loss:1.720258, acc: 56.01, bacc: 56.41, tmp_test_f1: 21.65, f1: 46.11
epoch: 102, val_loss:1.773880, acc: 56.01, bacc: 56.41, tmp_test_f1: 21.32, f1: 46.11
epoch: 103, val_loss:1.813380, acc: 56.01, bacc: 56.41, tmp_test_f1: 25.41, f1: 46.11
epoch: 104, val_loss:1.717619, acc: 56.01, bacc: 56.41, tmp_test_f1: 23.47, f1: 46.11
epoch: 105, val_loss:1.779698, acc: 56.01, bacc: 56.41, tmp_test_f1: 33.54, f1: 46.11
epoch: 106, val_loss:1.650373, acc: 56.01, bacc: 56.41, tmp_test_f1: 25.20, f1: 46.11
epoch: 107, val_loss:1.701934, acc: 56.01, bacc: 56.41, tmp_test_f1: 19.21, f1: 46.11
epoch: 108, val_loss:1.799552, acc: 56.01, bacc: 56.41, tmp_test_f1: 24.39, f1: 46.11
epoch: 109, val_loss:1.721068, acc: 56.01, bacc: 56.41, tmp_test_f1: 30.70, f1: 46.11
epoch: 110, val_loss:1.701918, acc: 56.01, bacc: 56.41, tmp_test_f1: 23.01, f1: 46.11
epoch: 111, val_loss:1.769956, acc: 56.01, bacc: 56.41, tmp_test_f1: 24.33, f1: 46.11
epoch: 112, val_loss:1.758724, acc: 56.01, bacc: 56.41, tmp_test_f1: 25.74, f1: 46.11
epoch: 113, val_loss:1.712137, acc: 56.01, bacc: 56.41, tmp_test_f1: 30.10, f1: 46.11
epoch: 114, val_loss:1.640498, acc: 56.01, bacc: 56.41, tmp_test_f1: 21.32, f1: 46.11
epoch: 115, val_loss:1.748107, acc: 56.01, bacc: 56.41, tmp_test_f1: 19.86, f1: 46.11
epoch: 116, val_loss:1.846906, acc: 56.01, bacc: 56.41, tmp_test_f1: 38.07, f1: 46.11
epoch: 117, val_loss:1.632524, acc: 56.01, bacc: 56.41, tmp_test_f1: 40.25, f1: 46.11
epoch: 118, val_loss:1.594873, acc: 56.01, bacc: 56.41, tmp_test_f1: 26.86, f1: 46.11
epoch: 119, val_loss:1.655945, acc: 56.01, bacc: 56.41, tmp_test_f1: 23.67, f1: 46.11
epoch: 120, val_loss:1.673849, acc: 56.01, bacc: 56.41, tmp_test_f1: 29.02, f1: 46.11
epoch: 121, val_loss:1.593573, acc: 56.01, bacc: 56.41, tmp_test_f1: 34.06, f1: 46.11
epoch: 122, val_loss:1.545277, acc: 56.01, bacc: 56.41, tmp_test_f1: 39.42, f1: 46.11
epoch: 123, val_loss:1.550027, acc: 56.01, bacc: 56.41, tmp_test_f1: 26.83, f1: 46.11
epoch: 124, val_loss:1.646700, acc: 56.01, bacc: 56.41, tmp_test_f1: 19.01, f1: 46.11
epoch: 125, val_loss:1.749721, acc: 56.01, bacc: 56.41, tmp_test_f1: 24.50, f1: 46.11
epoch: 126, val_loss:1.705784, acc: 56.01, bacc: 56.41, tmp_test_f1: 29.29, f1: 46.11
epoch: 127, val_loss:1.647782, acc: 56.01, bacc: 56.41, tmp_test_f1: 32.13, f1: 46.11
epoch: 128, val_loss:1.606258, acc: 56.01, bacc: 56.41, tmp_test_f1: 30.50, f1: 46.11
epoch: 129, val_loss:1.589051, acc: 56.01, bacc: 56.41, tmp_test_f1: 24.24, f1: 46.11
epoch: 130, val_loss:1.643228, acc: 56.01, bacc: 56.41, tmp_test_f1: 19.56, f1: 46.11
epoch: 131, val_loss:1.731654, acc: 56.01, bacc: 56.41, tmp_test_f1: 26.75, f1: 46.11
epoch: 132, val_loss:1.670740, acc: 56.01, bacc: 56.41, tmp_test_f1: 28.07, f1: 46.11
epoch: 133, val_loss:1.650910, acc: 56.01, bacc: 56.41, tmp_test_f1: 24.20, f1: 46.11
epoch: 134, val_loss:1.732022, acc: 56.01, bacc: 56.41, tmp_test_f1: 28.60, f1: 46.11
epoch: 135, val_loss:1.676152, acc: 56.01, bacc: 56.41, tmp_test_f1: 39.14, f1: 46.11
epoch: 136, val_loss:1.595913, acc: 56.01, bacc: 56.41, tmp_test_f1: 27.77, f1: 46.11
epoch: 137, val_loss:1.691491, acc: 56.01, bacc: 56.41, tmp_test_f1: 24.24, f1: 46.11
epoch: 138, val_loss:1.740906, acc: 56.01, bacc: 56.41, tmp_test_f1: 31.79, f1: 46.11
epoch: 139, val_loss:1.634273, acc: 56.01, bacc: 56.41, tmp_test_f1: 42.79, f1: 46.11
epoch: 140, val_loss:1.528372, acc: 56.01, bacc: 56.41, tmp_test_f1: 30.65, f1: 46.11
epoch: 141, val_loss:1.566278, acc: 56.01, bacc: 56.41, tmp_test_f1: 28.32, f1: 46.11
epoch: 142, val_loss:1.591548, acc: 56.01, bacc: 56.41, tmp_test_f1: 25.12, f1: 46.11
epoch: 143, val_loss:1.643308, acc: 56.01, bacc: 56.41, tmp_test_f1: 33.01, f1: 46.11
epoch: 144, val_loss:1.665018, acc: 56.01, bacc: 56.41, tmp_test_f1: 33.38, f1: 46.11
epoch: 145, val_loss:1.659056, acc: 56.01, bacc: 56.41, tmp_test_f1: 24.11, f1: 46.11
epoch: 146, val_loss:1.739861, acc: 56.01, bacc: 56.41, tmp_test_f1: 37.51, f1: 46.11
epoch: 147, val_loss:1.541255, acc: 56.01, bacc: 56.41, tmp_test_f1: 30.20, f1: 46.11
epoch: 148, val_loss:1.650864, acc: 56.01, bacc: 56.41, tmp_test_f1: 16.45, f1: 46.11
epoch: 149, val_loss:1.720089, acc: 56.01, bacc: 56.41, tmp_test_f1: 23.75, f1: 46.11
epoch: 150, val_loss:1.558624, acc: 56.01, bacc: 56.41, tmp_test_f1: 35.24, f1: 46.11
epoch: 151, val_loss:1.473855, acc: 56.01, bacc: 56.41, tmp_test_f1: 32.65, f1: 46.11
epoch: 152, val_loss:1.507406, acc: 56.01, bacc: 56.41, tmp_test_f1: 27.22, f1: 46.11
epoch: 153, val_loss:1.623381, acc: 56.01, bacc: 56.41, tmp_test_f1: 25.70, f1: 46.11
epoch: 154, val_loss:1.653490, acc: 56.01, bacc: 56.41, tmp_test_f1: 29.78, f1: 46.11
epoch: 155, val_loss:1.615686, acc: 56.01, bacc: 56.41, tmp_test_f1: 26.23, f1: 46.11
epoch: 156, val_loss:1.651986, acc: 56.01, bacc: 56.41, tmp_test_f1: 21.04, f1: 46.11
epoch: 157, val_loss:1.762059, acc: 56.01, bacc: 56.41, tmp_test_f1: 29.21, f1: 46.11
epoch: 158, val_loss:1.654514, acc: 56.01, bacc: 56.41, tmp_test_f1: 31.18, f1: 46.11
epoch: 159, val_loss:1.577174, acc: 56.01, bacc: 56.41, tmp_test_f1: 29.19, f1: 46.11
epoch: 160, val_loss:1.540265, acc: 56.01, bacc: 56.41, tmp_test_f1: 28.57, f1: 46.11
epoch: 161, val_loss:1.573382, acc: 56.01, bacc: 56.41, tmp_test_f1: 31.78, f1: 46.11
epoch: 162, val_loss:1.541182, acc: 56.01, bacc: 56.41, tmp_test_f1: 26.26, f1: 46.11
epoch: 163, val_loss:1.638055, acc: 56.01, bacc: 56.41, tmp_test_f1: 22.74, f1: 46.11
epoch: 164, val_loss:1.637053, acc: 56.01, bacc: 56.41, tmp_test_f1: 29.36, f1: 46.11
epoch: 165, val_loss:1.548080, acc: 56.01, bacc: 56.41, tmp_test_f1: 39.16, f1: 46.11
epoch: 166, val_loss:1.456328, acc: 56.01, bacc: 56.41, tmp_test_f1: 31.56, f1: 46.11
epoch: 167, val_loss:1.581367, acc: 56.01, bacc: 56.41, tmp_test_f1: 23.32, f1: 46.11
epoch: 168, val_loss:1.768442, acc: 56.01, bacc: 56.41, tmp_test_f1: 22.52, f1: 46.11
epoch: 169, val_loss:1.759173, acc: 56.01, bacc: 56.41, tmp_test_f1: 28.77, f1: 46.11
epoch: 170, val_loss:1.764308, acc: 56.01, bacc: 56.41, tmp_test_f1: 26.78, f1: 46.11
epoch: 171, val_loss:1.751807, acc: 56.01, bacc: 56.41, tmp_test_f1: 21.90, f1: 46.11
epoch: 172, val_loss:1.673535, acc: 56.01, bacc: 56.41, tmp_test_f1: 27.93, f1: 46.11
epoch: 173, val_loss:1.560779, acc: 56.01, bacc: 56.41, tmp_test_f1: 31.63, f1: 46.11
epoch: 174, val_loss:1.482223, acc: 56.01, bacc: 56.41, tmp_test_f1: 29.11, f1: 46.11
epoch: 175, val_loss:1.558161, acc: 56.01, bacc: 56.41, tmp_test_f1: 24.51, f1: 46.11
epoch: 176, val_loss:1.729311, acc: 56.01, bacc: 56.41, tmp_test_f1: 22.06, f1: 46.11
epoch: 177, val_loss:1.737550, acc: 56.01, bacc: 56.41, tmp_test_f1: 25.19, f1: 46.11
epoch: 178, val_loss:1.661848, acc: 56.01, bacc: 56.41, tmp_test_f1: 30.82, f1: 46.11
epoch: 179, val_loss:1.540562, acc: 56.01, bacc: 56.41, tmp_test_f1: 34.48, f1: 46.11
epoch: 180, val_loss:1.570181, acc: 56.01, bacc: 56.41, tmp_test_f1: 26.55, f1: 46.11
epoch: 181, val_loss:1.664903, acc: 56.01, bacc: 56.41, tmp_test_f1: 27.42, f1: 46.11
epoch: 182, val_loss:1.581268, acc: 56.01, bacc: 56.41, tmp_test_f1: 35.05, f1: 46.11
epoch: 183, val_loss:1.478025, acc: 56.01, bacc: 56.41, tmp_test_f1: 34.66, f1: 46.11
epoch: 184, val_loss:1.482775, acc: 56.01, bacc: 56.41, tmp_test_f1: 26.54, f1: 46.11
epoch: 185, val_loss:1.644394, acc: 56.01, bacc: 56.41, tmp_test_f1: 24.53, f1: 46.11
epoch: 186, val_loss:1.764285, acc: 56.01, bacc: 56.41, tmp_test_f1: 33.72, f1: 46.11
epoch: 187, val_loss:1.585679, acc: 56.01, bacc: 56.41, tmp_test_f1: 35.70, f1: 46.11
epoch: 188, val_loss:1.534529, acc: 56.01, bacc: 56.41, tmp_test_f1: 24.65, f1: 46.11
epoch: 189, val_loss:1.617416, acc: 56.01, bacc: 56.41, tmp_test_f1: 23.70, f1: 46.11
epoch: 190, val_loss:1.640396, acc: 56.01, bacc: 56.41, tmp_test_f1: 27.28, f1: 46.11
epoch: 191, val_loss:1.605664, acc: 56.01, bacc: 56.41, tmp_test_f1: 30.38, f1: 46.11
epoch: 192, val_loss:1.645864, acc: 56.01, bacc: 56.41, tmp_test_f1: 26.32, f1: 46.11
epoch: 193, val_loss:1.662330, acc: 56.01, bacc: 56.41, tmp_test_f1: 19.93, f1: 46.11
epoch: 194, val_loss:1.724792, acc: 56.01, bacc: 56.41, tmp_test_f1: 25.04, f1: 46.11
epoch: 195, val_loss:1.676260, acc: 56.01, bacc: 56.41, tmp_test_f1: 29.55, f1: 46.11
epoch: 196, val_loss:1.628288, acc: 56.01, bacc: 56.41, tmp_test_f1: 25.53, f1: 46.11
epoch: 197, val_loss:1.646188, acc: 56.01, bacc: 56.41, tmp_test_f1: 23.12, f1: 46.11
epoch: 198, val_loss:1.624843, acc: 56.01, bacc: 56.41, tmp_test_f1: 30.59, f1: 46.11
epoch: 199, val_loss:1.528829, acc: 56.01, bacc: 56.41, tmp_test_f1: 29.40, f1: 46.11
epoch: 200, val_loss:1.610416, acc: 56.01, bacc: 56.41, tmp_test_f1: 26.78, f1: 46.11
epoch: 201, val_loss:1.704718, acc: 56.01, bacc: 56.41, tmp_test_f1: 28.24, f1: 46.11
epoch: 202, val_loss:1.633289, acc: 56.01, bacc: 56.41, tmp_test_f1: 28.69, f1: 46.11
epoch: 203, val_loss:1.570092, acc: 56.01, bacc: 56.41, tmp_test_f1: 28.97, f1: 46.11
epoch: 204, val_loss:1.487893, acc: 56.01, bacc: 56.41, tmp_test_f1: 30.01, f1: 46.11
epoch: 205, val_loss:1.482253, acc: 56.01, bacc: 56.41, tmp_test_f1: 30.04, f1: 46.11
epoch: 206, val_loss:1.565161, acc: 56.01, bacc: 56.41, tmp_test_f1: 27.20, f1: 46.11
epoch: 207, val_loss:1.706082, acc: 56.01, bacc: 56.41, tmp_test_f1: 23.54, f1: 46.11
epoch: 208, val_loss:1.767676, acc: 56.01, bacc: 56.41, tmp_test_f1: 21.03, f1: 46.11
epoch: 209, val_loss:1.773871, acc: 56.01, bacc: 56.41, tmp_test_f1: 22.12, f1: 46.11
epoch: 210, val_loss:1.687432, acc: 56.01, bacc: 56.41, tmp_test_f1: 32.48, f1: 46.11
epoch: 211, val_loss:1.529050, acc: 56.01, bacc: 56.41, tmp_test_f1: 31.40, f1: 46.11
epoch: 212, val_loss:1.491763, acc: 56.01, bacc: 56.41, tmp_test_f1: 33.28, f1: 46.11
epoch: 213, val_loss:1.562953, acc: 56.01, bacc: 56.41, tmp_test_f1: 30.59, f1: 46.11
epoch: 214, val_loss:1.674110, acc: 56.01, bacc: 56.41, tmp_test_f1: 30.47, f1: 46.11
epoch: 215, val_loss:1.652944, acc: 56.01, bacc: 56.41, tmp_test_f1: 35.52, f1: 46.11
epoch: 216, val_loss:1.481901, acc: 56.01, bacc: 56.41, tmp_test_f1: 29.68, f1: 46.11
epoch: 217, val_loss:1.501154, acc: 56.01, bacc: 56.41, tmp_test_f1: 24.50, f1: 46.11
epoch: 218, val_loss:1.633687, acc: 56.01, bacc: 56.41, tmp_test_f1: 25.08, f1: 46.11
epoch: 219, val_loss:1.738562, acc: 56.01, bacc: 56.41, tmp_test_f1: 27.54, f1: 46.11
epoch: 220, val_loss:1.685520, acc: 56.01, bacc: 56.41, tmp_test_f1: 27.43, f1: 46.11
epoch: 221, val_loss:1.606212, acc: 56.01, bacc: 56.41, tmp_test_f1: 20.32, f1: 46.11
epoch: 222, val_loss:1.612317, acc: 56.01, bacc: 56.41, tmp_test_f1: 24.63, f1: 46.11
epoch: 223, val_loss:1.655209, acc: 56.01, bacc: 56.41, tmp_test_f1: 29.78, f1: 46.11
epoch: 224, val_loss:1.621423, acc: 56.01, bacc: 56.41, tmp_test_f1: 32.20, f1: 46.11
epoch: 225, val_loss:1.584033, acc: 56.01, bacc: 56.41, tmp_test_f1: 40.40, f1: 46.11
epoch: 226, val_loss:1.469451, acc: 56.01, bacc: 56.41, tmp_test_f1: 38.62, f1: 46.11
epoch: 227, val_loss:1.422233, acc: 56.01, bacc: 56.41, tmp_test_f1: 34.74, f1: 46.11
epoch: 228, val_loss:1.419332, acc: 56.01, bacc: 56.41, tmp_test_f1: 37.15, f1: 46.11
epoch: 229, val_loss:1.412345, acc: 56.01, bacc: 56.41, tmp_test_f1: 38.74, f1: 46.11
epoch: 230, val_loss:1.411681, acc: 56.01, bacc: 56.41, tmp_test_f1: 31.86, f1: 46.11
epoch: 231, val_loss:1.488252, acc: 56.01, bacc: 56.41, tmp_test_f1: 32.96, f1: 46.11
epoch: 232, val_loss:1.523819, acc: 56.01, bacc: 56.41, tmp_test_f1: 41.09, f1: 46.11
epoch: 233, val_loss:1.442648, acc: 56.01, bacc: 56.41, tmp_test_f1: 26.69, f1: 46.11
epoch: 234, val_loss:1.593980, acc: 56.01, bacc: 56.41, tmp_test_f1: 19.54, f1: 46.11
epoch: 235, val_loss:1.744451, acc: 56.01, bacc: 56.41, tmp_test_f1: 28.02, f1: 46.11
epoch: 236, val_loss:1.645583, acc: 56.01, bacc: 56.41, tmp_test_f1: 38.34, f1: 46.11
epoch: 237, val_loss:1.483163, acc: 56.01, bacc: 56.41, tmp_test_f1: 34.97, f1: 46.11
epoch: 238, val_loss:1.489085, acc: 56.01, bacc: 56.41, tmp_test_f1: 27.50, f1: 46.11
epoch: 239, val_loss:1.628494, acc: 56.01, bacc: 56.41, tmp_test_f1: 30.36, f1: 46.11
epoch: 240, val_loss:1.550513, acc: 56.01, bacc: 56.41, tmp_test_f1: 36.96, f1: 46.11
epoch: 241, val_loss:1.485666, acc: 56.01, bacc: 56.41, tmp_test_f1: 35.04, f1: 46.11
epoch: 242, val_loss:1.552010, acc: 56.01, bacc: 56.41, tmp_test_f1: 29.93, f1: 46.11
epoch: 243, val_loss:1.660408, acc: 56.01, bacc: 56.41, tmp_test_f1: 28.69, f1: 46.11
epoch: 244, val_loss:1.674929, acc: 56.01, bacc: 56.41, tmp_test_f1: 31.10, f1: 46.11
epoch: 245, val_loss:1.565329, acc: 56.01, bacc: 56.41, tmp_test_f1: 34.16, f1: 46.11
epoch: 246, val_loss:1.439258, acc: 56.01, bacc: 56.41, tmp_test_f1: 22.38, f1: 46.11
epoch: 247, val_loss:1.601152, acc: 56.01, bacc: 56.41, tmp_test_f1: 27.04, f1: 46.11
epoch: 248, val_loss:1.609372, acc: 56.01, bacc: 56.41, tmp_test_f1: 32.60, f1: 46.11
epoch: 249, val_loss:1.598972, acc: 56.01, bacc: 56.41, tmp_test_f1: 31.63, f1: 46.11
epoch: 250, val_loss:1.687291, acc: 56.01, bacc: 56.41, tmp_test_f1: 27.02, f1: 46.11
epoch: 251, val_loss:1.746069, acc: 56.01, bacc: 56.41, tmp_test_f1: 29.87, f1: 46.11
epoch: 252, val_loss:1.602303, acc: 56.01, bacc: 56.41, tmp_test_f1: 36.99, f1: 46.11
epoch: 253, val_loss:1.455803, acc: 56.01, bacc: 56.41, tmp_test_f1: 41.57, f1: 46.11
epoch: 254, val_loss:1.363773, acc: 56.01, bacc: 56.41, tmp_test_f1: 36.90, f1: 46.11
epoch: 255, val_loss:1.457186, acc: 56.01, bacc: 56.41, tmp_test_f1: 30.70, f1: 46.11
epoch: 256, val_loss:1.569717, acc: 56.01, bacc: 56.41, tmp_test_f1: 27.77, f1: 46.11
epoch: 257, val_loss:1.611489, acc: 56.01, bacc: 56.41, tmp_test_f1: 35.24, f1: 46.11
epoch: 258, val_loss:1.516590, acc: 56.01, bacc: 56.41, tmp_test_f1: 39.46, f1: 46.11
epoch: 259, val_loss:1.441599, acc: 56.01, bacc: 56.41, tmp_test_f1: 31.39, f1: 46.11
epoch: 260, val_loss:1.533058, acc: 56.01, bacc: 56.41, tmp_test_f1: 27.45, f1: 46.11
epoch: 261, val_loss:1.559948, acc: 56.01, bacc: 56.41, tmp_test_f1: 32.16, f1: 46.11
epoch: 262, val_loss:1.520924, acc: 56.01, bacc: 56.41, tmp_test_f1: 35.14, f1: 46.11
epoch: 263, val_loss:1.531853, acc: 56.01, bacc: 56.41, tmp_test_f1: 33.47, f1: 46.11
epoch: 264, val_loss:1.558671, acc: 56.01, bacc: 56.41, tmp_test_f1: 27.60, f1: 46.11
epoch: 265, val_loss:1.624808, acc: 56.01, bacc: 56.41, tmp_test_f1: 26.12, f1: 46.11
epoch: 266, val_loss:1.664851, acc: 56.01, bacc: 56.41, tmp_test_f1: 34.49, f1: 46.11
epoch: 267, val_loss:1.509250, acc: 56.01, bacc: 56.41, tmp_test_f1: 36.08, f1: 46.11
epoch: 268, val_loss:1.477736, acc: 56.01, bacc: 56.41, tmp_test_f1: 31.94, f1: 46.11
epoch: 269, val_loss:1.546556, acc: 56.01, bacc: 56.41, tmp_test_f1: 29.82, f1: 46.11
epoch: 270, val_loss:1.541355, acc: 56.01, bacc: 56.41, tmp_test_f1: 30.01, f1: 46.11
epoch: 271, val_loss:1.524536, acc: 56.01, bacc: 56.41, tmp_test_f1: 30.66, f1: 46.11
epoch: 272, val_loss:1.507973, acc: 56.01, bacc: 56.41, tmp_test_f1: 38.22, f1: 46.11
epoch: 273, val_loss:1.449703, acc: 56.01, bacc: 56.41, tmp_test_f1: 33.19, f1: 46.11
epoch: 274, val_loss:1.478926, acc: 56.01, bacc: 56.41, tmp_test_f1: 27.22, f1: 46.11
epoch: 275, val_loss:1.555909, acc: 56.01, bacc: 56.41, tmp_test_f1: 29.28, f1: 46.11
epoch: 276, val_loss:1.610686, acc: 56.01, bacc: 56.41, tmp_test_f1: 37.23, f1: 46.11
epoch: 277, val_loss:1.499558, acc: 56.01, bacc: 56.41, tmp_test_f1: 35.83, f1: 46.11
epoch: 278, val_loss:1.540665, acc: 56.01, bacc: 56.41, tmp_test_f1: 30.70, f1: 46.11
epoch: 279, val_loss:1.570144, acc: 56.01, bacc: 56.41, tmp_test_f1: 29.79, f1: 46.11
epoch: 280, val_loss:1.556867, acc: 56.01, bacc: 56.41, tmp_test_f1: 33.97, f1: 46.11
epoch: 281, val_loss:1.493529, acc: 56.01, bacc: 56.41, tmp_test_f1: 38.54, f1: 46.11
epoch: 282, val_loss:1.440338, acc: 56.01, bacc: 56.41, tmp_test_f1: 32.21, f1: 46.11
epoch: 283, val_loss:1.497638, acc: 56.01, bacc: 56.41, tmp_test_f1: 27.88, f1: 46.11
epoch: 284, val_loss:1.564070, acc: 56.01, bacc: 56.41, tmp_test_f1: 31.18, f1: 46.11
epoch: 285, val_loss:1.594415, acc: 56.01, bacc: 56.41, tmp_test_f1: 36.51, f1: 46.11
epoch: 286, val_loss:1.609814, acc: 56.01, bacc: 56.41, tmp_test_f1: 31.49, f1: 46.11
epoch: 287, val_loss:1.733981, acc: 56.01, bacc: 56.41, tmp_test_f1: 23.00, f1: 46.11
epoch: 288, val_loss:1.861838, acc: 56.01, bacc: 56.41, tmp_test_f1: 27.38, f1: 46.11
epoch: 289, val_loss:1.644999, acc: 56.01, bacc: 56.41, tmp_test_f1: 32.30, f1: 46.11
epoch: 290, val_loss:1.502744, acc: 56.01, bacc: 56.41, tmp_test_f1: 32.73, f1: 46.11
epoch: 291, val_loss:1.439412, acc: 56.01, bacc: 56.41, tmp_test_f1: 26.27, f1: 46.11
epoch: 292, val_loss:1.537682, acc: 56.01, bacc: 56.41, tmp_test_f1: 31.97, f1: 46.11
epoch: 293, val_loss:1.499837, acc: 56.01, bacc: 56.41, tmp_test_f1: 37.95, f1: 46.11
epoch: 294, val_loss:1.443341, acc: 56.01, bacc: 56.41, tmp_test_f1: 39.71, f1: 46.11
epoch: 295, val_loss:1.466019, acc: 56.01, bacc: 56.41, tmp_test_f1: 34.39, f1: 46.11
epoch: 296, val_loss:1.582039, acc: 56.01, bacc: 56.41, tmp_test_f1: 30.02, f1: 46.11
epoch: 297, val_loss:1.611438, acc: 56.01, bacc: 56.41, tmp_test_f1: 29.25, f1: 46.11
epoch: 298, val_loss:1.497314, acc: 56.01, bacc: 56.41, tmp_test_f1: 29.61, f1: 46.11
epoch: 299, val_loss:1.544072, acc: 56.01, bacc: 56.41, tmp_test_f1: 28.77, f1: 46.11
epoch: 300, val_loss:1.597482, acc: 56.01, bacc: 56.41, tmp_test_f1: 34.29, f1: 46.11
epoch: 301, val_loss:1.557955, acc: 56.01, bacc: 56.41, tmp_test_f1: 34.18, f1: 46.11
epoch: 302, val_loss:1.527382, acc: 56.01, bacc: 56.41, tmp_test_f1: 31.78, f1: 46.11
epoch: 303, val_loss:1.524566, acc: 56.01, bacc: 56.41, tmp_test_f1: 35.04, f1: 46.11
epoch: 304, val_loss:1.484699, acc: 56.01, bacc: 56.41, tmp_test_f1: 40.27, f1: 46.11
epoch: 305, val_loss:1.450146, acc: 56.01, bacc: 56.41, tmp_test_f1: 30.91, f1: 46.11
epoch: 306, val_loss:1.518852, acc: 56.01, bacc: 56.41, tmp_test_f1: 24.59, f1: 46.11
epoch: 307, val_loss:1.645092, acc: 56.01, bacc: 56.41, tmp_test_f1: 29.38, f1: 46.11
epoch: 308, val_loss:1.560624, acc: 56.01, bacc: 56.41, tmp_test_f1: 38.77, f1: 46.11
epoch: 309, val_loss:1.471227, acc: 56.01, bacc: 56.41, tmp_test_f1: 36.36, f1: 46.11
epoch: 310, val_loss:1.536082, acc: 56.01, bacc: 56.41, tmp_test_f1: 35.78, f1: 46.11
epoch: 311, val_loss:1.604460, acc: 56.01, bacc: 56.41, tmp_test_f1: 29.59, f1: 46.11
epoch: 312, val_loss:1.661223, acc: 56.01, bacc: 56.41, tmp_test_f1: 30.31, f1: 46.11
epoch: 313, val_loss:1.603218, acc: 56.01, bacc: 56.41, tmp_test_f1: 38.28, f1: 46.11
epoch: 314, val_loss:1.425584, acc: 56.01, bacc: 56.41, tmp_test_f1: 32.34, f1: 46.11
epoch: 315, val_loss:1.516824, acc: 56.01, bacc: 56.41, tmp_test_f1: 33.38, f1: 46.11
epoch: 316, val_loss:1.502839, acc: 56.01, bacc: 56.41, tmp_test_f1: 30.34, f1: 46.11
epoch: 317, val_loss:1.516077, acc: 56.01, bacc: 56.41, tmp_test_f1: 32.23, f1: 46.11
epoch: 318, val_loss:1.527391, acc: 56.01, bacc: 56.41, tmp_test_f1: 26.70, f1: 46.11
epoch: 319, val_loss:1.666485, acc: 56.01, bacc: 56.41, tmp_test_f1: 26.57, f1: 46.11
epoch: 320, val_loss:1.655848, acc: 56.01, bacc: 56.41, tmp_test_f1: 28.41, f1: 46.11
epoch: 321, val_loss:1.591965, acc: 56.01, bacc: 56.41, tmp_test_f1: 30.17, f1: 46.11
epoch: 322, val_loss:1.554529, acc: 56.01, bacc: 56.41, tmp_test_f1: 31.21, f1: 46.11
epoch: 323, val_loss:1.518324, acc: 56.01, bacc: 56.41, tmp_test_f1: 31.63, f1: 46.11
epoch: 324, val_loss:1.531530, acc: 56.01, bacc: 56.41, tmp_test_f1: 29.84, f1: 46.11
epoch: 325, val_loss:1.553938, acc: 56.01, bacc: 56.41, tmp_test_f1: 31.65, f1: 46.11
epoch: 326, val_loss:1.549749, acc: 56.01, bacc: 56.41, tmp_test_f1: 31.31, f1: 46.11
epoch: 327, val_loss:1.531588, acc: 56.01, bacc: 56.41, tmp_test_f1: 23.22, f1: 46.11
epoch: 328, val_loss:1.617510, acc: 56.01, bacc: 56.41, tmp_test_f1: 24.81, f1: 46.11
epoch: 329, val_loss:1.687095, acc: 56.01, bacc: 56.41, tmp_test_f1: 25.93, f1: 46.11
epoch: 330, val_loss:1.649741, acc: 56.01, bacc: 56.41, tmp_test_f1: 33.72, f1: 46.11
epoch: 331, val_loss:1.567495, acc: 56.01, bacc: 56.41, tmp_test_f1: 29.21, f1: 46.11
epoch: 332, val_loss:1.613382, acc: 56.01, bacc: 56.41, tmp_test_f1: 31.10, f1: 46.11
epoch: 333, val_loss:1.632047, acc: 56.01, bacc: 56.41, tmp_test_f1: 33.64, f1: 46.11
epoch: 334, val_loss:1.612014, acc: 56.01, bacc: 56.41, tmp_test_f1: 37.03, f1: 46.11
epoch: 335, val_loss:1.491133, acc: 56.01, bacc: 56.41, tmp_test_f1: 31.86, f1: 46.11
epoch: 336, val_loss:1.518017, acc: 56.01, bacc: 56.41, tmp_test_f1: 23.72, f1: 46.11
epoch: 337, val_loss:1.658819, acc: 56.01, bacc: 56.41, tmp_test_f1: 28.06, f1: 46.11
epoch: 338, val_loss:1.645622, acc: 56.01, bacc: 56.41, tmp_test_f1: 30.01, f1: 46.11
epoch: 339, val_loss:1.611389, acc: 56.01, bacc: 56.41, tmp_test_f1: 26.64, f1: 46.11
epoch: 340, val_loss:1.657066, acc: 56.01, bacc: 56.41, tmp_test_f1: 29.10, f1: 46.11
epoch: 341, val_loss:1.616008, acc: 56.01, bacc: 56.41, tmp_test_f1: 29.85, f1: 46.11
epoch: 342, val_loss:1.587852, acc: 56.01, bacc: 56.41, tmp_test_f1: 26.52, f1: 46.11
epoch: 343, val_loss:1.608940, acc: 56.01, bacc: 56.41, tmp_test_f1: 29.75, f1: 46.11
epoch: 344, val_loss:1.503415, acc: 56.01, bacc: 56.41, tmp_test_f1: 26.43, f1: 46.11
epoch: 345, val_loss:1.542783, acc: 56.01, bacc: 56.41, tmp_test_f1: 23.78, f1: 46.11
epoch: 346, val_loss:1.721578, acc: 56.01, bacc: 56.41, tmp_test_f1: 27.64, f1: 46.11
epoch: 347, val_loss:1.622934, acc: 56.01, bacc: 56.41, tmp_test_f1: 30.70, f1: 46.11
epoch: 348, val_loss:1.551037, acc: 56.01, bacc: 56.41, tmp_test_f1: 20.01, f1: 46.11
epoch: 349, val_loss:1.668100, acc: 56.01, bacc: 56.41, tmp_test_f1: 23.35, f1: 46.11
epoch: 350, val_loss:1.614792, acc: 56.01, bacc: 56.41, tmp_test_f1: 30.56, f1: 46.11
epoch: 351, val_loss:1.507342, acc: 56.01, bacc: 56.41, tmp_test_f1: 26.13, f1: 46.11
epoch: 352, val_loss:1.562627, acc: 56.01, bacc: 56.41, tmp_test_f1: 22.45, f1: 46.11
epoch: 353, val_loss:1.748444, acc: 56.01, bacc: 56.41, tmp_test_f1: 29.23, f1: 46.11
epoch: 354, val_loss:1.781253, acc: 56.01, bacc: 56.41, tmp_test_f1: 28.61, f1: 46.11
epoch: 355, val_loss:1.778208, acc: 56.01, bacc: 56.41, tmp_test_f1: 26.34, f1: 46.11
epoch: 356, val_loss:1.773794, acc: 56.01, bacc: 56.41, tmp_test_f1: 27.96, f1: 46.11
epoch: 357, val_loss:1.676903, acc: 56.01, bacc: 56.41, tmp_test_f1: 24.95, f1: 46.11
epoch: 358, val_loss:1.699821, acc: 56.01, bacc: 56.41, tmp_test_f1: 27.70, f1: 46.11
epoch: 359, val_loss:1.590867, acc: 56.01, bacc: 56.41, tmp_test_f1: 24.67, f1: 46.11
epoch: 360, val_loss:1.670515, acc: 56.01, bacc: 56.41, tmp_test_f1: 23.94, f1: 46.11
epoch: 361, val_loss:1.712585, acc: 56.01, bacc: 56.41, tmp_test_f1: 25.76, f1: 46.11
epoch: 362, val_loss:1.595300, acc: 56.01, bacc: 56.41, tmp_test_f1: 37.65, f1: 46.11
epoch: 363, val_loss:1.492631, acc: 56.01, bacc: 56.41, tmp_test_f1: 30.11, f1: 46.11
epoch: 364, val_loss:1.575155, acc: 56.01, bacc: 56.41, tmp_test_f1: 29.70, f1: 46.11
epoch: 365, val_loss:1.557674, acc: 56.01, bacc: 56.41, tmp_test_f1: 41.68, f1: 46.11
epoch: 366, val_loss:1.456801, acc: 56.01, bacc: 56.41, tmp_test_f1: 31.09, f1: 46.11
epoch: 367, val_loss:1.639348, acc: 56.01, bacc: 56.41, tmp_test_f1: 22.61, f1: 46.11
epoch: 368, val_loss:1.837997, acc: 56.01, bacc: 56.41, tmp_test_f1: 22.06, f1: 46.11
epoch: 369, val_loss:1.864095, acc: 56.01, bacc: 56.41, tmp_test_f1: 30.12, f1: 46.11
epoch: 370, val_loss:1.654216, acc: 56.01, bacc: 56.41, tmp_test_f1: 33.09, f1: 46.11
epoch: 371, val_loss:1.544804, acc: 56.01, bacc: 56.41, tmp_test_f1: 27.03, f1: 46.11
epoch: 372, val_loss:1.554277, acc: 56.01, bacc: 56.41, tmp_test_f1: 24.89, f1: 46.11
epoch: 373, val_loss:1.584503, acc: 56.01, bacc: 56.41, tmp_test_f1: 30.20, f1: 46.11
epoch: 374, val_loss:1.581416, acc: 56.01, bacc: 56.41, tmp_test_f1: 27.24, f1: 46.11
epoch: 375, val_loss:1.718953, acc: 56.01, bacc: 56.41, tmp_test_f1: 20.24, f1: 46.11
epoch: 376, val_loss:1.875607, acc: 56.01, bacc: 56.41, tmp_test_f1: 19.13, f1: 46.11
epoch: 377, val_loss:1.827820, acc: 56.01, bacc: 56.41, tmp_test_f1: 28.17, f1: 46.11
epoch: 378, val_loss:1.573390, acc: 56.01, bacc: 56.41, tmp_test_f1: 31.67, f1: 46.11
epoch: 379, val_loss:1.466332, acc: 56.01, bacc: 56.41, tmp_test_f1: 25.85, f1: 46.11
epoch: 380, val_loss:1.525492, acc: 56.01, bacc: 56.41, tmp_test_f1: 26.99, f1: 46.11
epoch: 381, val_loss:1.567440, acc: 56.01, bacc: 56.41, tmp_test_f1: 24.58, f1: 46.11
epoch: 382, val_loss:1.743591, acc: 56.01, bacc: 56.41, tmp_test_f1: 24.02, f1: 46.11
epoch: 383, val_loss:1.739861, acc: 56.01, bacc: 56.41, tmp_test_f1: 28.32, f1: 46.11
epoch: 384, val_loss:1.636667, acc: 56.01, bacc: 56.41, tmp_test_f1: 33.04, f1: 46.11
epoch: 385, val_loss:1.542142, acc: 56.01, bacc: 56.41, tmp_test_f1: 27.07, f1: 46.11
epoch: 386, val_loss:1.617721, acc: 56.01, bacc: 56.41, tmp_test_f1: 21.58, f1: 46.11
epoch: 387, val_loss:1.746477, acc: 56.01, bacc: 56.41, tmp_test_f1: 21.19, f1: 46.11
epoch: 388, val_loss:1.750529, acc: 56.01, bacc: 56.41, tmp_test_f1: 26.42, f1: 46.11
epoch: 389, val_loss:1.626024, acc: 56.01, bacc: 56.41, tmp_test_f1: 30.81, f1: 46.11
epoch: 390, val_loss:1.506851, acc: 56.01, bacc: 56.41, tmp_test_f1: 29.64, f1: 46.11
epoch: 391, val_loss:1.481434, acc: 56.01, bacc: 56.41, tmp_test_f1: 28.52, f1: 46.11
epoch: 392, val_loss:1.511981, acc: 56.01, bacc: 56.41, tmp_test_f1: 31.15, f1: 46.11
epoch: 393, val_loss:1.512473, acc: 56.01, bacc: 56.41, tmp_test_f1: 26.46, f1: 46.11
epoch: 394, val_loss:1.639167, acc: 56.01, bacc: 56.41, tmp_test_f1: 23.49, f1: 46.11
epoch: 395, val_loss:1.752020, acc: 56.01, bacc: 56.41, tmp_test_f1: 23.54, f1: 46.11
epoch: 396, val_loss:1.692916, acc: 56.01, bacc: 56.41, tmp_test_f1: 24.66, f1: 46.11
epoch: 397, val_loss:1.625984, acc: 56.01, bacc: 56.41, tmp_test_f1: 23.57, f1: 46.11
epoch: 398, val_loss:1.785576, acc: 56.01, bacc: 56.41, tmp_test_f1: 23.28, f1: 46.11
epoch: 399, val_loss:1.630993, acc: 56.01, bacc: 56.41, tmp_test_f1: 19.74, f1: 46.11
epoch: 400, val_loss:1.789535, acc: 56.01, bacc: 56.41, tmp_test_f1: 23.03, f1: 46.11
epoch: 401, val_loss:1.833834, acc: 56.01, bacc: 56.41, tmp_test_f1: 21.69, f1: 46.11
epoch: 402, val_loss:2.015738, acc: 56.01, bacc: 56.41, tmp_test_f1: 18.85, f1: 46.11
epoch: 403, val_loss:2.012111, acc: 56.01, bacc: 56.41, tmp_test_f1: 22.59, f1: 46.11
epoch: 404, val_loss:1.670953, acc: 56.01, bacc: 56.41, tmp_test_f1: 33.83, f1: 46.11
epoch: 405, val_loss:1.472314, acc: 56.01, bacc: 56.41, tmp_test_f1: 29.71, f1: 46.11
epoch: 406, val_loss:1.378504, acc: 56.01, bacc: 56.41, tmp_test_f1: 32.40, f1: 46.11
epoch: 407, val_loss:1.464222, acc: 56.01, bacc: 56.41, tmp_test_f1: 32.57, f1: 46.11
epoch: 408, val_loss:1.456956, acc: 56.01, bacc: 56.41, tmp_test_f1: 28.87, f1: 46.11
epoch: 409, val_loss:1.533585, acc: 56.01, bacc: 56.41, tmp_test_f1: 23.77, f1: 46.11
epoch: 410, val_loss:1.782696, acc: 56.01, bacc: 56.41, tmp_test_f1: 22.46, f1: 46.11
epoch: 411, val_loss:1.866610, acc: 56.01, bacc: 56.41, tmp_test_f1: 28.19, f1: 46.11
epoch: 412, val_loss:1.728435, acc: 56.01, bacc: 56.41, tmp_test_f1: 31.61, f1: 46.11
epoch: 413, val_loss:1.675752, acc: 56.01, bacc: 56.41, tmp_test_f1: 27.73, f1: 46.11
epoch: 414, val_loss:1.740705, acc: 56.01, bacc: 56.41, tmp_test_f1: 29.98, f1: 46.11
epoch: 415, val_loss:1.693218, acc: 56.01, bacc: 56.41, tmp_test_f1: 23.75, f1: 46.11
epoch: 416, val_loss:1.760711, acc: 56.01, bacc: 56.41, tmp_test_f1: 22.34, f1: 46.11
epoch: 417, val_loss:1.748730, acc: 56.01, bacc: 56.41, tmp_test_f1: 28.38, f1: 46.11
epoch: 418, val_loss:1.593169, acc: 56.01, bacc: 56.41, tmp_test_f1: 27.79, f1: 46.11
epoch: 419, val_loss:1.646469, acc: 56.01, bacc: 56.41, tmp_test_f1: 26.68, f1: 46.11
epoch: 420, val_loss:1.558272, acc: 56.01, bacc: 56.41, tmp_test_f1: 27.84, f1: 46.11
epoch: 421, val_loss:1.657923, acc: 56.01, bacc: 56.41, tmp_test_f1: 19.00, f1: 46.11
epoch: 422, val_loss:1.762416, acc: 56.01, bacc: 56.41, tmp_test_f1: 20.66, f1: 46.11
epoch: 423, val_loss:1.766512, acc: 56.01, bacc: 56.41, tmp_test_f1: 26.03, f1: 46.11
epoch: 424, val_loss:1.597819, acc: 56.01, bacc: 56.41, tmp_test_f1: 24.42, f1: 46.11
epoch: 425, val_loss:1.647584, acc: 56.01, bacc: 56.41, tmp_test_f1: 23.59, f1: 46.11
epoch: 426, val_loss:1.657645, acc: 56.01, bacc: 56.41, tmp_test_f1: 25.55, f1: 46.11
epoch: 427, val_loss:1.592019, acc: 56.01, bacc: 56.41, tmp_test_f1: 22.49, f1: 46.11
epoch: 428, val_loss:1.706076, acc: 56.01, bacc: 56.41, tmp_test_f1: 20.81, f1: 46.11
epoch: 429, val_loss:1.739180, acc: 56.01, bacc: 56.41, tmp_test_f1: 23.11, f1: 46.11
epoch: 430, val_loss:1.669848, acc: 56.01, bacc: 56.41, tmp_test_f1: 24.74, f1: 46.11
epoch: 431, val_loss:1.642366, acc: 56.01, bacc: 56.41, tmp_test_f1: 23.27, f1: 46.11
epoch: 432, val_loss:1.714920, acc: 56.01, bacc: 56.41, tmp_test_f1: 21.65, f1: 46.11
epoch: 433, val_loss:1.760121, acc: 56.01, bacc: 56.41, tmp_test_f1: 24.58, f1: 46.11
epoch: 434, val_loss:1.607207, acc: 56.01, bacc: 56.41, tmp_test_f1: 25.52, f1: 46.11
epoch: 435, val_loss:1.560964, acc: 56.01, bacc: 56.41, tmp_test_f1: 22.77, f1: 46.11
epoch: 436, val_loss:1.649055, acc: 56.01, bacc: 56.41, tmp_test_f1: 20.05, f1: 46.11
epoch: 437, val_loss:1.776970, acc: 56.01, bacc: 56.41, tmp_test_f1: 19.91, f1: 46.11
epoch: 438, val_loss:1.828582, acc: 56.01, bacc: 56.41, tmp_test_f1: 21.89, f1: 46.11
epoch: 439, val_loss:1.754533, acc: 56.01, bacc: 56.41, tmp_test_f1: 18.62, f1: 46.11
epoch: 440, val_loss:1.748196, acc: 56.01, bacc: 56.41, tmp_test_f1: 17.68, f1: 46.11
epoch: 441, val_loss:1.692199, acc: 56.01, bacc: 56.41, tmp_test_f1: 22.39, f1: 46.11
epoch: 442, val_loss:1.611938, acc: 56.01, bacc: 56.41, tmp_test_f1: 21.24, f1: 46.11
epoch: 443, val_loss:1.682013, acc: 56.01, bacc: 56.41, tmp_test_f1: 19.71, f1: 46.11
epoch: 444, val_loss:1.776041, acc: 56.01, bacc: 56.41, tmp_test_f1: 18.84, f1: 46.11
epoch: 445, val_loss:1.841223, acc: 56.01, bacc: 56.41, tmp_test_f1: 21.73, f1: 46.11
epoch: 446, val_loss:1.705893, acc: 56.01, bacc: 56.41, tmp_test_f1: 21.83, f1: 46.11
epoch: 447, val_loss:1.637218, acc: 56.01, bacc: 56.41, tmp_test_f1: 23.54, f1: 46.11
epoch: 448, val_loss:1.597281, acc: 56.01, bacc: 56.41, tmp_test_f1: 21.24, f1: 46.11
epoch: 449, val_loss:1.642668, acc: 56.01, bacc: 56.41, tmp_test_f1: 19.99, f1: 46.11
epoch: 450, val_loss:1.702071, acc: 56.01, bacc: 56.41, tmp_test_f1: 18.79, f1: 46.11
epoch: 451, val_loss:1.760096, acc: 56.01, bacc: 56.41, tmp_test_f1: 17.49, f1: 46.11
epoch: 452, val_loss:1.826206, acc: 56.01, bacc: 56.41, tmp_test_f1: 21.28, f1: 46.11
epoch: 453, val_loss:1.720591, acc: 56.01, bacc: 56.41, tmp_test_f1: 26.58, f1: 46.11
epoch: 454, val_loss:1.530386, acc: 56.01, bacc: 56.41, tmp_test_f1: 25.61, f1: 46.11
Epoch 00455: reducing learning rate of group 0 to 5.0000e-02.
Epoch 00455: reducing learning rate of group 1 to 5.0000e-02.
epoch: 455, val_loss:1.548287, acc: 56.01, bacc: 56.41, tmp_test_f1: 21.96, f1: 46.11
epoch: 456, val_loss:1.723190, acc: 56.01, bacc: 56.41, tmp_test_f1: 21.20, f1: 46.11
epoch: 457, val_loss:1.790116, acc: 56.01, bacc: 56.41, tmp_test_f1: 21.26, f1: 46.11
epoch: 458, val_loss:1.823352, acc: 56.01, bacc: 56.41, tmp_test_f1: 20.94, f1: 46.11
epoch: 459, val_loss:1.839121, acc: 56.01, bacc: 56.41, tmp_test_f1: 21.34, f1: 46.11
epoch: 460, val_loss:1.812701, acc: 56.01, bacc: 56.41, tmp_test_f1: 21.78, f1: 46.11
epoch: 461, val_loss:1.743975, acc: 56.01, bacc: 56.41, tmp_test_f1: 21.70, f1: 46.11
epoch: 462, val_loss:1.693306, acc: 56.01, bacc: 56.41, tmp_test_f1: 22.54, f1: 46.11
epoch: 463, val_loss:1.662065, acc: 56.01, bacc: 56.41, tmp_test_f1: 24.43, f1: 46.11
epoch: 464, val_loss:1.613932, acc: 56.01, bacc: 56.41, tmp_test_f1: 23.47, f1: 46.11
epoch: 465, val_loss:1.655879, acc: 56.01, bacc: 56.41, tmp_test_f1: 21.58, f1: 46.11
epoch: 466, val_loss:1.724000, acc: 56.01, bacc: 56.41, tmp_test_f1: 19.22, f1: 46.11
epoch: 467, val_loss:1.792606, acc: 56.01, bacc: 56.41, tmp_test_f1: 19.56, f1: 46.11
epoch: 468, val_loss:1.814079, acc: 56.01, bacc: 56.41, tmp_test_f1: 21.05, f1: 46.11
epoch: 469, val_loss:1.821622, acc: 56.01, bacc: 56.41, tmp_test_f1: 21.80, f1: 46.11
epoch: 470, val_loss:1.825462, acc: 56.01, bacc: 56.41, tmp_test_f1: 22.51, f1: 46.11
epoch: 471, val_loss:1.776203, acc: 56.01, bacc: 56.41, tmp_test_f1: 23.13, f1: 46.11
epoch: 472, val_loss:1.719564, acc: 56.01, bacc: 56.41, tmp_test_f1: 24.33, f1: 46.11
epoch: 473, val_loss:1.632257, acc: 56.01, bacc: 56.41, tmp_test_f1: 24.93, f1: 46.11
epoch: 474, val_loss:1.636273, acc: 56.01, bacc: 56.41, tmp_test_f1: 23.61, f1: 46.11
epoch: 475, val_loss:1.681948, acc: 56.01, bacc: 56.41, tmp_test_f1: 21.97, f1: 46.11
epoch: 476, val_loss:1.724603, acc: 56.01, bacc: 56.41, tmp_test_f1: 22.81, f1: 46.11
epoch: 477, val_loss:1.728523, acc: 56.01, bacc: 56.41, tmp_test_f1: 23.65, f1: 46.11
epoch: 478, val_loss:1.697279, acc: 56.01, bacc: 56.41, tmp_test_f1: 23.43, f1: 46.11
epoch: 479, val_loss:1.667133, acc: 56.01, bacc: 56.41, tmp_test_f1: 22.35, f1: 46.11
epoch: 480, val_loss:1.664266, acc: 56.01, bacc: 56.41, tmp_test_f1: 22.92, f1: 46.11
epoch: 481, val_loss:1.641744, acc: 56.01, bacc: 56.41, tmp_test_f1: 24.36, f1: 46.11
epoch: 482, val_loss:1.615033, acc: 56.01, bacc: 56.41, tmp_test_f1: 25.51, f1: 46.11
epoch: 483, val_loss:1.586469, acc: 56.01, bacc: 56.41, tmp_test_f1: 24.42, f1: 46.11
epoch: 484, val_loss:1.624576, acc: 56.01, bacc: 56.41, tmp_test_f1: 23.39, f1: 46.11
epoch: 485, val_loss:1.659774, acc: 56.01, bacc: 56.41, tmp_test_f1: 21.59, f1: 46.11
epoch: 486, val_loss:1.707078, acc: 56.01, bacc: 56.41, tmp_test_f1: 20.77, f1: 46.11
epoch: 487, val_loss:1.739284, acc: 56.01, bacc: 56.41, tmp_test_f1: 21.47, f1: 46.11
epoch: 488, val_loss:1.728301, acc: 56.01, bacc: 56.41, tmp_test_f1: 22.35, f1: 46.11
epoch: 489, val_loss:1.712458, acc: 56.01, bacc: 56.41, tmp_test_f1: 22.13, f1: 46.11
epoch: 490, val_loss:1.708115, acc: 56.01, bacc: 56.41, tmp_test_f1: 19.82, f1: 46.11
epoch: 491, val_loss:1.769086, acc: 56.01, bacc: 56.41, tmp_test_f1: 19.59, f1: 46.11
epoch: 492, val_loss:1.776664, acc: 56.01, bacc: 56.41, tmp_test_f1: 20.97, f1: 46.11
epoch: 493, val_loss:1.720473, acc: 56.01, bacc: 56.41, tmp_test_f1: 23.96, f1: 46.11
epoch: 494, val_loss:1.647739, acc: 56.01, bacc: 56.41, tmp_test_f1: 24.97, f1: 46.11
epoch: 495, val_loss:1.628994, acc: 56.01, bacc: 56.41, tmp_test_f1: 23.25, f1: 46.11
epoch: 496, val_loss:1.649016, acc: 56.01, bacc: 56.41, tmp_test_f1: 22.49, f1: 46.11
epoch: 497, val_loss:1.675858, acc: 56.01, bacc: 56.41, tmp_test_f1: 24.30, f1: 46.11
epoch: 498, val_loss:1.651357, acc: 56.01, bacc: 56.41, tmp_test_f1: 25.46, f1: 46.11
epoch: 499, val_loss:1.611592, acc: 56.01, bacc: 56.41, tmp_test_f1: 25.31, f1: 46.11
epoch: 500, val_loss:1.582377, acc: 56.01, bacc: 56.41, tmp_test_f1: 23.31, f1: 46.11
epoch: 501, val_loss:1.629818, acc: 56.01, bacc: 56.41, tmp_test_f1: 21.53, f1: 46.11
epoch: 502, val_loss:1.678770, acc: 56.01, bacc: 56.41, tmp_test_f1: 22.57, f1: 46.11
epoch: 503, val_loss:1.666133, acc: 56.01, bacc: 56.41, tmp_test_f1: 22.43, f1: 46.11
epoch: 504, val_loss:1.681247, acc: 56.01, bacc: 56.41, tmp_test_f1: 22.65, f1: 46.11
epoch: 505, val_loss:1.674155, acc: 56.01, bacc: 56.41, tmp_test_f1: 21.50, f1: 46.11
epoch: 506, val_loss:1.707290, acc: 56.01, bacc: 56.41, tmp_test_f1: 20.47, f1: 46.11
epoch: 507, val_loss:1.726283, acc: 56.01, bacc: 56.41, tmp_test_f1: 21.30, f1: 46.11
epoch: 508, val_loss:1.697071, acc: 56.01, bacc: 56.41, tmp_test_f1: 22.86, f1: 46.11
epoch: 509, val_loss:1.669226, acc: 56.01, bacc: 56.41, tmp_test_f1: 23.64, f1: 46.11
epoch: 510, val_loss:1.662588, acc: 56.01, bacc: 56.41, tmp_test_f1: 22.70, f1: 46.11
epoch: 511, val_loss:1.691507, acc: 56.01, bacc: 56.41, tmp_test_f1: 21.37, f1: 46.11
epoch: 512, val_loss:1.728677, acc: 56.01, bacc: 56.41, tmp_test_f1: 21.18, f1: 46.11
epoch: 513, val_loss:1.734244, acc: 56.01, bacc: 56.41, tmp_test_f1: 21.98, f1: 46.11
epoch: 514, val_loss:1.717463, acc: 56.01, bacc: 56.41, tmp_test_f1: 23.60, f1: 46.11
epoch: 515, val_loss:1.679144, acc: 56.01, bacc: 56.41, tmp_test_f1: 23.43, f1: 46.11
epoch: 516, val_loss:1.651172, acc: 56.01, bacc: 56.41, tmp_test_f1: 23.73, f1: 46.11
epoch: 517, val_loss:1.624531, acc: 56.01, bacc: 56.41, tmp_test_f1: 24.35, f1: 46.11
epoch: 518, val_loss:1.588567, acc: 56.01, bacc: 56.41, tmp_test_f1: 25.49, f1: 46.11
epoch: 519, val_loss:1.583618, acc: 56.01, bacc: 56.41, tmp_test_f1: 23.96, f1: 46.11
epoch: 520, val_loss:1.662691, acc: 56.01, bacc: 56.41, tmp_test_f1: 22.00, f1: 46.11
epoch: 521, val_loss:1.751174, acc: 56.01, bacc: 56.41, tmp_test_f1: 20.81, f1: 46.11
epoch: 522, val_loss:1.798875, acc: 56.01, bacc: 56.41, tmp_test_f1: 21.53, f1: 46.11
epoch: 523, val_loss:1.779429, acc: 56.01, bacc: 56.41, tmp_test_f1: 22.86, f1: 46.11
epoch: 524, val_loss:1.735889, acc: 56.01, bacc: 56.41, tmp_test_f1: 24.11, f1: 46.11
epoch: 525, val_loss:1.671657, acc: 56.01, bacc: 56.41, tmp_test_f1: 22.96, f1: 46.11
epoch: 526, val_loss:1.707294, acc: 56.01, bacc: 56.41, tmp_test_f1: 20.87, f1: 46.11
epoch: 527, val_loss:1.752159, acc: 56.01, bacc: 56.41, tmp_test_f1: 21.60, f1: 46.11
epoch: 528, val_loss:1.720304, acc: 56.01, bacc: 56.41, tmp_test_f1: 23.14, f1: 46.11
epoch: 529, val_loss:1.661380, acc: 56.01, bacc: 56.41, tmp_test_f1: 24.40, f1: 46.11
epoch: 530, val_loss:1.631759, acc: 56.01, bacc: 56.41, tmp_test_f1: 23.55, f1: 46.11
epoch: 531, val_loss:1.640109, acc: 56.01, bacc: 56.41, tmp_test_f1: 23.08, f1: 46.11
epoch: 532, val_loss:1.672622, acc: 56.01, bacc: 56.41, tmp_test_f1: 21.86, f1: 46.11
epoch: 533, val_loss:1.769783, acc: 56.01, bacc: 56.41, tmp_test_f1: 22.13, f1: 46.11
epoch: 534, val_loss:1.787285, acc: 56.01, bacc: 56.41, tmp_test_f1: 23.06, f1: 46.11
epoch: 535, val_loss:1.752552, acc: 56.01, bacc: 56.41, tmp_test_f1: 24.18, f1: 46.11
epoch: 536, val_loss:1.670797, acc: 56.01, bacc: 56.41, tmp_test_f1: 22.53, f1: 46.11
epoch: 537, val_loss:1.658422, acc: 56.01, bacc: 56.41, tmp_test_f1: 20.36, f1: 46.11
epoch: 538, val_loss:1.704099, acc: 56.01, bacc: 56.41, tmp_test_f1: 22.11, f1: 46.11
epoch: 539, val_loss:1.666120, acc: 56.01, bacc: 56.41, tmp_test_f1: 23.60, f1: 46.11
epoch: 540, val_loss:1.650645, acc: 56.01, bacc: 56.41, tmp_test_f1: 22.90, f1: 46.11
epoch: 541, val_loss:1.721048, acc: 56.01, bacc: 56.41, tmp_test_f1: 21.79, f1: 46.11
epoch: 542, val_loss:1.769843, acc: 56.01, bacc: 56.41, tmp_test_f1: 21.58, f1: 46.11
epoch: 543, val_loss:1.791127, acc: 56.01, bacc: 56.41, tmp_test_f1: 22.42, f1: 46.11
epoch: 544, val_loss:1.764267, acc: 56.01, bacc: 56.41, tmp_test_f1: 21.62, f1: 46.11
epoch: 545, val_loss:1.792053, acc: 56.01, bacc: 56.41, tmp_test_f1: 21.55, f1: 46.11
epoch: 546, val_loss:1.787743, acc: 56.01, bacc: 56.41, tmp_test_f1: 22.46, f1: 46.11
epoch: 547, val_loss:1.728509, acc: 56.01, bacc: 56.41, tmp_test_f1: 24.53, f1: 46.11
epoch: 548, val_loss:1.662515, acc: 56.01, bacc: 56.41, tmp_test_f1: 23.38, f1: 46.11
epoch: 549, val_loss:1.671120, acc: 56.01, bacc: 56.41, tmp_test_f1: 21.79, f1: 46.11
epoch: 550, val_loss:1.717565, acc: 56.01, bacc: 56.41, tmp_test_f1: 21.08, f1: 46.11
epoch: 551, val_loss:1.756689, acc: 56.01, bacc: 56.41, tmp_test_f1: 21.64, f1: 46.11
epoch: 552, val_loss:1.751233, acc: 56.01, bacc: 56.41, tmp_test_f1: 22.10, f1: 46.11
epoch: 553, val_loss:1.729239, acc: 56.01, bacc: 56.41, tmp_test_f1: 21.95, f1: 46.11
epoch: 554, val_loss:1.724880, acc: 56.01, bacc: 56.41, tmp_test_f1: 21.55, f1: 46.11
epoch: 555, val_loss:1.708096, acc: 56.01, bacc: 56.41, tmp_test_f1: 21.64, f1: 46.11
epoch: 556, val_loss:1.708492, acc: 56.01, bacc: 56.41, tmp_test_f1: 21.87, f1: 46.11
epoch: 557, val_loss:1.705084, acc: 56.01, bacc: 56.41, tmp_test_f1: 22.42, f1: 46.11
epoch: 558, val_loss:1.690711, acc: 56.01, bacc: 56.41, tmp_test_f1: 21.83, f1: 46.11
epoch: 559, val_loss:1.733117, acc: 56.01, bacc: 56.41, tmp_test_f1: 22.50, f1: 46.11
epoch: 560, val_loss:1.725455, acc: 56.01, bacc: 56.41, tmp_test_f1: 23.89, f1: 46.11
epoch: 561, val_loss:1.679654, acc: 56.01, bacc: 56.41, tmp_test_f1: 24.43, f1: 46.11
epoch: 562, val_loss:1.667413, acc: 56.01, bacc: 56.41, tmp_test_f1: 23.89, f1: 46.11
epoch: 563, val_loss:1.692254, acc: 56.01, bacc: 56.41, tmp_test_f1: 22.89, f1: 46.11
epoch: 564, val_loss:1.724339, acc: 56.01, bacc: 56.41, tmp_test_f1: 22.06, f1: 46.11
epoch: 565, val_loss:1.743186, acc: 56.01, bacc: 56.41, tmp_test_f1: 22.88, f1: 46.11
epoch: 566, val_loss:1.696460, acc: 56.01, bacc: 56.41, tmp_test_f1: 23.51, f1: 46.11
epoch: 567, val_loss:1.663501, acc: 56.01, bacc: 56.41, tmp_test_f1: 23.67, f1: 46.11
epoch: 568, val_loss:1.650890, acc: 56.01, bacc: 56.41, tmp_test_f1: 23.28, f1: 46.11
epoch: 569, val_loss:1.656499, acc: 56.01, bacc: 56.41, tmp_test_f1: 23.42, f1: 46.11
epoch: 570, val_loss:1.675091, acc: 56.01, bacc: 56.41, tmp_test_f1: 26.23, f1: 46.11
epoch: 571, val_loss:1.609578, acc: 56.01, bacc: 56.41, tmp_test_f1: 28.20, f1: 46.11
epoch: 572, val_loss:1.593424, acc: 56.01, bacc: 56.41, tmp_test_f1: 24.02, f1: 46.11
epoch: 573, val_loss:1.689426, acc: 56.01, bacc: 56.41, tmp_test_f1: 21.52, f1: 46.11
epoch: 574, val_loss:1.813575, acc: 56.01, bacc: 56.41, tmp_test_f1: 21.03, f1: 46.11
epoch: 575, val_loss:1.819219, acc: 56.01, bacc: 56.41, tmp_test_f1: 22.64, f1: 46.11
epoch: 576, val_loss:1.717160, acc: 56.01, bacc: 56.41, tmp_test_f1: 23.86, f1: 46.11
epoch: 577, val_loss:1.664047, acc: 56.01, bacc: 56.41, tmp_test_f1: 21.87, f1: 46.11
epoch: 578, val_loss:1.686147, acc: 56.01, bacc: 56.41, tmp_test_f1: 19.21, f1: 46.11
epoch: 579, val_loss:1.746948, acc: 56.01, bacc: 56.41, tmp_test_f1: 20.65, f1: 46.11
epoch: 580, val_loss:1.725512, acc: 56.01, bacc: 56.41, tmp_test_f1: 22.48, f1: 46.11
epoch: 581, val_loss:1.709653, acc: 56.01, bacc: 56.41, tmp_test_f1: 22.99, f1: 46.11
epoch: 582, val_loss:1.732982, acc: 56.01, bacc: 56.41, tmp_test_f1: 23.48, f1: 46.11
epoch: 583, val_loss:1.731069, acc: 56.01, bacc: 56.41, tmp_test_f1: 25.77, f1: 46.11
epoch: 584, val_loss:1.682709, acc: 56.01, bacc: 56.41, tmp_test_f1: 27.18, f1: 46.11
epoch: 585, val_loss:1.654444, acc: 56.01, bacc: 56.41, tmp_test_f1: 25.34, f1: 46.11
epoch: 586, val_loss:1.709402, acc: 56.01, bacc: 56.41, tmp_test_f1: 23.11, f1: 46.11
epoch: 587, val_loss:1.830648, acc: 56.01, bacc: 56.41, tmp_test_f1: 22.65, f1: 46.11
epoch: 588, val_loss:1.812436, acc: 56.01, bacc: 56.41, tmp_test_f1: 21.61, f1: 46.11
epoch: 589, val_loss:1.803119, acc: 56.01, bacc: 56.41, tmp_test_f1: 21.23, f1: 46.11
epoch: 590, val_loss:1.817001, acc: 56.01, bacc: 56.41, tmp_test_f1: 20.77, f1: 46.11
epoch: 591, val_loss:1.827016, acc: 56.01, bacc: 56.41, tmp_test_f1: 20.19, f1: 46.11
epoch: 592, val_loss:1.825056, acc: 56.01, bacc: 56.41, tmp_test_f1: 20.52, f1: 46.11
epoch: 593, val_loss:1.784539, acc: 56.01, bacc: 56.41, tmp_test_f1: 22.57, f1: 46.11
epoch: 594, val_loss:1.692679, acc: 56.01, bacc: 56.41, tmp_test_f1: 23.71, f1: 46.11
epoch: 595, val_loss:1.649331, acc: 56.01, bacc: 56.41, tmp_test_f1: 24.92, f1: 46.11
epoch: 596, val_loss:1.651689, acc: 56.01, bacc: 56.41, tmp_test_f1: 23.83, f1: 46.11
epoch: 597, val_loss:1.694287, acc: 56.01, bacc: 56.41, tmp_test_f1: 21.83, f1: 46.11
epoch: 598, val_loss:1.820648, acc: 56.01, bacc: 56.41, tmp_test_f1: 19.77, f1: 46.11
epoch: 599, val_loss:1.969739, acc: 56.01, bacc: 56.41, tmp_test_f1: 18.42, f1: 46.11
epoch: 600, val_loss:2.044332, acc: 56.01, bacc: 56.41, tmp_test_f1: 19.98, f1: 46.11
epoch: 601, val_loss:1.921162, acc: 56.01, bacc: 56.41, tmp_test_f1: 22.17, f1: 46.11
epoch: 602, val_loss:1.748637, acc: 56.01, bacc: 56.41, tmp_test_f1: 23.75, f1: 46.11
epoch: 603, val_loss:1.652827, acc: 56.01, bacc: 56.41, tmp_test_f1: 25.29, f1: 46.11
epoch: 604, val_loss:1.594601, acc: 56.01, bacc: 56.41, tmp_test_f1: 24.43, f1: 46.11
epoch: 605, val_loss:1.610530, acc: 56.01, bacc: 56.41, tmp_test_f1: 24.49, f1: 46.11
epoch: 606, val_loss:1.632538, acc: 56.01, bacc: 56.41, tmp_test_f1: 23.10, f1: 46.11
epoch: 607, val_loss:1.693151, acc: 56.01, bacc: 56.41, tmp_test_f1: 22.25, f1: 46.11
epoch: 608, val_loss:1.760819, acc: 56.01, bacc: 56.41, tmp_test_f1: 22.66, f1: 46.11
epoch: 609, val_loss:1.786455, acc: 56.01, bacc: 56.41, tmp_test_f1: 21.53, f1: 46.11
epoch: 610, val_loss:1.819003, acc: 56.01, bacc: 56.41, tmp_test_f1: 21.03, f1: 46.11
epoch: 611, val_loss:1.819876, acc: 56.01, bacc: 56.41, tmp_test_f1: 22.15, f1: 46.11
epoch: 612, val_loss:1.779254, acc: 56.01, bacc: 56.41, tmp_test_f1: 22.24, f1: 46.11
epoch: 613, val_loss:1.748682, acc: 56.01, bacc: 56.41, tmp_test_f1: 21.60, f1: 46.11
epoch: 614, val_loss:1.748724, acc: 56.01, bacc: 56.41, tmp_test_f1: 21.05, f1: 46.11
epoch: 615, val_loss:1.750638, acc: 56.01, bacc: 56.41, tmp_test_f1: 20.48, f1: 46.11
epoch: 616, val_loss:1.741542, acc: 56.01, bacc: 56.41, tmp_test_f1: 20.12, f1: 46.11
epoch: 617, val_loss:1.744691, acc: 56.01, bacc: 56.41, tmp_test_f1: 19.70, f1: 46.11
epoch: 618, val_loss:1.785981, acc: 56.01, bacc: 56.41, tmp_test_f1: 18.74, f1: 46.11
epoch: 619, val_loss:1.840928, acc: 56.01, bacc: 56.41, tmp_test_f1: 19.53, f1: 46.11
epoch: 620, val_loss:1.826279, acc: 56.01, bacc: 56.41, tmp_test_f1: 22.03, f1: 46.11
epoch: 621, val_loss:1.757212, acc: 56.01, bacc: 56.41, tmp_test_f1: 25.40, f1: 46.11
epoch: 622, val_loss:1.665070, acc: 56.01, bacc: 56.41, tmp_test_f1: 26.33, f1: 46.11
epoch: 623, val_loss:1.636955, acc: 56.01, bacc: 56.41, tmp_test_f1: 23.93, f1: 46.11
epoch: 624, val_loss:1.707579, acc: 56.01, bacc: 56.41, tmp_test_f1: 22.53, f1: 46.11
epoch: 625, val_loss:1.779915, acc: 56.01, bacc: 56.41, tmp_test_f1: 22.94, f1: 46.11
epoch: 626, val_loss:1.761768, acc: 56.01, bacc: 56.41, tmp_test_f1: 25.46, f1: 46.11
epoch: 627, val_loss:1.678231, acc: 56.01, bacc: 56.41, tmp_test_f1: 27.20, f1: 46.11
epoch: 628, val_loss:1.634674, acc: 56.01, bacc: 56.41, tmp_test_f1: 22.04, f1: 46.11
epoch: 629, val_loss:1.717659, acc: 56.01, bacc: 56.41, tmp_test_f1: 20.50, f1: 46.11
epoch: 630, val_loss:1.854292, acc: 56.01, bacc: 56.41, tmp_test_f1: 20.61, f1: 46.11
epoch: 631, val_loss:1.884379, acc: 56.01, bacc: 56.41, tmp_test_f1: 21.95, f1: 46.11
epoch: 632, val_loss:1.798354, acc: 56.01, bacc: 56.41, tmp_test_f1: 23.26, f1: 46.11
epoch: 633, val_loss:1.725588, acc: 56.01, bacc: 56.41, tmp_test_f1: 21.93, f1: 46.11
epoch: 634, val_loss:1.733524, acc: 56.01, bacc: 56.41, tmp_test_f1: 21.68, f1: 46.11
epoch: 635, val_loss:1.734724, acc: 56.01, bacc: 56.41, tmp_test_f1: 23.20, f1: 46.11
epoch: 636, val_loss:1.719604, acc: 56.01, bacc: 56.41, tmp_test_f1: 23.30, f1: 46.11
epoch: 637, val_loss:1.722972, acc: 56.01, bacc: 56.41, tmp_test_f1: 22.72, f1: 46.11
epoch: 638, val_loss:1.752208, acc: 56.01, bacc: 56.41, tmp_test_f1: 23.52, f1: 46.11
epoch: 639, val_loss:1.729356, acc: 56.01, bacc: 56.41, tmp_test_f1: 22.57, f1: 46.11
epoch: 640, val_loss:1.666914, acc: 56.01, bacc: 56.41, tmp_test_f1: 22.68, f1: 46.11
epoch: 641, val_loss:1.678407, acc: 56.01, bacc: 56.41, tmp_test_f1: 21.35, f1: 46.11
epoch: 642, val_loss:1.746496, acc: 56.01, bacc: 56.41, tmp_test_f1: 20.56, f1: 46.11
epoch: 643, val_loss:1.787958, acc: 56.01, bacc: 56.41, tmp_test_f1: 20.07, f1: 46.11
epoch: 644, val_loss:1.807206, acc: 56.01, bacc: 56.41, tmp_test_f1: 20.59, f1: 46.11
epoch: 645, val_loss:1.807105, acc: 56.01, bacc: 56.41, tmp_test_f1: 22.87, f1: 46.11
epoch: 646, val_loss:1.708331, acc: 56.01, bacc: 56.41, tmp_test_f1: 25.52, f1: 46.11
epoch: 647, val_loss:1.610047, acc: 56.01, bacc: 56.41, tmp_test_f1: 25.55, f1: 46.11
epoch: 648, val_loss:1.613148, acc: 56.01, bacc: 56.41, tmp_test_f1: 23.55, f1: 46.11
epoch: 649, val_loss:1.662050, acc: 56.01, bacc: 56.41, tmp_test_f1: 21.30, f1: 46.11
epoch: 650, val_loss:1.732764, acc: 56.01, bacc: 56.41, tmp_test_f1: 20.86, f1: 46.11
epoch: 651, val_loss:1.766405, acc: 56.01, bacc: 56.41, tmp_test_f1: 21.61, f1: 46.11
epoch: 652, val_loss:1.757272, acc: 56.01, bacc: 56.41, tmp_test_f1: 22.02, f1: 46.11
epoch: 653, val_loss:1.734890, acc: 56.01, bacc: 56.41, tmp_test_f1: 20.56, f1: 46.11
epoch: 654, val_loss:1.733851, acc: 56.01, bacc: 56.41, tmp_test_f1: 21.50, f1: 46.11
epoch: 655, val_loss:1.685039, acc: 56.01, bacc: 56.41, tmp_test_f1: 25.28, f1: 46.11
Epoch 00656: reducing learning rate of group 0 to 2.5000e-02.
Epoch 00656: reducing learning rate of group 1 to 2.5000e-02.
epoch: 656, val_loss:1.625956, acc: 56.01, bacc: 56.41, tmp_test_f1: 23.98, f1: 46.11
epoch: 657, val_loss:1.675491, acc: 56.01, bacc: 56.41, tmp_test_f1: 22.21, f1: 46.11
epoch: 658, val_loss:1.726998, acc: 56.01, bacc: 56.41, tmp_test_f1: 21.46, f1: 46.11
epoch: 659, val_loss:1.762182, acc: 56.01, bacc: 56.41, tmp_test_f1: 21.07, f1: 46.11
epoch: 660, val_loss:1.777728, acc: 56.01, bacc: 56.41, tmp_test_f1: 21.95, f1: 46.11
epoch: 661, val_loss:1.755667, acc: 56.01, bacc: 56.41, tmp_test_f1: 23.77, f1: 46.11
epoch: 662, val_loss:1.689475, acc: 56.01, bacc: 56.41, tmp_test_f1: 26.28, f1: 46.11
epoch: 663, val_loss:1.612007, acc: 56.01, bacc: 56.41, tmp_test_f1: 27.81, f1: 46.11
epoch: 664, val_loss:1.573926, acc: 56.01, bacc: 56.41, tmp_test_f1: 25.80, f1: 46.11
epoch: 665, val_loss:1.589586, acc: 56.01, bacc: 56.41, tmp_test_f1: 23.20, f1: 46.11
epoch: 666, val_loss:1.642353, acc: 56.01, bacc: 56.41, tmp_test_f1: 21.20, f1: 46.11
epoch: 667, val_loss:1.694445, acc: 56.01, bacc: 56.41, tmp_test_f1: 21.79, f1: 46.11
epoch: 668, val_loss:1.724539, acc: 56.01, bacc: 56.41, tmp_test_f1: 22.38, f1: 46.11
epoch: 669, val_loss:1.745789, acc: 56.01, bacc: 56.41, tmp_test_f1: 22.33, f1: 46.11
epoch: 670, val_loss:1.757743, acc: 56.01, bacc: 56.41, tmp_test_f1: 22.76, f1: 46.11
epoch: 671, val_loss:1.725196, acc: 56.01, bacc: 56.41, tmp_test_f1: 23.44, f1: 46.11
epoch: 672, val_loss:1.688488, acc: 56.01, bacc: 56.41, tmp_test_f1: 23.18, f1: 46.11
epoch: 673, val_loss:1.664833, acc: 56.01, bacc: 56.41, tmp_test_f1: 22.89, f1: 46.11
epoch: 674, val_loss:1.660240, acc: 56.01, bacc: 56.41, tmp_test_f1: 22.47, f1: 46.11
epoch: 675, val_loss:1.672840, acc: 56.01, bacc: 56.41, tmp_test_f1: 22.61, f1: 46.11
epoch: 676, val_loss:1.680480, acc: 56.01, bacc: 56.41, tmp_test_f1: 23.19, f1: 46.11
epoch: 677, val_loss:1.686887, acc: 56.01, bacc: 56.41, tmp_test_f1: 23.42, f1: 46.11
epoch: 678, val_loss:1.704707, acc: 56.01, bacc: 56.41, tmp_test_f1: 23.27, f1: 46.11
epoch: 679, val_loss:1.724041, acc: 56.01, bacc: 56.41, tmp_test_f1: 22.94, f1: 46.11
epoch: 680, val_loss:1.739369, acc: 56.01, bacc: 56.41, tmp_test_f1: 22.18, f1: 46.11
epoch: 681, val_loss:1.762298, acc: 56.01, bacc: 56.41, tmp_test_f1: 21.45, f1: 46.11
epoch: 682, val_loss:1.773558, acc: 56.01, bacc: 56.41, tmp_test_f1: 22.11, f1: 46.11
epoch: 683, val_loss:1.749636, acc: 56.01, bacc: 56.41, tmp_test_f1: 22.91, f1: 46.11
epoch: 684, val_loss:1.733517, acc: 56.01, bacc: 56.41, tmp_test_f1: 22.99, f1: 46.11
epoch: 685, val_loss:1.731211, acc: 56.01, bacc: 56.41, tmp_test_f1: 22.40, f1: 46.11
epoch: 686, val_loss:1.745831, acc: 56.01, bacc: 56.41, tmp_test_f1: 21.69, f1: 46.11
epoch: 687, val_loss:1.753248, acc: 56.01, bacc: 56.41, tmp_test_f1: 21.16, f1: 46.11
epoch: 688, val_loss:1.746568, acc: 56.01, bacc: 56.41, tmp_test_f1: 20.79, f1: 46.11
epoch: 689, val_loss:1.738296, acc: 56.01, bacc: 56.41, tmp_test_f1: 20.39, f1: 46.11
epoch: 690, val_loss:1.734724, acc: 56.01, bacc: 56.41, tmp_test_f1: 20.93, f1: 46.11
epoch: 691, val_loss:1.710523, acc: 56.01, bacc: 56.41, tmp_test_f1: 21.95, f1: 46.11
epoch: 692, val_loss:1.684630, acc: 56.01, bacc: 56.41, tmp_test_f1: 22.75, f1: 46.11
epoch: 693, val_loss:1.677260, acc: 56.01, bacc: 56.41, tmp_test_f1: 22.30, f1: 46.11
epoch: 694, val_loss:1.696288, acc: 56.01, bacc: 56.41, tmp_test_f1: 21.33, f1: 46.11
epoch: 695, val_loss:1.725797, acc: 56.01, bacc: 56.41, tmp_test_f1: 21.07, f1: 46.11
epoch: 696, val_loss:1.748292, acc: 56.01, bacc: 56.41, tmp_test_f1: 21.30, f1: 46.11
epoch: 697, val_loss:1.751112, acc: 56.01, bacc: 56.41, tmp_test_f1: 21.74, f1: 46.11
epoch: 698, val_loss:1.749099, acc: 56.01, bacc: 56.41, tmp_test_f1: 22.47, f1: 46.11
epoch: 699, val_loss:1.740992, acc: 56.01, bacc: 56.41, tmp_test_f1: 22.89, f1: 46.11
epoch: 700, val_loss:1.721306, acc: 56.01, bacc: 56.41, tmp_test_f1: 22.68, f1: 46.11
epoch: 701, val_loss:1.719169, acc: 56.01, bacc: 56.41, tmp_test_f1: 21.32, f1: 46.11
epoch: 702, val_loss:1.757698, acc: 56.01, bacc: 56.41, tmp_test_f1: 20.23, f1: 46.11
epoch: 703, val_loss:1.802252, acc: 56.01, bacc: 56.41, tmp_test_f1: 20.93, f1: 46.11
epoch: 704, val_loss:1.792392, acc: 56.01, bacc: 56.41, tmp_test_f1: 21.91, f1: 46.11
epoch: 705, val_loss:1.768348, acc: 56.01, bacc: 56.41, tmp_test_f1: 23.33, f1: 46.11
epoch: 706, val_loss:1.716576, acc: 56.01, bacc: 56.41, tmp_test_f1: 24.01, f1: 46.11
epoch: 707, val_loss:1.682972, acc: 56.01, bacc: 56.41, tmp_test_f1: 23.05, f1: 46.11
epoch: 708, val_loss:1.692774, acc: 56.01, bacc: 56.41, tmp_test_f1: 22.36, f1: 46.11
epoch: 709, val_loss:1.702515, acc: 56.01, bacc: 56.41, tmp_test_f1: 22.28, f1: 46.11
epoch: 710, val_loss:1.688215, acc: 56.01, bacc: 56.41, tmp_test_f1: 22.95, f1: 46.11
epoch: 711, val_loss:1.673791, acc: 56.01, bacc: 56.41, tmp_test_f1: 23.02, f1: 46.11
epoch: 712, val_loss:1.685591, acc: 56.01, bacc: 56.41, tmp_test_f1: 23.36, f1: 46.11
epoch: 713, val_loss:1.693700, acc: 56.01, bacc: 56.41, tmp_test_f1: 23.47, f1: 46.11
epoch: 714, val_loss:1.699150, acc: 56.01, bacc: 56.41, tmp_test_f1: 22.82, f1: 46.11
epoch: 715, val_loss:1.722901, acc: 56.01, bacc: 56.41, tmp_test_f1: 22.81, f1: 46.11
epoch: 716, val_loss:1.720509, acc: 56.01, bacc: 56.41, tmp_test_f1: 22.68, f1: 46.11
epoch: 717, val_loss:1.727704, acc: 56.01, bacc: 56.41, tmp_test_f1: 22.21, f1: 46.11
epoch: 718, val_loss:1.728017, acc: 56.01, bacc: 56.41, tmp_test_f1: 23.20, f1: 46.11
epoch: 719, val_loss:1.697930, acc: 56.01, bacc: 56.41, tmp_test_f1: 24.39, f1: 46.11
epoch: 720, val_loss:1.654918, acc: 56.01, bacc: 56.41, tmp_test_f1: 24.63, f1: 46.11
epoch: 721, val_loss:1.648360, acc: 56.01, bacc: 56.41, tmp_test_f1: 23.66, f1: 46.11
epoch: 722, val_loss:1.669987, acc: 56.01, bacc: 56.41, tmp_test_f1: 22.29, f1: 46.11
epoch: 723, val_loss:1.701722, acc: 56.01, bacc: 56.41, tmp_test_f1: 21.77, f1: 46.11
epoch: 724, val_loss:1.734324, acc: 56.01, bacc: 56.41, tmp_test_f1: 21.52, f1: 46.11
epoch: 725, val_loss:1.754732, acc: 56.01, bacc: 56.41, tmp_test_f1: 21.66, f1: 46.11
epoch: 726, val_loss:1.748805, acc: 56.01, bacc: 56.41, tmp_test_f1: 22.21, f1: 46.11
epoch: 727, val_loss:1.720165, acc: 56.01, bacc: 56.41, tmp_test_f1: 23.39, f1: 46.11
epoch: 728, val_loss:1.689300, acc: 56.01, bacc: 56.41, tmp_test_f1: 23.41, f1: 46.11
epoch: 729, val_loss:1.676356, acc: 56.01, bacc: 56.41, tmp_test_f1: 23.41, f1: 46.11
epoch: 730, val_loss:1.670790, acc: 56.01, bacc: 56.41, tmp_test_f1: 22.66, f1: 46.11
epoch: 731, val_loss:1.684639, acc: 56.01, bacc: 56.41, tmp_test_f1: 22.30, f1: 46.11
epoch: 732, val_loss:1.704840, acc: 56.01, bacc: 56.41, tmp_test_f1: 22.62, f1: 46.11
epoch: 733, val_loss:1.710529, acc: 56.01, bacc: 56.41, tmp_test_f1: 22.91, f1: 46.11
epoch: 734, val_loss:1.713065, acc: 56.01, bacc: 56.41, tmp_test_f1: 22.90, f1: 46.11
epoch: 735, val_loss:1.709645, acc: 56.01, bacc: 56.41, tmp_test_f1: 24.46, f1: 46.11
epoch: 736, val_loss:1.663765, acc: 56.01, bacc: 56.41, tmp_test_f1: 24.90, f1: 46.11
epoch: 737, val_loss:1.644395, acc: 56.01, bacc: 56.41, tmp_test_f1: 24.21, f1: 46.11
epoch: 738, val_loss:1.657743, acc: 56.01, bacc: 56.41, tmp_test_f1: 22.49, f1: 46.11
epoch: 739, val_loss:1.710726, acc: 56.01, bacc: 56.41, tmp_test_f1: 21.68, f1: 46.11
epoch: 740, val_loss:1.750765, acc: 56.01, bacc: 56.41, tmp_test_f1: 21.58, f1: 46.11
epoch: 741, val_loss:1.751075, acc: 56.01, bacc: 56.41, tmp_test_f1: 22.32, f1: 46.11
epoch: 742, val_loss:1.743401, acc: 56.01, bacc: 56.41, tmp_test_f1: 22.67, f1: 46.11
epoch: 743, val_loss:1.740497, acc: 56.01, bacc: 56.41, tmp_test_f1: 21.70, f1: 46.11
epoch: 744, val_loss:1.759853, acc: 56.01, bacc: 56.41, tmp_test_f1: 20.76, f1: 46.11
epoch: 745, val_loss:1.798076, acc: 56.01, bacc: 56.41, tmp_test_f1: 20.16, f1: 46.11
epoch: 746, val_loss:1.810863, acc: 56.01, bacc: 56.41, tmp_test_f1: 20.15, f1: 46.11
epoch: 747, val_loss:1.792909, acc: 56.01, bacc: 56.41, tmp_test_f1: 20.62, f1: 46.11
epoch: 748, val_loss:1.765581, acc: 56.01, bacc: 56.41, tmp_test_f1: 21.18, f1: 46.11
epoch: 749, val_loss:1.752954, acc: 56.01, bacc: 56.41, tmp_test_f1: 21.38, f1: 46.11
epoch: 750, val_loss:1.751393, acc: 56.01, bacc: 56.41, tmp_test_f1: 21.70, f1: 46.11
epoch: 751, val_loss:1.740677, acc: 56.01, bacc: 56.41, tmp_test_f1: 22.83, f1: 46.11
epoch: 752, val_loss:1.727391, acc: 56.01, bacc: 56.41, tmp_test_f1: 23.08, f1: 46.11
epoch: 753, val_loss:1.734473, acc: 56.01, bacc: 56.41, tmp_test_f1: 23.19, f1: 46.11
epoch: 754, val_loss:1.732666, acc: 56.01, bacc: 56.41, tmp_test_f1: 22.87, f1: 46.11
epoch: 755, val_loss:1.742407, acc: 56.01, bacc: 56.41, tmp_test_f1: 22.23, f1: 46.11
epoch: 756, val_loss:1.768214, acc: 56.01, bacc: 56.41, tmp_test_f1: 22.16, f1: 46.11
epoch: 757, val_loss:1.772830, acc: 56.01, bacc: 56.41, tmp_test_f1: 22.23, f1: 46.11
epoch: 758, val_loss:1.776418, acc: 56.01, bacc: 56.41, tmp_test_f1: 23.23, f1: 46.11
epoch: 759, val_loss:1.750007, acc: 56.01, bacc: 56.41, tmp_test_f1: 25.38, f1: 46.11
epoch: 760, val_loss:1.703477, acc: 56.01, bacc: 56.41, tmp_test_f1: 24.73, f1: 46.11
epoch: 761, val_loss:1.694053, acc: 56.01, bacc: 56.41, tmp_test_f1: 22.57, f1: 46.11
epoch: 762, val_loss:1.710214, acc: 56.01, bacc: 56.41, tmp_test_f1: 20.75, f1: 46.11
epoch: 763, val_loss:1.745185, acc: 56.01, bacc: 56.41, tmp_test_f1: 22.07, f1: 46.11
epoch: 764, val_loss:1.727606, acc: 56.01, bacc: 56.41, tmp_test_f1: 22.99, f1: 46.11
epoch: 765, val_loss:1.709257, acc: 56.01, bacc: 56.41, tmp_test_f1: 23.03, f1: 46.11
epoch: 766, val_loss:1.708967, acc: 56.01, bacc: 56.41, tmp_test_f1: 22.89, f1: 46.11
epoch: 767, val_loss:1.698611, acc: 56.01, bacc: 56.41, tmp_test_f1: 22.79, f1: 46.11
epoch: 768, val_loss:1.680272, acc: 56.01, bacc: 56.41, tmp_test_f1: 22.08, f1: 46.11
epoch: 769, val_loss:1.696670, acc: 56.01, bacc: 56.41, tmp_test_f1: 21.69, f1: 46.11
epoch: 770, val_loss:1.697047, acc: 56.01, bacc: 56.41, tmp_test_f1: 22.38, f1: 46.11
epoch: 771, val_loss:1.690531, acc: 56.01, bacc: 56.41, tmp_test_f1: 23.39, f1: 46.11
epoch: 772, val_loss:1.675640, acc: 56.01, bacc: 56.41, tmp_test_f1: 23.64, f1: 46.11
epoch: 773, val_loss:1.676277, acc: 56.01, bacc: 56.41, tmp_test_f1: 24.74, f1: 46.11
epoch: 774, val_loss:1.677664, acc: 56.01, bacc: 56.41, tmp_test_f1: 24.52, f1: 46.11
epoch: 775, val_loss:1.697671, acc: 56.01, bacc: 56.41, tmp_test_f1: 22.64, f1: 46.11
epoch: 776, val_loss:1.743566, acc: 56.01, bacc: 56.41, tmp_test_f1: 21.91, f1: 46.11
epoch: 777, val_loss:1.788272, acc: 56.01, bacc: 56.41, tmp_test_f1: 22.01, f1: 46.11
epoch: 778, val_loss:1.796661, acc: 56.01, bacc: 56.41, tmp_test_f1: 23.20, f1: 46.11
epoch: 779, val_loss:1.757403, acc: 56.01, bacc: 56.41, tmp_test_f1: 24.58, f1: 46.11
epoch: 780, val_loss:1.704779, acc: 56.01, bacc: 56.41, tmp_test_f1: 25.93, f1: 46.11
epoch: 781, val_loss:1.666178, acc: 56.01, bacc: 56.41, tmp_test_f1: 25.24, f1: 46.11
epoch: 782, val_loss:1.669364, acc: 56.01, bacc: 56.41, tmp_test_f1: 24.06, f1: 46.11
epoch: 783, val_loss:1.712489, acc: 56.01, bacc: 56.41, tmp_test_f1: 22.42, f1: 46.11
epoch: 784, val_loss:1.752862, acc: 56.01, bacc: 56.41, tmp_test_f1: 21.53, f1: 46.11
epoch: 785, val_loss:1.771328, acc: 56.01, bacc: 56.41, tmp_test_f1: 21.46, f1: 46.11
epoch: 786, val_loss:1.761462, acc: 56.01, bacc: 56.41, tmp_test_f1: 22.33, f1: 46.11
epoch: 787, val_loss:1.744667, acc: 56.01, bacc: 56.41, tmp_test_f1: 22.64, f1: 46.11
epoch: 788, val_loss:1.740533, acc: 56.01, bacc: 56.41, tmp_test_f1: 22.90, f1: 46.11
epoch: 789, val_loss:1.732631, acc: 56.01, bacc: 56.41, tmp_test_f1: 22.58, f1: 46.11
epoch: 790, val_loss:1.738780, acc: 56.01, bacc: 56.41, tmp_test_f1: 21.71, f1: 46.11
epoch: 791, val_loss:1.769037, acc: 56.01, bacc: 56.41, tmp_test_f1: 21.02, f1: 46.11
epoch: 792, val_loss:1.793254, acc: 56.01, bacc: 56.41, tmp_test_f1: 21.27, f1: 46.11
epoch: 793, val_loss:1.808860, acc: 56.01, bacc: 56.41, tmp_test_f1: 21.83, f1: 46.11
epoch: 794, val_loss:1.799909, acc: 56.01, bacc: 56.41, tmp_test_f1: 22.28, f1: 46.11
epoch: 795, val_loss:1.781195, acc: 56.01, bacc: 56.41, tmp_test_f1: 23.48, f1: 46.11
epoch: 796, val_loss:1.746608, acc: 56.01, bacc: 56.41, tmp_test_f1: 24.15, f1: 46.11
epoch: 797, val_loss:1.728855, acc: 56.01, bacc: 56.41, tmp_test_f1: 23.99, f1: 46.11
epoch: 798, val_loss:1.728416, acc: 56.01, bacc: 56.41, tmp_test_f1: 22.91, f1: 46.11
epoch: 799, val_loss:1.750952, acc: 56.01, bacc: 56.41, tmp_test_f1: 21.69, f1: 46.11
epoch: 800, val_loss:1.777447, acc: 56.01, bacc: 56.41, tmp_test_f1: 21.81, f1: 46.11
epoch: 801, val_loss:1.771134, acc: 56.01, bacc: 56.41, tmp_test_f1: 22.41, f1: 46.11
epoch: 802, val_loss:1.759628, acc: 56.01, bacc: 56.41, tmp_test_f1: 22.85, f1: 46.11
epoch: 803, val_loss:1.756231, acc: 56.01, bacc: 56.41, tmp_test_f1: 22.60, f1: 46.11
epoch: 804, val_loss:1.761658, acc: 56.01, bacc: 56.41, tmp_test_f1: 22.39, f1: 46.11
epoch: 805, val_loss:1.763820, acc: 56.01, bacc: 56.41, tmp_test_f1: 22.70, f1: 46.11
epoch: 806, val_loss:1.746247, acc: 56.01, bacc: 56.41, tmp_test_f1: 22.81, f1: 46.11
epoch: 807, val_loss:1.742680, acc: 56.01, bacc: 56.41, tmp_test_f1: 23.11, f1: 46.11
epoch: 808, val_loss:1.748779, acc: 56.01, bacc: 56.41, tmp_test_f1: 22.83, f1: 46.11
epoch: 809, val_loss:1.775995, acc: 56.01, bacc: 56.41, tmp_test_f1: 22.39, f1: 46.11
epoch: 810, val_loss:1.782291, acc: 56.01, bacc: 56.41, tmp_test_f1: 23.16, f1: 46.11
epoch: 811, val_loss:1.760169, acc: 56.01, bacc: 56.41, tmp_test_f1: 24.72, f1: 46.11
epoch: 812, val_loss:1.713035, acc: 56.01, bacc: 56.41, tmp_test_f1: 24.07, f1: 46.11
epoch: 813, val_loss:1.706646, acc: 56.01, bacc: 56.41, tmp_test_f1: 23.28, f1: 46.11
epoch: 814, val_loss:1.723746, acc: 56.01, bacc: 56.41, tmp_test_f1: 23.91, f1: 46.11
epoch: 815, val_loss:1.722095, acc: 56.01, bacc: 56.41, tmp_test_f1: 23.36, f1: 46.11
epoch: 816, val_loss:1.743710, acc: 56.01, bacc: 56.41, tmp_test_f1: 22.82, f1: 46.11
epoch: 817, val_loss:1.774882, acc: 56.01, bacc: 56.41, tmp_test_f1: 22.54, f1: 46.11
epoch: 818, val_loss:1.800779, acc: 56.01, bacc: 56.41, tmp_test_f1: 22.43, f1: 46.11
epoch: 819, val_loss:1.803826, acc: 56.01, bacc: 56.41, tmp_test_f1: 22.82, f1: 46.11
epoch: 820, val_loss:1.771556, acc: 56.01, bacc: 56.41, tmp_test_f1: 23.97, f1: 46.11
epoch: 821, val_loss:1.709030, acc: 56.01, bacc: 56.41, tmp_test_f1: 25.11, f1: 46.11
epoch: 822, val_loss:1.679487, acc: 56.01, bacc: 56.41, tmp_test_f1: 24.00, f1: 46.11
epoch: 823, val_loss:1.701257, acc: 56.01, bacc: 56.41, tmp_test_f1: 23.35, f1: 46.11
epoch: 824, val_loss:1.746454, acc: 56.01, bacc: 56.41, tmp_test_f1: 22.05, f1: 46.11
epoch: 825, val_loss:1.797368, acc: 56.01, bacc: 56.41, tmp_test_f1: 21.71, f1: 46.11
epoch: 826, val_loss:1.802355, acc: 56.01, bacc: 56.41, tmp_test_f1: 22.45, f1: 46.11
epoch: 827, val_loss:1.766231, acc: 56.01, bacc: 56.41, tmp_test_f1: 23.67, f1: 46.11
epoch: 828, val_loss:1.734974, acc: 56.01, bacc: 56.41, tmp_test_f1: 24.83, f1: 46.11
epoch: 829, val_loss:1.703780, acc: 56.01, bacc: 56.41, tmp_test_f1: 24.64, f1: 46.11
epoch: 830, val_loss:1.717973, acc: 56.01, bacc: 56.41, tmp_test_f1: 22.90, f1: 46.11
epoch: 831, val_loss:1.756696, acc: 56.01, bacc: 56.41, tmp_test_f1: 21.81, f1: 46.11
epoch: 832, val_loss:1.784992, acc: 56.01, bacc: 56.41, tmp_test_f1: 21.84, f1: 46.11
epoch: 833, val_loss:1.800234, acc: 56.01, bacc: 56.41, tmp_test_f1: 22.27, f1: 46.11
epoch: 834, val_loss:1.768793, acc: 56.01, bacc: 56.41, tmp_test_f1: 23.65, f1: 46.11
epoch: 835, val_loss:1.729480, acc: 56.01, bacc: 56.41, tmp_test_f1: 24.86, f1: 46.11
epoch: 836, val_loss:1.690824, acc: 56.01, bacc: 56.41, tmp_test_f1: 24.87, f1: 46.11
epoch: 837, val_loss:1.691207, acc: 56.01, bacc: 56.41, tmp_test_f1: 24.64, f1: 46.11
epoch: 838, val_loss:1.701840, acc: 56.01, bacc: 56.41, tmp_test_f1: 25.14, f1: 46.11
epoch: 839, val_loss:1.705849, acc: 56.01, bacc: 56.41, tmp_test_f1: 26.91, f1: 46.11
epoch: 840, val_loss:1.676704, acc: 56.01, bacc: 56.41, tmp_test_f1: 28.29, f1: 46.11
epoch: 841, val_loss:1.657280, acc: 56.01, bacc: 56.41, tmp_test_f1: 26.87, f1: 46.11
epoch: 842, val_loss:1.655445, acc: 56.01, bacc: 56.41, tmp_test_f1: 24.83, f1: 46.11
epoch: 843, val_loss:1.681701, acc: 56.01, bacc: 56.41, tmp_test_f1: 24.77, f1: 46.11
epoch: 844, val_loss:1.681720, acc: 56.01, bacc: 56.41, tmp_test_f1: 25.31, f1: 46.11
epoch: 845, val_loss:1.674825, acc: 56.01, bacc: 56.41, tmp_test_f1: 24.73, f1: 46.11
epoch: 846, val_loss:1.701482, acc: 56.01, bacc: 56.41, tmp_test_f1: 23.78, f1: 46.11
epoch: 847, val_loss:1.752182, acc: 56.01, bacc: 56.41, tmp_test_f1: 22.25, f1: 46.11
epoch: 848, val_loss:1.833533, acc: 56.01, bacc: 56.41, tmp_test_f1: 22.06, f1: 46.11
epoch: 849, val_loss:1.844456, acc: 56.01, bacc: 56.41, tmp_test_f1: 22.65, f1: 46.11
epoch: 850, val_loss:1.822565, acc: 56.01, bacc: 56.41, tmp_test_f1: 23.01, f1: 46.11
epoch: 851, val_loss:1.784294, acc: 56.01, bacc: 56.41, tmp_test_f1: 24.50, f1: 46.11
epoch: 852, val_loss:1.739171, acc: 56.01, bacc: 56.41, tmp_test_f1: 25.61, f1: 46.11
epoch: 853, val_loss:1.705560, acc: 56.01, bacc: 56.41, tmp_test_f1: 23.01, f1: 46.11
epoch: 854, val_loss:1.742414, acc: 56.01, bacc: 56.41, tmp_test_f1: 22.07, f1: 46.11
epoch: 855, val_loss:1.800350, acc: 56.01, bacc: 56.41, tmp_test_f1: 21.39, f1: 46.11
epoch: 856, val_loss:1.831339, acc: 56.01, bacc: 56.41, tmp_test_f1: 22.09, f1: 46.11
Epoch 00857: reducing learning rate of group 0 to 1.2500e-02.
Epoch 00857: reducing learning rate of group 1 to 1.2500e-02.
epoch: 857, val_loss:1.769819, acc: 56.01, bacc: 56.41, tmp_test_f1: 23.82, f1: 46.11
epoch: 858, val_loss:1.709650, acc: 56.01, bacc: 56.41, tmp_test_f1: 24.90, f1: 46.11
epoch: 859, val_loss:1.689872, acc: 56.01, bacc: 56.41, tmp_test_f1: 25.00, f1: 46.11
epoch: 860, val_loss:1.687519, acc: 56.01, bacc: 56.41, tmp_test_f1: 24.84, f1: 46.11
epoch: 861, val_loss:1.693298, acc: 56.01, bacc: 56.41, tmp_test_f1: 24.22, f1: 46.11
epoch: 862, val_loss:1.705099, acc: 56.01, bacc: 56.41, tmp_test_f1: 23.60, f1: 46.11
epoch: 863, val_loss:1.726911, acc: 56.01, bacc: 56.41, tmp_test_f1: 23.16, f1: 46.11
epoch: 864, val_loss:1.752680, acc: 56.01, bacc: 56.41, tmp_test_f1: 22.99, f1: 46.11
epoch: 865, val_loss:1.760306, acc: 56.01, bacc: 56.41, tmp_test_f1: 23.12, f1: 46.11
epoch: 866, val_loss:1.763632, acc: 56.01, bacc: 56.41, tmp_test_f1: 23.13, f1: 46.11
epoch: 867, val_loss:1.764051, acc: 56.01, bacc: 56.41, tmp_test_f1: 23.74, f1: 46.11
epoch: 868, val_loss:1.751263, acc: 56.01, bacc: 56.41, tmp_test_f1: 23.76, f1: 46.11
epoch: 869, val_loss:1.748826, acc: 56.01, bacc: 56.41, tmp_test_f1: 23.60, f1: 46.11
epoch: 870, val_loss:1.758391, acc: 56.01, bacc: 56.41, tmp_test_f1: 23.70, f1: 46.11
epoch: 871, val_loss:1.755695, acc: 56.01, bacc: 56.41, tmp_test_f1: 23.88, f1: 46.11
epoch: 872, val_loss:1.755735, acc: 56.01, bacc: 56.41, tmp_test_f1: 23.85, f1: 46.11
epoch: 873, val_loss:1.750382, acc: 56.01, bacc: 56.41, tmp_test_f1: 23.87, f1: 46.11
epoch: 874, val_loss:1.752271, acc: 56.01, bacc: 56.41, tmp_test_f1: 23.92, f1: 46.11
epoch: 875, val_loss:1.736946, acc: 56.01, bacc: 56.41, tmp_test_f1: 24.42, f1: 46.11
epoch: 876, val_loss:1.717314, acc: 56.01, bacc: 56.41, tmp_test_f1: 24.72, f1: 46.11
epoch: 877, val_loss:1.713865, acc: 56.01, bacc: 56.41, tmp_test_f1: 24.83, f1: 46.11
epoch: 878, val_loss:1.717459, acc: 56.01, bacc: 56.41, tmp_test_f1: 23.60, f1: 46.11
epoch: 879, val_loss:1.729478, acc: 56.01, bacc: 56.41, tmp_test_f1: 22.97, f1: 46.11
epoch: 880, val_loss:1.741659, acc: 56.01, bacc: 56.41, tmp_test_f1: 22.64, f1: 46.11
epoch: 881, val_loss:1.756506, acc: 56.01, bacc: 56.41, tmp_test_f1: 22.31, f1: 46.11
epoch: 882, val_loss:1.775630, acc: 56.01, bacc: 56.41, tmp_test_f1: 21.87, f1: 46.11
epoch: 883, val_loss:1.800811, acc: 56.01, bacc: 56.41, tmp_test_f1: 22.17, f1: 46.11
epoch: 884, val_loss:1.809834, acc: 56.01, bacc: 56.41, tmp_test_f1: 22.60, f1: 46.11
epoch: 885, val_loss:1.805526, acc: 56.01, bacc: 56.41, tmp_test_f1: 23.41, f1: 46.11
epoch: 886, val_loss:1.781372, acc: 56.01, bacc: 56.41, tmp_test_f1: 24.10, f1: 46.11
epoch: 887, val_loss:1.749749, acc: 56.01, bacc: 56.41, tmp_test_f1: 24.24, f1: 46.11
epoch: 888, val_loss:1.736276, acc: 56.01, bacc: 56.41, tmp_test_f1: 24.40, f1: 46.11
epoch: 889, val_loss:1.721272, acc: 56.01, bacc: 56.41, tmp_test_f1: 23.95, f1: 46.11
epoch: 890, val_loss:1.718871, acc: 56.01, bacc: 56.41, tmp_test_f1: 23.58, f1: 46.11
epoch: 891, val_loss:1.727025, acc: 56.01, bacc: 56.41, tmp_test_f1: 23.68, f1: 46.11
epoch: 892, val_loss:1.726127, acc: 56.01, bacc: 56.41, tmp_test_f1: 23.60, f1: 46.11
epoch: 893, val_loss:1.732210, acc: 56.01, bacc: 56.41, tmp_test_f1: 23.39, f1: 46.11
GAT Amazon-Computers 100 Aug 23 EndEpoch 893 lr 0.1
SHAsplit  0, acc: 56.01, bacc: 56.41, f1: 46.11
