CUDA Device Index: 0
Namespace(IsDirectedData=False, AugDirect=4, net='GIN', GPUdevice=0, seed=100, undirect_dataset='Amazon-Computers', Direct_dataset='WikipediaNetwork/squirrel', imb_ratio=100, dropout=0.1, num_filter=2, layer=2, alpha=0.1, K=2, feat_dim=64, warmup=5, epoch=1500, lr=0.1, l2=0.0005, tau=2, max=False, no_mask=False, gdc='ppr', heads=8, log_root='../logs/', log_path='test', data_path='../dataset/data/tmp/')
GIN_ModelBen(
  (line1): Linear(in_features=767, out_features=2, bias=True)
  (line2): Linear(in_features=2, out_features=2, bias=True)
  (conv1): GINConv(nn=Linear(in_features=767, out_features=2, bias=True))
  (conv2): GINConv(nn=Linear(in_features=2, out_features=2, bias=True))
  (Conv): Conv1d(2, 10, kernel_size=(1,), stride=(1,))
)
test_f1 CountNotImproved reset to 0 in epoch 0
epoch:   0, val_loss:2.366172, acc: 1.80, bacc: 10.00, tmp_test_f1: 0.35, f1: 0.35
test_f1 CountNotImproved reset to 0 in epoch 1
epoch:   1, val_loss:2.387409, acc: 9.47, bacc: 10.00, tmp_test_f1: 1.73, f1: 1.73
epoch:   2, val_loss:2.406608, acc: 9.47, bacc: 10.00, tmp_test_f1: 1.73, f1: 1.73
epoch:   3, val_loss:2.439291, acc: 9.47, bacc: 10.00, tmp_test_f1: 1.73, f1: 1.73
epoch:   4, val_loss:2.472461, acc: 9.47, bacc: 10.00, tmp_test_f1: 1.73, f1: 1.73
test_f1 CountNotImproved reset to 0 in epoch 5
epoch:   5, val_loss:2.507834, acc: 9.58, bacc: 6.56, tmp_test_f1: 3.22, f1: 3.22
epoch:   6, val_loss:9.834013, acc: 9.58, bacc: 6.56, tmp_test_f1: 0.49, f1: 3.22
epoch:   7, val_loss:2.570317, acc: 9.58, bacc: 6.56, tmp_test_f1: 0.17, f1: 3.22
epoch:   8, val_loss:2.586717, acc: 9.58, bacc: 6.56, tmp_test_f1: 0.17, f1: 3.22
epoch:   9, val_loss:2.598834, acc: 9.58, bacc: 6.56, tmp_test_f1: 0.17, f1: 3.22
epoch:  10, val_loss:2.608578, acc: 9.58, bacc: 6.56, tmp_test_f1: 0.17, f1: 3.22
epoch:  11, val_loss:2.616856, acc: 9.58, bacc: 6.56, tmp_test_f1: 0.17, f1: 3.22
epoch:  12, val_loss:2.624060, acc: 9.58, bacc: 6.56, tmp_test_f1: 0.17, f1: 3.22
epoch:  13, val_loss:2.630136, acc: 9.58, bacc: 6.56, tmp_test_f1: 0.17, f1: 3.22
epoch:  14, val_loss:2.634695, acc: 9.58, bacc: 6.56, tmp_test_f1: 0.17, f1: 3.22
epoch:  15, val_loss:2.637170, acc: 9.58, bacc: 6.56, tmp_test_f1: 0.17, f1: 3.22
epoch:  16, val_loss:2.636996, acc: 9.58, bacc: 6.56, tmp_test_f1: 0.17, f1: 3.22
epoch:  17, val_loss:2.633780, acc: 9.58, bacc: 6.56, tmp_test_f1: 0.17, f1: 3.22
epoch:  18, val_loss:2.627400, acc: 9.58, bacc: 6.56, tmp_test_f1: 2.09, f1: 3.22
epoch:  19, val_loss:5.112338, acc: 9.58, bacc: 6.56, tmp_test_f1: 0.17, f1: 3.22
epoch:  20, val_loss:2.603206, acc: 9.58, bacc: 6.56, tmp_test_f1: 0.17, f1: 3.22
epoch:  21, val_loss:2.586906, acc: 9.58, bacc: 6.56, tmp_test_f1: 0.17, f1: 3.22
epoch:  22, val_loss:2.569637, acc: 9.58, bacc: 6.56, tmp_test_f1: 0.17, f1: 3.22
epoch:  23, val_loss:2.551918, acc: 9.58, bacc: 6.56, tmp_test_f1: 0.17, f1: 3.22
epoch:  24, val_loss:2.534221, acc: 9.58, bacc: 6.56, tmp_test_f1: 0.17, f1: 3.22
epoch:  25, val_loss:2.516934, acc: 9.58, bacc: 6.56, tmp_test_f1: 0.17, f1: 3.22
epoch:  26, val_loss:2.500377, acc: 9.58, bacc: 6.56, tmp_test_f1: 0.17, f1: 3.22
epoch:  27, val_loss:2.484814, acc: 9.58, bacc: 6.56, tmp_test_f1: 0.17, f1: 3.22
epoch:  28, val_loss:2.470464, acc: 9.58, bacc: 6.56, tmp_test_f1: 0.17, f1: 3.22
epoch:  29, val_loss:2.457518, acc: 9.58, bacc: 6.56, tmp_test_f1: 0.17, f1: 3.22
epoch:  30, val_loss:2.446133, acc: 9.58, bacc: 6.56, tmp_test_f1: 0.17, f1: 3.22
epoch:  31, val_loss:2.436428, acc: 9.58, bacc: 6.56, tmp_test_f1: 0.17, f1: 3.22
epoch:  32, val_loss:2.428475, acc: 9.58, bacc: 6.56, tmp_test_f1: 0.17, f1: 3.22
epoch:  33, val_loss:2.422295, acc: 9.58, bacc: 6.56, tmp_test_f1: 0.17, f1: 3.22
epoch:  34, val_loss:2.417864, acc: 9.58, bacc: 6.56, tmp_test_f1: 0.17, f1: 3.22
epoch:  35, val_loss:2.415110, acc: 9.58, bacc: 6.56, tmp_test_f1: 0.17, f1: 3.22
epoch:  36, val_loss:2.413920, acc: 9.58, bacc: 6.56, tmp_test_f1: 0.17, f1: 3.22
epoch:  37, val_loss:2.414150, acc: 9.58, bacc: 6.56, tmp_test_f1: 0.17, f1: 3.22
epoch:  38, val_loss:2.415634, acc: 9.58, bacc: 6.56, tmp_test_f1: 0.17, f1: 3.22
epoch:  39, val_loss:2.418185, acc: 9.58, bacc: 6.56, tmp_test_f1: 0.17, f1: 3.22
epoch:  40, val_loss:2.421605, acc: 9.58, bacc: 6.56, tmp_test_f1: 0.17, f1: 3.22
epoch:  41, val_loss:2.425691, acc: 9.58, bacc: 6.56, tmp_test_f1: 0.17, f1: 3.22
epoch:  42, val_loss:2.430239, acc: 9.58, bacc: 6.56, tmp_test_f1: 0.17, f1: 3.22
epoch:  43, val_loss:2.435046, acc: 9.58, bacc: 6.56, tmp_test_f1: 0.17, f1: 3.22
epoch:  44, val_loss:2.439921, acc: 9.58, bacc: 6.56, tmp_test_f1: 0.17, f1: 3.22
epoch:  45, val_loss:2.444680, acc: 9.58, bacc: 6.56, tmp_test_f1: 0.17, f1: 3.22
epoch:  46, val_loss:2.449156, acc: 9.58, bacc: 6.56, tmp_test_f1: 0.17, f1: 3.22
epoch:  47, val_loss:2.453204, acc: 9.58, bacc: 6.56, tmp_test_f1: 0.17, f1: 3.22
epoch:  48, val_loss:2.456703, acc: 9.58, bacc: 6.56, tmp_test_f1: 0.17, f1: 3.22
epoch:  49, val_loss:2.459558, acc: 9.58, bacc: 6.56, tmp_test_f1: 0.17, f1: 3.22
epoch:  50, val_loss:2.461704, acc: 9.58, bacc: 6.56, tmp_test_f1: 0.17, f1: 3.22
epoch:  51, val_loss:2.463115, acc: 9.58, bacc: 6.56, tmp_test_f1: 0.17, f1: 3.22
epoch:  52, val_loss:2.463790, acc: 9.58, bacc: 6.56, tmp_test_f1: 0.17, f1: 3.22
epoch:  53, val_loss:2.463763, acc: 9.58, bacc: 6.56, tmp_test_f1: 0.17, f1: 3.22
epoch:  54, val_loss:2.463097, acc: 9.58, bacc: 6.56, tmp_test_f1: 0.17, f1: 3.22
epoch:  55, val_loss:2.461877, acc: 9.58, bacc: 6.56, tmp_test_f1: 0.17, f1: 3.22
epoch:  56, val_loss:2.460203, acc: 9.58, bacc: 6.56, tmp_test_f1: 0.17, f1: 3.22
epoch:  57, val_loss:2.458187, acc: 9.58, bacc: 6.56, tmp_test_f1: 0.17, f1: 3.22
epoch:  58, val_loss:2.455949, acc: 9.58, bacc: 6.56, tmp_test_f1: 0.17, f1: 3.22
epoch:  59, val_loss:2.453598, acc: 9.58, bacc: 6.56, tmp_test_f1: 0.17, f1: 3.22
epoch:  60, val_loss:2.451243, acc: 9.58, bacc: 6.56, tmp_test_f1: 0.17, f1: 3.22
epoch:  61, val_loss:2.448982, acc: 9.58, bacc: 6.56, tmp_test_f1: 0.17, f1: 3.22
epoch:  62, val_loss:2.446892, acc: 9.58, bacc: 6.56, tmp_test_f1: 0.17, f1: 3.22
epoch:  63, val_loss:2.445044, acc: 9.58, bacc: 6.56, tmp_test_f1: 0.17, f1: 3.22
epoch:  64, val_loss:2.443488, acc: 9.58, bacc: 6.56, tmp_test_f1: 0.17, f1: 3.22
epoch:  65, val_loss:2.442261, acc: 9.58, bacc: 6.56, tmp_test_f1: 0.17, f1: 3.22
epoch:  66, val_loss:2.441387, acc: 9.58, bacc: 6.56, tmp_test_f1: 0.17, f1: 3.22
epoch:  67, val_loss:2.440870, acc: 9.58, bacc: 6.56, tmp_test_f1: 0.17, f1: 3.22
epoch:  68, val_loss:2.440706, acc: 9.58, bacc: 6.56, tmp_test_f1: 0.17, f1: 3.22
epoch:  69, val_loss:2.440875, acc: 9.58, bacc: 6.56, tmp_test_f1: 0.17, f1: 3.22
epoch:  70, val_loss:2.441344, acc: 9.58, bacc: 6.56, tmp_test_f1: 0.17, f1: 3.22
epoch:  71, val_loss:2.442074, acc: 9.58, bacc: 6.56, tmp_test_f1: 0.17, f1: 3.22
epoch:  72, val_loss:2.443013, acc: 9.58, bacc: 6.56, tmp_test_f1: 0.17, f1: 3.22
epoch:  73, val_loss:2.444106, acc: 9.58, bacc: 6.56, tmp_test_f1: 0.17, f1: 3.22
epoch:  74, val_loss:2.445295, acc: 9.58, bacc: 6.56, tmp_test_f1: 0.17, f1: 3.22
epoch:  75, val_loss:2.446515, acc: 9.58, bacc: 6.56, tmp_test_f1: 0.17, f1: 3.22
epoch:  76, val_loss:2.447711, acc: 9.58, bacc: 6.56, tmp_test_f1: 0.17, f1: 3.22
epoch:  77, val_loss:2.448828, acc: 9.58, bacc: 6.56, tmp_test_f1: 0.17, f1: 3.22
epoch:  78, val_loss:2.449821, acc: 9.58, bacc: 6.56, tmp_test_f1: 0.17, f1: 3.22
epoch:  79, val_loss:2.450650, acc: 9.58, bacc: 6.56, tmp_test_f1: 0.17, f1: 3.22
epoch:  80, val_loss:2.451291, acc: 9.58, bacc: 6.56, tmp_test_f1: 0.17, f1: 3.22
epoch:  81, val_loss:2.451728, acc: 9.58, bacc: 6.56, tmp_test_f1: 0.17, f1: 3.22
epoch:  82, val_loss:2.451956, acc: 9.58, bacc: 6.56, tmp_test_f1: 0.17, f1: 3.22
epoch:  83, val_loss:2.451981, acc: 9.58, bacc: 6.56, tmp_test_f1: 0.17, f1: 3.22
epoch:  84, val_loss:2.451819, acc: 9.58, bacc: 6.56, tmp_test_f1: 0.17, f1: 3.22
epoch:  85, val_loss:2.451490, acc: 9.58, bacc: 6.56, tmp_test_f1: 0.17, f1: 3.22
epoch:  86, val_loss:2.451028, acc: 9.58, bacc: 6.56, tmp_test_f1: 0.17, f1: 3.22
epoch:  87, val_loss:2.450463, acc: 9.58, bacc: 6.56, tmp_test_f1: 0.17, f1: 3.22
epoch:  88, val_loss:2.449827, acc: 9.58, bacc: 6.56, tmp_test_f1: 0.17, f1: 3.22
epoch:  89, val_loss:2.449160, acc: 9.58, bacc: 6.56, tmp_test_f1: 0.17, f1: 3.22
epoch:  90, val_loss:2.448493, acc: 9.58, bacc: 6.56, tmp_test_f1: 0.17, f1: 3.22
epoch:  91, val_loss:2.447855, acc: 9.58, bacc: 6.56, tmp_test_f1: 0.17, f1: 3.22
epoch:  92, val_loss:2.447273, acc: 9.58, bacc: 6.56, tmp_test_f1: 0.17, f1: 3.22
epoch:  93, val_loss:2.446768, acc: 9.58, bacc: 6.56, tmp_test_f1: 0.17, f1: 3.22
epoch:  94, val_loss:2.446357, acc: 9.58, bacc: 6.56, tmp_test_f1: 0.17, f1: 3.22
epoch:  95, val_loss:2.446049, acc: 9.58, bacc: 6.56, tmp_test_f1: 0.17, f1: 3.22
epoch:  96, val_loss:2.445848, acc: 9.58, bacc: 6.56, tmp_test_f1: 0.17, f1: 3.22
epoch:  97, val_loss:2.445755, acc: 9.58, bacc: 6.56, tmp_test_f1: 0.17, f1: 3.22
epoch:  98, val_loss:2.445763, acc: 9.58, bacc: 6.56, tmp_test_f1: 0.17, f1: 3.22
epoch:  99, val_loss:2.445861, acc: 9.58, bacc: 6.56, tmp_test_f1: 0.17, f1: 3.22
epoch: 100, val_loss:2.446035, acc: 9.58, bacc: 6.56, tmp_test_f1: 0.17, f1: 3.22
epoch: 101, val_loss:2.446271, acc: 9.58, bacc: 6.56, tmp_test_f1: 0.17, f1: 3.22
epoch: 102, val_loss:2.446549, acc: 9.58, bacc: 6.56, tmp_test_f1: 0.17, f1: 3.22
epoch: 103, val_loss:2.446852, acc: 9.58, bacc: 6.56, tmp_test_f1: 0.17, f1: 3.22
epoch: 104, val_loss:2.447161, acc: 9.58, bacc: 6.56, tmp_test_f1: 0.17, f1: 3.22
epoch: 105, val_loss:2.447461, acc: 9.58, bacc: 6.56, tmp_test_f1: 0.17, f1: 3.22
epoch: 106, val_loss:2.447738, acc: 9.58, bacc: 6.56, tmp_test_f1: 0.17, f1: 3.22
epoch: 107, val_loss:2.447978, acc: 9.58, bacc: 6.56, tmp_test_f1: 0.17, f1: 3.22
epoch: 108, val_loss:2.448172, acc: 9.58, bacc: 6.56, tmp_test_f1: 0.17, f1: 3.22
epoch: 109, val_loss:2.448317, acc: 9.58, bacc: 6.56, tmp_test_f1: 0.17, f1: 3.22
epoch: 110, val_loss:2.448408, acc: 9.58, bacc: 6.56, tmp_test_f1: 0.17, f1: 3.22
epoch: 111, val_loss:2.448449, acc: 9.58, bacc: 6.56, tmp_test_f1: 0.17, f1: 3.22
epoch: 112, val_loss:2.448441, acc: 9.58, bacc: 6.56, tmp_test_f1: 0.17, f1: 3.22
epoch: 113, val_loss:2.448392, acc: 9.58, bacc: 6.56, tmp_test_f1: 0.17, f1: 3.22
epoch: 114, val_loss:2.448307, acc: 9.58, bacc: 6.56, tmp_test_f1: 0.17, f1: 3.22
epoch: 115, val_loss:2.448195, acc: 9.58, bacc: 6.56, tmp_test_f1: 0.17, f1: 3.22
epoch: 116, val_loss:2.448068, acc: 9.58, bacc: 6.56, tmp_test_f1: 0.17, f1: 3.22
epoch: 117, val_loss:2.447932, acc: 9.58, bacc: 6.56, tmp_test_f1: 0.17, f1: 3.22
epoch: 118, val_loss:2.447799, acc: 9.58, bacc: 6.56, tmp_test_f1: 0.17, f1: 3.22
epoch: 119, val_loss:2.447673, acc: 9.58, bacc: 6.56, tmp_test_f1: 0.17, f1: 3.22
epoch: 120, val_loss:2.447564, acc: 9.58, bacc: 6.56, tmp_test_f1: 0.17, f1: 3.22
epoch: 121, val_loss:2.447475, acc: 9.58, bacc: 6.56, tmp_test_f1: 0.17, f1: 3.22
epoch: 122, val_loss:2.447409, acc: 9.58, bacc: 6.56, tmp_test_f1: 0.17, f1: 3.22
epoch: 123, val_loss:2.447368, acc: 9.58, bacc: 6.56, tmp_test_f1: 0.17, f1: 3.22
epoch: 124, val_loss:2.447352, acc: 9.58, bacc: 6.56, tmp_test_f1: 0.17, f1: 3.22
epoch: 125, val_loss:2.447360, acc: 9.58, bacc: 6.56, tmp_test_f1: 0.17, f1: 3.22
epoch: 126, val_loss:2.447388, acc: 9.58, bacc: 6.56, tmp_test_f1: 0.17, f1: 3.22
epoch: 127, val_loss:2.447433, acc: 9.58, bacc: 6.56, tmp_test_f1: 0.17, f1: 3.22
epoch: 128, val_loss:2.447490, acc: 9.58, bacc: 6.56, tmp_test_f1: 0.17, f1: 3.22
epoch: 129, val_loss:2.447556, acc: 9.58, bacc: 6.56, tmp_test_f1: 0.17, f1: 3.22
epoch: 130, val_loss:2.447624, acc: 9.58, bacc: 6.56, tmp_test_f1: 0.17, f1: 3.22
epoch: 131, val_loss:2.447691, acc: 9.58, bacc: 6.56, tmp_test_f1: 0.17, f1: 3.22
epoch: 132, val_loss:2.447752, acc: 9.58, bacc: 6.56, tmp_test_f1: 0.17, f1: 3.22
epoch: 133, val_loss:2.447805, acc: 9.58, bacc: 6.56, tmp_test_f1: 0.17, f1: 3.22
epoch: 134, val_loss:2.447845, acc: 9.58, bacc: 6.56, tmp_test_f1: 0.17, f1: 3.22
epoch: 135, val_loss:2.447875, acc: 9.58, bacc: 6.56, tmp_test_f1: 0.17, f1: 3.22
epoch: 136, val_loss:2.447891, acc: 9.58, bacc: 6.56, tmp_test_f1: 0.17, f1: 3.22
epoch: 137, val_loss:2.447892, acc: 9.58, bacc: 6.56, tmp_test_f1: 0.17, f1: 3.22
epoch: 138, val_loss:2.447881, acc: 9.58, bacc: 6.56, tmp_test_f1: 0.17, f1: 3.22
epoch: 139, val_loss:2.447860, acc: 9.58, bacc: 6.56, tmp_test_f1: 0.17, f1: 3.22
epoch: 140, val_loss:2.447831, acc: 9.58, bacc: 6.56, tmp_test_f1: 0.17, f1: 3.22
epoch: 141, val_loss:2.447795, acc: 9.58, bacc: 6.56, tmp_test_f1: 0.17, f1: 3.22
epoch: 142, val_loss:2.447755, acc: 9.58, bacc: 6.56, tmp_test_f1: 0.17, f1: 3.22
epoch: 143, val_loss:2.447716, acc: 9.58, bacc: 6.56, tmp_test_f1: 0.17, f1: 3.22
epoch: 144, val_loss:2.447677, acc: 9.58, bacc: 6.56, tmp_test_f1: 0.17, f1: 3.22
epoch: 145, val_loss:2.447642, acc: 9.58, bacc: 6.56, tmp_test_f1: 0.17, f1: 3.22
epoch: 146, val_loss:2.447613, acc: 9.58, bacc: 6.56, tmp_test_f1: 0.17, f1: 3.22
epoch: 147, val_loss:2.447591, acc: 9.58, bacc: 6.56, tmp_test_f1: 0.17, f1: 3.22
epoch: 148, val_loss:2.447575, acc: 9.58, bacc: 6.56, tmp_test_f1: 0.17, f1: 3.22
epoch: 149, val_loss:2.447567, acc: 9.58, bacc: 6.56, tmp_test_f1: 0.17, f1: 3.22
epoch: 150, val_loss:2.447565, acc: 9.58, bacc: 6.56, tmp_test_f1: 0.17, f1: 3.22
epoch: 151, val_loss:2.447573, acc: 9.58, bacc: 6.56, tmp_test_f1: 0.17, f1: 3.22
epoch: 152, val_loss:2.447585, acc: 9.58, bacc: 6.56, tmp_test_f1: 0.17, f1: 3.22
epoch: 153, val_loss:2.447601, acc: 9.58, bacc: 6.56, tmp_test_f1: 0.17, f1: 3.22
epoch: 154, val_loss:2.447621, acc: 9.58, bacc: 6.56, tmp_test_f1: 0.17, f1: 3.22
epoch: 155, val_loss:2.447642, acc: 9.58, bacc: 6.56, tmp_test_f1: 0.17, f1: 3.22
epoch: 156, val_loss:2.447664, acc: 9.58, bacc: 6.56, tmp_test_f1: 0.17, f1: 3.22
epoch: 157, val_loss:2.447685, acc: 9.58, bacc: 6.56, tmp_test_f1: 0.17, f1: 3.22
epoch: 158, val_loss:2.447704, acc: 9.58, bacc: 6.56, tmp_test_f1: 0.17, f1: 3.22
epoch: 159, val_loss:2.447720, acc: 9.58, bacc: 6.56, tmp_test_f1: 0.17, f1: 3.22
epoch: 160, val_loss:2.447733, acc: 9.58, bacc: 6.56, tmp_test_f1: 0.17, f1: 3.22
epoch: 161, val_loss:2.447741, acc: 9.58, bacc: 6.56, tmp_test_f1: 0.17, f1: 3.22
epoch: 162, val_loss:2.447746, acc: 9.58, bacc: 6.56, tmp_test_f1: 0.17, f1: 3.22
epoch: 163, val_loss:2.447747, acc: 9.58, bacc: 6.56, tmp_test_f1: 0.17, f1: 3.22
epoch: 164, val_loss:2.447744, acc: 9.58, bacc: 6.56, tmp_test_f1: 0.17, f1: 3.22
epoch: 165, val_loss:2.447739, acc: 9.58, bacc: 6.56, tmp_test_f1: 0.17, f1: 3.22
epoch: 166, val_loss:2.447732, acc: 9.58, bacc: 6.56, tmp_test_f1: 0.17, f1: 3.22
epoch: 167, val_loss:2.447723, acc: 9.58, bacc: 6.56, tmp_test_f1: 0.17, f1: 3.22
epoch: 168, val_loss:2.447713, acc: 9.58, bacc: 6.56, tmp_test_f1: 0.17, f1: 3.22
epoch: 169, val_loss:2.447704, acc: 9.58, bacc: 6.56, tmp_test_f1: 0.17, f1: 3.22
epoch: 170, val_loss:2.447694, acc: 9.58, bacc: 6.56, tmp_test_f1: 0.17, f1: 3.22
epoch: 171, val_loss:2.447686, acc: 9.58, bacc: 6.56, tmp_test_f1: 0.17, f1: 3.22
epoch: 172, val_loss:2.447680, acc: 9.58, bacc: 6.56, tmp_test_f1: 0.17, f1: 3.22
epoch: 173, val_loss:2.447675, acc: 9.58, bacc: 6.56, tmp_test_f1: 0.17, f1: 3.22
epoch: 174, val_loss:2.447672, acc: 9.58, bacc: 6.56, tmp_test_f1: 0.17, f1: 3.22
epoch: 175, val_loss:2.447670, acc: 9.58, bacc: 6.56, tmp_test_f1: 0.17, f1: 3.22
epoch: 176, val_loss:2.447671, acc: 9.58, bacc: 6.56, tmp_test_f1: 0.17, f1: 3.22
epoch: 177, val_loss:2.447672, acc: 9.58, bacc: 6.56, tmp_test_f1: 0.17, f1: 3.22
epoch: 178, val_loss:2.447675, acc: 9.58, bacc: 6.56, tmp_test_f1: 0.17, f1: 3.22
epoch: 179, val_loss:2.447679, acc: 9.58, bacc: 6.56, tmp_test_f1: 0.17, f1: 3.22
epoch: 180, val_loss:2.447684, acc: 9.58, bacc: 6.56, tmp_test_f1: 0.17, f1: 3.22
epoch: 181, val_loss:2.447687, acc: 9.58, bacc: 6.56, tmp_test_f1: 0.17, f1: 3.22
epoch: 182, val_loss:2.447691, acc: 9.58, bacc: 6.56, tmp_test_f1: 0.17, f1: 3.22
epoch: 183, val_loss:2.447695, acc: 9.58, bacc: 6.56, tmp_test_f1: 0.17, f1: 3.22
epoch: 184, val_loss:2.447698, acc: 9.58, bacc: 6.56, tmp_test_f1: 0.17, f1: 3.22
epoch: 185, val_loss:2.447700, acc: 9.58, bacc: 6.56, tmp_test_f1: 0.17, f1: 3.22
epoch: 186, val_loss:2.447701, acc: 9.58, bacc: 6.56, tmp_test_f1: 0.17, f1: 3.22
epoch: 187, val_loss:2.447701, acc: 9.58, bacc: 6.56, tmp_test_f1: 0.17, f1: 3.22
epoch: 188, val_loss:2.447701, acc: 9.58, bacc: 6.56, tmp_test_f1: 0.17, f1: 3.22
epoch: 189, val_loss:2.447699, acc: 9.58, bacc: 6.56, tmp_test_f1: 0.17, f1: 3.22
epoch: 190, val_loss:2.447699, acc: 9.58, bacc: 6.56, tmp_test_f1: 0.17, f1: 3.22
epoch: 191, val_loss:2.447696, acc: 9.58, bacc: 6.56, tmp_test_f1: 0.17, f1: 3.22
epoch: 192, val_loss:2.447694, acc: 9.58, bacc: 6.56, tmp_test_f1: 0.17, f1: 3.22
epoch: 193, val_loss:2.447692, acc: 9.58, bacc: 6.56, tmp_test_f1: 0.17, f1: 3.22
epoch: 194, val_loss:2.447691, acc: 9.58, bacc: 6.56, tmp_test_f1: 0.17, f1: 3.22
epoch: 195, val_loss:2.447689, acc: 9.58, bacc: 6.56, tmp_test_f1: 0.17, f1: 3.22
epoch: 196, val_loss:2.447688, acc: 9.58, bacc: 6.56, tmp_test_f1: 0.17, f1: 3.22
epoch: 197, val_loss:2.447688, acc: 9.58, bacc: 6.56, tmp_test_f1: 0.17, f1: 3.22
epoch: 198, val_loss:2.447688, acc: 9.58, bacc: 6.56, tmp_test_f1: 0.17, f1: 3.22
epoch: 199, val_loss:2.447689, acc: 9.58, bacc: 6.56, tmp_test_f1: 0.17, f1: 3.22
epoch: 200, val_loss:2.447689, acc: 9.58, bacc: 6.56, tmp_test_f1: 0.17, f1: 3.22
Epoch 00201: reducing learning rate of group 0 to 5.0000e-02.
epoch: 201, val_loss:2.447690, acc: 9.58, bacc: 6.56, tmp_test_f1: 0.17, f1: 3.22
epoch: 202, val_loss:2.447692, acc: 9.58, bacc: 6.56, tmp_test_f1: 0.17, f1: 3.22
epoch: 203, val_loss:2.447693, acc: 9.58, bacc: 6.56, tmp_test_f1: 0.17, f1: 3.22
epoch: 204, val_loss:2.447694, acc: 9.58, bacc: 6.56, tmp_test_f1: 0.17, f1: 3.22
epoch: 205, val_loss:2.447694, acc: 9.58, bacc: 6.56, tmp_test_f1: 0.17, f1: 3.22
epoch: 206, val_loss:2.447695, acc: 9.58, bacc: 6.56, tmp_test_f1: 0.17, f1: 3.22
epoch: 207, val_loss:2.447697, acc: 9.58, bacc: 6.56, tmp_test_f1: 0.17, f1: 3.22
epoch: 208, val_loss:2.447697, acc: 9.58, bacc: 6.56, tmp_test_f1: 0.17, f1: 3.22
epoch: 209, val_loss:2.447697, acc: 9.58, bacc: 6.56, tmp_test_f1: 0.17, f1: 3.22
epoch: 210, val_loss:2.447698, acc: 9.58, bacc: 6.56, tmp_test_f1: 0.17, f1: 3.22
epoch: 211, val_loss:2.447698, acc: 9.58, bacc: 6.56, tmp_test_f1: 0.17, f1: 3.22
epoch: 212, val_loss:2.447698, acc: 9.58, bacc: 6.56, tmp_test_f1: 0.17, f1: 3.22
epoch: 213, val_loss:2.447699, acc: 9.58, bacc: 6.56, tmp_test_f1: 0.17, f1: 3.22
epoch: 214, val_loss:2.447699, acc: 9.58, bacc: 6.56, tmp_test_f1: 0.17, f1: 3.22
epoch: 215, val_loss:2.447698, acc: 9.58, bacc: 6.56, tmp_test_f1: 0.17, f1: 3.22
epoch: 216, val_loss:2.447699, acc: 9.58, bacc: 6.56, tmp_test_f1: 0.17, f1: 3.22
epoch: 217, val_loss:2.447698, acc: 9.58, bacc: 6.56, tmp_test_f1: 0.17, f1: 3.22
epoch: 218, val_loss:2.447698, acc: 9.58, bacc: 6.56, tmp_test_f1: 0.17, f1: 3.22
epoch: 219, val_loss:2.447697, acc: 9.58, bacc: 6.56, tmp_test_f1: 0.17, f1: 3.22
epoch: 220, val_loss:2.447697, acc: 9.58, bacc: 6.56, tmp_test_f1: 0.17, f1: 3.22
epoch: 221, val_loss:2.447696, acc: 9.58, bacc: 6.56, tmp_test_f1: 0.17, f1: 3.22
epoch: 222, val_loss:2.447696, acc: 9.58, bacc: 6.56, tmp_test_f1: 0.17, f1: 3.22
epoch: 223, val_loss:2.447696, acc: 9.58, bacc: 6.56, tmp_test_f1: 0.17, f1: 3.22
epoch: 224, val_loss:2.447696, acc: 9.58, bacc: 6.56, tmp_test_f1: 0.17, f1: 3.22
epoch: 225, val_loss:2.447695, acc: 9.58, bacc: 6.56, tmp_test_f1: 0.17, f1: 3.22
epoch: 226, val_loss:2.447695, acc: 9.58, bacc: 6.56, tmp_test_f1: 0.17, f1: 3.22
epoch: 227, val_loss:2.447695, acc: 9.58, bacc: 6.56, tmp_test_f1: 0.17, f1: 3.22
epoch: 228, val_loss:2.447695, acc: 9.58, bacc: 6.56, tmp_test_f1: 0.17, f1: 3.22
epoch: 229, val_loss:2.447695, acc: 9.58, bacc: 6.56, tmp_test_f1: 0.17, f1: 3.22
epoch: 230, val_loss:2.447695, acc: 9.58, bacc: 6.56, tmp_test_f1: 0.17, f1: 3.22
epoch: 231, val_loss:2.447695, acc: 9.58, bacc: 6.56, tmp_test_f1: 0.17, f1: 3.22
epoch: 232, val_loss:2.447696, acc: 9.58, bacc: 6.56, tmp_test_f1: 0.17, f1: 3.22
epoch: 233, val_loss:2.447695, acc: 9.58, bacc: 6.56, tmp_test_f1: 0.17, f1: 3.22
epoch: 234, val_loss:2.447695, acc: 9.58, bacc: 6.56, tmp_test_f1: 0.17, f1: 3.22
epoch: 235, val_loss:2.447695, acc: 9.58, bacc: 6.56, tmp_test_f1: 0.17, f1: 3.22
epoch: 236, val_loss:2.447695, acc: 9.58, bacc: 6.56, tmp_test_f1: 0.17, f1: 3.22
epoch: 237, val_loss:2.447695, acc: 9.58, bacc: 6.56, tmp_test_f1: 0.17, f1: 3.22
epoch: 238, val_loss:2.447696, acc: 9.58, bacc: 6.56, tmp_test_f1: 0.17, f1: 3.22
epoch: 239, val_loss:2.447696, acc: 9.58, bacc: 6.56, tmp_test_f1: 0.17, f1: 3.22
epoch: 240, val_loss:2.447696, acc: 9.58, bacc: 6.56, tmp_test_f1: 0.17, f1: 3.22
epoch: 241, val_loss:2.447696, acc: 9.58, bacc: 6.56, tmp_test_f1: 0.17, f1: 3.22
epoch: 242, val_loss:2.447697, acc: 9.58, bacc: 6.56, tmp_test_f1: 0.17, f1: 3.22
epoch: 243, val_loss:2.447698, acc: 9.58, bacc: 6.56, tmp_test_f1: 0.17, f1: 3.22
epoch: 244, val_loss:2.447697, acc: 9.58, bacc: 6.56, tmp_test_f1: 0.17, f1: 3.22
epoch: 245, val_loss:2.447697, acc: 9.58, bacc: 6.56, tmp_test_f1: 0.17, f1: 3.22
epoch: 246, val_loss:2.447697, acc: 9.58, bacc: 6.56, tmp_test_f1: 0.17, f1: 3.22
epoch: 247, val_loss:2.447697, acc: 9.58, bacc: 6.56, tmp_test_f1: 0.17, f1: 3.22
epoch: 248, val_loss:2.447697, acc: 9.58, bacc: 6.56, tmp_test_f1: 0.17, f1: 3.22
epoch: 249, val_loss:2.447698, acc: 9.58, bacc: 6.56, tmp_test_f1: 0.17, f1: 3.22
epoch: 250, val_loss:2.447698, acc: 9.58, bacc: 6.56, tmp_test_f1: 0.17, f1: 3.22
epoch: 251, val_loss:2.447698, acc: 9.58, bacc: 6.56, tmp_test_f1: 0.17, f1: 3.22
epoch: 252, val_loss:2.447699, acc: 9.58, bacc: 6.56, tmp_test_f1: 0.17, f1: 3.22
epoch: 253, val_loss:2.447699, acc: 9.58, bacc: 6.56, tmp_test_f1: 0.17, f1: 3.22
epoch: 254, val_loss:2.447699, acc: 9.58, bacc: 6.56, tmp_test_f1: 0.17, f1: 3.22
epoch: 255, val_loss:2.447699, acc: 9.58, bacc: 6.56, tmp_test_f1: 0.17, f1: 3.22
epoch: 256, val_loss:2.447699, acc: 9.58, bacc: 6.56, tmp_test_f1: 0.17, f1: 3.22
epoch: 257, val_loss:2.447699, acc: 9.58, bacc: 6.56, tmp_test_f1: 0.17, f1: 3.22
epoch: 258, val_loss:2.447699, acc: 9.58, bacc: 6.56, tmp_test_f1: 0.17, f1: 3.22
epoch: 259, val_loss:2.447698, acc: 9.58, bacc: 6.56, tmp_test_f1: 0.17, f1: 3.22
epoch: 260, val_loss:2.447699, acc: 9.58, bacc: 6.56, tmp_test_f1: 0.17, f1: 3.22
epoch: 261, val_loss:2.447699, acc: 9.58, bacc: 6.56, tmp_test_f1: 0.17, f1: 3.22
epoch: 262, val_loss:2.447699, acc: 9.58, bacc: 6.56, tmp_test_f1: 0.17, f1: 3.22
epoch: 263, val_loss:2.447699, acc: 9.58, bacc: 6.56, tmp_test_f1: 0.17, f1: 3.22
epoch: 264, val_loss:2.447699, acc: 9.58, bacc: 6.56, tmp_test_f1: 0.17, f1: 3.22
epoch: 265, val_loss:2.447699, acc: 9.58, bacc: 6.56, tmp_test_f1: 0.17, f1: 3.22
epoch: 266, val_loss:2.447699, acc: 9.58, bacc: 6.56, tmp_test_f1: 0.17, f1: 3.22
epoch: 267, val_loss:2.447699, acc: 9.58, bacc: 6.56, tmp_test_f1: 0.17, f1: 3.22
epoch: 268, val_loss:2.447699, acc: 9.58, bacc: 6.56, tmp_test_f1: 0.17, f1: 3.22
epoch: 269, val_loss:2.447699, acc: 9.58, bacc: 6.56, tmp_test_f1: 0.17, f1: 3.22
epoch: 270, val_loss:2.447698, acc: 9.58, bacc: 6.56, tmp_test_f1: 0.17, f1: 3.22
epoch: 271, val_loss:2.447698, acc: 9.58, bacc: 6.56, tmp_test_f1: 0.17, f1: 3.22
epoch: 272, val_loss:2.447699, acc: 9.58, bacc: 6.56, tmp_test_f1: 0.17, f1: 3.22
epoch: 273, val_loss:2.447699, acc: 9.58, bacc: 6.56, tmp_test_f1: 0.17, f1: 3.22
epoch: 274, val_loss:2.447699, acc: 9.58, bacc: 6.56, tmp_test_f1: 0.17, f1: 3.22
epoch: 275, val_loss:2.447699, acc: 9.58, bacc: 6.56, tmp_test_f1: 0.17, f1: 3.22
epoch: 276, val_loss:2.447699, acc: 9.58, bacc: 6.56, tmp_test_f1: 0.17, f1: 3.22
epoch: 277, val_loss:2.447699, acc: 9.58, bacc: 6.56, tmp_test_f1: 0.17, f1: 3.22
epoch: 278, val_loss:2.447699, acc: 9.58, bacc: 6.56, tmp_test_f1: 0.17, f1: 3.22
epoch: 279, val_loss:2.447699, acc: 9.58, bacc: 6.56, tmp_test_f1: 0.17, f1: 3.22
epoch: 280, val_loss:2.447699, acc: 9.58, bacc: 6.56, tmp_test_f1: 0.17, f1: 3.22
epoch: 281, val_loss:2.447699, acc: 9.58, bacc: 6.56, tmp_test_f1: 0.17, f1: 3.22
epoch: 282, val_loss:2.447699, acc: 9.58, bacc: 6.56, tmp_test_f1: 0.17, f1: 3.22
epoch: 283, val_loss:2.447699, acc: 9.58, bacc: 6.56, tmp_test_f1: 0.17, f1: 3.22
epoch: 284, val_loss:2.447700, acc: 9.58, bacc: 6.56, tmp_test_f1: 0.17, f1: 3.22
epoch: 285, val_loss:2.447700, acc: 9.58, bacc: 6.56, tmp_test_f1: 0.17, f1: 3.22
epoch: 286, val_loss:2.447700, acc: 9.58, bacc: 6.56, tmp_test_f1: 0.17, f1: 3.22
epoch: 287, val_loss:2.447700, acc: 9.58, bacc: 6.56, tmp_test_f1: 0.17, f1: 3.22
epoch: 288, val_loss:2.447700, acc: 9.58, bacc: 6.56, tmp_test_f1: 0.17, f1: 3.22
epoch: 289, val_loss:2.447700, acc: 9.58, bacc: 6.56, tmp_test_f1: 0.17, f1: 3.22
epoch: 290, val_loss:2.447700, acc: 9.58, bacc: 6.56, tmp_test_f1: 0.17, f1: 3.22
epoch: 291, val_loss:2.447700, acc: 9.58, bacc: 6.56, tmp_test_f1: 0.17, f1: 3.22
epoch: 292, val_loss:2.447700, acc: 9.58, bacc: 6.56, tmp_test_f1: 0.17, f1: 3.22
epoch: 293, val_loss:2.447700, acc: 9.58, bacc: 6.56, tmp_test_f1: 0.17, f1: 3.22
epoch: 294, val_loss:2.447701, acc: 9.58, bacc: 6.56, tmp_test_f1: 0.17, f1: 3.22
epoch: 295, val_loss:2.447701, acc: 9.58, bacc: 6.56, tmp_test_f1: 0.17, f1: 3.22
epoch: 296, val_loss:2.447701, acc: 9.58, bacc: 6.56, tmp_test_f1: 0.17, f1: 3.22
epoch: 297, val_loss:2.447701, acc: 9.58, bacc: 6.56, tmp_test_f1: 0.17, f1: 3.22
epoch: 298, val_loss:2.447701, acc: 9.58, bacc: 6.56, tmp_test_f1: 0.17, f1: 3.22
epoch: 299, val_loss:2.447701, acc: 9.58, bacc: 6.56, tmp_test_f1: 0.17, f1: 3.22
epoch: 300, val_loss:2.447701, acc: 9.58, bacc: 6.56, tmp_test_f1: 0.17, f1: 3.22
epoch: 301, val_loss:2.447701, acc: 9.58, bacc: 6.56, tmp_test_f1: 0.17, f1: 3.22
epoch: 302, val_loss:2.447701, acc: 9.58, bacc: 6.56, tmp_test_f1: 0.17, f1: 3.22
epoch: 303, val_loss:2.447701, acc: 9.58, bacc: 6.56, tmp_test_f1: 0.17, f1: 3.22
epoch: 304, val_loss:2.447701, acc: 9.58, bacc: 6.56, tmp_test_f1: 0.17, f1: 3.22
epoch: 305, val_loss:2.447701, acc: 9.58, bacc: 6.56, tmp_test_f1: 0.17, f1: 3.22
epoch: 306, val_loss:2.447701, acc: 9.58, bacc: 6.56, tmp_test_f1: 0.17, f1: 3.22
epoch: 307, val_loss:2.447701, acc: 9.58, bacc: 6.56, tmp_test_f1: 0.17, f1: 3.22
epoch: 308, val_loss:2.447701, acc: 9.58, bacc: 6.56, tmp_test_f1: 0.17, f1: 3.22
epoch: 309, val_loss:2.447702, acc: 9.58, bacc: 6.56, tmp_test_f1: 0.17, f1: 3.22
epoch: 310, val_loss:2.447702, acc: 9.58, bacc: 6.56, tmp_test_f1: 0.17, f1: 3.22
epoch: 311, val_loss:2.447702, acc: 9.58, bacc: 6.56, tmp_test_f1: 0.17, f1: 3.22
epoch: 312, val_loss:2.447702, acc: 9.58, bacc: 6.56, tmp_test_f1: 0.17, f1: 3.22
epoch: 313, val_loss:2.447702, acc: 9.58, bacc: 6.56, tmp_test_f1: 0.17, f1: 3.22
epoch: 314, val_loss:2.447702, acc: 9.58, bacc: 6.56, tmp_test_f1: 0.17, f1: 3.22
epoch: 315, val_loss:2.447701, acc: 9.58, bacc: 6.56, tmp_test_f1: 0.17, f1: 3.22
epoch: 316, val_loss:2.447701, acc: 9.58, bacc: 6.56, tmp_test_f1: 0.17, f1: 3.22
epoch: 317, val_loss:2.447701, acc: 9.58, bacc: 6.56, tmp_test_f1: 0.17, f1: 3.22
epoch: 318, val_loss:2.447701, acc: 9.58, bacc: 6.56, tmp_test_f1: 0.17, f1: 3.22
epoch: 319, val_loss:2.447701, acc: 9.58, bacc: 6.56, tmp_test_f1: 0.17, f1: 3.22
epoch: 320, val_loss:2.447701, acc: 9.58, bacc: 6.56, tmp_test_f1: 0.17, f1: 3.22
epoch: 321, val_loss:2.447701, acc: 9.58, bacc: 6.56, tmp_test_f1: 0.17, f1: 3.22
epoch: 322, val_loss:2.447701, acc: 9.58, bacc: 6.56, tmp_test_f1: 0.17, f1: 3.22
epoch: 323, val_loss:2.447701, acc: 9.58, bacc: 6.56, tmp_test_f1: 0.17, f1: 3.22
epoch: 324, val_loss:2.447701, acc: 9.58, bacc: 6.56, tmp_test_f1: 0.17, f1: 3.22
epoch: 325, val_loss:2.447702, acc: 9.58, bacc: 6.56, tmp_test_f1: 0.17, f1: 3.22
epoch: 326, val_loss:2.447702, acc: 9.58, bacc: 6.56, tmp_test_f1: 0.17, f1: 3.22
epoch: 327, val_loss:2.447702, acc: 9.58, bacc: 6.56, tmp_test_f1: 0.17, f1: 3.22
epoch: 328, val_loss:2.447702, acc: 9.58, bacc: 6.56, tmp_test_f1: 0.17, f1: 3.22
epoch: 329, val_loss:2.447702, acc: 9.58, bacc: 6.56, tmp_test_f1: 0.17, f1: 3.22
epoch: 330, val_loss:2.447702, acc: 9.58, bacc: 6.56, tmp_test_f1: 0.17, f1: 3.22
epoch: 331, val_loss:2.447702, acc: 9.58, bacc: 6.56, tmp_test_f1: 0.17, f1: 3.22
epoch: 332, val_loss:2.447702, acc: 9.58, bacc: 6.56, tmp_test_f1: 0.17, f1: 3.22
epoch: 333, val_loss:2.447702, acc: 9.58, bacc: 6.56, tmp_test_f1: 0.17, f1: 3.22
epoch: 334, val_loss:2.447702, acc: 9.58, bacc: 6.56, tmp_test_f1: 0.17, f1: 3.22
epoch: 335, val_loss:2.447702, acc: 9.58, bacc: 6.56, tmp_test_f1: 0.17, f1: 3.22
epoch: 336, val_loss:2.447703, acc: 9.58, bacc: 6.56, tmp_test_f1: 0.17, f1: 3.22
epoch: 337, val_loss:2.447704, acc: 9.58, bacc: 6.56, tmp_test_f1: 0.17, f1: 3.22
epoch: 338, val_loss:2.447704, acc: 9.58, bacc: 6.56, tmp_test_f1: 0.17, f1: 3.22
epoch: 339, val_loss:2.447704, acc: 9.58, bacc: 6.56, tmp_test_f1: 0.17, f1: 3.22
epoch: 340, val_loss:2.447704, acc: 9.58, bacc: 6.56, tmp_test_f1: 0.17, f1: 3.22
epoch: 341, val_loss:2.447703, acc: 9.58, bacc: 6.56, tmp_test_f1: 0.17, f1: 3.22
epoch: 342, val_loss:2.447704, acc: 9.58, bacc: 6.56, tmp_test_f1: 0.17, f1: 3.22
epoch: 343, val_loss:2.447704, acc: 9.58, bacc: 6.56, tmp_test_f1: 0.17, f1: 3.22
epoch: 344, val_loss:2.447704, acc: 9.58, bacc: 6.56, tmp_test_f1: 0.17, f1: 3.22
epoch: 345, val_loss:2.447704, acc: 9.58, bacc: 6.56, tmp_test_f1: 0.17, f1: 3.22
epoch: 346, val_loss:2.447704, acc: 9.58, bacc: 6.56, tmp_test_f1: 0.17, f1: 3.22
epoch: 347, val_loss:2.447704, acc: 9.58, bacc: 6.56, tmp_test_f1: 0.17, f1: 3.22
epoch: 348, val_loss:2.447704, acc: 9.58, bacc: 6.56, tmp_test_f1: 0.17, f1: 3.22
epoch: 349, val_loss:2.447704, acc: 9.58, bacc: 6.56, tmp_test_f1: 0.17, f1: 3.22
epoch: 350, val_loss:2.447704, acc: 9.58, bacc: 6.56, tmp_test_f1: 0.17, f1: 3.22
epoch: 351, val_loss:2.447704, acc: 9.58, bacc: 6.56, tmp_test_f1: 0.17, f1: 3.22
epoch: 352, val_loss:2.447704, acc: 9.58, bacc: 6.56, tmp_test_f1: 0.17, f1: 3.22
epoch: 353, val_loss:2.447704, acc: 9.58, bacc: 6.56, tmp_test_f1: 0.17, f1: 3.22
epoch: 354, val_loss:2.447705, acc: 9.58, bacc: 6.56, tmp_test_f1: 0.17, f1: 3.22
epoch: 355, val_loss:2.447705, acc: 9.58, bacc: 6.56, tmp_test_f1: 0.17, f1: 3.22
epoch: 356, val_loss:2.447704, acc: 9.58, bacc: 6.56, tmp_test_f1: 0.17, f1: 3.22
epoch: 357, val_loss:2.447705, acc: 9.58, bacc: 6.56, tmp_test_f1: 0.17, f1: 3.22
epoch: 358, val_loss:2.447705, acc: 9.58, bacc: 6.56, tmp_test_f1: 0.17, f1: 3.22
epoch: 359, val_loss:2.447705, acc: 9.58, bacc: 6.56, tmp_test_f1: 0.17, f1: 3.22
epoch: 360, val_loss:2.447705, acc: 9.58, bacc: 6.56, tmp_test_f1: 0.17, f1: 3.22
epoch: 361, val_loss:2.447705, acc: 9.58, bacc: 6.56, tmp_test_f1: 0.17, f1: 3.22
epoch: 362, val_loss:2.447706, acc: 9.58, bacc: 6.56, tmp_test_f1: 0.17, f1: 3.22
epoch: 363, val_loss:2.447706, acc: 9.58, bacc: 6.56, tmp_test_f1: 0.17, f1: 3.22
epoch: 364, val_loss:2.447705, acc: 9.58, bacc: 6.56, tmp_test_f1: 0.17, f1: 3.22
epoch: 365, val_loss:2.447705, acc: 9.58, bacc: 6.56, tmp_test_f1: 0.17, f1: 3.22
epoch: 366, val_loss:2.447705, acc: 9.58, bacc: 6.56, tmp_test_f1: 0.17, f1: 3.22
epoch: 367, val_loss:2.447704, acc: 9.58, bacc: 6.56, tmp_test_f1: 0.17, f1: 3.22
epoch: 368, val_loss:2.447705, acc: 9.58, bacc: 6.56, tmp_test_f1: 0.17, f1: 3.22
epoch: 369, val_loss:2.447705, acc: 9.58, bacc: 6.56, tmp_test_f1: 0.17, f1: 3.22
epoch: 370, val_loss:2.447706, acc: 9.58, bacc: 6.56, tmp_test_f1: 0.17, f1: 3.22
epoch: 371, val_loss:2.447705, acc: 9.58, bacc: 6.56, tmp_test_f1: 0.17, f1: 3.22
epoch: 372, val_loss:2.447705, acc: 9.58, bacc: 6.56, tmp_test_f1: 0.17, f1: 3.22
epoch: 373, val_loss:2.447706, acc: 9.58, bacc: 6.56, tmp_test_f1: 0.17, f1: 3.22
epoch: 374, val_loss:2.447706, acc: 9.58, bacc: 6.56, tmp_test_f1: 0.17, f1: 3.22
epoch: 375, val_loss:2.447706, acc: 9.58, bacc: 6.56, tmp_test_f1: 0.17, f1: 3.22
epoch: 376, val_loss:2.447706, acc: 9.58, bacc: 6.56, tmp_test_f1: 0.17, f1: 3.22
epoch: 377, val_loss:2.447706, acc: 9.58, bacc: 6.56, tmp_test_f1: 0.17, f1: 3.22
epoch: 378, val_loss:2.447706, acc: 9.58, bacc: 6.56, tmp_test_f1: 0.17, f1: 3.22
epoch: 379, val_loss:2.447706, acc: 9.58, bacc: 6.56, tmp_test_f1: 0.17, f1: 3.22
epoch: 380, val_loss:2.447706, acc: 9.58, bacc: 6.56, tmp_test_f1: 0.17, f1: 3.22
epoch: 381, val_loss:2.447706, acc: 9.58, bacc: 6.56, tmp_test_f1: 0.17, f1: 3.22
epoch: 382, val_loss:2.447706, acc: 9.58, bacc: 6.56, tmp_test_f1: 0.17, f1: 3.22
epoch: 383, val_loss:2.447706, acc: 9.58, bacc: 6.56, tmp_test_f1: 0.17, f1: 3.22
epoch: 384, val_loss:2.447706, acc: 9.58, bacc: 6.56, tmp_test_f1: 0.17, f1: 3.22
epoch: 385, val_loss:2.447706, acc: 9.58, bacc: 6.56, tmp_test_f1: 0.17, f1: 3.22
epoch: 386, val_loss:2.447706, acc: 9.58, bacc: 6.56, tmp_test_f1: 0.17, f1: 3.22
epoch: 387, val_loss:2.447706, acc: 9.58, bacc: 6.56, tmp_test_f1: 0.17, f1: 3.22
epoch: 388, val_loss:2.447706, acc: 9.58, bacc: 6.56, tmp_test_f1: 0.17, f1: 3.22
epoch: 389, val_loss:2.447706, acc: 9.58, bacc: 6.56, tmp_test_f1: 0.17, f1: 3.22
epoch: 390, val_loss:2.447706, acc: 9.58, bacc: 6.56, tmp_test_f1: 0.17, f1: 3.22
epoch: 391, val_loss:2.447706, acc: 9.58, bacc: 6.56, tmp_test_f1: 0.17, f1: 3.22
epoch: 392, val_loss:2.447707, acc: 9.58, bacc: 6.56, tmp_test_f1: 0.17, f1: 3.22
epoch: 393, val_loss:2.447707, acc: 9.58, bacc: 6.56, tmp_test_f1: 0.17, f1: 3.22
epoch: 394, val_loss:2.447707, acc: 9.58, bacc: 6.56, tmp_test_f1: 0.17, f1: 3.22
epoch: 395, val_loss:2.447707, acc: 9.58, bacc: 6.56, tmp_test_f1: 0.17, f1: 3.22
epoch: 396, val_loss:2.447707, acc: 9.58, bacc: 6.56, tmp_test_f1: 0.17, f1: 3.22
epoch: 397, val_loss:2.447707, acc: 9.58, bacc: 6.56, tmp_test_f1: 0.17, f1: 3.22
epoch: 398, val_loss:2.447707, acc: 9.58, bacc: 6.56, tmp_test_f1: 0.17, f1: 3.22
epoch: 399, val_loss:2.447707, acc: 9.58, bacc: 6.56, tmp_test_f1: 0.17, f1: 3.22
epoch: 400, val_loss:2.447707, acc: 9.58, bacc: 6.56, tmp_test_f1: 0.17, f1: 3.22
epoch: 401, val_loss:2.447707, acc: 9.58, bacc: 6.56, tmp_test_f1: 0.17, f1: 3.22
Epoch 00402: reducing learning rate of group 0 to 2.5000e-02.
epoch: 402, val_loss:2.447707, acc: 9.58, bacc: 6.56, tmp_test_f1: 0.17, f1: 3.22
epoch: 403, val_loss:2.447707, acc: 9.58, bacc: 6.56, tmp_test_f1: 0.17, f1: 3.22
epoch: 404, val_loss:2.447707, acc: 9.58, bacc: 6.56, tmp_test_f1: 0.17, f1: 3.22
epoch: 405, val_loss:2.447707, acc: 9.58, bacc: 6.56, tmp_test_f1: 0.17, f1: 3.22
epoch: 406, val_loss:2.447708, acc: 9.58, bacc: 6.56, tmp_test_f1: 0.17, f1: 3.22
epoch: 407, val_loss:2.447708, acc: 9.58, bacc: 6.56, tmp_test_f1: 0.17, f1: 3.22
epoch: 408, val_loss:2.447708, acc: 9.58, bacc: 6.56, tmp_test_f1: 0.17, f1: 3.22
epoch: 409, val_loss:2.447708, acc: 9.58, bacc: 6.56, tmp_test_f1: 0.17, f1: 3.22
epoch: 410, val_loss:2.447708, acc: 9.58, bacc: 6.56, tmp_test_f1: 0.17, f1: 3.22
epoch: 411, val_loss:2.447708, acc: 9.58, bacc: 6.56, tmp_test_f1: 0.17, f1: 3.22
epoch: 412, val_loss:2.447708, acc: 9.58, bacc: 6.56, tmp_test_f1: 0.17, f1: 3.22
epoch: 413, val_loss:2.447708, acc: 9.58, bacc: 6.56, tmp_test_f1: 0.17, f1: 3.22
epoch: 414, val_loss:2.447708, acc: 9.58, bacc: 6.56, tmp_test_f1: 0.17, f1: 3.22
epoch: 415, val_loss:2.447708, acc: 9.58, bacc: 6.56, tmp_test_f1: 0.17, f1: 3.22
epoch: 416, val_loss:2.447708, acc: 9.58, bacc: 6.56, tmp_test_f1: 0.17, f1: 3.22
epoch: 417, val_loss:2.447708, acc: 9.58, bacc: 6.56, tmp_test_f1: 0.17, f1: 3.22
epoch: 418, val_loss:2.447708, acc: 9.58, bacc: 6.56, tmp_test_f1: 0.17, f1: 3.22
epoch: 419, val_loss:2.447708, acc: 9.58, bacc: 6.56, tmp_test_f1: 0.17, f1: 3.22
epoch: 420, val_loss:2.447708, acc: 9.58, bacc: 6.56, tmp_test_f1: 0.17, f1: 3.22
epoch: 421, val_loss:2.447708, acc: 9.58, bacc: 6.56, tmp_test_f1: 0.17, f1: 3.22
epoch: 422, val_loss:2.447708, acc: 9.58, bacc: 6.56, tmp_test_f1: 0.17, f1: 3.22
epoch: 423, val_loss:2.447708, acc: 9.58, bacc: 6.56, tmp_test_f1: 0.17, f1: 3.22
epoch: 424, val_loss:2.447707, acc: 9.58, bacc: 6.56, tmp_test_f1: 0.17, f1: 3.22
epoch: 425, val_loss:2.447707, acc: 9.58, bacc: 6.56, tmp_test_f1: 0.17, f1: 3.22
epoch: 426, val_loss:2.447707, acc: 9.58, bacc: 6.56, tmp_test_f1: 0.17, f1: 3.22
epoch: 427, val_loss:2.447707, acc: 9.58, bacc: 6.56, tmp_test_f1: 0.17, f1: 3.22
epoch: 428, val_loss:2.447707, acc: 9.58, bacc: 6.56, tmp_test_f1: 0.17, f1: 3.22
epoch: 429, val_loss:2.447707, acc: 9.58, bacc: 6.56, tmp_test_f1: 0.17, f1: 3.22
epoch: 430, val_loss:2.447707, acc: 9.58, bacc: 6.56, tmp_test_f1: 0.17, f1: 3.22
epoch: 431, val_loss:2.447708, acc: 9.58, bacc: 6.56, tmp_test_f1: 0.17, f1: 3.22
epoch: 432, val_loss:2.447708, acc: 9.58, bacc: 6.56, tmp_test_f1: 0.17, f1: 3.22
epoch: 433, val_loss:2.447708, acc: 9.58, bacc: 6.56, tmp_test_f1: 0.17, f1: 3.22
epoch: 434, val_loss:2.447708, acc: 9.58, bacc: 6.56, tmp_test_f1: 0.17, f1: 3.22
epoch: 435, val_loss:2.447708, acc: 9.58, bacc: 6.56, tmp_test_f1: 0.17, f1: 3.22
epoch: 436, val_loss:2.447708, acc: 9.58, bacc: 6.56, tmp_test_f1: 0.17, f1: 3.22
epoch: 437, val_loss:2.447708, acc: 9.58, bacc: 6.56, tmp_test_f1: 0.17, f1: 3.22
epoch: 438, val_loss:2.447708, acc: 9.58, bacc: 6.56, tmp_test_f1: 0.17, f1: 3.22
epoch: 439, val_loss:2.447708, acc: 9.58, bacc: 6.56, tmp_test_f1: 0.17, f1: 3.22
epoch: 440, val_loss:2.447708, acc: 9.58, bacc: 6.56, tmp_test_f1: 0.17, f1: 3.22
epoch: 441, val_loss:2.447708, acc: 9.58, bacc: 6.56, tmp_test_f1: 0.17, f1: 3.22
epoch: 442, val_loss:2.447708, acc: 9.58, bacc: 6.56, tmp_test_f1: 0.17, f1: 3.22
epoch: 443, val_loss:2.447707, acc: 9.58, bacc: 6.56, tmp_test_f1: 0.17, f1: 3.22
epoch: 444, val_loss:2.447707, acc: 9.58, bacc: 6.56, tmp_test_f1: 0.17, f1: 3.22
epoch: 445, val_loss:2.447708, acc: 9.58, bacc: 6.56, tmp_test_f1: 0.17, f1: 3.22
epoch: 446, val_loss:2.447708, acc: 9.58, bacc: 6.56, tmp_test_f1: 0.17, f1: 3.22
epoch: 447, val_loss:2.447709, acc: 9.58, bacc: 6.56, tmp_test_f1: 0.17, f1: 3.22
epoch: 448, val_loss:2.447709, acc: 9.58, bacc: 6.56, tmp_test_f1: 0.17, f1: 3.22
epoch: 449, val_loss:2.447709, acc: 9.58, bacc: 6.56, tmp_test_f1: 0.17, f1: 3.22
epoch: 450, val_loss:2.447709, acc: 9.58, bacc: 6.56, tmp_test_f1: 0.17, f1: 3.22
epoch: 451, val_loss:2.447709, acc: 9.58, bacc: 6.56, tmp_test_f1: 0.17, f1: 3.22
epoch: 452, val_loss:2.447709, acc: 9.58, bacc: 6.56, tmp_test_f1: 0.17, f1: 3.22
epoch: 453, val_loss:2.447709, acc: 9.58, bacc: 6.56, tmp_test_f1: 0.17, f1: 3.22
epoch: 454, val_loss:2.447709, acc: 9.58, bacc: 6.56, tmp_test_f1: 0.17, f1: 3.22
epoch: 455, val_loss:2.447709, acc: 9.58, bacc: 6.56, tmp_test_f1: 0.17, f1: 3.22
epoch: 456, val_loss:2.447709, acc: 9.58, bacc: 6.56, tmp_test_f1: 0.17, f1: 3.22
epoch: 457, val_loss:2.447709, acc: 9.58, bacc: 6.56, tmp_test_f1: 0.17, f1: 3.22
epoch: 458, val_loss:2.447709, acc: 9.58, bacc: 6.56, tmp_test_f1: 0.17, f1: 3.22
epoch: 459, val_loss:2.447709, acc: 9.58, bacc: 6.56, tmp_test_f1: 0.17, f1: 3.22
epoch: 460, val_loss:2.447709, acc: 9.58, bacc: 6.56, tmp_test_f1: 0.17, f1: 3.22
epoch: 461, val_loss:2.447709, acc: 9.58, bacc: 6.56, tmp_test_f1: 0.17, f1: 3.22
epoch: 462, val_loss:2.447709, acc: 9.58, bacc: 6.56, tmp_test_f1: 0.17, f1: 3.22
epoch: 463, val_loss:2.447709, acc: 9.58, bacc: 6.56, tmp_test_f1: 0.17, f1: 3.22
epoch: 464, val_loss:2.447709, acc: 9.58, bacc: 6.56, tmp_test_f1: 0.17, f1: 3.22
epoch: 465, val_loss:2.447709, acc: 9.58, bacc: 6.56, tmp_test_f1: 0.17, f1: 3.22
epoch: 466, val_loss:2.447709, acc: 9.58, bacc: 6.56, tmp_test_f1: 0.17, f1: 3.22
epoch: 467, val_loss:2.447709, acc: 9.58, bacc: 6.56, tmp_test_f1: 0.17, f1: 3.22
epoch: 468, val_loss:2.447709, acc: 9.58, bacc: 6.56, tmp_test_f1: 0.17, f1: 3.22
epoch: 469, val_loss:2.447709, acc: 9.58, bacc: 6.56, tmp_test_f1: 0.17, f1: 3.22
epoch: 470, val_loss:2.447709, acc: 9.58, bacc: 6.56, tmp_test_f1: 0.17, f1: 3.22
epoch: 471, val_loss:2.447709, acc: 9.58, bacc: 6.56, tmp_test_f1: 0.17, f1: 3.22
epoch: 472, val_loss:2.447709, acc: 9.58, bacc: 6.56, tmp_test_f1: 0.17, f1: 3.22
epoch: 473, val_loss:2.447709, acc: 9.58, bacc: 6.56, tmp_test_f1: 0.17, f1: 3.22
epoch: 474, val_loss:2.447710, acc: 9.58, bacc: 6.56, tmp_test_f1: 0.17, f1: 3.22
epoch: 475, val_loss:2.447709, acc: 9.58, bacc: 6.56, tmp_test_f1: 0.17, f1: 3.22
epoch: 476, val_loss:2.447709, acc: 9.58, bacc: 6.56, tmp_test_f1: 0.17, f1: 3.22
epoch: 477, val_loss:2.447710, acc: 9.58, bacc: 6.56, tmp_test_f1: 0.17, f1: 3.22
epoch: 478, val_loss:2.447710, acc: 9.58, bacc: 6.56, tmp_test_f1: 0.17, f1: 3.22
epoch: 479, val_loss:2.447709, acc: 9.58, bacc: 6.56, tmp_test_f1: 0.17, f1: 3.22
epoch: 480, val_loss:2.447709, acc: 9.58, bacc: 6.56, tmp_test_f1: 0.17, f1: 3.22
epoch: 481, val_loss:2.447709, acc: 9.58, bacc: 6.56, tmp_test_f1: 0.17, f1: 3.22
epoch: 482, val_loss:2.447709, acc: 9.58, bacc: 6.56, tmp_test_f1: 0.17, f1: 3.22
epoch: 483, val_loss:2.447709, acc: 9.58, bacc: 6.56, tmp_test_f1: 0.17, f1: 3.22
epoch: 484, val_loss:2.447709, acc: 9.58, bacc: 6.56, tmp_test_f1: 0.17, f1: 3.22
epoch: 485, val_loss:2.447710, acc: 9.58, bacc: 6.56, tmp_test_f1: 0.17, f1: 3.22
epoch: 486, val_loss:2.447710, acc: 9.58, bacc: 6.56, tmp_test_f1: 0.17, f1: 3.22
epoch: 487, val_loss:2.447710, acc: 9.58, bacc: 6.56, tmp_test_f1: 0.17, f1: 3.22
epoch: 488, val_loss:2.447709, acc: 9.58, bacc: 6.56, tmp_test_f1: 0.17, f1: 3.22
epoch: 489, val_loss:2.447710, acc: 9.58, bacc: 6.56, tmp_test_f1: 0.17, f1: 3.22
epoch: 490, val_loss:2.447709, acc: 9.58, bacc: 6.56, tmp_test_f1: 0.17, f1: 3.22
epoch: 491, val_loss:2.447709, acc: 9.58, bacc: 6.56, tmp_test_f1: 0.17, f1: 3.22
epoch: 492, val_loss:2.447710, acc: 9.58, bacc: 6.56, tmp_test_f1: 0.17, f1: 3.22
epoch: 493, val_loss:2.447710, acc: 9.58, bacc: 6.56, tmp_test_f1: 0.17, f1: 3.22
epoch: 494, val_loss:2.447710, acc: 9.58, bacc: 6.56, tmp_test_f1: 0.17, f1: 3.22
epoch: 495, val_loss:2.447710, acc: 9.58, bacc: 6.56, tmp_test_f1: 0.17, f1: 3.22
epoch: 496, val_loss:2.447710, acc: 9.58, bacc: 6.56, tmp_test_f1: 0.17, f1: 3.22
epoch: 497, val_loss:2.447710, acc: 9.58, bacc: 6.56, tmp_test_f1: 0.17, f1: 3.22
epoch: 498, val_loss:2.447710, acc: 9.58, bacc: 6.56, tmp_test_f1: 0.17, f1: 3.22
epoch: 499, val_loss:2.447710, acc: 9.58, bacc: 6.56, tmp_test_f1: 0.17, f1: 3.22
epoch: 500, val_loss:2.447710, acc: 9.58, bacc: 6.56, tmp_test_f1: 0.17, f1: 3.22
epoch: 501, val_loss:2.447710, acc: 9.58, bacc: 6.56, tmp_test_f1: 0.17, f1: 3.22
epoch: 502, val_loss:2.447710, acc: 9.58, bacc: 6.56, tmp_test_f1: 0.17, f1: 3.22
epoch: 503, val_loss:2.447710, acc: 9.58, bacc: 6.56, tmp_test_f1: 0.17, f1: 3.22
epoch: 504, val_loss:2.447710, acc: 9.58, bacc: 6.56, tmp_test_f1: 0.17, f1: 3.22
epoch: 505, val_loss:2.447710, acc: 9.58, bacc: 6.56, tmp_test_f1: 0.17, f1: 3.22
epoch: 506, val_loss:2.447711, acc: 9.58, bacc: 6.56, tmp_test_f1: 0.17, f1: 3.22
epoch: 507, val_loss:2.447711, acc: 9.58, bacc: 6.56, tmp_test_f1: 0.17, f1: 3.22
epoch: 508, val_loss:2.447711, acc: 9.58, bacc: 6.56, tmp_test_f1: 0.17, f1: 3.22
epoch: 509, val_loss:2.447711, acc: 9.58, bacc: 6.56, tmp_test_f1: 0.17, f1: 3.22
epoch: 510, val_loss:2.447711, acc: 9.58, bacc: 6.56, tmp_test_f1: 0.17, f1: 3.22
epoch: 511, val_loss:2.447711, acc: 9.58, bacc: 6.56, tmp_test_f1: 0.17, f1: 3.22
epoch: 512, val_loss:2.447711, acc: 9.58, bacc: 6.56, tmp_test_f1: 0.17, f1: 3.22
epoch: 513, val_loss:2.447711, acc: 9.58, bacc: 6.56, tmp_test_f1: 0.17, f1: 3.22
epoch: 514, val_loss:2.447711, acc: 9.58, bacc: 6.56, tmp_test_f1: 0.17, f1: 3.22
epoch: 515, val_loss:2.447711, acc: 9.58, bacc: 6.56, tmp_test_f1: 0.17, f1: 3.22
epoch: 516, val_loss:2.447711, acc: 9.58, bacc: 6.56, tmp_test_f1: 0.17, f1: 3.22
epoch: 517, val_loss:2.447711, acc: 9.58, bacc: 6.56, tmp_test_f1: 0.17, f1: 3.22
epoch: 518, val_loss:2.447711, acc: 9.58, bacc: 6.56, tmp_test_f1: 0.17, f1: 3.22
epoch: 519, val_loss:2.447711, acc: 9.58, bacc: 6.56, tmp_test_f1: 0.17, f1: 3.22
epoch: 520, val_loss:2.447711, acc: 9.58, bacc: 6.56, tmp_test_f1: 0.17, f1: 3.22
epoch: 521, val_loss:2.447711, acc: 9.58, bacc: 6.56, tmp_test_f1: 0.17, f1: 3.22
epoch: 522, val_loss:2.447711, acc: 9.58, bacc: 6.56, tmp_test_f1: 0.17, f1: 3.22
epoch: 523, val_loss:2.447711, acc: 9.58, bacc: 6.56, tmp_test_f1: 0.17, f1: 3.22
epoch: 524, val_loss:2.447711, acc: 9.58, bacc: 6.56, tmp_test_f1: 0.17, f1: 3.22
epoch: 525, val_loss:2.447711, acc: 9.58, bacc: 6.56, tmp_test_f1: 0.17, f1: 3.22
epoch: 526, val_loss:2.447711, acc: 9.58, bacc: 6.56, tmp_test_f1: 0.17, f1: 3.22
epoch: 527, val_loss:2.447711, acc: 9.58, bacc: 6.56, tmp_test_f1: 0.17, f1: 3.22
epoch: 528, val_loss:2.447711, acc: 9.58, bacc: 6.56, tmp_test_f1: 0.17, f1: 3.22
epoch: 529, val_loss:2.447711, acc: 9.58, bacc: 6.56, tmp_test_f1: 0.17, f1: 3.22
epoch: 530, val_loss:2.447711, acc: 9.58, bacc: 6.56, tmp_test_f1: 0.17, f1: 3.22
epoch: 531, val_loss:2.447711, acc: 9.58, bacc: 6.56, tmp_test_f1: 0.17, f1: 3.22
epoch: 532, val_loss:2.447711, acc: 9.58, bacc: 6.56, tmp_test_f1: 0.17, f1: 3.22
epoch: 533, val_loss:2.447711, acc: 9.58, bacc: 6.56, tmp_test_f1: 0.17, f1: 3.22
epoch: 534, val_loss:2.447711, acc: 9.58, bacc: 6.56, tmp_test_f1: 0.17, f1: 3.22
epoch: 535, val_loss:2.447711, acc: 9.58, bacc: 6.56, tmp_test_f1: 0.17, f1: 3.22
epoch: 536, val_loss:2.447711, acc: 9.58, bacc: 6.56, tmp_test_f1: 0.17, f1: 3.22
epoch: 537, val_loss:2.447711, acc: 9.58, bacc: 6.56, tmp_test_f1: 0.17, f1: 3.22
epoch: 538, val_loss:2.447711, acc: 9.58, bacc: 6.56, tmp_test_f1: 0.17, f1: 3.22
epoch: 539, val_loss:2.447711, acc: 9.58, bacc: 6.56, tmp_test_f1: 0.17, f1: 3.22
epoch: 540, val_loss:2.447711, acc: 9.58, bacc: 6.56, tmp_test_f1: 0.17, f1: 3.22
epoch: 541, val_loss:2.447711, acc: 9.58, bacc: 6.56, tmp_test_f1: 0.17, f1: 3.22
epoch: 542, val_loss:2.447711, acc: 9.58, bacc: 6.56, tmp_test_f1: 0.17, f1: 3.22
epoch: 543, val_loss:2.447711, acc: 9.58, bacc: 6.56, tmp_test_f1: 0.17, f1: 3.22
epoch: 544, val_loss:2.447711, acc: 9.58, bacc: 6.56, tmp_test_f1: 0.17, f1: 3.22
epoch: 545, val_loss:2.447711, acc: 9.58, bacc: 6.56, tmp_test_f1: 0.17, f1: 3.22
epoch: 546, val_loss:2.447711, acc: 9.58, bacc: 6.56, tmp_test_f1: 0.17, f1: 3.22
epoch: 547, val_loss:2.447711, acc: 9.58, bacc: 6.56, tmp_test_f1: 0.17, f1: 3.22
epoch: 548, val_loss:2.447711, acc: 9.58, bacc: 6.56, tmp_test_f1: 0.17, f1: 3.22
epoch: 549, val_loss:2.447711, acc: 9.58, bacc: 6.56, tmp_test_f1: 0.17, f1: 3.22
epoch: 550, val_loss:2.447711, acc: 9.58, bacc: 6.56, tmp_test_f1: 0.17, f1: 3.22
epoch: 551, val_loss:2.447711, acc: 9.58, bacc: 6.56, tmp_test_f1: 0.17, f1: 3.22
epoch: 552, val_loss:2.447711, acc: 9.58, bacc: 6.56, tmp_test_f1: 0.17, f1: 3.22
epoch: 553, val_loss:2.447711, acc: 9.58, bacc: 6.56, tmp_test_f1: 0.17, f1: 3.22
epoch: 554, val_loss:2.447712, acc: 9.58, bacc: 6.56, tmp_test_f1: 0.17, f1: 3.22
epoch: 555, val_loss:2.447711, acc: 9.58, bacc: 6.56, tmp_test_f1: 0.17, f1: 3.22
epoch: 556, val_loss:2.447712, acc: 9.58, bacc: 6.56, tmp_test_f1: 0.17, f1: 3.22
epoch: 557, val_loss:2.447711, acc: 9.58, bacc: 6.56, tmp_test_f1: 0.17, f1: 3.22
epoch: 558, val_loss:2.447711, acc: 9.58, bacc: 6.56, tmp_test_f1: 0.17, f1: 3.22
epoch: 559, val_loss:2.447711, acc: 9.58, bacc: 6.56, tmp_test_f1: 0.17, f1: 3.22
epoch: 560, val_loss:2.447711, acc: 9.58, bacc: 6.56, tmp_test_f1: 0.17, f1: 3.22
epoch: 561, val_loss:2.447711, acc: 9.58, bacc: 6.56, tmp_test_f1: 0.17, f1: 3.22
epoch: 562, val_loss:2.447711, acc: 9.58, bacc: 6.56, tmp_test_f1: 0.17, f1: 3.22
epoch: 563, val_loss:2.447711, acc: 9.58, bacc: 6.56, tmp_test_f1: 0.17, f1: 3.22
epoch: 564, val_loss:2.447711, acc: 9.58, bacc: 6.56, tmp_test_f1: 0.17, f1: 3.22
epoch: 565, val_loss:2.447711, acc: 9.58, bacc: 6.56, tmp_test_f1: 0.17, f1: 3.22
epoch: 566, val_loss:2.447711, acc: 9.58, bacc: 6.56, tmp_test_f1: 0.17, f1: 3.22
epoch: 567, val_loss:2.447712, acc: 9.58, bacc: 6.56, tmp_test_f1: 0.17, f1: 3.22
epoch: 568, val_loss:2.447712, acc: 9.58, bacc: 6.56, tmp_test_f1: 0.17, f1: 3.22
epoch: 569, val_loss:2.447712, acc: 9.58, bacc: 6.56, tmp_test_f1: 0.17, f1: 3.22
epoch: 570, val_loss:2.447712, acc: 9.58, bacc: 6.56, tmp_test_f1: 0.17, f1: 3.22
epoch: 571, val_loss:2.447712, acc: 9.58, bacc: 6.56, tmp_test_f1: 0.17, f1: 3.22
epoch: 572, val_loss:2.447712, acc: 9.58, bacc: 6.56, tmp_test_f1: 0.17, f1: 3.22
epoch: 573, val_loss:2.447711, acc: 9.58, bacc: 6.56, tmp_test_f1: 0.17, f1: 3.22
epoch: 574, val_loss:2.447712, acc: 9.58, bacc: 6.56, tmp_test_f1: 0.17, f1: 3.22
epoch: 575, val_loss:2.447712, acc: 9.58, bacc: 6.56, tmp_test_f1: 0.17, f1: 3.22
epoch: 576, val_loss:2.447711, acc: 9.58, bacc: 6.56, tmp_test_f1: 0.17, f1: 3.22
epoch: 577, val_loss:2.447712, acc: 9.58, bacc: 6.56, tmp_test_f1: 0.17, f1: 3.22
epoch: 578, val_loss:2.447712, acc: 9.58, bacc: 6.56, tmp_test_f1: 0.17, f1: 3.22
epoch: 579, val_loss:2.447712, acc: 9.58, bacc: 6.56, tmp_test_f1: 0.17, f1: 3.22
epoch: 580, val_loss:2.447712, acc: 9.58, bacc: 6.56, tmp_test_f1: 0.17, f1: 3.22
epoch: 581, val_loss:2.447712, acc: 9.58, bacc: 6.56, tmp_test_f1: 0.17, f1: 3.22
epoch: 582, val_loss:2.447712, acc: 9.58, bacc: 6.56, tmp_test_f1: 0.17, f1: 3.22
epoch: 583, val_loss:2.447712, acc: 9.58, bacc: 6.56, tmp_test_f1: 0.17, f1: 3.22
epoch: 584, val_loss:2.447712, acc: 9.58, bacc: 6.56, tmp_test_f1: 0.17, f1: 3.22
epoch: 585, val_loss:2.447712, acc: 9.58, bacc: 6.56, tmp_test_f1: 0.17, f1: 3.22
epoch: 586, val_loss:2.447712, acc: 9.58, bacc: 6.56, tmp_test_f1: 0.17, f1: 3.22
epoch: 587, val_loss:2.447712, acc: 9.58, bacc: 6.56, tmp_test_f1: 0.17, f1: 3.22
epoch: 588, val_loss:2.447712, acc: 9.58, bacc: 6.56, tmp_test_f1: 0.17, f1: 3.22
epoch: 589, val_loss:2.447712, acc: 9.58, bacc: 6.56, tmp_test_f1: 0.17, f1: 3.22
epoch: 590, val_loss:2.447712, acc: 9.58, bacc: 6.56, tmp_test_f1: 0.17, f1: 3.22
epoch: 591, val_loss:2.447713, acc: 9.58, bacc: 6.56, tmp_test_f1: 0.17, f1: 3.22
epoch: 592, val_loss:2.447713, acc: 9.58, bacc: 6.56, tmp_test_f1: 0.17, f1: 3.22
epoch: 593, val_loss:2.447713, acc: 9.58, bacc: 6.56, tmp_test_f1: 0.17, f1: 3.22
epoch: 594, val_loss:2.447713, acc: 9.58, bacc: 6.56, tmp_test_f1: 0.17, f1: 3.22
epoch: 595, val_loss:2.447713, acc: 9.58, bacc: 6.56, tmp_test_f1: 0.17, f1: 3.22
epoch: 596, val_loss:2.447713, acc: 9.58, bacc: 6.56, tmp_test_f1: 0.17, f1: 3.22
epoch: 597, val_loss:2.447713, acc: 9.58, bacc: 6.56, tmp_test_f1: 0.17, f1: 3.22
epoch: 598, val_loss:2.447713, acc: 9.58, bacc: 6.56, tmp_test_f1: 0.17, f1: 3.22
epoch: 599, val_loss:2.447713, acc: 9.58, bacc: 6.56, tmp_test_f1: 0.17, f1: 3.22
epoch: 600, val_loss:2.447713, acc: 9.58, bacc: 6.56, tmp_test_f1: 0.17, f1: 3.22
epoch: 601, val_loss:2.447713, acc: 9.58, bacc: 6.56, tmp_test_f1: 0.17, f1: 3.22
epoch: 602, val_loss:2.447713, acc: 9.58, bacc: 6.56, tmp_test_f1: 0.17, f1: 3.22
Epoch 00603: reducing learning rate of group 0 to 1.2500e-02.
epoch: 603, val_loss:2.447713, acc: 9.58, bacc: 6.56, tmp_test_f1: 0.17, f1: 3.22
epoch: 604, val_loss:2.447713, acc: 9.58, bacc: 6.56, tmp_test_f1: 0.17, f1: 3.22
epoch: 605, val_loss:2.447713, acc: 9.58, bacc: 6.56, tmp_test_f1: 0.17, f1: 3.22
epoch: 606, val_loss:2.447713, acc: 9.58, bacc: 6.56, tmp_test_f1: 0.17, f1: 3.22
epoch: 607, val_loss:2.447713, acc: 9.58, bacc: 6.56, tmp_test_f1: 0.17, f1: 3.22
epoch: 608, val_loss:2.447713, acc: 9.58, bacc: 6.56, tmp_test_f1: 0.17, f1: 3.22
epoch: 609, val_loss:2.447713, acc: 9.58, bacc: 6.56, tmp_test_f1: 0.17, f1: 3.22
epoch: 610, val_loss:2.447713, acc: 9.58, bacc: 6.56, tmp_test_f1: 0.17, f1: 3.22
epoch: 611, val_loss:2.447713, acc: 9.58, bacc: 6.56, tmp_test_f1: 0.17, f1: 3.22
epoch: 612, val_loss:2.447713, acc: 9.58, bacc: 6.56, tmp_test_f1: 0.17, f1: 3.22
epoch: 613, val_loss:2.447713, acc: 9.58, bacc: 6.56, tmp_test_f1: 0.17, f1: 3.22
epoch: 614, val_loss:2.447713, acc: 9.58, bacc: 6.56, tmp_test_f1: 0.17, f1: 3.22
epoch: 615, val_loss:2.447713, acc: 9.58, bacc: 6.56, tmp_test_f1: 0.17, f1: 3.22
epoch: 616, val_loss:2.447713, acc: 9.58, bacc: 6.56, tmp_test_f1: 0.17, f1: 3.22
epoch: 617, val_loss:2.447713, acc: 9.58, bacc: 6.56, tmp_test_f1: 0.17, f1: 3.22
epoch: 618, val_loss:2.447713, acc: 9.58, bacc: 6.56, tmp_test_f1: 0.17, f1: 3.22
epoch: 619, val_loss:2.447713, acc: 9.58, bacc: 6.56, tmp_test_f1: 0.17, f1: 3.22
epoch: 620, val_loss:2.447713, acc: 9.58, bacc: 6.56, tmp_test_f1: 0.17, f1: 3.22
epoch: 621, val_loss:2.447713, acc: 9.58, bacc: 6.56, tmp_test_f1: 0.17, f1: 3.22
epoch: 622, val_loss:2.447714, acc: 9.58, bacc: 6.56, tmp_test_f1: 0.17, f1: 3.22
epoch: 623, val_loss:2.447714, acc: 9.58, bacc: 6.56, tmp_test_f1: 0.17, f1: 3.22
epoch: 624, val_loss:2.447714, acc: 9.58, bacc: 6.56, tmp_test_f1: 0.17, f1: 3.22
epoch: 625, val_loss:2.447714, acc: 9.58, bacc: 6.56, tmp_test_f1: 0.17, f1: 3.22
epoch: 626, val_loss:2.447714, acc: 9.58, bacc: 6.56, tmp_test_f1: 0.17, f1: 3.22
epoch: 627, val_loss:2.447714, acc: 9.58, bacc: 6.56, tmp_test_f1: 0.17, f1: 3.22
epoch: 628, val_loss:2.447714, acc: 9.58, bacc: 6.56, tmp_test_f1: 0.17, f1: 3.22
epoch: 629, val_loss:2.447714, acc: 9.58, bacc: 6.56, tmp_test_f1: 0.17, f1: 3.22
epoch: 630, val_loss:2.447714, acc: 9.58, bacc: 6.56, tmp_test_f1: 0.17, f1: 3.22
epoch: 631, val_loss:2.447714, acc: 9.58, bacc: 6.56, tmp_test_f1: 0.17, f1: 3.22
epoch: 632, val_loss:2.447714, acc: 9.58, bacc: 6.56, tmp_test_f1: 0.17, f1: 3.22
epoch: 633, val_loss:2.447714, acc: 9.58, bacc: 6.56, tmp_test_f1: 0.17, f1: 3.22
epoch: 634, val_loss:2.447714, acc: 9.58, bacc: 6.56, tmp_test_f1: 0.17, f1: 3.22
epoch: 635, val_loss:2.447714, acc: 9.58, bacc: 6.56, tmp_test_f1: 0.17, f1: 3.22
epoch: 636, val_loss:2.447714, acc: 9.58, bacc: 6.56, tmp_test_f1: 0.17, f1: 3.22
epoch: 637, val_loss:2.447714, acc: 9.58, bacc: 6.56, tmp_test_f1: 0.17, f1: 3.22
epoch: 638, val_loss:2.447714, acc: 9.58, bacc: 6.56, tmp_test_f1: 0.17, f1: 3.22
epoch: 639, val_loss:2.447714, acc: 9.58, bacc: 6.56, tmp_test_f1: 0.17, f1: 3.22
epoch: 640, val_loss:2.447714, acc: 9.58, bacc: 6.56, tmp_test_f1: 0.17, f1: 3.22
epoch: 641, val_loss:2.447714, acc: 9.58, bacc: 6.56, tmp_test_f1: 0.17, f1: 3.22
epoch: 642, val_loss:2.447714, acc: 9.58, bacc: 6.56, tmp_test_f1: 0.17, f1: 3.22
epoch: 643, val_loss:2.447714, acc: 9.58, bacc: 6.56, tmp_test_f1: 0.17, f1: 3.22
epoch: 644, val_loss:2.447714, acc: 9.58, bacc: 6.56, tmp_test_f1: 0.17, f1: 3.22
epoch: 645, val_loss:2.447714, acc: 9.58, bacc: 6.56, tmp_test_f1: 0.17, f1: 3.22
epoch: 646, val_loss:2.447714, acc: 9.58, bacc: 6.56, tmp_test_f1: 0.17, f1: 3.22
epoch: 647, val_loss:2.447714, acc: 9.58, bacc: 6.56, tmp_test_f1: 0.17, f1: 3.22
epoch: 648, val_loss:2.447714, acc: 9.58, bacc: 6.56, tmp_test_f1: 0.17, f1: 3.22
epoch: 649, val_loss:2.447714, acc: 9.58, bacc: 6.56, tmp_test_f1: 0.17, f1: 3.22
epoch: 650, val_loss:2.447714, acc: 9.58, bacc: 6.56, tmp_test_f1: 0.17, f1: 3.22
epoch: 651, val_loss:2.447714, acc: 9.58, bacc: 6.56, tmp_test_f1: 0.17, f1: 3.22
epoch: 652, val_loss:2.447714, acc: 9.58, bacc: 6.56, tmp_test_f1: 0.17, f1: 3.22
epoch: 653, val_loss:2.447714, acc: 9.58, bacc: 6.56, tmp_test_f1: 0.17, f1: 3.22
epoch: 654, val_loss:2.447714, acc: 9.58, bacc: 6.56, tmp_test_f1: 0.17, f1: 3.22
epoch: 655, val_loss:2.447714, acc: 9.58, bacc: 6.56, tmp_test_f1: 0.17, f1: 3.22
epoch: 656, val_loss:2.447714, acc: 9.58, bacc: 6.56, tmp_test_f1: 0.17, f1: 3.22
epoch: 657, val_loss:2.447714, acc: 9.58, bacc: 6.56, tmp_test_f1: 0.17, f1: 3.22
epoch: 658, val_loss:2.447714, acc: 9.58, bacc: 6.56, tmp_test_f1: 0.17, f1: 3.22
epoch: 659, val_loss:2.447714, acc: 9.58, bacc: 6.56, tmp_test_f1: 0.17, f1: 3.22
epoch: 660, val_loss:2.447713, acc: 9.58, bacc: 6.56, tmp_test_f1: 0.17, f1: 3.22
epoch: 661, val_loss:2.447713, acc: 9.58, bacc: 6.56, tmp_test_f1: 0.17, f1: 3.22
epoch: 662, val_loss:2.447713, acc: 9.58, bacc: 6.56, tmp_test_f1: 0.17, f1: 3.22
epoch: 663, val_loss:2.447713, acc: 9.58, bacc: 6.56, tmp_test_f1: 0.17, f1: 3.22
epoch: 664, val_loss:2.447713, acc: 9.58, bacc: 6.56, tmp_test_f1: 0.17, f1: 3.22
epoch: 665, val_loss:2.447714, acc: 9.58, bacc: 6.56, tmp_test_f1: 0.17, f1: 3.22
epoch: 666, val_loss:2.447713, acc: 9.58, bacc: 6.56, tmp_test_f1: 0.17, f1: 3.22
epoch: 667, val_loss:2.447713, acc: 9.58, bacc: 6.56, tmp_test_f1: 0.17, f1: 3.22
epoch: 668, val_loss:2.447713, acc: 9.58, bacc: 6.56, tmp_test_f1: 0.17, f1: 3.22
epoch: 669, val_loss:2.447713, acc: 9.58, bacc: 6.56, tmp_test_f1: 0.17, f1: 3.22
epoch: 670, val_loss:2.447713, acc: 9.58, bacc: 6.56, tmp_test_f1: 0.17, f1: 3.22
epoch: 671, val_loss:2.447713, acc: 9.58, bacc: 6.56, tmp_test_f1: 0.17, f1: 3.22
epoch: 672, val_loss:2.447713, acc: 9.58, bacc: 6.56, tmp_test_f1: 0.17, f1: 3.22
epoch: 673, val_loss:2.447714, acc: 9.58, bacc: 6.56, tmp_test_f1: 0.17, f1: 3.22
epoch: 674, val_loss:2.447714, acc: 9.58, bacc: 6.56, tmp_test_f1: 0.17, f1: 3.22
epoch: 675, val_loss:2.447713, acc: 9.58, bacc: 6.56, tmp_test_f1: 0.17, f1: 3.22
epoch: 676, val_loss:2.447713, acc: 9.58, bacc: 6.56, tmp_test_f1: 0.17, f1: 3.22
epoch: 677, val_loss:2.447713, acc: 9.58, bacc: 6.56, tmp_test_f1: 0.17, f1: 3.22
epoch: 678, val_loss:2.447714, acc: 9.58, bacc: 6.56, tmp_test_f1: 0.17, f1: 3.22
epoch: 679, val_loss:2.447714, acc: 9.58, bacc: 6.56, tmp_test_f1: 0.17, f1: 3.22
epoch: 680, val_loss:2.447714, acc: 9.58, bacc: 6.56, tmp_test_f1: 0.17, f1: 3.22
epoch: 681, val_loss:2.447714, acc: 9.58, bacc: 6.56, tmp_test_f1: 0.17, f1: 3.22
epoch: 682, val_loss:2.447714, acc: 9.58, bacc: 6.56, tmp_test_f1: 0.17, f1: 3.22
epoch: 683, val_loss:2.447714, acc: 9.58, bacc: 6.56, tmp_test_f1: 0.17, f1: 3.22
epoch: 684, val_loss:2.447714, acc: 9.58, bacc: 6.56, tmp_test_f1: 0.17, f1: 3.22
epoch: 685, val_loss:2.447714, acc: 9.58, bacc: 6.56, tmp_test_f1: 0.17, f1: 3.22
epoch: 686, val_loss:2.447714, acc: 9.58, bacc: 6.56, tmp_test_f1: 0.17, f1: 3.22
epoch: 687, val_loss:2.447714, acc: 9.58, bacc: 6.56, tmp_test_f1: 0.17, f1: 3.22
epoch: 688, val_loss:2.447714, acc: 9.58, bacc: 6.56, tmp_test_f1: 0.17, f1: 3.22
epoch: 689, val_loss:2.447714, acc: 9.58, bacc: 6.56, tmp_test_f1: 0.17, f1: 3.22
epoch: 690, val_loss:2.447714, acc: 9.58, bacc: 6.56, tmp_test_f1: 0.17, f1: 3.22
epoch: 691, val_loss:2.447714, acc: 9.58, bacc: 6.56, tmp_test_f1: 0.17, f1: 3.22
epoch: 692, val_loss:2.447714, acc: 9.58, bacc: 6.56, tmp_test_f1: 0.17, f1: 3.22
epoch: 693, val_loss:2.447714, acc: 9.58, bacc: 6.56, tmp_test_f1: 0.17, f1: 3.22
epoch: 694, val_loss:2.447714, acc: 9.58, bacc: 6.56, tmp_test_f1: 0.17, f1: 3.22
epoch: 695, val_loss:2.447714, acc: 9.58, bacc: 6.56, tmp_test_f1: 0.17, f1: 3.22
epoch: 696, val_loss:2.447714, acc: 9.58, bacc: 6.56, tmp_test_f1: 0.17, f1: 3.22
epoch: 697, val_loss:2.447714, acc: 9.58, bacc: 6.56, tmp_test_f1: 0.17, f1: 3.22
epoch: 698, val_loss:2.447714, acc: 9.58, bacc: 6.56, tmp_test_f1: 0.17, f1: 3.22
epoch: 699, val_loss:2.447714, acc: 9.58, bacc: 6.56, tmp_test_f1: 0.17, f1: 3.22
epoch: 700, val_loss:2.447714, acc: 9.58, bacc: 6.56, tmp_test_f1: 0.17, f1: 3.22
epoch: 701, val_loss:2.447714, acc: 9.58, bacc: 6.56, tmp_test_f1: 0.17, f1: 3.22
epoch: 702, val_loss:2.447714, acc: 9.58, bacc: 6.56, tmp_test_f1: 0.17, f1: 3.22
epoch: 703, val_loss:2.447714, acc: 9.58, bacc: 6.56, tmp_test_f1: 0.17, f1: 3.22
epoch: 704, val_loss:2.447714, acc: 9.58, bacc: 6.56, tmp_test_f1: 0.17, f1: 3.22
epoch: 705, val_loss:2.447714, acc: 9.58, bacc: 6.56, tmp_test_f1: 0.17, f1: 3.22
epoch: 706, val_loss:2.447714, acc: 9.58, bacc: 6.56, tmp_test_f1: 0.17, f1: 3.22
epoch: 707, val_loss:2.447715, acc: 9.58, bacc: 6.56, tmp_test_f1: 0.17, f1: 3.22
epoch: 708, val_loss:2.447714, acc: 9.58, bacc: 6.56, tmp_test_f1: 0.17, f1: 3.22
epoch: 709, val_loss:2.447715, acc: 9.58, bacc: 6.56, tmp_test_f1: 0.17, f1: 3.22
epoch: 710, val_loss:2.447715, acc: 9.58, bacc: 6.56, tmp_test_f1: 0.17, f1: 3.22
epoch: 711, val_loss:2.447715, acc: 9.58, bacc: 6.56, tmp_test_f1: 0.17, f1: 3.22
epoch: 712, val_loss:2.447715, acc: 9.58, bacc: 6.56, tmp_test_f1: 0.17, f1: 3.22
epoch: 713, val_loss:2.447715, acc: 9.58, bacc: 6.56, tmp_test_f1: 0.17, f1: 3.22
epoch: 714, val_loss:2.447715, acc: 9.58, bacc: 6.56, tmp_test_f1: 0.17, f1: 3.22
epoch: 715, val_loss:2.447715, acc: 9.58, bacc: 6.56, tmp_test_f1: 0.17, f1: 3.22
epoch: 716, val_loss:2.447715, acc: 9.58, bacc: 6.56, tmp_test_f1: 0.17, f1: 3.22
epoch: 717, val_loss:2.447715, acc: 9.58, bacc: 6.56, tmp_test_f1: 0.17, f1: 3.22
epoch: 718, val_loss:2.447715, acc: 9.58, bacc: 6.56, tmp_test_f1: 0.17, f1: 3.22
epoch: 719, val_loss:2.447715, acc: 9.58, bacc: 6.56, tmp_test_f1: 0.17, f1: 3.22
epoch: 720, val_loss:2.447715, acc: 9.58, bacc: 6.56, tmp_test_f1: 0.17, f1: 3.22
epoch: 721, val_loss:2.447715, acc: 9.58, bacc: 6.56, tmp_test_f1: 0.17, f1: 3.22
epoch: 722, val_loss:2.447715, acc: 9.58, bacc: 6.56, tmp_test_f1: 0.17, f1: 3.22
epoch: 723, val_loss:2.447715, acc: 9.58, bacc: 6.56, tmp_test_f1: 0.17, f1: 3.22
epoch: 724, val_loss:2.447715, acc: 9.58, bacc: 6.56, tmp_test_f1: 0.17, f1: 3.22
epoch: 725, val_loss:2.447715, acc: 9.58, bacc: 6.56, tmp_test_f1: 0.17, f1: 3.22
epoch: 726, val_loss:2.447715, acc: 9.58, bacc: 6.56, tmp_test_f1: 0.17, f1: 3.22
epoch: 727, val_loss:2.447715, acc: 9.58, bacc: 6.56, tmp_test_f1: 0.17, f1: 3.22
epoch: 728, val_loss:2.447715, acc: 9.58, bacc: 6.56, tmp_test_f1: 0.17, f1: 3.22
epoch: 729, val_loss:2.447715, acc: 9.58, bacc: 6.56, tmp_test_f1: 0.17, f1: 3.22
epoch: 730, val_loss:2.447715, acc: 9.58, bacc: 6.56, tmp_test_f1: 0.17, f1: 3.22
epoch: 731, val_loss:2.447715, acc: 9.58, bacc: 6.56, tmp_test_f1: 0.17, f1: 3.22
epoch: 732, val_loss:2.447715, acc: 9.58, bacc: 6.56, tmp_test_f1: 0.17, f1: 3.22
epoch: 733, val_loss:2.447715, acc: 9.58, bacc: 6.56, tmp_test_f1: 0.17, f1: 3.22
epoch: 734, val_loss:2.447715, acc: 9.58, bacc: 6.56, tmp_test_f1: 0.17, f1: 3.22
epoch: 735, val_loss:2.447715, acc: 9.58, bacc: 6.56, tmp_test_f1: 0.17, f1: 3.22
epoch: 736, val_loss:2.447715, acc: 9.58, bacc: 6.56, tmp_test_f1: 0.17, f1: 3.22
epoch: 737, val_loss:2.447715, acc: 9.58, bacc: 6.56, tmp_test_f1: 0.17, f1: 3.22
epoch: 738, val_loss:2.447715, acc: 9.58, bacc: 6.56, tmp_test_f1: 0.17, f1: 3.22
epoch: 739, val_loss:2.447715, acc: 9.58, bacc: 6.56, tmp_test_f1: 0.17, f1: 3.22
epoch: 740, val_loss:2.447715, acc: 9.58, bacc: 6.56, tmp_test_f1: 0.17, f1: 3.22
epoch: 741, val_loss:2.447715, acc: 9.58, bacc: 6.56, tmp_test_f1: 0.17, f1: 3.22
epoch: 742, val_loss:2.447715, acc: 9.58, bacc: 6.56, tmp_test_f1: 0.17, f1: 3.22
epoch: 743, val_loss:2.447715, acc: 9.58, bacc: 6.56, tmp_test_f1: 0.17, f1: 3.22
epoch: 744, val_loss:2.447715, acc: 9.58, bacc: 6.56, tmp_test_f1: 0.17, f1: 3.22
epoch: 745, val_loss:2.447715, acc: 9.58, bacc: 6.56, tmp_test_f1: 0.17, f1: 3.22
epoch: 746, val_loss:2.447715, acc: 9.58, bacc: 6.56, tmp_test_f1: 0.17, f1: 3.22
epoch: 747, val_loss:2.447715, acc: 9.58, bacc: 6.56, tmp_test_f1: 0.17, f1: 3.22
epoch: 748, val_loss:2.447715, acc: 9.58, bacc: 6.56, tmp_test_f1: 0.17, f1: 3.22
epoch: 749, val_loss:2.447715, acc: 9.58, bacc: 6.56, tmp_test_f1: 0.17, f1: 3.22
epoch: 750, val_loss:2.447715, acc: 9.58, bacc: 6.56, tmp_test_f1: 0.17, f1: 3.22
epoch: 751, val_loss:2.447715, acc: 9.58, bacc: 6.56, tmp_test_f1: 0.17, f1: 3.22
epoch: 752, val_loss:2.447715, acc: 9.58, bacc: 6.56, tmp_test_f1: 0.17, f1: 3.22
epoch: 753, val_loss:2.447715, acc: 9.58, bacc: 6.56, tmp_test_f1: 0.17, f1: 3.22
epoch: 754, val_loss:2.447715, acc: 9.58, bacc: 6.56, tmp_test_f1: 0.17, f1: 3.22
epoch: 755, val_loss:2.447715, acc: 9.58, bacc: 6.56, tmp_test_f1: 0.17, f1: 3.22
epoch: 756, val_loss:2.447715, acc: 9.58, bacc: 6.56, tmp_test_f1: 0.17, f1: 3.22
epoch: 757, val_loss:2.447715, acc: 9.58, bacc: 6.56, tmp_test_f1: 0.17, f1: 3.22
epoch: 758, val_loss:2.447715, acc: 9.58, bacc: 6.56, tmp_test_f1: 0.17, f1: 3.22
epoch: 759, val_loss:2.447715, acc: 9.58, bacc: 6.56, tmp_test_f1: 0.17, f1: 3.22
epoch: 760, val_loss:2.447716, acc: 9.58, bacc: 6.56, tmp_test_f1: 0.17, f1: 3.22
epoch: 761, val_loss:2.447716, acc: 9.58, bacc: 6.56, tmp_test_f1: 0.17, f1: 3.22
epoch: 762, val_loss:2.447716, acc: 9.58, bacc: 6.56, tmp_test_f1: 0.17, f1: 3.22
epoch: 763, val_loss:2.447716, acc: 9.58, bacc: 6.56, tmp_test_f1: 0.17, f1: 3.22
epoch: 764, val_loss:2.447716, acc: 9.58, bacc: 6.56, tmp_test_f1: 0.17, f1: 3.22
epoch: 765, val_loss:2.447716, acc: 9.58, bacc: 6.56, tmp_test_f1: 0.17, f1: 3.22
epoch: 766, val_loss:2.447716, acc: 9.58, bacc: 6.56, tmp_test_f1: 0.17, f1: 3.22
epoch: 767, val_loss:2.447716, acc: 9.58, bacc: 6.56, tmp_test_f1: 0.17, f1: 3.22
epoch: 768, val_loss:2.447716, acc: 9.58, bacc: 6.56, tmp_test_f1: 0.17, f1: 3.22
epoch: 769, val_loss:2.447716, acc: 9.58, bacc: 6.56, tmp_test_f1: 0.17, f1: 3.22
epoch: 770, val_loss:2.447716, acc: 9.58, bacc: 6.56, tmp_test_f1: 0.17, f1: 3.22
epoch: 771, val_loss:2.447716, acc: 9.58, bacc: 6.56, tmp_test_f1: 0.17, f1: 3.22
epoch: 772, val_loss:2.447716, acc: 9.58, bacc: 6.56, tmp_test_f1: 0.17, f1: 3.22
epoch: 773, val_loss:2.447716, acc: 9.58, bacc: 6.56, tmp_test_f1: 0.17, f1: 3.22
epoch: 774, val_loss:2.447716, acc: 9.58, bacc: 6.56, tmp_test_f1: 0.17, f1: 3.22
epoch: 775, val_loss:2.447716, acc: 9.58, bacc: 6.56, tmp_test_f1: 0.17, f1: 3.22
epoch: 776, val_loss:2.447716, acc: 9.58, bacc: 6.56, tmp_test_f1: 0.17, f1: 3.22
epoch: 777, val_loss:2.447716, acc: 9.58, bacc: 6.56, tmp_test_f1: 0.17, f1: 3.22
epoch: 778, val_loss:2.447716, acc: 9.58, bacc: 6.56, tmp_test_f1: 0.17, f1: 3.22
epoch: 779, val_loss:2.447716, acc: 9.58, bacc: 6.56, tmp_test_f1: 0.17, f1: 3.22
epoch: 780, val_loss:2.447716, acc: 9.58, bacc: 6.56, tmp_test_f1: 0.17, f1: 3.22
epoch: 781, val_loss:2.447716, acc: 9.58, bacc: 6.56, tmp_test_f1: 0.17, f1: 3.22
epoch: 782, val_loss:2.447716, acc: 9.58, bacc: 6.56, tmp_test_f1: 0.17, f1: 3.22
epoch: 783, val_loss:2.447716, acc: 9.58, bacc: 6.56, tmp_test_f1: 0.17, f1: 3.22
epoch: 784, val_loss:2.447716, acc: 9.58, bacc: 6.56, tmp_test_f1: 0.17, f1: 3.22
epoch: 785, val_loss:2.447716, acc: 9.58, bacc: 6.56, tmp_test_f1: 0.17, f1: 3.22
epoch: 786, val_loss:2.447716, acc: 9.58, bacc: 6.56, tmp_test_f1: 0.17, f1: 3.22
epoch: 787, val_loss:2.447716, acc: 9.58, bacc: 6.56, tmp_test_f1: 0.17, f1: 3.22
epoch: 788, val_loss:2.447716, acc: 9.58, bacc: 6.56, tmp_test_f1: 0.17, f1: 3.22
epoch: 789, val_loss:2.447716, acc: 9.58, bacc: 6.56, tmp_test_f1: 0.17, f1: 3.22
epoch: 790, val_loss:2.447716, acc: 9.58, bacc: 6.56, tmp_test_f1: 0.17, f1: 3.22
epoch: 791, val_loss:2.447716, acc: 9.58, bacc: 6.56, tmp_test_f1: 0.17, f1: 3.22
epoch: 792, val_loss:2.447716, acc: 9.58, bacc: 6.56, tmp_test_f1: 0.17, f1: 3.22
epoch: 793, val_loss:2.447716, acc: 9.58, bacc: 6.56, tmp_test_f1: 0.17, f1: 3.22
epoch: 794, val_loss:2.447716, acc: 9.58, bacc: 6.56, tmp_test_f1: 0.17, f1: 3.22
epoch: 795, val_loss:2.447716, acc: 9.58, bacc: 6.56, tmp_test_f1: 0.17, f1: 3.22
epoch: 796, val_loss:2.447716, acc: 9.58, bacc: 6.56, tmp_test_f1: 0.17, f1: 3.22
epoch: 797, val_loss:2.447716, acc: 9.58, bacc: 6.56, tmp_test_f1: 0.17, f1: 3.22
epoch: 798, val_loss:2.447716, acc: 9.58, bacc: 6.56, tmp_test_f1: 0.17, f1: 3.22
epoch: 799, val_loss:2.447716, acc: 9.58, bacc: 6.56, tmp_test_f1: 0.17, f1: 3.22
epoch: 800, val_loss:2.447716, acc: 9.58, bacc: 6.56, tmp_test_f1: 0.17, f1: 3.22
epoch: 801, val_loss:2.447716, acc: 9.58, bacc: 6.56, tmp_test_f1: 0.17, f1: 3.22
epoch: 802, val_loss:2.447716, acc: 9.58, bacc: 6.56, tmp_test_f1: 0.17, f1: 3.22
epoch: 803, val_loss:2.447716, acc: 9.58, bacc: 6.56, tmp_test_f1: 0.17, f1: 3.22
Epoch 00804: reducing learning rate of group 0 to 6.2500e-03.
epoch: 804, val_loss:2.447716, acc: 9.58, bacc: 6.56, tmp_test_f1: 0.17, f1: 3.22
epoch: 805, val_loss:2.447716, acc: 9.58, bacc: 6.56, tmp_test_f1: 0.17, f1: 3.22
epoch: 806, val_loss:2.447716, acc: 9.58, bacc: 6.56, tmp_test_f1: 0.17, f1: 3.22
GIN Amazon-Computers 100 Aug 4 EndEpoch 806 lr 0.1
SHAsplit  0, acc: 9.58, bacc: 6.56, f1: 3.22
