Traceback (most recent call last):
  File "/home/qj2004/GraphSHA/main.py", line 269, in <module>
    raise NotImplementedError("Not Implemented Architecture!")
NotImplementedError: Not Implemented Architecture!
Traceback (most recent call last):
  File "/home/qj2004/GraphSHA/main.py", line 269, in <module>
    raise NotImplementedError("Not Implemented Architecture!")
NotImplementedError: Not Implemented Architecture!
Traceback (most recent call last):
  File "/home/qj2004/GraphSHA/main.py", line 269, in <module>
    raise NotImplementedError("Not Implemented Architecture!")
NotImplementedError: Not Implemented Architecture!
Traceback (most recent call last):
  File "/home/qj2004/GraphSHA/main.py", line 269, in <module>
    raise NotImplementedError("Not Implemented Architecture!")
NotImplementedError: Not Implemented Architecture!
Traceback (most recent call last):
  File "/home/qj2004/GraphSHA/main.py", line 269, in <module>
    raise NotImplementedError("Not Implemented Architecture!")
NotImplementedError: Not Implemented Architecture!
Traceback (most recent call last):
  File "/home/qj2004/GraphSHA/main.py", line 269, in <module>
    raise NotImplementedError("Not Implemented Architecture!")
NotImplementedError: Not Implemented Architecture!
Traceback (most recent call last):
  File "/home/qj2004/GraphSHA/main.py", line 269, in <module>
    raise NotImplementedError("Not Implemented Architecture!")
NotImplementedError: Not Implemented Architecture!
Traceback (most recent call last):
  File "/home/qj2004/GraphSHA/main.py", line 269, in <module>
    raise NotImplementedError("Not Implemented Architecture!")
NotImplementedError: Not Implemented Architecture!
Traceback (most recent call last):
  File "/home/qj2004/GraphSHA/main.py", line 269, in <module>
    raise NotImplementedError("Not Implemented Architecture!")
NotImplementedError: Not Implemented Architecture!
Traceback (most recent call last):
  File "/home/qj2004/GraphSHA/main.py", line 269, in <module>
    raise NotImplementedError("Not Implemented Architecture!")
NotImplementedError: Not Implemented Architecture!
Traceback (most recent call last):
  File "/home/qj2004/GraphSHA/main.py", line 269, in <module>
    raise NotImplementedError("Not Implemented Architecture!")
NotImplementedError: Not Implemented Architecture!
./1GPU2Aug.sh: line 45: e: command not found
