usage: main.py [-h] [--IsDirectedData ISDIRECTEDDATA] [--AugDirect AUGDIRECT]
               [--GPUdevice GPUDEVICE] [--seed SEED]
               [--undirect_dataset {Cora,CiteSeer,PubMed,Amazon-Photo,Amazon-Computers,Coauthor-CS}]
               [--Direct_dataset DIRECT_DATASET] [--imb_ratio IMB_RATIO]
               [--net {GCN,GAT,SAGE}] [--n_layer N_LAYER]
               [--feat_dim FEAT_DIM] [--warmup WARMUP] [--epoch EPOCH]
               [--lr LR] [--l2 L2] [--tau TAU] [--max] [--no_mask]
               [--gdc {ppr,hk,none}] [-hds HEADS] [--log_root LOG_ROOT]
               [--log_path LOG_PATH] [--data_path DATA_PATH]
main.py: error: argument --net: invalid choice: 'Cheb' (choose from 'GCN', 'GAT', 'SAGE')
usage: main.py [-h] [--IsDirectedData ISDIRECTEDDATA] [--AugDirect AUGDIRECT]
               [--GPUdevice GPUDEVICE] [--seed SEED]
               [--undirect_dataset {Cora,CiteSeer,PubMed,Amazon-Photo,Amazon-Computers,Coauthor-CS}]
               [--Direct_dataset DIRECT_DATASET] [--imb_ratio IMB_RATIO]
               [--net {GCN,GAT,SAGE}] [--n_layer N_LAYER]
               [--feat_dim FEAT_DIM] [--warmup WARMUP] [--epoch EPOCH]
               [--lr LR] [--l2 L2] [--tau TAU] [--max] [--no_mask]
               [--gdc {ppr,hk,none}] [-hds HEADS] [--log_root LOG_ROOT]
               [--log_path LOG_PATH] [--data_path DATA_PATH]
main.py: error: argument --net: invalid choice: 'Cheb' (choose from 'GCN', 'GAT', 'SAGE')
usage: main.py [-h] [--IsDirectedData ISDIRECTEDDATA] [--AugDirect AUGDIRECT]
               [--GPUdevice GPUDEVICE] [--seed SEED]
               [--undirect_dataset {Cora,CiteSeer,PubMed,Amazon-Photo,Amazon-Computers,Coauthor-CS}]
               [--Direct_dataset DIRECT_DATASET] [--imb_ratio IMB_RATIO]
               [--net {GCN,GAT,SAGE}] [--n_layer N_LAYER]
               [--feat_dim FEAT_DIM] [--warmup WARMUP] [--epoch EPOCH]
               [--lr LR] [--l2 L2] [--tau TAU] [--max] [--no_mask]
               [--gdc {ppr,hk,none}] [-hds HEADS] [--log_root LOG_ROOT]
               [--log_path LOG_PATH] [--data_path DATA_PATH]
main.py: error: argument --net: invalid choice: 'Cheb' (choose from 'GCN', 'GAT', 'SAGE')
usage: main.py [-h] [--IsDirectedData ISDIRECTEDDATA] [--AugDirect AUGDIRECT]
               [--GPUdevice GPUDEVICE] [--seed SEED]
               [--undirect_dataset {Cora,CiteSeer,PubMed,Amazon-Photo,Amazon-Computers,Coauthor-CS}]
               [--Direct_dataset DIRECT_DATASET] [--imb_ratio IMB_RATIO]
               [--net {GCN,GAT,SAGE}] [--n_layer N_LAYER]
               [--feat_dim FEAT_DIM] [--warmup WARMUP] [--epoch EPOCH]
               [--lr LR] [--l2 L2] [--tau TAU] [--max] [--no_mask]
               [--gdc {ppr,hk,none}] [-hds HEADS] [--log_root LOG_ROOT]
               [--log_path LOG_PATH] [--data_path DATA_PATH]
main.py: error: argument --net: invalid choice: 'Cheb' (choose from 'GCN', 'GAT', 'SAGE')
usage: main.py [-h] [--IsDirectedData ISDIRECTEDDATA] [--AugDirect AUGDIRECT]
               [--GPUdevice GPUDEVICE] [--seed SEED]
               [--undirect_dataset {Cora,CiteSeer,PubMed,Amazon-Photo,Amazon-Computers,Coauthor-CS}]
               [--Direct_dataset DIRECT_DATASET] [--imb_ratio IMB_RATIO]
               [--net {GCN,GAT,SAGE}] [--n_layer N_LAYER]
               [--feat_dim FEAT_DIM] [--warmup WARMUP] [--epoch EPOCH]
               [--lr LR] [--l2 L2] [--tau TAU] [--max] [--no_mask]
               [--gdc {ppr,hk,none}] [-hds HEADS] [--log_root LOG_ROOT]
               [--log_path LOG_PATH] [--data_path DATA_PATH]
main.py: error: argument --net: invalid choice: 'Cheb' (choose from 'GCN', 'GAT', 'SAGE')
usage: main.py [-h] [--IsDirectedData ISDIRECTEDDATA] [--AugDirect AUGDIRECT]
               [--GPUdevice GPUDEVICE] [--seed SEED]
               [--undirect_dataset {Cora,CiteSeer,PubMed,Amazon-Photo,Amazon-Computers,Coauthor-CS}]
               [--Direct_dataset DIRECT_DATASET] [--imb_ratio IMB_RATIO]
               [--net {GCN,GAT,SAGE}] [--n_layer N_LAYER]
               [--feat_dim FEAT_DIM] [--warmup WARMUP] [--epoch EPOCH]
               [--lr LR] [--l2 L2] [--tau TAU] [--max] [--no_mask]
               [--gdc {ppr,hk,none}] [-hds HEADS] [--log_root LOG_ROOT]
               [--log_path LOG_PATH] [--data_path DATA_PATH]
main.py: error: argument --net: invalid choice: 'Cheb' (choose from 'GCN', 'GAT', 'SAGE')
usage: main.py [-h] [--IsDirectedData ISDIRECTEDDATA] [--AugDirect AUGDIRECT]
               [--GPUdevice GPUDEVICE] [--seed SEED]
               [--undirect_dataset {Cora,CiteSeer,PubMed,Amazon-Photo,Amazon-Computers,Coauthor-CS}]
               [--Direct_dataset DIRECT_DATASET] [--imb_ratio IMB_RATIO]
               [--net {GCN,GAT,SAGE}] [--n_layer N_LAYER]
               [--feat_dim FEAT_DIM] [--warmup WARMUP] [--epoch EPOCH]
               [--lr LR] [--l2 L2] [--tau TAU] [--max] [--no_mask]
               [--gdc {ppr,hk,none}] [-hds HEADS] [--log_root LOG_ROOT]
               [--log_path LOG_PATH] [--data_path DATA_PATH]
main.py: error: argument --net: invalid choice: 'Cheb' (choose from 'GCN', 'GAT', 'SAGE')
usage: main.py [-h] [--IsDirectedData ISDIRECTEDDATA] [--AugDirect AUGDIRECT]
               [--GPUdevice GPUDEVICE] [--seed SEED]
               [--undirect_dataset {Cora,CiteSeer,PubMed,Amazon-Photo,Amazon-Computers,Coauthor-CS}]
               [--Direct_dataset DIRECT_DATASET] [--imb_ratio IMB_RATIO]
               [--net {GCN,GAT,SAGE}] [--n_layer N_LAYER]
               [--feat_dim FEAT_DIM] [--warmup WARMUP] [--epoch EPOCH]
               [--lr LR] [--l2 L2] [--tau TAU] [--max] [--no_mask]
               [--gdc {ppr,hk,none}] [-hds HEADS] [--log_root LOG_ROOT]
               [--log_path LOG_PATH] [--data_path DATA_PATH]
main.py: error: argument --net: invalid choice: 'Cheb' (choose from 'GCN', 'GAT', 'SAGE')
usage: main.py [-h] [--IsDirectedData ISDIRECTEDDATA] [--AugDirect AUGDIRECT]
               [--GPUdevice GPUDEVICE] [--seed SEED]
               [--undirect_dataset {Cora,CiteSeer,PubMed,Amazon-Photo,Amazon-Computers,Coauthor-CS}]
               [--Direct_dataset DIRECT_DATASET] [--imb_ratio IMB_RATIO]
               [--net {GCN,GAT,SAGE}] [--n_layer N_LAYER]
               [--feat_dim FEAT_DIM] [--warmup WARMUP] [--epoch EPOCH]
               [--lr LR] [--l2 L2] [--tau TAU] [--max] [--no_mask]
               [--gdc {ppr,hk,none}] [-hds HEADS] [--log_root LOG_ROOT]
               [--log_path LOG_PATH] [--data_path DATA_PATH]
main.py: error: argument --net: invalid choice: 'Cheb' (choose from 'GCN', 'GAT', 'SAGE')
usage: main.py [-h] [--IsDirectedData ISDIRECTEDDATA] [--AugDirect AUGDIRECT]
               [--GPUdevice GPUDEVICE] [--seed SEED]
               [--undirect_dataset {Cora,CiteSeer,PubMed,Amazon-Photo,Amazon-Computers,Coauthor-CS}]
               [--Direct_dataset DIRECT_DATASET] [--imb_ratio IMB_RATIO]
               [--net {GCN,GAT,SAGE}] [--n_layer N_LAYER]
               [--feat_dim FEAT_DIM] [--warmup WARMUP] [--epoch EPOCH]
               [--lr LR] [--l2 L2] [--tau TAU] [--max] [--no_mask]
               [--gdc {ppr,hk,none}] [-hds HEADS] [--log_root LOG_ROOT]
               [--log_path LOG_PATH] [--data_path DATA_PATH]
main.py: error: argument --net: invalid choice: 'Cheb' (choose from 'GCN', 'GAT', 'SAGE')
usage: main.py [-h] [--IsDirectedData ISDIRECTEDDATA] [--AugDirect AUGDIRECT]
               [--GPUdevice GPUDEVICE] [--seed SEED]
               [--undirect_dataset {Cora,CiteSeer,PubMed,Amazon-Photo,Amazon-Computers,Coauthor-CS}]
               [--Direct_dataset DIRECT_DATASET] [--imb_ratio IMB_RATIO]
               [--net {GCN,GAT,SAGE}] [--n_layer N_LAYER]
               [--feat_dim FEAT_DIM] [--warmup WARMUP] [--epoch EPOCH]
               [--lr LR] [--l2 L2] [--tau TAU] [--max] [--no_mask]
               [--gdc {ppr,hk,none}] [-hds HEADS] [--log_root LOG_ROOT]
               [--log_path LOG_PATH] [--data_path DATA_PATH]
main.py: error: argument --net: invalid choice: 'Cheb' (choose from 'GCN', 'GAT', 'SAGE')
