nohup: ignoring input
CUDA Device Index: 0
Namespace(to_undirected=True, IsDirectedData=True, AugDirect=-1, net='GAT', GPUdevice=0, seed=100, undirect_dataset='Cora', Direct_dataset='WebKB/texas', imb_ratio=100, dropout=0.1, num_filter=2, layer=2, alpha=0.1, K=2, feat_dim=64, warmup=5, epoch=1500, lr=0.1, l2=0.0005, tau=2, max=False, no_mask=False, gdc='ppr', heads=8, log_root='../logs/', log_path='test', data_path='../dataset/data/tmp/')
Converted to undirected data
StandGAT2(
  (conv1): GATConv(1703, 16, heads=4)
  (conv2): GATConv(64, 5, heads=1)
)
splits 10
test_f1 CountNotImproved reset to 0 in epoch 0
epoch:   0, val_loss:1.778943, acc: 64.86, bacc: 25.00, tmp_test_f1: 19.67, f1: 19.67
epoch:   1, val_loss:12.313625, acc: 64.86, bacc: 25.00, tmp_test_f1: 5.95, f1: 19.67
epoch:   2, val_loss:20.345581, acc: 64.86, bacc: 25.00, tmp_test_f1: 4.88, f1: 19.67
test_f1 CountNotImproved reset to 0 in epoch 3
epoch:   3, val_loss:9.944407, acc: 64.86, bacc: 30.21, tmp_test_f1: 26.97, f1: 26.97
epoch:   4, val_loss:5.230270, acc: 64.86, bacc: 30.21, tmp_test_f1: 19.67, f1: 26.97
epoch:   5, val_loss:8.046060, acc: 64.86, bacc: 30.21, tmp_test_f1: 19.67, f1: 26.97
epoch:   6, val_loss:8.786832, acc: 64.86, bacc: 30.21, tmp_test_f1: 19.67, f1: 26.97
epoch:   7, val_loss:8.084393, acc: 64.86, bacc: 30.21, tmp_test_f1: 19.67, f1: 26.97
epoch:   8, val_loss:6.190981, acc: 64.86, bacc: 30.21, tmp_test_f1: 25.00, f1: 26.97
epoch:   9, val_loss:5.015738, acc: 64.86, bacc: 30.21, tmp_test_f1: 23.57, f1: 26.97
epoch:  10, val_loss:4.598608, acc: 64.86, bacc: 30.21, tmp_test_f1: 17.39, f1: 26.97
epoch:  11, val_loss:4.327674, acc: 64.86, bacc: 30.21, tmp_test_f1: 19.00, f1: 26.97
epoch:  12, val_loss:3.617903, acc: 64.86, bacc: 30.21, tmp_test_f1: 20.00, f1: 26.97
epoch:  13, val_loss:2.632531, acc: 64.86, bacc: 30.21, tmp_test_f1: 19.64, f1: 26.97
epoch:  14, val_loss:2.414176, acc: 64.86, bacc: 30.21, tmp_test_f1: 18.97, f1: 26.97
epoch:  15, val_loss:2.293617, acc: 64.86, bacc: 30.21, tmp_test_f1: 18.42, f1: 26.97
epoch:  16, val_loss:2.137225, acc: 64.86, bacc: 30.21, tmp_test_f1: 18.18, f1: 26.97
epoch:  17, val_loss:2.074014, acc: 64.86, bacc: 30.21, tmp_test_f1: 18.18, f1: 26.97
epoch:  18, val_loss:2.063215, acc: 64.86, bacc: 30.21, tmp_test_f1: 17.59, f1: 26.97
epoch:  19, val_loss:2.059141, acc: 64.86, bacc: 30.21, tmp_test_f1: 18.18, f1: 26.97
epoch:  20, val_loss:2.079319, acc: 64.86, bacc: 30.21, tmp_test_f1: 18.10, f1: 26.97
epoch:  21, val_loss:2.088835, acc: 64.86, bacc: 30.21, tmp_test_f1: 18.64, f1: 26.97
epoch:  22, val_loss:2.092080, acc: 64.86, bacc: 30.21, tmp_test_f1: 18.64, f1: 26.97
epoch:  23, val_loss:2.080834, acc: 64.86, bacc: 30.21, tmp_test_f1: 18.42, f1: 26.97
epoch:  24, val_loss:2.133824, acc: 64.86, bacc: 30.21, tmp_test_f1: 18.64, f1: 26.97
epoch:  25, val_loss:2.195863, acc: 64.86, bacc: 30.21, tmp_test_f1: 19.17, f1: 26.97
epoch:  26, val_loss:2.144572, acc: 64.86, bacc: 30.21, tmp_test_f1: 19.17, f1: 26.97
epoch:  27, val_loss:2.188186, acc: 64.86, bacc: 30.21, tmp_test_f1: 19.49, f1: 26.97
epoch:  28, val_loss:2.260981, acc: 64.86, bacc: 30.21, tmp_test_f1: 19.49, f1: 26.97
epoch:  29, val_loss:2.351624, acc: 64.86, bacc: 30.21, tmp_test_f1: 19.17, f1: 26.97
epoch:  30, val_loss:2.340703, acc: 64.86, bacc: 30.21, tmp_test_f1: 19.17, f1: 26.97
epoch:  31, val_loss:2.352051, acc: 64.86, bacc: 30.21, tmp_test_f1: 19.17, f1: 26.97
epoch:  32, val_loss:2.286563, acc: 64.86, bacc: 30.21, tmp_test_f1: 19.17, f1: 26.97
epoch:  33, val_loss:2.223195, acc: 64.86, bacc: 30.21, tmp_test_f1: 19.17, f1: 26.97
epoch:  34, val_loss:2.233365, acc: 64.86, bacc: 30.21, tmp_test_f1: 19.17, f1: 26.97
epoch:  35, val_loss:2.407482, acc: 64.86, bacc: 30.21, tmp_test_f1: 18.64, f1: 26.97
epoch:  36, val_loss:2.522892, acc: 64.86, bacc: 30.21, tmp_test_f1: 19.17, f1: 26.97
epoch:  37, val_loss:2.606624, acc: 64.86, bacc: 30.21, tmp_test_f1: 19.49, f1: 26.97
epoch:  38, val_loss:2.724447, acc: 64.86, bacc: 30.21, tmp_test_f1: 18.97, f1: 26.97
epoch:  39, val_loss:2.919862, acc: 64.86, bacc: 30.21, tmp_test_f1: 19.30, f1: 26.97
epoch:  40, val_loss:3.233731, acc: 64.86, bacc: 30.21, tmp_test_f1: 18.97, f1: 26.97
epoch:  41, val_loss:4.761379, acc: 64.86, bacc: 30.21, tmp_test_f1: 18.64, f1: 26.97
epoch:  42, val_loss:2.805010, acc: 64.86, bacc: 30.21, tmp_test_f1: 19.17, f1: 26.97
epoch:  43, val_loss:2.264036, acc: 64.86, bacc: 30.21, tmp_test_f1: 19.17, f1: 26.97
epoch:  44, val_loss:2.120485, acc: 64.86, bacc: 30.21, tmp_test_f1: 19.17, f1: 26.97
epoch:  45, val_loss:2.064013, acc: 64.86, bacc: 30.21, tmp_test_f1: 19.17, f1: 26.97
epoch:  46, val_loss:2.023453, acc: 64.86, bacc: 30.21, tmp_test_f1: 19.49, f1: 26.97
epoch:  47, val_loss:1.885249, acc: 64.86, bacc: 30.21, tmp_test_f1: 19.83, f1: 26.97
epoch:  48, val_loss:1.889157, acc: 64.86, bacc: 30.21, tmp_test_f1: 19.83, f1: 26.97
epoch:  49, val_loss:1.899859, acc: 64.86, bacc: 30.21, tmp_test_f1: 19.83, f1: 26.97
epoch:  50, val_loss:1.900432, acc: 64.86, bacc: 30.21, tmp_test_f1: 19.83, f1: 26.97
epoch:  51, val_loss:1.911878, acc: 64.86, bacc: 30.21, tmp_test_f1: 19.83, f1: 26.97
epoch:  52, val_loss:1.982262, acc: 64.86, bacc: 30.21, tmp_test_f1: 19.83, f1: 26.97
epoch:  53, val_loss:1.953751, acc: 64.86, bacc: 30.21, tmp_test_f1: 19.83, f1: 26.97
epoch:  54, val_loss:1.975171, acc: 64.86, bacc: 30.21, tmp_test_f1: 19.83, f1: 26.97
epoch:  55, val_loss:1.930955, acc: 64.86, bacc: 30.21, tmp_test_f1: 19.49, f1: 26.97
epoch:  56, val_loss:1.949624, acc: 64.86, bacc: 30.21, tmp_test_f1: 19.49, f1: 26.97
epoch:  57, val_loss:1.994076, acc: 64.86, bacc: 30.21, tmp_test_f1: 19.17, f1: 26.97
epoch:  58, val_loss:2.036564, acc: 64.86, bacc: 30.21, tmp_test_f1: 19.17, f1: 26.97
epoch:  59, val_loss:2.041054, acc: 64.86, bacc: 30.21, tmp_test_f1: 19.67, f1: 26.97
epoch:  60, val_loss:2.040037, acc: 64.86, bacc: 30.21, tmp_test_f1: 19.67, f1: 26.97
epoch:  61, val_loss:2.044390, acc: 64.86, bacc: 30.21, tmp_test_f1: 19.67, f1: 26.97
epoch:  62, val_loss:2.082555, acc: 64.86, bacc: 30.21, tmp_test_f1: 19.67, f1: 26.97
epoch:  63, val_loss:2.180662, acc: 64.86, bacc: 30.21, tmp_test_f1: 19.67, f1: 26.97
epoch:  64, val_loss:2.089782, acc: 64.86, bacc: 30.21, tmp_test_f1: 19.17, f1: 26.97
epoch:  65, val_loss:1.943107, acc: 64.86, bacc: 30.21, tmp_test_f1: 19.17, f1: 26.97
epoch:  66, val_loss:1.694848, acc: 64.86, bacc: 30.21, tmp_test_f1: 19.17, f1: 26.97
epoch:  67, val_loss:1.655735, acc: 64.86, bacc: 30.21, tmp_test_f1: 19.17, f1: 26.97
epoch:  68, val_loss:1.624146, acc: 64.86, bacc: 30.21, tmp_test_f1: 19.17, f1: 26.97
epoch:  69, val_loss:1.584565, acc: 64.86, bacc: 30.21, tmp_test_f1: 19.17, f1: 26.97
epoch:  70, val_loss:1.535039, acc: 64.86, bacc: 30.21, tmp_test_f1: 19.67, f1: 26.97
epoch:  71, val_loss:1.499116, acc: 64.86, bacc: 30.21, tmp_test_f1: 19.17, f1: 26.97
epoch:  72, val_loss:1.470570, acc: 64.86, bacc: 30.21, tmp_test_f1: 19.17, f1: 26.97
epoch:  73, val_loss:1.459518, acc: 64.86, bacc: 30.21, tmp_test_f1: 19.17, f1: 26.97
epoch:  74, val_loss:1.469638, acc: 64.86, bacc: 30.21, tmp_test_f1: 19.17, f1: 26.97
epoch:  75, val_loss:1.467076, acc: 64.86, bacc: 30.21, tmp_test_f1: 19.17, f1: 26.97
epoch:  76, val_loss:1.467206, acc: 64.86, bacc: 30.21, tmp_test_f1: 19.67, f1: 26.97
epoch:  77, val_loss:1.473096, acc: 64.86, bacc: 30.21, tmp_test_f1: 19.67, f1: 26.97
epoch:  78, val_loss:1.472441, acc: 64.86, bacc: 30.21, tmp_test_f1: 19.67, f1: 26.97
epoch:  79, val_loss:1.475924, acc: 64.86, bacc: 30.21, tmp_test_f1: 19.67, f1: 26.97
epoch:  80, val_loss:1.480213, acc: 64.86, bacc: 30.21, tmp_test_f1: 19.67, f1: 26.97
test_f1 CountNotImproved reset to 0 in epoch 81
epoch:  81, val_loss:1.475441, acc: 67.57, bacc: 31.25, tmp_test_f1: 28.67, f1: 28.67
epoch:  82, val_loss:1.505051, acc: 67.57, bacc: 31.25, tmp_test_f1: 28.67, f1: 28.67
epoch:  83, val_loss:1.523626, acc: 67.57, bacc: 31.25, tmp_test_f1: 28.67, f1: 28.67
epoch:  84, val_loss:1.537123, acc: 67.57, bacc: 31.25, tmp_test_f1: 28.67, f1: 28.67
epoch:  85, val_loss:1.558058, acc: 67.57, bacc: 31.25, tmp_test_f1: 28.67, f1: 28.67
epoch:  86, val_loss:1.543225, acc: 67.57, bacc: 31.25, tmp_test_f1: 28.67, f1: 28.67
epoch:  87, val_loss:1.531269, acc: 67.57, bacc: 31.25, tmp_test_f1: 28.67, f1: 28.67
epoch:  88, val_loss:1.528331, acc: 67.57, bacc: 31.25, tmp_test_f1: 28.67, f1: 28.67
epoch:  89, val_loss:1.522106, acc: 67.57, bacc: 31.25, tmp_test_f1: 28.67, f1: 28.67
epoch:  90, val_loss:1.517542, acc: 67.57, bacc: 31.25, tmp_test_f1: 28.67, f1: 28.67
epoch:  91, val_loss:1.515892, acc: 67.57, bacc: 31.25, tmp_test_f1: 28.67, f1: 28.67
epoch:  92, val_loss:1.509872, acc: 67.57, bacc: 31.25, tmp_test_f1: 28.67, f1: 28.67
epoch:  93, val_loss:1.494208, acc: 67.57, bacc: 31.25, tmp_test_f1: 28.67, f1: 28.67
epoch:  94, val_loss:1.458403, acc: 67.57, bacc: 31.25, tmp_test_f1: 28.67, f1: 28.67
epoch:  95, val_loss:1.424805, acc: 67.57, bacc: 31.25, tmp_test_f1: 28.67, f1: 28.67
epoch:  96, val_loss:1.391105, acc: 67.57, bacc: 31.25, tmp_test_f1: 28.67, f1: 28.67
epoch:  97, val_loss:1.361047, acc: 67.57, bacc: 31.25, tmp_test_f1: 28.67, f1: 28.67
epoch:  98, val_loss:1.325377, acc: 67.57, bacc: 31.25, tmp_test_f1: 28.67, f1: 28.67
epoch:  99, val_loss:1.299799, acc: 67.57, bacc: 31.25, tmp_test_f1: 28.67, f1: 28.67
epoch: 100, val_loss:1.287574, acc: 67.57, bacc: 31.25, tmp_test_f1: 28.67, f1: 28.67
epoch: 101, val_loss:1.281626, acc: 67.57, bacc: 31.25, tmp_test_f1: 28.67, f1: 28.67
epoch: 102, val_loss:1.258019, acc: 67.57, bacc: 31.25, tmp_test_f1: 28.67, f1: 28.67
test_f1 CountNotImproved reset to 0 in epoch 103
epoch: 103, val_loss:1.231062, acc: 70.27, bacc: 37.50, tmp_test_f1: 34.98, f1: 34.98
epoch: 104, val_loss:1.205926, acc: 70.27, bacc: 37.50, tmp_test_f1: 32.68, f1: 34.98
epoch: 105, val_loss:1.192427, acc: 70.27, bacc: 37.50, tmp_test_f1: 32.68, f1: 34.98
epoch: 106, val_loss:1.187657, acc: 70.27, bacc: 37.50, tmp_test_f1: 32.68, f1: 34.98
epoch: 107, val_loss:1.186071, acc: 70.27, bacc: 37.50, tmp_test_f1: 26.97, f1: 34.98
epoch: 108, val_loss:1.190944, acc: 70.27, bacc: 37.50, tmp_test_f1: 26.97, f1: 34.98
epoch: 109, val_loss:1.197151, acc: 70.27, bacc: 37.50, tmp_test_f1: 28.67, f1: 34.98
epoch: 110, val_loss:1.217645, acc: 70.27, bacc: 37.50, tmp_test_f1: 30.00, f1: 34.98
epoch: 111, val_loss:1.396384, acc: 70.27, bacc: 37.50, tmp_test_f1: 19.67, f1: 34.98
epoch: 112, val_loss:1.451344, acc: 70.27, bacc: 37.50, tmp_test_f1: 19.67, f1: 34.98
epoch: 113, val_loss:1.280024, acc: 70.27, bacc: 37.50, tmp_test_f1: 19.67, f1: 34.98
epoch: 114, val_loss:1.374694, acc: 70.27, bacc: 37.50, tmp_test_f1: 19.67, f1: 34.98
epoch: 115, val_loss:1.396208, acc: 70.27, bacc: 37.50, tmp_test_f1: 19.67, f1: 34.98
epoch: 116, val_loss:1.405237, acc: 70.27, bacc: 37.50, tmp_test_f1: 19.67, f1: 34.98
epoch: 117, val_loss:1.409122, acc: 70.27, bacc: 37.50, tmp_test_f1: 19.67, f1: 34.98
epoch: 118, val_loss:1.407312, acc: 70.27, bacc: 37.50, tmp_test_f1: 19.67, f1: 34.98
epoch: 119, val_loss:1.403980, acc: 70.27, bacc: 37.50, tmp_test_f1: 19.67, f1: 34.98
epoch: 120, val_loss:1.400894, acc: 70.27, bacc: 37.50, tmp_test_f1: 19.67, f1: 34.98
epoch: 121, val_loss:1.387828, acc: 70.27, bacc: 37.50, tmp_test_f1: 19.67, f1: 34.98
epoch: 122, val_loss:1.381909, acc: 70.27, bacc: 37.50, tmp_test_f1: 19.67, f1: 34.98
epoch: 123, val_loss:1.324706, acc: 70.27, bacc: 37.50, tmp_test_f1: 19.67, f1: 34.98
epoch: 124, val_loss:1.288884, acc: 70.27, bacc: 37.50, tmp_test_f1: 19.67, f1: 34.98
epoch: 125, val_loss:1.384079, acc: 70.27, bacc: 37.50, tmp_test_f1: 19.67, f1: 34.98
epoch: 126, val_loss:1.513297, acc: 70.27, bacc: 37.50, tmp_test_f1: 19.67, f1: 34.98
epoch: 127, val_loss:1.535472, acc: 70.27, bacc: 37.50, tmp_test_f1: 19.67, f1: 34.98
epoch: 128, val_loss:1.575011, acc: 70.27, bacc: 37.50, tmp_test_f1: 20.00, f1: 34.98
epoch: 129, val_loss:1.681473, acc: 70.27, bacc: 37.50, tmp_test_f1: 20.00, f1: 34.98
epoch: 130, val_loss:1.648502, acc: 70.27, bacc: 37.50, tmp_test_f1: 20.00, f1: 34.98
epoch: 131, val_loss:1.695582, acc: 70.27, bacc: 37.50, tmp_test_f1: 19.67, f1: 34.98
epoch: 132, val_loss:1.574468, acc: 70.27, bacc: 37.50, tmp_test_f1: 19.67, f1: 34.98
epoch: 133, val_loss:1.594258, acc: 70.27, bacc: 37.50, tmp_test_f1: 19.67, f1: 34.98
epoch: 134, val_loss:1.595181, acc: 70.27, bacc: 37.50, tmp_test_f1: 19.67, f1: 34.98
epoch: 135, val_loss:1.613622, acc: 70.27, bacc: 37.50, tmp_test_f1: 19.17, f1: 34.98
epoch: 136, val_loss:1.773146, acc: 70.27, bacc: 37.50, tmp_test_f1: 19.17, f1: 34.98
epoch: 137, val_loss:1.788007, acc: 70.27, bacc: 37.50, tmp_test_f1: 19.17, f1: 34.98
epoch: 138, val_loss:1.767235, acc: 70.27, bacc: 37.50, tmp_test_f1: 19.17, f1: 34.98
epoch: 139, val_loss:2.018456, acc: 70.27, bacc: 37.50, tmp_test_f1: 19.17, f1: 34.98
epoch: 140, val_loss:2.024602, acc: 70.27, bacc: 37.50, tmp_test_f1: 19.17, f1: 34.98
epoch: 141, val_loss:2.043704, acc: 70.27, bacc: 37.50, tmp_test_f1: 19.67, f1: 34.98
epoch: 142, val_loss:1.869931, acc: 70.27, bacc: 37.50, tmp_test_f1: 19.67, f1: 34.98
epoch: 143, val_loss:1.748084, acc: 70.27, bacc: 37.50, tmp_test_f1: 18.64, f1: 34.98
epoch: 144, val_loss:1.797567, acc: 70.27, bacc: 37.50, tmp_test_f1: 19.67, f1: 34.98
epoch: 145, val_loss:1.613454, acc: 70.27, bacc: 37.50, tmp_test_f1: 19.67, f1: 34.98
epoch: 146, val_loss:1.587928, acc: 70.27, bacc: 37.50, tmp_test_f1: 19.67, f1: 34.98
epoch: 147, val_loss:1.557562, acc: 70.27, bacc: 37.50, tmp_test_f1: 19.67, f1: 34.98
epoch: 148, val_loss:1.551827, acc: 70.27, bacc: 37.50, tmp_test_f1: 19.67, f1: 34.98
epoch: 149, val_loss:1.605869, acc: 70.27, bacc: 37.50, tmp_test_f1: 19.67, f1: 34.98
epoch: 150, val_loss:2.116850, acc: 70.27, bacc: 37.50, tmp_test_f1: 19.67, f1: 34.98
epoch: 151, val_loss:1.487004, acc: 70.27, bacc: 37.50, tmp_test_f1: 19.67, f1: 34.98
epoch: 152, val_loss:1.445191, acc: 70.27, bacc: 37.50, tmp_test_f1: 19.67, f1: 34.98
epoch: 153, val_loss:1.459141, acc: 70.27, bacc: 37.50, tmp_test_f1: 19.67, f1: 34.98
epoch: 154, val_loss:1.478051, acc: 70.27, bacc: 37.50, tmp_test_f1: 19.67, f1: 34.98
epoch: 155, val_loss:1.426699, acc: 70.27, bacc: 37.50, tmp_test_f1: 19.67, f1: 34.98
epoch: 156, val_loss:1.498660, acc: 70.27, bacc: 37.50, tmp_test_f1: 19.67, f1: 34.98
epoch: 157, val_loss:1.538763, acc: 70.27, bacc: 37.50, tmp_test_f1: 19.67, f1: 34.98
epoch: 158, val_loss:1.541227, acc: 70.27, bacc: 37.50, tmp_test_f1: 19.67, f1: 34.98
epoch: 159, val_loss:1.544219, acc: 70.27, bacc: 37.50, tmp_test_f1: 19.67, f1: 34.98
epoch: 160, val_loss:1.544168, acc: 70.27, bacc: 37.50, tmp_test_f1: 19.67, f1: 34.98
epoch: 161, val_loss:1.527841, acc: 70.27, bacc: 37.50, tmp_test_f1: 19.67, f1: 34.98
epoch: 162, val_loss:1.547271, acc: 70.27, bacc: 37.50, tmp_test_f1: 19.67, f1: 34.98
epoch: 163, val_loss:1.602507, acc: 70.27, bacc: 37.50, tmp_test_f1: 19.67, f1: 34.98
epoch: 164, val_loss:1.572004, acc: 70.27, bacc: 37.50, tmp_test_f1: 19.67, f1: 34.98
epoch: 165, val_loss:1.744606, acc: 70.27, bacc: 37.50, tmp_test_f1: 19.67, f1: 34.98
epoch: 166, val_loss:1.853439, acc: 70.27, bacc: 37.50, tmp_test_f1: 19.67, f1: 34.98
epoch: 167, val_loss:1.960390, acc: 70.27, bacc: 37.50, tmp_test_f1: 19.67, f1: 34.98
epoch: 168, val_loss:1.970591, acc: 70.27, bacc: 37.50, tmp_test_f1: 19.67, f1: 34.98
epoch: 169, val_loss:1.958725, acc: 70.27, bacc: 37.50, tmp_test_f1: 19.67, f1: 34.98
epoch: 170, val_loss:1.981815, acc: 70.27, bacc: 37.50, tmp_test_f1: 15.54, f1: 34.98
epoch: 171, val_loss:1.989611, acc: 70.27, bacc: 37.50, tmp_test_f1: 20.34, f1: 34.98
epoch: 172, val_loss:1.762364, acc: 70.27, bacc: 37.50, tmp_test_f1: 20.34, f1: 34.98
epoch: 173, val_loss:1.879369, acc: 70.27, bacc: 37.50, tmp_test_f1: 20.69, f1: 34.98
epoch: 174, val_loss:1.722677, acc: 70.27, bacc: 37.50, tmp_test_f1: 20.69, f1: 34.98
epoch: 175, val_loss:1.658016, acc: 70.27, bacc: 37.50, tmp_test_f1: 27.83, f1: 34.98
epoch: 176, val_loss:1.620024, acc: 70.27, bacc: 37.50, tmp_test_f1: 19.67, f1: 34.98
epoch: 177, val_loss:1.557560, acc: 70.27, bacc: 37.50, tmp_test_f1: 19.67, f1: 34.98
epoch: 178, val_loss:1.507990, acc: 70.27, bacc: 37.50, tmp_test_f1: 19.67, f1: 34.98
epoch: 179, val_loss:1.526041, acc: 70.27, bacc: 37.50, tmp_test_f1: 19.67, f1: 34.98
epoch: 180, val_loss:1.545488, acc: 70.27, bacc: 37.50, tmp_test_f1: 19.67, f1: 34.98
epoch: 181, val_loss:1.565668, acc: 70.27, bacc: 37.50, tmp_test_f1: 19.67, f1: 34.98
epoch: 182, val_loss:1.517480, acc: 70.27, bacc: 37.50, tmp_test_f1: 19.67, f1: 34.98
epoch: 183, val_loss:1.520390, acc: 70.27, bacc: 37.50, tmp_test_f1: 19.67, f1: 34.98
epoch: 184, val_loss:1.450686, acc: 70.27, bacc: 37.50, tmp_test_f1: 19.67, f1: 34.98
epoch: 185, val_loss:1.379760, acc: 70.27, bacc: 37.50, tmp_test_f1: 19.67, f1: 34.98
epoch: 186, val_loss:1.441337, acc: 70.27, bacc: 37.50, tmp_test_f1: 19.67, f1: 34.98
epoch: 187, val_loss:1.577711, acc: 70.27, bacc: 37.50, tmp_test_f1: 19.67, f1: 34.98
epoch: 188, val_loss:1.699057, acc: 70.27, bacc: 37.50, tmp_test_f1: 19.67, f1: 34.98
epoch: 189, val_loss:1.783827, acc: 70.27, bacc: 37.50, tmp_test_f1: 19.67, f1: 34.98
epoch: 190, val_loss:1.859744, acc: 70.27, bacc: 37.50, tmp_test_f1: 19.67, f1: 34.98
epoch: 191, val_loss:2.142462, acc: 70.27, bacc: 37.50, tmp_test_f1: 19.67, f1: 34.98
epoch: 192, val_loss:2.002812, acc: 70.27, bacc: 37.50, tmp_test_f1: 19.67, f1: 34.98
epoch: 193, val_loss:2.191778, acc: 70.27, bacc: 37.50, tmp_test_f1: 19.67, f1: 34.98
epoch: 194, val_loss:2.692895, acc: 70.27, bacc: 37.50, tmp_test_f1: 19.67, f1: 34.98
epoch: 195, val_loss:3.357618, acc: 70.27, bacc: 37.50, tmp_test_f1: 19.67, f1: 34.98
epoch: 196, val_loss:4.322348, acc: 70.27, bacc: 37.50, tmp_test_f1: 19.67, f1: 34.98
epoch: 197, val_loss:4.316730, acc: 70.27, bacc: 37.50, tmp_test_f1: 19.30, f1: 34.98
epoch: 198, val_loss:2.372698, acc: 70.27, bacc: 37.50, tmp_test_f1: 19.30, f1: 34.98
epoch: 199, val_loss:2.619943, acc: 70.27, bacc: 37.50, tmp_test_f1: 19.30, f1: 34.98
epoch: 200, val_loss:3.107607, acc: 70.27, bacc: 37.50, tmp_test_f1: 19.30, f1: 34.98
epoch: 201, val_loss:3.372555, acc: 70.27, bacc: 37.50, tmp_test_f1: 18.42, f1: 34.98
epoch: 202, val_loss:2.320408, acc: 70.27, bacc: 37.50, tmp_test_f1: 19.17, f1: 34.98
epoch: 203, val_loss:1.896537, acc: 70.27, bacc: 37.50, tmp_test_f1: 19.17, f1: 34.98
epoch: 204, val_loss:2.246697, acc: 70.27, bacc: 37.50, tmp_test_f1: 18.10, f1: 34.98
epoch: 205, val_loss:3.002742, acc: 70.27, bacc: 37.50, tmp_test_f1: 25.00, f1: 34.98
epoch: 206, val_loss:3.249265, acc: 70.27, bacc: 37.50, tmp_test_f1: 25.00, f1: 34.98
epoch: 207, val_loss:3.440001, acc: 70.27, bacc: 37.50, tmp_test_f1: 25.66, f1: 34.98
epoch: 208, val_loss:4.089841, acc: 70.27, bacc: 37.50, tmp_test_f1: 27.42, f1: 34.98
epoch: 209, val_loss:5.068156, acc: 70.27, bacc: 37.50, tmp_test_f1: 29.83, f1: 34.98
test_f1 CountNotImproved reset to 0 in epoch 210
epoch: 210, val_loss:2.990464, acc: 67.57, bacc: 36.46, tmp_test_f1: 37.32, f1: 37.32
epoch: 211, val_loss:3.225414, acc: 67.57, bacc: 36.46, tmp_test_f1: 20.43, f1: 37.32
epoch: 212, val_loss:4.696673, acc: 67.57, bacc: 36.46, tmp_test_f1: 29.83, f1: 37.32
epoch: 213, val_loss:2.738678, acc: 67.57, bacc: 36.46, tmp_test_f1: 29.83, f1: 37.32
epoch: 214, val_loss:2.361423, acc: 67.57, bacc: 36.46, tmp_test_f1: 29.49, f1: 37.32
epoch: 215, val_loss:2.156251, acc: 67.57, bacc: 36.46, tmp_test_f1: 29.49, f1: 37.32
epoch: 216, val_loss:1.956904, acc: 67.57, bacc: 36.46, tmp_test_f1: 30.00, f1: 37.32
epoch: 217, val_loss:1.756081, acc: 67.57, bacc: 36.46, tmp_test_f1: 30.00, f1: 37.32
epoch: 218, val_loss:1.507749, acc: 67.57, bacc: 36.46, tmp_test_f1: 30.00, f1: 37.32
epoch: 219, val_loss:1.277426, acc: 67.57, bacc: 36.46, tmp_test_f1: 30.00, f1: 37.32
epoch: 220, val_loss:1.367021, acc: 67.57, bacc: 36.46, tmp_test_f1: 30.00, f1: 37.32
epoch: 221, val_loss:1.489326, acc: 67.57, bacc: 36.46, tmp_test_f1: 30.00, f1: 37.32
epoch: 222, val_loss:1.522686, acc: 67.57, bacc: 36.46, tmp_test_f1: 30.00, f1: 37.32
epoch: 223, val_loss:1.537564, acc: 67.57, bacc: 36.46, tmp_test_f1: 30.00, f1: 37.32
epoch: 224, val_loss:1.566708, acc: 67.57, bacc: 36.46, tmp_test_f1: 30.00, f1: 37.32
epoch: 225, val_loss:1.595365, acc: 67.57, bacc: 36.46, tmp_test_f1: 30.00, f1: 37.32
epoch: 226, val_loss:1.599021, acc: 67.57, bacc: 36.46, tmp_test_f1: 30.00, f1: 37.32
epoch: 227, val_loss:1.466435, acc: 67.57, bacc: 36.46, tmp_test_f1: 30.00, f1: 37.32
epoch: 228, val_loss:1.347225, acc: 67.57, bacc: 36.46, tmp_test_f1: 20.00, f1: 37.32
epoch: 229, val_loss:1.388202, acc: 67.57, bacc: 36.46, tmp_test_f1: 19.17, f1: 37.32
epoch: 230, val_loss:1.400802, acc: 67.57, bacc: 36.46, tmp_test_f1: 3.95, f1: 37.32
epoch: 231, val_loss:2.078212, acc: 67.57, bacc: 36.46, tmp_test_f1: 6.02, f1: 37.32
epoch: 232, val_loss:9.155557, acc: 67.57, bacc: 36.46, tmp_test_f1: 18.64, f1: 37.32
epoch: 233, val_loss:1.460195, acc: 67.57, bacc: 36.46, tmp_test_f1: 20.00, f1: 37.32
epoch: 234, val_loss:1.288113, acc: 67.57, bacc: 36.46, tmp_test_f1: 19.49, f1: 37.32
epoch: 235, val_loss:1.370195, acc: 67.57, bacc: 36.46, tmp_test_f1: 19.83, f1: 37.32
epoch: 236, val_loss:1.435426, acc: 67.57, bacc: 36.46, tmp_test_f1: 19.83, f1: 37.32
epoch: 237, val_loss:1.473075, acc: 67.57, bacc: 36.46, tmp_test_f1: 19.30, f1: 37.32
epoch: 238, val_loss:1.429818, acc: 67.57, bacc: 36.46, tmp_test_f1: 19.30, f1: 37.32
epoch: 239, val_loss:1.516346, acc: 67.57, bacc: 36.46, tmp_test_f1: 22.22, f1: 37.32
epoch: 240, val_loss:1.761989, acc: 67.57, bacc: 36.46, tmp_test_f1: 19.49, f1: 37.32
epoch: 241, val_loss:1.501063, acc: 67.57, bacc: 36.46, tmp_test_f1: 28.16, f1: 37.32
test_f1 CountNotImproved reset to 0 in epoch 242
epoch: 242, val_loss:1.503696, acc: 67.57, bacc: 35.21, tmp_test_f1: 38.16, f1: 38.16
epoch: 243, val_loss:1.519753, acc: 67.57, bacc: 35.21, tmp_test_f1: 38.16, f1: 38.16
epoch: 244, val_loss:1.469076, acc: 67.57, bacc: 35.21, tmp_test_f1: 28.16, f1: 38.16
epoch: 245, val_loss:1.433878, acc: 67.57, bacc: 35.21, tmp_test_f1: 29.49, f1: 38.16
epoch: 246, val_loss:1.405648, acc: 67.57, bacc: 35.21, tmp_test_f1: 19.17, f1: 38.16
epoch: 247, val_loss:1.382130, acc: 67.57, bacc: 35.21, tmp_test_f1: 19.17, f1: 38.16
epoch: 248, val_loss:1.400676, acc: 67.57, bacc: 35.21, tmp_test_f1: 19.49, f1: 38.16
epoch: 249, val_loss:1.557829, acc: 67.57, bacc: 35.21, tmp_test_f1: 19.49, f1: 38.16
epoch: 250, val_loss:1.463982, acc: 67.57, bacc: 35.21, tmp_test_f1: 19.49, f1: 38.16
epoch: 251, val_loss:1.504207, acc: 67.57, bacc: 35.21, tmp_test_f1: 19.49, f1: 38.16
epoch: 252, val_loss:1.501735, acc: 67.57, bacc: 35.21, tmp_test_f1: 19.49, f1: 38.16
epoch: 253, val_loss:1.538035, acc: 67.57, bacc: 35.21, tmp_test_f1: 19.49, f1: 38.16
epoch: 254, val_loss:1.560320, acc: 67.57, bacc: 35.21, tmp_test_f1: 19.49, f1: 38.16
epoch: 255, val_loss:1.576730, acc: 67.57, bacc: 35.21, tmp_test_f1: 19.17, f1: 38.16
epoch: 256, val_loss:1.586315, acc: 67.57, bacc: 35.21, tmp_test_f1: 19.17, f1: 38.16
epoch: 257, val_loss:1.568393, acc: 67.57, bacc: 35.21, tmp_test_f1: 19.67, f1: 38.16
epoch: 258, val_loss:1.501704, acc: 67.57, bacc: 35.21, tmp_test_f1: 19.67, f1: 38.16
epoch: 259, val_loss:1.499839, acc: 67.57, bacc: 35.21, tmp_test_f1: 19.67, f1: 38.16
epoch: 260, val_loss:1.406686, acc: 67.57, bacc: 35.21, tmp_test_f1: 20.00, f1: 38.16
epoch: 261, val_loss:1.363373, acc: 67.57, bacc: 35.21, tmp_test_f1: 30.00, f1: 38.16
epoch: 262, val_loss:1.372194, acc: 67.57, bacc: 35.21, tmp_test_f1: 30.00, f1: 38.16
epoch: 263, val_loss:1.384464, acc: 67.57, bacc: 35.21, tmp_test_f1: 20.00, f1: 38.16
epoch: 264, val_loss:1.371798, acc: 67.57, bacc: 35.21, tmp_test_f1: 30.00, f1: 38.16
epoch: 265, val_loss:1.376539, acc: 67.57, bacc: 35.21, tmp_test_f1: 30.00, f1: 38.16
epoch: 266, val_loss:1.367110, acc: 67.57, bacc: 35.21, tmp_test_f1: 30.00, f1: 38.16
epoch: 267, val_loss:1.333441, acc: 67.57, bacc: 35.21, tmp_test_f1: 28.67, f1: 38.16
epoch: 268, val_loss:1.307864, acc: 67.57, bacc: 35.21, tmp_test_f1: 28.67, f1: 38.16
epoch: 269, val_loss:1.298526, acc: 67.57, bacc: 35.21, tmp_test_f1: 28.67, f1: 38.16
epoch: 270, val_loss:1.285232, acc: 67.57, bacc: 35.21, tmp_test_f1: 27.83, f1: 38.16
epoch: 271, val_loss:1.290510, acc: 67.57, bacc: 35.21, tmp_test_f1: 27.83, f1: 38.16
epoch: 272, val_loss:1.289345, acc: 67.57, bacc: 35.21, tmp_test_f1: 27.83, f1: 38.16
epoch: 273, val_loss:1.430449, acc: 67.57, bacc: 35.21, tmp_test_f1: 20.34, f1: 38.16
epoch: 274, val_loss:1.245182, acc: 67.57, bacc: 35.21, tmp_test_f1: 30.00, f1: 38.16
epoch: 275, val_loss:1.261202, acc: 67.57, bacc: 35.21, tmp_test_f1: 30.34, f1: 38.16
epoch: 276, val_loss:1.252544, acc: 67.57, bacc: 35.21, tmp_test_f1: 30.34, f1: 38.16
test_f1 CountNotImproved reset to 0 in epoch 277
epoch: 277, val_loss:1.242751, acc: 70.27, bacc: 37.50, tmp_test_f1: 40.34, f1: 40.34
epoch: 278, val_loss:1.236650, acc: 70.27, bacc: 37.50, tmp_test_f1: 40.34, f1: 40.34
epoch: 279, val_loss:1.236036, acc: 70.27, bacc: 37.50, tmp_test_f1: 40.34, f1: 40.34
epoch: 280, val_loss:1.240033, acc: 70.27, bacc: 37.50, tmp_test_f1: 40.34, f1: 40.34
epoch: 281, val_loss:1.250355, acc: 70.27, bacc: 37.50, tmp_test_f1: 30.00, f1: 40.34
epoch: 282, val_loss:1.262194, acc: 70.27, bacc: 37.50, tmp_test_f1: 30.00, f1: 40.34
epoch: 283, val_loss:1.298293, acc: 70.27, bacc: 37.50, tmp_test_f1: 30.00, f1: 40.34
epoch: 284, val_loss:1.311473, acc: 70.27, bacc: 37.50, tmp_test_f1: 30.00, f1: 40.34
epoch: 285, val_loss:1.354421, acc: 70.27, bacc: 37.50, tmp_test_f1: 30.00, f1: 40.34
epoch: 286, val_loss:1.243971, acc: 70.27, bacc: 37.50, tmp_test_f1: 20.34, f1: 40.34
epoch: 287, val_loss:1.290109, acc: 70.27, bacc: 37.50, tmp_test_f1: 20.00, f1: 40.34
epoch: 288, val_loss:1.375011, acc: 70.27, bacc: 37.50, tmp_test_f1: 20.00, f1: 40.34
epoch: 289, val_loss:1.268886, acc: 70.27, bacc: 37.50, tmp_test_f1: 18.97, f1: 40.34
epoch: 290, val_loss:1.594441, acc: 70.27, bacc: 37.50, tmp_test_f1: 19.30, f1: 40.34
epoch: 291, val_loss:1.401221, acc: 70.27, bacc: 37.50, tmp_test_f1: 19.30, f1: 40.34
epoch: 292, val_loss:1.499880, acc: 70.27, bacc: 37.50, tmp_test_f1: 19.30, f1: 40.34
epoch: 293, val_loss:1.483327, acc: 70.27, bacc: 37.50, tmp_test_f1: 18.97, f1: 40.34
epoch: 294, val_loss:1.459765, acc: 70.27, bacc: 37.50, tmp_test_f1: 19.49, f1: 40.34
epoch: 295, val_loss:1.408003, acc: 70.27, bacc: 37.50, tmp_test_f1: 19.49, f1: 40.34
epoch: 296, val_loss:1.400406, acc: 70.27, bacc: 37.50, tmp_test_f1: 11.09, f1: 40.34
epoch: 297, val_loss:2.370396, acc: 70.27, bacc: 37.50, tmp_test_f1: 11.81, f1: 40.34
epoch: 298, val_loss:2.145206, acc: 70.27, bacc: 37.50, tmp_test_f1: 19.49, f1: 40.34
epoch: 299, val_loss:3.158259, acc: 70.27, bacc: 37.50, tmp_test_f1: 19.49, f1: 40.34
epoch: 300, val_loss:3.373795, acc: 70.27, bacc: 37.50, tmp_test_f1: 18.97, f1: 40.34
epoch: 301, val_loss:3.866668, acc: 70.27, bacc: 37.50, tmp_test_f1: 18.97, f1: 40.34
epoch: 302, val_loss:4.912406, acc: 70.27, bacc: 37.50, tmp_test_f1: 18.64, f1: 40.34
epoch: 303, val_loss:5.604616, acc: 70.27, bacc: 37.50, tmp_test_f1: 18.64, f1: 40.34
epoch: 304, val_loss:5.581447, acc: 70.27, bacc: 37.50, tmp_test_f1: 19.17, f1: 40.34
epoch: 305, val_loss:5.228620, acc: 70.27, bacc: 37.50, tmp_test_f1: 19.17, f1: 40.34
Traceback (most recent call last):
  File "/home/qj2004/GraphSHA/DiGMain.py", line 328, in <module>
    val_loss = train(train_idx, edge_in, in_weight, edge_out, out_weight, SparseEdges, edge_weight)
               ^^^^^^^^^^^^^^^^^^^^^^^^^^^^^^^^^^^^^^^^^^^^^^^^^^^^^^^^^^^^^^^^^^^^^^^^^^^^^^^^^^^^
  File "/home/qj2004/GraphSHA/DiGMain.py", line 54, in train
    new_edge_index = neighbor_sampling_reverse(data_x.size(0), edges, sampling_src_idx,neighbor_dist_list)
                     ^^^^^^^^^^^^^^^^^^^^^^^^^^^^^^^^^^^^^^^^^^^^^^^^^^^^^^^^^^^^^^^^^^^^^^^^^^^^^^^^^^^^^
  File "/home/qj2004/GraphSHA/gens.py", line 292, in neighbor_sampling_reverse
    mixed_neighbor_dist = neighbor_dist_list[sampling_src_idx]
                          ~~~~~~~~~~~~~~~~~~^^^^^^^^^^^^^^^^^^
IndexError: tensors used as indices must be long, int, byte or bool tensors
./1GPU2Aug.sh: line 36: --Direct_dataset=WikiCS/: No such file or directory
