cuda is not available, using CPU.
Namespace(to_undirected=False, IsDirectedData=True, AugDirect=1, net='SymDiGCN', GPUdevice=1, seed=100, undirect_dataset='Cora', Direct_dataset='dgl/citeseer', imb_ratio=100, dropout=0.5, layer=1, alpha=0.1, K=2, feat_dim=64, warmup=5, epoch=1500, lr=0.1, l2=0.0005, tau=2, max=False, no_mask=False, gdc='ppr', heads=8, log_root='../logs/', log_path='test', data_path='../dataset/data/tmp/')
  NumNodes: 3327
  NumEdges: 4676
  NumFeats: 3703
  NumClasses: 6
  NumTrainingSamples: 120
  NumValidationSamples: 500
  NumTestSamples: 1000
Done loading data from cached files.
The Dataset is  Dataset("citeseer", num_graphs=1, save_path=/home/qin/.dgl/citeseer_d6836239) from DirectedData:  True
dict_keys(['feat', 'label', 'test_mask', 'val_mask', 'train_mask'])
Num_bidirect_edges: 0, total_num_edges: 4676
This is directed graph:  True
data_x torch.Size([3327, 3703])
SymLayer1(
  (gconv): DGCNConv(None, None)
  (Conv): Conv1d(18, 6, kernel_size=(1,), stride=(1,))
  (lin1): Linear(in_features=3703, out_features=6, bias=False)
)
test_f1 CountNotImproved reset to 0 in epoch 0
epoch:   0, val_loss:1.829322, acc: 7.70, bacc: 16.67, tmp_test_f1: 2.38, f1: 2.38
epoch:   1, val_loss:1.890690, acc: 7.70, bacc: 16.67, tmp_test_f1: 2.38, f1: 2.38
epoch:   2, val_loss:2.118097, acc: 7.70, bacc: 16.67, tmp_test_f1: 2.38, f1: 2.38
epoch:   3, val_loss:2.707294, acc: 7.70, bacc: 16.67, tmp_test_f1: 2.38, f1: 2.38
test_f1 CountNotImproved reset to 0 in epoch 4
epoch:   4, val_loss:3.443876, acc: 7.70, bacc: 16.67, tmp_test_f1: 2.39, f1: 2.39
test_f1 CountNotImproved reset to 0 in epoch 5
epoch:   5, val_loss:3.810927, acc: 8.60, bacc: 17.49, tmp_test_f1: 4.01, f1: 4.01
test_f1 CountNotImproved reset to 0 in epoch 6
epoch:   6, val_loss:4.012074, acc: 18.70, bacc: 26.29, tmp_test_f1: 14.97, f1: 14.97
test_f1 CountNotImproved reset to 0 in epoch 7
epoch:   7, val_loss:3.454381, acc: 25.60, bacc: 31.26, tmp_test_f1: 17.81, f1: 17.81
epoch:   8, val_loss:2.718013, acc: 25.60, bacc: 31.26, tmp_test_f1: 17.22, f1: 17.81
test_f1 CountNotImproved reset to 0 in epoch 9
epoch:   9, val_loss:2.038475, acc: 26.30, bacc: 29.47, tmp_test_f1: 18.44, f1: 18.44
epoch:  10, val_loss:1.754079, acc: 26.30, bacc: 29.47, tmp_test_f1: 10.12, f1: 18.44
epoch:  11, val_loss:1.798259, acc: 26.30, bacc: 29.47, tmp_test_f1: 7.43, f1: 18.44
epoch:  12, val_loss:1.917965, acc: 26.30, bacc: 29.47, tmp_test_f1: 4.47, f1: 18.44
epoch:  13, val_loss:2.102787, acc: 26.30, bacc: 29.47, tmp_test_f1: 2.59, f1: 18.44
epoch:  14, val_loss:2.405009, acc: 26.30, bacc: 29.47, tmp_test_f1: 2.39, f1: 18.44
epoch:  15, val_loss:2.785256, acc: 26.30, bacc: 29.47, tmp_test_f1: 2.39, f1: 18.44
epoch:  16, val_loss:3.096731, acc: 26.30, bacc: 29.47, tmp_test_f1: 2.38, f1: 18.44
epoch:  17, val_loss:3.310537, acc: 26.30, bacc: 29.47, tmp_test_f1: 2.57, f1: 18.44
epoch:  18, val_loss:3.502384, acc: 26.30, bacc: 29.47, tmp_test_f1: 2.57, f1: 18.44
epoch:  19, val_loss:3.629852, acc: 26.30, bacc: 29.47, tmp_test_f1: 2.57, f1: 18.44
epoch:  20, val_loss:3.670469, acc: 26.30, bacc: 29.47, tmp_test_f1: 2.57, f1: 18.44
epoch:  21, val_loss:3.661536, acc: 26.30, bacc: 29.47, tmp_test_f1: 2.75, f1: 18.44
epoch:  22, val_loss:3.499437, acc: 26.30, bacc: 29.47, tmp_test_f1: 2.75, f1: 18.44
epoch:  23, val_loss:3.298614, acc: 26.30, bacc: 29.47, tmp_test_f1: 3.49, f1: 18.44
epoch:  24, val_loss:2.947669, acc: 26.30, bacc: 29.47, tmp_test_f1: 4.63, f1: 18.44
epoch:  25, val_loss:2.568027, acc: 26.30, bacc: 29.47, tmp_test_f1: 6.07, f1: 18.44
epoch:  26, val_loss:2.365940, acc: 26.30, bacc: 29.47, tmp_test_f1: 6.27, f1: 18.44
epoch:  27, val_loss:2.402092, acc: 26.30, bacc: 29.47, tmp_test_f1: 4.63, f1: 18.44
epoch:  28, val_loss:2.658281, acc: 26.30, bacc: 29.47, tmp_test_f1: 2.96, f1: 18.44
epoch:  29, val_loss:3.092468, acc: 26.30, bacc: 29.47, tmp_test_f1: 2.39, f1: 18.44
epoch:  30, val_loss:3.514782, acc: 26.30, bacc: 29.47, tmp_test_f1: 2.38, f1: 18.44
epoch:  31, val_loss:3.838005, acc: 26.30, bacc: 29.47, tmp_test_f1: 2.38, f1: 18.44
epoch:  32, val_loss:3.889571, acc: 26.30, bacc: 29.47, tmp_test_f1: 2.57, f1: 18.44
epoch:  33, val_loss:3.651506, acc: 26.30, bacc: 29.47, tmp_test_f1: 2.57, f1: 18.44
epoch:  34, val_loss:3.347633, acc: 26.30, bacc: 29.47, tmp_test_f1: 4.54, f1: 18.44
epoch:  35, val_loss:2.870071, acc: 26.30, bacc: 29.47, tmp_test_f1: 5.05, f1: 18.44
epoch:  36, val_loss:2.658642, acc: 26.30, bacc: 29.47, tmp_test_f1: 5.17, f1: 18.44
epoch:  37, val_loss:2.563679, acc: 26.30, bacc: 29.47, tmp_test_f1: 4.54, f1: 18.44
epoch:  38, val_loss:2.689451, acc: 26.30, bacc: 29.47, tmp_test_f1: 2.76, f1: 18.44
epoch:  39, val_loss:2.993950, acc: 26.30, bacc: 29.47, tmp_test_f1: 2.57, f1: 18.44
epoch:  40, val_loss:3.394398, acc: 26.30, bacc: 29.47, tmp_test_f1: 2.57, f1: 18.44
epoch:  41, val_loss:3.561617, acc: 26.30, bacc: 29.47, tmp_test_f1: 2.57, f1: 18.44
epoch:  42, val_loss:3.519705, acc: 26.30, bacc: 29.47, tmp_test_f1: 2.77, f1: 18.44
epoch:  43, val_loss:3.170787, acc: 26.30, bacc: 29.47, tmp_test_f1: 4.01, f1: 18.44
epoch:  44, val_loss:2.729582, acc: 26.30, bacc: 29.47, tmp_test_f1: 5.51, f1: 18.44
epoch:  45, val_loss:2.532433, acc: 26.30, bacc: 29.47, tmp_test_f1: 5.09, f1: 18.44
epoch:  46, val_loss:2.620037, acc: 26.30, bacc: 29.47, tmp_test_f1: 3.31, f1: 18.44
epoch:  47, val_loss:2.908233, acc: 26.30, bacc: 29.47, tmp_test_f1: 2.57, f1: 18.44
epoch:  48, val_loss:3.317467, acc: 26.30, bacc: 29.47, tmp_test_f1: 2.39, f1: 18.44
epoch:  49, val_loss:3.769980, acc: 26.30, bacc: 29.47, tmp_test_f1: 2.39, f1: 18.44
epoch:  50, val_loss:3.936714, acc: 26.30, bacc: 29.47, tmp_test_f1: 2.38, f1: 18.44
epoch:  51, val_loss:4.041993, acc: 26.30, bacc: 29.47, tmp_test_f1: 2.38, f1: 18.44
epoch:  52, val_loss:3.810138, acc: 26.30, bacc: 29.47, tmp_test_f1: 2.57, f1: 18.44
epoch:  53, val_loss:3.462141, acc: 26.30, bacc: 29.47, tmp_test_f1: 2.77, f1: 18.44
epoch:  54, val_loss:3.168616, acc: 26.30, bacc: 29.47, tmp_test_f1: 3.29, f1: 18.44
epoch:  55, val_loss:2.980703, acc: 26.30, bacc: 29.47, tmp_test_f1: 3.30, f1: 18.44
epoch:  56, val_loss:2.998815, acc: 26.30, bacc: 29.47, tmp_test_f1: 2.93, f1: 18.44
epoch:  57, val_loss:3.189677, acc: 26.30, bacc: 29.47, tmp_test_f1: 2.57, f1: 18.44
epoch:  58, val_loss:3.483405, acc: 26.30, bacc: 29.47, tmp_test_f1: 2.57, f1: 18.44
epoch:  59, val_loss:3.774368, acc: 26.30, bacc: 29.47, tmp_test_f1: 2.57, f1: 18.44
epoch:  60, val_loss:3.982594, acc: 26.30, bacc: 29.47, tmp_test_f1: 2.38, f1: 18.44
epoch:  61, val_loss:4.246004, acc: 26.30, bacc: 29.47, tmp_test_f1: 2.38, f1: 18.44
epoch:  62, val_loss:4.291866, acc: 26.30, bacc: 29.47, tmp_test_f1: 2.57, f1: 18.44
epoch:  63, val_loss:4.030150, acc: 26.30, bacc: 29.47, tmp_test_f1: 2.93, f1: 18.44
epoch:  64, val_loss:3.676788, acc: 26.30, bacc: 29.47, tmp_test_f1: 3.66, f1: 18.44
epoch:  65, val_loss:3.337664, acc: 26.30, bacc: 29.47, tmp_test_f1: 4.69, f1: 18.44
epoch:  66, val_loss:3.020704, acc: 26.30, bacc: 29.47, tmp_test_f1: 4.85, f1: 18.44
epoch:  67, val_loss:2.783930, acc: 26.30, bacc: 29.47, tmp_test_f1: 4.86, f1: 18.44
epoch:  68, val_loss:2.824117, acc: 26.30, bacc: 29.47, tmp_test_f1: 4.87, f1: 18.44
epoch:  69, val_loss:2.951600, acc: 26.30, bacc: 29.47, tmp_test_f1: 4.54, f1: 18.44
epoch:  70, val_loss:3.222755, acc: 26.30, bacc: 29.47, tmp_test_f1: 3.46, f1: 18.44
epoch:  71, val_loss:3.480122, acc: 26.30, bacc: 29.47, tmp_test_f1: 3.11, f1: 18.44
epoch:  72, val_loss:3.692424, acc: 26.30, bacc: 29.47, tmp_test_f1: 2.93, f1: 18.44
epoch:  73, val_loss:3.821428, acc: 26.30, bacc: 29.47, tmp_test_f1: 2.75, f1: 18.44
epoch:  74, val_loss:3.832362, acc: 26.30, bacc: 29.47, tmp_test_f1: 2.75, f1: 18.44
epoch:  75, val_loss:3.733641, acc: 26.30, bacc: 29.47, tmp_test_f1: 2.75, f1: 18.44
epoch:  76, val_loss:3.613112, acc: 26.30, bacc: 29.47, tmp_test_f1: 3.33, f1: 18.44
epoch:  77, val_loss:3.388600, acc: 26.30, bacc: 29.47, tmp_test_f1: 4.07, f1: 18.44
epoch:  78, val_loss:3.099181, acc: 26.30, bacc: 29.47, tmp_test_f1: 4.42, f1: 18.44
epoch:  79, val_loss:3.059195, acc: 26.30, bacc: 29.47, tmp_test_f1: 3.48, f1: 18.44
epoch:  80, val_loss:3.250996, acc: 26.30, bacc: 29.47, tmp_test_f1: 2.93, f1: 18.44
epoch:  81, val_loss:3.597426, acc: 26.30, bacc: 29.47, tmp_test_f1: 2.93, f1: 18.44
epoch:  82, val_loss:3.877508, acc: 26.30, bacc: 29.47, tmp_test_f1: 2.93, f1: 18.44
epoch:  83, val_loss:4.133852, acc: 26.30, bacc: 29.47, tmp_test_f1: 2.93, f1: 18.44
epoch:  84, val_loss:4.234414, acc: 26.30, bacc: 29.47, tmp_test_f1: 3.11, f1: 18.44
epoch:  85, val_loss:3.928753, acc: 26.30, bacc: 29.47, tmp_test_f1: 3.28, f1: 18.44
epoch:  86, val_loss:3.504593, acc: 26.30, bacc: 29.47, tmp_test_f1: 3.48, f1: 18.44
epoch:  87, val_loss:3.265179, acc: 26.30, bacc: 29.47, tmp_test_f1: 3.86, f1: 18.44
epoch:  88, val_loss:3.142653, acc: 26.30, bacc: 29.47, tmp_test_f1: 3.33, f1: 18.44
epoch:  89, val_loss:3.237449, acc: 26.30, bacc: 29.47, tmp_test_f1: 2.77, f1: 18.44
epoch:  90, val_loss:3.402050, acc: 26.30, bacc: 29.47, tmp_test_f1: 2.38, f1: 18.44
epoch:  91, val_loss:3.682927, acc: 26.30, bacc: 29.47, tmp_test_f1: 2.38, f1: 18.44
epoch:  92, val_loss:3.933313, acc: 26.30, bacc: 29.47, tmp_test_f1: 2.38, f1: 18.44
epoch:  93, val_loss:4.145805, acc: 26.30, bacc: 29.47, tmp_test_f1: 2.57, f1: 18.44
epoch:  94, val_loss:4.037865, acc: 26.30, bacc: 29.47, tmp_test_f1: 3.62, f1: 18.44
epoch:  95, val_loss:3.529622, acc: 26.30, bacc: 29.47, tmp_test_f1: 4.54, f1: 18.44
epoch:  96, val_loss:3.148706, acc: 26.30, bacc: 29.47, tmp_test_f1: 5.48, f1: 18.44
epoch:  97, val_loss:2.903839, acc: 26.30, bacc: 29.47, tmp_test_f1: 5.10, f1: 18.44
epoch:  98, val_loss:2.923384, acc: 26.30, bacc: 29.47, tmp_test_f1: 3.99, f1: 18.44
epoch:  99, val_loss:3.141925, acc: 26.30, bacc: 29.47, tmp_test_f1: 2.95, f1: 18.44
epoch: 100, val_loss:3.437100, acc: 26.30, bacc: 29.47, tmp_test_f1: 2.58, f1: 18.44
epoch: 101, val_loss:3.710738, acc: 26.30, bacc: 29.47, tmp_test_f1: 2.39, f1: 18.44
epoch: 102, val_loss:3.924770, acc: 26.30, bacc: 29.47, tmp_test_f1: 2.38, f1: 18.44
epoch: 103, val_loss:4.121646, acc: 26.30, bacc: 29.47, tmp_test_f1: 2.39, f1: 18.44
epoch: 104, val_loss:3.928327, acc: 26.30, bacc: 29.47, tmp_test_f1: 2.77, f1: 18.44
epoch: 105, val_loss:3.564287, acc: 26.30, bacc: 29.47, tmp_test_f1: 4.17, f1: 18.44
epoch: 106, val_loss:3.185697, acc: 26.30, bacc: 29.47, tmp_test_f1: 4.14, f1: 18.44
epoch: 107, val_loss:2.963554, acc: 26.30, bacc: 29.47, tmp_test_f1: 4.88, f1: 18.44
epoch: 108, val_loss:2.891712, acc: 26.30, bacc: 29.47, tmp_test_f1: 4.44, f1: 18.44
epoch: 109, val_loss:3.040154, acc: 26.30, bacc: 29.47, tmp_test_f1: 4.19, f1: 18.44
epoch: 110, val_loss:3.364105, acc: 26.30, bacc: 29.47, tmp_test_f1: 2.75, f1: 18.44
epoch: 111, val_loss:3.619994, acc: 26.30, bacc: 29.47, tmp_test_f1: 2.57, f1: 18.44
epoch: 112, val_loss:3.822966, acc: 26.30, bacc: 29.47, tmp_test_f1: 2.38, f1: 18.44
epoch: 113, val_loss:3.906486, acc: 26.30, bacc: 29.47, tmp_test_f1: 2.39, f1: 18.44
epoch: 114, val_loss:3.737709, acc: 26.30, bacc: 29.47, tmp_test_f1: 2.94, f1: 18.44
epoch: 115, val_loss:3.502702, acc: 26.30, bacc: 29.47, tmp_test_f1: 3.12, f1: 18.44
epoch: 116, val_loss:3.208349, acc: 26.30, bacc: 29.47, tmp_test_f1: 4.51, f1: 18.44
epoch: 117, val_loss:2.914783, acc: 26.30, bacc: 29.47, tmp_test_f1: 4.53, f1: 18.44
epoch: 118, val_loss:2.866423, acc: 26.30, bacc: 29.47, tmp_test_f1: 3.67, f1: 18.44
epoch: 119, val_loss:2.978364, acc: 26.30, bacc: 29.47, tmp_test_f1: 3.30, f1: 18.44
epoch: 120, val_loss:3.267987, acc: 26.30, bacc: 29.47, tmp_test_f1: 2.95, f1: 18.44
epoch: 121, val_loss:3.488648, acc: 26.30, bacc: 29.47, tmp_test_f1: 2.57, f1: 18.44
epoch: 122, val_loss:3.760628, acc: 26.30, bacc: 29.47, tmp_test_f1: 2.57, f1: 18.44
epoch: 123, val_loss:4.001326, acc: 26.30, bacc: 29.47, tmp_test_f1: 2.57, f1: 18.44
epoch: 124, val_loss:4.108469, acc: 26.30, bacc: 29.47, tmp_test_f1: 2.57, f1: 18.44
epoch: 125, val_loss:4.086034, acc: 26.30, bacc: 29.47, tmp_test_f1: 2.57, f1: 18.44
epoch: 126, val_loss:3.919869, acc: 26.30, bacc: 29.47, tmp_test_f1: 2.95, f1: 18.44
epoch: 127, val_loss:3.450306, acc: 26.30, bacc: 29.47, tmp_test_f1: 3.84, f1: 18.44
epoch: 128, val_loss:3.029103, acc: 26.30, bacc: 29.47, tmp_test_f1: 5.72, f1: 18.44
epoch: 129, val_loss:2.719116, acc: 26.30, bacc: 29.47, tmp_test_f1: 5.68, f1: 18.44
epoch: 130, val_loss:2.662045, acc: 26.30, bacc: 29.47, tmp_test_f1: 4.53, f1: 18.44
epoch: 131, val_loss:2.858197, acc: 26.30, bacc: 29.47, tmp_test_f1: 2.75, f1: 18.44
epoch: 132, val_loss:3.333003, acc: 26.30, bacc: 29.47, tmp_test_f1: 2.58, f1: 18.44
epoch: 133, val_loss:3.690578, acc: 26.30, bacc: 29.47, tmp_test_f1: 2.38, f1: 18.44
epoch: 134, val_loss:3.868251, acc: 26.30, bacc: 29.47, tmp_test_f1: 2.38, f1: 18.44
epoch: 135, val_loss:3.967660, acc: 26.30, bacc: 29.47, tmp_test_f1: 2.38, f1: 18.44
epoch: 136, val_loss:3.942927, acc: 26.30, bacc: 29.47, tmp_test_f1: 2.57, f1: 18.44
epoch: 137, val_loss:3.848193, acc: 26.30, bacc: 29.47, tmp_test_f1: 2.75, f1: 18.44
epoch: 138, val_loss:3.687733, acc: 26.30, bacc: 29.47, tmp_test_f1: 3.31, f1: 18.44
epoch: 139, val_loss:3.313507, acc: 26.30, bacc: 29.47, tmp_test_f1: 3.65, f1: 18.44
epoch: 140, val_loss:2.991708, acc: 26.30, bacc: 29.47, tmp_test_f1: 5.26, f1: 18.44
epoch: 141, val_loss:2.744884, acc: 26.30, bacc: 29.47, tmp_test_f1: 5.09, f1: 18.44
epoch: 142, val_loss:2.763345, acc: 26.30, bacc: 29.47, tmp_test_f1: 3.85, f1: 18.44
epoch: 143, val_loss:2.909854, acc: 26.30, bacc: 29.47, tmp_test_f1: 2.75, f1: 18.44
epoch: 144, val_loss:3.180341, acc: 26.30, bacc: 29.47, tmp_test_f1: 2.58, f1: 18.44
epoch: 145, val_loss:3.539131, acc: 26.30, bacc: 29.47, tmp_test_f1: 2.39, f1: 18.44
epoch: 146, val_loss:3.709482, acc: 26.30, bacc: 29.47, tmp_test_f1: 2.57, f1: 18.44
epoch: 147, val_loss:3.632504, acc: 26.30, bacc: 29.47, tmp_test_f1: 3.19, f1: 18.44
epoch: 148, val_loss:3.266554, acc: 26.30, bacc: 29.47, tmp_test_f1: 3.91, f1: 18.44
epoch: 149, val_loss:2.944520, acc: 26.30, bacc: 29.47, tmp_test_f1: 4.44, f1: 18.44
epoch: 150, val_loss:2.819016, acc: 26.30, bacc: 29.47, tmp_test_f1: 4.60, f1: 18.44
epoch: 151, val_loss:2.921763, acc: 26.30, bacc: 29.47, tmp_test_f1: 3.52, f1: 18.44
epoch: 152, val_loss:3.146714, acc: 26.30, bacc: 29.47, tmp_test_f1: 3.16, f1: 18.44
epoch: 153, val_loss:3.361512, acc: 26.30, bacc: 29.47, tmp_test_f1: 2.57, f1: 18.44
epoch: 154, val_loss:3.623852, acc: 26.30, bacc: 29.47, tmp_test_f1: 2.57, f1: 18.44
epoch: 155, val_loss:3.780722, acc: 26.30, bacc: 29.47, tmp_test_f1: 2.39, f1: 18.44
epoch: 156, val_loss:3.861175, acc: 26.30, bacc: 29.47, tmp_test_f1: 2.39, f1: 18.44
epoch: 157, val_loss:3.737806, acc: 26.30, bacc: 29.47, tmp_test_f1: 2.58, f1: 18.44
epoch: 158, val_loss:3.641203, acc: 26.30, bacc: 29.47, tmp_test_f1: 2.59, f1: 18.44
epoch: 159, val_loss:3.461148, acc: 26.30, bacc: 29.47, tmp_test_f1: 2.96, f1: 18.44
epoch: 160, val_loss:3.296274, acc: 26.30, bacc: 29.47, tmp_test_f1: 2.93, f1: 18.44
epoch: 161, val_loss:3.299203, acc: 26.30, bacc: 29.47, tmp_test_f1: 2.93, f1: 18.44
epoch: 162, val_loss:3.229036, acc: 26.30, bacc: 29.47, tmp_test_f1: 3.12, f1: 18.44
epoch: 163, val_loss:3.120929, acc: 26.30, bacc: 29.47, tmp_test_f1: 3.66, f1: 18.44
epoch: 164, val_loss:3.040148, acc: 26.30, bacc: 29.47, tmp_test_f1: 3.83, f1: 18.44
epoch: 165, val_loss:3.033287, acc: 26.30, bacc: 29.47, tmp_test_f1: 3.30, f1: 18.44
epoch: 166, val_loss:3.191130, acc: 26.30, bacc: 29.47, tmp_test_f1: 3.15, f1: 18.44
epoch: 167, val_loss:3.394971, acc: 26.30, bacc: 29.47, tmp_test_f1: 2.96, f1: 18.44
epoch: 168, val_loss:3.548652, acc: 26.30, bacc: 29.47, tmp_test_f1: 2.96, f1: 18.44
epoch: 169, val_loss:3.643860, acc: 26.30, bacc: 29.47, tmp_test_f1: 2.96, f1: 18.44
epoch: 170, val_loss:3.605745, acc: 26.30, bacc: 29.47, tmp_test_f1: 2.96, f1: 18.44
epoch: 171, val_loss:3.445320, acc: 26.30, bacc: 29.47, tmp_test_f1: 2.96, f1: 18.44
epoch: 172, val_loss:3.301837, acc: 26.30, bacc: 29.47, tmp_test_f1: 3.12, f1: 18.44
epoch: 173, val_loss:3.082253, acc: 26.30, bacc: 29.47, tmp_test_f1: 3.12, f1: 18.44
epoch: 174, val_loss:2.897398, acc: 26.30, bacc: 29.47, tmp_test_f1: 3.31, f1: 18.44
epoch: 175, val_loss:2.865701, acc: 26.30, bacc: 29.47, tmp_test_f1: 3.12, f1: 18.44
epoch: 176, val_loss:3.038182, acc: 26.30, bacc: 29.47, tmp_test_f1: 3.16, f1: 18.44
epoch: 177, val_loss:3.280327, acc: 26.30, bacc: 29.47, tmp_test_f1: 3.16, f1: 18.44
epoch: 178, val_loss:3.530323, acc: 26.30, bacc: 29.47, tmp_test_f1: 3.16, f1: 18.44
epoch: 179, val_loss:3.596054, acc: 26.30, bacc: 29.47, tmp_test_f1: 3.16, f1: 18.44
epoch: 180, val_loss:3.398386, acc: 26.30, bacc: 29.47, tmp_test_f1: 3.15, f1: 18.44
epoch: 181, val_loss:3.165665, acc: 26.30, bacc: 29.47, tmp_test_f1: 3.15, f1: 18.44
epoch: 182, val_loss:3.030206, acc: 26.30, bacc: 29.47, tmp_test_f1: 3.33, f1: 18.44
epoch: 183, val_loss:3.022776, acc: 26.30, bacc: 29.47, tmp_test_f1: 3.15, f1: 18.44
epoch: 184, val_loss:3.092236, acc: 26.30, bacc: 29.47, tmp_test_f1: 3.15, f1: 18.44
epoch: 185, val_loss:3.190357, acc: 26.30, bacc: 29.47, tmp_test_f1: 3.15, f1: 18.44
epoch: 186, val_loss:3.289641, acc: 26.30, bacc: 29.47, tmp_test_f1: 3.16, f1: 18.44
epoch: 187, val_loss:3.424566, acc: 26.30, bacc: 29.47, tmp_test_f1: 3.16, f1: 18.44
epoch: 188, val_loss:3.304658, acc: 26.30, bacc: 29.47, tmp_test_f1: 3.16, f1: 18.44
epoch: 189, val_loss:3.272647, acc: 26.30, bacc: 29.47, tmp_test_f1: 3.16, f1: 18.44
epoch: 190, val_loss:3.300605, acc: 26.30, bacc: 29.47, tmp_test_f1: 3.16, f1: 18.44
epoch: 191, val_loss:3.294136, acc: 26.30, bacc: 29.47, tmp_test_f1: 3.16, f1: 18.44
epoch: 192, val_loss:3.188971, acc: 26.30, bacc: 29.47, tmp_test_f1: 3.33, f1: 18.44
epoch: 193, val_loss:3.119111, acc: 26.30, bacc: 29.47, tmp_test_f1: 3.48, f1: 18.44
epoch: 194, val_loss:2.952151, acc: 26.30, bacc: 29.47, tmp_test_f1: 4.56, f1: 18.44
epoch: 195, val_loss:2.874610, acc: 26.30, bacc: 29.47, tmp_test_f1: 4.03, f1: 18.44
epoch: 196, val_loss:2.902997, acc: 26.30, bacc: 29.47, tmp_test_f1: 3.49, f1: 18.44
epoch: 197, val_loss:3.033486, acc: 26.30, bacc: 29.47, tmp_test_f1: 3.12, f1: 18.44
epoch: 198, val_loss:3.142171, acc: 26.30, bacc: 29.47, tmp_test_f1: 3.16, f1: 18.44
epoch: 199, val_loss:3.276512, acc: 26.30, bacc: 29.47, tmp_test_f1: 2.96, f1: 18.44
epoch: 200, val_loss:3.397719, acc: 26.30, bacc: 29.47, tmp_test_f1: 2.96, f1: 18.44
epoch: 201, val_loss:3.448485, acc: 26.30, bacc: 29.47, tmp_test_f1: 2.96, f1: 18.44
epoch: 202, val_loss:3.315237, acc: 26.30, bacc: 29.47, tmp_test_f1: 2.97, f1: 18.44
epoch: 203, val_loss:3.199948, acc: 26.30, bacc: 29.47, tmp_test_f1: 3.34, f1: 18.44
epoch: 204, val_loss:2.980764, acc: 26.30, bacc: 29.47, tmp_test_f1: 4.77, f1: 18.44
epoch: 205, val_loss:2.783692, acc: 26.30, bacc: 29.47, tmp_test_f1: 4.96, f1: 18.44
epoch: 206, val_loss:2.662131, acc: 26.30, bacc: 29.47, tmp_test_f1: 4.96, f1: 18.44
epoch: 207, val_loss:2.681168, acc: 26.30, bacc: 29.47, tmp_test_f1: 4.41, f1: 18.44
epoch: 208, val_loss:2.865929, acc: 26.30, bacc: 29.47, tmp_test_f1: 2.94, f1: 18.44
epoch: 209, val_loss:3.141201, acc: 26.30, bacc: 29.47, tmp_test_f1: 2.78, f1: 18.44
epoch: 210, val_loss:3.264314, acc: 26.30, bacc: 29.47, tmp_test_f1: 2.78, f1: 18.44
Epoch 00211: reducing learning rate of group 0 to 5.0000e-02.
epoch: 211, val_loss:3.397566, acc: 26.30, bacc: 29.47, tmp_test_f1: 2.78, f1: 18.44
epoch: 212, val_loss:3.420979, acc: 26.30, bacc: 29.47, tmp_test_f1: 2.78, f1: 18.44
epoch: 213, val_loss:3.358520, acc: 26.30, bacc: 29.47, tmp_test_f1: 2.78, f1: 18.44
epoch: 214, val_loss:3.251621, acc: 26.30, bacc: 29.47, tmp_test_f1: 2.94, f1: 18.44
epoch: 215, val_loss:3.069011, acc: 26.30, bacc: 29.47, tmp_test_f1: 3.13, f1: 18.44
epoch: 216, val_loss:2.957549, acc: 26.30, bacc: 29.47, tmp_test_f1: 3.13, f1: 18.44
epoch: 217, val_loss:2.889682, acc: 26.30, bacc: 29.47, tmp_test_f1: 3.13, f1: 18.44
epoch: 218, val_loss:2.882314, acc: 26.30, bacc: 29.47, tmp_test_f1: 3.13, f1: 18.44
epoch: 219, val_loss:2.910452, acc: 26.30, bacc: 29.47, tmp_test_f1: 3.12, f1: 18.44
epoch: 220, val_loss:2.947371, acc: 26.30, bacc: 29.47, tmp_test_f1: 3.12, f1: 18.44
epoch: 221, val_loss:2.968905, acc: 26.30, bacc: 29.47, tmp_test_f1: 3.12, f1: 18.44
epoch: 222, val_loss:2.955426, acc: 26.30, bacc: 29.47, tmp_test_f1: 3.12, f1: 18.44
epoch: 223, val_loss:2.918283, acc: 26.30, bacc: 29.47, tmp_test_f1: 3.31, f1: 18.44
epoch: 224, val_loss:2.870665, acc: 26.30, bacc: 29.47, tmp_test_f1: 3.31, f1: 18.44
epoch: 225, val_loss:2.766428, acc: 26.30, bacc: 29.47, tmp_test_f1: 3.68, f1: 18.44
epoch: 226, val_loss:2.729992, acc: 26.30, bacc: 29.47, tmp_test_f1: 3.13, f1: 18.44
epoch: 227, val_loss:2.763896, acc: 26.30, bacc: 29.47, tmp_test_f1: 3.13, f1: 18.44
epoch: 228, val_loss:2.827285, acc: 26.30, bacc: 29.47, tmp_test_f1: 3.12, f1: 18.44
epoch: 229, val_loss:2.962614, acc: 26.30, bacc: 29.47, tmp_test_f1: 3.16, f1: 18.44
epoch: 230, val_loss:3.147860, acc: 26.30, bacc: 29.47, tmp_test_f1: 2.78, f1: 18.44
epoch: 231, val_loss:3.335151, acc: 26.30, bacc: 29.47, tmp_test_f1: 2.78, f1: 18.44
epoch: 232, val_loss:3.391145, acc: 26.30, bacc: 29.47, tmp_test_f1: 2.78, f1: 18.44
epoch: 233, val_loss:3.434579, acc: 26.30, bacc: 29.47, tmp_test_f1: 2.78, f1: 18.44
epoch: 234, val_loss:3.417797, acc: 26.30, bacc: 29.47, tmp_test_f1: 2.96, f1: 18.44
epoch: 235, val_loss:3.310198, acc: 26.30, bacc: 29.47, tmp_test_f1: 2.96, f1: 18.44
epoch: 236, val_loss:3.116447, acc: 26.30, bacc: 29.47, tmp_test_f1: 3.31, f1: 18.44
epoch: 237, val_loss:2.908074, acc: 26.30, bacc: 29.47, tmp_test_f1: 3.68, f1: 18.44
epoch: 238, val_loss:2.781966, acc: 26.30, bacc: 29.47, tmp_test_f1: 4.24, f1: 18.44
epoch: 239, val_loss:2.683970, acc: 26.30, bacc: 29.47, tmp_test_f1: 4.42, f1: 18.44
epoch: 240, val_loss:2.661945, acc: 26.30, bacc: 29.47, tmp_test_f1: 3.88, f1: 18.44
epoch: 241, val_loss:2.726367, acc: 26.30, bacc: 29.47, tmp_test_f1: 3.31, f1: 18.44
epoch: 242, val_loss:2.881254, acc: 26.30, bacc: 29.47, tmp_test_f1: 3.15, f1: 18.44
epoch: 243, val_loss:3.038916, acc: 26.30, bacc: 29.47, tmp_test_f1: 2.96, f1: 18.44
epoch: 244, val_loss:3.118221, acc: 26.30, bacc: 29.47, tmp_test_f1: 2.96, f1: 18.44
epoch: 245, val_loss:3.212866, acc: 26.30, bacc: 29.47, tmp_test_f1: 2.96, f1: 18.44
epoch: 246, val_loss:3.242185, acc: 26.30, bacc: 29.47, tmp_test_f1: 3.15, f1: 18.44
epoch: 247, val_loss:3.121161, acc: 26.30, bacc: 29.47, tmp_test_f1: 3.12, f1: 18.44
epoch: 248, val_loss:2.960664, acc: 26.30, bacc: 29.47, tmp_test_f1: 3.31, f1: 18.44
epoch: 249, val_loss:2.846027, acc: 26.30, bacc: 29.47, tmp_test_f1: 4.06, f1: 18.44
epoch: 250, val_loss:2.754751, acc: 26.30, bacc: 29.47, tmp_test_f1: 4.06, f1: 18.44
epoch: 251, val_loss:2.747712, acc: 26.30, bacc: 29.47, tmp_test_f1: 3.48, f1: 18.44
epoch: 252, val_loss:2.790421, acc: 26.30, bacc: 29.47, tmp_test_f1: 3.31, f1: 18.44
epoch: 253, val_loss:2.892487, acc: 26.30, bacc: 29.47, tmp_test_f1: 3.12, f1: 18.44
epoch: 254, val_loss:2.999716, acc: 26.30, bacc: 29.47, tmp_test_f1: 3.12, f1: 18.44
epoch: 255, val_loss:3.104647, acc: 26.30, bacc: 29.47, tmp_test_f1: 3.12, f1: 18.44
epoch: 256, val_loss:3.216522, acc: 26.30, bacc: 29.47, tmp_test_f1: 3.12, f1: 18.44
epoch: 257, val_loss:3.327991, acc: 26.30, bacc: 29.47, tmp_test_f1: 2.94, f1: 18.44
epoch: 258, val_loss:3.399175, acc: 26.30, bacc: 29.47, tmp_test_f1: 2.94, f1: 18.44
epoch: 259, val_loss:3.429600, acc: 26.30, bacc: 29.47, tmp_test_f1: 2.94, f1: 18.44
epoch: 260, val_loss:3.358682, acc: 26.30, bacc: 29.47, tmp_test_f1: 3.12, f1: 18.44
epoch: 261, val_loss:3.281252, acc: 26.30, bacc: 29.47, tmp_test_f1: 3.12, f1: 18.44
epoch: 262, val_loss:3.123668, acc: 26.30, bacc: 29.47, tmp_test_f1: 3.12, f1: 18.44
epoch: 263, val_loss:3.008427, acc: 26.30, bacc: 29.47, tmp_test_f1: 3.12, f1: 18.44
epoch: 264, val_loss:2.947520, acc: 26.30, bacc: 29.47, tmp_test_f1: 3.13, f1: 18.44
epoch: 265, val_loss:2.932895, acc: 26.30, bacc: 29.47, tmp_test_f1: 3.13, f1: 18.44
epoch: 266, val_loss:2.948366, acc: 26.30, bacc: 29.47, tmp_test_f1: 3.12, f1: 18.44
epoch: 267, val_loss:3.012323, acc: 26.30, bacc: 29.47, tmp_test_f1: 3.12, f1: 18.44
epoch: 268, val_loss:3.135802, acc: 26.30, bacc: 29.47, tmp_test_f1: 3.12, f1: 18.44
epoch: 269, val_loss:3.254771, acc: 26.30, bacc: 29.47, tmp_test_f1: 2.93, f1: 18.44
epoch: 270, val_loss:3.322463, acc: 26.30, bacc: 29.47, tmp_test_f1: 2.93, f1: 18.44
epoch: 271, val_loss:3.342671, acc: 26.30, bacc: 29.47, tmp_test_f1: 2.93, f1: 18.44
epoch: 272, val_loss:3.326814, acc: 26.30, bacc: 29.47, tmp_test_f1: 2.93, f1: 18.44
epoch: 273, val_loss:3.313954, acc: 26.30, bacc: 29.47, tmp_test_f1: 2.93, f1: 18.44
epoch: 274, val_loss:3.270257, acc: 26.30, bacc: 29.47, tmp_test_f1: 2.93, f1: 18.44
epoch: 275, val_loss:3.237049, acc: 26.30, bacc: 29.47, tmp_test_f1: 2.93, f1: 18.44
epoch: 276, val_loss:3.248173, acc: 26.30, bacc: 29.47, tmp_test_f1: 2.94, f1: 18.44
epoch: 277, val_loss:3.186244, acc: 26.30, bacc: 29.47, tmp_test_f1: 2.94, f1: 18.44
epoch: 278, val_loss:3.142580, acc: 26.30, bacc: 29.47, tmp_test_f1: 2.94, f1: 18.44
epoch: 279, val_loss:3.122727, acc: 26.30, bacc: 29.47, tmp_test_f1: 3.33, f1: 18.44
epoch: 280, val_loss:3.106402, acc: 26.30, bacc: 29.47, tmp_test_f1: 2.94, f1: 18.44
epoch: 281, val_loss:3.159245, acc: 26.30, bacc: 29.47, tmp_test_f1: 3.13, f1: 18.44
epoch: 282, val_loss:3.134118, acc: 26.30, bacc: 29.47, tmp_test_f1: 3.13, f1: 18.44
epoch: 283, val_loss:3.176879, acc: 26.30, bacc: 29.47, tmp_test_f1: 3.13, f1: 18.44
epoch: 284, val_loss:3.225221, acc: 26.30, bacc: 29.47, tmp_test_f1: 2.94, f1: 18.44
epoch: 285, val_loss:3.297123, acc: 26.30, bacc: 29.47, tmp_test_f1: 2.97, f1: 18.44
epoch: 286, val_loss:3.326382, acc: 26.30, bacc: 29.47, tmp_test_f1: 3.13, f1: 18.44
epoch: 287, val_loss:3.146293, acc: 26.30, bacc: 29.47, tmp_test_f1: 4.07, f1: 18.44
epoch: 288, val_loss:2.938568, acc: 26.30, bacc: 29.47, tmp_test_f1: 4.97, f1: 18.44
epoch: 289, val_loss:2.772488, acc: 26.30, bacc: 29.47, tmp_test_f1: 5.15, f1: 18.44
epoch: 290, val_loss:2.718872, acc: 26.30, bacc: 29.47, tmp_test_f1: 4.97, f1: 18.44
epoch: 291, val_loss:2.740944, acc: 26.30, bacc: 29.47, tmp_test_f1: 4.63, f1: 18.44
epoch: 292, val_loss:2.846659, acc: 26.30, bacc: 29.47, tmp_test_f1: 3.31, f1: 18.44
epoch: 293, val_loss:3.003753, acc: 26.30, bacc: 29.47, tmp_test_f1: 3.31, f1: 18.44
epoch: 294, val_loss:3.153278, acc: 26.30, bacc: 29.47, tmp_test_f1: 3.16, f1: 18.44
epoch: 295, val_loss:3.284243, acc: 26.30, bacc: 29.47, tmp_test_f1: 2.97, f1: 18.44
epoch: 296, val_loss:3.391059, acc: 26.30, bacc: 29.47, tmp_test_f1: 2.97, f1: 18.44
epoch: 297, val_loss:3.326093, acc: 26.30, bacc: 29.47, tmp_test_f1: 2.97, f1: 18.44
epoch: 298, val_loss:3.285870, acc: 26.30, bacc: 29.47, tmp_test_f1: 3.12, f1: 18.44
epoch: 299, val_loss:3.087987, acc: 26.30, bacc: 29.47, tmp_test_f1: 3.12, f1: 18.44
epoch: 300, val_loss:2.969903, acc: 26.30, bacc: 29.47, tmp_test_f1: 3.63, f1: 18.44
epoch: 301, val_loss:2.869891, acc: 26.30, bacc: 29.47, tmp_test_f1: 3.81, f1: 18.44
epoch: 302, val_loss:2.857243, acc: 26.30, bacc: 29.47, tmp_test_f1: 3.46, f1: 18.44
epoch: 303, val_loss:2.891382, acc: 26.30, bacc: 29.47, tmp_test_f1: 2.94, f1: 18.44
epoch: 304, val_loss:2.965874, acc: 26.30, bacc: 29.47, tmp_test_f1: 2.94, f1: 18.44
epoch: 305, val_loss:3.068899, acc: 26.30, bacc: 29.47, tmp_test_f1: 2.94, f1: 18.44
epoch: 306, val_loss:3.107702, acc: 26.30, bacc: 29.47, tmp_test_f1: 3.34, f1: 18.44
epoch: 307, val_loss:3.075238, acc: 26.30, bacc: 29.47, tmp_test_f1: 3.33, f1: 18.44
epoch: 308, val_loss:3.026049, acc: 26.30, bacc: 29.47, tmp_test_f1: 3.52, f1: 18.44
epoch: 309, val_loss:3.022967, acc: 26.30, bacc: 29.47, tmp_test_f1: 3.52, f1: 18.44
epoch: 310, val_loss:3.022338, acc: 26.30, bacc: 29.47, tmp_test_f1: 3.52, f1: 18.44
epoch: 311, val_loss:3.028464, acc: 26.30, bacc: 29.47, tmp_test_f1: 3.52, f1: 18.44
epoch: 312, val_loss:3.026169, acc: 26.30, bacc: 29.47, tmp_test_f1: 3.34, f1: 18.44
epoch: 313, val_loss:3.079827, acc: 26.30, bacc: 29.47, tmp_test_f1: 2.97, f1: 18.44
epoch: 314, val_loss:3.159137, acc: 26.30, bacc: 29.47, tmp_test_f1: 2.96, f1: 18.44
epoch: 315, val_loss:3.280320, acc: 26.30, bacc: 29.47, tmp_test_f1: 2.96, f1: 18.44
epoch: 316, val_loss:3.393534, acc: 26.30, bacc: 29.47, tmp_test_f1: 2.96, f1: 18.44
epoch: 317, val_loss:3.474950, acc: 26.30, bacc: 29.47, tmp_test_f1: 2.96, f1: 18.44
epoch: 318, val_loss:3.539480, acc: 26.30, bacc: 29.47, tmp_test_f1: 2.96, f1: 18.44
epoch: 319, val_loss:3.604947, acc: 26.30, bacc: 29.47, tmp_test_f1: 2.96, f1: 18.44
epoch: 320, val_loss:3.680246, acc: 26.30, bacc: 29.47, tmp_test_f1: 2.96, f1: 18.44
epoch: 321, val_loss:3.726882, acc: 26.30, bacc: 29.47, tmp_test_f1: 2.96, f1: 18.44
epoch: 322, val_loss:3.644269, acc: 26.30, bacc: 29.47, tmp_test_f1: 2.96, f1: 18.44
epoch: 323, val_loss:3.501034, acc: 26.30, bacc: 29.47, tmp_test_f1: 2.96, f1: 18.44
epoch: 324, val_loss:3.325011, acc: 26.30, bacc: 29.47, tmp_test_f1: 2.96, f1: 18.44
epoch: 325, val_loss:3.206463, acc: 26.30, bacc: 29.47, tmp_test_f1: 3.16, f1: 18.44
epoch: 326, val_loss:3.094930, acc: 26.30, bacc: 29.47, tmp_test_f1: 3.16, f1: 18.44
epoch: 327, val_loss:3.062422, acc: 26.30, bacc: 29.47, tmp_test_f1: 3.12, f1: 18.44
epoch: 328, val_loss:3.017424, acc: 26.30, bacc: 29.47, tmp_test_f1: 3.49, f1: 18.44
epoch: 329, val_loss:2.999207, acc: 26.30, bacc: 29.47, tmp_test_f1: 3.12, f1: 18.44
epoch: 330, val_loss:3.054024, acc: 26.30, bacc: 29.47, tmp_test_f1: 3.16, f1: 18.44
epoch: 331, val_loss:3.168433, acc: 26.30, bacc: 29.47, tmp_test_f1: 3.15, f1: 18.44
epoch: 332, val_loss:3.333428, acc: 26.30, bacc: 29.47, tmp_test_f1: 3.16, f1: 18.44
epoch: 333, val_loss:3.499900, acc: 26.30, bacc: 29.47, tmp_test_f1: 2.78, f1: 18.44
epoch: 334, val_loss:3.657514, acc: 26.30, bacc: 29.47, tmp_test_f1: 2.78, f1: 18.44
epoch: 335, val_loss:3.751639, acc: 26.30, bacc: 29.47, tmp_test_f1: 2.78, f1: 18.44
epoch: 336, val_loss:3.600525, acc: 26.30, bacc: 29.47, tmp_test_f1: 3.15, f1: 18.44
epoch: 337, val_loss:3.311303, acc: 26.30, bacc: 29.47, tmp_test_f1: 3.85, f1: 18.44
epoch: 338, val_loss:2.970515, acc: 26.30, bacc: 29.47, tmp_test_f1: 5.47, f1: 18.44
epoch: 339, val_loss:2.690802, acc: 26.30, bacc: 29.47, tmp_test_f1: 6.91, f1: 18.44
epoch: 340, val_loss:2.552646, acc: 26.30, bacc: 29.47, tmp_test_f1: 7.98, f1: 18.44
epoch: 341, val_loss:2.497017, acc: 26.30, bacc: 29.47, tmp_test_f1: 6.61, f1: 18.44
epoch: 342, val_loss:2.551002, acc: 26.30, bacc: 29.47, tmp_test_f1: 5.30, f1: 18.44
epoch: 343, val_loss:2.702629, acc: 26.30, bacc: 29.47, tmp_test_f1: 4.08, f1: 18.44
epoch: 344, val_loss:2.868060, acc: 26.30, bacc: 29.47, tmp_test_f1: 3.51, f1: 18.44
epoch: 345, val_loss:3.105147, acc: 26.30, bacc: 29.47, tmp_test_f1: 3.30, f1: 18.44
epoch: 346, val_loss:3.318142, acc: 26.30, bacc: 29.47, tmp_test_f1: 3.16, f1: 18.44
epoch: 347, val_loss:3.477629, acc: 26.30, bacc: 29.47, tmp_test_f1: 2.97, f1: 18.44
epoch: 348, val_loss:3.568433, acc: 26.30, bacc: 29.47, tmp_test_f1: 2.96, f1: 18.44
epoch: 349, val_loss:3.589462, acc: 26.30, bacc: 29.47, tmp_test_f1: 3.16, f1: 18.44
epoch: 350, val_loss:3.506538, acc: 26.30, bacc: 29.47, tmp_test_f1: 3.13, f1: 18.44
epoch: 351, val_loss:3.312704, acc: 26.30, bacc: 29.47, tmp_test_f1: 3.54, f1: 18.44
epoch: 352, val_loss:3.153385, acc: 26.30, bacc: 29.47, tmp_test_f1: 4.28, f1: 18.44
epoch: 353, val_loss:2.990030, acc: 26.30, bacc: 29.47, tmp_test_f1: 4.46, f1: 18.44
epoch: 354, val_loss:2.880023, acc: 26.30, bacc: 29.47, tmp_test_f1: 4.84, f1: 18.44
epoch: 355, val_loss:2.815520, acc: 26.30, bacc: 29.47, tmp_test_f1: 4.46, f1: 18.44
epoch: 356, val_loss:2.872705, acc: 26.30, bacc: 29.47, tmp_test_f1: 3.34, f1: 18.44
epoch: 357, val_loss:3.036994, acc: 26.30, bacc: 29.47, tmp_test_f1: 3.13, f1: 18.44
epoch: 358, val_loss:3.206799, acc: 26.30, bacc: 29.47, tmp_test_f1: 2.94, f1: 18.44
epoch: 359, val_loss:3.391360, acc: 26.30, bacc: 29.47, tmp_test_f1: 2.97, f1: 18.44
epoch: 360, val_loss:3.483452, acc: 26.30, bacc: 29.47, tmp_test_f1: 2.97, f1: 18.44
epoch: 361, val_loss:3.407900, acc: 26.30, bacc: 29.47, tmp_test_f1: 2.94, f1: 18.44
epoch: 362, val_loss:3.262185, acc: 26.30, bacc: 29.47, tmp_test_f1: 3.13, f1: 18.44
epoch: 363, val_loss:3.100250, acc: 26.30, bacc: 29.47, tmp_test_f1: 4.28, f1: 18.44
epoch: 364, val_loss:2.834807, acc: 26.30, bacc: 29.47, tmp_test_f1: 6.56, f1: 18.44
epoch: 365, val_loss:2.642556, acc: 26.30, bacc: 29.47, tmp_test_f1: 6.57, f1: 18.44
epoch: 366, val_loss:2.576954, acc: 26.30, bacc: 29.47, tmp_test_f1: 6.57, f1: 18.44
epoch: 367, val_loss:2.635496, acc: 26.30, bacc: 29.47, tmp_test_f1: 4.99, f1: 18.44
epoch: 368, val_loss:2.795175, acc: 26.30, bacc: 29.47, tmp_test_f1: 3.52, f1: 18.44
epoch: 369, val_loss:3.042096, acc: 26.30, bacc: 29.47, tmp_test_f1: 2.97, f1: 18.44
epoch: 370, val_loss:3.320364, acc: 26.30, bacc: 29.47, tmp_test_f1: 2.78, f1: 18.44
epoch: 371, val_loss:3.615053, acc: 26.30, bacc: 29.47, tmp_test_f1: 2.78, f1: 18.44
epoch: 372, val_loss:3.785252, acc: 26.30, bacc: 29.47, tmp_test_f1: 2.78, f1: 18.44
epoch: 373, val_loss:3.770902, acc: 26.30, bacc: 29.47, tmp_test_f1: 2.78, f1: 18.44
epoch: 374, val_loss:3.691508, acc: 26.30, bacc: 29.47, tmp_test_f1: 2.97, f1: 18.44
epoch: 375, val_loss:3.508102, acc: 26.30, bacc: 29.47, tmp_test_f1: 2.97, f1: 18.44
epoch: 376, val_loss:3.346291, acc: 26.30, bacc: 29.47, tmp_test_f1: 2.97, f1: 18.44
epoch: 377, val_loss:3.159562, acc: 26.30, bacc: 29.47, tmp_test_f1: 2.94, f1: 18.44
epoch: 378, val_loss:3.045318, acc: 26.30, bacc: 29.47, tmp_test_f1: 3.49, f1: 18.44
epoch: 379, val_loss:2.973781, acc: 26.30, bacc: 29.47, tmp_test_f1: 4.05, f1: 18.44
epoch: 380, val_loss:2.884469, acc: 26.30, bacc: 29.47, tmp_test_f1: 4.05, f1: 18.44
epoch: 381, val_loss:2.862895, acc: 26.30, bacc: 29.47, tmp_test_f1: 3.85, f1: 18.44
epoch: 382, val_loss:2.882903, acc: 26.30, bacc: 29.47, tmp_test_f1: 3.48, f1: 18.44
epoch: 383, val_loss:2.968678, acc: 26.30, bacc: 29.47, tmp_test_f1: 2.94, f1: 18.44
epoch: 384, val_loss:3.099299, acc: 26.30, bacc: 29.47, tmp_test_f1: 2.97, f1: 18.44
epoch: 385, val_loss:3.277360, acc: 26.30, bacc: 29.47, tmp_test_f1: 2.97, f1: 18.44
epoch: 386, val_loss:3.500051, acc: 26.30, bacc: 29.47, tmp_test_f1: 2.97, f1: 18.44
epoch: 387, val_loss:3.580739, acc: 26.30, bacc: 29.47, tmp_test_f1: 2.97, f1: 18.44
epoch: 388, val_loss:3.633760, acc: 26.30, bacc: 29.47, tmp_test_f1: 2.97, f1: 18.44
epoch: 389, val_loss:3.682553, acc: 26.30, bacc: 29.47, tmp_test_f1: 2.97, f1: 18.44
epoch: 390, val_loss:3.617495, acc: 26.30, bacc: 29.47, tmp_test_f1: 2.97, f1: 18.44
epoch: 391, val_loss:3.506637, acc: 26.30, bacc: 29.47, tmp_test_f1: 2.97, f1: 18.44
epoch: 392, val_loss:3.295747, acc: 26.30, bacc: 29.47, tmp_test_f1: 3.67, f1: 18.44
epoch: 393, val_loss:3.023518, acc: 26.30, bacc: 29.47, tmp_test_f1: 4.54, f1: 18.44
epoch: 394, val_loss:2.784996, acc: 26.30, bacc: 29.47, tmp_test_f1: 6.30, f1: 18.44
epoch: 395, val_loss:2.615130, acc: 26.30, bacc: 29.47, tmp_test_f1: 7.19, f1: 18.44
epoch: 396, val_loss:2.547665, acc: 26.30, bacc: 29.47, tmp_test_f1: 6.99, f1: 18.44
epoch: 397, val_loss:2.566667, acc: 26.30, bacc: 29.47, tmp_test_f1: 6.09, f1: 18.44
epoch: 398, val_loss:2.667439, acc: 26.30, bacc: 29.47, tmp_test_f1: 4.81, f1: 18.44
epoch: 399, val_loss:2.855871, acc: 26.30, bacc: 29.47, tmp_test_f1: 3.18, f1: 18.44
epoch: 400, val_loss:3.121739, acc: 26.30, bacc: 29.47, tmp_test_f1: 2.97, f1: 18.44
epoch: 401, val_loss:3.425757, acc: 26.30, bacc: 29.47, tmp_test_f1: 2.78, f1: 18.44
epoch: 402, val_loss:3.612630, acc: 26.30, bacc: 29.47, tmp_test_f1: 2.78, f1: 18.44
epoch: 403, val_loss:3.742673, acc: 26.30, bacc: 29.47, tmp_test_f1: 2.78, f1: 18.44
epoch: 404, val_loss:3.729688, acc: 26.30, bacc: 29.47, tmp_test_f1: 2.78, f1: 18.44
epoch: 405, val_loss:3.679942, acc: 26.30, bacc: 29.47, tmp_test_f1: 2.97, f1: 18.44
epoch: 406, val_loss:3.551275, acc: 26.30, bacc: 29.47, tmp_test_f1: 3.16, f1: 18.44
epoch: 407, val_loss:3.359883, acc: 26.30, bacc: 29.47, tmp_test_f1: 3.73, f1: 18.44
epoch: 408, val_loss:3.116347, acc: 26.30, bacc: 29.47, tmp_test_f1: 4.09, f1: 18.44
epoch: 409, val_loss:2.874845, acc: 26.30, bacc: 29.47, tmp_test_f1: 4.97, f1: 18.44
epoch: 410, val_loss:2.720998, acc: 26.30, bacc: 29.47, tmp_test_f1: 6.22, f1: 18.44
epoch: 411, val_loss:2.611840, acc: 26.30, bacc: 29.47, tmp_test_f1: 6.03, f1: 18.44
Epoch 00412: reducing learning rate of group 0 to 2.5000e-02.
epoch: 412, val_loss:2.556062, acc: 26.30, bacc: 29.47, tmp_test_f1: 5.34, f1: 18.44
epoch: 413, val_loss:2.590825, acc: 26.30, bacc: 29.47, tmp_test_f1: 4.98, f1: 18.44
epoch: 414, val_loss:2.638612, acc: 26.30, bacc: 29.47, tmp_test_f1: 4.25, f1: 18.44
epoch: 415, val_loss:2.717882, acc: 26.30, bacc: 29.47, tmp_test_f1: 3.50, f1: 18.44
epoch: 416, val_loss:2.819330, acc: 26.30, bacc: 29.47, tmp_test_f1: 3.16, f1: 18.44
epoch: 417, val_loss:2.915662, acc: 26.30, bacc: 29.47, tmp_test_f1: 3.16, f1: 18.44
epoch: 418, val_loss:3.012031, acc: 26.30, bacc: 29.47, tmp_test_f1: 3.16, f1: 18.44
epoch: 419, val_loss:3.093207, acc: 26.30, bacc: 29.47, tmp_test_f1: 3.16, f1: 18.44
epoch: 420, val_loss:3.165690, acc: 26.30, bacc: 29.47, tmp_test_f1: 3.16, f1: 18.44
epoch: 421, val_loss:3.202430, acc: 26.30, bacc: 29.47, tmp_test_f1: 3.16, f1: 18.44
epoch: 422, val_loss:3.247277, acc: 26.30, bacc: 29.47, tmp_test_f1: 3.16, f1: 18.44
epoch: 423, val_loss:3.284067, acc: 26.30, bacc: 29.47, tmp_test_f1: 3.16, f1: 18.44
epoch: 424, val_loss:3.278086, acc: 26.30, bacc: 29.47, tmp_test_f1: 3.16, f1: 18.44
epoch: 425, val_loss:3.233370, acc: 26.30, bacc: 29.47, tmp_test_f1: 3.16, f1: 18.44
epoch: 426, val_loss:3.168332, acc: 26.30, bacc: 29.47, tmp_test_f1: 3.16, f1: 18.44
epoch: 427, val_loss:3.114299, acc: 26.30, bacc: 29.47, tmp_test_f1: 3.16, f1: 18.44
epoch: 428, val_loss:3.056356, acc: 26.30, bacc: 29.47, tmp_test_f1: 3.16, f1: 18.44
epoch: 429, val_loss:2.986246, acc: 26.30, bacc: 29.47, tmp_test_f1: 3.34, f1: 18.44
epoch: 430, val_loss:2.919420, acc: 26.30, bacc: 29.47, tmp_test_f1: 3.35, f1: 18.44
epoch: 431, val_loss:2.888999, acc: 26.30, bacc: 29.47, tmp_test_f1: 3.53, f1: 18.44
epoch: 432, val_loss:2.860898, acc: 26.30, bacc: 29.47, tmp_test_f1: 3.68, f1: 18.44
epoch: 433, val_loss:2.824966, acc: 26.30, bacc: 29.47, tmp_test_f1: 3.50, f1: 18.44
epoch: 434, val_loss:2.818912, acc: 26.30, bacc: 29.47, tmp_test_f1: 3.50, f1: 18.44
epoch: 435, val_loss:2.836230, acc: 26.30, bacc: 29.47, tmp_test_f1: 3.49, f1: 18.44
epoch: 436, val_loss:2.851533, acc: 26.30, bacc: 29.47, tmp_test_f1: 3.52, f1: 18.44
epoch: 437, val_loss:2.868288, acc: 26.30, bacc: 29.47, tmp_test_f1: 3.52, f1: 18.44
epoch: 438, val_loss:2.900319, acc: 26.30, bacc: 29.47, tmp_test_f1: 3.52, f1: 18.44
epoch: 439, val_loss:2.930193, acc: 26.30, bacc: 29.47, tmp_test_f1: 3.52, f1: 18.44
epoch: 440, val_loss:2.944091, acc: 26.30, bacc: 29.47, tmp_test_f1: 3.52, f1: 18.44
epoch: 441, val_loss:2.956623, acc: 26.30, bacc: 29.47, tmp_test_f1: 3.34, f1: 18.44
epoch: 442, val_loss:2.989579, acc: 26.30, bacc: 29.47, tmp_test_f1: 3.34, f1: 18.44
epoch: 443, val_loss:3.016354, acc: 26.30, bacc: 29.47, tmp_test_f1: 3.34, f1: 18.44
epoch: 444, val_loss:3.048675, acc: 26.30, bacc: 29.47, tmp_test_f1: 3.34, f1: 18.44
epoch: 445, val_loss:3.066522, acc: 26.30, bacc: 29.47, tmp_test_f1: 3.34, f1: 18.44
epoch: 446, val_loss:3.052122, acc: 26.30, bacc: 29.47, tmp_test_f1: 3.34, f1: 18.44
epoch: 447, val_loss:3.023156, acc: 26.30, bacc: 29.47, tmp_test_f1: 3.34, f1: 18.44
epoch: 448, val_loss:2.971713, acc: 26.30, bacc: 29.47, tmp_test_f1: 3.71, f1: 18.44
epoch: 449, val_loss:2.903754, acc: 26.30, bacc: 29.47, tmp_test_f1: 3.68, f1: 18.44
epoch: 450, val_loss:2.839528, acc: 26.30, bacc: 29.47, tmp_test_f1: 3.88, f1: 18.44
epoch: 451, val_loss:2.800356, acc: 26.30, bacc: 29.47, tmp_test_f1: 3.88, f1: 18.44
epoch: 452, val_loss:2.782234, acc: 26.30, bacc: 29.47, tmp_test_f1: 3.88, f1: 18.44
epoch: 453, val_loss:2.781441, acc: 26.30, bacc: 29.47, tmp_test_f1: 3.88, f1: 18.44
epoch: 454, val_loss:2.792626, acc: 26.30, bacc: 29.47, tmp_test_f1: 3.68, f1: 18.44
epoch: 455, val_loss:2.813053, acc: 26.30, bacc: 29.47, tmp_test_f1: 3.50, f1: 18.44
epoch: 456, val_loss:2.847935, acc: 26.30, bacc: 29.47, tmp_test_f1: 3.31, f1: 18.44
epoch: 457, val_loss:2.883474, acc: 26.30, bacc: 29.47, tmp_test_f1: 3.31, f1: 18.44
epoch: 458, val_loss:2.915178, acc: 26.30, bacc: 29.47, tmp_test_f1: 3.31, f1: 18.44
epoch: 459, val_loss:2.955290, acc: 26.30, bacc: 29.47, tmp_test_f1: 3.12, f1: 18.44
epoch: 460, val_loss:3.006276, acc: 26.30, bacc: 29.47, tmp_test_f1: 2.94, f1: 18.44
epoch: 461, val_loss:3.051728, acc: 26.30, bacc: 29.47, tmp_test_f1: 2.94, f1: 18.44
epoch: 462, val_loss:3.097881, acc: 26.30, bacc: 29.47, tmp_test_f1: 2.94, f1: 18.44
epoch: 463, val_loss:3.150632, acc: 26.30, bacc: 29.47, tmp_test_f1: 2.94, f1: 18.44
epoch: 464, val_loss:3.161825, acc: 26.30, bacc: 29.47, tmp_test_f1: 2.94, f1: 18.44
epoch: 465, val_loss:3.133308, acc: 26.30, bacc: 29.47, tmp_test_f1: 2.94, f1: 18.44
epoch: 466, val_loss:3.113292, acc: 26.30, bacc: 29.47, tmp_test_f1: 2.94, f1: 18.44
epoch: 467, val_loss:3.093724, acc: 26.30, bacc: 29.47, tmp_test_f1: 2.94, f1: 18.44
epoch: 468, val_loss:3.089410, acc: 26.30, bacc: 29.47, tmp_test_f1: 2.94, f1: 18.44
epoch: 469, val_loss:3.089161, acc: 26.30, bacc: 29.47, tmp_test_f1: 3.12, f1: 18.44
epoch: 470, val_loss:3.046738, acc: 26.30, bacc: 29.47, tmp_test_f1: 3.31, f1: 18.44
epoch: 471, val_loss:2.998150, acc: 26.30, bacc: 29.47, tmp_test_f1: 3.30, f1: 18.44
epoch: 472, val_loss:2.924862, acc: 26.30, bacc: 29.47, tmp_test_f1: 3.30, f1: 18.44
epoch: 473, val_loss:2.878371, acc: 26.30, bacc: 29.47, tmp_test_f1: 3.49, f1: 18.44
epoch: 474, val_loss:2.834810, acc: 26.30, bacc: 29.47, tmp_test_f1: 3.48, f1: 18.44
epoch: 475, val_loss:2.826273, acc: 26.30, bacc: 29.47, tmp_test_f1: 3.48, f1: 18.44
epoch: 476, val_loss:2.838340, acc: 26.30, bacc: 29.47, tmp_test_f1: 3.30, f1: 18.44
epoch: 477, val_loss:2.858596, acc: 26.30, bacc: 29.47, tmp_test_f1: 3.30, f1: 18.44
epoch: 478, val_loss:2.883187, acc: 26.30, bacc: 29.47, tmp_test_f1: 3.30, f1: 18.44
epoch: 479, val_loss:2.898093, acc: 26.30, bacc: 29.47, tmp_test_f1: 3.30, f1: 18.44
epoch: 480, val_loss:2.917235, acc: 26.30, bacc: 29.47, tmp_test_f1: 3.30, f1: 18.44
epoch: 481, val_loss:2.889654, acc: 26.30, bacc: 29.47, tmp_test_f1: 3.88, f1: 18.44
epoch: 482, val_loss:2.861438, acc: 26.30, bacc: 29.47, tmp_test_f1: 3.88, f1: 18.44
epoch: 483, val_loss:2.826757, acc: 26.30, bacc: 29.47, tmp_test_f1: 4.23, f1: 18.44
epoch: 484, val_loss:2.781508, acc: 26.30, bacc: 29.47, tmp_test_f1: 4.61, f1: 18.44
epoch: 485, val_loss:2.750827, acc: 26.30, bacc: 29.47, tmp_test_f1: 5.50, f1: 18.44
epoch: 486, val_loss:2.701610, acc: 26.30, bacc: 29.47, tmp_test_f1: 5.49, f1: 18.44
epoch: 487, val_loss:2.684393, acc: 26.30, bacc: 29.47, tmp_test_f1: 5.32, f1: 18.44
epoch: 488, val_loss:2.683094, acc: 26.30, bacc: 29.47, tmp_test_f1: 5.50, f1: 18.44
epoch: 489, val_loss:2.673846, acc: 26.30, bacc: 29.47, tmp_test_f1: 5.50, f1: 18.44
epoch: 490, val_loss:2.670996, acc: 26.30, bacc: 29.47, tmp_test_f1: 5.34, f1: 18.44
epoch: 491, val_loss:2.691955, acc: 26.30, bacc: 29.47, tmp_test_f1: 5.35, f1: 18.44
epoch: 492, val_loss:2.719538, acc: 26.30, bacc: 29.47, tmp_test_f1: 4.65, f1: 18.44
epoch: 493, val_loss:2.774405, acc: 26.30, bacc: 29.47, tmp_test_f1: 4.27, f1: 18.44
epoch: 494, val_loss:2.846142, acc: 26.30, bacc: 29.47, tmp_test_f1: 3.12, f1: 18.44
epoch: 495, val_loss:2.940209, acc: 26.30, bacc: 29.47, tmp_test_f1: 3.12, f1: 18.44
epoch: 496, val_loss:3.053784, acc: 26.30, bacc: 29.47, tmp_test_f1: 3.12, f1: 18.44
epoch: 497, val_loss:3.158768, acc: 26.30, bacc: 29.47, tmp_test_f1: 3.16, f1: 18.44
epoch: 498, val_loss:3.263680, acc: 26.30, bacc: 29.47, tmp_test_f1: 2.97, f1: 18.44
epoch: 499, val_loss:3.374711, acc: 26.30, bacc: 29.47, tmp_test_f1: 2.97, f1: 18.44
epoch: 500, val_loss:3.418890, acc: 26.30, bacc: 29.47, tmp_test_f1: 2.97, f1: 18.44
epoch: 501, val_loss:3.428723, acc: 26.30, bacc: 29.47, tmp_test_f1: 2.97, f1: 18.44
epoch: 502, val_loss:3.358430, acc: 26.30, bacc: 29.47, tmp_test_f1: 2.97, f1: 18.44
epoch: 503, val_loss:3.238572, acc: 26.30, bacc: 29.47, tmp_test_f1: 2.94, f1: 18.44
epoch: 504, val_loss:3.106005, acc: 26.30, bacc: 29.47, tmp_test_f1: 3.12, f1: 18.44
epoch: 505, val_loss:3.011963, acc: 26.30, bacc: 29.47, tmp_test_f1: 3.67, f1: 18.44
epoch: 506, val_loss:2.905610, acc: 26.30, bacc: 29.47, tmp_test_f1: 4.19, f1: 18.44
epoch: 507, val_loss:2.817333, acc: 26.30, bacc: 29.47, tmp_test_f1: 4.19, f1: 18.44
epoch: 508, val_loss:2.770995, acc: 26.30, bacc: 29.47, tmp_test_f1: 4.35, f1: 18.44
epoch: 509, val_loss:2.736468, acc: 26.30, bacc: 29.47, tmp_test_f1: 4.35, f1: 18.44
epoch: 510, val_loss:2.745350, acc: 26.30, bacc: 29.47, tmp_test_f1: 4.02, f1: 18.44
epoch: 511, val_loss:2.777879, acc: 26.30, bacc: 29.47, tmp_test_f1: 3.84, f1: 18.44
epoch: 512, val_loss:2.812496, acc: 26.30, bacc: 29.47, tmp_test_f1: 3.48, f1: 18.44
epoch: 513, val_loss:2.855421, acc: 26.30, bacc: 29.47, tmp_test_f1: 3.48, f1: 18.44
epoch: 514, val_loss:2.905860, acc: 26.30, bacc: 29.47, tmp_test_f1: 3.12, f1: 18.44
epoch: 515, val_loss:2.963233, acc: 26.30, bacc: 29.47, tmp_test_f1: 2.94, f1: 18.44
epoch: 516, val_loss:3.041002, acc: 26.30, bacc: 29.47, tmp_test_f1: 2.94, f1: 18.44
epoch: 517, val_loss:3.067208, acc: 26.30, bacc: 29.47, tmp_test_f1: 2.94, f1: 18.44
epoch: 518, val_loss:3.107767, acc: 26.30, bacc: 29.47, tmp_test_f1: 2.94, f1: 18.44
epoch: 519, val_loss:3.142969, acc: 26.30, bacc: 29.47, tmp_test_f1: 2.94, f1: 18.44
epoch: 520, val_loss:3.171154, acc: 26.30, bacc: 29.47, tmp_test_f1: 2.94, f1: 18.44
epoch: 521, val_loss:3.191613, acc: 26.30, bacc: 29.47, tmp_test_f1: 2.94, f1: 18.44
epoch: 522, val_loss:3.204230, acc: 26.30, bacc: 29.47, tmp_test_f1: 2.94, f1: 18.44
epoch: 523, val_loss:3.209109, acc: 26.30, bacc: 29.47, tmp_test_f1: 2.94, f1: 18.44
epoch: 524, val_loss:3.144021, acc: 26.30, bacc: 29.47, tmp_test_f1: 2.94, f1: 18.44
epoch: 525, val_loss:3.077608, acc: 26.30, bacc: 29.47, tmp_test_f1: 3.12, f1: 18.44
epoch: 526, val_loss:2.977123, acc: 26.30, bacc: 29.47, tmp_test_f1: 3.48, f1: 18.44
epoch: 527, val_loss:2.911362, acc: 26.30, bacc: 29.47, tmp_test_f1: 3.48, f1: 18.44
epoch: 528, val_loss:2.859747, acc: 26.30, bacc: 29.47, tmp_test_f1: 3.85, f1: 18.44
epoch: 529, val_loss:2.803873, acc: 26.30, bacc: 29.47, tmp_test_f1: 4.03, f1: 18.44
epoch: 530, val_loss:2.775776, acc: 26.30, bacc: 29.47, tmp_test_f1: 4.24, f1: 18.44
epoch: 531, val_loss:2.765048, acc: 26.30, bacc: 29.47, tmp_test_f1: 4.06, f1: 18.44
epoch: 532, val_loss:2.765011, acc: 26.30, bacc: 29.47, tmp_test_f1: 4.06, f1: 18.44
epoch: 533, val_loss:2.768482, acc: 26.30, bacc: 29.47, tmp_test_f1: 4.06, f1: 18.44
epoch: 534, val_loss:2.781078, acc: 26.30, bacc: 29.47, tmp_test_f1: 3.70, f1: 18.44
epoch: 535, val_loss:2.806063, acc: 26.30, bacc: 29.47, tmp_test_f1: 3.70, f1: 18.44
epoch: 536, val_loss:2.816150, acc: 26.30, bacc: 29.47, tmp_test_f1: 3.70, f1: 18.44
epoch: 537, val_loss:2.827461, acc: 26.30, bacc: 29.47, tmp_test_f1: 3.70, f1: 18.44
epoch: 538, val_loss:2.806021, acc: 26.30, bacc: 29.47, tmp_test_f1: 4.09, f1: 18.44
epoch: 539, val_loss:2.786393, acc: 26.30, bacc: 29.47, tmp_test_f1: 4.08, f1: 18.44
epoch: 540, val_loss:2.770088, acc: 26.30, bacc: 29.47, tmp_test_f1: 4.46, f1: 18.44
epoch: 541, val_loss:2.759569, acc: 26.30, bacc: 29.47, tmp_test_f1: 4.46, f1: 18.44
epoch: 542, val_loss:2.757697, acc: 26.30, bacc: 29.47, tmp_test_f1: 4.46, f1: 18.44
epoch: 543, val_loss:2.752082, acc: 26.30, bacc: 29.47, tmp_test_f1: 4.27, f1: 18.44
epoch: 544, val_loss:2.763825, acc: 26.30, bacc: 29.47, tmp_test_f1: 4.27, f1: 18.44
epoch: 545, val_loss:2.796161, acc: 26.30, bacc: 29.47, tmp_test_f1: 3.70, f1: 18.44
epoch: 546, val_loss:2.866016, acc: 26.30, bacc: 29.47, tmp_test_f1: 3.13, f1: 18.44
epoch: 547, val_loss:2.969036, acc: 26.30, bacc: 29.47, tmp_test_f1: 2.94, f1: 18.44
epoch: 548, val_loss:3.069270, acc: 26.30, bacc: 29.47, tmp_test_f1: 2.94, f1: 18.44
epoch: 549, val_loss:3.171142, acc: 26.30, bacc: 29.47, tmp_test_f1: 2.97, f1: 18.44
epoch: 550, val_loss:3.248116, acc: 26.30, bacc: 29.47, tmp_test_f1: 2.97, f1: 18.44
epoch: 551, val_loss:3.244746, acc: 26.30, bacc: 29.47, tmp_test_f1: 2.97, f1: 18.44
epoch: 552, val_loss:3.190437, acc: 26.30, bacc: 29.47, tmp_test_f1: 2.94, f1: 18.44
epoch: 553, val_loss:3.132136, acc: 26.30, bacc: 29.47, tmp_test_f1: 3.12, f1: 18.44
epoch: 554, val_loss:3.077488, acc: 26.30, bacc: 29.47, tmp_test_f1: 3.12, f1: 18.44
epoch: 555, val_loss:2.976631, acc: 26.30, bacc: 29.47, tmp_test_f1: 3.31, f1: 18.44
epoch: 556, val_loss:2.884752, acc: 26.30, bacc: 29.47, tmp_test_f1: 3.86, f1: 18.44
epoch: 557, val_loss:2.817100, acc: 26.30, bacc: 29.47, tmp_test_f1: 4.04, f1: 18.44
epoch: 558, val_loss:2.778660, acc: 26.30, bacc: 29.47, tmp_test_f1: 4.04, f1: 18.44
epoch: 559, val_loss:2.773606, acc: 26.30, bacc: 29.47, tmp_test_f1: 3.86, f1: 18.44
epoch: 560, val_loss:2.767594, acc: 26.30, bacc: 29.47, tmp_test_f1: 3.86, f1: 18.44
epoch: 561, val_loss:2.804519, acc: 26.30, bacc: 29.47, tmp_test_f1: 3.68, f1: 18.44
epoch: 562, val_loss:2.851894, acc: 26.30, bacc: 29.47, tmp_test_f1: 3.13, f1: 18.44
epoch: 563, val_loss:2.934450, acc: 26.30, bacc: 29.47, tmp_test_f1: 3.12, f1: 18.44
epoch: 564, val_loss:3.049011, acc: 26.30, bacc: 29.47, tmp_test_f1: 2.94, f1: 18.44
epoch: 565, val_loss:3.155101, acc: 26.30, bacc: 29.47, tmp_test_f1: 2.94, f1: 18.44
epoch: 566, val_loss:3.256801, acc: 26.30, bacc: 29.47, tmp_test_f1: 2.97, f1: 18.44
epoch: 567, val_loss:3.321677, acc: 26.30, bacc: 29.47, tmp_test_f1: 2.97, f1: 18.44
epoch: 568, val_loss:3.341106, acc: 26.30, bacc: 29.47, tmp_test_f1: 2.97, f1: 18.44
epoch: 569, val_loss:3.347421, acc: 26.30, bacc: 29.47, tmp_test_f1: 2.97, f1: 18.44
epoch: 570, val_loss:3.351235, acc: 26.30, bacc: 29.47, tmp_test_f1: 2.97, f1: 18.44
epoch: 571, val_loss:3.318733, acc: 26.30, bacc: 29.47, tmp_test_f1: 2.97, f1: 18.44
epoch: 572, val_loss:3.300850, acc: 26.30, bacc: 29.47, tmp_test_f1: 2.97, f1: 18.44
epoch: 573, val_loss:3.285523, acc: 26.30, bacc: 29.47, tmp_test_f1: 3.13, f1: 18.44
epoch: 574, val_loss:3.173602, acc: 26.30, bacc: 29.47, tmp_test_f1: 3.13, f1: 18.44
epoch: 575, val_loss:3.099832, acc: 26.30, bacc: 29.47, tmp_test_f1: 3.13, f1: 18.44
epoch: 576, val_loss:3.013927, acc: 26.30, bacc: 29.47, tmp_test_f1: 3.52, f1: 18.44
epoch: 577, val_loss:2.947742, acc: 26.30, bacc: 29.47, tmp_test_f1: 3.52, f1: 18.44
epoch: 578, val_loss:2.924297, acc: 26.30, bacc: 29.47, tmp_test_f1: 3.90, f1: 18.44
epoch: 579, val_loss:2.900295, acc: 26.30, bacc: 29.47, tmp_test_f1: 3.90, f1: 18.44
epoch: 580, val_loss:2.888932, acc: 26.30, bacc: 29.47, tmp_test_f1: 3.90, f1: 18.44
epoch: 581, val_loss:2.901267, acc: 26.30, bacc: 29.47, tmp_test_f1: 3.90, f1: 18.44
epoch: 582, val_loss:2.905592, acc: 26.30, bacc: 29.47, tmp_test_f1: 3.72, f1: 18.44
epoch: 583, val_loss:2.923919, acc: 26.30, bacc: 29.47, tmp_test_f1: 3.70, f1: 18.44
epoch: 584, val_loss:2.901790, acc: 26.30, bacc: 29.47, tmp_test_f1: 3.52, f1: 18.44
epoch: 585, val_loss:2.914104, acc: 26.30, bacc: 29.47, tmp_test_f1: 3.52, f1: 18.44
epoch: 586, val_loss:2.946221, acc: 26.30, bacc: 29.47, tmp_test_f1: 3.52, f1: 18.44
epoch: 587, val_loss:2.969934, acc: 26.30, bacc: 29.47, tmp_test_f1: 3.12, f1: 18.44
epoch: 588, val_loss:3.023062, acc: 26.30, bacc: 29.47, tmp_test_f1: 3.12, f1: 18.44
epoch: 589, val_loss:3.075821, acc: 26.30, bacc: 29.47, tmp_test_f1: 3.12, f1: 18.44
epoch: 590, val_loss:3.127168, acc: 26.30, bacc: 29.47, tmp_test_f1: 3.13, f1: 18.44
epoch: 591, val_loss:3.142901, acc: 26.30, bacc: 29.47, tmp_test_f1: 3.13, f1: 18.44
epoch: 592, val_loss:3.140919, acc: 26.30, bacc: 29.47, tmp_test_f1: 3.12, f1: 18.44
epoch: 593, val_loss:3.119549, acc: 26.30, bacc: 29.47, tmp_test_f1: 3.12, f1: 18.44
epoch: 594, val_loss:3.101863, acc: 26.30, bacc: 29.47, tmp_test_f1: 3.13, f1: 18.44
epoch: 595, val_loss:3.101443, acc: 26.30, bacc: 29.47, tmp_test_f1: 3.16, f1: 18.44
epoch: 596, val_loss:3.117273, acc: 26.30, bacc: 29.47, tmp_test_f1: 3.16, f1: 18.44
epoch: 597, val_loss:3.144984, acc: 26.30, bacc: 29.47, tmp_test_f1: 3.16, f1: 18.44
epoch: 598, val_loss:3.137901, acc: 26.30, bacc: 29.47, tmp_test_f1: 2.97, f1: 18.44
epoch: 599, val_loss:3.139051, acc: 26.30, bacc: 29.47, tmp_test_f1: 2.97, f1: 18.44
epoch: 600, val_loss:3.143931, acc: 26.30, bacc: 29.47, tmp_test_f1: 2.97, f1: 18.44
epoch: 601, val_loss:3.152753, acc: 26.30, bacc: 29.47, tmp_test_f1: 3.18, f1: 18.44
epoch: 602, val_loss:3.126567, acc: 26.30, bacc: 29.47, tmp_test_f1: 3.33, f1: 18.44
epoch: 603, val_loss:3.082463, acc: 26.30, bacc: 29.47, tmp_test_f1: 3.33, f1: 18.44
epoch: 604, val_loss:3.036028, acc: 26.30, bacc: 29.47, tmp_test_f1: 3.52, f1: 18.44
epoch: 605, val_loss:3.000951, acc: 26.30, bacc: 29.47, tmp_test_f1: 3.52, f1: 18.44
epoch: 606, val_loss:3.001144, acc: 26.30, bacc: 29.47, tmp_test_f1: 3.52, f1: 18.44
epoch: 607, val_loss:2.992893, acc: 26.30, bacc: 29.47, tmp_test_f1: 3.52, f1: 18.44
epoch: 608, val_loss:2.984668, acc: 26.30, bacc: 29.47, tmp_test_f1: 3.33, f1: 18.44
epoch: 609, val_loss:3.006847, acc: 26.30, bacc: 29.47, tmp_test_f1: 3.33, f1: 18.44
epoch: 610, val_loss:2.982893, acc: 26.30, bacc: 29.47, tmp_test_f1: 3.51, f1: 18.44
epoch: 611, val_loss:2.954207, acc: 26.30, bacc: 29.47, tmp_test_f1: 3.33, f1: 18.44
epoch: 612, val_loss:2.961513, acc: 26.30, bacc: 29.47, tmp_test_f1: 3.12, f1: 18.44
Epoch 00613: reducing learning rate of group 0 to 1.2500e-02.
epoch: 613, val_loss:2.999896, acc: 26.30, bacc: 29.47, tmp_test_f1: 3.12, f1: 18.44
epoch: 614, val_loss:2.984287, acc: 26.30, bacc: 29.47, tmp_test_f1: 3.31, f1: 18.44
epoch: 615, val_loss:2.982047, acc: 26.30, bacc: 29.47, tmp_test_f1: 3.31, f1: 18.44
epoch: 616, val_loss:2.985488, acc: 26.30, bacc: 29.47, tmp_test_f1: 3.12, f1: 18.44
epoch: 617, val_loss:3.003742, acc: 26.30, bacc: 29.47, tmp_test_f1: 3.12, f1: 18.44
epoch: 618, val_loss:3.013749, acc: 26.30, bacc: 29.47, tmp_test_f1: 3.12, f1: 18.44
epoch: 619, val_loss:3.029069, acc: 26.30, bacc: 29.47, tmp_test_f1: 3.16, f1: 18.44
epoch: 620, val_loss:3.045042, acc: 26.30, bacc: 29.47, tmp_test_f1: 3.15, f1: 18.44
epoch: 621, val_loss:3.050272, acc: 26.30, bacc: 29.47, tmp_test_f1: 3.15, f1: 18.44
epoch: 622, val_loss:3.057905, acc: 26.30, bacc: 29.47, tmp_test_f1: 3.15, f1: 18.44
epoch: 623, val_loss:3.065547, acc: 26.30, bacc: 29.47, tmp_test_f1: 3.15, f1: 18.44
epoch: 624, val_loss:3.079544, acc: 26.30, bacc: 29.47, tmp_test_f1: 3.15, f1: 18.44
epoch: 625, val_loss:3.074915, acc: 26.30, bacc: 29.47, tmp_test_f1: 3.15, f1: 18.44
epoch: 626, val_loss:3.074894, acc: 26.30, bacc: 29.47, tmp_test_f1: 3.15, f1: 18.44
epoch: 627, val_loss:3.087113, acc: 26.30, bacc: 29.47, tmp_test_f1: 3.15, f1: 18.44
epoch: 628, val_loss:3.092701, acc: 26.30, bacc: 29.47, tmp_test_f1: 3.15, f1: 18.44
epoch: 629, val_loss:3.088805, acc: 26.30, bacc: 29.47, tmp_test_f1: 3.12, f1: 18.44
epoch: 630, val_loss:3.078579, acc: 26.30, bacc: 29.47, tmp_test_f1: 3.31, f1: 18.44
epoch: 631, val_loss:3.055223, acc: 26.30, bacc: 29.47, tmp_test_f1: 3.31, f1: 18.44
epoch: 632, val_loss:3.044174, acc: 26.30, bacc: 29.47, tmp_test_f1: 3.31, f1: 18.44
epoch: 633, val_loss:3.021073, acc: 26.30, bacc: 29.47, tmp_test_f1: 3.30, f1: 18.44
epoch: 634, val_loss:2.999830, acc: 26.30, bacc: 29.47, tmp_test_f1: 3.30, f1: 18.44
epoch: 635, val_loss:2.981703, acc: 26.30, bacc: 29.47, tmp_test_f1: 3.31, f1: 18.44
epoch: 636, val_loss:2.973119, acc: 26.30, bacc: 29.47, tmp_test_f1: 3.31, f1: 18.44
epoch: 637, val_loss:2.971758, acc: 26.30, bacc: 29.47, tmp_test_f1: 3.31, f1: 18.44
epoch: 638, val_loss:2.966110, acc: 26.30, bacc: 29.47, tmp_test_f1: 3.31, f1: 18.44
epoch: 639, val_loss:2.973595, acc: 26.30, bacc: 29.47, tmp_test_f1: 3.31, f1: 18.44
epoch: 640, val_loss:2.996887, acc: 26.30, bacc: 29.47, tmp_test_f1: 3.12, f1: 18.44
epoch: 641, val_loss:3.032589, acc: 26.30, bacc: 29.47, tmp_test_f1: 3.12, f1: 18.44
epoch: 642, val_loss:3.079400, acc: 26.30, bacc: 29.47, tmp_test_f1: 3.12, f1: 18.44
epoch: 643, val_loss:3.123693, acc: 26.30, bacc: 29.47, tmp_test_f1: 3.12, f1: 18.44
epoch: 644, val_loss:3.136219, acc: 26.30, bacc: 29.47, tmp_test_f1: 3.12, f1: 18.44
epoch: 645, val_loss:3.147199, acc: 26.30, bacc: 29.47, tmp_test_f1: 3.12, f1: 18.44
epoch: 646, val_loss:3.146742, acc: 26.30, bacc: 29.47, tmp_test_f1: 3.12, f1: 18.44
epoch: 647, val_loss:3.144951, acc: 26.30, bacc: 29.47, tmp_test_f1: 3.12, f1: 18.44
epoch: 648, val_loss:3.124404, acc: 26.30, bacc: 29.47, tmp_test_f1: 3.13, f1: 18.44
epoch: 649, val_loss:3.096119, acc: 26.30, bacc: 29.47, tmp_test_f1: 3.13, f1: 18.44
epoch: 650, val_loss:3.072515, acc: 26.30, bacc: 29.47, tmp_test_f1: 3.33, f1: 18.44
epoch: 651, val_loss:3.035258, acc: 26.30, bacc: 29.47, tmp_test_f1: 3.52, f1: 18.44
epoch: 652, val_loss:2.986280, acc: 26.30, bacc: 29.47, tmp_test_f1: 3.52, f1: 18.44
epoch: 653, val_loss:2.950995, acc: 26.30, bacc: 29.47, tmp_test_f1: 3.72, f1: 18.44
epoch: 654, val_loss:2.907124, acc: 26.30, bacc: 29.47, tmp_test_f1: 4.26, f1: 18.44
epoch: 655, val_loss:2.881894, acc: 26.30, bacc: 29.47, tmp_test_f1: 4.26, f1: 18.44
epoch: 656, val_loss:2.876497, acc: 26.30, bacc: 29.47, tmp_test_f1: 4.26, f1: 18.44
epoch: 657, val_loss:2.876352, acc: 26.30, bacc: 29.47, tmp_test_f1: 4.26, f1: 18.44
epoch: 658, val_loss:2.870265, acc: 26.30, bacc: 29.47, tmp_test_f1: 4.09, f1: 18.44
epoch: 659, val_loss:2.884072, acc: 26.30, bacc: 29.47, tmp_test_f1: 4.09, f1: 18.44
epoch: 660, val_loss:2.895711, acc: 26.30, bacc: 29.47, tmp_test_f1: 3.90, f1: 18.44
epoch: 661, val_loss:2.914900, acc: 26.30, bacc: 29.47, tmp_test_f1: 3.52, f1: 18.44
epoch: 662, val_loss:2.944598, acc: 26.30, bacc: 29.47, tmp_test_f1: 3.52, f1: 18.44
epoch: 663, val_loss:2.991372, acc: 26.30, bacc: 29.47, tmp_test_f1: 3.13, f1: 18.44
epoch: 664, val_loss:3.050922, acc: 26.30, bacc: 29.47, tmp_test_f1: 3.13, f1: 18.44
epoch: 665, val_loss:3.097886, acc: 26.30, bacc: 29.47, tmp_test_f1: 3.13, f1: 18.44
epoch: 666, val_loss:3.130047, acc: 26.30, bacc: 29.47, tmp_test_f1: 3.13, f1: 18.44
epoch: 667, val_loss:3.142313, acc: 26.30, bacc: 29.47, tmp_test_f1: 3.13, f1: 18.44
epoch: 668, val_loss:3.134124, acc: 26.30, bacc: 29.47, tmp_test_f1: 3.13, f1: 18.44
epoch: 669, val_loss:3.115761, acc: 26.30, bacc: 29.47, tmp_test_f1: 3.13, f1: 18.44
epoch: 670, val_loss:3.085986, acc: 26.30, bacc: 29.47, tmp_test_f1: 3.13, f1: 18.44
epoch: 671, val_loss:3.038736, acc: 26.30, bacc: 29.47, tmp_test_f1: 3.52, f1: 18.44
epoch: 672, val_loss:2.980194, acc: 26.30, bacc: 29.47, tmp_test_f1: 3.88, f1: 18.44
epoch: 673, val_loss:2.907324, acc: 26.30, bacc: 29.47, tmp_test_f1: 4.08, f1: 18.44
epoch: 674, val_loss:2.861099, acc: 26.30, bacc: 29.47, tmp_test_f1: 4.44, f1: 18.44
epoch: 675, val_loss:2.832626, acc: 26.30, bacc: 29.47, tmp_test_f1: 4.62, f1: 18.44
epoch: 676, val_loss:2.814556, acc: 26.30, bacc: 29.47, tmp_test_f1: 4.78, f1: 18.44
epoch: 677, val_loss:2.813114, acc: 26.30, bacc: 29.47, tmp_test_f1: 4.78, f1: 18.44
epoch: 678, val_loss:2.824369, acc: 26.30, bacc: 29.47, tmp_test_f1: 4.43, f1: 18.44
epoch: 679, val_loss:2.856484, acc: 26.30, bacc: 29.47, tmp_test_f1: 4.08, f1: 18.44
epoch: 680, val_loss:2.895906, acc: 26.30, bacc: 29.47, tmp_test_f1: 3.70, f1: 18.44
epoch: 681, val_loss:2.939695, acc: 26.30, bacc: 29.47, tmp_test_f1: 3.52, f1: 18.44
epoch: 682, val_loss:2.986460, acc: 26.30, bacc: 29.47, tmp_test_f1: 3.33, f1: 18.44
epoch: 683, val_loss:3.045376, acc: 26.30, bacc: 29.47, tmp_test_f1: 3.12, f1: 18.44
epoch: 684, val_loss:3.099511, acc: 26.30, bacc: 29.47, tmp_test_f1: 3.12, f1: 18.44
epoch: 685, val_loss:3.162097, acc: 26.30, bacc: 29.47, tmp_test_f1: 3.12, f1: 18.44
epoch: 686, val_loss:3.205832, acc: 26.30, bacc: 29.47, tmp_test_f1: 3.13, f1: 18.44
epoch: 687, val_loss:3.216953, acc: 26.30, bacc: 29.47, tmp_test_f1: 3.12, f1: 18.44
epoch: 688, val_loss:3.213806, acc: 26.30, bacc: 29.47, tmp_test_f1: 3.12, f1: 18.44
epoch: 689, val_loss:3.214573, acc: 26.30, bacc: 29.47, tmp_test_f1: 3.12, f1: 18.44
epoch: 690, val_loss:3.199220, acc: 26.30, bacc: 29.47, tmp_test_f1: 3.12, f1: 18.44
epoch: 691, val_loss:3.178725, acc: 26.30, bacc: 29.47, tmp_test_f1: 3.12, f1: 18.44
epoch: 692, val_loss:3.158375, acc: 26.30, bacc: 29.47, tmp_test_f1: 3.12, f1: 18.44
epoch: 693, val_loss:3.138986, acc: 26.30, bacc: 29.47, tmp_test_f1: 3.12, f1: 18.44
epoch: 694, val_loss:3.101925, acc: 26.30, bacc: 29.47, tmp_test_f1: 3.12, f1: 18.44
epoch: 695, val_loss:3.072662, acc: 26.30, bacc: 29.47, tmp_test_f1: 3.33, f1: 18.44
epoch: 696, val_loss:3.037613, acc: 26.30, bacc: 29.47, tmp_test_f1: 3.33, f1: 18.44
epoch: 697, val_loss:3.015689, acc: 26.30, bacc: 29.47, tmp_test_f1: 3.33, f1: 18.44
epoch: 698, val_loss:2.977519, acc: 26.30, bacc: 29.47, tmp_test_f1: 3.69, f1: 18.44
epoch: 699, val_loss:2.932754, acc: 26.30, bacc: 29.47, tmp_test_f1: 3.87, f1: 18.44
epoch: 700, val_loss:2.891168, acc: 26.30, bacc: 29.47, tmp_test_f1: 4.08, f1: 18.44
epoch: 701, val_loss:2.868447, acc: 26.30, bacc: 29.47, tmp_test_f1: 4.25, f1: 18.44
epoch: 702, val_loss:2.858317, acc: 26.30, bacc: 29.47, tmp_test_f1: 4.08, f1: 18.44
epoch: 703, val_loss:2.860010, acc: 26.30, bacc: 29.47, tmp_test_f1: 3.87, f1: 18.44
epoch: 704, val_loss:2.882843, acc: 26.30, bacc: 29.47, tmp_test_f1: 3.69, f1: 18.44
epoch: 705, val_loss:2.913056, acc: 26.30, bacc: 29.47, tmp_test_f1: 3.33, f1: 18.44
epoch: 706, val_loss:2.960110, acc: 26.30, bacc: 29.47, tmp_test_f1: 3.12, f1: 18.44
epoch: 707, val_loss:3.019301, acc: 26.30, bacc: 29.47, tmp_test_f1: 3.12, f1: 18.44
epoch: 708, val_loss:3.053551, acc: 26.30, bacc: 29.47, tmp_test_f1: 3.12, f1: 18.44
epoch: 709, val_loss:3.077138, acc: 26.30, bacc: 29.47, tmp_test_f1: 3.12, f1: 18.44
epoch: 710, val_loss:3.094689, acc: 26.30, bacc: 29.47, tmp_test_f1: 3.12, f1: 18.44
epoch: 711, val_loss:3.115248, acc: 26.30, bacc: 29.47, tmp_test_f1: 3.12, f1: 18.44
epoch: 712, val_loss:3.124525, acc: 26.30, bacc: 29.47, tmp_test_f1: 3.12, f1: 18.44
epoch: 713, val_loss:3.101161, acc: 26.30, bacc: 29.47, tmp_test_f1: 3.12, f1: 18.44
epoch: 714, val_loss:3.068760, acc: 26.30, bacc: 29.47, tmp_test_f1: 3.12, f1: 18.44
epoch: 715, val_loss:3.055469, acc: 26.30, bacc: 29.47, tmp_test_f1: 3.12, f1: 18.44
epoch: 716, val_loss:3.061198, acc: 26.30, bacc: 29.47, tmp_test_f1: 3.12, f1: 18.44
epoch: 717, val_loss:3.081185, acc: 26.30, bacc: 29.47, tmp_test_f1: 3.12, f1: 18.44
epoch: 718, val_loss:3.092428, acc: 26.30, bacc: 29.47, tmp_test_f1: 3.12, f1: 18.44
epoch: 719, val_loss:3.090793, acc: 26.30, bacc: 29.47, tmp_test_f1: 3.12, f1: 18.44
epoch: 720, val_loss:3.087350, acc: 26.30, bacc: 29.47, tmp_test_f1: 3.12, f1: 18.44
epoch: 721, val_loss:3.077034, acc: 26.30, bacc: 29.47, tmp_test_f1: 3.13, f1: 18.44
epoch: 722, val_loss:3.063389, acc: 26.30, bacc: 29.47, tmp_test_f1: 3.13, f1: 18.44
epoch: 723, val_loss:3.059626, acc: 26.30, bacc: 29.47, tmp_test_f1: 3.13, f1: 18.44
epoch: 724, val_loss:3.050457, acc: 26.30, bacc: 29.47, tmp_test_f1: 3.13, f1: 18.44
epoch: 725, val_loss:3.048684, acc: 26.30, bacc: 29.47, tmp_test_f1: 3.13, f1: 18.44
epoch: 726, val_loss:3.052301, acc: 26.30, bacc: 29.47, tmp_test_f1: 3.13, f1: 18.44
epoch: 727, val_loss:3.071966, acc: 26.30, bacc: 29.47, tmp_test_f1: 2.94, f1: 18.44
epoch: 728, val_loss:3.096277, acc: 26.30, bacc: 29.47, tmp_test_f1: 2.94, f1: 18.44
epoch: 729, val_loss:3.110355, acc: 26.30, bacc: 29.47, tmp_test_f1: 2.94, f1: 18.44
epoch: 730, val_loss:3.127883, acc: 26.30, bacc: 29.47, tmp_test_f1: 2.94, f1: 18.44
epoch: 731, val_loss:3.149197, acc: 26.30, bacc: 29.47, tmp_test_f1: 2.94, f1: 18.44
epoch: 732, val_loss:3.170529, acc: 26.30, bacc: 29.47, tmp_test_f1: 2.94, f1: 18.44
epoch: 733, val_loss:3.169776, acc: 26.30, bacc: 29.47, tmp_test_f1: 3.12, f1: 18.44
epoch: 734, val_loss:3.129945, acc: 26.30, bacc: 29.47, tmp_test_f1: 3.12, f1: 18.44
epoch: 735, val_loss:3.095132, acc: 26.30, bacc: 29.47, tmp_test_f1: 3.12, f1: 18.44
epoch: 736, val_loss:3.044780, acc: 26.30, bacc: 29.47, tmp_test_f1: 3.31, f1: 18.44
epoch: 737, val_loss:2.977208, acc: 26.30, bacc: 29.47, tmp_test_f1: 3.70, f1: 18.44
epoch: 738, val_loss:2.911954, acc: 26.30, bacc: 29.47, tmp_test_f1: 4.25, f1: 18.44
epoch: 739, val_loss:2.847498, acc: 26.30, bacc: 29.47, tmp_test_f1: 4.42, f1: 18.44
epoch: 740, val_loss:2.810769, acc: 26.30, bacc: 29.47, tmp_test_f1: 4.42, f1: 18.44
epoch: 741, val_loss:2.804034, acc: 26.30, bacc: 29.47, tmp_test_f1: 4.42, f1: 18.44
epoch: 742, val_loss:2.813600, acc: 26.30, bacc: 29.47, tmp_test_f1: 4.42, f1: 18.44
epoch: 743, val_loss:2.826251, acc: 26.30, bacc: 29.47, tmp_test_f1: 4.42, f1: 18.44
epoch: 744, val_loss:2.837024, acc: 26.30, bacc: 29.47, tmp_test_f1: 4.25, f1: 18.44
epoch: 745, val_loss:2.857924, acc: 26.30, bacc: 29.47, tmp_test_f1: 3.67, f1: 18.44
epoch: 746, val_loss:2.899384, acc: 26.30, bacc: 29.47, tmp_test_f1: 3.49, f1: 18.44
epoch: 747, val_loss:2.939315, acc: 26.30, bacc: 29.47, tmp_test_f1: 3.12, f1: 18.44
epoch: 748, val_loss:2.987930, acc: 26.30, bacc: 29.47, tmp_test_f1: 3.12, f1: 18.44
epoch: 749, val_loss:3.039371, acc: 26.30, bacc: 29.47, tmp_test_f1: 3.12, f1: 18.44
epoch: 750, val_loss:3.091304, acc: 26.30, bacc: 29.47, tmp_test_f1: 3.12, f1: 18.44
epoch: 751, val_loss:3.152421, acc: 26.30, bacc: 29.47, tmp_test_f1: 3.12, f1: 18.44
epoch: 752, val_loss:3.221988, acc: 26.30, bacc: 29.47, tmp_test_f1: 2.94, f1: 18.44
epoch: 753, val_loss:3.297906, acc: 26.30, bacc: 29.47, tmp_test_f1: 2.94, f1: 18.44
epoch: 754, val_loss:3.333236, acc: 26.30, bacc: 29.47, tmp_test_f1: 2.94, f1: 18.44
epoch: 755, val_loss:3.349407, acc: 26.30, bacc: 29.47, tmp_test_f1: 2.94, f1: 18.44
epoch: 756, val_loss:3.340974, acc: 26.30, bacc: 29.47, tmp_test_f1: 2.94, f1: 18.44
epoch: 757, val_loss:3.307547, acc: 26.30, bacc: 29.47, tmp_test_f1: 2.94, f1: 18.44
epoch: 758, val_loss:3.283492, acc: 26.30, bacc: 29.47, tmp_test_f1: 2.94, f1: 18.44
epoch: 759, val_loss:3.233785, acc: 26.30, bacc: 29.47, tmp_test_f1: 2.94, f1: 18.44
epoch: 760, val_loss:3.178033, acc: 26.30, bacc: 29.47, tmp_test_f1: 2.94, f1: 18.44
epoch: 761, val_loss:3.109549, acc: 26.30, bacc: 29.47, tmp_test_f1: 3.12, f1: 18.44
epoch: 762, val_loss:3.055109, acc: 26.30, bacc: 29.47, tmp_test_f1: 3.12, f1: 18.44
epoch: 763, val_loss:2.989942, acc: 26.30, bacc: 29.47, tmp_test_f1: 3.69, f1: 18.44
epoch: 764, val_loss:2.919116, acc: 26.30, bacc: 29.47, tmp_test_f1: 4.42, f1: 18.44
epoch: 765, val_loss:2.842344, acc: 26.30, bacc: 29.47, tmp_test_f1: 4.94, f1: 18.44
epoch: 766, val_loss:2.786280, acc: 26.30, bacc: 29.47, tmp_test_f1: 5.28, f1: 18.44
epoch: 767, val_loss:2.759461, acc: 26.30, bacc: 29.47, tmp_test_f1: 5.27, f1: 18.44
epoch: 768, val_loss:2.728066, acc: 26.30, bacc: 29.47, tmp_test_f1: 5.44, f1: 18.44
epoch: 769, val_loss:2.712048, acc: 26.30, bacc: 29.47, tmp_test_f1: 5.43, f1: 18.44
epoch: 770, val_loss:2.712801, acc: 26.30, bacc: 29.47, tmp_test_f1: 5.26, f1: 18.44
epoch: 771, val_loss:2.735815, acc: 26.30, bacc: 29.47, tmp_test_f1: 5.10, f1: 18.44
epoch: 772, val_loss:2.780426, acc: 26.30, bacc: 29.47, tmp_test_f1: 4.60, f1: 18.44
epoch: 773, val_loss:2.826695, acc: 26.30, bacc: 29.47, tmp_test_f1: 4.25, f1: 18.44
epoch: 774, val_loss:2.886086, acc: 26.30, bacc: 29.47, tmp_test_f1: 3.72, f1: 18.44
epoch: 775, val_loss:2.954595, acc: 26.30, bacc: 29.47, tmp_test_f1: 3.51, f1: 18.44
epoch: 776, val_loss:3.028435, acc: 26.30, bacc: 29.47, tmp_test_f1: 3.15, f1: 18.44
epoch: 777, val_loss:3.097697, acc: 26.30, bacc: 29.47, tmp_test_f1: 2.94, f1: 18.44
epoch: 778, val_loss:3.163448, acc: 26.30, bacc: 29.47, tmp_test_f1: 2.94, f1: 18.44
epoch: 779, val_loss:3.227275, acc: 26.30, bacc: 29.47, tmp_test_f1: 2.94, f1: 18.44
epoch: 780, val_loss:3.295154, acc: 26.30, bacc: 29.47, tmp_test_f1: 2.94, f1: 18.44
epoch: 781, val_loss:3.340172, acc: 26.30, bacc: 29.47, tmp_test_f1: 2.94, f1: 18.44
epoch: 782, val_loss:3.358851, acc: 26.30, bacc: 29.47, tmp_test_f1: 2.94, f1: 18.44
epoch: 783, val_loss:3.370881, acc: 26.30, bacc: 29.47, tmp_test_f1: 2.94, f1: 18.44
epoch: 784, val_loss:3.374801, acc: 26.30, bacc: 29.47, tmp_test_f1: 2.97, f1: 18.44
epoch: 785, val_loss:3.385494, acc: 26.30, bacc: 29.47, tmp_test_f1: 2.94, f1: 18.44
epoch: 786, val_loss:3.349617, acc: 26.30, bacc: 29.47, tmp_test_f1: 2.94, f1: 18.44
epoch: 787, val_loss:3.287731, acc: 26.30, bacc: 29.47, tmp_test_f1: 2.94, f1: 18.44
epoch: 788, val_loss:3.197959, acc: 26.30, bacc: 29.47, tmp_test_f1: 2.94, f1: 18.44
epoch: 789, val_loss:3.113910, acc: 26.30, bacc: 29.47, tmp_test_f1: 3.33, f1: 18.44
epoch: 790, val_loss:3.057025, acc: 26.30, bacc: 29.47, tmp_test_f1: 3.51, f1: 18.44
epoch: 791, val_loss:3.000205, acc: 26.30, bacc: 29.47, tmp_test_f1: 3.89, f1: 18.44
epoch: 792, val_loss:2.961831, acc: 26.30, bacc: 29.47, tmp_test_f1: 4.08, f1: 18.44
epoch: 793, val_loss:2.938034, acc: 26.30, bacc: 29.47, tmp_test_f1: 4.07, f1: 18.44
epoch: 794, val_loss:2.926546, acc: 26.30, bacc: 29.47, tmp_test_f1: 4.07, f1: 18.44
epoch: 795, val_loss:2.928464, acc: 26.30, bacc: 29.47, tmp_test_f1: 3.87, f1: 18.44
epoch: 796, val_loss:2.951081, acc: 26.30, bacc: 29.47, tmp_test_f1: 3.69, f1: 18.44
epoch: 797, val_loss:2.989777, acc: 26.30, bacc: 29.47, tmp_test_f1: 3.51, f1: 18.44
epoch: 798, val_loss:3.014495, acc: 26.30, bacc: 29.47, tmp_test_f1: 3.52, f1: 18.44
epoch: 799, val_loss:3.037303, acc: 26.30, bacc: 29.47, tmp_test_f1: 3.33, f1: 18.44
epoch: 800, val_loss:3.040344, acc: 26.30, bacc: 29.47, tmp_test_f1: 3.33, f1: 18.44
epoch: 801, val_loss:3.057600, acc: 26.30, bacc: 29.47, tmp_test_f1: 3.12, f1: 18.44
epoch: 802, val_loss:3.076555, acc: 26.30, bacc: 29.47, tmp_test_f1: 3.12, f1: 18.44
epoch: 803, val_loss:3.073344, acc: 26.30, bacc: 29.47, tmp_test_f1: 3.12, f1: 18.44
epoch: 804, val_loss:3.073817, acc: 26.30, bacc: 29.47, tmp_test_f1: 3.12, f1: 18.44
epoch: 805, val_loss:3.081500, acc: 26.30, bacc: 29.47, tmp_test_f1: 3.12, f1: 18.44
epoch: 806, val_loss:3.099383, acc: 26.30, bacc: 29.47, tmp_test_f1: 3.12, f1: 18.44
epoch: 807, val_loss:3.127336, acc: 26.30, bacc: 29.47, tmp_test_f1: 3.12, f1: 18.44
epoch: 808, val_loss:3.149400, acc: 26.30, bacc: 29.47, tmp_test_f1: 3.12, f1: 18.44
epoch: 809, val_loss:3.163642, acc: 26.30, bacc: 29.47, tmp_test_f1: 3.12, f1: 18.44
epoch: 810, val_loss:3.186035, acc: 26.30, bacc: 29.47, tmp_test_f1: 3.15, f1: 18.44
SymDiGCN dgl/citeseerFalse 100 Aug 1 EndEpoch 810 lr 0.1
Feb14split  0, acc: 26.30, bacc: 29.47, f1: 18.44
