cuda is not available, using CPU.
Namespace(to_undirected=False, IsDirectedData=True, AugDirect=-1, net='SymDiGCN', GPUdevice=1, seed=100, undirect_dataset='Cora', Direct_dataset='dgl/citeseer', imb_ratio=100, dropout=0.5, layer=1, alpha=0.1, K=2, feat_dim=64, warmup=5, epoch=1500, lr=0.1, l2=0.0005, tau=2, max=False, no_mask=False, gdc='ppr', heads=8, log_root='../logs/', log_path='test', data_path='../dataset/data/tmp/')
  NumNodes: 3327
  NumEdges: 4676
  NumFeats: 3703
  NumClasses: 6
  NumTrainingSamples: 120
  NumValidationSamples: 500
  NumTestSamples: 1000
Done loading data from cached files.
The Dataset is  Dataset("citeseer", num_graphs=1, save_path=/home/qin/.dgl/citeseer_d6836239) from DirectedData:  True
dict_keys(['feat', 'label', 'test_mask', 'val_mask', 'train_mask'])
Num_bidirect_edges: 0, total_num_edges: 4676
This is directed graph:  True
data_x torch.Size([3327, 3703])
SymLayer1(
  (gconv): DGCNConv(None, None)
  (Conv): Conv1d(18, 6, kernel_size=(1,), stride=(1,))
  (lin1): Linear(in_features=3703, out_features=6, bias=False)
)
test_f1 CountNotImproved reset to 0 in epoch 0
epoch:   0, val_loss:1.829322, acc: 7.70, bacc: 16.67, tmp_test_f1: 2.38, f1: 2.38
epoch:   1, val_loss:1.890690, acc: 7.70, bacc: 16.67, tmp_test_f1: 2.38, f1: 2.38
epoch:   2, val_loss:2.118097, acc: 7.70, bacc: 16.67, tmp_test_f1: 2.38, f1: 2.38
epoch:   3, val_loss:2.707294, acc: 7.70, bacc: 16.67, tmp_test_f1: 2.38, f1: 2.38
test_f1 CountNotImproved reset to 0 in epoch 4
epoch:   4, val_loss:3.443876, acc: 7.70, bacc: 16.67, tmp_test_f1: 2.39, f1: 2.39
test_f1 CountNotImproved reset to 0 in epoch 5
epoch:   5, val_loss:3.810927, acc: 8.60, bacc: 17.49, tmp_test_f1: 4.01, f1: 4.01
test_f1 CountNotImproved reset to 0 in epoch 6
epoch:   6, val_loss:4.012074, acc: 18.70, bacc: 26.29, tmp_test_f1: 14.98, f1: 14.98
test_f1 CountNotImproved reset to 0 in epoch 7
epoch:   7, val_loss:3.454637, acc: 25.00, bacc: 30.83, tmp_test_f1: 17.75, f1: 17.75
epoch:   8, val_loss:2.724555, acc: 25.00, bacc: 30.83, tmp_test_f1: 17.28, f1: 17.75
test_f1 CountNotImproved reset to 0 in epoch 9
epoch:   9, val_loss:2.043803, acc: 26.70, bacc: 30.18, tmp_test_f1: 19.03, f1: 19.03
epoch:  10, val_loss:1.758416, acc: 26.70, bacc: 30.18, tmp_test_f1: 9.10, f1: 19.03
epoch:  11, val_loss:1.807613, acc: 26.70, bacc: 30.18, tmp_test_f1: 7.21, f1: 19.03
epoch:  12, val_loss:1.933637, acc: 26.70, bacc: 30.18, tmp_test_f1: 4.44, f1: 19.03
epoch:  13, val_loss:2.130647, acc: 26.70, bacc: 30.18, tmp_test_f1: 2.39, f1: 19.03
epoch:  14, val_loss:2.455350, acc: 26.70, bacc: 30.18, tmp_test_f1: 2.39, f1: 19.03
epoch:  15, val_loss:2.858783, acc: 26.70, bacc: 30.18, tmp_test_f1: 2.38, f1: 19.03
epoch:  16, val_loss:3.188310, acc: 26.70, bacc: 30.18, tmp_test_f1: 2.38, f1: 19.03
epoch:  17, val_loss:3.421607, acc: 26.70, bacc: 30.18, tmp_test_f1: 2.38, f1: 19.03
epoch:  18, val_loss:3.644908, acc: 26.70, bacc: 30.18, tmp_test_f1: 2.38, f1: 19.03
epoch:  19, val_loss:3.876397, acc: 26.70, bacc: 30.18, tmp_test_f1: 2.57, f1: 19.03
epoch:  20, val_loss:4.002719, acc: 26.70, bacc: 30.18, tmp_test_f1: 2.57, f1: 19.03
epoch:  21, val_loss:4.012757, acc: 26.70, bacc: 30.18, tmp_test_f1: 2.57, f1: 19.03
epoch:  22, val_loss:3.989437, acc: 26.70, bacc: 30.18, tmp_test_f1: 2.57, f1: 19.03
epoch:  23, val_loss:3.918769, acc: 26.70, bacc: 30.18, tmp_test_f1: 2.57, f1: 19.03
epoch:  24, val_loss:3.452051, acc: 26.70, bacc: 30.18, tmp_test_f1: 3.51, f1: 19.03
epoch:  25, val_loss:2.817435, acc: 26.70, bacc: 30.18, tmp_test_f1: 5.02, f1: 19.03
epoch:  26, val_loss:2.380055, acc: 26.70, bacc: 30.18, tmp_test_f1: 7.13, f1: 19.03
epoch:  27, val_loss:2.124724, acc: 26.70, bacc: 30.18, tmp_test_f1: 6.01, f1: 19.03
epoch:  28, val_loss:2.160347, acc: 26.70, bacc: 30.18, tmp_test_f1: 4.41, f1: 19.03
epoch:  29, val_loss:2.448373, acc: 26.70, bacc: 30.18, tmp_test_f1: 2.95, f1: 19.03
epoch:  30, val_loss:2.968247, acc: 26.70, bacc: 30.18, tmp_test_f1: 2.39, f1: 19.03
epoch:  31, val_loss:3.575608, acc: 26.70, bacc: 30.18, tmp_test_f1: 2.38, f1: 19.03
epoch:  32, val_loss:3.939415, acc: 26.70, bacc: 30.18, tmp_test_f1: 2.38, f1: 19.03
epoch:  33, val_loss:4.059110, acc: 26.70, bacc: 30.18, tmp_test_f1: 2.57, f1: 19.03
epoch:  34, val_loss:3.834425, acc: 26.70, bacc: 30.18, tmp_test_f1: 3.11, f1: 19.03
epoch:  35, val_loss:3.241981, acc: 26.70, bacc: 30.18, tmp_test_f1: 4.59, f1: 19.03
epoch:  36, val_loss:2.644091, acc: 26.70, bacc: 30.18, tmp_test_f1: 7.29, f1: 19.03
epoch:  37, val_loss:2.175616, acc: 26.70, bacc: 30.18, tmp_test_f1: 11.22, f1: 19.03
epoch:  38, val_loss:2.002270, acc: 26.70, bacc: 30.18, tmp_test_f1: 12.42, f1: 19.03
epoch:  39, val_loss:2.066543, acc: 26.70, bacc: 30.18, tmp_test_f1: 5.52, f1: 19.03
epoch:  40, val_loss:2.377989, acc: 26.70, bacc: 30.18, tmp_test_f1: 3.11, f1: 19.03
epoch:  41, val_loss:2.899521, acc: 26.70, bacc: 30.18, tmp_test_f1: 2.57, f1: 19.03
epoch:  42, val_loss:3.529115, acc: 26.70, bacc: 30.18, tmp_test_f1: 2.38, f1: 19.03
epoch:  43, val_loss:3.894556, acc: 26.70, bacc: 30.18, tmp_test_f1: 2.38, f1: 19.03
epoch:  44, val_loss:3.748530, acc: 26.70, bacc: 30.18, tmp_test_f1: 2.39, f1: 19.03
epoch:  45, val_loss:3.385208, acc: 26.70, bacc: 30.18, tmp_test_f1: 2.74, f1: 19.03
epoch:  46, val_loss:2.930882, acc: 26.70, bacc: 30.18, tmp_test_f1: 4.70, f1: 19.03
epoch:  47, val_loss:2.609877, acc: 26.70, bacc: 30.18, tmp_test_f1: 5.30, f1: 19.03
epoch:  48, val_loss:2.423661, acc: 26.70, bacc: 30.18, tmp_test_f1: 6.22, f1: 19.03
epoch:  49, val_loss:2.374996, acc: 26.70, bacc: 30.18, tmp_test_f1: 5.68, f1: 19.03
epoch:  50, val_loss:2.420295, acc: 26.70, bacc: 30.18, tmp_test_f1: 4.43, f1: 19.03
epoch:  51, val_loss:2.596234, acc: 26.70, bacc: 30.18, tmp_test_f1: 3.82, f1: 19.03
epoch:  52, val_loss:2.815496, acc: 26.70, bacc: 30.18, tmp_test_f1: 2.57, f1: 19.03
epoch:  53, val_loss:3.075359, acc: 26.70, bacc: 30.18, tmp_test_f1: 2.38, f1: 19.03
epoch:  54, val_loss:3.297718, acc: 26.70, bacc: 30.18, tmp_test_f1: 2.38, f1: 19.03
epoch:  55, val_loss:3.364678, acc: 26.70, bacc: 30.18, tmp_test_f1: 2.38, f1: 19.03
epoch:  56, val_loss:3.332375, acc: 26.70, bacc: 30.18, tmp_test_f1: 2.55, f1: 19.03
epoch:  57, val_loss:3.108573, acc: 26.70, bacc: 30.18, tmp_test_f1: 2.75, f1: 19.03
epoch:  58, val_loss:2.918351, acc: 26.70, bacc: 30.18, tmp_test_f1: 3.32, f1: 19.03
epoch:  59, val_loss:2.779855, acc: 26.70, bacc: 30.18, tmp_test_f1: 3.67, f1: 19.03
epoch:  60, val_loss:2.738378, acc: 26.70, bacc: 30.18, tmp_test_f1: 3.63, f1: 19.03
epoch:  61, val_loss:2.836665, acc: 26.70, bacc: 30.18, tmp_test_f1: 3.78, f1: 19.03
epoch:  62, val_loss:3.006629, acc: 26.70, bacc: 30.18, tmp_test_f1: 3.79, f1: 19.03
epoch:  63, val_loss:3.172796, acc: 26.70, bacc: 30.18, tmp_test_f1: 3.82, f1: 19.03
epoch:  64, val_loss:3.306316, acc: 26.70, bacc: 30.18, tmp_test_f1: 3.31, f1: 19.03
epoch:  65, val_loss:3.373590, acc: 26.70, bacc: 30.18, tmp_test_f1: 3.28, f1: 19.03
epoch:  66, val_loss:3.331238, acc: 26.70, bacc: 30.18, tmp_test_f1: 3.63, f1: 19.03
epoch:  67, val_loss:3.032262, acc: 26.70, bacc: 30.18, tmp_test_f1: 4.86, f1: 19.03
epoch:  68, val_loss:2.837226, acc: 26.70, bacc: 30.18, tmp_test_f1: 5.31, f1: 19.03
epoch:  69, val_loss:2.737156, acc: 26.70, bacc: 30.18, tmp_test_f1: 5.01, f1: 19.03
epoch:  70, val_loss:2.763656, acc: 26.70, bacc: 30.18, tmp_test_f1: 4.51, f1: 19.03
epoch:  71, val_loss:2.933042, acc: 26.70, bacc: 30.18, tmp_test_f1: 3.63, f1: 19.03
epoch:  72, val_loss:3.161019, acc: 26.70, bacc: 30.18, tmp_test_f1: 3.63, f1: 19.03
epoch:  73, val_loss:3.379884, acc: 26.70, bacc: 30.18, tmp_test_f1: 3.31, f1: 19.03
epoch:  74, val_loss:3.567555, acc: 26.70, bacc: 30.18, tmp_test_f1: 3.31, f1: 19.03
epoch:  75, val_loss:3.673886, acc: 26.70, bacc: 30.18, tmp_test_f1: 3.13, f1: 19.03
epoch:  76, val_loss:3.732667, acc: 26.70, bacc: 30.18, tmp_test_f1: 3.13, f1: 19.03
epoch:  77, val_loss:3.649644, acc: 26.70, bacc: 30.18, tmp_test_f1: 3.28, f1: 19.03
epoch:  78, val_loss:3.405963, acc: 26.70, bacc: 30.18, tmp_test_f1: 3.80, f1: 19.03
epoch:  79, val_loss:3.212602, acc: 26.70, bacc: 30.18, tmp_test_f1: 3.99, f1: 19.03
epoch:  80, val_loss:3.147194, acc: 26.70, bacc: 30.18, tmp_test_f1: 3.80, f1: 19.03
epoch:  81, val_loss:3.270447, acc: 26.70, bacc: 30.18, tmp_test_f1: 3.79, f1: 19.03
epoch:  82, val_loss:3.435390, acc: 26.70, bacc: 30.18, tmp_test_f1: 3.66, f1: 19.03
epoch:  83, val_loss:3.711110, acc: 26.70, bacc: 30.18, tmp_test_f1: 3.31, f1: 19.03
epoch:  84, val_loss:3.856274, acc: 26.70, bacc: 30.18, tmp_test_f1: 3.28, f1: 19.03
epoch:  85, val_loss:3.751014, acc: 26.70, bacc: 30.18, tmp_test_f1: 3.65, f1: 19.03
epoch:  86, val_loss:3.483010, acc: 26.70, bacc: 30.18, tmp_test_f1: 3.99, f1: 19.03
epoch:  87, val_loss:3.228251, acc: 26.70, bacc: 30.18, tmp_test_f1: 4.32, f1: 19.03
epoch:  88, val_loss:3.100332, acc: 26.70, bacc: 30.18, tmp_test_f1: 4.37, f1: 19.03
epoch:  89, val_loss:3.153198, acc: 26.70, bacc: 30.18, tmp_test_f1: 4.00, f1: 19.03
epoch:  90, val_loss:3.312951, acc: 26.70, bacc: 30.18, tmp_test_f1: 3.47, f1: 19.03
epoch:  91, val_loss:3.593897, acc: 26.70, bacc: 30.18, tmp_test_f1: 2.95, f1: 19.03
epoch:  92, val_loss:3.927069, acc: 26.70, bacc: 30.18, tmp_test_f1: 2.95, f1: 19.03
epoch:  93, val_loss:4.261833, acc: 26.70, bacc: 30.18, tmp_test_f1: 2.95, f1: 19.03
epoch:  94, val_loss:4.150447, acc: 26.70, bacc: 30.18, tmp_test_f1: 4.00, f1: 19.03
epoch:  95, val_loss:3.689621, acc: 26.70, bacc: 30.18, tmp_test_f1: 4.47, f1: 19.03
epoch:  96, val_loss:3.342362, acc: 26.70, bacc: 30.18, tmp_test_f1: 5.23, f1: 19.03
epoch:  97, val_loss:3.111464, acc: 26.70, bacc: 30.18, tmp_test_f1: 5.42, f1: 19.03
epoch:  98, val_loss:3.084664, acc: 26.70, bacc: 30.18, tmp_test_f1: 5.25, f1: 19.03
epoch:  99, val_loss:3.237784, acc: 26.70, bacc: 30.18, tmp_test_f1: 4.06, f1: 19.03
epoch: 100, val_loss:3.464070, acc: 26.70, bacc: 30.18, tmp_test_f1: 3.35, f1: 19.03
epoch: 101, val_loss:3.704950, acc: 26.70, bacc: 30.18, tmp_test_f1: 2.75, f1: 19.03
epoch: 102, val_loss:3.850021, acc: 26.70, bacc: 30.18, tmp_test_f1: 2.75, f1: 19.03
epoch: 103, val_loss:3.952737, acc: 26.70, bacc: 30.18, tmp_test_f1: 2.75, f1: 19.03
epoch: 104, val_loss:3.800571, acc: 26.70, bacc: 30.18, tmp_test_f1: 3.29, f1: 19.03
epoch: 105, val_loss:3.582621, acc: 26.70, bacc: 30.18, tmp_test_f1: 3.65, f1: 19.03
epoch: 106, val_loss:3.500835, acc: 26.70, bacc: 30.18, tmp_test_f1: 3.99, f1: 19.03
epoch: 107, val_loss:3.569435, acc: 26.70, bacc: 30.18, tmp_test_f1: 4.32, f1: 19.03
epoch: 108, val_loss:3.566146, acc: 26.70, bacc: 30.18, tmp_test_f1: 4.15, f1: 19.03
epoch: 109, val_loss:3.667233, acc: 26.70, bacc: 30.18, tmp_test_f1: 4.31, f1: 19.03
epoch: 110, val_loss:3.603376, acc: 26.70, bacc: 30.18, tmp_test_f1: 4.47, f1: 19.03
epoch: 111, val_loss:3.351449, acc: 26.70, bacc: 30.18, tmp_test_f1: 4.50, f1: 19.03
epoch: 112, val_loss:3.139454, acc: 26.70, bacc: 30.18, tmp_test_f1: 4.34, f1: 19.03
epoch: 113, val_loss:3.037866, acc: 26.70, bacc: 30.18, tmp_test_f1: 3.99, f1: 19.03
epoch: 114, val_loss:2.971069, acc: 26.70, bacc: 30.18, tmp_test_f1: 3.48, f1: 19.03
epoch: 115, val_loss:3.139730, acc: 26.70, bacc: 30.18, tmp_test_f1: 3.11, f1: 19.03
epoch: 116, val_loss:3.344751, acc: 26.70, bacc: 30.18, tmp_test_f1: 2.93, f1: 19.03
epoch: 117, val_loss:3.497052, acc: 26.70, bacc: 30.18, tmp_test_f1: 3.11, f1: 19.03
epoch: 118, val_loss:3.735227, acc: 26.70, bacc: 30.18, tmp_test_f1: 2.95, f1: 19.03
epoch: 119, val_loss:3.930845, acc: 26.70, bacc: 30.18, tmp_test_f1: 2.95, f1: 19.03
epoch: 120, val_loss:3.990191, acc: 26.70, bacc: 30.18, tmp_test_f1: 3.13, f1: 19.03
epoch: 121, val_loss:3.829472, acc: 26.70, bacc: 30.18, tmp_test_f1: 3.47, f1: 19.03
epoch: 122, val_loss:3.630568, acc: 26.70, bacc: 30.18, tmp_test_f1: 3.64, f1: 19.03
epoch: 123, val_loss:3.412919, acc: 26.70, bacc: 30.18, tmp_test_f1: 3.65, f1: 19.03
epoch: 124, val_loss:3.338616, acc: 26.70, bacc: 30.18, tmp_test_f1: 3.66, f1: 19.03
epoch: 125, val_loss:3.371668, acc: 26.70, bacc: 30.18, tmp_test_f1: 3.29, f1: 19.03
epoch: 126, val_loss:3.570342, acc: 26.70, bacc: 30.18, tmp_test_f1: 3.29, f1: 19.03
epoch: 127, val_loss:3.645822, acc: 26.70, bacc: 30.18, tmp_test_f1: 3.29, f1: 19.03
epoch: 128, val_loss:3.672809, acc: 26.70, bacc: 30.18, tmp_test_f1: 4.05, f1: 19.03
epoch: 129, val_loss:3.398468, acc: 26.70, bacc: 30.18, tmp_test_f1: 4.36, f1: 19.03
epoch: 130, val_loss:3.217396, acc: 26.70, bacc: 30.18, tmp_test_f1: 4.66, f1: 19.03
epoch: 131, val_loss:3.124520, acc: 26.70, bacc: 30.18, tmp_test_f1: 4.38, f1: 19.03
epoch: 132, val_loss:3.264275, acc: 26.70, bacc: 30.18, tmp_test_f1: 3.66, f1: 19.03
epoch: 133, val_loss:3.367453, acc: 26.70, bacc: 30.18, tmp_test_f1: 3.82, f1: 19.03
epoch: 134, val_loss:3.501975, acc: 26.70, bacc: 30.18, tmp_test_f1: 3.82, f1: 19.03
epoch: 135, val_loss:3.584628, acc: 26.70, bacc: 30.18, tmp_test_f1: 4.12, f1: 19.03
epoch: 136, val_loss:3.630820, acc: 26.70, bacc: 30.18, tmp_test_f1: 4.11, f1: 19.03
epoch: 137, val_loss:3.660795, acc: 26.70, bacc: 30.18, tmp_test_f1: 3.30, f1: 19.03
epoch: 138, val_loss:3.838336, acc: 26.70, bacc: 30.18, tmp_test_f1: 2.96, f1: 19.03
epoch: 139, val_loss:3.928897, acc: 26.70, bacc: 30.18, tmp_test_f1: 2.75, f1: 19.03
epoch: 140, val_loss:3.930656, acc: 26.70, bacc: 30.18, tmp_test_f1: 2.93, f1: 19.03
epoch: 141, val_loss:3.569849, acc: 26.70, bacc: 30.18, tmp_test_f1: 3.47, f1: 19.03
epoch: 142, val_loss:3.303760, acc: 26.70, bacc: 30.18, tmp_test_f1: 4.63, f1: 19.03
epoch: 143, val_loss:3.119085, acc: 26.70, bacc: 30.18, tmp_test_f1: 5.19, f1: 19.03
epoch: 144, val_loss:3.162934, acc: 26.70, bacc: 30.18, tmp_test_f1: 4.07, f1: 19.03
epoch: 145, val_loss:3.460001, acc: 26.70, bacc: 30.18, tmp_test_f1: 3.49, f1: 19.03
epoch: 146, val_loss:3.806494, acc: 26.70, bacc: 30.18, tmp_test_f1: 3.31, f1: 19.03
epoch: 147, val_loss:4.016149, acc: 26.70, bacc: 30.18, tmp_test_f1: 3.13, f1: 19.03
epoch: 148, val_loss:3.999135, acc: 26.70, bacc: 30.18, tmp_test_f1: 3.68, f1: 19.03
epoch: 149, val_loss:3.796618, acc: 26.70, bacc: 30.18, tmp_test_f1: 3.48, f1: 19.03
epoch: 150, val_loss:3.553987, acc: 26.70, bacc: 30.18, tmp_test_f1: 3.51, f1: 19.03
epoch: 151, val_loss:3.448138, acc: 26.70, bacc: 30.18, tmp_test_f1: 3.82, f1: 19.03
epoch: 152, val_loss:3.379795, acc: 26.70, bacc: 30.18, tmp_test_f1: 4.59, f1: 19.03
epoch: 153, val_loss:3.211267, acc: 26.70, bacc: 30.18, tmp_test_f1: 4.41, f1: 19.03
epoch: 154, val_loss:3.291140, acc: 26.70, bacc: 30.18, tmp_test_f1: 3.32, f1: 19.03
epoch: 155, val_loss:3.496065, acc: 26.70, bacc: 30.18, tmp_test_f1: 2.75, f1: 19.03
epoch: 156, val_loss:3.708290, acc: 26.70, bacc: 30.18, tmp_test_f1: 2.75, f1: 19.03
epoch: 157, val_loss:3.869652, acc: 26.70, bacc: 30.18, tmp_test_f1: 2.75, f1: 19.03
epoch: 158, val_loss:3.965653, acc: 26.70, bacc: 30.18, tmp_test_f1: 2.93, f1: 19.03
epoch: 159, val_loss:3.865320, acc: 26.70, bacc: 30.18, tmp_test_f1: 3.51, f1: 19.03
epoch: 160, val_loss:3.435646, acc: 26.70, bacc: 30.18, tmp_test_f1: 3.88, f1: 19.03
epoch: 161, val_loss:3.197026, acc: 26.70, bacc: 30.18, tmp_test_f1: 4.72, f1: 19.03
epoch: 162, val_loss:3.000710, acc: 26.70, bacc: 30.18, tmp_test_f1: 5.59, f1: 19.03
epoch: 163, val_loss:2.906944, acc: 26.70, bacc: 30.18, tmp_test_f1: 4.65, f1: 19.03
epoch: 164, val_loss:3.034269, acc: 26.70, bacc: 30.18, tmp_test_f1: 4.28, f1: 19.03
epoch: 165, val_loss:3.177510, acc: 26.70, bacc: 30.18, tmp_test_f1: 3.31, f1: 19.03
epoch: 166, val_loss:3.476250, acc: 26.70, bacc: 30.18, tmp_test_f1: 2.95, f1: 19.03
epoch: 167, val_loss:3.773709, acc: 26.70, bacc: 30.18, tmp_test_f1: 2.77, f1: 19.03
epoch: 168, val_loss:4.098480, acc: 26.70, bacc: 30.18, tmp_test_f1: 2.77, f1: 19.03
epoch: 169, val_loss:4.219354, acc: 26.70, bacc: 30.18, tmp_test_f1: 2.77, f1: 19.03
epoch: 170, val_loss:3.969743, acc: 26.70, bacc: 30.18, tmp_test_f1: 2.93, f1: 19.03
epoch: 171, val_loss:3.595189, acc: 26.70, bacc: 30.18, tmp_test_f1: 3.14, f1: 19.03
epoch: 172, val_loss:3.328679, acc: 26.70, bacc: 30.18, tmp_test_f1: 3.89, f1: 19.03
epoch: 173, val_loss:3.106253, acc: 26.70, bacc: 30.18, tmp_test_f1: 4.07, f1: 19.03
epoch: 174, val_loss:3.035599, acc: 26.70, bacc: 30.18, tmp_test_f1: 3.71, f1: 19.03
epoch: 175, val_loss:3.135937, acc: 26.70, bacc: 30.18, tmp_test_f1: 2.75, f1: 19.03
epoch: 176, val_loss:3.511730, acc: 26.70, bacc: 30.18, tmp_test_f1: 2.75, f1: 19.03
epoch: 177, val_loss:3.796091, acc: 26.70, bacc: 30.18, tmp_test_f1: 2.58, f1: 19.03
epoch: 178, val_loss:4.027358, acc: 26.70, bacc: 30.18, tmp_test_f1: 2.58, f1: 19.03
epoch: 179, val_loss:3.979263, acc: 26.70, bacc: 30.18, tmp_test_f1: 3.14, f1: 19.03
epoch: 180, val_loss:3.728164, acc: 26.70, bacc: 30.18, tmp_test_f1: 3.29, f1: 19.03
epoch: 181, val_loss:3.408210, acc: 26.70, bacc: 30.18, tmp_test_f1: 4.42, f1: 19.03
epoch: 182, val_loss:3.095424, acc: 26.70, bacc: 30.18, tmp_test_f1: 4.59, f1: 19.03
epoch: 183, val_loss:2.982759, acc: 26.70, bacc: 30.18, tmp_test_f1: 4.17, f1: 19.03
epoch: 184, val_loss:3.043073, acc: 26.70, bacc: 30.18, tmp_test_f1: 3.47, f1: 19.03
epoch: 185, val_loss:3.254214, acc: 26.70, bacc: 30.18, tmp_test_f1: 3.47, f1: 19.03
epoch: 186, val_loss:3.509736, acc: 26.70, bacc: 30.18, tmp_test_f1: 3.11, f1: 19.03
epoch: 187, val_loss:3.744890, acc: 26.70, bacc: 30.18, tmp_test_f1: 3.11, f1: 19.03
epoch: 188, val_loss:3.859202, acc: 26.70, bacc: 30.18, tmp_test_f1: 3.14, f1: 19.03
epoch: 189, val_loss:3.975790, acc: 26.70, bacc: 30.18, tmp_test_f1: 3.14, f1: 19.03
epoch: 190, val_loss:3.943432, acc: 26.70, bacc: 30.18, tmp_test_f1: 3.11, f1: 19.03
epoch: 191, val_loss:3.658571, acc: 26.70, bacc: 30.18, tmp_test_f1: 3.83, f1: 19.03
epoch: 192, val_loss:3.263852, acc: 26.70, bacc: 30.18, tmp_test_f1: 4.18, f1: 19.03
epoch: 193, val_loss:3.137217, acc: 26.70, bacc: 30.18, tmp_test_f1: 3.46, f1: 19.03
epoch: 194, val_loss:3.149021, acc: 26.70, bacc: 30.18, tmp_test_f1: 2.93, f1: 19.03
epoch: 195, val_loss:3.394075, acc: 26.70, bacc: 30.18, tmp_test_f1: 2.93, f1: 19.03
epoch: 196, val_loss:3.473472, acc: 26.70, bacc: 30.18, tmp_test_f1: 2.93, f1: 19.03
epoch: 197, val_loss:3.545129, acc: 26.70, bacc: 30.18, tmp_test_f1: 2.96, f1: 19.03
epoch: 198, val_loss:3.562733, acc: 26.70, bacc: 30.18, tmp_test_f1: 3.14, f1: 19.03
epoch: 199, val_loss:3.583836, acc: 26.70, bacc: 30.18, tmp_test_f1: 3.14, f1: 19.03
epoch: 200, val_loss:3.538453, acc: 26.70, bacc: 30.18, tmp_test_f1: 3.32, f1: 19.03
epoch: 201, val_loss:3.551957, acc: 26.70, bacc: 30.18, tmp_test_f1: 3.32, f1: 19.03
epoch: 202, val_loss:3.572600, acc: 26.70, bacc: 30.18, tmp_test_f1: 2.96, f1: 19.03
epoch: 203, val_loss:3.678475, acc: 26.70, bacc: 30.18, tmp_test_f1: 2.77, f1: 19.03
epoch: 204, val_loss:3.846689, acc: 26.70, bacc: 30.18, tmp_test_f1: 2.96, f1: 19.03
epoch: 205, val_loss:3.735033, acc: 26.70, bacc: 30.18, tmp_test_f1: 2.93, f1: 19.03
epoch: 206, val_loss:3.447711, acc: 26.70, bacc: 30.18, tmp_test_f1: 3.74, f1: 19.03
epoch: 207, val_loss:3.167706, acc: 26.70, bacc: 30.18, tmp_test_f1: 4.09, f1: 19.03
epoch: 208, val_loss:3.076373, acc: 26.70, bacc: 30.18, tmp_test_f1: 3.91, f1: 19.03
epoch: 209, val_loss:3.061831, acc: 26.70, bacc: 30.18, tmp_test_f1: 4.26, f1: 19.03
epoch: 210, val_loss:3.007340, acc: 26.70, bacc: 30.18, tmp_test_f1: 3.91, f1: 19.03
Epoch 00211: reducing learning rate of group 0 to 5.0000e-02.
epoch: 211, val_loss:3.125381, acc: 26.70, bacc: 30.18, tmp_test_f1: 2.96, f1: 19.03
epoch: 212, val_loss:3.270353, acc: 26.70, bacc: 30.18, tmp_test_f1: 2.96, f1: 19.03
epoch: 213, val_loss:3.334823, acc: 26.70, bacc: 30.18, tmp_test_f1: 2.75, f1: 19.03
epoch: 214, val_loss:3.363886, acc: 26.70, bacc: 30.18, tmp_test_f1: 2.75, f1: 19.03
epoch: 215, val_loss:3.359732, acc: 26.70, bacc: 30.18, tmp_test_f1: 2.75, f1: 19.03
epoch: 216, val_loss:3.404264, acc: 26.70, bacc: 30.18, tmp_test_f1: 2.75, f1: 19.03
epoch: 217, val_loss:3.445507, acc: 26.70, bacc: 30.18, tmp_test_f1: 2.75, f1: 19.03
epoch: 218, val_loss:3.506536, acc: 26.70, bacc: 30.18, tmp_test_f1: 2.93, f1: 19.03
epoch: 219, val_loss:3.497839, acc: 26.70, bacc: 30.18, tmp_test_f1: 2.93, f1: 19.03
epoch: 220, val_loss:3.467121, acc: 26.70, bacc: 30.18, tmp_test_f1: 2.93, f1: 19.03
epoch: 221, val_loss:3.431120, acc: 26.70, bacc: 30.18, tmp_test_f1: 2.93, f1: 19.03
epoch: 222, val_loss:3.457654, acc: 26.70, bacc: 30.18, tmp_test_f1: 2.93, f1: 19.03
epoch: 223, val_loss:3.434208, acc: 26.70, bacc: 30.18, tmp_test_f1: 2.93, f1: 19.03
epoch: 224, val_loss:3.384656, acc: 26.70, bacc: 30.18, tmp_test_f1: 3.14, f1: 19.03
epoch: 225, val_loss:3.220008, acc: 26.70, bacc: 30.18, tmp_test_f1: 3.69, f1: 19.03
epoch: 226, val_loss:3.161136, acc: 26.70, bacc: 30.18, tmp_test_f1: 3.89, f1: 19.03
epoch: 227, val_loss:3.097745, acc: 26.70, bacc: 30.18, tmp_test_f1: 3.89, f1: 19.03
epoch: 228, val_loss:3.094821, acc: 26.70, bacc: 30.18, tmp_test_f1: 3.51, f1: 19.03
epoch: 229, val_loss:3.172910, acc: 26.70, bacc: 30.18, tmp_test_f1: 3.14, f1: 19.03
epoch: 230, val_loss:3.331285, acc: 26.70, bacc: 30.18, tmp_test_f1: 2.96, f1: 19.03
epoch: 231, val_loss:3.555671, acc: 26.70, bacc: 30.18, tmp_test_f1: 2.96, f1: 19.03
epoch: 232, val_loss:3.710881, acc: 26.70, bacc: 30.18, tmp_test_f1: 2.78, f1: 19.03
epoch: 233, val_loss:3.821968, acc: 26.70, bacc: 30.18, tmp_test_f1: 2.78, f1: 19.03
epoch: 234, val_loss:3.911746, acc: 26.70, bacc: 30.18, tmp_test_f1: 2.78, f1: 19.03
epoch: 235, val_loss:3.916919, acc: 26.70, bacc: 30.18, tmp_test_f1: 2.78, f1: 19.03
epoch: 236, val_loss:3.770157, acc: 26.70, bacc: 30.18, tmp_test_f1: 2.75, f1: 19.03
epoch: 237, val_loss:3.595341, acc: 26.70, bacc: 30.18, tmp_test_f1: 2.93, f1: 19.03
epoch: 238, val_loss:3.404886, acc: 26.70, bacc: 30.18, tmp_test_f1: 3.45, f1: 19.03
epoch: 239, val_loss:3.102663, acc: 26.70, bacc: 30.18, tmp_test_f1: 4.77, f1: 19.03
epoch: 240, val_loss:2.908300, acc: 26.70, bacc: 30.18, tmp_test_f1: 5.50, f1: 19.03
epoch: 241, val_loss:2.855415, acc: 26.70, bacc: 30.18, tmp_test_f1: 4.71, f1: 19.03
epoch: 242, val_loss:2.957760, acc: 26.70, bacc: 30.18, tmp_test_f1: 4.21, f1: 19.03
epoch: 243, val_loss:3.139927, acc: 26.70, bacc: 30.18, tmp_test_f1: 3.83, f1: 19.03
epoch: 244, val_loss:3.327713, acc: 26.70, bacc: 30.18, tmp_test_f1: 3.48, f1: 19.03
epoch: 245, val_loss:3.556288, acc: 26.70, bacc: 30.18, tmp_test_f1: 3.32, f1: 19.03
epoch: 246, val_loss:3.678994, acc: 26.70, bacc: 30.18, tmp_test_f1: 3.32, f1: 19.03
epoch: 247, val_loss:3.666691, acc: 26.70, bacc: 30.18, tmp_test_f1: 3.11, f1: 19.03
epoch: 248, val_loss:3.585193, acc: 26.70, bacc: 30.18, tmp_test_f1: 3.51, f1: 19.03
epoch: 249, val_loss:3.471849, acc: 26.70, bacc: 30.18, tmp_test_f1: 4.05, f1: 19.03
epoch: 250, val_loss:3.399994, acc: 26.70, bacc: 30.18, tmp_test_f1: 4.02, f1: 19.03
epoch: 251, val_loss:3.395576, acc: 26.70, bacc: 30.18, tmp_test_f1: 4.02, f1: 19.03
epoch: 252, val_loss:3.398925, acc: 26.70, bacc: 30.18, tmp_test_f1: 3.70, f1: 19.03
epoch: 253, val_loss:3.498061, acc: 26.70, bacc: 30.18, tmp_test_f1: 3.14, f1: 19.03
epoch: 254, val_loss:3.620300, acc: 26.70, bacc: 30.18, tmp_test_f1: 2.75, f1: 19.03
epoch: 255, val_loss:3.751107, acc: 26.70, bacc: 30.18, tmp_test_f1: 2.96, f1: 19.03
epoch: 256, val_loss:3.765047, acc: 26.70, bacc: 30.18, tmp_test_f1: 3.14, f1: 19.03
epoch: 257, val_loss:3.746415, acc: 26.70, bacc: 30.18, tmp_test_f1: 3.32, f1: 19.03
epoch: 258, val_loss:3.664514, acc: 26.70, bacc: 30.18, tmp_test_f1: 3.71, f1: 19.03
epoch: 259, val_loss:3.560426, acc: 26.70, bacc: 30.18, tmp_test_f1: 3.71, f1: 19.03
epoch: 260, val_loss:3.497330, acc: 26.70, bacc: 30.18, tmp_test_f1: 3.90, f1: 19.03
epoch: 261, val_loss:3.452828, acc: 26.70, bacc: 30.18, tmp_test_f1: 4.07, f1: 19.03
epoch: 262, val_loss:3.349681, acc: 26.70, bacc: 30.18, tmp_test_f1: 4.28, f1: 19.03
epoch: 263, val_loss:3.320407, acc: 26.70, bacc: 30.18, tmp_test_f1: 3.90, f1: 19.03
epoch: 264, val_loss:3.383101, acc: 26.70, bacc: 30.18, tmp_test_f1: 3.72, f1: 19.03
epoch: 265, val_loss:3.499198, acc: 26.70, bacc: 30.18, tmp_test_f1: 3.35, f1: 19.03
epoch: 266, val_loss:3.601202, acc: 26.70, bacc: 30.18, tmp_test_f1: 3.38, f1: 19.03
epoch: 267, val_loss:3.697361, acc: 26.70, bacc: 30.18, tmp_test_f1: 3.17, f1: 19.03
epoch: 268, val_loss:3.794706, acc: 26.70, bacc: 30.18, tmp_test_f1: 3.17, f1: 19.03
epoch: 269, val_loss:3.807898, acc: 26.70, bacc: 30.18, tmp_test_f1: 3.38, f1: 19.03
epoch: 270, val_loss:3.729344, acc: 26.70, bacc: 30.18, tmp_test_f1: 3.56, f1: 19.03
epoch: 271, val_loss:3.677548, acc: 26.70, bacc: 30.18, tmp_test_f1: 3.56, f1: 19.03
epoch: 272, val_loss:3.619313, acc: 26.70, bacc: 30.18, tmp_test_f1: 3.53, f1: 19.03
epoch: 273, val_loss:3.593392, acc: 26.70, bacc: 30.18, tmp_test_f1: 3.93, f1: 19.03
epoch: 274, val_loss:3.535073, acc: 26.70, bacc: 30.18, tmp_test_f1: 3.93, f1: 19.03
epoch: 275, val_loss:3.476835, acc: 26.70, bacc: 30.18, tmp_test_f1: 3.73, f1: 19.03
epoch: 276, val_loss:3.455921, acc: 26.70, bacc: 30.18, tmp_test_f1: 3.53, f1: 19.03
epoch: 277, val_loss:3.373729, acc: 26.70, bacc: 30.18, tmp_test_f1: 3.53, f1: 19.03
epoch: 278, val_loss:3.342404, acc: 26.70, bacc: 30.18, tmp_test_f1: 3.53, f1: 19.03
epoch: 279, val_loss:3.336777, acc: 26.70, bacc: 30.18, tmp_test_f1: 3.53, f1: 19.03
epoch: 280, val_loss:3.337634, acc: 26.70, bacc: 30.18, tmp_test_f1: 3.35, f1: 19.03
epoch: 281, val_loss:3.420248, acc: 26.70, bacc: 30.18, tmp_test_f1: 3.35, f1: 19.03
epoch: 282, val_loss:3.391195, acc: 26.70, bacc: 30.18, tmp_test_f1: 3.35, f1: 19.03
epoch: 283, val_loss:3.442095, acc: 26.70, bacc: 30.18, tmp_test_f1: 3.14, f1: 19.03
epoch: 284, val_loss:3.558532, acc: 26.70, bacc: 30.18, tmp_test_f1: 2.96, f1: 19.03
epoch: 285, val_loss:3.761404, acc: 26.70, bacc: 30.18, tmp_test_f1: 2.77, f1: 19.03
epoch: 286, val_loss:3.965451, acc: 26.70, bacc: 30.18, tmp_test_f1: 2.96, f1: 19.03
epoch: 287, val_loss:3.917324, acc: 26.70, bacc: 30.18, tmp_test_f1: 2.96, f1: 19.03
epoch: 288, val_loss:3.742005, acc: 26.70, bacc: 30.18, tmp_test_f1: 3.14, f1: 19.03
epoch: 289, val_loss:3.509077, acc: 26.70, bacc: 30.18, tmp_test_f1: 4.08, f1: 19.03
epoch: 290, val_loss:3.368532, acc: 26.70, bacc: 30.18, tmp_test_f1: 4.07, f1: 19.03
epoch: 291, val_loss:3.200191, acc: 26.70, bacc: 30.18, tmp_test_f1: 4.24, f1: 19.03
epoch: 292, val_loss:3.106518, acc: 26.70, bacc: 30.18, tmp_test_f1: 4.23, f1: 19.03
epoch: 293, val_loss:3.116920, acc: 26.70, bacc: 30.18, tmp_test_f1: 4.07, f1: 19.03
epoch: 294, val_loss:3.247481, acc: 26.70, bacc: 30.18, tmp_test_f1: 4.08, f1: 19.03
epoch: 295, val_loss:3.461844, acc: 26.70, bacc: 30.18, tmp_test_f1: 3.14, f1: 19.03
epoch: 296, val_loss:3.715899, acc: 26.70, bacc: 30.18, tmp_test_f1: 2.96, f1: 19.03
epoch: 297, val_loss:3.851808, acc: 26.70, bacc: 30.18, tmp_test_f1: 2.78, f1: 19.03
epoch: 298, val_loss:3.964766, acc: 26.70, bacc: 30.18, tmp_test_f1: 2.78, f1: 19.03
epoch: 299, val_loss:3.911127, acc: 26.70, bacc: 30.18, tmp_test_f1: 2.96, f1: 19.03
epoch: 300, val_loss:3.871561, acc: 26.70, bacc: 30.18, tmp_test_f1: 2.96, f1: 19.03
epoch: 301, val_loss:3.753253, acc: 26.70, bacc: 30.18, tmp_test_f1: 2.96, f1: 19.03
epoch: 302, val_loss:3.691835, acc: 26.70, bacc: 30.18, tmp_test_f1: 3.17, f1: 19.03
epoch: 303, val_loss:3.629568, acc: 26.70, bacc: 30.18, tmp_test_f1: 3.76, f1: 19.03
epoch: 304, val_loss:3.496418, acc: 26.70, bacc: 30.18, tmp_test_f1: 3.94, f1: 19.03
epoch: 305, val_loss:3.413189, acc: 26.70, bacc: 30.18, tmp_test_f1: 4.13, f1: 19.03
epoch: 306, val_loss:3.369135, acc: 26.70, bacc: 30.18, tmp_test_f1: 4.27, f1: 19.03
epoch: 307, val_loss:3.290375, acc: 26.70, bacc: 30.18, tmp_test_f1: 5.00, f1: 19.03
epoch: 308, val_loss:3.234240, acc: 26.70, bacc: 30.18, tmp_test_f1: 4.64, f1: 19.03
epoch: 309, val_loss:3.248311, acc: 26.70, bacc: 30.18, tmp_test_f1: 4.45, f1: 19.03
epoch: 310, val_loss:3.328154, acc: 26.70, bacc: 30.18, tmp_test_f1: 3.95, f1: 19.03
epoch: 311, val_loss:3.419809, acc: 26.70, bacc: 30.18, tmp_test_f1: 3.96, f1: 19.03
epoch: 312, val_loss:3.482457, acc: 26.70, bacc: 30.18, tmp_test_f1: 3.56, f1: 19.03
epoch: 313, val_loss:3.565441, acc: 26.70, bacc: 30.18, tmp_test_f1: 3.56, f1: 19.03
epoch: 314, val_loss:3.647071, acc: 26.70, bacc: 30.18, tmp_test_f1: 3.15, f1: 19.03
epoch: 315, val_loss:3.715909, acc: 26.70, bacc: 30.18, tmp_test_f1: 3.14, f1: 19.03
epoch: 316, val_loss:3.766451, acc: 26.70, bacc: 30.18, tmp_test_f1: 3.14, f1: 19.03
epoch: 317, val_loss:3.812346, acc: 26.70, bacc: 30.18, tmp_test_f1: 3.14, f1: 19.03
epoch: 318, val_loss:3.862601, acc: 26.70, bacc: 30.18, tmp_test_f1: 3.14, f1: 19.03
epoch: 319, val_loss:3.890424, acc: 26.70, bacc: 30.18, tmp_test_f1: 2.96, f1: 19.03
epoch: 320, val_loss:3.921737, acc: 26.70, bacc: 30.18, tmp_test_f1: 2.96, f1: 19.03
epoch: 321, val_loss:3.916183, acc: 26.70, bacc: 30.18, tmp_test_f1: 2.96, f1: 19.03
epoch: 322, val_loss:3.768940, acc: 26.70, bacc: 30.18, tmp_test_f1: 2.96, f1: 19.03
epoch: 323, val_loss:3.624504, acc: 26.70, bacc: 30.18, tmp_test_f1: 3.15, f1: 19.03
epoch: 324, val_loss:3.441101, acc: 26.70, bacc: 30.18, tmp_test_f1: 3.50, f1: 19.03
epoch: 325, val_loss:3.408460, acc: 26.70, bacc: 30.18, tmp_test_f1: 3.33, f1: 19.03
epoch: 326, val_loss:3.398980, acc: 26.70, bacc: 30.18, tmp_test_f1: 2.96, f1: 19.03
epoch: 327, val_loss:3.491773, acc: 26.70, bacc: 30.18, tmp_test_f1: 2.96, f1: 19.03
epoch: 328, val_loss:3.610241, acc: 26.70, bacc: 30.18, tmp_test_f1: 2.96, f1: 19.03
epoch: 329, val_loss:3.706615, acc: 26.70, bacc: 30.18, tmp_test_f1: 2.96, f1: 19.03
epoch: 330, val_loss:3.777814, acc: 26.70, bacc: 30.18, tmp_test_f1: 2.96, f1: 19.03
epoch: 331, val_loss:3.810558, acc: 26.70, bacc: 30.18, tmp_test_f1: 2.96, f1: 19.03
epoch: 332, val_loss:3.869397, acc: 26.70, bacc: 30.18, tmp_test_f1: 2.96, f1: 19.03
epoch: 333, val_loss:3.917188, acc: 26.70, bacc: 30.18, tmp_test_f1: 2.78, f1: 19.03
epoch: 334, val_loss:3.962880, acc: 26.70, bacc: 30.18, tmp_test_f1: 2.78, f1: 19.03
epoch: 335, val_loss:3.977355, acc: 26.70, bacc: 30.18, tmp_test_f1: 2.78, f1: 19.03
epoch: 336, val_loss:3.857436, acc: 26.70, bacc: 30.18, tmp_test_f1: 2.78, f1: 19.03
epoch: 337, val_loss:3.624474, acc: 26.70, bacc: 30.18, tmp_test_f1: 3.53, f1: 19.03
epoch: 338, val_loss:3.347651, acc: 26.70, bacc: 30.18, tmp_test_f1: 3.88, f1: 19.03
epoch: 339, val_loss:3.076712, acc: 26.70, bacc: 30.18, tmp_test_f1: 4.06, f1: 19.03
epoch: 340, val_loss:2.953392, acc: 26.70, bacc: 30.18, tmp_test_f1: 4.60, f1: 19.03
epoch: 341, val_loss:2.977225, acc: 26.70, bacc: 30.18, tmp_test_f1: 5.32, f1: 19.03
epoch: 342, val_loss:3.055656, acc: 26.70, bacc: 30.18, tmp_test_f1: 4.64, f1: 19.03
epoch: 343, val_loss:3.235435, acc: 26.70, bacc: 30.18, tmp_test_f1: 4.11, f1: 19.03
epoch: 344, val_loss:3.383523, acc: 26.70, bacc: 30.18, tmp_test_f1: 3.94, f1: 19.03
epoch: 345, val_loss:3.596780, acc: 26.70, bacc: 30.18, tmp_test_f1: 3.35, f1: 19.03
epoch: 346, val_loss:3.702826, acc: 26.70, bacc: 30.18, tmp_test_f1: 3.53, f1: 19.03
epoch: 347, val_loss:3.712715, acc: 26.70, bacc: 30.18, tmp_test_f1: 3.73, f1: 19.03
epoch: 348, val_loss:3.632389, acc: 26.70, bacc: 30.18, tmp_test_f1: 3.90, f1: 19.03
epoch: 349, val_loss:3.526875, acc: 26.70, bacc: 30.18, tmp_test_f1: 4.07, f1: 19.03
epoch: 350, val_loss:3.399906, acc: 26.70, bacc: 30.18, tmp_test_f1: 4.42, f1: 19.03
epoch: 351, val_loss:3.220135, acc: 26.70, bacc: 30.18, tmp_test_f1: 4.23, f1: 19.03
epoch: 352, val_loss:3.142616, acc: 26.70, bacc: 30.18, tmp_test_f1: 4.23, f1: 19.03
epoch: 353, val_loss:3.119690, acc: 26.70, bacc: 30.18, tmp_test_f1: 4.23, f1: 19.03
epoch: 354, val_loss:3.121276, acc: 26.70, bacc: 30.18, tmp_test_f1: 4.07, f1: 19.03
epoch: 355, val_loss:3.261140, acc: 26.70, bacc: 30.18, tmp_test_f1: 3.53, f1: 19.03
epoch: 356, val_loss:3.485547, acc: 26.70, bacc: 30.18, tmp_test_f1: 2.96, f1: 19.03
epoch: 357, val_loss:3.778277, acc: 26.70, bacc: 30.18, tmp_test_f1: 2.96, f1: 19.03
epoch: 358, val_loss:4.038609, acc: 26.70, bacc: 30.18, tmp_test_f1: 2.58, f1: 19.03
epoch: 359, val_loss:4.201666, acc: 26.70, bacc: 30.18, tmp_test_f1: 2.78, f1: 19.03
epoch: 360, val_loss:4.144264, acc: 26.70, bacc: 30.18, tmp_test_f1: 2.96, f1: 19.03
epoch: 361, val_loss:3.867955, acc: 26.70, bacc: 30.18, tmp_test_f1: 3.57, f1: 19.03
epoch: 362, val_loss:3.518538, acc: 26.70, bacc: 30.18, tmp_test_f1: 4.25, f1: 19.03
epoch: 363, val_loss:3.254462, acc: 26.70, bacc: 30.18, tmp_test_f1: 4.56, f1: 19.03
epoch: 364, val_loss:3.055713, acc: 26.70, bacc: 30.18, tmp_test_f1: 4.55, f1: 19.03
epoch: 365, val_loss:2.948485, acc: 26.70, bacc: 30.18, tmp_test_f1: 4.55, f1: 19.03
epoch: 366, val_loss:2.993260, acc: 26.70, bacc: 30.18, tmp_test_f1: 4.07, f1: 19.03
epoch: 367, val_loss:3.178981, acc: 26.70, bacc: 30.18, tmp_test_f1: 4.07, f1: 19.03
epoch: 368, val_loss:3.425676, acc: 26.70, bacc: 30.18, tmp_test_f1: 3.35, f1: 19.03
epoch: 369, val_loss:3.729530, acc: 26.70, bacc: 30.18, tmp_test_f1: 2.58, f1: 19.03
epoch: 370, val_loss:4.004190, acc: 26.70, bacc: 30.18, tmp_test_f1: 2.58, f1: 19.03
epoch: 371, val_loss:4.254077, acc: 26.70, bacc: 30.18, tmp_test_f1: 2.58, f1: 19.03
epoch: 372, val_loss:4.237548, acc: 26.70, bacc: 30.18, tmp_test_f1: 2.58, f1: 19.03
epoch: 373, val_loss:4.077112, acc: 26.70, bacc: 30.18, tmp_test_f1: 2.78, f1: 19.03
epoch: 374, val_loss:3.833694, acc: 26.70, bacc: 30.18, tmp_test_f1: 2.96, f1: 19.03
epoch: 375, val_loss:3.582973, acc: 26.70, bacc: 30.18, tmp_test_f1: 3.14, f1: 19.03
epoch: 376, val_loss:3.402220, acc: 26.70, bacc: 30.18, tmp_test_f1: 3.50, f1: 19.03
epoch: 377, val_loss:3.273060, acc: 26.70, bacc: 30.18, tmp_test_f1: 3.82, f1: 19.03
epoch: 378, val_loss:3.229854, acc: 26.70, bacc: 30.18, tmp_test_f1: 3.50, f1: 19.03
epoch: 379, val_loss:3.274960, acc: 26.70, bacc: 30.18, tmp_test_f1: 3.51, f1: 19.03
epoch: 380, val_loss:3.316708, acc: 26.70, bacc: 30.18, tmp_test_f1: 3.14, f1: 19.03
epoch: 381, val_loss:3.468449, acc: 26.70, bacc: 30.18, tmp_test_f1: 2.78, f1: 19.03
epoch: 382, val_loss:3.693891, acc: 26.70, bacc: 30.18, tmp_test_f1: 2.78, f1: 19.03
epoch: 383, val_loss:3.861829, acc: 26.70, bacc: 30.18, tmp_test_f1: 2.78, f1: 19.03
epoch: 384, val_loss:4.017616, acc: 26.70, bacc: 30.18, tmp_test_f1: 2.78, f1: 19.03
epoch: 385, val_loss:4.105246, acc: 26.70, bacc: 30.18, tmp_test_f1: 2.78, f1: 19.03
epoch: 386, val_loss:4.192507, acc: 26.70, bacc: 30.18, tmp_test_f1: 2.96, f1: 19.03
epoch: 387, val_loss:4.045947, acc: 26.70, bacc: 30.18, tmp_test_f1: 2.96, f1: 19.03
epoch: 388, val_loss:3.878942, acc: 26.70, bacc: 30.18, tmp_test_f1: 2.96, f1: 19.03
epoch: 389, val_loss:3.759661, acc: 26.70, bacc: 30.18, tmp_test_f1: 3.33, f1: 19.03
epoch: 390, val_loss:3.573852, acc: 26.70, bacc: 30.18, tmp_test_f1: 3.69, f1: 19.03
epoch: 391, val_loss:3.433888, acc: 26.70, bacc: 30.18, tmp_test_f1: 4.21, f1: 19.03
epoch: 392, val_loss:3.308936, acc: 26.70, bacc: 30.18, tmp_test_f1: 4.41, f1: 19.03
epoch: 393, val_loss:3.143682, acc: 26.70, bacc: 30.18, tmp_test_f1: 4.40, f1: 19.03
epoch: 394, val_loss:3.058925, acc: 26.70, bacc: 30.18, tmp_test_f1: 4.72, f1: 19.03
epoch: 395, val_loss:3.036411, acc: 26.70, bacc: 30.18, tmp_test_f1: 4.41, f1: 19.03
epoch: 396, val_loss:3.081360, acc: 26.70, bacc: 30.18, tmp_test_f1: 4.46, f1: 19.03
epoch: 397, val_loss:3.175601, acc: 26.70, bacc: 30.18, tmp_test_f1: 3.74, f1: 19.03
epoch: 398, val_loss:3.334955, acc: 26.70, bacc: 30.18, tmp_test_f1: 3.35, f1: 19.03
epoch: 399, val_loss:3.549635, acc: 26.70, bacc: 30.18, tmp_test_f1: 2.95, f1: 19.03
epoch: 400, val_loss:3.781867, acc: 26.70, bacc: 30.18, tmp_test_f1: 2.77, f1: 19.03
epoch: 401, val_loss:3.999210, acc: 26.70, bacc: 30.18, tmp_test_f1: 2.77, f1: 19.03
epoch: 402, val_loss:4.098338, acc: 26.70, bacc: 30.18, tmp_test_f1: 2.77, f1: 19.03
epoch: 403, val_loss:4.116453, acc: 26.70, bacc: 30.18, tmp_test_f1: 2.77, f1: 19.03
epoch: 404, val_loss:4.036354, acc: 26.70, bacc: 30.18, tmp_test_f1: 2.96, f1: 19.03
epoch: 405, val_loss:3.927500, acc: 26.70, bacc: 30.18, tmp_test_f1: 2.96, f1: 19.03
epoch: 406, val_loss:3.857067, acc: 26.70, bacc: 30.18, tmp_test_f1: 3.14, f1: 19.03
epoch: 407, val_loss:3.756085, acc: 26.70, bacc: 30.18, tmp_test_f1: 3.50, f1: 19.03
epoch: 408, val_loss:3.682903, acc: 26.70, bacc: 30.18, tmp_test_f1: 3.48, f1: 19.03
epoch: 409, val_loss:3.664163, acc: 26.70, bacc: 30.18, tmp_test_f1: 3.68, f1: 19.03
epoch: 410, val_loss:3.644125, acc: 26.70, bacc: 30.18, tmp_test_f1: 3.85, f1: 19.03
epoch: 411, val_loss:3.529225, acc: 26.70, bacc: 30.18, tmp_test_f1: 4.03, f1: 19.03
Epoch 00412: reducing learning rate of group 0 to 2.5000e-02.
epoch: 412, val_loss:3.435945, acc: 26.70, bacc: 30.18, tmp_test_f1: 3.86, f1: 19.03
epoch: 413, val_loss:3.370949, acc: 26.70, bacc: 30.18, tmp_test_f1: 3.68, f1: 19.03
epoch: 414, val_loss:3.346832, acc: 26.70, bacc: 30.18, tmp_test_f1: 3.14, f1: 19.03
epoch: 415, val_loss:3.356489, acc: 26.70, bacc: 30.18, tmp_test_f1: 3.14, f1: 19.03
epoch: 416, val_loss:3.378208, acc: 26.70, bacc: 30.18, tmp_test_f1: 3.14, f1: 19.03
epoch: 417, val_loss:3.410315, acc: 26.70, bacc: 30.18, tmp_test_f1: 3.14, f1: 19.03
epoch: 418, val_loss:3.411683, acc: 26.70, bacc: 30.18, tmp_test_f1: 2.94, f1: 19.03
epoch: 419, val_loss:3.429314, acc: 26.70, bacc: 30.18, tmp_test_f1: 2.94, f1: 19.03
epoch: 420, val_loss:3.436379, acc: 26.70, bacc: 30.18, tmp_test_f1: 2.96, f1: 19.03
epoch: 421, val_loss:3.457702, acc: 26.70, bacc: 30.18, tmp_test_f1: 2.96, f1: 19.03
epoch: 422, val_loss:3.490725, acc: 26.70, bacc: 30.18, tmp_test_f1: 2.96, f1: 19.03
epoch: 423, val_loss:3.524229, acc: 26.70, bacc: 30.18, tmp_test_f1: 2.96, f1: 19.03
epoch: 424, val_loss:3.525023, acc: 26.70, bacc: 30.18, tmp_test_f1: 2.97, f1: 19.03
epoch: 425, val_loss:3.535251, acc: 26.70, bacc: 30.18, tmp_test_f1: 2.78, f1: 19.03
epoch: 426, val_loss:3.510207, acc: 26.70, bacc: 30.18, tmp_test_f1: 2.78, f1: 19.03
epoch: 427, val_loss:3.503425, acc: 26.70, bacc: 30.18, tmp_test_f1: 2.78, f1: 19.03
epoch: 428, val_loss:3.518256, acc: 26.70, bacc: 30.18, tmp_test_f1: 2.75, f1: 19.03
epoch: 429, val_loss:3.488986, acc: 26.70, bacc: 30.18, tmp_test_f1: 2.75, f1: 19.03
epoch: 430, val_loss:3.448240, acc: 26.70, bacc: 30.18, tmp_test_f1: 2.96, f1: 19.03
epoch: 431, val_loss:3.431138, acc: 26.70, bacc: 30.18, tmp_test_f1: 2.96, f1: 19.03
epoch: 432, val_loss:3.418411, acc: 26.70, bacc: 30.18, tmp_test_f1: 2.96, f1: 19.03
epoch: 433, val_loss:3.404527, acc: 26.70, bacc: 30.18, tmp_test_f1: 2.94, f1: 19.03
epoch: 434, val_loss:3.401138, acc: 26.70, bacc: 30.18, tmp_test_f1: 2.94, f1: 19.03
epoch: 435, val_loss:3.410173, acc: 26.70, bacc: 30.18, tmp_test_f1: 2.94, f1: 19.03
epoch: 436, val_loss:3.406071, acc: 26.70, bacc: 30.18, tmp_test_f1: 2.94, f1: 19.03
epoch: 437, val_loss:3.383396, acc: 26.70, bacc: 30.18, tmp_test_f1: 2.94, f1: 19.03
epoch: 438, val_loss:3.361590, acc: 26.70, bacc: 30.18, tmp_test_f1: 2.94, f1: 19.03
epoch: 439, val_loss:3.347767, acc: 26.70, bacc: 30.18, tmp_test_f1: 3.12, f1: 19.03
epoch: 440, val_loss:3.339150, acc: 26.70, bacc: 30.18, tmp_test_f1: 3.47, f1: 19.03
epoch: 441, val_loss:3.355012, acc: 26.70, bacc: 30.18, tmp_test_f1: 3.29, f1: 19.03
epoch: 442, val_loss:3.404254, acc: 26.70, bacc: 30.18, tmp_test_f1: 2.96, f1: 19.03
epoch: 443, val_loss:3.488863, acc: 26.70, bacc: 30.18, tmp_test_f1: 2.96, f1: 19.03
epoch: 444, val_loss:3.572295, acc: 26.70, bacc: 30.18, tmp_test_f1: 2.96, f1: 19.03
epoch: 445, val_loss:3.651052, acc: 26.70, bacc: 30.18, tmp_test_f1: 2.78, f1: 19.03
epoch: 446, val_loss:3.684626, acc: 26.70, bacc: 30.18, tmp_test_f1: 2.78, f1: 19.03
epoch: 447, val_loss:3.729918, acc: 26.70, bacc: 30.18, tmp_test_f1: 2.75, f1: 19.03
epoch: 448, val_loss:3.714716, acc: 26.70, bacc: 30.18, tmp_test_f1: 2.75, f1: 19.03
epoch: 449, val_loss:3.621878, acc: 26.70, bacc: 30.18, tmp_test_f1: 3.11, f1: 19.03
epoch: 450, val_loss:3.556235, acc: 26.70, bacc: 30.18, tmp_test_f1: 3.11, f1: 19.03
epoch: 451, val_loss:3.524608, acc: 26.70, bacc: 30.18, tmp_test_f1: 3.11, f1: 19.03
epoch: 452, val_loss:3.518526, acc: 26.70, bacc: 30.18, tmp_test_f1: 3.11, f1: 19.03
epoch: 453, val_loss:3.486280, acc: 26.70, bacc: 30.18, tmp_test_f1: 3.11, f1: 19.03
epoch: 454, val_loss:3.450336, acc: 26.70, bacc: 30.18, tmp_test_f1: 3.11, f1: 19.03
epoch: 455, val_loss:3.405140, acc: 26.70, bacc: 30.18, tmp_test_f1: 3.10, f1: 19.03
epoch: 456, val_loss:3.393954, acc: 26.70, bacc: 30.18, tmp_test_f1: 3.10, f1: 19.03
epoch: 457, val_loss:3.384408, acc: 26.70, bacc: 30.18, tmp_test_f1: 3.10, f1: 19.03
epoch: 458, val_loss:3.416645, acc: 26.70, bacc: 30.18, tmp_test_f1: 2.93, f1: 19.03
epoch: 459, val_loss:3.481009, acc: 26.70, bacc: 30.18, tmp_test_f1: 2.93, f1: 19.03
epoch: 460, val_loss:3.566340, acc: 26.70, bacc: 30.18, tmp_test_f1: 2.75, f1: 19.03
epoch: 461, val_loss:3.637555, acc: 26.70, bacc: 30.18, tmp_test_f1: 2.75, f1: 19.03
epoch: 462, val_loss:3.693686, acc: 26.70, bacc: 30.18, tmp_test_f1: 2.75, f1: 19.03
epoch: 463, val_loss:3.768800, acc: 26.70, bacc: 30.18, tmp_test_f1: 2.75, f1: 19.03
epoch: 464, val_loss:3.805236, acc: 26.70, bacc: 30.18, tmp_test_f1: 2.78, f1: 19.03
epoch: 465, val_loss:3.804397, acc: 26.70, bacc: 30.18, tmp_test_f1: 2.78, f1: 19.03
epoch: 466, val_loss:3.811578, acc: 26.70, bacc: 30.18, tmp_test_f1: 2.96, f1: 19.03
epoch: 467, val_loss:3.797739, acc: 26.70, bacc: 30.18, tmp_test_f1: 2.96, f1: 19.03
epoch: 468, val_loss:3.785187, acc: 26.70, bacc: 30.18, tmp_test_f1: 2.96, f1: 19.03
epoch: 469, val_loss:3.787293, acc: 26.70, bacc: 30.18, tmp_test_f1: 2.93, f1: 19.03
epoch: 470, val_loss:3.735381, acc: 26.70, bacc: 30.18, tmp_test_f1: 3.11, f1: 19.03
epoch: 471, val_loss:3.671607, acc: 26.70, bacc: 30.18, tmp_test_f1: 3.29, f1: 19.03
epoch: 472, val_loss:3.549594, acc: 26.70, bacc: 30.18, tmp_test_f1: 3.47, f1: 19.03
epoch: 473, val_loss:3.454159, acc: 26.70, bacc: 30.18, tmp_test_f1: 3.30, f1: 19.03
epoch: 474, val_loss:3.403098, acc: 26.70, bacc: 30.18, tmp_test_f1: 3.12, f1: 19.03
epoch: 475, val_loss:3.396858, acc: 26.70, bacc: 30.18, tmp_test_f1: 2.93, f1: 19.03
epoch: 476, val_loss:3.410506, acc: 26.70, bacc: 30.18, tmp_test_f1: 2.93, f1: 19.03
epoch: 477, val_loss:3.435599, acc: 26.70, bacc: 30.18, tmp_test_f1: 2.75, f1: 19.03
epoch: 478, val_loss:3.489726, acc: 26.70, bacc: 30.18, tmp_test_f1: 2.93, f1: 19.03
epoch: 479, val_loss:3.491578, acc: 26.70, bacc: 30.18, tmp_test_f1: 2.93, f1: 19.03
epoch: 480, val_loss:3.496838, acc: 26.70, bacc: 30.18, tmp_test_f1: 2.93, f1: 19.03
epoch: 481, val_loss:3.478516, acc: 26.70, bacc: 30.18, tmp_test_f1: 2.93, f1: 19.03
epoch: 482, val_loss:3.462777, acc: 26.70, bacc: 30.18, tmp_test_f1: 2.93, f1: 19.03
epoch: 483, val_loss:3.437032, acc: 26.70, bacc: 30.18, tmp_test_f1: 3.14, f1: 19.03
epoch: 484, val_loss:3.369631, acc: 26.70, bacc: 30.18, tmp_test_f1: 3.32, f1: 19.03
epoch: 485, val_loss:3.308787, acc: 26.70, bacc: 30.18, tmp_test_f1: 3.50, f1: 19.03
epoch: 486, val_loss:3.232197, acc: 26.70, bacc: 30.18, tmp_test_f1: 3.88, f1: 19.03
epoch: 487, val_loss:3.183858, acc: 26.70, bacc: 30.18, tmp_test_f1: 4.06, f1: 19.03
epoch: 488, val_loss:3.161745, acc: 26.70, bacc: 30.18, tmp_test_f1: 4.24, f1: 19.03
epoch: 489, val_loss:3.146864, acc: 26.70, bacc: 30.18, tmp_test_f1: 4.24, f1: 19.03
epoch: 490, val_loss:3.152756, acc: 26.70, bacc: 30.18, tmp_test_f1: 4.25, f1: 19.03
epoch: 491, val_loss:3.215890, acc: 26.70, bacc: 30.18, tmp_test_f1: 3.89, f1: 19.03
epoch: 492, val_loss:3.278410, acc: 26.70, bacc: 30.18, tmp_test_f1: 3.32, f1: 19.03
epoch: 493, val_loss:3.383077, acc: 26.70, bacc: 30.18, tmp_test_f1: 3.14, f1: 19.03
epoch: 494, val_loss:3.485620, acc: 26.70, bacc: 30.18, tmp_test_f1: 2.96, f1: 19.03
epoch: 495, val_loss:3.609469, acc: 26.70, bacc: 30.18, tmp_test_f1: 2.96, f1: 19.03
epoch: 496, val_loss:3.726199, acc: 26.70, bacc: 30.18, tmp_test_f1: 2.96, f1: 19.03
epoch: 497, val_loss:3.760215, acc: 26.70, bacc: 30.18, tmp_test_f1: 2.96, f1: 19.03
epoch: 498, val_loss:3.793978, acc: 26.70, bacc: 30.18, tmp_test_f1: 2.96, f1: 19.03
epoch: 499, val_loss:3.835835, acc: 26.70, bacc: 30.18, tmp_test_f1: 2.96, f1: 19.03
epoch: 500, val_loss:3.809364, acc: 26.70, bacc: 30.18, tmp_test_f1: 2.96, f1: 19.03
epoch: 501, val_loss:3.755495, acc: 26.70, bacc: 30.18, tmp_test_f1: 2.93, f1: 19.03
epoch: 502, val_loss:3.658122, acc: 26.70, bacc: 30.18, tmp_test_f1: 3.32, f1: 19.03
epoch: 503, val_loss:3.492046, acc: 26.70, bacc: 30.18, tmp_test_f1: 3.71, f1: 19.03
epoch: 504, val_loss:3.362339, acc: 26.70, bacc: 30.18, tmp_test_f1: 3.70, f1: 19.03
epoch: 505, val_loss:3.299783, acc: 26.70, bacc: 30.18, tmp_test_f1: 3.70, f1: 19.03
epoch: 506, val_loss:3.284421, acc: 26.70, bacc: 30.18, tmp_test_f1: 3.70, f1: 19.03
epoch: 507, val_loss:3.329479, acc: 26.70, bacc: 30.18, tmp_test_f1: 3.50, f1: 19.03
epoch: 508, val_loss:3.411165, acc: 26.70, bacc: 30.18, tmp_test_f1: 3.32, f1: 19.03
epoch: 509, val_loss:3.495124, acc: 26.70, bacc: 30.18, tmp_test_f1: 3.12, f1: 19.03
epoch: 510, val_loss:3.607889, acc: 26.70, bacc: 30.18, tmp_test_f1: 2.96, f1: 19.03
epoch: 511, val_loss:3.707777, acc: 26.70, bacc: 30.18, tmp_test_f1: 2.78, f1: 19.03
epoch: 512, val_loss:3.815583, acc: 26.70, bacc: 30.18, tmp_test_f1: 2.78, f1: 19.03
epoch: 513, val_loss:3.843046, acc: 26.70, bacc: 30.18, tmp_test_f1: 2.78, f1: 19.03
epoch: 514, val_loss:3.815329, acc: 26.70, bacc: 30.18, tmp_test_f1: 2.78, f1: 19.03
epoch: 515, val_loss:3.745917, acc: 26.70, bacc: 30.18, tmp_test_f1: 2.78, f1: 19.03
epoch: 516, val_loss:3.703073, acc: 26.70, bacc: 30.18, tmp_test_f1: 2.78, f1: 19.03
epoch: 517, val_loss:3.615720, acc: 26.70, bacc: 30.18, tmp_test_f1: 3.15, f1: 19.03
epoch: 518, val_loss:3.537012, acc: 26.70, bacc: 30.18, tmp_test_f1: 3.15, f1: 19.03
epoch: 519, val_loss:3.466930, acc: 26.70, bacc: 30.18, tmp_test_f1: 3.12, f1: 19.03
epoch: 520, val_loss:3.442558, acc: 26.70, bacc: 30.18, tmp_test_f1: 2.93, f1: 19.03
epoch: 521, val_loss:3.439540, acc: 26.70, bacc: 30.18, tmp_test_f1: 2.93, f1: 19.03
epoch: 522, val_loss:3.435831, acc: 26.70, bacc: 30.18, tmp_test_f1: 2.93, f1: 19.03
epoch: 523, val_loss:3.473553, acc: 26.70, bacc: 30.18, tmp_test_f1: 2.93, f1: 19.03
epoch: 524, val_loss:3.457018, acc: 26.70, bacc: 30.18, tmp_test_f1: 3.11, f1: 19.03
epoch: 525, val_loss:3.435404, acc: 26.70, bacc: 30.18, tmp_test_f1: 3.11, f1: 19.03
epoch: 526, val_loss:3.424583, acc: 26.70, bacc: 30.18, tmp_test_f1: 3.11, f1: 19.03
epoch: 527, val_loss:3.455951, acc: 26.70, bacc: 30.18, tmp_test_f1: 3.15, f1: 19.03
epoch: 528, val_loss:3.492831, acc: 26.70, bacc: 30.18, tmp_test_f1: 3.15, f1: 19.03
epoch: 529, val_loss:3.491769, acc: 26.70, bacc: 30.18, tmp_test_f1: 3.15, f1: 19.03
epoch: 530, val_loss:3.494341, acc: 26.70, bacc: 30.18, tmp_test_f1: 3.15, f1: 19.03
epoch: 531, val_loss:3.478133, acc: 26.70, bacc: 30.18, tmp_test_f1: 3.15, f1: 19.03
epoch: 532, val_loss:3.447565, acc: 26.70, bacc: 30.18, tmp_test_f1: 3.54, f1: 19.03
epoch: 533, val_loss:3.402971, acc: 26.70, bacc: 30.18, tmp_test_f1: 3.69, f1: 19.03
epoch: 534, val_loss:3.367658, acc: 26.70, bacc: 30.18, tmp_test_f1: 3.86, f1: 19.03
epoch: 535, val_loss:3.341040, acc: 26.70, bacc: 30.18, tmp_test_f1: 4.04, f1: 19.03
epoch: 536, val_loss:3.307183, acc: 26.70, bacc: 30.18, tmp_test_f1: 4.03, f1: 19.03
epoch: 537, val_loss:3.311456, acc: 26.70, bacc: 30.18, tmp_test_f1: 4.04, f1: 19.03
epoch: 538, val_loss:3.257536, acc: 26.70, bacc: 30.18, tmp_test_f1: 4.23, f1: 19.03
epoch: 539, val_loss:3.230197, acc: 26.70, bacc: 30.18, tmp_test_f1: 4.22, f1: 19.03
epoch: 540, val_loss:3.212754, acc: 26.70, bacc: 30.18, tmp_test_f1: 3.69, f1: 19.03
epoch: 541, val_loss:3.210334, acc: 26.70, bacc: 30.18, tmp_test_f1: 3.33, f1: 19.03
epoch: 542, val_loss:3.217324, acc: 26.70, bacc: 30.18, tmp_test_f1: 3.33, f1: 19.03
epoch: 543, val_loss:3.225803, acc: 26.70, bacc: 30.18, tmp_test_f1: 3.33, f1: 19.03
epoch: 544, val_loss:3.249283, acc: 26.70, bacc: 30.18, tmp_test_f1: 3.33, f1: 19.03
epoch: 545, val_loss:3.285144, acc: 26.70, bacc: 30.18, tmp_test_f1: 3.12, f1: 19.03
epoch: 546, val_loss:3.377437, acc: 26.70, bacc: 30.18, tmp_test_f1: 2.97, f1: 19.03
epoch: 547, val_loss:3.512809, acc: 26.70, bacc: 30.18, tmp_test_f1: 2.96, f1: 19.03
epoch: 548, val_loss:3.654387, acc: 26.70, bacc: 30.18, tmp_test_f1: 2.96, f1: 19.03
epoch: 549, val_loss:3.811734, acc: 26.70, bacc: 30.18, tmp_test_f1: 2.78, f1: 19.03
epoch: 550, val_loss:3.905242, acc: 26.70, bacc: 30.18, tmp_test_f1: 2.78, f1: 19.03
epoch: 551, val_loss:3.920047, acc: 26.70, bacc: 30.18, tmp_test_f1: 2.78, f1: 19.03
epoch: 552, val_loss:3.859073, acc: 26.70, bacc: 30.18, tmp_test_f1: 2.78, f1: 19.03
epoch: 553, val_loss:3.813153, acc: 26.70, bacc: 30.18, tmp_test_f1: 2.96, f1: 19.03
epoch: 554, val_loss:3.777078, acc: 26.70, bacc: 30.18, tmp_test_f1: 2.96, f1: 19.03
epoch: 555, val_loss:3.677703, acc: 26.70, bacc: 30.18, tmp_test_f1: 2.96, f1: 19.03
epoch: 556, val_loss:3.531567, acc: 26.70, bacc: 30.18, tmp_test_f1: 3.47, f1: 19.03
epoch: 557, val_loss:3.390267, acc: 26.70, bacc: 30.18, tmp_test_f1: 3.65, f1: 19.03
epoch: 558, val_loss:3.294498, acc: 26.70, bacc: 30.18, tmp_test_f1: 3.83, f1: 19.03
epoch: 559, val_loss:3.223568, acc: 26.70, bacc: 30.18, tmp_test_f1: 3.84, f1: 19.03
epoch: 560, val_loss:3.197389, acc: 26.70, bacc: 30.18, tmp_test_f1: 3.84, f1: 19.03
epoch: 561, val_loss:3.214805, acc: 26.70, bacc: 30.18, tmp_test_f1: 3.84, f1: 19.03
epoch: 562, val_loss:3.214767, acc: 26.70, bacc: 30.18, tmp_test_f1: 3.30, f1: 19.03
epoch: 563, val_loss:3.259806, acc: 26.70, bacc: 30.18, tmp_test_f1: 3.12, f1: 19.03
epoch: 564, val_loss:3.365382, acc: 26.70, bacc: 30.18, tmp_test_f1: 2.75, f1: 19.03
epoch: 565, val_loss:3.494290, acc: 26.70, bacc: 30.18, tmp_test_f1: 2.75, f1: 19.03
epoch: 566, val_loss:3.632516, acc: 26.70, bacc: 30.18, tmp_test_f1: 2.78, f1: 19.03
epoch: 567, val_loss:3.765331, acc: 26.70, bacc: 30.18, tmp_test_f1: 2.78, f1: 19.03
epoch: 568, val_loss:3.884417, acc: 26.70, bacc: 30.18, tmp_test_f1: 2.78, f1: 19.03
epoch: 569, val_loss:4.003233, acc: 26.70, bacc: 30.18, tmp_test_f1: 2.58, f1: 19.03
epoch: 570, val_loss:4.080024, acc: 26.70, bacc: 30.18, tmp_test_f1: 2.58, f1: 19.03
epoch: 571, val_loss:4.125048, acc: 26.70, bacc: 30.18, tmp_test_f1: 2.58, f1: 19.03
epoch: 572, val_loss:4.150708, acc: 26.70, bacc: 30.18, tmp_test_f1: 2.58, f1: 19.03
epoch: 573, val_loss:4.115792, acc: 26.70, bacc: 30.18, tmp_test_f1: 2.78, f1: 19.03
epoch: 574, val_loss:3.899753, acc: 26.70, bacc: 30.18, tmp_test_f1: 2.96, f1: 19.03
epoch: 575, val_loss:3.725964, acc: 26.70, bacc: 30.18, tmp_test_f1: 3.30, f1: 19.03
epoch: 576, val_loss:3.531522, acc: 26.70, bacc: 30.18, tmp_test_f1: 3.30, f1: 19.03
epoch: 577, val_loss:3.389156, acc: 26.70, bacc: 30.18, tmp_test_f1: 3.87, f1: 19.03
epoch: 578, val_loss:3.293846, acc: 26.70, bacc: 30.18, tmp_test_f1: 4.22, f1: 19.03
epoch: 579, val_loss:3.201466, acc: 26.70, bacc: 30.18, tmp_test_f1: 4.22, f1: 19.03
epoch: 580, val_loss:3.182354, acc: 26.70, bacc: 30.18, tmp_test_f1: 4.05, f1: 19.03
epoch: 581, val_loss:3.219425, acc: 26.70, bacc: 30.18, tmp_test_f1: 3.87, f1: 19.03
epoch: 582, val_loss:3.255301, acc: 26.70, bacc: 30.18, tmp_test_f1: 3.70, f1: 19.03
epoch: 583, val_loss:3.331733, acc: 26.70, bacc: 30.18, tmp_test_f1: 3.33, f1: 19.03
epoch: 584, val_loss:3.379092, acc: 26.70, bacc: 30.18, tmp_test_f1: 3.14, f1: 19.03
epoch: 585, val_loss:3.469940, acc: 26.70, bacc: 30.18, tmp_test_f1: 2.94, f1: 19.03
epoch: 586, val_loss:3.566761, acc: 26.70, bacc: 30.18, tmp_test_f1: 2.93, f1: 19.03
epoch: 587, val_loss:3.638389, acc: 26.70, bacc: 30.18, tmp_test_f1: 2.96, f1: 19.03
epoch: 588, val_loss:3.724517, acc: 26.70, bacc: 30.18, tmp_test_f1: 2.96, f1: 19.03
epoch: 589, val_loss:3.733283, acc: 26.70, bacc: 30.18, tmp_test_f1: 2.96, f1: 19.03
epoch: 590, val_loss:3.700187, acc: 26.70, bacc: 30.18, tmp_test_f1: 3.15, f1: 19.03
epoch: 591, val_loss:3.627585, acc: 26.70, bacc: 30.18, tmp_test_f1: 3.15, f1: 19.03
epoch: 592, val_loss:3.549386, acc: 26.70, bacc: 30.18, tmp_test_f1: 3.54, f1: 19.03
epoch: 593, val_loss:3.432846, acc: 26.70, bacc: 30.18, tmp_test_f1: 3.54, f1: 19.03
epoch: 594, val_loss:3.320358, acc: 26.70, bacc: 30.18, tmp_test_f1: 4.09, f1: 19.03
epoch: 595, val_loss:3.249027, acc: 26.70, bacc: 30.18, tmp_test_f1: 4.09, f1: 19.03
epoch: 596, val_loss:3.227615, acc: 26.70, bacc: 30.18, tmp_test_f1: 4.09, f1: 19.03
epoch: 597, val_loss:3.239287, acc: 26.70, bacc: 30.18, tmp_test_f1: 3.91, f1: 19.03
epoch: 598, val_loss:3.242959, acc: 26.70, bacc: 30.18, tmp_test_f1: 3.73, f1: 19.03
epoch: 599, val_loss:3.299903, acc: 26.70, bacc: 30.18, tmp_test_f1: 3.73, f1: 19.03
epoch: 600, val_loss:3.405101, acc: 26.70, bacc: 30.18, tmp_test_f1: 3.14, f1: 19.03
epoch: 601, val_loss:3.541842, acc: 26.70, bacc: 30.18, tmp_test_f1: 2.99, f1: 19.03
epoch: 602, val_loss:3.650452, acc: 26.70, bacc: 30.18, tmp_test_f1: 2.78, f1: 19.03
epoch: 603, val_loss:3.748517, acc: 26.70, bacc: 30.18, tmp_test_f1: 2.78, f1: 19.03
epoch: 604, val_loss:3.800364, acc: 26.70, bacc: 30.18, tmp_test_f1: 2.78, f1: 19.03
epoch: 605, val_loss:3.819942, acc: 26.70, bacc: 30.18, tmp_test_f1: 2.78, f1: 19.03
epoch: 606, val_loss:3.820811, acc: 26.70, bacc: 30.18, tmp_test_f1: 2.78, f1: 19.03
epoch: 607, val_loss:3.748238, acc: 26.70, bacc: 30.18, tmp_test_f1: 2.78, f1: 19.03
epoch: 608, val_loss:3.695410, acc: 26.70, bacc: 30.18, tmp_test_f1: 2.78, f1: 19.03
epoch: 609, val_loss:3.672946, acc: 26.70, bacc: 30.18, tmp_test_f1: 2.78, f1: 19.03
epoch: 610, val_loss:3.591603, acc: 26.70, bacc: 30.18, tmp_test_f1: 3.14, f1: 19.03
epoch: 611, val_loss:3.530547, acc: 26.70, bacc: 30.18, tmp_test_f1: 3.32, f1: 19.03
epoch: 612, val_loss:3.520896, acc: 26.70, bacc: 30.18, tmp_test_f1: 3.15, f1: 19.03
Epoch 00613: reducing learning rate of group 0 to 1.2500e-02.
epoch: 613, val_loss:3.568203, acc: 26.70, bacc: 30.18, tmp_test_f1: 3.14, f1: 19.03
epoch: 614, val_loss:3.559009, acc: 26.70, bacc: 30.18, tmp_test_f1: 3.14, f1: 19.03
epoch: 615, val_loss:3.559361, acc: 26.70, bacc: 30.18, tmp_test_f1: 3.14, f1: 19.03
epoch: 616, val_loss:3.574517, acc: 26.70, bacc: 30.18, tmp_test_f1: 3.14, f1: 19.03
epoch: 617, val_loss:3.579942, acc: 26.70, bacc: 30.18, tmp_test_f1: 3.14, f1: 19.03
epoch: 618, val_loss:3.572065, acc: 26.70, bacc: 30.18, tmp_test_f1: 3.14, f1: 19.03
epoch: 619, val_loss:3.570885, acc: 26.70, bacc: 30.18, tmp_test_f1: 3.14, f1: 19.03
epoch: 620, val_loss:3.572542, acc: 26.70, bacc: 30.18, tmp_test_f1: 3.32, f1: 19.03
epoch: 621, val_loss:3.554944, acc: 26.70, bacc: 30.18, tmp_test_f1: 3.30, f1: 19.03
epoch: 622, val_loss:3.535216, acc: 26.70, bacc: 30.18, tmp_test_f1: 3.30, f1: 19.03
epoch: 623, val_loss:3.517882, acc: 26.70, bacc: 30.18, tmp_test_f1: 3.30, f1: 19.03
epoch: 624, val_loss:3.520423, acc: 26.70, bacc: 30.18, tmp_test_f1: 3.50, f1: 19.03
epoch: 625, val_loss:3.493117, acc: 26.70, bacc: 30.18, tmp_test_f1: 3.50, f1: 19.03
epoch: 626, val_loss:3.475463, acc: 26.70, bacc: 30.18, tmp_test_f1: 3.50, f1: 19.03
epoch: 627, val_loss:3.472707, acc: 26.70, bacc: 30.18, tmp_test_f1: 3.50, f1: 19.03
epoch: 628, val_loss:3.464582, acc: 26.70, bacc: 30.18, tmp_test_f1: 3.50, f1: 19.03
epoch: 629, val_loss:3.460865, acc: 26.70, bacc: 30.18, tmp_test_f1: 3.32, f1: 19.03
epoch: 630, val_loss:3.457132, acc: 26.70, bacc: 30.18, tmp_test_f1: 3.32, f1: 19.03
epoch: 631, val_loss:3.451096, acc: 26.70, bacc: 30.18, tmp_test_f1: 3.36, f1: 19.03
epoch: 632, val_loss:3.460641, acc: 26.70, bacc: 30.18, tmp_test_f1: 3.32, f1: 19.03
epoch: 633, val_loss:3.463134, acc: 26.70, bacc: 30.18, tmp_test_f1: 3.32, f1: 19.03
epoch: 634, val_loss:3.465454, acc: 26.70, bacc: 30.18, tmp_test_f1: 3.32, f1: 19.03
epoch: 635, val_loss:3.487085, acc: 26.70, bacc: 30.18, tmp_test_f1: 3.32, f1: 19.03
epoch: 636, val_loss:3.519582, acc: 26.70, bacc: 30.18, tmp_test_f1: 3.14, f1: 19.03
epoch: 637, val_loss:3.548727, acc: 26.70, bacc: 30.18, tmp_test_f1: 3.14, f1: 19.03
epoch: 638, val_loss:3.555027, acc: 26.70, bacc: 30.18, tmp_test_f1: 3.14, f1: 19.03
epoch: 639, val_loss:3.582398, acc: 26.70, bacc: 30.18, tmp_test_f1: 2.96, f1: 19.03
epoch: 640, val_loss:3.623071, acc: 26.70, bacc: 30.18, tmp_test_f1: 2.96, f1: 19.03
epoch: 641, val_loss:3.651074, acc: 26.70, bacc: 30.18, tmp_test_f1: 2.78, f1: 19.03
epoch: 642, val_loss:3.669058, acc: 26.70, bacc: 30.18, tmp_test_f1: 2.78, f1: 19.03
epoch: 643, val_loss:3.682413, acc: 26.70, bacc: 30.18, tmp_test_f1: 2.78, f1: 19.03
epoch: 644, val_loss:3.687864, acc: 26.70, bacc: 30.18, tmp_test_f1: 2.78, f1: 19.03
epoch: 645, val_loss:3.685273, acc: 26.70, bacc: 30.18, tmp_test_f1: 3.17, f1: 19.03
epoch: 646, val_loss:3.681371, acc: 26.70, bacc: 30.18, tmp_test_f1: 3.17, f1: 19.03
epoch: 647, val_loss:3.676286, acc: 26.70, bacc: 30.18, tmp_test_f1: 3.17, f1: 19.03
epoch: 648, val_loss:3.641129, acc: 26.70, bacc: 30.18, tmp_test_f1: 3.14, f1: 19.03
epoch: 649, val_loss:3.594627, acc: 26.70, bacc: 30.18, tmp_test_f1: 3.14, f1: 19.03
epoch: 650, val_loss:3.539694, acc: 26.70, bacc: 30.18, tmp_test_f1: 3.53, f1: 19.03
epoch: 651, val_loss:3.481097, acc: 26.70, bacc: 30.18, tmp_test_f1: 3.53, f1: 19.03
epoch: 652, val_loss:3.410837, acc: 26.70, bacc: 30.18, tmp_test_f1: 3.53, f1: 19.03
epoch: 653, val_loss:3.359323, acc: 26.70, bacc: 30.18, tmp_test_f1: 3.72, f1: 19.03
epoch: 654, val_loss:3.303783, acc: 26.70, bacc: 30.18, tmp_test_f1: 3.72, f1: 19.03
epoch: 655, val_loss:3.282776, acc: 26.70, bacc: 30.18, tmp_test_f1: 3.72, f1: 19.03
epoch: 656, val_loss:3.289507, acc: 26.70, bacc: 30.18, tmp_test_f1: 3.54, f1: 19.03
epoch: 657, val_loss:3.319105, acc: 26.70, bacc: 30.18, tmp_test_f1: 3.54, f1: 19.03
epoch: 658, val_loss:3.342620, acc: 26.70, bacc: 30.18, tmp_test_f1: 3.54, f1: 19.03
epoch: 659, val_loss:3.386919, acc: 26.70, bacc: 30.18, tmp_test_f1: 3.35, f1: 19.03
epoch: 660, val_loss:3.419474, acc: 26.70, bacc: 30.18, tmp_test_f1: 3.35, f1: 19.03
epoch: 661, val_loss:3.459439, acc: 26.70, bacc: 30.18, tmp_test_f1: 3.15, f1: 19.03
epoch: 662, val_loss:3.502740, acc: 26.70, bacc: 30.18, tmp_test_f1: 3.14, f1: 19.03
epoch: 663, val_loss:3.564943, acc: 26.70, bacc: 30.18, tmp_test_f1: 3.14, f1: 19.03
epoch: 664, val_loss:3.627189, acc: 26.70, bacc: 30.18, tmp_test_f1: 3.14, f1: 19.03
epoch: 665, val_loss:3.677734, acc: 26.70, bacc: 30.18, tmp_test_f1: 2.94, f1: 19.03
epoch: 666, val_loss:3.706918, acc: 26.70, bacc: 30.18, tmp_test_f1: 2.94, f1: 19.03
epoch: 667, val_loss:3.697109, acc: 26.70, bacc: 30.18, tmp_test_f1: 2.94, f1: 19.03
epoch: 668, val_loss:3.694179, acc: 26.70, bacc: 30.18, tmp_test_f1: 2.94, f1: 19.03
epoch: 669, val_loss:3.676417, acc: 26.70, bacc: 30.18, tmp_test_f1: 3.14, f1: 19.03
epoch: 670, val_loss:3.638206, acc: 26.70, bacc: 30.18, tmp_test_f1: 3.14, f1: 19.03
epoch: 671, val_loss:3.577400, acc: 26.70, bacc: 30.18, tmp_test_f1: 3.14, f1: 19.03
epoch: 672, val_loss:3.505845, acc: 26.70, bacc: 30.18, tmp_test_f1: 3.33, f1: 19.03
epoch: 673, val_loss:3.403093, acc: 26.70, bacc: 30.18, tmp_test_f1: 3.71, f1: 19.03
epoch: 674, val_loss:3.313228, acc: 26.70, bacc: 30.18, tmp_test_f1: 3.70, f1: 19.03
epoch: 675, val_loss:3.254416, acc: 26.70, bacc: 30.18, tmp_test_f1: 3.69, f1: 19.03
epoch: 676, val_loss:3.215528, acc: 26.70, bacc: 30.18, tmp_test_f1: 3.69, f1: 19.03
epoch: 677, val_loss:3.203754, acc: 26.70, bacc: 30.18, tmp_test_f1: 3.69, f1: 19.03
epoch: 678, val_loss:3.229687, acc: 26.70, bacc: 30.18, tmp_test_f1: 3.69, f1: 19.03
epoch: 679, val_loss:3.286867, acc: 26.70, bacc: 30.18, tmp_test_f1: 3.70, f1: 19.03
epoch: 680, val_loss:3.355485, acc: 26.70, bacc: 30.18, tmp_test_f1: 3.53, f1: 19.03
epoch: 681, val_loss:3.445242, acc: 26.70, bacc: 30.18, tmp_test_f1: 3.33, f1: 19.03
epoch: 682, val_loss:3.547249, acc: 26.70, bacc: 30.18, tmp_test_f1: 3.33, f1: 19.03
epoch: 683, val_loss:3.643039, acc: 26.70, bacc: 30.18, tmp_test_f1: 3.14, f1: 19.03
epoch: 684, val_loss:3.729429, acc: 26.70, bacc: 30.18, tmp_test_f1: 2.96, f1: 19.03
epoch: 685, val_loss:3.811021, acc: 26.70, bacc: 30.18, tmp_test_f1: 2.96, f1: 19.03
epoch: 686, val_loss:3.872608, acc: 26.70, bacc: 30.18, tmp_test_f1: 2.96, f1: 19.03
epoch: 687, val_loss:3.898729, acc: 26.70, bacc: 30.18, tmp_test_f1: 2.96, f1: 19.03
epoch: 688, val_loss:3.911558, acc: 26.70, bacc: 30.18, tmp_test_f1: 2.96, f1: 19.03
epoch: 689, val_loss:3.914008, acc: 26.70, bacc: 30.18, tmp_test_f1: 2.96, f1: 19.03
epoch: 690, val_loss:3.882060, acc: 26.70, bacc: 30.18, tmp_test_f1: 2.96, f1: 19.03
epoch: 691, val_loss:3.834998, acc: 26.70, bacc: 30.18, tmp_test_f1: 2.96, f1: 19.03
epoch: 692, val_loss:3.764632, acc: 26.70, bacc: 30.18, tmp_test_f1: 2.96, f1: 19.03
epoch: 693, val_loss:3.699257, acc: 26.70, bacc: 30.18, tmp_test_f1: 3.15, f1: 19.03
epoch: 694, val_loss:3.607648, acc: 26.70, bacc: 30.18, tmp_test_f1: 3.32, f1: 19.03
epoch: 695, val_loss:3.531811, acc: 26.70, bacc: 30.18, tmp_test_f1: 3.33, f1: 19.03
epoch: 696, val_loss:3.456353, acc: 26.70, bacc: 30.18, tmp_test_f1: 3.33, f1: 19.03
epoch: 697, val_loss:3.412836, acc: 26.70, bacc: 30.18, tmp_test_f1: 3.50, f1: 19.03
epoch: 698, val_loss:3.383660, acc: 26.70, bacc: 30.18, tmp_test_f1: 3.50, f1: 19.03
epoch: 699, val_loss:3.377020, acc: 26.70, bacc: 30.18, tmp_test_f1: 3.49, f1: 19.03
epoch: 700, val_loss:3.376249, acc: 26.70, bacc: 30.18, tmp_test_f1: 3.50, f1: 19.03
epoch: 701, val_loss:3.398125, acc: 26.70, bacc: 30.18, tmp_test_f1: 3.50, f1: 19.03
epoch: 702, val_loss:3.429956, acc: 26.70, bacc: 30.18, tmp_test_f1: 3.32, f1: 19.03
epoch: 703, val_loss:3.484873, acc: 26.70, bacc: 30.18, tmp_test_f1: 3.32, f1: 19.03
epoch: 704, val_loss:3.563995, acc: 26.70, bacc: 30.18, tmp_test_f1: 3.12, f1: 19.03
epoch: 705, val_loss:3.643966, acc: 26.70, bacc: 30.18, tmp_test_f1: 3.15, f1: 19.03
epoch: 706, val_loss:3.737795, acc: 26.70, bacc: 30.18, tmp_test_f1: 2.78, f1: 19.03
epoch: 707, val_loss:3.831206, acc: 26.70, bacc: 30.18, tmp_test_f1: 2.78, f1: 19.03
epoch: 708, val_loss:3.902304, acc: 26.70, bacc: 30.18, tmp_test_f1: 2.78, f1: 19.03
epoch: 709, val_loss:3.929548, acc: 26.70, bacc: 30.18, tmp_test_f1: 2.78, f1: 19.03
epoch: 710, val_loss:3.925847, acc: 26.70, bacc: 30.18, tmp_test_f1: 2.78, f1: 19.03
epoch: 711, val_loss:3.911058, acc: 26.70, bacc: 30.18, tmp_test_f1: 2.78, f1: 19.03
epoch: 712, val_loss:3.899736, acc: 26.70, bacc: 30.18, tmp_test_f1: 2.78, f1: 19.03
epoch: 713, val_loss:3.852913, acc: 26.70, bacc: 30.18, tmp_test_f1: 2.78, f1: 19.03
epoch: 714, val_loss:3.749802, acc: 26.70, bacc: 30.18, tmp_test_f1: 3.14, f1: 19.03
epoch: 715, val_loss:3.655109, acc: 26.70, bacc: 30.18, tmp_test_f1: 3.33, f1: 19.03
epoch: 716, val_loss:3.575654, acc: 26.70, bacc: 30.18, tmp_test_f1: 3.33, f1: 19.03
epoch: 717, val_loss:3.515907, acc: 26.70, bacc: 30.18, tmp_test_f1: 3.53, f1: 19.03
epoch: 718, val_loss:3.453359, acc: 26.70, bacc: 30.18, tmp_test_f1: 3.53, f1: 19.03
epoch: 719, val_loss:3.408242, acc: 26.70, bacc: 30.18, tmp_test_f1: 3.71, f1: 19.03
epoch: 720, val_loss:3.373891, acc: 26.70, bacc: 30.18, tmp_test_f1: 3.71, f1: 19.03
epoch: 721, val_loss:3.359361, acc: 26.70, bacc: 30.18, tmp_test_f1: 3.71, f1: 19.03
epoch: 722, val_loss:3.366956, acc: 26.70, bacc: 30.18, tmp_test_f1: 3.53, f1: 19.03
epoch: 723, val_loss:3.394580, acc: 26.70, bacc: 30.18, tmp_test_f1: 3.33, f1: 19.03
epoch: 724, val_loss:3.446624, acc: 26.70, bacc: 30.18, tmp_test_f1: 3.33, f1: 19.03
epoch: 725, val_loss:3.521667, acc: 26.70, bacc: 30.18, tmp_test_f1: 3.12, f1: 19.03
epoch: 726, val_loss:3.594139, acc: 26.70, bacc: 30.18, tmp_test_f1: 3.15, f1: 19.03
epoch: 727, val_loss:3.680611, acc: 26.70, bacc: 30.18, tmp_test_f1: 2.78, f1: 19.03
epoch: 728, val_loss:3.762975, acc: 26.70, bacc: 30.18, tmp_test_f1: 2.78, f1: 19.03
epoch: 729, val_loss:3.815569, acc: 26.70, bacc: 30.18, tmp_test_f1: 2.78, f1: 19.03
epoch: 730, val_loss:3.830507, acc: 26.70, bacc: 30.18, tmp_test_f1: 2.78, f1: 19.03
epoch: 731, val_loss:3.843882, acc: 26.70, bacc: 30.18, tmp_test_f1: 2.78, f1: 19.03
epoch: 732, val_loss:3.826536, acc: 26.70, bacc: 30.18, tmp_test_f1: 2.78, f1: 19.03
epoch: 733, val_loss:3.776434, acc: 26.70, bacc: 30.18, tmp_test_f1: 2.93, f1: 19.03
epoch: 734, val_loss:3.695675, acc: 26.70, bacc: 30.18, tmp_test_f1: 3.12, f1: 19.03
epoch: 735, val_loss:3.620951, acc: 26.70, bacc: 30.18, tmp_test_f1: 3.33, f1: 19.03
epoch: 736, val_loss:3.535083, acc: 26.70, bacc: 30.18, tmp_test_f1: 3.50, f1: 19.03
epoch: 737, val_loss:3.418947, acc: 26.70, bacc: 30.18, tmp_test_f1: 3.70, f1: 19.03
epoch: 738, val_loss:3.315721, acc: 26.70, bacc: 30.18, tmp_test_f1: 3.87, f1: 19.03
epoch: 739, val_loss:3.233736, acc: 26.70, bacc: 30.18, tmp_test_f1: 4.05, f1: 19.03
epoch: 740, val_loss:3.186122, acc: 26.70, bacc: 30.18, tmp_test_f1: 4.22, f1: 19.03
epoch: 741, val_loss:3.183521, acc: 26.70, bacc: 30.18, tmp_test_f1: 3.87, f1: 19.03
epoch: 742, val_loss:3.217812, acc: 26.70, bacc: 30.18, tmp_test_f1: 3.70, f1: 19.03
epoch: 743, val_loss:3.260823, acc: 26.70, bacc: 30.18, tmp_test_f1: 3.70, f1: 19.03
epoch: 744, val_loss:3.293062, acc: 26.70, bacc: 30.18, tmp_test_f1: 3.70, f1: 19.03
epoch: 745, val_loss:3.333718, acc: 26.70, bacc: 30.18, tmp_test_f1: 3.53, f1: 19.03
epoch: 746, val_loss:3.397749, acc: 26.70, bacc: 30.18, tmp_test_f1: 3.53, f1: 19.03
epoch: 747, val_loss:3.472394, acc: 26.70, bacc: 30.18, tmp_test_f1: 3.33, f1: 19.03
epoch: 748, val_loss:3.558520, acc: 26.70, bacc: 30.18, tmp_test_f1: 3.33, f1: 19.03
epoch: 749, val_loss:3.637691, acc: 26.70, bacc: 30.18, tmp_test_f1: 3.14, f1: 19.03
epoch: 750, val_loss:3.704417, acc: 26.70, bacc: 30.18, tmp_test_f1: 2.96, f1: 19.03
epoch: 751, val_loss:3.771496, acc: 26.70, bacc: 30.18, tmp_test_f1: 2.96, f1: 19.03
epoch: 752, val_loss:3.840178, acc: 26.70, bacc: 30.18, tmp_test_f1: 2.96, f1: 19.03
epoch: 753, val_loss:3.909282, acc: 26.70, bacc: 30.18, tmp_test_f1: 2.96, f1: 19.03
epoch: 754, val_loss:3.931070, acc: 26.70, bacc: 30.18, tmp_test_f1: 2.96, f1: 19.03
epoch: 755, val_loss:3.938497, acc: 26.70, bacc: 30.18, tmp_test_f1: 2.93, f1: 19.03
epoch: 756, val_loss:3.926975, acc: 26.70, bacc: 30.18, tmp_test_f1: 2.93, f1: 19.03
epoch: 757, val_loss:3.917647, acc: 26.70, bacc: 30.18, tmp_test_f1: 2.93, f1: 19.03
epoch: 758, val_loss:3.894631, acc: 26.70, bacc: 30.18, tmp_test_f1: 2.93, f1: 19.03
epoch: 759, val_loss:3.868605, acc: 26.70, bacc: 30.18, tmp_test_f1: 2.93, f1: 19.03
epoch: 760, val_loss:3.821384, acc: 26.70, bacc: 30.18, tmp_test_f1: 3.11, f1: 19.03
epoch: 761, val_loss:3.735652, acc: 26.70, bacc: 30.18, tmp_test_f1: 3.29, f1: 19.03
epoch: 762, val_loss:3.671151, acc: 26.70, bacc: 30.18, tmp_test_f1: 3.29, f1: 19.03
epoch: 763, val_loss:3.607095, acc: 26.70, bacc: 30.18, tmp_test_f1: 3.29, f1: 19.03
epoch: 764, val_loss:3.559058, acc: 26.70, bacc: 30.18, tmp_test_f1: 3.49, f1: 19.03
epoch: 765, val_loss:3.504845, acc: 26.70, bacc: 30.18, tmp_test_f1: 3.49, f1: 19.03
epoch: 766, val_loss:3.450481, acc: 26.70, bacc: 30.18, tmp_test_f1: 3.49, f1: 19.03
epoch: 767, val_loss:3.401018, acc: 26.70, bacc: 30.18, tmp_test_f1: 3.85, f1: 19.03
epoch: 768, val_loss:3.328756, acc: 26.70, bacc: 30.18, tmp_test_f1: 4.35, f1: 19.03
epoch: 769, val_loss:3.252561, acc: 26.70, bacc: 30.18, tmp_test_f1: 4.34, f1: 19.03
epoch: 770, val_loss:3.198195, acc: 26.70, bacc: 30.18, tmp_test_f1: 4.53, f1: 19.03
epoch: 771, val_loss:3.183285, acc: 26.70, bacc: 30.18, tmp_test_f1: 4.54, f1: 19.03
epoch: 772, val_loss:3.201165, acc: 26.70, bacc: 30.18, tmp_test_f1: 4.21, f1: 19.03
epoch: 773, val_loss:3.231162, acc: 26.70, bacc: 30.18, tmp_test_f1: 3.88, f1: 19.03
epoch: 774, val_loss:3.281076, acc: 26.70, bacc: 30.18, tmp_test_f1: 3.89, f1: 19.03
epoch: 775, val_loss:3.341663, acc: 26.70, bacc: 30.18, tmp_test_f1: 3.71, f1: 19.03
epoch: 776, val_loss:3.414804, acc: 26.70, bacc: 30.18, tmp_test_f1: 3.71, f1: 19.03
epoch: 777, val_loss:3.479766, acc: 26.70, bacc: 30.18, tmp_test_f1: 3.53, f1: 19.03
epoch: 778, val_loss:3.525320, acc: 26.70, bacc: 30.18, tmp_test_f1: 3.33, f1: 19.03
epoch: 779, val_loss:3.574693, acc: 26.70, bacc: 30.18, tmp_test_f1: 3.33, f1: 19.03
epoch: 780, val_loss:3.632626, acc: 26.70, bacc: 30.18, tmp_test_f1: 3.14, f1: 19.03
epoch: 781, val_loss:3.685148, acc: 26.70, bacc: 30.18, tmp_test_f1: 3.17, f1: 19.03
epoch: 782, val_loss:3.727795, acc: 26.70, bacc: 30.18, tmp_test_f1: 2.96, f1: 19.03
epoch: 783, val_loss:3.758066, acc: 26.70, bacc: 30.18, tmp_test_f1: 2.96, f1: 19.03
epoch: 784, val_loss:3.787149, acc: 26.70, bacc: 30.18, tmp_test_f1: 2.78, f1: 19.03
epoch: 785, val_loss:3.816519, acc: 26.70, bacc: 30.18, tmp_test_f1: 2.75, f1: 19.03
epoch: 786, val_loss:3.791718, acc: 26.70, bacc: 30.18, tmp_test_f1: 2.93, f1: 19.03
epoch: 787, val_loss:3.730416, acc: 26.70, bacc: 30.18, tmp_test_f1: 3.32, f1: 19.03
epoch: 788, val_loss:3.665363, acc: 26.70, bacc: 30.18, tmp_test_f1: 3.32, f1: 19.03
epoch: 789, val_loss:3.599449, acc: 26.70, bacc: 30.18, tmp_test_f1: 3.50, f1: 19.03
epoch: 790, val_loss:3.539105, acc: 26.70, bacc: 30.18, tmp_test_f1: 3.49, f1: 19.03
epoch: 791, val_loss:3.478873, acc: 26.70, bacc: 30.18, tmp_test_f1: 3.64, f1: 19.03
epoch: 792, val_loss:3.448174, acc: 26.70, bacc: 30.18, tmp_test_f1: 3.84, f1: 19.03
epoch: 793, val_loss:3.441871, acc: 26.70, bacc: 30.18, tmp_test_f1: 3.48, f1: 19.03
epoch: 794, val_loss:3.462707, acc: 26.70, bacc: 30.18, tmp_test_f1: 3.49, f1: 19.03
epoch: 795, val_loss:3.501654, acc: 26.70, bacc: 30.18, tmp_test_f1: 3.50, f1: 19.03
epoch: 796, val_loss:3.568230, acc: 26.70, bacc: 30.18, tmp_test_f1: 3.50, f1: 19.03
epoch: 797, val_loss:3.635692, acc: 26.70, bacc: 30.18, tmp_test_f1: 3.12, f1: 19.03
epoch: 798, val_loss:3.688295, acc: 26.70, bacc: 30.18, tmp_test_f1: 2.93, f1: 19.03
epoch: 799, val_loss:3.745320, acc: 26.70, bacc: 30.18, tmp_test_f1: 2.93, f1: 19.03
epoch: 800, val_loss:3.787605, acc: 26.70, bacc: 30.18, tmp_test_f1: 2.96, f1: 19.03
epoch: 801, val_loss:3.838400, acc: 26.70, bacc: 30.18, tmp_test_f1: 2.96, f1: 19.03
epoch: 802, val_loss:3.875745, acc: 26.70, bacc: 30.18, tmp_test_f1: 2.96, f1: 19.03
epoch: 803, val_loss:3.862950, acc: 26.70, bacc: 30.18, tmp_test_f1: 2.96, f1: 19.03
epoch: 804, val_loss:3.838960, acc: 26.70, bacc: 30.18, tmp_test_f1: 2.96, f1: 19.03
epoch: 805, val_loss:3.806627, acc: 26.70, bacc: 30.18, tmp_test_f1: 2.96, f1: 19.03
epoch: 806, val_loss:3.784318, acc: 26.70, bacc: 30.18, tmp_test_f1: 2.96, f1: 19.03
epoch: 807, val_loss:3.765525, acc: 26.70, bacc: 30.18, tmp_test_f1: 2.93, f1: 19.03
epoch: 808, val_loss:3.742645, acc: 26.70, bacc: 30.18, tmp_test_f1: 2.93, f1: 19.03
epoch: 809, val_loss:3.709291, acc: 26.70, bacc: 30.18, tmp_test_f1: 2.93, f1: 19.03
epoch: 810, val_loss:3.688936, acc: 26.70, bacc: 30.18, tmp_test_f1: 3.11, f1: 19.03
SymDiGCN dgl/citeseerFalse 100 Aug -1 EndEpoch 810 lr 0.1
Feb14split  0, acc: 26.70, bacc: 30.18, f1: 19.03
