cuda is not available, using CPU.
Namespace(to_undirected=False, IsDirectedData=True, AugDirect=0, net='SymDiGCN', GPUdevice=1, seed=100, undirect_dataset='Cora', Direct_dataset='dgl/citeseer', imb_ratio=100, dropout=0.5, layer=1, alpha=0.1, K=2, feat_dim=64, warmup=5, epoch=1500, lr=0.1, l2=0.0005, tau=2, max=False, no_mask=False, gdc='ppr', heads=8, log_root='../logs/', log_path='test', data_path='../dataset/data/tmp/')
  NumNodes: 3327
  NumEdges: 4676
  NumFeats: 3703
  NumClasses: 6
  NumTrainingSamples: 120
  NumValidationSamples: 500
  NumTestSamples: 1000
Done loading data from cached files.
The Dataset is  Dataset("citeseer", num_graphs=1, save_path=/home/qin/.dgl/citeseer_d6836239) from DirectedData:  True
dict_keys(['feat', 'label', 'test_mask', 'val_mask', 'train_mask'])
Num_bidirect_edges: 0, total_num_edges: 4676
This is directed graph:  True
data_x torch.Size([3327, 3703])
SymLayer1(
  (gconv): DGCNConv(None, None)
  (Conv): Conv1d(18, 6, kernel_size=(1,), stride=(1,))
  (lin1): Linear(in_features=3703, out_features=6, bias=False)
)
SymLayer1(
  (gconv): DGCNConv(None, None)
  (Conv): Conv1d(18, 6, kernel_size=(1,), stride=(1,))
  (lin1): Linear(in_features=3703, out_features=6, bias=False)
)
Aug 0 ,edges 4676 ,x 3327
test_f1 CountNotImproved reset to 0 in epoch 0
epoch:   0, val_loss:1.829322, acc: 7.70, bacc: 16.67, tmp_test_f1: 2.38, f1: 2.38
Aug 0 ,edges 4676 ,x 3327
epoch:   1, val_loss:1.877194, acc: 7.70, bacc: 16.67, tmp_test_f1: 2.38, f1: 2.38
Aug 0 ,edges 4676 ,x 3327
epoch:   2, val_loss:2.099580, acc: 7.70, bacc: 16.67, tmp_test_f1: 2.38, f1: 2.38
Aug 0 ,edges 4676 ,x 3327
epoch:   3, val_loss:2.619580, acc: 7.70, bacc: 16.67, tmp_test_f1: 2.38, f1: 2.38
Aug 0 ,edges 4676 ,x 3327
epoch:   4, val_loss:3.325791, acc: 7.70, bacc: 16.67, tmp_test_f1: 2.38, f1: 2.38
Aug 0 ,edges 4676 ,x 3327
test_f1 CountNotImproved reset to 0 in epoch 5
epoch:   5, val_loss:3.470196, acc: 8.20, bacc: 17.12, tmp_test_f1: 3.28, f1: 3.28
Aug 0 ,edges 4676 ,x 3327
test_f1 CountNotImproved reset to 0 in epoch 6
epoch:   6, val_loss:3.225574, acc: 9.90, bacc: 18.31, tmp_test_f1: 5.72, f1: 5.72
Aug 0 ,edges 4676 ,x 3327
test_f1 CountNotImproved reset to 0 in epoch 7
epoch:   7, val_loss:2.895188, acc: 10.30, bacc: 18.68, tmp_test_f1: 6.53, f1: 6.53
Aug 0 ,edges 4676 ,x 3327
test_f1 CountNotImproved reset to 0 in epoch 8
epoch:   8, val_loss:2.616179, acc: 11.20, bacc: 19.63, tmp_test_f1: 8.18, f1: 8.18
Aug 0 ,edges 4676 ,x 3327
epoch:   9, val_loss:2.450319, acc: 11.20, bacc: 19.63, tmp_test_f1: 7.61, f1: 8.18
Aug 0 ,edges 4676 ,x 3327
epoch:  10, val_loss:2.394184, acc: 11.20, bacc: 19.63, tmp_test_f1: 6.16, f1: 8.18
Aug 0 ,edges 4676 ,x 3327
epoch:  11, val_loss:2.419256, acc: 11.20, bacc: 19.63, tmp_test_f1: 5.30, f1: 8.18
Aug 0 ,edges 4676 ,x 3327
epoch:  12, val_loss:2.502416, acc: 11.20, bacc: 19.63, tmp_test_f1: 4.16, f1: 8.18
Aug 0 ,edges 4676 ,x 3327
epoch:  13, val_loss:2.621780, acc: 11.20, bacc: 19.63, tmp_test_f1: 3.30, f1: 8.18
Aug 0 ,edges 4676 ,x 3327
epoch:  14, val_loss:2.758960, acc: 11.20, bacc: 19.63, tmp_test_f1: 3.47, f1: 8.18
Aug 0 ,edges 4676 ,x 3327
epoch:  15, val_loss:2.902041, acc: 11.20, bacc: 19.63, tmp_test_f1: 3.46, f1: 8.18
Aug 0 ,edges 4676 ,x 3327
epoch:  16, val_loss:3.044765, acc: 11.20, bacc: 19.63, tmp_test_f1: 3.46, f1: 8.18
Aug 0 ,edges 4676 ,x 3327
epoch:  17, val_loss:3.184561, acc: 11.20, bacc: 19.63, tmp_test_f1: 3.46, f1: 8.18
Aug 0 ,edges 4676 ,x 3327
epoch:  18, val_loss:3.321018, acc: 11.20, bacc: 19.63, tmp_test_f1: 3.46, f1: 8.18
Aug 0 ,edges 4676 ,x 3327
epoch:  19, val_loss:3.454525, acc: 11.20, bacc: 19.63, tmp_test_f1: 3.63, f1: 8.18
Aug 0 ,edges 4676 ,x 3327
epoch:  20, val_loss:3.584117, acc: 11.20, bacc: 19.63, tmp_test_f1: 3.63, f1: 8.18
Aug 0 ,edges 4676 ,x 3327
epoch:  21, val_loss:3.704521, acc: 11.20, bacc: 19.63, tmp_test_f1: 3.63, f1: 8.18
Aug 0 ,edges 4676 ,x 3327
epoch:  22, val_loss:3.804617, acc: 11.20, bacc: 19.63, tmp_test_f1: 3.80, f1: 8.18
Aug 0 ,edges 4676 ,x 3327
epoch:  23, val_loss:3.871894, acc: 11.20, bacc: 19.63, tmp_test_f1: 3.79, f1: 8.18
Aug 0 ,edges 4676 ,x 3327
epoch:  24, val_loss:3.905645, acc: 11.20, bacc: 19.63, tmp_test_f1: 3.79, f1: 8.18
Aug 0 ,edges 4676 ,x 3327
epoch:  25, val_loss:3.927852, acc: 11.20, bacc: 19.63, tmp_test_f1: 3.95, f1: 8.18
Aug 0 ,edges 4676 ,x 3327
epoch:  26, val_loss:3.970571, acc: 11.20, bacc: 19.63, tmp_test_f1: 3.94, f1: 8.18
Aug 0 ,edges 4676 ,x 3327
epoch:  27, val_loss:4.041758, acc: 11.20, bacc: 19.63, tmp_test_f1: 3.78, f1: 8.18
Aug 0 ,edges 4676 ,x 3327
epoch:  28, val_loss:4.105357, acc: 11.20, bacc: 19.63, tmp_test_f1: 3.78, f1: 8.18
Aug 0 ,edges 4676 ,x 3327
epoch:  29, val_loss:4.114502, acc: 11.20, bacc: 19.63, tmp_test_f1: 4.26, f1: 8.18
Aug 0 ,edges 4676 ,x 3327
epoch:  30, val_loss:4.069225, acc: 11.20, bacc: 19.63, tmp_test_f1: 4.24, f1: 8.18
Aug 0 ,edges 4676 ,x 3327
epoch:  31, val_loss:4.005677, acc: 11.20, bacc: 19.63, tmp_test_f1: 4.57, f1: 8.18
Aug 0 ,edges 4676 ,x 3327
epoch:  32, val_loss:3.948733, acc: 11.20, bacc: 19.63, tmp_test_f1: 4.95, f1: 8.18
Aug 0 ,edges 4676 ,x 3327
epoch:  33, val_loss:3.900692, acc: 11.20, bacc: 19.63, tmp_test_f1: 4.78, f1: 8.18
Aug 0 ,edges 4676 ,x 3327
epoch:  34, val_loss:3.856647, acc: 11.20, bacc: 19.63, tmp_test_f1: 4.60, f1: 8.18
Aug 0 ,edges 4676 ,x 3327
epoch:  35, val_loss:3.817152, acc: 11.20, bacc: 19.63, tmp_test_f1: 4.60, f1: 8.18
Aug 0 ,edges 4676 ,x 3327
epoch:  36, val_loss:3.786237, acc: 11.20, bacc: 19.63, tmp_test_f1: 4.62, f1: 8.18
Aug 0 ,edges 4676 ,x 3327
epoch:  37, val_loss:3.765137, acc: 11.20, bacc: 19.63, tmp_test_f1: 4.47, f1: 8.18
Aug 0 ,edges 4676 ,x 3327
epoch:  38, val_loss:3.750747, acc: 11.20, bacc: 19.63, tmp_test_f1: 4.32, f1: 8.18
Aug 0 ,edges 4676 ,x 3327
epoch:  39, val_loss:3.738056, acc: 11.20, bacc: 19.63, tmp_test_f1: 4.32, f1: 8.18
Aug 0 ,edges 4676 ,x 3327
epoch:  40, val_loss:3.723584, acc: 11.20, bacc: 19.63, tmp_test_f1: 4.32, f1: 8.18
Aug 0 ,edges 4676 ,x 3327
epoch:  41, val_loss:3.707424, acc: 11.20, bacc: 19.63, tmp_test_f1: 3.96, f1: 8.18
Aug 0 ,edges 4676 ,x 3327
epoch:  42, val_loss:3.692722, acc: 11.20, bacc: 19.63, tmp_test_f1: 3.96, f1: 8.18
Aug 0 ,edges 4676 ,x 3327
epoch:  43, val_loss:3.683310, acc: 11.20, bacc: 19.63, tmp_test_f1: 4.14, f1: 8.18
Aug 0 ,edges 4676 ,x 3327
epoch:  44, val_loss:3.681168, acc: 11.20, bacc: 19.63, tmp_test_f1: 3.97, f1: 8.18
Aug 0 ,edges 4676 ,x 3327
epoch:  45, val_loss:3.685169, acc: 11.20, bacc: 19.63, tmp_test_f1: 3.97, f1: 8.18
Aug 0 ,edges 4676 ,x 3327
epoch:  46, val_loss:3.691974, acc: 11.20, bacc: 19.63, tmp_test_f1: 3.97, f1: 8.18
Aug 0 ,edges 4676 ,x 3327
epoch:  47, val_loss:3.698804, acc: 11.20, bacc: 19.63, tmp_test_f1: 3.62, f1: 8.18
Aug 0 ,edges 4676 ,x 3327
epoch:  48, val_loss:3.705667, acc: 11.20, bacc: 19.63, tmp_test_f1: 3.62, f1: 8.18
Aug 0 ,edges 4676 ,x 3327
epoch:  49, val_loss:3.714440, acc: 11.20, bacc: 19.63, tmp_test_f1: 3.62, f1: 8.18
Aug 0 ,edges 4676 ,x 3327
epoch:  50, val_loss:3.725833, acc: 11.20, bacc: 19.63, tmp_test_f1: 3.62, f1: 8.18
Aug 0 ,edges 4676 ,x 3327
epoch:  51, val_loss:3.737789, acc: 11.20, bacc: 19.63, tmp_test_f1: 3.63, f1: 8.18
Aug 0 ,edges 4676 ,x 3327
epoch:  52, val_loss:3.746538, acc: 11.20, bacc: 19.63, tmp_test_f1: 3.63, f1: 8.18
Aug 0 ,edges 4676 ,x 3327
epoch:  53, val_loss:3.748712, acc: 11.20, bacc: 19.63, tmp_test_f1: 3.63, f1: 8.18
Aug 0 ,edges 4676 ,x 3327
epoch:  54, val_loss:3.743254, acc: 11.20, bacc: 19.63, tmp_test_f1: 3.63, f1: 8.18
Aug 0 ,edges 4676 ,x 3327
epoch:  55, val_loss:3.732504, acc: 11.20, bacc: 19.63, tmp_test_f1: 3.62, f1: 8.18
Aug 0 ,edges 4676 ,x 3327
epoch:  56, val_loss:3.721510, acc: 11.20, bacc: 19.63, tmp_test_f1: 3.62, f1: 8.18
Aug 0 ,edges 4676 ,x 3327
epoch:  57, val_loss:3.715421, acc: 11.20, bacc: 19.63, tmp_test_f1: 3.62, f1: 8.18
Aug 0 ,edges 4676 ,x 3327
epoch:  58, val_loss:3.716426, acc: 11.20, bacc: 19.63, tmp_test_f1: 3.62, f1: 8.18
Aug 0 ,edges 4676 ,x 3327
epoch:  59, val_loss:3.722390, acc: 11.20, bacc: 19.63, tmp_test_f1: 3.62, f1: 8.18
Aug 0 ,edges 4676 ,x 3327
epoch:  60, val_loss:3.728226, acc: 11.20, bacc: 19.63, tmp_test_f1: 3.79, f1: 8.18
Aug 0 ,edges 4676 ,x 3327
epoch:  61, val_loss:3.729182, acc: 11.20, bacc: 19.63, tmp_test_f1: 3.79, f1: 8.18
Aug 0 ,edges 4676 ,x 3327
epoch:  62, val_loss:3.723841, acc: 11.20, bacc: 19.63, tmp_test_f1: 3.79, f1: 8.18
Aug 0 ,edges 4676 ,x 3327
epoch:  63, val_loss:3.714630, acc: 11.20, bacc: 19.63, tmp_test_f1: 3.96, f1: 8.18
Aug 0 ,edges 4676 ,x 3327
epoch:  64, val_loss:3.705452, acc: 11.20, bacc: 19.63, tmp_test_f1: 3.79, f1: 8.18
Aug 0 ,edges 4676 ,x 3327
epoch:  65, val_loss:3.698538, acc: 11.20, bacc: 19.63, tmp_test_f1: 3.79, f1: 8.18
Aug 0 ,edges 4676 ,x 3327
epoch:  66, val_loss:3.693363, acc: 11.20, bacc: 19.63, tmp_test_f1: 3.62, f1: 8.18
Aug 0 ,edges 4676 ,x 3327
epoch:  67, val_loss:3.688553, acc: 11.20, bacc: 19.63, tmp_test_f1: 3.62, f1: 8.18
Aug 0 ,edges 4676 ,x 3327
epoch:  68, val_loss:3.684554, acc: 11.20, bacc: 19.63, tmp_test_f1: 3.62, f1: 8.18
Aug 0 ,edges 4676 ,x 3327
epoch:  69, val_loss:3.683922, acc: 11.20, bacc: 19.63, tmp_test_f1: 3.62, f1: 8.18
Aug 0 ,edges 4676 ,x 3327
epoch:  70, val_loss:3.688787, acc: 11.20, bacc: 19.63, tmp_test_f1: 3.62, f1: 8.18
Aug 0 ,edges 4676 ,x 3327
epoch:  71, val_loss:3.698150, acc: 11.20, bacc: 19.63, tmp_test_f1: 3.62, f1: 8.18
Aug 0 ,edges 4676 ,x 3327
epoch:  72, val_loss:3.707776, acc: 11.20, bacc: 19.63, tmp_test_f1: 3.62, f1: 8.18
Aug 0 ,edges 4676 ,x 3327
epoch:  73, val_loss:3.712878, acc: 11.20, bacc: 19.63, tmp_test_f1: 3.62, f1: 8.18
Aug 0 ,edges 4676 ,x 3327
epoch:  74, val_loss:3.711381, acc: 11.20, bacc: 19.63, tmp_test_f1: 3.62, f1: 8.18
Aug 0 ,edges 4676 ,x 3327
epoch:  75, val_loss:3.705061, acc: 11.20, bacc: 19.63, tmp_test_f1: 3.79, f1: 8.18
Aug 0 ,edges 4676 ,x 3327
epoch:  76, val_loss:3.697718, acc: 11.20, bacc: 19.63, tmp_test_f1: 3.80, f1: 8.18
Aug 0 ,edges 4676 ,x 3327
epoch:  77, val_loss:3.692136, acc: 11.20, bacc: 19.63, tmp_test_f1: 3.80, f1: 8.18
Aug 0 ,edges 4676 ,x 3327
epoch:  78, val_loss:3.688468, acc: 11.20, bacc: 19.63, tmp_test_f1: 3.80, f1: 8.18
Aug 0 ,edges 4676 ,x 3327
epoch:  79, val_loss:3.685251, acc: 11.20, bacc: 19.63, tmp_test_f1: 3.80, f1: 8.18
Aug 0 ,edges 4676 ,x 3327
epoch:  80, val_loss:3.681760, acc: 11.20, bacc: 19.63, tmp_test_f1: 3.80, f1: 8.18
Aug 0 ,edges 4676 ,x 3327
epoch:  81, val_loss:3.679091, acc: 11.20, bacc: 19.63, tmp_test_f1: 3.80, f1: 8.18
Aug 0 ,edges 4676 ,x 3327
epoch:  82, val_loss:3.678865, acc: 11.20, bacc: 19.63, tmp_test_f1: 3.80, f1: 8.18
Aug 0 ,edges 4676 ,x 3327
epoch:  83, val_loss:3.681129, acc: 11.20, bacc: 19.63, tmp_test_f1: 3.63, f1: 8.18
Aug 0 ,edges 4676 ,x 3327
epoch:  84, val_loss:3.683866, acc: 11.20, bacc: 19.63, tmp_test_f1: 3.63, f1: 8.18
Aug 0 ,edges 4676 ,x 3327
epoch:  85, val_loss:3.684637, acc: 11.20, bacc: 19.63, tmp_test_f1: 3.63, f1: 8.18
Aug 0 ,edges 4676 ,x 3327
epoch:  86, val_loss:3.682709, acc: 11.20, bacc: 19.63, tmp_test_f1: 3.80, f1: 8.18
Aug 0 ,edges 4676 ,x 3327
epoch:  87, val_loss:3.679577, acc: 11.20, bacc: 19.63, tmp_test_f1: 3.80, f1: 8.18
Aug 0 ,edges 4676 ,x 3327
epoch:  88, val_loss:3.677477, acc: 11.20, bacc: 19.63, tmp_test_f1: 3.63, f1: 8.18
Aug 0 ,edges 4676 ,x 3327
epoch:  89, val_loss:3.677413, acc: 11.20, bacc: 19.63, tmp_test_f1: 3.63, f1: 8.18
Aug 0 ,edges 4676 ,x 3327
epoch:  90, val_loss:3.678529, acc: 11.20, bacc: 19.63, tmp_test_f1: 3.63, f1: 8.18
Aug 0 ,edges 4676 ,x 3327
epoch:  91, val_loss:3.679250, acc: 11.20, bacc: 19.63, tmp_test_f1: 3.63, f1: 8.18
Aug 0 ,edges 4676 ,x 3327
epoch:  92, val_loss:3.678900, acc: 11.20, bacc: 19.63, tmp_test_f1: 3.63, f1: 8.18
Aug 0 ,edges 4676 ,x 3327
epoch:  93, val_loss:3.678131, acc: 11.20, bacc: 19.63, tmp_test_f1: 3.63, f1: 8.18
Aug 0 ,edges 4676 ,x 3327
epoch:  94, val_loss:3.677890, acc: 11.20, bacc: 19.63, tmp_test_f1: 3.63, f1: 8.18
Aug 0 ,edges 4676 ,x 3327
epoch:  95, val_loss:3.678200, acc: 11.20, bacc: 19.63, tmp_test_f1: 3.63, f1: 8.18
Aug 0 ,edges 4676 ,x 3327
epoch:  96, val_loss:3.678126, acc: 11.20, bacc: 19.63, tmp_test_f1: 3.63, f1: 8.18
Aug 0 ,edges 4676 ,x 3327
epoch:  97, val_loss:3.676925, acc: 11.20, bacc: 19.63, tmp_test_f1: 3.63, f1: 8.18
Aug 0 ,edges 4676 ,x 3327
epoch:  98, val_loss:3.675033, acc: 11.20, bacc: 19.63, tmp_test_f1: 3.63, f1: 8.18
Aug 0 ,edges 4676 ,x 3327
epoch:  99, val_loss:3.673738, acc: 11.20, bacc: 19.63, tmp_test_f1: 3.99, f1: 8.18
Aug 0 ,edges 4676 ,x 3327
epoch: 100, val_loss:3.673917, acc: 11.20, bacc: 19.63, tmp_test_f1: 3.99, f1: 8.18
Aug 0 ,edges 4676 ,x 3327
epoch: 101, val_loss:3.675184, acc: 11.20, bacc: 19.63, tmp_test_f1: 3.99, f1: 8.18
Aug 0 ,edges 4676 ,x 3327
epoch: 102, val_loss:3.676357, acc: 11.20, bacc: 19.63, tmp_test_f1: 3.99, f1: 8.18
Aug 0 ,edges 4676 ,x 3327
epoch: 103, val_loss:3.676646, acc: 11.20, bacc: 19.63, tmp_test_f1: 3.99, f1: 8.18
Aug 0 ,edges 4676 ,x 3327
epoch: 104, val_loss:3.676310, acc: 11.20, bacc: 19.63, tmp_test_f1: 3.99, f1: 8.18
Aug 0 ,edges 4676 ,x 3327
epoch: 105, val_loss:3.676169, acc: 11.20, bacc: 19.63, tmp_test_f1: 3.82, f1: 8.18
Aug 0 ,edges 4676 ,x 3327
epoch: 106, val_loss:3.676598, acc: 11.20, bacc: 19.63, tmp_test_f1: 3.82, f1: 8.18
Aug 0 ,edges 4676 ,x 3327
epoch: 107, val_loss:3.677146, acc: 11.20, bacc: 19.63, tmp_test_f1: 3.82, f1: 8.18
Aug 0 ,edges 4676 ,x 3327
epoch: 108, val_loss:3.677121, acc: 11.20, bacc: 19.63, tmp_test_f1: 3.82, f1: 8.18
Aug 0 ,edges 4676 ,x 3327
epoch: 109, val_loss:3.676407, acc: 11.20, bacc: 19.63, tmp_test_f1: 3.82, f1: 8.18
Aug 0 ,edges 4676 ,x 3327
epoch: 110, val_loss:3.675571, acc: 11.20, bacc: 19.63, tmp_test_f1: 3.82, f1: 8.18
Aug 0 ,edges 4676 ,x 3327
epoch: 111, val_loss:3.675168, acc: 11.20, bacc: 19.63, tmp_test_f1: 3.82, f1: 8.18
Aug 0 ,edges 4676 ,x 3327
epoch: 112, val_loss:3.675124, acc: 11.20, bacc: 19.63, tmp_test_f1: 3.82, f1: 8.18
Aug 0 ,edges 4676 ,x 3327
epoch: 113, val_loss:3.674901, acc: 11.20, bacc: 19.63, tmp_test_f1: 3.82, f1: 8.18
Aug 0 ,edges 4676 ,x 3327
epoch: 114, val_loss:3.674210, acc: 11.20, bacc: 19.63, tmp_test_f1: 3.82, f1: 8.18
Aug 0 ,edges 4676 ,x 3327
epoch: 115, val_loss:3.673394, acc: 11.20, bacc: 19.63, tmp_test_f1: 3.82, f1: 8.18
Aug 0 ,edges 4676 ,x 3327
epoch: 116, val_loss:3.673051, acc: 11.20, bacc: 19.63, tmp_test_f1: 3.82, f1: 8.18
Aug 0 ,edges 4676 ,x 3327
epoch: 117, val_loss:3.673368, acc: 11.20, bacc: 19.63, tmp_test_f1: 3.82, f1: 8.18
Aug 0 ,edges 4676 ,x 3327
epoch: 118, val_loss:3.673945, acc: 11.20, bacc: 19.63, tmp_test_f1: 3.82, f1: 8.18
Aug 0 ,edges 4676 ,x 3327
epoch: 119, val_loss:3.674280, acc: 11.20, bacc: 19.63, tmp_test_f1: 3.82, f1: 8.18
Aug 0 ,edges 4676 ,x 3327
epoch: 120, val_loss:3.674293, acc: 11.20, bacc: 19.63, tmp_test_f1: 3.82, f1: 8.18
Aug 0 ,edges 4676 ,x 3327
epoch: 121, val_loss:3.674305, acc: 11.20, bacc: 19.63, tmp_test_f1: 3.82, f1: 8.18
Aug 0 ,edges 4676 ,x 3327
epoch: 122, val_loss:3.674553, acc: 11.20, bacc: 19.63, tmp_test_f1: 3.82, f1: 8.18
Aug 0 ,edges 4676 ,x 3327
epoch: 123, val_loss:3.674866, acc: 11.20, bacc: 19.63, tmp_test_f1: 3.82, f1: 8.18
Aug 0 ,edges 4676 ,x 3327
epoch: 124, val_loss:3.674878, acc: 11.20, bacc: 19.63, tmp_test_f1: 3.82, f1: 8.18
Aug 0 ,edges 4676 ,x 3327
epoch: 125, val_loss:3.674503, acc: 11.20, bacc: 19.63, tmp_test_f1: 3.82, f1: 8.18
Aug 0 ,edges 4676 ,x 3327
epoch: 126, val_loss:3.674036, acc: 11.20, bacc: 19.63, tmp_test_f1: 3.82, f1: 8.18
Aug 0 ,edges 4676 ,x 3327
epoch: 127, val_loss:3.673788, acc: 11.20, bacc: 19.63, tmp_test_f1: 3.82, f1: 8.18
Aug 0 ,edges 4676 ,x 3327
epoch: 128, val_loss:3.673720, acc: 11.20, bacc: 19.63, tmp_test_f1: 3.82, f1: 8.18
Aug 0 ,edges 4676 ,x 3327
epoch: 129, val_loss:3.673534, acc: 11.20, bacc: 19.63, tmp_test_f1: 3.82, f1: 8.18
Aug 0 ,edges 4676 ,x 3327
epoch: 130, val_loss:3.673063, acc: 11.20, bacc: 19.63, tmp_test_f1: 3.82, f1: 8.18
Aug 0 ,edges 4676 ,x 3327
epoch: 131, val_loss:3.672484, acc: 11.20, bacc: 19.63, tmp_test_f1: 3.82, f1: 8.18
Aug 0 ,edges 4676 ,x 3327
epoch: 132, val_loss:3.672091, acc: 11.20, bacc: 19.63, tmp_test_f1: 3.82, f1: 8.18
Aug 0 ,edges 4676 ,x 3327
epoch: 133, val_loss:3.671958, acc: 11.20, bacc: 19.63, tmp_test_f1: 3.82, f1: 8.18
Aug 0 ,edges 4676 ,x 3327
epoch: 134, val_loss:3.671903, acc: 11.20, bacc: 19.63, tmp_test_f1: 3.82, f1: 8.18
Aug 0 ,edges 4676 ,x 3327
epoch: 135, val_loss:3.671764, acc: 11.20, bacc: 19.63, tmp_test_f1: 3.82, f1: 8.18
Aug 0 ,edges 4676 ,x 3327
epoch: 136, val_loss:3.671613, acc: 11.20, bacc: 19.63, tmp_test_f1: 3.82, f1: 8.18
Aug 0 ,edges 4676 ,x 3327
epoch: 137, val_loss:3.671631, acc: 11.20, bacc: 19.63, tmp_test_f1: 3.82, f1: 8.18
Aug 0 ,edges 4676 ,x 3327
epoch: 138, val_loss:3.671842, acc: 11.20, bacc: 19.63, tmp_test_f1: 3.82, f1: 8.18
Aug 0 ,edges 4676 ,x 3327
epoch: 139, val_loss:3.672051, acc: 11.20, bacc: 19.63, tmp_test_f1: 3.82, f1: 8.18
Aug 0 ,edges 4676 ,x 3327
epoch: 140, val_loss:3.672079, acc: 11.20, bacc: 19.63, tmp_test_f1: 3.82, f1: 8.18
Aug 0 ,edges 4676 ,x 3327
epoch: 141, val_loss:3.671962, acc: 11.20, bacc: 19.63, tmp_test_f1: 3.82, f1: 8.18
Aug 0 ,edges 4676 ,x 3327
epoch: 142, val_loss:3.671877, acc: 11.20, bacc: 19.63, tmp_test_f1: 3.82, f1: 8.18
Aug 0 ,edges 4676 ,x 3327
epoch: 143, val_loss:3.671905, acc: 11.20, bacc: 19.63, tmp_test_f1: 3.82, f1: 8.18
Aug 0 ,edges 4676 ,x 3327
epoch: 144, val_loss:3.671939, acc: 11.20, bacc: 19.63, tmp_test_f1: 3.82, f1: 8.18
Aug 0 ,edges 4676 ,x 3327
epoch: 145, val_loss:3.671858, acc: 11.20, bacc: 19.63, tmp_test_f1: 3.82, f1: 8.18
Aug 0 ,edges 4676 ,x 3327
epoch: 146, val_loss:3.671697, acc: 11.20, bacc: 19.63, tmp_test_f1: 3.82, f1: 8.18
Aug 0 ,edges 4676 ,x 3327
epoch: 147, val_loss:3.671598, acc: 11.20, bacc: 19.63, tmp_test_f1: 3.82, f1: 8.18
Aug 0 ,edges 4676 ,x 3327
epoch: 148, val_loss:3.671629, acc: 11.20, bacc: 19.63, tmp_test_f1: 3.82, f1: 8.18
Aug 0 ,edges 4676 ,x 3327
epoch: 149, val_loss:3.671707, acc: 11.20, bacc: 19.63, tmp_test_f1: 3.82, f1: 8.18
Aug 0 ,edges 4676 ,x 3327
epoch: 150, val_loss:3.671736, acc: 11.20, bacc: 19.63, tmp_test_f1: 3.82, f1: 8.18
Aug 0 ,edges 4676 ,x 3327
epoch: 151, val_loss:3.671746, acc: 11.20, bacc: 19.63, tmp_test_f1: 3.82, f1: 8.18
Aug 0 ,edges 4676 ,x 3327
epoch: 152, val_loss:3.671835, acc: 11.20, bacc: 19.63, tmp_test_f1: 3.82, f1: 8.18
Aug 0 ,edges 4676 ,x 3327
epoch: 153, val_loss:3.672036, acc: 11.20, bacc: 19.63, tmp_test_f1: 3.82, f1: 8.18
Aug 0 ,edges 4676 ,x 3327
epoch: 154, val_loss:3.672254, acc: 11.20, bacc: 19.63, tmp_test_f1: 3.82, f1: 8.18
Aug 0 ,edges 4676 ,x 3327
epoch: 155, val_loss:3.672389, acc: 11.20, bacc: 19.63, tmp_test_f1: 3.82, f1: 8.18
Aug 0 ,edges 4676 ,x 3327
epoch: 156, val_loss:3.672455, acc: 11.20, bacc: 19.63, tmp_test_f1: 3.82, f1: 8.18
Aug 0 ,edges 4676 ,x 3327
epoch: 157, val_loss:3.672538, acc: 11.20, bacc: 19.63, tmp_test_f1: 3.82, f1: 8.18
Aug 0 ,edges 4676 ,x 3327
epoch: 158, val_loss:3.672668, acc: 11.20, bacc: 19.63, tmp_test_f1: 3.82, f1: 8.18
Aug 0 ,edges 4676 ,x 3327
epoch: 159, val_loss:3.672782, acc: 11.20, bacc: 19.63, tmp_test_f1: 3.82, f1: 8.18
Aug 0 ,edges 4676 ,x 3327
epoch: 160, val_loss:3.672827, acc: 11.20, bacc: 19.63, tmp_test_f1: 3.99, f1: 8.18
Aug 0 ,edges 4676 ,x 3327
epoch: 161, val_loss:3.672840, acc: 11.20, bacc: 19.63, tmp_test_f1: 3.99, f1: 8.18
Aug 0 ,edges 4676 ,x 3327
epoch: 162, val_loss:3.672895, acc: 11.20, bacc: 19.63, tmp_test_f1: 3.99, f1: 8.18
Aug 0 ,edges 4676 ,x 3327
epoch: 163, val_loss:3.673006, acc: 11.20, bacc: 19.63, tmp_test_f1: 3.99, f1: 8.18
Aug 0 ,edges 4676 ,x 3327
epoch: 164, val_loss:3.673116, acc: 11.20, bacc: 19.63, tmp_test_f1: 3.99, f1: 8.18
Aug 0 ,edges 4676 ,x 3327
epoch: 165, val_loss:3.673192, acc: 11.20, bacc: 19.63, tmp_test_f1: 3.99, f1: 8.18
Aug 0 ,edges 4676 ,x 3327
epoch: 166, val_loss:3.673268, acc: 11.20, bacc: 19.63, tmp_test_f1: 3.99, f1: 8.18
Aug 0 ,edges 4676 ,x 3327
epoch: 167, val_loss:3.673398, acc: 11.20, bacc: 19.63, tmp_test_f1: 3.99, f1: 8.18
Aug 0 ,edges 4676 ,x 3327
epoch: 168, val_loss:3.673571, acc: 11.20, bacc: 19.63, tmp_test_f1: 3.99, f1: 8.18
Aug 0 ,edges 4676 ,x 3327
epoch: 169, val_loss:3.673727, acc: 11.20, bacc: 19.63, tmp_test_f1: 3.99, f1: 8.18
Aug 0 ,edges 4676 ,x 3327
epoch: 170, val_loss:3.673836, acc: 11.20, bacc: 19.63, tmp_test_f1: 3.99, f1: 8.18
Aug 0 ,edges 4676 ,x 3327
epoch: 171, val_loss:3.673930, acc: 11.20, bacc: 19.63, tmp_test_f1: 3.99, f1: 8.18
Aug 0 ,edges 4676 ,x 3327
epoch: 172, val_loss:3.674050, acc: 11.20, bacc: 19.63, tmp_test_f1: 3.99, f1: 8.18
Aug 0 ,edges 4676 ,x 3327
epoch: 173, val_loss:3.674190, acc: 11.20, bacc: 19.63, tmp_test_f1: 3.99, f1: 8.18
Aug 0 ,edges 4676 ,x 3327
epoch: 174, val_loss:3.674314, acc: 11.20, bacc: 19.63, tmp_test_f1: 3.99, f1: 8.18
Aug 0 ,edges 4676 ,x 3327
epoch: 175, val_loss:3.674417, acc: 11.20, bacc: 19.63, tmp_test_f1: 3.99, f1: 8.18
Aug 0 ,edges 4676 ,x 3327
epoch: 176, val_loss:3.674534, acc: 11.20, bacc: 19.63, tmp_test_f1: 3.99, f1: 8.18
Aug 0 ,edges 4676 ,x 3327
epoch: 177, val_loss:3.674687, acc: 11.20, bacc: 19.63, tmp_test_f1: 3.99, f1: 8.18
Aug 0 ,edges 4676 ,x 3327
epoch: 178, val_loss:3.674851, acc: 11.20, bacc: 19.63, tmp_test_f1: 3.99, f1: 8.18
Aug 0 ,edges 4676 ,x 3327
epoch: 179, val_loss:3.674989, acc: 11.20, bacc: 19.63, tmp_test_f1: 3.99, f1: 8.18
Aug 0 ,edges 4676 ,x 3327
epoch: 180, val_loss:3.675110, acc: 11.20, bacc: 19.63, tmp_test_f1: 3.99, f1: 8.18
Aug 0 ,edges 4676 ,x 3327
epoch: 181, val_loss:3.675244, acc: 11.20, bacc: 19.63, tmp_test_f1: 3.99, f1: 8.18
Aug 0 ,edges 4676 ,x 3327
epoch: 182, val_loss:3.675400, acc: 11.20, bacc: 19.63, tmp_test_f1: 3.99, f1: 8.18
Aug 0 ,edges 4676 ,x 3327
epoch: 183, val_loss:3.675554, acc: 11.20, bacc: 19.63, tmp_test_f1: 3.99, f1: 8.18
Aug 0 ,edges 4676 ,x 3327
epoch: 184, val_loss:3.675685, acc: 11.20, bacc: 19.63, tmp_test_f1: 3.99, f1: 8.18
Aug 0 ,edges 4676 ,x 3327
epoch: 185, val_loss:3.675816, acc: 11.20, bacc: 19.63, tmp_test_f1: 3.99, f1: 8.18
Aug 0 ,edges 4676 ,x 3327
epoch: 186, val_loss:3.675966, acc: 11.20, bacc: 19.63, tmp_test_f1: 3.99, f1: 8.18
Aug 0 ,edges 4676 ,x 3327
epoch: 187, val_loss:3.676127, acc: 11.20, bacc: 19.63, tmp_test_f1: 3.99, f1: 8.18
Aug 0 ,edges 4676 ,x 3327
epoch: 188, val_loss:3.676274, acc: 11.20, bacc: 19.63, tmp_test_f1: 3.99, f1: 8.18
Aug 0 ,edges 4676 ,x 3327
epoch: 189, val_loss:3.676409, acc: 11.20, bacc: 19.63, tmp_test_f1: 3.99, f1: 8.18
Aug 0 ,edges 4676 ,x 3327
epoch: 190, val_loss:3.676550, acc: 11.20, bacc: 19.63, tmp_test_f1: 3.99, f1: 8.18
Aug 0 ,edges 4676 ,x 3327
epoch: 191, val_loss:3.676714, acc: 11.20, bacc: 19.63, tmp_test_f1: 3.99, f1: 8.18
Aug 0 ,edges 4676 ,x 3327
epoch: 192, val_loss:3.676878, acc: 11.20, bacc: 19.63, tmp_test_f1: 3.99, f1: 8.18
Aug 0 ,edges 4676 ,x 3327
epoch: 193, val_loss:3.677028, acc: 11.20, bacc: 19.63, tmp_test_f1: 3.99, f1: 8.18
Aug 0 ,edges 4676 ,x 3327
epoch: 194, val_loss:3.677169, acc: 11.20, bacc: 19.63, tmp_test_f1: 3.99, f1: 8.18
Aug 0 ,edges 4676 ,x 3327
epoch: 195, val_loss:3.677320, acc: 11.20, bacc: 19.63, tmp_test_f1: 3.99, f1: 8.18
Aug 0 ,edges 4676 ,x 3327
epoch: 196, val_loss:3.677481, acc: 11.20, bacc: 19.63, tmp_test_f1: 3.99, f1: 8.18
Aug 0 ,edges 4676 ,x 3327
epoch: 197, val_loss:3.677633, acc: 11.20, bacc: 19.63, tmp_test_f1: 3.99, f1: 8.18
Aug 0 ,edges 4676 ,x 3327
epoch: 198, val_loss:3.677772, acc: 11.20, bacc: 19.63, tmp_test_f1: 3.99, f1: 8.18
Aug 0 ,edges 4676 ,x 3327
epoch: 199, val_loss:3.677917, acc: 11.20, bacc: 19.63, tmp_test_f1: 3.99, f1: 8.18
Aug 0 ,edges 4676 ,x 3327
epoch: 200, val_loss:3.678074, acc: 11.20, bacc: 19.63, tmp_test_f1: 3.99, f1: 8.18
Aug 0 ,edges 4676 ,x 3327
Epoch 00201: reducing learning rate of group 0 to 5.0000e-02.
epoch: 201, val_loss:3.678234, acc: 11.20, bacc: 19.63, tmp_test_f1: 3.99, f1: 8.18
Aug 0 ,edges 4676 ,x 3327
epoch: 202, val_loss:3.678385, acc: 11.20, bacc: 19.63, tmp_test_f1: 3.99, f1: 8.18
Aug 0 ,edges 4676 ,x 3327
epoch: 203, val_loss:3.678458, acc: 11.20, bacc: 19.63, tmp_test_f1: 3.99, f1: 8.18
Aug 0 ,edges 4676 ,x 3327
epoch: 204, val_loss:3.678529, acc: 11.20, bacc: 19.63, tmp_test_f1: 3.99, f1: 8.18
Aug 0 ,edges 4676 ,x 3327
epoch: 205, val_loss:3.678602, acc: 11.20, bacc: 19.63, tmp_test_f1: 3.99, f1: 8.18
Aug 0 ,edges 4676 ,x 3327
epoch: 206, val_loss:3.678679, acc: 11.20, bacc: 19.63, tmp_test_f1: 3.99, f1: 8.18
Aug 0 ,edges 4676 ,x 3327
epoch: 207, val_loss:3.678756, acc: 11.20, bacc: 19.63, tmp_test_f1: 3.99, f1: 8.18
Aug 0 ,edges 4676 ,x 3327
epoch: 208, val_loss:3.678830, acc: 11.20, bacc: 19.63, tmp_test_f1: 3.99, f1: 8.18
Aug 0 ,edges 4676 ,x 3327
epoch: 209, val_loss:3.678903, acc: 11.20, bacc: 19.63, tmp_test_f1: 3.99, f1: 8.18
Aug 0 ,edges 4676 ,x 3327
epoch: 210, val_loss:3.678973, acc: 11.20, bacc: 19.63, tmp_test_f1: 3.99, f1: 8.18
Aug 0 ,edges 4676 ,x 3327
epoch: 211, val_loss:3.679043, acc: 11.20, bacc: 19.63, tmp_test_f1: 3.99, f1: 8.18
Aug 0 ,edges 4676 ,x 3327
epoch: 212, val_loss:3.679114, acc: 11.20, bacc: 19.63, tmp_test_f1: 3.99, f1: 8.18
Aug 0 ,edges 4676 ,x 3327
epoch: 213, val_loss:3.679186, acc: 11.20, bacc: 19.63, tmp_test_f1: 3.99, f1: 8.18
Aug 0 ,edges 4676 ,x 3327
epoch: 214, val_loss:3.679259, acc: 11.20, bacc: 19.63, tmp_test_f1: 3.99, f1: 8.18
Aug 0 ,edges 4676 ,x 3327
epoch: 215, val_loss:3.679329, acc: 11.20, bacc: 19.63, tmp_test_f1: 3.99, f1: 8.18
Aug 0 ,edges 4676 ,x 3327
epoch: 216, val_loss:3.679395, acc: 11.20, bacc: 19.63, tmp_test_f1: 3.99, f1: 8.18
Aug 0 ,edges 4676 ,x 3327
epoch: 217, val_loss:3.679463, acc: 11.20, bacc: 19.63, tmp_test_f1: 3.99, f1: 8.18
Aug 0 ,edges 4676 ,x 3327
epoch: 218, val_loss:3.679532, acc: 11.20, bacc: 19.63, tmp_test_f1: 3.99, f1: 8.18
Aug 0 ,edges 4676 ,x 3327
epoch: 219, val_loss:3.679604, acc: 11.20, bacc: 19.63, tmp_test_f1: 3.99, f1: 8.18
Aug 0 ,edges 4676 ,x 3327
epoch: 220, val_loss:3.679676, acc: 11.20, bacc: 19.63, tmp_test_f1: 3.99, f1: 8.18
Aug 0 ,edges 4676 ,x 3327
epoch: 221, val_loss:3.679749, acc: 11.20, bacc: 19.63, tmp_test_f1: 3.99, f1: 8.18
Aug 0 ,edges 4676 ,x 3327
epoch: 222, val_loss:3.679821, acc: 11.20, bacc: 19.63, tmp_test_f1: 3.99, f1: 8.18
Aug 0 ,edges 4676 ,x 3327
epoch: 223, val_loss:3.679892, acc: 11.20, bacc: 19.63, tmp_test_f1: 3.99, f1: 8.18
Aug 0 ,edges 4676 ,x 3327
epoch: 224, val_loss:3.679965, acc: 11.20, bacc: 19.63, tmp_test_f1: 3.99, f1: 8.18
Aug 0 ,edges 4676 ,x 3327
epoch: 225, val_loss:3.680038, acc: 11.20, bacc: 19.63, tmp_test_f1: 3.99, f1: 8.18
Aug 0 ,edges 4676 ,x 3327
epoch: 226, val_loss:3.680111, acc: 11.20, bacc: 19.63, tmp_test_f1: 3.99, f1: 8.18
Aug 0 ,edges 4676 ,x 3327
epoch: 227, val_loss:3.680183, acc: 11.20, bacc: 19.63, tmp_test_f1: 3.99, f1: 8.18
Aug 0 ,edges 4676 ,x 3327
epoch: 228, val_loss:3.680255, acc: 11.20, bacc: 19.63, tmp_test_f1: 3.99, f1: 8.18
Aug 0 ,edges 4676 ,x 3327
epoch: 229, val_loss:3.680325, acc: 11.20, bacc: 19.63, tmp_test_f1: 3.99, f1: 8.18
Aug 0 ,edges 4676 ,x 3327
epoch: 230, val_loss:3.680395, acc: 11.20, bacc: 19.63, tmp_test_f1: 3.99, f1: 8.18
Aug 0 ,edges 4676 ,x 3327
epoch: 231, val_loss:3.680464, acc: 11.20, bacc: 19.63, tmp_test_f1: 3.99, f1: 8.18
Aug 0 ,edges 4676 ,x 3327
epoch: 232, val_loss:3.680534, acc: 11.20, bacc: 19.63, tmp_test_f1: 3.99, f1: 8.18
Aug 0 ,edges 4676 ,x 3327
epoch: 233, val_loss:3.680604, acc: 11.20, bacc: 19.63, tmp_test_f1: 3.99, f1: 8.18
Aug 0 ,edges 4676 ,x 3327
epoch: 234, val_loss:3.680674, acc: 11.20, bacc: 19.63, tmp_test_f1: 3.99, f1: 8.18
Aug 0 ,edges 4676 ,x 3327
epoch: 235, val_loss:3.680743, acc: 11.20, bacc: 19.63, tmp_test_f1: 3.99, f1: 8.18
Aug 0 ,edges 4676 ,x 3327
epoch: 236, val_loss:3.680812, acc: 11.20, bacc: 19.63, tmp_test_f1: 3.99, f1: 8.18
Aug 0 ,edges 4676 ,x 3327
epoch: 237, val_loss:3.680882, acc: 11.20, bacc: 19.63, tmp_test_f1: 3.99, f1: 8.18
Aug 0 ,edges 4676 ,x 3327
epoch: 238, val_loss:3.680952, acc: 11.20, bacc: 19.63, tmp_test_f1: 3.99, f1: 8.18
Aug 0 ,edges 4676 ,x 3327
epoch: 239, val_loss:3.681022, acc: 11.20, bacc: 19.63, tmp_test_f1: 3.99, f1: 8.18
Aug 0 ,edges 4676 ,x 3327
epoch: 240, val_loss:3.681093, acc: 11.20, bacc: 19.63, tmp_test_f1: 3.99, f1: 8.18
Aug 0 ,edges 4676 ,x 3327
epoch: 241, val_loss:3.681164, acc: 11.20, bacc: 19.63, tmp_test_f1: 3.99, f1: 8.18
Aug 0 ,edges 4676 ,x 3327
epoch: 242, val_loss:3.681235, acc: 11.20, bacc: 19.63, tmp_test_f1: 3.99, f1: 8.18
Aug 0 ,edges 4676 ,x 3327
epoch: 243, val_loss:3.681304, acc: 11.20, bacc: 19.63, tmp_test_f1: 3.99, f1: 8.18
Aug 0 ,edges 4676 ,x 3327
epoch: 244, val_loss:3.681373, acc: 11.20, bacc: 19.63, tmp_test_f1: 3.99, f1: 8.18
Aug 0 ,edges 4676 ,x 3327
epoch: 245, val_loss:3.681442, acc: 11.20, bacc: 19.63, tmp_test_f1: 3.99, f1: 8.18
Aug 0 ,edges 4676 ,x 3327
epoch: 246, val_loss:3.681511, acc: 11.20, bacc: 19.63, tmp_test_f1: 3.99, f1: 8.18
Aug 0 ,edges 4676 ,x 3327
epoch: 247, val_loss:3.681581, acc: 11.20, bacc: 19.63, tmp_test_f1: 3.99, f1: 8.18
Aug 0 ,edges 4676 ,x 3327
epoch: 248, val_loss:3.681652, acc: 11.20, bacc: 19.63, tmp_test_f1: 3.99, f1: 8.18
Aug 0 ,edges 4676 ,x 3327
epoch: 249, val_loss:3.681720, acc: 11.20, bacc: 19.63, tmp_test_f1: 3.99, f1: 8.18
Aug 0 ,edges 4676 ,x 3327
epoch: 250, val_loss:3.681787, acc: 11.20, bacc: 19.63, tmp_test_f1: 3.99, f1: 8.18
Aug 0 ,edges 4676 ,x 3327
epoch: 251, val_loss:3.681854, acc: 11.20, bacc: 19.63, tmp_test_f1: 3.99, f1: 8.18
Aug 0 ,edges 4676 ,x 3327
epoch: 252, val_loss:3.681921, acc: 11.20, bacc: 19.63, tmp_test_f1: 3.99, f1: 8.18
Aug 0 ,edges 4676 ,x 3327
epoch: 253, val_loss:3.681990, acc: 11.20, bacc: 19.63, tmp_test_f1: 3.99, f1: 8.18
Aug 0 ,edges 4676 ,x 3327
epoch: 254, val_loss:3.682059, acc: 11.20, bacc: 19.63, tmp_test_f1: 3.99, f1: 8.18
Aug 0 ,edges 4676 ,x 3327
epoch: 255, val_loss:3.682126, acc: 11.20, bacc: 19.63, tmp_test_f1: 3.99, f1: 8.18
Aug 0 ,edges 4676 ,x 3327
epoch: 256, val_loss:3.682192, acc: 11.20, bacc: 19.63, tmp_test_f1: 3.99, f1: 8.18
Aug 0 ,edges 4676 ,x 3327
epoch: 257, val_loss:3.682258, acc: 11.20, bacc: 19.63, tmp_test_f1: 3.99, f1: 8.18
Aug 0 ,edges 4676 ,x 3327
epoch: 258, val_loss:3.682325, acc: 11.20, bacc: 19.63, tmp_test_f1: 3.99, f1: 8.18
Aug 0 ,edges 4676 ,x 3327
epoch: 259, val_loss:3.682393, acc: 11.20, bacc: 19.63, tmp_test_f1: 3.99, f1: 8.18
Aug 0 ,edges 4676 ,x 3327
epoch: 260, val_loss:3.682462, acc: 11.20, bacc: 19.63, tmp_test_f1: 3.99, f1: 8.18
Aug 0 ,edges 4676 ,x 3327
epoch: 261, val_loss:3.682528, acc: 11.20, bacc: 19.63, tmp_test_f1: 3.99, f1: 8.18
Aug 0 ,edges 4676 ,x 3327
epoch: 262, val_loss:3.682594, acc: 11.20, bacc: 19.63, tmp_test_f1: 3.99, f1: 8.18
Aug 0 ,edges 4676 ,x 3327
epoch: 263, val_loss:3.682659, acc: 11.20, bacc: 19.63, tmp_test_f1: 3.99, f1: 8.18
Aug 0 ,edges 4676 ,x 3327
epoch: 264, val_loss:3.682724, acc: 11.20, bacc: 19.63, tmp_test_f1: 3.99, f1: 8.18
Aug 0 ,edges 4676 ,x 3327
epoch: 265, val_loss:3.682790, acc: 11.20, bacc: 19.63, tmp_test_f1: 3.99, f1: 8.18
Aug 0 ,edges 4676 ,x 3327
epoch: 266, val_loss:3.682855, acc: 11.20, bacc: 19.63, tmp_test_f1: 3.99, f1: 8.18
Aug 0 ,edges 4676 ,x 3327
epoch: 267, val_loss:3.682922, acc: 11.20, bacc: 19.63, tmp_test_f1: 3.99, f1: 8.18
Aug 0 ,edges 4676 ,x 3327
epoch: 268, val_loss:3.682989, acc: 11.20, bacc: 19.63, tmp_test_f1: 3.99, f1: 8.18
Aug 0 ,edges 4676 ,x 3327
epoch: 269, val_loss:3.683053, acc: 11.20, bacc: 19.63, tmp_test_f1: 3.99, f1: 8.18
Aug 0 ,edges 4676 ,x 3327
epoch: 270, val_loss:3.683116, acc: 11.20, bacc: 19.63, tmp_test_f1: 3.99, f1: 8.18
Aug 0 ,edges 4676 ,x 3327
epoch: 271, val_loss:3.683180, acc: 11.20, bacc: 19.63, tmp_test_f1: 3.99, f1: 8.18
Aug 0 ,edges 4676 ,x 3327
epoch: 272, val_loss:3.683244, acc: 11.20, bacc: 19.63, tmp_test_f1: 3.99, f1: 8.18
Aug 0 ,edges 4676 ,x 3327
epoch: 273, val_loss:3.683308, acc: 11.20, bacc: 19.63, tmp_test_f1: 3.99, f1: 8.18
Aug 0 ,edges 4676 ,x 3327
epoch: 274, val_loss:3.683373, acc: 11.20, bacc: 19.63, tmp_test_f1: 3.99, f1: 8.18
Aug 0 ,edges 4676 ,x 3327
epoch: 275, val_loss:3.683439, acc: 11.20, bacc: 19.63, tmp_test_f1: 3.99, f1: 8.18
Aug 0 ,edges 4676 ,x 3327
epoch: 276, val_loss:3.683502, acc: 11.20, bacc: 19.63, tmp_test_f1: 3.99, f1: 8.18
Aug 0 ,edges 4676 ,x 3327
epoch: 277, val_loss:3.683564, acc: 11.20, bacc: 19.63, tmp_test_f1: 3.99, f1: 8.18
Aug 0 ,edges 4676 ,x 3327
epoch: 278, val_loss:3.683626, acc: 11.20, bacc: 19.63, tmp_test_f1: 3.99, f1: 8.18
Aug 0 ,edges 4676 ,x 3327
epoch: 279, val_loss:3.683690, acc: 11.20, bacc: 19.63, tmp_test_f1: 3.99, f1: 8.18
Aug 0 ,edges 4676 ,x 3327
epoch: 280, val_loss:3.683755, acc: 11.20, bacc: 19.63, tmp_test_f1: 3.99, f1: 8.18
Aug 0 ,edges 4676 ,x 3327
epoch: 281, val_loss:3.683818, acc: 11.20, bacc: 19.63, tmp_test_f1: 3.99, f1: 8.18
Aug 0 ,edges 4676 ,x 3327
epoch: 282, val_loss:3.683879, acc: 11.20, bacc: 19.63, tmp_test_f1: 3.99, f1: 8.18
Aug 0 ,edges 4676 ,x 3327
epoch: 283, val_loss:3.683939, acc: 11.20, bacc: 19.63, tmp_test_f1: 3.99, f1: 8.18
Aug 0 ,edges 4676 ,x 3327
epoch: 284, val_loss:3.684001, acc: 11.20, bacc: 19.63, tmp_test_f1: 3.99, f1: 8.18
Aug 0 ,edges 4676 ,x 3327
epoch: 285, val_loss:3.684065, acc: 11.20, bacc: 19.63, tmp_test_f1: 3.99, f1: 8.18
Aug 0 ,edges 4676 ,x 3327
epoch: 286, val_loss:3.684130, acc: 11.20, bacc: 19.63, tmp_test_f1: 3.99, f1: 8.18
Aug 0 ,edges 4676 ,x 3327
epoch: 287, val_loss:3.684192, acc: 11.20, bacc: 19.63, tmp_test_f1: 3.99, f1: 8.18
Aug 0 ,edges 4676 ,x 3327
epoch: 288, val_loss:3.684252, acc: 11.20, bacc: 19.63, tmp_test_f1: 3.99, f1: 8.18
Aug 0 ,edges 4676 ,x 3327
epoch: 289, val_loss:3.684311, acc: 11.20, bacc: 19.63, tmp_test_f1: 3.99, f1: 8.18
Aug 0 ,edges 4676 ,x 3327
epoch: 290, val_loss:3.684372, acc: 11.20, bacc: 19.63, tmp_test_f1: 3.99, f1: 8.18
Aug 0 ,edges 4676 ,x 3327
epoch: 291, val_loss:3.684433, acc: 11.20, bacc: 19.63, tmp_test_f1: 3.99, f1: 8.18
Aug 0 ,edges 4676 ,x 3327
epoch: 292, val_loss:3.684494, acc: 11.20, bacc: 19.63, tmp_test_f1: 3.99, f1: 8.18
Aug 0 ,edges 4676 ,x 3327
epoch: 293, val_loss:3.684553, acc: 11.20, bacc: 19.63, tmp_test_f1: 3.99, f1: 8.18
Aug 0 ,edges 4676 ,x 3327
epoch: 294, val_loss:3.684613, acc: 11.20, bacc: 19.63, tmp_test_f1: 3.99, f1: 8.18
Aug 0 ,edges 4676 ,x 3327
epoch: 295, val_loss:3.684673, acc: 11.20, bacc: 19.63, tmp_test_f1: 3.99, f1: 8.18
Aug 0 ,edges 4676 ,x 3327
epoch: 296, val_loss:3.684734, acc: 11.20, bacc: 19.63, tmp_test_f1: 3.99, f1: 8.18
Aug 0 ,edges 4676 ,x 3327
epoch: 297, val_loss:3.684794, acc: 11.20, bacc: 19.63, tmp_test_f1: 3.99, f1: 8.18
Aug 0 ,edges 4676 ,x 3327
epoch: 298, val_loss:3.684854, acc: 11.20, bacc: 19.63, tmp_test_f1: 3.99, f1: 8.18
Aug 0 ,edges 4676 ,x 3327
epoch: 299, val_loss:3.684912, acc: 11.20, bacc: 19.63, tmp_test_f1: 3.99, f1: 8.18
Aug 0 ,edges 4676 ,x 3327
epoch: 300, val_loss:3.684971, acc: 11.20, bacc: 19.63, tmp_test_f1: 3.99, f1: 8.18
Aug 0 ,edges 4676 ,x 3327
epoch: 301, val_loss:3.685030, acc: 11.20, bacc: 19.63, tmp_test_f1: 3.99, f1: 8.18
Aug 0 ,edges 4676 ,x 3327
epoch: 302, val_loss:3.685090, acc: 11.20, bacc: 19.63, tmp_test_f1: 3.99, f1: 8.18
Aug 0 ,edges 4676 ,x 3327
epoch: 303, val_loss:3.685148, acc: 11.20, bacc: 19.63, tmp_test_f1: 3.99, f1: 8.18
Aug 0 ,edges 4676 ,x 3327
epoch: 304, val_loss:3.685205, acc: 11.20, bacc: 19.63, tmp_test_f1: 3.99, f1: 8.18
Aug 0 ,edges 4676 ,x 3327
epoch: 305, val_loss:3.685262, acc: 11.20, bacc: 19.63, tmp_test_f1: 3.99, f1: 8.18
Aug 0 ,edges 4676 ,x 3327
epoch: 306, val_loss:3.685321, acc: 11.20, bacc: 19.63, tmp_test_f1: 3.99, f1: 8.18
Aug 0 ,edges 4676 ,x 3327
epoch: 307, val_loss:3.685380, acc: 11.20, bacc: 19.63, tmp_test_f1: 3.99, f1: 8.18
Aug 0 ,edges 4676 ,x 3327
epoch: 308, val_loss:3.685438, acc: 11.20, bacc: 19.63, tmp_test_f1: 3.99, f1: 8.18
Aug 0 ,edges 4676 ,x 3327
epoch: 309, val_loss:3.685494, acc: 11.20, bacc: 19.63, tmp_test_f1: 3.99, f1: 8.18
Aug 0 ,edges 4676 ,x 3327
epoch: 310, val_loss:3.685550, acc: 11.20, bacc: 19.63, tmp_test_f1: 3.99, f1: 8.18
Aug 0 ,edges 4676 ,x 3327
epoch: 311, val_loss:3.685606, acc: 11.20, bacc: 19.63, tmp_test_f1: 3.99, f1: 8.18
Aug 0 ,edges 4676 ,x 3327
epoch: 312, val_loss:3.685662, acc: 11.20, bacc: 19.63, tmp_test_f1: 3.99, f1: 8.18
Aug 0 ,edges 4676 ,x 3327
epoch: 313, val_loss:3.685719, acc: 11.20, bacc: 19.63, tmp_test_f1: 3.99, f1: 8.18
Aug 0 ,edges 4676 ,x 3327
epoch: 314, val_loss:3.685774, acc: 11.20, bacc: 19.63, tmp_test_f1: 3.99, f1: 8.18
Aug 0 ,edges 4676 ,x 3327
epoch: 315, val_loss:3.685831, acc: 11.20, bacc: 19.63, tmp_test_f1: 3.99, f1: 8.18
Aug 0 ,edges 4676 ,x 3327
epoch: 316, val_loss:3.685887, acc: 11.20, bacc: 19.63, tmp_test_f1: 3.99, f1: 8.18
Aug 0 ,edges 4676 ,x 3327
epoch: 317, val_loss:3.685943, acc: 11.20, bacc: 19.63, tmp_test_f1: 3.99, f1: 8.18
Aug 0 ,edges 4676 ,x 3327
epoch: 318, val_loss:3.685998, acc: 11.20, bacc: 19.63, tmp_test_f1: 3.99, f1: 8.18
Aug 0 ,edges 4676 ,x 3327
epoch: 319, val_loss:3.686051, acc: 11.20, bacc: 19.63, tmp_test_f1: 3.99, f1: 8.18
Aug 0 ,edges 4676 ,x 3327
epoch: 320, val_loss:3.686105, acc: 11.20, bacc: 19.63, tmp_test_f1: 3.99, f1: 8.18
Aug 0 ,edges 4676 ,x 3327
epoch: 321, val_loss:3.686161, acc: 11.20, bacc: 19.63, tmp_test_f1: 3.99, f1: 8.18
Aug 0 ,edges 4676 ,x 3327
epoch: 322, val_loss:3.686217, acc: 11.20, bacc: 19.63, tmp_test_f1: 3.99, f1: 8.18
Aug 0 ,edges 4676 ,x 3327
epoch: 323, val_loss:3.686271, acc: 11.20, bacc: 19.63, tmp_test_f1: 3.99, f1: 8.18
Aug 0 ,edges 4676 ,x 3327
epoch: 324, val_loss:3.686325, acc: 11.20, bacc: 19.63, tmp_test_f1: 3.99, f1: 8.18
Aug 0 ,edges 4676 ,x 3327
epoch: 325, val_loss:3.686378, acc: 11.20, bacc: 19.63, tmp_test_f1: 3.99, f1: 8.18
Aug 0 ,edges 4676 ,x 3327
epoch: 326, val_loss:3.686431, acc: 11.20, bacc: 19.63, tmp_test_f1: 3.99, f1: 8.18
Aug 0 ,edges 4676 ,x 3327
epoch: 327, val_loss:3.686485, acc: 11.20, bacc: 19.63, tmp_test_f1: 3.99, f1: 8.18
Aug 0 ,edges 4676 ,x 3327
epoch: 328, val_loss:3.686538, acc: 11.20, bacc: 19.63, tmp_test_f1: 3.99, f1: 8.18
Aug 0 ,edges 4676 ,x 3327
epoch: 329, val_loss:3.686592, acc: 11.20, bacc: 19.63, tmp_test_f1: 3.99, f1: 8.18
Aug 0 ,edges 4676 ,x 3327
epoch: 330, val_loss:3.686645, acc: 11.20, bacc: 19.63, tmp_test_f1: 3.99, f1: 8.18
Aug 0 ,edges 4676 ,x 3327
epoch: 331, val_loss:3.686697, acc: 11.20, bacc: 19.63, tmp_test_f1: 3.99, f1: 8.18
Aug 0 ,edges 4676 ,x 3327
epoch: 332, val_loss:3.686748, acc: 11.20, bacc: 19.63, tmp_test_f1: 3.99, f1: 8.18
Aug 0 ,edges 4676 ,x 3327
epoch: 333, val_loss:3.686799, acc: 11.20, bacc: 19.63, tmp_test_f1: 3.99, f1: 8.18
Aug 0 ,edges 4676 ,x 3327
epoch: 334, val_loss:3.686852, acc: 11.20, bacc: 19.63, tmp_test_f1: 3.99, f1: 8.18
Aug 0 ,edges 4676 ,x 3327
epoch: 335, val_loss:3.686905, acc: 11.20, bacc: 19.63, tmp_test_f1: 3.99, f1: 8.18
Aug 0 ,edges 4676 ,x 3327
epoch: 336, val_loss:3.686958, acc: 11.20, bacc: 19.63, tmp_test_f1: 3.99, f1: 8.18
Aug 0 ,edges 4676 ,x 3327
epoch: 337, val_loss:3.687008, acc: 11.20, bacc: 19.63, tmp_test_f1: 3.99, f1: 8.18
Aug 0 ,edges 4676 ,x 3327
epoch: 338, val_loss:3.687057, acc: 11.20, bacc: 19.63, tmp_test_f1: 3.99, f1: 8.18
Aug 0 ,edges 4676 ,x 3327
epoch: 339, val_loss:3.687109, acc: 11.20, bacc: 19.63, tmp_test_f1: 3.99, f1: 8.18
Aug 0 ,edges 4676 ,x 3327
epoch: 340, val_loss:3.687160, acc: 11.20, bacc: 19.63, tmp_test_f1: 3.99, f1: 8.18
Aug 0 ,edges 4676 ,x 3327
epoch: 341, val_loss:3.687212, acc: 11.20, bacc: 19.63, tmp_test_f1: 3.99, f1: 8.18
Aug 0 ,edges 4676 ,x 3327
epoch: 342, val_loss:3.687263, acc: 11.20, bacc: 19.63, tmp_test_f1: 3.99, f1: 8.18
Aug 0 ,edges 4676 ,x 3327
epoch: 343, val_loss:3.687311, acc: 11.20, bacc: 19.63, tmp_test_f1: 3.99, f1: 8.18
Aug 0 ,edges 4676 ,x 3327
epoch: 344, val_loss:3.687359, acc: 11.20, bacc: 19.63, tmp_test_f1: 3.99, f1: 8.18
Aug 0 ,edges 4676 ,x 3327
epoch: 345, val_loss:3.687409, acc: 11.20, bacc: 19.63, tmp_test_f1: 3.99, f1: 8.18
Aug 0 ,edges 4676 ,x 3327
epoch: 346, val_loss:3.687460, acc: 11.20, bacc: 19.63, tmp_test_f1: 3.99, f1: 8.18
Aug 0 ,edges 4676 ,x 3327
epoch: 347, val_loss:3.687510, acc: 11.20, bacc: 19.63, tmp_test_f1: 3.99, f1: 8.18
Aug 0 ,edges 4676 ,x 3327
epoch: 348, val_loss:3.687558, acc: 11.20, bacc: 19.63, tmp_test_f1: 3.99, f1: 8.18
Aug 0 ,edges 4676 ,x 3327
epoch: 349, val_loss:3.687605, acc: 11.20, bacc: 19.63, tmp_test_f1: 3.99, f1: 8.18
Aug 0 ,edges 4676 ,x 3327
epoch: 350, val_loss:3.687653, acc: 11.20, bacc: 19.63, tmp_test_f1: 3.99, f1: 8.18
Aug 0 ,edges 4676 ,x 3327
epoch: 351, val_loss:3.687702, acc: 11.20, bacc: 19.63, tmp_test_f1: 3.99, f1: 8.18
Aug 0 ,edges 4676 ,x 3327
epoch: 352, val_loss:3.687751, acc: 11.20, bacc: 19.63, tmp_test_f1: 3.99, f1: 8.18
Aug 0 ,edges 4676 ,x 3327
epoch: 353, val_loss:3.687800, acc: 11.20, bacc: 19.63, tmp_test_f1: 3.99, f1: 8.18
Aug 0 ,edges 4676 ,x 3327
epoch: 354, val_loss:3.687847, acc: 11.20, bacc: 19.63, tmp_test_f1: 3.99, f1: 8.18
Aug 0 ,edges 4676 ,x 3327
epoch: 355, val_loss:3.687893, acc: 11.20, bacc: 19.63, tmp_test_f1: 3.99, f1: 8.18
Aug 0 ,edges 4676 ,x 3327
epoch: 356, val_loss:3.687940, acc: 11.20, bacc: 19.63, tmp_test_f1: 3.99, f1: 8.18
Aug 0 ,edges 4676 ,x 3327
epoch: 357, val_loss:3.687988, acc: 11.20, bacc: 19.63, tmp_test_f1: 3.99, f1: 8.18
Aug 0 ,edges 4676 ,x 3327
epoch: 358, val_loss:3.688035, acc: 11.20, bacc: 19.63, tmp_test_f1: 3.99, f1: 8.18
Aug 0 ,edges 4676 ,x 3327
epoch: 359, val_loss:3.688082, acc: 11.20, bacc: 19.63, tmp_test_f1: 3.99, f1: 8.18
Aug 0 ,edges 4676 ,x 3327
epoch: 360, val_loss:3.688128, acc: 11.20, bacc: 19.63, tmp_test_f1: 3.99, f1: 8.18
Aug 0 ,edges 4676 ,x 3327
epoch: 361, val_loss:3.688174, acc: 11.20, bacc: 19.63, tmp_test_f1: 3.99, f1: 8.18
Aug 0 ,edges 4676 ,x 3327
epoch: 362, val_loss:3.688221, acc: 11.20, bacc: 19.63, tmp_test_f1: 3.99, f1: 8.18
Aug 0 ,edges 4676 ,x 3327
epoch: 363, val_loss:3.688267, acc: 11.20, bacc: 19.63, tmp_test_f1: 3.99, f1: 8.18
Aug 0 ,edges 4676 ,x 3327
epoch: 364, val_loss:3.688312, acc: 11.20, bacc: 19.63, tmp_test_f1: 3.99, f1: 8.18
Aug 0 ,edges 4676 ,x 3327
epoch: 365, val_loss:3.688356, acc: 11.20, bacc: 19.63, tmp_test_f1: 3.99, f1: 8.18
Aug 0 ,edges 4676 ,x 3327
epoch: 366, val_loss:3.688401, acc: 11.20, bacc: 19.63, tmp_test_f1: 3.99, f1: 8.18
Aug 0 ,edges 4676 ,x 3327
epoch: 367, val_loss:3.688447, acc: 11.20, bacc: 19.63, tmp_test_f1: 3.99, f1: 8.18
Aug 0 ,edges 4676 ,x 3327
epoch: 368, val_loss:3.688494, acc: 11.20, bacc: 19.63, tmp_test_f1: 3.99, f1: 8.18
Aug 0 ,edges 4676 ,x 3327
epoch: 369, val_loss:3.688538, acc: 11.20, bacc: 19.63, tmp_test_f1: 3.99, f1: 8.18
Aug 0 ,edges 4676 ,x 3327
epoch: 370, val_loss:3.688581, acc: 11.20, bacc: 19.63, tmp_test_f1: 3.99, f1: 8.18
Aug 0 ,edges 4676 ,x 3327
epoch: 371, val_loss:3.688624, acc: 11.20, bacc: 19.63, tmp_test_f1: 3.99, f1: 8.18
Aug 0 ,edges 4676 ,x 3327
epoch: 372, val_loss:3.688669, acc: 11.20, bacc: 19.63, tmp_test_f1: 3.99, f1: 8.18
Aug 0 ,edges 4676 ,x 3327
epoch: 373, val_loss:3.688715, acc: 11.20, bacc: 19.63, tmp_test_f1: 3.99, f1: 8.18
Aug 0 ,edges 4676 ,x 3327
epoch: 374, val_loss:3.688758, acc: 11.20, bacc: 19.63, tmp_test_f1: 3.99, f1: 8.18
Aug 0 ,edges 4676 ,x 3327
epoch: 375, val_loss:3.688800, acc: 11.20, bacc: 19.63, tmp_test_f1: 3.99, f1: 8.18
Aug 0 ,edges 4676 ,x 3327
epoch: 376, val_loss:3.688842, acc: 11.20, bacc: 19.63, tmp_test_f1: 3.99, f1: 8.18
Aug 0 ,edges 4676 ,x 3327
epoch: 377, val_loss:3.688884, acc: 11.20, bacc: 19.63, tmp_test_f1: 3.99, f1: 8.18
Aug 0 ,edges 4676 ,x 3327
epoch: 378, val_loss:3.688928, acc: 11.20, bacc: 19.63, tmp_test_f1: 3.99, f1: 8.18
Aug 0 ,edges 4676 ,x 3327
epoch: 379, val_loss:3.688972, acc: 11.20, bacc: 19.63, tmp_test_f1: 3.99, f1: 8.18
Aug 0 ,edges 4676 ,x 3327
epoch: 380, val_loss:3.689014, acc: 11.20, bacc: 19.63, tmp_test_f1: 3.99, f1: 8.18
Aug 0 ,edges 4676 ,x 3327
epoch: 381, val_loss:3.689054, acc: 11.20, bacc: 19.63, tmp_test_f1: 3.99, f1: 8.18
Aug 0 ,edges 4676 ,x 3327
epoch: 382, val_loss:3.689095, acc: 11.20, bacc: 19.63, tmp_test_f1: 3.99, f1: 8.18
Aug 0 ,edges 4676 ,x 3327
epoch: 383, val_loss:3.689138, acc: 11.20, bacc: 19.63, tmp_test_f1: 3.99, f1: 8.18
Aug 0 ,edges 4676 ,x 3327
epoch: 384, val_loss:3.689181, acc: 11.20, bacc: 19.63, tmp_test_f1: 3.99, f1: 8.18
Aug 0 ,edges 4676 ,x 3327
epoch: 385, val_loss:3.689223, acc: 11.20, bacc: 19.63, tmp_test_f1: 3.99, f1: 8.18
Aug 0 ,edges 4676 ,x 3327
epoch: 386, val_loss:3.689264, acc: 11.20, bacc: 19.63, tmp_test_f1: 3.99, f1: 8.18
Aug 0 ,edges 4676 ,x 3327
epoch: 387, val_loss:3.689304, acc: 11.20, bacc: 19.63, tmp_test_f1: 3.99, f1: 8.18
Aug 0 ,edges 4676 ,x 3327
epoch: 388, val_loss:3.689344, acc: 11.20, bacc: 19.63, tmp_test_f1: 3.99, f1: 8.18
Aug 0 ,edges 4676 ,x 3327
epoch: 389, val_loss:3.689385, acc: 11.20, bacc: 19.63, tmp_test_f1: 3.99, f1: 8.18
Aug 0 ,edges 4676 ,x 3327
epoch: 390, val_loss:3.689425, acc: 11.20, bacc: 19.63, tmp_test_f1: 3.99, f1: 8.18
Aug 0 ,edges 4676 ,x 3327
epoch: 391, val_loss:3.689466, acc: 11.20, bacc: 19.63, tmp_test_f1: 3.99, f1: 8.18
Aug 0 ,edges 4676 ,x 3327
epoch: 392, val_loss:3.689506, acc: 11.20, bacc: 19.63, tmp_test_f1: 3.99, f1: 8.18
Aug 0 ,edges 4676 ,x 3327
epoch: 393, val_loss:3.689545, acc: 11.20, bacc: 19.63, tmp_test_f1: 3.99, f1: 8.18
Aug 0 ,edges 4676 ,x 3327
epoch: 394, val_loss:3.689585, acc: 11.20, bacc: 19.63, tmp_test_f1: 3.99, f1: 8.18
Aug 0 ,edges 4676 ,x 3327
epoch: 395, val_loss:3.689626, acc: 11.20, bacc: 19.63, tmp_test_f1: 3.99, f1: 8.18
Aug 0 ,edges 4676 ,x 3327
epoch: 396, val_loss:3.689665, acc: 11.20, bacc: 19.63, tmp_test_f1: 3.99, f1: 8.18
Aug 0 ,edges 4676 ,x 3327
epoch: 397, val_loss:3.689703, acc: 11.20, bacc: 19.63, tmp_test_f1: 3.99, f1: 8.18
Aug 0 ,edges 4676 ,x 3327
epoch: 398, val_loss:3.689740, acc: 11.20, bacc: 19.63, tmp_test_f1: 3.99, f1: 8.18
Aug 0 ,edges 4676 ,x 3327
epoch: 399, val_loss:3.689780, acc: 11.20, bacc: 19.63, tmp_test_f1: 3.99, f1: 8.18
Aug 0 ,edges 4676 ,x 3327
epoch: 400, val_loss:3.689819, acc: 11.20, bacc: 19.63, tmp_test_f1: 3.99, f1: 8.18
Aug 0 ,edges 4676 ,x 3327
epoch: 401, val_loss:3.689858, acc: 11.20, bacc: 19.63, tmp_test_f1: 3.99, f1: 8.18
Aug 0 ,edges 4676 ,x 3327
Epoch 00402: reducing learning rate of group 0 to 2.5000e-02.
epoch: 402, val_loss:3.689894, acc: 11.20, bacc: 19.63, tmp_test_f1: 3.99, f1: 8.18
Aug 0 ,edges 4676 ,x 3327
epoch: 403, val_loss:3.689932, acc: 11.20, bacc: 19.63, tmp_test_f1: 3.99, f1: 8.18
Aug 0 ,edges 4676 ,x 3327
epoch: 404, val_loss:3.689952, acc: 11.20, bacc: 19.63, tmp_test_f1: 3.99, f1: 8.18
Aug 0 ,edges 4676 ,x 3327
epoch: 405, val_loss:3.689971, acc: 11.20, bacc: 19.63, tmp_test_f1: 3.99, f1: 8.18
Aug 0 ,edges 4676 ,x 3327
epoch: 406, val_loss:3.689990, acc: 11.20, bacc: 19.63, tmp_test_f1: 3.99, f1: 8.18
Aug 0 ,edges 4676 ,x 3327
epoch: 407, val_loss:3.690009, acc: 11.20, bacc: 19.63, tmp_test_f1: 3.99, f1: 8.18
Aug 0 ,edges 4676 ,x 3327
epoch: 408, val_loss:3.690026, acc: 11.20, bacc: 19.63, tmp_test_f1: 3.99, f1: 8.18
Aug 0 ,edges 4676 ,x 3327
epoch: 409, val_loss:3.690045, acc: 11.20, bacc: 19.63, tmp_test_f1: 3.99, f1: 8.18
Aug 0 ,edges 4676 ,x 3327
epoch: 410, val_loss:3.690063, acc: 11.20, bacc: 19.63, tmp_test_f1: 3.99, f1: 8.18
Aug 0 ,edges 4676 ,x 3327
epoch: 411, val_loss:3.690081, acc: 11.20, bacc: 19.63, tmp_test_f1: 3.99, f1: 8.18
Aug 0 ,edges 4676 ,x 3327
epoch: 412, val_loss:3.690099, acc: 11.20, bacc: 19.63, tmp_test_f1: 3.99, f1: 8.18
Aug 0 ,edges 4676 ,x 3327
epoch: 413, val_loss:3.690117, acc: 11.20, bacc: 19.63, tmp_test_f1: 3.99, f1: 8.18
Aug 0 ,edges 4676 ,x 3327
epoch: 414, val_loss:3.690135, acc: 11.20, bacc: 19.63, tmp_test_f1: 3.99, f1: 8.18
Aug 0 ,edges 4676 ,x 3327
epoch: 415, val_loss:3.690153, acc: 11.20, bacc: 19.63, tmp_test_f1: 3.99, f1: 8.18
Aug 0 ,edges 4676 ,x 3327
epoch: 416, val_loss:3.690171, acc: 11.20, bacc: 19.63, tmp_test_f1: 3.99, f1: 8.18
Aug 0 ,edges 4676 ,x 3327
epoch: 417, val_loss:3.690188, acc: 11.20, bacc: 19.63, tmp_test_f1: 3.99, f1: 8.18
Aug 0 ,edges 4676 ,x 3327
epoch: 418, val_loss:3.690207, acc: 11.20, bacc: 19.63, tmp_test_f1: 3.99, f1: 8.18
Aug 0 ,edges 4676 ,x 3327
epoch: 419, val_loss:3.690225, acc: 11.20, bacc: 19.63, tmp_test_f1: 3.99, f1: 8.18
Aug 0 ,edges 4676 ,x 3327
epoch: 420, val_loss:3.690243, acc: 11.20, bacc: 19.63, tmp_test_f1: 3.99, f1: 8.18
Aug 0 ,edges 4676 ,x 3327
epoch: 421, val_loss:3.690261, acc: 11.20, bacc: 19.63, tmp_test_f1: 3.99, f1: 8.18
Aug 0 ,edges 4676 ,x 3327
epoch: 422, val_loss:3.690278, acc: 11.20, bacc: 19.63, tmp_test_f1: 3.99, f1: 8.18
Aug 0 ,edges 4676 ,x 3327
epoch: 423, val_loss:3.690296, acc: 11.20, bacc: 19.63, tmp_test_f1: 3.99, f1: 8.18
Aug 0 ,edges 4676 ,x 3327
epoch: 424, val_loss:3.690314, acc: 11.20, bacc: 19.63, tmp_test_f1: 3.99, f1: 8.18
Aug 0 ,edges 4676 ,x 3327
epoch: 425, val_loss:3.690331, acc: 11.20, bacc: 19.63, tmp_test_f1: 3.99, f1: 8.18
Aug 0 ,edges 4676 ,x 3327
epoch: 426, val_loss:3.690348, acc: 11.20, bacc: 19.63, tmp_test_f1: 3.99, f1: 8.18
Aug 0 ,edges 4676 ,x 3327
epoch: 427, val_loss:3.690366, acc: 11.20, bacc: 19.63, tmp_test_f1: 3.99, f1: 8.18
Aug 0 ,edges 4676 ,x 3327
epoch: 428, val_loss:3.690385, acc: 11.20, bacc: 19.63, tmp_test_f1: 3.99, f1: 8.18
Aug 0 ,edges 4676 ,x 3327
epoch: 429, val_loss:3.690402, acc: 11.20, bacc: 19.63, tmp_test_f1: 3.99, f1: 8.18
Aug 0 ,edges 4676 ,x 3327
epoch: 430, val_loss:3.690419, acc: 11.20, bacc: 19.63, tmp_test_f1: 3.99, f1: 8.18
Aug 0 ,edges 4676 ,x 3327
epoch: 431, val_loss:3.690435, acc: 11.20, bacc: 19.63, tmp_test_f1: 3.99, f1: 8.18
Aug 0 ,edges 4676 ,x 3327
epoch: 432, val_loss:3.690452, acc: 11.20, bacc: 19.63, tmp_test_f1: 3.99, f1: 8.18
Aug 0 ,edges 4676 ,x 3327
epoch: 433, val_loss:3.690469, acc: 11.20, bacc: 19.63, tmp_test_f1: 3.99, f1: 8.18
Aug 0 ,edges 4676 ,x 3327
epoch: 434, val_loss:3.690487, acc: 11.20, bacc: 19.63, tmp_test_f1: 3.99, f1: 8.18
Aug 0 ,edges 4676 ,x 3327
epoch: 435, val_loss:3.690505, acc: 11.20, bacc: 19.63, tmp_test_f1: 3.99, f1: 8.18
Aug 0 ,edges 4676 ,x 3327
epoch: 436, val_loss:3.690522, acc: 11.20, bacc: 19.63, tmp_test_f1: 3.99, f1: 8.18
Aug 0 ,edges 4676 ,x 3327
epoch: 437, val_loss:3.690539, acc: 11.20, bacc: 19.63, tmp_test_f1: 3.99, f1: 8.18
Aug 0 ,edges 4676 ,x 3327
epoch: 438, val_loss:3.690556, acc: 11.20, bacc: 19.63, tmp_test_f1: 3.99, f1: 8.18
Aug 0 ,edges 4676 ,x 3327
epoch: 439, val_loss:3.690573, acc: 11.20, bacc: 19.63, tmp_test_f1: 3.99, f1: 8.18
Aug 0 ,edges 4676 ,x 3327
epoch: 440, val_loss:3.690591, acc: 11.20, bacc: 19.63, tmp_test_f1: 3.99, f1: 8.18
Aug 0 ,edges 4676 ,x 3327
epoch: 441, val_loss:3.690608, acc: 11.20, bacc: 19.63, tmp_test_f1: 3.99, f1: 8.18
Aug 0 ,edges 4676 ,x 3327
epoch: 442, val_loss:3.690626, acc: 11.20, bacc: 19.63, tmp_test_f1: 3.99, f1: 8.18
Aug 0 ,edges 4676 ,x 3327
epoch: 443, val_loss:3.690642, acc: 11.20, bacc: 19.63, tmp_test_f1: 3.99, f1: 8.18
Aug 0 ,edges 4676 ,x 3327
epoch: 444, val_loss:3.690658, acc: 11.20, bacc: 19.63, tmp_test_f1: 3.99, f1: 8.18
Aug 0 ,edges 4676 ,x 3327
epoch: 445, val_loss:3.690676, acc: 11.20, bacc: 19.63, tmp_test_f1: 3.99, f1: 8.18
Aug 0 ,edges 4676 ,x 3327
epoch: 446, val_loss:3.690692, acc: 11.20, bacc: 19.63, tmp_test_f1: 3.99, f1: 8.18
Aug 0 ,edges 4676 ,x 3327
epoch: 447, val_loss:3.690710, acc: 11.20, bacc: 19.63, tmp_test_f1: 3.99, f1: 8.18
Aug 0 ,edges 4676 ,x 3327
epoch: 448, val_loss:3.690727, acc: 11.20, bacc: 19.63, tmp_test_f1: 3.99, f1: 8.18
Aug 0 ,edges 4676 ,x 3327
epoch: 449, val_loss:3.690744, acc: 11.20, bacc: 19.63, tmp_test_f1: 3.99, f1: 8.18
Aug 0 ,edges 4676 ,x 3327
epoch: 450, val_loss:3.690761, acc: 11.20, bacc: 19.63, tmp_test_f1: 3.99, f1: 8.18
Aug 0 ,edges 4676 ,x 3327
epoch: 451, val_loss:3.690777, acc: 11.20, bacc: 19.63, tmp_test_f1: 3.99, f1: 8.18
Aug 0 ,edges 4676 ,x 3327
epoch: 452, val_loss:3.690793, acc: 11.20, bacc: 19.63, tmp_test_f1: 3.99, f1: 8.18
Aug 0 ,edges 4676 ,x 3327
epoch: 453, val_loss:3.690808, acc: 11.20, bacc: 19.63, tmp_test_f1: 3.99, f1: 8.18
Aug 0 ,edges 4676 ,x 3327
epoch: 454, val_loss:3.690825, acc: 11.20, bacc: 19.63, tmp_test_f1: 3.99, f1: 8.18
Aug 0 ,edges 4676 ,x 3327
epoch: 455, val_loss:3.690843, acc: 11.20, bacc: 19.63, tmp_test_f1: 3.99, f1: 8.18
Aug 0 ,edges 4676 ,x 3327
epoch: 456, val_loss:3.690860, acc: 11.20, bacc: 19.63, tmp_test_f1: 3.99, f1: 8.18
Aug 0 ,edges 4676 ,x 3327
epoch: 457, val_loss:3.690877, acc: 11.20, bacc: 19.63, tmp_test_f1: 3.99, f1: 8.18
Aug 0 ,edges 4676 ,x 3327
epoch: 458, val_loss:3.690895, acc: 11.20, bacc: 19.63, tmp_test_f1: 3.99, f1: 8.18
Aug 0 ,edges 4676 ,x 3327
epoch: 459, val_loss:3.690909, acc: 11.20, bacc: 19.63, tmp_test_f1: 3.99, f1: 8.18
Aug 0 ,edges 4676 ,x 3327
epoch: 460, val_loss:3.690925, acc: 11.20, bacc: 19.63, tmp_test_f1: 3.99, f1: 8.18
Aug 0 ,edges 4676 ,x 3327
epoch: 461, val_loss:3.690941, acc: 11.20, bacc: 19.63, tmp_test_f1: 3.99, f1: 8.18
Aug 0 ,edges 4676 ,x 3327
epoch: 462, val_loss:3.690958, acc: 11.20, bacc: 19.63, tmp_test_f1: 3.99, f1: 8.18
Aug 0 ,edges 4676 ,x 3327
epoch: 463, val_loss:3.690974, acc: 11.20, bacc: 19.63, tmp_test_f1: 3.99, f1: 8.18
Aug 0 ,edges 4676 ,x 3327
epoch: 464, val_loss:3.690991, acc: 11.20, bacc: 19.63, tmp_test_f1: 3.99, f1: 8.18
Aug 0 ,edges 4676 ,x 3327
epoch: 465, val_loss:3.691009, acc: 11.20, bacc: 19.63, tmp_test_f1: 3.99, f1: 8.18
Aug 0 ,edges 4676 ,x 3327
epoch: 466, val_loss:3.691025, acc: 11.20, bacc: 19.63, tmp_test_f1: 3.99, f1: 8.18
Aug 0 ,edges 4676 ,x 3327
epoch: 467, val_loss:3.691041, acc: 11.20, bacc: 19.63, tmp_test_f1: 3.99, f1: 8.18
Aug 0 ,edges 4676 ,x 3327
epoch: 468, val_loss:3.691056, acc: 11.20, bacc: 19.63, tmp_test_f1: 3.99, f1: 8.18
Aug 0 ,edges 4676 ,x 3327
epoch: 469, val_loss:3.691072, acc: 11.20, bacc: 19.63, tmp_test_f1: 3.99, f1: 8.18
Aug 0 ,edges 4676 ,x 3327
epoch: 470, val_loss:3.691087, acc: 11.20, bacc: 19.63, tmp_test_f1: 3.99, f1: 8.18
Aug 0 ,edges 4676 ,x 3327
epoch: 471, val_loss:3.691104, acc: 11.20, bacc: 19.63, tmp_test_f1: 3.99, f1: 8.18
Aug 0 ,edges 4676 ,x 3327
epoch: 472, val_loss:3.691121, acc: 11.20, bacc: 19.63, tmp_test_f1: 3.99, f1: 8.18
Aug 0 ,edges 4676 ,x 3327
epoch: 473, val_loss:3.691138, acc: 11.20, bacc: 19.63, tmp_test_f1: 3.99, f1: 8.18
Aug 0 ,edges 4676 ,x 3327
epoch: 474, val_loss:3.691153, acc: 11.20, bacc: 19.63, tmp_test_f1: 3.99, f1: 8.18
Aug 0 ,edges 4676 ,x 3327
epoch: 475, val_loss:3.691168, acc: 11.20, bacc: 19.63, tmp_test_f1: 3.99, f1: 8.18
Aug 0 ,edges 4676 ,x 3327
epoch: 476, val_loss:3.691183, acc: 11.20, bacc: 19.63, tmp_test_f1: 3.99, f1: 8.18
Aug 0 ,edges 4676 ,x 3327
epoch: 477, val_loss:3.691199, acc: 11.20, bacc: 19.63, tmp_test_f1: 3.99, f1: 8.18
Aug 0 ,edges 4676 ,x 3327
epoch: 478, val_loss:3.691216, acc: 11.20, bacc: 19.63, tmp_test_f1: 3.99, f1: 8.18
Aug 0 ,edges 4676 ,x 3327
epoch: 479, val_loss:3.691233, acc: 11.20, bacc: 19.63, tmp_test_f1: 3.99, f1: 8.18
Aug 0 ,edges 4676 ,x 3327
epoch: 480, val_loss:3.691250, acc: 11.20, bacc: 19.63, tmp_test_f1: 3.99, f1: 8.18
Aug 0 ,edges 4676 ,x 3327
epoch: 481, val_loss:3.691264, acc: 11.20, bacc: 19.63, tmp_test_f1: 3.99, f1: 8.18
Aug 0 ,edges 4676 ,x 3327
epoch: 482, val_loss:3.691278, acc: 11.20, bacc: 19.63, tmp_test_f1: 3.99, f1: 8.18
Aug 0 ,edges 4676 ,x 3327
epoch: 483, val_loss:3.691293, acc: 11.20, bacc: 19.63, tmp_test_f1: 3.99, f1: 8.18
Aug 0 ,edges 4676 ,x 3327
epoch: 484, val_loss:3.691309, acc: 11.20, bacc: 19.63, tmp_test_f1: 3.99, f1: 8.18
Aug 0 ,edges 4676 ,x 3327
epoch: 485, val_loss:3.691326, acc: 11.20, bacc: 19.63, tmp_test_f1: 3.99, f1: 8.18
Aug 0 ,edges 4676 ,x 3327
epoch: 486, val_loss:3.691344, acc: 11.20, bacc: 19.63, tmp_test_f1: 3.99, f1: 8.18
Aug 0 ,edges 4676 ,x 3327
epoch: 487, val_loss:3.691359, acc: 11.20, bacc: 19.63, tmp_test_f1: 3.99, f1: 8.18
Aug 0 ,edges 4676 ,x 3327
epoch: 488, val_loss:3.691374, acc: 11.20, bacc: 19.63, tmp_test_f1: 3.99, f1: 8.18
Aug 0 ,edges 4676 ,x 3327
epoch: 489, val_loss:3.691388, acc: 11.20, bacc: 19.63, tmp_test_f1: 3.99, f1: 8.18
Aug 0 ,edges 4676 ,x 3327
epoch: 490, val_loss:3.691402, acc: 11.20, bacc: 19.63, tmp_test_f1: 3.99, f1: 8.18
Aug 0 ,edges 4676 ,x 3327
epoch: 491, val_loss:3.691417, acc: 11.20, bacc: 19.63, tmp_test_f1: 3.99, f1: 8.18
Aug 0 ,edges 4676 ,x 3327
epoch: 492, val_loss:3.691434, acc: 11.20, bacc: 19.63, tmp_test_f1: 3.99, f1: 8.18
Aug 0 ,edges 4676 ,x 3327
epoch: 493, val_loss:3.691449, acc: 11.20, bacc: 19.63, tmp_test_f1: 3.99, f1: 8.18
Aug 0 ,edges 4676 ,x 3327
epoch: 494, val_loss:3.691465, acc: 11.20, bacc: 19.63, tmp_test_f1: 3.99, f1: 8.18
Aug 0 ,edges 4676 ,x 3327
epoch: 495, val_loss:3.691481, acc: 11.20, bacc: 19.63, tmp_test_f1: 3.99, f1: 8.18
Aug 0 ,edges 4676 ,x 3327
epoch: 496, val_loss:3.691496, acc: 11.20, bacc: 19.63, tmp_test_f1: 3.99, f1: 8.18
Aug 0 ,edges 4676 ,x 3327
epoch: 497, val_loss:3.691510, acc: 11.20, bacc: 19.63, tmp_test_f1: 3.99, f1: 8.18
Aug 0 ,edges 4676 ,x 3327
epoch: 498, val_loss:3.691526, acc: 11.20, bacc: 19.63, tmp_test_f1: 3.99, f1: 8.18
Aug 0 ,edges 4676 ,x 3327
epoch: 499, val_loss:3.691540, acc: 11.20, bacc: 19.63, tmp_test_f1: 3.99, f1: 8.18
Aug 0 ,edges 4676 ,x 3327
epoch: 500, val_loss:3.691556, acc: 11.20, bacc: 19.63, tmp_test_f1: 3.99, f1: 8.18
Aug 0 ,edges 4676 ,x 3327
epoch: 501, val_loss:3.691571, acc: 11.20, bacc: 19.63, tmp_test_f1: 3.99, f1: 8.18
Aug 0 ,edges 4676 ,x 3327
epoch: 502, val_loss:3.691586, acc: 11.20, bacc: 19.63, tmp_test_f1: 3.99, f1: 8.18
Aug 0 ,edges 4676 ,x 3327
epoch: 503, val_loss:3.691600, acc: 11.20, bacc: 19.63, tmp_test_f1: 3.99, f1: 8.18
Aug 0 ,edges 4676 ,x 3327
epoch: 504, val_loss:3.691615, acc: 11.20, bacc: 19.63, tmp_test_f1: 3.99, f1: 8.18
Aug 0 ,edges 4676 ,x 3327
epoch: 505, val_loss:3.691630, acc: 11.20, bacc: 19.63, tmp_test_f1: 3.99, f1: 8.18
Aug 0 ,edges 4676 ,x 3327
epoch: 506, val_loss:3.691646, acc: 11.20, bacc: 19.63, tmp_test_f1: 3.99, f1: 8.18
Aug 0 ,edges 4676 ,x 3327
epoch: 507, val_loss:3.691661, acc: 11.20, bacc: 19.63, tmp_test_f1: 3.99, f1: 8.18
Aug 0 ,edges 4676 ,x 3327
epoch: 508, val_loss:3.691677, acc: 11.20, bacc: 19.63, tmp_test_f1: 3.99, f1: 8.18
Aug 0 ,edges 4676 ,x 3327
epoch: 509, val_loss:3.691691, acc: 11.20, bacc: 19.63, tmp_test_f1: 3.99, f1: 8.18
Aug 0 ,edges 4676 ,x 3327
epoch: 510, val_loss:3.691706, acc: 11.20, bacc: 19.63, tmp_test_f1: 3.99, f1: 8.18
Aug 0 ,edges 4676 ,x 3327
epoch: 511, val_loss:3.691721, acc: 11.20, bacc: 19.63, tmp_test_f1: 3.99, f1: 8.18
Aug 0 ,edges 4676 ,x 3327
epoch: 512, val_loss:3.691735, acc: 11.20, bacc: 19.63, tmp_test_f1: 3.99, f1: 8.18
Aug 0 ,edges 4676 ,x 3327
epoch: 513, val_loss:3.691749, acc: 11.20, bacc: 19.63, tmp_test_f1: 3.99, f1: 8.18
Aug 0 ,edges 4676 ,x 3327
epoch: 514, val_loss:3.691764, acc: 11.20, bacc: 19.63, tmp_test_f1: 3.99, f1: 8.18
Aug 0 ,edges 4676 ,x 3327
epoch: 515, val_loss:3.691778, acc: 11.20, bacc: 19.63, tmp_test_f1: 3.99, f1: 8.18
Aug 0 ,edges 4676 ,x 3327
epoch: 516, val_loss:3.691793, acc: 11.20, bacc: 19.63, tmp_test_f1: 3.99, f1: 8.18
Aug 0 ,edges 4676 ,x 3327
epoch: 517, val_loss:3.691808, acc: 11.20, bacc: 19.63, tmp_test_f1: 3.99, f1: 8.18
Aug 0 ,edges 4676 ,x 3327
epoch: 518, val_loss:3.691823, acc: 11.20, bacc: 19.63, tmp_test_f1: 3.99, f1: 8.18
Aug 0 ,edges 4676 ,x 3327
epoch: 519, val_loss:3.691837, acc: 11.20, bacc: 19.63, tmp_test_f1: 3.99, f1: 8.18
Aug 0 ,edges 4676 ,x 3327
epoch: 520, val_loss:3.691851, acc: 11.20, bacc: 19.63, tmp_test_f1: 3.99, f1: 8.18
Aug 0 ,edges 4676 ,x 3327
epoch: 521, val_loss:3.691865, acc: 11.20, bacc: 19.63, tmp_test_f1: 3.99, f1: 8.18
Aug 0 ,edges 4676 ,x 3327
epoch: 522, val_loss:3.691880, acc: 11.20, bacc: 19.63, tmp_test_f1: 3.99, f1: 8.18
Aug 0 ,edges 4676 ,x 3327
epoch: 523, val_loss:3.691894, acc: 11.20, bacc: 19.63, tmp_test_f1: 3.99, f1: 8.18
Aug 0 ,edges 4676 ,x 3327
epoch: 524, val_loss:3.691908, acc: 11.20, bacc: 19.63, tmp_test_f1: 3.99, f1: 8.18
Aug 0 ,edges 4676 ,x 3327
epoch: 525, val_loss:3.691923, acc: 11.20, bacc: 19.63, tmp_test_f1: 3.99, f1: 8.18
Aug 0 ,edges 4676 ,x 3327
epoch: 526, val_loss:3.691936, acc: 11.20, bacc: 19.63, tmp_test_f1: 3.99, f1: 8.18
Aug 0 ,edges 4676 ,x 3327
epoch: 527, val_loss:3.691950, acc: 11.20, bacc: 19.63, tmp_test_f1: 3.99, f1: 8.18
Aug 0 ,edges 4676 ,x 3327
epoch: 528, val_loss:3.691964, acc: 11.20, bacc: 19.63, tmp_test_f1: 3.99, f1: 8.18
Aug 0 ,edges 4676 ,x 3327
epoch: 529, val_loss:3.691979, acc: 11.20, bacc: 19.63, tmp_test_f1: 3.99, f1: 8.18
Aug 0 ,edges 4676 ,x 3327
epoch: 530, val_loss:3.691994, acc: 11.20, bacc: 19.63, tmp_test_f1: 3.99, f1: 8.18
Aug 0 ,edges 4676 ,x 3327
epoch: 531, val_loss:3.692009, acc: 11.20, bacc: 19.63, tmp_test_f1: 3.99, f1: 8.18
Aug 0 ,edges 4676 ,x 3327
epoch: 532, val_loss:3.692023, acc: 11.20, bacc: 19.63, tmp_test_f1: 3.99, f1: 8.18
Aug 0 ,edges 4676 ,x 3327
epoch: 533, val_loss:3.692036, acc: 11.20, bacc: 19.63, tmp_test_f1: 3.99, f1: 8.18
Aug 0 ,edges 4676 ,x 3327
epoch: 534, val_loss:3.692050, acc: 11.20, bacc: 19.63, tmp_test_f1: 3.99, f1: 8.18
Aug 0 ,edges 4676 ,x 3327
epoch: 535, val_loss:3.692064, acc: 11.20, bacc: 19.63, tmp_test_f1: 3.99, f1: 8.18
Aug 0 ,edges 4676 ,x 3327
epoch: 536, val_loss:3.692078, acc: 11.20, bacc: 19.63, tmp_test_f1: 3.99, f1: 8.18
Aug 0 ,edges 4676 ,x 3327
epoch: 537, val_loss:3.692091, acc: 11.20, bacc: 19.63, tmp_test_f1: 3.99, f1: 8.18
Aug 0 ,edges 4676 ,x 3327
epoch: 538, val_loss:3.692105, acc: 11.20, bacc: 19.63, tmp_test_f1: 3.99, f1: 8.18
Aug 0 ,edges 4676 ,x 3327
epoch: 539, val_loss:3.692119, acc: 11.20, bacc: 19.63, tmp_test_f1: 3.99, f1: 8.18
Aug 0 ,edges 4676 ,x 3327
epoch: 540, val_loss:3.692132, acc: 11.20, bacc: 19.63, tmp_test_f1: 3.99, f1: 8.18
Aug 0 ,edges 4676 ,x 3327
epoch: 541, val_loss:3.692146, acc: 11.20, bacc: 19.63, tmp_test_f1: 3.99, f1: 8.18
Aug 0 ,edges 4676 ,x 3327
epoch: 542, val_loss:3.692160, acc: 11.20, bacc: 19.63, tmp_test_f1: 3.99, f1: 8.18
Aug 0 ,edges 4676 ,x 3327
epoch: 543, val_loss:3.692174, acc: 11.20, bacc: 19.63, tmp_test_f1: 3.99, f1: 8.18
Aug 0 ,edges 4676 ,x 3327
epoch: 544, val_loss:3.692188, acc: 11.20, bacc: 19.63, tmp_test_f1: 3.99, f1: 8.18
Aug 0 ,edges 4676 ,x 3327
epoch: 545, val_loss:3.692202, acc: 11.20, bacc: 19.63, tmp_test_f1: 3.99, f1: 8.18
Aug 0 ,edges 4676 ,x 3327
epoch: 546, val_loss:3.692216, acc: 11.20, bacc: 19.63, tmp_test_f1: 3.99, f1: 8.18
Aug 0 ,edges 4676 ,x 3327
epoch: 547, val_loss:3.692228, acc: 11.20, bacc: 19.63, tmp_test_f1: 3.99, f1: 8.18
Aug 0 ,edges 4676 ,x 3327
epoch: 548, val_loss:3.692240, acc: 11.20, bacc: 19.63, tmp_test_f1: 3.99, f1: 8.18
Aug 0 ,edges 4676 ,x 3327
epoch: 549, val_loss:3.692253, acc: 11.20, bacc: 19.63, tmp_test_f1: 3.99, f1: 8.18
Aug 0 ,edges 4676 ,x 3327
epoch: 550, val_loss:3.692267, acc: 11.20, bacc: 19.63, tmp_test_f1: 3.99, f1: 8.18
Aug 0 ,edges 4676 ,x 3327
epoch: 551, val_loss:3.692281, acc: 11.20, bacc: 19.63, tmp_test_f1: 3.99, f1: 8.18
Aug 0 ,edges 4676 ,x 3327
epoch: 552, val_loss:3.692296, acc: 11.20, bacc: 19.63, tmp_test_f1: 3.99, f1: 8.18
Aug 0 ,edges 4676 ,x 3327
epoch: 553, val_loss:3.692310, acc: 11.20, bacc: 19.63, tmp_test_f1: 3.99, f1: 8.18
Aug 0 ,edges 4676 ,x 3327
epoch: 554, val_loss:3.692323, acc: 11.20, bacc: 19.63, tmp_test_f1: 3.99, f1: 8.18
Aug 0 ,edges 4676 ,x 3327
epoch: 555, val_loss:3.692336, acc: 11.20, bacc: 19.63, tmp_test_f1: 3.99, f1: 8.18
Aug 0 ,edges 4676 ,x 3327
epoch: 556, val_loss:3.692348, acc: 11.20, bacc: 19.63, tmp_test_f1: 3.99, f1: 8.18
Aug 0 ,edges 4676 ,x 3327
epoch: 557, val_loss:3.692361, acc: 11.20, bacc: 19.63, tmp_test_f1: 3.99, f1: 8.18
Aug 0 ,edges 4676 ,x 3327
epoch: 558, val_loss:3.692374, acc: 11.20, bacc: 19.63, tmp_test_f1: 3.99, f1: 8.18
Aug 0 ,edges 4676 ,x 3327
epoch: 559, val_loss:3.692388, acc: 11.20, bacc: 19.63, tmp_test_f1: 3.99, f1: 8.18
Aug 0 ,edges 4676 ,x 3327
epoch: 560, val_loss:3.692400, acc: 11.20, bacc: 19.63, tmp_test_f1: 3.99, f1: 8.18
Aug 0 ,edges 4676 ,x 3327
epoch: 561, val_loss:3.692414, acc: 11.20, bacc: 19.63, tmp_test_f1: 3.99, f1: 8.18
Aug 0 ,edges 4676 ,x 3327
epoch: 562, val_loss:3.692426, acc: 11.20, bacc: 19.63, tmp_test_f1: 3.99, f1: 8.18
Aug 0 ,edges 4676 ,x 3327
epoch: 563, val_loss:3.692438, acc: 11.20, bacc: 19.63, tmp_test_f1: 3.99, f1: 8.18
Aug 0 ,edges 4676 ,x 3327
epoch: 564, val_loss:3.692451, acc: 11.20, bacc: 19.63, tmp_test_f1: 3.99, f1: 8.18
Aug 0 ,edges 4676 ,x 3327
epoch: 565, val_loss:3.692466, acc: 11.20, bacc: 19.63, tmp_test_f1: 3.99, f1: 8.18
Aug 0 ,edges 4676 ,x 3327
epoch: 566, val_loss:3.692480, acc: 11.20, bacc: 19.63, tmp_test_f1: 3.99, f1: 8.18
Aug 0 ,edges 4676 ,x 3327
epoch: 567, val_loss:3.692493, acc: 11.20, bacc: 19.63, tmp_test_f1: 3.99, f1: 8.18
Aug 0 ,edges 4676 ,x 3327
epoch: 568, val_loss:3.692505, acc: 11.20, bacc: 19.63, tmp_test_f1: 3.99, f1: 8.18
Aug 0 ,edges 4676 ,x 3327
epoch: 569, val_loss:3.692516, acc: 11.20, bacc: 19.63, tmp_test_f1: 3.99, f1: 8.18
Aug 0 ,edges 4676 ,x 3327
epoch: 570, val_loss:3.692528, acc: 11.20, bacc: 19.63, tmp_test_f1: 3.99, f1: 8.18
Aug 0 ,edges 4676 ,x 3327
epoch: 571, val_loss:3.692541, acc: 11.20, bacc: 19.63, tmp_test_f1: 3.99, f1: 8.18
Aug 0 ,edges 4676 ,x 3327
epoch: 572, val_loss:3.692554, acc: 11.20, bacc: 19.63, tmp_test_f1: 3.99, f1: 8.18
Aug 0 ,edges 4676 ,x 3327
epoch: 573, val_loss:3.692568, acc: 11.20, bacc: 19.63, tmp_test_f1: 3.99, f1: 8.18
Aug 0 ,edges 4676 ,x 3327
epoch: 574, val_loss:3.692580, acc: 11.20, bacc: 19.63, tmp_test_f1: 3.99, f1: 8.18
Aug 0 ,edges 4676 ,x 3327
epoch: 575, val_loss:3.692593, acc: 11.20, bacc: 19.63, tmp_test_f1: 3.99, f1: 8.18
Aug 0 ,edges 4676 ,x 3327
epoch: 576, val_loss:3.692605, acc: 11.20, bacc: 19.63, tmp_test_f1: 3.99, f1: 8.18
Aug 0 ,edges 4676 ,x 3327
epoch: 577, val_loss:3.692617, acc: 11.20, bacc: 19.63, tmp_test_f1: 3.99, f1: 8.18
Aug 0 ,edges 4676 ,x 3327
epoch: 578, val_loss:3.692631, acc: 11.20, bacc: 19.63, tmp_test_f1: 3.99, f1: 8.18
Aug 0 ,edges 4676 ,x 3327
epoch: 579, val_loss:3.692645, acc: 11.20, bacc: 19.63, tmp_test_f1: 3.99, f1: 8.18
Aug 0 ,edges 4676 ,x 3327
epoch: 580, val_loss:3.692658, acc: 11.20, bacc: 19.63, tmp_test_f1: 3.99, f1: 8.18
Aug 0 ,edges 4676 ,x 3327
epoch: 581, val_loss:3.692670, acc: 11.20, bacc: 19.63, tmp_test_f1: 3.99, f1: 8.18
Aug 0 ,edges 4676 ,x 3327
epoch: 582, val_loss:3.692680, acc: 11.20, bacc: 19.63, tmp_test_f1: 3.99, f1: 8.18
Aug 0 ,edges 4676 ,x 3327
epoch: 583, val_loss:3.692691, acc: 11.20, bacc: 19.63, tmp_test_f1: 3.99, f1: 8.18
Aug 0 ,edges 4676 ,x 3327
epoch: 584, val_loss:3.692704, acc: 11.20, bacc: 19.63, tmp_test_f1: 3.99, f1: 8.18
Aug 0 ,edges 4676 ,x 3327
epoch: 585, val_loss:3.692717, acc: 11.20, bacc: 19.63, tmp_test_f1: 3.99, f1: 8.18
Aug 0 ,edges 4676 ,x 3327
epoch: 586, val_loss:3.692730, acc: 11.20, bacc: 19.63, tmp_test_f1: 3.99, f1: 8.18
Aug 0 ,edges 4676 ,x 3327
epoch: 587, val_loss:3.692743, acc: 11.20, bacc: 19.63, tmp_test_f1: 3.99, f1: 8.18
Aug 0 ,edges 4676 ,x 3327
epoch: 588, val_loss:3.692755, acc: 11.20, bacc: 19.63, tmp_test_f1: 3.99, f1: 8.18
Aug 0 ,edges 4676 ,x 3327
epoch: 589, val_loss:3.692767, acc: 11.20, bacc: 19.63, tmp_test_f1: 3.99, f1: 8.18
Aug 0 ,edges 4676 ,x 3327
epoch: 590, val_loss:3.692778, acc: 11.20, bacc: 19.63, tmp_test_f1: 3.99, f1: 8.18
Aug 0 ,edges 4676 ,x 3327
epoch: 591, val_loss:3.692790, acc: 11.20, bacc: 19.63, tmp_test_f1: 3.99, f1: 8.18
Aug 0 ,edges 4676 ,x 3327
epoch: 592, val_loss:3.692801, acc: 11.20, bacc: 19.63, tmp_test_f1: 3.99, f1: 8.18
Aug 0 ,edges 4676 ,x 3327
epoch: 593, val_loss:3.692814, acc: 11.20, bacc: 19.63, tmp_test_f1: 3.99, f1: 8.18
Aug 0 ,edges 4676 ,x 3327
epoch: 594, val_loss:3.692827, acc: 11.20, bacc: 19.63, tmp_test_f1: 3.99, f1: 8.18
Aug 0 ,edges 4676 ,x 3327
epoch: 595, val_loss:3.692839, acc: 11.20, bacc: 19.63, tmp_test_f1: 3.99, f1: 8.18
Aug 0 ,edges 4676 ,x 3327
epoch: 596, val_loss:3.692850, acc: 11.20, bacc: 19.63, tmp_test_f1: 3.99, f1: 8.18
Aug 0 ,edges 4676 ,x 3327
epoch: 597, val_loss:3.692861, acc: 11.20, bacc: 19.63, tmp_test_f1: 3.99, f1: 8.18
Aug 0 ,edges 4676 ,x 3327
epoch: 598, val_loss:3.692872, acc: 11.20, bacc: 19.63, tmp_test_f1: 3.99, f1: 8.18
Aug 0 ,edges 4676 ,x 3327
epoch: 599, val_loss:3.692884, acc: 11.20, bacc: 19.63, tmp_test_f1: 3.99, f1: 8.18
Aug 0 ,edges 4676 ,x 3327
epoch: 600, val_loss:3.692898, acc: 11.20, bacc: 19.63, tmp_test_f1: 3.99, f1: 8.18
Aug 0 ,edges 4676 ,x 3327
epoch: 601, val_loss:3.692910, acc: 11.20, bacc: 19.63, tmp_test_f1: 3.99, f1: 8.18
Aug 0 ,edges 4676 ,x 3327
epoch: 602, val_loss:3.692922, acc: 11.20, bacc: 19.63, tmp_test_f1: 3.99, f1: 8.18
Aug 0 ,edges 4676 ,x 3327
Epoch 00603: reducing learning rate of group 0 to 1.2500e-02.
epoch: 603, val_loss:3.692932, acc: 11.20, bacc: 19.63, tmp_test_f1: 3.99, f1: 8.18
Aug 0 ,edges 4676 ,x 3327
epoch: 604, val_loss:3.692943, acc: 11.20, bacc: 19.63, tmp_test_f1: 3.99, f1: 8.18
Aug 0 ,edges 4676 ,x 3327
epoch: 605, val_loss:3.692949, acc: 11.20, bacc: 19.63, tmp_test_f1: 3.99, f1: 8.18
Aug 0 ,edges 4676 ,x 3327
epoch: 606, val_loss:3.692955, acc: 11.20, bacc: 19.63, tmp_test_f1: 3.99, f1: 8.18
Aug 0 ,edges 4676 ,x 3327
epoch: 607, val_loss:3.692962, acc: 11.20, bacc: 19.63, tmp_test_f1: 3.99, f1: 8.18
Aug 0 ,edges 4676 ,x 3327
epoch: 608, val_loss:3.692969, acc: 11.20, bacc: 19.63, tmp_test_f1: 3.99, f1: 8.18
Aug 0 ,edges 4676 ,x 3327
epoch: 609, val_loss:3.692975, acc: 11.20, bacc: 19.63, tmp_test_f1: 3.99, f1: 8.18
Aug 0 ,edges 4676 ,x 3327
epoch: 610, val_loss:3.692980, acc: 11.20, bacc: 19.63, tmp_test_f1: 3.99, f1: 8.18
Aug 0 ,edges 4676 ,x 3327
epoch: 611, val_loss:3.692986, acc: 11.20, bacc: 19.63, tmp_test_f1: 3.99, f1: 8.18
Aug 0 ,edges 4676 ,x 3327
epoch: 612, val_loss:3.692991, acc: 11.20, bacc: 19.63, tmp_test_f1: 3.99, f1: 8.18
Aug 0 ,edges 4676 ,x 3327
epoch: 613, val_loss:3.692995, acc: 11.20, bacc: 19.63, tmp_test_f1: 3.99, f1: 8.18
Aug 0 ,edges 4676 ,x 3327
epoch: 614, val_loss:3.693001, acc: 11.20, bacc: 19.63, tmp_test_f1: 3.99, f1: 8.18
Aug 0 ,edges 4676 ,x 3327
epoch: 615, val_loss:3.693007, acc: 11.20, bacc: 19.63, tmp_test_f1: 3.99, f1: 8.18
Aug 0 ,edges 4676 ,x 3327
epoch: 616, val_loss:3.693012, acc: 11.20, bacc: 19.63, tmp_test_f1: 3.99, f1: 8.18
Aug 0 ,edges 4676 ,x 3327
epoch: 617, val_loss:3.693018, acc: 11.20, bacc: 19.63, tmp_test_f1: 3.99, f1: 8.18
Aug 0 ,edges 4676 ,x 3327
epoch: 618, val_loss:3.693024, acc: 11.20, bacc: 19.63, tmp_test_f1: 3.99, f1: 8.18
Aug 0 ,edges 4676 ,x 3327
epoch: 619, val_loss:3.693030, acc: 11.20, bacc: 19.63, tmp_test_f1: 3.99, f1: 8.18
Aug 0 ,edges 4676 ,x 3327
epoch: 620, val_loss:3.693036, acc: 11.20, bacc: 19.63, tmp_test_f1: 3.99, f1: 8.18
Aug 0 ,edges 4676 ,x 3327
epoch: 621, val_loss:3.693043, acc: 11.20, bacc: 19.63, tmp_test_f1: 3.99, f1: 8.18
Aug 0 ,edges 4676 ,x 3327
epoch: 622, val_loss:3.693048, acc: 11.20, bacc: 19.63, tmp_test_f1: 3.99, f1: 8.18
Aug 0 ,edges 4676 ,x 3327
epoch: 623, val_loss:3.693054, acc: 11.20, bacc: 19.63, tmp_test_f1: 3.99, f1: 8.18
Aug 0 ,edges 4676 ,x 3327
epoch: 624, val_loss:3.693060, acc: 11.20, bacc: 19.63, tmp_test_f1: 3.99, f1: 8.18
Aug 0 ,edges 4676 ,x 3327
epoch: 625, val_loss:3.693064, acc: 11.20, bacc: 19.63, tmp_test_f1: 3.99, f1: 8.18
Aug 0 ,edges 4676 ,x 3327
epoch: 626, val_loss:3.693069, acc: 11.20, bacc: 19.63, tmp_test_f1: 3.99, f1: 8.18
Aug 0 ,edges 4676 ,x 3327
epoch: 627, val_loss:3.693074, acc: 11.20, bacc: 19.63, tmp_test_f1: 3.99, f1: 8.18
Aug 0 ,edges 4676 ,x 3327
epoch: 628, val_loss:3.693079, acc: 11.20, bacc: 19.63, tmp_test_f1: 3.99, f1: 8.18
Aug 0 ,edges 4676 ,x 3327
epoch: 629, val_loss:3.693085, acc: 11.20, bacc: 19.63, tmp_test_f1: 3.99, f1: 8.18
Aug 0 ,edges 4676 ,x 3327
epoch: 630, val_loss:3.693093, acc: 11.20, bacc: 19.63, tmp_test_f1: 3.99, f1: 8.18
Aug 0 ,edges 4676 ,x 3327
epoch: 631, val_loss:3.693099, acc: 11.20, bacc: 19.63, tmp_test_f1: 3.99, f1: 8.18
Aug 0 ,edges 4676 ,x 3327
epoch: 632, val_loss:3.693105, acc: 11.20, bacc: 19.63, tmp_test_f1: 3.99, f1: 8.18
Aug 0 ,edges 4676 ,x 3327
epoch: 633, val_loss:3.693111, acc: 11.20, bacc: 19.63, tmp_test_f1: 3.99, f1: 8.18
Aug 0 ,edges 4676 ,x 3327
epoch: 634, val_loss:3.693115, acc: 11.20, bacc: 19.63, tmp_test_f1: 3.99, f1: 8.18
Aug 0 ,edges 4676 ,x 3327
epoch: 635, val_loss:3.693120, acc: 11.20, bacc: 19.63, tmp_test_f1: 3.99, f1: 8.18
Aug 0 ,edges 4676 ,x 3327
epoch: 636, val_loss:3.693125, acc: 11.20, bacc: 19.63, tmp_test_f1: 3.99, f1: 8.18
Aug 0 ,edges 4676 ,x 3327
epoch: 637, val_loss:3.693131, acc: 11.20, bacc: 19.63, tmp_test_f1: 3.99, f1: 8.18
Aug 0 ,edges 4676 ,x 3327
epoch: 638, val_loss:3.693136, acc: 11.20, bacc: 19.63, tmp_test_f1: 3.99, f1: 8.18
Aug 0 ,edges 4676 ,x 3327
epoch: 639, val_loss:3.693143, acc: 11.20, bacc: 19.63, tmp_test_f1: 3.99, f1: 8.18
Aug 0 ,edges 4676 ,x 3327
epoch: 640, val_loss:3.693149, acc: 11.20, bacc: 19.63, tmp_test_f1: 3.99, f1: 8.18
Aug 0 ,edges 4676 ,x 3327
epoch: 641, val_loss:3.693155, acc: 11.20, bacc: 19.63, tmp_test_f1: 3.99, f1: 8.18
Aug 0 ,edges 4676 ,x 3327
epoch: 642, val_loss:3.693160, acc: 11.20, bacc: 19.63, tmp_test_f1: 3.99, f1: 8.18
Aug 0 ,edges 4676 ,x 3327
epoch: 643, val_loss:3.693166, acc: 11.20, bacc: 19.63, tmp_test_f1: 3.99, f1: 8.18
Aug 0 ,edges 4676 ,x 3327
epoch: 644, val_loss:3.693171, acc: 11.20, bacc: 19.63, tmp_test_f1: 3.99, f1: 8.18
Aug 0 ,edges 4676 ,x 3327
epoch: 645, val_loss:3.693176, acc: 11.20, bacc: 19.63, tmp_test_f1: 3.99, f1: 8.18
Aug 0 ,edges 4676 ,x 3327
epoch: 646, val_loss:3.693180, acc: 11.20, bacc: 19.63, tmp_test_f1: 3.99, f1: 8.18
Aug 0 ,edges 4676 ,x 3327
epoch: 647, val_loss:3.693186, acc: 11.20, bacc: 19.63, tmp_test_f1: 3.99, f1: 8.18
Aug 0 ,edges 4676 ,x 3327
epoch: 648, val_loss:3.693192, acc: 11.20, bacc: 19.63, tmp_test_f1: 3.99, f1: 8.18
Aug 0 ,edges 4676 ,x 3327
epoch: 649, val_loss:3.693198, acc: 11.20, bacc: 19.63, tmp_test_f1: 3.99, f1: 8.18
Aug 0 ,edges 4676 ,x 3327
epoch: 650, val_loss:3.693204, acc: 11.20, bacc: 19.63, tmp_test_f1: 3.99, f1: 8.18
Aug 0 ,edges 4676 ,x 3327
epoch: 651, val_loss:3.693210, acc: 11.20, bacc: 19.63, tmp_test_f1: 3.99, f1: 8.18
Aug 0 ,edges 4676 ,x 3327
epoch: 652, val_loss:3.693215, acc: 11.20, bacc: 19.63, tmp_test_f1: 3.99, f1: 8.18
Aug 0 ,edges 4676 ,x 3327
epoch: 653, val_loss:3.693220, acc: 11.20, bacc: 19.63, tmp_test_f1: 3.99, f1: 8.18
Aug 0 ,edges 4676 ,x 3327
epoch: 654, val_loss:3.693225, acc: 11.20, bacc: 19.63, tmp_test_f1: 3.99, f1: 8.18
Aug 0 ,edges 4676 ,x 3327
epoch: 655, val_loss:3.693230, acc: 11.20, bacc: 19.63, tmp_test_f1: 3.99, f1: 8.18
Aug 0 ,edges 4676 ,x 3327
epoch: 656, val_loss:3.693235, acc: 11.20, bacc: 19.63, tmp_test_f1: 3.99, f1: 8.18
Aug 0 ,edges 4676 ,x 3327
epoch: 657, val_loss:3.693242, acc: 11.20, bacc: 19.63, tmp_test_f1: 3.99, f1: 8.18
Aug 0 ,edges 4676 ,x 3327
epoch: 658, val_loss:3.693248, acc: 11.20, bacc: 19.63, tmp_test_f1: 3.99, f1: 8.18
Aug 0 ,edges 4676 ,x 3327
epoch: 659, val_loss:3.693254, acc: 11.20, bacc: 19.63, tmp_test_f1: 3.99, f1: 8.18
Aug 0 ,edges 4676 ,x 3327
epoch: 660, val_loss:3.693259, acc: 11.20, bacc: 19.63, tmp_test_f1: 3.99, f1: 8.18
Aug 0 ,edges 4676 ,x 3327
epoch: 661, val_loss:3.693264, acc: 11.20, bacc: 19.63, tmp_test_f1: 3.99, f1: 8.18
Aug 0 ,edges 4676 ,x 3327
epoch: 662, val_loss:3.693268, acc: 11.20, bacc: 19.63, tmp_test_f1: 3.99, f1: 8.18
Aug 0 ,edges 4676 ,x 3327
epoch: 663, val_loss:3.693274, acc: 11.20, bacc: 19.63, tmp_test_f1: 3.99, f1: 8.18
Aug 0 ,edges 4676 ,x 3327
epoch: 664, val_loss:3.693279, acc: 11.20, bacc: 19.63, tmp_test_f1: 3.99, f1: 8.18
Aug 0 ,edges 4676 ,x 3327
epoch: 665, val_loss:3.693285, acc: 11.20, bacc: 19.63, tmp_test_f1: 3.99, f1: 8.18
Aug 0 ,edges 4676 ,x 3327
epoch: 666, val_loss:3.693291, acc: 11.20, bacc: 19.63, tmp_test_f1: 3.99, f1: 8.18
Aug 0 ,edges 4676 ,x 3327
epoch: 667, val_loss:3.693297, acc: 11.20, bacc: 19.63, tmp_test_f1: 3.99, f1: 8.18
Aug 0 ,edges 4676 ,x 3327
epoch: 668, val_loss:3.693303, acc: 11.20, bacc: 19.63, tmp_test_f1: 3.99, f1: 8.18
Aug 0 ,edges 4676 ,x 3327
epoch: 669, val_loss:3.693308, acc: 11.20, bacc: 19.63, tmp_test_f1: 3.99, f1: 8.18
Aug 0 ,edges 4676 ,x 3327
epoch: 670, val_loss:3.693312, acc: 11.20, bacc: 19.63, tmp_test_f1: 3.99, f1: 8.18
Aug 0 ,edges 4676 ,x 3327
epoch: 671, val_loss:3.693317, acc: 11.20, bacc: 19.63, tmp_test_f1: 3.99, f1: 8.18
Aug 0 ,edges 4676 ,x 3327
epoch: 672, val_loss:3.693322, acc: 11.20, bacc: 19.63, tmp_test_f1: 3.99, f1: 8.18
Aug 0 ,edges 4676 ,x 3327
epoch: 673, val_loss:3.693327, acc: 11.20, bacc: 19.63, tmp_test_f1: 3.99, f1: 8.18
Aug 0 ,edges 4676 ,x 3327
epoch: 674, val_loss:3.693332, acc: 11.20, bacc: 19.63, tmp_test_f1: 3.99, f1: 8.18
Aug 0 ,edges 4676 ,x 3327
epoch: 675, val_loss:3.693338, acc: 11.20, bacc: 19.63, tmp_test_f1: 3.99, f1: 8.18
Aug 0 ,edges 4676 ,x 3327
epoch: 676, val_loss:3.693344, acc: 11.20, bacc: 19.63, tmp_test_f1: 3.99, f1: 8.18
Aug 0 ,edges 4676 ,x 3327
epoch: 677, val_loss:3.693349, acc: 11.20, bacc: 19.63, tmp_test_f1: 3.99, f1: 8.18
Aug 0 ,edges 4676 ,x 3327
epoch: 678, val_loss:3.693355, acc: 11.20, bacc: 19.63, tmp_test_f1: 3.99, f1: 8.18
Aug 0 ,edges 4676 ,x 3327
epoch: 679, val_loss:3.693361, acc: 11.20, bacc: 19.63, tmp_test_f1: 3.99, f1: 8.18
Aug 0 ,edges 4676 ,x 3327
epoch: 680, val_loss:3.693366, acc: 11.20, bacc: 19.63, tmp_test_f1: 3.99, f1: 8.18
Aug 0 ,edges 4676 ,x 3327
epoch: 681, val_loss:3.693372, acc: 11.20, bacc: 19.63, tmp_test_f1: 3.99, f1: 8.18
Aug 0 ,edges 4676 ,x 3327
epoch: 682, val_loss:3.693377, acc: 11.20, bacc: 19.63, tmp_test_f1: 3.99, f1: 8.18
Aug 0 ,edges 4676 ,x 3327
epoch: 683, val_loss:3.693383, acc: 11.20, bacc: 19.63, tmp_test_f1: 3.99, f1: 8.18
Aug 0 ,edges 4676 ,x 3327
epoch: 684, val_loss:3.693388, acc: 11.20, bacc: 19.63, tmp_test_f1: 3.99, f1: 8.18
Aug 0 ,edges 4676 ,x 3327
epoch: 685, val_loss:3.693393, acc: 11.20, bacc: 19.63, tmp_test_f1: 3.99, f1: 8.18
Aug 0 ,edges 4676 ,x 3327
epoch: 686, val_loss:3.693397, acc: 11.20, bacc: 19.63, tmp_test_f1: 3.99, f1: 8.18
Aug 0 ,edges 4676 ,x 3327
epoch: 687, val_loss:3.693403, acc: 11.20, bacc: 19.63, tmp_test_f1: 3.99, f1: 8.18
Aug 0 ,edges 4676 ,x 3327
epoch: 688, val_loss:3.693408, acc: 11.20, bacc: 19.63, tmp_test_f1: 3.99, f1: 8.18
Aug 0 ,edges 4676 ,x 3327
epoch: 689, val_loss:3.693415, acc: 11.20, bacc: 19.63, tmp_test_f1: 3.99, f1: 8.18
Aug 0 ,edges 4676 ,x 3327
epoch: 690, val_loss:3.693421, acc: 11.20, bacc: 19.63, tmp_test_f1: 3.99, f1: 8.18
Aug 0 ,edges 4676 ,x 3327
epoch: 691, val_loss:3.693426, acc: 11.20, bacc: 19.63, tmp_test_f1: 3.99, f1: 8.18
Aug 0 ,edges 4676 ,x 3327
epoch: 692, val_loss:3.693430, acc: 11.20, bacc: 19.63, tmp_test_f1: 3.99, f1: 8.18
Aug 0 ,edges 4676 ,x 3327
epoch: 693, val_loss:3.693434, acc: 11.20, bacc: 19.63, tmp_test_f1: 3.99, f1: 8.18
Aug 0 ,edges 4676 ,x 3327
epoch: 694, val_loss:3.693439, acc: 11.20, bacc: 19.63, tmp_test_f1: 3.99, f1: 8.18
Aug 0 ,edges 4676 ,x 3327
epoch: 695, val_loss:3.693444, acc: 11.20, bacc: 19.63, tmp_test_f1: 3.99, f1: 8.18
Aug 0 ,edges 4676 ,x 3327
epoch: 696, val_loss:3.693449, acc: 11.20, bacc: 19.63, tmp_test_f1: 3.99, f1: 8.18
Aug 0 ,edges 4676 ,x 3327
epoch: 697, val_loss:3.693455, acc: 11.20, bacc: 19.63, tmp_test_f1: 3.99, f1: 8.18
Aug 0 ,edges 4676 ,x 3327
epoch: 698, val_loss:3.693462, acc: 11.20, bacc: 19.63, tmp_test_f1: 3.99, f1: 8.18
Aug 0 ,edges 4676 ,x 3327
epoch: 699, val_loss:3.693468, acc: 11.20, bacc: 19.63, tmp_test_f1: 3.99, f1: 8.18
Aug 0 ,edges 4676 ,x 3327
epoch: 700, val_loss:3.693474, acc: 11.20, bacc: 19.63, tmp_test_f1: 3.99, f1: 8.18
Aug 0 ,edges 4676 ,x 3327
epoch: 701, val_loss:3.693480, acc: 11.20, bacc: 19.63, tmp_test_f1: 3.99, f1: 8.18
Aug 0 ,edges 4676 ,x 3327
epoch: 702, val_loss:3.693484, acc: 11.20, bacc: 19.63, tmp_test_f1: 3.99, f1: 8.18
Aug 0 ,edges 4676 ,x 3327
epoch: 703, val_loss:3.693489, acc: 11.20, bacc: 19.63, tmp_test_f1: 3.99, f1: 8.18
Aug 0 ,edges 4676 ,x 3327
epoch: 704, val_loss:3.693494, acc: 11.20, bacc: 19.63, tmp_test_f1: 3.99, f1: 8.18
Aug 0 ,edges 4676 ,x 3327
epoch: 705, val_loss:3.693499, acc: 11.20, bacc: 19.63, tmp_test_f1: 3.99, f1: 8.18
Aug 0 ,edges 4676 ,x 3327
epoch: 706, val_loss:3.693503, acc: 11.20, bacc: 19.63, tmp_test_f1: 3.99, f1: 8.18
Aug 0 ,edges 4676 ,x 3327
epoch: 707, val_loss:3.693508, acc: 11.20, bacc: 19.63, tmp_test_f1: 3.99, f1: 8.18
Aug 0 ,edges 4676 ,x 3327
epoch: 708, val_loss:3.693513, acc: 11.20, bacc: 19.63, tmp_test_f1: 3.99, f1: 8.18
Aug 0 ,edges 4676 ,x 3327
epoch: 709, val_loss:3.693519, acc: 11.20, bacc: 19.63, tmp_test_f1: 3.99, f1: 8.18
Aug 0 ,edges 4676 ,x 3327
epoch: 710, val_loss:3.693524, acc: 11.20, bacc: 19.63, tmp_test_f1: 3.99, f1: 8.18
Aug 0 ,edges 4676 ,x 3327
epoch: 711, val_loss:3.693530, acc: 11.20, bacc: 19.63, tmp_test_f1: 3.99, f1: 8.18
Aug 0 ,edges 4676 ,x 3327
epoch: 712, val_loss:3.693536, acc: 11.20, bacc: 19.63, tmp_test_f1: 3.99, f1: 8.18
Aug 0 ,edges 4676 ,x 3327
epoch: 713, val_loss:3.693542, acc: 11.20, bacc: 19.63, tmp_test_f1: 3.99, f1: 8.18
Aug 0 ,edges 4676 ,x 3327
epoch: 714, val_loss:3.693547, acc: 11.20, bacc: 19.63, tmp_test_f1: 3.99, f1: 8.18
Aug 0 ,edges 4676 ,x 3327
epoch: 715, val_loss:3.693552, acc: 11.20, bacc: 19.63, tmp_test_f1: 3.99, f1: 8.18
Aug 0 ,edges 4676 ,x 3327
epoch: 716, val_loss:3.693556, acc: 11.20, bacc: 19.63, tmp_test_f1: 3.99, f1: 8.18
Aug 0 ,edges 4676 ,x 3327
epoch: 717, val_loss:3.693561, acc: 11.20, bacc: 19.63, tmp_test_f1: 3.99, f1: 8.18
Aug 0 ,edges 4676 ,x 3327
epoch: 718, val_loss:3.693566, acc: 11.20, bacc: 19.63, tmp_test_f1: 3.99, f1: 8.18
Aug 0 ,edges 4676 ,x 3327
epoch: 719, val_loss:3.693572, acc: 11.20, bacc: 19.63, tmp_test_f1: 3.99, f1: 8.18
Aug 0 ,edges 4676 ,x 3327
epoch: 720, val_loss:3.693577, acc: 11.20, bacc: 19.63, tmp_test_f1: 3.99, f1: 8.18
Aug 0 ,edges 4676 ,x 3327
epoch: 721, val_loss:3.693582, acc: 11.20, bacc: 19.63, tmp_test_f1: 3.99, f1: 8.18
Aug 0 ,edges 4676 ,x 3327
epoch: 722, val_loss:3.693586, acc: 11.20, bacc: 19.63, tmp_test_f1: 3.99, f1: 8.18
Aug 0 ,edges 4676 ,x 3327
epoch: 723, val_loss:3.693591, acc: 11.20, bacc: 19.63, tmp_test_f1: 3.99, f1: 8.18
Aug 0 ,edges 4676 ,x 3327
epoch: 724, val_loss:3.693595, acc: 11.20, bacc: 19.63, tmp_test_f1: 3.99, f1: 8.18
Aug 0 ,edges 4676 ,x 3327
epoch: 725, val_loss:3.693601, acc: 11.20, bacc: 19.63, tmp_test_f1: 3.99, f1: 8.18
Aug 0 ,edges 4676 ,x 3327
epoch: 726, val_loss:3.693607, acc: 11.20, bacc: 19.63, tmp_test_f1: 3.99, f1: 8.18
Aug 0 ,edges 4676 ,x 3327
epoch: 727, val_loss:3.693613, acc: 11.20, bacc: 19.63, tmp_test_f1: 3.99, f1: 8.18
Aug 0 ,edges 4676 ,x 3327
epoch: 728, val_loss:3.693619, acc: 11.20, bacc: 19.63, tmp_test_f1: 3.99, f1: 8.18
Aug 0 ,edges 4676 ,x 3327
epoch: 729, val_loss:3.693624, acc: 11.20, bacc: 19.63, tmp_test_f1: 3.99, f1: 8.18
Aug 0 ,edges 4676 ,x 3327
epoch: 730, val_loss:3.693629, acc: 11.20, bacc: 19.63, tmp_test_f1: 3.99, f1: 8.18
Aug 0 ,edges 4676 ,x 3327
epoch: 731, val_loss:3.693633, acc: 11.20, bacc: 19.63, tmp_test_f1: 3.99, f1: 8.18
Aug 0 ,edges 4676 ,x 3327
epoch: 732, val_loss:3.693638, acc: 11.20, bacc: 19.63, tmp_test_f1: 3.99, f1: 8.18
Aug 0 ,edges 4676 ,x 3327
epoch: 733, val_loss:3.693643, acc: 11.20, bacc: 19.63, tmp_test_f1: 3.99, f1: 8.18
Aug 0 ,edges 4676 ,x 3327
epoch: 734, val_loss:3.693649, acc: 11.20, bacc: 19.63, tmp_test_f1: 3.99, f1: 8.18
Aug 0 ,edges 4676 ,x 3327
epoch: 735, val_loss:3.693654, acc: 11.20, bacc: 19.63, tmp_test_f1: 3.99, f1: 8.18
Aug 0 ,edges 4676 ,x 3327
epoch: 736, val_loss:3.693659, acc: 11.20, bacc: 19.63, tmp_test_f1: 3.99, f1: 8.18
Aug 0 ,edges 4676 ,x 3327
epoch: 737, val_loss:3.693663, acc: 11.20, bacc: 19.63, tmp_test_f1: 3.99, f1: 8.18
Aug 0 ,edges 4676 ,x 3327
epoch: 738, val_loss:3.693668, acc: 11.20, bacc: 19.63, tmp_test_f1: 3.99, f1: 8.18
Aug 0 ,edges 4676 ,x 3327
epoch: 739, val_loss:3.693672, acc: 11.20, bacc: 19.63, tmp_test_f1: 3.99, f1: 8.18
Aug 0 ,edges 4676 ,x 3327
epoch: 740, val_loss:3.693677, acc: 11.20, bacc: 19.63, tmp_test_f1: 3.99, f1: 8.18
Aug 0 ,edges 4676 ,x 3327
epoch: 741, val_loss:3.693682, acc: 11.20, bacc: 19.63, tmp_test_f1: 3.99, f1: 8.18
Aug 0 ,edges 4676 ,x 3327
epoch: 742, val_loss:3.693687, acc: 11.20, bacc: 19.63, tmp_test_f1: 3.99, f1: 8.18
Aug 0 ,edges 4676 ,x 3327
epoch: 743, val_loss:3.693693, acc: 11.20, bacc: 19.63, tmp_test_f1: 3.99, f1: 8.18
Aug 0 ,edges 4676 ,x 3327
epoch: 744, val_loss:3.693699, acc: 11.20, bacc: 19.63, tmp_test_f1: 3.99, f1: 8.18
Aug 0 ,edges 4676 ,x 3327
epoch: 745, val_loss:3.693704, acc: 11.20, bacc: 19.63, tmp_test_f1: 3.99, f1: 8.18
Aug 0 ,edges 4676 ,x 3327
epoch: 746, val_loss:3.693709, acc: 11.20, bacc: 19.63, tmp_test_f1: 3.99, f1: 8.18
Aug 0 ,edges 4676 ,x 3327
epoch: 747, val_loss:3.693713, acc: 11.20, bacc: 19.63, tmp_test_f1: 3.99, f1: 8.18
Aug 0 ,edges 4676 ,x 3327
epoch: 748, val_loss:3.693717, acc: 11.20, bacc: 19.63, tmp_test_f1: 3.99, f1: 8.18
Aug 0 ,edges 4676 ,x 3327
epoch: 749, val_loss:3.693722, acc: 11.20, bacc: 19.63, tmp_test_f1: 3.99, f1: 8.18
Aug 0 ,edges 4676 ,x 3327
epoch: 750, val_loss:3.693727, acc: 11.20, bacc: 19.63, tmp_test_f1: 3.99, f1: 8.18
Aug 0 ,edges 4676 ,x 3327
epoch: 751, val_loss:3.693733, acc: 11.20, bacc: 19.63, tmp_test_f1: 3.99, f1: 8.18
Aug 0 ,edges 4676 ,x 3327
epoch: 752, val_loss:3.693738, acc: 11.20, bacc: 19.63, tmp_test_f1: 3.99, f1: 8.18
Aug 0 ,edges 4676 ,x 3327
epoch: 753, val_loss:3.693744, acc: 11.20, bacc: 19.63, tmp_test_f1: 3.99, f1: 8.18
Aug 0 ,edges 4676 ,x 3327
epoch: 754, val_loss:3.693749, acc: 11.20, bacc: 19.63, tmp_test_f1: 3.99, f1: 8.18
Aug 0 ,edges 4676 ,x 3327
epoch: 755, val_loss:3.693754, acc: 11.20, bacc: 19.63, tmp_test_f1: 3.99, f1: 8.18
Aug 0 ,edges 4676 ,x 3327
epoch: 756, val_loss:3.693759, acc: 11.20, bacc: 19.63, tmp_test_f1: 3.99, f1: 8.18
Aug 0 ,edges 4676 ,x 3327
epoch: 757, val_loss:3.693763, acc: 11.20, bacc: 19.63, tmp_test_f1: 3.99, f1: 8.18
Aug 0 ,edges 4676 ,x 3327
epoch: 758, val_loss:3.693767, acc: 11.20, bacc: 19.63, tmp_test_f1: 3.99, f1: 8.18
Aug 0 ,edges 4676 ,x 3327
epoch: 759, val_loss:3.693772, acc: 11.20, bacc: 19.63, tmp_test_f1: 3.99, f1: 8.18
Aug 0 ,edges 4676 ,x 3327
epoch: 760, val_loss:3.693777, acc: 11.20, bacc: 19.63, tmp_test_f1: 3.99, f1: 8.18
Aug 0 ,edges 4676 ,x 3327
epoch: 761, val_loss:3.693783, acc: 11.20, bacc: 19.63, tmp_test_f1: 3.99, f1: 8.18
Aug 0 ,edges 4676 ,x 3327
epoch: 762, val_loss:3.693788, acc: 11.20, bacc: 19.63, tmp_test_f1: 3.99, f1: 8.18
Aug 0 ,edges 4676 ,x 3327
epoch: 763, val_loss:3.693794, acc: 11.20, bacc: 19.63, tmp_test_f1: 3.99, f1: 8.18
Aug 0 ,edges 4676 ,x 3327
epoch: 764, val_loss:3.693799, acc: 11.20, bacc: 19.63, tmp_test_f1: 3.99, f1: 8.18
Aug 0 ,edges 4676 ,x 3327
epoch: 765, val_loss:3.693804, acc: 11.20, bacc: 19.63, tmp_test_f1: 3.99, f1: 8.18
Aug 0 ,edges 4676 ,x 3327
epoch: 766, val_loss:3.693808, acc: 11.20, bacc: 19.63, tmp_test_f1: 3.99, f1: 8.18
Aug 0 ,edges 4676 ,x 3327
epoch: 767, val_loss:3.693813, acc: 11.20, bacc: 19.63, tmp_test_f1: 3.99, f1: 8.18
Aug 0 ,edges 4676 ,x 3327
epoch: 768, val_loss:3.693817, acc: 11.20, bacc: 19.63, tmp_test_f1: 3.99, f1: 8.18
Aug 0 ,edges 4676 ,x 3327
epoch: 769, val_loss:3.693821, acc: 11.20, bacc: 19.63, tmp_test_f1: 3.99, f1: 8.18
Aug 0 ,edges 4676 ,x 3327
epoch: 770, val_loss:3.693826, acc: 11.20, bacc: 19.63, tmp_test_f1: 3.99, f1: 8.18
Aug 0 ,edges 4676 ,x 3327
epoch: 771, val_loss:3.693831, acc: 11.20, bacc: 19.63, tmp_test_f1: 3.99, f1: 8.18
Aug 0 ,edges 4676 ,x 3327
epoch: 772, val_loss:3.693836, acc: 11.20, bacc: 19.63, tmp_test_f1: 3.99, f1: 8.18
Aug 0 ,edges 4676 ,x 3327
epoch: 773, val_loss:3.693842, acc: 11.20, bacc: 19.63, tmp_test_f1: 3.99, f1: 8.18
Aug 0 ,edges 4676 ,x 3327
epoch: 774, val_loss:3.693847, acc: 11.20, bacc: 19.63, tmp_test_f1: 3.99, f1: 8.18
Aug 0 ,edges 4676 ,x 3327
epoch: 775, val_loss:3.693852, acc: 11.20, bacc: 19.63, tmp_test_f1: 3.99, f1: 8.18
Aug 0 ,edges 4676 ,x 3327
epoch: 776, val_loss:3.693857, acc: 11.20, bacc: 19.63, tmp_test_f1: 3.99, f1: 8.18
Aug 0 ,edges 4676 ,x 3327
epoch: 777, val_loss:3.693860, acc: 11.20, bacc: 19.63, tmp_test_f1: 3.99, f1: 8.18
Aug 0 ,edges 4676 ,x 3327
epoch: 778, val_loss:3.693864, acc: 11.20, bacc: 19.63, tmp_test_f1: 3.99, f1: 8.18
Aug 0 ,edges 4676 ,x 3327
epoch: 779, val_loss:3.693869, acc: 11.20, bacc: 19.63, tmp_test_f1: 3.99, f1: 8.18
Aug 0 ,edges 4676 ,x 3327
epoch: 780, val_loss:3.693874, acc: 11.20, bacc: 19.63, tmp_test_f1: 3.99, f1: 8.18
Aug 0 ,edges 4676 ,x 3327
epoch: 781, val_loss:3.693878, acc: 11.20, bacc: 19.63, tmp_test_f1: 3.99, f1: 8.18
Aug 0 ,edges 4676 ,x 3327
epoch: 782, val_loss:3.693884, acc: 11.20, bacc: 19.63, tmp_test_f1: 3.99, f1: 8.18
Aug 0 ,edges 4676 ,x 3327
epoch: 783, val_loss:3.693890, acc: 11.20, bacc: 19.63, tmp_test_f1: 3.99, f1: 8.18
Aug 0 ,edges 4676 ,x 3327
epoch: 784, val_loss:3.693894, acc: 11.20, bacc: 19.63, tmp_test_f1: 3.99, f1: 8.18
Aug 0 ,edges 4676 ,x 3327
epoch: 785, val_loss:3.693899, acc: 11.20, bacc: 19.63, tmp_test_f1: 3.99, f1: 8.18
Aug 0 ,edges 4676 ,x 3327
epoch: 786, val_loss:3.693903, acc: 11.20, bacc: 19.63, tmp_test_f1: 3.99, f1: 8.18
Aug 0 ,edges 4676 ,x 3327
epoch: 787, val_loss:3.693907, acc: 11.20, bacc: 19.63, tmp_test_f1: 3.99, f1: 8.18
Aug 0 ,edges 4676 ,x 3327
epoch: 788, val_loss:3.693912, acc: 11.20, bacc: 19.63, tmp_test_f1: 3.99, f1: 8.18
Aug 0 ,edges 4676 ,x 3327
epoch: 789, val_loss:3.693918, acc: 11.20, bacc: 19.63, tmp_test_f1: 3.99, f1: 8.18
Aug 0 ,edges 4676 ,x 3327
epoch: 790, val_loss:3.693923, acc: 11.20, bacc: 19.63, tmp_test_f1: 3.99, f1: 8.18
Aug 0 ,edges 4676 ,x 3327
epoch: 791, val_loss:3.693928, acc: 11.20, bacc: 19.63, tmp_test_f1: 3.99, f1: 8.18
Aug 0 ,edges 4676 ,x 3327
epoch: 792, val_loss:3.693934, acc: 11.20, bacc: 19.63, tmp_test_f1: 3.99, f1: 8.18
Aug 0 ,edges 4676 ,x 3327
epoch: 793, val_loss:3.693938, acc: 11.20, bacc: 19.63, tmp_test_f1: 3.99, f1: 8.18
Aug 0 ,edges 4676 ,x 3327
epoch: 794, val_loss:3.693942, acc: 11.20, bacc: 19.63, tmp_test_f1: 3.99, f1: 8.18
Aug 0 ,edges 4676 ,x 3327
epoch: 795, val_loss:3.693946, acc: 11.20, bacc: 19.63, tmp_test_f1: 3.99, f1: 8.18
Aug 0 ,edges 4676 ,x 3327
epoch: 796, val_loss:3.693950, acc: 11.20, bacc: 19.63, tmp_test_f1: 3.99, f1: 8.18
Aug 0 ,edges 4676 ,x 3327
epoch: 797, val_loss:3.693955, acc: 11.20, bacc: 19.63, tmp_test_f1: 3.99, f1: 8.18
Aug 0 ,edges 4676 ,x 3327
epoch: 798, val_loss:3.693960, acc: 11.20, bacc: 19.63, tmp_test_f1: 3.99, f1: 8.18
Aug 0 ,edges 4676 ,x 3327
epoch: 799, val_loss:3.693966, acc: 11.20, bacc: 19.63, tmp_test_f1: 3.99, f1: 8.18
Aug 0 ,edges 4676 ,x 3327
epoch: 800, val_loss:3.693971, acc: 11.20, bacc: 19.63, tmp_test_f1: 3.99, f1: 8.18
Aug 0 ,edges 4676 ,x 3327
epoch: 801, val_loss:3.693975, acc: 11.20, bacc: 19.63, tmp_test_f1: 3.99, f1: 8.18
Aug 0 ,edges 4676 ,x 3327
epoch: 802, val_loss:3.693980, acc: 11.20, bacc: 19.63, tmp_test_f1: 3.99, f1: 8.18
Aug 0 ,edges 4676 ,x 3327
epoch: 803, val_loss:3.693984, acc: 11.20, bacc: 19.63, tmp_test_f1: 3.99, f1: 8.18
Aug 0 ,edges 4676 ,x 3327
Epoch 00804: reducing learning rate of group 0 to 6.2500e-03.
epoch: 804, val_loss:3.693989, acc: 11.20, bacc: 19.63, tmp_test_f1: 3.99, f1: 8.18
Aug 0 ,edges 4676 ,x 3327
epoch: 805, val_loss:3.693993, acc: 11.20, bacc: 19.63, tmp_test_f1: 3.99, f1: 8.18
Aug 0 ,edges 4676 ,x 3327
epoch: 806, val_loss:3.693996, acc: 11.20, bacc: 19.63, tmp_test_f1: 3.99, f1: 8.18
Aug 0 ,edges 4676 ,x 3327
epoch: 807, val_loss:3.693998, acc: 11.20, bacc: 19.63, tmp_test_f1: 3.99, f1: 8.18
Aug 0 ,edges 4676 ,x 3327
epoch: 808, val_loss:3.694001, acc: 11.20, bacc: 19.63, tmp_test_f1: 3.99, f1: 8.18
Aug 0 ,edges 4676 ,x 3327
epoch: 809, val_loss:3.694003, acc: 11.20, bacc: 19.63, tmp_test_f1: 3.99, f1: 8.18
SymDiGCN dgl/citeseerFalse 100 Aug 0 EndEpoch 809 lr 0.1
Feb14split  0, acc: 11.20, bacc: 19.63, f1: 8.18
