cuda Device Index: 1
Namespace(to_undirected=False, from_SHA=False, IsDirectedData=False, AugDirect=-1, net='SAGE', GPUdevice=1, seed=100, undirect_dataset='Coauthor-CS', Direct_dataset='dgl/cora', imb_ratio=100, dropout=0.1, num_filter=2, layer=2, alpha=0.1, K=2, feat_dim=64, warmup=5, epoch=1500, lr=0.01, l2=0.0005, tau=2, max=False, no_mask=False, gdc='ppr', heads=8, log_root='../logs/', log_path='test', data_path='../dataset/data/tmp/')
The Dataset is  CoauthorCS() from DirectedData:  False
Num_bidirect_edges: 81894, total_num_edges: 163788
This is directed graph:  False
data_x torch.Size([18333, 6805])
test_f1 CountNotImproved reset to 0 in epoch 0
Aug -1 ,edges 165488 ,x 18692
Aug -1 ,edges 165605 ,x 18692
Aug -1 ,edges 165483 ,x 18692
Aug -1 ,edges 165553 ,x 18692
Aug -1 ,edges 165584 ,x 18692
Aug -1 ,edges 165535 ,x 18692
Aug -1 ,edges 165528 ,x 18692
Aug -1 ,edges 165568 ,x 18692
Aug -1 ,edges 165543 ,x 18692
Aug -1 ,edges 165573 ,x 18692
test_f1 CountNotImproved reset to 0 in epoch 15
Aug -1 ,edges 165586 ,x 18692
Aug -1 ,edges 165576 ,x 18692
Aug -1 ,edges 165556 ,x 18692
Aug -1 ,edges 165437 ,x 18692
Aug -1 ,edges 165571 ,x 18692
Aug -1 ,edges 165624 ,x 18692
Aug -1 ,edges 165679 ,x 18692
Aug -1 ,edges 165552 ,x 18692
Aug -1 ,edges 165759 ,x 18692
Aug -1 ,edges 165430 ,x 18692
Aug -1 ,edges 165430 ,x 18692
Aug -1 ,edges 165533 ,x 18692
Aug -1 ,edges 165511 ,x 18692
Aug -1 ,edges 165580 ,x 18692
Aug -1 ,edges 165650 ,x 18692
Aug -1 ,edges 165666 ,x 18692
Aug -1 ,edges 165505 ,x 18692
Aug -1 ,edges 165580 ,x 18692
Aug -1 ,edges 165645 ,x 18692
Aug -1 ,edges 165580 ,x 18692
Aug -1 ,edges 165482 ,x 18692
Aug -1 ,edges 165560 ,x 18692
Aug -1 ,edges 165628 ,x 18692
Aug -1 ,edges 165607 ,x 18692
Aug -1 ,edges 165497 ,x 18692
Aug -1 ,edges 165662 ,x 18692
Aug -1 ,edges 165508 ,x 18692
Aug -1 ,edges 165571 ,x 18692
Aug -1 ,edges 165475 ,x 18692
Aug -1 ,edges 165511 ,x 18692
Aug -1 ,edges 165748 ,x 18692
Aug -1 ,edges 165625 ,x 18692
Aug -1 ,edges 165479 ,x 18692
Aug -1 ,edges 165549 ,x 18692
Aug -1 ,edges 165738 ,x 18692
Aug -1 ,edges 165560 ,x 18692
Aug -1 ,edges 165532 ,x 18692
Aug -1 ,edges 165677 ,x 18692
Aug -1 ,edges 165785 ,x 18692
Aug -1 ,edges 165509 ,x 18692
Aug -1 ,edges 165616 ,x 18692
Aug -1 ,edges 165561 ,x 18692
Aug -1 ,edges 165586 ,x 18692
Aug -1 ,edges 165573 ,x 18692
Aug -1 ,edges 165620 ,x 18692
Aug -1 ,edges 165514 ,x 18692
Aug -1 ,edges 165463 ,x 18692
Aug -1 ,edges 165613 ,x 18692
Aug -1 ,edges 165526 ,x 18692
Aug -1 ,edges 165547 ,x 18692
Aug -1 ,edges 165488 ,x 18692
Aug -1 ,edges 165673 ,x 18692
Aug -1 ,edges 165574 ,x 18692
Aug -1 ,edges 165593 ,x 18692
Aug -1 ,edges 165549 ,x 18692
Aug -1 ,edges 165537 ,x 18692
Aug -1 ,edges 165545 ,x 18692
Aug -1 ,edges 165563 ,x 18692
Aug -1 ,edges 165608 ,x 18692
Aug -1 ,edges 165498 ,x 18692
Aug -1 ,edges 165645 ,x 18692
Aug -1 ,edges 165518 ,x 18692
Aug -1 ,edges 165611 ,x 18692
Aug -1 ,edges 165693 ,x 18692
Aug -1 ,edges 165499 ,x 18692
Aug -1 ,edges 165530 ,x 18692
Aug -1 ,edges 165600 ,x 18692
Aug -1 ,edges 165542 ,x 18692
Aug -1 ,edges 165537 ,x 18692
Aug -1 ,edges 165547 ,x 18692
Aug -1 ,edges 165474 ,x 18692
Aug -1 ,edges 165612 ,x 18692
Aug -1 ,edges 165564 ,x 18692
Aug -1 ,edges 165694 ,x 18692
Aug -1 ,edges 165595 ,x 18692
Aug -1 ,edges 165642 ,x 18692
Aug -1 ,edges 165594 ,x 18692
Aug -1 ,edges 165550 ,x 18692
Aug -1 ,edges 165497 ,x 18692
Aug -1 ,edges 165612 ,x 18692
Aug -1 ,edges 165504 ,x 18692
Aug -1 ,edges 165660 ,x 18692
Aug -1 ,edges 165498 ,x 18692
Aug -1 ,edges 165532 ,x 18692
Aug -1 ,edges 165646 ,x 18692
Aug -1 ,edges 165560 ,x 18692
Aug -1 ,edges 165577 ,x 18692
Aug -1 ,edges 165637 ,x 18692
Aug -1 ,edges 165587 ,x 18692
Aug -1 ,edges 165567 ,x 18692
Aug -1 ,edges 165512 ,x 18692
Aug -1 ,edges 165685 ,x 18692
Aug -1 ,edges 165522 ,x 18692
Aug -1 ,edges 165519 ,x 18692
Aug -1 ,edges 165537 ,x 18692
Aug -1 ,edges 165525 ,x 18692
Aug -1 ,edges 165724 ,x 18692
Aug -1 ,edges 165545 ,x 18692
Aug -1 ,edges 165626 ,x 18692
Aug -1 ,edges 165462 ,x 18692
Aug -1 ,edges 165608 ,x 18692
Aug -1 ,edges 165601 ,x 18692
Aug -1 ,edges 165529 ,x 18692
Aug -1 ,edges 165613 ,x 18692
Aug -1 ,edges 165531 ,x 18692
test_f1 CountNotImproved reset to 0 in epoch 120
Aug -1 ,edges 165597 ,x 18692
test_f1 CountNotImproved reset to 0 in epoch 121
Aug -1 ,edges 165571 ,x 18692
Aug -1 ,edges 165636 ,x 18692
Aug -1 ,edges 165532 ,x 18692
Aug -1 ,edges 165628 ,x 18692
Aug -1 ,edges 165568 ,x 18692
Aug -1 ,edges 165641 ,x 18692
Aug -1 ,edges 165552 ,x 18692
Aug -1 ,edges 165508 ,x 18692
Aug -1 ,edges 165510 ,x 18692
Aug -1 ,edges 165517 ,x 18692
Aug -1 ,edges 165537 ,x 18692
Aug -1 ,edges 165554 ,x 18692
Aug -1 ,edges 165582 ,x 18692
Aug -1 ,edges 165656 ,x 18692
Aug -1 ,edges 165705 ,x 18692
Aug -1 ,edges 165571 ,x 18692
Aug -1 ,edges 165629 ,x 18692
Aug -1 ,edges 165651 ,x 18692
Aug -1 ,edges 165551 ,x 18692
Aug -1 ,edges 165559 ,x 18692
Aug -1 ,edges 165595 ,x 18692
Aug -1 ,edges 165524 ,x 18692
Aug -1 ,edges 165577 ,x 18692
Aug -1 ,edges 165633 ,x 18692
Aug -1 ,edges 165517 ,x 18692
Aug -1 ,edges 165633 ,x 18692
Aug -1 ,edges 165552 ,x 18692
Aug -1 ,edges 165505 ,x 18692
Aug -1 ,edges 165558 ,x 18692
Aug -1 ,edges 165586 ,x 18692
Aug -1 ,edges 165656 ,x 18692
Aug -1 ,edges 165604 ,x 18692
Aug -1 ,edges 165530 ,x 18692
Aug -1 ,edges 165535 ,x 18692
Aug -1 ,edges 165569 ,x 18692
Aug -1 ,edges 165415 ,x 18692
Aug -1 ,edges 165581 ,x 18692
Aug -1 ,edges 165683 ,x 18692
Aug -1 ,edges 165596 ,x 18692
Aug -1 ,edges 165744 ,x 18692
Aug -1 ,edges 165582 ,x 18692
Aug -1 ,edges 165510 ,x 18692
Aug -1 ,edges 165639 ,x 18692
Aug -1 ,edges 165598 ,x 18692
Aug -1 ,edges 165527 ,x 18692
Aug -1 ,edges 165652 ,x 18692
Aug -1 ,edges 165501 ,x 18692
Aug -1 ,edges 165592 ,x 18692
Aug -1 ,edges 165478 ,x 18692
Aug -1 ,edges 165457 ,x 18692
Aug -1 ,edges 165446 ,x 18692
Aug -1 ,edges 165551 ,x 18692
Aug -1 ,edges 165714 ,x 18692
Aug -1 ,edges 165638 ,x 18692
Aug -1 ,edges 165466 ,x 18692
Aug -1 ,edges 165567 ,x 18692
Aug -1 ,edges 165567 ,x 18692
Aug -1 ,edges 165652 ,x 18692
Aug -1 ,edges 165715 ,x 18692
Aug -1 ,edges 165664 ,x 18692
test_f1 CountNotImproved reset to 0 in epoch 181
Aug -1 ,edges 165711 ,x 18692
test_f1 CountNotImproved reset to 0 in epoch 182
Aug -1 ,edges 165503 ,x 18692
test_f1 CountNotImproved reset to 0 in epoch 183
Aug -1 ,edges 165644 ,x 18692
test_f1 CountNotImproved reset to 0 in epoch 184
Aug -1 ,edges 165486 ,x 18692
test_f1 CountNotImproved reset to 0 in epoch 185
Aug -1 ,edges 165677 ,x 18692
test_f1 CountNotImproved reset to 0 in epoch 186
Aug -1 ,edges 165554 ,x 18692
test_f1 CountNotImproved reset to 0 in epoch 187
Aug -1 ,edges 165649 ,x 18692
test_f1 CountNotImproved reset to 0 in epoch 188
Aug -1 ,edges 165493 ,x 18692
Aug -1 ,edges 165584 ,x 18692
Aug -1 ,edges 165461 ,x 18692
test_f1 CountNotImproved reset to 0 in epoch 191
Aug -1 ,edges 165803 ,x 18692
test_f1 CountNotImproved reset to 0 in epoch 192
Aug -1 ,edges 165491 ,x 18692
test_f1 CountNotImproved reset to 0 in epoch 193
Aug -1 ,edges 165527 ,x 18692
Aug -1 ,edges 165582 ,x 18692
Aug -1 ,edges 165610 ,x 18692
Aug -1 ,edges 165518 ,x 18692
test_f1 CountNotImproved reset to 0 in epoch 197
Aug -1 ,edges 165530 ,x 18692
Aug -1 ,edges 165623 ,x 18692
Aug -1 ,edges 165619 ,x 18692
Aug -1 ,edges 165586 ,x 18692
Aug -1 ,edges 165558 ,x 18692
Aug -1 ,edges 165564 ,x 18692
Aug -1 ,edges 165648 ,x 18692
Aug -1 ,edges 165603 ,x 18692
Aug -1 ,edges 165512 ,x 18692
Aug -1 ,edges 165618 ,x 18692
Aug -1 ,edges 165601 ,x 18692
Aug -1 ,edges 165577 ,x 18692
Aug -1 ,edges 165715 ,x 18692
Aug -1 ,edges 165559 ,x 18692
Aug -1 ,edges 165572 ,x 18692
Aug -1 ,edges 165504 ,x 18692
Aug -1 ,edges 165415 ,x 18692
test_f1 CountNotImproved reset to 0 in epoch 214
Aug -1 ,edges 165610 ,x 18692
test_f1 CountNotImproved reset to 0 in epoch 215
Aug -1 ,edges 165665 ,x 18692
Aug -1 ,edges 165641 ,x 18692
Aug -1 ,edges 165527 ,x 18692
Aug -1 ,edges 165564 ,x 18692
Aug -1 ,edges 165597 ,x 18692
Aug -1 ,edges 165526 ,x 18692
test_f1 CountNotImproved reset to 0 in epoch 221
Aug -1 ,edges 165616 ,x 18692
Aug -1 ,edges 165450 ,x 18692
Aug -1 ,edges 165472 ,x 18692
Aug -1 ,edges 165712 ,x 18692
Aug -1 ,edges 165631 ,x 18692
test_f1 CountNotImproved reset to 0 in epoch 226
Aug -1 ,edges 165530 ,x 18692
test_f1 CountNotImproved reset to 0 in epoch 227
Aug -1 ,edges 165591 ,x 18692
Aug -1 ,edges 165596 ,x 18692
Aug -1 ,edges 165564 ,x 18692
Aug -1 ,edges 165622 ,x 18692
Aug -1 ,edges 165642 ,x 18692
Aug -1 ,edges 165578 ,x 18692
Aug -1 ,edges 165550 ,x 18692
Aug -1 ,edges 165524 ,x 18692
Aug -1 ,edges 165653 ,x 18692
Aug -1 ,edges 165699 ,x 18692
Aug -1 ,edges 165637 ,x 18692
Aug -1 ,edges 165506 ,x 18692
Aug -1 ,edges 165614 ,x 18692
Aug -1 ,edges 165561 ,x 18692
Aug -1 ,edges 165546 ,x 18692
Aug -1 ,edges 165697 ,x 18692
Aug -1 ,edges 165666 ,x 18692
Aug -1 ,edges 165470 ,x 18692
Aug -1 ,edges 165692 ,x 18692
Aug -1 ,edges 165622 ,x 18692
Aug -1 ,edges 165532 ,x 18692
Aug -1 ,edges 165538 ,x 18692
Aug -1 ,edges 165519 ,x 18692
Aug -1 ,edges 165683 ,x 18692
test_f1 CountNotImproved reset to 0 in epoch 251
Aug -1 ,edges 165576 ,x 18692
test_f1 CountNotImproved reset to 0 in epoch 252
Aug -1 ,edges 165570 ,x 18692
Aug -1 ,edges 165473 ,x 18692
Aug -1 ,edges 165549 ,x 18692
Aug -1 ,edges 165774 ,x 18692
Aug -1 ,edges 165567 ,x 18692
Aug -1 ,edges 165645 ,x 18692
test_f1 CountNotImproved reset to 0 in epoch 258
Aug -1 ,edges 165645 ,x 18692
test_f1 CountNotImproved reset to 0 in epoch 259
Aug -1 ,edges 165558 ,x 18692
Aug -1 ,edges 165681 ,x 18692
Aug -1 ,edges 165572 ,x 18692
Aug -1 ,edges 165597 ,x 18692
Aug -1 ,edges 165503 ,x 18692
Aug -1 ,edges 165566 ,x 18692
test_f1 CountNotImproved reset to 0 in epoch 265
Aug -1 ,edges 165543 ,x 18692
test_f1 CountNotImproved reset to 0 in epoch 266
Aug -1 ,edges 165530 ,x 18692
Aug -1 ,edges 165555 ,x 18692
Aug -1 ,edges 165595 ,x 18692
Aug -1 ,edges 165668 ,x 18692
Aug -1 ,edges 165627 ,x 18692
Aug -1 ,edges 165618 ,x 18692
Aug -1 ,edges 165509 ,x 18692
Aug -1 ,edges 165587 ,x 18692
Aug -1 ,edges 165603 ,x 18692
Aug -1 ,edges 165724 ,x 18692
Aug -1 ,edges 165581 ,x 18692
test_f1 CountNotImproved reset to 0 in epoch 277
Aug -1 ,edges 165589 ,x 18692
test_f1 CountNotImproved reset to 0 in epoch 278
Aug -1 ,edges 165515 ,x 18692
Aug -1 ,edges 165678 ,x 18692
Aug -1 ,edges 165537 ,x 18692
Aug -1 ,edges 165583 ,x 18692
Aug -1 ,edges 165725 ,x 18692
Aug -1 ,edges 165585 ,x 18692
Aug -1 ,edges 165559 ,x 18692
Aug -1 ,edges 165495 ,x 18692
Aug -1 ,edges 165585 ,x 18692
Aug -1 ,edges 165453 ,x 18692
Aug -1 ,edges 165606 ,x 18692
Aug -1 ,edges 165468 ,x 18692
test_f1 CountNotImproved reset to 0 in epoch 290
Aug -1 ,edges 165495 ,x 18692
Aug -1 ,edges 165555 ,x 18692
Aug -1 ,edges 165537 ,x 18692
Aug -1 ,edges 165605 ,x 18692
Aug -1 ,edges 165560 ,x 18692
test_f1 CountNotImproved reset to 0 in epoch 295
Aug -1 ,edges 165607 ,x 18692
test_f1 CountNotImproved reset to 0 in epoch 296
Aug -1 ,edges 165428 ,x 18692
Aug -1 ,edges 165644 ,x 18692
Aug -1 ,edges 165580 ,x 18692
Aug -1 ,edges 165723 ,x 18692
Aug -1 ,edges 165565 ,x 18692
Aug -1 ,edges 165506 ,x 18692
Aug -1 ,edges 165619 ,x 18692
Aug -1 ,edges 165737 ,x 18692
Aug -1 ,edges 165630 ,x 18692
Aug -1 ,edges 165528 ,x 18692
Aug -1 ,edges 165526 ,x 18692
Aug -1 ,edges 165648 ,x 18692
Aug -1 ,edges 165588 ,x 18692
Aug -1 ,edges 165710 ,x 18692
Aug -1 ,edges 165469 ,x 18692
Aug -1 ,edges 165607 ,x 18692
Aug -1 ,edges 165639 ,x 18692
Aug -1 ,edges 165578 ,x 18692
Aug -1 ,edges 165645 ,x 18692
Aug -1 ,edges 165711 ,x 18692
Aug -1 ,edges 165575 ,x 18692
Aug -1 ,edges 165549 ,x 18692
Aug -1 ,edges 165439 ,x 18692
test_f1 CountNotImproved reset to 0 in epoch 319
Aug -1 ,edges 165488 ,x 18692
test_f1 CountNotImproved reset to 0 in epoch 320
Aug -1 ,edges 165537 ,x 18692
test_f1 CountNotImproved reset to 0 in epoch 321
Aug -1 ,edges 165509 ,x 18692
Aug -1 ,edges 165602 ,x 18692
Aug -1 ,edges 165568 ,x 18692
Aug -1 ,edges 165652 ,x 18692
Aug -1 ,edges 165548 ,x 18692
Aug -1 ,edges 165792 ,x 18692
Aug -1 ,edges 165520 ,x 18692
Aug -1 ,edges 165539 ,x 18692
Aug -1 ,edges 165608 ,x 18692
Aug -1 ,edges 165705 ,x 18692
Aug -1 ,edges 165572 ,x 18692
Aug -1 ,edges 165679 ,x 18692
Aug -1 ,edges 165658 ,x 18692
Aug -1 ,edges 165427 ,x 18692
Aug -1 ,edges 165548 ,x 18692
Aug -1 ,edges 165563 ,x 18692
Aug -1 ,edges 165657 ,x 18692
Aug -1 ,edges 165562 ,x 18692
Aug -1 ,edges 165592 ,x 18692
Aug -1 ,edges 165467 ,x 18692
Aug -1 ,edges 165483 ,x 18692
test_f1 CountNotImproved reset to 0 in epoch 342
Aug -1 ,edges 165653 ,x 18692
Aug -1 ,edges 165490 ,x 18692
Aug -1 ,edges 165501 ,x 18692
Aug -1 ,edges 165689 ,x 18692
Aug -1 ,edges 165560 ,x 18692
Aug -1 ,edges 165493 ,x 18692
test_f1 CountNotImproved reset to 0 in epoch 348
Aug -1 ,edges 165613 ,x 18692
Aug -1 ,edges 165626 ,x 18692
test_f1 CountNotImproved reset to 0 in epoch 350
Aug -1 ,edges 165583 ,x 18692
Aug -1 ,edges 165501 ,x 18692
Aug -1 ,edges 165537 ,x 18692
Aug -1 ,edges 165507 ,x 18692
Aug -1 ,edges 165555 ,x 18692
Aug -1 ,edges 165637 ,x 18692
Aug -1 ,edges 165734 ,x 18692
Aug -1 ,edges 165544 ,x 18692
Aug -1 ,edges 165534 ,x 18692
Aug -1 ,edges 165558 ,x 18692
Aug -1 ,edges 165676 ,x 18692
Aug -1 ,edges 165640 ,x 18692
Aug -1 ,edges 165556 ,x 18692
Aug -1 ,edges 165481 ,x 18692
Aug -1 ,edges 165541 ,x 18692
Aug -1 ,edges 165596 ,x 18692
Aug -1 ,edges 165540 ,x 18692
Aug -1 ,edges 165562 ,x 18692
Aug -1 ,edges 165512 ,x 18692
Aug -1 ,edges 165561 ,x 18692
Aug -1 ,edges 165432 ,x 18692
Aug -1 ,edges 165573 ,x 18692
Aug -1 ,edges 165630 ,x 18692
test_f1 CountNotImproved reset to 0 in epoch 373
Aug -1 ,edges 165542 ,x 18692
test_f1 CountNotImproved reset to 0 in epoch 374
Aug -1 ,edges 165499 ,x 18692
Aug -1 ,edges 165604 ,x 18692
Aug -1 ,edges 165516 ,x 18692
Aug -1 ,edges 165524 ,x 18692
Aug -1 ,edges 165556 ,x 18692
Epoch 00379: reducing learning rate of group 0 to 5.0000e-03.
Aug -1 ,edges 165616 ,x 18692
Aug -1 ,edges 165580 ,x 18692
Aug -1 ,edges 165606 ,x 18692
Aug -1 ,edges 165581 ,x 18692
Aug -1 ,edges 165723 ,x 18692
Aug -1 ,edges 165588 ,x 18692
Aug -1 ,edges 165595 ,x 18692
Aug -1 ,edges 165575 ,x 18692
Aug -1 ,edges 165660 ,x 18692
Aug -1 ,edges 165512 ,x 18692
Aug -1 ,edges 165538 ,x 18692
Aug -1 ,edges 165547 ,x 18692
Aug -1 ,edges 165602 ,x 18692
Aug -1 ,edges 165607 ,x 18692
Aug -1 ,edges 165576 ,x 18692
Aug -1 ,edges 165419 ,x 18692
Aug -1 ,edges 165557 ,x 18692
Aug -1 ,edges 165653 ,x 18692
Aug -1 ,edges 165627 ,x 18692
Aug -1 ,edges 165652 ,x 18692
Aug -1 ,edges 165518 ,x 18692
Aug -1 ,edges 165579 ,x 18692
Aug -1 ,edges 165603 ,x 18692
Aug -1 ,edges 165632 ,x 18692
Aug -1 ,edges 165603 ,x 18692
Aug -1 ,edges 165596 ,x 18692
Aug -1 ,edges 165578 ,x 18692
Aug -1 ,edges 165550 ,x 18692
Aug -1 ,edges 165669 ,x 18692
Aug -1 ,edges 165515 ,x 18692
Aug -1 ,edges 165427 ,x 18692
Aug -1 ,edges 165550 ,x 18692
Aug -1 ,edges 165633 ,x 18692
Aug -1 ,edges 165456 ,x 18692
Aug -1 ,edges 165622 ,x 18692
Aug -1 ,edges 165464 ,x 18692
Aug -1 ,edges 165548 ,x 18692
Aug -1 ,edges 165588 ,x 18692
Aug -1 ,edges 165621 ,x 18692
Aug -1 ,edges 165604 ,x 18692
Aug -1 ,edges 165567 ,x 18692
Aug -1 ,edges 165688 ,x 18692
Aug -1 ,edges 165606 ,x 18692
Aug -1 ,edges 165583 ,x 18692
Aug -1 ,edges 165680 ,x 18692
Aug -1 ,edges 165518 ,x 18692
Aug -1 ,edges 165577 ,x 18692
Aug -1 ,edges 165567 ,x 18692
Aug -1 ,edges 165639 ,x 18692
Aug -1 ,edges 165583 ,x 18692
Aug -1 ,edges 165773 ,x 18692
Aug -1 ,edges 165593 ,x 18692
Aug -1 ,edges 165578 ,x 18692
Aug -1 ,edges 165639 ,x 18692
Aug -1 ,edges 165630 ,x 18692
Aug -1 ,edges 165580 ,x 18692
Aug -1 ,edges 165614 ,x 18692
Aug -1 ,edges 165713 ,x 18692
Aug -1 ,edges 165570 ,x 18692
Aug -1 ,edges 165657 ,x 18692
Aug -1 ,edges 165564 ,x 18692
Aug -1 ,edges 165524 ,x 18692
Aug -1 ,edges 165590 ,x 18692
Aug -1 ,edges 165597 ,x 18692
Aug -1 ,edges 165634 ,x 18692
Aug -1 ,edges 165536 ,x 18692
Aug -1 ,edges 165491 ,x 18692
Aug -1 ,edges 165623 ,x 18692
Aug -1 ,edges 165613 ,x 18692
Aug -1 ,edges 165590 ,x 18692
Aug -1 ,edges 165639 ,x 18692
Aug -1 ,edges 165563 ,x 18692
Aug -1 ,edges 165574 ,x 18692
Aug -1 ,edges 165645 ,x 18692
Aug -1 ,edges 165514 ,x 18692
Aug -1 ,edges 165569 ,x 18692
Aug -1 ,edges 165559 ,x 18692
Aug -1 ,edges 165598 ,x 18692
Aug -1 ,edges 165592 ,x 18692
Aug -1 ,edges 165643 ,x 18692
Aug -1 ,edges 165673 ,x 18692
Aug -1 ,edges 165755 ,x 18692
Aug -1 ,edges 165640 ,x 18692
Aug -1 ,edges 165478 ,x 18692
Aug -1 ,edges 165564 ,x 18692
Aug -1 ,edges 165639 ,x 18692
Aug -1 ,edges 165650 ,x 18692
Aug -1 ,edges 165601 ,x 18692
Aug -1 ,edges 165473 ,x 18692
Aug -1 ,edges 165585 ,x 18692
Aug -1 ,edges 165527 ,x 18692
Aug -1 ,edges 165582 ,x 18692
Aug -1 ,edges 165603 ,x 18692
Aug -1 ,edges 165662 ,x 18692
Aug -1 ,edges 165575 ,x 18692
Aug -1 ,edges 165410 ,x 18692
Aug -1 ,edges 165460 ,x 18692
Aug -1 ,edges 165540 ,x 18692
Aug -1 ,edges 165523 ,x 18692
Aug -1 ,edges 165715 ,x 18692
Aug -1 ,edges 165580 ,x 18692
Aug -1 ,edges 165676 ,x 18692
Aug -1 ,edges 165367 ,x 18692
Aug -1 ,edges 165472 ,x 18692
Aug -1 ,edges 165451 ,x 18692
Aug -1 ,edges 165537 ,x 18692
Aug -1 ,edges 165569 ,x 18692
Aug -1 ,edges 165561 ,x 18692
Aug -1 ,edges 165567 ,x 18692
Aug -1 ,edges 165696 ,x 18692
Aug -1 ,edges 165523 ,x 18692
Aug -1 ,edges 165565 ,x 18692
Aug -1 ,edges 165542 ,x 18692
Aug -1 ,edges 165628 ,x 18692
Aug -1 ,edges 165608 ,x 18692
Aug -1 ,edges 165568 ,x 18692
Aug -1 ,edges 165555 ,x 18692
Aug -1 ,edges 165722 ,x 18692
Aug -1 ,edges 165413 ,x 18692
Aug -1 ,edges 165736 ,x 18692
Aug -1 ,edges 165633 ,x 18692
Aug -1 ,edges 165640 ,x 18692
Aug -1 ,edges 165714 ,x 18692
Aug -1 ,edges 165735 ,x 18692
Aug -1 ,edges 165555 ,x 18692
Aug -1 ,edges 165540 ,x 18692
Aug -1 ,edges 165596 ,x 18692
Aug -1 ,edges 165590 ,x 18692
Aug -1 ,edges 165519 ,x 18692
Aug -1 ,edges 165665 ,x 18692
Aug -1 ,edges 165608 ,x 18692
Aug -1 ,edges 165702 ,x 18692
Aug -1 ,edges 165526 ,x 18692
Aug -1 ,edges 165445 ,x 18692
Aug -1 ,edges 165560 ,x 18692
Aug -1 ,edges 165498 ,x 18692
Aug -1 ,edges 165536 ,x 18692
Aug -1 ,edges 165653 ,x 18692
Aug -1 ,edges 165485 ,x 18692
Aug -1 ,edges 165531 ,x 18692
Aug -1 ,edges 165545 ,x 18692
Aug -1 ,edges 165610 ,x 18692
Aug -1 ,edges 165492 ,x 18692
Aug -1 ,edges 165529 ,x 18692
Aug -1 ,edges 165532 ,x 18692
Aug -1 ,edges 165522 ,x 18692
Aug -1 ,edges 165593 ,x 18692
Aug -1 ,edges 165537 ,x 18692
Aug -1 ,edges 165603 ,x 18692
Aug -1 ,edges 165555 ,x 18692
Aug -1 ,edges 165572 ,x 18692
Aug -1 ,edges 165566 ,x 18692
Aug -1 ,edges 165528 ,x 18692
Aug -1 ,edges 165601 ,x 18692
Aug -1 ,edges 165582 ,x 18692
Aug -1 ,edges 165571 ,x 18692
Aug -1 ,edges 165566 ,x 18692
Aug -1 ,edges 165538 ,x 18692
Aug -1 ,edges 165573 ,x 18692
Aug -1 ,edges 165537 ,x 18692
Aug -1 ,edges 165457 ,x 18692
Aug -1 ,edges 165468 ,x 18692
Aug -1 ,edges 165629 ,x 18692
Aug -1 ,edges 165554 ,x 18692
Aug -1 ,edges 165629 ,x 18692
Aug -1 ,edges 165603 ,x 18692
Aug -1 ,edges 165553 ,x 18692
Aug -1 ,edges 165497 ,x 18692
Aug -1 ,edges 165651 ,x 18692
Aug -1 ,edges 165622 ,x 18692
Aug -1 ,edges 165510 ,x 18692
Aug -1 ,edges 165470 ,x 18692
Aug -1 ,edges 165615 ,x 18692
Aug -1 ,edges 165461 ,x 18692
Aug -1 ,edges 165715 ,x 18692
Aug -1 ,edges 165537 ,x 18692
Aug -1 ,edges 165574 ,x 18692
Aug -1 ,edges 165679 ,x 18692
Aug -1 ,edges 165595 ,x 18692
Aug -1 ,edges 165567 ,x 18692
Aug -1 ,edges 165616 ,x 18692
Aug -1 ,edges 165624 ,x 18692
Aug -1 ,edges 165635 ,x 18692
Aug -1 ,edges 165594 ,x 18692
Aug -1 ,edges 165549 ,x 18692
Aug -1 ,edges 165533 ,x 18692
Aug -1 ,edges 165673 ,x 18692
Aug -1 ,edges 165660 ,x 18692
Aug -1 ,edges 165478 ,x 18692
Aug -1 ,edges 165633 ,x 18692
Aug -1 ,edges 165516 ,x 18692
Aug -1 ,edges 165546 ,x 18692
Aug -1 ,edges 165642 ,x 18692
Aug -1 ,edges 165425 ,x 18692
Aug -1 ,edges 165590 ,x 18692
Aug -1 ,edges 165476 ,x 18692
Aug -1 ,edges 165449 ,x 18692
Aug -1 ,edges 165604 ,x 18692
Aug -1 ,edges 165634 ,x 18692
Aug -1 ,edges 165500 ,x 18692
Aug -1 ,edges 165609 ,x 18692
Epoch 00580: reducing learning rate of group 0 to 2.5000e-03.
Aug -1 ,edges 165538 ,x 18692
Aug -1 ,edges 165695 ,x 18692
Aug -1 ,edges 165543 ,x 18692
Aug -1 ,edges 165531 ,x 18692
Aug -1 ,edges 165550 ,x 18692
Aug -1 ,edges 165565 ,x 18692
Aug -1 ,edges 165501 ,x 18692
Aug -1 ,edges 165647 ,x 18692
Aug -1 ,edges 165448 ,x 18692
Aug -1 ,edges 165574 ,x 18692
Aug -1 ,edges 165547 ,x 18692
Aug -1 ,edges 165598 ,x 18692
Aug -1 ,edges 165569 ,x 18692
Aug -1 ,edges 165536 ,x 18692
Aug -1 ,edges 165478 ,x 18692
Aug -1 ,edges 165514 ,x 18692
Aug -1 ,edges 165538 ,x 18692
Aug -1 ,edges 165549 ,x 18692
Aug -1 ,edges 165704 ,x 18692
Aug -1 ,edges 165536 ,x 18692
Aug -1 ,edges 165640 ,x 18692
Aug -1 ,edges 165513 ,x 18692
Aug -1 ,edges 165560 ,x 18692
Aug -1 ,edges 165608 ,x 18692
Aug -1 ,edges 165549 ,x 18692
Aug -1 ,edges 165724 ,x 18692
Aug -1 ,edges 165575 ,x 18692
Aug -1 ,edges 165469 ,x 18692
Aug -1 ,edges 165569 ,x 18692
Aug -1 ,edges 165643 ,x 18692
Aug -1 ,edges 165490 ,x 18692
Aug -1 ,edges 165531 ,x 18692
Aug -1 ,edges 165588 ,x 18692
Aug -1 ,edges 165484 ,x 18692
Aug -1 ,edges 165568 ,x 18692
Aug -1 ,edges 165623 ,x 18692
Aug -1 ,edges 165539 ,x 18692
Aug -1 ,edges 165612 ,x 18692
Aug -1 ,edges 165535 ,x 18692
Aug -1 ,edges 165676 ,x 18692
Aug -1 ,edges 165619 ,x 18692
Aug -1 ,edges 165646 ,x 18692
Aug -1 ,edges 165625 ,x 18692
Aug -1 ,edges 165585 ,x 18692
Aug -1 ,edges 165647 ,x 18692
Aug -1 ,edges 165676 ,x 18692
Aug -1 ,edges 165606 ,x 18692
Aug -1 ,edges 165420 ,x 18692
Aug -1 ,edges 165690 ,x 18692
Aug -1 ,edges 165575 ,x 18692
Aug -1 ,edges 165320 ,x 18692
Aug -1 ,edges 165551 ,x 18692
Aug -1 ,edges 165673 ,x 18692
Aug -1 ,edges 165485 ,x 18692
Aug -1 ,edges 165612 ,x 18692
Aug -1 ,edges 165553 ,x 18692
Aug -1 ,edges 165587 ,x 18692
Aug -1 ,edges 165574 ,x 18692
Aug -1 ,edges 165584 ,x 18692
Aug -1 ,edges 165578 ,x 18692
Aug -1 ,edges 165522 ,x 18692
Aug -1 ,edges 165442 ,x 18692
Aug -1 ,edges 165593 ,x 18692
Aug -1 ,edges 165541 ,x 18692
Aug -1 ,edges 165615 ,x 18692
Aug -1 ,edges 165700 ,x 18692
Aug -1 ,edges 165367 ,x 18692
Aug -1 ,edges 165764 ,x 18692
Aug -1 ,edges 165555 ,x 18692
Aug -1 ,edges 165524 ,x 18692
Aug -1 ,edges 165609 ,x 18692
Aug -1 ,edges 165539 ,x 18692
Aug -1 ,edges 165514 ,x 18692
Aug -1 ,edges 165483 ,x 18692
Aug -1 ,edges 165654 ,x 18692
Aug -1 ,edges 165569 ,x 18692
Aug -1 ,edges 165615 ,x 18692
Aug -1 ,edges 165672 ,x 18692
Aug -1 ,edges 165532 ,x 18692
Aug -1 ,edges 165592 ,x 18692
Aug -1 ,edges 165755 ,x 18692
Aug -1 ,edges 165594 ,x 18692
Aug -1 ,edges 165575 ,x 18692
Aug -1 ,edges 165451 ,x 18692
Aug -1 ,edges 165511 ,x 18692
Aug -1 ,edges 165623 ,x 18692
Aug -1 ,edges 165493 ,x 18692
Aug -1 ,edges 165545 ,x 18692
Aug -1 ,edges 165601 ,x 18692
Aug -1 ,edges 165597 ,x 18692
Aug -1 ,edges 165603 ,x 18692
Aug -1 ,edges 165592 ,x 18692
Aug -1 ,edges 165493 ,x 18692
Aug -1 ,edges 165455 ,x 18692
Aug -1 ,edges 165552 ,x 18692
Aug -1 ,edges 165463 ,x 18692
Aug -1 ,edges 165602 ,x 18692
Aug -1 ,edges 165736 ,x 18692
Aug -1 ,edges 165476 ,x 18692
Aug -1 ,edges 165677 ,x 18692
Aug -1 ,edges 165574 ,x 18692
Aug -1 ,edges 165636 ,x 18692
Aug -1 ,edges 165536 ,x 18692
Aug -1 ,edges 165628 ,x 18692
Aug -1 ,edges 165477 ,x 18692
Aug -1 ,edges 165585 ,x 18692
Aug -1 ,edges 165608 ,x 18692
Aug -1 ,edges 165635 ,x 18692
Aug -1 ,edges 165657 ,x 18692
Aug -1 ,edges 165581 ,x 18692
Aug -1 ,edges 165543 ,x 18692
Aug -1 ,edges 165463 ,x 18692
Aug -1 ,edges 165689 ,x 18692
Aug -1 ,edges 165616 ,x 18692
Aug -1 ,edges 165607 ,x 18692
Aug -1 ,edges 165629 ,x 18692
Aug -1 ,edges 165556 ,x 18692
Aug -1 ,edges 165558 ,x 18692
Aug -1 ,edges 165600 ,x 18692
Aug -1 ,edges 165558 ,x 18692
Aug -1 ,edges 165522 ,x 18692
Aug -1 ,edges 165597 ,x 18692
Aug -1 ,edges 165544 ,x 18692
Aug -1 ,edges 165667 ,x 18692
Aug -1 ,edges 165578 ,x 18692
Aug -1 ,edges 165533 ,x 18692
Aug -1 ,edges 165536 ,x 18692
Aug -1 ,edges 165525 ,x 18692
Aug -1 ,edges 165673 ,x 18692
Aug -1 ,edges 165663 ,x 18692
Aug -1 ,edges 165645 ,x 18692
Aug -1 ,edges 165614 ,x 18692
Aug -1 ,edges 165503 ,x 18692
Aug -1 ,edges 165602 ,x 18692
Aug -1 ,edges 165623 ,x 18692
Aug -1 ,edges 165401 ,x 18692
Aug -1 ,edges 165517 ,x 18692
Aug -1 ,edges 165640 ,x 18692
Aug -1 ,edges 165542 ,x 18692
Aug -1 ,edges 165655 ,x 18692
Aug -1 ,edges 165543 ,x 18692
Aug -1 ,edges 165581 ,x 18692
Aug -1 ,edges 165594 ,x 18692
Aug -1 ,edges 165518 ,x 18692
Aug -1 ,edges 165642 ,x 18692
Aug -1 ,edges 165542 ,x 18692
Aug -1 ,edges 165551 ,x 18692
Aug -1 ,edges 165478 ,x 18692
Aug -1 ,edges 165480 ,x 18692
Aug -1 ,edges 165594 ,x 18692
Aug -1 ,edges 165646 ,x 18692
Aug -1 ,edges 165653 ,x 18692
Aug -1 ,edges 165567 ,x 18692
Aug -1 ,edges 165576 ,x 18692
Aug -1 ,edges 165590 ,x 18692
Aug -1 ,edges 165525 ,x 18692
Aug -1 ,edges 165555 ,x 18692
Aug -1 ,edges 165741 ,x 18692
Aug -1 ,edges 165531 ,x 18692
Aug -1 ,edges 165547 ,x 18692
Aug -1 ,edges 165657 ,x 18692
Aug -1 ,edges 165538 ,x 18692
Aug -1 ,edges 165580 ,x 18692
Aug -1 ,edges 165662 ,x 18692
Aug -1 ,edges 165615 ,x 18692
Aug -1 ,edges 165539 ,x 18692
Aug -1 ,edges 165576 ,x 18692
Aug -1 ,edges 165637 ,x 18692
Aug -1 ,edges 165653 ,x 18692
Aug -1 ,edges 165544 ,x 18692
Aug -1 ,edges 165583 ,x 18692
Aug -1 ,edges 165560 ,x 18692
Aug -1 ,edges 165610 ,x 18692
Aug -1 ,edges 165502 ,x 18692
Aug -1 ,edges 165573 ,x 18692
Aug -1 ,edges 165575 ,x 18692
Aug -1 ,edges 165588 ,x 18692
Aug -1 ,edges 165664 ,x 18692
Aug -1 ,edges 165444 ,x 18692
Aug -1 ,edges 165570 ,x 18692
Aug -1 ,edges 165489 ,x 18692
Aug -1 ,edges 165463 ,x 18692
Aug -1 ,edges 165607 ,x 18692
Aug -1 ,edges 165660 ,x 18692
Aug -1 ,edges 165675 ,x 18692
Aug -1 ,edges 165503 ,x 18692
Aug -1 ,edges 165599 ,x 18692
Aug -1 ,edges 165566 ,x 18692
Aug -1 ,edges 165621 ,x 18692
Aug -1 ,edges 165539 ,x 18692
Aug -1 ,edges 165589 ,x 18692
Aug -1 ,edges 165669 ,x 18692
Aug -1 ,edges 165726 ,x 18692
Aug -1 ,edges 165582 ,x 18692
Aug -1 ,edges 165516 ,x 18692
Aug -1 ,edges 165521 ,x 18692
Aug -1 ,edges 165527 ,x 18692
Aug -1 ,edges 165650 ,x 18692
Aug -1 ,edges 165591 ,x 18692
Aug -1 ,edges 165651 ,x 18692
Aug -1 ,edges 165620 ,x 18692
Epoch 00781: reducing learning rate of group 0 to 1.2500e-03.
Aug -1 ,edges 165563 ,x 18692
Aug -1 ,edges 165518 ,x 18692
Aug -1 ,edges 165620 ,x 18692
Aug -1 ,edges 165509 ,x 18692
Aug -1 ,edges 165493 ,x 18692
Aug -1 ,edges 165423 ,x 18692
Aug -1 ,edges 165595 ,x 18692
Aug -1 ,edges 165587 ,x 18692
Aug -1 ,edges 165533 ,x 18692
Aug -1 ,edges 165664 ,x 18692
Aug -1 ,edges 165520 ,x 18692
Aug -1 ,edges 165507 ,x 18692
Aug -1 ,edges 165581 ,x 18692
Aug -1 ,edges 165592 ,x 18692
Aug -1 ,edges 165656 ,x 18692
Aug -1 ,edges 165529 ,x 18692
Aug -1 ,edges 165683 ,x 18692
Aug -1 ,edges 165644 ,x 18692
Aug -1 ,edges 165519 ,x 18692
Aug -1 ,edges 165585 ,x 18692
Aug -1 ,edges 165579 ,x 18692
Aug -1 ,edges 165583 ,x 18692
Aug -1 ,edges 165604 ,x 18692
Aug -1 ,edges 165540 ,x 18692
Aug -1 ,edges 165617 ,x 18692
Aug -1 ,edges 165676 ,x 18692
Aug -1 ,edges 165606 ,x 18692
Aug -1 ,edges 165577 ,x 18692
Aug -1 ,edges 165668 ,x 18692
Aug -1 ,edges 165712 ,x 18692
Aug -1 ,edges 165496 ,x 18692
Aug -1 ,edges 165604 ,x 18692
Aug -1 ,edges 165553 ,x 18692
Aug -1 ,edges 165528 ,x 18692
Aug -1 ,edges 165562 ,x 18692
Aug -1 ,edges 165520 ,x 18692
Aug -1 ,edges 165602 ,x 18692
Aug -1 ,edges 165573 ,x 18692
Aug -1 ,edges 165648 ,x 18692
Aug -1 ,edges 165623 ,x 18692
Aug -1 ,edges 165603 ,x 18692
Aug -1 ,edges 165605 ,x 18692
Aug -1 ,edges 165571 ,x 18692
Aug -1 ,edges 165562 ,x 18692
Aug -1 ,edges 165604 ,x 18692
Aug -1 ,edges 165517 ,x 18692
Aug -1 ,edges 165568 ,x 18692
Aug -1 ,edges 165696 ,x 18692
Aug -1 ,edges 165606 ,x 18692
Aug -1 ,edges 165662 ,x 18692
Aug -1 ,edges 165648 ,x 18692
Aug -1 ,edges 165640 ,x 18692
Aug -1 ,edges 165575 ,x 18692
Aug -1 ,edges 165481 ,x 18692
Aug -1 ,edges 165466 ,x 18692
Aug -1 ,edges 165589 ,x 18692
Aug -1 ,edges 165539 ,x 18692
Aug -1 ,edges 165548 ,x 18692
Aug -1 ,edges 165542 ,x 18692
Aug -1 ,edges 165643 ,x 18692
Aug -1 ,edges 165703 ,x 18692
Aug -1 ,edges 165508 ,x 18692
Aug -1 ,edges 165540 ,x 18692
Aug -1 ,edges 165607 ,x 18692
Aug -1 ,edges 165567 ,x 18692
Aug -1 ,edges 165553 ,x 18692
Aug -1 ,edges 165604 ,x 18692
Aug -1 ,edges 165691 ,x 18692
Aug -1 ,edges 165540 ,x 18692
Aug -1 ,edges 165657 ,x 18692
Aug -1 ,edges 165459 ,x 18692
Aug -1 ,edges 165552 ,x 18692
Aug -1 ,edges 165576 ,x 18692
Aug -1 ,edges 165609 ,x 18692
Aug -1 ,edges 165638 ,x 18692
Aug -1 ,edges 165543 ,x 18692
Aug -1 ,edges 165558 ,x 18692
Aug -1 ,edges 165599 ,x 18692
Aug -1 ,edges 165540 ,x 18692
Aug -1 ,edges 165496 ,x 18692
Aug -1 ,edges 165554 ,x 18692
Aug -1 ,edges 165746 ,x 18692
Aug -1 ,edges 165494 ,x 18692
Aug -1 ,edges 165584 ,x 18692
Aug -1 ,edges 165667 ,x 18692
Aug -1 ,edges 165529 ,x 18692
Aug -1 ,edges 165575 ,x 18692
Aug -1 ,edges 165633 ,x 18692
Aug -1 ,edges 165585 ,x 18692
Aug -1 ,edges 165510 ,x 18692
Aug -1 ,edges 165464 ,x 18692
Aug -1 ,edges 165591 ,x 18692
Aug -1 ,edges 165601 ,x 18692
Aug -1 ,edges 165618 ,x 18692
Aug -1 ,edges 165563 ,x 18692
Aug -1 ,edges 165512 ,x 18692
Aug -1 ,edges 165619 ,x 18692
Aug -1 ,edges 165486 ,x 18692
Aug -1 ,edges 165511 ,x 18692
Aug -1 ,edges 165519 ,x 18692
Aug -1 ,edges 165662 ,x 18692
Aug -1 ,edges 165673 ,x 18692
Aug -1 ,edges 165567 ,x 18692
Aug -1 ,edges 165628 ,x 18692
Aug -1 ,edges 165474 ,x 18692
Aug -1 ,edges 165555 ,x 18692
Aug -1 ,edges 165565 ,x 18692
Aug -1 ,edges 165611 ,x 18692
Aug -1 ,edges 165647 ,x 18692
Aug -1 ,edges 165695 ,x 18692
Aug -1 ,edges 165640 ,x 18692
Aug -1 ,edges 165567 ,x 18692
Aug -1 ,edges 165664 ,x 18692
Aug -1 ,edges 165712 ,x 18692
Aug -1 ,edges 165630 ,x 18692
Aug -1 ,edges 165643 ,x 18692
Aug -1 ,edges 165514 ,x 18692
Aug -1 ,edges 165559 ,x 18692
Aug -1 ,edges 165547 ,x 18692
Aug -1 ,edges 165636 ,x 18692
Aug -1 ,edges 165545 ,x 18692
Aug -1 ,edges 165646 ,x 18692
Aug -1 ,edges 165730 ,x 18692
Aug -1 ,edges 165614 ,x 18692
Aug -1 ,edges 165652 ,x 18692
Aug -1 ,edges 165578 ,x 18692
Aug -1 ,edges 165503 ,x 18692
Aug -1 ,edges 165501 ,x 18692
Aug -1 ,edges 165481 ,x 18692
Aug -1 ,edges 165497 ,x 18692
Aug -1 ,edges 165671 ,x 18692
Aug -1 ,edges 165536 ,x 18692
Aug -1 ,edges 165560 ,x 18692
Aug -1 ,edges 165547 ,x 18692
Aug -1 ,edges 165590 ,x 18692
Aug -1 ,edges 165643 ,x 18692
Aug -1 ,edges 165497 ,x 18692
Aug -1 ,edges 165606 ,x 18692
Aug -1 ,edges 165577 ,x 18692
Aug -1 ,edges 165594 ,x 18692
Aug -1 ,edges 165617 ,x 18692
Aug -1 ,edges 165492 ,x 18692
Aug -1 ,edges 165581 ,x 18692
Aug -1 ,edges 165636 ,x 18692
Aug -1 ,edges 165604 ,x 18692
Aug -1 ,edges 165663 ,x 18692
Aug -1 ,edges 165482 ,x 18692
Aug -1 ,edges 165655 ,x 18692
Aug -1 ,edges 165655 ,x 18692
Aug -1 ,edges 165485 ,x 18692
Aug -1 ,edges 165573 ,x 18692
Aug -1 ,edges 165595 ,x 18692
Aug -1 ,edges 165706 ,x 18692
Aug -1 ,edges 165637 ,x 18692
Aug -1 ,edges 165589 ,x 18692
Aug -1 ,edges 165533 ,x 18692
Aug -1 ,edges 165464 ,x 18692
Aug -1 ,edges 165612 ,x 18692
Aug -1 ,edges 165515 ,x 18692
Aug -1 ,edges 165606 ,x 18692
Aug -1 ,edges 165586 ,x 18692
Aug -1 ,edges 165690 ,x 18692
Aug -1 ,edges 165535 ,x 18692
Aug -1 ,edges 165423 ,x 18692
Aug -1 ,edges 165526 ,x 18692
Aug -1 ,edges 165557 ,x 18692
Aug -1 ,edges 165548 ,x 18692
Aug -1 ,edges 165578 ,x 18692
Aug -1 ,edges 165644 ,x 18692
Aug -1 ,edges 165563 ,x 18692
Aug -1 ,edges 165573 ,x 18692
Aug -1 ,edges 165633 ,x 18692
Aug -1 ,edges 165532 ,x 18692
Aug -1 ,edges 165498 ,x 18692
Aug -1 ,edges 165600 ,x 18692
Aug -1 ,edges 165632 ,x 18692
Aug -1 ,edges 165596 ,x 18692
Aug -1 ,edges 165517 ,x 18692
Aug -1 ,edges 165562 ,x 18692
Aug -1 ,edges 165534 ,x 18692
Aug -1 ,edges 165462 ,x 18692
Aug -1 ,edges 165570 ,x 18692
Aug -1 ,edges 165498 ,x 18692
Aug -1 ,edges 165686 ,x 18692
Aug -1 ,edges 165640 ,x 18692
Aug -1 ,edges 165504 ,x 18692
Aug -1 ,edges 165611 ,x 18692
Aug -1 ,edges 165607 ,x 18692
Aug -1 ,edges 165559 ,x 18692
Aug -1 ,edges 165594 ,x 18692
Aug -1 ,edges 165557 ,x 18692
Aug -1 ,edges 165587 ,x 18692
Aug -1 ,edges 165606 ,x 18692
Aug -1 ,edges 165372 ,x 18692
Aug -1 ,edges 165510 ,x 18692
Aug -1 ,edges 165470 ,x 18692
Aug -1 ,edges 165650 ,x 18692
Aug -1 ,edges 165573 ,x 18692
Aug -1 ,edges 165593 ,x 18692
Aug -1 ,edges 165692 ,x 18692
Aug -1 ,edges 165526 ,x 18692
Epoch 00982: reducing learning rate of group 0 to 6.2500e-04.
Aug -1 ,edges 165546 ,x 18692
Aug -1 ,edges 165734 ,x 18692
Aug -1 ,edges 165537 ,x 18692
Aug -1 ,edges 165577 ,x 18692
Aug -1 ,edges 165640 ,x 18692
Aug -1 ,edges 165553 ,x 18692
Aug -1 ,edges 165587 ,x 18692
Aug -1 ,edges 165634 ,x 18692
Aug -1 ,edges 165489 ,x 18692
Aug -1 ,edges 165455 ,x 18692
Aug -1 ,edges 165500 ,x 18692
Aug -1 ,edges 165558 ,x 18692
Aug -1 ,edges 165618 ,x 18692
Aug -1 ,edges 165654 ,x 18692
Aug -1 ,edges 165627 ,x 18692
Aug -1 ,edges 165645 ,x 18692
Aug -1 ,edges 165627 ,x 18692
Aug -1 ,edges 165636 ,x 18692
Aug -1 ,edges 165499 ,x 18692
Aug -1 ,edges 165730 ,x 18692
Aug -1 ,edges 165512 ,x 18692
Aug -1 ,edges 165641 ,x 18692
Aug -1 ,edges 165586 ,x 18692
Aug -1 ,edges 165622 ,x 18692
Aug -1 ,edges 165610 ,x 18692
Aug -1 ,edges 165479 ,x 18692
Aug -1 ,edges 165622 ,x 18692
Aug -1 ,edges 165697 ,x 18692
Aug -1 ,edges 165722 ,x 18692
Aug -1 ,edges 165446 ,x 18692
Aug -1 ,edges 165630 ,x 18692
Aug -1 ,edges 165521 ,x 18692
Aug -1 ,edges 165643 ,x 18692
Aug -1 ,edges 165679 ,x 18692
Aug -1 ,edges 165582 ,x 18692
Aug -1 ,edges 165679 ,x 18692
Aug -1 ,edges 165519 ,x 18692
Aug -1 ,edges 165643 ,x 18692
Aug -1 ,edges 165514 ,x 18692
Aug -1 ,edges 165587 ,x 18692
Aug -1 ,edges 165700 ,x 18692
Aug -1 ,edges 165531 ,x 18692
Aug -1 ,edges 165555 ,x 18692
Aug -1 ,edges 165514 ,x 18692
Aug -1 ,edges 165526 ,x 18692
Aug -1 ,edges 165716 ,x 18692
Aug -1 ,edges 165514 ,x 18692
Aug -1 ,edges 165611 ,x 18692
Aug -1 ,edges 165541 ,x 18692
Aug -1 ,edges 165557 ,x 18692
Aug -1 ,edges 165491 ,x 18692
Aug -1 ,edges 165648 ,x 18692
Aug -1 ,edges 165598 ,x 18692
Aug -1 ,edges 165659 ,x 18692
Aug -1 ,edges 165652 ,x 18692
Aug -1 ,edges 165586 ,x 18692
Aug -1 ,edges 165578 ,x 18692
Aug -1 ,edges 165501 ,x 18692
Aug -1 ,edges 165551 ,x 18692
Aug -1 ,edges 165590 ,x 18692
Aug -1 ,edges 165558 ,x 18692
Aug -1 ,edges 165527 ,x 18692
Aug -1 ,edges 165565 ,x 18692
Aug -1 ,edges 165600 ,x 18692
Aug -1 ,edges 165613 ,x 18692
Aug -1 ,edges 165674 ,x 18692
Aug -1 ,edges 165615 ,x 18692
Aug -1 ,edges 165563 ,x 18692
Aug -1 ,edges 165590 ,x 18692
Aug -1 ,edges 165605 ,x 18692
Aug -1 ,edges 165548 ,x 18692
Aug -1 ,edges 165525 ,x 18692
Aug -1 ,edges 165478 ,x 18692
Aug -1 ,edges 165517 ,x 18692
Aug -1 ,edges 165560 ,x 18692
Aug -1 ,edges 165531 ,x 18692
Aug -1 ,edges 165636 ,x 18692
Aug -1 ,edges 165619 ,x 18692
Aug -1 ,edges 165498 ,x 18692
Aug -1 ,edges 165522 ,x 18692
Aug -1 ,edges 165520 ,x 18692
Aug -1 ,edges 165784 ,x 18692
Aug -1 ,edges 165547 ,x 18692
Aug -1 ,edges 165582 ,x 18692
Aug -1 ,edges 165552 ,x 18692
Aug -1 ,edges 165660 ,x 18692
Aug -1 ,edges 165625 ,x 18692
Aug -1 ,edges 165663 ,x 18692
Aug -1 ,edges 165628 ,x 18692
Aug -1 ,edges 165698 ,x 18692
Aug -1 ,edges 165611 ,x 18692
Aug -1 ,edges 165596 ,x 18692
Aug -1 ,edges 165545 ,x 18692
Aug -1 ,edges 165625 ,x 18692
Aug -1 ,edges 165669 ,x 18692
Aug -1 ,edges 165461 ,x 18692
Aug -1 ,edges 165633 ,x 18692
Aug -1 ,edges 165633 ,x 18692
Aug -1 ,edges 165625 ,x 18692
Aug -1 ,edges 165663 ,x 18692
Aug -1 ,edges 165592 ,x 18692
Aug -1 ,edges 165552 ,x 18692
Aug -1 ,edges 165699 ,x 18692
Aug -1 ,edges 165533 ,x 18692
Aug -1 ,edges 165596 ,x 18692
Aug -1 ,edges 165667 ,x 18692
Aug -1 ,edges 165507 ,x 18692
Aug -1 ,edges 165414 ,x 18692
Aug -1 ,edges 165580 ,x 18692
Aug -1 ,edges 165467 ,x 18692
Aug -1 ,edges 165641 ,x 18692
Aug -1 ,edges 165639 ,x 18692
Aug -1 ,edges 165610 ,x 18692
Aug -1 ,edges 165463 ,x 18692
Aug -1 ,edges 165559 ,x 18692
Aug -1 ,edges 165577 ,x 18692
Aug -1 ,edges 165502 ,x 18692
Aug -1 ,edges 165571 ,x 18692
Aug -1 ,edges 165614 ,x 18692
Aug -1 ,edges 165508 ,x 18692
Aug -1 ,edges 165661 ,x 18692
Aug -1 ,edges 165638 ,x 18692
Aug -1 ,edges 165571 ,x 18692
Aug -1 ,edges 165664 ,x 18692
Aug -1 ,edges 165578 ,x 18692
Aug -1 ,edges 165503 ,x 18692
Aug -1 ,edges 165540 ,x 18692
Aug -1 ,edges 165548 ,x 18692
Aug -1 ,edges 165618 ,x 18692
Aug -1 ,edges 165600 ,x 18692
Aug -1 ,edges 165561 ,x 18692
Aug -1 ,edges 165522 ,x 18692
Aug -1 ,edges 165635 ,x 18692
Aug -1 ,edges 165518 ,x 18692
Aug -1 ,edges 165525 ,x 18692
Aug -1 ,edges 165739 ,x 18692
Aug -1 ,edges 165576 ,x 18692
Aug -1 ,edges 165658 ,x 18692
Aug -1 ,edges 165619 ,x 18692
Aug -1 ,edges 165564 ,x 18692
Aug -1 ,edges 165777 ,x 18692
Aug -1 ,edges 165569 ,x 18692
Aug -1 ,edges 165546 ,x 18692
Aug -1 ,edges 165600 ,x 18692
Aug -1 ,edges 165631 ,x 18692
Aug -1 ,edges 165669 ,x 18692
Aug -1 ,edges 165653 ,x 18692
Aug -1 ,edges 165570 ,x 18692
Aug -1 ,edges 165608 ,x 18692
Aug -1 ,edges 165665 ,x 18692
Aug -1 ,edges 165533 ,x 18692
Aug -1 ,edges 165621 ,x 18692
Aug -1 ,edges 165598 ,x 18692
Aug -1 ,edges 165549 ,x 18692
Aug -1 ,edges 165533 ,x 18692
Aug -1 ,edges 165620 ,x 18692
Aug -1 ,edges 165445 ,x 18692
Aug -1 ,edges 165510 ,x 18692
Aug -1 ,edges 165526 ,x 18692
Aug -1 ,edges 165664 ,x 18692
Aug -1 ,edges 165465 ,x 18692
Aug -1 ,edges 165560 ,x 18692
Aug -1 ,edges 165454 ,x 18692
Aug -1 ,edges 165556 ,x 18692
Aug -1 ,edges 165652 ,x 18692
Aug -1 ,edges 165670 ,x 18692
Aug -1 ,edges 165712 ,x 18692
Aug -1 ,edges 165566 ,x 18692
Aug -1 ,edges 165489 ,x 18692
Aug -1 ,edges 165450 ,x 18692
Aug -1 ,edges 165624 ,x 18692
Aug -1 ,edges 165631 ,x 18692
Aug -1 ,edges 165523 ,x 18692
Aug -1 ,edges 165586 ,x 18692
Aug -1 ,edges 165642 ,x 18692
Aug -1 ,edges 165548 ,x 18692
Aug -1 ,edges 165475 ,x 18692
Aug -1 ,edges 165632 ,x 18692
Aug -1 ,edges 165562 ,x 18692
Aug -1 ,edges 165584 ,x 18692
Aug -1 ,edges 165547 ,x 18692
Aug -1 ,edges 165536 ,x 18692
Aug -1 ,edges 165548 ,x 18692
Aug -1 ,edges 165556 ,x 18692
Aug -1 ,edges 165630 ,x 18692
Aug -1 ,edges 165566 ,x 18692
Aug -1 ,edges 165515 ,x 18692
Aug -1 ,edges 165481 ,x 18692
Aug -1 ,edges 165612 ,x 18692
Aug -1 ,edges 165650 ,x 18692
Aug -1 ,edges 165542 ,x 18692
Aug -1 ,edges 165644 ,x 18692
Aug -1 ,edges 165641 ,x 18692
SAGE Coauthor-CS 100 Aug -1 EndEpoch 1175 lr 0.01
SHAsplit  0, acc: 12.09, bacc: 22.73, f1: 11.60
