CUDA Device Index: 0
Namespace(IsDirectedData=False, AugDirect=1, net='SAGE', GPUdevice=0, seed=100, undirect_dataset='Amazon-Computers', Direct_dataset='WikipediaNetwork/squirrel', imb_ratio=100, dropout=0.1, num_filter=2, layer=2, alpha=0.1, K=2, feat_dim=64, warmup=5, epoch=1500, lr=0.1, l2=0.0005, tau=2, max=False, no_mask=False, gdc='ppr', heads=8, log_root='../logs/', log_path='test', data_path='../dataset/data/tmp/')
GraphSAGE2(
  (conv1): SAGEConv(767, 64)
  (conv2): SAGEConv(64, 10)
)
test_f1 CountNotImproved reset to 0 in epoch 0
epoch:   0, val_loss:2.306656, acc: 1.14, bacc: 10.08, tmp_test_f1: 0.49, f1: 0.49
epoch:   1, val_loss:2.764404, acc: 1.14, bacc: 10.08, tmp_test_f1: 0.49, f1: 0.49
test_f1 CountNotImproved reset to 0 in epoch 2
epoch:   2, val_loss:4.490776, acc: 9.47, bacc: 10.00, tmp_test_f1: 1.73, f1: 1.73
test_f1 CountNotImproved reset to 0 in epoch 3
epoch:   3, val_loss:2.826637, acc: 15.87, bacc: 10.00, tmp_test_f1: 2.74, f1: 2.74
epoch:   4, val_loss:2.366102, acc: 15.87, bacc: 10.00, tmp_test_f1: 2.74, f1: 2.74
epoch:   5, val_loss:2.371043, acc: 15.87, bacc: 10.00, tmp_test_f1: 2.74, f1: 2.74
epoch:   6, val_loss:2.453246, acc: 15.87, bacc: 10.00, tmp_test_f1: 2.74, f1: 2.74
epoch:   7, val_loss:2.488711, acc: 15.87, bacc: 10.00, tmp_test_f1: 0.51, f1: 2.74
epoch:   8, val_loss:2.456772, acc: 15.87, bacc: 10.00, tmp_test_f1: 0.17, f1: 2.74
epoch:   9, val_loss:2.431618, acc: 15.87, bacc: 10.00, tmp_test_f1: 0.17, f1: 2.74
epoch:  10, val_loss:2.428157, acc: 15.87, bacc: 10.00, tmp_test_f1: 0.17, f1: 2.74
epoch:  11, val_loss:2.447987, acc: 15.87, bacc: 10.00, tmp_test_f1: 0.17, f1: 2.74
epoch:  12, val_loss:2.470470, acc: 15.87, bacc: 10.00, tmp_test_f1: 0.17, f1: 2.74
epoch:  13, val_loss:2.461040, acc: 15.87, bacc: 10.00, tmp_test_f1: 0.17, f1: 2.74
epoch:  14, val_loss:2.452676, acc: 15.87, bacc: 10.00, tmp_test_f1: 0.17, f1: 2.74
epoch:  15, val_loss:2.426330, acc: 15.87, bacc: 10.00, tmp_test_f1: 0.17, f1: 2.74
epoch:  16, val_loss:2.416922, acc: 15.87, bacc: 10.00, tmp_test_f1: 0.17, f1: 2.74
epoch:  17, val_loss:2.417023, acc: 15.87, bacc: 10.00, tmp_test_f1: 0.17, f1: 2.74
epoch:  18, val_loss:2.411331, acc: 15.87, bacc: 10.00, tmp_test_f1: 0.22, f1: 2.74
epoch:  19, val_loss:2.377674, acc: 15.87, bacc: 10.00, tmp_test_f1: 1.88, f1: 2.74
test_f1 CountNotImproved reset to 0 in epoch 20
epoch:  20, val_loss:2.341204, acc: 5.27, bacc: 12.77, tmp_test_f1: 4.50, f1: 4.50
test_f1 CountNotImproved reset to 0 in epoch 21
epoch:  21, val_loss:2.311899, acc: 7.40, bacc: 14.12, tmp_test_f1: 5.71, f1: 5.71
epoch:  22, val_loss:2.330761, acc: 7.40, bacc: 14.12, tmp_test_f1: 4.88, f1: 5.71
epoch:  23, val_loss:2.354108, acc: 7.40, bacc: 14.12, tmp_test_f1: 5.65, f1: 5.71
test_f1 CountNotImproved reset to 0 in epoch 24
epoch:  24, val_loss:2.291061, acc: 12.64, bacc: 17.41, tmp_test_f1: 6.11, f1: 6.11
test_f1 CountNotImproved reset to 0 in epoch 25
epoch:  25, val_loss:2.211895, acc: 9.25, bacc: 15.28, tmp_test_f1: 6.26, f1: 6.26
epoch:  26, val_loss:2.213640, acc: 9.25, bacc: 15.28, tmp_test_f1: 6.18, f1: 6.26
epoch:  27, val_loss:2.228969, acc: 9.25, bacc: 15.28, tmp_test_f1: 5.43, f1: 6.26
epoch:  28, val_loss:2.169896, acc: 9.25, bacc: 15.28, tmp_test_f1: 5.95, f1: 6.26
test_f1 CountNotImproved reset to 0 in epoch 29
epoch:  29, val_loss:2.139725, acc: 13.67, bacc: 19.35, tmp_test_f1: 7.90, f1: 7.90
test_f1 CountNotImproved reset to 0 in epoch 30
epoch:  30, val_loss:2.132142, acc: 16.75, bacc: 27.22, tmp_test_f1: 13.77, f1: 13.77
test_f1 CountNotImproved reset to 0 in epoch 31
epoch:  31, val_loss:2.107929, acc: 11.04, bacc: 24.08, tmp_test_f1: 14.18, f1: 14.18
epoch:  32, val_loss:2.125772, acc: 11.04, bacc: 24.08, tmp_test_f1: 13.58, f1: 14.18
epoch:  33, val_loss:2.013836, acc: 11.04, bacc: 24.08, tmp_test_f1: 10.15, f1: 14.18
epoch:  34, val_loss:2.086812, acc: 11.04, bacc: 24.08, tmp_test_f1: 14.15, f1: 14.18
epoch:  35, val_loss:1.968211, acc: 11.04, bacc: 24.08, tmp_test_f1: 13.92, f1: 14.18
test_f1 CountNotImproved reset to 0 in epoch 36
epoch:  36, val_loss:1.937410, acc: 11.73, bacc: 24.52, tmp_test_f1: 14.27, f1: 14.27
epoch:  37, val_loss:2.055114, acc: 11.73, bacc: 24.52, tmp_test_f1: 12.72, f1: 14.27
epoch:  38, val_loss:1.915068, acc: 11.73, bacc: 24.52, tmp_test_f1: 11.89, f1: 14.27
epoch:  39, val_loss:1.932784, acc: 11.73, bacc: 24.52, tmp_test_f1: 14.16, f1: 14.27
test_f1 CountNotImproved reset to 0 in epoch 40
epoch:  40, val_loss:1.959496, acc: 17.85, bacc: 28.53, tmp_test_f1: 14.27, f1: 14.27
epoch:  41, val_loss:1.884747, acc: 17.85, bacc: 28.53, tmp_test_f1: 14.25, f1: 14.27
test_f1 CountNotImproved reset to 0 in epoch 42
epoch:  42, val_loss:1.858559, acc: 25.67, bacc: 33.83, tmp_test_f1: 19.73, f1: 19.73
epoch:  43, val_loss:1.798356, acc: 25.67, bacc: 33.83, tmp_test_f1: 14.58, f1: 19.73
epoch:  44, val_loss:1.894439, acc: 25.67, bacc: 33.83, tmp_test_f1: 14.04, f1: 19.73
epoch:  45, val_loss:1.802298, acc: 25.67, bacc: 33.83, tmp_test_f1: 11.62, f1: 19.73
epoch:  46, val_loss:1.697654, acc: 25.67, bacc: 33.83, tmp_test_f1: 14.52, f1: 19.73
epoch:  47, val_loss:1.765505, acc: 25.67, bacc: 33.83, tmp_test_f1: 14.36, f1: 19.73
epoch:  48, val_loss:1.748521, acc: 25.67, bacc: 33.83, tmp_test_f1: 19.51, f1: 19.73
epoch:  49, val_loss:1.702407, acc: 25.67, bacc: 33.83, tmp_test_f1: 14.39, f1: 19.73
test_f1 CountNotImproved reset to 0 in epoch 50
epoch:  50, val_loss:1.697136, acc: 22.86, bacc: 38.72, tmp_test_f1: 22.30, f1: 22.30
epoch:  51, val_loss:1.592273, acc: 22.86, bacc: 38.72, tmp_test_f1: 16.61, f1: 22.30
epoch:  52, val_loss:1.758678, acc: 22.86, bacc: 38.72, tmp_test_f1: 17.33, f1: 22.30
epoch:  53, val_loss:1.671935, acc: 22.86, bacc: 38.72, tmp_test_f1: 15.83, f1: 22.30
epoch:  54, val_loss:1.552777, acc: 22.86, bacc: 38.72, tmp_test_f1: 18.17, f1: 22.30
test_f1 CountNotImproved reset to 0 in epoch 55
epoch:  55, val_loss:1.680666, acc: 25.97, bacc: 39.64, tmp_test_f1: 26.34, f1: 26.34
test_f1 CountNotImproved reset to 0 in epoch 56
epoch:  56, val_loss:1.514050, acc: 45.84, bacc: 45.28, tmp_test_f1: 31.22, f1: 31.22
epoch:  57, val_loss:1.559740, acc: 45.84, bacc: 45.28, tmp_test_f1: 17.01, f1: 31.22
epoch:  58, val_loss:1.751926, acc: 45.84, bacc: 45.28, tmp_test_f1: 21.21, f1: 31.22
epoch:  59, val_loss:1.522388, acc: 45.84, bacc: 45.28, tmp_test_f1: 16.02, f1: 31.22
test_f1 CountNotImproved reset to 0 in epoch 60
epoch:  60, val_loss:1.619677, acc: 43.00, bacc: 44.52, tmp_test_f1: 34.41, f1: 34.41
epoch:  61, val_loss:1.415472, acc: 43.00, bacc: 44.52, tmp_test_f1: 27.82, f1: 34.41
epoch:  62, val_loss:1.490545, acc: 43.00, bacc: 44.52, tmp_test_f1: 27.26, f1: 34.41
epoch:  63, val_loss:1.440375, acc: 43.00, bacc: 44.52, tmp_test_f1: 27.90, f1: 34.41
epoch:  64, val_loss:1.428835, acc: 43.00, bacc: 44.52, tmp_test_f1: 23.50, f1: 34.41
epoch:  65, val_loss:1.456393, acc: 43.00, bacc: 44.52, tmp_test_f1: 28.22, f1: 34.41
epoch:  66, val_loss:1.488926, acc: 43.00, bacc: 44.52, tmp_test_f1: 33.59, f1: 34.41
test_f1 CountNotImproved reset to 0 in epoch 67
epoch:  67, val_loss:1.366041, acc: 36.49, bacc: 47.97, tmp_test_f1: 36.52, f1: 36.52
test_f1 CountNotImproved reset to 0 in epoch 68
epoch:  68, val_loss:1.348341, acc: 39.65, bacc: 48.82, tmp_test_f1: 36.60, f1: 36.60
epoch:  69, val_loss:1.438838, acc: 39.65, bacc: 48.82, tmp_test_f1: 36.45, f1: 36.60
epoch:  70, val_loss:1.352530, acc: 39.65, bacc: 48.82, tmp_test_f1: 29.44, f1: 36.60
epoch:  71, val_loss:1.380218, acc: 39.65, bacc: 48.82, tmp_test_f1: 22.13, f1: 36.60
test_f1 CountNotImproved reset to 0 in epoch 72
epoch:  72, val_loss:1.353865, acc: 50.67, bacc: 51.54, tmp_test_f1: 41.82, f1: 41.82
epoch:  73, val_loss:1.344021, acc: 50.67, bacc: 51.54, tmp_test_f1: 34.14, f1: 41.82
test_f1 CountNotImproved reset to 0 in epoch 74
epoch:  74, val_loss:1.400004, acc: 56.16, bacc: 62.00, tmp_test_f1: 44.15, f1: 44.15
epoch:  75, val_loss:1.278886, acc: 56.16, bacc: 62.00, tmp_test_f1: 42.62, f1: 44.15
test_f1 CountNotImproved reset to 0 in epoch 76
epoch:  76, val_loss:1.269953, acc: 46.93, bacc: 58.95, tmp_test_f1: 48.22, f1: 48.22
epoch:  77, val_loss:1.234206, acc: 46.93, bacc: 58.95, tmp_test_f1: 45.23, f1: 48.22
epoch:  78, val_loss:1.245471, acc: 46.93, bacc: 58.95, tmp_test_f1: 37.03, f1: 48.22
epoch:  79, val_loss:1.317129, acc: 46.93, bacc: 58.95, tmp_test_f1: 46.37, f1: 48.22
epoch:  80, val_loss:1.293757, acc: 46.93, bacc: 58.95, tmp_test_f1: 39.91, f1: 48.22
epoch:  81, val_loss:1.251298, acc: 46.93, bacc: 58.95, tmp_test_f1: 43.96, f1: 48.22
epoch:  82, val_loss:1.249902, acc: 46.93, bacc: 58.95, tmp_test_f1: 45.27, f1: 48.22
epoch:  83, val_loss:1.319796, acc: 46.93, bacc: 58.95, tmp_test_f1: 42.63, f1: 48.22
test_f1 CountNotImproved reset to 0 in epoch 84
epoch:  84, val_loss:1.202625, acc: 46.11, bacc: 57.55, tmp_test_f1: 49.01, f1: 49.01
epoch:  85, val_loss:1.215146, acc: 46.11, bacc: 57.55, tmp_test_f1: 44.69, f1: 49.01
epoch:  86, val_loss:1.280793, acc: 46.11, bacc: 57.55, tmp_test_f1: 39.23, f1: 49.01
test_f1 CountNotImproved reset to 0 in epoch 87
epoch:  87, val_loss:1.191439, acc: 48.71, bacc: 68.99, tmp_test_f1: 55.77, f1: 55.77
epoch:  88, val_loss:1.157242, acc: 48.71, bacc: 68.99, tmp_test_f1: 42.92, f1: 55.77
epoch:  89, val_loss:1.338694, acc: 48.71, bacc: 68.99, tmp_test_f1: 43.21, f1: 55.77
epoch:  90, val_loss:1.187726, acc: 48.71, bacc: 68.99, tmp_test_f1: 47.82, f1: 55.77
epoch:  91, val_loss:1.176100, acc: 48.71, bacc: 68.99, tmp_test_f1: 36.86, f1: 55.77
epoch:  92, val_loss:1.172166, acc: 48.71, bacc: 68.99, tmp_test_f1: 17.47, f1: 55.77
epoch:  93, val_loss:1.832324, acc: 48.71, bacc: 68.99, tmp_test_f1: 49.67, f1: 55.77
epoch:  94, val_loss:1.375238, acc: 48.71, bacc: 68.99, tmp_test_f1: 31.19, f1: 55.77
epoch:  95, val_loss:1.597311, acc: 48.71, bacc: 68.99, tmp_test_f1: 18.26, f1: 55.77
epoch:  96, val_loss:1.898004, acc: 48.71, bacc: 68.99, tmp_test_f1: 37.07, f1: 55.77
epoch:  97, val_loss:1.273803, acc: 48.71, bacc: 68.99, tmp_test_f1: 33.74, f1: 55.77
epoch:  98, val_loss:1.261362, acc: 48.71, bacc: 68.99, tmp_test_f1: 42.04, f1: 55.77
epoch:  99, val_loss:1.646277, acc: 48.71, bacc: 68.99, tmp_test_f1: 36.14, f1: 55.77
epoch: 100, val_loss:1.516716, acc: 48.71, bacc: 68.99, tmp_test_f1: 45.82, f1: 55.77
epoch: 101, val_loss:1.294467, acc: 48.71, bacc: 68.99, tmp_test_f1: 51.47, f1: 55.77
epoch: 102, val_loss:1.046740, acc: 48.71, bacc: 68.99, tmp_test_f1: 34.93, f1: 55.77
epoch: 103, val_loss:1.398032, acc: 48.71, bacc: 68.99, tmp_test_f1: 29.35, f1: 55.77
epoch: 104, val_loss:1.580625, acc: 48.71, bacc: 68.99, tmp_test_f1: 52.71, f1: 55.77
epoch: 105, val_loss:1.095306, acc: 48.71, bacc: 68.99, tmp_test_f1: 47.36, f1: 55.77
epoch: 106, val_loss:1.110238, acc: 48.71, bacc: 68.99, tmp_test_f1: 41.18, f1: 55.77
epoch: 107, val_loss:1.083662, acc: 48.71, bacc: 68.99, tmp_test_f1: 42.54, f1: 55.77
epoch: 108, val_loss:1.375904, acc: 48.71, bacc: 68.99, tmp_test_f1: 49.67, f1: 55.77
epoch: 109, val_loss:1.148808, acc: 48.71, bacc: 68.99, tmp_test_f1: 52.86, f1: 55.77
epoch: 110, val_loss:0.989230, acc: 48.71, bacc: 68.99, tmp_test_f1: 46.81, f1: 55.77
epoch: 111, val_loss:1.029197, acc: 48.71, bacc: 68.99, tmp_test_f1: 50.55, f1: 55.77
epoch: 112, val_loss:1.050687, acc: 48.71, bacc: 68.99, tmp_test_f1: 48.14, f1: 55.77
epoch: 113, val_loss:1.155498, acc: 48.71, bacc: 68.99, tmp_test_f1: 43.25, f1: 55.77
epoch: 114, val_loss:1.191963, acc: 48.71, bacc: 68.99, tmp_test_f1: 43.68, f1: 55.77
epoch: 115, val_loss:1.078541, acc: 48.71, bacc: 68.99, tmp_test_f1: 51.67, f1: 55.77
test_f1 CountNotImproved reset to 0 in epoch 116
epoch: 116, val_loss:1.011160, acc: 61.36, bacc: 73.67, tmp_test_f1: 59.46, f1: 59.46
epoch: 117, val_loss:0.991321, acc: 61.36, bacc: 73.67, tmp_test_f1: 49.60, f1: 59.46
epoch: 118, val_loss:1.097543, acc: 61.36, bacc: 73.67, tmp_test_f1: 48.06, f1: 59.46
epoch: 119, val_loss:1.170738, acc: 61.36, bacc: 73.67, tmp_test_f1: 51.77, f1: 59.46
epoch: 120, val_loss:1.068956, acc: 61.36, bacc: 73.67, tmp_test_f1: 55.13, f1: 59.46
epoch: 121, val_loss:1.030458, acc: 61.36, bacc: 73.67, tmp_test_f1: 49.18, f1: 59.46
epoch: 122, val_loss:1.093446, acc: 61.36, bacc: 73.67, tmp_test_f1: 43.01, f1: 59.46
epoch: 123, val_loss:1.127136, acc: 61.36, bacc: 73.67, tmp_test_f1: 43.62, f1: 59.46
epoch: 124, val_loss:1.111872, acc: 61.36, bacc: 73.67, tmp_test_f1: 56.05, f1: 59.46
test_f1 CountNotImproved reset to 0 in epoch 125
epoch: 125, val_loss:1.087110, acc: 60.24, bacc: 73.00, tmp_test_f1: 60.14, f1: 60.14
epoch: 126, val_loss:1.046939, acc: 60.24, bacc: 73.00, tmp_test_f1: 55.21, f1: 60.14
epoch: 127, val_loss:1.009797, acc: 60.24, bacc: 73.00, tmp_test_f1: 48.06, f1: 60.14
epoch: 128, val_loss:1.083360, acc: 60.24, bacc: 73.00, tmp_test_f1: 54.60, f1: 60.14
epoch: 129, val_loss:1.017259, acc: 60.24, bacc: 73.00, tmp_test_f1: 54.83, f1: 60.14
epoch: 130, val_loss:1.027014, acc: 60.24, bacc: 73.00, tmp_test_f1: 54.97, f1: 60.14
epoch: 131, val_loss:1.038755, acc: 60.24, bacc: 73.00, tmp_test_f1: 49.94, f1: 60.14
epoch: 132, val_loss:1.030703, acc: 60.24, bacc: 73.00, tmp_test_f1: 50.69, f1: 60.14
epoch: 133, val_loss:1.052288, acc: 60.24, bacc: 73.00, tmp_test_f1: 59.01, f1: 60.14
epoch: 134, val_loss:0.974876, acc: 60.24, bacc: 73.00, tmp_test_f1: 55.05, f1: 60.14
epoch: 135, val_loss:0.961871, acc: 60.24, bacc: 73.00, tmp_test_f1: 49.18, f1: 60.14
epoch: 136, val_loss:1.061773, acc: 60.24, bacc: 73.00, tmp_test_f1: 55.84, f1: 60.14
test_f1 CountNotImproved reset to 0 in epoch 137
epoch: 137, val_loss:1.004724, acc: 66.36, bacc: 76.19, tmp_test_f1: 65.15, f1: 65.15
epoch: 138, val_loss:0.961770, acc: 66.36, bacc: 76.19, tmp_test_f1: 49.51, f1: 65.15
epoch: 139, val_loss:1.051432, acc: 66.36, bacc: 76.19, tmp_test_f1: 48.81, f1: 65.15
epoch: 140, val_loss:0.961029, acc: 66.36, bacc: 76.19, tmp_test_f1: 52.62, f1: 65.15
epoch: 141, val_loss:0.972303, acc: 66.36, bacc: 76.19, tmp_test_f1: 44.70, f1: 65.15
epoch: 142, val_loss:1.123118, acc: 66.36, bacc: 76.19, tmp_test_f1: 49.26, f1: 65.15
epoch: 143, val_loss:0.997042, acc: 66.36, bacc: 76.19, tmp_test_f1: 54.14, f1: 65.15
epoch: 144, val_loss:0.961278, acc: 66.36, bacc: 76.19, tmp_test_f1: 53.88, f1: 65.15
epoch: 145, val_loss:0.999111, acc: 66.36, bacc: 76.19, tmp_test_f1: 53.67, f1: 65.15
epoch: 146, val_loss:1.015428, acc: 66.36, bacc: 76.19, tmp_test_f1: 56.41, f1: 65.15
epoch: 147, val_loss:0.926207, acc: 66.36, bacc: 76.19, tmp_test_f1: 50.08, f1: 65.15
epoch: 148, val_loss:0.990109, acc: 66.36, bacc: 76.19, tmp_test_f1: 47.33, f1: 65.15
epoch: 149, val_loss:1.051370, acc: 66.36, bacc: 76.19, tmp_test_f1: 59.15, f1: 65.15
epoch: 150, val_loss:0.937368, acc: 66.36, bacc: 76.19, tmp_test_f1: 50.37, f1: 65.15
epoch: 151, val_loss:1.057554, acc: 66.36, bacc: 76.19, tmp_test_f1: 54.10, f1: 65.15
epoch: 152, val_loss:0.933016, acc: 66.36, bacc: 76.19, tmp_test_f1: 48.78, f1: 65.15
epoch: 153, val_loss:1.076214, acc: 66.36, bacc: 76.19, tmp_test_f1: 55.58, f1: 65.15
epoch: 154, val_loss:1.052617, acc: 66.36, bacc: 76.19, tmp_test_f1: 56.98, f1: 65.15
epoch: 155, val_loss:0.939653, acc: 66.36, bacc: 76.19, tmp_test_f1: 45.19, f1: 65.15
epoch: 156, val_loss:1.119654, acc: 66.36, bacc: 76.19, tmp_test_f1: 44.71, f1: 65.15
epoch: 157, val_loss:1.200273, acc: 66.36, bacc: 76.19, tmp_test_f1: 60.45, f1: 65.15
epoch: 158, val_loss:1.012527, acc: 66.36, bacc: 76.19, tmp_test_f1: 47.51, f1: 65.15
epoch: 159, val_loss:1.026947, acc: 66.36, bacc: 76.19, tmp_test_f1: 42.24, f1: 65.15
test_f1 CountNotImproved reset to 0 in epoch 160
epoch: 160, val_loss:1.373642, acc: 73.33, bacc: 79.74, tmp_test_f1: 70.79, f1: 70.79
epoch: 161, val_loss:0.894364, acc: 73.33, bacc: 79.74, tmp_test_f1: 57.63, f1: 70.79
epoch: 162, val_loss:0.965321, acc: 73.33, bacc: 79.74, tmp_test_f1: 38.16, f1: 70.79
epoch: 163, val_loss:1.379732, acc: 73.33, bacc: 79.74, tmp_test_f1: 50.05, f1: 70.79
epoch: 164, val_loss:1.306041, acc: 73.33, bacc: 79.74, tmp_test_f1: 41.32, f1: 70.79
epoch: 165, val_loss:1.148513, acc: 73.33, bacc: 79.74, tmp_test_f1: 49.82, f1: 70.79
epoch: 166, val_loss:1.063942, acc: 73.33, bacc: 79.74, tmp_test_f1: 48.35, f1: 70.79
epoch: 167, val_loss:1.039443, acc: 73.33, bacc: 79.74, tmp_test_f1: 50.08, f1: 70.79
epoch: 168, val_loss:1.112157, acc: 73.33, bacc: 79.74, tmp_test_f1: 43.79, f1: 70.79
epoch: 169, val_loss:1.009264, acc: 73.33, bacc: 79.74, tmp_test_f1: 60.59, f1: 70.79
epoch: 170, val_loss:0.988943, acc: 73.33, bacc: 79.74, tmp_test_f1: 43.22, f1: 70.79
epoch: 171, val_loss:1.128508, acc: 73.33, bacc: 79.74, tmp_test_f1: 46.77, f1: 70.79
epoch: 172, val_loss:1.105528, acc: 73.33, bacc: 79.74, tmp_test_f1: 35.94, f1: 70.79
epoch: 173, val_loss:1.310687, acc: 73.33, bacc: 79.74, tmp_test_f1: 54.34, f1: 70.79
epoch: 174, val_loss:0.976349, acc: 73.33, bacc: 79.74, tmp_test_f1: 54.33, f1: 70.79
epoch: 175, val_loss:0.995179, acc: 73.33, bacc: 79.74, tmp_test_f1: 59.31, f1: 70.79
epoch: 176, val_loss:0.883409, acc: 73.33, bacc: 79.74, tmp_test_f1: 40.19, f1: 70.79
epoch: 177, val_loss:1.132358, acc: 73.33, bacc: 79.74, tmp_test_f1: 52.04, f1: 70.79
epoch: 178, val_loss:1.077703, acc: 73.33, bacc: 79.74, tmp_test_f1: 59.74, f1: 70.79
epoch: 179, val_loss:0.917062, acc: 73.33, bacc: 79.74, tmp_test_f1: 50.84, f1: 70.79
epoch: 180, val_loss:1.003330, acc: 73.33, bacc: 79.74, tmp_test_f1: 54.81, f1: 70.79
epoch: 181, val_loss:0.881496, acc: 73.33, bacc: 79.74, tmp_test_f1: 52.09, f1: 70.79
epoch: 182, val_loss:1.037728, acc: 73.33, bacc: 79.74, tmp_test_f1: 48.48, f1: 70.79
epoch: 183, val_loss:0.959794, acc: 73.33, bacc: 79.74, tmp_test_f1: 54.25, f1: 70.79
epoch: 184, val_loss:0.946622, acc: 73.33, bacc: 79.74, tmp_test_f1: 66.61, f1: 70.79
epoch: 185, val_loss:0.815682, acc: 73.33, bacc: 79.74, tmp_test_f1: 52.11, f1: 70.79
epoch: 186, val_loss:0.970291, acc: 73.33, bacc: 79.74, tmp_test_f1: 47.31, f1: 70.79
epoch: 187, val_loss:1.021425, acc: 73.33, bacc: 79.74, tmp_test_f1: 49.42, f1: 70.79
epoch: 188, val_loss:0.951454, acc: 73.33, bacc: 79.74, tmp_test_f1: 54.91, f1: 70.79
epoch: 189, val_loss:0.919982, acc: 73.33, bacc: 79.74, tmp_test_f1: 47.19, f1: 70.79
epoch: 190, val_loss:1.095521, acc: 73.33, bacc: 79.74, tmp_test_f1: 58.33, f1: 70.79
epoch: 191, val_loss:0.883565, acc: 73.33, bacc: 79.74, tmp_test_f1: 57.13, f1: 70.79
epoch: 192, val_loss:0.875341, acc: 73.33, bacc: 79.74, tmp_test_f1: 51.79, f1: 70.79
epoch: 193, val_loss:1.000503, acc: 73.33, bacc: 79.74, tmp_test_f1: 50.09, f1: 70.79
epoch: 194, val_loss:1.049957, acc: 73.33, bacc: 79.74, tmp_test_f1: 53.31, f1: 70.79
epoch: 195, val_loss:0.912478, acc: 73.33, bacc: 79.74, tmp_test_f1: 48.05, f1: 70.79
epoch: 196, val_loss:0.966391, acc: 73.33, bacc: 79.74, tmp_test_f1: 55.47, f1: 70.79
epoch: 197, val_loss:0.927906, acc: 73.33, bacc: 79.74, tmp_test_f1: 59.33, f1: 70.79
epoch: 198, val_loss:0.923022, acc: 73.33, bacc: 79.74, tmp_test_f1: 48.20, f1: 70.79
epoch: 199, val_loss:0.936119, acc: 73.33, bacc: 79.74, tmp_test_f1: 48.73, f1: 70.79
epoch: 200, val_loss:0.948095, acc: 73.33, bacc: 79.74, tmp_test_f1: 51.17, f1: 70.79
epoch: 201, val_loss:0.969543, acc: 73.33, bacc: 79.74, tmp_test_f1: 61.15, f1: 70.79
epoch: 202, val_loss:0.906684, acc: 73.33, bacc: 79.74, tmp_test_f1: 44.84, f1: 70.79
epoch: 203, val_loss:0.940480, acc: 73.33, bacc: 79.74, tmp_test_f1: 53.06, f1: 70.79
epoch: 204, val_loss:0.943347, acc: 73.33, bacc: 79.74, tmp_test_f1: 55.28, f1: 70.79
epoch: 205, val_loss:0.951668, acc: 73.33, bacc: 79.74, tmp_test_f1: 57.66, f1: 70.79
epoch: 206, val_loss:0.872681, acc: 73.33, bacc: 79.74, tmp_test_f1: 43.66, f1: 70.79
epoch: 207, val_loss:0.952620, acc: 73.33, bacc: 79.74, tmp_test_f1: 45.06, f1: 70.79
epoch: 208, val_loss:1.147569, acc: 73.33, bacc: 79.74, tmp_test_f1: 62.91, f1: 70.79
epoch: 209, val_loss:0.861381, acc: 73.33, bacc: 79.74, tmp_test_f1: 57.84, f1: 70.79
epoch: 210, val_loss:0.868541, acc: 73.33, bacc: 79.74, tmp_test_f1: 52.50, f1: 70.79
epoch: 211, val_loss:0.999614, acc: 73.33, bacc: 79.74, tmp_test_f1: 50.56, f1: 70.79
epoch: 212, val_loss:0.993994, acc: 73.33, bacc: 79.74, tmp_test_f1: 51.69, f1: 70.79
epoch: 213, val_loss:0.951786, acc: 73.33, bacc: 79.74, tmp_test_f1: 48.58, f1: 70.79
epoch: 214, val_loss:0.941495, acc: 73.33, bacc: 79.74, tmp_test_f1: 48.49, f1: 70.79
epoch: 215, val_loss:1.057004, acc: 73.33, bacc: 79.74, tmp_test_f1: 54.53, f1: 70.79
epoch: 216, val_loss:0.906093, acc: 73.33, bacc: 79.74, tmp_test_f1: 54.25, f1: 70.79
epoch: 217, val_loss:0.838014, acc: 73.33, bacc: 79.74, tmp_test_f1: 57.98, f1: 70.79
epoch: 218, val_loss:0.882354, acc: 73.33, bacc: 79.74, tmp_test_f1: 49.42, f1: 70.79
epoch: 219, val_loss:1.024157, acc: 73.33, bacc: 79.74, tmp_test_f1: 48.31, f1: 70.79
epoch: 220, val_loss:0.946091, acc: 73.33, bacc: 79.74, tmp_test_f1: 51.54, f1: 70.79
epoch: 221, val_loss:0.934286, acc: 73.33, bacc: 79.74, tmp_test_f1: 58.02, f1: 70.79
epoch: 222, val_loss:0.871762, acc: 73.33, bacc: 79.74, tmp_test_f1: 59.13, f1: 70.79
epoch: 223, val_loss:0.839131, acc: 73.33, bacc: 79.74, tmp_test_f1: 46.09, f1: 70.79
epoch: 224, val_loss:1.063575, acc: 73.33, bacc: 79.74, tmp_test_f1: 62.29, f1: 70.79
epoch: 225, val_loss:0.936054, acc: 73.33, bacc: 79.74, tmp_test_f1: 47.20, f1: 70.79
epoch: 226, val_loss:1.096774, acc: 73.33, bacc: 79.74, tmp_test_f1: 45.62, f1: 70.79
epoch: 227, val_loss:1.125376, acc: 73.33, bacc: 79.74, tmp_test_f1: 52.70, f1: 70.79
epoch: 228, val_loss:0.927795, acc: 73.33, bacc: 79.74, tmp_test_f1: 58.57, f1: 70.79
epoch: 229, val_loss:0.829241, acc: 73.33, bacc: 79.74, tmp_test_f1: 55.99, f1: 70.79
epoch: 230, val_loss:0.921871, acc: 73.33, bacc: 79.74, tmp_test_f1: 51.08, f1: 70.79
epoch: 231, val_loss:0.985663, acc: 73.33, bacc: 79.74, tmp_test_f1: 53.82, f1: 70.79
epoch: 232, val_loss:0.960104, acc: 73.33, bacc: 79.74, tmp_test_f1: 56.81, f1: 70.79
epoch: 233, val_loss:0.881783, acc: 73.33, bacc: 79.74, tmp_test_f1: 45.55, f1: 70.79
epoch: 234, val_loss:1.058099, acc: 73.33, bacc: 79.74, tmp_test_f1: 52.86, f1: 70.79
epoch: 235, val_loss:0.909917, acc: 73.33, bacc: 79.74, tmp_test_f1: 65.06, f1: 70.79
epoch: 236, val_loss:0.861667, acc: 73.33, bacc: 79.74, tmp_test_f1: 50.28, f1: 70.79
epoch: 237, val_loss:0.903600, acc: 73.33, bacc: 79.74, tmp_test_f1: 50.91, f1: 70.79
epoch: 238, val_loss:1.003697, acc: 73.33, bacc: 79.74, tmp_test_f1: 64.13, f1: 70.79
epoch: 239, val_loss:0.849045, acc: 73.33, bacc: 79.74, tmp_test_f1: 45.52, f1: 70.79
epoch: 240, val_loss:1.012308, acc: 73.33, bacc: 79.74, tmp_test_f1: 44.32, f1: 70.79
epoch: 241, val_loss:1.028878, acc: 73.33, bacc: 79.74, tmp_test_f1: 49.23, f1: 70.79
epoch: 242, val_loss:1.286456, acc: 73.33, bacc: 79.74, tmp_test_f1: 49.95, f1: 70.79
epoch: 243, val_loss:0.940843, acc: 73.33, bacc: 79.74, tmp_test_f1: 52.28, f1: 70.79
epoch: 244, val_loss:0.942221, acc: 73.33, bacc: 79.74, tmp_test_f1: 51.86, f1: 70.79
epoch: 245, val_loss:1.035990, acc: 73.33, bacc: 79.74, tmp_test_f1: 45.99, f1: 70.79
epoch: 246, val_loss:1.303508, acc: 73.33, bacc: 79.74, tmp_test_f1: 58.48, f1: 70.79
epoch: 247, val_loss:0.846916, acc: 73.33, bacc: 79.74, tmp_test_f1: 52.23, f1: 70.79
epoch: 248, val_loss:1.013507, acc: 73.33, bacc: 79.74, tmp_test_f1: 49.80, f1: 70.79
epoch: 249, val_loss:0.999994, acc: 73.33, bacc: 79.74, tmp_test_f1: 48.30, f1: 70.79
epoch: 250, val_loss:1.190319, acc: 73.33, bacc: 79.74, tmp_test_f1: 69.40, f1: 70.79
epoch: 251, val_loss:0.782777, acc: 73.33, bacc: 79.74, tmp_test_f1: 51.84, f1: 70.79
epoch: 252, val_loss:1.013924, acc: 73.33, bacc: 79.74, tmp_test_f1: 39.77, f1: 70.79
epoch: 253, val_loss:1.051410, acc: 73.33, bacc: 79.74, tmp_test_f1: 43.64, f1: 70.79
epoch: 254, val_loss:1.177483, acc: 73.33, bacc: 79.74, tmp_test_f1: 50.71, f1: 70.79
epoch: 255, val_loss:1.009834, acc: 73.33, bacc: 79.74, tmp_test_f1: 51.07, f1: 70.79
epoch: 256, val_loss:0.996462, acc: 73.33, bacc: 79.74, tmp_test_f1: 51.28, f1: 70.79
epoch: 257, val_loss:0.862664, acc: 73.33, bacc: 79.74, tmp_test_f1: 53.76, f1: 70.79
epoch: 258, val_loss:0.968359, acc: 73.33, bacc: 79.74, tmp_test_f1: 47.14, f1: 70.79
epoch: 259, val_loss:1.363845, acc: 73.33, bacc: 79.74, tmp_test_f1: 44.08, f1: 70.79
epoch: 260, val_loss:1.045823, acc: 73.33, bacc: 79.74, tmp_test_f1: 51.79, f1: 70.79
epoch: 261, val_loss:0.902976, acc: 73.33, bacc: 79.74, tmp_test_f1: 52.41, f1: 70.79
epoch: 262, val_loss:1.070361, acc: 73.33, bacc: 79.74, tmp_test_f1: 53.90, f1: 70.79
epoch: 263, val_loss:1.094909, acc: 73.33, bacc: 79.74, tmp_test_f1: 59.09, f1: 70.79
epoch: 264, val_loss:0.804882, acc: 73.33, bacc: 79.74, tmp_test_f1: 48.48, f1: 70.79
epoch: 265, val_loss:0.980826, acc: 73.33, bacc: 79.74, tmp_test_f1: 44.11, f1: 70.79
epoch: 266, val_loss:1.305355, acc: 73.33, bacc: 79.74, tmp_test_f1: 46.03, f1: 70.79
epoch: 267, val_loss:1.199028, acc: 73.33, bacc: 79.74, tmp_test_f1: 56.96, f1: 70.79
epoch: 268, val_loss:0.866088, acc: 73.33, bacc: 79.74, tmp_test_f1: 53.69, f1: 70.79
epoch: 269, val_loss:0.863210, acc: 73.33, bacc: 79.74, tmp_test_f1: 61.99, f1: 70.79
epoch: 270, val_loss:0.902990, acc: 73.33, bacc: 79.74, tmp_test_f1: 53.82, f1: 70.79
epoch: 271, val_loss:0.950764, acc: 73.33, bacc: 79.74, tmp_test_f1: 44.52, f1: 70.79
epoch: 272, val_loss:1.067794, acc: 73.33, bacc: 79.74, tmp_test_f1: 45.02, f1: 70.79
epoch: 273, val_loss:1.004951, acc: 73.33, bacc: 79.74, tmp_test_f1: 54.91, f1: 70.79
epoch: 274, val_loss:1.039100, acc: 73.33, bacc: 79.74, tmp_test_f1: 60.38, f1: 70.79
epoch: 275, val_loss:0.917567, acc: 73.33, bacc: 79.74, tmp_test_f1: 55.56, f1: 70.79
epoch: 276, val_loss:0.889524, acc: 73.33, bacc: 79.74, tmp_test_f1: 49.61, f1: 70.79
epoch: 277, val_loss:0.908339, acc: 73.33, bacc: 79.74, tmp_test_f1: 61.02, f1: 70.79
epoch: 278, val_loss:0.790010, acc: 73.33, bacc: 79.74, tmp_test_f1: 63.55, f1: 70.79
epoch: 279, val_loss:0.822042, acc: 73.33, bacc: 79.74, tmp_test_f1: 44.66, f1: 70.79
epoch: 280, val_loss:1.260945, acc: 73.33, bacc: 79.74, tmp_test_f1: 45.48, f1: 70.79
epoch: 281, val_loss:1.077490, acc: 73.33, bacc: 79.74, tmp_test_f1: 56.12, f1: 70.79
epoch: 282, val_loss:0.843810, acc: 73.33, bacc: 79.74, tmp_test_f1: 59.40, f1: 70.79
epoch: 283, val_loss:0.855809, acc: 73.33, bacc: 79.74, tmp_test_f1: 55.08, f1: 70.79
epoch: 284, val_loss:0.862040, acc: 73.33, bacc: 79.74, tmp_test_f1: 64.04, f1: 70.79
epoch: 285, val_loss:0.827696, acc: 73.33, bacc: 79.74, tmp_test_f1: 64.51, f1: 70.79
epoch: 286, val_loss:0.769413, acc: 73.33, bacc: 79.74, tmp_test_f1: 56.58, f1: 70.79
epoch: 287, val_loss:0.844985, acc: 73.33, bacc: 79.74, tmp_test_f1: 52.15, f1: 70.79
epoch: 288, val_loss:0.975061, acc: 73.33, bacc: 79.74, tmp_test_f1: 48.98, f1: 70.79
epoch: 289, val_loss:1.181803, acc: 73.33, bacc: 79.74, tmp_test_f1: 39.02, f1: 70.79
epoch: 290, val_loss:1.142056, acc: 73.33, bacc: 79.74, tmp_test_f1: 54.75, f1: 70.79
epoch: 291, val_loss:0.950374, acc: 73.33, bacc: 79.74, tmp_test_f1: 68.36, f1: 70.79
epoch: 292, val_loss:0.975601, acc: 73.33, bacc: 79.74, tmp_test_f1: 33.33, f1: 70.79
epoch: 293, val_loss:1.565652, acc: 73.33, bacc: 79.74, tmp_test_f1: 24.01, f1: 70.79
epoch: 294, val_loss:2.085853, acc: 73.33, bacc: 79.74, tmp_test_f1: 21.51, f1: 70.79
epoch: 295, val_loss:1.746124, acc: 73.33, bacc: 79.74, tmp_test_f1: 26.95, f1: 70.79
epoch: 296, val_loss:2.000218, acc: 73.33, bacc: 79.74, tmp_test_f1: 17.17, f1: 70.79
epoch: 297, val_loss:2.121108, acc: 73.33, bacc: 79.74, tmp_test_f1: 26.52, f1: 70.79
epoch: 298, val_loss:1.992217, acc: 73.33, bacc: 79.74, tmp_test_f1: 19.83, f1: 70.79
epoch: 299, val_loss:2.508214, acc: 73.33, bacc: 79.74, tmp_test_f1: 17.09, f1: 70.79
epoch: 300, val_loss:1.874968, acc: 73.33, bacc: 79.74, tmp_test_f1: 32.68, f1: 70.79
epoch: 301, val_loss:1.672982, acc: 73.33, bacc: 79.74, tmp_test_f1: 22.74, f1: 70.79
epoch: 302, val_loss:1.891119, acc: 73.33, bacc: 79.74, tmp_test_f1: 23.03, f1: 70.79
epoch: 303, val_loss:1.773363, acc: 73.33, bacc: 79.74, tmp_test_f1: 40.62, f1: 70.79
epoch: 304, val_loss:1.367860, acc: 73.33, bacc: 79.74, tmp_test_f1: 51.51, f1: 70.79
epoch: 305, val_loss:1.134728, acc: 73.33, bacc: 79.74, tmp_test_f1: 47.68, f1: 70.79
epoch: 306, val_loss:1.028164, acc: 73.33, bacc: 79.74, tmp_test_f1: 41.65, f1: 70.79
epoch: 307, val_loss:1.275821, acc: 73.33, bacc: 79.74, tmp_test_f1: 39.42, f1: 70.79
epoch: 308, val_loss:1.207284, acc: 73.33, bacc: 79.74, tmp_test_f1: 47.43, f1: 70.79
epoch: 309, val_loss:0.961700, acc: 73.33, bacc: 79.74, tmp_test_f1: 45.01, f1: 70.79
epoch: 310, val_loss:1.064196, acc: 73.33, bacc: 79.74, tmp_test_f1: 40.96, f1: 70.79
epoch: 311, val_loss:1.331152, acc: 73.33, bacc: 79.74, tmp_test_f1: 47.21, f1: 70.79
epoch: 312, val_loss:1.275559, acc: 73.33, bacc: 79.74, tmp_test_f1: 44.49, f1: 70.79
epoch: 313, val_loss:1.213425, acc: 73.33, bacc: 79.74, tmp_test_f1: 53.60, f1: 70.79
epoch: 314, val_loss:1.000245, acc: 73.33, bacc: 79.74, tmp_test_f1: 57.53, f1: 70.79
epoch: 315, val_loss:0.993585, acc: 73.33, bacc: 79.74, tmp_test_f1: 58.43, f1: 70.79
epoch: 316, val_loss:0.957108, acc: 73.33, bacc: 79.74, tmp_test_f1: 46.77, f1: 70.79
epoch: 317, val_loss:1.077732, acc: 73.33, bacc: 79.74, tmp_test_f1: 43.57, f1: 70.79
epoch: 318, val_loss:1.124213, acc: 73.33, bacc: 79.74, tmp_test_f1: 41.36, f1: 70.79
epoch: 319, val_loss:1.208750, acc: 73.33, bacc: 79.74, tmp_test_f1: 55.01, f1: 70.79
epoch: 320, val_loss:1.017958, acc: 73.33, bacc: 79.74, tmp_test_f1: 59.01, f1: 70.79
epoch: 321, val_loss:0.891348, acc: 73.33, bacc: 79.74, tmp_test_f1: 51.78, f1: 70.79
epoch: 322, val_loss:1.033214, acc: 73.33, bacc: 79.74, tmp_test_f1: 54.07, f1: 70.79
epoch: 323, val_loss:0.976367, acc: 73.33, bacc: 79.74, tmp_test_f1: 58.71, f1: 70.79
epoch: 324, val_loss:0.925979, acc: 73.33, bacc: 79.74, tmp_test_f1: 54.88, f1: 70.79
epoch: 325, val_loss:0.969413, acc: 73.33, bacc: 79.74, tmp_test_f1: 46.48, f1: 70.79
epoch: 326, val_loss:0.971916, acc: 73.33, bacc: 79.74, tmp_test_f1: 39.80, f1: 70.79
epoch: 327, val_loss:1.075918, acc: 73.33, bacc: 79.74, tmp_test_f1: 57.91, f1: 70.79
epoch: 328, val_loss:0.929751, acc: 73.33, bacc: 79.74, tmp_test_f1: 63.77, f1: 70.79
epoch: 329, val_loss:0.946359, acc: 73.33, bacc: 79.74, tmp_test_f1: 62.93, f1: 70.79
epoch: 330, val_loss:0.859276, acc: 73.33, bacc: 79.74, tmp_test_f1: 53.61, f1: 70.79
epoch: 331, val_loss:0.951324, acc: 73.33, bacc: 79.74, tmp_test_f1: 39.70, f1: 70.79
epoch: 332, val_loss:1.039385, acc: 73.33, bacc: 79.74, tmp_test_f1: 51.95, f1: 70.79
epoch: 333, val_loss:0.943178, acc: 73.33, bacc: 79.74, tmp_test_f1: 62.34, f1: 70.79
epoch: 334, val_loss:0.845811, acc: 73.33, bacc: 79.74, tmp_test_f1: 58.76, f1: 70.79
epoch: 335, val_loss:0.918842, acc: 73.33, bacc: 79.74, tmp_test_f1: 53.35, f1: 70.79
epoch: 336, val_loss:0.969065, acc: 73.33, bacc: 79.74, tmp_test_f1: 57.36, f1: 70.79
epoch: 337, val_loss:0.877606, acc: 73.33, bacc: 79.74, tmp_test_f1: 57.99, f1: 70.79
epoch: 338, val_loss:0.903261, acc: 73.33, bacc: 79.74, tmp_test_f1: 43.94, f1: 70.79
epoch: 339, val_loss:1.183431, acc: 73.33, bacc: 79.74, tmp_test_f1: 39.53, f1: 70.79
epoch: 340, val_loss:1.123940, acc: 73.33, bacc: 79.74, tmp_test_f1: 56.18, f1: 70.79
epoch: 341, val_loss:0.926503, acc: 73.33, bacc: 79.74, tmp_test_f1: 62.34, f1: 70.79
epoch: 342, val_loss:0.914051, acc: 73.33, bacc: 79.74, tmp_test_f1: 48.96, f1: 70.79
epoch: 343, val_loss:1.029827, acc: 73.33, bacc: 79.74, tmp_test_f1: 52.53, f1: 70.79
epoch: 344, val_loss:0.860978, acc: 73.33, bacc: 79.74, tmp_test_f1: 46.36, f1: 70.79
epoch: 345, val_loss:0.961769, acc: 73.33, bacc: 79.74, tmp_test_f1: 56.05, f1: 70.79
epoch: 346, val_loss:1.007041, acc: 73.33, bacc: 79.74, tmp_test_f1: 51.80, f1: 70.79
epoch: 347, val_loss:0.987041, acc: 73.33, bacc: 79.74, tmp_test_f1: 51.27, f1: 70.79
epoch: 348, val_loss:0.908363, acc: 73.33, bacc: 79.74, tmp_test_f1: 45.35, f1: 70.79
epoch: 349, val_loss:1.055192, acc: 73.33, bacc: 79.74, tmp_test_f1: 48.99, f1: 70.79
epoch: 350, val_loss:1.064004, acc: 73.33, bacc: 79.74, tmp_test_f1: 57.75, f1: 70.79
epoch: 351, val_loss:0.865522, acc: 73.33, bacc: 79.74, tmp_test_f1: 48.14, f1: 70.79
epoch: 352, val_loss:0.903613, acc: 73.33, bacc: 79.74, tmp_test_f1: 45.57, f1: 70.79
epoch: 353, val_loss:1.031971, acc: 73.33, bacc: 79.74, tmp_test_f1: 46.37, f1: 70.79
epoch: 354, val_loss:1.247509, acc: 73.33, bacc: 79.74, tmp_test_f1: 61.42, f1: 70.79
epoch: 355, val_loss:0.843453, acc: 73.33, bacc: 79.74, tmp_test_f1: 49.42, f1: 70.79
epoch: 356, val_loss:0.888342, acc: 73.33, bacc: 79.74, tmp_test_f1: 42.93, f1: 70.79
epoch: 357, val_loss:1.071189, acc: 73.33, bacc: 79.74, tmp_test_f1: 44.63, f1: 70.79
epoch: 358, val_loss:1.355115, acc: 73.33, bacc: 79.74, tmp_test_f1: 61.37, f1: 70.79
epoch: 359, val_loss:0.825740, acc: 73.33, bacc: 79.74, tmp_test_f1: 53.90, f1: 70.79
epoch: 360, val_loss:0.871457, acc: 73.33, bacc: 79.74, tmp_test_f1: 50.06, f1: 70.79
epoch: 361, val_loss:0.954822, acc: 73.33, bacc: 79.74, tmp_test_f1: 47.17, f1: 70.79
epoch: 362, val_loss:1.187224, acc: 73.33, bacc: 79.74, tmp_test_f1: 57.58, f1: 70.79
epoch: 363, val_loss:0.875314, acc: 73.33, bacc: 79.74, tmp_test_f1: 52.38, f1: 70.79
epoch: 364, val_loss:0.880440, acc: 73.33, bacc: 79.74, tmp_test_f1: 54.79, f1: 70.79
epoch: 365, val_loss:0.904719, acc: 73.33, bacc: 79.74, tmp_test_f1: 51.98, f1: 70.79
epoch: 366, val_loss:1.012721, acc: 73.33, bacc: 79.74, tmp_test_f1: 52.91, f1: 70.79
epoch: 367, val_loss:0.977742, acc: 73.33, bacc: 79.74, tmp_test_f1: 51.74, f1: 70.79
epoch: 368, val_loss:0.895177, acc: 73.33, bacc: 79.74, tmp_test_f1: 65.90, f1: 70.79
epoch: 369, val_loss:0.784382, acc: 73.33, bacc: 79.74, tmp_test_f1: 50.39, f1: 70.79
epoch: 370, val_loss:0.992522, acc: 73.33, bacc: 79.74, tmp_test_f1: 57.37, f1: 70.79
epoch: 371, val_loss:0.842673, acc: 73.33, bacc: 79.74, tmp_test_f1: 46.49, f1: 70.79
epoch: 372, val_loss:0.986823, acc: 73.33, bacc: 79.74, tmp_test_f1: 57.14, f1: 70.79
epoch: 373, val_loss:0.940263, acc: 73.33, bacc: 79.74, tmp_test_f1: 60.58, f1: 70.79
epoch: 374, val_loss:0.868778, acc: 73.33, bacc: 79.74, tmp_test_f1: 58.20, f1: 70.79
epoch: 375, val_loss:0.824997, acc: 73.33, bacc: 79.74, tmp_test_f1: 51.58, f1: 70.79
epoch: 376, val_loss:0.846957, acc: 73.33, bacc: 79.74, tmp_test_f1: 50.71, f1: 70.79
epoch: 377, val_loss:1.000471, acc: 73.33, bacc: 79.74, tmp_test_f1: 52.75, f1: 70.79
epoch: 378, val_loss:0.947814, acc: 73.33, bacc: 79.74, tmp_test_f1: 54.32, f1: 70.79
epoch: 379, val_loss:0.857646, acc: 73.33, bacc: 79.74, tmp_test_f1: 55.48, f1: 70.79
epoch: 380, val_loss:0.793867, acc: 73.33, bacc: 79.74, tmp_test_f1: 55.10, f1: 70.79
epoch: 381, val_loss:0.880218, acc: 73.33, bacc: 79.74, tmp_test_f1: 47.93, f1: 70.79
epoch: 382, val_loss:1.111274, acc: 73.33, bacc: 79.74, tmp_test_f1: 58.74, f1: 70.79
epoch: 383, val_loss:0.818169, acc: 73.33, bacc: 79.74, tmp_test_f1: 52.36, f1: 70.79
epoch: 384, val_loss:0.874040, acc: 73.33, bacc: 79.74, tmp_test_f1: 49.34, f1: 70.79
epoch: 385, val_loss:1.032344, acc: 73.33, bacc: 79.74, tmp_test_f1: 56.60, f1: 70.79
epoch: 386, val_loss:0.923261, acc: 73.33, bacc: 79.74, tmp_test_f1: 62.94, f1: 70.79
epoch: 387, val_loss:0.812970, acc: 73.33, bacc: 79.74, tmp_test_f1: 54.02, f1: 70.79
epoch: 388, val_loss:0.962136, acc: 73.33, bacc: 79.74, tmp_test_f1: 50.25, f1: 70.79
epoch: 389, val_loss:1.130221, acc: 73.33, bacc: 79.74, tmp_test_f1: 56.76, f1: 70.79
epoch: 390, val_loss:0.907200, acc: 73.33, bacc: 79.74, tmp_test_f1: 49.20, f1: 70.79
epoch: 391, val_loss:0.939396, acc: 73.33, bacc: 79.74, tmp_test_f1: 43.68, f1: 70.79
epoch: 392, val_loss:1.025051, acc: 73.33, bacc: 79.74, tmp_test_f1: 52.21, f1: 70.79
epoch: 393, val_loss:1.009811, acc: 73.33, bacc: 79.74, tmp_test_f1: 65.80, f1: 70.79
epoch: 394, val_loss:0.847103, acc: 73.33, bacc: 79.74, tmp_test_f1: 56.50, f1: 70.79
epoch: 395, val_loss:0.827090, acc: 73.33, bacc: 79.74, tmp_test_f1: 40.93, f1: 70.79
epoch: 396, val_loss:1.131976, acc: 73.33, bacc: 79.74, tmp_test_f1: 50.93, f1: 70.79
epoch: 397, val_loss:0.988522, acc: 73.33, bacc: 79.74, tmp_test_f1: 62.83, f1: 70.79
epoch: 398, val_loss:0.873643, acc: 73.33, bacc: 79.74, tmp_test_f1: 54.06, f1: 70.79
epoch: 399, val_loss:0.938393, acc: 73.33, bacc: 79.74, tmp_test_f1: 41.94, f1: 70.79
epoch: 400, val_loss:1.226037, acc: 73.33, bacc: 79.74, tmp_test_f1: 64.50, f1: 70.79
epoch: 401, val_loss:0.837990, acc: 73.33, bacc: 79.74, tmp_test_f1: 53.89, f1: 70.79
epoch: 402, val_loss:0.979260, acc: 73.33, bacc: 79.74, tmp_test_f1: 40.02, f1: 70.79
epoch: 403, val_loss:1.138899, acc: 73.33, bacc: 79.74, tmp_test_f1: 46.00, f1: 70.79
epoch: 404, val_loss:1.129103, acc: 73.33, bacc: 79.74, tmp_test_f1: 58.18, f1: 70.79
epoch: 405, val_loss:1.095983, acc: 73.33, bacc: 79.74, tmp_test_f1: 61.59, f1: 70.79
epoch: 406, val_loss:0.888931, acc: 73.33, bacc: 79.74, tmp_test_f1: 45.17, f1: 70.79
epoch: 407, val_loss:1.119835, acc: 73.33, bacc: 79.74, tmp_test_f1: 39.36, f1: 70.79
epoch: 408, val_loss:1.092440, acc: 73.33, bacc: 79.74, tmp_test_f1: 50.82, f1: 70.79
epoch: 409, val_loss:1.105715, acc: 73.33, bacc: 79.74, tmp_test_f1: 66.79, f1: 70.79
epoch: 410, val_loss:0.863585, acc: 73.33, bacc: 79.74, tmp_test_f1: 50.69, f1: 70.79
epoch: 411, val_loss:0.982562, acc: 73.33, bacc: 79.74, tmp_test_f1: 50.04, f1: 70.79
epoch: 412, val_loss:1.012803, acc: 73.33, bacc: 79.74, tmp_test_f1: 48.97, f1: 70.79
epoch: 413, val_loss:0.969410, acc: 73.33, bacc: 79.74, tmp_test_f1: 53.25, f1: 70.79
epoch: 414, val_loss:1.152696, acc: 73.33, bacc: 79.74, tmp_test_f1: 45.97, f1: 70.79
epoch: 415, val_loss:0.943247, acc: 73.33, bacc: 79.74, tmp_test_f1: 46.70, f1: 70.79
epoch: 416, val_loss:1.063823, acc: 73.33, bacc: 79.74, tmp_test_f1: 60.69, f1: 70.79
epoch: 417, val_loss:0.872263, acc: 73.33, bacc: 79.74, tmp_test_f1: 65.20, f1: 70.79
epoch: 418, val_loss:0.852589, acc: 73.33, bacc: 79.74, tmp_test_f1: 57.28, f1: 70.79
epoch: 419, val_loss:0.899486, acc: 73.33, bacc: 79.74, tmp_test_f1: 40.28, f1: 70.79
epoch: 420, val_loss:1.204168, acc: 73.33, bacc: 79.74, tmp_test_f1: 47.44, f1: 70.79
epoch: 421, val_loss:1.029133, acc: 73.33, bacc: 79.74, tmp_test_f1: 57.42, f1: 70.79
epoch: 422, val_loss:0.865012, acc: 73.33, bacc: 79.74, tmp_test_f1: 64.62, f1: 70.79
epoch: 423, val_loss:0.799095, acc: 73.33, bacc: 79.74, tmp_test_f1: 62.54, f1: 70.79
epoch: 424, val_loss:0.845744, acc: 73.33, bacc: 79.74, tmp_test_f1: 46.06, f1: 70.79
epoch: 425, val_loss:0.949177, acc: 73.33, bacc: 79.74, tmp_test_f1: 48.46, f1: 70.79
epoch: 426, val_loss:1.019948, acc: 73.33, bacc: 79.74, tmp_test_f1: 48.49, f1: 70.79
epoch: 427, val_loss:0.990287, acc: 73.33, bacc: 79.74, tmp_test_f1: 54.05, f1: 70.79
epoch: 428, val_loss:0.938389, acc: 73.33, bacc: 79.74, tmp_test_f1: 57.73, f1: 70.79
epoch: 429, val_loss:0.826320, acc: 73.33, bacc: 79.74, tmp_test_f1: 54.88, f1: 70.79
epoch: 430, val_loss:0.804069, acc: 73.33, bacc: 79.74, tmp_test_f1: 59.10, f1: 70.79
epoch: 431, val_loss:0.890464, acc: 73.33, bacc: 79.74, tmp_test_f1: 55.88, f1: 70.79
epoch: 432, val_loss:0.866771, acc: 73.33, bacc: 79.74, tmp_test_f1: 57.69, f1: 70.79
epoch: 433, val_loss:0.846852, acc: 73.33, bacc: 79.74, tmp_test_f1: 48.48, f1: 70.79
epoch: 434, val_loss:0.889476, acc: 73.33, bacc: 79.74, tmp_test_f1: 50.08, f1: 70.79
epoch: 435, val_loss:0.995614, acc: 73.33, bacc: 79.74, tmp_test_f1: 47.47, f1: 70.79
epoch: 436, val_loss:1.104466, acc: 73.33, bacc: 79.74, tmp_test_f1: 49.60, f1: 70.79
epoch: 437, val_loss:0.872484, acc: 73.33, bacc: 79.74, tmp_test_f1: 60.51, f1: 70.79
epoch: 438, val_loss:0.799827, acc: 73.33, bacc: 79.74, tmp_test_f1: 59.95, f1: 70.79
epoch: 439, val_loss:0.818216, acc: 73.33, bacc: 79.74, tmp_test_f1: 48.74, f1: 70.79
epoch: 440, val_loss:1.034668, acc: 73.33, bacc: 79.74, tmp_test_f1: 56.64, f1: 70.79
epoch: 441, val_loss:0.787873, acc: 73.33, bacc: 79.74, tmp_test_f1: 62.07, f1: 70.79
epoch: 442, val_loss:0.823739, acc: 73.33, bacc: 79.74, tmp_test_f1: 56.02, f1: 70.79
epoch: 443, val_loss:0.865819, acc: 73.33, bacc: 79.74, tmp_test_f1: 49.09, f1: 70.79
epoch: 444, val_loss:0.980918, acc: 73.33, bacc: 79.74, tmp_test_f1: 52.86, f1: 70.79
epoch: 445, val_loss:0.854707, acc: 73.33, bacc: 79.74, tmp_test_f1: 65.13, f1: 70.79
epoch: 446, val_loss:0.769146, acc: 73.33, bacc: 79.74, tmp_test_f1: 59.05, f1: 70.79
epoch: 447, val_loss:0.874153, acc: 73.33, bacc: 79.74, tmp_test_f1: 51.19, f1: 70.79
epoch: 448, val_loss:0.859397, acc: 73.33, bacc: 79.74, tmp_test_f1: 48.40, f1: 70.79
epoch: 449, val_loss:0.901220, acc: 73.33, bacc: 79.74, tmp_test_f1: 64.80, f1: 70.79
epoch: 450, val_loss:0.829625, acc: 73.33, bacc: 79.74, tmp_test_f1: 66.45, f1: 70.79
epoch: 451, val_loss:0.802248, acc: 73.33, bacc: 79.74, tmp_test_f1: 47.86, f1: 70.79
epoch: 452, val_loss:0.913427, acc: 73.33, bacc: 79.74, tmp_test_f1: 45.96, f1: 70.79
epoch: 453, val_loss:0.982659, acc: 73.33, bacc: 79.74, tmp_test_f1: 59.34, f1: 70.79
epoch: 454, val_loss:0.866163, acc: 73.33, bacc: 79.74, tmp_test_f1: 62.26, f1: 70.79
epoch: 455, val_loss:0.832423, acc: 73.33, bacc: 79.74, tmp_test_f1: 50.82, f1: 70.79
epoch: 456, val_loss:0.890570, acc: 73.33, bacc: 79.74, tmp_test_f1: 49.41, f1: 70.79
epoch: 457, val_loss:0.892514, acc: 73.33, bacc: 79.74, tmp_test_f1: 64.04, f1: 70.79
epoch: 458, val_loss:0.790108, acc: 73.33, bacc: 79.74, tmp_test_f1: 60.55, f1: 70.79
epoch: 459, val_loss:0.906717, acc: 73.33, bacc: 79.74, tmp_test_f1: 44.56, f1: 70.79
epoch: 460, val_loss:1.089894, acc: 73.33, bacc: 79.74, tmp_test_f1: 50.16, f1: 70.79
epoch: 461, val_loss:0.909134, acc: 73.33, bacc: 79.74, tmp_test_f1: 64.22, f1: 70.79
epoch: 462, val_loss:0.850489, acc: 73.33, bacc: 79.74, tmp_test_f1: 49.94, f1: 70.79
epoch: 463, val_loss:1.115871, acc: 73.33, bacc: 79.74, tmp_test_f1: 49.77, f1: 70.79
epoch: 464, val_loss:0.973825, acc: 73.33, bacc: 79.74, tmp_test_f1: 61.47, f1: 70.79
epoch: 465, val_loss:0.809523, acc: 73.33, bacc: 79.74, tmp_test_f1: 51.04, f1: 70.79
epoch: 466, val_loss:0.904242, acc: 73.33, bacc: 79.74, tmp_test_f1: 40.02, f1: 70.79
epoch: 467, val_loss:1.402466, acc: 73.33, bacc: 79.74, tmp_test_f1: 44.03, f1: 70.79
epoch: 468, val_loss:1.367714, acc: 73.33, bacc: 79.74, tmp_test_f1: 56.35, f1: 70.79
epoch: 469, val_loss:0.828459, acc: 73.33, bacc: 79.74, tmp_test_f1: 47.63, f1: 70.79
epoch: 470, val_loss:1.062503, acc: 73.33, bacc: 79.74, tmp_test_f1: 45.57, f1: 70.79
epoch: 471, val_loss:1.226220, acc: 73.33, bacc: 79.74, tmp_test_f1: 39.91, f1: 70.79
epoch: 472, val_loss:1.433010, acc: 73.33, bacc: 79.74, tmp_test_f1: 52.25, f1: 70.79
epoch: 473, val_loss:1.123966, acc: 73.33, bacc: 79.74, tmp_test_f1: 63.56, f1: 70.79
epoch: 474, val_loss:0.852460, acc: 73.33, bacc: 79.74, tmp_test_f1: 51.73, f1: 70.79
epoch: 475, val_loss:1.053706, acc: 73.33, bacc: 79.74, tmp_test_f1: 51.24, f1: 70.79
epoch: 476, val_loss:1.035458, acc: 73.33, bacc: 79.74, tmp_test_f1: 52.74, f1: 70.79
epoch: 477, val_loss:0.989311, acc: 73.33, bacc: 79.74, tmp_test_f1: 46.80, f1: 70.79
epoch: 478, val_loss:1.090055, acc: 73.33, bacc: 79.74, tmp_test_f1: 53.23, f1: 70.79
epoch: 479, val_loss:1.040057, acc: 73.33, bacc: 79.74, tmp_test_f1: 54.31, f1: 70.79
epoch: 480, val_loss:0.979467, acc: 73.33, bacc: 79.74, tmp_test_f1: 48.66, f1: 70.79
epoch: 481, val_loss:0.954516, acc: 73.33, bacc: 79.74, tmp_test_f1: 58.51, f1: 70.79
epoch: 482, val_loss:0.859993, acc: 73.33, bacc: 79.74, tmp_test_f1: 62.48, f1: 70.79
epoch: 483, val_loss:0.999100, acc: 73.33, bacc: 79.74, tmp_test_f1: 44.88, f1: 70.79
epoch: 484, val_loss:1.152299, acc: 73.33, bacc: 79.74, tmp_test_f1: 43.16, f1: 70.79
epoch: 485, val_loss:1.062200, acc: 73.33, bacc: 79.74, tmp_test_f1: 52.92, f1: 70.79
epoch: 486, val_loss:0.964527, acc: 73.33, bacc: 79.74, tmp_test_f1: 58.51, f1: 70.79
epoch: 487, val_loss:0.931627, acc: 73.33, bacc: 79.74, tmp_test_f1: 48.02, f1: 70.79
epoch: 488, val_loss:0.979154, acc: 73.33, bacc: 79.74, tmp_test_f1: 42.02, f1: 70.79
epoch: 489, val_loss:1.155230, acc: 73.33, bacc: 79.74, tmp_test_f1: 59.92, f1: 70.79
epoch: 490, val_loss:0.906769, acc: 73.33, bacc: 79.74, tmp_test_f1: 58.66, f1: 70.79
epoch: 491, val_loss:0.959761, acc: 73.33, bacc: 79.74, tmp_test_f1: 55.52, f1: 70.79
epoch: 492, val_loss:0.844581, acc: 73.33, bacc: 79.74, tmp_test_f1: 40.05, f1: 70.79
epoch: 493, val_loss:0.973276, acc: 73.33, bacc: 79.74, tmp_test_f1: 48.73, f1: 70.79
epoch: 494, val_loss:1.051249, acc: 73.33, bacc: 79.74, tmp_test_f1: 57.69, f1: 70.79
epoch: 495, val_loss:0.903788, acc: 73.33, bacc: 79.74, tmp_test_f1: 62.22, f1: 70.79
epoch: 496, val_loss:0.819084, acc: 73.33, bacc: 79.74, tmp_test_f1: 54.81, f1: 70.79
epoch: 497, val_loss:0.914041, acc: 73.33, bacc: 79.74, tmp_test_f1: 53.41, f1: 70.79
epoch: 498, val_loss:0.953364, acc: 73.33, bacc: 79.74, tmp_test_f1: 52.66, f1: 70.79
epoch: 499, val_loss:0.908631, acc: 73.33, bacc: 79.74, tmp_test_f1: 54.97, f1: 70.79
epoch: 500, val_loss:0.858166, acc: 73.33, bacc: 79.74, tmp_test_f1: 56.80, f1: 70.79
epoch: 501, val_loss:0.829010, acc: 73.33, bacc: 79.74, tmp_test_f1: 51.64, f1: 70.79
epoch: 502, val_loss:1.012868, acc: 73.33, bacc: 79.74, tmp_test_f1: 54.00, f1: 70.79
epoch: 503, val_loss:0.993378, acc: 73.33, bacc: 79.74, tmp_test_f1: 59.16, f1: 70.79
epoch: 504, val_loss:0.845275, acc: 73.33, bacc: 79.74, tmp_test_f1: 60.66, f1: 70.79
epoch: 505, val_loss:0.813827, acc: 73.33, bacc: 79.74, tmp_test_f1: 50.89, f1: 70.79
epoch: 506, val_loss:0.868673, acc: 73.33, bacc: 79.74, tmp_test_f1: 54.57, f1: 70.79
epoch: 507, val_loss:0.862788, acc: 73.33, bacc: 79.74, tmp_test_f1: 58.58, f1: 70.79
epoch: 508, val_loss:0.811390, acc: 73.33, bacc: 79.74, tmp_test_f1: 52.41, f1: 70.79
epoch: 509, val_loss:0.922972, acc: 73.33, bacc: 79.74, tmp_test_f1: 48.81, f1: 70.79
epoch: 510, val_loss:0.940550, acc: 73.33, bacc: 79.74, tmp_test_f1: 50.88, f1: 70.79
epoch: 511, val_loss:0.983505, acc: 73.33, bacc: 79.74, tmp_test_f1: 55.79, f1: 70.79
epoch: 512, val_loss:0.801859, acc: 73.33, bacc: 79.74, tmp_test_f1: 64.56, f1: 70.79
epoch: 513, val_loss:0.796415, acc: 73.33, bacc: 79.74, tmp_test_f1: 52.08, f1: 70.79
epoch: 514, val_loss:0.981371, acc: 73.33, bacc: 79.74, tmp_test_f1: 50.53, f1: 70.79
epoch: 515, val_loss:1.046941, acc: 73.33, bacc: 79.74, tmp_test_f1: 44.08, f1: 70.79
epoch: 516, val_loss:0.918862, acc: 73.33, bacc: 79.74, tmp_test_f1: 56.21, f1: 70.79
epoch: 517, val_loss:0.803927, acc: 73.33, bacc: 79.74, tmp_test_f1: 57.97, f1: 70.79
epoch: 518, val_loss:0.991237, acc: 73.33, bacc: 79.74, tmp_test_f1: 54.91, f1: 70.79
epoch: 519, val_loss:1.100004, acc: 73.33, bacc: 79.74, tmp_test_f1: 56.89, f1: 70.79
epoch: 520, val_loss:0.818956, acc: 73.33, bacc: 79.74, tmp_test_f1: 53.41, f1: 70.79
epoch: 521, val_loss:0.818268, acc: 73.33, bacc: 79.74, tmp_test_f1: 50.68, f1: 70.79
epoch: 522, val_loss:1.100210, acc: 73.33, bacc: 79.74, tmp_test_f1: 47.37, f1: 70.79
epoch: 523, val_loss:1.154727, acc: 73.33, bacc: 79.74, tmp_test_f1: 53.09, f1: 70.79
epoch: 524, val_loss:0.935204, acc: 73.33, bacc: 79.74, tmp_test_f1: 64.42, f1: 70.79
epoch: 525, val_loss:0.769767, acc: 73.33, bacc: 79.74, tmp_test_f1: 55.38, f1: 70.79
epoch: 526, val_loss:0.956546, acc: 73.33, bacc: 79.74, tmp_test_f1: 46.68, f1: 70.79
epoch: 527, val_loss:1.042505, acc: 73.33, bacc: 79.74, tmp_test_f1: 58.61, f1: 70.79
epoch: 528, val_loss:0.870301, acc: 73.33, bacc: 79.74, tmp_test_f1: 68.03, f1: 70.79
epoch: 529, val_loss:0.790565, acc: 73.33, bacc: 79.74, tmp_test_f1: 54.96, f1: 70.79
epoch: 530, val_loss:0.932212, acc: 73.33, bacc: 79.74, tmp_test_f1: 46.92, f1: 70.79
epoch: 531, val_loss:1.096964, acc: 73.33, bacc: 79.74, tmp_test_f1: 64.91, f1: 70.79
epoch: 532, val_loss:0.816617, acc: 73.33, bacc: 79.74, tmp_test_f1: 58.83, f1: 70.79
epoch: 533, val_loss:0.850880, acc: 73.33, bacc: 79.74, tmp_test_f1: 52.03, f1: 70.79
epoch: 534, val_loss:1.057861, acc: 73.33, bacc: 79.74, tmp_test_f1: 51.12, f1: 70.79
epoch: 535, val_loss:0.981371, acc: 73.33, bacc: 79.74, tmp_test_f1: 65.15, f1: 70.79
epoch: 536, val_loss:0.779900, acc: 73.33, bacc: 79.74, tmp_test_f1: 60.47, f1: 70.79
epoch: 537, val_loss:0.792885, acc: 73.33, bacc: 79.74, tmp_test_f1: 47.02, f1: 70.79
epoch: 538, val_loss:1.055519, acc: 73.33, bacc: 79.74, tmp_test_f1: 47.36, f1: 70.79
epoch: 539, val_loss:1.121365, acc: 73.33, bacc: 79.74, tmp_test_f1: 62.43, f1: 70.79
epoch: 540, val_loss:0.802771, acc: 73.33, bacc: 79.74, tmp_test_f1: 58.49, f1: 70.79
epoch: 541, val_loss:0.750324, acc: 73.33, bacc: 79.74, tmp_test_f1: 54.45, f1: 70.79
epoch: 542, val_loss:0.861742, acc: 73.33, bacc: 79.74, tmp_test_f1: 54.53, f1: 70.79
epoch: 543, val_loss:1.109733, acc: 73.33, bacc: 79.74, tmp_test_f1: 53.80, f1: 70.79
epoch: 544, val_loss:0.906994, acc: 73.33, bacc: 79.74, tmp_test_f1: 47.92, f1: 70.79
epoch: 545, val_loss:1.029574, acc: 73.33, bacc: 79.74, tmp_test_f1: 56.72, f1: 70.79
epoch: 546, val_loss:0.902531, acc: 73.33, bacc: 79.74, tmp_test_f1: 52.04, f1: 70.79
epoch: 547, val_loss:1.085816, acc: 73.33, bacc: 79.74, tmp_test_f1: 54.53, f1: 70.79
epoch: 548, val_loss:1.158099, acc: 73.33, bacc: 79.74, tmp_test_f1: 60.30, f1: 70.79
epoch: 549, val_loss:0.852418, acc: 73.33, bacc: 79.74, tmp_test_f1: 43.38, f1: 70.79
epoch: 550, val_loss:1.022582, acc: 73.33, bacc: 79.74, tmp_test_f1: 48.53, f1: 70.79
epoch: 551, val_loss:1.229026, acc: 73.33, bacc: 79.74, tmp_test_f1: 51.10, f1: 70.79
epoch: 552, val_loss:0.960666, acc: 73.33, bacc: 79.74, tmp_test_f1: 55.60, f1: 70.79
epoch: 553, val_loss:0.949823, acc: 73.33, bacc: 79.74, tmp_test_f1: 57.99, f1: 70.79
epoch: 554, val_loss:0.789562, acc: 73.33, bacc: 79.74, tmp_test_f1: 51.02, f1: 70.79
epoch: 555, val_loss:1.069671, acc: 73.33, bacc: 79.74, tmp_test_f1: 44.44, f1: 70.79
epoch: 556, val_loss:1.082070, acc: 73.33, bacc: 79.74, tmp_test_f1: 48.47, f1: 70.79
epoch: 557, val_loss:0.994998, acc: 73.33, bacc: 79.74, tmp_test_f1: 60.96, f1: 70.79
epoch: 558, val_loss:0.842921, acc: 73.33, bacc: 79.74, tmp_test_f1: 60.35, f1: 70.79
epoch: 559, val_loss:0.903605, acc: 73.33, bacc: 79.74, tmp_test_f1: 47.54, f1: 70.79
epoch: 560, val_loss:1.039405, acc: 73.33, bacc: 79.74, tmp_test_f1: 65.85, f1: 70.79
epoch: 561, val_loss:0.742906, acc: 73.33, bacc: 79.74, tmp_test_f1: 62.50, f1: 70.79
epoch: 562, val_loss:0.787626, acc: 73.33, bacc: 79.74, tmp_test_f1: 47.21, f1: 70.79
epoch: 563, val_loss:0.959686, acc: 73.33, bacc: 79.74, tmp_test_f1: 46.38, f1: 70.79
epoch: 564, val_loss:1.186172, acc: 73.33, bacc: 79.74, tmp_test_f1: 50.19, f1: 70.79
epoch: 565, val_loss:0.996212, acc: 73.33, bacc: 79.74, tmp_test_f1: 66.15, f1: 70.79
epoch: 566, val_loss:0.718356, acc: 73.33, bacc: 79.74, tmp_test_f1: 61.67, f1: 70.79
epoch: 567, val_loss:0.797471, acc: 73.33, bacc: 79.74, tmp_test_f1: 46.29, f1: 70.79
epoch: 568, val_loss:1.109109, acc: 73.33, bacc: 79.74, tmp_test_f1: 49.39, f1: 70.79
epoch: 569, val_loss:1.122253, acc: 73.33, bacc: 79.74, tmp_test_f1: 53.46, f1: 70.79
epoch: 570, val_loss:0.847319, acc: 73.33, bacc: 79.74, tmp_test_f1: 61.89, f1: 70.79
epoch: 571, val_loss:0.736160, acc: 73.33, bacc: 79.74, tmp_test_f1: 61.22, f1: 70.79
epoch: 572, val_loss:0.805145, acc: 73.33, bacc: 79.74, tmp_test_f1: 52.42, f1: 70.79
epoch: 573, val_loss:0.966230, acc: 73.33, bacc: 79.74, tmp_test_f1: 47.60, f1: 70.79
epoch: 574, val_loss:0.958792, acc: 73.33, bacc: 79.74, tmp_test_f1: 53.62, f1: 70.79
epoch: 575, val_loss:0.877955, acc: 73.33, bacc: 79.74, tmp_test_f1: 54.28, f1: 70.79
epoch: 576, val_loss:0.994401, acc: 73.33, bacc: 79.74, tmp_test_f1: 51.65, f1: 70.79
epoch: 577, val_loss:0.981344, acc: 73.33, bacc: 79.74, tmp_test_f1: 54.11, f1: 70.79
epoch: 578, val_loss:0.999853, acc: 73.33, bacc: 79.74, tmp_test_f1: 58.95, f1: 70.79
epoch: 579, val_loss:0.810933, acc: 73.33, bacc: 79.74, tmp_test_f1: 51.53, f1: 70.79
epoch: 580, val_loss:0.900976, acc: 73.33, bacc: 79.74, tmp_test_f1: 55.43, f1: 70.79
epoch: 581, val_loss:0.917949, acc: 73.33, bacc: 79.74, tmp_test_f1: 60.28, f1: 70.79
epoch: 582, val_loss:0.972918, acc: 73.33, bacc: 79.74, tmp_test_f1: 62.09, f1: 70.79
epoch: 583, val_loss:0.804576, acc: 73.33, bacc: 79.74, tmp_test_f1: 55.55, f1: 70.79
epoch: 584, val_loss:0.841720, acc: 73.33, bacc: 79.74, tmp_test_f1: 51.85, f1: 70.79
epoch: 585, val_loss:1.113943, acc: 73.33, bacc: 79.74, tmp_test_f1: 50.08, f1: 70.79
epoch: 586, val_loss:1.166577, acc: 73.33, bacc: 79.74, tmp_test_f1: 43.73, f1: 70.79
epoch: 587, val_loss:1.059600, acc: 73.33, bacc: 79.74, tmp_test_f1: 60.15, f1: 70.79
epoch: 588, val_loss:0.924294, acc: 73.33, bacc: 79.74, tmp_test_f1: 51.54, f1: 70.79
epoch: 589, val_loss:1.229029, acc: 73.33, bacc: 79.74, tmp_test_f1: 56.14, f1: 70.79
epoch: 590, val_loss:0.966978, acc: 73.33, bacc: 79.74, tmp_test_f1: 37.96, f1: 70.79
epoch: 591, val_loss:1.215174, acc: 73.33, bacc: 79.74, tmp_test_f1: 54.04, f1: 70.79
epoch: 592, val_loss:1.017502, acc: 73.33, bacc: 79.74, tmp_test_f1: 49.92, f1: 70.79
epoch: 593, val_loss:1.088065, acc: 73.33, bacc: 79.74, tmp_test_f1: 44.88, f1: 70.79
epoch: 594, val_loss:1.025006, acc: 73.33, bacc: 79.74, tmp_test_f1: 42.12, f1: 70.79
epoch: 595, val_loss:1.091974, acc: 73.33, bacc: 79.74, tmp_test_f1: 50.52, f1: 70.79
epoch: 596, val_loss:1.154318, acc: 73.33, bacc: 79.74, tmp_test_f1: 47.59, f1: 70.79
epoch: 597, val_loss:1.499418, acc: 73.33, bacc: 79.74, tmp_test_f1: 40.00, f1: 70.79
epoch: 598, val_loss:1.351475, acc: 73.33, bacc: 79.74, tmp_test_f1: 48.38, f1: 70.79
epoch: 599, val_loss:1.030731, acc: 73.33, bacc: 79.74, tmp_test_f1: 52.68, f1: 70.79
epoch: 600, val_loss:1.114504, acc: 73.33, bacc: 79.74, tmp_test_f1: 56.19, f1: 70.79
epoch: 601, val_loss:1.639954, acc: 73.33, bacc: 79.74, tmp_test_f1: 49.96, f1: 70.79
epoch: 602, val_loss:1.548301, acc: 73.33, bacc: 79.74, tmp_test_f1: 50.70, f1: 70.79
epoch: 603, val_loss:1.028733, acc: 73.33, bacc: 79.74, tmp_test_f1: 56.04, f1: 70.79
epoch: 604, val_loss:0.894949, acc: 73.33, bacc: 79.74, tmp_test_f1: 49.97, f1: 70.79
epoch: 605, val_loss:1.100517, acc: 73.33, bacc: 79.74, tmp_test_f1: 51.88, f1: 70.79
epoch: 606, val_loss:1.118237, acc: 73.33, bacc: 79.74, tmp_test_f1: 52.45, f1: 70.79
epoch: 607, val_loss:1.099861, acc: 73.33, bacc: 79.74, tmp_test_f1: 53.62, f1: 70.79
epoch: 608, val_loss:1.077269, acc: 73.33, bacc: 79.74, tmp_test_f1: 56.65, f1: 70.79
epoch: 609, val_loss:1.039748, acc: 73.33, bacc: 79.74, tmp_test_f1: 49.49, f1: 70.79
epoch: 610, val_loss:1.112166, acc: 73.33, bacc: 79.74, tmp_test_f1: 50.45, f1: 70.79
epoch: 611, val_loss:1.137082, acc: 73.33, bacc: 79.74, tmp_test_f1: 45.93, f1: 70.79
epoch: 612, val_loss:1.104620, acc: 73.33, bacc: 79.74, tmp_test_f1: 53.62, f1: 70.79
epoch: 613, val_loss:0.843705, acc: 73.33, bacc: 79.74, tmp_test_f1: 61.32, f1: 70.79
epoch: 614, val_loss:0.850587, acc: 73.33, bacc: 79.74, tmp_test_f1: 58.10, f1: 70.79
epoch: 615, val_loss:0.847593, acc: 73.33, bacc: 79.74, tmp_test_f1: 50.28, f1: 70.79
epoch: 616, val_loss:0.963524, acc: 73.33, bacc: 79.74, tmp_test_f1: 48.39, f1: 70.79
epoch: 617, val_loss:0.947915, acc: 73.33, bacc: 79.74, tmp_test_f1: 55.72, f1: 70.79
epoch: 618, val_loss:0.939368, acc: 73.33, bacc: 79.74, tmp_test_f1: 55.50, f1: 70.79
epoch: 619, val_loss:0.983895, acc: 73.33, bacc: 79.74, tmp_test_f1: 57.80, f1: 70.79
epoch: 620, val_loss:0.838564, acc: 73.33, bacc: 79.74, tmp_test_f1: 55.75, f1: 70.79
epoch: 621, val_loss:0.809681, acc: 73.33, bacc: 79.74, tmp_test_f1: 54.42, f1: 70.79
epoch: 622, val_loss:0.812779, acc: 73.33, bacc: 79.74, tmp_test_f1: 54.41, f1: 70.79
epoch: 623, val_loss:0.932671, acc: 73.33, bacc: 79.74, tmp_test_f1: 51.33, f1: 70.79
epoch: 624, val_loss:0.970445, acc: 73.33, bacc: 79.74, tmp_test_f1: 55.49, f1: 70.79
epoch: 625, val_loss:0.842556, acc: 73.33, bacc: 79.74, tmp_test_f1: 60.66, f1: 70.79
epoch: 626, val_loss:0.744043, acc: 73.33, bacc: 79.74, tmp_test_f1: 59.70, f1: 70.79
epoch: 627, val_loss:0.741734, acc: 73.33, bacc: 79.74, tmp_test_f1: 49.72, f1: 70.79
epoch: 628, val_loss:0.971462, acc: 73.33, bacc: 79.74, tmp_test_f1: 58.32, f1: 70.79
epoch: 629, val_loss:0.911867, acc: 73.33, bacc: 79.74, tmp_test_f1: 52.10, f1: 70.79
epoch: 630, val_loss:0.950462, acc: 73.33, bacc: 79.74, tmp_test_f1: 55.09, f1: 70.79
epoch: 631, val_loss:0.899705, acc: 73.33, bacc: 79.74, tmp_test_f1: 62.93, f1: 70.79
epoch: 632, val_loss:0.885050, acc: 73.33, bacc: 79.74, tmp_test_f1: 47.87, f1: 70.79
epoch: 633, val_loss:1.148901, acc: 73.33, bacc: 79.74, tmp_test_f1: 55.80, f1: 70.79
epoch: 634, val_loss:0.806988, acc: 73.33, bacc: 79.74, tmp_test_f1: 57.20, f1: 70.79
epoch: 635, val_loss:0.803507, acc: 73.33, bacc: 79.74, tmp_test_f1: 46.54, f1: 70.79
epoch: 636, val_loss:1.403547, acc: 73.33, bacc: 79.74, tmp_test_f1: 49.46, f1: 70.79
epoch: 637, val_loss:0.893275, acc: 73.33, bacc: 79.74, tmp_test_f1: 57.22, f1: 70.79
epoch: 638, val_loss:0.833135, acc: 73.33, bacc: 79.74, tmp_test_f1: 53.02, f1: 70.79
epoch: 639, val_loss:0.957188, acc: 73.33, bacc: 79.74, tmp_test_f1: 50.24, f1: 70.79
epoch: 640, val_loss:1.222769, acc: 73.33, bacc: 79.74, tmp_test_f1: 38.48, f1: 70.79
epoch: 641, val_loss:1.072407, acc: 73.33, bacc: 79.74, tmp_test_f1: 60.84, f1: 70.79
epoch: 642, val_loss:0.802070, acc: 73.33, bacc: 79.74, tmp_test_f1: 59.19, f1: 70.79
epoch: 643, val_loss:1.070292, acc: 73.33, bacc: 79.74, tmp_test_f1: 54.57, f1: 70.79
epoch: 644, val_loss:0.983124, acc: 73.33, bacc: 79.74, tmp_test_f1: 54.20, f1: 70.79
epoch: 645, val_loss:0.800439, acc: 73.33, bacc: 79.74, tmp_test_f1: 58.41, f1: 70.79
epoch: 646, val_loss:0.831598, acc: 73.33, bacc: 79.74, tmp_test_f1: 52.54, f1: 70.79
epoch: 647, val_loss:1.007659, acc: 73.33, bacc: 79.74, tmp_test_f1: 47.38, f1: 70.79
epoch: 648, val_loss:1.043810, acc: 73.33, bacc: 79.74, tmp_test_f1: 59.85, f1: 70.79
epoch: 649, val_loss:0.823666, acc: 73.33, bacc: 79.74, tmp_test_f1: 60.19, f1: 70.79
epoch: 650, val_loss:0.758114, acc: 73.33, bacc: 79.74, tmp_test_f1: 55.63, f1: 70.79
epoch: 651, val_loss:0.845045, acc: 73.33, bacc: 79.74, tmp_test_f1: 49.94, f1: 70.79
epoch: 652, val_loss:1.024723, acc: 73.33, bacc: 79.74, tmp_test_f1: 51.04, f1: 70.79
epoch: 653, val_loss:0.921023, acc: 73.33, bacc: 79.74, tmp_test_f1: 59.32, f1: 70.79
epoch: 654, val_loss:0.795634, acc: 73.33, bacc: 79.74, tmp_test_f1: 63.58, f1: 70.79
epoch: 655, val_loss:0.789864, acc: 73.33, bacc: 79.74, tmp_test_f1: 57.67, f1: 70.79
epoch: 656, val_loss:0.823296, acc: 73.33, bacc: 79.74, tmp_test_f1: 48.12, f1: 70.79
epoch: 657, val_loss:1.078066, acc: 73.33, bacc: 79.74, tmp_test_f1: 48.81, f1: 70.79
epoch: 658, val_loss:0.975611, acc: 73.33, bacc: 79.74, tmp_test_f1: 56.46, f1: 70.79
epoch: 659, val_loss:0.809055, acc: 73.33, bacc: 79.74, tmp_test_f1: 60.39, f1: 70.79
epoch: 660, val_loss:0.769267, acc: 73.33, bacc: 79.74, tmp_test_f1: 56.27, f1: 70.79
epoch: 661, val_loss:0.856689, acc: 73.33, bacc: 79.74, tmp_test_f1: 51.59, f1: 70.79
epoch: 662, val_loss:1.057858, acc: 73.33, bacc: 79.74, tmp_test_f1: 59.87, f1: 70.79
epoch: 663, val_loss:0.762793, acc: 73.33, bacc: 79.74, tmp_test_f1: 60.47, f1: 70.79
epoch: 664, val_loss:0.743722, acc: 73.33, bacc: 79.74, tmp_test_f1: 57.31, f1: 70.79
epoch: 665, val_loss:0.836433, acc: 73.33, bacc: 79.74, tmp_test_f1: 48.36, f1: 70.79
epoch: 666, val_loss:1.005968, acc: 73.33, bacc: 79.74, tmp_test_f1: 52.41, f1: 70.79
epoch: 667, val_loss:0.902201, acc: 73.33, bacc: 79.74, tmp_test_f1: 59.36, f1: 70.79
epoch: 668, val_loss:0.758513, acc: 73.33, bacc: 79.74, tmp_test_f1: 56.95, f1: 70.79
epoch: 669, val_loss:0.915242, acc: 73.33, bacc: 79.74, tmp_test_f1: 52.21, f1: 70.79
epoch: 670, val_loss:1.155986, acc: 73.33, bacc: 79.74, tmp_test_f1: 53.16, f1: 70.79
epoch: 671, val_loss:1.085841, acc: 73.33, bacc: 79.74, tmp_test_f1: 49.68, f1: 70.79
epoch: 672, val_loss:0.970050, acc: 73.33, bacc: 79.74, tmp_test_f1: 44.94, f1: 70.79
epoch: 673, val_loss:1.041086, acc: 73.33, bacc: 79.74, tmp_test_f1: 53.60, f1: 70.79
epoch: 674, val_loss:1.194756, acc: 73.33, bacc: 79.74, tmp_test_f1: 53.21, f1: 70.79
epoch: 675, val_loss:0.992139, acc: 73.33, bacc: 79.74, tmp_test_f1: 51.23, f1: 70.79
epoch: 676, val_loss:0.944849, acc: 73.33, bacc: 79.74, tmp_test_f1: 51.67, f1: 70.79
epoch: 677, val_loss:1.253646, acc: 73.33, bacc: 79.74, tmp_test_f1: 47.33, f1: 70.79
epoch: 678, val_loss:1.437670, acc: 73.33, bacc: 79.74, tmp_test_f1: 54.52, f1: 70.79
epoch: 679, val_loss:0.918756, acc: 73.33, bacc: 79.74, tmp_test_f1: 53.03, f1: 70.79
epoch: 680, val_loss:0.968038, acc: 73.33, bacc: 79.74, tmp_test_f1: 59.29, f1: 70.79
epoch: 681, val_loss:0.858016, acc: 73.33, bacc: 79.74, tmp_test_f1: 44.11, f1: 70.79
epoch: 682, val_loss:1.241847, acc: 73.33, bacc: 79.74, tmp_test_f1: 45.97, f1: 70.79
epoch: 683, val_loss:1.380469, acc: 73.33, bacc: 79.74, tmp_test_f1: 48.98, f1: 70.79
epoch: 684, val_loss:1.269947, acc: 73.33, bacc: 79.74, tmp_test_f1: 56.54, f1: 70.79
epoch: 685, val_loss:0.914916, acc: 73.33, bacc: 79.74, tmp_test_f1: 51.76, f1: 70.79
epoch: 686, val_loss:0.966736, acc: 73.33, bacc: 79.74, tmp_test_f1: 61.51, f1: 70.79
epoch: 687, val_loss:0.808197, acc: 73.33, bacc: 79.74, tmp_test_f1: 56.33, f1: 70.79
epoch: 688, val_loss:1.059493, acc: 73.33, bacc: 79.74, tmp_test_f1: 47.82, f1: 70.79
epoch: 689, val_loss:1.201697, acc: 73.33, bacc: 79.74, tmp_test_f1: 43.26, f1: 70.79
epoch: 690, val_loss:1.164270, acc: 73.33, bacc: 79.74, tmp_test_f1: 55.50, f1: 70.79
epoch: 691, val_loss:0.833601, acc: 73.33, bacc: 79.74, tmp_test_f1: 62.77, f1: 70.79
epoch: 692, val_loss:0.789871, acc: 73.33, bacc: 79.74, tmp_test_f1: 60.12, f1: 70.79
epoch: 693, val_loss:0.889304, acc: 73.33, bacc: 79.74, tmp_test_f1: 54.42, f1: 70.79
epoch: 694, val_loss:0.903943, acc: 73.33, bacc: 79.74, tmp_test_f1: 47.50, f1: 70.79
epoch: 695, val_loss:0.971836, acc: 73.33, bacc: 79.74, tmp_test_f1: 50.28, f1: 70.79
epoch: 696, val_loss:0.977493, acc: 73.33, bacc: 79.74, tmp_test_f1: 53.11, f1: 70.79
epoch: 697, val_loss:0.921964, acc: 73.33, bacc: 79.74, tmp_test_f1: 55.60, f1: 70.79
epoch: 698, val_loss:0.899760, acc: 73.33, bacc: 79.74, tmp_test_f1: 60.15, f1: 70.79
epoch: 699, val_loss:0.788994, acc: 73.33, bacc: 79.74, tmp_test_f1: 65.25, f1: 70.79
epoch: 700, val_loss:0.712432, acc: 73.33, bacc: 79.74, tmp_test_f1: 54.74, f1: 70.79
epoch: 701, val_loss:0.792613, acc: 73.33, bacc: 79.74, tmp_test_f1: 46.56, f1: 70.79
epoch: 702, val_loss:1.073237, acc: 73.33, bacc: 79.74, tmp_test_f1: 49.10, f1: 70.79
epoch: 703, val_loss:1.159353, acc: 73.33, bacc: 79.74, tmp_test_f1: 55.46, f1: 70.79
epoch: 704, val_loss:0.909420, acc: 73.33, bacc: 79.74, tmp_test_f1: 57.28, f1: 70.79
epoch: 705, val_loss:0.761462, acc: 73.33, bacc: 79.74, tmp_test_f1: 54.47, f1: 70.79
epoch: 706, val_loss:0.843818, acc: 73.33, bacc: 79.74, tmp_test_f1: 59.29, f1: 70.79
epoch: 707, val_loss:0.869299, acc: 73.33, bacc: 79.74, tmp_test_f1: 57.22, f1: 70.79
epoch: 708, val_loss:0.813943, acc: 73.33, bacc: 79.74, tmp_test_f1: 51.60, f1: 70.79
epoch: 709, val_loss:0.851258, acc: 73.33, bacc: 79.74, tmp_test_f1: 49.30, f1: 70.79
epoch: 710, val_loss:0.883223, acc: 73.33, bacc: 79.74, tmp_test_f1: 60.18, f1: 70.79
epoch: 711, val_loss:0.896793, acc: 73.33, bacc: 79.74, tmp_test_f1: 53.81, f1: 70.79
epoch: 712, val_loss:0.942041, acc: 73.33, bacc: 79.74, tmp_test_f1: 55.22, f1: 70.79
epoch: 713, val_loss:0.815415, acc: 73.33, bacc: 79.74, tmp_test_f1: 62.42, f1: 70.79
epoch: 714, val_loss:0.870785, acc: 73.33, bacc: 79.74, tmp_test_f1: 50.83, f1: 70.79
epoch: 715, val_loss:1.012996, acc: 73.33, bacc: 79.74, tmp_test_f1: 43.55, f1: 70.79
epoch: 716, val_loss:0.937557, acc: 73.33, bacc: 79.74, tmp_test_f1: 63.62, f1: 70.79
epoch: 717, val_loss:0.768422, acc: 73.33, bacc: 79.74, tmp_test_f1: 61.29, f1: 70.79
epoch: 718, val_loss:0.907616, acc: 73.33, bacc: 79.74, tmp_test_f1: 53.50, f1: 70.79
epoch: 719, val_loss:0.905990, acc: 73.33, bacc: 79.74, tmp_test_f1: 55.59, f1: 70.79
epoch: 720, val_loss:0.824514, acc: 73.33, bacc: 79.74, tmp_test_f1: 57.28, f1: 70.79
epoch: 721, val_loss:0.960864, acc: 73.33, bacc: 79.74, tmp_test_f1: 46.56, f1: 70.79
epoch: 722, val_loss:1.251207, acc: 73.33, bacc: 79.74, tmp_test_f1: 54.95, f1: 70.79
epoch: 723, val_loss:0.937942, acc: 73.33, bacc: 79.74, tmp_test_f1: 61.56, f1: 70.79
epoch: 724, val_loss:1.019509, acc: 73.33, bacc: 79.74, tmp_test_f1: 57.86, f1: 70.79
epoch: 725, val_loss:0.915525, acc: 73.33, bacc: 79.74, tmp_test_f1: 34.91, f1: 70.79
epoch: 726, val_loss:1.350363, acc: 73.33, bacc: 79.74, tmp_test_f1: 67.48, f1: 70.79
epoch: 727, val_loss:0.893242, acc: 73.33, bacc: 79.74, tmp_test_f1: 60.30, f1: 70.79
epoch: 728, val_loss:1.095424, acc: 73.33, bacc: 79.74, tmp_test_f1: 40.81, f1: 70.79
epoch: 729, val_loss:1.758977, acc: 73.33, bacc: 79.74, tmp_test_f1: 57.20, f1: 70.79
epoch: 730, val_loss:0.907735, acc: 73.33, bacc: 79.74, tmp_test_f1: 44.16, f1: 70.79
epoch: 731, val_loss:1.067728, acc: 73.33, bacc: 79.74, tmp_test_f1: 48.59, f1: 70.79
epoch: 732, val_loss:1.218899, acc: 73.33, bacc: 79.74, tmp_test_f1: 45.72, f1: 70.79
epoch: 733, val_loss:1.708276, acc: 73.33, bacc: 79.74, tmp_test_f1: 34.50, f1: 70.79
epoch: 734, val_loss:1.805066, acc: 73.33, bacc: 79.74, tmp_test_f1: 49.51, f1: 70.79
epoch: 735, val_loss:1.260578, acc: 73.33, bacc: 79.74, tmp_test_f1: 48.06, f1: 70.79
epoch: 736, val_loss:1.191535, acc: 73.33, bacc: 79.74, tmp_test_f1: 60.83, f1: 70.79
epoch: 737, val_loss:0.930802, acc: 73.33, bacc: 79.74, tmp_test_f1: 44.50, f1: 70.79
epoch: 738, val_loss:0.997783, acc: 73.33, bacc: 79.74, tmp_test_f1: 39.38, f1: 70.79
epoch: 739, val_loss:1.158842, acc: 73.33, bacc: 79.74, tmp_test_f1: 52.20, f1: 70.79
epoch: 740, val_loss:1.023034, acc: 73.33, bacc: 79.74, tmp_test_f1: 54.36, f1: 70.79
epoch: 741, val_loss:1.071220, acc: 73.33, bacc: 79.74, tmp_test_f1: 56.33, f1: 70.79
epoch: 742, val_loss:1.049158, acc: 73.33, bacc: 79.74, tmp_test_f1: 57.43, f1: 70.79
epoch: 743, val_loss:0.838629, acc: 73.33, bacc: 79.74, tmp_test_f1: 53.78, f1: 70.79
epoch: 744, val_loss:1.032932, acc: 73.33, bacc: 79.74, tmp_test_f1: 52.27, f1: 70.79
epoch: 745, val_loss:1.066672, acc: 73.33, bacc: 79.74, tmp_test_f1: 55.43, f1: 70.79
epoch: 746, val_loss:0.900802, acc: 73.33, bacc: 79.74, tmp_test_f1: 56.20, f1: 70.79
epoch: 747, val_loss:0.862592, acc: 73.33, bacc: 79.74, tmp_test_f1: 59.27, f1: 70.79
epoch: 748, val_loss:0.837123, acc: 73.33, bacc: 79.74, tmp_test_f1: 56.97, f1: 70.79
epoch: 749, val_loss:0.899003, acc: 73.33, bacc: 79.74, tmp_test_f1: 54.49, f1: 70.79
epoch: 750, val_loss:0.910073, acc: 73.33, bacc: 79.74, tmp_test_f1: 49.33, f1: 70.79
epoch: 751, val_loss:0.948129, acc: 73.33, bacc: 79.74, tmp_test_f1: 55.59, f1: 70.79
epoch: 752, val_loss:0.861357, acc: 73.33, bacc: 79.74, tmp_test_f1: 62.56, f1: 70.79
epoch: 753, val_loss:0.739918, acc: 73.33, bacc: 79.74, tmp_test_f1: 59.95, f1: 70.79
epoch: 754, val_loss:0.814607, acc: 73.33, bacc: 79.74, tmp_test_f1: 55.98, f1: 70.79
epoch: 755, val_loss:0.893636, acc: 73.33, bacc: 79.74, tmp_test_f1: 54.36, f1: 70.79
epoch: 756, val_loss:0.891650, acc: 73.33, bacc: 79.74, tmp_test_f1: 58.27, f1: 70.79
epoch: 757, val_loss:0.784159, acc: 73.33, bacc: 79.74, tmp_test_f1: 56.85, f1: 70.79
epoch: 758, val_loss:0.814697, acc: 73.33, bacc: 79.74, tmp_test_f1: 57.45, f1: 70.79
epoch: 759, val_loss:0.893028, acc: 73.33, bacc: 79.74, tmp_test_f1: 57.61, f1: 70.79
epoch: 760, val_loss:0.792990, acc: 73.33, bacc: 79.74, tmp_test_f1: 62.41, f1: 70.79
epoch: 761, val_loss:0.700966, acc: 73.33, bacc: 79.74, tmp_test_f1: 60.92, f1: 70.79
epoch: 762, val_loss:0.758947, acc: 73.33, bacc: 79.74, tmp_test_f1: 52.25, f1: 70.79
epoch: 763, val_loss:0.925463, acc: 73.33, bacc: 79.74, tmp_test_f1: 55.62, f1: 70.79
epoch: 764, val_loss:0.838038, acc: 73.33, bacc: 79.74, tmp_test_f1: 61.23, f1: 70.79
epoch: 765, val_loss:0.763927, acc: 73.33, bacc: 79.74, tmp_test_f1: 60.65, f1: 70.79
epoch: 766, val_loss:0.782381, acc: 73.33, bacc: 79.74, tmp_test_f1: 54.93, f1: 70.79
epoch: 767, val_loss:0.841569, acc: 73.33, bacc: 79.74, tmp_test_f1: 57.41, f1: 70.79
epoch: 768, val_loss:0.820662, acc: 73.33, bacc: 79.74, tmp_test_f1: 59.75, f1: 70.79
epoch: 769, val_loss:0.784676, acc: 73.33, bacc: 79.74, tmp_test_f1: 52.79, f1: 70.79
epoch: 770, val_loss:0.865333, acc: 73.33, bacc: 79.74, tmp_test_f1: 50.81, f1: 70.79
epoch: 771, val_loss:0.868094, acc: 73.33, bacc: 79.74, tmp_test_f1: 61.65, f1: 70.79
epoch: 772, val_loss:0.773830, acc: 73.33, bacc: 79.74, tmp_test_f1: 60.07, f1: 70.79
epoch: 773, val_loss:0.845324, acc: 73.33, bacc: 79.74, tmp_test_f1: 51.60, f1: 70.79
epoch: 774, val_loss:0.897760, acc: 73.33, bacc: 79.74, tmp_test_f1: 55.17, f1: 70.79
epoch: 775, val_loss:0.831220, acc: 73.33, bacc: 79.74, tmp_test_f1: 58.63, f1: 70.79
epoch: 776, val_loss:0.901440, acc: 73.33, bacc: 79.74, tmp_test_f1: 54.32, f1: 70.79
epoch: 777, val_loss:0.988964, acc: 73.33, bacc: 79.74, tmp_test_f1: 49.65, f1: 70.79
epoch: 778, val_loss:0.976320, acc: 73.33, bacc: 79.74, tmp_test_f1: 61.04, f1: 70.79
epoch: 779, val_loss:0.799280, acc: 73.33, bacc: 79.74, tmp_test_f1: 62.71, f1: 70.79
epoch: 780, val_loss:0.760947, acc: 73.33, bacc: 79.74, tmp_test_f1: 54.68, f1: 70.79
epoch: 781, val_loss:0.895883, acc: 73.33, bacc: 79.74, tmp_test_f1: 47.69, f1: 70.79
epoch: 782, val_loss:1.052374, acc: 73.33, bacc: 79.74, tmp_test_f1: 58.12, f1: 70.79
epoch: 783, val_loss:0.869602, acc: 73.33, bacc: 79.74, tmp_test_f1: 63.88, f1: 70.79
epoch: 784, val_loss:0.790190, acc: 73.33, bacc: 79.74, tmp_test_f1: 48.99, f1: 70.79
epoch: 785, val_loss:0.923635, acc: 73.33, bacc: 79.74, tmp_test_f1: 52.87, f1: 70.79
epoch: 786, val_loss:0.867229, acc: 73.33, bacc: 79.74, tmp_test_f1: 56.78, f1: 70.79
epoch: 787, val_loss:0.902881, acc: 73.33, bacc: 79.74, tmp_test_f1: 47.20, f1: 70.79
epoch: 788, val_loss:0.976867, acc: 73.33, bacc: 79.74, tmp_test_f1: 55.51, f1: 70.79
epoch: 789, val_loss:0.902620, acc: 73.33, bacc: 79.74, tmp_test_f1: 54.57, f1: 70.79
epoch: 790, val_loss:0.862985, acc: 73.33, bacc: 79.74, tmp_test_f1: 51.69, f1: 70.79
epoch: 791, val_loss:1.009452, acc: 73.33, bacc: 79.74, tmp_test_f1: 62.35, f1: 70.79
epoch: 792, val_loss:0.751289, acc: 73.33, bacc: 79.74, tmp_test_f1: 60.16, f1: 70.79
epoch: 793, val_loss:0.891683, acc: 73.33, bacc: 79.74, tmp_test_f1: 46.04, f1: 70.79
epoch: 794, val_loss:1.130762, acc: 73.33, bacc: 79.74, tmp_test_f1: 60.23, f1: 70.79
epoch: 795, val_loss:0.892127, acc: 73.33, bacc: 79.74, tmp_test_f1: 42.28, f1: 70.79
epoch: 796, val_loss:1.210659, acc: 73.33, bacc: 79.74, tmp_test_f1: 46.84, f1: 70.79
epoch: 797, val_loss:1.359757, acc: 73.33, bacc: 79.74, tmp_test_f1: 33.52, f1: 70.79
epoch: 798, val_loss:1.537477, acc: 73.33, bacc: 79.74, tmp_test_f1: 19.44, f1: 70.79
epoch: 799, val_loss:2.287137, acc: 73.33, bacc: 79.74, tmp_test_f1: 16.46, f1: 70.79
epoch: 800, val_loss:3.411753, acc: 73.33, bacc: 79.74, tmp_test_f1: 2.93, f1: 70.79
epoch: 801, val_loss:2.793684, acc: 73.33, bacc: 79.74, tmp_test_f1: 4.88, f1: 70.79
epoch: 802, val_loss:3.218690, acc: 73.33, bacc: 79.74, tmp_test_f1: 8.10, f1: 70.79
epoch: 803, val_loss:2.478769, acc: 73.33, bacc: 79.74, tmp_test_f1: 9.58, f1: 70.79
epoch: 804, val_loss:2.296905, acc: 73.33, bacc: 79.74, tmp_test_f1: 14.32, f1: 70.79
epoch: 805, val_loss:2.182278, acc: 73.33, bacc: 79.74, tmp_test_f1: 13.44, f1: 70.79
epoch: 806, val_loss:2.261545, acc: 73.33, bacc: 79.74, tmp_test_f1: 11.87, f1: 70.79
epoch: 807, val_loss:3.021399, acc: 73.33, bacc: 79.74, tmp_test_f1: 25.46, f1: 70.79
epoch: 808, val_loss:1.856110, acc: 73.33, bacc: 79.74, tmp_test_f1: 15.52, f1: 70.79
epoch: 809, val_loss:1.843913, acc: 73.33, bacc: 79.74, tmp_test_f1: 9.40, f1: 70.79
epoch: 810, val_loss:1.910318, acc: 73.33, bacc: 79.74, tmp_test_f1: 10.95, f1: 70.79
epoch: 811, val_loss:1.784148, acc: 73.33, bacc: 79.74, tmp_test_f1: 15.29, f1: 70.79
epoch: 812, val_loss:1.724071, acc: 73.33, bacc: 79.74, tmp_test_f1: 17.69, f1: 70.79
epoch: 813, val_loss:1.729332, acc: 73.33, bacc: 79.74, tmp_test_f1: 19.19, f1: 70.79
epoch: 814, val_loss:1.890696, acc: 73.33, bacc: 79.74, tmp_test_f1: 26.28, f1: 70.79
epoch: 815, val_loss:1.682991, acc: 73.33, bacc: 79.74, tmp_test_f1: 28.77, f1: 70.79
epoch: 816, val_loss:1.591539, acc: 73.33, bacc: 79.74, tmp_test_f1: 33.76, f1: 70.79
epoch: 817, val_loss:1.614336, acc: 73.33, bacc: 79.74, tmp_test_f1: 35.26, f1: 70.79
epoch: 818, val_loss:1.656585, acc: 73.33, bacc: 79.74, tmp_test_f1: 32.82, f1: 70.79
epoch: 819, val_loss:1.609276, acc: 73.33, bacc: 79.74, tmp_test_f1: 37.91, f1: 70.79
epoch: 820, val_loss:1.650806, acc: 73.33, bacc: 79.74, tmp_test_f1: 38.96, f1: 70.79
epoch: 821, val_loss:1.529487, acc: 73.33, bacc: 79.74, tmp_test_f1: 34.92, f1: 70.79
epoch: 822, val_loss:1.614928, acc: 73.33, bacc: 79.74, tmp_test_f1: 36.28, f1: 70.79
epoch: 823, val_loss:1.578327, acc: 73.33, bacc: 79.74, tmp_test_f1: 38.08, f1: 70.79
epoch: 824, val_loss:1.545465, acc: 73.33, bacc: 79.74, tmp_test_f1: 38.86, f1: 70.79
epoch: 825, val_loss:1.452703, acc: 73.33, bacc: 79.74, tmp_test_f1: 32.04, f1: 70.79
epoch: 826, val_loss:1.733588, acc: 73.33, bacc: 79.74, tmp_test_f1: 34.19, f1: 70.79
epoch: 827, val_loss:1.750054, acc: 73.33, bacc: 79.74, tmp_test_f1: 36.37, f1: 70.79
epoch: 828, val_loss:1.486043, acc: 73.33, bacc: 79.74, tmp_test_f1: 35.43, f1: 70.79
epoch: 829, val_loss:1.502298, acc: 73.33, bacc: 79.74, tmp_test_f1: 36.57, f1: 70.79
epoch: 830, val_loss:1.467733, acc: 73.33, bacc: 79.74, tmp_test_f1: 29.89, f1: 70.79
epoch: 831, val_loss:1.867790, acc: 73.33, bacc: 79.74, tmp_test_f1: 35.45, f1: 70.79
epoch: 832, val_loss:1.511679, acc: 73.33, bacc: 79.74, tmp_test_f1: 37.79, f1: 70.79
epoch: 833, val_loss:1.413762, acc: 73.33, bacc: 79.74, tmp_test_f1: 39.90, f1: 70.79
epoch: 834, val_loss:1.337442, acc: 73.33, bacc: 79.74, tmp_test_f1: 38.01, f1: 70.79
epoch: 835, val_loss:1.358510, acc: 73.33, bacc: 79.74, tmp_test_f1: 39.15, f1: 70.79
epoch: 836, val_loss:1.433570, acc: 73.33, bacc: 79.74, tmp_test_f1: 39.13, f1: 70.79
epoch: 837, val_loss:1.457510, acc: 73.33, bacc: 79.74, tmp_test_f1: 36.42, f1: 70.79
epoch: 838, val_loss:1.287274, acc: 73.33, bacc: 79.74, tmp_test_f1: 33.39, f1: 70.79
epoch: 839, val_loss:1.596425, acc: 73.33, bacc: 79.74, tmp_test_f1: 35.31, f1: 70.79
epoch: 840, val_loss:1.441762, acc: 73.33, bacc: 79.74, tmp_test_f1: 33.77, f1: 70.79
epoch: 841, val_loss:1.239942, acc: 73.33, bacc: 79.74, tmp_test_f1: 36.35, f1: 70.79
epoch: 842, val_loss:1.312939, acc: 73.33, bacc: 79.74, tmp_test_f1: 38.89, f1: 70.79
epoch: 843, val_loss:1.383430, acc: 73.33, bacc: 79.74, tmp_test_f1: 36.21, f1: 70.79
epoch: 844, val_loss:1.405030, acc: 73.33, bacc: 79.74, tmp_test_f1: 40.25, f1: 70.79
epoch: 845, val_loss:1.241468, acc: 73.33, bacc: 79.74, tmp_test_f1: 39.28, f1: 70.79
epoch: 846, val_loss:1.372075, acc: 73.33, bacc: 79.74, tmp_test_f1: 44.21, f1: 70.79
epoch: 847, val_loss:1.288055, acc: 73.33, bacc: 79.74, tmp_test_f1: 43.09, f1: 70.79
epoch: 848, val_loss:1.319969, acc: 73.33, bacc: 79.74, tmp_test_f1: 42.44, f1: 70.79
epoch: 849, val_loss:1.295445, acc: 73.33, bacc: 79.74, tmp_test_f1: 41.36, f1: 70.79
epoch: 850, val_loss:1.249112, acc: 73.33, bacc: 79.74, tmp_test_f1: 40.08, f1: 70.79
epoch: 851, val_loss:1.288333, acc: 73.33, bacc: 79.74, tmp_test_f1: 39.28, f1: 70.79
epoch: 852, val_loss:1.386253, acc: 73.33, bacc: 79.74, tmp_test_f1: 33.61, f1: 70.79
epoch: 853, val_loss:1.273075, acc: 73.33, bacc: 79.74, tmp_test_f1: 27.84, f1: 70.79
epoch: 854, val_loss:1.908116, acc: 73.33, bacc: 79.74, tmp_test_f1: 38.49, f1: 70.79
epoch: 855, val_loss:1.352723, acc: 73.33, bacc: 79.74, tmp_test_f1: 40.41, f1: 70.79
epoch: 856, val_loss:1.277315, acc: 73.33, bacc: 79.74, tmp_test_f1: 41.98, f1: 70.79
epoch: 857, val_loss:1.321234, acc: 73.33, bacc: 79.74, tmp_test_f1: 39.48, f1: 70.79
epoch: 858, val_loss:1.287925, acc: 73.33, bacc: 79.74, tmp_test_f1: 40.64, f1: 70.79
epoch: 859, val_loss:1.193220, acc: 73.33, bacc: 79.74, tmp_test_f1: 39.17, f1: 70.79
epoch: 860, val_loss:1.232937, acc: 73.33, bacc: 79.74, tmp_test_f1: 33.60, f1: 70.79
epoch: 861, val_loss:1.546408, acc: 73.33, bacc: 79.74, tmp_test_f1: 41.33, f1: 70.79
epoch: 862, val_loss:1.231600, acc: 73.33, bacc: 79.74, tmp_test_f1: 46.65, f1: 70.79
epoch: 863, val_loss:1.134145, acc: 73.33, bacc: 79.74, tmp_test_f1: 39.97, f1: 70.79
epoch: 864, val_loss:1.138281, acc: 73.33, bacc: 79.74, tmp_test_f1: 27.89, f1: 70.79
epoch: 865, val_loss:1.871954, acc: 73.33, bacc: 79.74, tmp_test_f1: 35.10, f1: 70.79
epoch: 866, val_loss:1.449591, acc: 73.33, bacc: 79.74, tmp_test_f1: 44.69, f1: 70.79
epoch: 867, val_loss:1.184708, acc: 73.33, bacc: 79.74, tmp_test_f1: 39.25, f1: 70.79
epoch: 868, val_loss:1.179941, acc: 73.33, bacc: 79.74, tmp_test_f1: 34.62, f1: 70.79
epoch: 869, val_loss:1.664397, acc: 73.33, bacc: 79.74, tmp_test_f1: 34.23, f1: 70.79
epoch: 870, val_loss:1.584637, acc: 73.33, bacc: 79.74, tmp_test_f1: 47.10, f1: 70.79
epoch: 871, val_loss:1.093332, acc: 73.33, bacc: 79.74, tmp_test_f1: 46.61, f1: 70.79
epoch: 872, val_loss:1.108538, acc: 73.33, bacc: 79.74, tmp_test_f1: 31.92, f1: 70.79
epoch: 873, val_loss:1.630614, acc: 73.33, bacc: 79.74, tmp_test_f1: 35.74, f1: 70.79
epoch: 874, val_loss:1.675974, acc: 73.33, bacc: 79.74, tmp_test_f1: 41.81, f1: 70.79
epoch: 875, val_loss:1.126254, acc: 73.33, bacc: 79.74, tmp_test_f1: 41.86, f1: 70.79
epoch: 876, val_loss:1.166874, acc: 73.33, bacc: 79.74, tmp_test_f1: 29.51, f1: 70.79
epoch: 877, val_loss:1.548626, acc: 73.33, bacc: 79.74, tmp_test_f1: 32.22, f1: 70.79
epoch: 878, val_loss:1.383574, acc: 73.33, bacc: 79.74, tmp_test_f1: 32.74, f1: 70.79
epoch: 879, val_loss:1.233066, acc: 73.33, bacc: 79.74, tmp_test_f1: 38.00, f1: 70.79
epoch: 880, val_loss:1.156717, acc: 73.33, bacc: 79.74, tmp_test_f1: 38.87, f1: 70.79
epoch: 881, val_loss:1.261527, acc: 73.33, bacc: 79.74, tmp_test_f1: 39.41, f1: 70.79
epoch: 882, val_loss:1.247718, acc: 73.33, bacc: 79.74, tmp_test_f1: 42.28, f1: 70.79
epoch: 883, val_loss:1.094702, acc: 73.33, bacc: 79.74, tmp_test_f1: 45.75, f1: 70.79
epoch: 884, val_loss:1.021998, acc: 73.33, bacc: 79.74, tmp_test_f1: 42.36, f1: 70.79
epoch: 885, val_loss:1.131877, acc: 73.33, bacc: 79.74, tmp_test_f1: 38.12, f1: 70.79
epoch: 886, val_loss:1.574622, acc: 73.33, bacc: 79.74, tmp_test_f1: 39.55, f1: 70.79
epoch: 887, val_loss:1.368935, acc: 73.33, bacc: 79.74, tmp_test_f1: 46.38, f1: 70.79
epoch: 888, val_loss:1.064139, acc: 73.33, bacc: 79.74, tmp_test_f1: 44.79, f1: 70.79
epoch: 889, val_loss:1.031107, acc: 73.33, bacc: 79.74, tmp_test_f1: 40.21, f1: 70.79
epoch: 890, val_loss:1.160354, acc: 73.33, bacc: 79.74, tmp_test_f1: 38.98, f1: 70.79
epoch: 891, val_loss:1.177768, acc: 73.33, bacc: 79.74, tmp_test_f1: 39.39, f1: 70.79
epoch: 892, val_loss:1.177025, acc: 73.33, bacc: 79.74, tmp_test_f1: 44.96, f1: 70.79
epoch: 893, val_loss:1.064443, acc: 73.33, bacc: 79.74, tmp_test_f1: 44.94, f1: 70.79
epoch: 894, val_loss:1.081424, acc: 73.33, bacc: 79.74, tmp_test_f1: 42.43, f1: 70.79
epoch: 895, val_loss:1.262328, acc: 73.33, bacc: 79.74, tmp_test_f1: 42.39, f1: 70.79
epoch: 896, val_loss:1.276387, acc: 73.33, bacc: 79.74, tmp_test_f1: 48.53, f1: 70.79
epoch: 897, val_loss:1.060515, acc: 73.33, bacc: 79.74, tmp_test_f1: 47.27, f1: 70.79
epoch: 898, val_loss:1.102574, acc: 73.33, bacc: 79.74, tmp_test_f1: 49.02, f1: 70.79
epoch: 899, val_loss:1.073623, acc: 73.33, bacc: 79.74, tmp_test_f1: 45.23, f1: 70.79
epoch: 900, val_loss:1.157911, acc: 73.33, bacc: 79.74, tmp_test_f1: 41.62, f1: 70.79
epoch: 901, val_loss:1.380939, acc: 73.33, bacc: 79.74, tmp_test_f1: 52.02, f1: 70.79
epoch: 902, val_loss:1.011656, acc: 73.33, bacc: 79.74, tmp_test_f1: 48.59, f1: 70.79
epoch: 903, val_loss:1.005700, acc: 73.33, bacc: 79.74, tmp_test_f1: 43.12, f1: 70.79
epoch: 904, val_loss:1.186340, acc: 73.33, bacc: 79.74, tmp_test_f1: 43.57, f1: 70.79
epoch: 905, val_loss:1.158799, acc: 73.33, bacc: 79.74, tmp_test_f1: 48.64, f1: 70.79
epoch: 906, val_loss:1.025905, acc: 73.33, bacc: 79.74, tmp_test_f1: 48.62, f1: 70.79
epoch: 907, val_loss:1.116612, acc: 73.33, bacc: 79.74, tmp_test_f1: 46.12, f1: 70.79
epoch: 908, val_loss:1.127294, acc: 73.33, bacc: 79.74, tmp_test_f1: 48.71, f1: 70.79
epoch: 909, val_loss:1.121141, acc: 73.33, bacc: 79.74, tmp_test_f1: 45.41, f1: 70.79
epoch: 910, val_loss:1.137555, acc: 73.33, bacc: 79.74, tmp_test_f1: 45.10, f1: 70.79
epoch: 911, val_loss:1.272434, acc: 73.33, bacc: 79.74, tmp_test_f1: 48.85, f1: 70.79
epoch: 912, val_loss:1.054103, acc: 73.33, bacc: 79.74, tmp_test_f1: 50.09, f1: 70.79
epoch: 913, val_loss:1.054166, acc: 73.33, bacc: 79.74, tmp_test_f1: 43.76, f1: 70.79
epoch: 914, val_loss:1.306485, acc: 73.33, bacc: 79.74, tmp_test_f1: 44.12, f1: 70.79
epoch: 915, val_loss:1.298577, acc: 73.33, bacc: 79.74, tmp_test_f1: 53.48, f1: 70.79
epoch: 916, val_loss:0.952555, acc: 73.33, bacc: 79.74, tmp_test_f1: 50.47, f1: 70.79
epoch: 917, val_loss:1.088997, acc: 73.33, bacc: 79.74, tmp_test_f1: 40.56, f1: 70.79
epoch: 918, val_loss:1.341214, acc: 73.33, bacc: 79.74, tmp_test_f1: 45.44, f1: 70.79
epoch: 919, val_loss:1.192459, acc: 73.33, bacc: 79.74, tmp_test_f1: 44.78, f1: 70.79
epoch: 920, val_loss:1.078746, acc: 73.33, bacc: 79.74, tmp_test_f1: 46.10, f1: 70.79
epoch: 921, val_loss:1.243059, acc: 73.33, bacc: 79.74, tmp_test_f1: 42.99, f1: 70.79
epoch: 922, val_loss:1.211701, acc: 73.33, bacc: 79.74, tmp_test_f1: 52.38, f1: 70.79
epoch: 923, val_loss:1.015688, acc: 73.33, bacc: 79.74, tmp_test_f1: 41.15, f1: 70.79
epoch: 924, val_loss:1.185128, acc: 73.33, bacc: 79.74, tmp_test_f1: 42.53, f1: 70.79
epoch: 925, val_loss:1.299046, acc: 73.33, bacc: 79.74, tmp_test_f1: 44.69, f1: 70.79
epoch: 926, val_loss:1.170110, acc: 73.33, bacc: 79.74, tmp_test_f1: 52.38, f1: 70.79
epoch: 927, val_loss:1.004787, acc: 73.33, bacc: 79.74, tmp_test_f1: 55.18, f1: 70.79
epoch: 928, val_loss:0.960186, acc: 73.33, bacc: 79.74, tmp_test_f1: 45.22, f1: 70.79
epoch: 929, val_loss:1.117092, acc: 73.33, bacc: 79.74, tmp_test_f1: 43.17, f1: 70.79
epoch: 930, val_loss:1.285371, acc: 73.33, bacc: 79.74, tmp_test_f1: 46.01, f1: 70.79
epoch: 931, val_loss:1.042430, acc: 73.33, bacc: 79.74, tmp_test_f1: 57.09, f1: 70.79
epoch: 932, val_loss:0.945747, acc: 73.33, bacc: 79.74, tmp_test_f1: 48.97, f1: 70.79
epoch: 933, val_loss:1.080878, acc: 73.33, bacc: 79.74, tmp_test_f1: 47.02, f1: 70.79
epoch: 934, val_loss:1.131884, acc: 73.33, bacc: 79.74, tmp_test_f1: 43.70, f1: 70.79
epoch: 935, val_loss:1.195939, acc: 73.33, bacc: 79.74, tmp_test_f1: 47.21, f1: 70.79
epoch: 936, val_loss:1.088809, acc: 73.33, bacc: 79.74, tmp_test_f1: 48.15, f1: 70.79
epoch: 937, val_loss:1.081111, acc: 73.33, bacc: 79.74, tmp_test_f1: 50.95, f1: 70.79
epoch: 938, val_loss:1.150099, acc: 73.33, bacc: 79.74, tmp_test_f1: 41.37, f1: 70.79
epoch: 939, val_loss:1.360914, acc: 73.33, bacc: 79.74, tmp_test_f1: 50.00, f1: 70.79
epoch: 940, val_loss:1.052064, acc: 73.33, bacc: 79.74, tmp_test_f1: 32.18, f1: 70.79
epoch: 941, val_loss:1.382419, acc: 73.33, bacc: 79.74, tmp_test_f1: 47.89, f1: 70.79
epoch: 942, val_loss:1.225747, acc: 73.33, bacc: 79.74, tmp_test_f1: 27.87, f1: 70.79
epoch: 943, val_loss:1.698306, acc: 73.33, bacc: 79.74, tmp_test_f1: 28.19, f1: 70.79
epoch: 944, val_loss:1.753123, acc: 73.33, bacc: 79.74, tmp_test_f1: 43.55, f1: 70.79
epoch: 945, val_loss:1.296037, acc: 73.33, bacc: 79.74, tmp_test_f1: 54.94, f1: 70.79
epoch: 946, val_loss:0.961500, acc: 73.33, bacc: 79.74, tmp_test_f1: 28.83, f1: 70.79
epoch: 947, val_loss:1.630740, acc: 73.33, bacc: 79.74, tmp_test_f1: 51.73, f1: 70.79
epoch: 948, val_loss:1.110846, acc: 73.33, bacc: 79.74, tmp_test_f1: 46.32, f1: 70.79
epoch: 949, val_loss:1.320923, acc: 73.33, bacc: 79.74, tmp_test_f1: 41.82, f1: 70.79
epoch: 950, val_loss:1.662565, acc: 73.33, bacc: 79.74, tmp_test_f1: 28.38, f1: 70.79
epoch: 951, val_loss:1.569479, acc: 73.33, bacc: 79.74, tmp_test_f1: 48.72, f1: 70.79
epoch: 952, val_loss:1.216253, acc: 73.33, bacc: 79.74, tmp_test_f1: 43.48, f1: 70.79
epoch: 953, val_loss:1.341234, acc: 73.33, bacc: 79.74, tmp_test_f1: 42.62, f1: 70.79
epoch: 954, val_loss:1.402339, acc: 73.33, bacc: 79.74, tmp_test_f1: 41.32, f1: 70.79
epoch: 955, val_loss:1.486029, acc: 73.33, bacc: 79.74, tmp_test_f1: 44.72, f1: 70.79
epoch: 956, val_loss:1.437145, acc: 73.33, bacc: 79.74, tmp_test_f1: 45.50, f1: 70.79
epoch: 957, val_loss:1.252172, acc: 73.33, bacc: 79.74, tmp_test_f1: 53.35, f1: 70.79
epoch: 958, val_loss:1.097790, acc: 73.33, bacc: 79.74, tmp_test_f1: 28.65, f1: 70.79
epoch: 959, val_loss:1.729144, acc: 73.33, bacc: 79.74, tmp_test_f1: 43.69, f1: 70.79
epoch: 960, val_loss:1.747980, acc: 73.33, bacc: 79.74, tmp_test_f1: 44.74, f1: 70.79
epoch: 961, val_loss:1.501059, acc: 73.33, bacc: 79.74, tmp_test_f1: 52.40, f1: 70.79
SAGE Amazon-Computers 100 Aug 1 EndEpoch 961 lr 0.1
SHAsplit  0, acc: 73.33, bacc: 79.74, f1: 70.79
