CUDA Device Index: 3
dataset is  WebKB texas
dataset is  WebKB texas
splits 10
CountNotImproved reset to 0
epoch:   0, acc: 64.86, bacc: 25.00, tmp_test_f1: 19.67, f1: 19.67
CountNotImproved reset to 0
epoch:   1, acc: 21.62, bacc: 43.75, tmp_test_f1: 27.84, f1: 27.84
epoch:   2, acc: 21.62, bacc: 43.75, tmp_test_f1: 4.88, f1: 27.84
CountNotImproved reset to 0
epoch:   3, acc: 70.27, bacc: 37.50, tmp_test_f1: 33.55, f1: 33.55
epoch:   4, acc: 70.27, bacc: 37.50, tmp_test_f1: 29.02, f1: 33.55
epoch:   5, acc: 70.27, bacc: 37.50, tmp_test_f1: 20.69, f1: 33.55
epoch:   6, acc: 70.27, bacc: 37.50, tmp_test_f1: 19.64, f1: 33.55
epoch:   7, acc: 70.27, bacc: 37.50, tmp_test_f1: 27.78, f1: 33.55
epoch:   8, acc: 70.27, bacc: 37.50, tmp_test_f1: 27.78, f1: 33.55
epoch:   9, acc: 70.27, bacc: 37.50, tmp_test_f1: 27.78, f1: 33.55
epoch:  10, acc: 70.27, bacc: 37.50, tmp_test_f1: 27.78, f1: 33.55
epoch:  11, acc: 70.27, bacc: 37.50, tmp_test_f1: 28.33, f1: 33.55
epoch:  12, acc: 70.27, bacc: 37.50, tmp_test_f1: 20.34, f1: 33.55
epoch:  13, acc: 70.27, bacc: 37.50, tmp_test_f1: 21.43, f1: 33.55
epoch:  14, acc: 70.27, bacc: 37.50, tmp_test_f1: 15.59, f1: 33.55
epoch:  15, acc: 70.27, bacc: 37.50, tmp_test_f1: 12.02, f1: 33.55
epoch:  16, acc: 70.27, bacc: 37.50, tmp_test_f1: 20.39, f1: 33.55
epoch:  17, acc: 70.27, bacc: 37.50, tmp_test_f1: 19.75, f1: 33.55
epoch:  18, acc: 70.27, bacc: 37.50, tmp_test_f1: 28.74, f1: 33.55
epoch:  19, acc: 70.27, bacc: 37.50, tmp_test_f1: 30.34, f1: 33.55
epoch:  20, acc: 70.27, bacc: 37.50, tmp_test_f1: 30.69, f1: 33.55
epoch:  21, acc: 70.27, bacc: 37.50, tmp_test_f1: 30.69, f1: 33.55
epoch:  22, acc: 70.27, bacc: 37.50, tmp_test_f1: 31.05, f1: 33.55
epoch:  23, acc: 70.27, bacc: 37.50, tmp_test_f1: 31.05, f1: 33.55
epoch:  24, acc: 70.27, bacc: 37.50, tmp_test_f1: 31.05, f1: 33.55
epoch:  25, acc: 70.27, bacc: 37.50, tmp_test_f1: 31.05, f1: 33.55
epoch:  26, acc: 70.27, bacc: 37.50, tmp_test_f1: 31.05, f1: 33.55
epoch:  27, acc: 70.27, bacc: 37.50, tmp_test_f1: 20.69, f1: 33.55
epoch:  28, acc: 70.27, bacc: 37.50, tmp_test_f1: 20.69, f1: 33.55
epoch:  29, acc: 70.27, bacc: 37.50, tmp_test_f1: 20.18, f1: 33.55
epoch:  30, acc: 70.27, bacc: 37.50, tmp_test_f1: 17.08, f1: 33.55
epoch:  31, acc: 70.27, bacc: 37.50, tmp_test_f1: 19.64, f1: 33.55
epoch:  32, acc: 70.27, bacc: 37.50, tmp_test_f1: 20.69, f1: 33.55
epoch:  33, acc: 70.27, bacc: 37.50, tmp_test_f1: 20.69, f1: 33.55
epoch:  34, acc: 70.27, bacc: 37.50, tmp_test_f1: 20.69, f1: 33.55
epoch:  35, acc: 70.27, bacc: 37.50, tmp_test_f1: 20.69, f1: 33.55
epoch:  36, acc: 70.27, bacc: 37.50, tmp_test_f1: 20.34, f1: 33.55
epoch:  37, acc: 70.27, bacc: 37.50, tmp_test_f1: 20.69, f1: 33.55
epoch:  38, acc: 70.27, bacc: 37.50, tmp_test_f1: 20.69, f1: 33.55
epoch:  39, acc: 70.27, bacc: 37.50, tmp_test_f1: 20.34, f1: 33.55
epoch:  40, acc: 70.27, bacc: 37.50, tmp_test_f1: 20.34, f1: 33.55
epoch:  41, acc: 70.27, bacc: 37.50, tmp_test_f1: 20.34, f1: 33.55
epoch:  42, acc: 70.27, bacc: 37.50, tmp_test_f1: 20.34, f1: 33.55
epoch:  43, acc: 70.27, bacc: 37.50, tmp_test_f1: 30.91, f1: 33.55
epoch:  44, acc: 70.27, bacc: 37.50, tmp_test_f1: 20.34, f1: 33.55
epoch:  45, acc: 70.27, bacc: 37.50, tmp_test_f1: 20.34, f1: 33.55
epoch:  46, acc: 70.27, bacc: 37.50, tmp_test_f1: 20.34, f1: 33.55
epoch:  47, acc: 70.27, bacc: 37.50, tmp_test_f1: 20.34, f1: 33.55
epoch:  48, acc: 70.27, bacc: 37.50, tmp_test_f1: 20.34, f1: 33.55
epoch:  49, acc: 70.27, bacc: 37.50, tmp_test_f1: 20.34, f1: 33.55
epoch:  50, acc: 70.27, bacc: 37.50, tmp_test_f1: 20.34, f1: 33.55
epoch:  51, acc: 70.27, bacc: 37.50, tmp_test_f1: 20.34, f1: 33.55
epoch:  52, acc: 70.27, bacc: 37.50, tmp_test_f1: 20.34, f1: 33.55
epoch:  53, acc: 70.27, bacc: 37.50, tmp_test_f1: 20.34, f1: 33.55
epoch:  54, acc: 70.27, bacc: 37.50, tmp_test_f1: 20.34, f1: 33.55
epoch:  55, acc: 70.27, bacc: 37.50, tmp_test_f1: 20.34, f1: 33.55
epoch:  56, acc: 70.27, bacc: 37.50, tmp_test_f1: 20.34, f1: 33.55
epoch:  57, acc: 70.27, bacc: 37.50, tmp_test_f1: 20.34, f1: 33.55
epoch:  58, acc: 70.27, bacc: 37.50, tmp_test_f1: 20.00, f1: 33.55
epoch:  59, acc: 70.27, bacc: 37.50, tmp_test_f1: 20.00, f1: 33.55
epoch:  60, acc: 70.27, bacc: 37.50, tmp_test_f1: 20.00, f1: 33.55
epoch:  61, acc: 70.27, bacc: 37.50, tmp_test_f1: 20.00, f1: 33.55
epoch:  62, acc: 70.27, bacc: 37.50, tmp_test_f1: 20.00, f1: 33.55
epoch:  63, acc: 70.27, bacc: 37.50, tmp_test_f1: 20.00, f1: 33.55
epoch:  64, acc: 70.27, bacc: 37.50, tmp_test_f1: 20.00, f1: 33.55
epoch:  65, acc: 70.27, bacc: 37.50, tmp_test_f1: 20.00, f1: 33.55
epoch:  66, acc: 70.27, bacc: 37.50, tmp_test_f1: 20.00, f1: 33.55
epoch:  67, acc: 70.27, bacc: 37.50, tmp_test_f1: 20.00, f1: 33.55
epoch:  68, acc: 70.27, bacc: 37.50, tmp_test_f1: 20.00, f1: 33.55
epoch:  69, acc: 70.27, bacc: 37.50, tmp_test_f1: 20.00, f1: 33.55
epoch:  70, acc: 70.27, bacc: 37.50, tmp_test_f1: 20.00, f1: 33.55
epoch:  71, acc: 70.27, bacc: 37.50, tmp_test_f1: 20.00, f1: 33.55
epoch:  72, acc: 70.27, bacc: 37.50, tmp_test_f1: 20.00, f1: 33.55
epoch:  73, acc: 70.27, bacc: 37.50, tmp_test_f1: 20.00, f1: 33.55
epoch:  74, acc: 70.27, bacc: 37.50, tmp_test_f1: 20.00, f1: 33.55
epoch:  75, acc: 70.27, bacc: 37.50, tmp_test_f1: 20.00, f1: 33.55
epoch:  76, acc: 70.27, bacc: 37.50, tmp_test_f1: 20.00, f1: 33.55
epoch:  77, acc: 70.27, bacc: 37.50, tmp_test_f1: 20.00, f1: 33.55
epoch:  78, acc: 70.27, bacc: 37.50, tmp_test_f1: 20.00, f1: 33.55
epoch:  79, acc: 70.27, bacc: 37.50, tmp_test_f1: 20.00, f1: 33.55
epoch:  80, acc: 70.27, bacc: 37.50, tmp_test_f1: 20.00, f1: 33.55
epoch:  81, acc: 70.27, bacc: 37.50, tmp_test_f1: 20.00, f1: 33.55
epoch:  82, acc: 70.27, bacc: 37.50, tmp_test_f1: 20.00, f1: 33.55
epoch:  83, acc: 70.27, bacc: 37.50, tmp_test_f1: 20.00, f1: 33.55
epoch:  84, acc: 70.27, bacc: 37.50, tmp_test_f1: 20.00, f1: 33.55
epoch:  85, acc: 70.27, bacc: 37.50, tmp_test_f1: 20.00, f1: 33.55
epoch:  86, acc: 70.27, bacc: 37.50, tmp_test_f1: 20.00, f1: 33.55
epoch:  87, acc: 70.27, bacc: 37.50, tmp_test_f1: 20.00, f1: 33.55
epoch:  88, acc: 70.27, bacc: 37.50, tmp_test_f1: 20.00, f1: 33.55
epoch:  89, acc: 70.27, bacc: 37.50, tmp_test_f1: 20.00, f1: 33.55
epoch:  90, acc: 70.27, bacc: 37.50, tmp_test_f1: 19.67, f1: 33.55
epoch:  91, acc: 70.27, bacc: 37.50, tmp_test_f1: 19.67, f1: 33.55
epoch:  92, acc: 70.27, bacc: 37.50, tmp_test_f1: 19.67, f1: 33.55
epoch:  93, acc: 70.27, bacc: 37.50, tmp_test_f1: 19.67, f1: 33.55
epoch:  94, acc: 70.27, bacc: 37.50, tmp_test_f1: 19.67, f1: 33.55
epoch:  95, acc: 70.27, bacc: 37.50, tmp_test_f1: 19.67, f1: 33.55
epoch:  96, acc: 70.27, bacc: 37.50, tmp_test_f1: 19.67, f1: 33.55
epoch:  97, acc: 70.27, bacc: 37.50, tmp_test_f1: 19.67, f1: 33.55
epoch:  98, acc: 70.27, bacc: 37.50, tmp_test_f1: 19.67, f1: 33.55
epoch:  99, acc: 70.27, bacc: 37.50, tmp_test_f1: 19.67, f1: 33.55
epoch: 100, acc: 70.27, bacc: 37.50, tmp_test_f1: 19.67, f1: 33.55
epoch: 101, acc: 70.27, bacc: 37.50, tmp_test_f1: 19.67, f1: 33.55
epoch: 102, acc: 70.27, bacc: 37.50, tmp_test_f1: 19.67, f1: 33.55
epoch: 103, acc: 70.27, bacc: 37.50, tmp_test_f1: 19.67, f1: 33.55
epoch: 104, acc: 70.27, bacc: 37.50, tmp_test_f1: 19.67, f1: 33.55
epoch: 105, acc: 70.27, bacc: 37.50, tmp_test_f1: 19.67, f1: 33.55
epoch: 106, acc: 70.27, bacc: 37.50, tmp_test_f1: 19.67, f1: 33.55
epoch: 107, acc: 70.27, bacc: 37.50, tmp_test_f1: 19.67, f1: 33.55
epoch: 108, acc: 70.27, bacc: 37.50, tmp_test_f1: 19.67, f1: 33.55
epoch: 109, acc: 70.27, bacc: 37.50, tmp_test_f1: 19.67, f1: 33.55
epoch: 110, acc: 70.27, bacc: 37.50, tmp_test_f1: 30.00, f1: 33.55
epoch: 111, acc: 70.27, bacc: 37.50, tmp_test_f1: 30.00, f1: 33.55
epoch: 112, acc: 70.27, bacc: 37.50, tmp_test_f1: 19.67, f1: 33.55
epoch: 113, acc: 70.27, bacc: 37.50, tmp_test_f1: 19.67, f1: 33.55
epoch: 114, acc: 70.27, bacc: 37.50, tmp_test_f1: 19.67, f1: 33.55
epoch: 115, acc: 70.27, bacc: 37.50, tmp_test_f1: 19.67, f1: 33.55
epoch: 116, acc: 70.27, bacc: 37.50, tmp_test_f1: 19.67, f1: 33.55
epoch: 117, acc: 70.27, bacc: 37.50, tmp_test_f1: 19.67, f1: 33.55
epoch: 118, acc: 70.27, bacc: 37.50, tmp_test_f1: 19.67, f1: 33.55
epoch: 119, acc: 70.27, bacc: 37.50, tmp_test_f1: 19.67, f1: 33.55
epoch: 120, acc: 70.27, bacc: 37.50, tmp_test_f1: 30.00, f1: 33.55
epoch: 121, acc: 70.27, bacc: 37.50, tmp_test_f1: 30.00, f1: 33.55
epoch: 122, acc: 70.27, bacc: 37.50, tmp_test_f1: 30.00, f1: 33.55
epoch: 123, acc: 70.27, bacc: 37.50, tmp_test_f1: 19.67, f1: 33.55
epoch: 124, acc: 70.27, bacc: 37.50, tmp_test_f1: 19.67, f1: 33.55
epoch: 125, acc: 70.27, bacc: 37.50, tmp_test_f1: 19.67, f1: 33.55
epoch: 126, acc: 70.27, bacc: 37.50, tmp_test_f1: 19.67, f1: 33.55
epoch: 127, acc: 70.27, bacc: 37.50, tmp_test_f1: 19.67, f1: 33.55
epoch: 128, acc: 70.27, bacc: 37.50, tmp_test_f1: 19.67, f1: 33.55
epoch: 129, acc: 70.27, bacc: 37.50, tmp_test_f1: 19.67, f1: 33.55
epoch: 130, acc: 70.27, bacc: 37.50, tmp_test_f1: 19.67, f1: 33.55
epoch: 131, acc: 70.27, bacc: 37.50, tmp_test_f1: 19.67, f1: 33.55
epoch: 132, acc: 70.27, bacc: 37.50, tmp_test_f1: 19.67, f1: 33.55
epoch: 133, acc: 70.27, bacc: 37.50, tmp_test_f1: 19.67, f1: 33.55
epoch: 134, acc: 70.27, bacc: 37.50, tmp_test_f1: 19.17, f1: 33.55
epoch: 135, acc: 70.27, bacc: 37.50, tmp_test_f1: 19.17, f1: 33.55
epoch: 136, acc: 70.27, bacc: 37.50, tmp_test_f1: 24.68, f1: 33.55
epoch: 137, acc: 70.27, bacc: 37.50, tmp_test_f1: 18.10, f1: 33.55
epoch: 138, acc: 70.27, bacc: 37.50, tmp_test_f1: 18.64, f1: 33.55
epoch: 139, acc: 70.27, bacc: 37.50, tmp_test_f1: 19.67, f1: 33.55
epoch: 140, acc: 70.27, bacc: 37.50, tmp_test_f1: 19.67, f1: 33.55
epoch: 141, acc: 70.27, bacc: 37.50, tmp_test_f1: 20.00, f1: 33.55
epoch: 142, acc: 70.27, bacc: 37.50, tmp_test_f1: 20.00, f1: 33.55
epoch: 143, acc: 70.27, bacc: 37.50, tmp_test_f1: 20.00, f1: 33.55
epoch: 144, acc: 70.27, bacc: 37.50, tmp_test_f1: 18.43, f1: 33.55
CountNotImproved reset to 0
epoch: 145, acc: 70.27, bacc: 37.50, tmp_test_f1: 37.01, f1: 37.01
epoch: 146, acc: 70.27, bacc: 37.50, tmp_test_f1: 37.01, f1: 37.01
epoch: 147, acc: 70.27, bacc: 37.50, tmp_test_f1: 30.00, f1: 37.01
epoch: 148, acc: 70.27, bacc: 37.50, tmp_test_f1: 30.00, f1: 37.01
epoch: 149, acc: 70.27, bacc: 37.50, tmp_test_f1: 30.00, f1: 37.01
epoch: 150, acc: 70.27, bacc: 37.50, tmp_test_f1: 30.00, f1: 37.01
epoch: 151, acc: 70.27, bacc: 37.50, tmp_test_f1: 30.00, f1: 37.01
epoch: 152, acc: 70.27, bacc: 37.50, tmp_test_f1: 30.00, f1: 37.01
epoch: 153, acc: 70.27, bacc: 37.50, tmp_test_f1: 30.00, f1: 37.01
epoch: 154, acc: 70.27, bacc: 37.50, tmp_test_f1: 30.00, f1: 37.01
epoch: 155, acc: 70.27, bacc: 37.50, tmp_test_f1: 30.00, f1: 37.01
epoch: 156, acc: 70.27, bacc: 37.50, tmp_test_f1: 30.00, f1: 37.01
epoch: 157, acc: 70.27, bacc: 37.50, tmp_test_f1: 19.67, f1: 37.01
epoch: 158, acc: 70.27, bacc: 37.50, tmp_test_f1: 19.67, f1: 37.01
epoch: 159, acc: 70.27, bacc: 37.50, tmp_test_f1: 19.67, f1: 37.01
epoch: 160, acc: 70.27, bacc: 37.50, tmp_test_f1: 19.67, f1: 37.01
epoch: 161, acc: 70.27, bacc: 37.50, tmp_test_f1: 19.67, f1: 37.01
epoch: 162, acc: 70.27, bacc: 37.50, tmp_test_f1: 19.67, f1: 37.01
epoch: 163, acc: 70.27, bacc: 37.50, tmp_test_f1: 19.67, f1: 37.01
epoch: 164, acc: 70.27, bacc: 37.50, tmp_test_f1: 19.67, f1: 37.01
epoch: 165, acc: 70.27, bacc: 37.50, tmp_test_f1: 19.67, f1: 37.01
epoch: 166, acc: 70.27, bacc: 37.50, tmp_test_f1: 19.67, f1: 37.01
epoch: 167, acc: 70.27, bacc: 37.50, tmp_test_f1: 19.67, f1: 37.01
epoch: 168, acc: 70.27, bacc: 37.50, tmp_test_f1: 19.67, f1: 37.01
epoch: 169, acc: 70.27, bacc: 37.50, tmp_test_f1: 19.67, f1: 37.01
epoch: 170, acc: 70.27, bacc: 37.50, tmp_test_f1: 19.67, f1: 37.01
epoch: 171, acc: 70.27, bacc: 37.50, tmp_test_f1: 19.67, f1: 37.01
epoch: 172, acc: 70.27, bacc: 37.50, tmp_test_f1: 19.67, f1: 37.01
epoch: 173, acc: 70.27, bacc: 37.50, tmp_test_f1: 19.67, f1: 37.01
epoch: 174, acc: 70.27, bacc: 37.50, tmp_test_f1: 19.67, f1: 37.01
epoch: 175, acc: 70.27, bacc: 37.50, tmp_test_f1: 19.67, f1: 37.01
epoch: 176, acc: 70.27, bacc: 37.50, tmp_test_f1: 19.67, f1: 37.01
epoch: 177, acc: 70.27, bacc: 37.50, tmp_test_f1: 19.67, f1: 37.01
epoch: 178, acc: 70.27, bacc: 37.50, tmp_test_f1: 19.67, f1: 37.01
epoch: 179, acc: 70.27, bacc: 37.50, tmp_test_f1: 19.67, f1: 37.01
epoch: 180, acc: 70.27, bacc: 37.50, tmp_test_f1: 19.67, f1: 37.01
epoch: 181, acc: 70.27, bacc: 37.50, tmp_test_f1: 19.67, f1: 37.01
epoch: 182, acc: 70.27, bacc: 37.50, tmp_test_f1: 19.67, f1: 37.01
epoch: 183, acc: 70.27, bacc: 37.50, tmp_test_f1: 25.29, f1: 37.01
epoch: 184, acc: 70.27, bacc: 37.50, tmp_test_f1: 19.67, f1: 37.01
epoch: 185, acc: 70.27, bacc: 37.50, tmp_test_f1: 19.67, f1: 37.01
epoch: 186, acc: 70.27, bacc: 37.50, tmp_test_f1: 19.67, f1: 37.01
epoch: 187, acc: 70.27, bacc: 37.50, tmp_test_f1: 19.67, f1: 37.01
epoch: 188, acc: 70.27, bacc: 37.50, tmp_test_f1: 19.67, f1: 37.01
epoch: 189, acc: 70.27, bacc: 37.50, tmp_test_f1: 19.67, f1: 37.01
epoch: 190, acc: 70.27, bacc: 37.50, tmp_test_f1: 19.67, f1: 37.01
epoch: 191, acc: 70.27, bacc: 37.50, tmp_test_f1: 19.67, f1: 37.01
epoch: 192, acc: 70.27, bacc: 37.50, tmp_test_f1: 19.67, f1: 37.01
epoch: 193, acc: 70.27, bacc: 37.50, tmp_test_f1: 19.67, f1: 37.01
epoch: 194, acc: 70.27, bacc: 37.50, tmp_test_f1: 19.67, f1: 37.01
epoch: 195, acc: 70.27, bacc: 37.50, tmp_test_f1: 19.67, f1: 37.01
epoch: 196, acc: 70.27, bacc: 37.50, tmp_test_f1: 19.67, f1: 37.01
epoch: 197, acc: 70.27, bacc: 37.50, tmp_test_f1: 19.67, f1: 37.01
epoch: 198, acc: 70.27, bacc: 37.50, tmp_test_f1: 19.67, f1: 37.01
epoch: 199, acc: 70.27, bacc: 37.50, tmp_test_f1: 19.67, f1: 37.01
epoch: 200, acc: 70.27, bacc: 37.50, tmp_test_f1: 19.67, f1: 37.01
epoch: 201, acc: 70.27, bacc: 37.50, tmp_test_f1: 19.67, f1: 37.01
epoch: 202, acc: 70.27, bacc: 37.50, tmp_test_f1: 19.67, f1: 37.01
epoch: 203, acc: 70.27, bacc: 37.50, tmp_test_f1: 19.67, f1: 37.01
epoch: 204, acc: 70.27, bacc: 37.50, tmp_test_f1: 19.67, f1: 37.01
epoch: 205, acc: 70.27, bacc: 37.50, tmp_test_f1: 19.67, f1: 37.01
epoch: 206, acc: 70.27, bacc: 37.50, tmp_test_f1: 19.67, f1: 37.01
epoch: 207, acc: 70.27, bacc: 37.50, tmp_test_f1: 19.67, f1: 37.01
epoch: 208, acc: 70.27, bacc: 37.50, tmp_test_f1: 19.67, f1: 37.01
epoch: 209, acc: 70.27, bacc: 37.50, tmp_test_f1: 19.67, f1: 37.01
epoch: 210, acc: 70.27, bacc: 37.50, tmp_test_f1: 19.67, f1: 37.01
epoch: 211, acc: 70.27, bacc: 37.50, tmp_test_f1: 19.67, f1: 37.01
epoch: 212, acc: 70.27, bacc: 37.50, tmp_test_f1: 19.67, f1: 37.01
epoch: 213, acc: 70.27, bacc: 37.50, tmp_test_f1: 19.67, f1: 37.01
epoch: 214, acc: 70.27, bacc: 37.50, tmp_test_f1: 19.67, f1: 37.01
epoch: 215, acc: 70.27, bacc: 37.50, tmp_test_f1: 19.67, f1: 37.01
epoch: 216, acc: 70.27, bacc: 37.50, tmp_test_f1: 19.67, f1: 37.01
epoch: 217, acc: 70.27, bacc: 37.50, tmp_test_f1: 19.67, f1: 37.01
epoch: 218, acc: 70.27, bacc: 37.50, tmp_test_f1: 19.67, f1: 37.01
epoch: 219, acc: 70.27, bacc: 37.50, tmp_test_f1: 19.67, f1: 37.01
epoch: 220, acc: 70.27, bacc: 37.50, tmp_test_f1: 19.67, f1: 37.01
epoch: 221, acc: 70.27, bacc: 37.50, tmp_test_f1: 19.67, f1: 37.01
epoch: 222, acc: 70.27, bacc: 37.50, tmp_test_f1: 19.67, f1: 37.01
epoch: 223, acc: 70.27, bacc: 37.50, tmp_test_f1: 19.67, f1: 37.01
epoch: 224, acc: 70.27, bacc: 37.50, tmp_test_f1: 19.67, f1: 37.01
epoch: 225, acc: 70.27, bacc: 37.50, tmp_test_f1: 19.67, f1: 37.01
epoch: 226, acc: 70.27, bacc: 37.50, tmp_test_f1: 19.67, f1: 37.01
epoch: 227, acc: 70.27, bacc: 37.50, tmp_test_f1: 19.67, f1: 37.01
epoch: 228, acc: 70.27, bacc: 37.50, tmp_test_f1: 19.67, f1: 37.01
epoch: 229, acc: 70.27, bacc: 37.50, tmp_test_f1: 19.67, f1: 37.01
epoch: 230, acc: 70.27, bacc: 37.50, tmp_test_f1: 19.67, f1: 37.01
epoch: 231, acc: 70.27, bacc: 37.50, tmp_test_f1: 19.67, f1: 37.01
epoch: 232, acc: 70.27, bacc: 37.50, tmp_test_f1: 19.67, f1: 37.01
epoch: 233, acc: 70.27, bacc: 37.50, tmp_test_f1: 19.67, f1: 37.01
epoch: 234, acc: 70.27, bacc: 37.50, tmp_test_f1: 19.67, f1: 37.01
epoch: 235, acc: 70.27, bacc: 37.50, tmp_test_f1: 19.67, f1: 37.01
epoch: 236, acc: 70.27, bacc: 37.50, tmp_test_f1: 19.67, f1: 37.01
epoch: 237, acc: 70.27, bacc: 37.50, tmp_test_f1: 19.67, f1: 37.01
epoch: 238, acc: 70.27, bacc: 37.50, tmp_test_f1: 19.67, f1: 37.01
epoch: 239, acc: 70.27, bacc: 37.50, tmp_test_f1: 19.67, f1: 37.01
epoch: 240, acc: 70.27, bacc: 37.50, tmp_test_f1: 19.67, f1: 37.01
epoch: 241, acc: 70.27, bacc: 37.50, tmp_test_f1: 19.67, f1: 37.01
epoch: 242, acc: 70.27, bacc: 37.50, tmp_test_f1: 19.67, f1: 37.01
epoch: 243, acc: 70.27, bacc: 37.50, tmp_test_f1: 19.67, f1: 37.01
epoch: 244, acc: 70.27, bacc: 37.50, tmp_test_f1: 19.67, f1: 37.01
epoch: 245, acc: 70.27, bacc: 37.50, tmp_test_f1: 19.67, f1: 37.01
Epoch 00246: reducing learning rate of group 0 to 5.0000e-02.
Epoch 00246: reducing learning rate of group 1 to 5.0000e-02.
epoch: 246, acc: 70.27, bacc: 37.50, tmp_test_f1: 19.67, f1: 37.01
epoch: 247, acc: 70.27, bacc: 37.50, tmp_test_f1: 19.67, f1: 37.01
epoch: 248, acc: 70.27, bacc: 37.50, tmp_test_f1: 19.67, f1: 37.01
epoch: 249, acc: 70.27, bacc: 37.50, tmp_test_f1: 19.67, f1: 37.01
epoch: 250, acc: 70.27, bacc: 37.50, tmp_test_f1: 19.67, f1: 37.01
epoch: 251, acc: 70.27, bacc: 37.50, tmp_test_f1: 19.67, f1: 37.01
epoch: 252, acc: 70.27, bacc: 37.50, tmp_test_f1: 19.67, f1: 37.01
epoch: 253, acc: 70.27, bacc: 37.50, tmp_test_f1: 19.67, f1: 37.01
epoch: 254, acc: 70.27, bacc: 37.50, tmp_test_f1: 19.67, f1: 37.01
epoch: 255, acc: 70.27, bacc: 37.50, tmp_test_f1: 19.67, f1: 37.01
epoch: 256, acc: 70.27, bacc: 37.50, tmp_test_f1: 19.67, f1: 37.01
epoch: 257, acc: 70.27, bacc: 37.50, tmp_test_f1: 19.67, f1: 37.01
epoch: 258, acc: 70.27, bacc: 37.50, tmp_test_f1: 19.67, f1: 37.01
epoch: 259, acc: 70.27, bacc: 37.50, tmp_test_f1: 19.67, f1: 37.01
epoch: 260, acc: 70.27, bacc: 37.50, tmp_test_f1: 19.67, f1: 37.01
epoch: 261, acc: 70.27, bacc: 37.50, tmp_test_f1: 19.67, f1: 37.01
epoch: 262, acc: 70.27, bacc: 37.50, tmp_test_f1: 19.67, f1: 37.01
epoch: 263, acc: 70.27, bacc: 37.50, tmp_test_f1: 19.67, f1: 37.01
epoch: 264, acc: 70.27, bacc: 37.50, tmp_test_f1: 19.67, f1: 37.01
epoch: 265, acc: 70.27, bacc: 37.50, tmp_test_f1: 19.67, f1: 37.01
epoch: 266, acc: 70.27, bacc: 37.50, tmp_test_f1: 19.67, f1: 37.01
epoch: 267, acc: 70.27, bacc: 37.50, tmp_test_f1: 19.67, f1: 37.01
epoch: 268, acc: 70.27, bacc: 37.50, tmp_test_f1: 19.67, f1: 37.01
epoch: 269, acc: 70.27, bacc: 37.50, tmp_test_f1: 19.67, f1: 37.01
epoch: 270, acc: 70.27, bacc: 37.50, tmp_test_f1: 19.67, f1: 37.01
epoch: 271, acc: 70.27, bacc: 37.50, tmp_test_f1: 19.67, f1: 37.01
epoch: 272, acc: 70.27, bacc: 37.50, tmp_test_f1: 19.67, f1: 37.01
epoch: 273, acc: 70.27, bacc: 37.50, tmp_test_f1: 19.67, f1: 37.01
epoch: 274, acc: 70.27, bacc: 37.50, tmp_test_f1: 19.67, f1: 37.01
epoch: 275, acc: 70.27, bacc: 37.50, tmp_test_f1: 19.67, f1: 37.01
epoch: 276, acc: 70.27, bacc: 37.50, tmp_test_f1: 19.67, f1: 37.01
epoch: 277, acc: 70.27, bacc: 37.50, tmp_test_f1: 19.67, f1: 37.01
epoch: 278, acc: 70.27, bacc: 37.50, tmp_test_f1: 19.67, f1: 37.01
epoch: 279, acc: 70.27, bacc: 37.50, tmp_test_f1: 19.67, f1: 37.01
epoch: 280, acc: 70.27, bacc: 37.50, tmp_test_f1: 19.67, f1: 37.01
epoch: 281, acc: 70.27, bacc: 37.50, tmp_test_f1: 19.67, f1: 37.01
epoch: 282, acc: 70.27, bacc: 37.50, tmp_test_f1: 19.67, f1: 37.01
epoch: 283, acc: 70.27, bacc: 37.50, tmp_test_f1: 19.67, f1: 37.01
epoch: 284, acc: 70.27, bacc: 37.50, tmp_test_f1: 19.67, f1: 37.01
epoch: 285, acc: 70.27, bacc: 37.50, tmp_test_f1: 19.67, f1: 37.01
epoch: 286, acc: 70.27, bacc: 37.50, tmp_test_f1: 19.67, f1: 37.01
epoch: 287, acc: 70.27, bacc: 37.50, tmp_test_f1: 19.67, f1: 37.01
epoch: 288, acc: 70.27, bacc: 37.50, tmp_test_f1: 19.67, f1: 37.01
epoch: 289, acc: 70.27, bacc: 37.50, tmp_test_f1: 19.67, f1: 37.01
epoch: 290, acc: 70.27, bacc: 37.50, tmp_test_f1: 19.67, f1: 37.01
epoch: 291, acc: 70.27, bacc: 37.50, tmp_test_f1: 19.67, f1: 37.01
epoch: 292, acc: 70.27, bacc: 37.50, tmp_test_f1: 19.67, f1: 37.01
epoch: 293, acc: 70.27, bacc: 37.50, tmp_test_f1: 19.67, f1: 37.01
epoch: 294, acc: 70.27, bacc: 37.50, tmp_test_f1: 19.67, f1: 37.01
epoch: 295, acc: 70.27, bacc: 37.50, tmp_test_f1: 19.67, f1: 37.01
epoch: 296, acc: 70.27, bacc: 37.50, tmp_test_f1: 19.67, f1: 37.01
epoch: 297, acc: 70.27, bacc: 37.50, tmp_test_f1: 19.67, f1: 37.01
epoch: 298, acc: 70.27, bacc: 37.50, tmp_test_f1: 19.67, f1: 37.01
epoch: 299, acc: 70.27, bacc: 37.50, tmp_test_f1: 19.67, f1: 37.01
epoch: 300, acc: 70.27, bacc: 37.50, tmp_test_f1: 19.67, f1: 37.01
epoch: 301, acc: 70.27, bacc: 37.50, tmp_test_f1: 19.67, f1: 37.01
epoch: 302, acc: 70.27, bacc: 37.50, tmp_test_f1: 19.67, f1: 37.01
epoch: 303, acc: 70.27, bacc: 37.50, tmp_test_f1: 19.67, f1: 37.01
epoch: 304, acc: 70.27, bacc: 37.50, tmp_test_f1: 19.67, f1: 37.01
epoch: 305, acc: 70.27, bacc: 37.50, tmp_test_f1: 19.67, f1: 37.01
epoch: 306, acc: 70.27, bacc: 37.50, tmp_test_f1: 19.67, f1: 37.01
epoch: 307, acc: 70.27, bacc: 37.50, tmp_test_f1: 19.67, f1: 37.01
epoch: 308, acc: 70.27, bacc: 37.50, tmp_test_f1: 19.67, f1: 37.01
epoch: 309, acc: 70.27, bacc: 37.50, tmp_test_f1: 19.67, f1: 37.01
epoch: 310, acc: 70.27, bacc: 37.50, tmp_test_f1: 19.67, f1: 37.01
epoch: 311, acc: 70.27, bacc: 37.50, tmp_test_f1: 19.67, f1: 37.01
epoch: 312, acc: 70.27, bacc: 37.50, tmp_test_f1: 19.67, f1: 37.01
epoch: 313, acc: 70.27, bacc: 37.50, tmp_test_f1: 19.67, f1: 37.01
epoch: 314, acc: 70.27, bacc: 37.50, tmp_test_f1: 19.67, f1: 37.01
epoch: 315, acc: 70.27, bacc: 37.50, tmp_test_f1: 19.67, f1: 37.01
epoch: 316, acc: 70.27, bacc: 37.50, tmp_test_f1: 19.67, f1: 37.01
epoch: 317, acc: 70.27, bacc: 37.50, tmp_test_f1: 19.67, f1: 37.01
epoch: 318, acc: 70.27, bacc: 37.50, tmp_test_f1: 19.67, f1: 37.01
epoch: 319, acc: 70.27, bacc: 37.50, tmp_test_f1: 19.67, f1: 37.01
epoch: 320, acc: 70.27, bacc: 37.50, tmp_test_f1: 19.67, f1: 37.01
epoch: 321, acc: 70.27, bacc: 37.50, tmp_test_f1: 19.67, f1: 37.01
epoch: 322, acc: 70.27, bacc: 37.50, tmp_test_f1: 19.67, f1: 37.01
epoch: 323, acc: 70.27, bacc: 37.50, tmp_test_f1: 19.67, f1: 37.01
epoch: 324, acc: 70.27, bacc: 37.50, tmp_test_f1: 19.67, f1: 37.01
epoch: 325, acc: 70.27, bacc: 37.50, tmp_test_f1: 19.67, f1: 37.01
epoch: 326, acc: 70.27, bacc: 37.50, tmp_test_f1: 19.67, f1: 37.01
epoch: 327, acc: 70.27, bacc: 37.50, tmp_test_f1: 19.67, f1: 37.01
epoch: 328, acc: 70.27, bacc: 37.50, tmp_test_f1: 19.67, f1: 37.01
epoch: 329, acc: 70.27, bacc: 37.50, tmp_test_f1: 19.67, f1: 37.01
epoch: 330, acc: 70.27, bacc: 37.50, tmp_test_f1: 19.67, f1: 37.01
epoch: 331, acc: 70.27, bacc: 37.50, tmp_test_f1: 19.67, f1: 37.01
epoch: 332, acc: 70.27, bacc: 37.50, tmp_test_f1: 19.67, f1: 37.01
epoch: 333, acc: 70.27, bacc: 37.50, tmp_test_f1: 19.67, f1: 37.01
epoch: 334, acc: 70.27, bacc: 37.50, tmp_test_f1: 19.67, f1: 37.01
epoch: 335, acc: 70.27, bacc: 37.50, tmp_test_f1: 19.67, f1: 37.01
epoch: 336, acc: 70.27, bacc: 37.50, tmp_test_f1: 19.67, f1: 37.01
epoch: 337, acc: 70.27, bacc: 37.50, tmp_test_f1: 19.67, f1: 37.01
epoch: 338, acc: 70.27, bacc: 37.50, tmp_test_f1: 19.67, f1: 37.01
epoch: 339, acc: 70.27, bacc: 37.50, tmp_test_f1: 19.67, f1: 37.01
epoch: 340, acc: 70.27, bacc: 37.50, tmp_test_f1: 19.67, f1: 37.01
epoch: 341, acc: 70.27, bacc: 37.50, tmp_test_f1: 19.67, f1: 37.01
epoch: 342, acc: 70.27, bacc: 37.50, tmp_test_f1: 19.67, f1: 37.01
epoch: 343, acc: 70.27, bacc: 37.50, tmp_test_f1: 19.67, f1: 37.01
epoch: 344, acc: 70.27, bacc: 37.50, tmp_test_f1: 19.67, f1: 37.01
epoch: 345, acc: 70.27, bacc: 37.50, tmp_test_f1: 19.67, f1: 37.01
epoch: 346, acc: 70.27, bacc: 37.50, tmp_test_f1: 19.67, f1: 37.01
epoch: 347, acc: 70.27, bacc: 37.50, tmp_test_f1: 19.67, f1: 37.01
epoch: 348, acc: 70.27, bacc: 37.50, tmp_test_f1: 19.67, f1: 37.01
epoch: 349, acc: 70.27, bacc: 37.50, tmp_test_f1: 19.67, f1: 37.01
epoch: 350, acc: 70.27, bacc: 37.50, tmp_test_f1: 19.67, f1: 37.01
epoch: 351, acc: 70.27, bacc: 37.50, tmp_test_f1: 19.67, f1: 37.01
epoch: 352, acc: 70.27, bacc: 37.50, tmp_test_f1: 19.67, f1: 37.01
epoch: 353, acc: 70.27, bacc: 37.50, tmp_test_f1: 19.67, f1: 37.01
epoch: 354, acc: 70.27, bacc: 37.50, tmp_test_f1: 19.67, f1: 37.01
epoch: 355, acc: 70.27, bacc: 37.50, tmp_test_f1: 19.67, f1: 37.01
epoch: 356, acc: 70.27, bacc: 37.50, tmp_test_f1: 19.67, f1: 37.01
epoch: 357, acc: 70.27, bacc: 37.50, tmp_test_f1: 19.67, f1: 37.01
epoch: 358, acc: 70.27, bacc: 37.50, tmp_test_f1: 19.67, f1: 37.01
epoch: 359, acc: 70.27, bacc: 37.50, tmp_test_f1: 19.67, f1: 37.01
epoch: 360, acc: 70.27, bacc: 37.50, tmp_test_f1: 19.67, f1: 37.01
epoch: 361, acc: 70.27, bacc: 37.50, tmp_test_f1: 19.67, f1: 37.01
epoch: 362, acc: 70.27, bacc: 37.50, tmp_test_f1: 19.67, f1: 37.01
epoch: 363, acc: 70.27, bacc: 37.50, tmp_test_f1: 19.67, f1: 37.01
epoch: 364, acc: 70.27, bacc: 37.50, tmp_test_f1: 19.67, f1: 37.01
epoch: 365, acc: 70.27, bacc: 37.50, tmp_test_f1: 19.67, f1: 37.01
epoch: 366, acc: 70.27, bacc: 37.50, tmp_test_f1: 19.67, f1: 37.01
epoch: 367, acc: 70.27, bacc: 37.50, tmp_test_f1: 19.67, f1: 37.01
epoch: 368, acc: 70.27, bacc: 37.50, tmp_test_f1: 19.67, f1: 37.01
epoch: 369, acc: 70.27, bacc: 37.50, tmp_test_f1: 19.67, f1: 37.01
epoch: 370, acc: 70.27, bacc: 37.50, tmp_test_f1: 19.67, f1: 37.01
epoch: 371, acc: 70.27, bacc: 37.50, tmp_test_f1: 19.67, f1: 37.01
epoch: 372, acc: 70.27, bacc: 37.50, tmp_test_f1: 19.67, f1: 37.01
epoch: 373, acc: 70.27, bacc: 37.50, tmp_test_f1: 19.67, f1: 37.01
epoch: 374, acc: 70.27, bacc: 37.50, tmp_test_f1: 19.67, f1: 37.01
epoch: 375, acc: 70.27, bacc: 37.50, tmp_test_f1: 19.67, f1: 37.01
epoch: 376, acc: 70.27, bacc: 37.50, tmp_test_f1: 19.67, f1: 37.01
epoch: 377, acc: 70.27, bacc: 37.50, tmp_test_f1: 19.67, f1: 37.01
epoch: 378, acc: 70.27, bacc: 37.50, tmp_test_f1: 19.67, f1: 37.01
epoch: 379, acc: 70.27, bacc: 37.50, tmp_test_f1: 19.67, f1: 37.01
epoch: 380, acc: 70.27, bacc: 37.50, tmp_test_f1: 19.67, f1: 37.01
epoch: 381, acc: 70.27, bacc: 37.50, tmp_test_f1: 19.67, f1: 37.01
epoch: 382, acc: 70.27, bacc: 37.50, tmp_test_f1: 19.67, f1: 37.01
epoch: 383, acc: 70.27, bacc: 37.50, tmp_test_f1: 19.67, f1: 37.01
epoch: 384, acc: 70.27, bacc: 37.50, tmp_test_f1: 19.67, f1: 37.01
epoch: 385, acc: 70.27, bacc: 37.50, tmp_test_f1: 19.67, f1: 37.01
epoch: 386, acc: 70.27, bacc: 37.50, tmp_test_f1: 19.67, f1: 37.01
epoch: 387, acc: 70.27, bacc: 37.50, tmp_test_f1: 19.67, f1: 37.01
epoch: 388, acc: 70.27, bacc: 37.50, tmp_test_f1: 19.67, f1: 37.01
epoch: 389, acc: 70.27, bacc: 37.50, tmp_test_f1: 19.67, f1: 37.01
epoch: 390, acc: 70.27, bacc: 37.50, tmp_test_f1: 19.67, f1: 37.01
epoch: 391, acc: 70.27, bacc: 37.50, tmp_test_f1: 19.67, f1: 37.01
epoch: 392, acc: 70.27, bacc: 37.50, tmp_test_f1: 19.67, f1: 37.01
epoch: 393, acc: 70.27, bacc: 37.50, tmp_test_f1: 19.67, f1: 37.01
epoch: 394, acc: 70.27, bacc: 37.50, tmp_test_f1: 19.67, f1: 37.01
epoch: 395, acc: 70.27, bacc: 37.50, tmp_test_f1: 19.67, f1: 37.01
epoch: 396, acc: 70.27, bacc: 37.50, tmp_test_f1: 19.67, f1: 37.01
epoch: 397, acc: 70.27, bacc: 37.50, tmp_test_f1: 19.67, f1: 37.01
epoch: 398, acc: 70.27, bacc: 37.50, tmp_test_f1: 19.67, f1: 37.01
epoch: 399, acc: 70.27, bacc: 37.50, tmp_test_f1: 19.67, f1: 37.01
epoch: 400, acc: 70.27, bacc: 37.50, tmp_test_f1: 19.67, f1: 37.01
epoch: 401, acc: 70.27, bacc: 37.50, tmp_test_f1: 19.67, f1: 37.01
epoch: 402, acc: 70.27, bacc: 37.50, tmp_test_f1: 19.67, f1: 37.01
epoch: 403, acc: 70.27, bacc: 37.50, tmp_test_f1: 19.67, f1: 37.01
epoch: 404, acc: 70.27, bacc: 37.50, tmp_test_f1: 19.67, f1: 37.01
epoch: 405, acc: 70.27, bacc: 37.50, tmp_test_f1: 19.67, f1: 37.01
epoch: 406, acc: 70.27, bacc: 37.50, tmp_test_f1: 19.67, f1: 37.01
epoch: 407, acc: 70.27, bacc: 37.50, tmp_test_f1: 19.67, f1: 37.01
epoch: 408, acc: 70.27, bacc: 37.50, tmp_test_f1: 19.67, f1: 37.01
epoch: 409, acc: 70.27, bacc: 37.50, tmp_test_f1: 19.67, f1: 37.01
epoch: 410, acc: 70.27, bacc: 37.50, tmp_test_f1: 19.67, f1: 37.01
epoch: 411, acc: 70.27, bacc: 37.50, tmp_test_f1: 19.67, f1: 37.01
epoch: 412, acc: 70.27, bacc: 37.50, tmp_test_f1: 19.67, f1: 37.01
epoch: 413, acc: 70.27, bacc: 37.50, tmp_test_f1: 19.67, f1: 37.01
epoch: 414, acc: 70.27, bacc: 37.50, tmp_test_f1: 19.67, f1: 37.01
epoch: 415, acc: 70.27, bacc: 37.50, tmp_test_f1: 19.67, f1: 37.01
epoch: 416, acc: 70.27, bacc: 37.50, tmp_test_f1: 19.67, f1: 37.01
epoch: 417, acc: 70.27, bacc: 37.50, tmp_test_f1: 19.67, f1: 37.01
epoch: 418, acc: 70.27, bacc: 37.50, tmp_test_f1: 19.67, f1: 37.01
epoch: 419, acc: 70.27, bacc: 37.50, tmp_test_f1: 19.67, f1: 37.01
epoch: 420, acc: 70.27, bacc: 37.50, tmp_test_f1: 19.67, f1: 37.01
epoch: 421, acc: 70.27, bacc: 37.50, tmp_test_f1: 19.67, f1: 37.01
epoch: 422, acc: 70.27, bacc: 37.50, tmp_test_f1: 19.67, f1: 37.01
epoch: 423, acc: 70.27, bacc: 37.50, tmp_test_f1: 19.67, f1: 37.01
epoch: 424, acc: 70.27, bacc: 37.50, tmp_test_f1: 19.67, f1: 37.01
epoch: 425, acc: 70.27, bacc: 37.50, tmp_test_f1: 19.67, f1: 37.01
epoch: 426, acc: 70.27, bacc: 37.50, tmp_test_f1: 19.67, f1: 37.01
epoch: 427, acc: 70.27, bacc: 37.50, tmp_test_f1: 19.67, f1: 37.01
epoch: 428, acc: 70.27, bacc: 37.50, tmp_test_f1: 19.67, f1: 37.01
epoch: 429, acc: 70.27, bacc: 37.50, tmp_test_f1: 19.67, f1: 37.01
epoch: 430, acc: 70.27, bacc: 37.50, tmp_test_f1: 19.67, f1: 37.01
epoch: 431, acc: 70.27, bacc: 37.50, tmp_test_f1: 19.67, f1: 37.01
epoch: 432, acc: 70.27, bacc: 37.50, tmp_test_f1: 19.67, f1: 37.01
epoch: 433, acc: 70.27, bacc: 37.50, tmp_test_f1: 19.67, f1: 37.01
epoch: 434, acc: 70.27, bacc: 37.50, tmp_test_f1: 19.67, f1: 37.01
epoch: 435, acc: 70.27, bacc: 37.50, tmp_test_f1: 19.67, f1: 37.01
epoch: 436, acc: 70.27, bacc: 37.50, tmp_test_f1: 19.67, f1: 37.01
epoch: 437, acc: 70.27, bacc: 37.50, tmp_test_f1: 19.67, f1: 37.01
epoch: 438, acc: 70.27, bacc: 37.50, tmp_test_f1: 19.67, f1: 37.01
epoch: 439, acc: 70.27, bacc: 37.50, tmp_test_f1: 19.67, f1: 37.01
epoch: 440, acc: 70.27, bacc: 37.50, tmp_test_f1: 19.67, f1: 37.01
epoch: 441, acc: 70.27, bacc: 37.50, tmp_test_f1: 19.67, f1: 37.01
epoch: 442, acc: 70.27, bacc: 37.50, tmp_test_f1: 19.67, f1: 37.01
epoch: 443, acc: 70.27, bacc: 37.50, tmp_test_f1: 19.67, f1: 37.01
epoch: 444, acc: 70.27, bacc: 37.50, tmp_test_f1: 19.67, f1: 37.01
epoch: 445, acc: 70.27, bacc: 37.50, tmp_test_f1: 19.67, f1: 37.01
epoch: 446, acc: 70.27, bacc: 37.50, tmp_test_f1: 19.67, f1: 37.01
Epoch 00447: reducing learning rate of group 0 to 2.5000e-02.
Epoch 00447: reducing learning rate of group 1 to 2.5000e-02.
epoch: 447, acc: 70.27, bacc: 37.50, tmp_test_f1: 19.67, f1: 37.01
epoch: 448, acc: 70.27, bacc: 37.50, tmp_test_f1: 19.67, f1: 37.01
epoch: 449, acc: 70.27, bacc: 37.50, tmp_test_f1: 19.67, f1: 37.01
epoch: 450, acc: 70.27, bacc: 37.50, tmp_test_f1: 19.67, f1: 37.01
epoch: 451, acc: 70.27, bacc: 37.50, tmp_test_f1: 19.67, f1: 37.01
epoch: 452, acc: 70.27, bacc: 37.50, tmp_test_f1: 19.67, f1: 37.01
epoch: 453, acc: 70.27, bacc: 37.50, tmp_test_f1: 19.67, f1: 37.01
epoch: 454, acc: 70.27, bacc: 37.50, tmp_test_f1: 19.67, f1: 37.01
epoch: 455, acc: 70.27, bacc: 37.50, tmp_test_f1: 19.67, f1: 37.01
epoch: 456, acc: 70.27, bacc: 37.50, tmp_test_f1: 19.67, f1: 37.01
epoch: 457, acc: 70.27, bacc: 37.50, tmp_test_f1: 19.67, f1: 37.01
epoch: 458, acc: 70.27, bacc: 37.50, tmp_test_f1: 19.67, f1: 37.01
epoch: 459, acc: 70.27, bacc: 37.50, tmp_test_f1: 19.67, f1: 37.01
epoch: 460, acc: 70.27, bacc: 37.50, tmp_test_f1: 19.67, f1: 37.01
epoch: 461, acc: 70.27, bacc: 37.50, tmp_test_f1: 19.67, f1: 37.01
epoch: 462, acc: 70.27, bacc: 37.50, tmp_test_f1: 19.67, f1: 37.01
epoch: 463, acc: 70.27, bacc: 37.50, tmp_test_f1: 19.67, f1: 37.01
epoch: 464, acc: 70.27, bacc: 37.50, tmp_test_f1: 19.67, f1: 37.01
epoch: 465, acc: 70.27, bacc: 37.50, tmp_test_f1: 19.67, f1: 37.01
epoch: 466, acc: 70.27, bacc: 37.50, tmp_test_f1: 19.67, f1: 37.01
epoch: 467, acc: 70.27, bacc: 37.50, tmp_test_f1: 19.67, f1: 37.01
epoch: 468, acc: 70.27, bacc: 37.50, tmp_test_f1: 19.67, f1: 37.01
epoch: 469, acc: 70.27, bacc: 37.50, tmp_test_f1: 19.67, f1: 37.01
epoch: 470, acc: 70.27, bacc: 37.50, tmp_test_f1: 19.67, f1: 37.01
epoch: 471, acc: 70.27, bacc: 37.50, tmp_test_f1: 19.67, f1: 37.01
epoch: 472, acc: 70.27, bacc: 37.50, tmp_test_f1: 19.67, f1: 37.01
epoch: 473, acc: 70.27, bacc: 37.50, tmp_test_f1: 19.67, f1: 37.01
epoch: 474, acc: 70.27, bacc: 37.50, tmp_test_f1: 19.67, f1: 37.01
epoch: 475, acc: 70.27, bacc: 37.50, tmp_test_f1: 19.67, f1: 37.01
epoch: 476, acc: 70.27, bacc: 37.50, tmp_test_f1: 19.67, f1: 37.01
epoch: 477, acc: 70.27, bacc: 37.50, tmp_test_f1: 19.67, f1: 37.01
epoch: 478, acc: 70.27, bacc: 37.50, tmp_test_f1: 19.67, f1: 37.01
epoch: 479, acc: 70.27, bacc: 37.50, tmp_test_f1: 19.67, f1: 37.01
epoch: 480, acc: 70.27, bacc: 37.50, tmp_test_f1: 19.67, f1: 37.01
epoch: 481, acc: 70.27, bacc: 37.50, tmp_test_f1: 19.67, f1: 37.01
epoch: 482, acc: 70.27, bacc: 37.50, tmp_test_f1: 19.67, f1: 37.01
epoch: 483, acc: 70.27, bacc: 37.50, tmp_test_f1: 19.67, f1: 37.01
epoch: 484, acc: 70.27, bacc: 37.50, tmp_test_f1: 19.67, f1: 37.01
epoch: 485, acc: 70.27, bacc: 37.50, tmp_test_f1: 19.67, f1: 37.01
epoch: 486, acc: 70.27, bacc: 37.50, tmp_test_f1: 19.67, f1: 37.01
epoch: 487, acc: 70.27, bacc: 37.50, tmp_test_f1: 19.67, f1: 37.01
epoch: 488, acc: 70.27, bacc: 37.50, tmp_test_f1: 19.67, f1: 37.01
epoch: 489, acc: 70.27, bacc: 37.50, tmp_test_f1: 19.67, f1: 37.01
epoch: 490, acc: 70.27, bacc: 37.50, tmp_test_f1: 19.67, f1: 37.01
epoch: 491, acc: 70.27, bacc: 37.50, tmp_test_f1: 19.67, f1: 37.01
epoch: 492, acc: 70.27, bacc: 37.50, tmp_test_f1: 19.67, f1: 37.01
epoch: 493, acc: 70.27, bacc: 37.50, tmp_test_f1: 19.67, f1: 37.01
epoch: 494, acc: 70.27, bacc: 37.50, tmp_test_f1: 19.67, f1: 37.01
epoch: 495, acc: 70.27, bacc: 37.50, tmp_test_f1: 19.67, f1: 37.01
epoch: 496, acc: 70.27, bacc: 37.50, tmp_test_f1: 19.67, f1: 37.01
epoch: 497, acc: 70.27, bacc: 37.50, tmp_test_f1: 19.67, f1: 37.01
epoch: 498, acc: 70.27, bacc: 37.50, tmp_test_f1: 19.67, f1: 37.01
epoch: 499, acc: 70.27, bacc: 37.50, tmp_test_f1: 19.67, f1: 37.01
epoch: 500, acc: 70.27, bacc: 37.50, tmp_test_f1: 19.67, f1: 37.01
epoch: 501, acc: 70.27, bacc: 37.50, tmp_test_f1: 19.67, f1: 37.01
epoch: 502, acc: 70.27, bacc: 37.50, tmp_test_f1: 19.67, f1: 37.01
epoch: 503, acc: 70.27, bacc: 37.50, tmp_test_f1: 19.67, f1: 37.01
epoch: 504, acc: 70.27, bacc: 37.50, tmp_test_f1: 19.67, f1: 37.01
epoch: 505, acc: 70.27, bacc: 37.50, tmp_test_f1: 19.67, f1: 37.01
epoch: 506, acc: 70.27, bacc: 37.50, tmp_test_f1: 19.67, f1: 37.01
epoch: 507, acc: 70.27, bacc: 37.50, tmp_test_f1: 19.67, f1: 37.01
epoch: 508, acc: 70.27, bacc: 37.50, tmp_test_f1: 19.67, f1: 37.01
epoch: 509, acc: 70.27, bacc: 37.50, tmp_test_f1: 19.67, f1: 37.01
epoch: 510, acc: 70.27, bacc: 37.50, tmp_test_f1: 19.67, f1: 37.01
epoch: 511, acc: 70.27, bacc: 37.50, tmp_test_f1: 19.67, f1: 37.01
epoch: 512, acc: 70.27, bacc: 37.50, tmp_test_f1: 19.67, f1: 37.01
epoch: 513, acc: 70.27, bacc: 37.50, tmp_test_f1: 19.67, f1: 37.01
epoch: 514, acc: 70.27, bacc: 37.50, tmp_test_f1: 19.67, f1: 37.01
epoch: 515, acc: 70.27, bacc: 37.50, tmp_test_f1: 19.67, f1: 37.01
epoch: 516, acc: 70.27, bacc: 37.50, tmp_test_f1: 19.67, f1: 37.01
epoch: 517, acc: 70.27, bacc: 37.50, tmp_test_f1: 19.67, f1: 37.01
epoch: 518, acc: 70.27, bacc: 37.50, tmp_test_f1: 19.67, f1: 37.01
epoch: 519, acc: 70.27, bacc: 37.50, tmp_test_f1: 19.67, f1: 37.01
epoch: 520, acc: 70.27, bacc: 37.50, tmp_test_f1: 19.67, f1: 37.01
epoch: 521, acc: 70.27, bacc: 37.50, tmp_test_f1: 19.67, f1: 37.01
epoch: 522, acc: 70.27, bacc: 37.50, tmp_test_f1: 19.67, f1: 37.01
epoch: 523, acc: 70.27, bacc: 37.50, tmp_test_f1: 19.67, f1: 37.01
epoch: 524, acc: 70.27, bacc: 37.50, tmp_test_f1: 19.67, f1: 37.01
epoch: 525, acc: 70.27, bacc: 37.50, tmp_test_f1: 19.67, f1: 37.01
epoch: 526, acc: 70.27, bacc: 37.50, tmp_test_f1: 19.67, f1: 37.01
epoch: 527, acc: 70.27, bacc: 37.50, tmp_test_f1: 19.67, f1: 37.01
epoch: 528, acc: 70.27, bacc: 37.50, tmp_test_f1: 19.67, f1: 37.01
epoch: 529, acc: 70.27, bacc: 37.50, tmp_test_f1: 19.67, f1: 37.01
epoch: 530, acc: 70.27, bacc: 37.50, tmp_test_f1: 19.67, f1: 37.01
epoch: 531, acc: 70.27, bacc: 37.50, tmp_test_f1: 19.67, f1: 37.01
epoch: 532, acc: 70.27, bacc: 37.50, tmp_test_f1: 19.67, f1: 37.01
epoch: 533, acc: 70.27, bacc: 37.50, tmp_test_f1: 19.67, f1: 37.01
epoch: 534, acc: 70.27, bacc: 37.50, tmp_test_f1: 19.67, f1: 37.01
epoch: 535, acc: 70.27, bacc: 37.50, tmp_test_f1: 19.67, f1: 37.01
epoch: 536, acc: 70.27, bacc: 37.50, tmp_test_f1: 19.67, f1: 37.01
epoch: 537, acc: 70.27, bacc: 37.50, tmp_test_f1: 19.67, f1: 37.01
epoch: 538, acc: 70.27, bacc: 37.50, tmp_test_f1: 19.67, f1: 37.01
epoch: 539, acc: 70.27, bacc: 37.50, tmp_test_f1: 19.67, f1: 37.01
epoch: 540, acc: 70.27, bacc: 37.50, tmp_test_f1: 19.67, f1: 37.01
epoch: 541, acc: 70.27, bacc: 37.50, tmp_test_f1: 19.67, f1: 37.01
epoch: 542, acc: 70.27, bacc: 37.50, tmp_test_f1: 19.67, f1: 37.01
epoch: 543, acc: 70.27, bacc: 37.50, tmp_test_f1: 19.67, f1: 37.01
epoch: 544, acc: 70.27, bacc: 37.50, tmp_test_f1: 19.67, f1: 37.01
epoch: 545, acc: 70.27, bacc: 37.50, tmp_test_f1: 19.67, f1: 37.01
epoch: 546, acc: 70.27, bacc: 37.50, tmp_test_f1: 19.67, f1: 37.01
epoch: 547, acc: 70.27, bacc: 37.50, tmp_test_f1: 19.67, f1: 37.01
epoch: 548, acc: 70.27, bacc: 37.50, tmp_test_f1: 19.67, f1: 37.01
epoch: 549, acc: 70.27, bacc: 37.50, tmp_test_f1: 19.67, f1: 37.01
epoch: 550, acc: 70.27, bacc: 37.50, tmp_test_f1: 19.67, f1: 37.01
epoch: 551, acc: 70.27, bacc: 37.50, tmp_test_f1: 19.67, f1: 37.01
epoch: 552, acc: 70.27, bacc: 37.50, tmp_test_f1: 19.67, f1: 37.01
epoch: 553, acc: 70.27, bacc: 37.50, tmp_test_f1: 19.67, f1: 37.01
epoch: 554, acc: 70.27, bacc: 37.50, tmp_test_f1: 19.67, f1: 37.01
epoch: 555, acc: 70.27, bacc: 37.50, tmp_test_f1: 19.67, f1: 37.01
epoch: 556, acc: 70.27, bacc: 37.50, tmp_test_f1: 19.67, f1: 37.01
epoch: 557, acc: 70.27, bacc: 37.50, tmp_test_f1: 19.67, f1: 37.01
epoch: 558, acc: 70.27, bacc: 37.50, tmp_test_f1: 19.67, f1: 37.01
epoch: 559, acc: 70.27, bacc: 37.50, tmp_test_f1: 28.33, f1: 37.01
epoch: 560, acc: 70.27, bacc: 37.50, tmp_test_f1: 19.67, f1: 37.01
epoch: 561, acc: 70.27, bacc: 37.50, tmp_test_f1: 19.67, f1: 37.01
epoch: 562, acc: 70.27, bacc: 37.50, tmp_test_f1: 19.67, f1: 37.01
epoch: 563, acc: 70.27, bacc: 37.50, tmp_test_f1: 19.67, f1: 37.01
epoch: 564, acc: 70.27, bacc: 37.50, tmp_test_f1: 19.67, f1: 37.01
epoch: 565, acc: 70.27, bacc: 37.50, tmp_test_f1: 19.67, f1: 37.01
epoch: 566, acc: 70.27, bacc: 37.50, tmp_test_f1: 19.67, f1: 37.01
epoch: 567, acc: 70.27, bacc: 37.50, tmp_test_f1: 19.67, f1: 37.01
epoch: 568, acc: 70.27, bacc: 37.50, tmp_test_f1: 19.67, f1: 37.01
epoch: 569, acc: 70.27, bacc: 37.50, tmp_test_f1: 19.67, f1: 37.01
epoch: 570, acc: 70.27, bacc: 37.50, tmp_test_f1: 19.67, f1: 37.01
epoch: 571, acc: 70.27, bacc: 37.50, tmp_test_f1: 19.67, f1: 37.01
epoch: 572, acc: 70.27, bacc: 37.50, tmp_test_f1: 19.67, f1: 37.01
epoch: 573, acc: 70.27, bacc: 37.50, tmp_test_f1: 19.67, f1: 37.01
epoch: 574, acc: 70.27, bacc: 37.50, tmp_test_f1: 19.67, f1: 37.01
epoch: 575, acc: 70.27, bacc: 37.50, tmp_test_f1: 19.67, f1: 37.01
epoch: 576, acc: 70.27, bacc: 37.50, tmp_test_f1: 19.67, f1: 37.01
epoch: 577, acc: 70.27, bacc: 37.50, tmp_test_f1: 19.67, f1: 37.01
epoch: 578, acc: 70.27, bacc: 37.50, tmp_test_f1: 19.67, f1: 37.01
epoch: 579, acc: 70.27, bacc: 37.50, tmp_test_f1: 19.67, f1: 37.01
epoch: 580, acc: 70.27, bacc: 37.50, tmp_test_f1: 19.67, f1: 37.01
epoch: 581, acc: 70.27, bacc: 37.50, tmp_test_f1: 19.67, f1: 37.01
epoch: 582, acc: 70.27, bacc: 37.50, tmp_test_f1: 19.67, f1: 37.01
epoch: 583, acc: 70.27, bacc: 37.50, tmp_test_f1: 19.67, f1: 37.01
epoch: 584, acc: 70.27, bacc: 37.50, tmp_test_f1: 19.67, f1: 37.01
epoch: 585, acc: 70.27, bacc: 37.50, tmp_test_f1: 19.67, f1: 37.01
epoch: 586, acc: 70.27, bacc: 37.50, tmp_test_f1: 19.67, f1: 37.01
epoch: 587, acc: 70.27, bacc: 37.50, tmp_test_f1: 19.67, f1: 37.01
epoch: 588, acc: 70.27, bacc: 37.50, tmp_test_f1: 19.67, f1: 37.01
epoch: 589, acc: 70.27, bacc: 37.50, tmp_test_f1: 19.67, f1: 37.01
epoch: 590, acc: 70.27, bacc: 37.50, tmp_test_f1: 19.67, f1: 37.01
epoch: 591, acc: 70.27, bacc: 37.50, tmp_test_f1: 19.67, f1: 37.01
epoch: 592, acc: 70.27, bacc: 37.50, tmp_test_f1: 19.67, f1: 37.01
epoch: 593, acc: 70.27, bacc: 37.50, tmp_test_f1: 19.67, f1: 37.01
epoch: 594, acc: 70.27, bacc: 37.50, tmp_test_f1: 19.67, f1: 37.01
epoch: 595, acc: 70.27, bacc: 37.50, tmp_test_f1: 19.67, f1: 37.01
epoch: 596, acc: 70.27, bacc: 37.50, tmp_test_f1: 19.67, f1: 37.01
epoch: 597, acc: 70.27, bacc: 37.50, tmp_test_f1: 19.67, f1: 37.01
epoch: 598, acc: 70.27, bacc: 37.50, tmp_test_f1: 19.67, f1: 37.01
epoch: 599, acc: 70.27, bacc: 37.50, tmp_test_f1: 19.67, f1: 37.01
epoch: 600, acc: 70.27, bacc: 37.50, tmp_test_f1: 19.67, f1: 37.01
epoch: 601, acc: 70.27, bacc: 37.50, tmp_test_f1: 19.67, f1: 37.01
epoch: 602, acc: 70.27, bacc: 37.50, tmp_test_f1: 19.67, f1: 37.01
epoch: 603, acc: 70.27, bacc: 37.50, tmp_test_f1: 19.67, f1: 37.01
epoch: 604, acc: 70.27, bacc: 37.50, tmp_test_f1: 19.67, f1: 37.01
epoch: 605, acc: 70.27, bacc: 37.50, tmp_test_f1: 19.67, f1: 37.01
epoch: 606, acc: 70.27, bacc: 37.50, tmp_test_f1: 19.67, f1: 37.01
epoch: 607, acc: 70.27, bacc: 37.50, tmp_test_f1: 19.67, f1: 37.01
epoch: 608, acc: 70.27, bacc: 37.50, tmp_test_f1: 19.67, f1: 37.01
epoch: 609, acc: 70.27, bacc: 37.50, tmp_test_f1: 19.67, f1: 37.01
epoch: 610, acc: 70.27, bacc: 37.50, tmp_test_f1: 19.67, f1: 37.01
epoch: 611, acc: 70.27, bacc: 37.50, tmp_test_f1: 19.67, f1: 37.01
epoch: 612, acc: 70.27, bacc: 37.50, tmp_test_f1: 19.67, f1: 37.01
epoch: 613, acc: 70.27, bacc: 37.50, tmp_test_f1: 19.67, f1: 37.01
epoch: 614, acc: 70.27, bacc: 37.50, tmp_test_f1: 19.67, f1: 37.01
epoch: 615, acc: 70.27, bacc: 37.50, tmp_test_f1: 19.67, f1: 37.01
epoch: 616, acc: 70.27, bacc: 37.50, tmp_test_f1: 19.67, f1: 37.01
epoch: 617, acc: 70.27, bacc: 37.50, tmp_test_f1: 19.67, f1: 37.01
epoch: 618, acc: 70.27, bacc: 37.50, tmp_test_f1: 19.67, f1: 37.01
epoch: 619, acc: 70.27, bacc: 37.50, tmp_test_f1: 19.67, f1: 37.01
epoch: 620, acc: 70.27, bacc: 37.50, tmp_test_f1: 19.67, f1: 37.01
epoch: 621, acc: 70.27, bacc: 37.50, tmp_test_f1: 19.67, f1: 37.01
epoch: 622, acc: 70.27, bacc: 37.50, tmp_test_f1: 19.67, f1: 37.01
epoch: 623, acc: 70.27, bacc: 37.50, tmp_test_f1: 19.67, f1: 37.01
epoch: 624, acc: 70.27, bacc: 37.50, tmp_test_f1: 19.67, f1: 37.01
epoch: 625, acc: 70.27, bacc: 37.50, tmp_test_f1: 19.67, f1: 37.01
epoch: 626, acc: 70.27, bacc: 37.50, tmp_test_f1: 19.67, f1: 37.01
epoch: 627, acc: 70.27, bacc: 37.50, tmp_test_f1: 19.67, f1: 37.01
epoch: 628, acc: 70.27, bacc: 37.50, tmp_test_f1: 19.67, f1: 37.01
epoch: 629, acc: 70.27, bacc: 37.50, tmp_test_f1: 19.67, f1: 37.01
epoch: 630, acc: 70.27, bacc: 37.50, tmp_test_f1: 20.00, f1: 37.01
epoch: 631, acc: 70.27, bacc: 37.50, tmp_test_f1: 20.00, f1: 37.01
epoch: 632, acc: 70.27, bacc: 37.50, tmp_test_f1: 20.00, f1: 37.01
epoch: 633, acc: 70.27, bacc: 37.50, tmp_test_f1: 20.00, f1: 37.01
epoch: 634, acc: 70.27, bacc: 37.50, tmp_test_f1: 20.00, f1: 37.01
epoch: 635, acc: 70.27, bacc: 37.50, tmp_test_f1: 20.00, f1: 37.01
epoch: 636, acc: 70.27, bacc: 37.50, tmp_test_f1: 20.00, f1: 37.01
epoch: 637, acc: 70.27, bacc: 37.50, tmp_test_f1: 20.00, f1: 37.01
epoch: 638, acc: 70.27, bacc: 37.50, tmp_test_f1: 19.49, f1: 37.01
epoch: 639, acc: 70.27, bacc: 37.50, tmp_test_f1: 19.49, f1: 37.01
epoch: 640, acc: 70.27, bacc: 37.50, tmp_test_f1: 19.49, f1: 37.01
epoch: 641, acc: 70.27, bacc: 37.50, tmp_test_f1: 19.49, f1: 37.01
epoch: 642, acc: 70.27, bacc: 37.50, tmp_test_f1: 19.49, f1: 37.01
epoch: 643, acc: 70.27, bacc: 37.50, tmp_test_f1: 19.49, f1: 37.01
epoch: 644, acc: 70.27, bacc: 37.50, tmp_test_f1: 19.49, f1: 37.01
epoch: 645, acc: 70.27, bacc: 37.50, tmp_test_f1: 19.49, f1: 37.01
epoch: 646, acc: 70.27, bacc: 37.50, tmp_test_f1: 19.49, f1: 37.01
epoch: 647, acc: 70.27, bacc: 37.50, tmp_test_f1: 19.49, f1: 37.01
Epoch 00648: reducing learning rate of group 0 to 1.2500e-02.
Epoch 00648: reducing learning rate of group 1 to 1.2500e-02.
epoch: 648, acc: 70.27, bacc: 37.50, tmp_test_f1: 19.49, f1: 37.01
epoch: 649, acc: 70.27, bacc: 37.50, tmp_test_f1: 19.49, f1: 37.01
epoch: 650, acc: 70.27, bacc: 37.50, tmp_test_f1: 19.49, f1: 37.01
epoch: 651, acc: 70.27, bacc: 37.50, tmp_test_f1: 19.49, f1: 37.01
epoch: 652, acc: 70.27, bacc: 37.50, tmp_test_f1: 19.49, f1: 37.01
epoch: 653, acc: 70.27, bacc: 37.50, tmp_test_f1: 19.49, f1: 37.01
epoch: 654, acc: 70.27, bacc: 37.50, tmp_test_f1: 19.49, f1: 37.01
epoch: 655, acc: 70.27, bacc: 37.50, tmp_test_f1: 19.49, f1: 37.01
epoch: 656, acc: 70.27, bacc: 37.50, tmp_test_f1: 19.49, f1: 37.01
epoch: 657, acc: 70.27, bacc: 37.50, tmp_test_f1: 19.49, f1: 37.01
epoch: 658, acc: 70.27, bacc: 37.50, tmp_test_f1: 19.49, f1: 37.01
epoch: 659, acc: 70.27, bacc: 37.50, tmp_test_f1: 19.49, f1: 37.01
epoch: 660, acc: 70.27, bacc: 37.50, tmp_test_f1: 19.49, f1: 37.01
epoch: 661, acc: 70.27, bacc: 37.50, tmp_test_f1: 19.49, f1: 37.01
epoch: 662, acc: 70.27, bacc: 37.50, tmp_test_f1: 19.49, f1: 37.01
epoch: 663, acc: 70.27, bacc: 37.50, tmp_test_f1: 19.49, f1: 37.01
epoch: 664, acc: 70.27, bacc: 37.50, tmp_test_f1: 19.49, f1: 37.01
epoch: 665, acc: 70.27, bacc: 37.50, tmp_test_f1: 19.49, f1: 37.01
epoch: 666, acc: 70.27, bacc: 37.50, tmp_test_f1: 19.49, f1: 37.01
epoch: 667, acc: 70.27, bacc: 37.50, tmp_test_f1: 19.49, f1: 37.01
epoch: 668, acc: 70.27, bacc: 37.50, tmp_test_f1: 19.49, f1: 37.01
epoch: 669, acc: 70.27, bacc: 37.50, tmp_test_f1: 19.49, f1: 37.01
epoch: 670, acc: 70.27, bacc: 37.50, tmp_test_f1: 19.49, f1: 37.01
epoch: 671, acc: 70.27, bacc: 37.50, tmp_test_f1: 19.49, f1: 37.01
epoch: 672, acc: 70.27, bacc: 37.50, tmp_test_f1: 19.49, f1: 37.01
epoch: 673, acc: 70.27, bacc: 37.50, tmp_test_f1: 19.49, f1: 37.01
epoch: 674, acc: 70.27, bacc: 37.50, tmp_test_f1: 19.49, f1: 37.01
epoch: 675, acc: 70.27, bacc: 37.50, tmp_test_f1: 19.49, f1: 37.01
epoch: 676, acc: 70.27, bacc: 37.50, tmp_test_f1: 19.49, f1: 37.01
epoch: 677, acc: 70.27, bacc: 37.50, tmp_test_f1: 19.49, f1: 37.01
epoch: 678, acc: 70.27, bacc: 37.50, tmp_test_f1: 19.49, f1: 37.01
epoch: 679, acc: 70.27, bacc: 37.50, tmp_test_f1: 19.49, f1: 37.01
epoch: 680, acc: 70.27, bacc: 37.50, tmp_test_f1: 19.49, f1: 37.01
epoch: 681, acc: 70.27, bacc: 37.50, tmp_test_f1: 19.49, f1: 37.01
epoch: 682, acc: 70.27, bacc: 37.50, tmp_test_f1: 19.49, f1: 37.01
epoch: 683, acc: 70.27, bacc: 37.50, tmp_test_f1: 19.49, f1: 37.01
epoch: 684, acc: 70.27, bacc: 37.50, tmp_test_f1: 19.49, f1: 37.01
epoch: 685, acc: 70.27, bacc: 37.50, tmp_test_f1: 19.49, f1: 37.01
epoch: 686, acc: 70.27, bacc: 37.50, tmp_test_f1: 19.49, f1: 37.01
epoch: 687, acc: 70.27, bacc: 37.50, tmp_test_f1: 19.49, f1: 37.01
epoch: 688, acc: 70.27, bacc: 37.50, tmp_test_f1: 19.49, f1: 37.01
epoch: 689, acc: 70.27, bacc: 37.50, tmp_test_f1: 19.49, f1: 37.01
epoch: 690, acc: 70.27, bacc: 37.50, tmp_test_f1: 19.49, f1: 37.01
epoch: 691, acc: 70.27, bacc: 37.50, tmp_test_f1: 19.49, f1: 37.01
epoch: 692, acc: 70.27, bacc: 37.50, tmp_test_f1: 19.49, f1: 37.01
epoch: 693, acc: 70.27, bacc: 37.50, tmp_test_f1: 19.49, f1: 37.01
epoch: 694, acc: 70.27, bacc: 37.50, tmp_test_f1: 19.49, f1: 37.01
epoch: 695, acc: 70.27, bacc: 37.50, tmp_test_f1: 19.49, f1: 37.01
epoch: 696, acc: 70.27, bacc: 37.50, tmp_test_f1: 19.83, f1: 37.01
epoch: 697, acc: 70.27, bacc: 37.50, tmp_test_f1: 19.83, f1: 37.01
epoch: 698, acc: 70.27, bacc: 37.50, tmp_test_f1: 19.83, f1: 37.01
epoch: 699, acc: 70.27, bacc: 37.50, tmp_test_f1: 19.83, f1: 37.01
epoch: 700, acc: 70.27, bacc: 37.50, tmp_test_f1: 19.83, f1: 37.01
epoch: 701, acc: 70.27, bacc: 37.50, tmp_test_f1: 19.83, f1: 37.01
epoch: 702, acc: 70.27, bacc: 37.50, tmp_test_f1: 19.83, f1: 37.01
epoch: 703, acc: 70.27, bacc: 37.50, tmp_test_f1: 19.83, f1: 37.01
epoch: 704, acc: 70.27, bacc: 37.50, tmp_test_f1: 20.18, f1: 37.01
epoch: 705, acc: 70.27, bacc: 37.50, tmp_test_f1: 20.18, f1: 37.01
epoch: 706, acc: 70.27, bacc: 37.50, tmp_test_f1: 20.18, f1: 37.01
epoch: 707, acc: 70.27, bacc: 37.50, tmp_test_f1: 20.18, f1: 37.01
epoch: 708, acc: 70.27, bacc: 37.50, tmp_test_f1: 20.18, f1: 37.01
epoch: 709, acc: 70.27, bacc: 37.50, tmp_test_f1: 20.18, f1: 37.01
epoch: 710, acc: 70.27, bacc: 37.50, tmp_test_f1: 20.18, f1: 37.01
epoch: 711, acc: 70.27, bacc: 37.50, tmp_test_f1: 20.18, f1: 37.01
epoch: 712, acc: 70.27, bacc: 37.50, tmp_test_f1: 20.18, f1: 37.01
epoch: 713, acc: 70.27, bacc: 37.50, tmp_test_f1: 20.18, f1: 37.01
epoch: 714, acc: 70.27, bacc: 37.50, tmp_test_f1: 20.18, f1: 37.01
epoch: 715, acc: 70.27, bacc: 37.50, tmp_test_f1: 20.18, f1: 37.01
epoch: 716, acc: 70.27, bacc: 37.50, tmp_test_f1: 20.18, f1: 37.01
epoch: 717, acc: 70.27, bacc: 37.50, tmp_test_f1: 20.18, f1: 37.01
epoch: 718, acc: 70.27, bacc: 37.50, tmp_test_f1: 20.18, f1: 37.01
epoch: 719, acc: 70.27, bacc: 37.50, tmp_test_f1: 20.18, f1: 37.01
epoch: 720, acc: 70.27, bacc: 37.50, tmp_test_f1: 20.54, f1: 37.01
epoch: 721, acc: 70.27, bacc: 37.50, tmp_test_f1: 20.54, f1: 37.01
epoch: 722, acc: 70.27, bacc: 37.50, tmp_test_f1: 20.54, f1: 37.01
epoch: 723, acc: 70.27, bacc: 37.50, tmp_test_f1: 20.54, f1: 37.01
epoch: 724, acc: 70.27, bacc: 37.50, tmp_test_f1: 20.54, f1: 37.01
epoch: 725, acc: 70.27, bacc: 37.50, tmp_test_f1: 20.18, f1: 37.01
epoch: 726, acc: 70.27, bacc: 37.50, tmp_test_f1: 20.18, f1: 37.01
epoch: 727, acc: 70.27, bacc: 37.50, tmp_test_f1: 20.18, f1: 37.01
epoch: 728, acc: 70.27, bacc: 37.50, tmp_test_f1: 20.18, f1: 37.01
epoch: 729, acc: 70.27, bacc: 37.50, tmp_test_f1: 20.18, f1: 37.01
epoch: 730, acc: 70.27, bacc: 37.50, tmp_test_f1: 20.18, f1: 37.01
epoch: 731, acc: 70.27, bacc: 37.50, tmp_test_f1: 20.18, f1: 37.01
epoch: 732, acc: 70.27, bacc: 37.50, tmp_test_f1: 20.18, f1: 37.01
epoch: 733, acc: 70.27, bacc: 37.50, tmp_test_f1: 20.18, f1: 37.01
epoch: 734, acc: 70.27, bacc: 37.50, tmp_test_f1: 20.18, f1: 37.01
epoch: 735, acc: 70.27, bacc: 37.50, tmp_test_f1: 20.18, f1: 37.01
epoch: 736, acc: 70.27, bacc: 37.50, tmp_test_f1: 20.18, f1: 37.01
epoch: 737, acc: 70.27, bacc: 37.50, tmp_test_f1: 20.18, f1: 37.01
epoch: 738, acc: 70.27, bacc: 37.50, tmp_test_f1: 20.18, f1: 37.01
epoch: 739, acc: 70.27, bacc: 37.50, tmp_test_f1: 20.18, f1: 37.01
epoch: 740, acc: 70.27, bacc: 37.50, tmp_test_f1: 20.18, f1: 37.01
epoch: 741, acc: 70.27, bacc: 37.50, tmp_test_f1: 20.18, f1: 37.01
epoch: 742, acc: 70.27, bacc: 37.50, tmp_test_f1: 20.18, f1: 37.01
epoch: 743, acc: 70.27, bacc: 37.50, tmp_test_f1: 20.18, f1: 37.01
epoch: 744, acc: 70.27, bacc: 37.50, tmp_test_f1: 20.18, f1: 37.01
epoch: 745, acc: 70.27, bacc: 37.50, tmp_test_f1: 20.18, f1: 37.01
epoch: 746, acc: 70.27, bacc: 37.50, tmp_test_f1: 20.18, f1: 37.01
epoch: 747, acc: 70.27, bacc: 37.50, tmp_test_f1: 20.18, f1: 37.01
epoch: 748, acc: 70.27, bacc: 37.50, tmp_test_f1: 20.18, f1: 37.01
epoch: 749, acc: 70.27, bacc: 37.50, tmp_test_f1: 20.18, f1: 37.01
epoch: 750, acc: 70.27, bacc: 37.50, tmp_test_f1: 20.18, f1: 37.01
epoch: 751, acc: 70.27, bacc: 37.50, tmp_test_f1: 20.18, f1: 37.01
epoch: 752, acc: 70.27, bacc: 37.50, tmp_test_f1: 20.18, f1: 37.01
epoch: 753, acc: 70.27, bacc: 37.50, tmp_test_f1: 20.18, f1: 37.01
epoch: 754, acc: 70.27, bacc: 37.50, tmp_test_f1: 20.18, f1: 37.01
epoch: 755, acc: 70.27, bacc: 37.50, tmp_test_f1: 20.18, f1: 37.01
epoch: 756, acc: 70.27, bacc: 37.50, tmp_test_f1: 20.18, f1: 37.01
epoch: 757, acc: 70.27, bacc: 37.50, tmp_test_f1: 20.18, f1: 37.01
epoch: 758, acc: 70.27, bacc: 37.50, tmp_test_f1: 20.18, f1: 37.01
epoch: 759, acc: 70.27, bacc: 37.50, tmp_test_f1: 20.18, f1: 37.01
epoch: 760, acc: 70.27, bacc: 37.50, tmp_test_f1: 20.18, f1: 37.01
epoch: 761, acc: 70.27, bacc: 37.50, tmp_test_f1: 20.18, f1: 37.01
epoch: 762, acc: 70.27, bacc: 37.50, tmp_test_f1: 20.18, f1: 37.01
epoch: 763, acc: 70.27, bacc: 37.50, tmp_test_f1: 20.18, f1: 37.01
epoch: 764, acc: 70.27, bacc: 37.50, tmp_test_f1: 20.18, f1: 37.01
epoch: 765, acc: 70.27, bacc: 37.50, tmp_test_f1: 20.18, f1: 37.01
epoch: 766, acc: 70.27, bacc: 37.50, tmp_test_f1: 20.18, f1: 37.01
epoch: 767, acc: 70.27, bacc: 37.50, tmp_test_f1: 20.18, f1: 37.01
epoch: 768, acc: 70.27, bacc: 37.50, tmp_test_f1: 20.18, f1: 37.01
epoch: 769, acc: 70.27, bacc: 37.50, tmp_test_f1: 20.18, f1: 37.01
epoch: 770, acc: 70.27, bacc: 37.50, tmp_test_f1: 20.18, f1: 37.01
epoch: 771, acc: 70.27, bacc: 37.50, tmp_test_f1: 20.18, f1: 37.01
epoch: 772, acc: 70.27, bacc: 37.50, tmp_test_f1: 20.18, f1: 37.01
epoch: 773, acc: 70.27, bacc: 37.50, tmp_test_f1: 20.18, f1: 37.01
epoch: 774, acc: 70.27, bacc: 37.50, tmp_test_f1: 20.18, f1: 37.01
epoch: 775, acc: 70.27, bacc: 37.50, tmp_test_f1: 20.18, f1: 37.01
epoch: 776, acc: 70.27, bacc: 37.50, tmp_test_f1: 20.18, f1: 37.01
epoch: 777, acc: 70.27, bacc: 37.50, tmp_test_f1: 20.18, f1: 37.01
epoch: 778, acc: 70.27, bacc: 37.50, tmp_test_f1: 20.18, f1: 37.01
epoch: 779, acc: 70.27, bacc: 37.50, tmp_test_f1: 20.18, f1: 37.01
epoch: 780, acc: 70.27, bacc: 37.50, tmp_test_f1: 20.18, f1: 37.01
epoch: 781, acc: 70.27, bacc: 37.50, tmp_test_f1: 20.18, f1: 37.01
epoch: 782, acc: 70.27, bacc: 37.50, tmp_test_f1: 20.18, f1: 37.01
epoch: 783, acc: 70.27, bacc: 37.50, tmp_test_f1: 20.18, f1: 37.01
epoch: 784, acc: 70.27, bacc: 37.50, tmp_test_f1: 20.18, f1: 37.01
epoch: 785, acc: 70.27, bacc: 37.50, tmp_test_f1: 20.18, f1: 37.01
epoch: 786, acc: 70.27, bacc: 37.50, tmp_test_f1: 20.18, f1: 37.01
epoch: 787, acc: 70.27, bacc: 37.50, tmp_test_f1: 20.18, f1: 37.01
epoch: 788, acc: 70.27, bacc: 37.50, tmp_test_f1: 20.18, f1: 37.01
epoch: 789, acc: 70.27, bacc: 37.50, tmp_test_f1: 20.18, f1: 37.01
epoch: 790, acc: 70.27, bacc: 37.50, tmp_test_f1: 20.18, f1: 37.01
epoch: 791, acc: 70.27, bacc: 37.50, tmp_test_f1: 20.18, f1: 37.01
epoch: 792, acc: 70.27, bacc: 37.50, tmp_test_f1: 20.18, f1: 37.01
epoch: 793, acc: 70.27, bacc: 37.50, tmp_test_f1: 20.18, f1: 37.01
epoch: 794, acc: 70.27, bacc: 37.50, tmp_test_f1: 20.18, f1: 37.01
epoch: 795, acc: 70.27, bacc: 37.50, tmp_test_f1: 20.18, f1: 37.01
epoch: 796, acc: 70.27, bacc: 37.50, tmp_test_f1: 20.18, f1: 37.01
epoch: 797, acc: 70.27, bacc: 37.50, tmp_test_f1: 20.18, f1: 37.01
epoch: 798, acc: 70.27, bacc: 37.50, tmp_test_f1: 20.18, f1: 37.01
epoch: 799, acc: 70.27, bacc: 37.50, tmp_test_f1: 20.18, f1: 37.01
epoch: 800, acc: 70.27, bacc: 37.50, tmp_test_f1: 20.18, f1: 37.01
epoch: 801, acc: 70.27, bacc: 37.50, tmp_test_f1: 20.18, f1: 37.01
epoch: 802, acc: 70.27, bacc: 37.50, tmp_test_f1: 20.18, f1: 37.01
epoch: 803, acc: 70.27, bacc: 37.50, tmp_test_f1: 20.18, f1: 37.01
epoch: 804, acc: 70.27, bacc: 37.50, tmp_test_f1: 20.18, f1: 37.01
epoch: 805, acc: 70.27, bacc: 37.50, tmp_test_f1: 20.18, f1: 37.01
epoch: 806, acc: 70.27, bacc: 37.50, tmp_test_f1: 20.18, f1: 37.01
epoch: 807, acc: 70.27, bacc: 37.50, tmp_test_f1: 20.18, f1: 37.01
epoch: 808, acc: 70.27, bacc: 37.50, tmp_test_f1: 20.18, f1: 37.01
epoch: 809, acc: 70.27, bacc: 37.50, tmp_test_f1: 20.18, f1: 37.01
epoch: 810, acc: 70.27, bacc: 37.50, tmp_test_f1: 20.18, f1: 37.01
epoch: 811, acc: 70.27, bacc: 37.50, tmp_test_f1: 20.18, f1: 37.01
epoch: 812, acc: 70.27, bacc: 37.50, tmp_test_f1: 20.18, f1: 37.01
epoch: 813, acc: 70.27, bacc: 37.50, tmp_test_f1: 20.18, f1: 37.01
epoch: 814, acc: 70.27, bacc: 37.50, tmp_test_f1: 20.18, f1: 37.01
epoch: 815, acc: 70.27, bacc: 37.50, tmp_test_f1: 20.18, f1: 37.01
epoch: 816, acc: 70.27, bacc: 37.50, tmp_test_f1: 20.18, f1: 37.01
epoch: 817, acc: 70.27, bacc: 37.50, tmp_test_f1: 20.18, f1: 37.01
epoch: 818, acc: 70.27, bacc: 37.50, tmp_test_f1: 20.18, f1: 37.01
epoch: 819, acc: 70.27, bacc: 37.50, tmp_test_f1: 20.18, f1: 37.01
epoch: 820, acc: 70.27, bacc: 37.50, tmp_test_f1: 20.18, f1: 37.01
epoch: 821, acc: 70.27, bacc: 37.50, tmp_test_f1: 20.18, f1: 37.01
epoch: 822, acc: 70.27, bacc: 37.50, tmp_test_f1: 20.18, f1: 37.01
epoch: 823, acc: 70.27, bacc: 37.50, tmp_test_f1: 20.18, f1: 37.01
epoch: 824, acc: 70.27, bacc: 37.50, tmp_test_f1: 20.18, f1: 37.01
epoch: 825, acc: 70.27, bacc: 37.50, tmp_test_f1: 20.18, f1: 37.01
epoch: 826, acc: 70.27, bacc: 37.50, tmp_test_f1: 20.18, f1: 37.01
epoch: 827, acc: 70.27, bacc: 37.50, tmp_test_f1: 20.18, f1: 37.01
epoch: 828, acc: 70.27, bacc: 37.50, tmp_test_f1: 20.18, f1: 37.01
epoch: 829, acc: 70.27, bacc: 37.50, tmp_test_f1: 20.18, f1: 37.01
epoch: 830, acc: 70.27, bacc: 37.50, tmp_test_f1: 20.18, f1: 37.01
epoch: 831, acc: 70.27, bacc: 37.50, tmp_test_f1: 20.18, f1: 37.01
epoch: 832, acc: 70.27, bacc: 37.50, tmp_test_f1: 20.18, f1: 37.01
epoch: 833, acc: 70.27, bacc: 37.50, tmp_test_f1: 20.18, f1: 37.01
epoch: 834, acc: 70.27, bacc: 37.50, tmp_test_f1: 20.18, f1: 37.01
epoch: 835, acc: 70.27, bacc: 37.50, tmp_test_f1: 20.18, f1: 37.01
epoch: 836, acc: 70.27, bacc: 37.50, tmp_test_f1: 20.18, f1: 37.01
epoch: 837, acc: 70.27, bacc: 37.50, tmp_test_f1: 20.18, f1: 37.01
epoch: 838, acc: 70.27, bacc: 37.50, tmp_test_f1: 20.18, f1: 37.01
epoch: 839, acc: 70.27, bacc: 37.50, tmp_test_f1: 20.18, f1: 37.01
epoch: 840, acc: 70.27, bacc: 37.50, tmp_test_f1: 20.18, f1: 37.01
epoch: 841, acc: 70.27, bacc: 37.50, tmp_test_f1: 20.18, f1: 37.01
epoch: 842, acc: 70.27, bacc: 37.50, tmp_test_f1: 20.18, f1: 37.01
epoch: 843, acc: 70.27, bacc: 37.50, tmp_test_f1: 20.18, f1: 37.01
epoch: 844, acc: 70.27, bacc: 37.50, tmp_test_f1: 20.18, f1: 37.01
epoch: 845, acc: 70.27, bacc: 37.50, tmp_test_f1: 20.18, f1: 37.01
epoch: 846, acc: 70.27, bacc: 37.50, tmp_test_f1: 20.18, f1: 37.01
epoch: 847, acc: 70.27, bacc: 37.50, tmp_test_f1: 20.18, f1: 37.01
epoch: 848, acc: 70.27, bacc: 37.50, tmp_test_f1: 20.18, f1: 37.01
Epoch 00849: reducing learning rate of group 0 to 6.2500e-03.
Epoch 00849: reducing learning rate of group 1 to 6.2500e-03.
epoch: 849, acc: 70.27, bacc: 37.50, tmp_test_f1: 20.18, f1: 37.01
epoch: 850, acc: 70.27, bacc: 37.50, tmp_test_f1: 20.18, f1: 37.01
epoch: 851, acc: 70.27, bacc: 37.50, tmp_test_f1: 20.18, f1: 37.01
epoch: 852, acc: 70.27, bacc: 37.50, tmp_test_f1: 20.18, f1: 37.01
epoch: 853, acc: 70.27, bacc: 37.50, tmp_test_f1: 20.18, f1: 37.01
epoch: 854, acc: 70.27, bacc: 37.50, tmp_test_f1: 20.18, f1: 37.01
epoch: 855, acc: 70.27, bacc: 37.50, tmp_test_f1: 20.18, f1: 37.01
epoch: 856, acc: 70.27, bacc: 37.50, tmp_test_f1: 20.18, f1: 37.01
epoch: 857, acc: 70.27, bacc: 37.50, tmp_test_f1: 20.18, f1: 37.01
epoch: 858, acc: 70.27, bacc: 37.50, tmp_test_f1: 20.18, f1: 37.01
epoch: 859, acc: 70.27, bacc: 37.50, tmp_test_f1: 20.18, f1: 37.01
epoch: 860, acc: 70.27, bacc: 37.50, tmp_test_f1: 20.18, f1: 37.01
epoch: 861, acc: 70.27, bacc: 37.50, tmp_test_f1: 20.18, f1: 37.01
epoch: 862, acc: 70.27, bacc: 37.50, tmp_test_f1: 20.18, f1: 37.01
epoch: 863, acc: 70.27, bacc: 37.50, tmp_test_f1: 20.18, f1: 37.01
epoch: 864, acc: 70.27, bacc: 37.50, tmp_test_f1: 20.18, f1: 37.01
epoch: 865, acc: 70.27, bacc: 37.50, tmp_test_f1: 20.18, f1: 37.01
epoch: 866, acc: 70.27, bacc: 37.50, tmp_test_f1: 20.18, f1: 37.01
epoch: 867, acc: 70.27, bacc: 37.50, tmp_test_f1: 20.18, f1: 37.01
epoch: 868, acc: 70.27, bacc: 37.50, tmp_test_f1: 20.18, f1: 37.01
epoch: 869, acc: 70.27, bacc: 37.50, tmp_test_f1: 20.18, f1: 37.01
epoch: 870, acc: 70.27, bacc: 37.50, tmp_test_f1: 20.18, f1: 37.01
epoch: 871, acc: 70.27, bacc: 37.50, tmp_test_f1: 20.18, f1: 37.01
epoch: 872, acc: 70.27, bacc: 37.50, tmp_test_f1: 20.18, f1: 37.01
epoch: 873, acc: 70.27, bacc: 37.50, tmp_test_f1: 20.18, f1: 37.01
epoch: 874, acc: 70.27, bacc: 37.50, tmp_test_f1: 20.18, f1: 37.01
epoch: 875, acc: 70.27, bacc: 37.50, tmp_test_f1: 20.18, f1: 37.01
epoch: 876, acc: 70.27, bacc: 37.50, tmp_test_f1: 20.18, f1: 37.01
epoch: 877, acc: 70.27, bacc: 37.50, tmp_test_f1: 20.18, f1: 37.01
epoch: 878, acc: 70.27, bacc: 37.50, tmp_test_f1: 20.18, f1: 37.01
epoch: 879, acc: 70.27, bacc: 37.50, tmp_test_f1: 20.18, f1: 37.01
epoch: 880, acc: 70.27, bacc: 37.50, tmp_test_f1: 20.18, f1: 37.01
epoch: 881, acc: 70.27, bacc: 37.50, tmp_test_f1: 20.18, f1: 37.01
epoch: 882, acc: 70.27, bacc: 37.50, tmp_test_f1: 20.18, f1: 37.01
epoch: 883, acc: 70.27, bacc: 37.50, tmp_test_f1: 20.18, f1: 37.01
epoch: 884, acc: 70.27, bacc: 37.50, tmp_test_f1: 20.18, f1: 37.01
epoch: 885, acc: 70.27, bacc: 37.50, tmp_test_f1: 20.18, f1: 37.01
epoch: 886, acc: 70.27, bacc: 37.50, tmp_test_f1: 20.18, f1: 37.01
epoch: 887, acc: 70.27, bacc: 37.50, tmp_test_f1: 20.18, f1: 37.01
epoch: 888, acc: 70.27, bacc: 37.50, tmp_test_f1: 20.18, f1: 37.01
epoch: 889, acc: 70.27, bacc: 37.50, tmp_test_f1: 20.18, f1: 37.01
epoch: 890, acc: 70.27, bacc: 37.50, tmp_test_f1: 20.18, f1: 37.01
epoch: 891, acc: 70.27, bacc: 37.50, tmp_test_f1: 20.18, f1: 37.01
epoch: 892, acc: 70.27, bacc: 37.50, tmp_test_f1: 20.18, f1: 37.01
epoch: 893, acc: 70.27, bacc: 37.50, tmp_test_f1: 20.18, f1: 37.01
epoch: 894, acc: 70.27, bacc: 37.50, tmp_test_f1: 20.18, f1: 37.01
epoch: 895, acc: 70.27, bacc: 37.50, tmp_test_f1: 20.18, f1: 37.01
epoch: 896, acc: 70.27, bacc: 37.50, tmp_test_f1: 20.18, f1: 37.01
epoch: 897, acc: 70.27, bacc: 37.50, tmp_test_f1: 20.18, f1: 37.01
epoch: 898, acc: 70.27, bacc: 37.50, tmp_test_f1: 20.18, f1: 37.01
epoch: 899, acc: 70.27, bacc: 37.50, tmp_test_f1: 20.18, f1: 37.01
epoch: 900, acc: 70.27, bacc: 37.50, tmp_test_f1: 20.18, f1: 37.01
epoch: 901, acc: 70.27, bacc: 37.50, tmp_test_f1: 20.18, f1: 37.01
epoch: 902, acc: 70.27, bacc: 37.50, tmp_test_f1: 20.18, f1: 37.01
epoch: 903, acc: 70.27, bacc: 37.50, tmp_test_f1: 20.18, f1: 37.01
epoch: 904, acc: 70.27, bacc: 37.50, tmp_test_f1: 20.18, f1: 37.01
epoch: 905, acc: 70.27, bacc: 37.50, tmp_test_f1: 20.18, f1: 37.01
epoch: 906, acc: 70.27, bacc: 37.50, tmp_test_f1: 20.18, f1: 37.01
epoch: 907, acc: 70.27, bacc: 37.50, tmp_test_f1: 20.18, f1: 37.01
epoch: 908, acc: 70.27, bacc: 37.50, tmp_test_f1: 20.18, f1: 37.01
epoch: 909, acc: 70.27, bacc: 37.50, tmp_test_f1: 20.18, f1: 37.01
epoch: 910, acc: 70.27, bacc: 37.50, tmp_test_f1: 20.18, f1: 37.01
epoch: 911, acc: 70.27, bacc: 37.50, tmp_test_f1: 20.18, f1: 37.01
epoch: 912, acc: 70.27, bacc: 37.50, tmp_test_f1: 20.18, f1: 37.01
epoch: 913, acc: 70.27, bacc: 37.50, tmp_test_f1: 20.18, f1: 37.01
epoch: 914, acc: 70.27, bacc: 37.50, tmp_test_f1: 20.18, f1: 37.01
epoch: 915, acc: 70.27, bacc: 37.50, tmp_test_f1: 20.18, f1: 37.01
epoch: 916, acc: 70.27, bacc: 37.50, tmp_test_f1: 20.18, f1: 37.01
epoch: 917, acc: 70.27, bacc: 37.50, tmp_test_f1: 20.18, f1: 37.01
epoch: 918, acc: 70.27, bacc: 37.50, tmp_test_f1: 20.18, f1: 37.01
epoch: 919, acc: 70.27, bacc: 37.50, tmp_test_f1: 20.18, f1: 37.01
epoch: 920, acc: 70.27, bacc: 37.50, tmp_test_f1: 20.18, f1: 37.01
epoch: 921, acc: 70.27, bacc: 37.50, tmp_test_f1: 20.18, f1: 37.01
epoch: 922, acc: 70.27, bacc: 37.50, tmp_test_f1: 20.18, f1: 37.01
epoch: 923, acc: 70.27, bacc: 37.50, tmp_test_f1: 20.18, f1: 37.01
epoch: 924, acc: 70.27, bacc: 37.50, tmp_test_f1: 20.18, f1: 37.01
epoch: 925, acc: 70.27, bacc: 37.50, tmp_test_f1: 20.18, f1: 37.01
epoch: 926, acc: 70.27, bacc: 37.50, tmp_test_f1: 20.18, f1: 37.01
epoch: 927, acc: 70.27, bacc: 37.50, tmp_test_f1: 20.18, f1: 37.01
epoch: 928, acc: 70.27, bacc: 37.50, tmp_test_f1: 20.18, f1: 37.01
epoch: 929, acc: 70.27, bacc: 37.50, tmp_test_f1: 20.18, f1: 37.01
epoch: 930, acc: 70.27, bacc: 37.50, tmp_test_f1: 20.18, f1: 37.01
epoch: 931, acc: 70.27, bacc: 37.50, tmp_test_f1: 20.18, f1: 37.01
epoch: 932, acc: 70.27, bacc: 37.50, tmp_test_f1: 20.18, f1: 37.01
epoch: 933, acc: 70.27, bacc: 37.50, tmp_test_f1: 20.18, f1: 37.01
epoch: 934, acc: 70.27, bacc: 37.50, tmp_test_f1: 20.18, f1: 37.01
epoch: 935, acc: 70.27, bacc: 37.50, tmp_test_f1: 20.18, f1: 37.01
epoch: 936, acc: 70.27, bacc: 37.50, tmp_test_f1: 20.18, f1: 37.01
epoch: 937, acc: 70.27, bacc: 37.50, tmp_test_f1: 20.18, f1: 37.01
epoch: 938, acc: 70.27, bacc: 37.50, tmp_test_f1: 20.18, f1: 37.01
epoch: 939, acc: 70.27, bacc: 37.50, tmp_test_f1: 20.18, f1: 37.01
epoch: 940, acc: 70.27, bacc: 37.50, tmp_test_f1: 20.18, f1: 37.01
epoch: 941, acc: 70.27, bacc: 37.50, tmp_test_f1: 20.18, f1: 37.01
epoch: 942, acc: 70.27, bacc: 37.50, tmp_test_f1: 20.18, f1: 37.01
epoch: 943, acc: 70.27, bacc: 37.50, tmp_test_f1: 20.18, f1: 37.01
epoch: 944, acc: 70.27, bacc: 37.50, tmp_test_f1: 20.18, f1: 37.01
epoch: 945, acc: 70.27, bacc: 37.50, tmp_test_f1: 20.18, f1: 37.01
epoch: 946, acc: 70.27, bacc: 37.50, tmp_test_f1: 20.18, f1: 37.01
SAGE WebKB/texas 100 Aug 20 EndEpoch 946 lr 0.1
SHAsplit  0, acc: 70.27, bacc: 37.50, f1: 37.01
CountNotImproved reset to 0
epoch:   0, acc: 18.92, bacc: 25.00, tmp_test_f1: 7.95, f1: 7.95
CountNotImproved reset to 0
epoch:   1, acc: 59.46, bacc: 25.00, tmp_test_f1: 18.64, f1: 18.64
CountNotImproved reset to 0
epoch:   2, acc: 67.57, bacc: 35.71, tmp_test_f1: 34.64, f1: 34.64
CountNotImproved reset to 0
epoch:   3, acc: 67.57, bacc: 38.74, tmp_test_f1: 40.37, f1: 40.37
epoch:   4, acc: 67.57, bacc: 38.74, tmp_test_f1: 36.18, f1: 40.37
CountNotImproved reset to 0
epoch:   5, acc: 64.86, bacc: 40.04, tmp_test_f1: 41.73, f1: 41.73
epoch:   6, acc: 64.86, bacc: 40.04, tmp_test_f1: 38.18, f1: 41.73
CountNotImproved reset to 0
epoch:   7, acc: 75.68, bacc: 46.43, tmp_test_f1: 43.83, f1: 43.83
epoch:   8, acc: 75.68, bacc: 46.43, tmp_test_f1: 43.00, f1: 43.83
epoch:   9, acc: 75.68, bacc: 46.43, tmp_test_f1: 43.43, f1: 43.83
CountNotImproved reset to 0
epoch:  10, acc: 78.38, bacc: 50.60, tmp_test_f1: 51.02, f1: 51.02
epoch:  11, acc: 78.38, bacc: 50.60, tmp_test_f1: 48.33, f1: 51.02
epoch:  12, acc: 78.38, bacc: 50.60, tmp_test_f1: 47.64, f1: 51.02
epoch:  13, acc: 78.38, bacc: 50.60, tmp_test_f1: 48.85, f1: 51.02
epoch:  14, acc: 78.38, bacc: 50.60, tmp_test_f1: 43.49, f1: 51.02
epoch:  15, acc: 78.38, bacc: 50.60, tmp_test_f1: 43.49, f1: 51.02
epoch:  16, acc: 78.38, bacc: 50.60, tmp_test_f1: 43.49, f1: 51.02
epoch:  17, acc: 78.38, bacc: 50.60, tmp_test_f1: 44.08, f1: 51.02
epoch:  18, acc: 78.38, bacc: 50.60, tmp_test_f1: 44.08, f1: 51.02
epoch:  19, acc: 78.38, bacc: 50.60, tmp_test_f1: 41.99, f1: 51.02
epoch:  20, acc: 78.38, bacc: 50.60, tmp_test_f1: 38.94, f1: 51.02
epoch:  21, acc: 78.38, bacc: 50.60, tmp_test_f1: 38.94, f1: 51.02
epoch:  22, acc: 78.38, bacc: 50.60, tmp_test_f1: 38.94, f1: 51.02
epoch:  23, acc: 78.38, bacc: 50.60, tmp_test_f1: 38.94, f1: 51.02
epoch:  24, acc: 78.38, bacc: 50.60, tmp_test_f1: 38.94, f1: 51.02
epoch:  25, acc: 78.38, bacc: 50.60, tmp_test_f1: 41.99, f1: 51.02
epoch:  26, acc: 78.38, bacc: 50.60, tmp_test_f1: 49.54, f1: 51.02
CountNotImproved reset to 0
epoch:  27, acc: 78.38, bacc: 50.60, tmp_test_f1: 52.22, f1: 52.22
epoch:  28, acc: 78.38, bacc: 50.60, tmp_test_f1: 52.22, f1: 52.22
epoch:  29, acc: 78.38, bacc: 50.60, tmp_test_f1: 49.98, f1: 52.22
epoch:  30, acc: 78.38, bacc: 50.60, tmp_test_f1: 49.98, f1: 52.22
epoch:  31, acc: 78.38, bacc: 50.60, tmp_test_f1: 49.98, f1: 52.22
epoch:  32, acc: 78.38, bacc: 50.60, tmp_test_f1: 49.98, f1: 52.22
epoch:  33, acc: 78.38, bacc: 50.60, tmp_test_f1: 49.98, f1: 52.22
epoch:  34, acc: 78.38, bacc: 50.60, tmp_test_f1: 49.98, f1: 52.22
epoch:  35, acc: 78.38, bacc: 50.60, tmp_test_f1: 49.98, f1: 52.22
epoch:  36, acc: 78.38, bacc: 50.60, tmp_test_f1: 49.98, f1: 52.22
epoch:  37, acc: 78.38, bacc: 50.60, tmp_test_f1: 49.98, f1: 52.22
epoch:  38, acc: 78.38, bacc: 50.60, tmp_test_f1: 41.23, f1: 52.22
epoch:  39, acc: 78.38, bacc: 50.60, tmp_test_f1: 41.23, f1: 52.22
epoch:  40, acc: 78.38, bacc: 50.60, tmp_test_f1: 41.23, f1: 52.22
epoch:  41, acc: 78.38, bacc: 50.60, tmp_test_f1: 41.23, f1: 52.22
epoch:  42, acc: 78.38, bacc: 50.60, tmp_test_f1: 41.23, f1: 52.22
epoch:  43, acc: 78.38, bacc: 50.60, tmp_test_f1: 41.23, f1: 52.22
epoch:  44, acc: 78.38, bacc: 50.60, tmp_test_f1: 38.67, f1: 52.22
epoch:  45, acc: 78.38, bacc: 50.60, tmp_test_f1: 38.67, f1: 52.22
epoch:  46, acc: 78.38, bacc: 50.60, tmp_test_f1: 36.81, f1: 52.22
epoch:  47, acc: 78.38, bacc: 50.60, tmp_test_f1: 36.81, f1: 52.22
epoch:  48, acc: 78.38, bacc: 50.60, tmp_test_f1: 36.81, f1: 52.22
epoch:  49, acc: 78.38, bacc: 50.60, tmp_test_f1: 36.81, f1: 52.22
epoch:  50, acc: 78.38, bacc: 50.60, tmp_test_f1: 36.81, f1: 52.22
epoch:  51, acc: 78.38, bacc: 50.60, tmp_test_f1: 36.81, f1: 52.22
epoch:  52, acc: 78.38, bacc: 50.60, tmp_test_f1: 36.81, f1: 52.22
epoch:  53, acc: 78.38, bacc: 50.60, tmp_test_f1: 36.81, f1: 52.22
epoch:  54, acc: 78.38, bacc: 50.60, tmp_test_f1: 36.81, f1: 52.22
epoch:  55, acc: 78.38, bacc: 50.60, tmp_test_f1: 36.81, f1: 52.22
epoch:  56, acc: 78.38, bacc: 50.60, tmp_test_f1: 33.50, f1: 52.22
epoch:  57, acc: 78.38, bacc: 50.60, tmp_test_f1: 35.20, f1: 52.22
epoch:  58, acc: 78.38, bacc: 50.60, tmp_test_f1: 35.20, f1: 52.22
epoch:  59, acc: 78.38, bacc: 50.60, tmp_test_f1: 35.20, f1: 52.22
epoch:  60, acc: 78.38, bacc: 50.60, tmp_test_f1: 36.15, f1: 52.22
epoch:  61, acc: 78.38, bacc: 50.60, tmp_test_f1: 36.15, f1: 52.22
epoch:  62, acc: 78.38, bacc: 50.60, tmp_test_f1: 36.15, f1: 52.22
epoch:  63, acc: 78.38, bacc: 50.60, tmp_test_f1: 36.15, f1: 52.22
epoch:  64, acc: 78.38, bacc: 50.60, tmp_test_f1: 36.15, f1: 52.22
epoch:  65, acc: 78.38, bacc: 50.60, tmp_test_f1: 36.15, f1: 52.22
epoch:  66, acc: 78.38, bacc: 50.60, tmp_test_f1: 36.15, f1: 52.22
epoch:  67, acc: 78.38, bacc: 50.60, tmp_test_f1: 36.15, f1: 52.22
epoch:  68, acc: 78.38, bacc: 50.60, tmp_test_f1: 36.15, f1: 52.22
epoch:  69, acc: 78.38, bacc: 50.60, tmp_test_f1: 36.15, f1: 52.22
epoch:  70, acc: 78.38, bacc: 50.60, tmp_test_f1: 32.26, f1: 52.22
epoch:  71, acc: 78.38, bacc: 50.60, tmp_test_f1: 32.26, f1: 52.22
epoch:  72, acc: 78.38, bacc: 50.60, tmp_test_f1: 36.15, f1: 52.22
epoch:  73, acc: 78.38, bacc: 50.60, tmp_test_f1: 36.15, f1: 52.22
epoch:  74, acc: 78.38, bacc: 50.60, tmp_test_f1: 36.15, f1: 52.22
epoch:  75, acc: 78.38, bacc: 50.60, tmp_test_f1: 32.26, f1: 52.22
epoch:  76, acc: 78.38, bacc: 50.60, tmp_test_f1: 27.00, f1: 52.22
epoch:  77, acc: 78.38, bacc: 50.60, tmp_test_f1: 26.62, f1: 52.22
epoch:  78, acc: 78.38, bacc: 50.60, tmp_test_f1: 26.31, f1: 52.22
epoch:  79, acc: 78.38, bacc: 50.60, tmp_test_f1: 25.93, f1: 52.22
epoch:  80, acc: 78.38, bacc: 50.60, tmp_test_f1: 25.93, f1: 52.22
epoch:  81, acc: 78.38, bacc: 50.60, tmp_test_f1: 24.81, f1: 52.22
epoch:  82, acc: 78.38, bacc: 50.60, tmp_test_f1: 24.81, f1: 52.22
epoch:  83, acc: 78.38, bacc: 50.60, tmp_test_f1: 24.81, f1: 52.22
epoch:  84, acc: 78.38, bacc: 50.60, tmp_test_f1: 28.90, f1: 52.22
epoch:  85, acc: 78.38, bacc: 50.60, tmp_test_f1: 28.90, f1: 52.22
epoch:  86, acc: 78.38, bacc: 50.60, tmp_test_f1: 28.90, f1: 52.22
epoch:  87, acc: 78.38, bacc: 50.60, tmp_test_f1: 28.90, f1: 52.22
epoch:  88, acc: 78.38, bacc: 50.60, tmp_test_f1: 24.44, f1: 52.22
epoch:  89, acc: 78.38, bacc: 50.60, tmp_test_f1: 24.44, f1: 52.22
epoch:  90, acc: 78.38, bacc: 50.60, tmp_test_f1: 24.44, f1: 52.22
epoch:  91, acc: 78.38, bacc: 50.60, tmp_test_f1: 24.44, f1: 52.22
epoch:  92, acc: 78.38, bacc: 50.60, tmp_test_f1: 24.44, f1: 52.22
epoch:  93, acc: 78.38, bacc: 50.60, tmp_test_f1: 24.44, f1: 52.22
epoch:  94, acc: 78.38, bacc: 50.60, tmp_test_f1: 20.00, f1: 52.22
epoch:  95, acc: 78.38, bacc: 50.60, tmp_test_f1: 19.64, f1: 52.22
epoch:  96, acc: 78.38, bacc: 50.60, tmp_test_f1: 19.64, f1: 52.22
epoch:  97, acc: 78.38, bacc: 50.60, tmp_test_f1: 19.64, f1: 52.22
epoch:  98, acc: 78.38, bacc: 50.60, tmp_test_f1: 19.64, f1: 52.22
epoch:  99, acc: 78.38, bacc: 50.60, tmp_test_f1: 19.64, f1: 52.22
epoch: 100, acc: 78.38, bacc: 50.60, tmp_test_f1: 19.64, f1: 52.22
epoch: 101, acc: 78.38, bacc: 50.60, tmp_test_f1: 19.64, f1: 52.22
epoch: 102, acc: 78.38, bacc: 50.60, tmp_test_f1: 25.89, f1: 52.22
epoch: 103, acc: 78.38, bacc: 50.60, tmp_test_f1: 25.89, f1: 52.22
epoch: 104, acc: 78.38, bacc: 50.60, tmp_test_f1: 25.89, f1: 52.22
epoch: 105, acc: 78.38, bacc: 50.60, tmp_test_f1: 25.89, f1: 52.22
epoch: 106, acc: 78.38, bacc: 50.60, tmp_test_f1: 25.89, f1: 52.22
epoch: 107, acc: 78.38, bacc: 50.60, tmp_test_f1: 25.89, f1: 52.22
epoch: 108, acc: 78.38, bacc: 50.60, tmp_test_f1: 25.89, f1: 52.22
epoch: 109, acc: 78.38, bacc: 50.60, tmp_test_f1: 25.89, f1: 52.22
epoch: 110, acc: 78.38, bacc: 50.60, tmp_test_f1: 31.11, f1: 52.22
epoch: 111, acc: 78.38, bacc: 50.60, tmp_test_f1: 31.11, f1: 52.22
epoch: 112, acc: 78.38, bacc: 50.60, tmp_test_f1: 31.11, f1: 52.22
epoch: 113, acc: 78.38, bacc: 50.60, tmp_test_f1: 31.11, f1: 52.22
epoch: 114, acc: 78.38, bacc: 50.60, tmp_test_f1: 31.11, f1: 52.22
epoch: 115, acc: 78.38, bacc: 50.60, tmp_test_f1: 31.11, f1: 52.22
epoch: 116, acc: 78.38, bacc: 50.60, tmp_test_f1: 31.11, f1: 52.22
epoch: 117, acc: 78.38, bacc: 50.60, tmp_test_f1: 31.48, f1: 52.22
epoch: 118, acc: 78.38, bacc: 50.60, tmp_test_f1: 35.75, f1: 52.22
epoch: 119, acc: 78.38, bacc: 50.60, tmp_test_f1: 35.75, f1: 52.22
epoch: 120, acc: 78.38, bacc: 50.60, tmp_test_f1: 35.75, f1: 52.22
epoch: 121, acc: 78.38, bacc: 50.60, tmp_test_f1: 35.75, f1: 52.22
epoch: 122, acc: 78.38, bacc: 50.60, tmp_test_f1: 35.75, f1: 52.22
epoch: 123, acc: 78.38, bacc: 50.60, tmp_test_f1: 35.75, f1: 52.22
epoch: 124, acc: 78.38, bacc: 50.60, tmp_test_f1: 35.75, f1: 52.22
epoch: 125, acc: 78.38, bacc: 50.60, tmp_test_f1: 35.75, f1: 52.22
epoch: 126, acc: 78.38, bacc: 50.60, tmp_test_f1: 35.75, f1: 52.22
epoch: 127, acc: 78.38, bacc: 50.60, tmp_test_f1: 35.75, f1: 52.22
epoch: 128, acc: 78.38, bacc: 50.60, tmp_test_f1: 35.75, f1: 52.22
epoch: 129, acc: 78.38, bacc: 50.60, tmp_test_f1: 35.75, f1: 52.22
epoch: 130, acc: 78.38, bacc: 50.60, tmp_test_f1: 35.75, f1: 52.22
epoch: 131, acc: 78.38, bacc: 50.60, tmp_test_f1: 35.75, f1: 52.22
epoch: 132, acc: 78.38, bacc: 50.60, tmp_test_f1: 35.75, f1: 52.22
epoch: 133, acc: 78.38, bacc: 50.60, tmp_test_f1: 35.75, f1: 52.22
epoch: 134, acc: 78.38, bacc: 50.60, tmp_test_f1: 35.75, f1: 52.22
epoch: 135, acc: 78.38, bacc: 50.60, tmp_test_f1: 35.75, f1: 52.22
epoch: 136, acc: 78.38, bacc: 50.60, tmp_test_f1: 35.75, f1: 52.22
epoch: 137, acc: 78.38, bacc: 50.60, tmp_test_f1: 31.48, f1: 52.22
epoch: 138, acc: 78.38, bacc: 50.60, tmp_test_f1: 26.62, f1: 52.22
epoch: 139, acc: 78.38, bacc: 50.60, tmp_test_f1: 26.62, f1: 52.22
epoch: 140, acc: 78.38, bacc: 50.60, tmp_test_f1: 31.87, f1: 52.22
epoch: 141, acc: 78.38, bacc: 50.60, tmp_test_f1: 31.48, f1: 52.22
epoch: 142, acc: 78.38, bacc: 50.60, tmp_test_f1: 26.25, f1: 52.22
epoch: 143, acc: 78.38, bacc: 50.60, tmp_test_f1: 26.25, f1: 52.22
epoch: 144, acc: 78.38, bacc: 50.60, tmp_test_f1: 31.48, f1: 52.22
epoch: 145, acc: 78.38, bacc: 50.60, tmp_test_f1: 31.48, f1: 52.22
epoch: 146, acc: 78.38, bacc: 50.60, tmp_test_f1: 31.48, f1: 52.22
epoch: 147, acc: 78.38, bacc: 50.60, tmp_test_f1: 31.11, f1: 52.22
epoch: 148, acc: 78.38, bacc: 50.60, tmp_test_f1: 31.11, f1: 52.22
epoch: 149, acc: 78.38, bacc: 50.60, tmp_test_f1: 31.11, f1: 52.22
epoch: 150, acc: 78.38, bacc: 50.60, tmp_test_f1: 31.11, f1: 52.22
epoch: 151, acc: 78.38, bacc: 50.60, tmp_test_f1: 31.11, f1: 52.22
epoch: 152, acc: 78.38, bacc: 50.60, tmp_test_f1: 31.11, f1: 52.22
epoch: 153, acc: 78.38, bacc: 50.60, tmp_test_f1: 31.87, f1: 52.22
epoch: 154, acc: 78.38, bacc: 50.60, tmp_test_f1: 32.26, f1: 52.22
epoch: 155, acc: 78.38, bacc: 50.60, tmp_test_f1: 32.26, f1: 52.22
epoch: 156, acc: 78.38, bacc: 50.60, tmp_test_f1: 32.26, f1: 52.22
epoch: 157, acc: 78.38, bacc: 50.60, tmp_test_f1: 32.26, f1: 52.22
epoch: 158, acc: 78.38, bacc: 50.60, tmp_test_f1: 32.26, f1: 52.22
epoch: 159, acc: 78.38, bacc: 50.60, tmp_test_f1: 32.26, f1: 52.22
epoch: 160, acc: 78.38, bacc: 50.60, tmp_test_f1: 32.26, f1: 52.22
epoch: 161, acc: 78.38, bacc: 50.60, tmp_test_f1: 31.87, f1: 52.22
epoch: 162, acc: 78.38, bacc: 50.60, tmp_test_f1: 31.87, f1: 52.22
epoch: 163, acc: 78.38, bacc: 50.60, tmp_test_f1: 31.87, f1: 52.22
epoch: 164, acc: 78.38, bacc: 50.60, tmp_test_f1: 31.87, f1: 52.22
epoch: 165, acc: 78.38, bacc: 50.60, tmp_test_f1: 31.87, f1: 52.22
epoch: 166, acc: 78.38, bacc: 50.60, tmp_test_f1: 31.87, f1: 52.22
epoch: 167, acc: 78.38, bacc: 50.60, tmp_test_f1: 31.87, f1: 52.22
epoch: 168, acc: 78.38, bacc: 50.60, tmp_test_f1: 31.87, f1: 52.22
epoch: 169, acc: 78.38, bacc: 50.60, tmp_test_f1: 31.87, f1: 52.22
epoch: 170, acc: 78.38, bacc: 50.60, tmp_test_f1: 31.87, f1: 52.22
epoch: 171, acc: 78.38, bacc: 50.60, tmp_test_f1: 31.87, f1: 52.22
epoch: 172, acc: 78.38, bacc: 50.60, tmp_test_f1: 31.87, f1: 52.22
epoch: 173, acc: 78.38, bacc: 50.60, tmp_test_f1: 31.87, f1: 52.22
epoch: 174, acc: 78.38, bacc: 50.60, tmp_test_f1: 26.62, f1: 52.22
epoch: 175, acc: 78.38, bacc: 50.60, tmp_test_f1: 26.62, f1: 52.22
epoch: 176, acc: 78.38, bacc: 50.60, tmp_test_f1: 26.62, f1: 52.22
epoch: 177, acc: 78.38, bacc: 50.60, tmp_test_f1: 26.62, f1: 52.22
epoch: 178, acc: 78.38, bacc: 50.60, tmp_test_f1: 26.62, f1: 52.22
epoch: 179, acc: 78.38, bacc: 50.60, tmp_test_f1: 26.62, f1: 52.22
epoch: 180, acc: 78.38, bacc: 50.60, tmp_test_f1: 26.62, f1: 52.22
epoch: 181, acc: 78.38, bacc: 50.60, tmp_test_f1: 26.62, f1: 52.22
epoch: 182, acc: 78.38, bacc: 50.60, tmp_test_f1: 26.62, f1: 52.22
epoch: 183, acc: 78.38, bacc: 50.60, tmp_test_f1: 26.62, f1: 52.22
epoch: 184, acc: 78.38, bacc: 50.60, tmp_test_f1: 26.62, f1: 52.22
epoch: 185, acc: 78.38, bacc: 50.60, tmp_test_f1: 26.62, f1: 52.22
epoch: 186, acc: 78.38, bacc: 50.60, tmp_test_f1: 26.62, f1: 52.22
epoch: 187, acc: 78.38, bacc: 50.60, tmp_test_f1: 31.87, f1: 52.22
epoch: 188, acc: 78.38, bacc: 50.60, tmp_test_f1: 31.87, f1: 52.22
epoch: 189, acc: 78.38, bacc: 50.60, tmp_test_f1: 31.87, f1: 52.22
epoch: 190, acc: 78.38, bacc: 50.60, tmp_test_f1: 31.87, f1: 52.22
epoch: 191, acc: 78.38, bacc: 50.60, tmp_test_f1: 31.87, f1: 52.22
epoch: 192, acc: 78.38, bacc: 50.60, tmp_test_f1: 31.87, f1: 52.22
epoch: 193, acc: 78.38, bacc: 50.60, tmp_test_f1: 31.87, f1: 52.22
epoch: 194, acc: 78.38, bacc: 50.60, tmp_test_f1: 26.62, f1: 52.22
epoch: 195, acc: 78.38, bacc: 50.60, tmp_test_f1: 26.62, f1: 52.22
epoch: 196, acc: 78.38, bacc: 50.60, tmp_test_f1: 31.87, f1: 52.22
epoch: 197, acc: 78.38, bacc: 50.60, tmp_test_f1: 31.87, f1: 52.22
epoch: 198, acc: 78.38, bacc: 50.60, tmp_test_f1: 32.26, f1: 52.22
epoch: 199, acc: 78.38, bacc: 50.60, tmp_test_f1: 32.26, f1: 52.22
epoch: 200, acc: 78.38, bacc: 50.60, tmp_test_f1: 27.00, f1: 52.22
Epoch 00201: reducing learning rate of group 0 to 5.0000e-02.
Epoch 00201: reducing learning rate of group 1 to 5.0000e-02.
epoch: 201, acc: 78.38, bacc: 50.60, tmp_test_f1: 27.00, f1: 52.22
epoch: 202, acc: 78.38, bacc: 50.60, tmp_test_f1: 27.00, f1: 52.22
epoch: 203, acc: 78.38, bacc: 50.60, tmp_test_f1: 27.00, f1: 52.22
epoch: 204, acc: 78.38, bacc: 50.60, tmp_test_f1: 27.00, f1: 52.22
epoch: 205, acc: 78.38, bacc: 50.60, tmp_test_f1: 27.00, f1: 52.22
epoch: 206, acc: 78.38, bacc: 50.60, tmp_test_f1: 32.26, f1: 52.22
epoch: 207, acc: 78.38, bacc: 50.60, tmp_test_f1: 32.26, f1: 52.22
epoch: 208, acc: 78.38, bacc: 50.60, tmp_test_f1: 32.26, f1: 52.22
epoch: 209, acc: 78.38, bacc: 50.60, tmp_test_f1: 32.26, f1: 52.22
epoch: 210, acc: 78.38, bacc: 50.60, tmp_test_f1: 32.26, f1: 52.22
epoch: 211, acc: 78.38, bacc: 50.60, tmp_test_f1: 32.26, f1: 52.22
epoch: 212, acc: 78.38, bacc: 50.60, tmp_test_f1: 32.26, f1: 52.22
epoch: 213, acc: 78.38, bacc: 50.60, tmp_test_f1: 32.26, f1: 52.22
epoch: 214, acc: 78.38, bacc: 50.60, tmp_test_f1: 27.40, f1: 52.22
epoch: 215, acc: 78.38, bacc: 50.60, tmp_test_f1: 27.40, f1: 52.22
epoch: 216, acc: 78.38, bacc: 50.60, tmp_test_f1: 27.40, f1: 52.22
epoch: 217, acc: 78.38, bacc: 50.60, tmp_test_f1: 27.00, f1: 52.22
epoch: 218, acc: 78.38, bacc: 50.60, tmp_test_f1: 27.00, f1: 52.22
epoch: 219, acc: 78.38, bacc: 50.60, tmp_test_f1: 27.00, f1: 52.22
epoch: 220, acc: 78.38, bacc: 50.60, tmp_test_f1: 27.00, f1: 52.22
epoch: 221, acc: 78.38, bacc: 50.60, tmp_test_f1: 27.00, f1: 52.22
epoch: 222, acc: 78.38, bacc: 50.60, tmp_test_f1: 27.00, f1: 52.22
epoch: 223, acc: 78.38, bacc: 50.60, tmp_test_f1: 27.00, f1: 52.22
epoch: 224, acc: 78.38, bacc: 50.60, tmp_test_f1: 27.00, f1: 52.22
epoch: 225, acc: 78.38, bacc: 50.60, tmp_test_f1: 27.00, f1: 52.22
epoch: 226, acc: 78.38, bacc: 50.60, tmp_test_f1: 27.00, f1: 52.22
epoch: 227, acc: 78.38, bacc: 50.60, tmp_test_f1: 27.00, f1: 52.22
epoch: 228, acc: 78.38, bacc: 50.60, tmp_test_f1: 27.00, f1: 52.22
epoch: 229, acc: 78.38, bacc: 50.60, tmp_test_f1: 27.00, f1: 52.22
epoch: 230, acc: 78.38, bacc: 50.60, tmp_test_f1: 27.00, f1: 52.22
epoch: 231, acc: 78.38, bacc: 50.60, tmp_test_f1: 27.00, f1: 52.22
epoch: 232, acc: 78.38, bacc: 50.60, tmp_test_f1: 27.00, f1: 52.22
epoch: 233, acc: 78.38, bacc: 50.60, tmp_test_f1: 27.00, f1: 52.22
epoch: 234, acc: 78.38, bacc: 50.60, tmp_test_f1: 27.00, f1: 52.22
epoch: 235, acc: 78.38, bacc: 50.60, tmp_test_f1: 27.00, f1: 52.22
epoch: 236, acc: 78.38, bacc: 50.60, tmp_test_f1: 27.00, f1: 52.22
epoch: 237, acc: 78.38, bacc: 50.60, tmp_test_f1: 27.00, f1: 52.22
epoch: 238, acc: 78.38, bacc: 50.60, tmp_test_f1: 27.00, f1: 52.22
epoch: 239, acc: 78.38, bacc: 50.60, tmp_test_f1: 27.00, f1: 52.22
epoch: 240, acc: 78.38, bacc: 50.60, tmp_test_f1: 27.00, f1: 52.22
epoch: 241, acc: 78.38, bacc: 50.60, tmp_test_f1: 27.00, f1: 52.22
epoch: 242, acc: 78.38, bacc: 50.60, tmp_test_f1: 27.00, f1: 52.22
epoch: 243, acc: 78.38, bacc: 50.60, tmp_test_f1: 27.00, f1: 52.22
epoch: 244, acc: 78.38, bacc: 50.60, tmp_test_f1: 27.00, f1: 52.22
epoch: 245, acc: 78.38, bacc: 50.60, tmp_test_f1: 27.00, f1: 52.22
epoch: 246, acc: 78.38, bacc: 50.60, tmp_test_f1: 27.00, f1: 52.22
epoch: 247, acc: 78.38, bacc: 50.60, tmp_test_f1: 27.00, f1: 52.22
epoch: 248, acc: 78.38, bacc: 50.60, tmp_test_f1: 27.00, f1: 52.22
epoch: 249, acc: 78.38, bacc: 50.60, tmp_test_f1: 27.00, f1: 52.22
epoch: 250, acc: 78.38, bacc: 50.60, tmp_test_f1: 27.00, f1: 52.22
epoch: 251, acc: 78.38, bacc: 50.60, tmp_test_f1: 27.00, f1: 52.22
epoch: 252, acc: 78.38, bacc: 50.60, tmp_test_f1: 27.00, f1: 52.22
epoch: 253, acc: 78.38, bacc: 50.60, tmp_test_f1: 27.00, f1: 52.22
epoch: 254, acc: 78.38, bacc: 50.60, tmp_test_f1: 27.00, f1: 52.22
epoch: 255, acc: 78.38, bacc: 50.60, tmp_test_f1: 26.62, f1: 52.22
epoch: 256, acc: 78.38, bacc: 50.60, tmp_test_f1: 26.62, f1: 52.22
epoch: 257, acc: 78.38, bacc: 50.60, tmp_test_f1: 20.00, f1: 52.22
epoch: 258, acc: 78.38, bacc: 50.60, tmp_test_f1: 20.00, f1: 52.22
epoch: 259, acc: 78.38, bacc: 50.60, tmp_test_f1: 20.00, f1: 52.22
epoch: 260, acc: 78.38, bacc: 50.60, tmp_test_f1: 20.00, f1: 52.22
epoch: 261, acc: 78.38, bacc: 50.60, tmp_test_f1: 20.00, f1: 52.22
epoch: 262, acc: 78.38, bacc: 50.60, tmp_test_f1: 20.00, f1: 52.22
epoch: 263, acc: 78.38, bacc: 50.60, tmp_test_f1: 20.00, f1: 52.22
epoch: 264, acc: 78.38, bacc: 50.60, tmp_test_f1: 20.00, f1: 52.22
epoch: 265, acc: 78.38, bacc: 50.60, tmp_test_f1: 19.64, f1: 52.22
epoch: 266, acc: 78.38, bacc: 50.60, tmp_test_f1: 19.64, f1: 52.22
epoch: 267, acc: 78.38, bacc: 50.60, tmp_test_f1: 20.00, f1: 52.22
epoch: 268, acc: 78.38, bacc: 50.60, tmp_test_f1: 20.00, f1: 52.22
epoch: 269, acc: 78.38, bacc: 50.60, tmp_test_f1: 20.00, f1: 52.22
epoch: 270, acc: 78.38, bacc: 50.60, tmp_test_f1: 20.00, f1: 52.22
epoch: 271, acc: 78.38, bacc: 50.60, tmp_test_f1: 20.00, f1: 52.22
epoch: 272, acc: 78.38, bacc: 50.60, tmp_test_f1: 20.00, f1: 52.22
epoch: 273, acc: 78.38, bacc: 50.60, tmp_test_f1: 20.00, f1: 52.22
epoch: 274, acc: 78.38, bacc: 50.60, tmp_test_f1: 20.00, f1: 52.22
epoch: 275, acc: 78.38, bacc: 50.60, tmp_test_f1: 20.00, f1: 52.22
epoch: 276, acc: 78.38, bacc: 50.60, tmp_test_f1: 19.64, f1: 52.22
epoch: 277, acc: 78.38, bacc: 50.60, tmp_test_f1: 19.64, f1: 52.22
epoch: 278, acc: 78.38, bacc: 50.60, tmp_test_f1: 19.64, f1: 52.22
epoch: 279, acc: 78.38, bacc: 50.60, tmp_test_f1: 20.00, f1: 52.22
epoch: 280, acc: 78.38, bacc: 50.60, tmp_test_f1: 19.64, f1: 52.22
epoch: 281, acc: 78.38, bacc: 50.60, tmp_test_f1: 19.64, f1: 52.22
epoch: 282, acc: 78.38, bacc: 50.60, tmp_test_f1: 20.00, f1: 52.22
epoch: 283, acc: 78.38, bacc: 50.60, tmp_test_f1: 20.00, f1: 52.22
epoch: 284, acc: 78.38, bacc: 50.60, tmp_test_f1: 20.00, f1: 52.22
epoch: 285, acc: 78.38, bacc: 50.60, tmp_test_f1: 20.00, f1: 52.22
epoch: 286, acc: 78.38, bacc: 50.60, tmp_test_f1: 20.00, f1: 52.22
epoch: 287, acc: 78.38, bacc: 50.60, tmp_test_f1: 20.00, f1: 52.22
epoch: 288, acc: 78.38, bacc: 50.60, tmp_test_f1: 20.00, f1: 52.22
epoch: 289, acc: 78.38, bacc: 50.60, tmp_test_f1: 20.00, f1: 52.22
epoch: 290, acc: 78.38, bacc: 50.60, tmp_test_f1: 20.00, f1: 52.22
epoch: 291, acc: 78.38, bacc: 50.60, tmp_test_f1: 26.62, f1: 52.22
epoch: 292, acc: 78.38, bacc: 50.60, tmp_test_f1: 26.62, f1: 52.22
epoch: 293, acc: 78.38, bacc: 50.60, tmp_test_f1: 31.87, f1: 52.22
epoch: 294, acc: 78.38, bacc: 50.60, tmp_test_f1: 20.37, f1: 52.22
epoch: 295, acc: 78.38, bacc: 50.60, tmp_test_f1: 20.37, f1: 52.22
epoch: 296, acc: 78.38, bacc: 50.60, tmp_test_f1: 20.37, f1: 52.22
epoch: 297, acc: 78.38, bacc: 50.60, tmp_test_f1: 20.00, f1: 52.22
epoch: 298, acc: 78.38, bacc: 50.60, tmp_test_f1: 20.37, f1: 52.22
epoch: 299, acc: 78.38, bacc: 50.60, tmp_test_f1: 20.37, f1: 52.22
epoch: 300, acc: 78.38, bacc: 50.60, tmp_test_f1: 20.37, f1: 52.22
epoch: 301, acc: 78.38, bacc: 50.60, tmp_test_f1: 20.37, f1: 52.22
epoch: 302, acc: 78.38, bacc: 50.60, tmp_test_f1: 20.37, f1: 52.22
epoch: 303, acc: 78.38, bacc: 50.60, tmp_test_f1: 26.62, f1: 52.22
epoch: 304, acc: 78.38, bacc: 50.60, tmp_test_f1: 26.62, f1: 52.22
epoch: 305, acc: 78.38, bacc: 50.60, tmp_test_f1: 26.62, f1: 52.22
epoch: 306, acc: 78.38, bacc: 50.60, tmp_test_f1: 26.62, f1: 52.22
epoch: 307, acc: 78.38, bacc: 50.60, tmp_test_f1: 31.87, f1: 52.22
epoch: 308, acc: 78.38, bacc: 50.60, tmp_test_f1: 31.87, f1: 52.22
epoch: 309, acc: 78.38, bacc: 50.60, tmp_test_f1: 31.87, f1: 52.22
epoch: 310, acc: 78.38, bacc: 50.60, tmp_test_f1: 31.87, f1: 52.22
epoch: 311, acc: 78.38, bacc: 50.60, tmp_test_f1: 31.87, f1: 52.22
epoch: 312, acc: 78.38, bacc: 50.60, tmp_test_f1: 31.87, f1: 52.22
epoch: 313, acc: 78.38, bacc: 50.60, tmp_test_f1: 31.87, f1: 52.22
epoch: 314, acc: 78.38, bacc: 50.60, tmp_test_f1: 31.87, f1: 52.22
epoch: 315, acc: 78.38, bacc: 50.60, tmp_test_f1: 20.37, f1: 52.22
epoch: 316, acc: 78.38, bacc: 50.60, tmp_test_f1: 19.64, f1: 52.22
epoch: 317, acc: 78.38, bacc: 50.60, tmp_test_f1: 19.64, f1: 52.22
epoch: 318, acc: 78.38, bacc: 50.60, tmp_test_f1: 19.64, f1: 52.22
epoch: 319, acc: 78.38, bacc: 50.60, tmp_test_f1: 19.64, f1: 52.22
epoch: 320, acc: 78.38, bacc: 50.60, tmp_test_f1: 19.64, f1: 52.22
epoch: 321, acc: 78.38, bacc: 50.60, tmp_test_f1: 19.64, f1: 52.22
epoch: 322, acc: 78.38, bacc: 50.60, tmp_test_f1: 19.64, f1: 52.22
epoch: 323, acc: 78.38, bacc: 50.60, tmp_test_f1: 19.64, f1: 52.22
epoch: 324, acc: 78.38, bacc: 50.60, tmp_test_f1: 26.25, f1: 52.22
epoch: 325, acc: 78.38, bacc: 50.60, tmp_test_f1: 26.25, f1: 52.22
epoch: 326, acc: 78.38, bacc: 50.60, tmp_test_f1: 26.25, f1: 52.22
epoch: 327, acc: 78.38, bacc: 50.60, tmp_test_f1: 20.00, f1: 52.22
epoch: 328, acc: 78.38, bacc: 50.60, tmp_test_f1: 20.00, f1: 52.22
epoch: 329, acc: 78.38, bacc: 50.60, tmp_test_f1: 20.00, f1: 52.22
epoch: 330, acc: 78.38, bacc: 50.60, tmp_test_f1: 20.37, f1: 52.22
epoch: 331, acc: 78.38, bacc: 50.60, tmp_test_f1: 31.57, f1: 52.22
epoch: 332, acc: 78.38, bacc: 50.60, tmp_test_f1: 31.57, f1: 52.22
epoch: 333, acc: 78.38, bacc: 50.60, tmp_test_f1: 31.57, f1: 52.22
epoch: 334, acc: 78.38, bacc: 50.60, tmp_test_f1: 31.57, f1: 52.22
epoch: 335, acc: 78.38, bacc: 50.60, tmp_test_f1: 31.57, f1: 52.22
epoch: 336, acc: 78.38, bacc: 50.60, tmp_test_f1: 27.00, f1: 52.22
epoch: 337, acc: 78.38, bacc: 50.60, tmp_test_f1: 20.00, f1: 52.22
epoch: 338, acc: 78.38, bacc: 50.60, tmp_test_f1: 20.00, f1: 52.22
epoch: 339, acc: 78.38, bacc: 50.60, tmp_test_f1: 20.00, f1: 52.22
epoch: 340, acc: 78.38, bacc: 50.60, tmp_test_f1: 20.00, f1: 52.22
epoch: 341, acc: 78.38, bacc: 50.60, tmp_test_f1: 20.00, f1: 52.22
epoch: 342, acc: 78.38, bacc: 50.60, tmp_test_f1: 20.00, f1: 52.22
epoch: 343, acc: 78.38, bacc: 50.60, tmp_test_f1: 20.00, f1: 52.22
epoch: 344, acc: 78.38, bacc: 50.60, tmp_test_f1: 20.00, f1: 52.22
epoch: 345, acc: 78.38, bacc: 50.60, tmp_test_f1: 20.00, f1: 52.22
epoch: 346, acc: 78.38, bacc: 50.60, tmp_test_f1: 20.00, f1: 52.22
epoch: 347, acc: 78.38, bacc: 50.60, tmp_test_f1: 20.00, f1: 52.22
epoch: 348, acc: 78.38, bacc: 50.60, tmp_test_f1: 20.00, f1: 52.22
epoch: 349, acc: 78.38, bacc: 50.60, tmp_test_f1: 20.00, f1: 52.22
epoch: 350, acc: 78.38, bacc: 50.60, tmp_test_f1: 20.00, f1: 52.22
epoch: 351, acc: 78.38, bacc: 50.60, tmp_test_f1: 20.00, f1: 52.22
epoch: 352, acc: 78.38, bacc: 50.60, tmp_test_f1: 26.62, f1: 52.22
epoch: 353, acc: 78.38, bacc: 50.60, tmp_test_f1: 27.00, f1: 52.22
epoch: 354, acc: 78.38, bacc: 50.60, tmp_test_f1: 27.00, f1: 52.22
epoch: 355, acc: 78.38, bacc: 50.60, tmp_test_f1: 20.75, f1: 52.22
epoch: 356, acc: 78.38, bacc: 50.60, tmp_test_f1: 20.75, f1: 52.22
epoch: 357, acc: 78.38, bacc: 50.60, tmp_test_f1: 20.75, f1: 52.22
epoch: 358, acc: 78.38, bacc: 50.60, tmp_test_f1: 20.75, f1: 52.22
epoch: 359, acc: 78.38, bacc: 50.60, tmp_test_f1: 20.75, f1: 52.22
epoch: 360, acc: 78.38, bacc: 50.60, tmp_test_f1: 27.40, f1: 52.22
epoch: 361, acc: 78.38, bacc: 50.60, tmp_test_f1: 27.40, f1: 52.22
epoch: 362, acc: 78.38, bacc: 50.60, tmp_test_f1: 27.40, f1: 52.22
epoch: 363, acc: 78.38, bacc: 50.60, tmp_test_f1: 27.82, f1: 52.22
epoch: 364, acc: 78.38, bacc: 50.60, tmp_test_f1: 27.82, f1: 52.22
epoch: 365, acc: 78.38, bacc: 50.60, tmp_test_f1: 27.82, f1: 52.22
epoch: 366, acc: 78.38, bacc: 50.60, tmp_test_f1: 27.40, f1: 52.22
epoch: 367, acc: 78.38, bacc: 50.60, tmp_test_f1: 20.75, f1: 52.22
epoch: 368, acc: 78.38, bacc: 50.60, tmp_test_f1: 27.00, f1: 52.22
epoch: 369, acc: 78.38, bacc: 50.60, tmp_test_f1: 27.00, f1: 52.22
epoch: 370, acc: 78.38, bacc: 50.60, tmp_test_f1: 27.00, f1: 52.22
epoch: 371, acc: 78.38, bacc: 50.60, tmp_test_f1: 26.71, f1: 52.22
epoch: 372, acc: 78.38, bacc: 50.60, tmp_test_f1: 26.71, f1: 52.22
epoch: 373, acc: 78.38, bacc: 50.60, tmp_test_f1: 26.71, f1: 52.22
epoch: 374, acc: 78.38, bacc: 50.60, tmp_test_f1: 26.71, f1: 52.22
epoch: 375, acc: 78.38, bacc: 50.60, tmp_test_f1: 27.00, f1: 52.22
epoch: 376, acc: 78.38, bacc: 50.60, tmp_test_f1: 20.37, f1: 52.22
epoch: 377, acc: 78.38, bacc: 50.60, tmp_test_f1: 20.37, f1: 52.22
epoch: 378, acc: 78.38, bacc: 50.60, tmp_test_f1: 20.37, f1: 52.22
epoch: 379, acc: 78.38, bacc: 50.60, tmp_test_f1: 26.62, f1: 52.22
epoch: 380, acc: 78.38, bacc: 50.60, tmp_test_f1: 26.62, f1: 52.22
epoch: 381, acc: 78.38, bacc: 50.60, tmp_test_f1: 26.25, f1: 52.22
epoch: 382, acc: 78.38, bacc: 50.60, tmp_test_f1: 26.25, f1: 52.22
epoch: 383, acc: 78.38, bacc: 50.60, tmp_test_f1: 26.25, f1: 52.22
epoch: 384, acc: 78.38, bacc: 50.60, tmp_test_f1: 26.25, f1: 52.22
epoch: 385, acc: 78.38, bacc: 50.60, tmp_test_f1: 26.25, f1: 52.22
epoch: 386, acc: 78.38, bacc: 50.60, tmp_test_f1: 19.64, f1: 52.22
epoch: 387, acc: 78.38, bacc: 50.60, tmp_test_f1: 19.64, f1: 52.22
epoch: 388, acc: 78.38, bacc: 50.60, tmp_test_f1: 19.64, f1: 52.22
epoch: 389, acc: 78.38, bacc: 50.60, tmp_test_f1: 19.64, f1: 52.22
epoch: 390, acc: 78.38, bacc: 50.60, tmp_test_f1: 19.64, f1: 52.22
epoch: 391, acc: 78.38, bacc: 50.60, tmp_test_f1: 19.64, f1: 52.22
epoch: 392, acc: 78.38, bacc: 50.60, tmp_test_f1: 19.64, f1: 52.22
epoch: 393, acc: 78.38, bacc: 50.60, tmp_test_f1: 19.64, f1: 52.22
epoch: 394, acc: 78.38, bacc: 50.60, tmp_test_f1: 19.64, f1: 52.22
epoch: 395, acc: 78.38, bacc: 50.60, tmp_test_f1: 19.64, f1: 52.22
epoch: 396, acc: 78.38, bacc: 50.60, tmp_test_f1: 19.64, f1: 52.22
epoch: 397, acc: 78.38, bacc: 50.60, tmp_test_f1: 19.64, f1: 52.22
epoch: 398, acc: 78.38, bacc: 50.60, tmp_test_f1: 19.64, f1: 52.22
epoch: 399, acc: 78.38, bacc: 50.60, tmp_test_f1: 19.64, f1: 52.22
epoch: 400, acc: 78.38, bacc: 50.60, tmp_test_f1: 19.64, f1: 52.22
epoch: 401, acc: 78.38, bacc: 50.60, tmp_test_f1: 19.64, f1: 52.22
Epoch 00402: reducing learning rate of group 0 to 2.5000e-02.
Epoch 00402: reducing learning rate of group 1 to 2.5000e-02.
epoch: 402, acc: 78.38, bacc: 50.60, tmp_test_f1: 19.64, f1: 52.22
epoch: 403, acc: 78.38, bacc: 50.60, tmp_test_f1: 19.64, f1: 52.22
epoch: 404, acc: 78.38, bacc: 50.60, tmp_test_f1: 19.64, f1: 52.22
epoch: 405, acc: 78.38, bacc: 50.60, tmp_test_f1: 20.00, f1: 52.22
epoch: 406, acc: 78.38, bacc: 50.60, tmp_test_f1: 20.00, f1: 52.22
epoch: 407, acc: 78.38, bacc: 50.60, tmp_test_f1: 20.00, f1: 52.22
epoch: 408, acc: 78.38, bacc: 50.60, tmp_test_f1: 20.00, f1: 52.22
epoch: 409, acc: 78.38, bacc: 50.60, tmp_test_f1: 20.00, f1: 52.22
epoch: 410, acc: 78.38, bacc: 50.60, tmp_test_f1: 20.00, f1: 52.22
epoch: 411, acc: 78.38, bacc: 50.60, tmp_test_f1: 20.00, f1: 52.22
epoch: 412, acc: 78.38, bacc: 50.60, tmp_test_f1: 20.00, f1: 52.22
epoch: 413, acc: 78.38, bacc: 50.60, tmp_test_f1: 20.00, f1: 52.22
epoch: 414, acc: 78.38, bacc: 50.60, tmp_test_f1: 20.00, f1: 52.22
epoch: 415, acc: 78.38, bacc: 50.60, tmp_test_f1: 20.00, f1: 52.22
epoch: 416, acc: 78.38, bacc: 50.60, tmp_test_f1: 20.00, f1: 52.22
epoch: 417, acc: 78.38, bacc: 50.60, tmp_test_f1: 20.00, f1: 52.22
epoch: 418, acc: 78.38, bacc: 50.60, tmp_test_f1: 20.00, f1: 52.22
epoch: 419, acc: 78.38, bacc: 50.60, tmp_test_f1: 20.00, f1: 52.22
epoch: 420, acc: 78.38, bacc: 50.60, tmp_test_f1: 20.00, f1: 52.22
epoch: 421, acc: 78.38, bacc: 50.60, tmp_test_f1: 20.00, f1: 52.22
epoch: 422, acc: 78.38, bacc: 50.60, tmp_test_f1: 20.00, f1: 52.22
epoch: 423, acc: 78.38, bacc: 50.60, tmp_test_f1: 20.00, f1: 52.22
epoch: 424, acc: 78.38, bacc: 50.60, tmp_test_f1: 20.00, f1: 52.22
epoch: 425, acc: 78.38, bacc: 50.60, tmp_test_f1: 20.00, f1: 52.22
epoch: 426, acc: 78.38, bacc: 50.60, tmp_test_f1: 20.00, f1: 52.22
epoch: 427, acc: 78.38, bacc: 50.60, tmp_test_f1: 20.00, f1: 52.22
epoch: 428, acc: 78.38, bacc: 50.60, tmp_test_f1: 20.00, f1: 52.22
epoch: 429, acc: 78.38, bacc: 50.60, tmp_test_f1: 20.00, f1: 52.22
epoch: 430, acc: 78.38, bacc: 50.60, tmp_test_f1: 20.00, f1: 52.22
epoch: 431, acc: 78.38, bacc: 50.60, tmp_test_f1: 20.00, f1: 52.22
epoch: 432, acc: 78.38, bacc: 50.60, tmp_test_f1: 20.00, f1: 52.22
epoch: 433, acc: 78.38, bacc: 50.60, tmp_test_f1: 20.00, f1: 52.22
epoch: 434, acc: 78.38, bacc: 50.60, tmp_test_f1: 20.00, f1: 52.22
epoch: 435, acc: 78.38, bacc: 50.60, tmp_test_f1: 19.64, f1: 52.22
epoch: 436, acc: 78.38, bacc: 50.60, tmp_test_f1: 19.64, f1: 52.22
epoch: 437, acc: 78.38, bacc: 50.60, tmp_test_f1: 19.64, f1: 52.22
epoch: 438, acc: 78.38, bacc: 50.60, tmp_test_f1: 19.64, f1: 52.22
epoch: 439, acc: 78.38, bacc: 50.60, tmp_test_f1: 19.64, f1: 52.22
epoch: 440, acc: 78.38, bacc: 50.60, tmp_test_f1: 19.64, f1: 52.22
epoch: 441, acc: 78.38, bacc: 50.60, tmp_test_f1: 19.64, f1: 52.22
epoch: 442, acc: 78.38, bacc: 50.60, tmp_test_f1: 19.64, f1: 52.22
epoch: 443, acc: 78.38, bacc: 50.60, tmp_test_f1: 19.64, f1: 52.22
epoch: 444, acc: 78.38, bacc: 50.60, tmp_test_f1: 19.64, f1: 52.22
epoch: 445, acc: 78.38, bacc: 50.60, tmp_test_f1: 19.64, f1: 52.22
epoch: 446, acc: 78.38, bacc: 50.60, tmp_test_f1: 19.64, f1: 52.22
epoch: 447, acc: 78.38, bacc: 50.60, tmp_test_f1: 19.64, f1: 52.22
epoch: 448, acc: 78.38, bacc: 50.60, tmp_test_f1: 19.64, f1: 52.22
epoch: 449, acc: 78.38, bacc: 50.60, tmp_test_f1: 19.64, f1: 52.22
epoch: 450, acc: 78.38, bacc: 50.60, tmp_test_f1: 19.64, f1: 52.22
epoch: 451, acc: 78.38, bacc: 50.60, tmp_test_f1: 19.64, f1: 52.22
epoch: 452, acc: 78.38, bacc: 50.60, tmp_test_f1: 19.64, f1: 52.22
epoch: 453, acc: 78.38, bacc: 50.60, tmp_test_f1: 19.64, f1: 52.22
epoch: 454, acc: 78.38, bacc: 50.60, tmp_test_f1: 19.64, f1: 52.22
epoch: 455, acc: 78.38, bacc: 50.60, tmp_test_f1: 26.62, f1: 52.22
epoch: 456, acc: 78.38, bacc: 50.60, tmp_test_f1: 27.00, f1: 52.22
epoch: 457, acc: 78.38, bacc: 50.60, tmp_test_f1: 27.00, f1: 52.22
epoch: 458, acc: 78.38, bacc: 50.60, tmp_test_f1: 27.00, f1: 52.22
epoch: 459, acc: 78.38, bacc: 50.60, tmp_test_f1: 27.00, f1: 52.22
epoch: 460, acc: 78.38, bacc: 50.60, tmp_test_f1: 27.00, f1: 52.22
epoch: 461, acc: 78.38, bacc: 50.60, tmp_test_f1: 32.26, f1: 52.22
epoch: 462, acc: 78.38, bacc: 50.60, tmp_test_f1: 27.00, f1: 52.22
epoch: 463, acc: 78.38, bacc: 50.60, tmp_test_f1: 27.00, f1: 52.22
epoch: 464, acc: 78.38, bacc: 50.60, tmp_test_f1: 27.00, f1: 52.22
epoch: 465, acc: 78.38, bacc: 50.60, tmp_test_f1: 26.62, f1: 52.22
epoch: 466, acc: 78.38, bacc: 50.60, tmp_test_f1: 26.62, f1: 52.22
epoch: 467, acc: 78.38, bacc: 50.60, tmp_test_f1: 26.62, f1: 52.22
epoch: 468, acc: 78.38, bacc: 50.60, tmp_test_f1: 26.62, f1: 52.22
epoch: 469, acc: 78.38, bacc: 50.60, tmp_test_f1: 26.62, f1: 52.22
epoch: 470, acc: 78.38, bacc: 50.60, tmp_test_f1: 26.62, f1: 52.22
epoch: 471, acc: 78.38, bacc: 50.60, tmp_test_f1: 26.62, f1: 52.22
epoch: 472, acc: 78.38, bacc: 50.60, tmp_test_f1: 26.62, f1: 52.22
epoch: 473, acc: 78.38, bacc: 50.60, tmp_test_f1: 26.62, f1: 52.22
epoch: 474, acc: 78.38, bacc: 50.60, tmp_test_f1: 26.62, f1: 52.22
epoch: 475, acc: 78.38, bacc: 50.60, tmp_test_f1: 26.62, f1: 52.22
epoch: 476, acc: 78.38, bacc: 50.60, tmp_test_f1: 26.62, f1: 52.22
epoch: 477, acc: 78.38, bacc: 50.60, tmp_test_f1: 26.62, f1: 52.22
epoch: 478, acc: 78.38, bacc: 50.60, tmp_test_f1: 26.62, f1: 52.22
epoch: 479, acc: 78.38, bacc: 50.60, tmp_test_f1: 26.62, f1: 52.22
epoch: 480, acc: 78.38, bacc: 50.60, tmp_test_f1: 26.62, f1: 52.22
epoch: 481, acc: 78.38, bacc: 50.60, tmp_test_f1: 26.62, f1: 52.22
epoch: 482, acc: 78.38, bacc: 50.60, tmp_test_f1: 26.62, f1: 52.22
epoch: 483, acc: 78.38, bacc: 50.60, tmp_test_f1: 26.62, f1: 52.22
epoch: 484, acc: 78.38, bacc: 50.60, tmp_test_f1: 26.62, f1: 52.22
epoch: 485, acc: 78.38, bacc: 50.60, tmp_test_f1: 26.62, f1: 52.22
epoch: 486, acc: 78.38, bacc: 50.60, tmp_test_f1: 26.62, f1: 52.22
epoch: 487, acc: 78.38, bacc: 50.60, tmp_test_f1: 26.62, f1: 52.22
epoch: 488, acc: 78.38, bacc: 50.60, tmp_test_f1: 26.62, f1: 52.22
epoch: 489, acc: 78.38, bacc: 50.60, tmp_test_f1: 26.62, f1: 52.22
epoch: 490, acc: 78.38, bacc: 50.60, tmp_test_f1: 26.62, f1: 52.22
epoch: 491, acc: 78.38, bacc: 50.60, tmp_test_f1: 26.62, f1: 52.22
epoch: 492, acc: 78.38, bacc: 50.60, tmp_test_f1: 26.62, f1: 52.22
epoch: 493, acc: 78.38, bacc: 50.60, tmp_test_f1: 26.62, f1: 52.22
epoch: 494, acc: 78.38, bacc: 50.60, tmp_test_f1: 26.62, f1: 52.22
epoch: 495, acc: 78.38, bacc: 50.60, tmp_test_f1: 26.62, f1: 52.22
