CUDA Device Index: 0
Namespace(IsDirectedData=False, AugDirect=2311, net='SAGE', GPUdevice=0, seed=100, undirect_dataset='Amazon-Computers', Direct_dataset='WikipediaNetwork/squirrel', imb_ratio=100, dropout=0.1, num_filter=2, layer=2, alpha=0.1, K=2, feat_dim=64, warmup=5, epoch=1500, lr=0.1, l2=0.0005, tau=2, max=False, no_mask=False, gdc='ppr', heads=8, log_root='../logs/', log_path='test', data_path='../dataset/data/tmp/')
GraphSAGE2(
  (conv1): SAGEConv(767, 64)
  (conv2): SAGEConv(64, 10)
)
test_f1 CountNotImproved reset to 0 in epoch 0
epoch:   0, val_loss:2.306656, acc: 1.14, bacc: 10.08, tmp_test_f1: 0.49, f1: 0.49
epoch:   1, val_loss:2.764404, acc: 1.14, bacc: 10.08, tmp_test_f1: 0.49, f1: 0.49
test_f1 CountNotImproved reset to 0 in epoch 2
epoch:   2, val_loss:4.490776, acc: 9.47, bacc: 10.00, tmp_test_f1: 1.73, f1: 1.73
test_f1 CountNotImproved reset to 0 in epoch 3
epoch:   3, val_loss:2.826637, acc: 15.87, bacc: 10.00, tmp_test_f1: 2.74, f1: 2.74
epoch:   4, val_loss:2.366102, acc: 15.87, bacc: 10.00, tmp_test_f1: 2.74, f1: 2.74
epoch:   5, val_loss:2.371043, acc: 15.87, bacc: 10.00, tmp_test_f1: 2.74, f1: 2.74
epoch:   6, val_loss:2.453246, acc: 15.87, bacc: 10.00, tmp_test_f1: 2.74, f1: 2.74
epoch:   7, val_loss:2.488711, acc: 15.87, bacc: 10.00, tmp_test_f1: 0.51, f1: 2.74
epoch:   8, val_loss:2.456772, acc: 15.87, bacc: 10.00, tmp_test_f1: 0.17, f1: 2.74
epoch:   9, val_loss:2.431619, acc: 15.87, bacc: 10.00, tmp_test_f1: 0.17, f1: 2.74
epoch:  10, val_loss:2.428157, acc: 15.87, bacc: 10.00, tmp_test_f1: 0.17, f1: 2.74
epoch:  11, val_loss:2.447987, acc: 15.87, bacc: 10.00, tmp_test_f1: 0.17, f1: 2.74
epoch:  12, val_loss:2.470470, acc: 15.87, bacc: 10.00, tmp_test_f1: 0.17, f1: 2.74
epoch:  13, val_loss:2.461040, acc: 15.87, bacc: 10.00, tmp_test_f1: 0.17, f1: 2.74
epoch:  14, val_loss:2.452676, acc: 15.87, bacc: 10.00, tmp_test_f1: 0.17, f1: 2.74
epoch:  15, val_loss:2.426330, acc: 15.87, bacc: 10.00, tmp_test_f1: 0.17, f1: 2.74
epoch:  16, val_loss:2.416922, acc: 15.87, bacc: 10.00, tmp_test_f1: 0.17, f1: 2.74
epoch:  17, val_loss:2.417022, acc: 15.87, bacc: 10.00, tmp_test_f1: 0.17, f1: 2.74
epoch:  18, val_loss:2.411331, acc: 15.87, bacc: 10.00, tmp_test_f1: 0.22, f1: 2.74
epoch:  19, val_loss:2.377673, acc: 15.87, bacc: 10.00, tmp_test_f1: 1.88, f1: 2.74
test_f1 CountNotImproved reset to 0 in epoch 20
epoch:  20, val_loss:2.341204, acc: 5.27, bacc: 12.77, tmp_test_f1: 4.50, f1: 4.50
test_f1 CountNotImproved reset to 0 in epoch 21
epoch:  21, val_loss:2.311899, acc: 7.40, bacc: 14.12, tmp_test_f1: 5.71, f1: 5.71
epoch:  22, val_loss:2.330761, acc: 7.40, bacc: 14.12, tmp_test_f1: 4.88, f1: 5.71
epoch:  23, val_loss:2.354108, acc: 7.40, bacc: 14.12, tmp_test_f1: 5.65, f1: 5.71
test_f1 CountNotImproved reset to 0 in epoch 24
epoch:  24, val_loss:2.291060, acc: 12.64, bacc: 17.41, tmp_test_f1: 6.11, f1: 6.11
test_f1 CountNotImproved reset to 0 in epoch 25
epoch:  25, val_loss:2.211894, acc: 9.25, bacc: 15.28, tmp_test_f1: 6.26, f1: 6.26
epoch:  26, val_loss:2.213640, acc: 9.25, bacc: 15.28, tmp_test_f1: 6.18, f1: 6.26
epoch:  27, val_loss:2.228969, acc: 9.25, bacc: 15.28, tmp_test_f1: 5.43, f1: 6.26
epoch:  28, val_loss:2.169895, acc: 9.25, bacc: 15.28, tmp_test_f1: 5.95, f1: 6.26
test_f1 CountNotImproved reset to 0 in epoch 29
epoch:  29, val_loss:2.139725, acc: 13.67, bacc: 19.35, tmp_test_f1: 7.90, f1: 7.90
test_f1 CountNotImproved reset to 0 in epoch 30
epoch:  30, val_loss:2.132143, acc: 16.75, bacc: 27.22, tmp_test_f1: 13.77, f1: 13.77
test_f1 CountNotImproved reset to 0 in epoch 31
epoch:  31, val_loss:2.107929, acc: 11.04, bacc: 24.08, tmp_test_f1: 14.18, f1: 14.18
epoch:  32, val_loss:2.125771, acc: 11.04, bacc: 24.08, tmp_test_f1: 13.58, f1: 14.18
epoch:  33, val_loss:2.013837, acc: 11.04, bacc: 24.08, tmp_test_f1: 10.15, f1: 14.18
epoch:  34, val_loss:2.086811, acc: 11.04, bacc: 24.08, tmp_test_f1: 14.15, f1: 14.18
epoch:  35, val_loss:1.968210, acc: 11.04, bacc: 24.08, tmp_test_f1: 13.92, f1: 14.18
test_f1 CountNotImproved reset to 0 in epoch 36
epoch:  36, val_loss:1.937411, acc: 11.73, bacc: 24.52, tmp_test_f1: 14.27, f1: 14.27
epoch:  37, val_loss:2.055113, acc: 11.73, bacc: 24.52, tmp_test_f1: 12.72, f1: 14.27
epoch:  38, val_loss:1.915068, acc: 11.73, bacc: 24.52, tmp_test_f1: 11.89, f1: 14.27
epoch:  39, val_loss:1.932851, acc: 11.73, bacc: 24.52, tmp_test_f1: 14.16, f1: 14.27
test_f1 CountNotImproved reset to 0 in epoch 40
epoch:  40, val_loss:1.959442, acc: 17.85, bacc: 28.53, tmp_test_f1: 14.27, f1: 14.27
epoch:  41, val_loss:1.884812, acc: 17.85, bacc: 28.53, tmp_test_f1: 14.25, f1: 14.27
test_f1 CountNotImproved reset to 0 in epoch 42
epoch:  42, val_loss:1.858597, acc: 25.71, bacc: 33.86, tmp_test_f1: 19.76, f1: 19.76
epoch:  43, val_loss:1.798385, acc: 25.71, bacc: 33.86, tmp_test_f1: 14.58, f1: 19.76
epoch:  44, val_loss:1.894236, acc: 25.71, bacc: 33.86, tmp_test_f1: 14.04, f1: 19.76
epoch:  45, val_loss:1.802201, acc: 25.71, bacc: 33.86, tmp_test_f1: 11.65, f1: 19.76
epoch:  46, val_loss:1.697438, acc: 25.71, bacc: 33.86, tmp_test_f1: 14.51, f1: 19.76
epoch:  47, val_loss:1.765470, acc: 25.71, bacc: 33.86, tmp_test_f1: 14.51, f1: 19.76
epoch:  48, val_loss:1.745705, acc: 25.71, bacc: 33.86, tmp_test_f1: 19.37, f1: 19.76
epoch:  49, val_loss:1.706286, acc: 25.71, bacc: 33.86, tmp_test_f1: 14.35, f1: 19.76
test_f1 CountNotImproved reset to 0 in epoch 50
epoch:  50, val_loss:1.693135, acc: 22.63, bacc: 38.37, tmp_test_f1: 22.11, f1: 22.11
epoch:  51, val_loss:1.597436, acc: 22.63, bacc: 38.37, tmp_test_f1: 16.63, f1: 22.11
epoch:  52, val_loss:1.752203, acc: 22.63, bacc: 38.37, tmp_test_f1: 17.09, f1: 22.11
epoch:  53, val_loss:1.668464, acc: 22.63, bacc: 38.37, tmp_test_f1: 15.93, f1: 22.11
epoch:  54, val_loss:1.553391, acc: 22.63, bacc: 38.37, tmp_test_f1: 18.03, f1: 22.11
test_f1 CountNotImproved reset to 0 in epoch 55
epoch:  55, val_loss:1.680604, acc: 27.19, bacc: 40.33, tmp_test_f1: 26.84, f1: 26.84
test_f1 CountNotImproved reset to 0 in epoch 56
epoch:  56, val_loss:1.506135, acc: 44.41, bacc: 44.66, tmp_test_f1: 30.76, f1: 30.76
epoch:  57, val_loss:1.563164, acc: 44.41, bacc: 44.66, tmp_test_f1: 17.18, f1: 30.76
epoch:  58, val_loss:1.735575, acc: 44.41, bacc: 44.66, tmp_test_f1: 22.37, f1: 30.76
epoch:  59, val_loss:1.508382, acc: 44.41, bacc: 44.66, tmp_test_f1: 15.74, f1: 30.76
test_f1 CountNotImproved reset to 0 in epoch 60
epoch:  60, val_loss:1.671488, acc: 45.20, bacc: 45.82, tmp_test_f1: 35.32, f1: 35.32
epoch:  61, val_loss:1.410959, acc: 45.20, bacc: 45.82, tmp_test_f1: 28.10, f1: 35.32
epoch:  62, val_loss:1.476083, acc: 45.20, bacc: 45.82, tmp_test_f1: 25.10, f1: 35.32
epoch:  63, val_loss:1.473358, acc: 45.20, bacc: 45.82, tmp_test_f1: 29.09, f1: 35.32
epoch:  64, val_loss:1.410479, acc: 45.20, bacc: 45.82, tmp_test_f1: 23.90, f1: 35.32
epoch:  65, val_loss:1.487728, acc: 45.20, bacc: 45.82, tmp_test_f1: 24.82, f1: 35.32
epoch:  66, val_loss:1.480036, acc: 45.20, bacc: 45.82, tmp_test_f1: 31.77, f1: 35.32
test_f1 CountNotImproved reset to 0 in epoch 67
epoch:  67, val_loss:1.409761, acc: 36.89, bacc: 48.16, tmp_test_f1: 35.99, f1: 35.99
epoch:  68, val_loss:1.367961, acc: 36.89, bacc: 48.16, tmp_test_f1: 28.10, f1: 35.99
epoch:  69, val_loss:1.444175, acc: 36.89, bacc: 48.16, tmp_test_f1: 31.83, f1: 35.99
epoch:  70, val_loss:1.394527, acc: 36.89, bacc: 48.16, tmp_test_f1: 32.17, f1: 35.99
epoch:  71, val_loss:1.402871, acc: 36.89, bacc: 48.16, tmp_test_f1: 33.75, f1: 35.99
test_f1 CountNotImproved reset to 0 in epoch 72
epoch:  72, val_loss:1.314439, acc: 48.12, bacc: 58.41, tmp_test_f1: 36.61, f1: 36.61
epoch:  73, val_loss:1.308260, acc: 48.12, bacc: 58.41, tmp_test_f1: 34.17, f1: 36.61
epoch:  74, val_loss:1.408080, acc: 48.12, bacc: 58.41, tmp_test_f1: 34.15, f1: 36.61
test_f1 CountNotImproved reset to 0 in epoch 75
epoch:  75, val_loss:1.388384, acc: 52.15, bacc: 59.15, tmp_test_f1: 38.97, f1: 38.97
epoch:  76, val_loss:1.242065, acc: 52.15, bacc: 59.15, tmp_test_f1: 24.40, f1: 38.97
test_f1 CountNotImproved reset to 0 in epoch 77
epoch:  77, val_loss:1.524955, acc: 51.86, bacc: 53.45, tmp_test_f1: 49.78, f1: 49.78
epoch:  78, val_loss:1.311953, acc: 51.86, bacc: 53.45, tmp_test_f1: 40.39, f1: 49.78
epoch:  79, val_loss:1.320763, acc: 51.86, bacc: 53.45, tmp_test_f1: 22.93, f1: 49.78
epoch:  80, val_loss:1.628905, acc: 51.86, bacc: 53.45, tmp_test_f1: 45.14, f1: 49.78
epoch:  81, val_loss:1.296400, acc: 51.86, bacc: 53.45, tmp_test_f1: 49.27, f1: 49.78
epoch:  82, val_loss:1.187324, acc: 51.86, bacc: 53.45, tmp_test_f1: 30.71, f1: 49.78
epoch:  83, val_loss:1.546812, acc: 51.86, bacc: 53.45, tmp_test_f1: 37.00, f1: 49.78
epoch:  84, val_loss:1.231669, acc: 51.86, bacc: 53.45, tmp_test_f1: 44.73, f1: 49.78
epoch:  85, val_loss:1.238001, acc: 51.86, bacc: 53.45, tmp_test_f1: 43.11, f1: 49.78
epoch:  86, val_loss:1.285916, acc: 51.86, bacc: 53.45, tmp_test_f1: 30.77, f1: 49.78
test_f1 CountNotImproved reset to 0 in epoch 87
epoch:  87, val_loss:1.401895, acc: 50.04, bacc: 68.14, tmp_test_f1: 53.77, f1: 53.77
epoch:  88, val_loss:1.144734, acc: 50.04, bacc: 68.14, tmp_test_f1: 46.91, f1: 53.77
epoch:  89, val_loss:1.259898, acc: 50.04, bacc: 68.14, tmp_test_f1: 45.52, f1: 53.77
epoch:  90, val_loss:1.178509, acc: 50.04, bacc: 68.14, tmp_test_f1: 32.21, f1: 53.77
test_f1 CountNotImproved reset to 0 in epoch 91
epoch:  91, val_loss:1.343416, acc: 67.12, bacc: 68.88, tmp_test_f1: 59.14, f1: 59.14
epoch:  92, val_loss:1.081820, acc: 67.12, bacc: 68.88, tmp_test_f1: 44.34, f1: 59.14
epoch:  93, val_loss:1.329665, acc: 67.12, bacc: 68.88, tmp_test_f1: 42.94, f1: 59.14
epoch:  94, val_loss:1.230035, acc: 67.12, bacc: 68.88, tmp_test_f1: 33.84, f1: 59.14
epoch:  95, val_loss:1.215493, acc: 67.12, bacc: 68.88, tmp_test_f1: 35.37, f1: 59.14
epoch:  96, val_loss:1.258748, acc: 67.12, bacc: 68.88, tmp_test_f1: 53.05, f1: 59.14
epoch:  97, val_loss:1.237025, acc: 67.12, bacc: 68.88, tmp_test_f1: 52.05, f1: 59.14
epoch:  98, val_loss:1.113669, acc: 67.12, bacc: 68.88, tmp_test_f1: 39.12, f1: 59.14
epoch:  99, val_loss:1.213071, acc: 67.12, bacc: 68.88, tmp_test_f1: 43.79, f1: 59.14
epoch: 100, val_loss:1.120845, acc: 67.12, bacc: 68.88, tmp_test_f1: 54.40, f1: 59.14
epoch: 101, val_loss:1.132329, acc: 67.12, bacc: 68.88, tmp_test_f1: 48.66, f1: 59.14
epoch: 102, val_loss:1.229801, acc: 67.12, bacc: 68.88, tmp_test_f1: 43.80, f1: 59.14
epoch: 103, val_loss:1.118551, acc: 67.12, bacc: 68.88, tmp_test_f1: 42.35, f1: 59.14
epoch: 104, val_loss:1.160231, acc: 67.12, bacc: 68.88, tmp_test_f1: 44.97, f1: 59.14
epoch: 105, val_loss:1.165507, acc: 67.12, bacc: 68.88, tmp_test_f1: 46.68, f1: 59.14
epoch: 106, val_loss:1.205219, acc: 67.12, bacc: 68.88, tmp_test_f1: 53.76, f1: 59.14
test_f1 CountNotImproved reset to 0 in epoch 107
epoch: 107, val_loss:1.083110, acc: 67.19, bacc: 75.49, tmp_test_f1: 65.34, f1: 65.34
epoch: 108, val_loss:1.018830, acc: 67.19, bacc: 75.49, tmp_test_f1: 40.54, f1: 65.34
epoch: 109, val_loss:1.212429, acc: 67.19, bacc: 75.49, tmp_test_f1: 55.97, f1: 65.34
epoch: 110, val_loss:1.012285, acc: 67.19, bacc: 75.49, tmp_test_f1: 55.48, f1: 65.34
epoch: 111, val_loss:1.041542, acc: 67.19, bacc: 75.49, tmp_test_f1: 41.26, f1: 65.34
epoch: 112, val_loss:1.290209, acc: 67.19, bacc: 75.49, tmp_test_f1: 46.88, f1: 65.34
epoch: 113, val_loss:1.066490, acc: 67.19, bacc: 75.49, tmp_test_f1: 59.17, f1: 65.34
epoch: 114, val_loss:1.004175, acc: 67.19, bacc: 75.49, tmp_test_f1: 46.01, f1: 65.34
epoch: 115, val_loss:1.229436, acc: 67.19, bacc: 75.49, tmp_test_f1: 45.05, f1: 65.34
epoch: 116, val_loss:1.102319, acc: 67.19, bacc: 75.49, tmp_test_f1: 50.56, f1: 65.34
epoch: 117, val_loss:1.075760, acc: 67.19, bacc: 75.49, tmp_test_f1: 39.40, f1: 65.34
epoch: 118, val_loss:1.300235, acc: 67.19, bacc: 75.49, tmp_test_f1: 49.52, f1: 65.34
epoch: 119, val_loss:1.115332, acc: 67.19, bacc: 75.49, tmp_test_f1: 44.25, f1: 65.34
epoch: 120, val_loss:1.036106, acc: 67.19, bacc: 75.49, tmp_test_f1: 46.31, f1: 65.34
epoch: 121, val_loss:1.216952, acc: 67.19, bacc: 75.49, tmp_test_f1: 43.94, f1: 65.34
epoch: 122, val_loss:1.230676, acc: 67.19, bacc: 75.49, tmp_test_f1: 41.40, f1: 65.34
epoch: 123, val_loss:1.084307, acc: 67.19, bacc: 75.49, tmp_test_f1: 46.21, f1: 65.34
epoch: 124, val_loss:1.111693, acc: 67.19, bacc: 75.49, tmp_test_f1: 28.14, f1: 65.34
epoch: 125, val_loss:1.579109, acc: 67.19, bacc: 75.49, tmp_test_f1: 59.38, f1: 65.34
epoch: 126, val_loss:0.990068, acc: 67.19, bacc: 75.49, tmp_test_f1: 35.24, f1: 65.34
epoch: 127, val_loss:1.102905, acc: 67.19, bacc: 75.49, tmp_test_f1: 44.75, f1: 65.34
epoch: 128, val_loss:1.119984, acc: 67.19, bacc: 75.49, tmp_test_f1: 33.58, f1: 65.34
epoch: 129, val_loss:1.418389, acc: 67.19, bacc: 75.49, tmp_test_f1: 52.98, f1: 65.34
epoch: 130, val_loss:1.047141, acc: 67.19, bacc: 75.49, tmp_test_f1: 42.96, f1: 65.34
epoch: 131, val_loss:1.032515, acc: 67.19, bacc: 75.49, tmp_test_f1: 48.04, f1: 65.34
epoch: 132, val_loss:1.045122, acc: 67.19, bacc: 75.49, tmp_test_f1: 43.48, f1: 65.34
epoch: 133, val_loss:1.200675, acc: 67.19, bacc: 75.49, tmp_test_f1: 46.93, f1: 65.34
epoch: 134, val_loss:1.121160, acc: 67.19, bacc: 75.49, tmp_test_f1: 49.75, f1: 65.34
epoch: 135, val_loss:0.954398, acc: 67.19, bacc: 75.49, tmp_test_f1: 47.52, f1: 65.34
epoch: 136, val_loss:0.995135, acc: 67.19, bacc: 75.49, tmp_test_f1: 51.76, f1: 65.34
epoch: 137, val_loss:1.077815, acc: 67.19, bacc: 75.49, tmp_test_f1: 56.14, f1: 65.34
epoch: 138, val_loss:1.038462, acc: 67.19, bacc: 75.49, tmp_test_f1: 61.03, f1: 65.34
epoch: 139, val_loss:0.953459, acc: 67.19, bacc: 75.49, tmp_test_f1: 51.68, f1: 65.34
epoch: 140, val_loss:0.999349, acc: 67.19, bacc: 75.49, tmp_test_f1: 57.62, f1: 65.34
epoch: 141, val_loss:0.982735, acc: 67.19, bacc: 75.49, tmp_test_f1: 52.60, f1: 65.34
epoch: 142, val_loss:0.993534, acc: 67.19, bacc: 75.49, tmp_test_f1: 42.53, f1: 65.34
epoch: 143, val_loss:1.165405, acc: 67.19, bacc: 75.49, tmp_test_f1: 43.04, f1: 65.34
epoch: 144, val_loss:1.173161, acc: 67.19, bacc: 75.49, tmp_test_f1: 57.86, f1: 65.34
epoch: 145, val_loss:1.015127, acc: 67.19, bacc: 75.49, tmp_test_f1: 63.90, f1: 65.34
epoch: 146, val_loss:0.943852, acc: 67.19, bacc: 75.49, tmp_test_f1: 47.88, f1: 65.34
epoch: 147, val_loss:1.121500, acc: 67.19, bacc: 75.49, tmp_test_f1: 53.03, f1: 65.34
epoch: 148, val_loss:1.064668, acc: 67.19, bacc: 75.49, tmp_test_f1: 58.98, f1: 65.34
epoch: 149, val_loss:0.920217, acc: 67.19, bacc: 75.49, tmp_test_f1: 38.94, f1: 65.34
epoch: 150, val_loss:1.134311, acc: 67.19, bacc: 75.49, tmp_test_f1: 37.37, f1: 65.34
epoch: 151, val_loss:1.270426, acc: 67.19, bacc: 75.49, tmp_test_f1: 53.78, f1: 65.34
epoch: 152, val_loss:0.981229, acc: 67.19, bacc: 75.49, tmp_test_f1: 57.73, f1: 65.34
epoch: 153, val_loss:0.968391, acc: 67.19, bacc: 75.49, tmp_test_f1: 53.55, f1: 65.34
epoch: 154, val_loss:1.046036, acc: 67.19, bacc: 75.49, tmp_test_f1: 60.47, f1: 65.34
epoch: 155, val_loss:0.969181, acc: 67.19, bacc: 75.49, tmp_test_f1: 54.40, f1: 65.34
epoch: 156, val_loss:0.927914, acc: 67.19, bacc: 75.49, tmp_test_f1: 43.88, f1: 65.34
epoch: 157, val_loss:1.290937, acc: 67.19, bacc: 75.49, tmp_test_f1: 45.75, f1: 65.34
epoch: 158, val_loss:1.130610, acc: 67.19, bacc: 75.49, tmp_test_f1: 46.07, f1: 65.34
epoch: 159, val_loss:1.022873, acc: 67.19, bacc: 75.49, tmp_test_f1: 51.49, f1: 65.34
epoch: 160, val_loss:0.993061, acc: 67.19, bacc: 75.49, tmp_test_f1: 52.76, f1: 65.34
epoch: 161, val_loss:1.073409, acc: 67.19, bacc: 75.49, tmp_test_f1: 59.82, f1: 65.34
epoch: 162, val_loss:0.964408, acc: 67.19, bacc: 75.49, tmp_test_f1: 51.85, f1: 65.34
epoch: 163, val_loss:0.917905, acc: 67.19, bacc: 75.49, tmp_test_f1: 49.61, f1: 65.34
epoch: 164, val_loss:1.107815, acc: 67.19, bacc: 75.49, tmp_test_f1: 50.02, f1: 65.34
epoch: 165, val_loss:1.167117, acc: 67.19, bacc: 75.49, tmp_test_f1: 57.57, f1: 65.34
epoch: 166, val_loss:0.927113, acc: 67.19, bacc: 75.49, tmp_test_f1: 48.51, f1: 65.34
epoch: 167, val_loss:0.932384, acc: 67.19, bacc: 75.49, tmp_test_f1: 47.47, f1: 65.34
epoch: 168, val_loss:1.122357, acc: 67.19, bacc: 75.49, tmp_test_f1: 64.52, f1: 65.34
epoch: 169, val_loss:0.897525, acc: 67.19, bacc: 75.49, tmp_test_f1: 55.40, f1: 65.34
epoch: 170, val_loss:0.963073, acc: 67.19, bacc: 75.49, tmp_test_f1: 47.22, f1: 65.34
epoch: 171, val_loss:1.083949, acc: 67.19, bacc: 75.49, tmp_test_f1: 53.23, f1: 65.34
epoch: 172, val_loss:1.050309, acc: 67.19, bacc: 75.49, tmp_test_f1: 50.03, f1: 65.34
epoch: 173, val_loss:0.927587, acc: 67.19, bacc: 75.49, tmp_test_f1: 50.04, f1: 65.34
epoch: 174, val_loss:0.960879, acc: 67.19, bacc: 75.49, tmp_test_f1: 46.81, f1: 65.34
epoch: 175, val_loss:1.141857, acc: 67.19, bacc: 75.49, tmp_test_f1: 61.02, f1: 65.34
epoch: 176, val_loss:0.965425, acc: 67.19, bacc: 75.49, tmp_test_f1: 53.06, f1: 65.34
epoch: 177, val_loss:0.921688, acc: 67.19, bacc: 75.49, tmp_test_f1: 44.85, f1: 65.34
epoch: 178, val_loss:1.082427, acc: 67.19, bacc: 75.49, tmp_test_f1: 47.65, f1: 65.34
epoch: 179, val_loss:1.072561, acc: 67.19, bacc: 75.49, tmp_test_f1: 64.06, f1: 65.34
epoch: 180, val_loss:0.927079, acc: 67.19, bacc: 75.49, tmp_test_f1: 51.69, f1: 65.34
epoch: 181, val_loss:0.912757, acc: 67.19, bacc: 75.49, tmp_test_f1: 50.18, f1: 65.34
epoch: 182, val_loss:0.975038, acc: 67.19, bacc: 75.49, tmp_test_f1: 62.13, f1: 65.34
epoch: 183, val_loss:0.910657, acc: 67.19, bacc: 75.49, tmp_test_f1: 56.35, f1: 65.34
epoch: 184, val_loss:0.882175, acc: 67.19, bacc: 75.49, tmp_test_f1: 53.01, f1: 65.34
epoch: 185, val_loss:0.971308, acc: 67.19, bacc: 75.49, tmp_test_f1: 51.76, f1: 65.34
epoch: 186, val_loss:0.902988, acc: 67.19, bacc: 75.49, tmp_test_f1: 53.28, f1: 65.34
epoch: 187, val_loss:1.020696, acc: 67.19, bacc: 75.49, tmp_test_f1: 52.50, f1: 65.34
epoch: 188, val_loss:0.914836, acc: 67.19, bacc: 75.49, tmp_test_f1: 55.62, f1: 65.34
epoch: 189, val_loss:0.895136, acc: 67.19, bacc: 75.49, tmp_test_f1: 53.96, f1: 65.34
epoch: 190, val_loss:0.996938, acc: 67.19, bacc: 75.49, tmp_test_f1: 50.57, f1: 65.34
epoch: 191, val_loss:0.987846, acc: 67.19, bacc: 75.49, tmp_test_f1: 50.35, f1: 65.34
epoch: 192, val_loss:0.923835, acc: 67.19, bacc: 75.49, tmp_test_f1: 49.21, f1: 65.34
epoch: 193, val_loss:1.025670, acc: 67.19, bacc: 75.49, tmp_test_f1: 62.50, f1: 65.34
epoch: 194, val_loss:0.942980, acc: 67.19, bacc: 75.49, tmp_test_f1: 58.45, f1: 65.34
epoch: 195, val_loss:0.919047, acc: 67.19, bacc: 75.49, tmp_test_f1: 46.78, f1: 65.34
epoch: 196, val_loss:1.119267, acc: 67.19, bacc: 75.49, tmp_test_f1: 60.14, f1: 65.34
epoch: 197, val_loss:0.967439, acc: 67.19, bacc: 75.49, tmp_test_f1: 52.77, f1: 65.34
epoch: 198, val_loss:1.016735, acc: 67.19, bacc: 75.49, tmp_test_f1: 44.76, f1: 65.34
epoch: 199, val_loss:1.170680, acc: 67.19, bacc: 75.49, tmp_test_f1: 57.64, f1: 65.34
epoch: 200, val_loss:1.042191, acc: 67.19, bacc: 75.49, tmp_test_f1: 50.27, f1: 65.34
epoch: 201, val_loss:0.919525, acc: 67.19, bacc: 75.49, tmp_test_f1: 47.72, f1: 65.34
epoch: 202, val_loss:0.979054, acc: 67.19, bacc: 75.49, tmp_test_f1: 50.36, f1: 65.34
epoch: 203, val_loss:1.088908, acc: 67.19, bacc: 75.49, tmp_test_f1: 55.11, f1: 65.34
epoch: 204, val_loss:0.870443, acc: 67.19, bacc: 75.49, tmp_test_f1: 42.83, f1: 65.34
epoch: 205, val_loss:0.977827, acc: 67.19, bacc: 75.49, tmp_test_f1: 53.68, f1: 65.34
epoch: 206, val_loss:0.969262, acc: 67.19, bacc: 75.49, tmp_test_f1: 61.35, f1: 65.34
epoch: 207, val_loss:0.960392, acc: 67.19, bacc: 75.49, tmp_test_f1: 43.68, f1: 65.34
epoch: 208, val_loss:1.098914, acc: 67.19, bacc: 75.49, tmp_test_f1: 57.74, f1: 65.34
epoch: 209, val_loss:0.907246, acc: 67.19, bacc: 75.49, tmp_test_f1: 60.07, f1: 65.34
epoch: 210, val_loss:0.972914, acc: 67.19, bacc: 75.49, tmp_test_f1: 45.30, f1: 65.34
epoch: 211, val_loss:0.941301, acc: 67.19, bacc: 75.49, tmp_test_f1: 49.16, f1: 65.34
epoch: 212, val_loss:1.061364, acc: 67.19, bacc: 75.49, tmp_test_f1: 56.64, f1: 65.34
epoch: 213, val_loss:0.978587, acc: 67.19, bacc: 75.49, tmp_test_f1: 54.20, f1: 65.34
epoch: 214, val_loss:0.931550, acc: 67.19, bacc: 75.49, tmp_test_f1: 51.69, f1: 65.34
epoch: 215, val_loss:0.952863, acc: 67.19, bacc: 75.49, tmp_test_f1: 47.16, f1: 65.34
epoch: 216, val_loss:1.119184, acc: 67.19, bacc: 75.49, tmp_test_f1: 57.77, f1: 65.34
epoch: 217, val_loss:0.828451, acc: 67.19, bacc: 75.49, tmp_test_f1: 53.16, f1: 65.34
epoch: 218, val_loss:0.951725, acc: 67.19, bacc: 75.49, tmp_test_f1: 48.41, f1: 65.34
epoch: 219, val_loss:0.998026, acc: 67.19, bacc: 75.49, tmp_test_f1: 54.69, f1: 65.34
epoch: 220, val_loss:0.853110, acc: 67.19, bacc: 75.49, tmp_test_f1: 57.24, f1: 65.34
epoch: 221, val_loss:0.922059, acc: 67.19, bacc: 75.49, tmp_test_f1: 55.77, f1: 65.34
epoch: 222, val_loss:0.957497, acc: 67.19, bacc: 75.49, tmp_test_f1: 60.30, f1: 65.34
epoch: 223, val_loss:0.888254, acc: 67.19, bacc: 75.49, tmp_test_f1: 42.72, f1: 65.34
epoch: 224, val_loss:1.102543, acc: 67.19, bacc: 75.49, tmp_test_f1: 46.55, f1: 65.34
epoch: 225, val_loss:1.145505, acc: 67.19, bacc: 75.49, tmp_test_f1: 60.68, f1: 65.34
epoch: 226, val_loss:0.895772, acc: 67.19, bacc: 75.49, tmp_test_f1: 42.05, f1: 65.34
epoch: 227, val_loss:1.019268, acc: 67.19, bacc: 75.49, tmp_test_f1: 49.79, f1: 65.34
epoch: 228, val_loss:1.084321, acc: 67.19, bacc: 75.49, tmp_test_f1: 46.19, f1: 65.34
epoch: 229, val_loss:1.087542, acc: 67.19, bacc: 75.49, tmp_test_f1: 51.46, f1: 65.34
epoch: 230, val_loss:0.960111, acc: 67.19, bacc: 75.49, tmp_test_f1: 44.82, f1: 65.34
epoch: 231, val_loss:1.057063, acc: 67.19, bacc: 75.49, tmp_test_f1: 47.39, f1: 65.34
epoch: 232, val_loss:1.185652, acc: 67.19, bacc: 75.49, tmp_test_f1: 63.40, f1: 65.34
epoch: 233, val_loss:0.862871, acc: 67.19, bacc: 75.49, tmp_test_f1: 48.25, f1: 65.34
epoch: 234, val_loss:1.106091, acc: 67.19, bacc: 75.49, tmp_test_f1: 44.37, f1: 65.34
epoch: 235, val_loss:1.098682, acc: 67.19, bacc: 75.49, tmp_test_f1: 54.97, f1: 65.34
epoch: 236, val_loss:1.091604, acc: 67.19, bacc: 75.49, tmp_test_f1: 38.94, f1: 65.34
epoch: 237, val_loss:1.083561, acc: 67.19, bacc: 75.49, tmp_test_f1: 50.68, f1: 65.34
epoch: 238, val_loss:0.937600, acc: 67.19, bacc: 75.49, tmp_test_f1: 59.26, f1: 65.34
epoch: 239, val_loss:0.987375, acc: 67.19, bacc: 75.49, tmp_test_f1: 56.25, f1: 65.34
epoch: 240, val_loss:1.031824, acc: 67.19, bacc: 75.49, tmp_test_f1: 52.09, f1: 65.34
epoch: 241, val_loss:1.018318, acc: 67.19, bacc: 75.49, tmp_test_f1: 47.78, f1: 65.34
epoch: 242, val_loss:0.999250, acc: 67.19, bacc: 75.49, tmp_test_f1: 42.48, f1: 65.34
epoch: 243, val_loss:1.070192, acc: 67.19, bacc: 75.49, tmp_test_f1: 56.77, f1: 65.34
epoch: 244, val_loss:0.858165, acc: 67.19, bacc: 75.49, tmp_test_f1: 58.89, f1: 65.34
epoch: 245, val_loss:0.838884, acc: 67.19, bacc: 75.49, tmp_test_f1: 54.23, f1: 65.34
epoch: 246, val_loss:1.014975, acc: 67.19, bacc: 75.49, tmp_test_f1: 55.05, f1: 65.34
epoch: 247, val_loss:0.921721, acc: 67.19, bacc: 75.49, tmp_test_f1: 51.75, f1: 65.34
epoch: 248, val_loss:0.967226, acc: 67.19, bacc: 75.49, tmp_test_f1: 52.00, f1: 65.34
epoch: 249, val_loss:0.922200, acc: 67.19, bacc: 75.49, tmp_test_f1: 44.30, f1: 65.34
epoch: 250, val_loss:0.985025, acc: 67.19, bacc: 75.49, tmp_test_f1: 52.71, f1: 65.34
epoch: 251, val_loss:0.968525, acc: 67.19, bacc: 75.49, tmp_test_f1: 61.20, f1: 65.34
epoch: 252, val_loss:0.842097, acc: 67.19, bacc: 75.49, tmp_test_f1: 58.75, f1: 65.34
epoch: 253, val_loss:0.864433, acc: 67.19, bacc: 75.49, tmp_test_f1: 46.80, f1: 65.34
epoch: 254, val_loss:1.002334, acc: 67.19, bacc: 75.49, tmp_test_f1: 47.20, f1: 65.34
epoch: 255, val_loss:1.147628, acc: 67.19, bacc: 75.49, tmp_test_f1: 50.20, f1: 65.34
epoch: 256, val_loss:0.981404, acc: 67.19, bacc: 75.49, tmp_test_f1: 47.51, f1: 65.34
epoch: 257, val_loss:0.923545, acc: 67.19, bacc: 75.49, tmp_test_f1: 57.53, f1: 65.34
epoch: 258, val_loss:0.876039, acc: 67.19, bacc: 75.49, tmp_test_f1: 55.12, f1: 65.34
epoch: 259, val_loss:1.001285, acc: 67.19, bacc: 75.49, tmp_test_f1: 55.25, f1: 65.34
epoch: 260, val_loss:0.870869, acc: 67.19, bacc: 75.49, tmp_test_f1: 55.90, f1: 65.34
epoch: 261, val_loss:0.894542, acc: 67.19, bacc: 75.49, tmp_test_f1: 47.20, f1: 65.34
epoch: 262, val_loss:1.045706, acc: 67.19, bacc: 75.49, tmp_test_f1: 45.31, f1: 65.34
epoch: 263, val_loss:1.101198, acc: 67.19, bacc: 75.49, tmp_test_f1: 57.62, f1: 65.34
epoch: 264, val_loss:0.839770, acc: 67.19, bacc: 75.49, tmp_test_f1: 58.38, f1: 65.34
epoch: 265, val_loss:0.935461, acc: 67.19, bacc: 75.49, tmp_test_f1: 51.43, f1: 65.34
epoch: 266, val_loss:1.063665, acc: 67.19, bacc: 75.49, tmp_test_f1: 48.91, f1: 65.34
epoch: 267, val_loss:1.070326, acc: 67.19, bacc: 75.49, tmp_test_f1: 46.61, f1: 65.34
epoch: 268, val_loss:1.091842, acc: 67.19, bacc: 75.49, tmp_test_f1: 51.50, f1: 65.34
epoch: 269, val_loss:0.955501, acc: 67.19, bacc: 75.49, tmp_test_f1: 60.42, f1: 65.34
epoch: 270, val_loss:0.822665, acc: 67.19, bacc: 75.49, tmp_test_f1: 64.79, f1: 65.34
epoch: 271, val_loss:0.854509, acc: 67.19, bacc: 75.49, tmp_test_f1: 56.44, f1: 65.34
epoch: 272, val_loss:0.969491, acc: 67.19, bacc: 75.49, tmp_test_f1: 55.51, f1: 65.34
epoch: 273, val_loss:0.891022, acc: 67.19, bacc: 75.49, tmp_test_f1: 47.00, f1: 65.34
epoch: 274, val_loss:0.920733, acc: 67.19, bacc: 75.49, tmp_test_f1: 50.05, f1: 65.34
epoch: 275, val_loss:1.034372, acc: 67.19, bacc: 75.49, tmp_test_f1: 56.69, f1: 65.34
epoch: 276, val_loss:0.799181, acc: 67.19, bacc: 75.49, tmp_test_f1: 59.97, f1: 65.34
epoch: 277, val_loss:0.793667, acc: 67.19, bacc: 75.49, tmp_test_f1: 61.65, f1: 65.34
epoch: 278, val_loss:0.865315, acc: 67.19, bacc: 75.49, tmp_test_f1: 59.98, f1: 65.34
epoch: 279, val_loss:0.847277, acc: 67.19, bacc: 75.49, tmp_test_f1: 52.23, f1: 65.34
epoch: 280, val_loss:0.837588, acc: 67.19, bacc: 75.49, tmp_test_f1: 52.53, f1: 65.34
epoch: 281, val_loss:0.880307, acc: 67.19, bacc: 75.49, tmp_test_f1: 49.92, f1: 65.34
epoch: 282, val_loss:1.007409, acc: 67.19, bacc: 75.49, tmp_test_f1: 43.60, f1: 65.34
epoch: 283, val_loss:0.993541, acc: 67.19, bacc: 75.49, tmp_test_f1: 63.96, f1: 65.34
epoch: 284, val_loss:0.795458, acc: 67.19, bacc: 75.49, tmp_test_f1: 64.66, f1: 65.34
epoch: 285, val_loss:0.841263, acc: 67.19, bacc: 75.49, tmp_test_f1: 61.35, f1: 65.34
epoch: 286, val_loss:0.789864, acc: 67.19, bacc: 75.49, tmp_test_f1: 48.31, f1: 65.34
epoch: 287, val_loss:0.866140, acc: 67.19, bacc: 75.49, tmp_test_f1: 46.36, f1: 65.34
epoch: 288, val_loss:1.090468, acc: 67.19, bacc: 75.49, tmp_test_f1: 47.01, f1: 65.34
epoch: 289, val_loss:1.042845, acc: 67.19, bacc: 75.49, tmp_test_f1: 52.29, f1: 65.34
epoch: 290, val_loss:0.910793, acc: 67.19, bacc: 75.49, tmp_test_f1: 59.92, f1: 65.34
epoch: 291, val_loss:0.853834, acc: 67.19, bacc: 75.49, tmp_test_f1: 58.56, f1: 65.34
epoch: 292, val_loss:0.836314, acc: 67.19, bacc: 75.49, tmp_test_f1: 56.54, f1: 65.34
epoch: 293, val_loss:0.878885, acc: 67.19, bacc: 75.49, tmp_test_f1: 54.27, f1: 65.34
epoch: 294, val_loss:0.947995, acc: 67.19, bacc: 75.49, tmp_test_f1: 58.18, f1: 65.34
epoch: 295, val_loss:0.931730, acc: 67.19, bacc: 75.49, tmp_test_f1: 59.15, f1: 65.34
epoch: 296, val_loss:0.965256, acc: 67.19, bacc: 75.49, tmp_test_f1: 50.44, f1: 65.34
epoch: 297, val_loss:0.950696, acc: 67.19, bacc: 75.49, tmp_test_f1: 62.95, f1: 65.34
epoch: 298, val_loss:0.780266, acc: 67.19, bacc: 75.49, tmp_test_f1: 62.60, f1: 65.34
epoch: 299, val_loss:0.821449, acc: 67.19, bacc: 75.49, tmp_test_f1: 45.73, f1: 65.34
epoch: 300, val_loss:1.039988, acc: 67.19, bacc: 75.49, tmp_test_f1: 46.04, f1: 65.34
epoch: 301, val_loss:1.110534, acc: 67.19, bacc: 75.49, tmp_test_f1: 62.40, f1: 65.34
epoch: 302, val_loss:0.797978, acc: 67.19, bacc: 75.49, tmp_test_f1: 62.87, f1: 65.34
epoch: 303, val_loss:0.827175, acc: 67.19, bacc: 75.49, tmp_test_f1: 53.86, f1: 65.34
epoch: 304, val_loss:0.921034, acc: 67.19, bacc: 75.49, tmp_test_f1: 59.43, f1: 65.34
epoch: 305, val_loss:0.790376, acc: 67.19, bacc: 75.49, tmp_test_f1: 59.06, f1: 65.34
epoch: 306, val_loss:0.825943, acc: 67.19, bacc: 75.49, tmp_test_f1: 45.98, f1: 65.34
epoch: 307, val_loss:1.124540, acc: 67.19, bacc: 75.49, tmp_test_f1: 52.05, f1: 65.34
epoch: 308, val_loss:0.935844, acc: 67.19, bacc: 75.49, tmp_test_f1: 54.09, f1: 65.34
epoch: 309, val_loss:0.859300, acc: 67.19, bacc: 75.49, tmp_test_f1: 53.42, f1: 65.34
test_f1 CountNotImproved reset to 0 in epoch 310
epoch: 310, val_loss:0.978361, acc: 70.35, bacc: 81.84, tmp_test_f1: 69.45, f1: 69.45
epoch: 311, val_loss:0.736279, acc: 70.35, bacc: 81.84, tmp_test_f1: 43.11, f1: 69.45
epoch: 312, val_loss:1.228374, acc: 70.35, bacc: 81.84, tmp_test_f1: 51.48, f1: 69.45
epoch: 313, val_loss:1.083562, acc: 70.35, bacc: 81.84, tmp_test_f1: 47.45, f1: 69.45
epoch: 314, val_loss:0.995178, acc: 70.35, bacc: 81.84, tmp_test_f1: 45.28, f1: 69.45
epoch: 315, val_loss:1.134266, acc: 70.35, bacc: 81.84, tmp_test_f1: 49.49, f1: 69.45
epoch: 316, val_loss:1.016619, acc: 70.35, bacc: 81.84, tmp_test_f1: 67.87, f1: 69.45
epoch: 317, val_loss:0.847081, acc: 70.35, bacc: 81.84, tmp_test_f1: 56.40, f1: 69.45
epoch: 318, val_loss:1.027422, acc: 70.35, bacc: 81.84, tmp_test_f1: 38.85, f1: 69.45
epoch: 319, val_loss:1.348748, acc: 70.35, bacc: 81.84, tmp_test_f1: 42.31, f1: 69.45
epoch: 320, val_loss:1.073975, acc: 70.35, bacc: 81.84, tmp_test_f1: 37.11, f1: 69.45
epoch: 321, val_loss:1.423254, acc: 70.35, bacc: 81.84, tmp_test_f1: 37.21, f1: 69.45
epoch: 322, val_loss:1.669939, acc: 70.35, bacc: 81.84, tmp_test_f1: 33.39, f1: 69.45
epoch: 323, val_loss:1.435488, acc: 70.35, bacc: 81.84, tmp_test_f1: 24.81, f1: 69.45
epoch: 324, val_loss:1.490356, acc: 70.35, bacc: 81.84, tmp_test_f1: 54.31, f1: 69.45
epoch: 325, val_loss:1.191651, acc: 70.35, bacc: 81.84, tmp_test_f1: 51.93, f1: 69.45
epoch: 326, val_loss:1.672338, acc: 70.35, bacc: 81.84, tmp_test_f1: 45.32, f1: 69.45
epoch: 327, val_loss:1.689504, acc: 70.35, bacc: 81.84, tmp_test_f1: 34.00, f1: 69.45
epoch: 328, val_loss:1.447356, acc: 70.35, bacc: 81.84, tmp_test_f1: 45.25, f1: 69.45
epoch: 329, val_loss:1.090213, acc: 70.35, bacc: 81.84, tmp_test_f1: 57.34, f1: 69.45
epoch: 330, val_loss:0.966570, acc: 70.35, bacc: 81.84, tmp_test_f1: 50.23, f1: 69.45
epoch: 331, val_loss:1.147071, acc: 70.35, bacc: 81.84, tmp_test_f1: 50.26, f1: 69.45
epoch: 332, val_loss:1.088468, acc: 70.35, bacc: 81.84, tmp_test_f1: 44.55, f1: 69.45
epoch: 333, val_loss:1.008330, acc: 70.35, bacc: 81.84, tmp_test_f1: 52.22, f1: 69.45
epoch: 334, val_loss:0.935529, acc: 70.35, bacc: 81.84, tmp_test_f1: 42.55, f1: 69.45
epoch: 335, val_loss:1.106229, acc: 70.35, bacc: 81.84, tmp_test_f1: 41.11, f1: 69.45
epoch: 336, val_loss:1.283185, acc: 70.35, bacc: 81.84, tmp_test_f1: 47.70, f1: 69.45
epoch: 337, val_loss:1.177371, acc: 70.35, bacc: 81.84, tmp_test_f1: 59.58, f1: 69.45
epoch: 338, val_loss:0.963603, acc: 70.35, bacc: 81.84, tmp_test_f1: 63.47, f1: 69.45
epoch: 339, val_loss:0.763952, acc: 70.35, bacc: 81.84, tmp_test_f1: 53.58, f1: 69.45
epoch: 340, val_loss:0.812928, acc: 70.35, bacc: 81.84, tmp_test_f1: 56.97, f1: 69.45
epoch: 341, val_loss:0.828249, acc: 70.35, bacc: 81.84, tmp_test_f1: 65.59, f1: 69.45
epoch: 342, val_loss:0.788296, acc: 70.35, bacc: 81.84, tmp_test_f1: 64.97, f1: 69.45
epoch: 343, val_loss:0.855631, acc: 70.35, bacc: 81.84, tmp_test_f1: 47.17, f1: 69.45
epoch: 344, val_loss:0.944082, acc: 70.35, bacc: 81.84, tmp_test_f1: 39.40, f1: 69.45
epoch: 345, val_loss:1.194809, acc: 70.35, bacc: 81.84, tmp_test_f1: 51.75, f1: 69.45
epoch: 346, val_loss:1.090502, acc: 70.35, bacc: 81.84, tmp_test_f1: 61.06, f1: 69.45
epoch: 347, val_loss:0.953296, acc: 70.35, bacc: 81.84, tmp_test_f1: 63.44, f1: 69.45
epoch: 348, val_loss:0.825478, acc: 70.35, bacc: 81.84, tmp_test_f1: 65.98, f1: 69.45
epoch: 349, val_loss:0.758384, acc: 70.35, bacc: 81.84, tmp_test_f1: 57.36, f1: 69.45
epoch: 350, val_loss:0.847779, acc: 70.35, bacc: 81.84, tmp_test_f1: 59.00, f1: 69.45
epoch: 351, val_loss:0.784895, acc: 70.35, bacc: 81.84, tmp_test_f1: 55.84, f1: 69.45
epoch: 352, val_loss:0.818236, acc: 70.35, bacc: 81.84, tmp_test_f1: 57.61, f1: 69.45
epoch: 353, val_loss:0.866475, acc: 70.35, bacc: 81.84, tmp_test_f1: 46.79, f1: 69.45
epoch: 354, val_loss:1.072077, acc: 70.35, bacc: 81.84, tmp_test_f1: 51.14, f1: 69.45
epoch: 355, val_loss:1.018388, acc: 70.35, bacc: 81.84, tmp_test_f1: 53.37, f1: 69.45
epoch: 356, val_loss:0.894851, acc: 70.35, bacc: 81.84, tmp_test_f1: 58.72, f1: 69.45
epoch: 357, val_loss:0.868708, acc: 70.35, bacc: 81.84, tmp_test_f1: 53.50, f1: 69.45
epoch: 358, val_loss:0.947987, acc: 70.35, bacc: 81.84, tmp_test_f1: 57.00, f1: 69.45
epoch: 359, val_loss:0.825189, acc: 70.35, bacc: 81.84, tmp_test_f1: 56.59, f1: 69.45
epoch: 360, val_loss:0.836930, acc: 70.35, bacc: 81.84, tmp_test_f1: 55.69, f1: 69.45
epoch: 361, val_loss:0.962945, acc: 70.35, bacc: 81.84, tmp_test_f1: 55.12, f1: 69.45
epoch: 362, val_loss:0.940730, acc: 70.35, bacc: 81.84, tmp_test_f1: 44.41, f1: 69.45
epoch: 363, val_loss:0.925620, acc: 70.35, bacc: 81.84, tmp_test_f1: 44.36, f1: 69.45
epoch: 364, val_loss:0.954914, acc: 70.35, bacc: 81.84, tmp_test_f1: 57.77, f1: 69.45
epoch: 365, val_loss:0.950553, acc: 70.35, bacc: 81.84, tmp_test_f1: 64.32, f1: 69.45
epoch: 366, val_loss:0.859792, acc: 70.35, bacc: 81.84, tmp_test_f1: 50.82, f1: 69.45
epoch: 367, val_loss:0.872532, acc: 70.35, bacc: 81.84, tmp_test_f1: 51.74, f1: 69.45
epoch: 368, val_loss:0.862578, acc: 70.35, bacc: 81.84, tmp_test_f1: 59.25, f1: 69.45
epoch: 369, val_loss:0.942081, acc: 70.35, bacc: 81.84, tmp_test_f1: 48.27, f1: 69.45
epoch: 370, val_loss:1.065330, acc: 70.35, bacc: 81.84, tmp_test_f1: 49.36, f1: 69.45
epoch: 371, val_loss:0.999785, acc: 70.35, bacc: 81.84, tmp_test_f1: 54.94, f1: 69.45
epoch: 372, val_loss:0.885107, acc: 70.35, bacc: 81.84, tmp_test_f1: 56.36, f1: 69.45
epoch: 373, val_loss:0.904110, acc: 70.35, bacc: 81.84, tmp_test_f1: 55.69, f1: 69.45
epoch: 374, val_loss:0.856848, acc: 70.35, bacc: 81.84, tmp_test_f1: 57.26, f1: 69.45
epoch: 375, val_loss:0.843022, acc: 70.35, bacc: 81.84, tmp_test_f1: 56.73, f1: 69.45
epoch: 376, val_loss:0.886975, acc: 70.35, bacc: 81.84, tmp_test_f1: 57.22, f1: 69.45
epoch: 377, val_loss:0.931985, acc: 70.35, bacc: 81.84, tmp_test_f1: 51.55, f1: 69.45
epoch: 378, val_loss:0.892604, acc: 70.35, bacc: 81.84, tmp_test_f1: 50.12, f1: 69.45
epoch: 379, val_loss:0.915632, acc: 70.35, bacc: 81.84, tmp_test_f1: 57.72, f1: 69.45
epoch: 380, val_loss:0.852642, acc: 70.35, bacc: 81.84, tmp_test_f1: 59.24, f1: 69.45
epoch: 381, val_loss:0.883208, acc: 70.35, bacc: 81.84, tmp_test_f1: 53.33, f1: 69.45
epoch: 382, val_loss:0.925161, acc: 70.35, bacc: 81.84, tmp_test_f1: 60.38, f1: 69.45
epoch: 383, val_loss:0.833101, acc: 70.35, bacc: 81.84, tmp_test_f1: 50.69, f1: 69.45
epoch: 384, val_loss:0.936179, acc: 70.35, bacc: 81.84, tmp_test_f1: 50.44, f1: 69.45
epoch: 385, val_loss:0.961870, acc: 70.35, bacc: 81.84, tmp_test_f1: 56.47, f1: 69.45
epoch: 386, val_loss:0.972741, acc: 70.35, bacc: 81.84, tmp_test_f1: 50.89, f1: 69.45
epoch: 387, val_loss:1.023607, acc: 70.35, bacc: 81.84, tmp_test_f1: 45.02, f1: 69.45
epoch: 388, val_loss:1.052395, acc: 70.35, bacc: 81.84, tmp_test_f1: 63.08, f1: 69.45
epoch: 389, val_loss:0.849945, acc: 70.35, bacc: 81.84, tmp_test_f1: 60.96, f1: 69.45
epoch: 390, val_loss:0.786795, acc: 70.35, bacc: 81.84, tmp_test_f1: 49.13, f1: 69.45
epoch: 391, val_loss:0.906421, acc: 70.35, bacc: 81.84, tmp_test_f1: 53.24, f1: 69.45
epoch: 392, val_loss:0.908015, acc: 70.35, bacc: 81.84, tmp_test_f1: 55.73, f1: 69.45
epoch: 393, val_loss:0.925557, acc: 70.35, bacc: 81.84, tmp_test_f1: 43.61, f1: 69.45
epoch: 394, val_loss:0.944739, acc: 70.35, bacc: 81.84, tmp_test_f1: 47.52, f1: 69.45
epoch: 395, val_loss:0.975598, acc: 70.35, bacc: 81.84, tmp_test_f1: 52.29, f1: 69.45
epoch: 396, val_loss:1.033447, acc: 70.35, bacc: 81.84, tmp_test_f1: 65.57, f1: 69.45
epoch: 397, val_loss:0.804616, acc: 70.35, bacc: 81.84, tmp_test_f1: 54.15, f1: 69.45
epoch: 398, val_loss:0.805727, acc: 70.35, bacc: 81.84, tmp_test_f1: 48.25, f1: 69.45
epoch: 399, val_loss:1.058003, acc: 70.35, bacc: 81.84, tmp_test_f1: 60.56, f1: 69.45
epoch: 400, val_loss:1.012797, acc: 70.35, bacc: 81.84, tmp_test_f1: 56.27, f1: 69.45
epoch: 401, val_loss:0.978440, acc: 70.35, bacc: 81.84, tmp_test_f1: 52.10, f1: 69.45
epoch: 402, val_loss:0.926299, acc: 70.35, bacc: 81.84, tmp_test_f1: 40.10, f1: 69.45
epoch: 403, val_loss:1.142959, acc: 70.35, bacc: 81.84, tmp_test_f1: 62.04, f1: 69.45
epoch: 404, val_loss:0.854727, acc: 70.35, bacc: 81.84, tmp_test_f1: 63.95, f1: 69.45
epoch: 405, val_loss:0.851272, acc: 70.35, bacc: 81.84, tmp_test_f1: 54.60, f1: 69.45
epoch: 406, val_loss:0.898613, acc: 70.35, bacc: 81.84, tmp_test_f1: 47.07, f1: 69.45
epoch: 407, val_loss:0.969954, acc: 70.35, bacc: 81.84, tmp_test_f1: 53.75, f1: 69.45
epoch: 408, val_loss:0.899391, acc: 70.35, bacc: 81.84, tmp_test_f1: 48.50, f1: 69.45
epoch: 409, val_loss:0.938320, acc: 70.35, bacc: 81.84, tmp_test_f1: 48.67, f1: 69.45
epoch: 410, val_loss:0.951704, acc: 70.35, bacc: 81.84, tmp_test_f1: 53.45, f1: 69.45
epoch: 411, val_loss:1.121434, acc: 70.35, bacc: 81.84, tmp_test_f1: 54.19, f1: 69.45
epoch: 412, val_loss:0.834425, acc: 70.35, bacc: 81.84, tmp_test_f1: 50.75, f1: 69.45
epoch: 413, val_loss:0.908311, acc: 70.35, bacc: 81.84, tmp_test_f1: 47.87, f1: 69.45
epoch: 414, val_loss:1.033972, acc: 70.35, bacc: 81.84, tmp_test_f1: 49.20, f1: 69.45
epoch: 415, val_loss:1.135064, acc: 70.35, bacc: 81.84, tmp_test_f1: 41.22, f1: 69.45
epoch: 416, val_loss:0.972509, acc: 70.35, bacc: 81.84, tmp_test_f1: 57.75, f1: 69.45
epoch: 417, val_loss:0.867928, acc: 70.35, bacc: 81.84, tmp_test_f1: 43.87, f1: 69.45
epoch: 418, val_loss:1.360614, acc: 70.35, bacc: 81.84, tmp_test_f1: 35.21, f1: 69.45
epoch: 419, val_loss:1.170334, acc: 70.35, bacc: 81.84, tmp_test_f1: 43.83, f1: 69.45
epoch: 420, val_loss:0.992501, acc: 70.35, bacc: 81.84, tmp_test_f1: 54.39, f1: 69.45
epoch: 421, val_loss:1.104398, acc: 70.35, bacc: 81.84, tmp_test_f1: 38.27, f1: 69.45
epoch: 422, val_loss:1.548908, acc: 70.35, bacc: 81.84, tmp_test_f1: 46.28, f1: 69.45
epoch: 423, val_loss:0.954836, acc: 70.35, bacc: 81.84, tmp_test_f1: 39.93, f1: 69.45
epoch: 424, val_loss:1.167092, acc: 70.35, bacc: 81.84, tmp_test_f1: 57.31, f1: 69.45
epoch: 425, val_loss:0.977373, acc: 70.35, bacc: 81.84, tmp_test_f1: 42.62, f1: 69.45
epoch: 426, val_loss:1.533909, acc: 70.35, bacc: 81.84, tmp_test_f1: 56.71, f1: 69.45
epoch: 427, val_loss:0.873183, acc: 70.35, bacc: 81.84, tmp_test_f1: 51.69, f1: 69.45
epoch: 428, val_loss:0.876290, acc: 70.35, bacc: 81.84, tmp_test_f1: 55.83, f1: 69.45
epoch: 429, val_loss:0.893300, acc: 70.35, bacc: 81.84, tmp_test_f1: 49.90, f1: 69.45
epoch: 430, val_loss:1.164021, acc: 70.35, bacc: 81.84, tmp_test_f1: 51.94, f1: 69.45
epoch: 431, val_loss:1.068553, acc: 70.35, bacc: 81.84, tmp_test_f1: 54.15, f1: 69.45
epoch: 432, val_loss:0.842736, acc: 70.35, bacc: 81.84, tmp_test_f1: 52.17, f1: 69.45
epoch: 433, val_loss:0.838408, acc: 70.35, bacc: 81.84, tmp_test_f1: 55.20, f1: 69.45
epoch: 434, val_loss:0.908312, acc: 70.35, bacc: 81.84, tmp_test_f1: 60.11, f1: 69.45
epoch: 435, val_loss:0.922447, acc: 70.35, bacc: 81.84, tmp_test_f1: 54.02, f1: 69.45
epoch: 436, val_loss:1.077831, acc: 70.35, bacc: 81.84, tmp_test_f1: 49.51, f1: 69.45
epoch: 437, val_loss:0.869866, acc: 70.35, bacc: 81.84, tmp_test_f1: 41.45, f1: 69.45
epoch: 438, val_loss:0.964205, acc: 70.35, bacc: 81.84, tmp_test_f1: 61.84, f1: 69.45
epoch: 439, val_loss:0.782797, acc: 70.35, bacc: 81.84, tmp_test_f1: 59.00, f1: 69.45
epoch: 440, val_loss:0.925511, acc: 70.35, bacc: 81.84, tmp_test_f1: 54.34, f1: 69.45
epoch: 441, val_loss:0.953407, acc: 70.35, bacc: 81.84, tmp_test_f1: 49.95, f1: 69.45
epoch: 442, val_loss:0.846533, acc: 70.35, bacc: 81.84, tmp_test_f1: 56.10, f1: 69.45
epoch: 443, val_loss:0.838407, acc: 70.35, bacc: 81.84, tmp_test_f1: 51.14, f1: 69.45
epoch: 444, val_loss:0.926002, acc: 70.35, bacc: 81.84, tmp_test_f1: 45.94, f1: 69.45
epoch: 445, val_loss:1.118629, acc: 70.35, bacc: 81.84, tmp_test_f1: 58.78, f1: 69.45
epoch: 446, val_loss:0.814251, acc: 70.35, bacc: 81.84, tmp_test_f1: 63.07, f1: 69.45
epoch: 447, val_loss:0.768320, acc: 70.35, bacc: 81.84, tmp_test_f1: 58.26, f1: 69.45
epoch: 448, val_loss:0.799060, acc: 70.35, bacc: 81.84, tmp_test_f1: 47.37, f1: 69.45
epoch: 449, val_loss:0.983432, acc: 70.35, bacc: 81.84, tmp_test_f1: 58.41, f1: 69.45
epoch: 450, val_loss:0.909680, acc: 70.35, bacc: 81.84, tmp_test_f1: 58.57, f1: 69.45
epoch: 451, val_loss:0.849460, acc: 70.35, bacc: 81.84, tmp_test_f1: 50.03, f1: 69.45
epoch: 452, val_loss:0.907241, acc: 70.35, bacc: 81.84, tmp_test_f1: 53.00, f1: 69.45
epoch: 453, val_loss:0.862567, acc: 70.35, bacc: 81.84, tmp_test_f1: 57.32, f1: 69.45
epoch: 454, val_loss:0.847416, acc: 70.35, bacc: 81.84, tmp_test_f1: 55.46, f1: 69.45
epoch: 455, val_loss:0.834778, acc: 70.35, bacc: 81.84, tmp_test_f1: 52.23, f1: 69.45
epoch: 456, val_loss:0.919992, acc: 70.35, bacc: 81.84, tmp_test_f1: 56.81, f1: 69.45
epoch: 457, val_loss:0.859467, acc: 70.35, bacc: 81.84, tmp_test_f1: 55.92, f1: 69.45
epoch: 458, val_loss:0.884213, acc: 70.35, bacc: 81.84, tmp_test_f1: 52.15, f1: 69.45
epoch: 459, val_loss:0.844226, acc: 70.35, bacc: 81.84, tmp_test_f1: 55.39, f1: 69.45
epoch: 460, val_loss:0.868266, acc: 70.35, bacc: 81.84, tmp_test_f1: 59.59, f1: 69.45
epoch: 461, val_loss:0.864481, acc: 70.35, bacc: 81.84, tmp_test_f1: 53.97, f1: 69.45
epoch: 462, val_loss:0.883749, acc: 70.35, bacc: 81.84, tmp_test_f1: 49.53, f1: 69.45
epoch: 463, val_loss:0.902188, acc: 70.35, bacc: 81.84, tmp_test_f1: 55.83, f1: 69.45
epoch: 464, val_loss:0.863652, acc: 70.35, bacc: 81.84, tmp_test_f1: 64.63, f1: 69.45
epoch: 465, val_loss:0.764739, acc: 70.35, bacc: 81.84, tmp_test_f1: 61.23, f1: 69.45
epoch: 466, val_loss:0.810866, acc: 70.35, bacc: 81.84, tmp_test_f1: 53.80, f1: 69.45
epoch: 467, val_loss:0.861402, acc: 70.35, bacc: 81.84, tmp_test_f1: 48.00, f1: 69.45
epoch: 468, val_loss:1.000767, acc: 70.35, bacc: 81.84, tmp_test_f1: 45.91, f1: 69.45
epoch: 469, val_loss:0.930085, acc: 70.35, bacc: 81.84, tmp_test_f1: 55.43, f1: 69.45
epoch: 470, val_loss:0.875144, acc: 70.35, bacc: 81.84, tmp_test_f1: 59.12, f1: 69.45
epoch: 471, val_loss:0.879363, acc: 70.35, bacc: 81.84, tmp_test_f1: 56.99, f1: 69.45
epoch: 472, val_loss:0.841267, acc: 70.35, bacc: 81.84, tmp_test_f1: 41.64, f1: 69.45
epoch: 473, val_loss:1.114505, acc: 70.35, bacc: 81.84, tmp_test_f1: 49.94, f1: 69.45
epoch: 474, val_loss:0.984906, acc: 70.35, bacc: 81.84, tmp_test_f1: 57.88, f1: 69.45
epoch: 475, val_loss:0.967938, acc: 70.35, bacc: 81.84, tmp_test_f1: 55.11, f1: 69.45
epoch: 476, val_loss:0.851513, acc: 70.35, bacc: 81.84, tmp_test_f1: 53.02, f1: 69.45
epoch: 477, val_loss:0.834730, acc: 70.35, bacc: 81.84, tmp_test_f1: 56.44, f1: 69.45
epoch: 478, val_loss:0.868328, acc: 70.35, bacc: 81.84, tmp_test_f1: 59.66, f1: 69.45
epoch: 479, val_loss:0.865606, acc: 70.35, bacc: 81.84, tmp_test_f1: 54.70, f1: 69.45
epoch: 480, val_loss:0.881438, acc: 70.35, bacc: 81.84, tmp_test_f1: 53.40, f1: 69.45
epoch: 481, val_loss:0.845576, acc: 70.35, bacc: 81.84, tmp_test_f1: 56.58, f1: 69.45
epoch: 482, val_loss:0.995553, acc: 70.35, bacc: 81.84, tmp_test_f1: 45.74, f1: 69.45
epoch: 483, val_loss:1.014111, acc: 70.35, bacc: 81.84, tmp_test_f1: 56.85, f1: 69.45
epoch: 484, val_loss:0.829035, acc: 70.35, bacc: 81.84, tmp_test_f1: 62.47, f1: 69.45
epoch: 485, val_loss:0.864127, acc: 70.35, bacc: 81.84, tmp_test_f1: 61.42, f1: 69.45
epoch: 486, val_loss:0.903578, acc: 70.35, bacc: 81.84, tmp_test_f1: 46.00, f1: 69.45
epoch: 487, val_loss:1.032738, acc: 70.35, bacc: 81.84, tmp_test_f1: 52.88, f1: 69.45
epoch: 488, val_loss:0.871025, acc: 70.35, bacc: 81.84, tmp_test_f1: 65.41, f1: 69.45
epoch: 489, val_loss:0.783846, acc: 70.35, bacc: 81.84, tmp_test_f1: 57.00, f1: 69.45
epoch: 490, val_loss:0.896910, acc: 70.35, bacc: 81.84, tmp_test_f1: 51.46, f1: 69.45
epoch: 491, val_loss:0.911619, acc: 70.35, bacc: 81.84, tmp_test_f1: 54.27, f1: 69.45
epoch: 492, val_loss:0.798302, acc: 70.35, bacc: 81.84, tmp_test_f1: 56.12, f1: 69.45
epoch: 493, val_loss:0.889492, acc: 70.35, bacc: 81.84, tmp_test_f1: 46.33, f1: 69.45
epoch: 494, val_loss:1.003512, acc: 70.35, bacc: 81.84, tmp_test_f1: 47.03, f1: 69.45
epoch: 495, val_loss:1.085228, acc: 70.35, bacc: 81.84, tmp_test_f1: 59.83, f1: 69.45
epoch: 496, val_loss:0.985386, acc: 70.35, bacc: 81.84, tmp_test_f1: 60.73, f1: 69.45
epoch: 497, val_loss:0.826534, acc: 70.35, bacc: 81.84, tmp_test_f1: 55.33, f1: 69.45
epoch: 498, val_loss:0.820684, acc: 70.35, bacc: 81.84, tmp_test_f1: 49.77, f1: 69.45
epoch: 499, val_loss:0.877325, acc: 70.35, bacc: 81.84, tmp_test_f1: 56.70, f1: 69.45
epoch: 500, val_loss:0.903613, acc: 70.35, bacc: 81.84, tmp_test_f1: 54.15, f1: 69.45
epoch: 501, val_loss:0.986099, acc: 70.35, bacc: 81.84, tmp_test_f1: 53.99, f1: 69.45
epoch: 502, val_loss:0.854408, acc: 70.35, bacc: 81.84, tmp_test_f1: 56.08, f1: 69.45
epoch: 503, val_loss:0.836033, acc: 70.35, bacc: 81.84, tmp_test_f1: 57.73, f1: 69.45
epoch: 504, val_loss:0.834517, acc: 70.35, bacc: 81.84, tmp_test_f1: 58.50, f1: 69.45
epoch: 505, val_loss:0.870974, acc: 70.35, bacc: 81.84, tmp_test_f1: 57.21, f1: 69.45
epoch: 506, val_loss:0.883402, acc: 70.35, bacc: 81.84, tmp_test_f1: 49.72, f1: 69.45
epoch: 507, val_loss:0.957438, acc: 70.35, bacc: 81.84, tmp_test_f1: 48.64, f1: 69.45
epoch: 508, val_loss:0.954994, acc: 70.35, bacc: 81.84, tmp_test_f1: 66.98, f1: 69.45
epoch: 509, val_loss:0.806017, acc: 70.35, bacc: 81.84, tmp_test_f1: 58.69, f1: 69.45
epoch: 510, val_loss:0.784669, acc: 70.35, bacc: 81.84, tmp_test_f1: 51.70, f1: 69.45
epoch: 511, val_loss:0.960322, acc: 70.35, bacc: 81.84, tmp_test_f1: 61.03, f1: 69.45
Epoch 00512: reducing learning rate of group 0 to 5.0000e-02.
Epoch 00512: reducing learning rate of group 1 to 5.0000e-02.
epoch: 512, val_loss:0.825565, acc: 70.35, bacc: 81.84, tmp_test_f1: 59.65, f1: 69.45
epoch: 513, val_loss:0.800548, acc: 70.35, bacc: 81.84, tmp_test_f1: 56.00, f1: 69.45
epoch: 514, val_loss:0.852175, acc: 70.35, bacc: 81.84, tmp_test_f1: 50.33, f1: 69.45
epoch: 515, val_loss:0.996192, acc: 70.35, bacc: 81.84, tmp_test_f1: 47.95, f1: 69.45
epoch: 516, val_loss:0.978277, acc: 70.35, bacc: 81.84, tmp_test_f1: 56.25, f1: 69.45
epoch: 517, val_loss:0.831480, acc: 70.35, bacc: 81.84, tmp_test_f1: 61.63, f1: 69.45
epoch: 518, val_loss:0.777929, acc: 70.35, bacc: 81.84, tmp_test_f1: 63.51, f1: 69.45
epoch: 519, val_loss:0.781948, acc: 70.35, bacc: 81.84, tmp_test_f1: 55.64, f1: 69.45
epoch: 520, val_loss:0.834656, acc: 70.35, bacc: 81.84, tmp_test_f1: 49.24, f1: 69.45
epoch: 521, val_loss:0.921411, acc: 70.35, bacc: 81.84, tmp_test_f1: 50.38, f1: 69.45
epoch: 522, val_loss:0.892451, acc: 70.35, bacc: 81.84, tmp_test_f1: 57.30, f1: 69.45
epoch: 523, val_loss:0.802837, acc: 70.35, bacc: 81.84, tmp_test_f1: 61.20, f1: 69.45
epoch: 524, val_loss:0.791282, acc: 70.35, bacc: 81.84, tmp_test_f1: 55.38, f1: 69.45
epoch: 525, val_loss:0.830053, acc: 70.35, bacc: 81.84, tmp_test_f1: 50.75, f1: 69.45
epoch: 526, val_loss:0.911147, acc: 70.35, bacc: 81.84, tmp_test_f1: 52.22, f1: 69.45
epoch: 527, val_loss:0.935555, acc: 70.35, bacc: 81.84, tmp_test_f1: 54.91, f1: 69.45
epoch: 528, val_loss:0.891649, acc: 70.35, bacc: 81.84, tmp_test_f1: 58.00, f1: 69.45
epoch: 529, val_loss:0.822376, acc: 70.35, bacc: 81.84, tmp_test_f1: 57.74, f1: 69.45
epoch: 530, val_loss:0.826915, acc: 70.35, bacc: 81.84, tmp_test_f1: 58.51, f1: 69.45
epoch: 531, val_loss:0.811383, acc: 70.35, bacc: 81.84, tmp_test_f1: 56.85, f1: 69.45
epoch: 532, val_loss:0.845065, acc: 70.35, bacc: 81.84, tmp_test_f1: 55.19, f1: 69.45
epoch: 533, val_loss:0.889445, acc: 70.35, bacc: 81.84, tmp_test_f1: 52.62, f1: 69.45
epoch: 534, val_loss:0.870440, acc: 70.35, bacc: 81.84, tmp_test_f1: 57.70, f1: 69.45
epoch: 535, val_loss:0.849823, acc: 70.35, bacc: 81.84, tmp_test_f1: 60.34, f1: 69.45
epoch: 536, val_loss:0.807346, acc: 70.35, bacc: 81.84, tmp_test_f1: 55.32, f1: 69.45
epoch: 537, val_loss:0.821177, acc: 70.35, bacc: 81.84, tmp_test_f1: 53.44, f1: 69.45
epoch: 538, val_loss:0.896689, acc: 70.35, bacc: 81.84, tmp_test_f1: 50.13, f1: 69.45
epoch: 539, val_loss:0.943199, acc: 70.35, bacc: 81.84, tmp_test_f1: 53.41, f1: 69.45
epoch: 540, val_loss:0.876620, acc: 70.35, bacc: 81.84, tmp_test_f1: 58.45, f1: 69.45
epoch: 541, val_loss:0.818530, acc: 70.35, bacc: 81.84, tmp_test_f1: 58.90, f1: 69.45
epoch: 542, val_loss:0.805983, acc: 70.35, bacc: 81.84, tmp_test_f1: 54.88, f1: 69.45
epoch: 543, val_loss:0.867760, acc: 70.35, bacc: 81.84, tmp_test_f1: 48.68, f1: 69.45
epoch: 544, val_loss:0.998089, acc: 70.35, bacc: 81.84, tmp_test_f1: 49.30, f1: 69.45
epoch: 545, val_loss:0.901939, acc: 70.35, bacc: 81.84, tmp_test_f1: 57.58, f1: 69.45
epoch: 546, val_loss:0.815532, acc: 70.35, bacc: 81.84, tmp_test_f1: 61.70, f1: 69.45
epoch: 547, val_loss:0.819160, acc: 70.35, bacc: 81.84, tmp_test_f1: 53.16, f1: 69.45
epoch: 548, val_loss:0.882728, acc: 70.35, bacc: 81.84, tmp_test_f1: 48.46, f1: 69.45
epoch: 549, val_loss:1.007232, acc: 70.35, bacc: 81.84, tmp_test_f1: 52.49, f1: 69.45
epoch: 550, val_loss:0.883144, acc: 70.35, bacc: 81.84, tmp_test_f1: 58.39, f1: 69.45
epoch: 551, val_loss:0.783055, acc: 70.35, bacc: 81.84, tmp_test_f1: 64.01, f1: 69.45
epoch: 552, val_loss:0.791848, acc: 70.35, bacc: 81.84, tmp_test_f1: 58.47, f1: 69.45
epoch: 553, val_loss:0.838844, acc: 70.35, bacc: 81.84, tmp_test_f1: 49.64, f1: 69.45
epoch: 554, val_loss:0.914880, acc: 70.35, bacc: 81.84, tmp_test_f1: 52.49, f1: 69.45
epoch: 555, val_loss:0.878777, acc: 70.35, bacc: 81.84, tmp_test_f1: 55.71, f1: 69.45
epoch: 556, val_loss:0.824101, acc: 70.35, bacc: 81.84, tmp_test_f1: 55.74, f1: 69.45
epoch: 557, val_loss:0.864172, acc: 70.35, bacc: 81.84, tmp_test_f1: 54.81, f1: 69.45
epoch: 558, val_loss:0.843141, acc: 70.35, bacc: 81.84, tmp_test_f1: 55.52, f1: 69.45
epoch: 559, val_loss:0.813919, acc: 70.35, bacc: 81.84, tmp_test_f1: 58.08, f1: 69.45
epoch: 560, val_loss:0.798576, acc: 70.35, bacc: 81.84, tmp_test_f1: 57.55, f1: 69.45
epoch: 561, val_loss:0.789496, acc: 70.35, bacc: 81.84, tmp_test_f1: 60.35, f1: 69.45
epoch: 562, val_loss:0.786491, acc: 70.35, bacc: 81.84, tmp_test_f1: 55.91, f1: 69.45
epoch: 563, val_loss:0.852649, acc: 70.35, bacc: 81.84, tmp_test_f1: 54.71, f1: 69.45
epoch: 564, val_loss:0.897731, acc: 70.35, bacc: 81.84, tmp_test_f1: 51.70, f1: 69.45
epoch: 565, val_loss:0.914859, acc: 70.35, bacc: 81.84, tmp_test_f1: 47.43, f1: 69.45
epoch: 566, val_loss:0.904777, acc: 70.35, bacc: 81.84, tmp_test_f1: 53.28, f1: 69.45
epoch: 567, val_loss:0.824728, acc: 70.35, bacc: 81.84, tmp_test_f1: 61.43, f1: 69.45
epoch: 568, val_loss:0.763545, acc: 70.35, bacc: 81.84, tmp_test_f1: 64.84, f1: 69.45
epoch: 569, val_loss:0.784678, acc: 70.35, bacc: 81.84, tmp_test_f1: 57.82, f1: 69.45
epoch: 570, val_loss:0.858929, acc: 70.35, bacc: 81.84, tmp_test_f1: 50.53, f1: 69.45
epoch: 571, val_loss:0.863277, acc: 70.35, bacc: 81.84, tmp_test_f1: 54.39, f1: 69.45
epoch: 572, val_loss:0.805418, acc: 70.35, bacc: 81.84, tmp_test_f1: 60.11, f1: 69.45
epoch: 573, val_loss:0.805642, acc: 70.35, bacc: 81.84, tmp_test_f1: 53.99, f1: 69.45
epoch: 574, val_loss:0.877169, acc: 70.35, bacc: 81.84, tmp_test_f1: 48.62, f1: 69.45
epoch: 575, val_loss:0.960049, acc: 70.35, bacc: 81.84, tmp_test_f1: 52.17, f1: 69.45
epoch: 576, val_loss:0.881660, acc: 70.35, bacc: 81.84, tmp_test_f1: 58.85, f1: 69.45
epoch: 577, val_loss:0.784437, acc: 70.35, bacc: 81.84, tmp_test_f1: 61.73, f1: 69.45
epoch: 578, val_loss:0.791167, acc: 70.35, bacc: 81.84, tmp_test_f1: 53.46, f1: 69.45
epoch: 579, val_loss:0.885332, acc: 70.35, bacc: 81.84, tmp_test_f1: 48.54, f1: 69.45
epoch: 580, val_loss:0.923443, acc: 70.35, bacc: 81.84, tmp_test_f1: 52.09, f1: 69.45
epoch: 581, val_loss:0.878297, acc: 70.35, bacc: 81.84, tmp_test_f1: 53.70, f1: 69.45
epoch: 582, val_loss:0.837789, acc: 70.35, bacc: 81.84, tmp_test_f1: 56.49, f1: 69.45
epoch: 583, val_loss:0.853792, acc: 70.35, bacc: 81.84, tmp_test_f1: 53.65, f1: 69.45
epoch: 584, val_loss:0.906244, acc: 70.35, bacc: 81.84, tmp_test_f1: 53.95, f1: 69.45
epoch: 585, val_loss:0.874186, acc: 70.35, bacc: 81.84, tmp_test_f1: 56.11, f1: 69.45
epoch: 586, val_loss:0.852066, acc: 70.35, bacc: 81.84, tmp_test_f1: 55.24, f1: 69.45
epoch: 587, val_loss:0.796369, acc: 70.35, bacc: 81.84, tmp_test_f1: 55.48, f1: 69.45
epoch: 588, val_loss:0.821762, acc: 70.35, bacc: 81.84, tmp_test_f1: 59.71, f1: 69.45
epoch: 589, val_loss:0.811621, acc: 70.35, bacc: 81.84, tmp_test_f1: 58.22, f1: 69.45
epoch: 590, val_loss:0.812202, acc: 70.35, bacc: 81.84, tmp_test_f1: 54.98, f1: 69.45
epoch: 591, val_loss:0.843924, acc: 70.35, bacc: 81.84, tmp_test_f1: 48.45, f1: 69.45
epoch: 592, val_loss:0.904122, acc: 70.35, bacc: 81.84, tmp_test_f1: 47.75, f1: 69.45
epoch: 593, val_loss:0.948550, acc: 70.35, bacc: 81.84, tmp_test_f1: 57.28, f1: 69.45
epoch: 594, val_loss:0.852834, acc: 70.35, bacc: 81.84, tmp_test_f1: 62.11, f1: 69.45
epoch: 595, val_loss:0.780982, acc: 70.35, bacc: 81.84, tmp_test_f1: 57.33, f1: 69.45
epoch: 596, val_loss:0.787682, acc: 70.35, bacc: 81.84, tmp_test_f1: 49.47, f1: 69.45
epoch: 597, val_loss:0.882943, acc: 70.35, bacc: 81.84, tmp_test_f1: 49.85, f1: 69.45
epoch: 598, val_loss:0.937482, acc: 70.35, bacc: 81.84, tmp_test_f1: 59.06, f1: 69.45
epoch: 599, val_loss:0.822591, acc: 70.35, bacc: 81.84, tmp_test_f1: 57.60, f1: 69.45
epoch: 600, val_loss:0.793437, acc: 70.35, bacc: 81.84, tmp_test_f1: 55.03, f1: 69.45
epoch: 601, val_loss:0.809994, acc: 70.35, bacc: 81.84, tmp_test_f1: 52.40, f1: 69.45
epoch: 602, val_loss:0.871197, acc: 70.35, bacc: 81.84, tmp_test_f1: 52.98, f1: 69.45
epoch: 603, val_loss:0.912221, acc: 70.35, bacc: 81.84, tmp_test_f1: 56.38, f1: 69.45
epoch: 604, val_loss:0.814735, acc: 70.35, bacc: 81.84, tmp_test_f1: 52.69, f1: 69.45
epoch: 605, val_loss:0.816205, acc: 70.35, bacc: 81.84, tmp_test_f1: 51.49, f1: 69.45
epoch: 606, val_loss:0.850680, acc: 70.35, bacc: 81.84, tmp_test_f1: 57.89, f1: 69.45
epoch: 607, val_loss:0.864610, acc: 70.35, bacc: 81.84, tmp_test_f1: 61.44, f1: 69.45
epoch: 608, val_loss:0.807003, acc: 70.35, bacc: 81.84, tmp_test_f1: 57.43, f1: 69.45
epoch: 609, val_loss:0.776508, acc: 70.35, bacc: 81.84, tmp_test_f1: 55.56, f1: 69.45
epoch: 610, val_loss:0.792037, acc: 70.35, bacc: 81.84, tmp_test_f1: 56.48, f1: 69.45
epoch: 611, val_loss:0.846972, acc: 70.35, bacc: 81.84, tmp_test_f1: 54.42, f1: 69.45
epoch: 612, val_loss:0.889533, acc: 70.35, bacc: 81.84, tmp_test_f1: 55.07, f1: 69.45
epoch: 613, val_loss:0.841517, acc: 70.35, bacc: 81.84, tmp_test_f1: 55.93, f1: 69.45
epoch: 614, val_loss:0.794261, acc: 70.35, bacc: 81.84, tmp_test_f1: 59.32, f1: 69.45
epoch: 615, val_loss:0.788208, acc: 70.35, bacc: 81.84, tmp_test_f1: 60.76, f1: 69.45
epoch: 616, val_loss:0.781363, acc: 70.35, bacc: 81.84, tmp_test_f1: 59.91, f1: 69.45
epoch: 617, val_loss:0.770239, acc: 70.35, bacc: 81.84, tmp_test_f1: 52.78, f1: 69.45
epoch: 618, val_loss:0.863342, acc: 70.35, bacc: 81.84, tmp_test_f1: 57.42, f1: 69.45
epoch: 619, val_loss:0.829125, acc: 70.35, bacc: 81.84, tmp_test_f1: 63.29, f1: 69.45
epoch: 620, val_loss:0.784194, acc: 70.35, bacc: 81.84, tmp_test_f1: 59.99, f1: 69.45
epoch: 621, val_loss:0.800257, acc: 70.35, bacc: 81.84, tmp_test_f1: 49.61, f1: 69.45
epoch: 622, val_loss:0.888473, acc: 70.35, bacc: 81.84, tmp_test_f1: 54.15, f1: 69.45
epoch: 623, val_loss:0.874088, acc: 70.35, bacc: 81.84, tmp_test_f1: 62.44, f1: 69.45
epoch: 624, val_loss:0.791224, acc: 70.35, bacc: 81.84, tmp_test_f1: 64.54, f1: 69.45
epoch: 625, val_loss:0.758224, acc: 70.35, bacc: 81.84, tmp_test_f1: 59.22, f1: 69.45
epoch: 626, val_loss:0.775988, acc: 70.35, bacc: 81.84, tmp_test_f1: 51.00, f1: 69.45
epoch: 627, val_loss:0.902191, acc: 70.35, bacc: 81.84, tmp_test_f1: 49.74, f1: 69.45
epoch: 628, val_loss:0.962337, acc: 70.35, bacc: 81.84, tmp_test_f1: 58.43, f1: 69.45
epoch: 629, val_loss:0.853973, acc: 70.35, bacc: 81.84, tmp_test_f1: 60.26, f1: 69.45
epoch: 630, val_loss:0.791740, acc: 70.35, bacc: 81.84, tmp_test_f1: 56.44, f1: 69.45
epoch: 631, val_loss:0.829397, acc: 70.35, bacc: 81.84, tmp_test_f1: 52.79, f1: 69.45
epoch: 632, val_loss:0.872988, acc: 70.35, bacc: 81.84, tmp_test_f1: 54.67, f1: 69.45
epoch: 633, val_loss:0.859886, acc: 70.35, bacc: 81.84, tmp_test_f1: 55.72, f1: 69.45
epoch: 634, val_loss:0.824187, acc: 70.35, bacc: 81.84, tmp_test_f1: 53.40, f1: 69.45
epoch: 635, val_loss:0.842792, acc: 70.35, bacc: 81.84, tmp_test_f1: 51.20, f1: 69.45
epoch: 636, val_loss:0.877243, acc: 70.35, bacc: 81.84, tmp_test_f1: 54.19, f1: 69.45
epoch: 637, val_loss:0.839410, acc: 70.35, bacc: 81.84, tmp_test_f1: 54.99, f1: 69.45
epoch: 638, val_loss:0.862993, acc: 70.35, bacc: 81.84, tmp_test_f1: 54.72, f1: 69.45
epoch: 639, val_loss:0.855395, acc: 70.35, bacc: 81.84, tmp_test_f1: 52.72, f1: 69.45
epoch: 640, val_loss:0.821456, acc: 70.35, bacc: 81.84, tmp_test_f1: 52.34, f1: 69.45
epoch: 641, val_loss:0.832781, acc: 70.35, bacc: 81.84, tmp_test_f1: 57.37, f1: 69.45
epoch: 642, val_loss:0.856008, acc: 70.35, bacc: 81.84, tmp_test_f1: 52.48, f1: 69.45
epoch: 643, val_loss:0.863592, acc: 70.35, bacc: 81.84, tmp_test_f1: 51.77, f1: 69.45
epoch: 644, val_loss:0.864357, acc: 70.35, bacc: 81.84, tmp_test_f1: 56.29, f1: 69.45
epoch: 645, val_loss:0.816222, acc: 70.35, bacc: 81.84, tmp_test_f1: 64.13, f1: 69.45
epoch: 646, val_loss:0.772559, acc: 70.35, bacc: 81.84, tmp_test_f1: 61.77, f1: 69.45
epoch: 647, val_loss:0.773361, acc: 70.35, bacc: 81.84, tmp_test_f1: 52.94, f1: 69.45
epoch: 648, val_loss:0.843452, acc: 70.35, bacc: 81.84, tmp_test_f1: 50.53, f1: 69.45
epoch: 649, val_loss:0.870126, acc: 70.35, bacc: 81.84, tmp_test_f1: 50.27, f1: 69.45
epoch: 650, val_loss:0.901072, acc: 70.35, bacc: 81.84, tmp_test_f1: 54.64, f1: 69.45
epoch: 651, val_loss:0.894303, acc: 70.35, bacc: 81.84, tmp_test_f1: 62.09, f1: 69.45
epoch: 652, val_loss:0.772129, acc: 70.35, bacc: 81.84, tmp_test_f1: 60.13, f1: 69.45
epoch: 653, val_loss:0.750262, acc: 70.35, bacc: 81.84, tmp_test_f1: 55.95, f1: 69.45
epoch: 654, val_loss:0.797197, acc: 70.35, bacc: 81.84, tmp_test_f1: 60.41, f1: 69.45
epoch: 655, val_loss:0.793046, acc: 70.35, bacc: 81.84, tmp_test_f1: 56.14, f1: 69.45
epoch: 656, val_loss:0.866105, acc: 70.35, bacc: 81.84, tmp_test_f1: 49.66, f1: 69.45
epoch: 657, val_loss:0.985206, acc: 70.35, bacc: 81.84, tmp_test_f1: 47.76, f1: 69.45
epoch: 658, val_loss:1.015385, acc: 70.35, bacc: 81.84, tmp_test_f1: 49.17, f1: 69.45
epoch: 659, val_loss:0.958357, acc: 70.35, bacc: 81.84, tmp_test_f1: 56.32, f1: 69.45
epoch: 660, val_loss:0.844580, acc: 70.35, bacc: 81.84, tmp_test_f1: 61.40, f1: 69.45
epoch: 661, val_loss:0.794820, acc: 70.35, bacc: 81.84, tmp_test_f1: 60.04, f1: 69.45
epoch: 662, val_loss:0.797238, acc: 70.35, bacc: 81.84, tmp_test_f1: 57.62, f1: 69.45
epoch: 663, val_loss:0.807691, acc: 70.35, bacc: 81.84, tmp_test_f1: 50.35, f1: 69.45
epoch: 664, val_loss:0.889583, acc: 70.35, bacc: 81.84, tmp_test_f1: 54.15, f1: 69.45
epoch: 665, val_loss:0.836689, acc: 70.35, bacc: 81.84, tmp_test_f1: 60.69, f1: 69.45
epoch: 666, val_loss:0.843456, acc: 70.35, bacc: 81.84, tmp_test_f1: 53.27, f1: 69.45
epoch: 667, val_loss:0.854104, acc: 70.35, bacc: 81.84, tmp_test_f1: 52.80, f1: 69.45
epoch: 668, val_loss:0.876743, acc: 70.35, bacc: 81.84, tmp_test_f1: 60.29, f1: 69.45
epoch: 669, val_loss:0.785557, acc: 70.35, bacc: 81.84, tmp_test_f1: 63.53, f1: 69.45
epoch: 670, val_loss:0.780138, acc: 70.35, bacc: 81.84, tmp_test_f1: 59.16, f1: 69.45
epoch: 671, val_loss:0.822053, acc: 70.35, bacc: 81.84, tmp_test_f1: 50.66, f1: 69.45
epoch: 672, val_loss:0.879397, acc: 70.35, bacc: 81.84, tmp_test_f1: 51.41, f1: 69.45
epoch: 673, val_loss:0.874053, acc: 70.35, bacc: 81.84, tmp_test_f1: 60.66, f1: 69.45
epoch: 674, val_loss:0.796647, acc: 70.35, bacc: 81.84, tmp_test_f1: 63.94, f1: 69.45
epoch: 675, val_loss:0.758249, acc: 70.35, bacc: 81.84, tmp_test_f1: 60.56, f1: 69.45
epoch: 676, val_loss:0.789472, acc: 70.35, bacc: 81.84, tmp_test_f1: 53.05, f1: 69.45
epoch: 677, val_loss:0.834756, acc: 70.35, bacc: 81.84, tmp_test_f1: 53.30, f1: 69.45
epoch: 678, val_loss:0.866015, acc: 70.35, bacc: 81.84, tmp_test_f1: 51.59, f1: 69.45
epoch: 679, val_loss:0.899435, acc: 70.35, bacc: 81.84, tmp_test_f1: 56.89, f1: 69.45
epoch: 680, val_loss:0.833367, acc: 70.35, bacc: 81.84, tmp_test_f1: 61.29, f1: 69.45
epoch: 681, val_loss:0.782010, acc: 70.35, bacc: 81.84, tmp_test_f1: 56.16, f1: 69.45
epoch: 682, val_loss:0.831643, acc: 70.35, bacc: 81.84, tmp_test_f1: 56.08, f1: 69.45
epoch: 683, val_loss:0.867986, acc: 70.35, bacc: 81.84, tmp_test_f1: 53.08, f1: 69.45
epoch: 684, val_loss:0.867531, acc: 70.35, bacc: 81.84, tmp_test_f1: 55.16, f1: 69.45
epoch: 685, val_loss:0.890804, acc: 70.35, bacc: 81.84, tmp_test_f1: 52.54, f1: 69.45
epoch: 686, val_loss:0.875336, acc: 70.35, bacc: 81.84, tmp_test_f1: 54.03, f1: 69.45
epoch: 687, val_loss:0.855880, acc: 70.35, bacc: 81.84, tmp_test_f1: 56.03, f1: 69.45
epoch: 688, val_loss:0.832054, acc: 70.35, bacc: 81.84, tmp_test_f1: 60.23, f1: 69.45
epoch: 689, val_loss:0.779209, acc: 70.35, bacc: 81.84, tmp_test_f1: 56.96, f1: 69.45
epoch: 690, val_loss:0.781288, acc: 70.35, bacc: 81.84, tmp_test_f1: 56.38, f1: 69.45
epoch: 691, val_loss:0.805138, acc: 70.35, bacc: 81.84, tmp_test_f1: 51.78, f1: 69.45
epoch: 692, val_loss:0.872287, acc: 70.35, bacc: 81.84, tmp_test_f1: 54.23, f1: 69.45
epoch: 693, val_loss:0.963152, acc: 70.35, bacc: 81.84, tmp_test_f1: 56.55, f1: 69.45
epoch: 694, val_loss:0.905683, acc: 70.35, bacc: 81.84, tmp_test_f1: 60.39, f1: 69.45
epoch: 695, val_loss:0.809716, acc: 70.35, bacc: 81.84, tmp_test_f1: 54.97, f1: 69.45
epoch: 696, val_loss:0.793745, acc: 70.35, bacc: 81.84, tmp_test_f1: 51.87, f1: 69.45
epoch: 697, val_loss:0.825014, acc: 70.35, bacc: 81.84, tmp_test_f1: 55.45, f1: 69.45
epoch: 698, val_loss:0.884669, acc: 70.35, bacc: 81.84, tmp_test_f1: 64.54, f1: 69.45
epoch: 699, val_loss:0.799256, acc: 70.35, bacc: 81.84, tmp_test_f1: 65.85, f1: 69.45
epoch: 700, val_loss:0.755677, acc: 70.35, bacc: 81.84, tmp_test_f1: 54.55, f1: 69.45
epoch: 701, val_loss:0.792745, acc: 70.35, bacc: 81.84, tmp_test_f1: 48.68, f1: 69.45
epoch: 702, val_loss:0.915448, acc: 70.35, bacc: 81.84, tmp_test_f1: 53.88, f1: 69.45
epoch: 703, val_loss:0.898520, acc: 70.35, bacc: 81.84, tmp_test_f1: 62.54, f1: 69.45
epoch: 704, val_loss:0.805180, acc: 70.35, bacc: 81.84, tmp_test_f1: 59.33, f1: 69.45
epoch: 705, val_loss:0.773144, acc: 70.35, bacc: 81.84, tmp_test_f1: 53.07, f1: 69.45
epoch: 706, val_loss:0.797160, acc: 70.35, bacc: 81.84, tmp_test_f1: 55.97, f1: 69.45
epoch: 707, val_loss:0.852707, acc: 70.35, bacc: 81.84, tmp_test_f1: 56.21, f1: 69.45
epoch: 708, val_loss:0.892847, acc: 70.35, bacc: 81.84, tmp_test_f1: 56.56, f1: 69.45
epoch: 709, val_loss:0.809548, acc: 70.35, bacc: 81.84, tmp_test_f1: 57.36, f1: 69.45
epoch: 710, val_loss:0.766074, acc: 70.35, bacc: 81.84, tmp_test_f1: 59.38, f1: 69.45
epoch: 711, val_loss:0.772887, acc: 70.35, bacc: 81.84, tmp_test_f1: 54.31, f1: 69.45
epoch: 712, val_loss:0.887213, acc: 70.35, bacc: 81.84, tmp_test_f1: 53.04, f1: 69.45
Epoch 00713: reducing learning rate of group 0 to 2.5000e-02.
Epoch 00713: reducing learning rate of group 1 to 2.5000e-02.
epoch: 713, val_loss:0.876219, acc: 70.35, bacc: 81.84, tmp_test_f1: 55.72, f1: 69.45
epoch: 714, val_loss:0.789266, acc: 70.35, bacc: 81.84, tmp_test_f1: 55.73, f1: 69.45
epoch: 715, val_loss:0.779657, acc: 70.35, bacc: 81.84, tmp_test_f1: 58.30, f1: 69.45
epoch: 716, val_loss:0.803831, acc: 70.35, bacc: 81.84, tmp_test_f1: 56.86, f1: 69.45
epoch: 717, val_loss:0.849256, acc: 70.35, bacc: 81.84, tmp_test_f1: 56.28, f1: 69.45
epoch: 718, val_loss:0.852028, acc: 70.35, bacc: 81.84, tmp_test_f1: 58.04, f1: 69.45
epoch: 719, val_loss:0.797843, acc: 70.35, bacc: 81.84, tmp_test_f1: 60.21, f1: 69.45
epoch: 720, val_loss:0.755733, acc: 70.35, bacc: 81.84, tmp_test_f1: 60.69, f1: 69.45
epoch: 721, val_loss:0.750435, acc: 70.35, bacc: 81.84, tmp_test_f1: 58.32, f1: 69.45
epoch: 722, val_loss:0.782379, acc: 70.35, bacc: 81.84, tmp_test_f1: 54.23, f1: 69.45
epoch: 723, val_loss:0.830110, acc: 70.35, bacc: 81.84, tmp_test_f1: 52.99, f1: 69.45
epoch: 724, val_loss:0.845970, acc: 70.35, bacc: 81.84, tmp_test_f1: 54.61, f1: 69.45
epoch: 725, val_loss:0.863559, acc: 70.35, bacc: 81.84, tmp_test_f1: 57.04, f1: 69.45
epoch: 726, val_loss:0.833682, acc: 70.35, bacc: 81.84, tmp_test_f1: 58.00, f1: 69.45
epoch: 727, val_loss:0.800689, acc: 70.35, bacc: 81.84, tmp_test_f1: 58.27, f1: 69.45
epoch: 728, val_loss:0.789485, acc: 70.35, bacc: 81.84, tmp_test_f1: 56.65, f1: 69.45
epoch: 729, val_loss:0.806211, acc: 70.35, bacc: 81.84, tmp_test_f1: 57.50, f1: 69.45
epoch: 730, val_loss:0.813939, acc: 70.35, bacc: 81.84, tmp_test_f1: 57.14, f1: 69.45
epoch: 731, val_loss:0.829674, acc: 70.35, bacc: 81.84, tmp_test_f1: 57.55, f1: 69.45
epoch: 732, val_loss:0.824951, acc: 70.35, bacc: 81.84, tmp_test_f1: 59.23, f1: 69.45
epoch: 733, val_loss:0.792780, acc: 70.35, bacc: 81.84, tmp_test_f1: 56.52, f1: 69.45
epoch: 734, val_loss:0.785241, acc: 70.35, bacc: 81.84, tmp_test_f1: 56.01, f1: 69.45
epoch: 735, val_loss:0.797358, acc: 70.35, bacc: 81.84, tmp_test_f1: 59.16, f1: 69.45
epoch: 736, val_loss:0.800903, acc: 70.35, bacc: 81.84, tmp_test_f1: 59.04, f1: 69.45
epoch: 737, val_loss:0.825651, acc: 70.35, bacc: 81.84, tmp_test_f1: 58.17, f1: 69.45
epoch: 738, val_loss:0.828872, acc: 70.35, bacc: 81.84, tmp_test_f1: 57.81, f1: 69.45
epoch: 739, val_loss:0.805927, acc: 70.35, bacc: 81.84, tmp_test_f1: 55.33, f1: 69.45
epoch: 740, val_loss:0.805009, acc: 70.35, bacc: 81.84, tmp_test_f1: 55.65, f1: 69.45
epoch: 741, val_loss:0.810224, acc: 70.35, bacc: 81.84, tmp_test_f1: 56.51, f1: 69.45
epoch: 742, val_loss:0.808467, acc: 70.35, bacc: 81.84, tmp_test_f1: 58.37, f1: 69.45
epoch: 743, val_loss:0.801305, acc: 70.35, bacc: 81.84, tmp_test_f1: 60.85, f1: 69.45
epoch: 744, val_loss:0.771953, acc: 70.35, bacc: 81.84, tmp_test_f1: 62.30, f1: 69.45
epoch: 745, val_loss:0.759757, acc: 70.35, bacc: 81.84, tmp_test_f1: 60.05, f1: 69.45
epoch: 746, val_loss:0.775832, acc: 70.35, bacc: 81.84, tmp_test_f1: 54.96, f1: 69.45
epoch: 747, val_loss:0.822480, acc: 70.35, bacc: 81.84, tmp_test_f1: 49.83, f1: 69.45
epoch: 748, val_loss:0.874472, acc: 70.35, bacc: 81.84, tmp_test_f1: 51.97, f1: 69.45
epoch: 749, val_loss:0.883712, acc: 70.35, bacc: 81.84, tmp_test_f1: 51.09, f1: 69.45
epoch: 750, val_loss:0.909763, acc: 70.35, bacc: 81.84, tmp_test_f1: 53.56, f1: 69.45
epoch: 751, val_loss:0.862923, acc: 70.35, bacc: 81.84, tmp_test_f1: 55.52, f1: 69.45
epoch: 752, val_loss:0.816576, acc: 70.35, bacc: 81.84, tmp_test_f1: 56.19, f1: 69.45
epoch: 753, val_loss:0.797549, acc: 70.35, bacc: 81.84, tmp_test_f1: 56.84, f1: 69.45
epoch: 754, val_loss:0.786660, acc: 70.35, bacc: 81.84, tmp_test_f1: 56.64, f1: 69.45
epoch: 755, val_loss:0.817297, acc: 70.35, bacc: 81.84, tmp_test_f1: 54.77, f1: 69.45
epoch: 756, val_loss:0.859483, acc: 70.35, bacc: 81.84, tmp_test_f1: 55.31, f1: 69.45
epoch: 757, val_loss:0.842600, acc: 70.35, bacc: 81.84, tmp_test_f1: 56.99, f1: 69.45
epoch: 758, val_loss:0.800335, acc: 70.35, bacc: 81.84, tmp_test_f1: 55.59, f1: 69.45
epoch: 759, val_loss:0.800791, acc: 70.35, bacc: 81.84, tmp_test_f1: 59.65, f1: 69.45
epoch: 760, val_loss:0.786902, acc: 70.35, bacc: 81.84, tmp_test_f1: 60.06, f1: 69.45
epoch: 761, val_loss:0.789382, acc: 70.35, bacc: 81.84, tmp_test_f1: 56.51, f1: 69.45
epoch: 762, val_loss:0.847124, acc: 70.35, bacc: 81.84, tmp_test_f1: 57.67, f1: 69.45
epoch: 763, val_loss:0.814368, acc: 70.35, bacc: 81.84, tmp_test_f1: 57.58, f1: 69.45
epoch: 764, val_loss:0.788448, acc: 70.35, bacc: 81.84, tmp_test_f1: 54.57, f1: 69.45
epoch: 765, val_loss:0.796255, acc: 70.35, bacc: 81.84, tmp_test_f1: 56.58, f1: 69.45
epoch: 766, val_loss:0.793810, acc: 70.35, bacc: 81.84, tmp_test_f1: 55.96, f1: 69.45
epoch: 767, val_loss:0.833403, acc: 70.35, bacc: 81.84, tmp_test_f1: 54.44, f1: 69.45
epoch: 768, val_loss:0.882988, acc: 70.35, bacc: 81.84, tmp_test_f1: 54.72, f1: 69.45
epoch: 769, val_loss:0.875738, acc: 70.35, bacc: 81.84, tmp_test_f1: 53.34, f1: 69.45
epoch: 770, val_loss:0.845340, acc: 70.35, bacc: 81.84, tmp_test_f1: 52.34, f1: 69.45
epoch: 771, val_loss:0.809329, acc: 70.35, bacc: 81.84, tmp_test_f1: 55.99, f1: 69.45
epoch: 772, val_loss:0.784473, acc: 70.35, bacc: 81.84, tmp_test_f1: 61.27, f1: 69.45
epoch: 773, val_loss:0.780189, acc: 70.35, bacc: 81.84, tmp_test_f1: 60.79, f1: 69.45
epoch: 774, val_loss:0.803712, acc: 70.35, bacc: 81.84, tmp_test_f1: 58.30, f1: 69.45
epoch: 775, val_loss:0.827004, acc: 70.35, bacc: 81.84, tmp_test_f1: 52.52, f1: 69.45
epoch: 776, val_loss:0.858448, acc: 70.35, bacc: 81.84, tmp_test_f1: 49.67, f1: 69.45
epoch: 777, val_loss:0.875495, acc: 70.35, bacc: 81.84, tmp_test_f1: 51.08, f1: 69.45
epoch: 778, val_loss:0.868635, acc: 70.35, bacc: 81.84, tmp_test_f1: 54.84, f1: 69.45
epoch: 779, val_loss:0.853022, acc: 70.35, bacc: 81.84, tmp_test_f1: 59.31, f1: 69.45
epoch: 780, val_loss:0.831092, acc: 70.35, bacc: 81.84, tmp_test_f1: 61.66, f1: 69.45
epoch: 781, val_loss:0.798944, acc: 70.35, bacc: 81.84, tmp_test_f1: 60.41, f1: 69.45
epoch: 782, val_loss:0.778742, acc: 70.35, bacc: 81.84, tmp_test_f1: 58.88, f1: 69.45
epoch: 783, val_loss:0.775793, acc: 70.35, bacc: 81.84, tmp_test_f1: 56.55, f1: 69.45
epoch: 784, val_loss:0.794622, acc: 70.35, bacc: 81.84, tmp_test_f1: 56.51, f1: 69.45
epoch: 785, val_loss:0.820949, acc: 70.35, bacc: 81.84, tmp_test_f1: 57.71, f1: 69.45
epoch: 786, val_loss:0.836571, acc: 70.35, bacc: 81.84, tmp_test_f1: 59.63, f1: 69.45
epoch: 787, val_loss:0.833747, acc: 70.35, bacc: 81.84, tmp_test_f1: 56.03, f1: 69.45
epoch: 788, val_loss:0.835374, acc: 70.35, bacc: 81.84, tmp_test_f1: 51.99, f1: 69.45
epoch: 789, val_loss:0.854874, acc: 70.35, bacc: 81.84, tmp_test_f1: 49.99, f1: 69.45
epoch: 790, val_loss:0.886254, acc: 70.35, bacc: 81.84, tmp_test_f1: 54.75, f1: 69.45
epoch: 791, val_loss:0.832101, acc: 70.35, bacc: 81.84, tmp_test_f1: 60.34, f1: 69.45
epoch: 792, val_loss:0.782174, acc: 70.35, bacc: 81.84, tmp_test_f1: 61.31, f1: 69.45
epoch: 793, val_loss:0.761651, acc: 70.35, bacc: 81.84, tmp_test_f1: 61.52, f1: 69.45
epoch: 794, val_loss:0.743660, acc: 70.35, bacc: 81.84, tmp_test_f1: 59.24, f1: 69.45
epoch: 795, val_loss:0.773193, acc: 70.35, bacc: 81.84, tmp_test_f1: 54.00, f1: 69.45
epoch: 796, val_loss:0.828724, acc: 70.35, bacc: 81.84, tmp_test_f1: 52.18, f1: 69.45
epoch: 797, val_loss:0.861448, acc: 70.35, bacc: 81.84, tmp_test_f1: 52.27, f1: 69.45
epoch: 798, val_loss:0.889304, acc: 70.35, bacc: 81.84, tmp_test_f1: 56.46, f1: 69.45
epoch: 799, val_loss:0.850018, acc: 70.35, bacc: 81.84, tmp_test_f1: 58.08, f1: 69.45
epoch: 800, val_loss:0.815013, acc: 70.35, bacc: 81.84, tmp_test_f1: 58.77, f1: 69.45
epoch: 801, val_loss:0.767002, acc: 70.35, bacc: 81.84, tmp_test_f1: 58.74, f1: 69.45
epoch: 802, val_loss:0.764768, acc: 70.35, bacc: 81.84, tmp_test_f1: 60.04, f1: 69.45
epoch: 803, val_loss:0.774291, acc: 70.35, bacc: 81.84, tmp_test_f1: 60.13, f1: 69.45
epoch: 804, val_loss:0.818076, acc: 70.35, bacc: 81.84, tmp_test_f1: 60.09, f1: 69.45
epoch: 805, val_loss:0.817999, acc: 70.35, bacc: 81.84, tmp_test_f1: 59.44, f1: 69.45
epoch: 806, val_loss:0.803841, acc: 70.35, bacc: 81.84, tmp_test_f1: 54.67, f1: 69.45
epoch: 807, val_loss:0.827631, acc: 70.35, bacc: 81.84, tmp_test_f1: 51.95, f1: 69.45
epoch: 808, val_loss:0.878721, acc: 70.35, bacc: 81.84, tmp_test_f1: 49.91, f1: 69.45
epoch: 809, val_loss:0.928520, acc: 70.35, bacc: 81.84, tmp_test_f1: 50.38, f1: 69.45
epoch: 810, val_loss:0.916410, acc: 70.35, bacc: 81.84, tmp_test_f1: 54.93, f1: 69.45
epoch: 811, val_loss:0.843618, acc: 70.35, bacc: 81.84, tmp_test_f1: 58.83, f1: 69.45
epoch: 812, val_loss:0.785944, acc: 70.35, bacc: 81.84, tmp_test_f1: 62.02, f1: 69.45
epoch: 813, val_loss:0.765112, acc: 70.35, bacc: 81.84, tmp_test_f1: 61.96, f1: 69.45
epoch: 814, val_loss:0.766936, acc: 70.35, bacc: 81.84, tmp_test_f1: 58.98, f1: 69.45
epoch: 815, val_loss:0.797058, acc: 70.35, bacc: 81.84, tmp_test_f1: 56.11, f1: 69.45
epoch: 816, val_loss:0.814986, acc: 70.35, bacc: 81.84, tmp_test_f1: 52.73, f1: 69.45
epoch: 817, val_loss:0.840911, acc: 70.35, bacc: 81.84, tmp_test_f1: 55.37, f1: 69.45
epoch: 818, val_loss:0.824243, acc: 70.35, bacc: 81.84, tmp_test_f1: 59.48, f1: 69.45
epoch: 819, val_loss:0.798597, acc: 70.35, bacc: 81.84, tmp_test_f1: 59.53, f1: 69.45
epoch: 820, val_loss:0.801804, acc: 70.35, bacc: 81.84, tmp_test_f1: 60.16, f1: 69.45
epoch: 821, val_loss:0.794266, acc: 70.35, bacc: 81.84, tmp_test_f1: 58.88, f1: 69.45
epoch: 822, val_loss:0.790420, acc: 70.35, bacc: 81.84, tmp_test_f1: 56.01, f1: 69.45
epoch: 823, val_loss:0.807391, acc: 70.35, bacc: 81.84, tmp_test_f1: 52.89, f1: 69.45
epoch: 824, val_loss:0.829783, acc: 70.35, bacc: 81.84, tmp_test_f1: 54.91, f1: 69.45
epoch: 825, val_loss:0.831323, acc: 70.35, bacc: 81.84, tmp_test_f1: 56.38, f1: 69.45
epoch: 826, val_loss:0.841458, acc: 70.35, bacc: 81.84, tmp_test_f1: 59.21, f1: 69.45
epoch: 827, val_loss:0.821245, acc: 70.35, bacc: 81.84, tmp_test_f1: 58.56, f1: 69.45
epoch: 828, val_loss:0.794342, acc: 70.35, bacc: 81.84, tmp_test_f1: 55.35, f1: 69.45
epoch: 829, val_loss:0.792132, acc: 70.35, bacc: 81.84, tmp_test_f1: 57.25, f1: 69.45
epoch: 830, val_loss:0.788332, acc: 70.35, bacc: 81.84, tmp_test_f1: 58.28, f1: 69.45
epoch: 831, val_loss:0.799769, acc: 70.35, bacc: 81.84, tmp_test_f1: 58.71, f1: 69.45
epoch: 832, val_loss:0.825510, acc: 70.35, bacc: 81.84, tmp_test_f1: 56.47, f1: 69.45
epoch: 833, val_loss:0.815817, acc: 70.35, bacc: 81.84, tmp_test_f1: 55.20, f1: 69.45
epoch: 834, val_loss:0.798948, acc: 70.35, bacc: 81.84, tmp_test_f1: 55.49, f1: 69.45
epoch: 835, val_loss:0.794095, acc: 70.35, bacc: 81.84, tmp_test_f1: 60.10, f1: 69.45
epoch: 836, val_loss:0.774364, acc: 70.35, bacc: 81.84, tmp_test_f1: 61.83, f1: 69.45
epoch: 837, val_loss:0.770465, acc: 70.35, bacc: 81.84, tmp_test_f1: 61.01, f1: 69.45
epoch: 838, val_loss:0.767050, acc: 70.35, bacc: 81.84, tmp_test_f1: 59.62, f1: 69.45
epoch: 839, val_loss:0.773731, acc: 70.35, bacc: 81.84, tmp_test_f1: 58.27, f1: 69.45
epoch: 840, val_loss:0.766795, acc: 70.35, bacc: 81.84, tmp_test_f1: 57.09, f1: 69.45
epoch: 841, val_loss:0.783482, acc: 70.35, bacc: 81.84, tmp_test_f1: 58.38, f1: 69.45
epoch: 842, val_loss:0.808676, acc: 70.35, bacc: 81.84, tmp_test_f1: 57.21, f1: 69.45
epoch: 843, val_loss:0.832366, acc: 70.35, bacc: 81.84, tmp_test_f1: 55.02, f1: 69.45
epoch: 844, val_loss:0.862872, acc: 70.35, bacc: 81.84, tmp_test_f1: 54.13, f1: 69.45
epoch: 845, val_loss:0.858126, acc: 70.35, bacc: 81.84, tmp_test_f1: 53.63, f1: 69.45
epoch: 846, val_loss:0.840746, acc: 70.35, bacc: 81.84, tmp_test_f1: 55.29, f1: 69.45
epoch: 847, val_loss:0.837457, acc: 70.35, bacc: 81.84, tmp_test_f1: 56.56, f1: 69.45
epoch: 848, val_loss:0.815121, acc: 70.35, bacc: 81.84, tmp_test_f1: 57.18, f1: 69.45
epoch: 849, val_loss:0.801994, acc: 70.35, bacc: 81.84, tmp_test_f1: 57.27, f1: 69.45
epoch: 850, val_loss:0.806173, acc: 70.35, bacc: 81.84, tmp_test_f1: 58.10, f1: 69.45
epoch: 851, val_loss:0.811951, acc: 70.35, bacc: 81.84, tmp_test_f1: 57.49, f1: 69.45
epoch: 852, val_loss:0.821476, acc: 70.35, bacc: 81.84, tmp_test_f1: 57.85, f1: 69.45
epoch: 853, val_loss:0.809157, acc: 70.35, bacc: 81.84, tmp_test_f1: 59.30, f1: 69.45
epoch: 854, val_loss:0.789254, acc: 70.35, bacc: 81.84, tmp_test_f1: 60.90, f1: 69.45
epoch: 855, val_loss:0.765230, acc: 70.35, bacc: 81.84, tmp_test_f1: 60.40, f1: 69.45
epoch: 856, val_loss:0.775247, acc: 70.35, bacc: 81.84, tmp_test_f1: 56.67, f1: 69.45
epoch: 857, val_loss:0.826901, acc: 70.35, bacc: 81.84, tmp_test_f1: 51.77, f1: 69.45
epoch: 858, val_loss:0.900883, acc: 70.35, bacc: 81.84, tmp_test_f1: 51.86, f1: 69.45
epoch: 859, val_loss:0.875652, acc: 70.35, bacc: 81.84, tmp_test_f1: 53.56, f1: 69.45
epoch: 860, val_loss:0.829363, acc: 70.35, bacc: 81.84, tmp_test_f1: 58.13, f1: 69.45
epoch: 861, val_loss:0.795156, acc: 70.35, bacc: 81.84, tmp_test_f1: 60.06, f1: 69.45
epoch: 862, val_loss:0.783566, acc: 70.35, bacc: 81.84, tmp_test_f1: 60.18, f1: 69.45
epoch: 863, val_loss:0.781305, acc: 70.35, bacc: 81.84, tmp_test_f1: 58.79, f1: 69.45
epoch: 864, val_loss:0.792436, acc: 70.35, bacc: 81.84, tmp_test_f1: 59.12, f1: 69.45
epoch: 865, val_loss:0.796974, acc: 70.35, bacc: 81.84, tmp_test_f1: 61.39, f1: 69.45
epoch: 866, val_loss:0.759886, acc: 70.35, bacc: 81.84, tmp_test_f1: 62.97, f1: 69.45
epoch: 867, val_loss:0.735242, acc: 70.35, bacc: 81.84, tmp_test_f1: 60.12, f1: 69.45
epoch: 868, val_loss:0.752901, acc: 70.35, bacc: 81.84, tmp_test_f1: 55.81, f1: 69.45
epoch: 869, val_loss:0.814968, acc: 70.35, bacc: 81.84, tmp_test_f1: 53.16, f1: 69.45
epoch: 870, val_loss:0.880804, acc: 70.35, bacc: 81.84, tmp_test_f1: 53.50, f1: 69.45
epoch: 871, val_loss:0.888881, acc: 70.35, bacc: 81.84, tmp_test_f1: 56.80, f1: 69.45
epoch: 872, val_loss:0.840620, acc: 70.35, bacc: 81.84, tmp_test_f1: 56.48, f1: 69.45
epoch: 873, val_loss:0.803735, acc: 70.35, bacc: 81.84, tmp_test_f1: 57.28, f1: 69.45
epoch: 874, val_loss:0.781826, acc: 70.35, bacc: 81.84, tmp_test_f1: 59.43, f1: 69.45
epoch: 875, val_loss:0.781465, acc: 70.35, bacc: 81.84, tmp_test_f1: 59.50, f1: 69.45
epoch: 876, val_loss:0.809539, acc: 70.35, bacc: 81.84, tmp_test_f1: 57.90, f1: 69.45
epoch: 877, val_loss:0.839143, acc: 70.35, bacc: 81.84, tmp_test_f1: 55.02, f1: 69.45
epoch: 878, val_loss:0.831767, acc: 70.35, bacc: 81.84, tmp_test_f1: 53.76, f1: 69.45
epoch: 879, val_loss:0.824397, acc: 70.35, bacc: 81.84, tmp_test_f1: 53.96, f1: 69.45
epoch: 880, val_loss:0.812591, acc: 70.35, bacc: 81.84, tmp_test_f1: 56.56, f1: 69.45
epoch: 881, val_loss:0.826367, acc: 70.35, bacc: 81.84, tmp_test_f1: 58.42, f1: 69.45
epoch: 882, val_loss:0.818276, acc: 70.35, bacc: 81.84, tmp_test_f1: 59.78, f1: 69.45
epoch: 883, val_loss:0.807326, acc: 70.35, bacc: 81.84, tmp_test_f1: 59.57, f1: 69.45
epoch: 884, val_loss:0.800442, acc: 70.35, bacc: 81.84, tmp_test_f1: 57.38, f1: 69.45
epoch: 885, val_loss:0.786116, acc: 70.35, bacc: 81.84, tmp_test_f1: 56.08, f1: 69.45
epoch: 886, val_loss:0.787331, acc: 70.35, bacc: 81.84, tmp_test_f1: 58.55, f1: 69.45
epoch: 887, val_loss:0.775599, acc: 70.35, bacc: 81.84, tmp_test_f1: 61.13, f1: 69.45
epoch: 888, val_loss:0.766675, acc: 70.35, bacc: 81.84, tmp_test_f1: 61.94, f1: 69.45
epoch: 889, val_loss:0.781734, acc: 70.35, bacc: 81.84, tmp_test_f1: 59.54, f1: 69.45
epoch: 890, val_loss:0.804777, acc: 70.35, bacc: 81.84, tmp_test_f1: 54.63, f1: 69.45
epoch: 891, val_loss:0.822963, acc: 70.35, bacc: 81.84, tmp_test_f1: 51.17, f1: 69.45
epoch: 892, val_loss:0.839131, acc: 70.35, bacc: 81.84, tmp_test_f1: 52.78, f1: 69.45
epoch: 893, val_loss:0.833165, acc: 70.35, bacc: 81.84, tmp_test_f1: 60.05, f1: 69.45
epoch: 894, val_loss:0.795393, acc: 70.35, bacc: 81.84, tmp_test_f1: 61.98, f1: 69.45
epoch: 895, val_loss:0.790185, acc: 70.35, bacc: 81.84, tmp_test_f1: 61.90, f1: 69.45
epoch: 896, val_loss:0.778651, acc: 70.35, bacc: 81.84, tmp_test_f1: 59.39, f1: 69.45
epoch: 897, val_loss:0.788916, acc: 70.35, bacc: 81.84, tmp_test_f1: 58.53, f1: 69.45
epoch: 898, val_loss:0.783796, acc: 70.35, bacc: 81.84, tmp_test_f1: 58.29, f1: 69.45
epoch: 899, val_loss:0.797432, acc: 70.35, bacc: 81.84, tmp_test_f1: 56.67, f1: 69.45
epoch: 900, val_loss:0.809580, acc: 70.35, bacc: 81.84, tmp_test_f1: 54.97, f1: 69.45
epoch: 901, val_loss:0.814880, acc: 70.35, bacc: 81.84, tmp_test_f1: 57.07, f1: 69.45
epoch: 902, val_loss:0.827150, acc: 70.35, bacc: 81.84, tmp_test_f1: 56.84, f1: 69.45
epoch: 903, val_loss:0.845219, acc: 70.35, bacc: 81.84, tmp_test_f1: 59.58, f1: 69.45
epoch: 904, val_loss:0.816980, acc: 70.35, bacc: 81.84, tmp_test_f1: 60.85, f1: 69.45
epoch: 905, val_loss:0.778554, acc: 70.35, bacc: 81.84, tmp_test_f1: 59.64, f1: 69.45
epoch: 906, val_loss:0.763969, acc: 70.35, bacc: 81.84, tmp_test_f1: 58.84, f1: 69.45
epoch: 907, val_loss:0.774509, acc: 70.35, bacc: 81.84, tmp_test_f1: 56.97, f1: 69.45
epoch: 908, val_loss:0.806797, acc: 70.35, bacc: 81.84, tmp_test_f1: 58.25, f1: 69.45
epoch: 909, val_loss:0.822117, acc: 70.35, bacc: 81.84, tmp_test_f1: 61.05, f1: 69.45
epoch: 910, val_loss:0.792271, acc: 70.35, bacc: 81.84, tmp_test_f1: 57.76, f1: 69.45
epoch: 911, val_loss:0.799780, acc: 70.35, bacc: 81.84, tmp_test_f1: 54.56, f1: 69.45
epoch: 912, val_loss:0.828533, acc: 70.35, bacc: 81.84, tmp_test_f1: 53.41, f1: 69.45
epoch: 913, val_loss:0.846815, acc: 70.35, bacc: 81.84, tmp_test_f1: 55.66, f1: 69.45
epoch: 914, val_loss:0.850425, acc: 70.35, bacc: 81.84, tmp_test_f1: 59.83, f1: 69.45
epoch: 915, val_loss:0.826363, acc: 70.35, bacc: 81.84, tmp_test_f1: 62.83, f1: 69.45
epoch: 916, val_loss:0.762198, acc: 70.35, bacc: 81.84, tmp_test_f1: 62.40, f1: 69.45
epoch: 917, val_loss:0.735284, acc: 70.35, bacc: 81.84, tmp_test_f1: 61.01, f1: 69.45
epoch: 918, val_loss:0.734021, acc: 70.35, bacc: 81.84, tmp_test_f1: 58.28, f1: 69.45
epoch: 919, val_loss:0.797322, acc: 70.35, bacc: 81.84, tmp_test_f1: 57.06, f1: 69.45
epoch: 920, val_loss:0.860379, acc: 70.35, bacc: 81.84, tmp_test_f1: 53.55, f1: 69.45
epoch: 921, val_loss:0.904152, acc: 70.35, bacc: 81.84, tmp_test_f1: 54.96, f1: 69.45
epoch: 922, val_loss:0.838946, acc: 70.35, bacc: 81.84, tmp_test_f1: 57.07, f1: 69.45
epoch: 923, val_loss:0.794750, acc: 70.35, bacc: 81.84, tmp_test_f1: 58.90, f1: 69.45
epoch: 924, val_loss:0.797033, acc: 70.35, bacc: 81.84, tmp_test_f1: 57.66, f1: 69.45
epoch: 925, val_loss:0.828634, acc: 70.35, bacc: 81.84, tmp_test_f1: 57.50, f1: 69.45
epoch: 926, val_loss:0.824980, acc: 70.35, bacc: 81.84, tmp_test_f1: 55.26, f1: 69.45
epoch: 927, val_loss:0.834147, acc: 70.35, bacc: 81.84, tmp_test_f1: 55.40, f1: 69.45
epoch: 928, val_loss:0.818995, acc: 70.35, bacc: 81.84, tmp_test_f1: 58.44, f1: 69.45
epoch: 929, val_loss:0.783875, acc: 70.35, bacc: 81.84, tmp_test_f1: 58.67, f1: 69.45
epoch: 930, val_loss:0.833311, acc: 70.35, bacc: 81.84, tmp_test_f1: 58.88, f1: 69.45
epoch: 931, val_loss:0.815761, acc: 70.35, bacc: 81.84, tmp_test_f1: 58.68, f1: 69.45
epoch: 932, val_loss:0.785768, acc: 70.35, bacc: 81.84, tmp_test_f1: 56.39, f1: 69.45
epoch: 933, val_loss:0.800575, acc: 70.35, bacc: 81.84, tmp_test_f1: 59.09, f1: 69.45
epoch: 934, val_loss:0.800862, acc: 70.35, bacc: 81.84, tmp_test_f1: 60.84, f1: 69.45
epoch: 935, val_loss:0.825019, acc: 70.35, bacc: 81.84, tmp_test_f1: 58.81, f1: 69.45
epoch: 936, val_loss:0.822906, acc: 70.35, bacc: 81.84, tmp_test_f1: 56.34, f1: 69.45
epoch: 937, val_loss:0.826105, acc: 70.35, bacc: 81.84, tmp_test_f1: 55.35, f1: 69.45
epoch: 938, val_loss:0.825951, acc: 70.35, bacc: 81.84, tmp_test_f1: 55.59, f1: 69.45
epoch: 939, val_loss:0.817556, acc: 70.35, bacc: 81.84, tmp_test_f1: 54.94, f1: 69.45
epoch: 940, val_loss:0.845580, acc: 70.35, bacc: 81.84, tmp_test_f1: 54.95, f1: 69.45
epoch: 941, val_loss:0.858145, acc: 70.35, bacc: 81.84, tmp_test_f1: 56.66, f1: 69.45
epoch: 942, val_loss:0.824698, acc: 70.35, bacc: 81.84, tmp_test_f1: 60.23, f1: 69.45
epoch: 943, val_loss:0.759240, acc: 70.35, bacc: 81.84, tmp_test_f1: 62.26, f1: 69.45
epoch: 944, val_loss:0.737482, acc: 70.35, bacc: 81.84, tmp_test_f1: 61.51, f1: 69.45
epoch: 945, val_loss:0.754649, acc: 70.35, bacc: 81.84, tmp_test_f1: 55.22, f1: 69.45
epoch: 946, val_loss:0.827134, acc: 70.35, bacc: 81.84, tmp_test_f1: 51.17, f1: 69.45
epoch: 947, val_loss:0.932678, acc: 70.35, bacc: 81.84, tmp_test_f1: 50.14, f1: 69.45
epoch: 948, val_loss:0.983483, acc: 70.35, bacc: 81.84, tmp_test_f1: 52.79, f1: 69.45
epoch: 949, val_loss:0.849423, acc: 70.35, bacc: 81.84, tmp_test_f1: 59.46, f1: 69.45
epoch: 950, val_loss:0.761425, acc: 70.35, bacc: 81.84, tmp_test_f1: 62.82, f1: 69.45
epoch: 951, val_loss:0.719316, acc: 70.35, bacc: 81.84, tmp_test_f1: 62.02, f1: 69.45
epoch: 952, val_loss:0.749722, acc: 70.35, bacc: 81.84, tmp_test_f1: 58.58, f1: 69.45
epoch: 953, val_loss:0.818731, acc: 70.35, bacc: 81.84, tmp_test_f1: 55.30, f1: 69.45
epoch: 954, val_loss:0.844640, acc: 70.35, bacc: 81.84, tmp_test_f1: 54.04, f1: 69.45
epoch: 955, val_loss:0.822314, acc: 70.35, bacc: 81.84, tmp_test_f1: 52.63, f1: 69.45
epoch: 956, val_loss:0.847165, acc: 70.35, bacc: 81.84, tmp_test_f1: 51.59, f1: 69.45
epoch: 957, val_loss:0.884404, acc: 70.35, bacc: 81.84, tmp_test_f1: 58.56, f1: 69.45
epoch: 958, val_loss:0.827676, acc: 70.35, bacc: 81.84, tmp_test_f1: 58.48, f1: 69.45
epoch: 959, val_loss:0.793541, acc: 70.35, bacc: 81.84, tmp_test_f1: 61.38, f1: 69.45
epoch: 960, val_loss:0.737342, acc: 70.35, bacc: 81.84, tmp_test_f1: 63.19, f1: 69.45
epoch: 961, val_loss:0.712897, acc: 70.35, bacc: 81.84, tmp_test_f1: 63.08, f1: 69.45
epoch: 962, val_loss:0.732527, acc: 70.35, bacc: 81.84, tmp_test_f1: 57.78, f1: 69.45
epoch: 963, val_loss:0.832536, acc: 70.35, bacc: 81.84, tmp_test_f1: 49.45, f1: 69.45
epoch: 964, val_loss:0.953561, acc: 70.35, bacc: 81.84, tmp_test_f1: 49.79, f1: 69.45
epoch: 965, val_loss:0.954839, acc: 70.35, bacc: 81.84, tmp_test_f1: 54.31, f1: 69.45
epoch: 966, val_loss:0.848507, acc: 70.35, bacc: 81.84, tmp_test_f1: 57.31, f1: 69.45
epoch: 967, val_loss:0.780148, acc: 70.35, bacc: 81.84, tmp_test_f1: 60.61, f1: 69.45
epoch: 968, val_loss:0.748797, acc: 70.35, bacc: 81.84, tmp_test_f1: 61.72, f1: 69.45
epoch: 969, val_loss:0.764893, acc: 70.35, bacc: 81.84, tmp_test_f1: 61.68, f1: 69.45
epoch: 970, val_loss:0.791189, acc: 70.35, bacc: 81.84, tmp_test_f1: 58.24, f1: 69.45
epoch: 971, val_loss:0.822878, acc: 70.35, bacc: 81.84, tmp_test_f1: 55.28, f1: 69.45
epoch: 972, val_loss:0.831803, acc: 70.35, bacc: 81.84, tmp_test_f1: 54.93, f1: 69.45
epoch: 973, val_loss:0.816249, acc: 70.35, bacc: 81.84, tmp_test_f1: 55.94, f1: 69.45
epoch: 974, val_loss:0.800794, acc: 70.35, bacc: 81.84, tmp_test_f1: 58.96, f1: 69.45
epoch: 975, val_loss:0.802531, acc: 70.35, bacc: 81.84, tmp_test_f1: 61.25, f1: 69.45
epoch: 976, val_loss:0.793961, acc: 70.35, bacc: 81.84, tmp_test_f1: 59.24, f1: 69.45
epoch: 977, val_loss:0.815684, acc: 70.35, bacc: 81.84, tmp_test_f1: 57.97, f1: 69.45
epoch: 978, val_loss:0.806004, acc: 70.35, bacc: 81.84, tmp_test_f1: 54.68, f1: 69.45
epoch: 979, val_loss:0.804198, acc: 70.35, bacc: 81.84, tmp_test_f1: 54.58, f1: 69.45
epoch: 980, val_loss:0.809865, acc: 70.35, bacc: 81.84, tmp_test_f1: 56.44, f1: 69.45
epoch: 981, val_loss:0.826280, acc: 70.35, bacc: 81.84, tmp_test_f1: 57.37, f1: 69.45
epoch: 982, val_loss:0.845161, acc: 70.35, bacc: 81.84, tmp_test_f1: 55.40, f1: 69.45
epoch: 983, val_loss:0.854650, acc: 70.35, bacc: 81.84, tmp_test_f1: 55.02, f1: 69.45
epoch: 984, val_loss:0.831880, acc: 70.35, bacc: 81.84, tmp_test_f1: 56.59, f1: 69.45
epoch: 985, val_loss:0.801383, acc: 70.35, bacc: 81.84, tmp_test_f1: 59.57, f1: 69.45
epoch: 986, val_loss:0.766877, acc: 70.35, bacc: 81.84, tmp_test_f1: 59.92, f1: 69.45
epoch: 987, val_loss:0.777721, acc: 70.35, bacc: 81.84, tmp_test_f1: 58.86, f1: 69.45
epoch: 988, val_loss:0.819067, acc: 70.35, bacc: 81.84, tmp_test_f1: 56.00, f1: 69.45
epoch: 989, val_loss:0.847784, acc: 70.35, bacc: 81.84, tmp_test_f1: 52.81, f1: 69.45
epoch: 990, val_loss:0.862444, acc: 70.35, bacc: 81.84, tmp_test_f1: 52.99, f1: 69.45
epoch: 991, val_loss:0.859762, acc: 70.35, bacc: 81.84, tmp_test_f1: 57.39, f1: 69.45
epoch: 992, val_loss:0.794653, acc: 70.35, bacc: 81.84, tmp_test_f1: 62.21, f1: 69.45
epoch: 993, val_loss:0.750454, acc: 70.35, bacc: 81.84, tmp_test_f1: 61.69, f1: 69.45
epoch: 994, val_loss:0.763072, acc: 70.35, bacc: 81.84, tmp_test_f1: 58.20, f1: 69.45
epoch: 995, val_loss:0.801547, acc: 70.35, bacc: 81.84, tmp_test_f1: 52.01, f1: 69.45
epoch: 996, val_loss:0.853918, acc: 70.35, bacc: 81.84, tmp_test_f1: 51.55, f1: 69.45
epoch: 997, val_loss:0.894851, acc: 70.35, bacc: 81.84, tmp_test_f1: 50.55, f1: 69.45
epoch: 998, val_loss:0.900189, acc: 70.35, bacc: 81.84, tmp_test_f1: 52.69, f1: 69.45
epoch: 999, val_loss:0.860240, acc: 70.35, bacc: 81.84, tmp_test_f1: 57.78, f1: 69.45
epoch: 1000, val_loss:0.824973, acc: 70.35, bacc: 81.84, tmp_test_f1: 59.21, f1: 69.45
epoch: 1001, val_loss:0.787772, acc: 70.35, bacc: 81.84, tmp_test_f1: 58.06, f1: 69.45
epoch: 1002, val_loss:0.779051, acc: 70.35, bacc: 81.84, tmp_test_f1: 59.34, f1: 69.45
epoch: 1003, val_loss:0.770410, acc: 70.35, bacc: 81.84, tmp_test_f1: 58.78, f1: 69.45
epoch: 1004, val_loss:0.797273, acc: 70.35, bacc: 81.84, tmp_test_f1: 59.25, f1: 69.45
epoch: 1005, val_loss:0.811333, acc: 70.35, bacc: 81.84, tmp_test_f1: 56.31, f1: 69.45
epoch: 1006, val_loss:0.809938, acc: 70.35, bacc: 81.84, tmp_test_f1: 55.73, f1: 69.45
epoch: 1007, val_loss:0.814541, acc: 70.35, bacc: 81.84, tmp_test_f1: 57.32, f1: 69.45
epoch: 1008, val_loss:0.801794, acc: 70.35, bacc: 81.84, tmp_test_f1: 57.12, f1: 69.45
epoch: 1009, val_loss:0.822462, acc: 70.35, bacc: 81.84, tmp_test_f1: 58.13, f1: 69.45
epoch: 1010, val_loss:0.799192, acc: 70.35, bacc: 81.84, tmp_test_f1: 59.75, f1: 69.45
epoch: 1011, val_loss:0.766667, acc: 70.35, bacc: 81.84, tmp_test_f1: 62.88, f1: 69.45
epoch: 1012, val_loss:0.744404, acc: 70.35, bacc: 81.84, tmp_test_f1: 60.37, f1: 69.45
epoch: 1013, val_loss:0.787879, acc: 70.35, bacc: 81.84, tmp_test_f1: 56.71, f1: 69.45
epoch: 1014, val_loss:0.827624, acc: 70.35, bacc: 81.84, tmp_test_f1: 56.95, f1: 69.45
epoch: 1015, val_loss:0.808819, acc: 70.35, bacc: 81.84, tmp_test_f1: 59.26, f1: 69.45
epoch: 1016, val_loss:0.776102, acc: 70.35, bacc: 81.84, tmp_test_f1: 61.60, f1: 69.45
epoch: 1017, val_loss:0.777929, acc: 70.35, bacc: 81.84, tmp_test_f1: 58.34, f1: 69.45
epoch: 1018, val_loss:0.821437, acc: 70.35, bacc: 81.84, tmp_test_f1: 53.32, f1: 69.45
epoch: 1019, val_loss:0.849045, acc: 70.35, bacc: 81.84, tmp_test_f1: 52.61, f1: 69.45
epoch: 1020, val_loss:0.854776, acc: 70.35, bacc: 81.84, tmp_test_f1: 57.60, f1: 69.45
epoch: 1021, val_loss:0.802461, acc: 70.35, bacc: 81.84, tmp_test_f1: 62.52, f1: 69.45
epoch: 1022, val_loss:0.753898, acc: 70.35, bacc: 81.84, tmp_test_f1: 62.75, f1: 69.45
epoch: 1023, val_loss:0.762867, acc: 70.35, bacc: 81.84, tmp_test_f1: 56.89, f1: 69.45
epoch: 1024, val_loss:0.813470, acc: 70.35, bacc: 81.84, tmp_test_f1: 52.85, f1: 69.45
epoch: 1025, val_loss:0.873814, acc: 70.35, bacc: 81.84, tmp_test_f1: 55.56, f1: 69.45
epoch: 1026, val_loss:0.831146, acc: 70.35, bacc: 81.84, tmp_test_f1: 60.80, f1: 69.45
epoch: 1027, val_loss:0.783071, acc: 70.35, bacc: 81.84, tmp_test_f1: 61.30, f1: 69.45
epoch: 1028, val_loss:0.761461, acc: 70.35, bacc: 81.84, tmp_test_f1: 57.25, f1: 69.45
epoch: 1029, val_loss:0.775725, acc: 70.35, bacc: 81.84, tmp_test_f1: 53.91, f1: 69.45
epoch: 1030, val_loss:0.837090, acc: 70.35, bacc: 81.84, tmp_test_f1: 53.47, f1: 69.45
epoch: 1031, val_loss:0.891106, acc: 70.35, bacc: 81.84, tmp_test_f1: 55.13, f1: 69.45
epoch: 1032, val_loss:0.867833, acc: 70.35, bacc: 81.84, tmp_test_f1: 60.99, f1: 69.45
epoch: 1033, val_loss:0.790934, acc: 70.35, bacc: 81.84, tmp_test_f1: 60.40, f1: 69.45
epoch: 1034, val_loss:0.735916, acc: 70.35, bacc: 81.84, tmp_test_f1: 61.56, f1: 69.45
epoch: 1035, val_loss:0.722063, acc: 70.35, bacc: 81.84, tmp_test_f1: 58.89, f1: 69.45
epoch: 1036, val_loss:0.784999, acc: 70.35, bacc: 81.84, tmp_test_f1: 57.56, f1: 69.45
epoch: 1037, val_loss:0.861028, acc: 70.35, bacc: 81.84, tmp_test_f1: 58.70, f1: 69.45
epoch: 1038, val_loss:0.824344, acc: 70.35, bacc: 81.84, tmp_test_f1: 52.16, f1: 69.45
epoch: 1039, val_loss:0.841565, acc: 70.35, bacc: 81.84, tmp_test_f1: 51.92, f1: 69.45
epoch: 1040, val_loss:0.858466, acc: 70.35, bacc: 81.84, tmp_test_f1: 54.16, f1: 69.45
epoch: 1041, val_loss:0.882441, acc: 70.35, bacc: 81.84, tmp_test_f1: 55.19, f1: 69.45
epoch: 1042, val_loss:0.870715, acc: 70.35, bacc: 81.84, tmp_test_f1: 56.17, f1: 69.45
epoch: 1043, val_loss:0.863289, acc: 70.35, bacc: 81.84, tmp_test_f1: 57.80, f1: 69.45
epoch: 1044, val_loss:0.810248, acc: 70.35, bacc: 81.84, tmp_test_f1: 58.91, f1: 69.45
epoch: 1045, val_loss:0.758327, acc: 70.35, bacc: 81.84, tmp_test_f1: 60.06, f1: 69.45
epoch: 1046, val_loss:0.752878, acc: 70.35, bacc: 81.84, tmp_test_f1: 59.33, f1: 69.45
epoch: 1047, val_loss:0.779301, acc: 70.35, bacc: 81.84, tmp_test_f1: 58.16, f1: 69.45
epoch: 1048, val_loss:0.842713, acc: 70.35, bacc: 81.84, tmp_test_f1: 56.63, f1: 69.45
epoch: 1049, val_loss:0.823918, acc: 70.35, bacc: 81.84, tmp_test_f1: 55.87, f1: 69.45
epoch: 1050, val_loss:0.794162, acc: 70.35, bacc: 81.84, tmp_test_f1: 53.55, f1: 69.45
epoch: 1051, val_loss:0.810339, acc: 70.35, bacc: 81.84, tmp_test_f1: 54.94, f1: 69.45
epoch: 1052, val_loss:0.824024, acc: 70.35, bacc: 81.84, tmp_test_f1: 58.28, f1: 69.45
epoch: 1053, val_loss:0.861502, acc: 70.35, bacc: 81.84, tmp_test_f1: 56.48, f1: 69.45
epoch: 1054, val_loss:0.838701, acc: 70.35, bacc: 81.84, tmp_test_f1: 54.35, f1: 69.45
epoch: 1055, val_loss:0.807921, acc: 70.35, bacc: 81.84, tmp_test_f1: 55.54, f1: 69.45
epoch: 1056, val_loss:0.776154, acc: 70.35, bacc: 81.84, tmp_test_f1: 61.13, f1: 69.45
epoch: 1057, val_loss:0.756502, acc: 70.35, bacc: 81.84, tmp_test_f1: 62.96, f1: 69.45
epoch: 1058, val_loss:0.747278, acc: 70.35, bacc: 81.84, tmp_test_f1: 62.13, f1: 69.45
epoch: 1059, val_loss:0.752292, acc: 70.35, bacc: 81.84, tmp_test_f1: 53.78, f1: 69.45
epoch: 1060, val_loss:0.827177, acc: 70.35, bacc: 81.84, tmp_test_f1: 50.47, f1: 69.45
epoch: 1061, val_loss:0.928138, acc: 70.35, bacc: 81.84, tmp_test_f1: 50.10, f1: 69.45
epoch: 1062, val_loss:0.943761, acc: 70.35, bacc: 81.84, tmp_test_f1: 54.22, f1: 69.45
epoch: 1063, val_loss:0.874834, acc: 70.35, bacc: 81.84, tmp_test_f1: 61.65, f1: 69.45
epoch: 1064, val_loss:0.795278, acc: 70.35, bacc: 81.84, tmp_test_f1: 61.41, f1: 69.45
epoch: 1065, val_loss:0.760906, acc: 70.35, bacc: 81.84, tmp_test_f1: 56.74, f1: 69.45
epoch: 1066, val_loss:0.794702, acc: 70.35, bacc: 81.84, tmp_test_f1: 56.42, f1: 69.45
epoch: 1067, val_loss:0.798695, acc: 70.35, bacc: 81.84, tmp_test_f1: 61.49, f1: 69.45
epoch: 1068, val_loss:0.751643, acc: 70.35, bacc: 81.84, tmp_test_f1: 64.05, f1: 69.45
epoch: 1069, val_loss:0.741596, acc: 70.35, bacc: 81.84, tmp_test_f1: 60.12, f1: 69.45
epoch: 1070, val_loss:0.788726, acc: 70.35, bacc: 81.84, tmp_test_f1: 54.59, f1: 69.45
epoch: 1071, val_loss:0.847168, acc: 70.35, bacc: 81.84, tmp_test_f1: 52.37, f1: 69.45
epoch: 1072, val_loss:0.863273, acc: 70.35, bacc: 81.84, tmp_test_f1: 56.27, f1: 69.45
epoch: 1073, val_loss:0.832051, acc: 70.35, bacc: 81.84, tmp_test_f1: 59.76, f1: 69.45
epoch: 1074, val_loss:0.779260, acc: 70.35, bacc: 81.84, tmp_test_f1: 60.21, f1: 69.45
epoch: 1075, val_loss:0.755846, acc: 70.35, bacc: 81.84, tmp_test_f1: 58.81, f1: 69.45
epoch: 1076, val_loss:0.794596, acc: 70.35, bacc: 81.84, tmp_test_f1: 57.52, f1: 69.45
epoch: 1077, val_loss:0.836420, acc: 70.35, bacc: 81.84, tmp_test_f1: 57.42, f1: 69.45
epoch: 1078, val_loss:0.837385, acc: 70.35, bacc: 81.84, tmp_test_f1: 52.82, f1: 69.45
epoch: 1079, val_loss:0.835307, acc: 70.35, bacc: 81.84, tmp_test_f1: 53.04, f1: 69.45
epoch: 1080, val_loss:0.823595, acc: 70.35, bacc: 81.84, tmp_test_f1: 53.99, f1: 69.45
epoch: 1081, val_loss:0.841326, acc: 70.35, bacc: 81.84, tmp_test_f1: 55.43, f1: 69.45
epoch: 1082, val_loss:0.863838, acc: 70.35, bacc: 81.84, tmp_test_f1: 59.15, f1: 69.45
epoch: 1083, val_loss:0.806423, acc: 70.35, bacc: 81.84, tmp_test_f1: 62.88, f1: 69.45
epoch: 1084, val_loss:0.728140, acc: 70.35, bacc: 81.84, tmp_test_f1: 63.10, f1: 69.45
epoch: 1085, val_loss:0.712638, acc: 70.35, bacc: 81.84, tmp_test_f1: 60.67, f1: 69.45
epoch: 1086, val_loss:0.749887, acc: 70.35, bacc: 81.84, tmp_test_f1: 56.22, f1: 69.45
epoch: 1087, val_loss:0.838069, acc: 70.35, bacc: 81.84, tmp_test_f1: 51.41, f1: 69.45
epoch: 1088, val_loss:0.884103, acc: 70.35, bacc: 81.84, tmp_test_f1: 51.68, f1: 69.45
epoch: 1089, val_loss:0.883971, acc: 70.35, bacc: 81.84, tmp_test_f1: 53.55, f1: 69.45
epoch: 1090, val_loss:0.851052, acc: 70.35, bacc: 81.84, tmp_test_f1: 54.83, f1: 69.45
epoch: 1091, val_loss:0.826297, acc: 70.35, bacc: 81.84, tmp_test_f1: 58.48, f1: 69.45
epoch: 1092, val_loss:0.803276, acc: 70.35, bacc: 81.84, tmp_test_f1: 58.79, f1: 69.45
epoch: 1093, val_loss:0.794963, acc: 70.35, bacc: 81.84, tmp_test_f1: 59.15, f1: 69.45
epoch: 1094, val_loss:0.776523, acc: 70.35, bacc: 81.84, tmp_test_f1: 58.45, f1: 69.45
epoch: 1095, val_loss:0.757978, acc: 70.35, bacc: 81.84, tmp_test_f1: 54.79, f1: 69.45
epoch: 1096, val_loss:0.775993, acc: 70.35, bacc: 81.84, tmp_test_f1: 54.87, f1: 69.45
epoch: 1097, val_loss:0.823157, acc: 70.35, bacc: 81.84, tmp_test_f1: 54.62, f1: 69.45
epoch: 1098, val_loss:0.881043, acc: 70.35, bacc: 81.84, tmp_test_f1: 53.31, f1: 69.45
epoch: 1099, val_loss:0.872336, acc: 70.35, bacc: 81.84, tmp_test_f1: 56.56, f1: 69.45
epoch: 1100, val_loss:0.791912, acc: 70.35, bacc: 81.84, tmp_test_f1: 56.36, f1: 69.45
epoch: 1101, val_loss:0.776627, acc: 70.35, bacc: 81.84, tmp_test_f1: 57.31, f1: 69.45
epoch: 1102, val_loss:0.787332, acc: 70.35, bacc: 81.84, tmp_test_f1: 54.29, f1: 69.45
epoch: 1103, val_loss:0.834212, acc: 70.35, bacc: 81.84, tmp_test_f1: 51.72, f1: 69.45
epoch: 1104, val_loss:0.932167, acc: 70.35, bacc: 81.84, tmp_test_f1: 53.59, f1: 69.45
epoch: 1105, val_loss:0.920756, acc: 70.35, bacc: 81.84, tmp_test_f1: 54.60, f1: 69.45
epoch: 1106, val_loss:0.834358, acc: 70.35, bacc: 81.84, tmp_test_f1: 54.60, f1: 69.45
epoch: 1107, val_loss:0.810953, acc: 70.35, bacc: 81.84, tmp_test_f1: 58.21, f1: 69.45
epoch: 1108, val_loss:0.796256, acc: 70.35, bacc: 81.84, tmp_test_f1: 56.35, f1: 69.45
epoch: 1109, val_loss:0.836403, acc: 70.35, bacc: 81.84, tmp_test_f1: 59.02, f1: 69.45
epoch: 1110, val_loss:0.791012, acc: 70.35, bacc: 81.84, tmp_test_f1: 58.57, f1: 69.45
epoch: 1111, val_loss:0.762319, acc: 70.35, bacc: 81.84, tmp_test_f1: 57.97, f1: 69.45
SAGE Amazon-Computers 100 Aug 2311 EndEpoch 1111 lr 0.1
SHAsplit  0, acc: 70.35, bacc: 81.84, f1: 69.45
