cuda Device Index: 2
Namespace(to_undirected=False, from_SHA=False, IsDirectedData=False, AugDirect=0, net='SAGE', GPUdevice=2, seed=100, undirect_dataset='Coauthor-CS', Direct_dataset='dgl/', imb_ratio=100, dropout=0.1, num_filter=2, layer=2, alpha=0.1, K=2, feat_dim=64, warmup=5, epoch=1500, lr=0.01, l2=0.0005, tau=2, max=False, no_mask=False, gdc='ppr', heads=8, log_root='../logs/', log_path='test', data_path='../dataset/data/tmp/')
The Dataset is  CoauthorCS() from DirectedData:  False
Num_bidirect_edges: 81894, total_num_edges: 163788
This is directed graph:  False
data_x torch.Size([18333, 6805])
Aug 0 ,edges 163788 ,x 18333
test_f1 CountNotImproved reset to 0 in epoch 0
Aug 0 ,edges 163788 ,x 18333
Aug 0 ,edges 163788 ,x 18333
Aug 0 ,edges 163788 ,x 18333
Aug 0 ,edges 163788 ,x 18333
Aug 0 ,edges 163788 ,x 18333
Aug 0 ,edges 163788 ,x 18333
Aug 0 ,edges 163788 ,x 18333
Aug 0 ,edges 163788 ,x 18333
Aug 0 ,edges 163788 ,x 18333
Aug 0 ,edges 163788 ,x 18333
Aug 0 ,edges 163788 ,x 18333
Aug 0 ,edges 163788 ,x 18333
Aug 0 ,edges 163788 ,x 18333
Aug 0 ,edges 163788 ,x 18333
Aug 0 ,edges 163788 ,x 18333
test_f1 CountNotImproved reset to 0 in epoch 15
Aug 0 ,edges 163788 ,x 18333
Aug 0 ,edges 163788 ,x 18333
Aug 0 ,edges 163788 ,x 18333
Aug 0 ,edges 163788 ,x 18333
Aug 0 ,edges 163788 ,x 18333
Aug 0 ,edges 163788 ,x 18333
Aug 0 ,edges 163788 ,x 18333
Aug 0 ,edges 163788 ,x 18333
Aug 0 ,edges 163788 ,x 18333
Aug 0 ,edges 163788 ,x 18333
Aug 0 ,edges 163788 ,x 18333
Aug 0 ,edges 163788 ,x 18333
Aug 0 ,edges 163788 ,x 18333
Aug 0 ,edges 163788 ,x 18333
Aug 0 ,edges 163788 ,x 18333
Aug 0 ,edges 163788 ,x 18333
Aug 0 ,edges 163788 ,x 18333
Aug 0 ,edges 163788 ,x 18333
Aug 0 ,edges 163788 ,x 18333
Aug 0 ,edges 163788 ,x 18333
Aug 0 ,edges 163788 ,x 18333
Aug 0 ,edges 163788 ,x 18333
Aug 0 ,edges 163788 ,x 18333
Aug 0 ,edges 163788 ,x 18333
Aug 0 ,edges 163788 ,x 18333
Aug 0 ,edges 163788 ,x 18333
Aug 0 ,edges 163788 ,x 18333
Aug 0 ,edges 163788 ,x 18333
Aug 0 ,edges 163788 ,x 18333
Aug 0 ,edges 163788 ,x 18333
Aug 0 ,edges 163788 ,x 18333
Aug 0 ,edges 163788 ,x 18333
Aug 0 ,edges 163788 ,x 18333
Aug 0 ,edges 163788 ,x 18333
Aug 0 ,edges 163788 ,x 18333
Aug 0 ,edges 163788 ,x 18333
Aug 0 ,edges 163788 ,x 18333
Aug 0 ,edges 163788 ,x 18333
Aug 0 ,edges 163788 ,x 18333
Aug 0 ,edges 163788 ,x 18333
Aug 0 ,edges 163788 ,x 18333
Aug 0 ,edges 163788 ,x 18333
Aug 0 ,edges 163788 ,x 18333
Aug 0 ,edges 163788 ,x 18333
Aug 0 ,edges 163788 ,x 18333
Aug 0 ,edges 163788 ,x 18333
Aug 0 ,edges 163788 ,x 18333
Aug 0 ,edges 163788 ,x 18333
Aug 0 ,edges 163788 ,x 18333
Aug 0 ,edges 163788 ,x 18333
Aug 0 ,edges 163788 ,x 18333
Aug 0 ,edges 163788 ,x 18333
Aug 0 ,edges 163788 ,x 18333
Aug 0 ,edges 163788 ,x 18333
Aug 0 ,edges 163788 ,x 18333
Aug 0 ,edges 163788 ,x 18333
Aug 0 ,edges 163788 ,x 18333
Aug 0 ,edges 163788 ,x 18333
Aug 0 ,edges 163788 ,x 18333
Aug 0 ,edges 163788 ,x 18333
Aug 0 ,edges 163788 ,x 18333
Aug 0 ,edges 163788 ,x 18333
Aug 0 ,edges 163788 ,x 18333
Aug 0 ,edges 163788 ,x 18333
Aug 0 ,edges 163788 ,x 18333
Aug 0 ,edges 163788 ,x 18333
test_f1 CountNotImproved reset to 0 in epoch 81
Aug 0 ,edges 163788 ,x 18333
test_f1 CountNotImproved reset to 0 in epoch 82
Aug 0 ,edges 163788 ,x 18333
Aug 0 ,edges 163788 ,x 18333
Aug 0 ,edges 163788 ,x 18333
Aug 0 ,edges 163788 ,x 18333
Aug 0 ,edges 163788 ,x 18333
Aug 0 ,edges 163788 ,x 18333
Aug 0 ,edges 163788 ,x 18333
Aug 0 ,edges 163788 ,x 18333
Aug 0 ,edges 163788 ,x 18333
Aug 0 ,edges 163788 ,x 18333
Aug 0 ,edges 163788 ,x 18333
Aug 0 ,edges 163788 ,x 18333
Aug 0 ,edges 163788 ,x 18333
Aug 0 ,edges 163788 ,x 18333
Aug 0 ,edges 163788 ,x 18333
Aug 0 ,edges 163788 ,x 18333
Aug 0 ,edges 163788 ,x 18333
Aug 0 ,edges 163788 ,x 18333
Aug 0 ,edges 163788 ,x 18333
Aug 0 ,edges 163788 ,x 18333
Aug 0 ,edges 163788 ,x 18333
Aug 0 ,edges 163788 ,x 18333
Aug 0 ,edges 163788 ,x 18333
Aug 0 ,edges 163788 ,x 18333
Aug 0 ,edges 163788 ,x 18333
Aug 0 ,edges 163788 ,x 18333
Aug 0 ,edges 163788 ,x 18333
Aug 0 ,edges 163788 ,x 18333
Aug 0 ,edges 163788 ,x 18333
Aug 0 ,edges 163788 ,x 18333
Aug 0 ,edges 163788 ,x 18333
Aug 0 ,edges 163788 ,x 18333
Aug 0 ,edges 163788 ,x 18333
Aug 0 ,edges 163788 ,x 18333
Aug 0 ,edges 163788 ,x 18333
Aug 0 ,edges 163788 ,x 18333
Aug 0 ,edges 163788 ,x 18333
Aug 0 ,edges 163788 ,x 18333
Aug 0 ,edges 163788 ,x 18333
Aug 0 ,edges 163788 ,x 18333
Aug 0 ,edges 163788 ,x 18333
Aug 0 ,edges 163788 ,x 18333
Aug 0 ,edges 163788 ,x 18333
Aug 0 ,edges 163788 ,x 18333
Aug 0 ,edges 163788 ,x 18333
Aug 0 ,edges 163788 ,x 18333
Aug 0 ,edges 163788 ,x 18333
Aug 0 ,edges 163788 ,x 18333
Aug 0 ,edges 163788 ,x 18333
Aug 0 ,edges 163788 ,x 18333
Aug 0 ,edges 163788 ,x 18333
Aug 0 ,edges 163788 ,x 18333
Aug 0 ,edges 163788 ,x 18333
Aug 0 ,edges 163788 ,x 18333
Aug 0 ,edges 163788 ,x 18333
Aug 0 ,edges 163788 ,x 18333
Aug 0 ,edges 163788 ,x 18333
Aug 0 ,edges 163788 ,x 18333
Aug 0 ,edges 163788 ,x 18333
Aug 0 ,edges 163788 ,x 18333
Aug 0 ,edges 163788 ,x 18333
Aug 0 ,edges 163788 ,x 18333
Aug 0 ,edges 163788 ,x 18333
Aug 0 ,edges 163788 ,x 18333
test_f1 CountNotImproved reset to 0 in epoch 146
Aug 0 ,edges 163788 ,x 18333
test_f1 CountNotImproved reset to 0 in epoch 147
Aug 0 ,edges 163788 ,x 18333
test_f1 CountNotImproved reset to 0 in epoch 148
Aug 0 ,edges 163788 ,x 18333
test_f1 CountNotImproved reset to 0 in epoch 149
Aug 0 ,edges 163788 ,x 18333
test_f1 CountNotImproved reset to 0 in epoch 150
Aug 0 ,edges 163788 ,x 18333
test_f1 CountNotImproved reset to 0 in epoch 151
Aug 0 ,edges 163788 ,x 18333
test_f1 CountNotImproved reset to 0 in epoch 152
Aug 0 ,edges 163788 ,x 18333
test_f1 CountNotImproved reset to 0 in epoch 153
Aug 0 ,edges 163788 ,x 18333
test_f1 CountNotImproved reset to 0 in epoch 154
Aug 0 ,edges 163788 ,x 18333
test_f1 CountNotImproved reset to 0 in epoch 155
Aug 0 ,edges 163788 ,x 18333
test_f1 CountNotImproved reset to 0 in epoch 156
Aug 0 ,edges 163788 ,x 18333
test_f1 CountNotImproved reset to 0 in epoch 157
Aug 0 ,edges 163788 ,x 18333
test_f1 CountNotImproved reset to 0 in epoch 158
Aug 0 ,edges 163788 ,x 18333
test_f1 CountNotImproved reset to 0 in epoch 159
Aug 0 ,edges 163788 ,x 18333
Aug 0 ,edges 163788 ,x 18333
Aug 0 ,edges 163788 ,x 18333
Aug 0 ,edges 163788 ,x 18333
Aug 0 ,edges 163788 ,x 18333
Aug 0 ,edges 163788 ,x 18333
Aug 0 ,edges 163788 ,x 18333
Aug 0 ,edges 163788 ,x 18333
test_f1 CountNotImproved reset to 0 in epoch 167
Aug 0 ,edges 163788 ,x 18333
test_f1 CountNotImproved reset to 0 in epoch 168
Aug 0 ,edges 163788 ,x 18333
Aug 0 ,edges 163788 ,x 18333
Aug 0 ,edges 163788 ,x 18333
Aug 0 ,edges 163788 ,x 18333
test_f1 CountNotImproved reset to 0 in epoch 172
Aug 0 ,edges 163788 ,x 18333
test_f1 CountNotImproved reset to 0 in epoch 173
Aug 0 ,edges 163788 ,x 18333
Aug 0 ,edges 163788 ,x 18333
Aug 0 ,edges 163788 ,x 18333
test_f1 CountNotImproved reset to 0 in epoch 176
Aug 0 ,edges 163788 ,x 18333
test_f1 CountNotImproved reset to 0 in epoch 177
Aug 0 ,edges 163788 ,x 18333
Aug 0 ,edges 163788 ,x 18333
test_f1 CountNotImproved reset to 0 in epoch 179
Aug 0 ,edges 163788 ,x 18333
test_f1 CountNotImproved reset to 0 in epoch 180
Aug 0 ,edges 163788 ,x 18333
test_f1 CountNotImproved reset to 0 in epoch 181
Aug 0 ,edges 163788 ,x 18333
test_f1 CountNotImproved reset to 0 in epoch 182
Aug 0 ,edges 163788 ,x 18333
test_f1 CountNotImproved reset to 0 in epoch 183
Aug 0 ,edges 163788 ,x 18333
test_f1 CountNotImproved reset to 0 in epoch 184
Aug 0 ,edges 163788 ,x 18333
test_f1 CountNotImproved reset to 0 in epoch 185
Aug 0 ,edges 163788 ,x 18333
test_f1 CountNotImproved reset to 0 in epoch 186
Aug 0 ,edges 163788 ,x 18333
test_f1 CountNotImproved reset to 0 in epoch 187
Aug 0 ,edges 163788 ,x 18333
test_f1 CountNotImproved reset to 0 in epoch 188
Aug 0 ,edges 163788 ,x 18333
test_f1 CountNotImproved reset to 0 in epoch 189
Aug 0 ,edges 163788 ,x 18333
test_f1 CountNotImproved reset to 0 in epoch 190
Aug 0 ,edges 163788 ,x 18333
test_f1 CountNotImproved reset to 0 in epoch 191
Aug 0 ,edges 163788 ,x 18333
test_f1 CountNotImproved reset to 0 in epoch 192
Aug 0 ,edges 163788 ,x 18333
test_f1 CountNotImproved reset to 0 in epoch 193
Aug 0 ,edges 163788 ,x 18333
test_f1 CountNotImproved reset to 0 in epoch 194
Aug 0 ,edges 163788 ,x 18333
test_f1 CountNotImproved reset to 0 in epoch 195
Aug 0 ,edges 163788 ,x 18333
test_f1 CountNotImproved reset to 0 in epoch 196
Aug 0 ,edges 163788 ,x 18333
test_f1 CountNotImproved reset to 0 in epoch 197
Aug 0 ,edges 163788 ,x 18333
test_f1 CountNotImproved reset to 0 in epoch 198
Aug 0 ,edges 163788 ,x 18333
test_f1 CountNotImproved reset to 0 in epoch 199
Aug 0 ,edges 163788 ,x 18333
test_f1 CountNotImproved reset to 0 in epoch 200
Aug 0 ,edges 163788 ,x 18333
Epoch 00201: reducing learning rate of group 0 to 5.0000e-03.
test_f1 CountNotImproved reset to 0 in epoch 201
Aug 0 ,edges 163788 ,x 18333
test_f1 CountNotImproved reset to 0 in epoch 202
Aug 0 ,edges 163788 ,x 18333
Aug 0 ,edges 163788 ,x 18333
Aug 0 ,edges 163788 ,x 18333
test_f1 CountNotImproved reset to 0 in epoch 205
Aug 0 ,edges 163788 ,x 18333
test_f1 CountNotImproved reset to 0 in epoch 206
Aug 0 ,edges 163788 ,x 18333
test_f1 CountNotImproved reset to 0 in epoch 207
Aug 0 ,edges 163788 ,x 18333
test_f1 CountNotImproved reset to 0 in epoch 208
Aug 0 ,edges 163788 ,x 18333
Aug 0 ,edges 163788 ,x 18333
Aug 0 ,edges 163788 ,x 18333
Aug 0 ,edges 163788 ,x 18333
test_f1 CountNotImproved reset to 0 in epoch 212
Aug 0 ,edges 163788 ,x 18333
test_f1 CountNotImproved reset to 0 in epoch 213
Aug 0 ,edges 163788 ,x 18333
test_f1 CountNotImproved reset to 0 in epoch 214
Aug 0 ,edges 163788 ,x 18333
test_f1 CountNotImproved reset to 0 in epoch 215
Aug 0 ,edges 163788 ,x 18333
Aug 0 ,edges 163788 ,x 18333
Aug 0 ,edges 163788 ,x 18333
Aug 0 ,edges 163788 ,x 18333
test_f1 CountNotImproved reset to 0 in epoch 219
Aug 0 ,edges 163788 ,x 18333
test_f1 CountNotImproved reset to 0 in epoch 220
Aug 0 ,edges 163788 ,x 18333
Aug 0 ,edges 163788 ,x 18333
Aug 0 ,edges 163788 ,x 18333
Aug 0 ,edges 163788 ,x 18333
Aug 0 ,edges 163788 ,x 18333
Aug 0 ,edges 163788 ,x 18333
test_f1 CountNotImproved reset to 0 in epoch 226
Aug 0 ,edges 163788 ,x 18333
test_f1 CountNotImproved reset to 0 in epoch 227
Aug 0 ,edges 163788 ,x 18333
test_f1 CountNotImproved reset to 0 in epoch 228
Aug 0 ,edges 163788 ,x 18333
test_f1 CountNotImproved reset to 0 in epoch 229
Aug 0 ,edges 163788 ,x 18333
test_f1 CountNotImproved reset to 0 in epoch 230
Aug 0 ,edges 163788 ,x 18333
test_f1 CountNotImproved reset to 0 in epoch 231
Aug 0 ,edges 163788 ,x 18333
test_f1 CountNotImproved reset to 0 in epoch 232
Aug 0 ,edges 163788 ,x 18333
Aug 0 ,edges 163788 ,x 18333
Aug 0 ,edges 163788 ,x 18333
Aug 0 ,edges 163788 ,x 18333
Aug 0 ,edges 163788 ,x 18333
Aug 0 ,edges 163788 ,x 18333
Aug 0 ,edges 163788 ,x 18333
Aug 0 ,edges 163788 ,x 18333
Aug 0 ,edges 163788 ,x 18333
Aug 0 ,edges 163788 ,x 18333
Aug 0 ,edges 163788 ,x 18333
Aug 0 ,edges 163788 ,x 18333
Aug 0 ,edges 163788 ,x 18333
test_f1 CountNotImproved reset to 0 in epoch 245
Aug 0 ,edges 163788 ,x 18333
test_f1 CountNotImproved reset to 0 in epoch 246
Aug 0 ,edges 163788 ,x 18333
Aug 0 ,edges 163788 ,x 18333
Aug 0 ,edges 163788 ,x 18333
Aug 0 ,edges 163788 ,x 18333
test_f1 CountNotImproved reset to 0 in epoch 250
Aug 0 ,edges 163788 ,x 18333
test_f1 CountNotImproved reset to 0 in epoch 251
Aug 0 ,edges 163788 ,x 18333
Aug 0 ,edges 163788 ,x 18333
Aug 0 ,edges 163788 ,x 18333
test_f1 CountNotImproved reset to 0 in epoch 254
Aug 0 ,edges 163788 ,x 18333
test_f1 CountNotImproved reset to 0 in epoch 255
Aug 0 ,edges 163788 ,x 18333
Aug 0 ,edges 163788 ,x 18333
test_f1 CountNotImproved reset to 0 in epoch 257
Aug 0 ,edges 163788 ,x 18333
test_f1 CountNotImproved reset to 0 in epoch 258
Aug 0 ,edges 163788 ,x 18333
test_f1 CountNotImproved reset to 0 in epoch 259
Aug 0 ,edges 163788 ,x 18333
test_f1 CountNotImproved reset to 0 in epoch 260
Aug 0 ,edges 163788 ,x 18333
test_f1 CountNotImproved reset to 0 in epoch 261
Aug 0 ,edges 163788 ,x 18333
Aug 0 ,edges 163788 ,x 18333
Aug 0 ,edges 163788 ,x 18333
Aug 0 ,edges 163788 ,x 18333
Aug 0 ,edges 163788 ,x 18333
Aug 0 ,edges 163788 ,x 18333
Aug 0 ,edges 163788 ,x 18333
Aug 0 ,edges 163788 ,x 18333
Aug 0 ,edges 163788 ,x 18333
Aug 0 ,edges 163788 ,x 18333
Aug 0 ,edges 163788 ,x 18333
Aug 0 ,edges 163788 ,x 18333
Aug 0 ,edges 163788 ,x 18333
Aug 0 ,edges 163788 ,x 18333
Aug 0 ,edges 163788 ,x 18333
Aug 0 ,edges 163788 ,x 18333
Aug 0 ,edges 163788 ,x 18333
Aug 0 ,edges 163788 ,x 18333
Aug 0 ,edges 163788 ,x 18333
Aug 0 ,edges 163788 ,x 18333
Aug 0 ,edges 163788 ,x 18333
Aug 0 ,edges 163788 ,x 18333
Aug 0 ,edges 163788 ,x 18333
Aug 0 ,edges 163788 ,x 18333
Aug 0 ,edges 163788 ,x 18333
Aug 0 ,edges 163788 ,x 18333
Aug 0 ,edges 163788 ,x 18333
Aug 0 ,edges 163788 ,x 18333
Aug 0 ,edges 163788 ,x 18333
Aug 0 ,edges 163788 ,x 18333
Aug 0 ,edges 163788 ,x 18333
Aug 0 ,edges 163788 ,x 18333
Aug 0 ,edges 163788 ,x 18333
Aug 0 ,edges 163788 ,x 18333
Aug 0 ,edges 163788 ,x 18333
Aug 0 ,edges 163788 ,x 18333
Aug 0 ,edges 163788 ,x 18333
Aug 0 ,edges 163788 ,x 18333
Aug 0 ,edges 163788 ,x 18333
Aug 0 ,edges 163788 ,x 18333
Aug 0 ,edges 163788 ,x 18333
Aug 0 ,edges 163788 ,x 18333
Aug 0 ,edges 163788 ,x 18333
Aug 0 ,edges 163788 ,x 18333
Aug 0 ,edges 163788 ,x 18333
Aug 0 ,edges 163788 ,x 18333
Aug 0 ,edges 163788 ,x 18333
Aug 0 ,edges 163788 ,x 18333
Aug 0 ,edges 163788 ,x 18333
Aug 0 ,edges 163788 ,x 18333
Aug 0 ,edges 163788 ,x 18333
Aug 0 ,edges 163788 ,x 18333
Aug 0 ,edges 163788 ,x 18333
Aug 0 ,edges 163788 ,x 18333
Aug 0 ,edges 163788 ,x 18333
Aug 0 ,edges 163788 ,x 18333
Aug 0 ,edges 163788 ,x 18333
Aug 0 ,edges 163788 ,x 18333
Aug 0 ,edges 163788 ,x 18333
Aug 0 ,edges 163788 ,x 18333
Aug 0 ,edges 163788 ,x 18333
Aug 0 ,edges 163788 ,x 18333
Aug 0 ,edges 163788 ,x 18333
Aug 0 ,edges 163788 ,x 18333
Aug 0 ,edges 163788 ,x 18333
Aug 0 ,edges 163788 ,x 18333
Aug 0 ,edges 163788 ,x 18333
Aug 0 ,edges 163788 ,x 18333
Aug 0 ,edges 163788 ,x 18333
Aug 0 ,edges 163788 ,x 18333
Aug 0 ,edges 163788 ,x 18333
Aug 0 ,edges 163788 ,x 18333
Aug 0 ,edges 163788 ,x 18333
Aug 0 ,edges 163788 ,x 18333
Aug 0 ,edges 163788 ,x 18333
Aug 0 ,edges 163788 ,x 18333
Aug 0 ,edges 163788 ,x 18333
Aug 0 ,edges 163788 ,x 18333
Aug 0 ,edges 163788 ,x 18333
Aug 0 ,edges 163788 ,x 18333
Aug 0 ,edges 163788 ,x 18333
Aug 0 ,edges 163788 ,x 18333
Aug 0 ,edges 163788 ,x 18333
Aug 0 ,edges 163788 ,x 18333
Aug 0 ,edges 163788 ,x 18333
Aug 0 ,edges 163788 ,x 18333
Aug 0 ,edges 163788 ,x 18333
Aug 0 ,edges 163788 ,x 18333
Aug 0 ,edges 163788 ,x 18333
Aug 0 ,edges 163788 ,x 18333
Aug 0 ,edges 163788 ,x 18333
Aug 0 ,edges 163788 ,x 18333
Aug 0 ,edges 163788 ,x 18333
Aug 0 ,edges 163788 ,x 18333
Aug 0 ,edges 163788 ,x 18333
Aug 0 ,edges 163788 ,x 18333
Aug 0 ,edges 163788 ,x 18333
Aug 0 ,edges 163788 ,x 18333
Aug 0 ,edges 163788 ,x 18333
Aug 0 ,edges 163788 ,x 18333
Aug 0 ,edges 163788 ,x 18333
Aug 0 ,edges 163788 ,x 18333
Aug 0 ,edges 163788 ,x 18333
Aug 0 ,edges 163788 ,x 18333
Aug 0 ,edges 163788 ,x 18333
Aug 0 ,edges 163788 ,x 18333
Aug 0 ,edges 163788 ,x 18333
Aug 0 ,edges 163788 ,x 18333
Aug 0 ,edges 163788 ,x 18333
Aug 0 ,edges 163788 ,x 18333
Aug 0 ,edges 163788 ,x 18333
Aug 0 ,edges 163788 ,x 18333
Aug 0 ,edges 163788 ,x 18333
Aug 0 ,edges 163788 ,x 18333
Aug 0 ,edges 163788 ,x 18333
Aug 0 ,edges 163788 ,x 18333
Aug 0 ,edges 163788 ,x 18333
Aug 0 ,edges 163788 ,x 18333
Aug 0 ,edges 163788 ,x 18333
Aug 0 ,edges 163788 ,x 18333
Aug 0 ,edges 163788 ,x 18333
Aug 0 ,edges 163788 ,x 18333
Aug 0 ,edges 163788 ,x 18333
Aug 0 ,edges 163788 ,x 18333
Aug 0 ,edges 163788 ,x 18333
Aug 0 ,edges 163788 ,x 18333
Aug 0 ,edges 163788 ,x 18333
Aug 0 ,edges 163788 ,x 18333
Aug 0 ,edges 163788 ,x 18333
Aug 0 ,edges 163788 ,x 18333
Aug 0 ,edges 163788 ,x 18333
Aug 0 ,edges 163788 ,x 18333
Aug 0 ,edges 163788 ,x 18333
Aug 0 ,edges 163788 ,x 18333
Aug 0 ,edges 163788 ,x 18333
Aug 0 ,edges 163788 ,x 18333
Aug 0 ,edges 163788 ,x 18333
Aug 0 ,edges 163788 ,x 18333
Aug 0 ,edges 163788 ,x 18333
Aug 0 ,edges 163788 ,x 18333
Aug 0 ,edges 163788 ,x 18333
Epoch 00402: reducing learning rate of group 0 to 2.5000e-03.
Aug 0 ,edges 163788 ,x 18333
Aug 0 ,edges 163788 ,x 18333
Aug 0 ,edges 163788 ,x 18333
Aug 0 ,edges 163788 ,x 18333
Aug 0 ,edges 163788 ,x 18333
Aug 0 ,edges 163788 ,x 18333
Aug 0 ,edges 163788 ,x 18333
Aug 0 ,edges 163788 ,x 18333
Aug 0 ,edges 163788 ,x 18333
Aug 0 ,edges 163788 ,x 18333
Aug 0 ,edges 163788 ,x 18333
Aug 0 ,edges 163788 ,x 18333
Aug 0 ,edges 163788 ,x 18333
Aug 0 ,edges 163788 ,x 18333
Aug 0 ,edges 163788 ,x 18333
Aug 0 ,edges 163788 ,x 18333
Aug 0 ,edges 163788 ,x 18333
Aug 0 ,edges 163788 ,x 18333
Aug 0 ,edges 163788 ,x 18333
Aug 0 ,edges 163788 ,x 18333
Aug 0 ,edges 163788 ,x 18333
Aug 0 ,edges 163788 ,x 18333
Aug 0 ,edges 163788 ,x 18333
Aug 0 ,edges 163788 ,x 18333
Aug 0 ,edges 163788 ,x 18333
Aug 0 ,edges 163788 ,x 18333
Aug 0 ,edges 163788 ,x 18333
Aug 0 ,edges 163788 ,x 18333
Aug 0 ,edges 163788 ,x 18333
Aug 0 ,edges 163788 ,x 18333
Aug 0 ,edges 163788 ,x 18333
Aug 0 ,edges 163788 ,x 18333
Aug 0 ,edges 163788 ,x 18333
Aug 0 ,edges 163788 ,x 18333
Aug 0 ,edges 163788 ,x 18333
Aug 0 ,edges 163788 ,x 18333
Aug 0 ,edges 163788 ,x 18333
Aug 0 ,edges 163788 ,x 18333
Aug 0 ,edges 163788 ,x 18333
Aug 0 ,edges 163788 ,x 18333
Aug 0 ,edges 163788 ,x 18333
Aug 0 ,edges 163788 ,x 18333
Aug 0 ,edges 163788 ,x 18333
Aug 0 ,edges 163788 ,x 18333
Aug 0 ,edges 163788 ,x 18333
Aug 0 ,edges 163788 ,x 18333
Aug 0 ,edges 163788 ,x 18333
Aug 0 ,edges 163788 ,x 18333
Aug 0 ,edges 163788 ,x 18333
Aug 0 ,edges 163788 ,x 18333
Aug 0 ,edges 163788 ,x 18333
Aug 0 ,edges 163788 ,x 18333
Aug 0 ,edges 163788 ,x 18333
Aug 0 ,edges 163788 ,x 18333
Aug 0 ,edges 163788 ,x 18333
Aug 0 ,edges 163788 ,x 18333
Aug 0 ,edges 163788 ,x 18333
Aug 0 ,edges 163788 ,x 18333
Aug 0 ,edges 163788 ,x 18333
Aug 0 ,edges 163788 ,x 18333
Aug 0 ,edges 163788 ,x 18333
Aug 0 ,edges 163788 ,x 18333
Aug 0 ,edges 163788 ,x 18333
Aug 0 ,edges 163788 ,x 18333
Aug 0 ,edges 163788 ,x 18333
Aug 0 ,edges 163788 ,x 18333
Aug 0 ,edges 163788 ,x 18333
Aug 0 ,edges 163788 ,x 18333
Aug 0 ,edges 163788 ,x 18333
Aug 0 ,edges 163788 ,x 18333
Aug 0 ,edges 163788 ,x 18333
Aug 0 ,edges 163788 ,x 18333
Aug 0 ,edges 163788 ,x 18333
Aug 0 ,edges 163788 ,x 18333
Aug 0 ,edges 163788 ,x 18333
Aug 0 ,edges 163788 ,x 18333
Aug 0 ,edges 163788 ,x 18333
Aug 0 ,edges 163788 ,x 18333
Aug 0 ,edges 163788 ,x 18333
Aug 0 ,edges 163788 ,x 18333
Aug 0 ,edges 163788 ,x 18333
Aug 0 ,edges 163788 ,x 18333
Aug 0 ,edges 163788 ,x 18333
Aug 0 ,edges 163788 ,x 18333
Aug 0 ,edges 163788 ,x 18333
Aug 0 ,edges 163788 ,x 18333
Aug 0 ,edges 163788 ,x 18333
Aug 0 ,edges 163788 ,x 18333
Aug 0 ,edges 163788 ,x 18333
Aug 0 ,edges 163788 ,x 18333
Aug 0 ,edges 163788 ,x 18333
Aug 0 ,edges 163788 ,x 18333
Aug 0 ,edges 163788 ,x 18333
Aug 0 ,edges 163788 ,x 18333
Aug 0 ,edges 163788 ,x 18333
Aug 0 ,edges 163788 ,x 18333
Aug 0 ,edges 163788 ,x 18333
Aug 0 ,edges 163788 ,x 18333
Aug 0 ,edges 163788 ,x 18333
Aug 0 ,edges 163788 ,x 18333
Aug 0 ,edges 163788 ,x 18333
Aug 0 ,edges 163788 ,x 18333
Aug 0 ,edges 163788 ,x 18333
Aug 0 ,edges 163788 ,x 18333
Aug 0 ,edges 163788 ,x 18333
Aug 0 ,edges 163788 ,x 18333
Aug 0 ,edges 163788 ,x 18333
Aug 0 ,edges 163788 ,x 18333
Aug 0 ,edges 163788 ,x 18333
Aug 0 ,edges 163788 ,x 18333
Aug 0 ,edges 163788 ,x 18333
Aug 0 ,edges 163788 ,x 18333
Aug 0 ,edges 163788 ,x 18333
Aug 0 ,edges 163788 ,x 18333
Aug 0 ,edges 163788 ,x 18333
Aug 0 ,edges 163788 ,x 18333
Aug 0 ,edges 163788 ,x 18333
Aug 0 ,edges 163788 ,x 18333
Aug 0 ,edges 163788 ,x 18333
Aug 0 ,edges 163788 ,x 18333
Aug 0 ,edges 163788 ,x 18333
Aug 0 ,edges 163788 ,x 18333
Aug 0 ,edges 163788 ,x 18333
Aug 0 ,edges 163788 ,x 18333
Aug 0 ,edges 163788 ,x 18333
Aug 0 ,edges 163788 ,x 18333
Aug 0 ,edges 163788 ,x 18333
Aug 0 ,edges 163788 ,x 18333
Aug 0 ,edges 163788 ,x 18333
Aug 0 ,edges 163788 ,x 18333
Aug 0 ,edges 163788 ,x 18333
Aug 0 ,edges 163788 ,x 18333
Aug 0 ,edges 163788 ,x 18333
Aug 0 ,edges 163788 ,x 18333
Aug 0 ,edges 163788 ,x 18333
Aug 0 ,edges 163788 ,x 18333
Aug 0 ,edges 163788 ,x 18333
Aug 0 ,edges 163788 ,x 18333
Aug 0 ,edges 163788 ,x 18333
Aug 0 ,edges 163788 ,x 18333
Aug 0 ,edges 163788 ,x 18333
Aug 0 ,edges 163788 ,x 18333
Aug 0 ,edges 163788 ,x 18333
Aug 0 ,edges 163788 ,x 18333
Aug 0 ,edges 163788 ,x 18333
Aug 0 ,edges 163788 ,x 18333
Aug 0 ,edges 163788 ,x 18333
Aug 0 ,edges 163788 ,x 18333
Aug 0 ,edges 163788 ,x 18333
Aug 0 ,edges 163788 ,x 18333
Aug 0 ,edges 163788 ,x 18333
Aug 0 ,edges 163788 ,x 18333
Aug 0 ,edges 163788 ,x 18333
Aug 0 ,edges 163788 ,x 18333
Aug 0 ,edges 163788 ,x 18333
Aug 0 ,edges 163788 ,x 18333
Aug 0 ,edges 163788 ,x 18333
Aug 0 ,edges 163788 ,x 18333
Aug 0 ,edges 163788 ,x 18333
Aug 0 ,edges 163788 ,x 18333
Aug 0 ,edges 163788 ,x 18333
Aug 0 ,edges 163788 ,x 18333
Aug 0 ,edges 163788 ,x 18333
Aug 0 ,edges 163788 ,x 18333
Aug 0 ,edges 163788 ,x 18333
Aug 0 ,edges 163788 ,x 18333
Aug 0 ,edges 163788 ,x 18333
Aug 0 ,edges 163788 ,x 18333
Aug 0 ,edges 163788 ,x 18333
Aug 0 ,edges 163788 ,x 18333
Aug 0 ,edges 163788 ,x 18333
Aug 0 ,edges 163788 ,x 18333
Aug 0 ,edges 163788 ,x 18333
Aug 0 ,edges 163788 ,x 18333
Aug 0 ,edges 163788 ,x 18333
Aug 0 ,edges 163788 ,x 18333
Aug 0 ,edges 163788 ,x 18333
Aug 0 ,edges 163788 ,x 18333
Aug 0 ,edges 163788 ,x 18333
Aug 0 ,edges 163788 ,x 18333
Aug 0 ,edges 163788 ,x 18333
Aug 0 ,edges 163788 ,x 18333
Aug 0 ,edges 163788 ,x 18333
Aug 0 ,edges 163788 ,x 18333
Aug 0 ,edges 163788 ,x 18333
Aug 0 ,edges 163788 ,x 18333
Aug 0 ,edges 163788 ,x 18333
Aug 0 ,edges 163788 ,x 18333
Aug 0 ,edges 163788 ,x 18333
Aug 0 ,edges 163788 ,x 18333
Aug 0 ,edges 163788 ,x 18333
Aug 0 ,edges 163788 ,x 18333
Aug 0 ,edges 163788 ,x 18333
Aug 0 ,edges 163788 ,x 18333
Aug 0 ,edges 163788 ,x 18333
Aug 0 ,edges 163788 ,x 18333
Aug 0 ,edges 163788 ,x 18333
Aug 0 ,edges 163788 ,x 18333
Aug 0 ,edges 163788 ,x 18333
Aug 0 ,edges 163788 ,x 18333
Aug 0 ,edges 163788 ,x 18333
Epoch 00603: reducing learning rate of group 0 to 1.2500e-03.
Aug 0 ,edges 163788 ,x 18333
Aug 0 ,edges 163788 ,x 18333
Aug 0 ,edges 163788 ,x 18333
Aug 0 ,edges 163788 ,x 18333
Aug 0 ,edges 163788 ,x 18333
Aug 0 ,edges 163788 ,x 18333
Aug 0 ,edges 163788 ,x 18333
Aug 0 ,edges 163788 ,x 18333
Aug 0 ,edges 163788 ,x 18333
Aug 0 ,edges 163788 ,x 18333
Aug 0 ,edges 163788 ,x 18333
Aug 0 ,edges 163788 ,x 18333
Aug 0 ,edges 163788 ,x 18333
Aug 0 ,edges 163788 ,x 18333
Aug 0 ,edges 163788 ,x 18333
Aug 0 ,edges 163788 ,x 18333
Aug 0 ,edges 163788 ,x 18333
Aug 0 ,edges 163788 ,x 18333
Aug 0 ,edges 163788 ,x 18333
Aug 0 ,edges 163788 ,x 18333
Aug 0 ,edges 163788 ,x 18333
Aug 0 ,edges 163788 ,x 18333
Aug 0 ,edges 163788 ,x 18333
Aug 0 ,edges 163788 ,x 18333
Aug 0 ,edges 163788 ,x 18333
Aug 0 ,edges 163788 ,x 18333
Aug 0 ,edges 163788 ,x 18333
Aug 0 ,edges 163788 ,x 18333
Aug 0 ,edges 163788 ,x 18333
Aug 0 ,edges 163788 ,x 18333
Aug 0 ,edges 163788 ,x 18333
Aug 0 ,edges 163788 ,x 18333
Aug 0 ,edges 163788 ,x 18333
Aug 0 ,edges 163788 ,x 18333
Aug 0 ,edges 163788 ,x 18333
Aug 0 ,edges 163788 ,x 18333
Aug 0 ,edges 163788 ,x 18333
Aug 0 ,edges 163788 ,x 18333
Aug 0 ,edges 163788 ,x 18333
Aug 0 ,edges 163788 ,x 18333
Aug 0 ,edges 163788 ,x 18333
Aug 0 ,edges 163788 ,x 18333
Aug 0 ,edges 163788 ,x 18333
Aug 0 ,edges 163788 ,x 18333
Aug 0 ,edges 163788 ,x 18333
Aug 0 ,edges 163788 ,x 18333
Aug 0 ,edges 163788 ,x 18333
Aug 0 ,edges 163788 ,x 18333
Aug 0 ,edges 163788 ,x 18333
Aug 0 ,edges 163788 ,x 18333
Aug 0 ,edges 163788 ,x 18333
Aug 0 ,edges 163788 ,x 18333
Aug 0 ,edges 163788 ,x 18333
Aug 0 ,edges 163788 ,x 18333
Aug 0 ,edges 163788 ,x 18333
Aug 0 ,edges 163788 ,x 18333
Aug 0 ,edges 163788 ,x 18333
Aug 0 ,edges 163788 ,x 18333
Aug 0 ,edges 163788 ,x 18333
Aug 0 ,edges 163788 ,x 18333
Aug 0 ,edges 163788 ,x 18333
Aug 0 ,edges 163788 ,x 18333
Aug 0 ,edges 163788 ,x 18333
Aug 0 ,edges 163788 ,x 18333
Aug 0 ,edges 163788 ,x 18333
Aug 0 ,edges 163788 ,x 18333
Aug 0 ,edges 163788 ,x 18333
Aug 0 ,edges 163788 ,x 18333
Aug 0 ,edges 163788 ,x 18333
Aug 0 ,edges 163788 ,x 18333
Aug 0 ,edges 163788 ,x 18333
Aug 0 ,edges 163788 ,x 18333
Aug 0 ,edges 163788 ,x 18333
Aug 0 ,edges 163788 ,x 18333
Aug 0 ,edges 163788 ,x 18333
Aug 0 ,edges 163788 ,x 18333
Aug 0 ,edges 163788 ,x 18333
Aug 0 ,edges 163788 ,x 18333
Aug 0 ,edges 163788 ,x 18333
Aug 0 ,edges 163788 ,x 18333
Aug 0 ,edges 163788 ,x 18333
Aug 0 ,edges 163788 ,x 18333
Aug 0 ,edges 163788 ,x 18333
Aug 0 ,edges 163788 ,x 18333
Aug 0 ,edges 163788 ,x 18333
Aug 0 ,edges 163788 ,x 18333
Aug 0 ,edges 163788 ,x 18333
Aug 0 ,edges 163788 ,x 18333
Aug 0 ,edges 163788 ,x 18333
Aug 0 ,edges 163788 ,x 18333
Aug 0 ,edges 163788 ,x 18333
Aug 0 ,edges 163788 ,x 18333
Aug 0 ,edges 163788 ,x 18333
Aug 0 ,edges 163788 ,x 18333
Aug 0 ,edges 163788 ,x 18333
Aug 0 ,edges 163788 ,x 18333
Aug 0 ,edges 163788 ,x 18333
Aug 0 ,edges 163788 ,x 18333
Aug 0 ,edges 163788 ,x 18333
Aug 0 ,edges 163788 ,x 18333
Aug 0 ,edges 163788 ,x 18333
Aug 0 ,edges 163788 ,x 18333
Aug 0 ,edges 163788 ,x 18333
Aug 0 ,edges 163788 ,x 18333
Aug 0 ,edges 163788 ,x 18333
Aug 0 ,edges 163788 ,x 18333
Aug 0 ,edges 163788 ,x 18333
Aug 0 ,edges 163788 ,x 18333
Aug 0 ,edges 163788 ,x 18333
Aug 0 ,edges 163788 ,x 18333
Aug 0 ,edges 163788 ,x 18333
Aug 0 ,edges 163788 ,x 18333
Aug 0 ,edges 163788 ,x 18333
Aug 0 ,edges 163788 ,x 18333
Aug 0 ,edges 163788 ,x 18333
Aug 0 ,edges 163788 ,x 18333
Aug 0 ,edges 163788 ,x 18333
Aug 0 ,edges 163788 ,x 18333
Aug 0 ,edges 163788 ,x 18333
Aug 0 ,edges 163788 ,x 18333
Aug 0 ,edges 163788 ,x 18333
Aug 0 ,edges 163788 ,x 18333
Aug 0 ,edges 163788 ,x 18333
Aug 0 ,edges 163788 ,x 18333
Aug 0 ,edges 163788 ,x 18333
Aug 0 ,edges 163788 ,x 18333
Aug 0 ,edges 163788 ,x 18333
Aug 0 ,edges 163788 ,x 18333
Aug 0 ,edges 163788 ,x 18333
Aug 0 ,edges 163788 ,x 18333
Aug 0 ,edges 163788 ,x 18333
Aug 0 ,edges 163788 ,x 18333
Aug 0 ,edges 163788 ,x 18333
Aug 0 ,edges 163788 ,x 18333
Aug 0 ,edges 163788 ,x 18333
Aug 0 ,edges 163788 ,x 18333
Aug 0 ,edges 163788 ,x 18333
Aug 0 ,edges 163788 ,x 18333
Aug 0 ,edges 163788 ,x 18333
Aug 0 ,edges 163788 ,x 18333
Aug 0 ,edges 163788 ,x 18333
Aug 0 ,edges 163788 ,x 18333
Aug 0 ,edges 163788 ,x 18333
Aug 0 ,edges 163788 ,x 18333
Aug 0 ,edges 163788 ,x 18333
Aug 0 ,edges 163788 ,x 18333
Aug 0 ,edges 163788 ,x 18333
Aug 0 ,edges 163788 ,x 18333
Aug 0 ,edges 163788 ,x 18333
Aug 0 ,edges 163788 ,x 18333
Aug 0 ,edges 163788 ,x 18333
Aug 0 ,edges 163788 ,x 18333
Aug 0 ,edges 163788 ,x 18333
Aug 0 ,edges 163788 ,x 18333
Aug 0 ,edges 163788 ,x 18333
Aug 0 ,edges 163788 ,x 18333
Aug 0 ,edges 163788 ,x 18333
Aug 0 ,edges 163788 ,x 18333
Aug 0 ,edges 163788 ,x 18333
Aug 0 ,edges 163788 ,x 18333
Aug 0 ,edges 163788 ,x 18333
Aug 0 ,edges 163788 ,x 18333
Aug 0 ,edges 163788 ,x 18333
Aug 0 ,edges 163788 ,x 18333
Aug 0 ,edges 163788 ,x 18333
Aug 0 ,edges 163788 ,x 18333
Aug 0 ,edges 163788 ,x 18333
Aug 0 ,edges 163788 ,x 18333
Aug 0 ,edges 163788 ,x 18333
Aug 0 ,edges 163788 ,x 18333
Aug 0 ,edges 163788 ,x 18333
Aug 0 ,edges 163788 ,x 18333
Aug 0 ,edges 163788 ,x 18333
Aug 0 ,edges 163788 ,x 18333
Aug 0 ,edges 163788 ,x 18333
Aug 0 ,edges 163788 ,x 18333
Aug 0 ,edges 163788 ,x 18333
Aug 0 ,edges 163788 ,x 18333
Aug 0 ,edges 163788 ,x 18333
Aug 0 ,edges 163788 ,x 18333
Aug 0 ,edges 163788 ,x 18333
Aug 0 ,edges 163788 ,x 18333
Aug 0 ,edges 163788 ,x 18333
Aug 0 ,edges 163788 ,x 18333
Aug 0 ,edges 163788 ,x 18333
Aug 0 ,edges 163788 ,x 18333
Aug 0 ,edges 163788 ,x 18333
Aug 0 ,edges 163788 ,x 18333
Aug 0 ,edges 163788 ,x 18333
Aug 0 ,edges 163788 ,x 18333
Aug 0 ,edges 163788 ,x 18333
Aug 0 ,edges 163788 ,x 18333
Aug 0 ,edges 163788 ,x 18333
Aug 0 ,edges 163788 ,x 18333
Aug 0 ,edges 163788 ,x 18333
Aug 0 ,edges 163788 ,x 18333
Aug 0 ,edges 163788 ,x 18333
Aug 0 ,edges 163788 ,x 18333
Aug 0 ,edges 163788 ,x 18333
Aug 0 ,edges 163788 ,x 18333
Aug 0 ,edges 163788 ,x 18333
Epoch 00804: reducing learning rate of group 0 to 6.2500e-04.
Aug 0 ,edges 163788 ,x 18333
Aug 0 ,edges 163788 ,x 18333
Aug 0 ,edges 163788 ,x 18333
Aug 0 ,edges 163788 ,x 18333
Aug 0 ,edges 163788 ,x 18333
Aug 0 ,edges 163788 ,x 18333
Aug 0 ,edges 163788 ,x 18333
Aug 0 ,edges 163788 ,x 18333
Aug 0 ,edges 163788 ,x 18333
Aug 0 ,edges 163788 ,x 18333
Aug 0 ,edges 163788 ,x 18333
Aug 0 ,edges 163788 ,x 18333
Aug 0 ,edges 163788 ,x 18333
Aug 0 ,edges 163788 ,x 18333
Aug 0 ,edges 163788 ,x 18333
Aug 0 ,edges 163788 ,x 18333
Aug 0 ,edges 163788 ,x 18333
Aug 0 ,edges 163788 ,x 18333
Aug 0 ,edges 163788 ,x 18333
Aug 0 ,edges 163788 ,x 18333
Aug 0 ,edges 163788 ,x 18333
Aug 0 ,edges 163788 ,x 18333
Aug 0 ,edges 163788 ,x 18333
Aug 0 ,edges 163788 ,x 18333
Aug 0 ,edges 163788 ,x 18333
Aug 0 ,edges 163788 ,x 18333
Aug 0 ,edges 163788 ,x 18333
Aug 0 ,edges 163788 ,x 18333
Aug 0 ,edges 163788 ,x 18333
Aug 0 ,edges 163788 ,x 18333
Aug 0 ,edges 163788 ,x 18333
Aug 0 ,edges 163788 ,x 18333
Aug 0 ,edges 163788 ,x 18333
Aug 0 ,edges 163788 ,x 18333
Aug 0 ,edges 163788 ,x 18333
Aug 0 ,edges 163788 ,x 18333
Aug 0 ,edges 163788 ,x 18333
Aug 0 ,edges 163788 ,x 18333
Aug 0 ,edges 163788 ,x 18333
Aug 0 ,edges 163788 ,x 18333
Aug 0 ,edges 163788 ,x 18333
Aug 0 ,edges 163788 ,x 18333
Aug 0 ,edges 163788 ,x 18333
Aug 0 ,edges 163788 ,x 18333
Aug 0 ,edges 163788 ,x 18333
Aug 0 ,edges 163788 ,x 18333
Aug 0 ,edges 163788 ,x 18333
Aug 0 ,edges 163788 ,x 18333
Aug 0 ,edges 163788 ,x 18333
Aug 0 ,edges 163788 ,x 18333
Aug 0 ,edges 163788 ,x 18333
Aug 0 ,edges 163788 ,x 18333
Aug 0 ,edges 163788 ,x 18333
Aug 0 ,edges 163788 ,x 18333
Aug 0 ,edges 163788 ,x 18333
Aug 0 ,edges 163788 ,x 18333
Aug 0 ,edges 163788 ,x 18333
Aug 0 ,edges 163788 ,x 18333
Aug 0 ,edges 163788 ,x 18333
Aug 0 ,edges 163788 ,x 18333
Aug 0 ,edges 163788 ,x 18333
Aug 0 ,edges 163788 ,x 18333
Aug 0 ,edges 163788 ,x 18333
Aug 0 ,edges 163788 ,x 18333
Aug 0 ,edges 163788 ,x 18333
Aug 0 ,edges 163788 ,x 18333
Aug 0 ,edges 163788 ,x 18333
Aug 0 ,edges 163788 ,x 18333
Aug 0 ,edges 163788 ,x 18333
Aug 0 ,edges 163788 ,x 18333
Aug 0 ,edges 163788 ,x 18333
Aug 0 ,edges 163788 ,x 18333
Aug 0 ,edges 163788 ,x 18333
Aug 0 ,edges 163788 ,x 18333
Aug 0 ,edges 163788 ,x 18333
Aug 0 ,edges 163788 ,x 18333
Aug 0 ,edges 163788 ,x 18333
Aug 0 ,edges 163788 ,x 18333
Aug 0 ,edges 163788 ,x 18333
Aug 0 ,edges 163788 ,x 18333
Aug 0 ,edges 163788 ,x 18333
Aug 0 ,edges 163788 ,x 18333
Aug 0 ,edges 163788 ,x 18333
Aug 0 ,edges 163788 ,x 18333
Aug 0 ,edges 163788 ,x 18333
Aug 0 ,edges 163788 ,x 18333
Aug 0 ,edges 163788 ,x 18333
Aug 0 ,edges 163788 ,x 18333
Aug 0 ,edges 163788 ,x 18333
Aug 0 ,edges 163788 ,x 18333
Aug 0 ,edges 163788 ,x 18333
Aug 0 ,edges 163788 ,x 18333
Aug 0 ,edges 163788 ,x 18333
Aug 0 ,edges 163788 ,x 18333
Aug 0 ,edges 163788 ,x 18333
Aug 0 ,edges 163788 ,x 18333
Aug 0 ,edges 163788 ,x 18333
Aug 0 ,edges 163788 ,x 18333
Aug 0 ,edges 163788 ,x 18333
Aug 0 ,edges 163788 ,x 18333
Aug 0 ,edges 163788 ,x 18333
Aug 0 ,edges 163788 ,x 18333
Aug 0 ,edges 163788 ,x 18333
Aug 0 ,edges 163788 ,x 18333
Aug 0 ,edges 163788 ,x 18333
Aug 0 ,edges 163788 ,x 18333
Aug 0 ,edges 163788 ,x 18333
Aug 0 ,edges 163788 ,x 18333
Aug 0 ,edges 163788 ,x 18333
Aug 0 ,edges 163788 ,x 18333
Aug 0 ,edges 163788 ,x 18333
Aug 0 ,edges 163788 ,x 18333
Aug 0 ,edges 163788 ,x 18333
Aug 0 ,edges 163788 ,x 18333
Aug 0 ,edges 163788 ,x 18333
Aug 0 ,edges 163788 ,x 18333
Aug 0 ,edges 163788 ,x 18333
Aug 0 ,edges 163788 ,x 18333
Aug 0 ,edges 163788 ,x 18333
Aug 0 ,edges 163788 ,x 18333
Aug 0 ,edges 163788 ,x 18333
Aug 0 ,edges 163788 ,x 18333
Aug 0 ,edges 163788 ,x 18333
Aug 0 ,edges 163788 ,x 18333
Aug 0 ,edges 163788 ,x 18333
Aug 0 ,edges 163788 ,x 18333
Aug 0 ,edges 163788 ,x 18333
Aug 0 ,edges 163788 ,x 18333
Aug 0 ,edges 163788 ,x 18333
Aug 0 ,edges 163788 ,x 18333
Aug 0 ,edges 163788 ,x 18333
Aug 0 ,edges 163788 ,x 18333
Aug 0 ,edges 163788 ,x 18333
Aug 0 ,edges 163788 ,x 18333
Aug 0 ,edges 163788 ,x 18333
Aug 0 ,edges 163788 ,x 18333
Aug 0 ,edges 163788 ,x 18333
Aug 0 ,edges 163788 ,x 18333
Aug 0 ,edges 163788 ,x 18333
Aug 0 ,edges 163788 ,x 18333
Aug 0 ,edges 163788 ,x 18333
Aug 0 ,edges 163788 ,x 18333
Aug 0 ,edges 163788 ,x 18333
Aug 0 ,edges 163788 ,x 18333
Aug 0 ,edges 163788 ,x 18333
Aug 0 ,edges 163788 ,x 18333
Aug 0 ,edges 163788 ,x 18333
Aug 0 ,edges 163788 ,x 18333
Aug 0 ,edges 163788 ,x 18333
Aug 0 ,edges 163788 ,x 18333
Aug 0 ,edges 163788 ,x 18333
Aug 0 ,edges 163788 ,x 18333
Aug 0 ,edges 163788 ,x 18333
Aug 0 ,edges 163788 ,x 18333
Aug 0 ,edges 163788 ,x 18333
Aug 0 ,edges 163788 ,x 18333
Aug 0 ,edges 163788 ,x 18333
Aug 0 ,edges 163788 ,x 18333
Aug 0 ,edges 163788 ,x 18333
Aug 0 ,edges 163788 ,x 18333
Aug 0 ,edges 163788 ,x 18333
Aug 0 ,edges 163788 ,x 18333
Aug 0 ,edges 163788 ,x 18333
Aug 0 ,edges 163788 ,x 18333
Aug 0 ,edges 163788 ,x 18333
Aug 0 ,edges 163788 ,x 18333
Aug 0 ,edges 163788 ,x 18333
Aug 0 ,edges 163788 ,x 18333
Aug 0 ,edges 163788 ,x 18333
Aug 0 ,edges 163788 ,x 18333
Aug 0 ,edges 163788 ,x 18333
Aug 0 ,edges 163788 ,x 18333
Aug 0 ,edges 163788 ,x 18333
Aug 0 ,edges 163788 ,x 18333
Aug 0 ,edges 163788 ,x 18333
Aug 0 ,edges 163788 ,x 18333
Aug 0 ,edges 163788 ,x 18333
Aug 0 ,edges 163788 ,x 18333
Aug 0 ,edges 163788 ,x 18333
Aug 0 ,edges 163788 ,x 18333
Aug 0 ,edges 163788 ,x 18333
Aug 0 ,edges 163788 ,x 18333
Aug 0 ,edges 163788 ,x 18333
Aug 0 ,edges 163788 ,x 18333
Aug 0 ,edges 163788 ,x 18333
Aug 0 ,edges 163788 ,x 18333
Aug 0 ,edges 163788 ,x 18333
Aug 0 ,edges 163788 ,x 18333
Aug 0 ,edges 163788 ,x 18333
Aug 0 ,edges 163788 ,x 18333
Aug 0 ,edges 163788 ,x 18333
Aug 0 ,edges 163788 ,x 18333
Aug 0 ,edges 163788 ,x 18333
Aug 0 ,edges 163788 ,x 18333
Aug 0 ,edges 163788 ,x 18333
Aug 0 ,edges 163788 ,x 18333
Aug 0 ,edges 163788 ,x 18333
Aug 0 ,edges 163788 ,x 18333
Aug 0 ,edges 163788 ,x 18333
Aug 0 ,edges 163788 ,x 18333
Aug 0 ,edges 163788 ,x 18333
Epoch 01005: reducing learning rate of group 0 to 3.1250e-04.
Aug 0 ,edges 163788 ,x 18333
Aug 0 ,edges 163788 ,x 18333
Aug 0 ,edges 163788 ,x 18333
Aug 0 ,edges 163788 ,x 18333
Aug 0 ,edges 163788 ,x 18333
Aug 0 ,edges 163788 ,x 18333
Aug 0 ,edges 163788 ,x 18333
Aug 0 ,edges 163788 ,x 18333
Aug 0 ,edges 163788 ,x 18333
Aug 0 ,edges 163788 ,x 18333
Aug 0 ,edges 163788 ,x 18333
Aug 0 ,edges 163788 ,x 18333
Aug 0 ,edges 163788 ,x 18333
Aug 0 ,edges 163788 ,x 18333
Aug 0 ,edges 163788 ,x 18333
Aug 0 ,edges 163788 ,x 18333
Aug 0 ,edges 163788 ,x 18333
Aug 0 ,edges 163788 ,x 18333
Aug 0 ,edges 163788 ,x 18333
Aug 0 ,edges 163788 ,x 18333
Aug 0 ,edges 163788 ,x 18333
Aug 0 ,edges 163788 ,x 18333
Aug 0 ,edges 163788 ,x 18333
Aug 0 ,edges 163788 ,x 18333
Aug 0 ,edges 163788 ,x 18333
Aug 0 ,edges 163788 ,x 18333
Aug 0 ,edges 163788 ,x 18333
Aug 0 ,edges 163788 ,x 18333
Aug 0 ,edges 163788 ,x 18333
Aug 0 ,edges 163788 ,x 18333
Aug 0 ,edges 163788 ,x 18333
Aug 0 ,edges 163788 ,x 18333
Aug 0 ,edges 163788 ,x 18333
Aug 0 ,edges 163788 ,x 18333
Aug 0 ,edges 163788 ,x 18333
Aug 0 ,edges 163788 ,x 18333
Aug 0 ,edges 163788 ,x 18333
Aug 0 ,edges 163788 ,x 18333
Aug 0 ,edges 163788 ,x 18333
Aug 0 ,edges 163788 ,x 18333
Aug 0 ,edges 163788 ,x 18333
Aug 0 ,edges 163788 ,x 18333
Aug 0 ,edges 163788 ,x 18333
Aug 0 ,edges 163788 ,x 18333
Aug 0 ,edges 163788 ,x 18333
Aug 0 ,edges 163788 ,x 18333
Aug 0 ,edges 163788 ,x 18333
Aug 0 ,edges 163788 ,x 18333
Aug 0 ,edges 163788 ,x 18333
Aug 0 ,edges 163788 ,x 18333
Aug 0 ,edges 163788 ,x 18333
Aug 0 ,edges 163788 ,x 18333
Aug 0 ,edges 163788 ,x 18333
Aug 0 ,edges 163788 ,x 18333
Aug 0 ,edges 163788 ,x 18333
Aug 0 ,edges 163788 ,x 18333
Aug 0 ,edges 163788 ,x 18333
SAGE Coauthor-CS 100 Aug 0 EndEpoch 1062 lr 0.01
SHAsplit  0, acc: 28.74, bacc: 36.52, f1: 24.32
