cuda is not available, using CPU.
Namespace(to_undirected=True, from_SHA=True, IsDirectedData=True, AugDirect=231, net='GAT', GPUdevice=1, seed=100, undirect_dataset='CiteSeer', Direct_dataset='dgl/cora', imb_ratio=100, dropout=0.1, num_filter=2, layer=2, alpha=0.1, K=2, feat_dim=64, warmup=5, epoch=1500, lr=0.1, l2=0.0005, tau=2, max=False, no_mask=False, gdc='ppr', heads=8, log_root='../logs/', log_path='test', data_path='../dataset/data/tmp/')
  NumNodes: 2708
  NumEdges: 5278
  NumFeats: 1433
  NumClasses: 7
  NumTrainingSamples: 140
  NumValidationSamples: 500
  NumTestSamples: 1000
Done loading data from cached files.
dict_keys(['feat', 'label', 'test_mask', 'val_mask', 'train_mask'])
Converted to undirected data
test_f1 CountNotImproved reset to 0 in epoch 0
epoch:   0, val_loss:1.946070, acc: 13.00, bacc: 14.29, tmp_test_f1: 3.29, f1: 3.29
epoch:   1, val_loss:2.262813, acc: 13.00, bacc: 14.29, tmp_test_f1: 3.29, f1: 3.29
test_f1 CountNotImproved reset to 0 in epoch 2
epoch:   2, val_loss:3.397478, acc: 27.40, bacc: 33.21, tmp_test_f1: 20.73, f1: 20.73
test_f1 CountNotImproved reset to 0 in epoch 3
epoch:   3, val_loss:3.193320, acc: 33.80, bacc: 39.36, tmp_test_f1: 22.53, f1: 22.53
test_f1 CountNotImproved reset to 0 in epoch 4
epoch:   4, val_loss:2.866247, acc: 34.10, bacc: 39.20, tmp_test_f1: 24.47, f1: 24.47
epoch:   5, val_loss:2.723571, acc: 34.10, bacc: 39.20, tmp_test_f1: 23.42, f1: 24.47
test_f1 CountNotImproved reset to 0 in epoch 6
epoch:   6, val_loss:2.779219, acc: 32.80, bacc: 37.04, tmp_test_f1: 24.97, f1: 24.97
test_f1 CountNotImproved reset to 0 in epoch 7
epoch:   7, val_loss:2.270008, acc: 40.70, bacc: 41.45, tmp_test_f1: 31.10, f1: 31.10
epoch:   8, val_loss:1.838054, acc: 40.70, bacc: 41.45, tmp_test_f1: 30.95, f1: 31.10
epoch:   9, val_loss:1.691401, acc: 40.70, bacc: 41.45, tmp_test_f1: 27.92, f1: 31.10
epoch:  10, val_loss:1.684581, acc: 40.70, bacc: 41.45, tmp_test_f1: 27.05, f1: 31.10
epoch:  11, val_loss:1.706102, acc: 40.70, bacc: 41.45, tmp_test_f1: 26.78, f1: 31.10
epoch:  12, val_loss:1.745491, acc: 40.70, bacc: 41.45, tmp_test_f1: 26.64, f1: 31.10
epoch:  13, val_loss:1.794125, acc: 40.70, bacc: 41.45, tmp_test_f1: 25.96, f1: 31.10
epoch:  14, val_loss:1.814175, acc: 40.70, bacc: 41.45, tmp_test_f1: 27.13, f1: 31.10
test_f1 CountNotImproved reset to 0 in epoch 15
epoch:  15, val_loss:1.712153, acc: 39.00, bacc: 40.34, tmp_test_f1: 31.52, f1: 31.52
test_f1 CountNotImproved reset to 0 in epoch 16
epoch:  16, val_loss:1.542007, acc: 48.30, bacc: 43.94, tmp_test_f1: 37.14, f1: 37.14
test_f1 CountNotImproved reset to 0 in epoch 17
epoch:  17, val_loss:1.396035, acc: 54.00, bacc: 46.89, tmp_test_f1: 40.72, f1: 40.72
test_f1 CountNotImproved reset to 0 in epoch 18
epoch:  18, val_loss:1.313907, acc: 56.90, bacc: 51.96, tmp_test_f1: 47.36, f1: 47.36
epoch:  19, val_loss:1.305387, acc: 56.90, bacc: 51.96, tmp_test_f1: 47.29, f1: 47.36
epoch:  20, val_loss:1.340197, acc: 56.90, bacc: 51.96, tmp_test_f1: 45.24, f1: 47.36
epoch:  21, val_loss:1.375630, acc: 56.90, bacc: 51.96, tmp_test_f1: 46.05, f1: 47.36
epoch:  22, val_loss:1.341883, acc: 56.90, bacc: 51.96, tmp_test_f1: 46.74, f1: 47.36
test_f1 CountNotImproved reset to 0 in epoch 23
epoch:  23, val_loss:1.323541, acc: 56.40, bacc: 58.18, tmp_test_f1: 52.27, f1: 52.27
test_f1 CountNotImproved reset to 0 in epoch 24
epoch:  24, val_loss:1.341593, acc: 58.40, bacc: 60.02, tmp_test_f1: 54.32, f1: 54.32
epoch:  25, val_loss:1.309222, acc: 58.40, bacc: 60.02, tmp_test_f1: 53.55, f1: 54.32
epoch:  26, val_loss:1.229448, acc: 58.40, bacc: 60.02, tmp_test_f1: 47.78, f1: 54.32
epoch:  27, val_loss:1.294214, acc: 58.40, bacc: 60.02, tmp_test_f1: 46.83, f1: 54.32
epoch:  28, val_loss:1.364117, acc: 58.40, bacc: 60.02, tmp_test_f1: 50.41, f1: 54.32
test_f1 CountNotImproved reset to 0 in epoch 29
epoch:  29, val_loss:1.394215, acc: 53.60, bacc: 57.89, tmp_test_f1: 54.84, f1: 54.84
test_f1 CountNotImproved reset to 0 in epoch 30
epoch:  30, val_loss:1.383989, acc: 55.50, bacc: 59.97, tmp_test_f1: 56.74, f1: 56.74
epoch:  31, val_loss:1.320629, acc: 55.50, bacc: 59.97, tmp_test_f1: 56.55, f1: 56.74
epoch:  32, val_loss:1.234860, acc: 55.50, bacc: 59.97, tmp_test_f1: 52.19, f1: 56.74
epoch:  33, val_loss:1.218470, acc: 55.50, bacc: 59.97, tmp_test_f1: 49.52, f1: 56.74
epoch:  34, val_loss:1.256817, acc: 55.50, bacc: 59.97, tmp_test_f1: 52.66, f1: 56.74
epoch:  35, val_loss:1.270269, acc: 55.50, bacc: 59.97, tmp_test_f1: 55.51, f1: 56.74
epoch:  36, val_loss:1.321496, acc: 55.50, bacc: 59.97, tmp_test_f1: 55.32, f1: 56.74
epoch:  37, val_loss:1.407656, acc: 55.50, bacc: 59.97, tmp_test_f1: 54.17, f1: 56.74
epoch:  38, val_loss:1.438252, acc: 55.50, bacc: 59.97, tmp_test_f1: 52.94, f1: 56.74
epoch:  39, val_loss:1.470958, acc: 55.50, bacc: 59.97, tmp_test_f1: 48.11, f1: 56.74
epoch:  40, val_loss:1.518839, acc: 55.50, bacc: 59.97, tmp_test_f1: 48.89, f1: 56.74
epoch:  41, val_loss:1.518910, acc: 55.50, bacc: 59.97, tmp_test_f1: 52.43, f1: 56.74
epoch:  42, val_loss:1.387689, acc: 55.50, bacc: 59.97, tmp_test_f1: 54.75, f1: 56.74
epoch:  43, val_loss:1.274214, acc: 55.50, bacc: 59.97, tmp_test_f1: 56.71, f1: 56.74
test_f1 CountNotImproved reset to 0 in epoch 44
epoch:  44, val_loss:1.216740, acc: 62.30, bacc: 57.70, tmp_test_f1: 57.91, f1: 57.91
test_f1 CountNotImproved reset to 0 in epoch 45
epoch:  45, val_loss:1.191188, acc: 64.30, bacc: 61.11, tmp_test_f1: 59.60, f1: 59.60
test_f1 CountNotImproved reset to 0 in epoch 46
epoch:  46, val_loss:1.202248, acc: 63.70, bacc: 62.36, tmp_test_f1: 60.03, f1: 60.03
epoch:  47, val_loss:1.238002, acc: 63.70, bacc: 62.36, tmp_test_f1: 60.03, f1: 60.03
epoch:  48, val_loss:1.245110, acc: 63.70, bacc: 62.36, tmp_test_f1: 55.28, f1: 60.03
epoch:  49, val_loss:1.256913, acc: 63.70, bacc: 62.36, tmp_test_f1: 55.37, f1: 60.03
epoch:  50, val_loss:1.297948, acc: 63.70, bacc: 62.36, tmp_test_f1: 56.87, f1: 60.03
epoch:  51, val_loss:1.332571, acc: 63.70, bacc: 62.36, tmp_test_f1: 57.77, f1: 60.03
test_f1 CountNotImproved reset to 0 in epoch 52
epoch:  52, val_loss:1.370824, acc: 59.80, bacc: 60.57, tmp_test_f1: 60.20, f1: 60.20
test_f1 CountNotImproved reset to 0 in epoch 53
epoch:  53, val_loss:1.309815, acc: 63.60, bacc: 62.79, tmp_test_f1: 61.16, f1: 61.16
epoch:  54, val_loss:1.238916, acc: 63.60, bacc: 62.79, tmp_test_f1: 60.30, f1: 61.16
epoch:  55, val_loss:1.191934, acc: 63.60, bacc: 62.79, tmp_test_f1: 54.93, f1: 61.16
epoch:  56, val_loss:1.221720, acc: 63.60, bacc: 62.79, tmp_test_f1: 51.31, f1: 61.16
epoch:  57, val_loss:1.245107, acc: 63.60, bacc: 62.79, tmp_test_f1: 50.32, f1: 61.16
epoch:  58, val_loss:1.305726, acc: 63.60, bacc: 62.79, tmp_test_f1: 54.62, f1: 61.16
epoch:  59, val_loss:1.301872, acc: 63.60, bacc: 62.79, tmp_test_f1: 54.69, f1: 61.16
epoch:  60, val_loss:1.293707, acc: 63.60, bacc: 62.79, tmp_test_f1: 56.90, f1: 61.16
epoch:  61, val_loss:1.294299, acc: 63.60, bacc: 62.79, tmp_test_f1: 55.33, f1: 61.16
epoch:  62, val_loss:1.307166, acc: 63.60, bacc: 62.79, tmp_test_f1: 55.98, f1: 61.16
epoch:  63, val_loss:1.312180, acc: 63.60, bacc: 62.79, tmp_test_f1: 60.06, f1: 61.16
epoch:  64, val_loss:1.278456, acc: 63.60, bacc: 62.79, tmp_test_f1: 59.13, f1: 61.16
epoch:  65, val_loss:1.274235, acc: 63.60, bacc: 62.79, tmp_test_f1: 59.21, f1: 61.16
epoch:  66, val_loss:1.296611, acc: 63.60, bacc: 62.79, tmp_test_f1: 59.33, f1: 61.16
epoch:  67, val_loss:1.293313, acc: 63.60, bacc: 62.79, tmp_test_f1: 58.32, f1: 61.16
epoch:  68, val_loss:1.287459, acc: 63.60, bacc: 62.79, tmp_test_f1: 57.69, f1: 61.16
epoch:  69, val_loss:1.305926, acc: 63.60, bacc: 62.79, tmp_test_f1: 56.81, f1: 61.16
epoch:  70, val_loss:1.346300, acc: 63.60, bacc: 62.79, tmp_test_f1: 53.25, f1: 61.16
epoch:  71, val_loss:1.431013, acc: 63.60, bacc: 62.79, tmp_test_f1: 51.82, f1: 61.16
epoch:  72, val_loss:1.468638, acc: 63.60, bacc: 62.79, tmp_test_f1: 52.59, f1: 61.16
epoch:  73, val_loss:1.440743, acc: 63.60, bacc: 62.79, tmp_test_f1: 55.13, f1: 61.16
epoch:  74, val_loss:1.401890, acc: 63.60, bacc: 62.79, tmp_test_f1: 55.46, f1: 61.16
epoch:  75, val_loss:1.401343, acc: 63.60, bacc: 62.79, tmp_test_f1: 60.67, f1: 61.16
test_f1 CountNotImproved reset to 0 in epoch 76
epoch:  76, val_loss:1.297061, acc: 63.90, bacc: 60.51, tmp_test_f1: 61.81, f1: 61.81
epoch:  77, val_loss:1.266464, acc: 63.90, bacc: 60.51, tmp_test_f1: 61.01, f1: 61.81
epoch:  78, val_loss:1.252985, acc: 63.90, bacc: 60.51, tmp_test_f1: 58.59, f1: 61.81
epoch:  79, val_loss:1.283169, acc: 63.90, bacc: 60.51, tmp_test_f1: 57.74, f1: 61.81
epoch:  80, val_loss:1.330534, acc: 63.90, bacc: 60.51, tmp_test_f1: 60.62, f1: 61.81
epoch:  81, val_loss:1.318877, acc: 63.90, bacc: 60.51, tmp_test_f1: 60.21, f1: 61.81
epoch:  82, val_loss:1.344886, acc: 63.90, bacc: 60.51, tmp_test_f1: 60.36, f1: 61.81
epoch:  83, val_loss:1.355605, acc: 63.90, bacc: 60.51, tmp_test_f1: 59.64, f1: 61.81
epoch:  84, val_loss:1.359437, acc: 63.90, bacc: 60.51, tmp_test_f1: 59.48, f1: 61.81
epoch:  85, val_loss:1.339632, acc: 63.90, bacc: 60.51, tmp_test_f1: 58.03, f1: 61.81
epoch:  86, val_loss:1.345231, acc: 63.90, bacc: 60.51, tmp_test_f1: 58.10, f1: 61.81
epoch:  87, val_loss:1.341757, acc: 63.90, bacc: 60.51, tmp_test_f1: 59.02, f1: 61.81
epoch:  88, val_loss:1.326204, acc: 63.90, bacc: 60.51, tmp_test_f1: 57.90, f1: 61.81
epoch:  89, val_loss:1.327652, acc: 63.90, bacc: 60.51, tmp_test_f1: 58.71, f1: 61.81
epoch:  90, val_loss:1.282057, acc: 63.90, bacc: 60.51, tmp_test_f1: 58.78, f1: 61.81
epoch:  91, val_loss:1.222199, acc: 63.90, bacc: 60.51, tmp_test_f1: 57.89, f1: 61.81
epoch:  92, val_loss:1.180350, acc: 63.90, bacc: 60.51, tmp_test_f1: 56.30, f1: 61.81
epoch:  93, val_loss:1.155514, acc: 63.90, bacc: 60.51, tmp_test_f1: 55.39, f1: 61.81
epoch:  94, val_loss:1.175229, acc: 63.90, bacc: 60.51, tmp_test_f1: 55.03, f1: 61.81
epoch:  95, val_loss:1.243134, acc: 63.90, bacc: 60.51, tmp_test_f1: 56.51, f1: 61.81
epoch:  96, val_loss:1.290808, acc: 63.90, bacc: 60.51, tmp_test_f1: 57.11, f1: 61.81
epoch:  97, val_loss:1.273318, acc: 63.90, bacc: 60.51, tmp_test_f1: 58.05, f1: 61.81
epoch:  98, val_loss:1.269593, acc: 63.90, bacc: 60.51, tmp_test_f1: 58.18, f1: 61.81
epoch:  99, val_loss:1.314402, acc: 63.90, bacc: 60.51, tmp_test_f1: 58.27, f1: 61.81
epoch: 100, val_loss:1.272282, acc: 63.90, bacc: 60.51, tmp_test_f1: 57.56, f1: 61.81
epoch: 101, val_loss:1.249684, acc: 63.90, bacc: 60.51, tmp_test_f1: 53.37, f1: 61.81
epoch: 102, val_loss:1.267965, acc: 63.90, bacc: 60.51, tmp_test_f1: 56.45, f1: 61.81
epoch: 103, val_loss:1.243078, acc: 63.90, bacc: 60.51, tmp_test_f1: 55.53, f1: 61.81
epoch: 104, val_loss:1.276043, acc: 63.90, bacc: 60.51, tmp_test_f1: 54.72, f1: 61.81
epoch: 105, val_loss:1.355461, acc: 63.90, bacc: 60.51, tmp_test_f1: 53.43, f1: 61.81
epoch: 106, val_loss:1.449764, acc: 63.90, bacc: 60.51, tmp_test_f1: 53.11, f1: 61.81
epoch: 107, val_loss:1.532208, acc: 63.90, bacc: 60.51, tmp_test_f1: 54.92, f1: 61.81
epoch: 108, val_loss:1.573210, acc: 63.90, bacc: 60.51, tmp_test_f1: 55.12, f1: 61.81
epoch: 109, val_loss:1.575382, acc: 63.90, bacc: 60.51, tmp_test_f1: 57.39, f1: 61.81
epoch: 110, val_loss:1.499310, acc: 63.90, bacc: 60.51, tmp_test_f1: 56.61, f1: 61.81
epoch: 111, val_loss:1.438592, acc: 63.90, bacc: 60.51, tmp_test_f1: 55.69, f1: 61.81
epoch: 112, val_loss:1.405956, acc: 63.90, bacc: 60.51, tmp_test_f1: 55.61, f1: 61.81
epoch: 113, val_loss:1.384373, acc: 63.90, bacc: 60.51, tmp_test_f1: 53.97, f1: 61.81
epoch: 114, val_loss:1.329145, acc: 63.90, bacc: 60.51, tmp_test_f1: 51.56, f1: 61.81
epoch: 115, val_loss:1.329649, acc: 63.90, bacc: 60.51, tmp_test_f1: 50.60, f1: 61.81
epoch: 116, val_loss:1.342482, acc: 63.90, bacc: 60.51, tmp_test_f1: 52.19, f1: 61.81
epoch: 117, val_loss:1.357002, acc: 63.90, bacc: 60.51, tmp_test_f1: 57.74, f1: 61.81
epoch: 118, val_loss:1.375092, acc: 63.90, bacc: 60.51, tmp_test_f1: 57.28, f1: 61.81
epoch: 119, val_loss:1.423049, acc: 63.90, bacc: 60.51, tmp_test_f1: 55.08, f1: 61.81
epoch: 120, val_loss:1.461052, acc: 63.90, bacc: 60.51, tmp_test_f1: 52.67, f1: 61.81
epoch: 121, val_loss:1.473343, acc: 63.90, bacc: 60.51, tmp_test_f1: 53.48, f1: 61.81
epoch: 122, val_loss:1.430793, acc: 63.90, bacc: 60.51, tmp_test_f1: 51.16, f1: 61.81
epoch: 123, val_loss:1.470199, acc: 63.90, bacc: 60.51, tmp_test_f1: 52.59, f1: 61.81
epoch: 124, val_loss:1.436842, acc: 63.90, bacc: 60.51, tmp_test_f1: 56.01, f1: 61.81
epoch: 125, val_loss:1.382619, acc: 63.90, bacc: 60.51, tmp_test_f1: 57.09, f1: 61.81
epoch: 126, val_loss:1.393324, acc: 63.90, bacc: 60.51, tmp_test_f1: 56.51, f1: 61.81
epoch: 127, val_loss:1.407406, acc: 63.90, bacc: 60.51, tmp_test_f1: 58.13, f1: 61.81
epoch: 128, val_loss:1.364831, acc: 63.90, bacc: 60.51, tmp_test_f1: 59.73, f1: 61.81
epoch: 129, val_loss:1.315111, acc: 63.90, bacc: 60.51, tmp_test_f1: 59.12, f1: 61.81
epoch: 130, val_loss:1.274895, acc: 63.90, bacc: 60.51, tmp_test_f1: 57.05, f1: 61.81
epoch: 131, val_loss:1.269381, acc: 63.90, bacc: 60.51, tmp_test_f1: 57.46, f1: 61.81
epoch: 132, val_loss:1.279474, acc: 63.90, bacc: 60.51, tmp_test_f1: 57.38, f1: 61.81
epoch: 133, val_loss:1.250053, acc: 63.90, bacc: 60.51, tmp_test_f1: 58.37, f1: 61.81
epoch: 134, val_loss:1.236090, acc: 63.90, bacc: 60.51, tmp_test_f1: 56.84, f1: 61.81
epoch: 135, val_loss:1.256656, acc: 63.90, bacc: 60.51, tmp_test_f1: 54.49, f1: 61.81
epoch: 136, val_loss:1.325345, acc: 63.90, bacc: 60.51, tmp_test_f1: 54.06, f1: 61.81
epoch: 137, val_loss:1.419638, acc: 63.90, bacc: 60.51, tmp_test_f1: 53.82, f1: 61.81
epoch: 138, val_loss:1.513342, acc: 63.90, bacc: 60.51, tmp_test_f1: 53.62, f1: 61.81
epoch: 139, val_loss:1.545319, acc: 63.90, bacc: 60.51, tmp_test_f1: 57.20, f1: 61.81
epoch: 140, val_loss:1.373497, acc: 63.90, bacc: 60.51, tmp_test_f1: 59.00, f1: 61.81
epoch: 141, val_loss:1.303799, acc: 63.90, bacc: 60.51, tmp_test_f1: 57.13, f1: 61.81
epoch: 142, val_loss:1.300146, acc: 63.90, bacc: 60.51, tmp_test_f1: 54.15, f1: 61.81
epoch: 143, val_loss:1.292269, acc: 63.90, bacc: 60.51, tmp_test_f1: 55.26, f1: 61.81
epoch: 144, val_loss:1.296295, acc: 63.90, bacc: 60.51, tmp_test_f1: 53.35, f1: 61.81
epoch: 145, val_loss:1.338467, acc: 63.90, bacc: 60.51, tmp_test_f1: 51.57, f1: 61.81
epoch: 146, val_loss:1.376931, acc: 63.90, bacc: 60.51, tmp_test_f1: 51.56, f1: 61.81
epoch: 147, val_loss:1.417010, acc: 63.90, bacc: 60.51, tmp_test_f1: 52.28, f1: 61.81
epoch: 148, val_loss:1.423711, acc: 63.90, bacc: 60.51, tmp_test_f1: 51.82, f1: 61.81
epoch: 149, val_loss:1.432444, acc: 63.90, bacc: 60.51, tmp_test_f1: 50.79, f1: 61.81
epoch: 150, val_loss:1.430675, acc: 63.90, bacc: 60.51, tmp_test_f1: 50.60, f1: 61.81
epoch: 151, val_loss:1.415130, acc: 63.90, bacc: 60.51, tmp_test_f1: 52.61, f1: 61.81
epoch: 152, val_loss:1.408372, acc: 63.90, bacc: 60.51, tmp_test_f1: 54.38, f1: 61.81
epoch: 153, val_loss:1.412474, acc: 63.90, bacc: 60.51, tmp_test_f1: 55.67, f1: 61.81
epoch: 154, val_loss:1.427952, acc: 63.90, bacc: 60.51, tmp_test_f1: 53.10, f1: 61.81
epoch: 155, val_loss:1.468077, acc: 63.90, bacc: 60.51, tmp_test_f1: 48.44, f1: 61.81
epoch: 156, val_loss:1.594960, acc: 63.90, bacc: 60.51, tmp_test_f1: 43.98, f1: 61.81
epoch: 157, val_loss:1.740480, acc: 63.90, bacc: 60.51, tmp_test_f1: 47.60, f1: 61.81
epoch: 158, val_loss:1.586930, acc: 63.90, bacc: 60.51, tmp_test_f1: 45.26, f1: 61.81
epoch: 159, val_loss:1.580295, acc: 63.90, bacc: 60.51, tmp_test_f1: 46.19, f1: 61.81
epoch: 160, val_loss:1.546672, acc: 63.90, bacc: 60.51, tmp_test_f1: 49.75, f1: 61.81
epoch: 161, val_loss:1.416537, acc: 63.90, bacc: 60.51, tmp_test_f1: 53.46, f1: 61.81
epoch: 162, val_loss:1.370571, acc: 63.90, bacc: 60.51, tmp_test_f1: 50.90, f1: 61.81
epoch: 163, val_loss:1.391985, acc: 63.90, bacc: 60.51, tmp_test_f1: 51.89, f1: 61.81
epoch: 164, val_loss:1.357997, acc: 63.90, bacc: 60.51, tmp_test_f1: 51.43, f1: 61.81
epoch: 165, val_loss:1.344141, acc: 63.90, bacc: 60.51, tmp_test_f1: 53.56, f1: 61.81
epoch: 166, val_loss:1.359289, acc: 63.90, bacc: 60.51, tmp_test_f1: 54.19, f1: 61.81
epoch: 167, val_loss:1.329792, acc: 63.90, bacc: 60.51, tmp_test_f1: 54.98, f1: 61.81
epoch: 168, val_loss:1.306129, acc: 63.90, bacc: 60.51, tmp_test_f1: 55.43, f1: 61.81
epoch: 169, val_loss:1.319491, acc: 63.90, bacc: 60.51, tmp_test_f1: 55.64, f1: 61.81
epoch: 170, val_loss:1.323442, acc: 63.90, bacc: 60.51, tmp_test_f1: 55.48, f1: 61.81
epoch: 171, val_loss:1.337958, acc: 63.90, bacc: 60.51, tmp_test_f1: 55.50, f1: 61.81
epoch: 172, val_loss:1.376677, acc: 63.90, bacc: 60.51, tmp_test_f1: 56.21, f1: 61.81
epoch: 173, val_loss:1.370726, acc: 63.90, bacc: 60.51, tmp_test_f1: 56.43, f1: 61.81
epoch: 174, val_loss:1.356048, acc: 63.90, bacc: 60.51, tmp_test_f1: 55.22, f1: 61.81
epoch: 175, val_loss:1.305453, acc: 63.90, bacc: 60.51, tmp_test_f1: 53.20, f1: 61.81
epoch: 176, val_loss:1.310949, acc: 63.90, bacc: 60.51, tmp_test_f1: 49.57, f1: 61.81
epoch: 177, val_loss:1.365175, acc: 63.90, bacc: 60.51, tmp_test_f1: 49.95, f1: 61.81
epoch: 178, val_loss:1.334522, acc: 63.90, bacc: 60.51, tmp_test_f1: 51.38, f1: 61.81
epoch: 179, val_loss:1.375860, acc: 63.90, bacc: 60.51, tmp_test_f1: 51.68, f1: 61.81
epoch: 180, val_loss:1.426039, acc: 63.90, bacc: 60.51, tmp_test_f1: 52.25, f1: 61.81
epoch: 181, val_loss:1.429625, acc: 63.90, bacc: 60.51, tmp_test_f1: 52.91, f1: 61.81
epoch: 182, val_loss:1.479183, acc: 63.90, bacc: 60.51, tmp_test_f1: 53.70, f1: 61.81
epoch: 183, val_loss:1.503503, acc: 63.90, bacc: 60.51, tmp_test_f1: 54.34, f1: 61.81
epoch: 184, val_loss:1.496690, acc: 63.90, bacc: 60.51, tmp_test_f1: 55.93, f1: 61.81
epoch: 185, val_loss:1.402551, acc: 63.90, bacc: 60.51, tmp_test_f1: 55.03, f1: 61.81
epoch: 186, val_loss:1.377433, acc: 63.90, bacc: 60.51, tmp_test_f1: 55.37, f1: 61.81
epoch: 187, val_loss:1.367906, acc: 63.90, bacc: 60.51, tmp_test_f1: 55.65, f1: 61.81
epoch: 188, val_loss:1.364453, acc: 63.90, bacc: 60.51, tmp_test_f1: 54.85, f1: 61.81
epoch: 189, val_loss:1.399728, acc: 63.90, bacc: 60.51, tmp_test_f1: 53.90, f1: 61.81
epoch: 190, val_loss:1.438179, acc: 63.90, bacc: 60.51, tmp_test_f1: 54.18, f1: 61.81
epoch: 191, val_loss:1.473111, acc: 63.90, bacc: 60.51, tmp_test_f1: 52.90, f1: 61.81
epoch: 192, val_loss:1.522081, acc: 63.90, bacc: 60.51, tmp_test_f1: 55.31, f1: 61.81
epoch: 193, val_loss:1.514504, acc: 63.90, bacc: 60.51, tmp_test_f1: 54.81, f1: 61.81
epoch: 194, val_loss:1.522504, acc: 63.90, bacc: 60.51, tmp_test_f1: 55.39, f1: 61.81
epoch: 195, val_loss:1.499468, acc: 63.90, bacc: 60.51, tmp_test_f1: 55.15, f1: 61.81
epoch: 196, val_loss:1.468835, acc: 63.90, bacc: 60.51, tmp_test_f1: 54.07, f1: 61.81
epoch: 197, val_loss:1.442863, acc: 63.90, bacc: 60.51, tmp_test_f1: 53.69, f1: 61.81
epoch: 198, val_loss:1.411668, acc: 63.90, bacc: 60.51, tmp_test_f1: 54.91, f1: 61.81
epoch: 199, val_loss:1.388810, acc: 63.90, bacc: 60.51, tmp_test_f1: 54.18, f1: 61.81
epoch: 200, val_loss:1.407217, acc: 63.90, bacc: 60.51, tmp_test_f1: 52.76, f1: 61.81
epoch: 201, val_loss:1.448399, acc: 63.90, bacc: 60.51, tmp_test_f1: 51.69, f1: 61.81
epoch: 202, val_loss:1.480359, acc: 63.90, bacc: 60.51, tmp_test_f1: 47.78, f1: 61.81
epoch: 203, val_loss:1.525413, acc: 63.90, bacc: 60.51, tmp_test_f1: 48.18, f1: 61.81
epoch: 204, val_loss:1.545343, acc: 63.90, bacc: 60.51, tmp_test_f1: 52.88, f1: 61.81
epoch: 205, val_loss:1.520080, acc: 63.90, bacc: 60.51, tmp_test_f1: 50.61, f1: 61.81
epoch: 206, val_loss:1.524092, acc: 63.90, bacc: 60.51, tmp_test_f1: 50.42, f1: 61.81
epoch: 207, val_loss:1.521491, acc: 63.90, bacc: 60.51, tmp_test_f1: 51.71, f1: 61.81
epoch: 208, val_loss:1.521963, acc: 63.90, bacc: 60.51, tmp_test_f1: 51.33, f1: 61.81
epoch: 209, val_loss:1.551055, acc: 63.90, bacc: 60.51, tmp_test_f1: 46.47, f1: 61.81
epoch: 210, val_loss:1.638232, acc: 63.90, bacc: 60.51, tmp_test_f1: 46.14, f1: 61.81
epoch: 211, val_loss:1.669537, acc: 63.90, bacc: 60.51, tmp_test_f1: 45.01, f1: 61.81
epoch: 212, val_loss:1.694668, acc: 63.90, bacc: 60.51, tmp_test_f1: 48.25, f1: 61.81
epoch: 213, val_loss:1.650129, acc: 63.90, bacc: 60.51, tmp_test_f1: 51.39, f1: 61.81
epoch: 214, val_loss:1.616345, acc: 63.90, bacc: 60.51, tmp_test_f1: 52.25, f1: 61.81
epoch: 215, val_loss:1.580030, acc: 63.90, bacc: 60.51, tmp_test_f1: 52.51, f1: 61.81
epoch: 216, val_loss:1.556850, acc: 63.90, bacc: 60.51, tmp_test_f1: 51.91, f1: 61.81
epoch: 217, val_loss:1.504941, acc: 63.90, bacc: 60.51, tmp_test_f1: 53.35, f1: 61.81
epoch: 218, val_loss:1.476122, acc: 63.90, bacc: 60.51, tmp_test_f1: 55.75, f1: 61.81
epoch: 219, val_loss:1.471717, acc: 63.90, bacc: 60.51, tmp_test_f1: 52.21, f1: 61.81
epoch: 220, val_loss:1.520722, acc: 63.90, bacc: 60.51, tmp_test_f1: 52.76, f1: 61.81
epoch: 221, val_loss:1.473622, acc: 63.90, bacc: 60.51, tmp_test_f1: 54.64, f1: 61.81
epoch: 222, val_loss:1.440879, acc: 63.90, bacc: 60.51, tmp_test_f1: 54.84, f1: 61.81
epoch: 223, val_loss:1.437456, acc: 63.90, bacc: 60.51, tmp_test_f1: 54.27, f1: 61.81
epoch: 224, val_loss:1.485175, acc: 63.90, bacc: 60.51, tmp_test_f1: 52.15, f1: 61.81
epoch: 225, val_loss:1.573915, acc: 63.90, bacc: 60.51, tmp_test_f1: 49.58, f1: 61.81
epoch: 226, val_loss:1.653798, acc: 63.90, bacc: 60.51, tmp_test_f1: 51.84, f1: 61.81
epoch: 227, val_loss:1.614475, acc: 63.90, bacc: 60.51, tmp_test_f1: 51.99, f1: 61.81
epoch: 228, val_loss:1.666780, acc: 63.90, bacc: 60.51, tmp_test_f1: 52.32, f1: 61.81
epoch: 229, val_loss:1.692694, acc: 63.90, bacc: 60.51, tmp_test_f1: 52.35, f1: 61.81
epoch: 230, val_loss:1.716300, acc: 63.90, bacc: 60.51, tmp_test_f1: 52.19, f1: 61.81
epoch: 231, val_loss:1.687443, acc: 63.90, bacc: 60.51, tmp_test_f1: 54.17, f1: 61.81
epoch: 232, val_loss:1.610544, acc: 63.90, bacc: 60.51, tmp_test_f1: 55.97, f1: 61.81
epoch: 233, val_loss:1.507653, acc: 63.90, bacc: 60.51, tmp_test_f1: 57.40, f1: 61.81
epoch: 234, val_loss:1.454131, acc: 63.90, bacc: 60.51, tmp_test_f1: 57.46, f1: 61.81
epoch: 235, val_loss:1.420171, acc: 63.90, bacc: 60.51, tmp_test_f1: 56.98, f1: 61.81
epoch: 236, val_loss:1.385521, acc: 63.90, bacc: 60.51, tmp_test_f1: 54.27, f1: 61.81
epoch: 237, val_loss:1.394632, acc: 63.90, bacc: 60.51, tmp_test_f1: 52.07, f1: 61.81
epoch: 238, val_loss:1.402435, acc: 63.90, bacc: 60.51, tmp_test_f1: 48.26, f1: 61.81
epoch: 239, val_loss:1.467476, acc: 63.90, bacc: 60.51, tmp_test_f1: 42.74, f1: 61.81
epoch: 240, val_loss:1.511449, acc: 63.90, bacc: 60.51, tmp_test_f1: 49.34, f1: 61.81
epoch: 241, val_loss:1.459600, acc: 63.90, bacc: 60.51, tmp_test_f1: 48.75, f1: 61.81
epoch: 242, val_loss:1.539986, acc: 63.90, bacc: 60.51, tmp_test_f1: 52.03, f1: 61.81
epoch: 243, val_loss:1.573501, acc: 63.90, bacc: 60.51, tmp_test_f1: 50.90, f1: 61.81
epoch: 244, val_loss:1.599460, acc: 63.90, bacc: 60.51, tmp_test_f1: 48.50, f1: 61.81
epoch: 245, val_loss:1.650886, acc: 63.90, bacc: 60.51, tmp_test_f1: 50.61, f1: 61.81
epoch: 246, val_loss:1.573130, acc: 63.90, bacc: 60.51, tmp_test_f1: 53.40, f1: 61.81
epoch: 247, val_loss:1.413205, acc: 63.90, bacc: 60.51, tmp_test_f1: 53.80, f1: 61.81
epoch: 248, val_loss:1.374402, acc: 63.90, bacc: 60.51, tmp_test_f1: 54.77, f1: 61.81
epoch: 249, val_loss:1.392038, acc: 63.90, bacc: 60.51, tmp_test_f1: 52.97, f1: 61.81
epoch: 250, val_loss:1.411667, acc: 63.90, bacc: 60.51, tmp_test_f1: 50.03, f1: 61.81
epoch: 251, val_loss:1.484302, acc: 63.90, bacc: 60.51, tmp_test_f1: 43.64, f1: 61.81
epoch: 252, val_loss:1.582585, acc: 63.90, bacc: 60.51, tmp_test_f1: 41.35, f1: 61.81
epoch: 253, val_loss:1.667189, acc: 63.90, bacc: 60.51, tmp_test_f1: 42.17, f1: 61.81
epoch: 254, val_loss:1.645013, acc: 63.90, bacc: 60.51, tmp_test_f1: 44.67, f1: 61.81
epoch: 255, val_loss:1.593479, acc: 63.90, bacc: 60.51, tmp_test_f1: 49.77, f1: 61.81
epoch: 256, val_loss:1.523081, acc: 63.90, bacc: 60.51, tmp_test_f1: 52.09, f1: 61.81
epoch: 257, val_loss:1.528060, acc: 63.90, bacc: 60.51, tmp_test_f1: 52.82, f1: 61.81
epoch: 258, val_loss:1.536851, acc: 63.90, bacc: 60.51, tmp_test_f1: 52.68, f1: 61.81
epoch: 259, val_loss:1.528956, acc: 63.90, bacc: 60.51, tmp_test_f1: 55.04, f1: 61.81
epoch: 260, val_loss:1.443705, acc: 63.90, bacc: 60.51, tmp_test_f1: 54.88, f1: 61.81
epoch: 261, val_loss:1.392834, acc: 63.90, bacc: 60.51, tmp_test_f1: 54.35, f1: 61.81
epoch: 262, val_loss:1.386790, acc: 63.90, bacc: 60.51, tmp_test_f1: 54.77, f1: 61.81
epoch: 263, val_loss:1.411707, acc: 63.90, bacc: 60.51, tmp_test_f1: 55.23, f1: 61.81
epoch: 264, val_loss:1.423295, acc: 63.90, bacc: 60.51, tmp_test_f1: 56.56, f1: 61.81
epoch: 265, val_loss:1.419801, acc: 63.90, bacc: 60.51, tmp_test_f1: 56.48, f1: 61.81
epoch: 266, val_loss:1.392982, acc: 63.90, bacc: 60.51, tmp_test_f1: 56.80, f1: 61.81
epoch: 267, val_loss:1.373733, acc: 63.90, bacc: 60.51, tmp_test_f1: 56.57, f1: 61.81
epoch: 268, val_loss:1.378051, acc: 63.90, bacc: 60.51, tmp_test_f1: 55.28, f1: 61.81
epoch: 269, val_loss:1.402494, acc: 63.90, bacc: 60.51, tmp_test_f1: 52.84, f1: 61.81
epoch: 270, val_loss:1.437442, acc: 63.90, bacc: 60.51, tmp_test_f1: 50.95, f1: 61.81
epoch: 271, val_loss:1.481617, acc: 63.90, bacc: 60.51, tmp_test_f1: 51.93, f1: 61.81
epoch: 272, val_loss:1.461815, acc: 63.90, bacc: 60.51, tmp_test_f1: 53.17, f1: 61.81
epoch: 273, val_loss:1.417096, acc: 63.90, bacc: 60.51, tmp_test_f1: 52.23, f1: 61.81
epoch: 274, val_loss:1.337610, acc: 63.90, bacc: 60.51, tmp_test_f1: 49.36, f1: 61.81
epoch: 275, val_loss:1.323468, acc: 63.90, bacc: 60.51, tmp_test_f1: 45.82, f1: 61.81
epoch: 276, val_loss:1.355273, acc: 63.90, bacc: 60.51, tmp_test_f1: 44.89, f1: 61.81
epoch: 277, val_loss:1.431212, acc: 63.90, bacc: 60.51, tmp_test_f1: 45.49, f1: 61.81
epoch: 278, val_loss:1.465113, acc: 63.90, bacc: 60.51, tmp_test_f1: 42.40, f1: 61.81
epoch: 279, val_loss:1.597787, acc: 63.90, bacc: 60.51, tmp_test_f1: 41.51, f1: 61.81
epoch: 280, val_loss:1.701323, acc: 63.90, bacc: 60.51, tmp_test_f1: 43.15, f1: 61.81
epoch: 281, val_loss:1.691858, acc: 63.90, bacc: 60.51, tmp_test_f1: 47.62, f1: 61.81
epoch: 282, val_loss:1.640872, acc: 63.90, bacc: 60.51, tmp_test_f1: 51.02, f1: 61.81
epoch: 283, val_loss:1.597475, acc: 63.90, bacc: 60.51, tmp_test_f1: 51.20, f1: 61.81
epoch: 284, val_loss:1.591439, acc: 63.90, bacc: 60.51, tmp_test_f1: 50.75, f1: 61.81
epoch: 285, val_loss:1.580463, acc: 63.90, bacc: 60.51, tmp_test_f1: 50.18, f1: 61.81
epoch: 286, val_loss:1.578259, acc: 63.90, bacc: 60.51, tmp_test_f1: 47.95, f1: 61.81
epoch: 287, val_loss:1.546185, acc: 63.90, bacc: 60.51, tmp_test_f1: 48.27, f1: 61.81
epoch: 288, val_loss:1.522191, acc: 63.90, bacc: 60.51, tmp_test_f1: 47.75, f1: 61.81
epoch: 289, val_loss:1.530720, acc: 63.90, bacc: 60.51, tmp_test_f1: 47.34, f1: 61.81
epoch: 290, val_loss:1.555696, acc: 63.90, bacc: 60.51, tmp_test_f1: 48.44, f1: 61.81
epoch: 291, val_loss:1.614909, acc: 63.90, bacc: 60.51, tmp_test_f1: 47.92, f1: 61.81
epoch: 292, val_loss:1.719235, acc: 63.90, bacc: 60.51, tmp_test_f1: 46.94, f1: 61.81
epoch: 293, val_loss:1.797310, acc: 63.90, bacc: 60.51, tmp_test_f1: 46.62, f1: 61.81
Epoch 00294: reducing learning rate of group 0 to 5.0000e-02.
Epoch 00294: reducing learning rate of group 1 to 5.0000e-02.
epoch: 294, val_loss:1.855827, acc: 63.90, bacc: 60.51, tmp_test_f1: 46.96, f1: 61.81
epoch: 295, val_loss:1.864391, acc: 63.90, bacc: 60.51, tmp_test_f1: 46.48, f1: 61.81
epoch: 296, val_loss:1.860983, acc: 63.90, bacc: 60.51, tmp_test_f1: 48.83, f1: 61.81
epoch: 297, val_loss:1.807784, acc: 63.90, bacc: 60.51, tmp_test_f1: 50.67, f1: 61.81
epoch: 298, val_loss:1.771311, acc: 63.90, bacc: 60.51, tmp_test_f1: 51.79, f1: 61.81
epoch: 299, val_loss:1.754012, acc: 63.90, bacc: 60.51, tmp_test_f1: 52.68, f1: 61.81
epoch: 300, val_loss:1.752177, acc: 63.90, bacc: 60.51, tmp_test_f1: 52.50, f1: 61.81
epoch: 301, val_loss:1.746855, acc: 63.90, bacc: 60.51, tmp_test_f1: 53.87, f1: 61.81
epoch: 302, val_loss:1.691473, acc: 63.90, bacc: 60.51, tmp_test_f1: 55.26, f1: 61.81
epoch: 303, val_loss:1.622521, acc: 63.90, bacc: 60.51, tmp_test_f1: 56.17, f1: 61.81
epoch: 304, val_loss:1.561557, acc: 63.90, bacc: 60.51, tmp_test_f1: 56.96, f1: 61.81
epoch: 305, val_loss:1.501945, acc: 63.90, bacc: 60.51, tmp_test_f1: 57.43, f1: 61.81
epoch: 306, val_loss:1.454240, acc: 63.90, bacc: 60.51, tmp_test_f1: 57.16, f1: 61.81
epoch: 307, val_loss:1.415015, acc: 63.90, bacc: 60.51, tmp_test_f1: 57.26, f1: 61.81
epoch: 308, val_loss:1.402241, acc: 63.90, bacc: 60.51, tmp_test_f1: 56.87, f1: 61.81
epoch: 309, val_loss:1.393207, acc: 63.90, bacc: 60.51, tmp_test_f1: 56.76, f1: 61.81
epoch: 310, val_loss:1.391025, acc: 63.90, bacc: 60.51, tmp_test_f1: 56.55, f1: 61.81
epoch: 311, val_loss:1.388409, acc: 63.90, bacc: 60.51, tmp_test_f1: 56.59, f1: 61.81
epoch: 312, val_loss:1.388047, acc: 63.90, bacc: 60.51, tmp_test_f1: 56.17, f1: 61.81
epoch: 313, val_loss:1.390895, acc: 63.90, bacc: 60.51, tmp_test_f1: 56.21, f1: 61.81
epoch: 314, val_loss:1.396819, acc: 63.90, bacc: 60.51, tmp_test_f1: 55.44, f1: 61.81
epoch: 315, val_loss:1.401381, acc: 63.90, bacc: 60.51, tmp_test_f1: 55.09, f1: 61.81
epoch: 316, val_loss:1.405384, acc: 63.90, bacc: 60.51, tmp_test_f1: 54.76, f1: 61.81
epoch: 317, val_loss:1.402418, acc: 63.90, bacc: 60.51, tmp_test_f1: 53.45, f1: 61.81
epoch: 318, val_loss:1.411715, acc: 63.90, bacc: 60.51, tmp_test_f1: 53.02, f1: 61.81
epoch: 319, val_loss:1.414134, acc: 63.90, bacc: 60.51, tmp_test_f1: 51.89, f1: 61.81
epoch: 320, val_loss:1.415416, acc: 63.90, bacc: 60.51, tmp_test_f1: 52.14, f1: 61.81
epoch: 321, val_loss:1.405218, acc: 63.90, bacc: 60.51, tmp_test_f1: 52.37, f1: 61.81
epoch: 322, val_loss:1.409221, acc: 63.90, bacc: 60.51, tmp_test_f1: 51.53, f1: 61.81
epoch: 323, val_loss:1.414941, acc: 63.90, bacc: 60.51, tmp_test_f1: 51.81, f1: 61.81
epoch: 324, val_loss:1.433519, acc: 63.90, bacc: 60.51, tmp_test_f1: 51.73, f1: 61.81
epoch: 325, val_loss:1.445041, acc: 63.90, bacc: 60.51, tmp_test_f1: 51.74, f1: 61.81
epoch: 326, val_loss:1.443891, acc: 63.90, bacc: 60.51, tmp_test_f1: 52.29, f1: 61.81
epoch: 327, val_loss:1.438481, acc: 63.90, bacc: 60.51, tmp_test_f1: 53.67, f1: 61.81
epoch: 328, val_loss:1.404499, acc: 63.90, bacc: 60.51, tmp_test_f1: 53.45, f1: 61.81
epoch: 329, val_loss:1.377409, acc: 63.90, bacc: 60.51, tmp_test_f1: 53.80, f1: 61.81
epoch: 330, val_loss:1.367732, acc: 63.90, bacc: 60.51, tmp_test_f1: 54.39, f1: 61.81
epoch: 331, val_loss:1.358904, acc: 63.90, bacc: 60.51, tmp_test_f1: 53.95, f1: 61.81
epoch: 332, val_loss:1.340176, acc: 63.90, bacc: 60.51, tmp_test_f1: 53.95, f1: 61.81
epoch: 333, val_loss:1.332168, acc: 63.90, bacc: 60.51, tmp_test_f1: 54.08, f1: 61.81
epoch: 334, val_loss:1.331837, acc: 63.90, bacc: 60.51, tmp_test_f1: 54.40, f1: 61.81
epoch: 335, val_loss:1.331217, acc: 63.90, bacc: 60.51, tmp_test_f1: 55.02, f1: 61.81
epoch: 336, val_loss:1.341682, acc: 63.90, bacc: 60.51, tmp_test_f1: 55.12, f1: 61.81
epoch: 337, val_loss:1.344001, acc: 63.90, bacc: 60.51, tmp_test_f1: 56.25, f1: 61.81
epoch: 338, val_loss:1.351267, acc: 63.90, bacc: 60.51, tmp_test_f1: 56.97, f1: 61.81
epoch: 339, val_loss:1.367217, acc: 63.90, bacc: 60.51, tmp_test_f1: 57.03, f1: 61.81
epoch: 340, val_loss:1.387119, acc: 63.90, bacc: 60.51, tmp_test_f1: 56.82, f1: 61.81
epoch: 341, val_loss:1.407210, acc: 63.90, bacc: 60.51, tmp_test_f1: 56.95, f1: 61.81
epoch: 342, val_loss:1.406768, acc: 63.90, bacc: 60.51, tmp_test_f1: 56.07, f1: 61.81
epoch: 343, val_loss:1.410379, acc: 63.90, bacc: 60.51, tmp_test_f1: 55.55, f1: 61.81
epoch: 344, val_loss:1.417195, acc: 63.90, bacc: 60.51, tmp_test_f1: 55.97, f1: 61.81
epoch: 345, val_loss:1.422695, acc: 63.90, bacc: 60.51, tmp_test_f1: 55.35, f1: 61.81
epoch: 346, val_loss:1.412056, acc: 63.90, bacc: 60.51, tmp_test_f1: 54.78, f1: 61.81
epoch: 347, val_loss:1.396334, acc: 63.90, bacc: 60.51, tmp_test_f1: 52.43, f1: 61.81
epoch: 348, val_loss:1.390399, acc: 63.90, bacc: 60.51, tmp_test_f1: 51.65, f1: 61.81
epoch: 349, val_loss:1.395503, acc: 63.90, bacc: 60.51, tmp_test_f1: 52.38, f1: 61.81
epoch: 350, val_loss:1.374857, acc: 63.90, bacc: 60.51, tmp_test_f1: 52.85, f1: 61.81
epoch: 351, val_loss:1.364053, acc: 63.90, bacc: 60.51, tmp_test_f1: 53.30, f1: 61.81
epoch: 352, val_loss:1.368435, acc: 63.90, bacc: 60.51, tmp_test_f1: 53.84, f1: 61.81
epoch: 353, val_loss:1.379596, acc: 63.90, bacc: 60.51, tmp_test_f1: 55.19, f1: 61.81
epoch: 354, val_loss:1.377642, acc: 63.90, bacc: 60.51, tmp_test_f1: 55.19, f1: 61.81
epoch: 355, val_loss:1.385374, acc: 63.90, bacc: 60.51, tmp_test_f1: 55.39, f1: 61.81
epoch: 356, val_loss:1.410151, acc: 63.90, bacc: 60.51, tmp_test_f1: 55.62, f1: 61.81
epoch: 357, val_loss:1.444829, acc: 63.90, bacc: 60.51, tmp_test_f1: 54.97, f1: 61.81
epoch: 358, val_loss:1.452512, acc: 63.90, bacc: 60.51, tmp_test_f1: 54.69, f1: 61.81
epoch: 359, val_loss:1.469651, acc: 63.90, bacc: 60.51, tmp_test_f1: 54.50, f1: 61.81
epoch: 360, val_loss:1.476331, acc: 63.90, bacc: 60.51, tmp_test_f1: 54.02, f1: 61.81
epoch: 361, val_loss:1.470780, acc: 63.90, bacc: 60.51, tmp_test_f1: 55.48, f1: 61.81
epoch: 362, val_loss:1.453626, acc: 63.90, bacc: 60.51, tmp_test_f1: 56.44, f1: 61.81
epoch: 363, val_loss:1.419905, acc: 63.90, bacc: 60.51, tmp_test_f1: 55.80, f1: 61.81
epoch: 364, val_loss:1.405126, acc: 63.90, bacc: 60.51, tmp_test_f1: 55.73, f1: 61.81
epoch: 365, val_loss:1.386584, acc: 63.90, bacc: 60.51, tmp_test_f1: 56.10, f1: 61.81
epoch: 366, val_loss:1.368379, acc: 63.90, bacc: 60.51, tmp_test_f1: 54.90, f1: 61.81
epoch: 367, val_loss:1.356389, acc: 63.90, bacc: 60.51, tmp_test_f1: 55.07, f1: 61.81
epoch: 368, val_loss:1.351825, acc: 63.90, bacc: 60.51, tmp_test_f1: 53.26, f1: 61.81
epoch: 369, val_loss:1.361035, acc: 63.90, bacc: 60.51, tmp_test_f1: 52.71, f1: 61.81
epoch: 370, val_loss:1.361302, acc: 63.90, bacc: 60.51, tmp_test_f1: 53.54, f1: 61.81
epoch: 371, val_loss:1.337964, acc: 63.90, bacc: 60.51, tmp_test_f1: 54.95, f1: 61.81
epoch: 372, val_loss:1.325130, acc: 63.90, bacc: 60.51, tmp_test_f1: 55.64, f1: 61.81
epoch: 373, val_loss:1.324791, acc: 63.90, bacc: 60.51, tmp_test_f1: 56.63, f1: 61.81
epoch: 374, val_loss:1.324650, acc: 63.90, bacc: 60.51, tmp_test_f1: 56.32, f1: 61.81
epoch: 375, val_loss:1.328894, acc: 63.90, bacc: 60.51, tmp_test_f1: 57.03, f1: 61.81
epoch: 376, val_loss:1.337803, acc: 63.90, bacc: 60.51, tmp_test_f1: 57.57, f1: 61.81
epoch: 377, val_loss:1.356842, acc: 63.90, bacc: 60.51, tmp_test_f1: 57.70, f1: 61.81
epoch: 378, val_loss:1.374552, acc: 63.90, bacc: 60.51, tmp_test_f1: 57.81, f1: 61.81
epoch: 379, val_loss:1.388172, acc: 63.90, bacc: 60.51, tmp_test_f1: 58.04, f1: 61.81
epoch: 380, val_loss:1.390687, acc: 63.90, bacc: 60.51, tmp_test_f1: 57.56, f1: 61.81
epoch: 381, val_loss:1.392735, acc: 63.90, bacc: 60.51, tmp_test_f1: 56.94, f1: 61.81
epoch: 382, val_loss:1.403656, acc: 63.90, bacc: 60.51, tmp_test_f1: 55.00, f1: 61.81
epoch: 383, val_loss:1.420789, acc: 63.90, bacc: 60.51, tmp_test_f1: 53.98, f1: 61.81
epoch: 384, val_loss:1.425641, acc: 63.90, bacc: 60.51, tmp_test_f1: 54.93, f1: 61.81
epoch: 385, val_loss:1.396095, acc: 63.90, bacc: 60.51, tmp_test_f1: 56.65, f1: 61.81
epoch: 386, val_loss:1.354325, acc: 63.90, bacc: 60.51, tmp_test_f1: 57.14, f1: 61.81
epoch: 387, val_loss:1.315621, acc: 63.90, bacc: 60.51, tmp_test_f1: 55.34, f1: 61.81
epoch: 388, val_loss:1.302446, acc: 63.90, bacc: 60.51, tmp_test_f1: 53.73, f1: 61.81
epoch: 389, val_loss:1.305761, acc: 63.90, bacc: 60.51, tmp_test_f1: 51.79, f1: 61.81
epoch: 390, val_loss:1.310708, acc: 63.90, bacc: 60.51, tmp_test_f1: 52.38, f1: 61.81
epoch: 391, val_loss:1.320837, acc: 63.90, bacc: 60.51, tmp_test_f1: 52.24, f1: 61.81
epoch: 392, val_loss:1.338001, acc: 63.90, bacc: 60.51, tmp_test_f1: 51.51, f1: 61.81
epoch: 393, val_loss:1.371297, acc: 63.90, bacc: 60.51, tmp_test_f1: 49.42, f1: 61.81
epoch: 394, val_loss:1.414824, acc: 63.90, bacc: 60.51, tmp_test_f1: 49.85, f1: 61.81
epoch: 395, val_loss:1.428136, acc: 63.90, bacc: 60.51, tmp_test_f1: 50.03, f1: 61.81
epoch: 396, val_loss:1.416146, acc: 63.90, bacc: 60.51, tmp_test_f1: 52.91, f1: 61.81
epoch: 397, val_loss:1.396384, acc: 63.90, bacc: 60.51, tmp_test_f1: 54.34, f1: 61.81
epoch: 398, val_loss:1.380246, acc: 63.90, bacc: 60.51, tmp_test_f1: 54.78, f1: 61.81
epoch: 399, val_loss:1.373290, acc: 63.90, bacc: 60.51, tmp_test_f1: 54.98, f1: 61.81
epoch: 400, val_loss:1.379755, acc: 63.90, bacc: 60.51, tmp_test_f1: 55.37, f1: 61.81
epoch: 401, val_loss:1.368892, acc: 63.90, bacc: 60.51, tmp_test_f1: 54.87, f1: 61.81
epoch: 402, val_loss:1.358892, acc: 63.90, bacc: 60.51, tmp_test_f1: 54.43, f1: 61.81
epoch: 403, val_loss:1.339206, acc: 63.90, bacc: 60.51, tmp_test_f1: 54.73, f1: 61.81
epoch: 404, val_loss:1.328719, acc: 63.90, bacc: 60.51, tmp_test_f1: 55.08, f1: 61.81
epoch: 405, val_loss:1.316685, acc: 63.90, bacc: 60.51, tmp_test_f1: 54.05, f1: 61.81
epoch: 406, val_loss:1.300467, acc: 63.90, bacc: 60.51, tmp_test_f1: 52.89, f1: 61.81
epoch: 407, val_loss:1.286202, acc: 63.90, bacc: 60.51, tmp_test_f1: 54.44, f1: 61.81
epoch: 408, val_loss:1.275670, acc: 63.90, bacc: 60.51, tmp_test_f1: 54.35, f1: 61.81
epoch: 409, val_loss:1.279042, acc: 63.90, bacc: 60.51, tmp_test_f1: 54.10, f1: 61.81
epoch: 410, val_loss:1.283298, acc: 63.90, bacc: 60.51, tmp_test_f1: 54.40, f1: 61.81
epoch: 411, val_loss:1.279614, acc: 63.90, bacc: 60.51, tmp_test_f1: 56.01, f1: 61.81
epoch: 412, val_loss:1.280823, acc: 63.90, bacc: 60.51, tmp_test_f1: 57.51, f1: 61.81
epoch: 413, val_loss:1.279726, acc: 63.90, bacc: 60.51, tmp_test_f1: 57.73, f1: 61.81
epoch: 414, val_loss:1.272077, acc: 63.90, bacc: 60.51, tmp_test_f1: 57.77, f1: 61.81
epoch: 415, val_loss:1.275414, acc: 63.90, bacc: 60.51, tmp_test_f1: 58.50, f1: 61.81
epoch: 416, val_loss:1.287347, acc: 63.90, bacc: 60.51, tmp_test_f1: 57.26, f1: 61.81
epoch: 417, val_loss:1.308140, acc: 63.90, bacc: 60.51, tmp_test_f1: 57.26, f1: 61.81
epoch: 418, val_loss:1.308699, acc: 63.90, bacc: 60.51, tmp_test_f1: 59.19, f1: 61.81
epoch: 419, val_loss:1.311257, acc: 63.90, bacc: 60.51, tmp_test_f1: 58.79, f1: 61.81
epoch: 420, val_loss:1.319289, acc: 63.90, bacc: 60.51, tmp_test_f1: 59.01, f1: 61.81
epoch: 421, val_loss:1.334272, acc: 63.90, bacc: 60.51, tmp_test_f1: 58.40, f1: 61.81
epoch: 422, val_loss:1.350867, acc: 63.90, bacc: 60.51, tmp_test_f1: 58.11, f1: 61.81
epoch: 423, val_loss:1.364920, acc: 63.90, bacc: 60.51, tmp_test_f1: 57.72, f1: 61.81
epoch: 424, val_loss:1.383518, acc: 63.90, bacc: 60.51, tmp_test_f1: 58.69, f1: 61.81
epoch: 425, val_loss:1.390020, acc: 63.90, bacc: 60.51, tmp_test_f1: 58.20, f1: 61.81
epoch: 426, val_loss:1.375270, acc: 63.90, bacc: 60.51, tmp_test_f1: 58.43, f1: 61.81
epoch: 427, val_loss:1.370354, acc: 63.90, bacc: 60.51, tmp_test_f1: 57.35, f1: 61.81
epoch: 428, val_loss:1.375483, acc: 63.90, bacc: 60.51, tmp_test_f1: 55.25, f1: 61.81
epoch: 429, val_loss:1.394010, acc: 63.90, bacc: 60.51, tmp_test_f1: 55.84, f1: 61.81
epoch: 430, val_loss:1.361654, acc: 63.90, bacc: 60.51, tmp_test_f1: 56.56, f1: 61.81
epoch: 431, val_loss:1.340343, acc: 63.90, bacc: 60.51, tmp_test_f1: 55.46, f1: 61.81
epoch: 432, val_loss:1.342478, acc: 63.90, bacc: 60.51, tmp_test_f1: 54.21, f1: 61.81
epoch: 433, val_loss:1.365673, acc: 63.90, bacc: 60.51, tmp_test_f1: 51.59, f1: 61.81
epoch: 434, val_loss:1.400533, acc: 63.90, bacc: 60.51, tmp_test_f1: 49.61, f1: 61.81
epoch: 435, val_loss:1.441978, acc: 63.90, bacc: 60.51, tmp_test_f1: 48.83, f1: 61.81
epoch: 436, val_loss:1.461525, acc: 63.90, bacc: 60.51, tmp_test_f1: 50.15, f1: 61.81
epoch: 437, val_loss:1.424903, acc: 63.90, bacc: 60.51, tmp_test_f1: 52.89, f1: 61.81
epoch: 438, val_loss:1.373157, acc: 63.90, bacc: 60.51, tmp_test_f1: 55.39, f1: 61.81
epoch: 439, val_loss:1.321544, acc: 63.90, bacc: 60.51, tmp_test_f1: 57.01, f1: 61.81
epoch: 440, val_loss:1.303772, acc: 63.90, bacc: 60.51, tmp_test_f1: 57.69, f1: 61.81
epoch: 441, val_loss:1.319463, acc: 63.90, bacc: 60.51, tmp_test_f1: 56.87, f1: 61.81
epoch: 442, val_loss:1.347637, acc: 63.90, bacc: 60.51, tmp_test_f1: 56.95, f1: 61.81
epoch: 443, val_loss:1.376248, acc: 63.90, bacc: 60.51, tmp_test_f1: 57.24, f1: 61.81
epoch: 444, val_loss:1.351427, acc: 63.90, bacc: 60.51, tmp_test_f1: 57.17, f1: 61.81
epoch: 445, val_loss:1.334742, acc: 63.90, bacc: 60.51, tmp_test_f1: 55.24, f1: 61.81
epoch: 446, val_loss:1.328193, acc: 63.90, bacc: 60.51, tmp_test_f1: 54.24, f1: 61.81
epoch: 447, val_loss:1.362359, acc: 63.90, bacc: 60.51, tmp_test_f1: 53.51, f1: 61.81
epoch: 448, val_loss:1.399029, acc: 63.90, bacc: 60.51, tmp_test_f1: 51.49, f1: 61.81
epoch: 449, val_loss:1.439260, acc: 63.90, bacc: 60.51, tmp_test_f1: 52.66, f1: 61.81
epoch: 450, val_loss:1.440504, acc: 63.90, bacc: 60.51, tmp_test_f1: 53.32, f1: 61.81
epoch: 451, val_loss:1.416676, acc: 63.90, bacc: 60.51, tmp_test_f1: 55.68, f1: 61.81
epoch: 452, val_loss:1.378851, acc: 63.90, bacc: 60.51, tmp_test_f1: 57.19, f1: 61.81
epoch: 453, val_loss:1.360487, acc: 63.90, bacc: 60.51, tmp_test_f1: 57.39, f1: 61.81
epoch: 454, val_loss:1.351948, acc: 63.90, bacc: 60.51, tmp_test_f1: 57.97, f1: 61.81
epoch: 455, val_loss:1.349208, acc: 63.90, bacc: 60.51, tmp_test_f1: 57.97, f1: 61.81
epoch: 456, val_loss:1.344919, acc: 63.90, bacc: 60.51, tmp_test_f1: 58.95, f1: 61.81
epoch: 457, val_loss:1.341595, acc: 63.90, bacc: 60.51, tmp_test_f1: 58.80, f1: 61.81
epoch: 458, val_loss:1.343381, acc: 63.90, bacc: 60.51, tmp_test_f1: 58.22, f1: 61.81
epoch: 459, val_loss:1.311993, acc: 63.90, bacc: 60.51, tmp_test_f1: 58.18, f1: 61.81
epoch: 460, val_loss:1.305779, acc: 63.90, bacc: 60.51, tmp_test_f1: 57.48, f1: 61.81
epoch: 461, val_loss:1.308124, acc: 63.90, bacc: 60.51, tmp_test_f1: 56.91, f1: 61.81
epoch: 462, val_loss:1.315995, acc: 63.90, bacc: 60.51, tmp_test_f1: 56.61, f1: 61.81
epoch: 463, val_loss:1.326844, acc: 63.90, bacc: 60.51, tmp_test_f1: 57.22, f1: 61.81
epoch: 464, val_loss:1.328759, acc: 63.90, bacc: 60.51, tmp_test_f1: 57.70, f1: 61.81
epoch: 465, val_loss:1.336000, acc: 63.90, bacc: 60.51, tmp_test_f1: 58.33, f1: 61.81
epoch: 466, val_loss:1.338856, acc: 63.90, bacc: 60.51, tmp_test_f1: 58.40, f1: 61.81
epoch: 467, val_loss:1.353107, acc: 63.90, bacc: 60.51, tmp_test_f1: 57.74, f1: 61.81
epoch: 468, val_loss:1.407699, acc: 63.90, bacc: 60.51, tmp_test_f1: 55.52, f1: 61.81
epoch: 469, val_loss:1.490360, acc: 63.90, bacc: 60.51, tmp_test_f1: 52.88, f1: 61.81
epoch: 470, val_loss:1.560842, acc: 63.90, bacc: 60.51, tmp_test_f1: 51.89, f1: 61.81
epoch: 471, val_loss:1.610079, acc: 63.90, bacc: 60.51, tmp_test_f1: 51.44, f1: 61.81
epoch: 472, val_loss:1.638270, acc: 63.90, bacc: 60.51, tmp_test_f1: 52.32, f1: 61.81
epoch: 473, val_loss:1.617281, acc: 63.90, bacc: 60.51, tmp_test_f1: 53.42, f1: 61.81
epoch: 474, val_loss:1.585070, acc: 63.90, bacc: 60.51, tmp_test_f1: 54.80, f1: 61.81
epoch: 475, val_loss:1.535023, acc: 63.90, bacc: 60.51, tmp_test_f1: 56.22, f1: 61.81
epoch: 476, val_loss:1.476669, acc: 63.90, bacc: 60.51, tmp_test_f1: 57.37, f1: 61.81
epoch: 477, val_loss:1.434785, acc: 63.90, bacc: 60.51, tmp_test_f1: 56.81, f1: 61.81
epoch: 478, val_loss:1.400802, acc: 63.90, bacc: 60.51, tmp_test_f1: 55.10, f1: 61.81
epoch: 479, val_loss:1.364359, acc: 63.90, bacc: 60.51, tmp_test_f1: 55.32, f1: 61.81
epoch: 480, val_loss:1.347800, acc: 63.90, bacc: 60.51, tmp_test_f1: 55.61, f1: 61.81
epoch: 481, val_loss:1.346082, acc: 63.90, bacc: 60.51, tmp_test_f1: 54.96, f1: 61.81
epoch: 482, val_loss:1.345814, acc: 63.90, bacc: 60.51, tmp_test_f1: 55.04, f1: 61.81
epoch: 483, val_loss:1.349183, acc: 63.90, bacc: 60.51, tmp_test_f1: 54.60, f1: 61.81
epoch: 484, val_loss:1.373565, acc: 63.90, bacc: 60.51, tmp_test_f1: 54.08, f1: 61.81
epoch: 485, val_loss:1.409172, acc: 63.90, bacc: 60.51, tmp_test_f1: 52.79, f1: 61.81
epoch: 486, val_loss:1.433292, acc: 63.90, bacc: 60.51, tmp_test_f1: 53.05, f1: 61.81
epoch: 487, val_loss:1.454988, acc: 63.90, bacc: 60.51, tmp_test_f1: 53.67, f1: 61.81
epoch: 488, val_loss:1.465737, acc: 63.90, bacc: 60.51, tmp_test_f1: 54.10, f1: 61.81
epoch: 489, val_loss:1.462901, acc: 63.90, bacc: 60.51, tmp_test_f1: 54.65, f1: 61.81
epoch: 490, val_loss:1.450953, acc: 63.90, bacc: 60.51, tmp_test_f1: 54.40, f1: 61.81
epoch: 491, val_loss:1.435681, acc: 63.90, bacc: 60.51, tmp_test_f1: 54.26, f1: 61.81
epoch: 492, val_loss:1.426239, acc: 63.90, bacc: 60.51, tmp_test_f1: 53.12, f1: 61.81
epoch: 493, val_loss:1.416700, acc: 63.90, bacc: 60.51, tmp_test_f1: 53.30, f1: 61.81
epoch: 494, val_loss:1.416741, acc: 63.90, bacc: 60.51, tmp_test_f1: 54.03, f1: 61.81
Epoch 00495: reducing learning rate of group 0 to 2.5000e-02.
Epoch 00495: reducing learning rate of group 1 to 2.5000e-02.
epoch: 495, val_loss:1.392637, acc: 63.90, bacc: 60.51, tmp_test_f1: 54.40, f1: 61.81
epoch: 496, val_loss:1.373321, acc: 63.90, bacc: 60.51, tmp_test_f1: 54.06, f1: 61.81
epoch: 497, val_loss:1.361346, acc: 63.90, bacc: 60.51, tmp_test_f1: 54.04, f1: 61.81
epoch: 498, val_loss:1.349531, acc: 63.90, bacc: 60.51, tmp_test_f1: 53.97, f1: 61.81
epoch: 499, val_loss:1.342646, acc: 63.90, bacc: 60.51, tmp_test_f1: 54.18, f1: 61.81
epoch: 500, val_loss:1.335552, acc: 63.90, bacc: 60.51, tmp_test_f1: 54.62, f1: 61.81
epoch: 501, val_loss:1.323284, acc: 63.90, bacc: 60.51, tmp_test_f1: 54.24, f1: 61.81
epoch: 502, val_loss:1.293782, acc: 63.90, bacc: 60.51, tmp_test_f1: 54.27, f1: 61.81
epoch: 503, val_loss:1.291066, acc: 63.90, bacc: 60.51, tmp_test_f1: 54.58, f1: 61.81
epoch: 504, val_loss:1.295917, acc: 63.90, bacc: 60.51, tmp_test_f1: 55.82, f1: 61.81
epoch: 505, val_loss:1.296831, acc: 63.90, bacc: 60.51, tmp_test_f1: 55.32, f1: 61.81
epoch: 506, val_loss:1.299873, acc: 63.90, bacc: 60.51, tmp_test_f1: 54.57, f1: 61.81
epoch: 507, val_loss:1.310473, acc: 63.90, bacc: 60.51, tmp_test_f1: 54.21, f1: 61.81
epoch: 508, val_loss:1.319822, acc: 63.90, bacc: 60.51, tmp_test_f1: 54.20, f1: 61.81
epoch: 509, val_loss:1.325839, acc: 63.90, bacc: 60.51, tmp_test_f1: 54.85, f1: 61.81
epoch: 510, val_loss:1.333040, acc: 63.90, bacc: 60.51, tmp_test_f1: 55.30, f1: 61.81
epoch: 511, val_loss:1.343072, acc: 63.90, bacc: 60.51, tmp_test_f1: 55.22, f1: 61.81
epoch: 512, val_loss:1.355345, acc: 63.90, bacc: 60.51, tmp_test_f1: 56.20, f1: 61.81
epoch: 513, val_loss:1.363414, acc: 63.90, bacc: 60.51, tmp_test_f1: 56.94, f1: 61.81
epoch: 514, val_loss:1.371984, acc: 63.90, bacc: 60.51, tmp_test_f1: 57.59, f1: 61.81
epoch: 515, val_loss:1.381317, acc: 63.90, bacc: 60.51, tmp_test_f1: 57.80, f1: 61.81
epoch: 516, val_loss:1.389110, acc: 63.90, bacc: 60.51, tmp_test_f1: 58.19, f1: 61.81
epoch: 517, val_loss:1.395336, acc: 63.90, bacc: 60.51, tmp_test_f1: 56.97, f1: 61.81
epoch: 518, val_loss:1.406952, acc: 63.90, bacc: 60.51, tmp_test_f1: 56.26, f1: 61.81
epoch: 519, val_loss:1.412636, acc: 63.90, bacc: 60.51, tmp_test_f1: 55.09, f1: 61.81
epoch: 520, val_loss:1.404777, acc: 63.90, bacc: 60.51, tmp_test_f1: 54.81, f1: 61.81
epoch: 521, val_loss:1.395222, acc: 63.90, bacc: 60.51, tmp_test_f1: 54.27, f1: 61.81
epoch: 522, val_loss:1.385561, acc: 63.90, bacc: 60.51, tmp_test_f1: 54.15, f1: 61.81
epoch: 523, val_loss:1.372537, acc: 63.90, bacc: 60.51, tmp_test_f1: 54.40, f1: 61.81
epoch: 524, val_loss:1.361637, acc: 63.90, bacc: 60.51, tmp_test_f1: 53.47, f1: 61.81
epoch: 525, val_loss:1.354797, acc: 63.90, bacc: 60.51, tmp_test_f1: 53.94, f1: 61.81
epoch: 526, val_loss:1.345676, acc: 63.90, bacc: 60.51, tmp_test_f1: 54.03, f1: 61.81
epoch: 527, val_loss:1.336233, acc: 63.90, bacc: 60.51, tmp_test_f1: 54.44, f1: 61.81
epoch: 528, val_loss:1.320532, acc: 63.90, bacc: 60.51, tmp_test_f1: 54.99, f1: 61.81
epoch: 529, val_loss:1.307957, acc: 63.90, bacc: 60.51, tmp_test_f1: 55.35, f1: 61.81
epoch: 530, val_loss:1.303283, acc: 63.90, bacc: 60.51, tmp_test_f1: 55.03, f1: 61.81
epoch: 531, val_loss:1.305891, acc: 63.90, bacc: 60.51, tmp_test_f1: 55.46, f1: 61.81
epoch: 532, val_loss:1.309727, acc: 63.90, bacc: 60.51, tmp_test_f1: 54.37, f1: 61.81
epoch: 533, val_loss:1.310009, acc: 63.90, bacc: 60.51, tmp_test_f1: 53.92, f1: 61.81
epoch: 534, val_loss:1.315093, acc: 63.90, bacc: 60.51, tmp_test_f1: 52.97, f1: 61.81
epoch: 535, val_loss:1.322966, acc: 63.90, bacc: 60.51, tmp_test_f1: 52.39, f1: 61.81
epoch: 536, val_loss:1.335855, acc: 63.90, bacc: 60.51, tmp_test_f1: 52.13, f1: 61.81
epoch: 537, val_loss:1.345401, acc: 63.90, bacc: 60.51, tmp_test_f1: 51.81, f1: 61.81
epoch: 538, val_loss:1.351974, acc: 63.90, bacc: 60.51, tmp_test_f1: 52.64, f1: 61.81
epoch: 539, val_loss:1.352571, acc: 63.90, bacc: 60.51, tmp_test_f1: 54.44, f1: 61.81
epoch: 540, val_loss:1.338975, acc: 63.90, bacc: 60.51, tmp_test_f1: 55.37, f1: 61.81
epoch: 541, val_loss:1.333622, acc: 63.90, bacc: 60.51, tmp_test_f1: 56.66, f1: 61.81
epoch: 542, val_loss:1.325611, acc: 63.90, bacc: 60.51, tmp_test_f1: 57.42, f1: 61.81
epoch: 543, val_loss:1.314223, acc: 63.90, bacc: 60.51, tmp_test_f1: 57.45, f1: 61.81
epoch: 544, val_loss:1.312330, acc: 63.90, bacc: 60.51, tmp_test_f1: 57.30, f1: 61.81
epoch: 545, val_loss:1.319000, acc: 63.90, bacc: 60.51, tmp_test_f1: 57.01, f1: 61.81
epoch: 546, val_loss:1.321207, acc: 63.90, bacc: 60.51, tmp_test_f1: 56.04, f1: 61.81
epoch: 547, val_loss:1.324445, acc: 63.90, bacc: 60.51, tmp_test_f1: 55.60, f1: 61.81
epoch: 548, val_loss:1.329761, acc: 63.90, bacc: 60.51, tmp_test_f1: 53.89, f1: 61.81
epoch: 549, val_loss:1.326678, acc: 63.90, bacc: 60.51, tmp_test_f1: 53.92, f1: 61.81
epoch: 550, val_loss:1.327611, acc: 63.90, bacc: 60.51, tmp_test_f1: 54.05, f1: 61.81
epoch: 551, val_loss:1.325586, acc: 63.90, bacc: 60.51, tmp_test_f1: 54.33, f1: 61.81
epoch: 552, val_loss:1.322532, acc: 63.90, bacc: 60.51, tmp_test_f1: 54.61, f1: 61.81
epoch: 553, val_loss:1.317962, acc: 63.90, bacc: 60.51, tmp_test_f1: 55.44, f1: 61.81
epoch: 554, val_loss:1.311919, acc: 63.90, bacc: 60.51, tmp_test_f1: 56.36, f1: 61.81
epoch: 555, val_loss:1.316599, acc: 63.90, bacc: 60.51, tmp_test_f1: 56.56, f1: 61.81
epoch: 556, val_loss:1.322253, acc: 63.90, bacc: 60.51, tmp_test_f1: 57.09, f1: 61.81
epoch: 557, val_loss:1.330049, acc: 63.90, bacc: 60.51, tmp_test_f1: 57.69, f1: 61.81
epoch: 558, val_loss:1.325739, acc: 63.90, bacc: 60.51, tmp_test_f1: 58.06, f1: 61.81
epoch: 559, val_loss:1.326442, acc: 63.90, bacc: 60.51, tmp_test_f1: 58.09, f1: 61.81
epoch: 560, val_loss:1.322818, acc: 63.90, bacc: 60.51, tmp_test_f1: 57.82, f1: 61.81
epoch: 561, val_loss:1.321734, acc: 63.90, bacc: 60.51, tmp_test_f1: 58.28, f1: 61.81
epoch: 562, val_loss:1.314576, acc: 63.90, bacc: 60.51, tmp_test_f1: 58.51, f1: 61.81
epoch: 563, val_loss:1.308464, acc: 63.90, bacc: 60.51, tmp_test_f1: 57.95, f1: 61.81
epoch: 564, val_loss:1.305510, acc: 63.90, bacc: 60.51, tmp_test_f1: 57.30, f1: 61.81
epoch: 565, val_loss:1.304778, acc: 63.90, bacc: 60.51, tmp_test_f1: 56.83, f1: 61.81
epoch: 566, val_loss:1.309009, acc: 63.90, bacc: 60.51, tmp_test_f1: 56.27, f1: 61.81
epoch: 567, val_loss:1.313834, acc: 63.90, bacc: 60.51, tmp_test_f1: 56.34, f1: 61.81
epoch: 568, val_loss:1.311241, acc: 63.90, bacc: 60.51, tmp_test_f1: 56.06, f1: 61.81
epoch: 569, val_loss:1.309520, acc: 63.90, bacc: 60.51, tmp_test_f1: 55.25, f1: 61.81
epoch: 570, val_loss:1.307785, acc: 63.90, bacc: 60.51, tmp_test_f1: 54.75, f1: 61.81
epoch: 571, val_loss:1.312033, acc: 63.90, bacc: 60.51, tmp_test_f1: 53.98, f1: 61.81
epoch: 572, val_loss:1.316650, acc: 63.90, bacc: 60.51, tmp_test_f1: 53.31, f1: 61.81
epoch: 573, val_loss:1.324267, acc: 63.90, bacc: 60.51, tmp_test_f1: 52.97, f1: 61.81
epoch: 574, val_loss:1.332327, acc: 63.90, bacc: 60.51, tmp_test_f1: 53.08, f1: 61.81
epoch: 575, val_loss:1.346693, acc: 63.90, bacc: 60.51, tmp_test_f1: 53.29, f1: 61.81
epoch: 576, val_loss:1.361460, acc: 63.90, bacc: 60.51, tmp_test_f1: 54.12, f1: 61.81
epoch: 577, val_loss:1.376453, acc: 63.90, bacc: 60.51, tmp_test_f1: 55.54, f1: 61.81
epoch: 578, val_loss:1.385484, acc: 63.90, bacc: 60.51, tmp_test_f1: 54.82, f1: 61.81
epoch: 579, val_loss:1.402208, acc: 63.90, bacc: 60.51, tmp_test_f1: 55.23, f1: 61.81
epoch: 580, val_loss:1.420056, acc: 63.90, bacc: 60.51, tmp_test_f1: 56.11, f1: 61.81
epoch: 581, val_loss:1.426224, acc: 63.90, bacc: 60.51, tmp_test_f1: 56.00, f1: 61.81
epoch: 582, val_loss:1.420278, acc: 63.90, bacc: 60.51, tmp_test_f1: 56.63, f1: 61.81
epoch: 583, val_loss:1.399684, acc: 63.90, bacc: 60.51, tmp_test_f1: 56.57, f1: 61.81
epoch: 584, val_loss:1.380332, acc: 63.90, bacc: 60.51, tmp_test_f1: 56.74, f1: 61.81
epoch: 585, val_loss:1.352944, acc: 63.90, bacc: 60.51, tmp_test_f1: 55.44, f1: 61.81
epoch: 586, val_loss:1.327825, acc: 63.90, bacc: 60.51, tmp_test_f1: 54.71, f1: 61.81
epoch: 587, val_loss:1.311915, acc: 63.90, bacc: 60.51, tmp_test_f1: 54.33, f1: 61.81
epoch: 588, val_loss:1.295776, acc: 63.90, bacc: 60.51, tmp_test_f1: 53.95, f1: 61.81
epoch: 589, val_loss:1.284912, acc: 63.90, bacc: 60.51, tmp_test_f1: 53.92, f1: 61.81
epoch: 590, val_loss:1.279310, acc: 63.90, bacc: 60.51, tmp_test_f1: 54.13, f1: 61.81
epoch: 591, val_loss:1.277855, acc: 63.90, bacc: 60.51, tmp_test_f1: 55.26, f1: 61.81
epoch: 592, val_loss:1.279052, acc: 63.90, bacc: 60.51, tmp_test_f1: 55.22, f1: 61.81
epoch: 593, val_loss:1.284013, acc: 63.90, bacc: 60.51, tmp_test_f1: 56.52, f1: 61.81
epoch: 594, val_loss:1.289189, acc: 63.90, bacc: 60.51, tmp_test_f1: 56.71, f1: 61.81
epoch: 595, val_loss:1.299918, acc: 63.90, bacc: 60.51, tmp_test_f1: 58.45, f1: 61.81
epoch: 596, val_loss:1.307463, acc: 63.90, bacc: 60.51, tmp_test_f1: 58.71, f1: 61.81
epoch: 597, val_loss:1.322192, acc: 63.90, bacc: 60.51, tmp_test_f1: 57.81, f1: 61.81
epoch: 598, val_loss:1.336020, acc: 63.90, bacc: 60.51, tmp_test_f1: 57.20, f1: 61.81
epoch: 599, val_loss:1.348283, acc: 63.90, bacc: 60.51, tmp_test_f1: 56.86, f1: 61.81
epoch: 600, val_loss:1.362459, acc: 63.90, bacc: 60.51, tmp_test_f1: 56.63, f1: 61.81
epoch: 601, val_loss:1.366858, acc: 63.90, bacc: 60.51, tmp_test_f1: 56.27, f1: 61.81
epoch: 602, val_loss:1.361109, acc: 63.90, bacc: 60.51, tmp_test_f1: 55.78, f1: 61.81
epoch: 603, val_loss:1.357591, acc: 63.90, bacc: 60.51, tmp_test_f1: 53.41, f1: 61.81
epoch: 604, val_loss:1.359051, acc: 63.90, bacc: 60.51, tmp_test_f1: 53.82, f1: 61.81
epoch: 605, val_loss:1.360518, acc: 63.90, bacc: 60.51, tmp_test_f1: 52.82, f1: 61.81
epoch: 606, val_loss:1.361813, acc: 63.90, bacc: 60.51, tmp_test_f1: 51.67, f1: 61.81
epoch: 607, val_loss:1.363999, acc: 63.90, bacc: 60.51, tmp_test_f1: 51.86, f1: 61.81
epoch: 608, val_loss:1.361856, acc: 63.90, bacc: 60.51, tmp_test_f1: 53.82, f1: 61.81
epoch: 609, val_loss:1.351497, acc: 63.90, bacc: 60.51, tmp_test_f1: 54.66, f1: 61.81
epoch: 610, val_loss:1.336644, acc: 63.90, bacc: 60.51, tmp_test_f1: 55.53, f1: 61.81
epoch: 611, val_loss:1.326980, acc: 63.90, bacc: 60.51, tmp_test_f1: 56.73, f1: 61.81
epoch: 612, val_loss:1.318526, acc: 63.90, bacc: 60.51, tmp_test_f1: 57.65, f1: 61.81
epoch: 613, val_loss:1.316087, acc: 63.90, bacc: 60.51, tmp_test_f1: 58.51, f1: 61.81
epoch: 614, val_loss:1.323734, acc: 63.90, bacc: 60.51, tmp_test_f1: 59.50, f1: 61.81
epoch: 615, val_loss:1.332232, acc: 63.90, bacc: 60.51, tmp_test_f1: 59.28, f1: 61.81
epoch: 616, val_loss:1.337915, acc: 63.90, bacc: 60.51, tmp_test_f1: 58.98, f1: 61.81
epoch: 617, val_loss:1.337704, acc: 63.90, bacc: 60.51, tmp_test_f1: 59.21, f1: 61.81
epoch: 618, val_loss:1.341750, acc: 63.90, bacc: 60.51, tmp_test_f1: 59.31, f1: 61.81
epoch: 619, val_loss:1.351472, acc: 63.90, bacc: 60.51, tmp_test_f1: 58.61, f1: 61.81
epoch: 620, val_loss:1.364597, acc: 63.90, bacc: 60.51, tmp_test_f1: 58.36, f1: 61.81
epoch: 621, val_loss:1.368142, acc: 63.90, bacc: 60.51, tmp_test_f1: 56.99, f1: 61.81
epoch: 622, val_loss:1.376916, acc: 63.90, bacc: 60.51, tmp_test_f1: 56.38, f1: 61.81
epoch: 623, val_loss:1.387473, acc: 63.90, bacc: 60.51, tmp_test_f1: 56.51, f1: 61.81
epoch: 624, val_loss:1.391137, acc: 63.90, bacc: 60.51, tmp_test_f1: 56.09, f1: 61.81
epoch: 625, val_loss:1.390009, acc: 63.90, bacc: 60.51, tmp_test_f1: 55.27, f1: 61.81
epoch: 626, val_loss:1.382151, acc: 63.90, bacc: 60.51, tmp_test_f1: 55.43, f1: 61.81
epoch: 627, val_loss:1.369299, acc: 63.90, bacc: 60.51, tmp_test_f1: 54.89, f1: 61.81
epoch: 628, val_loss:1.363626, acc: 63.90, bacc: 60.51, tmp_test_f1: 56.44, f1: 61.81
epoch: 629, val_loss:1.343580, acc: 63.90, bacc: 60.51, tmp_test_f1: 57.67, f1: 61.81
epoch: 630, val_loss:1.332052, acc: 63.90, bacc: 60.51, tmp_test_f1: 57.33, f1: 61.81
epoch: 631, val_loss:1.322124, acc: 63.90, bacc: 60.51, tmp_test_f1: 57.25, f1: 61.81
epoch: 632, val_loss:1.314387, acc: 63.90, bacc: 60.51, tmp_test_f1: 57.47, f1: 61.81
epoch: 633, val_loss:1.310045, acc: 63.90, bacc: 60.51, tmp_test_f1: 57.43, f1: 61.81
epoch: 634, val_loss:1.319304, acc: 63.90, bacc: 60.51, tmp_test_f1: 57.49, f1: 61.81
epoch: 635, val_loss:1.327832, acc: 63.90, bacc: 60.51, tmp_test_f1: 57.56, f1: 61.81
epoch: 636, val_loss:1.336654, acc: 63.90, bacc: 60.51, tmp_test_f1: 56.54, f1: 61.81
epoch: 637, val_loss:1.340427, acc: 63.90, bacc: 60.51, tmp_test_f1: 55.40, f1: 61.81
epoch: 638, val_loss:1.342337, acc: 63.90, bacc: 60.51, tmp_test_f1: 54.51, f1: 61.81
epoch: 639, val_loss:1.340877, acc: 63.90, bacc: 60.51, tmp_test_f1: 55.25, f1: 61.81
epoch: 640, val_loss:1.339826, acc: 63.90, bacc: 60.51, tmp_test_f1: 55.78, f1: 61.81
epoch: 641, val_loss:1.332282, acc: 63.90, bacc: 60.51, tmp_test_f1: 56.06, f1: 61.81
epoch: 642, val_loss:1.315673, acc: 63.90, bacc: 60.51, tmp_test_f1: 56.47, f1: 61.81
epoch: 643, val_loss:1.293621, acc: 63.90, bacc: 60.51, tmp_test_f1: 57.44, f1: 61.81
epoch: 644, val_loss:1.273819, acc: 63.90, bacc: 60.51, tmp_test_f1: 57.22, f1: 61.81
epoch: 645, val_loss:1.260306, acc: 63.90, bacc: 60.51, tmp_test_f1: 56.85, f1: 61.81
epoch: 646, val_loss:1.244792, acc: 63.90, bacc: 60.51, tmp_test_f1: 56.51, f1: 61.81
epoch: 647, val_loss:1.239171, acc: 63.90, bacc: 60.51, tmp_test_f1: 56.38, f1: 61.81
epoch: 648, val_loss:1.241343, acc: 63.90, bacc: 60.51, tmp_test_f1: 57.51, f1: 61.81
epoch: 649, val_loss:1.239528, acc: 63.90, bacc: 60.51, tmp_test_f1: 58.39, f1: 61.81
epoch: 650, val_loss:1.244021, acc: 63.90, bacc: 60.51, tmp_test_f1: 58.44, f1: 61.81
epoch: 651, val_loss:1.257202, acc: 63.90, bacc: 60.51, tmp_test_f1: 58.87, f1: 61.81
epoch: 652, val_loss:1.270581, acc: 63.90, bacc: 60.51, tmp_test_f1: 59.27, f1: 61.81
epoch: 653, val_loss:1.277080, acc: 63.90, bacc: 60.51, tmp_test_f1: 59.52, f1: 61.81
epoch: 654, val_loss:1.278557, acc: 63.90, bacc: 60.51, tmp_test_f1: 59.82, f1: 61.81
epoch: 655, val_loss:1.285556, acc: 63.90, bacc: 60.51, tmp_test_f1: 58.28, f1: 61.81
epoch: 656, val_loss:1.295056, acc: 63.90, bacc: 60.51, tmp_test_f1: 56.95, f1: 61.81
epoch: 657, val_loss:1.307691, acc: 63.90, bacc: 60.51, tmp_test_f1: 56.49, f1: 61.81
epoch: 658, val_loss:1.320107, acc: 63.90, bacc: 60.51, tmp_test_f1: 55.73, f1: 61.81
epoch: 659, val_loss:1.330230, acc: 63.90, bacc: 60.51, tmp_test_f1: 55.86, f1: 61.81
epoch: 660, val_loss:1.324604, acc: 63.90, bacc: 60.51, tmp_test_f1: 55.64, f1: 61.81
epoch: 661, val_loss:1.317065, acc: 63.90, bacc: 60.51, tmp_test_f1: 55.70, f1: 61.81
epoch: 662, val_loss:1.317884, acc: 63.90, bacc: 60.51, tmp_test_f1: 55.52, f1: 61.81
epoch: 663, val_loss:1.313603, acc: 63.90, bacc: 60.51, tmp_test_f1: 55.14, f1: 61.81
epoch: 664, val_loss:1.311840, acc: 63.90, bacc: 60.51, tmp_test_f1: 54.92, f1: 61.81
epoch: 665, val_loss:1.312019, acc: 63.90, bacc: 60.51, tmp_test_f1: 54.88, f1: 61.81
epoch: 666, val_loss:1.312063, acc: 63.90, bacc: 60.51, tmp_test_f1: 55.54, f1: 61.81
epoch: 667, val_loss:1.313989, acc: 63.90, bacc: 60.51, tmp_test_f1: 56.21, f1: 61.81
epoch: 668, val_loss:1.297280, acc: 63.90, bacc: 60.51, tmp_test_f1: 56.74, f1: 61.81
epoch: 669, val_loss:1.282452, acc: 63.90, bacc: 60.51, tmp_test_f1: 56.63, f1: 61.81
epoch: 670, val_loss:1.268005, acc: 63.90, bacc: 60.51, tmp_test_f1: 55.52, f1: 61.81
epoch: 671, val_loss:1.260389, acc: 63.90, bacc: 60.51, tmp_test_f1: 55.49, f1: 61.81
epoch: 672, val_loss:1.258163, acc: 63.90, bacc: 60.51, tmp_test_f1: 55.22, f1: 61.81
epoch: 673, val_loss:1.255470, acc: 63.90, bacc: 60.51, tmp_test_f1: 55.32, f1: 61.81
epoch: 674, val_loss:1.265557, acc: 63.90, bacc: 60.51, tmp_test_f1: 56.49, f1: 61.81
epoch: 675, val_loss:1.272750, acc: 63.90, bacc: 60.51, tmp_test_f1: 57.72, f1: 61.81
epoch: 676, val_loss:1.281217, acc: 63.90, bacc: 60.51, tmp_test_f1: 58.26, f1: 61.81
epoch: 677, val_loss:1.292896, acc: 63.90, bacc: 60.51, tmp_test_f1: 57.70, f1: 61.81
epoch: 678, val_loss:1.304939, acc: 63.90, bacc: 60.51, tmp_test_f1: 58.03, f1: 61.81
epoch: 679, val_loss:1.320627, acc: 63.90, bacc: 60.51, tmp_test_f1: 57.79, f1: 61.81
epoch: 680, val_loss:1.337083, acc: 63.90, bacc: 60.51, tmp_test_f1: 57.56, f1: 61.81
epoch: 681, val_loss:1.353091, acc: 63.90, bacc: 60.51, tmp_test_f1: 56.98, f1: 61.81
epoch: 682, val_loss:1.370490, acc: 63.90, bacc: 60.51, tmp_test_f1: 55.92, f1: 61.81
epoch: 683, val_loss:1.380592, acc: 63.90, bacc: 60.51, tmp_test_f1: 55.01, f1: 61.81
epoch: 684, val_loss:1.384623, acc: 63.90, bacc: 60.51, tmp_test_f1: 54.94, f1: 61.81
epoch: 685, val_loss:1.382452, acc: 63.90, bacc: 60.51, tmp_test_f1: 54.75, f1: 61.81
epoch: 686, val_loss:1.375898, acc: 63.90, bacc: 60.51, tmp_test_f1: 55.06, f1: 61.81
epoch: 687, val_loss:1.359234, acc: 63.90, bacc: 60.51, tmp_test_f1: 56.83, f1: 61.81
epoch: 688, val_loss:1.328570, acc: 63.90, bacc: 60.51, tmp_test_f1: 57.33, f1: 61.81
epoch: 689, val_loss:1.300642, acc: 63.90, bacc: 60.51, tmp_test_f1: 56.63, f1: 61.81
epoch: 690, val_loss:1.279560, acc: 63.90, bacc: 60.51, tmp_test_f1: 56.39, f1: 61.81
epoch: 691, val_loss:1.264173, acc: 63.90, bacc: 60.51, tmp_test_f1: 56.08, f1: 61.81
epoch: 692, val_loss:1.254373, acc: 63.90, bacc: 60.51, tmp_test_f1: 56.07, f1: 61.81
epoch: 693, val_loss:1.247206, acc: 63.90, bacc: 60.51, tmp_test_f1: 56.42, f1: 61.81
epoch: 694, val_loss:1.246066, acc: 63.90, bacc: 60.51, tmp_test_f1: 56.17, f1: 61.81
epoch: 695, val_loss:1.248549, acc: 63.90, bacc: 60.51, tmp_test_f1: 56.08, f1: 61.81
Epoch 00696: reducing learning rate of group 0 to 1.2500e-02.
Epoch 00696: reducing learning rate of group 1 to 1.2500e-02.
epoch: 696, val_loss:1.256186, acc: 63.90, bacc: 60.51, tmp_test_f1: 55.04, f1: 61.81
epoch: 697, val_loss:1.271071, acc: 63.90, bacc: 60.51, tmp_test_f1: 54.29, f1: 61.81
epoch: 698, val_loss:1.277824, acc: 63.90, bacc: 60.51, tmp_test_f1: 55.30, f1: 61.81
epoch: 699, val_loss:1.279691, acc: 63.90, bacc: 60.51, tmp_test_f1: 56.28, f1: 61.81
epoch: 700, val_loss:1.275958, acc: 63.90, bacc: 60.51, tmp_test_f1: 56.49, f1: 61.81
epoch: 701, val_loss:1.276028, acc: 63.90, bacc: 60.51, tmp_test_f1: 57.45, f1: 61.81
epoch: 702, val_loss:1.278126, acc: 63.90, bacc: 60.51, tmp_test_f1: 58.01, f1: 61.81
epoch: 703, val_loss:1.278635, acc: 63.90, bacc: 60.51, tmp_test_f1: 58.21, f1: 61.81
epoch: 704, val_loss:1.284010, acc: 63.90, bacc: 60.51, tmp_test_f1: 57.82, f1: 61.81
epoch: 705, val_loss:1.288534, acc: 63.90, bacc: 60.51, tmp_test_f1: 57.65, f1: 61.81
epoch: 706, val_loss:1.292197, acc: 63.90, bacc: 60.51, tmp_test_f1: 56.99, f1: 61.81
epoch: 707, val_loss:1.295867, acc: 63.90, bacc: 60.51, tmp_test_f1: 56.73, f1: 61.81
epoch: 708, val_loss:1.304127, acc: 63.90, bacc: 60.51, tmp_test_f1: 55.92, f1: 61.81
epoch: 709, val_loss:1.311774, acc: 63.90, bacc: 60.51, tmp_test_f1: 55.65, f1: 61.81
epoch: 710, val_loss:1.316359, acc: 63.90, bacc: 60.51, tmp_test_f1: 55.52, f1: 61.81
epoch: 711, val_loss:1.324813, acc: 63.90, bacc: 60.51, tmp_test_f1: 55.54, f1: 61.81
epoch: 712, val_loss:1.331238, acc: 63.90, bacc: 60.51, tmp_test_f1: 55.81, f1: 61.81
epoch: 713, val_loss:1.331096, acc: 63.90, bacc: 60.51, tmp_test_f1: 55.89, f1: 61.81
epoch: 714, val_loss:1.331801, acc: 63.90, bacc: 60.51, tmp_test_f1: 55.46, f1: 61.81
epoch: 715, val_loss:1.319584, acc: 63.90, bacc: 60.51, tmp_test_f1: 55.41, f1: 61.81
epoch: 716, val_loss:1.309746, acc: 63.90, bacc: 60.51, tmp_test_f1: 55.68, f1: 61.81
epoch: 717, val_loss:1.302175, acc: 63.90, bacc: 60.51, tmp_test_f1: 55.42, f1: 61.81
epoch: 718, val_loss:1.296711, acc: 63.90, bacc: 60.51, tmp_test_f1: 55.48, f1: 61.81
epoch: 719, val_loss:1.295657, acc: 63.90, bacc: 60.51, tmp_test_f1: 55.35, f1: 61.81
epoch: 720, val_loss:1.298686, acc: 63.90, bacc: 60.51, tmp_test_f1: 55.33, f1: 61.81
epoch: 721, val_loss:1.299826, acc: 63.90, bacc: 60.51, tmp_test_f1: 55.73, f1: 61.81
epoch: 722, val_loss:1.298199, acc: 63.90, bacc: 60.51, tmp_test_f1: 55.97, f1: 61.81
epoch: 723, val_loss:1.294157, acc: 63.90, bacc: 60.51, tmp_test_f1: 56.42, f1: 61.81
epoch: 724, val_loss:1.290134, acc: 63.90, bacc: 60.51, tmp_test_f1: 56.51, f1: 61.81
epoch: 725, val_loss:1.287298, acc: 63.90, bacc: 60.51, tmp_test_f1: 57.02, f1: 61.81
epoch: 726, val_loss:1.282285, acc: 63.90, bacc: 60.51, tmp_test_f1: 57.19, f1: 61.81
epoch: 727, val_loss:1.278312, acc: 63.90, bacc: 60.51, tmp_test_f1: 57.19, f1: 61.81
epoch: 728, val_loss:1.275432, acc: 63.90, bacc: 60.51, tmp_test_f1: 57.13, f1: 61.81
epoch: 729, val_loss:1.268215, acc: 63.90, bacc: 60.51, tmp_test_f1: 56.78, f1: 61.81
epoch: 730, val_loss:1.264104, acc: 63.90, bacc: 60.51, tmp_test_f1: 56.54, f1: 61.81
epoch: 731, val_loss:1.260871, acc: 63.90, bacc: 60.51, tmp_test_f1: 56.62, f1: 61.81
epoch: 732, val_loss:1.259345, acc: 63.90, bacc: 60.51, tmp_test_f1: 56.39, f1: 61.81
epoch: 733, val_loss:1.259257, acc: 63.90, bacc: 60.51, tmp_test_f1: 56.24, f1: 61.81
epoch: 734, val_loss:1.257686, acc: 63.90, bacc: 60.51, tmp_test_f1: 56.33, f1: 61.81
epoch: 735, val_loss:1.257936, acc: 63.90, bacc: 60.51, tmp_test_f1: 56.29, f1: 61.81
epoch: 736, val_loss:1.259593, acc: 63.90, bacc: 60.51, tmp_test_f1: 55.71, f1: 61.81
epoch: 737, val_loss:1.255458, acc: 63.90, bacc: 60.51, tmp_test_f1: 56.55, f1: 61.81
epoch: 738, val_loss:1.251419, acc: 63.90, bacc: 60.51, tmp_test_f1: 57.63, f1: 61.81
epoch: 739, val_loss:1.249904, acc: 63.90, bacc: 60.51, tmp_test_f1: 58.20, f1: 61.81
epoch: 740, val_loss:1.252149, acc: 63.90, bacc: 60.51, tmp_test_f1: 58.36, f1: 61.81
epoch: 741, val_loss:1.255998, acc: 63.90, bacc: 60.51, tmp_test_f1: 58.00, f1: 61.81
epoch: 742, val_loss:1.257603, acc: 63.90, bacc: 60.51, tmp_test_f1: 57.74, f1: 61.81
epoch: 743, val_loss:1.260900, acc: 63.90, bacc: 60.51, tmp_test_f1: 56.95, f1: 61.81
epoch: 744, val_loss:1.261432, acc: 63.90, bacc: 60.51, tmp_test_f1: 55.94, f1: 61.81
epoch: 745, val_loss:1.259163, acc: 63.90, bacc: 60.51, tmp_test_f1: 55.76, f1: 61.81
epoch: 746, val_loss:1.260189, acc: 63.90, bacc: 60.51, tmp_test_f1: 55.54, f1: 61.81
epoch: 747, val_loss:1.263300, acc: 63.90, bacc: 60.51, tmp_test_f1: 54.53, f1: 61.81
epoch: 748, val_loss:1.268713, acc: 63.90, bacc: 60.51, tmp_test_f1: 54.35, f1: 61.81
epoch: 749, val_loss:1.272604, acc: 63.90, bacc: 60.51, tmp_test_f1: 54.12, f1: 61.81
epoch: 750, val_loss:1.274547, acc: 63.90, bacc: 60.51, tmp_test_f1: 54.43, f1: 61.81
epoch: 751, val_loss:1.278055, acc: 63.90, bacc: 60.51, tmp_test_f1: 54.16, f1: 61.81
epoch: 752, val_loss:1.279637, acc: 63.90, bacc: 60.51, tmp_test_f1: 54.18, f1: 61.81
epoch: 753, val_loss:1.284144, acc: 63.90, bacc: 60.51, tmp_test_f1: 54.33, f1: 61.81
epoch: 754, val_loss:1.282402, acc: 63.90, bacc: 60.51, tmp_test_f1: 54.20, f1: 61.81
epoch: 755, val_loss:1.283845, acc: 63.90, bacc: 60.51, tmp_test_f1: 54.14, f1: 61.81
epoch: 756, val_loss:1.282560, acc: 63.90, bacc: 60.51, tmp_test_f1: 54.02, f1: 61.81
epoch: 757, val_loss:1.279847, acc: 63.90, bacc: 60.51, tmp_test_f1: 53.89, f1: 61.81
epoch: 758, val_loss:1.276396, acc: 63.90, bacc: 60.51, tmp_test_f1: 54.44, f1: 61.81
epoch: 759, val_loss:1.274746, acc: 63.90, bacc: 60.51, tmp_test_f1: 54.69, f1: 61.81
epoch: 760, val_loss:1.272109, acc: 63.90, bacc: 60.51, tmp_test_f1: 55.58, f1: 61.81
epoch: 761, val_loss:1.270024, acc: 63.90, bacc: 60.51, tmp_test_f1: 55.81, f1: 61.81
epoch: 762, val_loss:1.270905, acc: 63.90, bacc: 60.51, tmp_test_f1: 56.44, f1: 61.81
epoch: 763, val_loss:1.268127, acc: 63.90, bacc: 60.51, tmp_test_f1: 57.21, f1: 61.81
epoch: 764, val_loss:1.260564, acc: 63.90, bacc: 60.51, tmp_test_f1: 57.26, f1: 61.81
epoch: 765, val_loss:1.253857, acc: 63.90, bacc: 60.51, tmp_test_f1: 57.38, f1: 61.81
epoch: 766, val_loss:1.252026, acc: 63.90, bacc: 60.51, tmp_test_f1: 57.53, f1: 61.81
epoch: 767, val_loss:1.254573, acc: 63.90, bacc: 60.51, tmp_test_f1: 57.37, f1: 61.81
epoch: 768, val_loss:1.259861, acc: 63.90, bacc: 60.51, tmp_test_f1: 57.17, f1: 61.81
epoch: 769, val_loss:1.267985, acc: 63.90, bacc: 60.51, tmp_test_f1: 56.71, f1: 61.81
epoch: 770, val_loss:1.274222, acc: 63.90, bacc: 60.51, tmp_test_f1: 55.95, f1: 61.81
epoch: 771, val_loss:1.280388, acc: 63.90, bacc: 60.51, tmp_test_f1: 56.42, f1: 61.81
epoch: 772, val_loss:1.286958, acc: 63.90, bacc: 60.51, tmp_test_f1: 56.05, f1: 61.81
epoch: 773, val_loss:1.293910, acc: 63.90, bacc: 60.51, tmp_test_f1: 55.59, f1: 61.81
epoch: 774, val_loss:1.301177, acc: 63.90, bacc: 60.51, tmp_test_f1: 55.52, f1: 61.81
epoch: 775, val_loss:1.306475, acc: 63.90, bacc: 60.51, tmp_test_f1: 55.90, f1: 61.81
epoch: 776, val_loss:1.303467, acc: 63.90, bacc: 60.51, tmp_test_f1: 55.93, f1: 61.81
epoch: 777, val_loss:1.302836, acc: 63.90, bacc: 60.51, tmp_test_f1: 55.93, f1: 61.81
epoch: 778, val_loss:1.302588, acc: 63.90, bacc: 60.51, tmp_test_f1: 55.69, f1: 61.81
epoch: 779, val_loss:1.302224, acc: 63.90, bacc: 60.51, tmp_test_f1: 55.27, f1: 61.81
epoch: 780, val_loss:1.297339, acc: 63.90, bacc: 60.51, tmp_test_f1: 55.40, f1: 61.81
epoch: 781, val_loss:1.290141, acc: 63.90, bacc: 60.51, tmp_test_f1: 55.19, f1: 61.81
epoch: 782, val_loss:1.283998, acc: 63.90, bacc: 60.51, tmp_test_f1: 55.19, f1: 61.81
epoch: 783, val_loss:1.278710, acc: 63.90, bacc: 60.51, tmp_test_f1: 55.07, f1: 61.81
epoch: 784, val_loss:1.273733, acc: 63.90, bacc: 60.51, tmp_test_f1: 55.51, f1: 61.81
epoch: 785, val_loss:1.267422, acc: 63.90, bacc: 60.51, tmp_test_f1: 56.58, f1: 61.81
epoch: 786, val_loss:1.256876, acc: 63.90, bacc: 60.51, tmp_test_f1: 57.51, f1: 61.81
epoch: 787, val_loss:1.237763, acc: 63.90, bacc: 60.51, tmp_test_f1: 58.03, f1: 61.81
epoch: 788, val_loss:1.222450, acc: 63.90, bacc: 60.51, tmp_test_f1: 58.23, f1: 61.81
epoch: 789, val_loss:1.214926, acc: 63.90, bacc: 60.51, tmp_test_f1: 58.41, f1: 61.81
epoch: 790, val_loss:1.209805, acc: 63.90, bacc: 60.51, tmp_test_f1: 58.23, f1: 61.81
epoch: 791, val_loss:1.209399, acc: 63.90, bacc: 60.51, tmp_test_f1: 58.32, f1: 61.81
epoch: 792, val_loss:1.210781, acc: 63.90, bacc: 60.51, tmp_test_f1: 58.37, f1: 61.81
epoch: 793, val_loss:1.214435, acc: 63.90, bacc: 60.51, tmp_test_f1: 58.76, f1: 61.81
epoch: 794, val_loss:1.222422, acc: 63.90, bacc: 60.51, tmp_test_f1: 59.10, f1: 61.81
epoch: 795, val_loss:1.230060, acc: 63.90, bacc: 60.51, tmp_test_f1: 59.43, f1: 61.81
epoch: 796, val_loss:1.237004, acc: 63.90, bacc: 60.51, tmp_test_f1: 58.93, f1: 61.81
epoch: 797, val_loss:1.246237, acc: 63.90, bacc: 60.51, tmp_test_f1: 58.32, f1: 61.81
epoch: 798, val_loss:1.264484, acc: 63.90, bacc: 60.51, tmp_test_f1: 58.44, f1: 61.81
epoch: 799, val_loss:1.282525, acc: 63.90, bacc: 60.51, tmp_test_f1: 58.09, f1: 61.81
epoch: 800, val_loss:1.301951, acc: 63.90, bacc: 60.51, tmp_test_f1: 57.18, f1: 61.81
epoch: 801, val_loss:1.321206, acc: 63.90, bacc: 60.51, tmp_test_f1: 56.54, f1: 61.81
epoch: 802, val_loss:1.339590, acc: 63.90, bacc: 60.51, tmp_test_f1: 56.20, f1: 61.81
epoch: 803, val_loss:1.355111, acc: 63.90, bacc: 60.51, tmp_test_f1: 55.08, f1: 61.81
epoch: 804, val_loss:1.365650, acc: 63.90, bacc: 60.51, tmp_test_f1: 54.42, f1: 61.81
epoch: 805, val_loss:1.374162, acc: 63.90, bacc: 60.51, tmp_test_f1: 54.16, f1: 61.81
epoch: 806, val_loss:1.375467, acc: 63.90, bacc: 60.51, tmp_test_f1: 54.94, f1: 61.81
epoch: 807, val_loss:1.366665, acc: 63.90, bacc: 60.51, tmp_test_f1: 56.18, f1: 61.81
epoch: 808, val_loss:1.357554, acc: 63.90, bacc: 60.51, tmp_test_f1: 57.05, f1: 61.81
epoch: 809, val_loss:1.335892, acc: 63.90, bacc: 60.51, tmp_test_f1: 58.34, f1: 61.81
epoch: 810, val_loss:1.312905, acc: 63.90, bacc: 60.51, tmp_test_f1: 58.89, f1: 61.81
epoch: 811, val_loss:1.294738, acc: 63.90, bacc: 60.51, tmp_test_f1: 58.52, f1: 61.81
epoch: 812, val_loss:1.283606, acc: 63.90, bacc: 60.51, tmp_test_f1: 59.06, f1: 61.81
epoch: 813, val_loss:1.277520, acc: 63.90, bacc: 60.51, tmp_test_f1: 58.90, f1: 61.81
epoch: 814, val_loss:1.274475, acc: 63.90, bacc: 60.51, tmp_test_f1: 58.62, f1: 61.81
epoch: 815, val_loss:1.269894, acc: 63.90, bacc: 60.51, tmp_test_f1: 58.19, f1: 61.81
epoch: 816, val_loss:1.268253, acc: 63.90, bacc: 60.51, tmp_test_f1: 58.66, f1: 61.81
epoch: 817, val_loss:1.267250, acc: 63.90, bacc: 60.51, tmp_test_f1: 58.34, f1: 61.81
epoch: 818, val_loss:1.267674, acc: 63.90, bacc: 60.51, tmp_test_f1: 58.61, f1: 61.81
epoch: 819, val_loss:1.268107, acc: 63.90, bacc: 60.51, tmp_test_f1: 58.63, f1: 61.81
epoch: 820, val_loss:1.270871, acc: 63.90, bacc: 60.51, tmp_test_f1: 58.23, f1: 61.81
epoch: 821, val_loss:1.275711, acc: 63.90, bacc: 60.51, tmp_test_f1: 58.05, f1: 61.81
epoch: 822, val_loss:1.281397, acc: 63.90, bacc: 60.51, tmp_test_f1: 58.03, f1: 61.81
epoch: 823, val_loss:1.289034, acc: 63.90, bacc: 60.51, tmp_test_f1: 58.14, f1: 61.81
epoch: 824, val_loss:1.295090, acc: 63.90, bacc: 60.51, tmp_test_f1: 58.32, f1: 61.81
epoch: 825, val_loss:1.292382, acc: 63.90, bacc: 60.51, tmp_test_f1: 58.91, f1: 61.81
epoch: 826, val_loss:1.291334, acc: 63.90, bacc: 60.51, tmp_test_f1: 59.46, f1: 61.81
epoch: 827, val_loss:1.287656, acc: 63.90, bacc: 60.51, tmp_test_f1: 59.10, f1: 61.81
epoch: 828, val_loss:1.280895, acc: 63.90, bacc: 60.51, tmp_test_f1: 59.02, f1: 61.81
epoch: 829, val_loss:1.273916, acc: 63.90, bacc: 60.51, tmp_test_f1: 58.38, f1: 61.81
epoch: 830, val_loss:1.266416, acc: 63.90, bacc: 60.51, tmp_test_f1: 58.55, f1: 61.81
epoch: 831, val_loss:1.261220, acc: 63.90, bacc: 60.51, tmp_test_f1: 58.28, f1: 61.81
epoch: 832, val_loss:1.257497, acc: 63.90, bacc: 60.51, tmp_test_f1: 58.57, f1: 61.81
epoch: 833, val_loss:1.255912, acc: 63.90, bacc: 60.51, tmp_test_f1: 58.17, f1: 61.81
epoch: 834, val_loss:1.255896, acc: 63.90, bacc: 60.51, tmp_test_f1: 58.14, f1: 61.81
epoch: 835, val_loss:1.255060, acc: 63.90, bacc: 60.51, tmp_test_f1: 57.83, f1: 61.81
epoch: 836, val_loss:1.260161, acc: 63.90, bacc: 60.51, tmp_test_f1: 57.59, f1: 61.81
epoch: 837, val_loss:1.266454, acc: 63.90, bacc: 60.51, tmp_test_f1: 57.21, f1: 61.81
epoch: 838, val_loss:1.271408, acc: 63.90, bacc: 60.51, tmp_test_f1: 57.34, f1: 61.81
epoch: 839, val_loss:1.279377, acc: 63.90, bacc: 60.51, tmp_test_f1: 57.78, f1: 61.81
epoch: 840, val_loss:1.286092, acc: 63.90, bacc: 60.51, tmp_test_f1: 57.97, f1: 61.81
epoch: 841, val_loss:1.292091, acc: 63.90, bacc: 60.51, tmp_test_f1: 57.17, f1: 61.81
epoch: 842, val_loss:1.290075, acc: 63.90, bacc: 60.51, tmp_test_f1: 57.09, f1: 61.81
epoch: 843, val_loss:1.285679, acc: 63.90, bacc: 60.51, tmp_test_f1: 56.60, f1: 61.81
epoch: 844, val_loss:1.283956, acc: 63.90, bacc: 60.51, tmp_test_f1: 56.72, f1: 61.81
epoch: 845, val_loss:1.276710, acc: 63.90, bacc: 60.51, tmp_test_f1: 56.06, f1: 61.81
epoch: 846, val_loss:1.267974, acc: 63.90, bacc: 60.51, tmp_test_f1: 56.31, f1: 61.81
epoch: 847, val_loss:1.259904, acc: 63.90, bacc: 60.51, tmp_test_f1: 56.07, f1: 61.81
epoch: 848, val_loss:1.253279, acc: 63.90, bacc: 60.51, tmp_test_f1: 55.85, f1: 61.81
epoch: 849, val_loss:1.247888, acc: 63.90, bacc: 60.51, tmp_test_f1: 55.87, f1: 61.81
epoch: 850, val_loss:1.241950, acc: 63.90, bacc: 60.51, tmp_test_f1: 55.58, f1: 61.81
epoch: 851, val_loss:1.238261, acc: 63.90, bacc: 60.51, tmp_test_f1: 55.68, f1: 61.81
epoch: 852, val_loss:1.232256, acc: 63.90, bacc: 60.51, tmp_test_f1: 55.76, f1: 61.81
epoch: 853, val_loss:1.230970, acc: 63.90, bacc: 60.51, tmp_test_f1: 55.77, f1: 61.81
epoch: 854, val_loss:1.227427, acc: 63.90, bacc: 60.51, tmp_test_f1: 55.63, f1: 61.81
epoch: 855, val_loss:1.226870, acc: 63.90, bacc: 60.51, tmp_test_f1: 56.09, f1: 61.81
epoch: 856, val_loss:1.227631, acc: 63.90, bacc: 60.51, tmp_test_f1: 56.43, f1: 61.81
epoch: 857, val_loss:1.230577, acc: 63.90, bacc: 60.51, tmp_test_f1: 56.76, f1: 61.81
epoch: 858, val_loss:1.234162, acc: 63.90, bacc: 60.51, tmp_test_f1: 56.91, f1: 61.81
epoch: 859, val_loss:1.238095, acc: 63.90, bacc: 60.51, tmp_test_f1: 56.17, f1: 61.81
epoch: 860, val_loss:1.245868, acc: 63.90, bacc: 60.51, tmp_test_f1: 55.88, f1: 61.81
epoch: 861, val_loss:1.254225, acc: 63.90, bacc: 60.51, tmp_test_f1: 56.06, f1: 61.81
epoch: 862, val_loss:1.262249, acc: 63.90, bacc: 60.51, tmp_test_f1: 55.69, f1: 61.81
epoch: 863, val_loss:1.270017, acc: 63.90, bacc: 60.51, tmp_test_f1: 55.24, f1: 61.81
epoch: 864, val_loss:1.281406, acc: 63.90, bacc: 60.51, tmp_test_f1: 54.97, f1: 61.81
epoch: 865, val_loss:1.292943, acc: 63.90, bacc: 60.51, tmp_test_f1: 55.49, f1: 61.81
epoch: 866, val_loss:1.303628, acc: 63.90, bacc: 60.51, tmp_test_f1: 55.48, f1: 61.81
epoch: 867, val_loss:1.314842, acc: 63.90, bacc: 60.51, tmp_test_f1: 55.02, f1: 61.81
epoch: 868, val_loss:1.322714, acc: 63.90, bacc: 60.51, tmp_test_f1: 55.29, f1: 61.81
epoch: 869, val_loss:1.317536, acc: 63.90, bacc: 60.51, tmp_test_f1: 55.56, f1: 61.81
epoch: 870, val_loss:1.311406, acc: 63.90, bacc: 60.51, tmp_test_f1: 55.98, f1: 61.81
epoch: 871, val_loss:1.302432, acc: 63.90, bacc: 60.51, tmp_test_f1: 56.25, f1: 61.81
epoch: 872, val_loss:1.294572, acc: 63.90, bacc: 60.51, tmp_test_f1: 56.74, f1: 61.81
epoch: 873, val_loss:1.285738, acc: 63.90, bacc: 60.51, tmp_test_f1: 56.74, f1: 61.81
epoch: 874, val_loss:1.278943, acc: 63.90, bacc: 60.51, tmp_test_f1: 57.32, f1: 61.81
epoch: 875, val_loss:1.274183, acc: 63.90, bacc: 60.51, tmp_test_f1: 57.83, f1: 61.81
epoch: 876, val_loss:1.270358, acc: 63.90, bacc: 60.51, tmp_test_f1: 57.88, f1: 61.81
epoch: 877, val_loss:1.263934, acc: 63.90, bacc: 60.51, tmp_test_f1: 57.65, f1: 61.81
GAT dgl/coraTrue 100 Aug 231 EndEpoch 877 lr 0.1
SHAsplit  0, acc: 63.90, bacc: 60.51, f1: 61.81
