cuda is not available, using CPU.
Namespace(to_undirected=True, from_SHA=True, IsDirectedData=True, AugDirect=4, net='GAT', GPUdevice=1, seed=100, undirect_dataset='CiteSeer', Direct_dataset='dgl/cora', imb_ratio=100, dropout=0.1, num_filter=2, layer=2, alpha=0.1, K=2, feat_dim=64, warmup=5, epoch=1500, lr=0.1, l2=0.0005, tau=2, max=False, no_mask=False, gdc='ppr', heads=8, log_root='../logs/', log_path='test', data_path='../dataset/data/tmp/')
  NumNodes: 2708
  NumEdges: 5278
  NumFeats: 1433
  NumClasses: 7
  NumTrainingSamples: 140
  NumValidationSamples: 500
  NumTestSamples: 1000
Done loading data from cached files.
dict_keys(['feat', 'label', 'test_mask', 'val_mask', 'train_mask'])
Converted to undirected data
test_f1 CountNotImproved reset to 0 in epoch 0
epoch:   0, val_loss:1.946070, acc: 13.00, bacc: 14.29, tmp_test_f1: 3.29, f1: 3.29
epoch:   1, val_loss:2.262813, acc: 13.00, bacc: 14.29, tmp_test_f1: 3.29, f1: 3.29
test_f1 CountNotImproved reset to 0 in epoch 2
epoch:   2, val_loss:3.397478, acc: 27.40, bacc: 33.21, tmp_test_f1: 20.73, f1: 20.73
test_f1 CountNotImproved reset to 0 in epoch 3
epoch:   3, val_loss:3.193320, acc: 33.80, bacc: 39.36, tmp_test_f1: 22.53, f1: 22.53
test_f1 CountNotImproved reset to 0 in epoch 4
epoch:   4, val_loss:2.866247, acc: 34.10, bacc: 39.20, tmp_test_f1: 24.47, f1: 24.47
epoch:   5, val_loss:2.723571, acc: 34.10, bacc: 39.20, tmp_test_f1: 23.42, f1: 24.47
test_f1 CountNotImproved reset to 0 in epoch 6
epoch:   6, val_loss:2.779219, acc: 31.20, bacc: 35.77, tmp_test_f1: 24.47, f1: 24.47
test_f1 CountNotImproved reset to 0 in epoch 7
epoch:   7, val_loss:2.268281, acc: 40.40, bacc: 41.31, tmp_test_f1: 30.96, f1: 30.96
epoch:   8, val_loss:1.834889, acc: 40.40, bacc: 41.31, tmp_test_f1: 30.93, f1: 30.96
epoch:   9, val_loss:1.702131, acc: 40.40, bacc: 41.31, tmp_test_f1: 25.67, f1: 30.96
epoch:  10, val_loss:1.716444, acc: 40.40, bacc: 41.31, tmp_test_f1: 26.21, f1: 30.96
epoch:  11, val_loss:1.736742, acc: 40.40, bacc: 41.31, tmp_test_f1: 27.19, f1: 30.96
epoch:  12, val_loss:1.791315, acc: 40.40, bacc: 41.31, tmp_test_f1: 26.70, f1: 30.96
epoch:  13, val_loss:1.884827, acc: 40.40, bacc: 41.31, tmp_test_f1: 26.66, f1: 30.96
epoch:  14, val_loss:1.929555, acc: 40.40, bacc: 41.31, tmp_test_f1: 27.60, f1: 30.96
epoch:  15, val_loss:1.805186, acc: 40.40, bacc: 41.31, tmp_test_f1: 30.20, f1: 30.96
test_f1 CountNotImproved reset to 0 in epoch 16
epoch:  16, val_loss:1.597321, acc: 47.40, bacc: 44.44, tmp_test_f1: 36.02, f1: 36.02
test_f1 CountNotImproved reset to 0 in epoch 17
epoch:  17, val_loss:1.394922, acc: 53.60, bacc: 46.42, tmp_test_f1: 39.03, f1: 39.03
epoch:  18, val_loss:1.307070, acc: 53.60, bacc: 46.42, tmp_test_f1: 38.29, f1: 39.03
epoch:  19, val_loss:1.317225, acc: 53.60, bacc: 46.42, tmp_test_f1: 37.56, f1: 39.03
epoch:  20, val_loss:1.375607, acc: 53.60, bacc: 46.42, tmp_test_f1: 35.39, f1: 39.03
test_f1 CountNotImproved reset to 0 in epoch 21
epoch:  21, val_loss:1.456565, acc: 48.70, bacc: 47.75, tmp_test_f1: 42.96, f1: 42.96
test_f1 CountNotImproved reset to 0 in epoch 22
epoch:  22, val_loss:1.432181, acc: 54.40, bacc: 52.73, tmp_test_f1: 47.39, f1: 47.39
test_f1 CountNotImproved reset to 0 in epoch 23
epoch:  23, val_loss:1.348209, acc: 61.20, bacc: 57.01, tmp_test_f1: 52.01, f1: 52.01
test_f1 CountNotImproved reset to 0 in epoch 24
epoch:  24, val_loss:1.259436, acc: 64.50, bacc: 58.35, tmp_test_f1: 56.46, f1: 56.46
test_f1 CountNotImproved reset to 0 in epoch 25
epoch:  25, val_loss:1.216395, acc: 64.20, bacc: 58.35, tmp_test_f1: 57.31, f1: 57.31
epoch:  26, val_loss:1.240938, acc: 64.20, bacc: 58.35, tmp_test_f1: 51.68, f1: 57.31
epoch:  27, val_loss:1.372229, acc: 64.20, bacc: 58.35, tmp_test_f1: 47.18, f1: 57.31
epoch:  28, val_loss:1.496551, acc: 64.20, bacc: 58.35, tmp_test_f1: 46.45, f1: 57.31
epoch:  29, val_loss:1.569549, acc: 64.20, bacc: 58.35, tmp_test_f1: 50.74, f1: 57.31
epoch:  30, val_loss:1.574284, acc: 64.20, bacc: 58.35, tmp_test_f1: 51.91, f1: 57.31
epoch:  31, val_loss:1.533493, acc: 64.20, bacc: 58.35, tmp_test_f1: 52.22, f1: 57.31
epoch:  32, val_loss:1.511195, acc: 64.20, bacc: 58.35, tmp_test_f1: 50.56, f1: 57.31
epoch:  33, val_loss:1.539879, acc: 64.20, bacc: 58.35, tmp_test_f1: 48.57, f1: 57.31
epoch:  34, val_loss:1.584254, acc: 64.20, bacc: 58.35, tmp_test_f1: 45.14, f1: 57.31
epoch:  35, val_loss:1.640047, acc: 64.20, bacc: 58.35, tmp_test_f1: 46.77, f1: 57.31
epoch:  36, val_loss:1.634659, acc: 64.20, bacc: 58.35, tmp_test_f1: 50.84, f1: 57.31
epoch:  37, val_loss:1.590035, acc: 64.20, bacc: 58.35, tmp_test_f1: 52.72, f1: 57.31
epoch:  38, val_loss:1.580829, acc: 64.20, bacc: 58.35, tmp_test_f1: 53.71, f1: 57.31
epoch:  39, val_loss:1.561074, acc: 64.20, bacc: 58.35, tmp_test_f1: 56.03, f1: 57.31
epoch:  40, val_loss:1.548239, acc: 64.20, bacc: 58.35, tmp_test_f1: 54.85, f1: 57.31
epoch:  41, val_loss:1.588492, acc: 64.20, bacc: 58.35, tmp_test_f1: 56.05, f1: 57.31
test_f1 CountNotImproved reset to 0 in epoch 42
epoch:  42, val_loss:1.532449, acc: 56.70, bacc: 60.77, tmp_test_f1: 57.75, f1: 57.75
test_f1 CountNotImproved reset to 0 in epoch 43
epoch:  43, val_loss:1.473115, acc: 56.60, bacc: 62.65, tmp_test_f1: 58.88, f1: 58.88
epoch:  44, val_loss:1.486627, acc: 56.60, bacc: 62.65, tmp_test_f1: 57.33, f1: 58.88
epoch:  45, val_loss:1.523495, acc: 56.60, bacc: 62.65, tmp_test_f1: 54.11, f1: 58.88
epoch:  46, val_loss:1.596810, acc: 56.60, bacc: 62.65, tmp_test_f1: 52.30, f1: 58.88
epoch:  47, val_loss:1.657104, acc: 56.60, bacc: 62.65, tmp_test_f1: 50.81, f1: 58.88
epoch:  48, val_loss:1.718956, acc: 56.60, bacc: 62.65, tmp_test_f1: 50.19, f1: 58.88
epoch:  49, val_loss:1.737079, acc: 56.60, bacc: 62.65, tmp_test_f1: 51.11, f1: 58.88
epoch:  50, val_loss:1.643333, acc: 56.60, bacc: 62.65, tmp_test_f1: 51.93, f1: 58.88
epoch:  51, val_loss:1.561737, acc: 56.60, bacc: 62.65, tmp_test_f1: 49.73, f1: 58.88
epoch:  52, val_loss:1.509345, acc: 56.60, bacc: 62.65, tmp_test_f1: 48.20, f1: 58.88
epoch:  53, val_loss:1.512372, acc: 56.60, bacc: 62.65, tmp_test_f1: 51.92, f1: 58.88
epoch:  54, val_loss:1.463726, acc: 56.60, bacc: 62.65, tmp_test_f1: 53.79, f1: 58.88
epoch:  55, val_loss:1.491081, acc: 56.60, bacc: 62.65, tmp_test_f1: 50.65, f1: 58.88
epoch:  56, val_loss:1.555016, acc: 56.60, bacc: 62.65, tmp_test_f1: 50.41, f1: 58.88
epoch:  57, val_loss:1.611893, acc: 56.60, bacc: 62.65, tmp_test_f1: 52.13, f1: 58.88
epoch:  58, val_loss:1.571282, acc: 56.60, bacc: 62.65, tmp_test_f1: 51.19, f1: 58.88
epoch:  59, val_loss:1.543471, acc: 56.60, bacc: 62.65, tmp_test_f1: 52.90, f1: 58.88
epoch:  60, val_loss:1.484783, acc: 56.60, bacc: 62.65, tmp_test_f1: 51.17, f1: 58.88
epoch:  61, val_loss:1.490044, acc: 56.60, bacc: 62.65, tmp_test_f1: 50.72, f1: 58.88
epoch:  62, val_loss:1.471630, acc: 56.60, bacc: 62.65, tmp_test_f1: 50.42, f1: 58.88
epoch:  63, val_loss:1.508664, acc: 56.60, bacc: 62.65, tmp_test_f1: 52.19, f1: 58.88
epoch:  64, val_loss:1.570063, acc: 56.60, bacc: 62.65, tmp_test_f1: 50.42, f1: 58.88
epoch:  65, val_loss:1.628299, acc: 56.60, bacc: 62.65, tmp_test_f1: 47.21, f1: 58.88
epoch:  66, val_loss:1.737328, acc: 56.60, bacc: 62.65, tmp_test_f1: 46.67, f1: 58.88
epoch:  67, val_loss:1.782446, acc: 56.60, bacc: 62.65, tmp_test_f1: 45.99, f1: 58.88
epoch:  68, val_loss:1.783967, acc: 56.60, bacc: 62.65, tmp_test_f1: 44.46, f1: 58.88
epoch:  69, val_loss:1.837721, acc: 56.60, bacc: 62.65, tmp_test_f1: 43.58, f1: 58.88
epoch:  70, val_loss:1.838696, acc: 56.60, bacc: 62.65, tmp_test_f1: 47.78, f1: 58.88
epoch:  71, val_loss:1.714183, acc: 56.60, bacc: 62.65, tmp_test_f1: 54.37, f1: 58.88
epoch:  72, val_loss:1.585368, acc: 56.60, bacc: 62.65, tmp_test_f1: 53.76, f1: 58.88
epoch:  73, val_loss:1.568393, acc: 56.60, bacc: 62.65, tmp_test_f1: 52.33, f1: 58.88
epoch:  74, val_loss:1.549217, acc: 56.60, bacc: 62.65, tmp_test_f1: 47.24, f1: 58.88
epoch:  75, val_loss:1.748772, acc: 56.60, bacc: 62.65, tmp_test_f1: 37.84, f1: 58.88
epoch:  76, val_loss:2.136322, acc: 56.60, bacc: 62.65, tmp_test_f1: 33.56, f1: 58.88
epoch:  77, val_loss:2.353551, acc: 56.60, bacc: 62.65, tmp_test_f1: 37.65, f1: 58.88
epoch:  78, val_loss:2.264656, acc: 56.60, bacc: 62.65, tmp_test_f1: 44.41, f1: 58.88
epoch:  79, val_loss:1.970245, acc: 56.60, bacc: 62.65, tmp_test_f1: 46.71, f1: 58.88
epoch:  80, val_loss:1.859100, acc: 56.60, bacc: 62.65, tmp_test_f1: 44.25, f1: 58.88
epoch:  81, val_loss:1.887125, acc: 56.60, bacc: 62.65, tmp_test_f1: 45.52, f1: 58.88
epoch:  82, val_loss:1.861616, acc: 56.60, bacc: 62.65, tmp_test_f1: 45.09, f1: 58.88
epoch:  83, val_loss:1.881686, acc: 56.60, bacc: 62.65, tmp_test_f1: 44.61, f1: 58.88
epoch:  84, val_loss:1.961452, acc: 56.60, bacc: 62.65, tmp_test_f1: 45.14, f1: 58.88
epoch:  85, val_loss:1.993830, acc: 56.60, bacc: 62.65, tmp_test_f1: 48.47, f1: 58.88
epoch:  86, val_loss:1.887514, acc: 56.60, bacc: 62.65, tmp_test_f1: 49.54, f1: 58.88
epoch:  87, val_loss:1.870495, acc: 56.60, bacc: 62.65, tmp_test_f1: 49.67, f1: 58.88
epoch:  88, val_loss:1.861050, acc: 56.60, bacc: 62.65, tmp_test_f1: 50.05, f1: 58.88
epoch:  89, val_loss:1.841369, acc: 56.60, bacc: 62.65, tmp_test_f1: 50.04, f1: 58.88
epoch:  90, val_loss:1.847152, acc: 56.60, bacc: 62.65, tmp_test_f1: 50.12, f1: 58.88
epoch:  91, val_loss:1.831274, acc: 56.60, bacc: 62.65, tmp_test_f1: 51.04, f1: 58.88
epoch:  92, val_loss:1.787595, acc: 56.60, bacc: 62.65, tmp_test_f1: 51.38, f1: 58.88
epoch:  93, val_loss:1.730723, acc: 56.60, bacc: 62.65, tmp_test_f1: 49.97, f1: 58.88
epoch:  94, val_loss:1.705614, acc: 56.60, bacc: 62.65, tmp_test_f1: 49.46, f1: 58.88
epoch:  95, val_loss:1.700197, acc: 56.60, bacc: 62.65, tmp_test_f1: 48.81, f1: 58.88
epoch:  96, val_loss:1.720045, acc: 56.60, bacc: 62.65, tmp_test_f1: 47.61, f1: 58.88
epoch:  97, val_loss:1.769651, acc: 56.60, bacc: 62.65, tmp_test_f1: 44.55, f1: 58.88
epoch:  98, val_loss:1.857432, acc: 56.60, bacc: 62.65, tmp_test_f1: 42.46, f1: 58.88
epoch:  99, val_loss:1.909745, acc: 56.60, bacc: 62.65, tmp_test_f1: 42.91, f1: 58.88
epoch: 100, val_loss:1.890824, acc: 56.60, bacc: 62.65, tmp_test_f1: 42.09, f1: 58.88
epoch: 101, val_loss:1.847213, acc: 56.60, bacc: 62.65, tmp_test_f1: 39.36, f1: 58.88
epoch: 102, val_loss:1.810035, acc: 56.60, bacc: 62.65, tmp_test_f1: 39.79, f1: 58.88
epoch: 103, val_loss:1.792689, acc: 56.60, bacc: 62.65, tmp_test_f1: 42.08, f1: 58.88
epoch: 104, val_loss:1.710706, acc: 56.60, bacc: 62.65, tmp_test_f1: 45.09, f1: 58.88
epoch: 105, val_loss:1.632450, acc: 56.60, bacc: 62.65, tmp_test_f1: 46.35, f1: 58.88
epoch: 106, val_loss:1.636317, acc: 56.60, bacc: 62.65, tmp_test_f1: 45.33, f1: 58.88
epoch: 107, val_loss:1.702732, acc: 56.60, bacc: 62.65, tmp_test_f1: 45.07, f1: 58.88
epoch: 108, val_loss:1.751987, acc: 56.60, bacc: 62.65, tmp_test_f1: 49.05, f1: 58.88
epoch: 109, val_loss:1.623580, acc: 56.60, bacc: 62.65, tmp_test_f1: 54.67, f1: 58.88
epoch: 110, val_loss:1.477888, acc: 56.60, bacc: 62.65, tmp_test_f1: 56.18, f1: 58.88
epoch: 111, val_loss:1.417211, acc: 56.60, bacc: 62.65, tmp_test_f1: 52.72, f1: 58.88
epoch: 112, val_loss:1.428035, acc: 56.60, bacc: 62.65, tmp_test_f1: 50.50, f1: 58.88
epoch: 113, val_loss:1.452901, acc: 56.60, bacc: 62.65, tmp_test_f1: 47.44, f1: 58.88
epoch: 114, val_loss:1.511740, acc: 56.60, bacc: 62.65, tmp_test_f1: 45.70, f1: 58.88
epoch: 115, val_loss:1.643871, acc: 56.60, bacc: 62.65, tmp_test_f1: 46.30, f1: 58.88
epoch: 116, val_loss:1.726612, acc: 56.60, bacc: 62.65, tmp_test_f1: 45.11, f1: 58.88
epoch: 117, val_loss:1.793923, acc: 56.60, bacc: 62.65, tmp_test_f1: 45.09, f1: 58.88
epoch: 118, val_loss:1.753249, acc: 56.60, bacc: 62.65, tmp_test_f1: 47.97, f1: 58.88
epoch: 119, val_loss:1.713509, acc: 56.60, bacc: 62.65, tmp_test_f1: 50.10, f1: 58.88
epoch: 120, val_loss:1.702465, acc: 56.60, bacc: 62.65, tmp_test_f1: 50.13, f1: 58.88
epoch: 121, val_loss:1.661813, acc: 56.60, bacc: 62.65, tmp_test_f1: 49.48, f1: 58.88
epoch: 122, val_loss:1.693599, acc: 56.60, bacc: 62.65, tmp_test_f1: 49.65, f1: 58.88
epoch: 123, val_loss:1.747035, acc: 56.60, bacc: 62.65, tmp_test_f1: 42.49, f1: 58.88
epoch: 124, val_loss:1.876032, acc: 56.60, bacc: 62.65, tmp_test_f1: 40.27, f1: 58.88
epoch: 125, val_loss:2.023978, acc: 56.60, bacc: 62.65, tmp_test_f1: 41.17, f1: 58.88
epoch: 126, val_loss:1.856573, acc: 56.60, bacc: 62.65, tmp_test_f1: 44.57, f1: 58.88
epoch: 127, val_loss:1.664482, acc: 56.60, bacc: 62.65, tmp_test_f1: 50.73, f1: 58.88
epoch: 128, val_loss:1.601607, acc: 56.60, bacc: 62.65, tmp_test_f1: 48.97, f1: 58.88
epoch: 129, val_loss:1.646340, acc: 56.60, bacc: 62.65, tmp_test_f1: 48.07, f1: 58.88
epoch: 130, val_loss:1.678538, acc: 56.60, bacc: 62.65, tmp_test_f1: 47.34, f1: 58.88
epoch: 131, val_loss:1.699827, acc: 56.60, bacc: 62.65, tmp_test_f1: 42.51, f1: 58.88
epoch: 132, val_loss:1.790544, acc: 56.60, bacc: 62.65, tmp_test_f1: 40.01, f1: 58.88
epoch: 133, val_loss:1.835142, acc: 56.60, bacc: 62.65, tmp_test_f1: 39.40, f1: 58.88
epoch: 134, val_loss:1.836503, acc: 56.60, bacc: 62.65, tmp_test_f1: 42.07, f1: 58.88
epoch: 135, val_loss:1.709865, acc: 56.60, bacc: 62.65, tmp_test_f1: 47.18, f1: 58.88
epoch: 136, val_loss:1.583483, acc: 56.60, bacc: 62.65, tmp_test_f1: 50.53, f1: 58.88
epoch: 137, val_loss:1.532216, acc: 56.60, bacc: 62.65, tmp_test_f1: 52.11, f1: 58.88
epoch: 138, val_loss:1.526720, acc: 56.60, bacc: 62.65, tmp_test_f1: 51.25, f1: 58.88
epoch: 139, val_loss:1.561906, acc: 56.60, bacc: 62.65, tmp_test_f1: 47.24, f1: 58.88
epoch: 140, val_loss:1.640545, acc: 56.60, bacc: 62.65, tmp_test_f1: 44.07, f1: 58.88
epoch: 141, val_loss:1.774995, acc: 56.60, bacc: 62.65, tmp_test_f1: 43.84, f1: 58.88
epoch: 142, val_loss:1.776811, acc: 56.60, bacc: 62.65, tmp_test_f1: 46.09, f1: 58.88
epoch: 143, val_loss:1.693540, acc: 56.60, bacc: 62.65, tmp_test_f1: 49.58, f1: 58.88
epoch: 144, val_loss:1.664868, acc: 56.60, bacc: 62.65, tmp_test_f1: 49.88, f1: 58.88
epoch: 145, val_loss:1.709279, acc: 56.60, bacc: 62.65, tmp_test_f1: 48.63, f1: 58.88
epoch: 146, val_loss:1.740231, acc: 56.60, bacc: 62.65, tmp_test_f1: 48.99, f1: 58.88
epoch: 147, val_loss:1.723705, acc: 56.60, bacc: 62.65, tmp_test_f1: 47.52, f1: 58.88
epoch: 148, val_loss:1.790194, acc: 56.60, bacc: 62.65, tmp_test_f1: 46.71, f1: 58.88
epoch: 149, val_loss:1.861460, acc: 56.60, bacc: 62.65, tmp_test_f1: 43.81, f1: 58.88
epoch: 150, val_loss:1.920695, acc: 56.60, bacc: 62.65, tmp_test_f1: 45.48, f1: 58.88
epoch: 151, val_loss:1.916450, acc: 56.60, bacc: 62.65, tmp_test_f1: 46.41, f1: 58.88
epoch: 152, val_loss:1.915840, acc: 56.60, bacc: 62.65, tmp_test_f1: 46.24, f1: 58.88
epoch: 153, val_loss:1.910998, acc: 56.60, bacc: 62.65, tmp_test_f1: 45.88, f1: 58.88
epoch: 154, val_loss:1.932386, acc: 56.60, bacc: 62.65, tmp_test_f1: 46.65, f1: 58.88
epoch: 155, val_loss:1.879227, acc: 56.60, bacc: 62.65, tmp_test_f1: 47.69, f1: 58.88
epoch: 156, val_loss:1.834723, acc: 56.60, bacc: 62.65, tmp_test_f1: 45.53, f1: 58.88
epoch: 157, val_loss:1.814971, acc: 56.60, bacc: 62.65, tmp_test_f1: 45.41, f1: 58.88
epoch: 158, val_loss:1.785160, acc: 56.60, bacc: 62.65, tmp_test_f1: 49.99, f1: 58.88
epoch: 159, val_loss:1.746354, acc: 56.60, bacc: 62.65, tmp_test_f1: 49.23, f1: 58.88
epoch: 160, val_loss:1.760374, acc: 56.60, bacc: 62.65, tmp_test_f1: 49.29, f1: 58.88
epoch: 161, val_loss:1.773133, acc: 56.60, bacc: 62.65, tmp_test_f1: 47.81, f1: 58.88
epoch: 162, val_loss:1.782942, acc: 56.60, bacc: 62.65, tmp_test_f1: 47.33, f1: 58.88
epoch: 163, val_loss:1.764891, acc: 56.60, bacc: 62.65, tmp_test_f1: 47.17, f1: 58.88
epoch: 164, val_loss:1.778267, acc: 56.60, bacc: 62.65, tmp_test_f1: 42.90, f1: 58.88
epoch: 165, val_loss:1.864592, acc: 56.60, bacc: 62.65, tmp_test_f1: 38.43, f1: 58.88
epoch: 166, val_loss:2.018566, acc: 56.60, bacc: 62.65, tmp_test_f1: 36.08, f1: 58.88
epoch: 167, val_loss:2.055534, acc: 56.60, bacc: 62.65, tmp_test_f1: 42.15, f1: 58.88
epoch: 168, val_loss:1.878496, acc: 56.60, bacc: 62.65, tmp_test_f1: 45.21, f1: 58.88
epoch: 169, val_loss:1.726358, acc: 56.60, bacc: 62.65, tmp_test_f1: 48.09, f1: 58.88
epoch: 170, val_loss:1.608802, acc: 56.60, bacc: 62.65, tmp_test_f1: 49.12, f1: 58.88
epoch: 171, val_loss:1.556930, acc: 56.60, bacc: 62.65, tmp_test_f1: 47.64, f1: 58.88
epoch: 172, val_loss:1.582300, acc: 56.60, bacc: 62.65, tmp_test_f1: 46.83, f1: 58.88
epoch: 173, val_loss:1.636925, acc: 56.60, bacc: 62.65, tmp_test_f1: 45.22, f1: 58.88
epoch: 174, val_loss:1.709213, acc: 56.60, bacc: 62.65, tmp_test_f1: 41.73, f1: 58.88
epoch: 175, val_loss:1.830462, acc: 56.60, bacc: 62.65, tmp_test_f1: 39.96, f1: 58.88
epoch: 176, val_loss:1.900804, acc: 56.60, bacc: 62.65, tmp_test_f1: 41.68, f1: 58.88
epoch: 177, val_loss:1.835856, acc: 56.60, bacc: 62.65, tmp_test_f1: 44.91, f1: 58.88
epoch: 178, val_loss:1.714895, acc: 56.60, bacc: 62.65, tmp_test_f1: 46.67, f1: 58.88
epoch: 179, val_loss:1.626777, acc: 56.60, bacc: 62.65, tmp_test_f1: 45.95, f1: 58.88
epoch: 180, val_loss:1.581707, acc: 56.60, bacc: 62.65, tmp_test_f1: 45.14, f1: 58.88
epoch: 181, val_loss:1.601458, acc: 56.60, bacc: 62.65, tmp_test_f1: 44.74, f1: 58.88
epoch: 182, val_loss:1.632667, acc: 56.60, bacc: 62.65, tmp_test_f1: 46.35, f1: 58.88
epoch: 183, val_loss:1.618087, acc: 56.60, bacc: 62.65, tmp_test_f1: 48.15, f1: 58.88
epoch: 184, val_loss:1.639650, acc: 56.60, bacc: 62.65, tmp_test_f1: 49.26, f1: 58.88
epoch: 185, val_loss:1.639150, acc: 56.60, bacc: 62.65, tmp_test_f1: 49.58, f1: 58.88
epoch: 186, val_loss:1.637615, acc: 56.60, bacc: 62.65, tmp_test_f1: 50.09, f1: 58.88
epoch: 187, val_loss:1.637057, acc: 56.60, bacc: 62.65, tmp_test_f1: 50.47, f1: 58.88
epoch: 188, val_loss:1.635186, acc: 56.60, bacc: 62.65, tmp_test_f1: 50.43, f1: 58.88
epoch: 189, val_loss:1.644941, acc: 56.60, bacc: 62.65, tmp_test_f1: 49.75, f1: 58.88
epoch: 190, val_loss:1.658175, acc: 56.60, bacc: 62.65, tmp_test_f1: 48.53, f1: 58.88
epoch: 191, val_loss:1.686070, acc: 56.60, bacc: 62.65, tmp_test_f1: 47.62, f1: 58.88
epoch: 192, val_loss:1.699031, acc: 56.60, bacc: 62.65, tmp_test_f1: 41.29, f1: 58.88
epoch: 193, val_loss:1.751247, acc: 56.60, bacc: 62.65, tmp_test_f1: 39.79, f1: 58.88
epoch: 194, val_loss:1.763024, acc: 56.60, bacc: 62.65, tmp_test_f1: 40.64, f1: 58.88
epoch: 195, val_loss:1.740423, acc: 56.60, bacc: 62.65, tmp_test_f1: 41.36, f1: 58.88
epoch: 196, val_loss:1.724110, acc: 56.60, bacc: 62.65, tmp_test_f1: 40.99, f1: 58.88
epoch: 197, val_loss:1.755121, acc: 56.60, bacc: 62.65, tmp_test_f1: 42.99, f1: 58.88
epoch: 198, val_loss:1.722594, acc: 56.60, bacc: 62.65, tmp_test_f1: 44.30, f1: 58.88
epoch: 199, val_loss:1.712160, acc: 56.60, bacc: 62.65, tmp_test_f1: 43.77, f1: 58.88
epoch: 200, val_loss:1.736387, acc: 56.60, bacc: 62.65, tmp_test_f1: 46.09, f1: 58.88
epoch: 201, val_loss:1.729011, acc: 56.60, bacc: 62.65, tmp_test_f1: 47.73, f1: 58.88
epoch: 202, val_loss:1.727206, acc: 56.60, bacc: 62.65, tmp_test_f1: 46.73, f1: 58.88
epoch: 203, val_loss:1.766284, acc: 56.60, bacc: 62.65, tmp_test_f1: 46.62, f1: 58.88
epoch: 204, val_loss:1.803519, acc: 56.60, bacc: 62.65, tmp_test_f1: 39.87, f1: 58.88
epoch: 205, val_loss:1.909285, acc: 56.60, bacc: 62.65, tmp_test_f1: 41.78, f1: 58.88
epoch: 206, val_loss:1.911673, acc: 56.60, bacc: 62.65, tmp_test_f1: 46.95, f1: 58.88
epoch: 207, val_loss:1.707711, acc: 56.60, bacc: 62.65, tmp_test_f1: 49.44, f1: 58.88
epoch: 208, val_loss:1.670771, acc: 56.60, bacc: 62.65, tmp_test_f1: 49.73, f1: 58.88
epoch: 209, val_loss:1.673002, acc: 56.60, bacc: 62.65, tmp_test_f1: 49.02, f1: 58.88
epoch: 210, val_loss:1.679612, acc: 56.60, bacc: 62.65, tmp_test_f1: 46.10, f1: 58.88
epoch: 211, val_loss:1.705199, acc: 56.60, bacc: 62.65, tmp_test_f1: 43.79, f1: 58.88
epoch: 212, val_loss:1.765787, acc: 56.60, bacc: 62.65, tmp_test_f1: 44.56, f1: 58.88
epoch: 213, val_loss:1.813118, acc: 56.60, bacc: 62.65, tmp_test_f1: 43.89, f1: 58.88
epoch: 214, val_loss:1.883952, acc: 56.60, bacc: 62.65, tmp_test_f1: 43.39, f1: 58.88
epoch: 215, val_loss:1.936163, acc: 56.60, bacc: 62.65, tmp_test_f1: 41.76, f1: 58.88
epoch: 216, val_loss:1.978149, acc: 56.60, bacc: 62.65, tmp_test_f1: 43.44, f1: 58.88
epoch: 217, val_loss:1.960214, acc: 56.60, bacc: 62.65, tmp_test_f1: 43.48, f1: 58.88
epoch: 218, val_loss:1.957396, acc: 56.60, bacc: 62.65, tmp_test_f1: 41.85, f1: 58.88
epoch: 219, val_loss:1.957556, acc: 56.60, bacc: 62.65, tmp_test_f1: 41.63, f1: 58.88
epoch: 220, val_loss:1.977202, acc: 56.60, bacc: 62.65, tmp_test_f1: 40.95, f1: 58.88
epoch: 221, val_loss:1.997694, acc: 56.60, bacc: 62.65, tmp_test_f1: 41.34, f1: 58.88
epoch: 222, val_loss:2.032796, acc: 56.60, bacc: 62.65, tmp_test_f1: 41.14, f1: 58.88
epoch: 223, val_loss:2.039238, acc: 56.60, bacc: 62.65, tmp_test_f1: 43.09, f1: 58.88
epoch: 224, val_loss:1.980176, acc: 56.60, bacc: 62.65, tmp_test_f1: 44.62, f1: 58.88
epoch: 225, val_loss:1.935132, acc: 56.60, bacc: 62.65, tmp_test_f1: 45.08, f1: 58.88
Epoch 00226: reducing learning rate of group 0 to 5.0000e-02.
Epoch 00226: reducing learning rate of group 1 to 5.0000e-02.
epoch: 226, val_loss:1.894171, acc: 56.60, bacc: 62.65, tmp_test_f1: 46.38, f1: 58.88
epoch: 227, val_loss:1.841254, acc: 56.60, bacc: 62.65, tmp_test_f1: 46.21, f1: 58.88
epoch: 228, val_loss:1.815595, acc: 56.60, bacc: 62.65, tmp_test_f1: 45.87, f1: 58.88
epoch: 229, val_loss:1.809456, acc: 56.60, bacc: 62.65, tmp_test_f1: 44.91, f1: 58.88
epoch: 230, val_loss:1.794878, acc: 56.60, bacc: 62.65, tmp_test_f1: 43.85, f1: 58.88
epoch: 231, val_loss:1.786194, acc: 56.60, bacc: 62.65, tmp_test_f1: 43.85, f1: 58.88
epoch: 232, val_loss:1.757671, acc: 56.60, bacc: 62.65, tmp_test_f1: 43.87, f1: 58.88
epoch: 233, val_loss:1.730141, acc: 56.60, bacc: 62.65, tmp_test_f1: 42.72, f1: 58.88
epoch: 234, val_loss:1.721915, acc: 56.60, bacc: 62.65, tmp_test_f1: 42.63, f1: 58.88
epoch: 235, val_loss:1.711677, acc: 56.60, bacc: 62.65, tmp_test_f1: 42.62, f1: 58.88
epoch: 236, val_loss:1.699060, acc: 56.60, bacc: 62.65, tmp_test_f1: 43.89, f1: 58.88
epoch: 237, val_loss:1.694494, acc: 56.60, bacc: 62.65, tmp_test_f1: 44.86, f1: 58.88
epoch: 238, val_loss:1.689851, acc: 56.60, bacc: 62.65, tmp_test_f1: 45.87, f1: 58.88
epoch: 239, val_loss:1.654873, acc: 56.60, bacc: 62.65, tmp_test_f1: 46.72, f1: 58.88
epoch: 240, val_loss:1.643080, acc: 56.60, bacc: 62.65, tmp_test_f1: 46.98, f1: 58.88
epoch: 241, val_loss:1.656691, acc: 56.60, bacc: 62.65, tmp_test_f1: 46.62, f1: 58.88
epoch: 242, val_loss:1.692893, acc: 56.60, bacc: 62.65, tmp_test_f1: 46.12, f1: 58.88
epoch: 243, val_loss:1.738175, acc: 56.60, bacc: 62.65, tmp_test_f1: 44.29, f1: 58.88
epoch: 244, val_loss:1.784197, acc: 56.60, bacc: 62.65, tmp_test_f1: 43.80, f1: 58.88
epoch: 245, val_loss:1.797773, acc: 56.60, bacc: 62.65, tmp_test_f1: 44.33, f1: 58.88
epoch: 246, val_loss:1.765477, acc: 56.60, bacc: 62.65, tmp_test_f1: 44.31, f1: 58.88
epoch: 247, val_loss:1.776364, acc: 56.60, bacc: 62.65, tmp_test_f1: 44.27, f1: 58.88
epoch: 248, val_loss:1.773031, acc: 56.60, bacc: 62.65, tmp_test_f1: 44.44, f1: 58.88
epoch: 249, val_loss:1.758263, acc: 56.60, bacc: 62.65, tmp_test_f1: 44.96, f1: 58.88
epoch: 250, val_loss:1.722591, acc: 56.60, bacc: 62.65, tmp_test_f1: 45.41, f1: 58.88
epoch: 251, val_loss:1.687733, acc: 56.60, bacc: 62.65, tmp_test_f1: 45.32, f1: 58.88
epoch: 252, val_loss:1.663052, acc: 56.60, bacc: 62.65, tmp_test_f1: 46.09, f1: 58.88
epoch: 253, val_loss:1.649167, acc: 56.60, bacc: 62.65, tmp_test_f1: 44.32, f1: 58.88
epoch: 254, val_loss:1.656069, acc: 56.60, bacc: 62.65, tmp_test_f1: 42.85, f1: 58.88
epoch: 255, val_loss:1.687545, acc: 56.60, bacc: 62.65, tmp_test_f1: 42.06, f1: 58.88
epoch: 256, val_loss:1.707068, acc: 56.60, bacc: 62.65, tmp_test_f1: 41.00, f1: 58.88
epoch: 257, val_loss:1.714728, acc: 56.60, bacc: 62.65, tmp_test_f1: 40.73, f1: 58.88
epoch: 258, val_loss:1.715345, acc: 56.60, bacc: 62.65, tmp_test_f1: 40.11, f1: 58.88
epoch: 259, val_loss:1.727024, acc: 56.60, bacc: 62.65, tmp_test_f1: 40.13, f1: 58.88
epoch: 260, val_loss:1.726892, acc: 56.60, bacc: 62.65, tmp_test_f1: 41.55, f1: 58.88
epoch: 261, val_loss:1.715755, acc: 56.60, bacc: 62.65, tmp_test_f1: 42.28, f1: 58.88
epoch: 262, val_loss:1.714835, acc: 56.60, bacc: 62.65, tmp_test_f1: 43.41, f1: 58.88
epoch: 263, val_loss:1.709686, acc: 56.60, bacc: 62.65, tmp_test_f1: 43.18, f1: 58.88
epoch: 264, val_loss:1.695471, acc: 56.60, bacc: 62.65, tmp_test_f1: 44.01, f1: 58.88
epoch: 265, val_loss:1.695143, acc: 56.60, bacc: 62.65, tmp_test_f1: 44.63, f1: 58.88
epoch: 266, val_loss:1.662145, acc: 56.60, bacc: 62.65, tmp_test_f1: 44.84, f1: 58.88
epoch: 267, val_loss:1.641990, acc: 56.60, bacc: 62.65, tmp_test_f1: 44.98, f1: 58.88
epoch: 268, val_loss:1.626686, acc: 56.60, bacc: 62.65, tmp_test_f1: 43.89, f1: 58.88
epoch: 269, val_loss:1.635841, acc: 56.60, bacc: 62.65, tmp_test_f1: 43.98, f1: 58.88
epoch: 270, val_loss:1.642763, acc: 56.60, bacc: 62.65, tmp_test_f1: 42.83, f1: 58.88
epoch: 271, val_loss:1.660075, acc: 56.60, bacc: 62.65, tmp_test_f1: 44.17, f1: 58.88
epoch: 272, val_loss:1.667701, acc: 56.60, bacc: 62.65, tmp_test_f1: 45.61, f1: 58.88
epoch: 273, val_loss:1.656938, acc: 56.60, bacc: 62.65, tmp_test_f1: 46.05, f1: 58.88
epoch: 274, val_loss:1.650999, acc: 56.60, bacc: 62.65, tmp_test_f1: 45.82, f1: 58.88
epoch: 275, val_loss:1.679737, acc: 56.60, bacc: 62.65, tmp_test_f1: 45.78, f1: 58.88
epoch: 276, val_loss:1.699993, acc: 56.60, bacc: 62.65, tmp_test_f1: 44.16, f1: 58.88
epoch: 277, val_loss:1.727964, acc: 56.60, bacc: 62.65, tmp_test_f1: 43.70, f1: 58.88
epoch: 278, val_loss:1.745570, acc: 56.60, bacc: 62.65, tmp_test_f1: 44.72, f1: 58.88
epoch: 279, val_loss:1.715447, acc: 56.60, bacc: 62.65, tmp_test_f1: 48.42, f1: 58.88
epoch: 280, val_loss:1.656839, acc: 56.60, bacc: 62.65, tmp_test_f1: 51.13, f1: 58.88
epoch: 281, val_loss:1.623201, acc: 56.60, bacc: 62.65, tmp_test_f1: 52.85, f1: 58.88
epoch: 282, val_loss:1.617797, acc: 56.60, bacc: 62.65, tmp_test_f1: 50.38, f1: 58.88
epoch: 283, val_loss:1.663713, acc: 56.60, bacc: 62.65, tmp_test_f1: 47.17, f1: 58.88
epoch: 284, val_loss:1.693649, acc: 56.60, bacc: 62.65, tmp_test_f1: 46.12, f1: 58.88
epoch: 285, val_loss:1.707144, acc: 56.60, bacc: 62.65, tmp_test_f1: 44.97, f1: 58.88
epoch: 286, val_loss:1.717832, acc: 56.60, bacc: 62.65, tmp_test_f1: 45.35, f1: 58.88
epoch: 287, val_loss:1.715748, acc: 56.60, bacc: 62.65, tmp_test_f1: 45.79, f1: 58.88
epoch: 288, val_loss:1.698333, acc: 56.60, bacc: 62.65, tmp_test_f1: 47.91, f1: 58.88
epoch: 289, val_loss:1.666014, acc: 56.60, bacc: 62.65, tmp_test_f1: 49.09, f1: 58.88
epoch: 290, val_loss:1.663046, acc: 56.60, bacc: 62.65, tmp_test_f1: 48.87, f1: 58.88
epoch: 291, val_loss:1.682718, acc: 56.60, bacc: 62.65, tmp_test_f1: 48.47, f1: 58.88
epoch: 292, val_loss:1.706488, acc: 56.60, bacc: 62.65, tmp_test_f1: 48.03, f1: 58.88
epoch: 293, val_loss:1.732113, acc: 56.60, bacc: 62.65, tmp_test_f1: 47.69, f1: 58.88
epoch: 294, val_loss:1.736728, acc: 56.60, bacc: 62.65, tmp_test_f1: 48.62, f1: 58.88
epoch: 295, val_loss:1.689879, acc: 56.60, bacc: 62.65, tmp_test_f1: 49.71, f1: 58.88
epoch: 296, val_loss:1.655039, acc: 56.60, bacc: 62.65, tmp_test_f1: 50.72, f1: 58.88
epoch: 297, val_loss:1.634681, acc: 56.60, bacc: 62.65, tmp_test_f1: 50.68, f1: 58.88
epoch: 298, val_loss:1.627534, acc: 56.60, bacc: 62.65, tmp_test_f1: 49.19, f1: 58.88
epoch: 299, val_loss:1.639922, acc: 56.60, bacc: 62.65, tmp_test_f1: 47.97, f1: 58.88
epoch: 300, val_loss:1.645272, acc: 56.60, bacc: 62.65, tmp_test_f1: 44.94, f1: 58.88
epoch: 301, val_loss:1.659779, acc: 56.60, bacc: 62.65, tmp_test_f1: 44.59, f1: 58.88
epoch: 302, val_loss:1.661727, acc: 56.60, bacc: 62.65, tmp_test_f1: 45.92, f1: 58.88
epoch: 303, val_loss:1.642454, acc: 56.60, bacc: 62.65, tmp_test_f1: 47.78, f1: 58.88
epoch: 304, val_loss:1.622508, acc: 56.60, bacc: 62.65, tmp_test_f1: 50.32, f1: 58.88
epoch: 305, val_loss:1.613145, acc: 56.60, bacc: 62.65, tmp_test_f1: 51.86, f1: 58.88
epoch: 306, val_loss:1.599891, acc: 56.60, bacc: 62.65, tmp_test_f1: 50.05, f1: 58.88
epoch: 307, val_loss:1.626658, acc: 56.60, bacc: 62.65, tmp_test_f1: 48.56, f1: 58.88
epoch: 308, val_loss:1.661677, acc: 56.60, bacc: 62.65, tmp_test_f1: 46.49, f1: 58.88
epoch: 309, val_loss:1.707942, acc: 56.60, bacc: 62.65, tmp_test_f1: 44.87, f1: 58.88
epoch: 310, val_loss:1.745683, acc: 56.60, bacc: 62.65, tmp_test_f1: 44.34, f1: 58.88
epoch: 311, val_loss:1.758125, acc: 56.60, bacc: 62.65, tmp_test_f1: 44.83, f1: 58.88
epoch: 312, val_loss:1.762763, acc: 56.60, bacc: 62.65, tmp_test_f1: 45.39, f1: 58.88
epoch: 313, val_loss:1.759112, acc: 56.60, bacc: 62.65, tmp_test_f1: 46.70, f1: 58.88
epoch: 314, val_loss:1.745673, acc: 56.60, bacc: 62.65, tmp_test_f1: 47.25, f1: 58.88
epoch: 315, val_loss:1.777970, acc: 56.60, bacc: 62.65, tmp_test_f1: 48.21, f1: 58.88
epoch: 316, val_loss:1.783605, acc: 56.60, bacc: 62.65, tmp_test_f1: 50.27, f1: 58.88
epoch: 317, val_loss:1.769441, acc: 56.60, bacc: 62.65, tmp_test_f1: 49.73, f1: 58.88
epoch: 318, val_loss:1.772579, acc: 56.60, bacc: 62.65, tmp_test_f1: 46.85, f1: 58.88
epoch: 319, val_loss:1.782127, acc: 56.60, bacc: 62.65, tmp_test_f1: 43.37, f1: 58.88
epoch: 320, val_loss:1.795635, acc: 56.60, bacc: 62.65, tmp_test_f1: 40.35, f1: 58.88
epoch: 321, val_loss:1.833459, acc: 56.60, bacc: 62.65, tmp_test_f1: 38.95, f1: 58.88
epoch: 322, val_loss:1.838629, acc: 56.60, bacc: 62.65, tmp_test_f1: 39.98, f1: 58.88
epoch: 323, val_loss:1.777935, acc: 56.60, bacc: 62.65, tmp_test_f1: 41.18, f1: 58.88
epoch: 324, val_loss:1.723881, acc: 56.60, bacc: 62.65, tmp_test_f1: 46.07, f1: 58.88
epoch: 325, val_loss:1.639402, acc: 56.60, bacc: 62.65, tmp_test_f1: 49.37, f1: 58.88
epoch: 326, val_loss:1.592433, acc: 56.60, bacc: 62.65, tmp_test_f1: 51.06, f1: 58.88
epoch: 327, val_loss:1.568298, acc: 56.60, bacc: 62.65, tmp_test_f1: 51.99, f1: 58.88
epoch: 328, val_loss:1.552205, acc: 56.60, bacc: 62.65, tmp_test_f1: 51.92, f1: 58.88
epoch: 329, val_loss:1.542901, acc: 56.60, bacc: 62.65, tmp_test_f1: 52.21, f1: 58.88
epoch: 330, val_loss:1.521138, acc: 56.60, bacc: 62.65, tmp_test_f1: 52.62, f1: 58.88
epoch: 331, val_loss:1.511786, acc: 56.60, bacc: 62.65, tmp_test_f1: 52.60, f1: 58.88
epoch: 332, val_loss:1.510777, acc: 56.60, bacc: 62.65, tmp_test_f1: 51.61, f1: 58.88
epoch: 333, val_loss:1.518205, acc: 56.60, bacc: 62.65, tmp_test_f1: 51.52, f1: 58.88
epoch: 334, val_loss:1.539641, acc: 56.60, bacc: 62.65, tmp_test_f1: 52.45, f1: 58.88
epoch: 335, val_loss:1.537991, acc: 56.60, bacc: 62.65, tmp_test_f1: 53.20, f1: 58.88
epoch: 336, val_loss:1.522147, acc: 56.60, bacc: 62.65, tmp_test_f1: 53.40, f1: 58.88
epoch: 337, val_loss:1.531330, acc: 56.60, bacc: 62.65, tmp_test_f1: 53.74, f1: 58.88
epoch: 338, val_loss:1.532514, acc: 56.60, bacc: 62.65, tmp_test_f1: 55.32, f1: 58.88
epoch: 339, val_loss:1.517952, acc: 56.60, bacc: 62.65, tmp_test_f1: 54.96, f1: 58.88
epoch: 340, val_loss:1.520280, acc: 56.60, bacc: 62.65, tmp_test_f1: 56.62, f1: 58.88
epoch: 341, val_loss:1.501931, acc: 56.60, bacc: 62.65, tmp_test_f1: 55.87, f1: 58.88
epoch: 342, val_loss:1.500422, acc: 56.60, bacc: 62.65, tmp_test_f1: 55.46, f1: 58.88
epoch: 343, val_loss:1.511330, acc: 56.60, bacc: 62.65, tmp_test_f1: 54.59, f1: 58.88
epoch: 344, val_loss:1.527637, acc: 56.60, bacc: 62.65, tmp_test_f1: 52.74, f1: 58.88
epoch: 345, val_loss:1.563870, acc: 56.60, bacc: 62.65, tmp_test_f1: 50.89, f1: 58.88
epoch: 346, val_loss:1.607786, acc: 56.60, bacc: 62.65, tmp_test_f1: 51.04, f1: 58.88
epoch: 347, val_loss:1.606392, acc: 56.60, bacc: 62.65, tmp_test_f1: 51.27, f1: 58.88
epoch: 348, val_loss:1.592342, acc: 56.60, bacc: 62.65, tmp_test_f1: 51.87, f1: 58.88
epoch: 349, val_loss:1.583185, acc: 56.60, bacc: 62.65, tmp_test_f1: 51.77, f1: 58.88
epoch: 350, val_loss:1.585883, acc: 56.60, bacc: 62.65, tmp_test_f1: 51.37, f1: 58.88
epoch: 351, val_loss:1.585481, acc: 56.60, bacc: 62.65, tmp_test_f1: 50.47, f1: 58.88
epoch: 352, val_loss:1.589097, acc: 56.60, bacc: 62.65, tmp_test_f1: 50.20, f1: 58.88
epoch: 353, val_loss:1.589887, acc: 56.60, bacc: 62.65, tmp_test_f1: 48.35, f1: 58.88
epoch: 354, val_loss:1.610029, acc: 56.60, bacc: 62.65, tmp_test_f1: 46.76, f1: 58.88
epoch: 355, val_loss:1.634083, acc: 56.60, bacc: 62.65, tmp_test_f1: 47.12, f1: 58.88
epoch: 356, val_loss:1.641000, acc: 56.60, bacc: 62.65, tmp_test_f1: 47.13, f1: 58.88
epoch: 357, val_loss:1.651115, acc: 56.60, bacc: 62.65, tmp_test_f1: 47.86, f1: 58.88
epoch: 358, val_loss:1.653032, acc: 56.60, bacc: 62.65, tmp_test_f1: 49.50, f1: 58.88
epoch: 359, val_loss:1.634469, acc: 56.60, bacc: 62.65, tmp_test_f1: 50.63, f1: 58.88
epoch: 360, val_loss:1.626317, acc: 56.60, bacc: 62.65, tmp_test_f1: 51.10, f1: 58.88
epoch: 361, val_loss:1.618641, acc: 56.60, bacc: 62.65, tmp_test_f1: 51.14, f1: 58.88
epoch: 362, val_loss:1.614533, acc: 56.60, bacc: 62.65, tmp_test_f1: 50.42, f1: 58.88
epoch: 363, val_loss:1.611888, acc: 56.60, bacc: 62.65, tmp_test_f1: 49.09, f1: 58.88
epoch: 364, val_loss:1.640966, acc: 56.60, bacc: 62.65, tmp_test_f1: 47.05, f1: 58.88
epoch: 365, val_loss:1.678891, acc: 56.60, bacc: 62.65, tmp_test_f1: 44.39, f1: 58.88
epoch: 366, val_loss:1.715902, acc: 56.60, bacc: 62.65, tmp_test_f1: 42.66, f1: 58.88
epoch: 367, val_loss:1.760721, acc: 56.60, bacc: 62.65, tmp_test_f1: 44.96, f1: 58.88
epoch: 368, val_loss:1.689136, acc: 56.60, bacc: 62.65, tmp_test_f1: 48.81, f1: 58.88
epoch: 369, val_loss:1.586453, acc: 56.60, bacc: 62.65, tmp_test_f1: 51.26, f1: 58.88
epoch: 370, val_loss:1.540547, acc: 56.60, bacc: 62.65, tmp_test_f1: 52.44, f1: 58.88
epoch: 371, val_loss:1.548558, acc: 56.60, bacc: 62.65, tmp_test_f1: 51.39, f1: 58.88
epoch: 372, val_loss:1.575622, acc: 56.60, bacc: 62.65, tmp_test_f1: 51.34, f1: 58.88
epoch: 373, val_loss:1.597822, acc: 56.60, bacc: 62.65, tmp_test_f1: 50.22, f1: 58.88
epoch: 374, val_loss:1.622937, acc: 56.60, bacc: 62.65, tmp_test_f1: 48.56, f1: 58.88
epoch: 375, val_loss:1.651061, acc: 56.60, bacc: 62.65, tmp_test_f1: 46.95, f1: 58.88
epoch: 376, val_loss:1.665067, acc: 56.60, bacc: 62.65, tmp_test_f1: 47.45, f1: 58.88
epoch: 377, val_loss:1.645946, acc: 56.60, bacc: 62.65, tmp_test_f1: 48.03, f1: 58.88
epoch: 378, val_loss:1.625548, acc: 56.60, bacc: 62.65, tmp_test_f1: 49.98, f1: 58.88
epoch: 379, val_loss:1.606306, acc: 56.60, bacc: 62.65, tmp_test_f1: 51.71, f1: 58.88
epoch: 380, val_loss:1.576766, acc: 56.60, bacc: 62.65, tmp_test_f1: 52.18, f1: 58.88
epoch: 381, val_loss:1.560429, acc: 56.60, bacc: 62.65, tmp_test_f1: 51.92, f1: 58.88
epoch: 382, val_loss:1.573461, acc: 56.60, bacc: 62.65, tmp_test_f1: 51.78, f1: 58.88
epoch: 383, val_loss:1.600215, acc: 56.60, bacc: 62.65, tmp_test_f1: 50.13, f1: 58.88
epoch: 384, val_loss:1.637133, acc: 56.60, bacc: 62.65, tmp_test_f1: 49.54, f1: 58.88
epoch: 385, val_loss:1.683999, acc: 56.60, bacc: 62.65, tmp_test_f1: 49.83, f1: 58.88
epoch: 386, val_loss:1.708666, acc: 56.60, bacc: 62.65, tmp_test_f1: 48.99, f1: 58.88
epoch: 387, val_loss:1.731922, acc: 56.60, bacc: 62.65, tmp_test_f1: 48.48, f1: 58.88
epoch: 388, val_loss:1.739444, acc: 56.60, bacc: 62.65, tmp_test_f1: 49.04, f1: 58.88
epoch: 389, val_loss:1.713897, acc: 56.60, bacc: 62.65, tmp_test_f1: 48.49, f1: 58.88
epoch: 390, val_loss:1.703917, acc: 56.60, bacc: 62.65, tmp_test_f1: 47.70, f1: 58.88
epoch: 391, val_loss:1.687487, acc: 56.60, bacc: 62.65, tmp_test_f1: 46.84, f1: 58.88
epoch: 392, val_loss:1.696124, acc: 56.60, bacc: 62.65, tmp_test_f1: 43.84, f1: 58.88
epoch: 393, val_loss:1.730331, acc: 56.60, bacc: 62.65, tmp_test_f1: 41.53, f1: 58.88
epoch: 394, val_loss:1.751281, acc: 56.60, bacc: 62.65, tmp_test_f1: 42.94, f1: 58.88
epoch: 395, val_loss:1.647883, acc: 56.60, bacc: 62.65, tmp_test_f1: 45.44, f1: 58.88
epoch: 396, val_loss:1.572243, acc: 56.60, bacc: 62.65, tmp_test_f1: 47.19, f1: 58.88
epoch: 397, val_loss:1.549529, acc: 56.60, bacc: 62.65, tmp_test_f1: 47.42, f1: 58.88
epoch: 398, val_loss:1.552693, acc: 56.60, bacc: 62.65, tmp_test_f1: 44.26, f1: 58.88
epoch: 399, val_loss:1.613823, acc: 56.60, bacc: 62.65, tmp_test_f1: 40.68, f1: 58.88
epoch: 400, val_loss:1.726603, acc: 56.60, bacc: 62.65, tmp_test_f1: 38.52, f1: 58.88
epoch: 401, val_loss:1.891788, acc: 56.60, bacc: 62.65, tmp_test_f1: 36.72, f1: 58.88
epoch: 402, val_loss:2.054294, acc: 56.60, bacc: 62.65, tmp_test_f1: 35.52, f1: 58.88
epoch: 403, val_loss:2.155222, acc: 56.60, bacc: 62.65, tmp_test_f1: 35.80, f1: 58.88
epoch: 404, val_loss:2.131246, acc: 56.60, bacc: 62.65, tmp_test_f1: 37.03, f1: 58.88
epoch: 405, val_loss:2.043733, acc: 56.60, bacc: 62.65, tmp_test_f1: 38.25, f1: 58.88
epoch: 406, val_loss:1.862256, acc: 56.60, bacc: 62.65, tmp_test_f1: 41.06, f1: 58.88
epoch: 407, val_loss:1.746853, acc: 56.60, bacc: 62.65, tmp_test_f1: 42.29, f1: 58.88
epoch: 408, val_loss:1.703382, acc: 56.60, bacc: 62.65, tmp_test_f1: 42.75, f1: 58.88
epoch: 409, val_loss:1.691855, acc: 56.60, bacc: 62.65, tmp_test_f1: 41.79, f1: 58.88
epoch: 410, val_loss:1.694278, acc: 56.60, bacc: 62.65, tmp_test_f1: 39.20, f1: 58.88
epoch: 411, val_loss:1.720368, acc: 56.60, bacc: 62.65, tmp_test_f1: 37.53, f1: 58.88
epoch: 412, val_loss:1.796398, acc: 56.60, bacc: 62.65, tmp_test_f1: 33.75, f1: 58.88
epoch: 413, val_loss:1.878560, acc: 56.60, bacc: 62.65, tmp_test_f1: 33.19, f1: 58.88
epoch: 414, val_loss:1.932945, acc: 56.60, bacc: 62.65, tmp_test_f1: 33.21, f1: 58.88
epoch: 415, val_loss:1.884319, acc: 56.60, bacc: 62.65, tmp_test_f1: 34.81, f1: 58.88
epoch: 416, val_loss:1.808045, acc: 56.60, bacc: 62.65, tmp_test_f1: 36.48, f1: 58.88
epoch: 417, val_loss:1.725983, acc: 56.60, bacc: 62.65, tmp_test_f1: 41.14, f1: 58.88
epoch: 418, val_loss:1.657400, acc: 56.60, bacc: 62.65, tmp_test_f1: 43.03, f1: 58.88
epoch: 419, val_loss:1.606215, acc: 56.60, bacc: 62.65, tmp_test_f1: 44.92, f1: 58.88
epoch: 420, val_loss:1.575599, acc: 56.60, bacc: 62.65, tmp_test_f1: 45.07, f1: 58.88
epoch: 421, val_loss:1.560641, acc: 56.60, bacc: 62.65, tmp_test_f1: 44.27, f1: 58.88
epoch: 422, val_loss:1.560542, acc: 56.60, bacc: 62.65, tmp_test_f1: 43.97, f1: 58.88
epoch: 423, val_loss:1.583196, acc: 56.60, bacc: 62.65, tmp_test_f1: 42.54, f1: 58.88
epoch: 424, val_loss:1.624299, acc: 56.60, bacc: 62.65, tmp_test_f1: 42.97, f1: 58.88
epoch: 425, val_loss:1.607510, acc: 56.60, bacc: 62.65, tmp_test_f1: 43.08, f1: 58.88
epoch: 426, val_loss:1.590694, acc: 56.60, bacc: 62.65, tmp_test_f1: 45.39, f1: 58.88
Epoch 00427: reducing learning rate of group 0 to 2.5000e-02.
Epoch 00427: reducing learning rate of group 1 to 2.5000e-02.
epoch: 427, val_loss:1.547982, acc: 56.60, bacc: 62.65, tmp_test_f1: 46.92, f1: 58.88
epoch: 428, val_loss:1.527674, acc: 56.60, bacc: 62.65, tmp_test_f1: 47.99, f1: 58.88
epoch: 429, val_loss:1.504022, acc: 56.60, bacc: 62.65, tmp_test_f1: 48.74, f1: 58.88
epoch: 430, val_loss:1.487445, acc: 56.60, bacc: 62.65, tmp_test_f1: 50.85, f1: 58.88
epoch: 431, val_loss:1.466211, acc: 56.60, bacc: 62.65, tmp_test_f1: 50.54, f1: 58.88
epoch: 432, val_loss:1.457667, acc: 56.60, bacc: 62.65, tmp_test_f1: 50.17, f1: 58.88
epoch: 433, val_loss:1.457761, acc: 56.60, bacc: 62.65, tmp_test_f1: 49.37, f1: 58.88
epoch: 434, val_loss:1.464303, acc: 56.60, bacc: 62.65, tmp_test_f1: 50.24, f1: 58.88
epoch: 435, val_loss:1.474213, acc: 56.60, bacc: 62.65, tmp_test_f1: 49.29, f1: 58.88
epoch: 436, val_loss:1.489806, acc: 56.60, bacc: 62.65, tmp_test_f1: 48.55, f1: 58.88
epoch: 437, val_loss:1.510271, acc: 56.60, bacc: 62.65, tmp_test_f1: 47.87, f1: 58.88
epoch: 438, val_loss:1.525649, acc: 56.60, bacc: 62.65, tmp_test_f1: 47.41, f1: 58.88
epoch: 439, val_loss:1.540193, acc: 56.60, bacc: 62.65, tmp_test_f1: 47.10, f1: 58.88
epoch: 440, val_loss:1.555247, acc: 56.60, bacc: 62.65, tmp_test_f1: 46.91, f1: 58.88
epoch: 441, val_loss:1.567697, acc: 56.60, bacc: 62.65, tmp_test_f1: 46.74, f1: 58.88
epoch: 442, val_loss:1.580962, acc: 56.60, bacc: 62.65, tmp_test_f1: 46.49, f1: 58.88
epoch: 443, val_loss:1.588592, acc: 56.60, bacc: 62.65, tmp_test_f1: 45.80, f1: 58.88
epoch: 444, val_loss:1.598131, acc: 56.60, bacc: 62.65, tmp_test_f1: 45.70, f1: 58.88
epoch: 445, val_loss:1.603295, acc: 56.60, bacc: 62.65, tmp_test_f1: 45.44, f1: 58.88
epoch: 446, val_loss:1.600121, acc: 56.60, bacc: 62.65, tmp_test_f1: 45.77, f1: 58.88
epoch: 447, val_loss:1.593208, acc: 56.60, bacc: 62.65, tmp_test_f1: 46.30, f1: 58.88
epoch: 448, val_loss:1.579010, acc: 56.60, bacc: 62.65, tmp_test_f1: 46.30, f1: 58.88
epoch: 449, val_loss:1.564633, acc: 56.60, bacc: 62.65, tmp_test_f1: 46.24, f1: 58.88
epoch: 450, val_loss:1.548046, acc: 56.60, bacc: 62.65, tmp_test_f1: 46.56, f1: 58.88
epoch: 451, val_loss:1.526068, acc: 56.60, bacc: 62.65, tmp_test_f1: 47.22, f1: 58.88
epoch: 452, val_loss:1.510919, acc: 56.60, bacc: 62.65, tmp_test_f1: 47.32, f1: 58.88
epoch: 453, val_loss:1.500462, acc: 56.60, bacc: 62.65, tmp_test_f1: 47.44, f1: 58.88
epoch: 454, val_loss:1.498225, acc: 56.60, bacc: 62.65, tmp_test_f1: 47.03, f1: 58.88
epoch: 455, val_loss:1.499506, acc: 56.60, bacc: 62.65, tmp_test_f1: 46.58, f1: 58.88
epoch: 456, val_loss:1.503240, acc: 56.60, bacc: 62.65, tmp_test_f1: 46.21, f1: 58.88
epoch: 457, val_loss:1.507714, acc: 56.60, bacc: 62.65, tmp_test_f1: 46.02, f1: 58.88
epoch: 458, val_loss:1.516086, acc: 56.60, bacc: 62.65, tmp_test_f1: 45.88, f1: 58.88
epoch: 459, val_loss:1.518604, acc: 56.60, bacc: 62.65, tmp_test_f1: 46.15, f1: 58.88
epoch: 460, val_loss:1.521742, acc: 56.60, bacc: 62.65, tmp_test_f1: 45.59, f1: 58.88
epoch: 461, val_loss:1.527557, acc: 56.60, bacc: 62.65, tmp_test_f1: 44.80, f1: 58.88
epoch: 462, val_loss:1.534331, acc: 56.60, bacc: 62.65, tmp_test_f1: 44.68, f1: 58.88
epoch: 463, val_loss:1.538022, acc: 56.60, bacc: 62.65, tmp_test_f1: 45.42, f1: 58.88
epoch: 464, val_loss:1.526891, acc: 56.60, bacc: 62.65, tmp_test_f1: 47.44, f1: 58.88
epoch: 465, val_loss:1.501485, acc: 56.60, bacc: 62.65, tmp_test_f1: 47.90, f1: 58.88
epoch: 466, val_loss:1.482857, acc: 56.60, bacc: 62.65, tmp_test_f1: 49.36, f1: 58.88
epoch: 467, val_loss:1.469699, acc: 56.60, bacc: 62.65, tmp_test_f1: 49.98, f1: 58.88
epoch: 468, val_loss:1.463970, acc: 56.60, bacc: 62.65, tmp_test_f1: 49.22, f1: 58.88
epoch: 469, val_loss:1.465788, acc: 56.60, bacc: 62.65, tmp_test_f1: 48.71, f1: 58.88
epoch: 470, val_loss:1.466825, acc: 56.60, bacc: 62.65, tmp_test_f1: 47.72, f1: 58.88
epoch: 471, val_loss:1.482511, acc: 56.60, bacc: 62.65, tmp_test_f1: 46.52, f1: 58.88
epoch: 472, val_loss:1.486523, acc: 56.60, bacc: 62.65, tmp_test_f1: 46.59, f1: 58.88
epoch: 473, val_loss:1.492179, acc: 56.60, bacc: 62.65, tmp_test_f1: 46.08, f1: 58.88
epoch: 474, val_loss:1.502746, acc: 56.60, bacc: 62.65, tmp_test_f1: 45.72, f1: 58.88
epoch: 475, val_loss:1.510683, acc: 56.60, bacc: 62.65, tmp_test_f1: 45.40, f1: 58.88
epoch: 476, val_loss:1.511063, acc: 56.60, bacc: 62.65, tmp_test_f1: 45.15, f1: 58.88
epoch: 477, val_loss:1.505763, acc: 56.60, bacc: 62.65, tmp_test_f1: 44.70, f1: 58.88
epoch: 478, val_loss:1.508641, acc: 56.60, bacc: 62.65, tmp_test_f1: 44.43, f1: 58.88
epoch: 479, val_loss:1.512796, acc: 56.60, bacc: 62.65, tmp_test_f1: 45.09, f1: 58.88
epoch: 480, val_loss:1.508871, acc: 56.60, bacc: 62.65, tmp_test_f1: 46.01, f1: 58.88
epoch: 481, val_loss:1.508387, acc: 56.60, bacc: 62.65, tmp_test_f1: 45.70, f1: 58.88
epoch: 482, val_loss:1.511250, acc: 56.60, bacc: 62.65, tmp_test_f1: 45.04, f1: 58.88
epoch: 483, val_loss:1.519148, acc: 56.60, bacc: 62.65, tmp_test_f1: 44.70, f1: 58.88
epoch: 484, val_loss:1.529779, acc: 56.60, bacc: 62.65, tmp_test_f1: 44.43, f1: 58.88
epoch: 485, val_loss:1.540623, acc: 56.60, bacc: 62.65, tmp_test_f1: 44.15, f1: 58.88
epoch: 486, val_loss:1.551795, acc: 56.60, bacc: 62.65, tmp_test_f1: 44.35, f1: 58.88
epoch: 487, val_loss:1.568151, acc: 56.60, bacc: 62.65, tmp_test_f1: 43.55, f1: 58.88
epoch: 488, val_loss:1.592717, acc: 56.60, bacc: 62.65, tmp_test_f1: 43.35, f1: 58.88
epoch: 489, val_loss:1.590434, acc: 56.60, bacc: 62.65, tmp_test_f1: 45.22, f1: 58.88
epoch: 490, val_loss:1.562708, acc: 56.60, bacc: 62.65, tmp_test_f1: 46.94, f1: 58.88
epoch: 491, val_loss:1.532752, acc: 56.60, bacc: 62.65, tmp_test_f1: 47.78, f1: 58.88
epoch: 492, val_loss:1.501692, acc: 56.60, bacc: 62.65, tmp_test_f1: 48.39, f1: 58.88
epoch: 493, val_loss:1.479984, acc: 56.60, bacc: 62.65, tmp_test_f1: 48.48, f1: 58.88
epoch: 494, val_loss:1.470644, acc: 56.60, bacc: 62.65, tmp_test_f1: 48.67, f1: 58.88
epoch: 495, val_loss:1.464935, acc: 56.60, bacc: 62.65, tmp_test_f1: 49.65, f1: 58.88
epoch: 496, val_loss:1.442381, acc: 56.60, bacc: 62.65, tmp_test_f1: 50.25, f1: 58.88
epoch: 497, val_loss:1.424210, acc: 56.60, bacc: 62.65, tmp_test_f1: 49.91, f1: 58.88
epoch: 498, val_loss:1.418204, acc: 56.60, bacc: 62.65, tmp_test_f1: 48.94, f1: 58.88
epoch: 499, val_loss:1.422891, acc: 56.60, bacc: 62.65, tmp_test_f1: 47.87, f1: 58.88
epoch: 500, val_loss:1.432460, acc: 56.60, bacc: 62.65, tmp_test_f1: 45.72, f1: 58.88
epoch: 501, val_loss:1.471668, acc: 56.60, bacc: 62.65, tmp_test_f1: 43.52, f1: 58.88
epoch: 502, val_loss:1.514595, acc: 56.60, bacc: 62.65, tmp_test_f1: 42.41, f1: 58.88
epoch: 503, val_loss:1.546723, acc: 56.60, bacc: 62.65, tmp_test_f1: 41.39, f1: 58.88
epoch: 504, val_loss:1.562840, acc: 56.60, bacc: 62.65, tmp_test_f1: 43.06, f1: 58.88
epoch: 505, val_loss:1.511513, acc: 56.60, bacc: 62.65, tmp_test_f1: 45.58, f1: 58.88
epoch: 506, val_loss:1.466553, acc: 56.60, bacc: 62.65, tmp_test_f1: 47.40, f1: 58.88
epoch: 507, val_loss:1.456653, acc: 56.60, bacc: 62.65, tmp_test_f1: 47.06, f1: 58.88
epoch: 508, val_loss:1.471155, acc: 56.60, bacc: 62.65, tmp_test_f1: 47.59, f1: 58.88
epoch: 509, val_loss:1.501035, acc: 56.60, bacc: 62.65, tmp_test_f1: 47.16, f1: 58.88
epoch: 510, val_loss:1.534343, acc: 56.60, bacc: 62.65, tmp_test_f1: 45.13, f1: 58.88
epoch: 511, val_loss:1.581424, acc: 56.60, bacc: 62.65, tmp_test_f1: 42.36, f1: 58.88
epoch: 512, val_loss:1.647523, acc: 56.60, bacc: 62.65, tmp_test_f1: 40.17, f1: 58.88
epoch: 513, val_loss:1.717029, acc: 56.60, bacc: 62.65, tmp_test_f1: 38.90, f1: 58.88
epoch: 514, val_loss:1.774181, acc: 56.60, bacc: 62.65, tmp_test_f1: 38.67, f1: 58.88
epoch: 515, val_loss:1.775425, acc: 56.60, bacc: 62.65, tmp_test_f1: 39.74, f1: 58.88
epoch: 516, val_loss:1.773894, acc: 56.60, bacc: 62.65, tmp_test_f1: 40.36, f1: 58.88
epoch: 517, val_loss:1.778480, acc: 56.60, bacc: 62.65, tmp_test_f1: 40.20, f1: 58.88
epoch: 518, val_loss:1.799780, acc: 56.60, bacc: 62.65, tmp_test_f1: 40.14, f1: 58.88
epoch: 519, val_loss:1.823384, acc: 56.60, bacc: 62.65, tmp_test_f1: 40.15, f1: 58.88
epoch: 520, val_loss:1.837411, acc: 56.60, bacc: 62.65, tmp_test_f1: 41.87, f1: 58.88
epoch: 521, val_loss:1.797242, acc: 56.60, bacc: 62.65, tmp_test_f1: 43.63, f1: 58.88
epoch: 522, val_loss:1.744300, acc: 56.60, bacc: 62.65, tmp_test_f1: 45.06, f1: 58.88
epoch: 523, val_loss:1.703787, acc: 56.60, bacc: 62.65, tmp_test_f1: 44.97, f1: 58.88
epoch: 524, val_loss:1.700203, acc: 56.60, bacc: 62.65, tmp_test_f1: 44.19, f1: 58.88
epoch: 525, val_loss:1.702116, acc: 56.60, bacc: 62.65, tmp_test_f1: 43.99, f1: 58.88
epoch: 526, val_loss:1.703407, acc: 56.60, bacc: 62.65, tmp_test_f1: 43.08, f1: 58.88
epoch: 527, val_loss:1.714384, acc: 56.60, bacc: 62.65, tmp_test_f1: 42.29, f1: 58.88
epoch: 528, val_loss:1.724912, acc: 56.60, bacc: 62.65, tmp_test_f1: 42.40, f1: 58.88
epoch: 529, val_loss:1.711191, acc: 56.60, bacc: 62.65, tmp_test_f1: 42.89, f1: 58.88
epoch: 530, val_loss:1.686739, acc: 56.60, bacc: 62.65, tmp_test_f1: 43.24, f1: 58.88
epoch: 531, val_loss:1.666156, acc: 56.60, bacc: 62.65, tmp_test_f1: 43.38, f1: 58.88
epoch: 532, val_loss:1.646021, acc: 56.60, bacc: 62.65, tmp_test_f1: 43.97, f1: 58.88
epoch: 533, val_loss:1.630553, acc: 56.60, bacc: 62.65, tmp_test_f1: 45.07, f1: 58.88
epoch: 534, val_loss:1.614665, acc: 56.60, bacc: 62.65, tmp_test_f1: 45.78, f1: 58.88
epoch: 535, val_loss:1.613099, acc: 56.60, bacc: 62.65, tmp_test_f1: 45.55, f1: 58.88
epoch: 536, val_loss:1.609201, acc: 56.60, bacc: 62.65, tmp_test_f1: 46.09, f1: 58.88
epoch: 537, val_loss:1.604682, acc: 56.60, bacc: 62.65, tmp_test_f1: 46.35, f1: 58.88
epoch: 538, val_loss:1.606890, acc: 56.60, bacc: 62.65, tmp_test_f1: 46.70, f1: 58.88
epoch: 539, val_loss:1.610534, acc: 56.60, bacc: 62.65, tmp_test_f1: 46.20, f1: 58.88
epoch: 540, val_loss:1.624801, acc: 56.60, bacc: 62.65, tmp_test_f1: 46.08, f1: 58.88
epoch: 541, val_loss:1.632495, acc: 56.60, bacc: 62.65, tmp_test_f1: 45.17, f1: 58.88
epoch: 542, val_loss:1.642182, acc: 56.60, bacc: 62.65, tmp_test_f1: 44.68, f1: 58.88
epoch: 543, val_loss:1.654961, acc: 56.60, bacc: 62.65, tmp_test_f1: 44.65, f1: 58.88
epoch: 544, val_loss:1.670425, acc: 56.60, bacc: 62.65, tmp_test_f1: 45.33, f1: 58.88
epoch: 545, val_loss:1.666470, acc: 56.60, bacc: 62.65, tmp_test_f1: 45.30, f1: 58.88
epoch: 546, val_loss:1.659420, acc: 56.60, bacc: 62.65, tmp_test_f1: 44.65, f1: 58.88
epoch: 547, val_loss:1.665107, acc: 56.60, bacc: 62.65, tmp_test_f1: 44.40, f1: 58.88
epoch: 548, val_loss:1.675974, acc: 56.60, bacc: 62.65, tmp_test_f1: 43.94, f1: 58.88
epoch: 549, val_loss:1.684540, acc: 56.60, bacc: 62.65, tmp_test_f1: 44.72, f1: 58.88
epoch: 550, val_loss:1.658945, acc: 56.60, bacc: 62.65, tmp_test_f1: 45.46, f1: 58.88
epoch: 551, val_loss:1.638011, acc: 56.60, bacc: 62.65, tmp_test_f1: 46.78, f1: 58.88
epoch: 552, val_loss:1.616823, acc: 56.60, bacc: 62.65, tmp_test_f1: 47.50, f1: 58.88
epoch: 553, val_loss:1.603597, acc: 56.60, bacc: 62.65, tmp_test_f1: 48.60, f1: 58.88
epoch: 554, val_loss:1.572545, acc: 56.60, bacc: 62.65, tmp_test_f1: 49.33, f1: 58.88
epoch: 555, val_loss:1.556870, acc: 56.60, bacc: 62.65, tmp_test_f1: 49.84, f1: 58.88
epoch: 556, val_loss:1.560292, acc: 56.60, bacc: 62.65, tmp_test_f1: 49.62, f1: 58.88
epoch: 557, val_loss:1.573259, acc: 56.60, bacc: 62.65, tmp_test_f1: 49.94, f1: 58.88
epoch: 558, val_loss:1.587079, acc: 56.60, bacc: 62.65, tmp_test_f1: 49.16, f1: 58.88
epoch: 559, val_loss:1.603284, acc: 56.60, bacc: 62.65, tmp_test_f1: 48.78, f1: 58.88
epoch: 560, val_loss:1.629405, acc: 56.60, bacc: 62.65, tmp_test_f1: 47.28, f1: 58.88
epoch: 561, val_loss:1.651117, acc: 56.60, bacc: 62.65, tmp_test_f1: 46.53, f1: 58.88
epoch: 562, val_loss:1.680073, acc: 56.60, bacc: 62.65, tmp_test_f1: 45.20, f1: 58.88
epoch: 563, val_loss:1.729560, acc: 56.60, bacc: 62.65, tmp_test_f1: 44.37, f1: 58.88
epoch: 564, val_loss:1.761828, acc: 56.60, bacc: 62.65, tmp_test_f1: 44.69, f1: 58.88
epoch: 565, val_loss:1.766680, acc: 56.60, bacc: 62.65, tmp_test_f1: 46.16, f1: 58.88
epoch: 566, val_loss:1.723853, acc: 56.60, bacc: 62.65, tmp_test_f1: 48.11, f1: 58.88
epoch: 567, val_loss:1.668575, acc: 56.60, bacc: 62.65, tmp_test_f1: 48.92, f1: 58.88
epoch: 568, val_loss:1.634028, acc: 56.60, bacc: 62.65, tmp_test_f1: 50.06, f1: 58.88
epoch: 569, val_loss:1.624190, acc: 56.60, bacc: 62.65, tmp_test_f1: 50.39, f1: 58.88
epoch: 570, val_loss:1.619347, acc: 56.60, bacc: 62.65, tmp_test_f1: 49.61, f1: 58.88
epoch: 571, val_loss:1.629379, acc: 56.60, bacc: 62.65, tmp_test_f1: 49.00, f1: 58.88
epoch: 572, val_loss:1.641636, acc: 56.60, bacc: 62.65, tmp_test_f1: 47.69, f1: 58.88
epoch: 573, val_loss:1.655248, acc: 56.60, bacc: 62.65, tmp_test_f1: 46.81, f1: 58.88
epoch: 574, val_loss:1.667322, acc: 56.60, bacc: 62.65, tmp_test_f1: 46.32, f1: 58.88
epoch: 575, val_loss:1.676142, acc: 56.60, bacc: 62.65, tmp_test_f1: 46.70, f1: 58.88
epoch: 576, val_loss:1.665928, acc: 56.60, bacc: 62.65, tmp_test_f1: 47.10, f1: 58.88
epoch: 577, val_loss:1.658497, acc: 56.60, bacc: 62.65, tmp_test_f1: 46.63, f1: 58.88
epoch: 578, val_loss:1.662318, acc: 56.60, bacc: 62.65, tmp_test_f1: 45.97, f1: 58.88
epoch: 579, val_loss:1.665887, acc: 56.60, bacc: 62.65, tmp_test_f1: 45.43, f1: 58.88
epoch: 580, val_loss:1.677181, acc: 56.60, bacc: 62.65, tmp_test_f1: 46.85, f1: 58.88
epoch: 581, val_loss:1.647437, acc: 56.60, bacc: 62.65, tmp_test_f1: 47.52, f1: 58.88
epoch: 582, val_loss:1.617980, acc: 56.60, bacc: 62.65, tmp_test_f1: 49.54, f1: 58.88
epoch: 583, val_loss:1.582124, acc: 56.60, bacc: 62.65, tmp_test_f1: 51.67, f1: 58.88
epoch: 584, val_loss:1.544802, acc: 56.60, bacc: 62.65, tmp_test_f1: 53.89, f1: 58.88
epoch: 585, val_loss:1.508946, acc: 56.60, bacc: 62.65, tmp_test_f1: 54.43, f1: 58.88
epoch: 586, val_loss:1.495999, acc: 56.60, bacc: 62.65, tmp_test_f1: 55.01, f1: 58.88
epoch: 587, val_loss:1.485069, acc: 56.60, bacc: 62.65, tmp_test_f1: 55.68, f1: 58.88
epoch: 588, val_loss:1.478990, acc: 56.60, bacc: 62.65, tmp_test_f1: 56.66, f1: 58.88
epoch: 589, val_loss:1.460409, acc: 56.60, bacc: 62.65, tmp_test_f1: 56.28, f1: 58.88
epoch: 590, val_loss:1.453573, acc: 56.60, bacc: 62.65, tmp_test_f1: 54.99, f1: 58.88
epoch: 591, val_loss:1.455782, acc: 56.60, bacc: 62.65, tmp_test_f1: 54.49, f1: 58.88
epoch: 592, val_loss:1.465282, acc: 56.60, bacc: 62.65, tmp_test_f1: 53.45, f1: 58.88
epoch: 593, val_loss:1.488835, acc: 56.60, bacc: 62.65, tmp_test_f1: 51.97, f1: 58.88
epoch: 594, val_loss:1.538406, acc: 56.60, bacc: 62.65, tmp_test_f1: 49.97, f1: 58.88
epoch: 595, val_loss:1.587091, acc: 56.60, bacc: 62.65, tmp_test_f1: 47.20, f1: 58.88
epoch: 596, val_loss:1.633761, acc: 56.60, bacc: 62.65, tmp_test_f1: 46.75, f1: 58.88
epoch: 597, val_loss:1.659736, acc: 56.60, bacc: 62.65, tmp_test_f1: 46.35, f1: 58.88
epoch: 598, val_loss:1.674314, acc: 56.60, bacc: 62.65, tmp_test_f1: 45.28, f1: 58.88
epoch: 599, val_loss:1.680803, acc: 56.60, bacc: 62.65, tmp_test_f1: 45.54, f1: 58.88
epoch: 600, val_loss:1.649796, acc: 56.60, bacc: 62.65, tmp_test_f1: 45.78, f1: 58.88
epoch: 601, val_loss:1.616921, acc: 56.60, bacc: 62.65, tmp_test_f1: 46.66, f1: 58.88
epoch: 602, val_loss:1.568701, acc: 56.60, bacc: 62.65, tmp_test_f1: 48.45, f1: 58.88
epoch: 603, val_loss:1.523988, acc: 56.60, bacc: 62.65, tmp_test_f1: 49.36, f1: 58.88
epoch: 604, val_loss:1.489358, acc: 56.60, bacc: 62.65, tmp_test_f1: 50.58, f1: 58.88
epoch: 605, val_loss:1.470853, acc: 56.60, bacc: 62.65, tmp_test_f1: 50.61, f1: 58.88
epoch: 606, val_loss:1.459805, acc: 56.60, bacc: 62.65, tmp_test_f1: 51.34, f1: 58.88
epoch: 607, val_loss:1.460776, acc: 56.60, bacc: 62.65, tmp_test_f1: 51.27, f1: 58.88
epoch: 608, val_loss:1.469998, acc: 56.60, bacc: 62.65, tmp_test_f1: 51.20, f1: 58.88
epoch: 609, val_loss:1.475393, acc: 56.60, bacc: 62.65, tmp_test_f1: 50.77, f1: 58.88
epoch: 610, val_loss:1.488583, acc: 56.60, bacc: 62.65, tmp_test_f1: 49.12, f1: 58.88
epoch: 611, val_loss:1.516544, acc: 56.60, bacc: 62.65, tmp_test_f1: 48.08, f1: 58.88
epoch: 612, val_loss:1.543386, acc: 56.60, bacc: 62.65, tmp_test_f1: 46.55, f1: 58.88
epoch: 613, val_loss:1.573620, acc: 56.60, bacc: 62.65, tmp_test_f1: 45.89, f1: 58.88
epoch: 614, val_loss:1.598252, acc: 56.60, bacc: 62.65, tmp_test_f1: 44.87, f1: 58.88
epoch: 615, val_loss:1.641494, acc: 56.60, bacc: 62.65, tmp_test_f1: 44.24, f1: 58.88
epoch: 616, val_loss:1.654619, acc: 56.60, bacc: 62.65, tmp_test_f1: 44.54, f1: 58.88
epoch: 617, val_loss:1.654853, acc: 56.60, bacc: 62.65, tmp_test_f1: 47.22, f1: 58.88
epoch: 618, val_loss:1.583293, acc: 56.60, bacc: 62.65, tmp_test_f1: 48.57, f1: 58.88
epoch: 619, val_loss:1.546364, acc: 56.60, bacc: 62.65, tmp_test_f1: 50.00, f1: 58.88
epoch: 620, val_loss:1.510916, acc: 56.60, bacc: 62.65, tmp_test_f1: 50.71, f1: 58.88
epoch: 621, val_loss:1.489692, acc: 56.60, bacc: 62.65, tmp_test_f1: 51.38, f1: 58.88
epoch: 622, val_loss:1.477427, acc: 56.60, bacc: 62.65, tmp_test_f1: 51.44, f1: 58.88
epoch: 623, val_loss:1.474776, acc: 56.60, bacc: 62.65, tmp_test_f1: 51.64, f1: 58.88
epoch: 624, val_loss:1.473903, acc: 56.60, bacc: 62.65, tmp_test_f1: 51.81, f1: 58.88
epoch: 625, val_loss:1.474576, acc: 56.60, bacc: 62.65, tmp_test_f1: 50.31, f1: 58.88
epoch: 626, val_loss:1.490734, acc: 56.60, bacc: 62.65, tmp_test_f1: 48.01, f1: 58.88
epoch: 627, val_loss:1.523662, acc: 56.60, bacc: 62.65, tmp_test_f1: 46.38, f1: 58.88
Epoch 00628: reducing learning rate of group 0 to 1.2500e-02.
Epoch 00628: reducing learning rate of group 1 to 1.2500e-02.
epoch: 628, val_loss:1.563000, acc: 56.60, bacc: 62.65, tmp_test_f1: 44.89, f1: 58.88
epoch: 629, val_loss:1.599321, acc: 56.60, bacc: 62.65, tmp_test_f1: 44.32, f1: 58.88
epoch: 630, val_loss:1.613271, acc: 56.60, bacc: 62.65, tmp_test_f1: 43.33, f1: 58.88
epoch: 631, val_loss:1.620862, acc: 56.60, bacc: 62.65, tmp_test_f1: 42.81, f1: 58.88
epoch: 632, val_loss:1.617368, acc: 56.60, bacc: 62.65, tmp_test_f1: 44.15, f1: 58.88
epoch: 633, val_loss:1.595824, acc: 56.60, bacc: 62.65, tmp_test_f1: 45.66, f1: 58.88
epoch: 634, val_loss:1.549836, acc: 56.60, bacc: 62.65, tmp_test_f1: 47.21, f1: 58.88
epoch: 635, val_loss:1.508696, acc: 56.60, bacc: 62.65, tmp_test_f1: 49.43, f1: 58.88
epoch: 636, val_loss:1.480940, acc: 56.60, bacc: 62.65, tmp_test_f1: 51.24, f1: 58.88
epoch: 637, val_loss:1.457308, acc: 56.60, bacc: 62.65, tmp_test_f1: 51.97, f1: 58.88
epoch: 638, val_loss:1.443820, acc: 56.60, bacc: 62.65, tmp_test_f1: 52.36, f1: 58.88
epoch: 639, val_loss:1.439881, acc: 56.60, bacc: 62.65, tmp_test_f1: 52.68, f1: 58.88
epoch: 640, val_loss:1.439319, acc: 56.60, bacc: 62.65, tmp_test_f1: 52.50, f1: 58.88
epoch: 641, val_loss:1.445113, acc: 56.60, bacc: 62.65, tmp_test_f1: 52.69, f1: 58.88
epoch: 642, val_loss:1.451956, acc: 56.60, bacc: 62.65, tmp_test_f1: 52.53, f1: 58.88
epoch: 643, val_loss:1.459118, acc: 56.60, bacc: 62.65, tmp_test_f1: 52.00, f1: 58.88
epoch: 644, val_loss:1.469397, acc: 56.60, bacc: 62.65, tmp_test_f1: 51.02, f1: 58.88
epoch: 645, val_loss:1.486494, acc: 56.60, bacc: 62.65, tmp_test_f1: 50.38, f1: 58.88
epoch: 646, val_loss:1.502742, acc: 56.60, bacc: 62.65, tmp_test_f1: 49.60, f1: 58.88
epoch: 647, val_loss:1.523430, acc: 56.60, bacc: 62.65, tmp_test_f1: 50.14, f1: 58.88
epoch: 648, val_loss:1.541513, acc: 56.60, bacc: 62.65, tmp_test_f1: 49.77, f1: 58.88
epoch: 649, val_loss:1.554984, acc: 56.60, bacc: 62.65, tmp_test_f1: 49.70, f1: 58.88
epoch: 650, val_loss:1.569802, acc: 56.60, bacc: 62.65, tmp_test_f1: 49.19, f1: 58.88
epoch: 651, val_loss:1.591146, acc: 56.60, bacc: 62.65, tmp_test_f1: 49.15, f1: 58.88
epoch: 652, val_loss:1.612127, acc: 56.60, bacc: 62.65, tmp_test_f1: 48.97, f1: 58.88
epoch: 653, val_loss:1.629105, acc: 56.60, bacc: 62.65, tmp_test_f1: 48.78, f1: 58.88
epoch: 654, val_loss:1.638124, acc: 56.60, bacc: 62.65, tmp_test_f1: 48.98, f1: 58.88
epoch: 655, val_loss:1.634516, acc: 56.60, bacc: 62.65, tmp_test_f1: 49.53, f1: 58.88
epoch: 656, val_loss:1.631054, acc: 56.60, bacc: 62.65, tmp_test_f1: 48.53, f1: 58.88
epoch: 657, val_loss:1.653327, acc: 56.60, bacc: 62.65, tmp_test_f1: 48.20, f1: 58.88
epoch: 658, val_loss:1.676407, acc: 56.60, bacc: 62.65, tmp_test_f1: 47.92, f1: 58.88
epoch: 659, val_loss:1.694596, acc: 56.60, bacc: 62.65, tmp_test_f1: 47.73, f1: 58.88
epoch: 660, val_loss:1.705677, acc: 56.60, bacc: 62.65, tmp_test_f1: 47.37, f1: 58.88
epoch: 661, val_loss:1.714009, acc: 56.60, bacc: 62.65, tmp_test_f1: 48.10, f1: 58.88
epoch: 662, val_loss:1.698071, acc: 56.60, bacc: 62.65, tmp_test_f1: 48.64, f1: 58.88
epoch: 663, val_loss:1.679227, acc: 56.60, bacc: 62.65, tmp_test_f1: 49.04, f1: 58.88
epoch: 664, val_loss:1.662154, acc: 56.60, bacc: 62.65, tmp_test_f1: 50.57, f1: 58.88
epoch: 665, val_loss:1.643103, acc: 56.60, bacc: 62.65, tmp_test_f1: 51.56, f1: 58.88
epoch: 666, val_loss:1.615207, acc: 56.60, bacc: 62.65, tmp_test_f1: 52.50, f1: 58.88
epoch: 667, val_loss:1.590756, acc: 56.60, bacc: 62.65, tmp_test_f1: 52.85, f1: 58.88
epoch: 668, val_loss:1.573649, acc: 56.60, bacc: 62.65, tmp_test_f1: 53.75, f1: 58.88
epoch: 669, val_loss:1.554893, acc: 56.60, bacc: 62.65, tmp_test_f1: 53.44, f1: 58.88
epoch: 670, val_loss:1.537326, acc: 56.60, bacc: 62.65, tmp_test_f1: 53.74, f1: 58.88
epoch: 671, val_loss:1.522078, acc: 56.60, bacc: 62.65, tmp_test_f1: 54.86, f1: 58.88
epoch: 672, val_loss:1.503246, acc: 56.60, bacc: 62.65, tmp_test_f1: 55.48, f1: 58.88
epoch: 673, val_loss:1.489747, acc: 56.60, bacc: 62.65, tmp_test_f1: 55.44, f1: 58.88
epoch: 674, val_loss:1.480361, acc: 56.60, bacc: 62.65, tmp_test_f1: 54.47, f1: 58.88
epoch: 675, val_loss:1.482143, acc: 56.60, bacc: 62.65, tmp_test_f1: 54.45, f1: 58.88
epoch: 676, val_loss:1.486374, acc: 56.60, bacc: 62.65, tmp_test_f1: 53.86, f1: 58.88
epoch: 677, val_loss:1.493945, acc: 56.60, bacc: 62.65, tmp_test_f1: 53.21, f1: 58.88
epoch: 678, val_loss:1.495459, acc: 56.60, bacc: 62.65, tmp_test_f1: 52.97, f1: 58.88
epoch: 679, val_loss:1.499908, acc: 56.60, bacc: 62.65, tmp_test_f1: 52.63, f1: 58.88
epoch: 680, val_loss:1.501189, acc: 56.60, bacc: 62.65, tmp_test_f1: 52.78, f1: 58.88
epoch: 681, val_loss:1.492149, acc: 56.60, bacc: 62.65, tmp_test_f1: 53.01, f1: 58.88
epoch: 682, val_loss:1.479751, acc: 56.60, bacc: 62.65, tmp_test_f1: 53.53, f1: 58.88
epoch: 683, val_loss:1.468604, acc: 56.60, bacc: 62.65, tmp_test_f1: 52.86, f1: 58.88
epoch: 684, val_loss:1.464142, acc: 56.60, bacc: 62.65, tmp_test_f1: 53.77, f1: 58.88
epoch: 685, val_loss:1.458285, acc: 56.60, bacc: 62.65, tmp_test_f1: 54.09, f1: 58.88
epoch: 686, val_loss:1.453463, acc: 56.60, bacc: 62.65, tmp_test_f1: 54.01, f1: 58.88
epoch: 687, val_loss:1.459174, acc: 56.60, bacc: 62.65, tmp_test_f1: 53.86, f1: 58.88
epoch: 688, val_loss:1.468438, acc: 56.60, bacc: 62.65, tmp_test_f1: 53.37, f1: 58.88
epoch: 689, val_loss:1.472415, acc: 56.60, bacc: 62.65, tmp_test_f1: 52.77, f1: 58.88
epoch: 690, val_loss:1.471058, acc: 56.60, bacc: 62.65, tmp_test_f1: 53.07, f1: 58.88
epoch: 691, val_loss:1.473454, acc: 56.60, bacc: 62.65, tmp_test_f1: 52.64, f1: 58.88
epoch: 692, val_loss:1.475185, acc: 56.60, bacc: 62.65, tmp_test_f1: 52.11, f1: 58.88
epoch: 693, val_loss:1.472272, acc: 56.60, bacc: 62.65, tmp_test_f1: 52.85, f1: 58.88
epoch: 694, val_loss:1.469164, acc: 56.60, bacc: 62.65, tmp_test_f1: 53.24, f1: 58.88
epoch: 695, val_loss:1.468924, acc: 56.60, bacc: 62.65, tmp_test_f1: 52.96, f1: 58.88
epoch: 696, val_loss:1.470731, acc: 56.60, bacc: 62.65, tmp_test_f1: 52.85, f1: 58.88
epoch: 697, val_loss:1.480063, acc: 56.60, bacc: 62.65, tmp_test_f1: 52.33, f1: 58.88
epoch: 698, val_loss:1.491587, acc: 56.60, bacc: 62.65, tmp_test_f1: 51.48, f1: 58.88
epoch: 699, val_loss:1.500693, acc: 56.60, bacc: 62.65, tmp_test_f1: 50.68, f1: 58.88
epoch: 700, val_loss:1.517993, acc: 56.60, bacc: 62.65, tmp_test_f1: 48.99, f1: 58.88
epoch: 701, val_loss:1.539967, acc: 56.60, bacc: 62.65, tmp_test_f1: 47.16, f1: 58.88
epoch: 702, val_loss:1.562527, acc: 56.60, bacc: 62.65, tmp_test_f1: 45.22, f1: 58.88
epoch: 703, val_loss:1.589549, acc: 56.60, bacc: 62.65, tmp_test_f1: 44.00, f1: 58.88
epoch: 704, val_loss:1.608240, acc: 56.60, bacc: 62.65, tmp_test_f1: 43.99, f1: 58.88
epoch: 705, val_loss:1.608882, acc: 56.60, bacc: 62.65, tmp_test_f1: 44.22, f1: 58.88
epoch: 706, val_loss:1.604451, acc: 56.60, bacc: 62.65, tmp_test_f1: 44.43, f1: 58.88
epoch: 707, val_loss:1.593461, acc: 56.60, bacc: 62.65, tmp_test_f1: 45.86, f1: 58.88
epoch: 708, val_loss:1.570449, acc: 56.60, bacc: 62.65, tmp_test_f1: 47.77, f1: 58.88
epoch: 709, val_loss:1.547276, acc: 56.60, bacc: 62.65, tmp_test_f1: 49.01, f1: 58.88
epoch: 710, val_loss:1.524687, acc: 56.60, bacc: 62.65, tmp_test_f1: 50.52, f1: 58.88
epoch: 711, val_loss:1.505609, acc: 56.60, bacc: 62.65, tmp_test_f1: 51.34, f1: 58.88
epoch: 712, val_loss:1.491205, acc: 56.60, bacc: 62.65, tmp_test_f1: 51.91, f1: 58.88
epoch: 713, val_loss:1.478104, acc: 56.60, bacc: 62.65, tmp_test_f1: 52.26, f1: 58.88
epoch: 714, val_loss:1.469361, acc: 56.60, bacc: 62.65, tmp_test_f1: 52.37, f1: 58.88
epoch: 715, val_loss:1.463229, acc: 56.60, bacc: 62.65, tmp_test_f1: 52.21, f1: 58.88
epoch: 716, val_loss:1.458928, acc: 56.60, bacc: 62.65, tmp_test_f1: 51.96, f1: 58.88
epoch: 717, val_loss:1.458239, acc: 56.60, bacc: 62.65, tmp_test_f1: 51.35, f1: 58.88
epoch: 718, val_loss:1.460802, acc: 56.60, bacc: 62.65, tmp_test_f1: 51.13, f1: 58.88
epoch: 719, val_loss:1.467134, acc: 56.60, bacc: 62.65, tmp_test_f1: 50.30, f1: 58.88
epoch: 720, val_loss:1.474763, acc: 56.60, bacc: 62.65, tmp_test_f1: 48.93, f1: 58.88
epoch: 721, val_loss:1.492052, acc: 56.60, bacc: 62.65, tmp_test_f1: 47.64, f1: 58.88
epoch: 722, val_loss:1.515729, acc: 56.60, bacc: 62.65, tmp_test_f1: 47.02, f1: 58.88
epoch: 723, val_loss:1.538170, acc: 56.60, bacc: 62.65, tmp_test_f1: 45.83, f1: 58.88
epoch: 724, val_loss:1.560544, acc: 56.60, bacc: 62.65, tmp_test_f1: 45.49, f1: 58.88
epoch: 725, val_loss:1.564772, acc: 56.60, bacc: 62.65, tmp_test_f1: 45.48, f1: 58.88
epoch: 726, val_loss:1.562486, acc: 56.60, bacc: 62.65, tmp_test_f1: 44.92, f1: 58.88
epoch: 727, val_loss:1.563398, acc: 56.60, bacc: 62.65, tmp_test_f1: 45.19, f1: 58.88
epoch: 728, val_loss:1.557610, acc: 56.60, bacc: 62.65, tmp_test_f1: 45.35, f1: 58.88
epoch: 729, val_loss:1.549931, acc: 56.60, bacc: 62.65, tmp_test_f1: 45.98, f1: 58.88
epoch: 730, val_loss:1.537318, acc: 56.60, bacc: 62.65, tmp_test_f1: 46.69, f1: 58.88
epoch: 731, val_loss:1.527067, acc: 56.60, bacc: 62.65, tmp_test_f1: 46.83, f1: 58.88
epoch: 732, val_loss:1.511670, acc: 56.60, bacc: 62.65, tmp_test_f1: 47.14, f1: 58.88
epoch: 733, val_loss:1.501629, acc: 56.60, bacc: 62.65, tmp_test_f1: 47.19, f1: 58.88
epoch: 734, val_loss:1.497453, acc: 56.60, bacc: 62.65, tmp_test_f1: 48.50, f1: 58.88
epoch: 735, val_loss:1.492467, acc: 56.60, bacc: 62.65, tmp_test_f1: 49.40, f1: 58.88
epoch: 736, val_loss:1.491496, acc: 56.60, bacc: 62.65, tmp_test_f1: 50.35, f1: 58.88
epoch: 737, val_loss:1.482391, acc: 56.60, bacc: 62.65, tmp_test_f1: 50.83, f1: 58.88
epoch: 738, val_loss:1.476881, acc: 56.60, bacc: 62.65, tmp_test_f1: 51.16, f1: 58.88
epoch: 739, val_loss:1.477656, acc: 56.60, bacc: 62.65, tmp_test_f1: 51.37, f1: 58.88
epoch: 740, val_loss:1.483173, acc: 56.60, bacc: 62.65, tmp_test_f1: 51.16, f1: 58.88
epoch: 741, val_loss:1.490994, acc: 56.60, bacc: 62.65, tmp_test_f1: 50.73, f1: 58.88
epoch: 742, val_loss:1.499415, acc: 56.60, bacc: 62.65, tmp_test_f1: 50.26, f1: 58.88
epoch: 743, val_loss:1.506548, acc: 56.60, bacc: 62.65, tmp_test_f1: 49.96, f1: 58.88
epoch: 744, val_loss:1.507630, acc: 56.60, bacc: 62.65, tmp_test_f1: 49.59, f1: 58.88
epoch: 745, val_loss:1.513331, acc: 56.60, bacc: 62.65, tmp_test_f1: 48.57, f1: 58.88
epoch: 746, val_loss:1.528119, acc: 56.60, bacc: 62.65, tmp_test_f1: 48.35, f1: 58.88
epoch: 747, val_loss:1.535801, acc: 56.60, bacc: 62.65, tmp_test_f1: 47.20, f1: 58.88
epoch: 748, val_loss:1.543538, acc: 56.60, bacc: 62.65, tmp_test_f1: 45.83, f1: 58.88
epoch: 749, val_loss:1.546699, acc: 56.60, bacc: 62.65, tmp_test_f1: 45.90, f1: 58.88
epoch: 750, val_loss:1.544635, acc: 56.60, bacc: 62.65, tmp_test_f1: 46.64, f1: 58.88
epoch: 751, val_loss:1.520097, acc: 56.60, bacc: 62.65, tmp_test_f1: 47.72, f1: 58.88
epoch: 752, val_loss:1.490920, acc: 56.60, bacc: 62.65, tmp_test_f1: 47.78, f1: 58.88
epoch: 753, val_loss:1.473151, acc: 56.60, bacc: 62.65, tmp_test_f1: 48.70, f1: 58.88
epoch: 754, val_loss:1.453815, acc: 56.60, bacc: 62.65, tmp_test_f1: 48.97, f1: 58.88
epoch: 755, val_loss:1.444936, acc: 56.60, bacc: 62.65, tmp_test_f1: 48.64, f1: 58.88
epoch: 756, val_loss:1.446025, acc: 56.60, bacc: 62.65, tmp_test_f1: 49.44, f1: 58.88
epoch: 757, val_loss:1.444907, acc: 56.60, bacc: 62.65, tmp_test_f1: 49.24, f1: 58.88
epoch: 758, val_loss:1.444985, acc: 56.60, bacc: 62.65, tmp_test_f1: 49.36, f1: 58.88
epoch: 759, val_loss:1.449417, acc: 56.60, bacc: 62.65, tmp_test_f1: 49.63, f1: 58.88
epoch: 760, val_loss:1.455497, acc: 56.60, bacc: 62.65, tmp_test_f1: 50.32, f1: 58.88
epoch: 761, val_loss:1.458912, acc: 56.60, bacc: 62.65, tmp_test_f1: 50.00, f1: 58.88
epoch: 762, val_loss:1.468101, acc: 56.60, bacc: 62.65, tmp_test_f1: 49.22, f1: 58.88
epoch: 763, val_loss:1.483865, acc: 56.60, bacc: 62.65, tmp_test_f1: 48.44, f1: 58.88
epoch: 764, val_loss:1.505833, acc: 56.60, bacc: 62.65, tmp_test_f1: 47.91, f1: 58.88
epoch: 765, val_loss:1.524742, acc: 56.60, bacc: 62.65, tmp_test_f1: 48.01, f1: 58.88
epoch: 766, val_loss:1.535469, acc: 56.60, bacc: 62.65, tmp_test_f1: 46.99, f1: 58.88
epoch: 767, val_loss:1.548097, acc: 56.60, bacc: 62.65, tmp_test_f1: 47.05, f1: 58.88
epoch: 768, val_loss:1.552985, acc: 56.60, bacc: 62.65, tmp_test_f1: 47.40, f1: 58.88
epoch: 769, val_loss:1.560321, acc: 56.60, bacc: 62.65, tmp_test_f1: 47.99, f1: 58.88
epoch: 770, val_loss:1.561619, acc: 56.60, bacc: 62.65, tmp_test_f1: 47.87, f1: 58.88
epoch: 771, val_loss:1.565801, acc: 56.60, bacc: 62.65, tmp_test_f1: 47.92, f1: 58.88
epoch: 772, val_loss:1.570976, acc: 56.60, bacc: 62.65, tmp_test_f1: 48.00, f1: 58.88
epoch: 773, val_loss:1.581568, acc: 56.60, bacc: 62.65, tmp_test_f1: 47.52, f1: 58.88
epoch: 774, val_loss:1.594921, acc: 56.60, bacc: 62.65, tmp_test_f1: 47.37, f1: 58.88
epoch: 775, val_loss:1.597549, acc: 56.60, bacc: 62.65, tmp_test_f1: 47.35, f1: 58.88
epoch: 776, val_loss:1.597826, acc: 56.60, bacc: 62.65, tmp_test_f1: 47.87, f1: 58.88
epoch: 777, val_loss:1.591998, acc: 56.60, bacc: 62.65, tmp_test_f1: 47.99, f1: 58.88
epoch: 778, val_loss:1.585624, acc: 56.60, bacc: 62.65, tmp_test_f1: 48.08, f1: 58.88
epoch: 779, val_loss:1.583952, acc: 56.60, bacc: 62.65, tmp_test_f1: 48.81, f1: 58.88
epoch: 780, val_loss:1.571589, acc: 56.60, bacc: 62.65, tmp_test_f1: 49.35, f1: 58.88
epoch: 781, val_loss:1.556490, acc: 56.60, bacc: 62.65, tmp_test_f1: 50.67, f1: 58.88
epoch: 782, val_loss:1.531291, acc: 56.60, bacc: 62.65, tmp_test_f1: 51.81, f1: 58.88
epoch: 783, val_loss:1.496964, acc: 56.60, bacc: 62.65, tmp_test_f1: 53.24, f1: 58.88
epoch: 784, val_loss:1.468346, acc: 56.60, bacc: 62.65, tmp_test_f1: 53.77, f1: 58.88
epoch: 785, val_loss:1.445967, acc: 56.60, bacc: 62.65, tmp_test_f1: 53.56, f1: 58.88
epoch: 786, val_loss:1.431791, acc: 56.60, bacc: 62.65, tmp_test_f1: 52.21, f1: 58.88
epoch: 787, val_loss:1.426854, acc: 56.60, bacc: 62.65, tmp_test_f1: 50.95, f1: 58.88
epoch: 788, val_loss:1.429065, acc: 56.60, bacc: 62.65, tmp_test_f1: 49.95, f1: 58.88
epoch: 789, val_loss:1.438266, acc: 56.60, bacc: 62.65, tmp_test_f1: 50.27, f1: 58.88
epoch: 790, val_loss:1.438753, acc: 56.60, bacc: 62.65, tmp_test_f1: 50.36, f1: 58.88
epoch: 791, val_loss:1.444823, acc: 56.60, bacc: 62.65, tmp_test_f1: 50.47, f1: 58.88
epoch: 792, val_loss:1.455774, acc: 56.60, bacc: 62.65, tmp_test_f1: 50.60, f1: 58.88
epoch: 793, val_loss:1.460155, acc: 56.60, bacc: 62.65, tmp_test_f1: 50.62, f1: 58.88
epoch: 794, val_loss:1.460581, acc: 56.60, bacc: 62.65, tmp_test_f1: 50.57, f1: 58.88
epoch: 795, val_loss:1.462677, acc: 56.60, bacc: 62.65, tmp_test_f1: 51.04, f1: 58.88
epoch: 796, val_loss:1.459350, acc: 56.60, bacc: 62.65, tmp_test_f1: 51.25, f1: 58.88
epoch: 797, val_loss:1.463935, acc: 56.60, bacc: 62.65, tmp_test_f1: 51.68, f1: 58.88
epoch: 798, val_loss:1.469204, acc: 56.60, bacc: 62.65, tmp_test_f1: 52.19, f1: 58.88
epoch: 799, val_loss:1.471630, acc: 56.60, bacc: 62.65, tmp_test_f1: 52.93, f1: 58.88
epoch: 800, val_loss:1.464925, acc: 56.60, bacc: 62.65, tmp_test_f1: 53.34, f1: 58.88
epoch: 801, val_loss:1.460505, acc: 56.60, bacc: 62.65, tmp_test_f1: 54.02, f1: 58.88
epoch: 802, val_loss:1.457073, acc: 56.60, bacc: 62.65, tmp_test_f1: 53.94, f1: 58.88
epoch: 803, val_loss:1.458765, acc: 56.60, bacc: 62.65, tmp_test_f1: 54.30, f1: 58.88
epoch: 804, val_loss:1.460857, acc: 56.60, bacc: 62.65, tmp_test_f1: 54.61, f1: 58.88
epoch: 805, val_loss:1.464146, acc: 56.60, bacc: 62.65, tmp_test_f1: 54.62, f1: 58.88
epoch: 806, val_loss:1.467569, acc: 56.60, bacc: 62.65, tmp_test_f1: 54.43, f1: 58.88
epoch: 807, val_loss:1.467368, acc: 56.60, bacc: 62.65, tmp_test_f1: 54.83, f1: 58.88
epoch: 808, val_loss:1.472614, acc: 56.60, bacc: 62.65, tmp_test_f1: 54.30, f1: 58.88
epoch: 809, val_loss:1.478630, acc: 56.60, bacc: 62.65, tmp_test_f1: 53.98, f1: 58.88
epoch: 810, val_loss:1.482245, acc: 56.60, bacc: 62.65, tmp_test_f1: 54.26, f1: 58.88
epoch: 811, val_loss:1.474231, acc: 56.60, bacc: 62.65, tmp_test_f1: 53.37, f1: 58.88
epoch: 812, val_loss:1.472425, acc: 56.60, bacc: 62.65, tmp_test_f1: 53.16, f1: 58.88
epoch: 813, val_loss:1.475385, acc: 56.60, bacc: 62.65, tmp_test_f1: 52.56, f1: 58.88
epoch: 814, val_loss:1.491867, acc: 56.60, bacc: 62.65, tmp_test_f1: 51.06, f1: 58.88
epoch: 815, val_loss:1.516297, acc: 56.60, bacc: 62.65, tmp_test_f1: 49.51, f1: 58.88
epoch: 816, val_loss:1.544709, acc: 56.60, bacc: 62.65, tmp_test_f1: 47.91, f1: 58.88
epoch: 817, val_loss:1.567860, acc: 56.60, bacc: 62.65, tmp_test_f1: 47.31, f1: 58.88
epoch: 818, val_loss:1.576413, acc: 56.60, bacc: 62.65, tmp_test_f1: 46.67, f1: 58.88
epoch: 819, val_loss:1.590665, acc: 56.60, bacc: 62.65, tmp_test_f1: 46.47, f1: 58.88
epoch: 820, val_loss:1.601010, acc: 56.60, bacc: 62.65, tmp_test_f1: 45.81, f1: 58.88
epoch: 821, val_loss:1.602697, acc: 56.60, bacc: 62.65, tmp_test_f1: 45.86, f1: 58.88
epoch: 822, val_loss:1.629561, acc: 56.60, bacc: 62.65, tmp_test_f1: 44.89, f1: 58.88
epoch: 823, val_loss:1.652277, acc: 56.60, bacc: 62.65, tmp_test_f1: 44.56, f1: 58.88
epoch: 824, val_loss:1.666753, acc: 56.60, bacc: 62.65, tmp_test_f1: 44.89, f1: 58.88
epoch: 825, val_loss:1.660720, acc: 56.60, bacc: 62.65, tmp_test_f1: 45.40, f1: 58.88
epoch: 826, val_loss:1.644832, acc: 56.60, bacc: 62.65, tmp_test_f1: 45.73, f1: 58.88
epoch: 827, val_loss:1.617498, acc: 56.60, bacc: 62.65, tmp_test_f1: 46.74, f1: 58.88
epoch: 828, val_loss:1.582847, acc: 56.60, bacc: 62.65, tmp_test_f1: 47.32, f1: 58.88
Epoch 00829: reducing learning rate of group 0 to 6.2500e-03.
Epoch 00829: reducing learning rate of group 1 to 6.2500e-03.
epoch: 829, val_loss:1.546221, acc: 56.60, bacc: 62.65, tmp_test_f1: 49.58, f1: 58.88
epoch: 830, val_loss:1.500191, acc: 56.60, bacc: 62.65, tmp_test_f1: 50.32, f1: 58.88
epoch: 831, val_loss:1.482240, acc: 56.60, bacc: 62.65, tmp_test_f1: 50.54, f1: 58.88
epoch: 832, val_loss:1.467242, acc: 56.60, bacc: 62.65, tmp_test_f1: 50.86, f1: 58.88
epoch: 833, val_loss:1.453288, acc: 56.60, bacc: 62.65, tmp_test_f1: 51.51, f1: 58.88
epoch: 834, val_loss:1.442145, acc: 56.60, bacc: 62.65, tmp_test_f1: 51.46, f1: 58.88
epoch: 835, val_loss:1.434805, acc: 56.60, bacc: 62.65, tmp_test_f1: 51.93, f1: 58.88
epoch: 836, val_loss:1.428860, acc: 56.60, bacc: 62.65, tmp_test_f1: 52.43, f1: 58.88
epoch: 837, val_loss:1.419216, acc: 56.60, bacc: 62.65, tmp_test_f1: 52.58, f1: 58.88
epoch: 838, val_loss:1.415034, acc: 56.60, bacc: 62.65, tmp_test_f1: 52.41, f1: 58.88
epoch: 839, val_loss:1.415592, acc: 56.60, bacc: 62.65, tmp_test_f1: 52.49, f1: 58.88
epoch: 840, val_loss:1.417756, acc: 56.60, bacc: 62.65, tmp_test_f1: 52.63, f1: 58.88
epoch: 841, val_loss:1.419980, acc: 56.60, bacc: 62.65, tmp_test_f1: 52.70, f1: 58.88
epoch: 842, val_loss:1.419713, acc: 56.60, bacc: 62.65, tmp_test_f1: 52.44, f1: 58.88
epoch: 843, val_loss:1.422783, acc: 56.60, bacc: 62.65, tmp_test_f1: 52.75, f1: 58.88
epoch: 844, val_loss:1.423414, acc: 56.60, bacc: 62.65, tmp_test_f1: 52.83, f1: 58.88
GAT dgl/coraTrue 100 Aug 4 EndEpoch 844 lr 0.1
SHAsplit  0, acc: 56.60, bacc: 62.65, f1: 58.88
