cuda is not available, using CPU.
Namespace(to_undirected=True, from_SHA=True, IsDirectedData=True, AugDirect=2311, net='GCN', GPUdevice=1, seed=100, undirect_dataset='CiteSeer', Direct_dataset='dgl/cora', imb_ratio=100, dropout=0.1, num_filter=2, layer=2, alpha=0.1, K=2, feat_dim=64, warmup=5, epoch=1500, lr=0.1, l2=0.0005, tau=2, max=False, no_mask=False, gdc='ppr', heads=8, log_root='../logs/', log_path='test', data_path='../dataset/data/tmp/')
  NumNodes: 2708
  NumEdges: 5278
  NumFeats: 1433
  NumClasses: 7
  NumTrainingSamples: 140
  NumValidationSamples: 500
  NumTestSamples: 1000
Done loading data from cached files.
dict_keys(['feat', 'label', 'test_mask', 'val_mask', 'train_mask'])
Converted to undirected data
test_f1 CountNotImproved reset to 0 in epoch 0
epoch:   0, val_loss:1.945827, acc: 13.00, bacc: 14.29, tmp_test_f1: 3.29, f1: 3.29
epoch:   1, val_loss:2.198025, acc: 13.00, bacc: 14.29, tmp_test_f1: 3.29, f1: 3.29
test_f1 CountNotImproved reset to 0 in epoch 2
epoch:   2, val_loss:3.180344, acc: 19.70, bacc: 24.95, tmp_test_f1: 14.20, f1: 14.20
epoch:   3, val_loss:3.566717, acc: 19.70, bacc: 24.95, tmp_test_f1: 13.05, f1: 14.20
test_f1 CountNotImproved reset to 0 in epoch 4
epoch:   4, val_loss:3.468894, acc: 23.10, bacc: 27.98, tmp_test_f1: 20.03, f1: 20.03
test_f1 CountNotImproved reset to 0 in epoch 5
epoch:   5, val_loss:3.126514, acc: 28.50, bacc: 33.97, tmp_test_f1: 22.50, f1: 22.50
test_f1 CountNotImproved reset to 0 in epoch 6
epoch:   6, val_loss:2.789282, acc: 38.20, bacc: 40.32, tmp_test_f1: 28.63, f1: 28.63
test_f1 CountNotImproved reset to 0 in epoch 7
epoch:   7, val_loss:2.206775, acc: 42.60, bacc: 42.56, tmp_test_f1: 31.96, f1: 31.96
epoch:   8, val_loss:1.798822, acc: 42.60, bacc: 42.56, tmp_test_f1: 26.31, f1: 31.96
epoch:   9, val_loss:1.700602, acc: 42.60, bacc: 42.56, tmp_test_f1: 26.34, f1: 31.96
epoch:  10, val_loss:1.725671, acc: 42.60, bacc: 42.56, tmp_test_f1: 25.94, f1: 31.96
epoch:  11, val_loss:1.763882, acc: 42.60, bacc: 42.56, tmp_test_f1: 25.47, f1: 31.96
epoch:  12, val_loss:1.792275, acc: 42.60, bacc: 42.56, tmp_test_f1: 25.44, f1: 31.96
epoch:  13, val_loss:1.805032, acc: 42.60, bacc: 42.56, tmp_test_f1: 24.86, f1: 31.96
epoch:  14, val_loss:1.770507, acc: 42.60, bacc: 42.56, tmp_test_f1: 24.71, f1: 31.96
epoch:  15, val_loss:1.672355, acc: 42.60, bacc: 42.56, tmp_test_f1: 28.97, f1: 31.96
test_f1 CountNotImproved reset to 0 in epoch 16
epoch:  16, val_loss:1.544984, acc: 43.70, bacc: 43.75, tmp_test_f1: 33.97, f1: 33.97
test_f1 CountNotImproved reset to 0 in epoch 17
epoch:  17, val_loss:1.458198, acc: 48.50, bacc: 45.64, tmp_test_f1: 37.89, f1: 37.89
test_f1 CountNotImproved reset to 0 in epoch 18
epoch:  18, val_loss:1.400280, acc: 54.90, bacc: 49.28, tmp_test_f1: 41.24, f1: 41.24
test_f1 CountNotImproved reset to 0 in epoch 19
epoch:  19, val_loss:1.326576, acc: 59.40, bacc: 55.18, tmp_test_f1: 46.46, f1: 46.46
test_f1 CountNotImproved reset to 0 in epoch 20
epoch:  20, val_loss:1.283736, acc: 59.50, bacc: 56.41, tmp_test_f1: 48.14, f1: 48.14
epoch:  21, val_loss:1.274894, acc: 59.50, bacc: 56.41, tmp_test_f1: 47.39, f1: 48.14
epoch:  22, val_loss:1.290413, acc: 59.50, bacc: 56.41, tmp_test_f1: 44.67, f1: 48.14
test_f1 CountNotImproved reset to 0 in epoch 23
epoch:  23, val_loss:1.345920, acc: 52.20, bacc: 51.84, tmp_test_f1: 48.39, f1: 48.39
test_f1 CountNotImproved reset to 0 in epoch 24
epoch:  24, val_loss:1.314353, acc: 58.60, bacc: 58.63, tmp_test_f1: 55.44, f1: 55.44
test_f1 CountNotImproved reset to 0 in epoch 25
epoch:  25, val_loss:1.256667, acc: 62.00, bacc: 61.74, tmp_test_f1: 58.10, f1: 58.10
epoch:  26, val_loss:1.227567, acc: 62.00, bacc: 61.74, tmp_test_f1: 57.10, f1: 58.10
epoch:  27, val_loss:1.211948, acc: 62.00, bacc: 61.74, tmp_test_f1: 53.99, f1: 58.10
epoch:  28, val_loss:1.217066, acc: 62.00, bacc: 61.74, tmp_test_f1: 51.68, f1: 58.10
epoch:  29, val_loss:1.248023, acc: 62.00, bacc: 61.74, tmp_test_f1: 53.61, f1: 58.10
test_f1 CountNotImproved reset to 0 in epoch 30
epoch:  30, val_loss:1.218328, acc: 63.30, bacc: 62.47, tmp_test_f1: 58.59, f1: 58.59
test_f1 CountNotImproved reset to 0 in epoch 31
epoch:  31, val_loss:1.161401, acc: 65.40, bacc: 66.09, tmp_test_f1: 60.94, f1: 60.94
epoch:  32, val_loss:1.148110, acc: 65.40, bacc: 66.09, tmp_test_f1: 59.33, f1: 60.94
epoch:  33, val_loss:1.135358, acc: 65.40, bacc: 66.09, tmp_test_f1: 54.87, f1: 60.94
epoch:  34, val_loss:1.161075, acc: 65.40, bacc: 66.09, tmp_test_f1: 54.56, f1: 60.94
epoch:  35, val_loss:1.145387, acc: 65.40, bacc: 66.09, tmp_test_f1: 56.09, f1: 60.94
epoch:  36, val_loss:1.110237, acc: 65.40, bacc: 66.09, tmp_test_f1: 59.02, f1: 60.94
epoch:  37, val_loss:1.093466, acc: 65.40, bacc: 66.09, tmp_test_f1: 58.44, f1: 60.94
epoch:  38, val_loss:1.126372, acc: 65.40, bacc: 66.09, tmp_test_f1: 54.78, f1: 60.94
epoch:  39, val_loss:1.181616, acc: 65.40, bacc: 66.09, tmp_test_f1: 54.41, f1: 60.94
epoch:  40, val_loss:1.180840, acc: 65.40, bacc: 66.09, tmp_test_f1: 58.05, f1: 60.94
epoch:  41, val_loss:1.155011, acc: 65.40, bacc: 66.09, tmp_test_f1: 60.42, f1: 60.94
epoch:  42, val_loss:1.119564, acc: 65.40, bacc: 66.09, tmp_test_f1: 59.88, f1: 60.94
epoch:  43, val_loss:1.085194, acc: 65.40, bacc: 66.09, tmp_test_f1: 58.79, f1: 60.94
epoch:  44, val_loss:1.084364, acc: 65.40, bacc: 66.09, tmp_test_f1: 58.30, f1: 60.94
epoch:  45, val_loss:1.122131, acc: 65.40, bacc: 66.09, tmp_test_f1: 55.62, f1: 60.94
epoch:  46, val_loss:1.220446, acc: 65.40, bacc: 66.09, tmp_test_f1: 57.19, f1: 60.94
test_f1 CountNotImproved reset to 0 in epoch 47
epoch:  47, val_loss:1.211290, acc: 63.80, bacc: 62.13, tmp_test_f1: 61.05, f1: 61.05
epoch:  48, val_loss:1.144095, acc: 63.80, bacc: 62.13, tmp_test_f1: 60.27, f1: 61.05
epoch:  49, val_loss:1.129191, acc: 63.80, bacc: 62.13, tmp_test_f1: 57.56, f1: 61.05
epoch:  50, val_loss:1.129125, acc: 63.80, bacc: 62.13, tmp_test_f1: 58.69, f1: 61.05
test_f1 CountNotImproved reset to 0 in epoch 51
epoch:  51, val_loss:1.111140, acc: 67.60, bacc: 64.37, tmp_test_f1: 62.31, f1: 62.31
epoch:  52, val_loss:1.059033, acc: 67.60, bacc: 64.37, tmp_test_f1: 61.02, f1: 62.31
epoch:  53, val_loss:1.115772, acc: 67.60, bacc: 64.37, tmp_test_f1: 57.22, f1: 62.31
epoch:  54, val_loss:1.234959, acc: 67.60, bacc: 64.37, tmp_test_f1: 54.27, f1: 62.31
epoch:  55, val_loss:1.384689, acc: 67.60, bacc: 64.37, tmp_test_f1: 57.86, f1: 62.31
epoch:  56, val_loss:1.353999, acc: 67.60, bacc: 64.37, tmp_test_f1: 60.37, f1: 62.31
epoch:  57, val_loss:1.278934, acc: 67.60, bacc: 64.37, tmp_test_f1: 61.13, f1: 62.31
epoch:  58, val_loss:1.182919, acc: 67.60, bacc: 64.37, tmp_test_f1: 61.32, f1: 62.31
epoch:  59, val_loss:1.123501, acc: 67.60, bacc: 64.37, tmp_test_f1: 61.15, f1: 62.31
epoch:  60, val_loss:1.120688, acc: 67.60, bacc: 64.37, tmp_test_f1: 61.76, f1: 62.31
test_f1 CountNotImproved reset to 0 in epoch 61
epoch:  61, val_loss:1.102995, acc: 66.80, bacc: 64.33, tmp_test_f1: 62.57, f1: 62.57
epoch:  62, val_loss:1.102188, acc: 66.80, bacc: 64.33, tmp_test_f1: 60.81, f1: 62.57
epoch:  63, val_loss:1.173217, acc: 66.80, bacc: 64.33, tmp_test_f1: 61.35, f1: 62.57
epoch:  64, val_loss:1.184317, acc: 66.80, bacc: 64.33, tmp_test_f1: 61.88, f1: 62.57
epoch:  65, val_loss:1.208878, acc: 66.80, bacc: 64.33, tmp_test_f1: 61.23, f1: 62.57
epoch:  66, val_loss:1.268311, acc: 66.80, bacc: 64.33, tmp_test_f1: 59.92, f1: 62.57
epoch:  67, val_loss:1.277038, acc: 66.80, bacc: 64.33, tmp_test_f1: 61.95, f1: 62.57
epoch:  68, val_loss:1.158941, acc: 66.80, bacc: 64.33, tmp_test_f1: 62.50, f1: 62.57
test_f1 CountNotImproved reset to 0 in epoch 69
epoch:  69, val_loss:1.082960, acc: 65.70, bacc: 63.98, tmp_test_f1: 63.66, f1: 63.66
epoch:  70, val_loss:1.060037, acc: 65.70, bacc: 63.98, tmp_test_f1: 62.91, f1: 63.66
epoch:  71, val_loss:1.059090, acc: 65.70, bacc: 63.98, tmp_test_f1: 58.35, f1: 63.66
epoch:  72, val_loss:1.132129, acc: 65.70, bacc: 63.98, tmp_test_f1: 57.19, f1: 63.66
epoch:  73, val_loss:1.205045, acc: 65.70, bacc: 63.98, tmp_test_f1: 61.55, f1: 63.66
test_f1 CountNotImproved reset to 0 in epoch 74
epoch:  74, val_loss:1.102097, acc: 65.40, bacc: 64.33, tmp_test_f1: 63.69, f1: 63.69
test_f1 CountNotImproved reset to 0 in epoch 75
epoch:  75, val_loss:1.053494, acc: 64.60, bacc: 64.06, tmp_test_f1: 63.78, f1: 63.78
epoch:  76, val_loss:1.057624, acc: 64.60, bacc: 64.06, tmp_test_f1: 58.40, f1: 63.78
epoch:  77, val_loss:1.135827, acc: 64.60, bacc: 64.06, tmp_test_f1: 53.35, f1: 63.78
epoch:  78, val_loss:1.287332, acc: 64.60, bacc: 64.06, tmp_test_f1: 57.36, f1: 63.78
epoch:  79, val_loss:1.205321, acc: 64.60, bacc: 64.06, tmp_test_f1: 60.08, f1: 63.78
epoch:  80, val_loss:1.091219, acc: 64.60, bacc: 64.06, tmp_test_f1: 61.65, f1: 63.78
epoch:  81, val_loss:1.101670, acc: 64.60, bacc: 64.06, tmp_test_f1: 62.59, f1: 63.78
epoch:  82, val_loss:1.113493, acc: 64.60, bacc: 64.06, tmp_test_f1: 61.08, f1: 63.78
epoch:  83, val_loss:1.164704, acc: 64.60, bacc: 64.06, tmp_test_f1: 59.20, f1: 63.78
epoch:  84, val_loss:1.231973, acc: 64.60, bacc: 64.06, tmp_test_f1: 60.54, f1: 63.78
epoch:  85, val_loss:1.142272, acc: 64.60, bacc: 64.06, tmp_test_f1: 61.54, f1: 63.78
epoch:  86, val_loss:1.072803, acc: 64.60, bacc: 64.06, tmp_test_f1: 61.23, f1: 63.78
epoch:  87, val_loss:1.082457, acc: 64.60, bacc: 64.06, tmp_test_f1: 61.11, f1: 63.78
epoch:  88, val_loss:1.043470, acc: 64.60, bacc: 64.06, tmp_test_f1: 60.94, f1: 63.78
epoch:  89, val_loss:1.065530, acc: 64.60, bacc: 64.06, tmp_test_f1: 61.29, f1: 63.78
epoch:  90, val_loss:1.083109, acc: 64.60, bacc: 64.06, tmp_test_f1: 63.56, f1: 63.78
test_f1 CountNotImproved reset to 0 in epoch 91
epoch:  91, val_loss:1.069063, acc: 65.80, bacc: 66.32, tmp_test_f1: 64.35, f1: 64.35
test_f1 CountNotImproved reset to 0 in epoch 92
epoch:  92, val_loss:1.143322, acc: 66.10, bacc: 66.10, tmp_test_f1: 65.19, f1: 65.19
epoch:  93, val_loss:1.117120, acc: 66.10, bacc: 66.10, tmp_test_f1: 58.53, f1: 65.19
epoch:  94, val_loss:1.268028, acc: 66.10, bacc: 66.10, tmp_test_f1: 51.78, f1: 65.19
epoch:  95, val_loss:1.488901, acc: 66.10, bacc: 66.10, tmp_test_f1: 59.34, f1: 65.19
epoch:  96, val_loss:1.222773, acc: 66.10, bacc: 66.10, tmp_test_f1: 61.17, f1: 65.19
epoch:  97, val_loss:1.159751, acc: 66.10, bacc: 66.10, tmp_test_f1: 61.25, f1: 65.19
epoch:  98, val_loss:1.138587, acc: 66.10, bacc: 66.10, tmp_test_f1: 61.23, f1: 65.19
epoch:  99, val_loss:1.121614, acc: 66.10, bacc: 66.10, tmp_test_f1: 60.42, f1: 65.19
epoch: 100, val_loss:1.216956, acc: 66.10, bacc: 66.10, tmp_test_f1: 59.60, f1: 65.19
epoch: 101, val_loss:1.313575, acc: 66.10, bacc: 66.10, tmp_test_f1: 58.21, f1: 65.19
epoch: 102, val_loss:1.414793, acc: 66.10, bacc: 66.10, tmp_test_f1: 56.94, f1: 65.19
epoch: 103, val_loss:1.509039, acc: 66.10, bacc: 66.10, tmp_test_f1: 58.97, f1: 65.19
epoch: 104, val_loss:1.342395, acc: 66.10, bacc: 66.10, tmp_test_f1: 58.88, f1: 65.19
epoch: 105, val_loss:1.224228, acc: 66.10, bacc: 66.10, tmp_test_f1: 58.38, f1: 65.19
epoch: 106, val_loss:1.155172, acc: 66.10, bacc: 66.10, tmp_test_f1: 60.19, f1: 65.19
epoch: 107, val_loss:1.173675, acc: 66.10, bacc: 66.10, tmp_test_f1: 61.51, f1: 65.19
epoch: 108, val_loss:1.151760, acc: 66.10, bacc: 66.10, tmp_test_f1: 60.88, f1: 65.19
epoch: 109, val_loss:1.099421, acc: 66.10, bacc: 66.10, tmp_test_f1: 58.69, f1: 65.19
epoch: 110, val_loss:1.199945, acc: 66.10, bacc: 66.10, tmp_test_f1: 55.48, f1: 65.19
epoch: 111, val_loss:1.322256, acc: 66.10, bacc: 66.10, tmp_test_f1: 56.35, f1: 65.19
epoch: 112, val_loss:1.303339, acc: 66.10, bacc: 66.10, tmp_test_f1: 62.38, f1: 65.19
epoch: 113, val_loss:1.094677, acc: 66.10, bacc: 66.10, tmp_test_f1: 64.18, f1: 65.19
epoch: 114, val_loss:1.057514, acc: 66.10, bacc: 66.10, tmp_test_f1: 63.39, f1: 65.19
epoch: 115, val_loss:1.120273, acc: 66.10, bacc: 66.10, tmp_test_f1: 56.52, f1: 65.19
epoch: 116, val_loss:1.288003, acc: 66.10, bacc: 66.10, tmp_test_f1: 50.95, f1: 65.19
epoch: 117, val_loss:1.453558, acc: 66.10, bacc: 66.10, tmp_test_f1: 53.02, f1: 65.19
epoch: 118, val_loss:1.414575, acc: 66.10, bacc: 66.10, tmp_test_f1: 59.01, f1: 65.19
epoch: 119, val_loss:1.268041, acc: 66.10, bacc: 66.10, tmp_test_f1: 60.69, f1: 65.19
epoch: 120, val_loss:1.201242, acc: 66.10, bacc: 66.10, tmp_test_f1: 58.99, f1: 65.19
epoch: 121, val_loss:1.276518, acc: 66.10, bacc: 66.10, tmp_test_f1: 56.56, f1: 65.19
epoch: 122, val_loss:1.398430, acc: 66.10, bacc: 66.10, tmp_test_f1: 55.34, f1: 65.19
epoch: 123, val_loss:1.435395, acc: 66.10, bacc: 66.10, tmp_test_f1: 58.43, f1: 65.19
epoch: 124, val_loss:1.288733, acc: 66.10, bacc: 66.10, tmp_test_f1: 61.26, f1: 65.19
epoch: 125, val_loss:1.196765, acc: 66.10, bacc: 66.10, tmp_test_f1: 60.00, f1: 65.19
epoch: 126, val_loss:1.168639, acc: 66.10, bacc: 66.10, tmp_test_f1: 58.08, f1: 65.19
epoch: 127, val_loss:1.235284, acc: 66.10, bacc: 66.10, tmp_test_f1: 57.15, f1: 65.19
epoch: 128, val_loss:1.339142, acc: 66.10, bacc: 66.10, tmp_test_f1: 53.60, f1: 65.19
epoch: 129, val_loss:1.491057, acc: 66.10, bacc: 66.10, tmp_test_f1: 59.63, f1: 65.19
epoch: 130, val_loss:1.248273, acc: 66.10, bacc: 66.10, tmp_test_f1: 61.57, f1: 65.19
epoch: 131, val_loss:1.140884, acc: 66.10, bacc: 66.10, tmp_test_f1: 61.93, f1: 65.19
epoch: 132, val_loss:1.121481, acc: 66.10, bacc: 66.10, tmp_test_f1: 60.74, f1: 65.19
epoch: 133, val_loss:1.167531, acc: 66.10, bacc: 66.10, tmp_test_f1: 58.43, f1: 65.19
epoch: 134, val_loss:1.257022, acc: 66.10, bacc: 66.10, tmp_test_f1: 60.72, f1: 65.19
epoch: 135, val_loss:1.255917, acc: 66.10, bacc: 66.10, tmp_test_f1: 62.55, f1: 65.19
epoch: 136, val_loss:1.171033, acc: 66.10, bacc: 66.10, tmp_test_f1: 62.70, f1: 65.19
epoch: 137, val_loss:1.109024, acc: 66.10, bacc: 66.10, tmp_test_f1: 60.95, f1: 65.19
epoch: 138, val_loss:1.085819, acc: 66.10, bacc: 66.10, tmp_test_f1: 60.74, f1: 65.19
epoch: 139, val_loss:1.150053, acc: 66.10, bacc: 66.10, tmp_test_f1: 60.74, f1: 65.19
epoch: 140, val_loss:1.295364, acc: 66.10, bacc: 66.10, tmp_test_f1: 59.82, f1: 65.19
epoch: 141, val_loss:1.355664, acc: 66.10, bacc: 66.10, tmp_test_f1: 58.52, f1: 65.19
epoch: 142, val_loss:1.412838, acc: 66.10, bacc: 66.10, tmp_test_f1: 58.94, f1: 65.19
epoch: 143, val_loss:1.388081, acc: 66.10, bacc: 66.10, tmp_test_f1: 62.65, f1: 65.19
epoch: 144, val_loss:1.293615, acc: 66.10, bacc: 66.10, tmp_test_f1: 63.58, f1: 65.19
epoch: 145, val_loss:1.272699, acc: 66.10, bacc: 66.10, tmp_test_f1: 62.53, f1: 65.19
epoch: 146, val_loss:1.264468, acc: 66.10, bacc: 66.10, tmp_test_f1: 60.68, f1: 65.19
epoch: 147, val_loss:1.258852, acc: 66.10, bacc: 66.10, tmp_test_f1: 59.62, f1: 65.19
epoch: 148, val_loss:1.280948, acc: 66.10, bacc: 66.10, tmp_test_f1: 57.93, f1: 65.19
epoch: 149, val_loss:1.360076, acc: 66.10, bacc: 66.10, tmp_test_f1: 57.43, f1: 65.19
epoch: 150, val_loss:1.402884, acc: 66.10, bacc: 66.10, tmp_test_f1: 58.02, f1: 65.19
epoch: 151, val_loss:1.362421, acc: 66.10, bacc: 66.10, tmp_test_f1: 60.25, f1: 65.19
epoch: 152, val_loss:1.267941, acc: 66.10, bacc: 66.10, tmp_test_f1: 60.35, f1: 65.19
epoch: 153, val_loss:1.252923, acc: 66.10, bacc: 66.10, tmp_test_f1: 59.97, f1: 65.19
epoch: 154, val_loss:1.263695, acc: 66.10, bacc: 66.10, tmp_test_f1: 57.92, f1: 65.19
epoch: 155, val_loss:1.302504, acc: 66.10, bacc: 66.10, tmp_test_f1: 57.07, f1: 65.19
epoch: 156, val_loss:1.370712, acc: 66.10, bacc: 66.10, tmp_test_f1: 56.36, f1: 65.19
epoch: 157, val_loss:1.410172, acc: 66.10, bacc: 66.10, tmp_test_f1: 57.39, f1: 65.19
epoch: 158, val_loss:1.333407, acc: 66.10, bacc: 66.10, tmp_test_f1: 57.53, f1: 65.19
epoch: 159, val_loss:1.259163, acc: 66.10, bacc: 66.10, tmp_test_f1: 58.65, f1: 65.19
epoch: 160, val_loss:1.224438, acc: 66.10, bacc: 66.10, tmp_test_f1: 58.34, f1: 65.19
epoch: 161, val_loss:1.232214, acc: 66.10, bacc: 66.10, tmp_test_f1: 58.88, f1: 65.19
epoch: 162, val_loss:1.246399, acc: 66.10, bacc: 66.10, tmp_test_f1: 60.40, f1: 65.19
epoch: 163, val_loss:1.204920, acc: 66.10, bacc: 66.10, tmp_test_f1: 61.16, f1: 65.19
epoch: 164, val_loss:1.159019, acc: 66.10, bacc: 66.10, tmp_test_f1: 60.41, f1: 65.19
epoch: 165, val_loss:1.143562, acc: 66.10, bacc: 66.10, tmp_test_f1: 60.33, f1: 65.19
epoch: 166, val_loss:1.137286, acc: 66.10, bacc: 66.10, tmp_test_f1: 60.04, f1: 65.19
epoch: 167, val_loss:1.156173, acc: 66.10, bacc: 66.10, tmp_test_f1: 60.05, f1: 65.19
epoch: 168, val_loss:1.148964, acc: 66.10, bacc: 66.10, tmp_test_f1: 61.54, f1: 65.19
epoch: 169, val_loss:1.135401, acc: 66.10, bacc: 66.10, tmp_test_f1: 62.05, f1: 65.19
epoch: 170, val_loss:1.173999, acc: 66.10, bacc: 66.10, tmp_test_f1: 62.26, f1: 65.19
epoch: 171, val_loss:1.227930, acc: 66.10, bacc: 66.10, tmp_test_f1: 58.20, f1: 65.19
epoch: 172, val_loss:1.295667, acc: 66.10, bacc: 66.10, tmp_test_f1: 57.25, f1: 65.19
epoch: 173, val_loss:1.365342, acc: 66.10, bacc: 66.10, tmp_test_f1: 59.80, f1: 65.19
epoch: 174, val_loss:1.239778, acc: 66.10, bacc: 66.10, tmp_test_f1: 61.89, f1: 65.19
epoch: 175, val_loss:1.178625, acc: 66.10, bacc: 66.10, tmp_test_f1: 62.36, f1: 65.19
epoch: 176, val_loss:1.159159, acc: 66.10, bacc: 66.10, tmp_test_f1: 63.93, f1: 65.19
epoch: 177, val_loss:1.133506, acc: 66.10, bacc: 66.10, tmp_test_f1: 62.98, f1: 65.19
epoch: 178, val_loss:1.196582, acc: 66.10, bacc: 66.10, tmp_test_f1: 59.97, f1: 65.19
epoch: 179, val_loss:1.363187, acc: 66.10, bacc: 66.10, tmp_test_f1: 57.71, f1: 65.19
epoch: 180, val_loss:1.480825, acc: 66.10, bacc: 66.10, tmp_test_f1: 59.26, f1: 65.19
epoch: 181, val_loss:1.367101, acc: 66.10, bacc: 66.10, tmp_test_f1: 63.70, f1: 65.19
epoch: 182, val_loss:1.217072, acc: 66.10, bacc: 66.10, tmp_test_f1: 62.86, f1: 65.19
epoch: 183, val_loss:1.183734, acc: 66.10, bacc: 66.10, tmp_test_f1: 61.99, f1: 65.19
epoch: 184, val_loss:1.144139, acc: 66.10, bacc: 66.10, tmp_test_f1: 62.03, f1: 65.19
epoch: 185, val_loss:1.161034, acc: 66.10, bacc: 66.10, tmp_test_f1: 62.37, f1: 65.19
epoch: 186, val_loss:1.234380, acc: 66.10, bacc: 66.10, tmp_test_f1: 60.61, f1: 65.19
epoch: 187, val_loss:1.241984, acc: 66.10, bacc: 66.10, tmp_test_f1: 61.62, f1: 65.19
epoch: 188, val_loss:1.231611, acc: 66.10, bacc: 66.10, tmp_test_f1: 63.34, f1: 65.19
epoch: 189, val_loss:1.169901, acc: 66.10, bacc: 66.10, tmp_test_f1: 60.85, f1: 65.19
epoch: 190, val_loss:1.252921, acc: 66.10, bacc: 66.10, tmp_test_f1: 55.76, f1: 65.19
epoch: 191, val_loss:1.357038, acc: 66.10, bacc: 66.10, tmp_test_f1: 56.84, f1: 65.19
epoch: 192, val_loss:1.315341, acc: 66.10, bacc: 66.10, tmp_test_f1: 61.94, f1: 65.19
epoch: 193, val_loss:1.174339, acc: 66.10, bacc: 66.10, tmp_test_f1: 62.84, f1: 65.19
epoch: 194, val_loss:1.128347, acc: 66.10, bacc: 66.10, tmp_test_f1: 63.19, f1: 65.19
epoch: 195, val_loss:1.178787, acc: 66.10, bacc: 66.10, tmp_test_f1: 61.00, f1: 65.19
epoch: 196, val_loss:1.281129, acc: 66.10, bacc: 66.10, tmp_test_f1: 60.78, f1: 65.19
epoch: 197, val_loss:1.311600, acc: 66.10, bacc: 66.10, tmp_test_f1: 61.51, f1: 65.19
epoch: 198, val_loss:1.253174, acc: 66.10, bacc: 66.10, tmp_test_f1: 60.65, f1: 65.19
epoch: 199, val_loss:1.254662, acc: 66.10, bacc: 66.10, tmp_test_f1: 59.75, f1: 65.19
epoch: 200, val_loss:1.283844, acc: 66.10, bacc: 66.10, tmp_test_f1: 59.22, f1: 65.19
epoch: 201, val_loss:1.291584, acc: 66.10, bacc: 66.10, tmp_test_f1: 56.46, f1: 65.19
epoch: 202, val_loss:1.395901, acc: 66.10, bacc: 66.10, tmp_test_f1: 55.64, f1: 65.19
epoch: 203, val_loss:1.475006, acc: 66.10, bacc: 66.10, tmp_test_f1: 57.97, f1: 65.19
epoch: 204, val_loss:1.439410, acc: 66.10, bacc: 66.10, tmp_test_f1: 59.87, f1: 65.19
epoch: 205, val_loss:1.354275, acc: 66.10, bacc: 66.10, tmp_test_f1: 59.73, f1: 65.19
epoch: 206, val_loss:1.336817, acc: 66.10, bacc: 66.10, tmp_test_f1: 59.38, f1: 65.19
epoch: 207, val_loss:1.359252, acc: 66.10, bacc: 66.10, tmp_test_f1: 61.99, f1: 65.19
epoch: 208, val_loss:1.322218, acc: 66.10, bacc: 66.10, tmp_test_f1: 60.09, f1: 65.19
epoch: 209, val_loss:1.374550, acc: 66.10, bacc: 66.10, tmp_test_f1: 57.01, f1: 65.19
epoch: 210, val_loss:1.394167, acc: 66.10, bacc: 66.10, tmp_test_f1: 58.76, f1: 65.19
epoch: 211, val_loss:1.378693, acc: 66.10, bacc: 66.10, tmp_test_f1: 59.06, f1: 65.19
epoch: 212, val_loss:1.391714, acc: 66.10, bacc: 66.10, tmp_test_f1: 58.80, f1: 65.19
epoch: 213, val_loss:1.343501, acc: 66.10, bacc: 66.10, tmp_test_f1: 57.40, f1: 65.19
epoch: 214, val_loss:1.468548, acc: 66.10, bacc: 66.10, tmp_test_f1: 59.22, f1: 65.19
epoch: 215, val_loss:1.413514, acc: 66.10, bacc: 66.10, tmp_test_f1: 59.19, f1: 65.19
epoch: 216, val_loss:1.403794, acc: 66.10, bacc: 66.10, tmp_test_f1: 61.86, f1: 65.19
epoch: 217, val_loss:1.256324, acc: 66.10, bacc: 66.10, tmp_test_f1: 63.07, f1: 65.19
epoch: 218, val_loss:1.131048, acc: 66.10, bacc: 66.10, tmp_test_f1: 61.13, f1: 65.19
epoch: 219, val_loss:1.169982, acc: 66.10, bacc: 66.10, tmp_test_f1: 60.42, f1: 65.19
epoch: 220, val_loss:1.305357, acc: 66.10, bacc: 66.10, tmp_test_f1: 59.58, f1: 65.19
epoch: 221, val_loss:1.392131, acc: 66.10, bacc: 66.10, tmp_test_f1: 60.71, f1: 65.19
epoch: 222, val_loss:1.305813, acc: 66.10, bacc: 66.10, tmp_test_f1: 61.28, f1: 65.19
epoch: 223, val_loss:1.181405, acc: 66.10, bacc: 66.10, tmp_test_f1: 63.62, f1: 65.19
epoch: 224, val_loss:1.235064, acc: 66.10, bacc: 66.10, tmp_test_f1: 62.34, f1: 65.19
epoch: 225, val_loss:1.336516, acc: 66.10, bacc: 66.10, tmp_test_f1: 62.39, f1: 65.19
epoch: 226, val_loss:1.323668, acc: 66.10, bacc: 66.10, tmp_test_f1: 60.34, f1: 65.19
epoch: 227, val_loss:1.344915, acc: 66.10, bacc: 66.10, tmp_test_f1: 62.64, f1: 65.19
epoch: 228, val_loss:1.279362, acc: 66.10, bacc: 66.10, tmp_test_f1: 61.93, f1: 65.19
epoch: 229, val_loss:1.293599, acc: 66.10, bacc: 66.10, tmp_test_f1: 61.89, f1: 65.19
epoch: 230, val_loss:1.289205, acc: 66.10, bacc: 66.10, tmp_test_f1: 63.07, f1: 65.19
epoch: 231, val_loss:1.298054, acc: 66.10, bacc: 66.10, tmp_test_f1: 58.22, f1: 65.19
epoch: 232, val_loss:1.518088, acc: 66.10, bacc: 66.10, tmp_test_f1: 58.93, f1: 65.19
epoch: 233, val_loss:1.390409, acc: 66.10, bacc: 66.10, tmp_test_f1: 62.82, f1: 65.19
epoch: 234, val_loss:1.148513, acc: 66.10, bacc: 66.10, tmp_test_f1: 63.16, f1: 65.19
epoch: 235, val_loss:1.107879, acc: 66.10, bacc: 66.10, tmp_test_f1: 63.66, f1: 65.19
epoch: 236, val_loss:1.109520, acc: 66.10, bacc: 66.10, tmp_test_f1: 59.55, f1: 65.19
epoch: 237, val_loss:1.265136, acc: 66.10, bacc: 66.10, tmp_test_f1: 53.16, f1: 65.19
epoch: 238, val_loss:1.657058, acc: 66.10, bacc: 66.10, tmp_test_f1: 54.73, f1: 65.19
epoch: 239, val_loss:1.606012, acc: 66.10, bacc: 66.10, tmp_test_f1: 60.03, f1: 65.19
epoch: 240, val_loss:1.422790, acc: 66.10, bacc: 66.10, tmp_test_f1: 62.31, f1: 65.19
epoch: 241, val_loss:1.296406, acc: 66.10, bacc: 66.10, tmp_test_f1: 63.82, f1: 65.19
epoch: 242, val_loss:1.229242, acc: 66.10, bacc: 66.10, tmp_test_f1: 61.95, f1: 65.19
epoch: 243, val_loss:1.393423, acc: 66.10, bacc: 66.10, tmp_test_f1: 62.49, f1: 65.19
epoch: 244, val_loss:1.393504, acc: 66.10, bacc: 66.10, tmp_test_f1: 61.63, f1: 65.19
epoch: 245, val_loss:1.281705, acc: 66.10, bacc: 66.10, tmp_test_f1: 62.81, f1: 65.19
epoch: 246, val_loss:1.367977, acc: 66.10, bacc: 66.10, tmp_test_f1: 62.20, f1: 65.19
epoch: 247, val_loss:1.449677, acc: 66.10, bacc: 66.10, tmp_test_f1: 59.88, f1: 65.19
epoch: 248, val_loss:1.622322, acc: 66.10, bacc: 66.10, tmp_test_f1: 56.36, f1: 65.19
epoch: 249, val_loss:1.761844, acc: 66.10, bacc: 66.10, tmp_test_f1: 59.63, f1: 65.19
epoch: 250, val_loss:1.529720, acc: 66.10, bacc: 66.10, tmp_test_f1: 63.21, f1: 65.19
epoch: 251, val_loss:1.327666, acc: 66.10, bacc: 66.10, tmp_test_f1: 63.04, f1: 65.19
epoch: 252, val_loss:1.271556, acc: 66.10, bacc: 66.10, tmp_test_f1: 65.02, f1: 65.19
epoch: 253, val_loss:1.292727, acc: 66.10, bacc: 66.10, tmp_test_f1: 64.14, f1: 65.19
epoch: 254, val_loss:1.317580, acc: 66.10, bacc: 66.10, tmp_test_f1: 63.34, f1: 65.19
epoch: 255, val_loss:1.309025, acc: 66.10, bacc: 66.10, tmp_test_f1: 62.01, f1: 65.19
epoch: 256, val_loss:1.315343, acc: 66.10, bacc: 66.10, tmp_test_f1: 61.82, f1: 65.19
epoch: 257, val_loss:1.359853, acc: 66.10, bacc: 66.10, tmp_test_f1: 63.37, f1: 65.19
epoch: 258, val_loss:1.307240, acc: 66.10, bacc: 66.10, tmp_test_f1: 62.41, f1: 65.19
epoch: 259, val_loss:1.313566, acc: 66.10, bacc: 66.10, tmp_test_f1: 60.64, f1: 65.19
epoch: 260, val_loss:1.313802, acc: 66.10, bacc: 66.10, tmp_test_f1: 61.00, f1: 65.19
epoch: 261, val_loss:1.311419, acc: 66.10, bacc: 66.10, tmp_test_f1: 62.31, f1: 65.19
epoch: 262, val_loss:1.350528, acc: 66.10, bacc: 66.10, tmp_test_f1: 62.42, f1: 65.19
epoch: 263, val_loss:1.344765, acc: 66.10, bacc: 66.10, tmp_test_f1: 60.12, f1: 65.19
epoch: 264, val_loss:1.326019, acc: 66.10, bacc: 66.10, tmp_test_f1: 59.35, f1: 65.19
epoch: 265, val_loss:1.342432, acc: 66.10, bacc: 66.10, tmp_test_f1: 58.41, f1: 65.19
epoch: 266, val_loss:1.379870, acc: 66.10, bacc: 66.10, tmp_test_f1: 58.19, f1: 65.19
epoch: 267, val_loss:1.329988, acc: 66.10, bacc: 66.10, tmp_test_f1: 58.71, f1: 65.19
epoch: 268, val_loss:1.307221, acc: 66.10, bacc: 66.10, tmp_test_f1: 59.38, f1: 65.19
epoch: 269, val_loss:1.268325, acc: 66.10, bacc: 66.10, tmp_test_f1: 60.42, f1: 65.19
epoch: 270, val_loss:1.218997, acc: 66.10, bacc: 66.10, tmp_test_f1: 62.25, f1: 65.19
epoch: 271, val_loss:1.184887, acc: 66.10, bacc: 66.10, tmp_test_f1: 61.52, f1: 65.19
epoch: 272, val_loss:1.209613, acc: 66.10, bacc: 66.10, tmp_test_f1: 59.91, f1: 65.19
epoch: 273, val_loss:1.330450, acc: 66.10, bacc: 66.10, tmp_test_f1: 56.54, f1: 65.19
epoch: 274, val_loss:1.466635, acc: 66.10, bacc: 66.10, tmp_test_f1: 57.06, f1: 65.19
epoch: 275, val_loss:1.499701, acc: 66.10, bacc: 66.10, tmp_test_f1: 59.76, f1: 65.19
epoch: 276, val_loss:1.348546, acc: 66.10, bacc: 66.10, tmp_test_f1: 62.66, f1: 65.19
epoch: 277, val_loss:1.259548, acc: 66.10, bacc: 66.10, tmp_test_f1: 63.53, f1: 65.19
epoch: 278, val_loss:1.348215, acc: 66.10, bacc: 66.10, tmp_test_f1: 64.06, f1: 65.19
epoch: 279, val_loss:1.373262, acc: 66.10, bacc: 66.10, tmp_test_f1: 62.52, f1: 65.19
epoch: 280, val_loss:1.286428, acc: 66.10, bacc: 66.10, tmp_test_f1: 60.48, f1: 65.19
epoch: 281, val_loss:1.282198, acc: 66.10, bacc: 66.10, tmp_test_f1: 57.23, f1: 65.19
epoch: 282, val_loss:1.608457, acc: 66.10, bacc: 66.10, tmp_test_f1: 54.71, f1: 65.19
epoch: 283, val_loss:1.788123, acc: 66.10, bacc: 66.10, tmp_test_f1: 54.50, f1: 65.19
epoch: 284, val_loss:1.856043, acc: 66.10, bacc: 66.10, tmp_test_f1: 57.64, f1: 65.19
epoch: 285, val_loss:1.466733, acc: 66.10, bacc: 66.10, tmp_test_f1: 59.36, f1: 65.19
epoch: 286, val_loss:1.335763, acc: 66.10, bacc: 66.10, tmp_test_f1: 60.05, f1: 65.19
epoch: 287, val_loss:1.465609, acc: 66.10, bacc: 66.10, tmp_test_f1: 61.62, f1: 65.19
epoch: 288, val_loss:1.467461, acc: 66.10, bacc: 66.10, tmp_test_f1: 61.04, f1: 65.19
Epoch 00289: reducing learning rate of group 0 to 5.0000e-02.
Epoch 00289: reducing learning rate of group 1 to 5.0000e-02.
epoch: 289, val_loss:1.443927, acc: 66.10, bacc: 66.10, tmp_test_f1: 58.74, f1: 65.19
epoch: 290, val_loss:1.451775, acc: 66.10, bacc: 66.10, tmp_test_f1: 60.82, f1: 65.19
epoch: 291, val_loss:1.381265, acc: 66.10, bacc: 66.10, tmp_test_f1: 62.25, f1: 65.19
epoch: 292, val_loss:1.281723, acc: 66.10, bacc: 66.10, tmp_test_f1: 62.21, f1: 65.19
epoch: 293, val_loss:1.250166, acc: 66.10, bacc: 66.10, tmp_test_f1: 62.08, f1: 65.19
epoch: 294, val_loss:1.280193, acc: 66.10, bacc: 66.10, tmp_test_f1: 60.30, f1: 65.19
epoch: 295, val_loss:1.321743, acc: 66.10, bacc: 66.10, tmp_test_f1: 60.57, f1: 65.19
epoch: 296, val_loss:1.318401, acc: 66.10, bacc: 66.10, tmp_test_f1: 60.28, f1: 65.19
epoch: 297, val_loss:1.332597, acc: 66.10, bacc: 66.10, tmp_test_f1: 59.81, f1: 65.19
epoch: 298, val_loss:1.335273, acc: 66.10, bacc: 66.10, tmp_test_f1: 60.87, f1: 65.19
epoch: 299, val_loss:1.311048, acc: 66.10, bacc: 66.10, tmp_test_f1: 61.95, f1: 65.19
epoch: 300, val_loss:1.273069, acc: 66.10, bacc: 66.10, tmp_test_f1: 62.57, f1: 65.19
epoch: 301, val_loss:1.196808, acc: 66.10, bacc: 66.10, tmp_test_f1: 63.04, f1: 65.19
epoch: 302, val_loss:1.165506, acc: 66.10, bacc: 66.10, tmp_test_f1: 62.72, f1: 65.19
epoch: 303, val_loss:1.169456, acc: 66.10, bacc: 66.10, tmp_test_f1: 62.43, f1: 65.19
epoch: 304, val_loss:1.185805, acc: 66.10, bacc: 66.10, tmp_test_f1: 61.90, f1: 65.19
epoch: 305, val_loss:1.199160, acc: 66.10, bacc: 66.10, tmp_test_f1: 61.78, f1: 65.19
epoch: 306, val_loss:1.223834, acc: 66.10, bacc: 66.10, tmp_test_f1: 61.68, f1: 65.19
epoch: 307, val_loss:1.253477, acc: 66.10, bacc: 66.10, tmp_test_f1: 61.08, f1: 65.19
epoch: 308, val_loss:1.283184, acc: 66.10, bacc: 66.10, tmp_test_f1: 60.89, f1: 65.19
epoch: 309, val_loss:1.301271, acc: 66.10, bacc: 66.10, tmp_test_f1: 61.51, f1: 65.19
epoch: 310, val_loss:1.296998, acc: 66.10, bacc: 66.10, tmp_test_f1: 62.80, f1: 65.19
epoch: 311, val_loss:1.275879, acc: 66.10, bacc: 66.10, tmp_test_f1: 61.15, f1: 65.19
epoch: 312, val_loss:1.236717, acc: 66.10, bacc: 66.10, tmp_test_f1: 61.16, f1: 65.19
epoch: 313, val_loss:1.215215, acc: 66.10, bacc: 66.10, tmp_test_f1: 61.72, f1: 65.19
epoch: 314, val_loss:1.232285, acc: 66.10, bacc: 66.10, tmp_test_f1: 61.18, f1: 65.19
epoch: 315, val_loss:1.240851, acc: 66.10, bacc: 66.10, tmp_test_f1: 60.01, f1: 65.19
epoch: 316, val_loss:1.270143, acc: 66.10, bacc: 66.10, tmp_test_f1: 58.98, f1: 65.19
epoch: 317, val_loss:1.340450, acc: 66.10, bacc: 66.10, tmp_test_f1: 60.22, f1: 65.19
epoch: 318, val_loss:1.343751, acc: 66.10, bacc: 66.10, tmp_test_f1: 60.42, f1: 65.19
epoch: 319, val_loss:1.335070, acc: 66.10, bacc: 66.10, tmp_test_f1: 60.98, f1: 65.19
epoch: 320, val_loss:1.300082, acc: 66.10, bacc: 66.10, tmp_test_f1: 62.66, f1: 65.19
epoch: 321, val_loss:1.241845, acc: 66.10, bacc: 66.10, tmp_test_f1: 63.51, f1: 65.19
epoch: 322, val_loss:1.196577, acc: 66.10, bacc: 66.10, tmp_test_f1: 62.92, f1: 65.19
epoch: 323, val_loss:1.173460, acc: 66.10, bacc: 66.10, tmp_test_f1: 62.09, f1: 65.19
epoch: 324, val_loss:1.176494, acc: 66.10, bacc: 66.10, tmp_test_f1: 61.64, f1: 65.19
epoch: 325, val_loss:1.249501, acc: 66.10, bacc: 66.10, tmp_test_f1: 59.34, f1: 65.19
epoch: 326, val_loss:1.357666, acc: 66.10, bacc: 66.10, tmp_test_f1: 60.52, f1: 65.19
epoch: 327, val_loss:1.364738, acc: 66.10, bacc: 66.10, tmp_test_f1: 62.44, f1: 65.19
epoch: 328, val_loss:1.300579, acc: 66.10, bacc: 66.10, tmp_test_f1: 62.21, f1: 65.19
epoch: 329, val_loss:1.268373, acc: 66.10, bacc: 66.10, tmp_test_f1: 62.29, f1: 65.19
epoch: 330, val_loss:1.253979, acc: 66.10, bacc: 66.10, tmp_test_f1: 61.21, f1: 65.19
epoch: 331, val_loss:1.236850, acc: 66.10, bacc: 66.10, tmp_test_f1: 60.88, f1: 65.19
epoch: 332, val_loss:1.212664, acc: 66.10, bacc: 66.10, tmp_test_f1: 60.65, f1: 65.19
epoch: 333, val_loss:1.212449, acc: 66.10, bacc: 66.10, tmp_test_f1: 61.63, f1: 65.19
epoch: 334, val_loss:1.243420, acc: 66.10, bacc: 66.10, tmp_test_f1: 61.99, f1: 65.19
epoch: 335, val_loss:1.258771, acc: 66.10, bacc: 66.10, tmp_test_f1: 62.54, f1: 65.19
epoch: 336, val_loss:1.267072, acc: 66.10, bacc: 66.10, tmp_test_f1: 62.73, f1: 65.19
epoch: 337, val_loss:1.245398, acc: 66.10, bacc: 66.10, tmp_test_f1: 61.41, f1: 65.19
epoch: 338, val_loss:1.213690, acc: 66.10, bacc: 66.10, tmp_test_f1: 61.08, f1: 65.19
epoch: 339, val_loss:1.191463, acc: 66.10, bacc: 66.10, tmp_test_f1: 59.98, f1: 65.19
epoch: 340, val_loss:1.180389, acc: 66.10, bacc: 66.10, tmp_test_f1: 60.30, f1: 65.19
epoch: 341, val_loss:1.195720, acc: 66.10, bacc: 66.10, tmp_test_f1: 59.36, f1: 65.19
epoch: 342, val_loss:1.249524, acc: 66.10, bacc: 66.10, tmp_test_f1: 58.96, f1: 65.19
epoch: 343, val_loss:1.264492, acc: 66.10, bacc: 66.10, tmp_test_f1: 59.55, f1: 65.19
epoch: 344, val_loss:1.250515, acc: 66.10, bacc: 66.10, tmp_test_f1: 61.50, f1: 65.19
epoch: 345, val_loss:1.209168, acc: 66.10, bacc: 66.10, tmp_test_f1: 62.40, f1: 65.19
epoch: 346, val_loss:1.173029, acc: 66.10, bacc: 66.10, tmp_test_f1: 61.46, f1: 65.19
epoch: 347, val_loss:1.149899, acc: 66.10, bacc: 66.10, tmp_test_f1: 61.63, f1: 65.19
epoch: 348, val_loss:1.149943, acc: 66.10, bacc: 66.10, tmp_test_f1: 61.31, f1: 65.19
epoch: 349, val_loss:1.152444, acc: 66.10, bacc: 66.10, tmp_test_f1: 60.77, f1: 65.19
epoch: 350, val_loss:1.162269, acc: 66.10, bacc: 66.10, tmp_test_f1: 61.15, f1: 65.19
epoch: 351, val_loss:1.187464, acc: 66.10, bacc: 66.10, tmp_test_f1: 61.20, f1: 65.19
epoch: 352, val_loss:1.228638, acc: 66.10, bacc: 66.10, tmp_test_f1: 61.13, f1: 65.19
epoch: 353, val_loss:1.262497, acc: 66.10, bacc: 66.10, tmp_test_f1: 61.41, f1: 65.19
epoch: 354, val_loss:1.287749, acc: 66.10, bacc: 66.10, tmp_test_f1: 60.55, f1: 65.19
epoch: 355, val_loss:1.302252, acc: 66.10, bacc: 66.10, tmp_test_f1: 59.46, f1: 65.19
epoch: 356, val_loss:1.332303, acc: 66.10, bacc: 66.10, tmp_test_f1: 59.13, f1: 65.19
epoch: 357, val_loss:1.333872, acc: 66.10, bacc: 66.10, tmp_test_f1: 60.94, f1: 65.19
epoch: 358, val_loss:1.269656, acc: 66.10, bacc: 66.10, tmp_test_f1: 61.87, f1: 65.19
epoch: 359, val_loss:1.254200, acc: 66.10, bacc: 66.10, tmp_test_f1: 61.88, f1: 65.19
epoch: 360, val_loss:1.234479, acc: 66.10, bacc: 66.10, tmp_test_f1: 61.71, f1: 65.19
epoch: 361, val_loss:1.227566, acc: 66.10, bacc: 66.10, tmp_test_f1: 60.72, f1: 65.19
epoch: 362, val_loss:1.229892, acc: 66.10, bacc: 66.10, tmp_test_f1: 60.23, f1: 65.19
epoch: 363, val_loss:1.241891, acc: 66.10, bacc: 66.10, tmp_test_f1: 61.35, f1: 65.19
epoch: 364, val_loss:1.250263, acc: 66.10, bacc: 66.10, tmp_test_f1: 61.84, f1: 65.19
epoch: 365, val_loss:1.221111, acc: 66.10, bacc: 66.10, tmp_test_f1: 60.99, f1: 65.19
epoch: 366, val_loss:1.229558, acc: 66.10, bacc: 66.10, tmp_test_f1: 61.05, f1: 65.19
epoch: 367, val_loss:1.247939, acc: 66.10, bacc: 66.10, tmp_test_f1: 59.95, f1: 65.19
epoch: 368, val_loss:1.286927, acc: 66.10, bacc: 66.10, tmp_test_f1: 59.14, f1: 65.19
epoch: 369, val_loss:1.310650, acc: 66.10, bacc: 66.10, tmp_test_f1: 60.19, f1: 65.19
epoch: 370, val_loss:1.282802, acc: 66.10, bacc: 66.10, tmp_test_f1: 60.29, f1: 65.19
epoch: 371, val_loss:1.259937, acc: 66.10, bacc: 66.10, tmp_test_f1: 58.27, f1: 65.19
epoch: 372, val_loss:1.308334, acc: 66.10, bacc: 66.10, tmp_test_f1: 57.09, f1: 65.19
epoch: 373, val_loss:1.384614, acc: 66.10, bacc: 66.10, tmp_test_f1: 56.07, f1: 65.19
epoch: 374, val_loss:1.407755, acc: 66.10, bacc: 66.10, tmp_test_f1: 57.64, f1: 65.19
epoch: 375, val_loss:1.349432, acc: 66.10, bacc: 66.10, tmp_test_f1: 58.69, f1: 65.19
epoch: 376, val_loss:1.297236, acc: 66.10, bacc: 66.10, tmp_test_f1: 59.54, f1: 65.19
epoch: 377, val_loss:1.246370, acc: 66.10, bacc: 66.10, tmp_test_f1: 61.23, f1: 65.19
epoch: 378, val_loss:1.241964, acc: 66.10, bacc: 66.10, tmp_test_f1: 61.01, f1: 65.19
epoch: 379, val_loss:1.262189, acc: 66.10, bacc: 66.10, tmp_test_f1: 60.35, f1: 65.19
epoch: 380, val_loss:1.291570, acc: 66.10, bacc: 66.10, tmp_test_f1: 59.71, f1: 65.19
epoch: 381, val_loss:1.324602, acc: 66.10, bacc: 66.10, tmp_test_f1: 58.25, f1: 65.19
epoch: 382, val_loss:1.378490, acc: 66.10, bacc: 66.10, tmp_test_f1: 58.26, f1: 65.19
epoch: 383, val_loss:1.401763, acc: 66.10, bacc: 66.10, tmp_test_f1: 59.46, f1: 65.19
epoch: 384, val_loss:1.358315, acc: 66.10, bacc: 66.10, tmp_test_f1: 59.70, f1: 65.19
epoch: 385, val_loss:1.328079, acc: 66.10, bacc: 66.10, tmp_test_f1: 60.92, f1: 65.19
epoch: 386, val_loss:1.281118, acc: 66.10, bacc: 66.10, tmp_test_f1: 61.09, f1: 65.19
epoch: 387, val_loss:1.240616, acc: 66.10, bacc: 66.10, tmp_test_f1: 60.39, f1: 65.19
epoch: 388, val_loss:1.229399, acc: 66.10, bacc: 66.10, tmp_test_f1: 60.33, f1: 65.19
epoch: 389, val_loss:1.264202, acc: 66.10, bacc: 66.10, tmp_test_f1: 60.05, f1: 65.19
epoch: 390, val_loss:1.281080, acc: 66.10, bacc: 66.10, tmp_test_f1: 60.33, f1: 65.19
epoch: 391, val_loss:1.287305, acc: 66.10, bacc: 66.10, tmp_test_f1: 60.03, f1: 65.19
epoch: 392, val_loss:1.276272, acc: 66.10, bacc: 66.10, tmp_test_f1: 60.26, f1: 65.19
epoch: 393, val_loss:1.254264, acc: 66.10, bacc: 66.10, tmp_test_f1: 60.23, f1: 65.19
epoch: 394, val_loss:1.236845, acc: 66.10, bacc: 66.10, tmp_test_f1: 60.15, f1: 65.19
epoch: 395, val_loss:1.235795, acc: 66.10, bacc: 66.10, tmp_test_f1: 60.78, f1: 65.19
epoch: 396, val_loss:1.195080, acc: 66.10, bacc: 66.10, tmp_test_f1: 60.07, f1: 65.19
epoch: 397, val_loss:1.160857, acc: 66.10, bacc: 66.10, tmp_test_f1: 59.97, f1: 65.19
epoch: 398, val_loss:1.151170, acc: 66.10, bacc: 66.10, tmp_test_f1: 61.06, f1: 65.19
epoch: 399, val_loss:1.157808, acc: 66.10, bacc: 66.10, tmp_test_f1: 61.17, f1: 65.19
epoch: 400, val_loss:1.193804, acc: 66.10, bacc: 66.10, tmp_test_f1: 61.28, f1: 65.19
epoch: 401, val_loss:1.234032, acc: 66.10, bacc: 66.10, tmp_test_f1: 61.01, f1: 65.19
epoch: 402, val_loss:1.285707, acc: 66.10, bacc: 66.10, tmp_test_f1: 59.55, f1: 65.19
epoch: 403, val_loss:1.342079, acc: 66.10, bacc: 66.10, tmp_test_f1: 58.70, f1: 65.19
epoch: 404, val_loss:1.367525, acc: 66.10, bacc: 66.10, tmp_test_f1: 59.89, f1: 65.19
epoch: 405, val_loss:1.263984, acc: 66.10, bacc: 66.10, tmp_test_f1: 61.26, f1: 65.19
epoch: 406, val_loss:1.161205, acc: 66.10, bacc: 66.10, tmp_test_f1: 62.31, f1: 65.19
epoch: 407, val_loss:1.108948, acc: 66.10, bacc: 66.10, tmp_test_f1: 61.64, f1: 65.19
epoch: 408, val_loss:1.092525, acc: 66.10, bacc: 66.10, tmp_test_f1: 61.96, f1: 65.19
epoch: 409, val_loss:1.108489, acc: 66.10, bacc: 66.10, tmp_test_f1: 62.77, f1: 65.19
epoch: 410, val_loss:1.135753, acc: 66.10, bacc: 66.10, tmp_test_f1: 61.63, f1: 65.19
epoch: 411, val_loss:1.163753, acc: 66.10, bacc: 66.10, tmp_test_f1: 63.02, f1: 65.19
epoch: 412, val_loss:1.196631, acc: 66.10, bacc: 66.10, tmp_test_f1: 61.91, f1: 65.19
epoch: 413, val_loss:1.248518, acc: 66.10, bacc: 66.10, tmp_test_f1: 62.04, f1: 65.19
epoch: 414, val_loss:1.320353, acc: 66.10, bacc: 66.10, tmp_test_f1: 61.28, f1: 65.19
epoch: 415, val_loss:1.373809, acc: 66.10, bacc: 66.10, tmp_test_f1: 62.30, f1: 65.19
epoch: 416, val_loss:1.316165, acc: 66.10, bacc: 66.10, tmp_test_f1: 63.64, f1: 65.19
epoch: 417, val_loss:1.236875, acc: 66.10, bacc: 66.10, tmp_test_f1: 64.64, f1: 65.19
epoch: 418, val_loss:1.209037, acc: 66.10, bacc: 66.10, tmp_test_f1: 62.14, f1: 65.19
epoch: 419, val_loss:1.176702, acc: 66.10, bacc: 66.10, tmp_test_f1: 62.54, f1: 65.19
epoch: 420, val_loss:1.189475, acc: 66.10, bacc: 66.10, tmp_test_f1: 60.46, f1: 65.19
epoch: 421, val_loss:1.264655, acc: 66.10, bacc: 66.10, tmp_test_f1: 60.52, f1: 65.19
epoch: 422, val_loss:1.267261, acc: 66.10, bacc: 66.10, tmp_test_f1: 61.09, f1: 65.19
epoch: 423, val_loss:1.241611, acc: 66.10, bacc: 66.10, tmp_test_f1: 63.83, f1: 65.19
epoch: 424, val_loss:1.158931, acc: 66.10, bacc: 66.10, tmp_test_f1: 62.10, f1: 65.19
epoch: 425, val_loss:1.145470, acc: 66.10, bacc: 66.10, tmp_test_f1: 62.04, f1: 65.19
epoch: 426, val_loss:1.171301, acc: 66.10, bacc: 66.10, tmp_test_f1: 62.43, f1: 65.19
epoch: 427, val_loss:1.205875, acc: 66.10, bacc: 66.10, tmp_test_f1: 61.83, f1: 65.19
epoch: 428, val_loss:1.351591, acc: 66.10, bacc: 66.10, tmp_test_f1: 57.06, f1: 65.19
epoch: 429, val_loss:1.591458, acc: 66.10, bacc: 66.10, tmp_test_f1: 58.95, f1: 65.19
epoch: 430, val_loss:1.484540, acc: 66.10, bacc: 66.10, tmp_test_f1: 62.07, f1: 65.19
epoch: 431, val_loss:1.288104, acc: 66.10, bacc: 66.10, tmp_test_f1: 62.22, f1: 65.19
epoch: 432, val_loss:1.210443, acc: 66.10, bacc: 66.10, tmp_test_f1: 62.79, f1: 65.19
epoch: 433, val_loss:1.172438, acc: 66.10, bacc: 66.10, tmp_test_f1: 63.12, f1: 65.19
epoch: 434, val_loss:1.158514, acc: 66.10, bacc: 66.10, tmp_test_f1: 62.23, f1: 65.19
epoch: 435, val_loss:1.176504, acc: 66.10, bacc: 66.10, tmp_test_f1: 61.71, f1: 65.19
epoch: 436, val_loss:1.172810, acc: 66.10, bacc: 66.10, tmp_test_f1: 61.56, f1: 65.19
epoch: 437, val_loss:1.153213, acc: 66.10, bacc: 66.10, tmp_test_f1: 61.84, f1: 65.19
epoch: 438, val_loss:1.131709, acc: 66.10, bacc: 66.10, tmp_test_f1: 63.09, f1: 65.19
epoch: 439, val_loss:1.106116, acc: 66.10, bacc: 66.10, tmp_test_f1: 63.26, f1: 65.19
epoch: 440, val_loss:1.161930, acc: 66.10, bacc: 66.10, tmp_test_f1: 62.07, f1: 65.19
epoch: 441, val_loss:1.270888, acc: 66.10, bacc: 66.10, tmp_test_f1: 60.41, f1: 65.19
epoch: 442, val_loss:1.334643, acc: 66.10, bacc: 66.10, tmp_test_f1: 60.84, f1: 65.19
epoch: 443, val_loss:1.346823, acc: 66.10, bacc: 66.10, tmp_test_f1: 62.43, f1: 65.19
epoch: 444, val_loss:1.337195, acc: 66.10, bacc: 66.10, tmp_test_f1: 61.66, f1: 65.19
epoch: 445, val_loss:1.333956, acc: 66.10, bacc: 66.10, tmp_test_f1: 60.88, f1: 65.19
epoch: 446, val_loss:1.376434, acc: 66.10, bacc: 66.10, tmp_test_f1: 60.88, f1: 65.19
epoch: 447, val_loss:1.370649, acc: 66.10, bacc: 66.10, tmp_test_f1: 59.84, f1: 65.19
epoch: 448, val_loss:1.366369, acc: 66.10, bacc: 66.10, tmp_test_f1: 57.23, f1: 65.19
epoch: 449, val_loss:1.419008, acc: 66.10, bacc: 66.10, tmp_test_f1: 57.30, f1: 65.19
epoch: 450, val_loss:1.433046, acc: 66.10, bacc: 66.10, tmp_test_f1: 58.70, f1: 65.19
epoch: 451, val_loss:1.392497, acc: 66.10, bacc: 66.10, tmp_test_f1: 59.47, f1: 65.19
epoch: 452, val_loss:1.346005, acc: 66.10, bacc: 66.10, tmp_test_f1: 58.47, f1: 65.19
epoch: 453, val_loss:1.285792, acc: 66.10, bacc: 66.10, tmp_test_f1: 60.26, f1: 65.19
epoch: 454, val_loss:1.228875, acc: 66.10, bacc: 66.10, tmp_test_f1: 62.03, f1: 65.19
epoch: 455, val_loss:1.212935, acc: 66.10, bacc: 66.10, tmp_test_f1: 61.55, f1: 65.19
epoch: 456, val_loss:1.235618, acc: 66.10, bacc: 66.10, tmp_test_f1: 62.53, f1: 65.19
epoch: 457, val_loss:1.290480, acc: 66.10, bacc: 66.10, tmp_test_f1: 62.35, f1: 65.19
epoch: 458, val_loss:1.339960, acc: 66.10, bacc: 66.10, tmp_test_f1: 62.21, f1: 65.19
epoch: 459, val_loss:1.375486, acc: 66.10, bacc: 66.10, tmp_test_f1: 62.40, f1: 65.19
epoch: 460, val_loss:1.346553, acc: 66.10, bacc: 66.10, tmp_test_f1: 62.34, f1: 65.19
epoch: 461, val_loss:1.308762, acc: 66.10, bacc: 66.10, tmp_test_f1: 61.38, f1: 65.19
epoch: 462, val_loss:1.258439, acc: 66.10, bacc: 66.10, tmp_test_f1: 60.61, f1: 65.19
epoch: 463, val_loss:1.239139, acc: 66.10, bacc: 66.10, tmp_test_f1: 60.49, f1: 65.19
epoch: 464, val_loss:1.228002, acc: 66.10, bacc: 66.10, tmp_test_f1: 59.14, f1: 65.19
epoch: 465, val_loss:1.229203, acc: 66.10, bacc: 66.10, tmp_test_f1: 57.53, f1: 65.19
epoch: 466, val_loss:1.227389, acc: 66.10, bacc: 66.10, tmp_test_f1: 57.52, f1: 65.19
epoch: 467, val_loss:1.301561, acc: 66.10, bacc: 66.10, tmp_test_f1: 55.95, f1: 65.19
epoch: 468, val_loss:1.422916, acc: 66.10, bacc: 66.10, tmp_test_f1: 55.55, f1: 65.19
epoch: 469, val_loss:1.501411, acc: 66.10, bacc: 66.10, tmp_test_f1: 56.12, f1: 65.19
epoch: 470, val_loss:1.506774, acc: 66.10, bacc: 66.10, tmp_test_f1: 57.75, f1: 65.19
epoch: 471, val_loss:1.417994, acc: 66.10, bacc: 66.10, tmp_test_f1: 57.90, f1: 65.19
epoch: 472, val_loss:1.373459, acc: 66.10, bacc: 66.10, tmp_test_f1: 58.49, f1: 65.19
epoch: 473, val_loss:1.338577, acc: 66.10, bacc: 66.10, tmp_test_f1: 59.45, f1: 65.19
epoch: 474, val_loss:1.308535, acc: 66.10, bacc: 66.10, tmp_test_f1: 59.69, f1: 65.19
epoch: 475, val_loss:1.279611, acc: 66.10, bacc: 66.10, tmp_test_f1: 58.79, f1: 65.19
epoch: 476, val_loss:1.265577, acc: 66.10, bacc: 66.10, tmp_test_f1: 59.17, f1: 65.19
epoch: 477, val_loss:1.272506, acc: 66.10, bacc: 66.10, tmp_test_f1: 60.99, f1: 65.19
epoch: 478, val_loss:1.252516, acc: 66.10, bacc: 66.10, tmp_test_f1: 62.35, f1: 65.19
epoch: 479, val_loss:1.229488, acc: 66.10, bacc: 66.10, tmp_test_f1: 62.15, f1: 65.19
epoch: 480, val_loss:1.249031, acc: 66.10, bacc: 66.10, tmp_test_f1: 61.58, f1: 65.19
epoch: 481, val_loss:1.302728, acc: 66.10, bacc: 66.10, tmp_test_f1: 60.45, f1: 65.19
epoch: 482, val_loss:1.348684, acc: 66.10, bacc: 66.10, tmp_test_f1: 59.50, f1: 65.19
epoch: 483, val_loss:1.362865, acc: 66.10, bacc: 66.10, tmp_test_f1: 59.63, f1: 65.19
epoch: 484, val_loss:1.322590, acc: 66.10, bacc: 66.10, tmp_test_f1: 60.53, f1: 65.19
epoch: 485, val_loss:1.279307, acc: 66.10, bacc: 66.10, tmp_test_f1: 61.44, f1: 65.19
epoch: 486, val_loss:1.268916, acc: 66.10, bacc: 66.10, tmp_test_f1: 59.86, f1: 65.19
epoch: 487, val_loss:1.301362, acc: 66.10, bacc: 66.10, tmp_test_f1: 59.47, f1: 65.19
epoch: 488, val_loss:1.337634, acc: 66.10, bacc: 66.10, tmp_test_f1: 59.73, f1: 65.19
epoch: 489, val_loss:1.265660, acc: 66.10, bacc: 66.10, tmp_test_f1: 60.89, f1: 65.19
Epoch 00490: reducing learning rate of group 0 to 2.5000e-02.
Epoch 00490: reducing learning rate of group 1 to 2.5000e-02.
epoch: 490, val_loss:1.210236, acc: 66.10, bacc: 66.10, tmp_test_f1: 61.44, f1: 65.19
epoch: 491, val_loss:1.205221, acc: 66.10, bacc: 66.10, tmp_test_f1: 62.42, f1: 65.19
epoch: 492, val_loss:1.203026, acc: 66.10, bacc: 66.10, tmp_test_f1: 62.62, f1: 65.19
epoch: 493, val_loss:1.208647, acc: 66.10, bacc: 66.10, tmp_test_f1: 63.77, f1: 65.19
epoch: 494, val_loss:1.215128, acc: 66.10, bacc: 66.10, tmp_test_f1: 63.71, f1: 65.19
epoch: 495, val_loss:1.225093, acc: 66.10, bacc: 66.10, tmp_test_f1: 63.55, f1: 65.19
epoch: 496, val_loss:1.221822, acc: 66.10, bacc: 66.10, tmp_test_f1: 62.83, f1: 65.19
epoch: 497, val_loss:1.212390, acc: 66.10, bacc: 66.10, tmp_test_f1: 62.63, f1: 65.19
epoch: 498, val_loss:1.193817, acc: 66.10, bacc: 66.10, tmp_test_f1: 63.39, f1: 65.19
epoch: 499, val_loss:1.183639, acc: 66.10, bacc: 66.10, tmp_test_f1: 63.18, f1: 65.19
epoch: 500, val_loss:1.177636, acc: 66.10, bacc: 66.10, tmp_test_f1: 62.93, f1: 65.19
epoch: 501, val_loss:1.170655, acc: 66.10, bacc: 66.10, tmp_test_f1: 63.01, f1: 65.19
epoch: 502, val_loss:1.171344, acc: 66.10, bacc: 66.10, tmp_test_f1: 63.21, f1: 65.19
epoch: 503, val_loss:1.179450, acc: 66.10, bacc: 66.10, tmp_test_f1: 62.08, f1: 65.19
epoch: 504, val_loss:1.200096, acc: 66.10, bacc: 66.10, tmp_test_f1: 61.76, f1: 65.19
epoch: 505, val_loss:1.232623, acc: 66.10, bacc: 66.10, tmp_test_f1: 61.75, f1: 65.19
epoch: 506, val_loss:1.239770, acc: 66.10, bacc: 66.10, tmp_test_f1: 62.25, f1: 65.19
epoch: 507, val_loss:1.238911, acc: 66.10, bacc: 66.10, tmp_test_f1: 62.33, f1: 65.19
epoch: 508, val_loss:1.232092, acc: 66.10, bacc: 66.10, tmp_test_f1: 62.29, f1: 65.19
epoch: 509, val_loss:1.227300, acc: 66.10, bacc: 66.10, tmp_test_f1: 61.92, f1: 65.19
epoch: 510, val_loss:1.230400, acc: 66.10, bacc: 66.10, tmp_test_f1: 62.03, f1: 65.19
epoch: 511, val_loss:1.232244, acc: 66.10, bacc: 66.10, tmp_test_f1: 62.25, f1: 65.19
epoch: 512, val_loss:1.219224, acc: 66.10, bacc: 66.10, tmp_test_f1: 62.68, f1: 65.19
epoch: 513, val_loss:1.209991, acc: 66.10, bacc: 66.10, tmp_test_f1: 62.68, f1: 65.19
epoch: 514, val_loss:1.210539, acc: 66.10, bacc: 66.10, tmp_test_f1: 62.70, f1: 65.19
epoch: 515, val_loss:1.202435, acc: 66.10, bacc: 66.10, tmp_test_f1: 63.15, f1: 65.19
epoch: 516, val_loss:1.201993, acc: 66.10, bacc: 66.10, tmp_test_f1: 63.56, f1: 65.19
epoch: 517, val_loss:1.204182, acc: 66.10, bacc: 66.10, tmp_test_f1: 63.11, f1: 65.19
epoch: 518, val_loss:1.204387, acc: 66.10, bacc: 66.10, tmp_test_f1: 63.50, f1: 65.19
epoch: 519, val_loss:1.199794, acc: 66.10, bacc: 66.10, tmp_test_f1: 63.52, f1: 65.19
epoch: 520, val_loss:1.202856, acc: 66.10, bacc: 66.10, tmp_test_f1: 63.16, f1: 65.19
epoch: 521, val_loss:1.204936, acc: 66.10, bacc: 66.10, tmp_test_f1: 62.84, f1: 65.19
epoch: 522, val_loss:1.206618, acc: 66.10, bacc: 66.10, tmp_test_f1: 62.58, f1: 65.19
epoch: 523, val_loss:1.202907, acc: 66.10, bacc: 66.10, tmp_test_f1: 62.80, f1: 65.19
epoch: 524, val_loss:1.205757, acc: 66.10, bacc: 66.10, tmp_test_f1: 62.24, f1: 65.19
epoch: 525, val_loss:1.212816, acc: 66.10, bacc: 66.10, tmp_test_f1: 62.41, f1: 65.19
epoch: 526, val_loss:1.216482, acc: 66.10, bacc: 66.10, tmp_test_f1: 61.80, f1: 65.19
epoch: 527, val_loss:1.238654, acc: 66.10, bacc: 66.10, tmp_test_f1: 61.55, f1: 65.19
epoch: 528, val_loss:1.270428, acc: 66.10, bacc: 66.10, tmp_test_f1: 61.70, f1: 65.19
epoch: 529, val_loss:1.272364, acc: 66.10, bacc: 66.10, tmp_test_f1: 61.96, f1: 65.19
epoch: 530, val_loss:1.297114, acc: 66.10, bacc: 66.10, tmp_test_f1: 61.68, f1: 65.19
epoch: 531, val_loss:1.323702, acc: 66.10, bacc: 66.10, tmp_test_f1: 61.18, f1: 65.19
epoch: 532, val_loss:1.368769, acc: 66.10, bacc: 66.10, tmp_test_f1: 60.60, f1: 65.19
epoch: 533, val_loss:1.390303, acc: 66.10, bacc: 66.10, tmp_test_f1: 61.28, f1: 65.19
epoch: 534, val_loss:1.379232, acc: 66.10, bacc: 66.10, tmp_test_f1: 61.17, f1: 65.19
epoch: 535, val_loss:1.336215, acc: 66.10, bacc: 66.10, tmp_test_f1: 62.04, f1: 65.19
epoch: 536, val_loss:1.230574, acc: 66.10, bacc: 66.10, tmp_test_f1: 62.67, f1: 65.19
epoch: 537, val_loss:1.170285, acc: 66.10, bacc: 66.10, tmp_test_f1: 62.68, f1: 65.19
epoch: 538, val_loss:1.139356, acc: 66.10, bacc: 66.10, tmp_test_f1: 62.59, f1: 65.19
epoch: 539, val_loss:1.131053, acc: 66.10, bacc: 66.10, tmp_test_f1: 63.04, f1: 65.19
epoch: 540, val_loss:1.134429, acc: 66.10, bacc: 66.10, tmp_test_f1: 63.29, f1: 65.19
epoch: 541, val_loss:1.137781, acc: 66.10, bacc: 66.10, tmp_test_f1: 63.10, f1: 65.19
epoch: 542, val_loss:1.138921, acc: 66.10, bacc: 66.10, tmp_test_f1: 62.87, f1: 65.19
epoch: 543, val_loss:1.145352, acc: 66.10, bacc: 66.10, tmp_test_f1: 62.47, f1: 65.19
epoch: 544, val_loss:1.162149, acc: 66.10, bacc: 66.10, tmp_test_f1: 62.47, f1: 65.19
epoch: 545, val_loss:1.180286, acc: 66.10, bacc: 66.10, tmp_test_f1: 61.60, f1: 65.19
epoch: 546, val_loss:1.193294, acc: 66.10, bacc: 66.10, tmp_test_f1: 61.44, f1: 65.19
epoch: 547, val_loss:1.205786, acc: 66.10, bacc: 66.10, tmp_test_f1: 61.75, f1: 65.19
epoch: 548, val_loss:1.209175, acc: 66.10, bacc: 66.10, tmp_test_f1: 62.02, f1: 65.19
epoch: 549, val_loss:1.209620, acc: 66.10, bacc: 66.10, tmp_test_f1: 62.47, f1: 65.19
epoch: 550, val_loss:1.200108, acc: 66.10, bacc: 66.10, tmp_test_f1: 62.59, f1: 65.19
epoch: 551, val_loss:1.200001, acc: 66.10, bacc: 66.10, tmp_test_f1: 61.98, f1: 65.19
epoch: 552, val_loss:1.192276, acc: 66.10, bacc: 66.10, tmp_test_f1: 62.53, f1: 65.19
epoch: 553, val_loss:1.186002, acc: 66.10, bacc: 66.10, tmp_test_f1: 62.45, f1: 65.19
epoch: 554, val_loss:1.185268, acc: 66.10, bacc: 66.10, tmp_test_f1: 63.03, f1: 65.19
epoch: 555, val_loss:1.178789, acc: 66.10, bacc: 66.10, tmp_test_f1: 62.88, f1: 65.19
epoch: 556, val_loss:1.181495, acc: 66.10, bacc: 66.10, tmp_test_f1: 63.24, f1: 65.19
epoch: 557, val_loss:1.184952, acc: 66.10, bacc: 66.10, tmp_test_f1: 63.35, f1: 65.19
epoch: 558, val_loss:1.197894, acc: 66.10, bacc: 66.10, tmp_test_f1: 62.15, f1: 65.19
epoch: 559, val_loss:1.212814, acc: 66.10, bacc: 66.10, tmp_test_f1: 61.89, f1: 65.19
epoch: 560, val_loss:1.236667, acc: 66.10, bacc: 66.10, tmp_test_f1: 61.27, f1: 65.19
epoch: 561, val_loss:1.251059, acc: 66.10, bacc: 66.10, tmp_test_f1: 60.15, f1: 65.19
epoch: 562, val_loss:1.253460, acc: 66.10, bacc: 66.10, tmp_test_f1: 60.12, f1: 65.19
epoch: 563, val_loss:1.259482, acc: 66.10, bacc: 66.10, tmp_test_f1: 58.90, f1: 65.19
epoch: 564, val_loss:1.243668, acc: 66.10, bacc: 66.10, tmp_test_f1: 58.37, f1: 65.19
epoch: 565, val_loss:1.234674, acc: 66.10, bacc: 66.10, tmp_test_f1: 57.85, f1: 65.19
epoch: 566, val_loss:1.224587, acc: 66.10, bacc: 66.10, tmp_test_f1: 58.45, f1: 65.19
epoch: 567, val_loss:1.212857, acc: 66.10, bacc: 66.10, tmp_test_f1: 59.47, f1: 65.19
epoch: 568, val_loss:1.213943, acc: 66.10, bacc: 66.10, tmp_test_f1: 60.48, f1: 65.19
epoch: 569, val_loss:1.234261, acc: 66.10, bacc: 66.10, tmp_test_f1: 60.81, f1: 65.19
epoch: 570, val_loss:1.268036, acc: 66.10, bacc: 66.10, tmp_test_f1: 62.16, f1: 65.19
epoch: 571, val_loss:1.252267, acc: 66.10, bacc: 66.10, tmp_test_f1: 62.61, f1: 65.19
epoch: 572, val_loss:1.239975, acc: 66.10, bacc: 66.10, tmp_test_f1: 62.45, f1: 65.19
epoch: 573, val_loss:1.220098, acc: 66.10, bacc: 66.10, tmp_test_f1: 61.63, f1: 65.19
epoch: 574, val_loss:1.204713, acc: 66.10, bacc: 66.10, tmp_test_f1: 61.84, f1: 65.19
epoch: 575, val_loss:1.194203, acc: 66.10, bacc: 66.10, tmp_test_f1: 61.93, f1: 65.19
epoch: 576, val_loss:1.201675, acc: 66.10, bacc: 66.10, tmp_test_f1: 62.24, f1: 65.19
epoch: 577, val_loss:1.213730, acc: 66.10, bacc: 66.10, tmp_test_f1: 62.66, f1: 65.19
epoch: 578, val_loss:1.230214, acc: 66.10, bacc: 66.10, tmp_test_f1: 62.90, f1: 65.19
epoch: 579, val_loss:1.228191, acc: 66.10, bacc: 66.10, tmp_test_f1: 63.13, f1: 65.19
epoch: 580, val_loss:1.203872, acc: 66.10, bacc: 66.10, tmp_test_f1: 63.34, f1: 65.19
epoch: 581, val_loss:1.191178, acc: 66.10, bacc: 66.10, tmp_test_f1: 62.31, f1: 65.19
epoch: 582, val_loss:1.186735, acc: 66.10, bacc: 66.10, tmp_test_f1: 61.76, f1: 65.19
epoch: 583, val_loss:1.202502, acc: 66.10, bacc: 66.10, tmp_test_f1: 61.93, f1: 65.19
epoch: 584, val_loss:1.229802, acc: 66.10, bacc: 66.10, tmp_test_f1: 60.56, f1: 65.19
epoch: 585, val_loss:1.266304, acc: 66.10, bacc: 66.10, tmp_test_f1: 60.01, f1: 65.19
epoch: 586, val_loss:1.298693, acc: 66.10, bacc: 66.10, tmp_test_f1: 60.09, f1: 65.19
epoch: 587, val_loss:1.311813, acc: 66.10, bacc: 66.10, tmp_test_f1: 59.97, f1: 65.19
epoch: 588, val_loss:1.306773, acc: 66.10, bacc: 66.10, tmp_test_f1: 60.66, f1: 65.19
epoch: 589, val_loss:1.275849, acc: 66.10, bacc: 66.10, tmp_test_f1: 60.85, f1: 65.19
epoch: 590, val_loss:1.230652, acc: 66.10, bacc: 66.10, tmp_test_f1: 61.29, f1: 65.19
epoch: 591, val_loss:1.219186, acc: 66.10, bacc: 66.10, tmp_test_f1: 60.63, f1: 65.19
epoch: 592, val_loss:1.225880, acc: 66.10, bacc: 66.10, tmp_test_f1: 59.89, f1: 65.19
epoch: 593, val_loss:1.226710, acc: 66.10, bacc: 66.10, tmp_test_f1: 60.65, f1: 65.19
epoch: 594, val_loss:1.213219, acc: 66.10, bacc: 66.10, tmp_test_f1: 61.46, f1: 65.19
epoch: 595, val_loss:1.202153, acc: 66.10, bacc: 66.10, tmp_test_f1: 61.77, f1: 65.19
epoch: 596, val_loss:1.197001, acc: 66.10, bacc: 66.10, tmp_test_f1: 61.75, f1: 65.19
epoch: 597, val_loss:1.208106, acc: 66.10, bacc: 66.10, tmp_test_f1: 61.88, f1: 65.19
epoch: 598, val_loss:1.227435, acc: 66.10, bacc: 66.10, tmp_test_f1: 61.35, f1: 65.19
epoch: 599, val_loss:1.261994, acc: 66.10, bacc: 66.10, tmp_test_f1: 61.36, f1: 65.19
epoch: 600, val_loss:1.306616, acc: 66.10, bacc: 66.10, tmp_test_f1: 61.87, f1: 65.19
epoch: 601, val_loss:1.291793, acc: 66.10, bacc: 66.10, tmp_test_f1: 61.95, f1: 65.19
epoch: 602, val_loss:1.279892, acc: 66.10, bacc: 66.10, tmp_test_f1: 62.46, f1: 65.19
epoch: 603, val_loss:1.271557, acc: 66.10, bacc: 66.10, tmp_test_f1: 62.42, f1: 65.19
epoch: 604, val_loss:1.266018, acc: 66.10, bacc: 66.10, tmp_test_f1: 62.07, f1: 65.19
epoch: 605, val_loss:1.251960, acc: 66.10, bacc: 66.10, tmp_test_f1: 62.41, f1: 65.19
epoch: 606, val_loss:1.239633, acc: 66.10, bacc: 66.10, tmp_test_f1: 62.02, f1: 65.19
epoch: 607, val_loss:1.219280, acc: 66.10, bacc: 66.10, tmp_test_f1: 62.06, f1: 65.19
epoch: 608, val_loss:1.205398, acc: 66.10, bacc: 66.10, tmp_test_f1: 61.65, f1: 65.19
epoch: 609, val_loss:1.197486, acc: 66.10, bacc: 66.10, tmp_test_f1: 61.64, f1: 65.19
epoch: 610, val_loss:1.205538, acc: 66.10, bacc: 66.10, tmp_test_f1: 61.74, f1: 65.19
epoch: 611, val_loss:1.219906, acc: 66.10, bacc: 66.10, tmp_test_f1: 61.16, f1: 65.19
epoch: 612, val_loss:1.252992, acc: 66.10, bacc: 66.10, tmp_test_f1: 61.23, f1: 65.19
epoch: 613, val_loss:1.276897, acc: 66.10, bacc: 66.10, tmp_test_f1: 60.85, f1: 65.19
epoch: 614, val_loss:1.297366, acc: 66.10, bacc: 66.10, tmp_test_f1: 61.34, f1: 65.19
epoch: 615, val_loss:1.291627, acc: 66.10, bacc: 66.10, tmp_test_f1: 61.05, f1: 65.19
epoch: 616, val_loss:1.298709, acc: 66.10, bacc: 66.10, tmp_test_f1: 59.94, f1: 65.19
epoch: 617, val_loss:1.315975, acc: 66.10, bacc: 66.10, tmp_test_f1: 60.00, f1: 65.19
epoch: 618, val_loss:1.318793, acc: 66.10, bacc: 66.10, tmp_test_f1: 59.99, f1: 65.19
epoch: 619, val_loss:1.311226, acc: 66.10, bacc: 66.10, tmp_test_f1: 59.85, f1: 65.19
epoch: 620, val_loss:1.295839, acc: 66.10, bacc: 66.10, tmp_test_f1: 59.91, f1: 65.19
epoch: 621, val_loss:1.283056, acc: 66.10, bacc: 66.10, tmp_test_f1: 60.79, f1: 65.19
epoch: 622, val_loss:1.275920, acc: 66.10, bacc: 66.10, tmp_test_f1: 61.32, f1: 65.19
epoch: 623, val_loss:1.270100, acc: 66.10, bacc: 66.10, tmp_test_f1: 61.11, f1: 65.19
epoch: 624, val_loss:1.256028, acc: 66.10, bacc: 66.10, tmp_test_f1: 60.29, f1: 65.19
epoch: 625, val_loss:1.248788, acc: 66.10, bacc: 66.10, tmp_test_f1: 60.02, f1: 65.19
epoch: 626, val_loss:1.244918, acc: 66.10, bacc: 66.10, tmp_test_f1: 60.44, f1: 65.19
epoch: 627, val_loss:1.241580, acc: 66.10, bacc: 66.10, tmp_test_f1: 60.83, f1: 65.19
epoch: 628, val_loss:1.237393, acc: 66.10, bacc: 66.10, tmp_test_f1: 60.97, f1: 65.19
epoch: 629, val_loss:1.235324, acc: 66.10, bacc: 66.10, tmp_test_f1: 61.13, f1: 65.19
epoch: 630, val_loss:1.231328, acc: 66.10, bacc: 66.10, tmp_test_f1: 61.31, f1: 65.19
epoch: 631, val_loss:1.233679, acc: 66.10, bacc: 66.10, tmp_test_f1: 62.11, f1: 65.19
epoch: 632, val_loss:1.244828, acc: 66.10, bacc: 66.10, tmp_test_f1: 61.56, f1: 65.19
epoch: 633, val_loss:1.256003, acc: 66.10, bacc: 66.10, tmp_test_f1: 61.04, f1: 65.19
epoch: 634, val_loss:1.260424, acc: 66.10, bacc: 66.10, tmp_test_f1: 61.61, f1: 65.19
epoch: 635, val_loss:1.264075, acc: 66.10, bacc: 66.10, tmp_test_f1: 60.91, f1: 65.19
epoch: 636, val_loss:1.280456, acc: 66.10, bacc: 66.10, tmp_test_f1: 61.99, f1: 65.19
epoch: 637, val_loss:1.283188, acc: 66.10, bacc: 66.10, tmp_test_f1: 62.39, f1: 65.19
epoch: 638, val_loss:1.265674, acc: 66.10, bacc: 66.10, tmp_test_f1: 62.33, f1: 65.19
epoch: 639, val_loss:1.231002, acc: 66.10, bacc: 66.10, tmp_test_f1: 62.73, f1: 65.19
epoch: 640, val_loss:1.214382, acc: 66.10, bacc: 66.10, tmp_test_f1: 62.67, f1: 65.19
epoch: 641, val_loss:1.209389, acc: 66.10, bacc: 66.10, tmp_test_f1: 62.61, f1: 65.19
epoch: 642, val_loss:1.200893, acc: 66.10, bacc: 66.10, tmp_test_f1: 62.52, f1: 65.19
epoch: 643, val_loss:1.197487, acc: 66.10, bacc: 66.10, tmp_test_f1: 62.51, f1: 65.19
epoch: 644, val_loss:1.192783, acc: 66.10, bacc: 66.10, tmp_test_f1: 62.58, f1: 65.19
epoch: 645, val_loss:1.188478, acc: 66.10, bacc: 66.10, tmp_test_f1: 62.83, f1: 65.19
epoch: 646, val_loss:1.178770, acc: 66.10, bacc: 66.10, tmp_test_f1: 63.14, f1: 65.19
epoch: 647, val_loss:1.180020, acc: 66.10, bacc: 66.10, tmp_test_f1: 63.40, f1: 65.19
epoch: 648, val_loss:1.195971, acc: 66.10, bacc: 66.10, tmp_test_f1: 63.02, f1: 65.19
epoch: 649, val_loss:1.224524, acc: 66.10, bacc: 66.10, tmp_test_f1: 63.16, f1: 65.19
epoch: 650, val_loss:1.249691, acc: 66.10, bacc: 66.10, tmp_test_f1: 62.53, f1: 65.19
epoch: 651, val_loss:1.288404, acc: 66.10, bacc: 66.10, tmp_test_f1: 61.90, f1: 65.19
epoch: 652, val_loss:1.324259, acc: 66.10, bacc: 66.10, tmp_test_f1: 62.10, f1: 65.19
epoch: 653, val_loss:1.322985, acc: 66.10, bacc: 66.10, tmp_test_f1: 63.09, f1: 65.19
epoch: 654, val_loss:1.292941, acc: 66.10, bacc: 66.10, tmp_test_f1: 62.84, f1: 65.19
epoch: 655, val_loss:1.284095, acc: 66.10, bacc: 66.10, tmp_test_f1: 62.70, f1: 65.19
epoch: 656, val_loss:1.263236, acc: 66.10, bacc: 66.10, tmp_test_f1: 62.71, f1: 65.19
epoch: 657, val_loss:1.240726, acc: 66.10, bacc: 66.10, tmp_test_f1: 62.31, f1: 65.19
epoch: 658, val_loss:1.223264, acc: 66.10, bacc: 66.10, tmp_test_f1: 61.25, f1: 65.19
epoch: 659, val_loss:1.218669, acc: 66.10, bacc: 66.10, tmp_test_f1: 60.35, f1: 65.19
epoch: 660, val_loss:1.212349, acc: 66.10, bacc: 66.10, tmp_test_f1: 60.40, f1: 65.19
epoch: 661, val_loss:1.226245, acc: 66.10, bacc: 66.10, tmp_test_f1: 60.52, f1: 65.19
epoch: 662, val_loss:1.219468, acc: 66.10, bacc: 66.10, tmp_test_f1: 61.04, f1: 65.19
epoch: 663, val_loss:1.207342, acc: 66.10, bacc: 66.10, tmp_test_f1: 61.23, f1: 65.19
epoch: 664, val_loss:1.194555, acc: 66.10, bacc: 66.10, tmp_test_f1: 61.58, f1: 65.19
epoch: 665, val_loss:1.193104, acc: 66.10, bacc: 66.10, tmp_test_f1: 62.01, f1: 65.19
epoch: 666, val_loss:1.192250, acc: 66.10, bacc: 66.10, tmp_test_f1: 61.92, f1: 65.19
epoch: 667, val_loss:1.181400, acc: 66.10, bacc: 66.10, tmp_test_f1: 61.65, f1: 65.19
epoch: 668, val_loss:1.184330, acc: 66.10, bacc: 66.10, tmp_test_f1: 61.78, f1: 65.19
epoch: 669, val_loss:1.201830, acc: 66.10, bacc: 66.10, tmp_test_f1: 61.09, f1: 65.19
epoch: 670, val_loss:1.199035, acc: 66.10, bacc: 66.10, tmp_test_f1: 60.88, f1: 65.19
epoch: 671, val_loss:1.203344, acc: 66.10, bacc: 66.10, tmp_test_f1: 60.37, f1: 65.19
epoch: 672, val_loss:1.200299, acc: 66.10, bacc: 66.10, tmp_test_f1: 61.71, f1: 65.19
epoch: 673, val_loss:1.201617, acc: 66.10, bacc: 66.10, tmp_test_f1: 62.14, f1: 65.19
epoch: 674, val_loss:1.187591, acc: 66.10, bacc: 66.10, tmp_test_f1: 62.67, f1: 65.19
epoch: 675, val_loss:1.175163, acc: 66.10, bacc: 66.10, tmp_test_f1: 63.57, f1: 65.19
epoch: 676, val_loss:1.187381, acc: 66.10, bacc: 66.10, tmp_test_f1: 62.86, f1: 65.19
epoch: 677, val_loss:1.204535, acc: 66.10, bacc: 66.10, tmp_test_f1: 62.15, f1: 65.19
epoch: 678, val_loss:1.219470, acc: 66.10, bacc: 66.10, tmp_test_f1: 62.94, f1: 65.19
epoch: 679, val_loss:1.193931, acc: 66.10, bacc: 66.10, tmp_test_f1: 63.37, f1: 65.19
epoch: 680, val_loss:1.170665, acc: 66.10, bacc: 66.10, tmp_test_f1: 62.78, f1: 65.19
epoch: 681, val_loss:1.151992, acc: 66.10, bacc: 66.10, tmp_test_f1: 61.87, f1: 65.19
epoch: 682, val_loss:1.144946, acc: 66.10, bacc: 66.10, tmp_test_f1: 62.34, f1: 65.19
epoch: 683, val_loss:1.153828, acc: 66.10, bacc: 66.10, tmp_test_f1: 61.25, f1: 65.19
epoch: 684, val_loss:1.175300, acc: 66.10, bacc: 66.10, tmp_test_f1: 60.34, f1: 65.19
epoch: 685, val_loss:1.219118, acc: 66.10, bacc: 66.10, tmp_test_f1: 60.56, f1: 65.19
epoch: 686, val_loss:1.239222, acc: 66.10, bacc: 66.10, tmp_test_f1: 60.41, f1: 65.19
epoch: 687, val_loss:1.239428, acc: 66.10, bacc: 66.10, tmp_test_f1: 61.01, f1: 65.19
epoch: 688, val_loss:1.248392, acc: 66.10, bacc: 66.10, tmp_test_f1: 60.35, f1: 65.19
epoch: 689, val_loss:1.238454, acc: 66.10, bacc: 66.10, tmp_test_f1: 60.59, f1: 65.19
epoch: 690, val_loss:1.233934, acc: 66.10, bacc: 66.10, tmp_test_f1: 62.37, f1: 65.19
Epoch 00691: reducing learning rate of group 0 to 1.2500e-02.
Epoch 00691: reducing learning rate of group 1 to 1.2500e-02.
epoch: 691, val_loss:1.221952, acc: 66.10, bacc: 66.10, tmp_test_f1: 62.74, f1: 65.19
epoch: 692, val_loss:1.194968, acc: 66.10, bacc: 66.10, tmp_test_f1: 63.52, f1: 65.19
epoch: 693, val_loss:1.171278, acc: 66.10, bacc: 66.10, tmp_test_f1: 63.43, f1: 65.19
epoch: 694, val_loss:1.154498, acc: 66.10, bacc: 66.10, tmp_test_f1: 63.63, f1: 65.19
epoch: 695, val_loss:1.141264, acc: 66.10, bacc: 66.10, tmp_test_f1: 63.61, f1: 65.19
epoch: 696, val_loss:1.132585, acc: 66.10, bacc: 66.10, tmp_test_f1: 63.20, f1: 65.19
epoch: 697, val_loss:1.124195, acc: 66.10, bacc: 66.10, tmp_test_f1: 62.55, f1: 65.19
epoch: 698, val_loss:1.117447, acc: 66.10, bacc: 66.10, tmp_test_f1: 62.60, f1: 65.19
epoch: 699, val_loss:1.122675, acc: 66.10, bacc: 66.10, tmp_test_f1: 62.26, f1: 65.19
epoch: 700, val_loss:1.131174, acc: 66.10, bacc: 66.10, tmp_test_f1: 62.35, f1: 65.19
epoch: 701, val_loss:1.149778, acc: 66.10, bacc: 66.10, tmp_test_f1: 62.07, f1: 65.19
epoch: 702, val_loss:1.165868, acc: 66.10, bacc: 66.10, tmp_test_f1: 61.83, f1: 65.19
epoch: 703, val_loss:1.185154, acc: 66.10, bacc: 66.10, tmp_test_f1: 61.88, f1: 65.19
epoch: 704, val_loss:1.199926, acc: 66.10, bacc: 66.10, tmp_test_f1: 61.87, f1: 65.19
epoch: 705, val_loss:1.197401, acc: 66.10, bacc: 66.10, tmp_test_f1: 61.58, f1: 65.19
epoch: 706, val_loss:1.182783, acc: 66.10, bacc: 66.10, tmp_test_f1: 61.88, f1: 65.19
epoch: 707, val_loss:1.166298, acc: 66.10, bacc: 66.10, tmp_test_f1: 62.13, f1: 65.19
epoch: 708, val_loss:1.154434, acc: 66.10, bacc: 66.10, tmp_test_f1: 62.36, f1: 65.19
epoch: 709, val_loss:1.154414, acc: 66.10, bacc: 66.10, tmp_test_f1: 62.43, f1: 65.19
epoch: 710, val_loss:1.162688, acc: 66.10, bacc: 66.10, tmp_test_f1: 63.12, f1: 65.19
epoch: 711, val_loss:1.170646, acc: 66.10, bacc: 66.10, tmp_test_f1: 63.02, f1: 65.19
epoch: 712, val_loss:1.178761, acc: 66.10, bacc: 66.10, tmp_test_f1: 62.87, f1: 65.19
epoch: 713, val_loss:1.187210, acc: 66.10, bacc: 66.10, tmp_test_f1: 62.88, f1: 65.19
epoch: 714, val_loss:1.192373, acc: 66.10, bacc: 66.10, tmp_test_f1: 62.33, f1: 65.19
epoch: 715, val_loss:1.194921, acc: 66.10, bacc: 66.10, tmp_test_f1: 62.38, f1: 65.19
epoch: 716, val_loss:1.182566, acc: 66.10, bacc: 66.10, tmp_test_f1: 61.98, f1: 65.19
epoch: 717, val_loss:1.174592, acc: 66.10, bacc: 66.10, tmp_test_f1: 62.11, f1: 65.19
epoch: 718, val_loss:1.164745, acc: 66.10, bacc: 66.10, tmp_test_f1: 62.65, f1: 65.19
epoch: 719, val_loss:1.146616, acc: 66.10, bacc: 66.10, tmp_test_f1: 62.91, f1: 65.19
epoch: 720, val_loss:1.135223, acc: 66.10, bacc: 66.10, tmp_test_f1: 63.11, f1: 65.19
epoch: 721, val_loss:1.126408, acc: 66.10, bacc: 66.10, tmp_test_f1: 62.84, f1: 65.19
epoch: 722, val_loss:1.119280, acc: 66.10, bacc: 66.10, tmp_test_f1: 62.44, f1: 65.19
epoch: 723, val_loss:1.112982, acc: 66.10, bacc: 66.10, tmp_test_f1: 62.40, f1: 65.19
epoch: 724, val_loss:1.108842, acc: 66.10, bacc: 66.10, tmp_test_f1: 62.53, f1: 65.19
epoch: 725, val_loss:1.104368, acc: 66.10, bacc: 66.10, tmp_test_f1: 62.67, f1: 65.19
epoch: 726, val_loss:1.100340, acc: 66.10, bacc: 66.10, tmp_test_f1: 62.61, f1: 65.19
epoch: 727, val_loss:1.104227, acc: 66.10, bacc: 66.10, tmp_test_f1: 62.39, f1: 65.19
epoch: 728, val_loss:1.110396, acc: 66.10, bacc: 66.10, tmp_test_f1: 61.48, f1: 65.19
epoch: 729, val_loss:1.120340, acc: 66.10, bacc: 66.10, tmp_test_f1: 61.83, f1: 65.19
epoch: 730, val_loss:1.141695, acc: 66.10, bacc: 66.10, tmp_test_f1: 61.84, f1: 65.19
epoch: 731, val_loss:1.158666, acc: 66.10, bacc: 66.10, tmp_test_f1: 61.59, f1: 65.19
epoch: 732, val_loss:1.165969, acc: 66.10, bacc: 66.10, tmp_test_f1: 62.30, f1: 65.19
epoch: 733, val_loss:1.169989, acc: 66.10, bacc: 66.10, tmp_test_f1: 61.98, f1: 65.19
epoch: 734, val_loss:1.167625, acc: 66.10, bacc: 66.10, tmp_test_f1: 61.97, f1: 65.19
epoch: 735, val_loss:1.171232, acc: 66.10, bacc: 66.10, tmp_test_f1: 60.97, f1: 65.19
epoch: 736, val_loss:1.181117, acc: 66.10, bacc: 66.10, tmp_test_f1: 60.82, f1: 65.19
epoch: 737, val_loss:1.203779, acc: 66.10, bacc: 66.10, tmp_test_f1: 60.66, f1: 65.19
epoch: 738, val_loss:1.227673, acc: 66.10, bacc: 66.10, tmp_test_f1: 61.82, f1: 65.19
epoch: 739, val_loss:1.249732, acc: 66.10, bacc: 66.10, tmp_test_f1: 61.96, f1: 65.19
epoch: 740, val_loss:1.264300, acc: 66.10, bacc: 66.10, tmp_test_f1: 61.63, f1: 65.19
epoch: 741, val_loss:1.260016, acc: 66.10, bacc: 66.10, tmp_test_f1: 61.66, f1: 65.19
epoch: 742, val_loss:1.229741, acc: 66.10, bacc: 66.10, tmp_test_f1: 62.04, f1: 65.19
epoch: 743, val_loss:1.185756, acc: 66.10, bacc: 66.10, tmp_test_f1: 62.51, f1: 65.19
epoch: 744, val_loss:1.150715, acc: 66.10, bacc: 66.10, tmp_test_f1: 61.98, f1: 65.19
epoch: 745, val_loss:1.130943, acc: 66.10, bacc: 66.10, tmp_test_f1: 61.94, f1: 65.19
epoch: 746, val_loss:1.119807, acc: 66.10, bacc: 66.10, tmp_test_f1: 61.38, f1: 65.19
epoch: 747, val_loss:1.121993, acc: 66.10, bacc: 66.10, tmp_test_f1: 60.52, f1: 65.19
epoch: 748, val_loss:1.131039, acc: 66.10, bacc: 66.10, tmp_test_f1: 60.60, f1: 65.19
epoch: 749, val_loss:1.140633, acc: 66.10, bacc: 66.10, tmp_test_f1: 60.94, f1: 65.19
epoch: 750, val_loss:1.143463, acc: 66.10, bacc: 66.10, tmp_test_f1: 60.88, f1: 65.19
epoch: 751, val_loss:1.142461, acc: 66.10, bacc: 66.10, tmp_test_f1: 61.03, f1: 65.19
epoch: 752, val_loss:1.142434, acc: 66.10, bacc: 66.10, tmp_test_f1: 61.11, f1: 65.19
epoch: 753, val_loss:1.147485, acc: 66.10, bacc: 66.10, tmp_test_f1: 61.60, f1: 65.19
epoch: 754, val_loss:1.156088, acc: 66.10, bacc: 66.10, tmp_test_f1: 61.57, f1: 65.19
epoch: 755, val_loss:1.168312, acc: 66.10, bacc: 66.10, tmp_test_f1: 61.52, f1: 65.19
epoch: 756, val_loss:1.179218, acc: 66.10, bacc: 66.10, tmp_test_f1: 61.23, f1: 65.19
epoch: 757, val_loss:1.183547, acc: 66.10, bacc: 66.10, tmp_test_f1: 61.54, f1: 65.19
epoch: 758, val_loss:1.188747, acc: 66.10, bacc: 66.10, tmp_test_f1: 62.02, f1: 65.19
epoch: 759, val_loss:1.197453, acc: 66.10, bacc: 66.10, tmp_test_f1: 61.81, f1: 65.19
epoch: 760, val_loss:1.208862, acc: 66.10, bacc: 66.10, tmp_test_f1: 61.94, f1: 65.19
epoch: 761, val_loss:1.224015, acc: 66.10, bacc: 66.10, tmp_test_f1: 61.73, f1: 65.19
epoch: 762, val_loss:1.225454, acc: 66.10, bacc: 66.10, tmp_test_f1: 61.91, f1: 65.19
epoch: 763, val_loss:1.223225, acc: 66.10, bacc: 66.10, tmp_test_f1: 61.93, f1: 65.19
epoch: 764, val_loss:1.222396, acc: 66.10, bacc: 66.10, tmp_test_f1: 61.59, f1: 65.19
epoch: 765, val_loss:1.216008, acc: 66.10, bacc: 66.10, tmp_test_f1: 61.45, f1: 65.19
epoch: 766, val_loss:1.203337, acc: 66.10, bacc: 66.10, tmp_test_f1: 60.90, f1: 65.19
epoch: 767, val_loss:1.196539, acc: 66.10, bacc: 66.10, tmp_test_f1: 61.36, f1: 65.19
epoch: 768, val_loss:1.195412, acc: 66.10, bacc: 66.10, tmp_test_f1: 61.27, f1: 65.19
epoch: 769, val_loss:1.194359, acc: 66.10, bacc: 66.10, tmp_test_f1: 61.22, f1: 65.19
epoch: 770, val_loss:1.193803, acc: 66.10, bacc: 66.10, tmp_test_f1: 60.58, f1: 65.19
epoch: 771, val_loss:1.196059, acc: 66.10, bacc: 66.10, tmp_test_f1: 61.07, f1: 65.19
epoch: 772, val_loss:1.193468, acc: 66.10, bacc: 66.10, tmp_test_f1: 61.30, f1: 65.19
epoch: 773, val_loss:1.187753, acc: 66.10, bacc: 66.10, tmp_test_f1: 61.34, f1: 65.19
epoch: 774, val_loss:1.177315, acc: 66.10, bacc: 66.10, tmp_test_f1: 60.67, f1: 65.19
epoch: 775, val_loss:1.165605, acc: 66.10, bacc: 66.10, tmp_test_f1: 60.57, f1: 65.19
epoch: 776, val_loss:1.160071, acc: 66.10, bacc: 66.10, tmp_test_f1: 61.35, f1: 65.19
epoch: 777, val_loss:1.158800, acc: 66.10, bacc: 66.10, tmp_test_f1: 61.60, f1: 65.19
epoch: 778, val_loss:1.160148, acc: 66.10, bacc: 66.10, tmp_test_f1: 61.30, f1: 65.19
epoch: 779, val_loss:1.160246, acc: 66.10, bacc: 66.10, tmp_test_f1: 61.09, f1: 65.19
epoch: 780, val_loss:1.161610, acc: 66.10, bacc: 66.10, tmp_test_f1: 61.14, f1: 65.19
epoch: 781, val_loss:1.161218, acc: 66.10, bacc: 66.10, tmp_test_f1: 61.75, f1: 65.19
epoch: 782, val_loss:1.159280, acc: 66.10, bacc: 66.10, tmp_test_f1: 62.13, f1: 65.19
epoch: 783, val_loss:1.162771, acc: 66.10, bacc: 66.10, tmp_test_f1: 62.19, f1: 65.19
epoch: 784, val_loss:1.167027, acc: 66.10, bacc: 66.10, tmp_test_f1: 62.32, f1: 65.19
epoch: 785, val_loss:1.166267, acc: 66.10, bacc: 66.10, tmp_test_f1: 62.17, f1: 65.19
epoch: 786, val_loss:1.166231, acc: 66.10, bacc: 66.10, tmp_test_f1: 62.20, f1: 65.19
epoch: 787, val_loss:1.172311, acc: 66.10, bacc: 66.10, tmp_test_f1: 62.10, f1: 65.19
epoch: 788, val_loss:1.177924, acc: 66.10, bacc: 66.10, tmp_test_f1: 61.91, f1: 65.19
epoch: 789, val_loss:1.179664, acc: 66.10, bacc: 66.10, tmp_test_f1: 61.30, f1: 65.19
epoch: 790, val_loss:1.185624, acc: 66.10, bacc: 66.10, tmp_test_f1: 61.43, f1: 65.19
epoch: 791, val_loss:1.187425, acc: 66.10, bacc: 66.10, tmp_test_f1: 60.93, f1: 65.19
epoch: 792, val_loss:1.184970, acc: 66.10, bacc: 66.10, tmp_test_f1: 61.13, f1: 65.19
epoch: 793, val_loss:1.177767, acc: 66.10, bacc: 66.10, tmp_test_f1: 61.67, f1: 65.19
epoch: 794, val_loss:1.169025, acc: 66.10, bacc: 66.10, tmp_test_f1: 61.87, f1: 65.19
epoch: 795, val_loss:1.173816, acc: 66.10, bacc: 66.10, tmp_test_f1: 60.58, f1: 65.19
epoch: 796, val_loss:1.194755, acc: 66.10, bacc: 66.10, tmp_test_f1: 60.49, f1: 65.19
epoch: 797, val_loss:1.219900, acc: 66.10, bacc: 66.10, tmp_test_f1: 59.08, f1: 65.19
epoch: 798, val_loss:1.242320, acc: 66.10, bacc: 66.10, tmp_test_f1: 58.99, f1: 65.19
epoch: 799, val_loss:1.236157, acc: 66.10, bacc: 66.10, tmp_test_f1: 59.18, f1: 65.19
epoch: 800, val_loss:1.210981, acc: 66.10, bacc: 66.10, tmp_test_f1: 59.53, f1: 65.19
epoch: 801, val_loss:1.187618, acc: 66.10, bacc: 66.10, tmp_test_f1: 59.85, f1: 65.19
epoch: 802, val_loss:1.161864, acc: 66.10, bacc: 66.10, tmp_test_f1: 60.54, f1: 65.19
epoch: 803, val_loss:1.153000, acc: 66.10, bacc: 66.10, tmp_test_f1: 60.89, f1: 65.19
epoch: 804, val_loss:1.152044, acc: 66.10, bacc: 66.10, tmp_test_f1: 61.19, f1: 65.19
epoch: 805, val_loss:1.164770, acc: 66.10, bacc: 66.10, tmp_test_f1: 61.96, f1: 65.19
epoch: 806, val_loss:1.183236, acc: 66.10, bacc: 66.10, tmp_test_f1: 61.62, f1: 65.19
epoch: 807, val_loss:1.211412, acc: 66.10, bacc: 66.10, tmp_test_f1: 61.43, f1: 65.19
epoch: 808, val_loss:1.237236, acc: 66.10, bacc: 66.10, tmp_test_f1: 61.49, f1: 65.19
epoch: 809, val_loss:1.263709, acc: 66.10, bacc: 66.10, tmp_test_f1: 60.77, f1: 65.19
epoch: 810, val_loss:1.300436, acc: 66.10, bacc: 66.10, tmp_test_f1: 60.96, f1: 65.19
epoch: 811, val_loss:1.332843, acc: 66.10, bacc: 66.10, tmp_test_f1: 60.66, f1: 65.19
epoch: 812, val_loss:1.332763, acc: 66.10, bacc: 66.10, tmp_test_f1: 60.96, f1: 65.19
epoch: 813, val_loss:1.317553, acc: 66.10, bacc: 66.10, tmp_test_f1: 60.74, f1: 65.19
epoch: 814, val_loss:1.292279, acc: 66.10, bacc: 66.10, tmp_test_f1: 60.06, f1: 65.19
epoch: 815, val_loss:1.274739, acc: 66.10, bacc: 66.10, tmp_test_f1: 60.17, f1: 65.19
epoch: 816, val_loss:1.249255, acc: 66.10, bacc: 66.10, tmp_test_f1: 60.84, f1: 65.19
epoch: 817, val_loss:1.225381, acc: 66.10, bacc: 66.10, tmp_test_f1: 61.33, f1: 65.19
epoch: 818, val_loss:1.211703, acc: 66.10, bacc: 66.10, tmp_test_f1: 61.14, f1: 65.19
epoch: 819, val_loss:1.201283, acc: 66.10, bacc: 66.10, tmp_test_f1: 61.23, f1: 65.19
epoch: 820, val_loss:1.189317, acc: 66.10, bacc: 66.10, tmp_test_f1: 61.48, f1: 65.19
epoch: 821, val_loss:1.185864, acc: 66.10, bacc: 66.10, tmp_test_f1: 61.84, f1: 65.19
epoch: 822, val_loss:1.188237, acc: 66.10, bacc: 66.10, tmp_test_f1: 62.50, f1: 65.19
epoch: 823, val_loss:1.195130, acc: 66.10, bacc: 66.10, tmp_test_f1: 62.05, f1: 65.19
epoch: 824, val_loss:1.202694, acc: 66.10, bacc: 66.10, tmp_test_f1: 61.99, f1: 65.19
epoch: 825, val_loss:1.209297, acc: 66.10, bacc: 66.10, tmp_test_f1: 61.36, f1: 65.19
epoch: 826, val_loss:1.213766, acc: 66.10, bacc: 66.10, tmp_test_f1: 60.84, f1: 65.19
epoch: 827, val_loss:1.214754, acc: 66.10, bacc: 66.10, tmp_test_f1: 60.79, f1: 65.19
epoch: 828, val_loss:1.219091, acc: 66.10, bacc: 66.10, tmp_test_f1: 60.68, f1: 65.19
epoch: 829, val_loss:1.226406, acc: 66.10, bacc: 66.10, tmp_test_f1: 60.81, f1: 65.19
epoch: 830, val_loss:1.237703, acc: 66.10, bacc: 66.10, tmp_test_f1: 61.31, f1: 65.19
epoch: 831, val_loss:1.249719, acc: 66.10, bacc: 66.10, tmp_test_f1: 61.08, f1: 65.19
epoch: 832, val_loss:1.253728, acc: 66.10, bacc: 66.10, tmp_test_f1: 60.89, f1: 65.19
epoch: 833, val_loss:1.251616, acc: 66.10, bacc: 66.10, tmp_test_f1: 61.17, f1: 65.19
epoch: 834, val_loss:1.243076, acc: 66.10, bacc: 66.10, tmp_test_f1: 61.55, f1: 65.19
epoch: 835, val_loss:1.236143, acc: 66.10, bacc: 66.10, tmp_test_f1: 61.46, f1: 65.19
epoch: 836, val_loss:1.232187, acc: 66.10, bacc: 66.10, tmp_test_f1: 61.53, f1: 65.19
epoch: 837, val_loss:1.227313, acc: 66.10, bacc: 66.10, tmp_test_f1: 61.44, f1: 65.19
epoch: 838, val_loss:1.223390, acc: 66.10, bacc: 66.10, tmp_test_f1: 61.55, f1: 65.19
epoch: 839, val_loss:1.219020, acc: 66.10, bacc: 66.10, tmp_test_f1: 61.66, f1: 65.19
epoch: 840, val_loss:1.216680, acc: 66.10, bacc: 66.10, tmp_test_f1: 62.01, f1: 65.19
epoch: 841, val_loss:1.213964, acc: 66.10, bacc: 66.10, tmp_test_f1: 61.58, f1: 65.19
epoch: 842, val_loss:1.208529, acc: 66.10, bacc: 66.10, tmp_test_f1: 61.53, f1: 65.19
epoch: 843, val_loss:1.209238, acc: 66.10, bacc: 66.10, tmp_test_f1: 61.75, f1: 65.19
epoch: 844, val_loss:1.215565, acc: 66.10, bacc: 66.10, tmp_test_f1: 61.64, f1: 65.19
epoch: 845, val_loss:1.226036, acc: 66.10, bacc: 66.10, tmp_test_f1: 61.81, f1: 65.19
epoch: 846, val_loss:1.237419, acc: 66.10, bacc: 66.10, tmp_test_f1: 61.11, f1: 65.19
epoch: 847, val_loss:1.243903, acc: 66.10, bacc: 66.10, tmp_test_f1: 61.05, f1: 65.19
epoch: 848, val_loss:1.249535, acc: 66.10, bacc: 66.10, tmp_test_f1: 61.27, f1: 65.19
epoch: 849, val_loss:1.247593, acc: 66.10, bacc: 66.10, tmp_test_f1: 61.25, f1: 65.19
epoch: 850, val_loss:1.245494, acc: 66.10, bacc: 66.10, tmp_test_f1: 61.02, f1: 65.19
epoch: 851, val_loss:1.233324, acc: 66.10, bacc: 66.10, tmp_test_f1: 61.20, f1: 65.19
epoch: 852, val_loss:1.225999, acc: 66.10, bacc: 66.10, tmp_test_f1: 60.93, f1: 65.19
epoch: 853, val_loss:1.221006, acc: 66.10, bacc: 66.10, tmp_test_f1: 60.71, f1: 65.19
epoch: 854, val_loss:1.212809, acc: 66.10, bacc: 66.10, tmp_test_f1: 60.94, f1: 65.19
epoch: 855, val_loss:1.208254, acc: 66.10, bacc: 66.10, tmp_test_f1: 61.56, f1: 65.19
epoch: 856, val_loss:1.194034, acc: 66.10, bacc: 66.10, tmp_test_f1: 61.99, f1: 65.19
epoch: 857, val_loss:1.183930, acc: 66.10, bacc: 66.10, tmp_test_f1: 62.23, f1: 65.19
epoch: 858, val_loss:1.174425, acc: 66.10, bacc: 66.10, tmp_test_f1: 62.51, f1: 65.19
epoch: 859, val_loss:1.173933, acc: 66.10, bacc: 66.10, tmp_test_f1: 62.24, f1: 65.19
epoch: 860, val_loss:1.181509, acc: 66.10, bacc: 66.10, tmp_test_f1: 62.63, f1: 65.19
epoch: 861, val_loss:1.193918, acc: 66.10, bacc: 66.10, tmp_test_f1: 62.46, f1: 65.19
epoch: 862, val_loss:1.212421, acc: 66.10, bacc: 66.10, tmp_test_f1: 62.49, f1: 65.19
epoch: 863, val_loss:1.234589, acc: 66.10, bacc: 66.10, tmp_test_f1: 61.94, f1: 65.19
epoch: 864, val_loss:1.259796, acc: 66.10, bacc: 66.10, tmp_test_f1: 61.36, f1: 65.19
epoch: 865, val_loss:1.288357, acc: 66.10, bacc: 66.10, tmp_test_f1: 61.30, f1: 65.19
epoch: 866, val_loss:1.317665, acc: 66.10, bacc: 66.10, tmp_test_f1: 60.79, f1: 65.19
epoch: 867, val_loss:1.337315, acc: 66.10, bacc: 66.10, tmp_test_f1: 60.78, f1: 65.19
epoch: 868, val_loss:1.349061, acc: 66.10, bacc: 66.10, tmp_test_f1: 60.92, f1: 65.19
epoch: 869, val_loss:1.336188, acc: 66.10, bacc: 66.10, tmp_test_f1: 61.46, f1: 65.19
epoch: 870, val_loss:1.307157, acc: 66.10, bacc: 66.10, tmp_test_f1: 60.83, f1: 65.19
epoch: 871, val_loss:1.275862, acc: 66.10, bacc: 66.10, tmp_test_f1: 61.57, f1: 65.19
epoch: 872, val_loss:1.247210, acc: 66.10, bacc: 66.10, tmp_test_f1: 61.53, f1: 65.19
epoch: 873, val_loss:1.228142, acc: 66.10, bacc: 66.10, tmp_test_f1: 61.95, f1: 65.19
epoch: 874, val_loss:1.215432, acc: 66.10, bacc: 66.10, tmp_test_f1: 62.05, f1: 65.19
epoch: 875, val_loss:1.203325, acc: 66.10, bacc: 66.10, tmp_test_f1: 62.16, f1: 65.19
epoch: 876, val_loss:1.197842, acc: 66.10, bacc: 66.10, tmp_test_f1: 62.02, f1: 65.19
epoch: 877, val_loss:1.193892, acc: 66.10, bacc: 66.10, tmp_test_f1: 62.41, f1: 65.19
epoch: 878, val_loss:1.187772, acc: 66.10, bacc: 66.10, tmp_test_f1: 62.32, f1: 65.19
epoch: 879, val_loss:1.185590, acc: 66.10, bacc: 66.10, tmp_test_f1: 62.11, f1: 65.19
epoch: 880, val_loss:1.180658, acc: 66.10, bacc: 66.10, tmp_test_f1: 62.82, f1: 65.19
epoch: 881, val_loss:1.180499, acc: 66.10, bacc: 66.10, tmp_test_f1: 62.29, f1: 65.19
epoch: 882, val_loss:1.184129, acc: 66.10, bacc: 66.10, tmp_test_f1: 62.67, f1: 65.19
epoch: 883, val_loss:1.187008, acc: 66.10, bacc: 66.10, tmp_test_f1: 62.59, f1: 65.19
epoch: 884, val_loss:1.187982, acc: 66.10, bacc: 66.10, tmp_test_f1: 62.92, f1: 65.19
epoch: 885, val_loss:1.186083, acc: 66.10, bacc: 66.10, tmp_test_f1: 63.16, f1: 65.19
epoch: 886, val_loss:1.195162, acc: 66.10, bacc: 66.10, tmp_test_f1: 63.71, f1: 65.19
epoch: 887, val_loss:1.206248, acc: 66.10, bacc: 66.10, tmp_test_f1: 63.61, f1: 65.19
epoch: 888, val_loss:1.216469, acc: 66.10, bacc: 66.10, tmp_test_f1: 63.58, f1: 65.19
epoch: 889, val_loss:1.209727, acc: 66.10, bacc: 66.10, tmp_test_f1: 63.31, f1: 65.19
epoch: 890, val_loss:1.206189, acc: 66.10, bacc: 66.10, tmp_test_f1: 62.55, f1: 65.19
epoch: 891, val_loss:1.214992, acc: 66.10, bacc: 66.10, tmp_test_f1: 62.32, f1: 65.19
Epoch 00892: reducing learning rate of group 0 to 6.2500e-03.
Epoch 00892: reducing learning rate of group 1 to 6.2500e-03.
epoch: 892, val_loss:1.232208, acc: 66.10, bacc: 66.10, tmp_test_f1: 62.16, f1: 65.19
epoch: 893, val_loss:1.256409, acc: 66.10, bacc: 66.10, tmp_test_f1: 62.15, f1: 65.19
GCN dgl/coraTrue 100 Aug 2311 EndEpoch 893 lr 0.1
SHAsplit  0, acc: 66.10, bacc: 66.10, f1: 65.19
