cuda is not available, using CPU.
Namespace(to_undirected=True, from_SHA=True, IsDirectedData=True, AugDirect=0, net='GAT', GPUdevice=1, seed=100, undirect_dataset='CiteSeer', Direct_dataset='dgl/cora', imb_ratio=100, dropout=0.1, num_filter=2, layer=2, alpha=0.1, K=2, feat_dim=64, warmup=5, epoch=1500, lr=0.1, l2=0.0005, tau=2, max=False, no_mask=False, gdc='ppr', heads=8, log_root='../logs/', log_path='test', data_path='../dataset/data/tmp/')
  NumNodes: 2708
  NumEdges: 5278
  NumFeats: 1433
  NumClasses: 7
  NumTrainingSamples: 140
  NumValidationSamples: 500
  NumTestSamples: 1000
Done loading data from cached files.
dict_keys(['feat', 'label', 'test_mask', 'val_mask', 'train_mask'])
Converted to undirected data
test_f1 CountNotImproved reset to 0 in epoch 0
epoch:   0, val_loss:1.946070, acc: 13.00, bacc: 14.29, tmp_test_f1: 3.29, f1: 3.29
epoch:   1, val_loss:2.288051, acc: 13.00, bacc: 14.29, tmp_test_f1: 3.29, f1: 3.29
test_f1 CountNotImproved reset to 0 in epoch 2
epoch:   2, val_loss:3.629823, acc: 19.60, bacc: 24.74, tmp_test_f1: 13.72, f1: 13.72
epoch:   3, val_loss:3.094397, acc: 19.60, bacc: 24.74, tmp_test_f1: 10.06, f1: 13.72
epoch:   4, val_loss:2.564455, acc: 19.60, bacc: 24.74, tmp_test_f1: 13.37, f1: 13.72
epoch:   5, val_loss:2.271101, acc: 19.60, bacc: 24.74, tmp_test_f1: 12.13, f1: 13.72
epoch:   6, val_loss:2.191878, acc: 19.60, bacc: 24.74, tmp_test_f1: 12.41, f1: 13.72
test_f1 CountNotImproved reset to 0 in epoch 7
epoch:   7, val_loss:2.219221, acc: 19.50, bacc: 24.18, tmp_test_f1: 14.31, f1: 14.31
test_f1 CountNotImproved reset to 0 in epoch 8
epoch:   8, val_loss:2.283344, acc: 23.20, bacc: 28.77, tmp_test_f1: 16.05, f1: 16.05
test_f1 CountNotImproved reset to 0 in epoch 9
epoch:   9, val_loss:2.354027, acc: 26.50, bacc: 32.26, tmp_test_f1: 18.66, f1: 18.66
test_f1 CountNotImproved reset to 0 in epoch 10
epoch:  10, val_loss:2.395204, acc: 30.50, bacc: 36.01, tmp_test_f1: 22.85, f1: 22.85
test_f1 CountNotImproved reset to 0 in epoch 11
epoch:  11, val_loss:2.391918, acc: 32.70, bacc: 37.87, tmp_test_f1: 25.81, f1: 25.81
test_f1 CountNotImproved reset to 0 in epoch 12
epoch:  12, val_loss:2.330103, acc: 33.30, bacc: 38.07, tmp_test_f1: 26.80, f1: 26.80
test_f1 CountNotImproved reset to 0 in epoch 13
epoch:  13, val_loss:2.244324, acc: 34.10, bacc: 38.43, tmp_test_f1: 27.20, f1: 27.20
test_f1 CountNotImproved reset to 0 in epoch 14
epoch:  14, val_loss:2.102235, acc: 35.50, bacc: 39.33, tmp_test_f1: 27.57, f1: 27.57
test_f1 CountNotImproved reset to 0 in epoch 15
epoch:  15, val_loss:1.958738, acc: 36.80, bacc: 40.28, tmp_test_f1: 27.82, f1: 27.82
epoch:  16, val_loss:1.905621, acc: 36.80, bacc: 40.28, tmp_test_f1: 27.77, f1: 27.82
epoch:  17, val_loss:1.953737, acc: 36.80, bacc: 40.28, tmp_test_f1: 27.54, f1: 27.82
epoch:  18, val_loss:2.141587, acc: 36.80, bacc: 40.28, tmp_test_f1: 26.98, f1: 27.82
epoch:  19, val_loss:2.378567, acc: 36.80, bacc: 40.28, tmp_test_f1: 27.12, f1: 27.82
test_f1 CountNotImproved reset to 0 in epoch 20
epoch:  20, val_loss:2.445728, acc: 33.40, bacc: 37.66, tmp_test_f1: 28.70, f1: 28.70
test_f1 CountNotImproved reset to 0 in epoch 21
epoch:  21, val_loss:2.398783, acc: 34.80, bacc: 38.95, tmp_test_f1: 29.60, f1: 29.60
test_f1 CountNotImproved reset to 0 in epoch 22
epoch:  22, val_loss:2.362103, acc: 36.60, bacc: 40.28, tmp_test_f1: 30.50, f1: 30.50
test_f1 CountNotImproved reset to 0 in epoch 23
epoch:  23, val_loss:2.286998, acc: 36.70, bacc: 39.96, tmp_test_f1: 31.03, f1: 31.03
epoch:  24, val_loss:2.327243, acc: 36.70, bacc: 39.96, tmp_test_f1: 28.83, f1: 31.03
epoch:  25, val_loss:2.470875, acc: 36.70, bacc: 39.96, tmp_test_f1: 27.06, f1: 31.03
epoch:  26, val_loss:2.732547, acc: 36.70, bacc: 39.96, tmp_test_f1: 26.49, f1: 31.03
epoch:  27, val_loss:2.789667, acc: 36.70, bacc: 39.96, tmp_test_f1: 27.55, f1: 31.03
epoch:  28, val_loss:2.680760, acc: 36.70, bacc: 39.96, tmp_test_f1: 27.48, f1: 31.03
epoch:  29, val_loss:2.720626, acc: 36.70, bacc: 39.96, tmp_test_f1: 29.08, f1: 31.03
epoch:  30, val_loss:2.536440, acc: 36.70, bacc: 39.96, tmp_test_f1: 30.89, f1: 31.03
test_f1 CountNotImproved reset to 0 in epoch 31
epoch:  31, val_loss:2.407233, acc: 36.90, bacc: 38.52, tmp_test_f1: 32.96, f1: 32.96
epoch:  32, val_loss:2.175118, acc: 36.90, bacc: 38.52, tmp_test_f1: 32.73, f1: 32.96
epoch:  33, val_loss:2.184120, acc: 36.90, bacc: 38.52, tmp_test_f1: 30.13, f1: 32.96
epoch:  34, val_loss:2.556053, acc: 36.90, bacc: 38.52, tmp_test_f1: 27.85, f1: 32.96
epoch:  35, val_loss:2.933756, acc: 36.90, bacc: 38.52, tmp_test_f1: 26.18, f1: 32.96
epoch:  36, val_loss:3.131497, acc: 36.90, bacc: 38.52, tmp_test_f1: 25.28, f1: 32.96
epoch:  37, val_loss:3.226244, acc: 36.90, bacc: 38.52, tmp_test_f1: 25.02, f1: 32.96
epoch:  38, val_loss:3.176605, acc: 36.90, bacc: 38.52, tmp_test_f1: 25.21, f1: 32.96
epoch:  39, val_loss:3.121349, acc: 36.90, bacc: 38.52, tmp_test_f1: 25.72, f1: 32.96
epoch:  40, val_loss:3.054066, acc: 36.90, bacc: 38.52, tmp_test_f1: 25.68, f1: 32.96
epoch:  41, val_loss:3.094076, acc: 36.90, bacc: 38.52, tmp_test_f1: 25.88, f1: 32.96
epoch:  42, val_loss:3.113251, acc: 36.90, bacc: 38.52, tmp_test_f1: 27.29, f1: 32.96
epoch:  43, val_loss:3.117346, acc: 36.90, bacc: 38.52, tmp_test_f1: 28.07, f1: 32.96
epoch:  44, val_loss:3.138311, acc: 36.90, bacc: 38.52, tmp_test_f1: 28.76, f1: 32.96
epoch:  45, val_loss:3.078974, acc: 36.90, bacc: 38.52, tmp_test_f1: 28.46, f1: 32.96
epoch:  46, val_loss:3.044237, acc: 36.90, bacc: 38.52, tmp_test_f1: 28.42, f1: 32.96
epoch:  47, val_loss:3.153342, acc: 36.90, bacc: 38.52, tmp_test_f1: 28.32, f1: 32.96
epoch:  48, val_loss:3.315991, acc: 36.90, bacc: 38.52, tmp_test_f1: 30.02, f1: 32.96
epoch:  49, val_loss:3.009910, acc: 36.90, bacc: 38.52, tmp_test_f1: 29.95, f1: 32.96
epoch:  50, val_loss:2.997370, acc: 36.90, bacc: 38.52, tmp_test_f1: 30.33, f1: 32.96
epoch:  51, val_loss:3.059697, acc: 36.90, bacc: 38.52, tmp_test_f1: 30.40, f1: 32.96
epoch:  52, val_loss:3.152876, acc: 36.90, bacc: 38.52, tmp_test_f1: 29.71, f1: 32.96
epoch:  53, val_loss:3.401263, acc: 36.90, bacc: 38.52, tmp_test_f1: 27.64, f1: 32.96
epoch:  54, val_loss:3.661430, acc: 36.90, bacc: 38.52, tmp_test_f1: 27.09, f1: 32.96
epoch:  55, val_loss:3.762394, acc: 36.90, bacc: 38.52, tmp_test_f1: 27.35, f1: 32.96
epoch:  56, val_loss:3.656198, acc: 36.90, bacc: 38.52, tmp_test_f1: 27.68, f1: 32.96
epoch:  57, val_loss:3.562832, acc: 36.90, bacc: 38.52, tmp_test_f1: 29.14, f1: 32.96
epoch:  58, val_loss:3.398576, acc: 36.90, bacc: 38.52, tmp_test_f1: 29.26, f1: 32.96
epoch:  59, val_loss:3.407589, acc: 36.90, bacc: 38.52, tmp_test_f1: 29.20, f1: 32.96
epoch:  60, val_loss:3.489096, acc: 36.90, bacc: 38.52, tmp_test_f1: 28.98, f1: 32.96
epoch:  61, val_loss:3.618753, acc: 36.90, bacc: 38.52, tmp_test_f1: 29.93, f1: 32.96
epoch:  62, val_loss:3.245785, acc: 36.90, bacc: 38.52, tmp_test_f1: 30.33, f1: 32.96
epoch:  63, val_loss:3.094855, acc: 36.90, bacc: 38.52, tmp_test_f1: 29.87, f1: 32.96
epoch:  64, val_loss:3.136813, acc: 36.90, bacc: 38.52, tmp_test_f1: 28.07, f1: 32.96
epoch:  65, val_loss:3.445507, acc: 36.90, bacc: 38.52, tmp_test_f1: 27.70, f1: 32.96
epoch:  66, val_loss:3.570068, acc: 36.90, bacc: 38.52, tmp_test_f1: 29.42, f1: 32.96
epoch:  67, val_loss:3.225854, acc: 36.90, bacc: 38.52, tmp_test_f1: 30.22, f1: 32.96
epoch:  68, val_loss:2.978453, acc: 36.90, bacc: 38.52, tmp_test_f1: 31.74, f1: 32.96
epoch:  69, val_loss:3.038292, acc: 36.90, bacc: 38.52, tmp_test_f1: 30.26, f1: 32.96
epoch:  70, val_loss:3.335638, acc: 36.90, bacc: 38.52, tmp_test_f1: 29.52, f1: 32.96
epoch:  71, val_loss:3.429309, acc: 36.90, bacc: 38.52, tmp_test_f1: 28.66, f1: 32.96
epoch:  72, val_loss:3.591190, acc: 36.90, bacc: 38.52, tmp_test_f1: 27.57, f1: 32.96
epoch:  73, val_loss:3.833747, acc: 36.90, bacc: 38.52, tmp_test_f1: 26.30, f1: 32.96
epoch:  74, val_loss:4.198977, acc: 36.90, bacc: 38.52, tmp_test_f1: 27.38, f1: 32.96
epoch:  75, val_loss:3.648673, acc: 36.90, bacc: 38.52, tmp_test_f1: 28.76, f1: 32.96
epoch:  76, val_loss:3.250867, acc: 36.90, bacc: 38.52, tmp_test_f1: 31.33, f1: 32.96
epoch:  77, val_loss:2.797159, acc: 36.90, bacc: 38.52, tmp_test_f1: 31.55, f1: 32.96
epoch:  78, val_loss:2.668005, acc: 36.90, bacc: 38.52, tmp_test_f1: 30.04, f1: 32.96
epoch:  79, val_loss:2.735542, acc: 36.90, bacc: 38.52, tmp_test_f1: 29.48, f1: 32.96
epoch:  80, val_loss:2.952169, acc: 36.90, bacc: 38.52, tmp_test_f1: 27.78, f1: 32.96
epoch:  81, val_loss:3.880170, acc: 36.90, bacc: 38.52, tmp_test_f1: 25.70, f1: 32.96
epoch:  82, val_loss:4.741122, acc: 36.90, bacc: 38.52, tmp_test_f1: 25.06, f1: 32.96
epoch:  83, val_loss:5.072918, acc: 36.90, bacc: 38.52, tmp_test_f1: 26.81, f1: 32.96
epoch:  84, val_loss:4.744123, acc: 36.90, bacc: 38.52, tmp_test_f1: 27.40, f1: 32.96
epoch:  85, val_loss:4.297075, acc: 36.90, bacc: 38.52, tmp_test_f1: 28.44, f1: 32.96
epoch:  86, val_loss:3.925753, acc: 36.90, bacc: 38.52, tmp_test_f1: 28.76, f1: 32.96
epoch:  87, val_loss:3.714049, acc: 36.90, bacc: 38.52, tmp_test_f1: 28.88, f1: 32.96
epoch:  88, val_loss:3.694237, acc: 36.90, bacc: 38.52, tmp_test_f1: 28.71, f1: 32.96
epoch:  89, val_loss:3.740567, acc: 36.90, bacc: 38.52, tmp_test_f1: 27.95, f1: 32.96
epoch:  90, val_loss:3.793301, acc: 36.90, bacc: 38.52, tmp_test_f1: 28.56, f1: 32.96
epoch:  91, val_loss:3.613509, acc: 36.90, bacc: 38.52, tmp_test_f1: 28.58, f1: 32.96
epoch:  92, val_loss:3.481988, acc: 36.90, bacc: 38.52, tmp_test_f1: 27.72, f1: 32.96
epoch:  93, val_loss:3.410807, acc: 36.90, bacc: 38.52, tmp_test_f1: 31.11, f1: 32.96
epoch:  94, val_loss:2.891838, acc: 36.90, bacc: 38.52, tmp_test_f1: 29.53, f1: 32.96
epoch:  95, val_loss:2.901144, acc: 36.90, bacc: 38.52, tmp_test_f1: 27.48, f1: 32.96
epoch:  96, val_loss:3.187717, acc: 36.90, bacc: 38.52, tmp_test_f1: 26.93, f1: 32.96
epoch:  97, val_loss:3.685786, acc: 36.90, bacc: 38.52, tmp_test_f1: 27.65, f1: 32.96
epoch:  98, val_loss:3.739807, acc: 36.90, bacc: 38.52, tmp_test_f1: 28.41, f1: 32.96
epoch:  99, val_loss:3.442050, acc: 36.90, bacc: 38.52, tmp_test_f1: 29.76, f1: 32.96
epoch: 100, val_loss:3.216898, acc: 36.90, bacc: 38.52, tmp_test_f1: 30.79, f1: 32.96
epoch: 101, val_loss:2.967936, acc: 36.90, bacc: 38.52, tmp_test_f1: 31.75, f1: 32.96
epoch: 102, val_loss:2.783607, acc: 36.90, bacc: 38.52, tmp_test_f1: 30.34, f1: 32.96
epoch: 103, val_loss:2.708525, acc: 36.90, bacc: 38.52, tmp_test_f1: 27.21, f1: 32.96
epoch: 104, val_loss:3.340505, acc: 36.90, bacc: 38.52, tmp_test_f1: 27.84, f1: 32.96
epoch: 105, val_loss:4.398391, acc: 36.90, bacc: 38.52, tmp_test_f1: 22.69, f1: 32.96
epoch: 106, val_loss:5.558379, acc: 36.90, bacc: 38.52, tmp_test_f1: 21.02, f1: 32.96
epoch: 107, val_loss:6.572478, acc: 36.90, bacc: 38.52, tmp_test_f1: 21.07, f1: 32.96
epoch: 108, val_loss:6.998552, acc: 36.90, bacc: 38.52, tmp_test_f1: 24.07, f1: 32.96
epoch: 109, val_loss:6.214012, acc: 36.90, bacc: 38.52, tmp_test_f1: 26.07, f1: 32.96
epoch: 110, val_loss:5.375462, acc: 36.90, bacc: 38.52, tmp_test_f1: 26.82, f1: 32.96
epoch: 111, val_loss:4.741223, acc: 36.90, bacc: 38.52, tmp_test_f1: 27.54, f1: 32.96
epoch: 112, val_loss:4.315470, acc: 36.90, bacc: 38.52, tmp_test_f1: 28.27, f1: 32.96
epoch: 113, val_loss:3.968782, acc: 36.90, bacc: 38.52, tmp_test_f1: 29.67, f1: 32.96
epoch: 114, val_loss:3.867226, acc: 36.90, bacc: 38.52, tmp_test_f1: 29.22, f1: 32.96
epoch: 115, val_loss:3.956717, acc: 36.90, bacc: 38.52, tmp_test_f1: 28.45, f1: 32.96
epoch: 116, val_loss:4.070250, acc: 36.90, bacc: 38.52, tmp_test_f1: 27.32, f1: 32.96
epoch: 117, val_loss:4.289660, acc: 36.90, bacc: 38.52, tmp_test_f1: 28.41, f1: 32.96
epoch: 118, val_loss:3.990339, acc: 36.90, bacc: 38.52, tmp_test_f1: 29.78, f1: 32.96
epoch: 119, val_loss:3.562094, acc: 36.90, bacc: 38.52, tmp_test_f1: 30.02, f1: 32.96
epoch: 120, val_loss:3.549957, acc: 36.90, bacc: 38.52, tmp_test_f1: 29.75, f1: 32.96
epoch: 121, val_loss:3.678106, acc: 36.90, bacc: 38.52, tmp_test_f1: 28.67, f1: 32.96
epoch: 122, val_loss:3.897180, acc: 36.90, bacc: 38.52, tmp_test_f1: 29.34, f1: 32.96
epoch: 123, val_loss:4.280236, acc: 36.90, bacc: 38.52, tmp_test_f1: 28.39, f1: 32.96
epoch: 124, val_loss:4.714492, acc: 36.90, bacc: 38.52, tmp_test_f1: 27.05, f1: 32.96
epoch: 125, val_loss:5.068788, acc: 36.90, bacc: 38.52, tmp_test_f1: 26.24, f1: 32.96
epoch: 126, val_loss:5.203619, acc: 36.90, bacc: 38.52, tmp_test_f1: 25.63, f1: 32.96
epoch: 127, val_loss:5.043644, acc: 36.90, bacc: 38.52, tmp_test_f1: 26.44, f1: 32.96
epoch: 128, val_loss:4.822711, acc: 36.90, bacc: 38.52, tmp_test_f1: 26.82, f1: 32.96
epoch: 129, val_loss:4.657122, acc: 36.90, bacc: 38.52, tmp_test_f1: 26.15, f1: 32.96
epoch: 130, val_loss:4.510695, acc: 36.90, bacc: 38.52, tmp_test_f1: 25.99, f1: 32.96
epoch: 131, val_loss:4.445275, acc: 36.90, bacc: 38.52, tmp_test_f1: 26.76, f1: 32.96
epoch: 132, val_loss:4.302933, acc: 36.90, bacc: 38.52, tmp_test_f1: 27.88, f1: 32.96
epoch: 133, val_loss:3.999176, acc: 36.90, bacc: 38.52, tmp_test_f1: 28.47, f1: 32.96
epoch: 134, val_loss:3.835418, acc: 36.90, bacc: 38.52, tmp_test_f1: 28.84, f1: 32.96
epoch: 135, val_loss:3.744631, acc: 36.90, bacc: 38.52, tmp_test_f1: 28.25, f1: 32.96
epoch: 136, val_loss:3.841880, acc: 36.90, bacc: 38.52, tmp_test_f1: 26.52, f1: 32.96
epoch: 137, val_loss:3.949320, acc: 36.90, bacc: 38.52, tmp_test_f1: 26.95, f1: 32.96
epoch: 138, val_loss:4.006824, acc: 36.90, bacc: 38.52, tmp_test_f1: 25.36, f1: 32.96
epoch: 139, val_loss:4.022504, acc: 36.90, bacc: 38.52, tmp_test_f1: 27.29, f1: 32.96
epoch: 140, val_loss:3.518167, acc: 36.90, bacc: 38.52, tmp_test_f1: 28.43, f1: 32.96
epoch: 141, val_loss:3.314921, acc: 36.90, bacc: 38.52, tmp_test_f1: 28.57, f1: 32.96
epoch: 142, val_loss:3.132450, acc: 36.90, bacc: 38.52, tmp_test_f1: 28.30, f1: 32.96
epoch: 143, val_loss:3.178977, acc: 36.90, bacc: 38.52, tmp_test_f1: 27.45, f1: 32.96
epoch: 144, val_loss:3.547764, acc: 36.90, bacc: 38.52, tmp_test_f1: 27.15, f1: 32.96
epoch: 145, val_loss:4.050340, acc: 36.90, bacc: 38.52, tmp_test_f1: 26.62, f1: 32.96
epoch: 146, val_loss:4.404210, acc: 36.90, bacc: 38.52, tmp_test_f1: 26.53, f1: 32.96
epoch: 147, val_loss:4.746465, acc: 36.90, bacc: 38.52, tmp_test_f1: 26.62, f1: 32.96
epoch: 148, val_loss:4.778263, acc: 36.90, bacc: 38.52, tmp_test_f1: 26.68, f1: 32.96
epoch: 149, val_loss:4.541147, acc: 36.90, bacc: 38.52, tmp_test_f1: 26.54, f1: 32.96
epoch: 150, val_loss:4.234585, acc: 36.90, bacc: 38.52, tmp_test_f1: 26.60, f1: 32.96
epoch: 151, val_loss:3.906404, acc: 36.90, bacc: 38.52, tmp_test_f1: 27.56, f1: 32.96
epoch: 152, val_loss:3.576294, acc: 36.90, bacc: 38.52, tmp_test_f1: 27.86, f1: 32.96
epoch: 153, val_loss:3.277459, acc: 36.90, bacc: 38.52, tmp_test_f1: 28.38, f1: 32.96
epoch: 154, val_loss:3.097050, acc: 36.90, bacc: 38.52, tmp_test_f1: 28.91, f1: 32.96
epoch: 155, val_loss:3.101840, acc: 36.90, bacc: 38.52, tmp_test_f1: 28.73, f1: 32.96
epoch: 156, val_loss:3.266046, acc: 36.90, bacc: 38.52, tmp_test_f1: 27.78, f1: 32.96
epoch: 157, val_loss:3.556702, acc: 36.90, bacc: 38.52, tmp_test_f1: 27.38, f1: 32.96
epoch: 158, val_loss:3.915346, acc: 36.90, bacc: 38.52, tmp_test_f1: 26.84, f1: 32.96
epoch: 159, val_loss:4.075950, acc: 36.90, bacc: 38.52, tmp_test_f1: 26.64, f1: 32.96
epoch: 160, val_loss:4.244571, acc: 36.90, bacc: 38.52, tmp_test_f1: 27.74, f1: 32.96
epoch: 161, val_loss:3.786904, acc: 36.90, bacc: 38.52, tmp_test_f1: 27.55, f1: 32.96
epoch: 162, val_loss:3.437781, acc: 36.90, bacc: 38.52, tmp_test_f1: 27.52, f1: 32.96
epoch: 163, val_loss:3.345988, acc: 36.90, bacc: 38.52, tmp_test_f1: 27.49, f1: 32.96
epoch: 164, val_loss:3.673707, acc: 36.90, bacc: 38.52, tmp_test_f1: 26.46, f1: 32.96
epoch: 165, val_loss:3.983916, acc: 36.90, bacc: 38.52, tmp_test_f1: 27.04, f1: 32.96
epoch: 166, val_loss:3.736922, acc: 36.90, bacc: 38.52, tmp_test_f1: 27.71, f1: 32.96
epoch: 167, val_loss:3.389667, acc: 36.90, bacc: 38.52, tmp_test_f1: 27.39, f1: 32.96
epoch: 168, val_loss:3.228853, acc: 36.90, bacc: 38.52, tmp_test_f1: 26.94, f1: 32.96
epoch: 169, val_loss:3.483464, acc: 36.90, bacc: 38.52, tmp_test_f1: 26.50, f1: 32.96
epoch: 170, val_loss:3.874087, acc: 36.90, bacc: 38.52, tmp_test_f1: 25.43, f1: 32.96
epoch: 171, val_loss:4.353019, acc: 36.90, bacc: 38.52, tmp_test_f1: 26.56, f1: 32.96
epoch: 172, val_loss:4.105458, acc: 36.90, bacc: 38.52, tmp_test_f1: 25.74, f1: 32.96
epoch: 173, val_loss:4.159462, acc: 36.90, bacc: 38.52, tmp_test_f1: 25.67, f1: 32.96
epoch: 174, val_loss:4.348382, acc: 36.90, bacc: 38.52, tmp_test_f1: 27.90, f1: 32.96
epoch: 175, val_loss:4.528114, acc: 36.90, bacc: 38.52, tmp_test_f1: 27.90, f1: 32.96
epoch: 176, val_loss:4.902248, acc: 36.90, bacc: 38.52, tmp_test_f1: 25.95, f1: 32.96
epoch: 177, val_loss:5.181561, acc: 36.90, bacc: 38.52, tmp_test_f1: 27.06, f1: 32.96
epoch: 178, val_loss:4.738151, acc: 36.90, bacc: 38.52, tmp_test_f1: 29.11, f1: 32.96
epoch: 179, val_loss:4.196064, acc: 36.90, bacc: 38.52, tmp_test_f1: 28.87, f1: 32.96
epoch: 180, val_loss:3.830998, acc: 36.90, bacc: 38.52, tmp_test_f1: 27.67, f1: 32.96
epoch: 181, val_loss:3.922681, acc: 36.90, bacc: 38.52, tmp_test_f1: 26.57, f1: 32.96
epoch: 182, val_loss:4.102782, acc: 36.90, bacc: 38.52, tmp_test_f1: 27.12, f1: 32.96
epoch: 183, val_loss:4.301975, acc: 36.90, bacc: 38.52, tmp_test_f1: 26.75, f1: 32.96
epoch: 184, val_loss:4.598033, acc: 36.90, bacc: 38.52, tmp_test_f1: 26.75, f1: 32.96
epoch: 185, val_loss:4.644180, acc: 36.90, bacc: 38.52, tmp_test_f1: 26.30, f1: 32.96
epoch: 186, val_loss:4.635003, acc: 36.90, bacc: 38.52, tmp_test_f1: 25.98, f1: 32.96
epoch: 187, val_loss:4.578981, acc: 36.90, bacc: 38.52, tmp_test_f1: 27.18, f1: 32.96
epoch: 188, val_loss:4.059906, acc: 36.90, bacc: 38.52, tmp_test_f1: 29.17, f1: 32.96
epoch: 189, val_loss:3.572430, acc: 36.90, bacc: 38.52, tmp_test_f1: 29.68, f1: 32.96
epoch: 190, val_loss:3.301245, acc: 36.90, bacc: 38.52, tmp_test_f1: 29.12, f1: 32.96
epoch: 191, val_loss:3.037117, acc: 36.90, bacc: 38.52, tmp_test_f1: 28.48, f1: 32.96
epoch: 192, val_loss:2.910063, acc: 36.90, bacc: 38.52, tmp_test_f1: 28.81, f1: 32.96
epoch: 193, val_loss:2.957071, acc: 36.90, bacc: 38.52, tmp_test_f1: 28.91, f1: 32.96
epoch: 194, val_loss:3.239288, acc: 36.90, bacc: 38.52, tmp_test_f1: 27.87, f1: 32.96
epoch: 195, val_loss:3.616959, acc: 36.90, bacc: 38.52, tmp_test_f1: 27.25, f1: 32.96
epoch: 196, val_loss:4.003492, acc: 36.90, bacc: 38.52, tmp_test_f1: 26.53, f1: 32.96
epoch: 197, val_loss:4.225617, acc: 36.90, bacc: 38.52, tmp_test_f1: 25.30, f1: 32.96
epoch: 198, val_loss:4.359385, acc: 36.90, bacc: 38.52, tmp_test_f1: 24.74, f1: 32.96
epoch: 199, val_loss:4.579142, acc: 36.90, bacc: 38.52, tmp_test_f1: 24.84, f1: 32.96
epoch: 200, val_loss:4.565477, acc: 36.90, bacc: 38.52, tmp_test_f1: 24.90, f1: 32.96
epoch: 201, val_loss:4.263930, acc: 36.90, bacc: 38.52, tmp_test_f1: 25.73, f1: 32.96
epoch: 202, val_loss:3.083914, acc: 36.90, bacc: 38.52, tmp_test_f1: 27.09, f1: 32.96
epoch: 203, val_loss:2.756846, acc: 36.90, bacc: 38.52, tmp_test_f1: 27.89, f1: 32.96
epoch: 204, val_loss:2.872439, acc: 36.90, bacc: 38.52, tmp_test_f1: 27.80, f1: 32.96
epoch: 205, val_loss:3.087125, acc: 36.90, bacc: 38.52, tmp_test_f1: 28.43, f1: 32.96
epoch: 206, val_loss:3.232910, acc: 36.90, bacc: 38.52, tmp_test_f1: 28.67, f1: 32.96
epoch: 207, val_loss:3.197304, acc: 36.90, bacc: 38.52, tmp_test_f1: 28.89, f1: 32.96
epoch: 208, val_loss:3.194693, acc: 36.90, bacc: 38.52, tmp_test_f1: 30.36, f1: 32.96
epoch: 209, val_loss:2.871417, acc: 36.90, bacc: 38.52, tmp_test_f1: 30.51, f1: 32.96
epoch: 210, val_loss:2.714245, acc: 36.90, bacc: 38.52, tmp_test_f1: 29.65, f1: 32.96
epoch: 211, val_loss:3.005736, acc: 36.90, bacc: 38.52, tmp_test_f1: 28.30, f1: 32.96
epoch: 212, val_loss:3.339360, acc: 36.90, bacc: 38.52, tmp_test_f1: 28.00, f1: 32.96
epoch: 213, val_loss:3.554382, acc: 36.90, bacc: 38.52, tmp_test_f1: 27.07, f1: 32.96
epoch: 214, val_loss:3.697889, acc: 36.90, bacc: 38.52, tmp_test_f1: 26.89, f1: 32.96
epoch: 215, val_loss:3.795960, acc: 36.90, bacc: 38.52, tmp_test_f1: 27.01, f1: 32.96
epoch: 216, val_loss:4.000554, acc: 36.90, bacc: 38.52, tmp_test_f1: 27.22, f1: 32.96
Epoch 00217: reducing learning rate of group 0 to 5.0000e-02.
Epoch 00217: reducing learning rate of group 1 to 5.0000e-02.
epoch: 217, val_loss:4.192334, acc: 36.90, bacc: 38.52, tmp_test_f1: 26.69, f1: 32.96
epoch: 218, val_loss:4.378729, acc: 36.90, bacc: 38.52, tmp_test_f1: 26.39, f1: 32.96
epoch: 219, val_loss:4.522641, acc: 36.90, bacc: 38.52, tmp_test_f1: 25.40, f1: 32.96
epoch: 220, val_loss:4.654731, acc: 36.90, bacc: 38.52, tmp_test_f1: 25.37, f1: 32.96
epoch: 221, val_loss:4.769429, acc: 36.90, bacc: 38.52, tmp_test_f1: 25.60, f1: 32.96
epoch: 222, val_loss:4.625751, acc: 36.90, bacc: 38.52, tmp_test_f1: 26.31, f1: 32.96
epoch: 223, val_loss:4.326069, acc: 36.90, bacc: 38.52, tmp_test_f1: 26.49, f1: 32.96
epoch: 224, val_loss:4.053187, acc: 36.90, bacc: 38.52, tmp_test_f1: 26.97, f1: 32.96
epoch: 225, val_loss:3.824999, acc: 36.90, bacc: 38.52, tmp_test_f1: 27.38, f1: 32.96
epoch: 226, val_loss:3.632990, acc: 36.90, bacc: 38.52, tmp_test_f1: 27.74, f1: 32.96
epoch: 227, val_loss:3.471761, acc: 36.90, bacc: 38.52, tmp_test_f1: 27.52, f1: 32.96
epoch: 228, val_loss:3.460113, acc: 36.90, bacc: 38.52, tmp_test_f1: 27.44, f1: 32.96
epoch: 229, val_loss:3.488358, acc: 36.90, bacc: 38.52, tmp_test_f1: 27.06, f1: 32.96
epoch: 230, val_loss:3.567186, acc: 36.90, bacc: 38.52, tmp_test_f1: 28.30, f1: 32.96
epoch: 231, val_loss:3.175568, acc: 36.90, bacc: 38.52, tmp_test_f1: 28.47, f1: 32.96
epoch: 232, val_loss:2.919040, acc: 36.90, bacc: 38.52, tmp_test_f1: 28.05, f1: 32.96
epoch: 233, val_loss:2.828991, acc: 36.90, bacc: 38.52, tmp_test_f1: 28.24, f1: 32.96
epoch: 234, val_loss:2.867802, acc: 36.90, bacc: 38.52, tmp_test_f1: 27.80, f1: 32.96
epoch: 235, val_loss:2.992339, acc: 36.90, bacc: 38.52, tmp_test_f1: 27.75, f1: 32.96
epoch: 236, val_loss:3.166851, acc: 36.90, bacc: 38.52, tmp_test_f1: 27.54, f1: 32.96
epoch: 237, val_loss:3.334762, acc: 36.90, bacc: 38.52, tmp_test_f1: 27.25, f1: 32.96
epoch: 238, val_loss:3.508391, acc: 36.90, bacc: 38.52, tmp_test_f1: 26.85, f1: 32.96
epoch: 239, val_loss:3.617560, acc: 36.90, bacc: 38.52, tmp_test_f1: 27.02, f1: 32.96
epoch: 240, val_loss:3.681556, acc: 36.90, bacc: 38.52, tmp_test_f1: 26.51, f1: 32.96
epoch: 241, val_loss:3.745952, acc: 36.90, bacc: 38.52, tmp_test_f1: 26.61, f1: 32.96
epoch: 242, val_loss:3.778140, acc: 36.90, bacc: 38.52, tmp_test_f1: 26.89, f1: 32.96
epoch: 243, val_loss:3.697395, acc: 36.90, bacc: 38.52, tmp_test_f1: 27.10, f1: 32.96
epoch: 244, val_loss:3.703260, acc: 36.90, bacc: 38.52, tmp_test_f1: 27.44, f1: 32.96
epoch: 245, val_loss:3.806370, acc: 36.90, bacc: 38.52, tmp_test_f1: 27.20, f1: 32.96
epoch: 246, val_loss:4.066167, acc: 36.90, bacc: 38.52, tmp_test_f1: 27.43, f1: 32.96
epoch: 247, val_loss:4.345993, acc: 36.90, bacc: 38.52, tmp_test_f1: 27.02, f1: 32.96
epoch: 248, val_loss:4.593568, acc: 36.90, bacc: 38.52, tmp_test_f1: 26.72, f1: 32.96
epoch: 249, val_loss:4.890294, acc: 36.90, bacc: 38.52, tmp_test_f1: 26.04, f1: 32.96
epoch: 250, val_loss:5.089204, acc: 36.90, bacc: 38.52, tmp_test_f1: 26.00, f1: 32.96
epoch: 251, val_loss:5.141218, acc: 36.90, bacc: 38.52, tmp_test_f1: 26.27, f1: 32.96
epoch: 252, val_loss:4.709180, acc: 36.90, bacc: 38.52, tmp_test_f1: 27.29, f1: 32.96
epoch: 253, val_loss:4.301793, acc: 36.90, bacc: 38.52, tmp_test_f1: 28.58, f1: 32.96
epoch: 254, val_loss:3.946324, acc: 36.90, bacc: 38.52, tmp_test_f1: 28.79, f1: 32.96
epoch: 255, val_loss:3.705250, acc: 36.90, bacc: 38.52, tmp_test_f1: 28.84, f1: 32.96
epoch: 256, val_loss:3.468797, acc: 36.90, bacc: 38.52, tmp_test_f1: 28.22, f1: 32.96
epoch: 257, val_loss:3.435158, acc: 36.90, bacc: 38.52, tmp_test_f1: 27.87, f1: 32.96
epoch: 258, val_loss:3.623763, acc: 36.90, bacc: 38.52, tmp_test_f1: 27.44, f1: 32.96
epoch: 259, val_loss:3.786008, acc: 36.90, bacc: 38.52, tmp_test_f1: 27.31, f1: 32.96
epoch: 260, val_loss:3.960244, acc: 36.90, bacc: 38.52, tmp_test_f1: 26.86, f1: 32.96
epoch: 261, val_loss:3.977710, acc: 36.90, bacc: 38.52, tmp_test_f1: 26.64, f1: 32.96
epoch: 262, val_loss:4.084029, acc: 36.90, bacc: 38.52, tmp_test_f1: 27.01, f1: 32.96
epoch: 263, val_loss:4.232030, acc: 36.90, bacc: 38.52, tmp_test_f1: 27.02, f1: 32.96
epoch: 264, val_loss:4.369844, acc: 36.90, bacc: 38.52, tmp_test_f1: 27.05, f1: 32.96
epoch: 265, val_loss:4.529794, acc: 36.90, bacc: 38.52, tmp_test_f1: 27.04, f1: 32.96
epoch: 266, val_loss:4.704522, acc: 36.90, bacc: 38.52, tmp_test_f1: 27.06, f1: 32.96
epoch: 267, val_loss:4.837287, acc: 36.90, bacc: 38.52, tmp_test_f1: 27.13, f1: 32.96
epoch: 268, val_loss:4.922578, acc: 36.90, bacc: 38.52, tmp_test_f1: 27.46, f1: 32.96
epoch: 269, val_loss:4.950153, acc: 36.90, bacc: 38.52, tmp_test_f1: 27.64, f1: 32.96
epoch: 270, val_loss:4.954242, acc: 36.90, bacc: 38.52, tmp_test_f1: 27.69, f1: 32.96
epoch: 271, val_loss:4.838210, acc: 36.90, bacc: 38.52, tmp_test_f1: 26.98, f1: 32.96
epoch: 272, val_loss:4.724505, acc: 36.90, bacc: 38.52, tmp_test_f1: 26.92, f1: 32.96
epoch: 273, val_loss:4.606267, acc: 36.90, bacc: 38.52, tmp_test_f1: 26.70, f1: 32.96
epoch: 274, val_loss:4.476217, acc: 36.90, bacc: 38.52, tmp_test_f1: 26.54, f1: 32.96
epoch: 275, val_loss:4.336732, acc: 36.90, bacc: 38.52, tmp_test_f1: 27.03, f1: 32.96
epoch: 276, val_loss:4.117727, acc: 36.90, bacc: 38.52, tmp_test_f1: 27.95, f1: 32.96
epoch: 277, val_loss:3.880048, acc: 36.90, bacc: 38.52, tmp_test_f1: 28.53, f1: 32.96
epoch: 278, val_loss:3.752412, acc: 36.90, bacc: 38.52, tmp_test_f1: 28.79, f1: 32.96
epoch: 279, val_loss:3.698473, acc: 36.90, bacc: 38.52, tmp_test_f1: 28.51, f1: 32.96
epoch: 280, val_loss:3.722232, acc: 36.90, bacc: 38.52, tmp_test_f1: 28.17, f1: 32.96
epoch: 281, val_loss:3.854629, acc: 36.90, bacc: 38.52, tmp_test_f1: 28.00, f1: 32.96
epoch: 282, val_loss:3.925326, acc: 36.90, bacc: 38.52, tmp_test_f1: 27.85, f1: 32.96
epoch: 283, val_loss:3.872961, acc: 36.90, bacc: 38.52, tmp_test_f1: 27.71, f1: 32.96
epoch: 284, val_loss:3.874423, acc: 36.90, bacc: 38.52, tmp_test_f1: 27.57, f1: 32.96
epoch: 285, val_loss:3.897196, acc: 36.90, bacc: 38.52, tmp_test_f1: 27.60, f1: 32.96
epoch: 286, val_loss:3.967252, acc: 36.90, bacc: 38.52, tmp_test_f1: 27.30, f1: 32.96
epoch: 287, val_loss:4.040701, acc: 36.90, bacc: 38.52, tmp_test_f1: 27.45, f1: 32.96
epoch: 288, val_loss:4.104479, acc: 36.90, bacc: 38.52, tmp_test_f1: 27.38, f1: 32.96
epoch: 289, val_loss:4.113858, acc: 36.90, bacc: 38.52, tmp_test_f1: 27.34, f1: 32.96
epoch: 290, val_loss:4.080778, acc: 36.90, bacc: 38.52, tmp_test_f1: 27.02, f1: 32.96
epoch: 291, val_loss:4.049015, acc: 36.90, bacc: 38.52, tmp_test_f1: 27.10, f1: 32.96
epoch: 292, val_loss:4.016309, acc: 36.90, bacc: 38.52, tmp_test_f1: 27.55, f1: 32.96
epoch: 293, val_loss:3.694008, acc: 36.90, bacc: 38.52, tmp_test_f1: 28.13, f1: 32.96
epoch: 294, val_loss:3.464842, acc: 36.90, bacc: 38.52, tmp_test_f1: 28.56, f1: 32.96
epoch: 295, val_loss:3.293274, acc: 36.90, bacc: 38.52, tmp_test_f1: 29.78, f1: 32.96
epoch: 296, val_loss:3.103707, acc: 36.90, bacc: 38.52, tmp_test_f1: 29.40, f1: 32.96
epoch: 297, val_loss:3.058798, acc: 36.90, bacc: 38.52, tmp_test_f1: 29.43, f1: 32.96
epoch: 298, val_loss:3.130771, acc: 36.90, bacc: 38.52, tmp_test_f1: 28.92, f1: 32.96
epoch: 299, val_loss:3.347330, acc: 36.90, bacc: 38.52, tmp_test_f1: 26.99, f1: 32.96
epoch: 300, val_loss:3.659745, acc: 36.90, bacc: 38.52, tmp_test_f1: 26.88, f1: 32.96
epoch: 301, val_loss:3.927828, acc: 36.90, bacc: 38.52, tmp_test_f1: 26.41, f1: 32.96
epoch: 302, val_loss:4.169354, acc: 36.90, bacc: 38.52, tmp_test_f1: 27.12, f1: 32.96
epoch: 303, val_loss:4.156071, acc: 36.90, bacc: 38.52, tmp_test_f1: 26.88, f1: 32.96
epoch: 304, val_loss:4.128836, acc: 36.90, bacc: 38.52, tmp_test_f1: 27.14, f1: 32.96
epoch: 305, val_loss:4.037621, acc: 36.90, bacc: 38.52, tmp_test_f1: 27.08, f1: 32.96
epoch: 306, val_loss:3.996758, acc: 36.90, bacc: 38.52, tmp_test_f1: 27.08, f1: 32.96
epoch: 307, val_loss:3.965912, acc: 36.90, bacc: 38.52, tmp_test_f1: 27.80, f1: 32.96
epoch: 308, val_loss:3.962543, acc: 36.90, bacc: 38.52, tmp_test_f1: 27.57, f1: 32.96
epoch: 309, val_loss:3.970368, acc: 36.90, bacc: 38.52, tmp_test_f1: 27.86, f1: 32.96
epoch: 310, val_loss:3.957870, acc: 36.90, bacc: 38.52, tmp_test_f1: 27.75, f1: 32.96
epoch: 311, val_loss:3.928366, acc: 36.90, bacc: 38.52, tmp_test_f1: 28.06, f1: 32.96
epoch: 312, val_loss:3.805290, acc: 36.90, bacc: 38.52, tmp_test_f1: 27.76, f1: 32.96
epoch: 313, val_loss:3.471306, acc: 36.90, bacc: 38.52, tmp_test_f1: 28.40, f1: 32.96
epoch: 314, val_loss:3.252396, acc: 36.90, bacc: 38.52, tmp_test_f1: 28.29, f1: 32.96
epoch: 315, val_loss:3.225101, acc: 36.90, bacc: 38.52, tmp_test_f1: 28.29, f1: 32.96
epoch: 316, val_loss:3.298016, acc: 36.90, bacc: 38.52, tmp_test_f1: 28.25, f1: 32.96
epoch: 317, val_loss:3.401254, acc: 36.90, bacc: 38.52, tmp_test_f1: 27.64, f1: 32.96
epoch: 318, val_loss:3.538979, acc: 36.90, bacc: 38.52, tmp_test_f1: 28.08, f1: 32.96
epoch: 319, val_loss:3.454989, acc: 36.90, bacc: 38.52, tmp_test_f1: 28.79, f1: 32.96
epoch: 320, val_loss:3.409849, acc: 36.90, bacc: 38.52, tmp_test_f1: 29.44, f1: 32.96
epoch: 321, val_loss:3.357457, acc: 36.90, bacc: 38.52, tmp_test_f1: 29.19, f1: 32.96
epoch: 322, val_loss:3.296552, acc: 36.90, bacc: 38.52, tmp_test_f1: 29.02, f1: 32.96
epoch: 323, val_loss:3.328179, acc: 36.90, bacc: 38.52, tmp_test_f1: 28.77, f1: 32.96
epoch: 324, val_loss:3.431652, acc: 36.90, bacc: 38.52, tmp_test_f1: 28.53, f1: 32.96
epoch: 325, val_loss:3.558470, acc: 36.90, bacc: 38.52, tmp_test_f1: 28.02, f1: 32.96
epoch: 326, val_loss:3.668515, acc: 36.90, bacc: 38.52, tmp_test_f1: 27.86, f1: 32.96
epoch: 327, val_loss:3.585997, acc: 36.90, bacc: 38.52, tmp_test_f1: 27.37, f1: 32.96
epoch: 328, val_loss:3.547062, acc: 36.90, bacc: 38.52, tmp_test_f1: 27.29, f1: 32.96
epoch: 329, val_loss:3.549053, acc: 36.90, bacc: 38.52, tmp_test_f1: 27.20, f1: 32.96
epoch: 330, val_loss:3.532172, acc: 36.90, bacc: 38.52, tmp_test_f1: 27.13, f1: 32.96
epoch: 331, val_loss:3.561985, acc: 36.90, bacc: 38.52, tmp_test_f1: 27.78, f1: 32.96
epoch: 332, val_loss:3.473082, acc: 36.90, bacc: 38.52, tmp_test_f1: 28.63, f1: 32.96
epoch: 333, val_loss:3.386414, acc: 36.90, bacc: 38.52, tmp_test_f1: 28.70, f1: 32.96
epoch: 334, val_loss:3.415905, acc: 36.90, bacc: 38.52, tmp_test_f1: 29.14, f1: 32.96
epoch: 335, val_loss:3.379604, acc: 36.90, bacc: 38.52, tmp_test_f1: 29.10, f1: 32.96
epoch: 336, val_loss:3.378486, acc: 36.90, bacc: 38.52, tmp_test_f1: 28.52, f1: 32.96
epoch: 337, val_loss:3.441346, acc: 36.90, bacc: 38.52, tmp_test_f1: 27.61, f1: 32.96
epoch: 338, val_loss:3.671905, acc: 36.90, bacc: 38.52, tmp_test_f1: 27.23, f1: 32.96
epoch: 339, val_loss:3.770314, acc: 36.90, bacc: 38.52, tmp_test_f1: 26.82, f1: 32.96
epoch: 340, val_loss:3.846892, acc: 36.90, bacc: 38.52, tmp_test_f1: 26.60, f1: 32.96
epoch: 341, val_loss:3.808075, acc: 36.90, bacc: 38.52, tmp_test_f1: 26.40, f1: 32.96
epoch: 342, val_loss:3.776660, acc: 36.90, bacc: 38.52, tmp_test_f1: 26.44, f1: 32.96
epoch: 343, val_loss:3.743911, acc: 36.90, bacc: 38.52, tmp_test_f1: 26.57, f1: 32.96
epoch: 344, val_loss:3.738531, acc: 36.90, bacc: 38.52, tmp_test_f1: 26.71, f1: 32.96
epoch: 345, val_loss:3.739820, acc: 36.90, bacc: 38.52, tmp_test_f1: 26.55, f1: 32.96
epoch: 346, val_loss:3.718318, acc: 36.90, bacc: 38.52, tmp_test_f1: 26.34, f1: 32.96
epoch: 347, val_loss:3.785646, acc: 36.90, bacc: 38.52, tmp_test_f1: 25.68, f1: 32.96
epoch: 348, val_loss:3.832513, acc: 36.90, bacc: 38.52, tmp_test_f1: 26.51, f1: 32.96
epoch: 349, val_loss:3.656614, acc: 36.90, bacc: 38.52, tmp_test_f1: 26.63, f1: 32.96
epoch: 350, val_loss:3.510328, acc: 36.90, bacc: 38.52, tmp_test_f1: 26.88, f1: 32.96
epoch: 351, val_loss:3.512604, acc: 36.90, bacc: 38.52, tmp_test_f1: 26.23, f1: 32.96
epoch: 352, val_loss:3.559406, acc: 36.90, bacc: 38.52, tmp_test_f1: 26.02, f1: 32.96
epoch: 353, val_loss:3.562679, acc: 36.90, bacc: 38.52, tmp_test_f1: 25.86, f1: 32.96
epoch: 354, val_loss:3.603154, acc: 36.90, bacc: 38.52, tmp_test_f1: 25.99, f1: 32.96
epoch: 355, val_loss:3.751840, acc: 36.90, bacc: 38.52, tmp_test_f1: 25.91, f1: 32.96
epoch: 356, val_loss:3.979777, acc: 36.90, bacc: 38.52, tmp_test_f1: 26.09, f1: 32.96
epoch: 357, val_loss:3.993938, acc: 36.90, bacc: 38.52, tmp_test_f1: 27.55, f1: 32.96
epoch: 358, val_loss:3.869038, acc: 36.90, bacc: 38.52, tmp_test_f1: 27.59, f1: 32.96
epoch: 359, val_loss:3.875321, acc: 36.90, bacc: 38.52, tmp_test_f1: 27.39, f1: 32.96
epoch: 360, val_loss:3.934926, acc: 36.90, bacc: 38.52, tmp_test_f1: 26.91, f1: 32.96
epoch: 361, val_loss:3.940634, acc: 36.90, bacc: 38.52, tmp_test_f1: 26.66, f1: 32.96
epoch: 362, val_loss:4.014335, acc: 36.90, bacc: 38.52, tmp_test_f1: 26.20, f1: 32.96
epoch: 363, val_loss:4.194045, acc: 36.90, bacc: 38.52, tmp_test_f1: 25.96, f1: 32.96
epoch: 364, val_loss:4.438304, acc: 36.90, bacc: 38.52, tmp_test_f1: 25.86, f1: 32.96
epoch: 365, val_loss:4.664469, acc: 36.90, bacc: 38.52, tmp_test_f1: 25.87, f1: 32.96
epoch: 366, val_loss:4.653683, acc: 36.90, bacc: 38.52, tmp_test_f1: 25.96, f1: 32.96
epoch: 367, val_loss:4.591405, acc: 36.90, bacc: 38.52, tmp_test_f1: 25.71, f1: 32.96
epoch: 368, val_loss:4.580159, acc: 36.90, bacc: 38.52, tmp_test_f1: 25.80, f1: 32.96
epoch: 369, val_loss:4.721292, acc: 36.90, bacc: 38.52, tmp_test_f1: 25.82, f1: 32.96
epoch: 370, val_loss:4.659175, acc: 36.90, bacc: 38.52, tmp_test_f1: 25.86, f1: 32.96
epoch: 371, val_loss:4.559772, acc: 36.90, bacc: 38.52, tmp_test_f1: 25.87, f1: 32.96
epoch: 372, val_loss:4.476967, acc: 36.90, bacc: 38.52, tmp_test_f1: 25.93, f1: 32.96
epoch: 373, val_loss:4.413041, acc: 36.90, bacc: 38.52, tmp_test_f1: 25.86, f1: 32.96
epoch: 374, val_loss:4.370415, acc: 36.90, bacc: 38.52, tmp_test_f1: 26.27, f1: 32.96
epoch: 375, val_loss:4.213614, acc: 36.90, bacc: 38.52, tmp_test_f1: 26.23, f1: 32.96
epoch: 376, val_loss:4.124577, acc: 36.90, bacc: 38.52, tmp_test_f1: 26.16, f1: 32.96
epoch: 377, val_loss:4.089500, acc: 36.90, bacc: 38.52, tmp_test_f1: 26.30, f1: 32.96
epoch: 378, val_loss:4.086151, acc: 36.90, bacc: 38.52, tmp_test_f1: 26.34, f1: 32.96
epoch: 379, val_loss:4.126921, acc: 36.90, bacc: 38.52, tmp_test_f1: 26.08, f1: 32.96
epoch: 380, val_loss:4.202375, acc: 36.90, bacc: 38.52, tmp_test_f1: 26.12, f1: 32.96
epoch: 381, val_loss:4.286502, acc: 36.90, bacc: 38.52, tmp_test_f1: 25.98, f1: 32.96
epoch: 382, val_loss:4.385884, acc: 36.90, bacc: 38.52, tmp_test_f1: 26.30, f1: 32.96
epoch: 383, val_loss:4.332774, acc: 36.90, bacc: 38.52, tmp_test_f1: 26.19, f1: 32.96
epoch: 384, val_loss:4.253448, acc: 36.90, bacc: 38.52, tmp_test_f1: 26.37, f1: 32.96
epoch: 385, val_loss:3.989195, acc: 36.90, bacc: 38.52, tmp_test_f1: 26.52, f1: 32.96
epoch: 386, val_loss:3.797153, acc: 36.90, bacc: 38.52, tmp_test_f1: 26.50, f1: 32.96
epoch: 387, val_loss:3.582686, acc: 36.90, bacc: 38.52, tmp_test_f1: 26.85, f1: 32.96
epoch: 388, val_loss:3.381191, acc: 36.90, bacc: 38.52, tmp_test_f1: 27.21, f1: 32.96
epoch: 389, val_loss:3.527157, acc: 36.90, bacc: 38.52, tmp_test_f1: 27.07, f1: 32.96
epoch: 390, val_loss:3.827432, acc: 36.90, bacc: 38.52, tmp_test_f1: 27.19, f1: 32.96
epoch: 391, val_loss:4.126855, acc: 36.90, bacc: 38.52, tmp_test_f1: 26.86, f1: 32.96
epoch: 392, val_loss:4.372603, acc: 36.90, bacc: 38.52, tmp_test_f1: 26.34, f1: 32.96
epoch: 393, val_loss:4.463365, acc: 36.90, bacc: 38.52, tmp_test_f1: 26.34, f1: 32.96
epoch: 394, val_loss:4.465418, acc: 36.90, bacc: 38.52, tmp_test_f1: 26.36, f1: 32.96
epoch: 395, val_loss:4.340238, acc: 36.90, bacc: 38.52, tmp_test_f1: 26.81, f1: 32.96
epoch: 396, val_loss:4.223276, acc: 36.90, bacc: 38.52, tmp_test_f1: 27.20, f1: 32.96
epoch: 397, val_loss:3.764792, acc: 36.90, bacc: 38.52, tmp_test_f1: 27.30, f1: 32.96
epoch: 398, val_loss:3.566121, acc: 36.90, bacc: 38.52, tmp_test_f1: 27.18, f1: 32.96
epoch: 399, val_loss:3.614257, acc: 36.90, bacc: 38.52, tmp_test_f1: 27.13, f1: 32.96
epoch: 400, val_loss:3.761821, acc: 36.90, bacc: 38.52, tmp_test_f1: 27.10, f1: 32.96
epoch: 401, val_loss:4.034335, acc: 36.90, bacc: 38.52, tmp_test_f1: 26.56, f1: 32.96
epoch: 402, val_loss:4.317580, acc: 36.90, bacc: 38.52, tmp_test_f1: 26.73, f1: 32.96
epoch: 403, val_loss:4.361791, acc: 36.90, bacc: 38.52, tmp_test_f1: 26.58, f1: 32.96
epoch: 404, val_loss:4.397221, acc: 36.90, bacc: 38.52, tmp_test_f1: 26.66, f1: 32.96
epoch: 405, val_loss:4.496890, acc: 36.90, bacc: 38.52, tmp_test_f1: 26.34, f1: 32.96
epoch: 406, val_loss:4.565546, acc: 36.90, bacc: 38.52, tmp_test_f1: 25.78, f1: 32.96
epoch: 407, val_loss:4.603431, acc: 36.90, bacc: 38.52, tmp_test_f1: 25.51, f1: 32.96
epoch: 408, val_loss:4.607622, acc: 36.90, bacc: 38.52, tmp_test_f1: 25.39, f1: 32.96
epoch: 409, val_loss:4.587679, acc: 36.90, bacc: 38.52, tmp_test_f1: 25.32, f1: 32.96
epoch: 410, val_loss:4.502462, acc: 36.90, bacc: 38.52, tmp_test_f1: 26.45, f1: 32.96
epoch: 411, val_loss:4.150879, acc: 36.90, bacc: 38.52, tmp_test_f1: 28.26, f1: 32.96
epoch: 412, val_loss:3.698951, acc: 36.90, bacc: 38.52, tmp_test_f1: 29.59, f1: 32.96
epoch: 413, val_loss:3.374646, acc: 36.90, bacc: 38.52, tmp_test_f1: 30.93, f1: 32.96
epoch: 414, val_loss:3.153280, acc: 36.90, bacc: 38.52, tmp_test_f1: 31.27, f1: 32.96
epoch: 415, val_loss:3.076626, acc: 36.90, bacc: 38.52, tmp_test_f1: 31.19, f1: 32.96
epoch: 416, val_loss:3.152649, acc: 36.90, bacc: 38.52, tmp_test_f1: 26.47, f1: 32.96
epoch: 417, val_loss:3.772333, acc: 36.90, bacc: 38.52, tmp_test_f1: 24.40, f1: 32.96
Epoch 00418: reducing learning rate of group 0 to 2.5000e-02.
Epoch 00418: reducing learning rate of group 1 to 2.5000e-02.
epoch: 418, val_loss:4.514527, acc: 36.90, bacc: 38.52, tmp_test_f1: 24.74, f1: 32.96
epoch: 419, val_loss:4.671412, acc: 36.90, bacc: 38.52, tmp_test_f1: 24.44, f1: 32.96
epoch: 420, val_loss:4.715156, acc: 36.90, bacc: 38.52, tmp_test_f1: 24.65, f1: 32.96
epoch: 421, val_loss:4.484518, acc: 36.90, bacc: 38.52, tmp_test_f1: 25.21, f1: 32.96
epoch: 422, val_loss:4.252680, acc: 36.90, bacc: 38.52, tmp_test_f1: 25.90, f1: 32.96
epoch: 423, val_loss:3.993581, acc: 36.90, bacc: 38.52, tmp_test_f1: 27.16, f1: 32.96
epoch: 424, val_loss:3.831671, acc: 36.90, bacc: 38.52, tmp_test_f1: 27.18, f1: 32.96
epoch: 425, val_loss:3.764656, acc: 36.90, bacc: 38.52, tmp_test_f1: 26.85, f1: 32.96
epoch: 426, val_loss:3.804581, acc: 36.90, bacc: 38.52, tmp_test_f1: 26.46, f1: 32.96
epoch: 427, val_loss:3.910676, acc: 36.90, bacc: 38.52, tmp_test_f1: 25.86, f1: 32.96
epoch: 428, val_loss:4.052131, acc: 36.90, bacc: 38.52, tmp_test_f1: 25.96, f1: 32.96
epoch: 429, val_loss:4.217937, acc: 36.90, bacc: 38.52, tmp_test_f1: 25.66, f1: 32.96
epoch: 430, val_loss:4.432333, acc: 36.90, bacc: 38.52, tmp_test_f1: 25.75, f1: 32.96
epoch: 431, val_loss:4.668880, acc: 36.90, bacc: 38.52, tmp_test_f1: 25.19, f1: 32.96
epoch: 432, val_loss:4.884942, acc: 36.90, bacc: 38.52, tmp_test_f1: 25.23, f1: 32.96
epoch: 433, val_loss:5.009763, acc: 36.90, bacc: 38.52, tmp_test_f1: 24.93, f1: 32.96
epoch: 434, val_loss:5.117275, acc: 36.90, bacc: 38.52, tmp_test_f1: 24.78, f1: 32.96
epoch: 435, val_loss:5.207507, acc: 36.90, bacc: 38.52, tmp_test_f1: 24.34, f1: 32.96
epoch: 436, val_loss:5.285067, acc: 36.90, bacc: 38.52, tmp_test_f1: 24.21, f1: 32.96
epoch: 437, val_loss:5.341615, acc: 36.90, bacc: 38.52, tmp_test_f1: 24.21, f1: 32.96
epoch: 438, val_loss:5.368789, acc: 36.90, bacc: 38.52, tmp_test_f1: 24.13, f1: 32.96
epoch: 439, val_loss:5.316632, acc: 36.90, bacc: 38.52, tmp_test_f1: 25.03, f1: 32.96
epoch: 440, val_loss:4.995277, acc: 36.90, bacc: 38.52, tmp_test_f1: 25.43, f1: 32.96
epoch: 441, val_loss:4.718283, acc: 36.90, bacc: 38.52, tmp_test_f1: 26.07, f1: 32.96
epoch: 442, val_loss:4.487317, acc: 36.90, bacc: 38.52, tmp_test_f1: 27.01, f1: 32.96
epoch: 443, val_loss:4.303580, acc: 36.90, bacc: 38.52, tmp_test_f1: 27.68, f1: 32.96
epoch: 444, val_loss:4.180460, acc: 36.90, bacc: 38.52, tmp_test_f1: 27.49, f1: 32.96
epoch: 445, val_loss:4.081379, acc: 36.90, bacc: 38.52, tmp_test_f1: 27.54, f1: 32.96
epoch: 446, val_loss:4.044901, acc: 36.90, bacc: 38.52, tmp_test_f1: 27.39, f1: 32.96
epoch: 447, val_loss:4.054267, acc: 36.90, bacc: 38.52, tmp_test_f1: 27.11, f1: 32.96
epoch: 448, val_loss:4.074721, acc: 36.90, bacc: 38.52, tmp_test_f1: 26.91, f1: 32.96
epoch: 449, val_loss:4.122458, acc: 36.90, bacc: 38.52, tmp_test_f1: 26.96, f1: 32.96
epoch: 450, val_loss:4.163489, acc: 36.90, bacc: 38.52, tmp_test_f1: 26.60, f1: 32.96
epoch: 451, val_loss:4.200526, acc: 36.90, bacc: 38.52, tmp_test_f1: 26.57, f1: 32.96
epoch: 452, val_loss:4.282629, acc: 36.90, bacc: 38.52, tmp_test_f1: 25.57, f1: 32.96
epoch: 453, val_loss:4.375270, acc: 36.90, bacc: 38.52, tmp_test_f1: 25.26, f1: 32.96
epoch: 454, val_loss:4.455725, acc: 36.90, bacc: 38.52, tmp_test_f1: 25.37, f1: 32.96
epoch: 455, val_loss:4.427356, acc: 36.90, bacc: 38.52, tmp_test_f1: 25.17, f1: 32.96
epoch: 456, val_loss:4.408031, acc: 36.90, bacc: 38.52, tmp_test_f1: 25.00, f1: 32.96
epoch: 457, val_loss:4.398002, acc: 36.90, bacc: 38.52, tmp_test_f1: 24.87, f1: 32.96
epoch: 458, val_loss:4.361671, acc: 36.90, bacc: 38.52, tmp_test_f1: 24.81, f1: 32.96
epoch: 459, val_loss:4.335215, acc: 36.90, bacc: 38.52, tmp_test_f1: 25.22, f1: 32.96
epoch: 460, val_loss:4.148865, acc: 36.90, bacc: 38.52, tmp_test_f1: 25.79, f1: 32.96
epoch: 461, val_loss:3.990652, acc: 36.90, bacc: 38.52, tmp_test_f1: 25.75, f1: 32.96
epoch: 462, val_loss:3.875719, acc: 36.90, bacc: 38.52, tmp_test_f1: 25.87, f1: 32.96
epoch: 463, val_loss:3.806061, acc: 36.90, bacc: 38.52, tmp_test_f1: 26.19, f1: 32.96
epoch: 464, val_loss:3.779866, acc: 36.90, bacc: 38.52, tmp_test_f1: 26.28, f1: 32.96
epoch: 465, val_loss:3.796553, acc: 36.90, bacc: 38.52, tmp_test_f1: 26.07, f1: 32.96
epoch: 466, val_loss:3.801775, acc: 36.90, bacc: 38.52, tmp_test_f1: 25.95, f1: 32.96
epoch: 467, val_loss:3.790937, acc: 36.90, bacc: 38.52, tmp_test_f1: 26.01, f1: 32.96
epoch: 468, val_loss:3.768211, acc: 36.90, bacc: 38.52, tmp_test_f1: 26.60, f1: 32.96
epoch: 469, val_loss:3.739276, acc: 36.90, bacc: 38.52, tmp_test_f1: 26.98, f1: 32.96
epoch: 470, val_loss:3.727796, acc: 36.90, bacc: 38.52, tmp_test_f1: 27.24, f1: 32.96
epoch: 471, val_loss:3.737550, acc: 36.90, bacc: 38.52, tmp_test_f1: 27.24, f1: 32.96
epoch: 472, val_loss:3.766238, acc: 36.90, bacc: 38.52, tmp_test_f1: 27.72, f1: 32.96
epoch: 473, val_loss:3.683330, acc: 36.90, bacc: 38.52, tmp_test_f1: 27.82, f1: 32.96
epoch: 474, val_loss:3.618794, acc: 36.90, bacc: 38.52, tmp_test_f1: 27.96, f1: 32.96
epoch: 475, val_loss:3.574848, acc: 36.90, bacc: 38.52, tmp_test_f1: 27.88, f1: 32.96
epoch: 476, val_loss:3.546086, acc: 36.90, bacc: 38.52, tmp_test_f1: 27.84, f1: 32.96
epoch: 477, val_loss:3.539667, acc: 36.90, bacc: 38.52, tmp_test_f1: 27.58, f1: 32.96
epoch: 478, val_loss:3.541492, acc: 36.90, bacc: 38.52, tmp_test_f1: 27.20, f1: 32.96
epoch: 479, val_loss:3.593290, acc: 36.90, bacc: 38.52, tmp_test_f1: 27.20, f1: 32.96
epoch: 480, val_loss:3.668347, acc: 36.90, bacc: 38.52, tmp_test_f1: 27.19, f1: 32.96
epoch: 481, val_loss:3.749319, acc: 36.90, bacc: 38.52, tmp_test_f1: 26.51, f1: 32.96
epoch: 482, val_loss:3.811892, acc: 36.90, bacc: 38.52, tmp_test_f1: 26.02, f1: 32.96
epoch: 483, val_loss:3.874145, acc: 36.90, bacc: 38.52, tmp_test_f1: 25.45, f1: 32.96
epoch: 484, val_loss:3.943969, acc: 36.90, bacc: 38.52, tmp_test_f1: 25.42, f1: 32.96
epoch: 485, val_loss:3.964688, acc: 36.90, bacc: 38.52, tmp_test_f1: 25.48, f1: 32.96
epoch: 486, val_loss:3.971871, acc: 36.90, bacc: 38.52, tmp_test_f1: 25.50, f1: 32.96
epoch: 487, val_loss:3.940825, acc: 36.90, bacc: 38.52, tmp_test_f1: 25.50, f1: 32.96
epoch: 488, val_loss:3.935329, acc: 36.90, bacc: 38.52, tmp_test_f1: 25.54, f1: 32.96
epoch: 489, val_loss:3.922144, acc: 36.90, bacc: 38.52, tmp_test_f1: 25.60, f1: 32.96
epoch: 490, val_loss:3.813679, acc: 36.90, bacc: 38.52, tmp_test_f1: 25.96, f1: 32.96
epoch: 491, val_loss:3.751863, acc: 36.90, bacc: 38.52, tmp_test_f1: 26.27, f1: 32.96
epoch: 492, val_loss:3.718419, acc: 36.90, bacc: 38.52, tmp_test_f1: 25.97, f1: 32.96
epoch: 493, val_loss:3.769248, acc: 36.90, bacc: 38.52, tmp_test_f1: 25.88, f1: 32.96
epoch: 494, val_loss:3.820457, acc: 36.90, bacc: 38.52, tmp_test_f1: 25.47, f1: 32.96
epoch: 495, val_loss:3.889774, acc: 36.90, bacc: 38.52, tmp_test_f1: 25.47, f1: 32.96
epoch: 496, val_loss:3.975797, acc: 36.90, bacc: 38.52, tmp_test_f1: 25.34, f1: 32.96
epoch: 497, val_loss:4.036245, acc: 36.90, bacc: 38.52, tmp_test_f1: 25.14, f1: 32.96
epoch: 498, val_loss:4.051643, acc: 36.90, bacc: 38.52, tmp_test_f1: 25.33, f1: 32.96
epoch: 499, val_loss:4.006178, acc: 36.90, bacc: 38.52, tmp_test_f1: 25.61, f1: 32.96
epoch: 500, val_loss:3.956983, acc: 36.90, bacc: 38.52, tmp_test_f1: 25.61, f1: 32.96
epoch: 501, val_loss:3.911707, acc: 36.90, bacc: 38.52, tmp_test_f1: 25.61, f1: 32.96
epoch: 502, val_loss:3.886533, acc: 36.90, bacc: 38.52, tmp_test_f1: 25.74, f1: 32.96
epoch: 503, val_loss:3.749048, acc: 36.90, bacc: 38.52, tmp_test_f1: 26.48, f1: 32.96
epoch: 504, val_loss:3.647087, acc: 36.90, bacc: 38.52, tmp_test_f1: 27.13, f1: 32.96
epoch: 505, val_loss:3.582366, acc: 36.90, bacc: 38.52, tmp_test_f1: 27.09, f1: 32.96
epoch: 506, val_loss:3.566492, acc: 36.90, bacc: 38.52, tmp_test_f1: 26.67, f1: 32.96
epoch: 507, val_loss:3.611933, acc: 36.90, bacc: 38.52, tmp_test_f1: 25.89, f1: 32.96
epoch: 508, val_loss:3.684319, acc: 36.90, bacc: 38.52, tmp_test_f1: 25.64, f1: 32.96
epoch: 509, val_loss:3.926229, acc: 36.90, bacc: 38.52, tmp_test_f1: 25.88, f1: 32.96
epoch: 510, val_loss:4.106886, acc: 36.90, bacc: 38.52, tmp_test_f1: 25.64, f1: 32.96
epoch: 511, val_loss:4.266487, acc: 36.90, bacc: 38.52, tmp_test_f1: 25.64, f1: 32.96
epoch: 512, val_loss:4.381564, acc: 36.90, bacc: 38.52, tmp_test_f1: 25.58, f1: 32.96
epoch: 513, val_loss:4.422156, acc: 36.90, bacc: 38.52, tmp_test_f1: 25.77, f1: 32.96
epoch: 514, val_loss:4.174865, acc: 36.90, bacc: 38.52, tmp_test_f1: 26.55, f1: 32.96
epoch: 515, val_loss:3.846828, acc: 36.90, bacc: 38.52, tmp_test_f1: 26.74, f1: 32.96
epoch: 516, val_loss:3.565845, acc: 36.90, bacc: 38.52, tmp_test_f1: 28.27, f1: 32.96
epoch: 517, val_loss:3.319922, acc: 36.90, bacc: 38.52, tmp_test_f1: 28.52, f1: 32.96
epoch: 518, val_loss:3.214339, acc: 36.90, bacc: 38.52, tmp_test_f1: 28.85, f1: 32.96
epoch: 519, val_loss:3.178817, acc: 36.90, bacc: 38.52, tmp_test_f1: 28.62, f1: 32.96
epoch: 520, val_loss:3.190153, acc: 36.90, bacc: 38.52, tmp_test_f1: 28.47, f1: 32.96
epoch: 521, val_loss:3.258793, acc: 36.90, bacc: 38.52, tmp_test_f1: 27.82, f1: 32.96
epoch: 522, val_loss:3.343536, acc: 36.90, bacc: 38.52, tmp_test_f1: 27.78, f1: 32.96
epoch: 523, val_loss:3.428459, acc: 36.90, bacc: 38.52, tmp_test_f1: 27.54, f1: 32.96
epoch: 524, val_loss:3.522498, acc: 36.90, bacc: 38.52, tmp_test_f1: 27.46, f1: 32.96
epoch: 525, val_loss:3.628974, acc: 36.90, bacc: 38.52, tmp_test_f1: 26.66, f1: 32.96
epoch: 526, val_loss:3.689605, acc: 36.90, bacc: 38.52, tmp_test_f1: 26.50, f1: 32.96
epoch: 527, val_loss:3.756087, acc: 36.90, bacc: 38.52, tmp_test_f1: 26.51, f1: 32.96
epoch: 528, val_loss:3.833319, acc: 36.90, bacc: 38.52, tmp_test_f1: 25.84, f1: 32.96
epoch: 529, val_loss:3.931736, acc: 36.90, bacc: 38.52, tmp_test_f1: 25.67, f1: 32.96
epoch: 530, val_loss:4.028419, acc: 36.90, bacc: 38.52, tmp_test_f1: 25.57, f1: 32.96
epoch: 531, val_loss:4.101439, acc: 36.90, bacc: 38.52, tmp_test_f1: 25.02, f1: 32.96
epoch: 532, val_loss:4.162395, acc: 36.90, bacc: 38.52, tmp_test_f1: 25.15, f1: 32.96
epoch: 533, val_loss:4.194231, acc: 36.90, bacc: 38.52, tmp_test_f1: 25.23, f1: 32.96
epoch: 534, val_loss:4.133058, acc: 36.90, bacc: 38.52, tmp_test_f1: 25.44, f1: 32.96
epoch: 535, val_loss:4.046962, acc: 36.90, bacc: 38.52, tmp_test_f1: 26.15, f1: 32.96
epoch: 536, val_loss:3.940710, acc: 36.90, bacc: 38.52, tmp_test_f1: 26.28, f1: 32.96
epoch: 537, val_loss:3.800984, acc: 36.90, bacc: 38.52, tmp_test_f1: 26.42, f1: 32.96
epoch: 538, val_loss:3.715804, acc: 36.90, bacc: 38.52, tmp_test_f1: 27.02, f1: 32.96
epoch: 539, val_loss:3.614314, acc: 36.90, bacc: 38.52, tmp_test_f1: 27.11, f1: 32.96
epoch: 540, val_loss:3.422070, acc: 36.90, bacc: 38.52, tmp_test_f1: 27.89, f1: 32.96
epoch: 541, val_loss:3.342386, acc: 36.90, bacc: 38.52, tmp_test_f1: 28.18, f1: 32.96
epoch: 542, val_loss:3.324230, acc: 36.90, bacc: 38.52, tmp_test_f1: 28.95, f1: 32.96
epoch: 543, val_loss:3.295659, acc: 36.90, bacc: 38.52, tmp_test_f1: 28.46, f1: 32.96
epoch: 544, val_loss:3.342138, acc: 36.90, bacc: 38.52, tmp_test_f1: 28.92, f1: 32.96
epoch: 545, val_loss:3.460304, acc: 36.90, bacc: 38.52, tmp_test_f1: 28.71, f1: 32.96
epoch: 546, val_loss:3.599237, acc: 36.90, bacc: 38.52, tmp_test_f1: 28.32, f1: 32.96
epoch: 547, val_loss:3.719641, acc: 36.90, bacc: 38.52, tmp_test_f1: 28.27, f1: 32.96
epoch: 548, val_loss:3.823085, acc: 36.90, bacc: 38.52, tmp_test_f1: 27.90, f1: 32.96
epoch: 549, val_loss:3.921711, acc: 36.90, bacc: 38.52, tmp_test_f1: 27.81, f1: 32.96
epoch: 550, val_loss:4.008990, acc: 36.90, bacc: 38.52, tmp_test_f1: 27.72, f1: 32.96
epoch: 551, val_loss:4.045270, acc: 36.90, bacc: 38.52, tmp_test_f1: 27.65, f1: 32.96
epoch: 552, val_loss:4.053400, acc: 36.90, bacc: 38.52, tmp_test_f1: 27.65, f1: 32.96
epoch: 553, val_loss:3.962663, acc: 36.90, bacc: 38.52, tmp_test_f1: 27.53, f1: 32.96
epoch: 554, val_loss:3.878701, acc: 36.90, bacc: 38.52, tmp_test_f1: 28.20, f1: 32.96
epoch: 555, val_loss:3.799948, acc: 36.90, bacc: 38.52, tmp_test_f1: 28.32, f1: 32.96
epoch: 556, val_loss:3.715560, acc: 36.90, bacc: 38.52, tmp_test_f1: 28.38, f1: 32.96
epoch: 557, val_loss:3.668586, acc: 36.90, bacc: 38.52, tmp_test_f1: 28.63, f1: 32.96
epoch: 558, val_loss:3.553457, acc: 36.90, bacc: 38.52, tmp_test_f1: 29.11, f1: 32.96
epoch: 559, val_loss:3.422932, acc: 36.90, bacc: 38.52, tmp_test_f1: 28.80, f1: 32.96
epoch: 560, val_loss:3.349489, acc: 36.90, bacc: 38.52, tmp_test_f1: 28.57, f1: 32.96
epoch: 561, val_loss:3.330260, acc: 36.90, bacc: 38.52, tmp_test_f1: 28.46, f1: 32.96
epoch: 562, val_loss:3.336740, acc: 36.90, bacc: 38.52, tmp_test_f1: 28.50, f1: 32.96
epoch: 563, val_loss:3.379902, acc: 36.90, bacc: 38.52, tmp_test_f1: 28.14, f1: 32.96
epoch: 564, val_loss:3.433766, acc: 36.90, bacc: 38.52, tmp_test_f1: 28.50, f1: 32.96
epoch: 565, val_loss:3.384225, acc: 36.90, bacc: 38.52, tmp_test_f1: 28.51, f1: 32.96
epoch: 566, val_loss:3.362286, acc: 36.90, bacc: 38.52, tmp_test_f1: 28.54, f1: 32.96
epoch: 567, val_loss:3.321653, acc: 36.90, bacc: 38.52, tmp_test_f1: 28.67, f1: 32.96
epoch: 568, val_loss:3.307177, acc: 36.90, bacc: 38.52, tmp_test_f1: 28.89, f1: 32.96
epoch: 569, val_loss:3.213917, acc: 36.90, bacc: 38.52, tmp_test_f1: 28.89, f1: 32.96
epoch: 570, val_loss:3.152183, acc: 36.90, bacc: 38.52, tmp_test_f1: 29.17, f1: 32.96
epoch: 571, val_loss:3.098124, acc: 36.90, bacc: 38.52, tmp_test_f1: 29.05, f1: 32.96
epoch: 572, val_loss:3.086344, acc: 36.90, bacc: 38.52, tmp_test_f1: 28.72, f1: 32.96
epoch: 573, val_loss:3.092035, acc: 36.90, bacc: 38.52, tmp_test_f1: 28.93, f1: 32.96
epoch: 574, val_loss:3.087747, acc: 36.90, bacc: 38.52, tmp_test_f1: 28.22, f1: 32.96
epoch: 575, val_loss:3.209972, acc: 36.90, bacc: 38.52, tmp_test_f1: 27.62, f1: 32.96
epoch: 576, val_loss:3.338372, acc: 36.90, bacc: 38.52, tmp_test_f1: 27.44, f1: 32.96
epoch: 577, val_loss:3.464255, acc: 36.90, bacc: 38.52, tmp_test_f1: 27.08, f1: 32.96
epoch: 578, val_loss:3.513069, acc: 36.90, bacc: 38.52, tmp_test_f1: 27.06, f1: 32.96
epoch: 579, val_loss:3.508192, acc: 36.90, bacc: 38.52, tmp_test_f1: 27.17, f1: 32.96
epoch: 580, val_loss:3.420408, acc: 36.90, bacc: 38.52, tmp_test_f1: 27.80, f1: 32.96
epoch: 581, val_loss:3.308457, acc: 36.90, bacc: 38.52, tmp_test_f1: 28.04, f1: 32.96
epoch: 582, val_loss:3.239949, acc: 36.90, bacc: 38.52, tmp_test_f1: 28.22, f1: 32.96
epoch: 583, val_loss:3.280227, acc: 36.90, bacc: 38.52, tmp_test_f1: 27.90, f1: 32.96
epoch: 584, val_loss:3.399116, acc: 36.90, bacc: 38.52, tmp_test_f1: 27.21, f1: 32.96
epoch: 585, val_loss:3.529988, acc: 36.90, bacc: 38.52, tmp_test_f1: 26.70, f1: 32.96
epoch: 586, val_loss:3.654770, acc: 36.90, bacc: 38.52, tmp_test_f1: 26.93, f1: 32.96
epoch: 587, val_loss:3.814344, acc: 36.90, bacc: 38.52, tmp_test_f1: 26.80, f1: 32.96
epoch: 588, val_loss:3.963048, acc: 36.90, bacc: 38.52, tmp_test_f1: 26.66, f1: 32.96
epoch: 589, val_loss:4.175549, acc: 36.90, bacc: 38.52, tmp_test_f1: 26.42, f1: 32.96
epoch: 590, val_loss:4.255428, acc: 36.90, bacc: 38.52, tmp_test_f1: 26.48, f1: 32.96
epoch: 591, val_loss:4.247986, acc: 36.90, bacc: 38.52, tmp_test_f1: 26.46, f1: 32.96
epoch: 592, val_loss:4.214932, acc: 36.90, bacc: 38.52, tmp_test_f1: 26.44, f1: 32.96
epoch: 593, val_loss:4.110646, acc: 36.90, bacc: 38.52, tmp_test_f1: 26.52, f1: 32.96
epoch: 594, val_loss:4.025920, acc: 36.90, bacc: 38.52, tmp_test_f1: 27.38, f1: 32.96
epoch: 595, val_loss:3.626793, acc: 36.90, bacc: 38.52, tmp_test_f1: 28.27, f1: 32.96
epoch: 596, val_loss:3.287160, acc: 36.90, bacc: 38.52, tmp_test_f1: 29.21, f1: 32.96
epoch: 597, val_loss:2.998549, acc: 36.90, bacc: 38.52, tmp_test_f1: 30.17, f1: 32.96
epoch: 598, val_loss:2.788910, acc: 36.90, bacc: 38.52, tmp_test_f1: 30.04, f1: 32.96
epoch: 599, val_loss:2.678385, acc: 36.90, bacc: 38.52, tmp_test_f1: 30.17, f1: 32.96
epoch: 600, val_loss:2.663709, acc: 36.90, bacc: 38.52, tmp_test_f1: 30.28, f1: 32.96
epoch: 601, val_loss:2.714632, acc: 36.90, bacc: 38.52, tmp_test_f1: 29.89, f1: 32.96
epoch: 602, val_loss:2.862158, acc: 36.90, bacc: 38.52, tmp_test_f1: 29.82, f1: 32.96
epoch: 603, val_loss:3.021910, acc: 36.90, bacc: 38.52, tmp_test_f1: 28.45, f1: 32.96
epoch: 604, val_loss:3.249907, acc: 36.90, bacc: 38.52, tmp_test_f1: 27.09, f1: 32.96
epoch: 605, val_loss:3.402442, acc: 36.90, bacc: 38.52, tmp_test_f1: 26.78, f1: 32.96
epoch: 606, val_loss:3.550107, acc: 36.90, bacc: 38.52, tmp_test_f1: 26.26, f1: 32.96
epoch: 607, val_loss:3.649572, acc: 36.90, bacc: 38.52, tmp_test_f1: 26.47, f1: 32.96
epoch: 608, val_loss:3.691385, acc: 36.90, bacc: 38.52, tmp_test_f1: 26.45, f1: 32.96
epoch: 609, val_loss:3.726035, acc: 36.90, bacc: 38.52, tmp_test_f1: 26.66, f1: 32.96
epoch: 610, val_loss:3.730950, acc: 36.90, bacc: 38.52, tmp_test_f1: 26.96, f1: 32.96
epoch: 611, val_loss:3.729793, acc: 36.90, bacc: 38.52, tmp_test_f1: 27.18, f1: 32.96
epoch: 612, val_loss:3.729212, acc: 36.90, bacc: 38.52, tmp_test_f1: 27.44, f1: 32.96
epoch: 613, val_loss:3.743086, acc: 36.90, bacc: 38.52, tmp_test_f1: 27.50, f1: 32.96
epoch: 614, val_loss:3.745779, acc: 36.90, bacc: 38.52, tmp_test_f1: 28.04, f1: 32.96
epoch: 615, val_loss:3.756395, acc: 36.90, bacc: 38.52, tmp_test_f1: 28.08, f1: 32.96
epoch: 616, val_loss:3.770952, acc: 36.90, bacc: 38.52, tmp_test_f1: 28.46, f1: 32.96
epoch: 617, val_loss:3.625950, acc: 36.90, bacc: 38.52, tmp_test_f1: 27.94, f1: 32.96
epoch: 618, val_loss:3.523877, acc: 36.90, bacc: 38.52, tmp_test_f1: 28.03, f1: 32.96
Epoch 00619: reducing learning rate of group 0 to 1.2500e-02.
Epoch 00619: reducing learning rate of group 1 to 1.2500e-02.
epoch: 619, val_loss:3.482293, acc: 36.90, bacc: 38.52, tmp_test_f1: 27.84, f1: 32.96
epoch: 620, val_loss:3.487528, acc: 36.90, bacc: 38.52, tmp_test_f1: 27.61, f1: 32.96
epoch: 621, val_loss:3.504338, acc: 36.90, bacc: 38.52, tmp_test_f1: 27.14, f1: 32.96
epoch: 622, val_loss:3.540061, acc: 36.90, bacc: 38.52, tmp_test_f1: 26.68, f1: 32.96
epoch: 623, val_loss:3.609407, acc: 36.90, bacc: 38.52, tmp_test_f1: 26.30, f1: 32.96
epoch: 624, val_loss:3.676871, acc: 36.90, bacc: 38.52, tmp_test_f1: 25.99, f1: 32.96
epoch: 625, val_loss:3.815341, acc: 36.90, bacc: 38.52, tmp_test_f1: 25.96, f1: 32.96
epoch: 626, val_loss:3.959891, acc: 36.90, bacc: 38.52, tmp_test_f1: 25.84, f1: 32.96
epoch: 627, val_loss:4.006334, acc: 36.90, bacc: 38.52, tmp_test_f1: 25.88, f1: 32.96
epoch: 628, val_loss:4.025059, acc: 36.90, bacc: 38.52, tmp_test_f1: 25.88, f1: 32.96
epoch: 629, val_loss:4.019437, acc: 36.90, bacc: 38.52, tmp_test_f1: 25.88, f1: 32.96
epoch: 630, val_loss:3.984119, acc: 36.90, bacc: 38.52, tmp_test_f1: 26.01, f1: 32.96
epoch: 631, val_loss:3.957566, acc: 36.90, bacc: 38.52, tmp_test_f1: 26.01, f1: 32.96
epoch: 632, val_loss:3.905394, acc: 36.90, bacc: 38.52, tmp_test_f1: 25.95, f1: 32.96
epoch: 633, val_loss:3.856782, acc: 36.90, bacc: 38.52, tmp_test_f1: 26.31, f1: 32.96
epoch: 634, val_loss:3.804416, acc: 36.90, bacc: 38.52, tmp_test_f1: 26.19, f1: 32.96
epoch: 635, val_loss:3.753359, acc: 36.90, bacc: 38.52, tmp_test_f1: 26.39, f1: 32.96
epoch: 636, val_loss:3.706584, acc: 36.90, bacc: 38.52, tmp_test_f1: 26.41, f1: 32.96
epoch: 637, val_loss:3.664936, acc: 36.90, bacc: 38.52, tmp_test_f1: 26.47, f1: 32.96
epoch: 638, val_loss:3.664788, acc: 36.90, bacc: 38.52, tmp_test_f1: 26.38, f1: 32.96
epoch: 639, val_loss:3.667921, acc: 36.90, bacc: 38.52, tmp_test_f1: 26.38, f1: 32.96
epoch: 640, val_loss:3.673525, acc: 36.90, bacc: 38.52, tmp_test_f1: 26.43, f1: 32.96
epoch: 641, val_loss:3.695221, acc: 36.90, bacc: 38.52, tmp_test_f1: 26.50, f1: 32.96
epoch: 642, val_loss:3.747529, acc: 36.90, bacc: 38.52, tmp_test_f1: 26.45, f1: 32.96
epoch: 643, val_loss:3.787792, acc: 36.90, bacc: 38.52, tmp_test_f1: 26.45, f1: 32.96
epoch: 644, val_loss:3.822082, acc: 36.90, bacc: 38.52, tmp_test_f1: 26.36, f1: 32.96
epoch: 645, val_loss:3.850617, acc: 36.90, bacc: 38.52, tmp_test_f1: 26.32, f1: 32.96
epoch: 646, val_loss:3.851264, acc: 36.90, bacc: 38.52, tmp_test_f1: 26.32, f1: 32.96
epoch: 647, val_loss:3.832559, acc: 36.90, bacc: 38.52, tmp_test_f1: 26.28, f1: 32.96
epoch: 648, val_loss:3.822833, acc: 36.90, bacc: 38.52, tmp_test_f1: 26.59, f1: 32.96
epoch: 649, val_loss:3.815908, acc: 36.90, bacc: 38.52, tmp_test_f1: 26.17, f1: 32.96
epoch: 650, val_loss:3.808305, acc: 36.90, bacc: 38.52, tmp_test_f1: 26.17, f1: 32.96
epoch: 651, val_loss:3.797192, acc: 36.90, bacc: 38.52, tmp_test_f1: 25.96, f1: 32.96
epoch: 652, val_loss:3.774606, acc: 36.90, bacc: 38.52, tmp_test_f1: 25.96, f1: 32.96
epoch: 653, val_loss:3.754499, acc: 36.90, bacc: 38.52, tmp_test_f1: 25.93, f1: 32.96
epoch: 654, val_loss:3.721244, acc: 36.90, bacc: 38.52, tmp_test_f1: 27.05, f1: 32.96
epoch: 655, val_loss:3.588924, acc: 36.90, bacc: 38.52, tmp_test_f1: 27.63, f1: 32.96
epoch: 656, val_loss:3.400679, acc: 36.90, bacc: 38.52, tmp_test_f1: 27.94, f1: 32.96
epoch: 657, val_loss:3.246276, acc: 36.90, bacc: 38.52, tmp_test_f1: 28.07, f1: 32.96
epoch: 658, val_loss:3.130861, acc: 36.90, bacc: 38.52, tmp_test_f1: 28.55, f1: 32.96
epoch: 659, val_loss:3.059335, acc: 36.90, bacc: 38.52, tmp_test_f1: 28.89, f1: 32.96
epoch: 660, val_loss:2.985489, acc: 36.90, bacc: 38.52, tmp_test_f1: 28.93, f1: 32.96
epoch: 661, val_loss:2.947990, acc: 36.90, bacc: 38.52, tmp_test_f1: 29.08, f1: 32.96
epoch: 662, val_loss:2.954665, acc: 36.90, bacc: 38.52, tmp_test_f1: 28.60, f1: 32.96
epoch: 663, val_loss:2.993211, acc: 36.90, bacc: 38.52, tmp_test_f1: 28.16, f1: 32.96
epoch: 664, val_loss:3.075454, acc: 36.90, bacc: 38.52, tmp_test_f1: 27.64, f1: 32.96
epoch: 665, val_loss:3.160125, acc: 36.90, bacc: 38.52, tmp_test_f1: 27.42, f1: 32.96
epoch: 666, val_loss:3.260665, acc: 36.90, bacc: 38.52, tmp_test_f1: 26.82, f1: 32.96
epoch: 667, val_loss:3.355605, acc: 36.90, bacc: 38.52, tmp_test_f1: 26.44, f1: 32.96
epoch: 668, val_loss:3.447829, acc: 36.90, bacc: 38.52, tmp_test_f1: 26.05, f1: 32.96
epoch: 669, val_loss:3.539670, acc: 36.90, bacc: 38.52, tmp_test_f1: 25.65, f1: 32.96
epoch: 670, val_loss:3.618958, acc: 36.90, bacc: 38.52, tmp_test_f1: 25.58, f1: 32.96
epoch: 671, val_loss:3.696335, acc: 36.90, bacc: 38.52, tmp_test_f1: 25.55, f1: 32.96
epoch: 672, val_loss:3.764424, acc: 36.90, bacc: 38.52, tmp_test_f1: 25.54, f1: 32.96
epoch: 673, val_loss:3.811646, acc: 36.90, bacc: 38.52, tmp_test_f1: 25.56, f1: 32.96
epoch: 674, val_loss:3.821880, acc: 36.90, bacc: 38.52, tmp_test_f1: 26.10, f1: 32.96
epoch: 675, val_loss:3.761894, acc: 36.90, bacc: 38.52, tmp_test_f1: 26.53, f1: 32.96
epoch: 676, val_loss:3.673105, acc: 36.90, bacc: 38.52, tmp_test_f1: 26.94, f1: 32.96
epoch: 677, val_loss:3.600151, acc: 36.90, bacc: 38.52, tmp_test_f1: 27.09, f1: 32.96
epoch: 678, val_loss:3.537783, acc: 36.90, bacc: 38.52, tmp_test_f1: 28.03, f1: 32.96
epoch: 679, val_loss:3.484529, acc: 36.90, bacc: 38.52, tmp_test_f1: 28.45, f1: 32.96
epoch: 680, val_loss:3.426835, acc: 36.90, bacc: 38.52, tmp_test_f1: 28.80, f1: 32.96
epoch: 681, val_loss:3.366182, acc: 36.90, bacc: 38.52, tmp_test_f1: 28.88, f1: 32.96
epoch: 682, val_loss:3.334145, acc: 36.90, bacc: 38.52, tmp_test_f1: 29.07, f1: 32.96
epoch: 683, val_loss:3.322972, acc: 36.90, bacc: 38.52, tmp_test_f1: 28.74, f1: 32.96
epoch: 684, val_loss:3.363090, acc: 36.90, bacc: 38.52, tmp_test_f1: 28.38, f1: 32.96
epoch: 685, val_loss:3.424142, acc: 36.90, bacc: 38.52, tmp_test_f1: 27.88, f1: 32.96
epoch: 686, val_loss:3.500341, acc: 36.90, bacc: 38.52, tmp_test_f1: 27.37, f1: 32.96
epoch: 687, val_loss:3.575577, acc: 36.90, bacc: 38.52, tmp_test_f1: 27.07, f1: 32.96
epoch: 688, val_loss:3.649328, acc: 36.90, bacc: 38.52, tmp_test_f1: 26.94, f1: 32.96
epoch: 689, val_loss:3.657925, acc: 36.90, bacc: 38.52, tmp_test_f1: 26.97, f1: 32.96
epoch: 690, val_loss:3.662751, acc: 36.90, bacc: 38.52, tmp_test_f1: 26.69, f1: 32.96
epoch: 691, val_loss:3.674929, acc: 36.90, bacc: 38.52, tmp_test_f1: 26.69, f1: 32.96
epoch: 692, val_loss:3.675264, acc: 36.90, bacc: 38.52, tmp_test_f1: 26.86, f1: 32.96
epoch: 693, val_loss:3.681275, acc: 36.90, bacc: 38.52, tmp_test_f1: 26.78, f1: 32.96
epoch: 694, val_loss:3.665212, acc: 36.90, bacc: 38.52, tmp_test_f1: 26.60, f1: 32.96
epoch: 695, val_loss:3.651302, acc: 36.90, bacc: 38.52, tmp_test_f1: 26.43, f1: 32.96
epoch: 696, val_loss:3.633096, acc: 36.90, bacc: 38.52, tmp_test_f1: 26.37, f1: 32.96
epoch: 697, val_loss:3.612096, acc: 36.90, bacc: 38.52, tmp_test_f1: 26.43, f1: 32.96
epoch: 698, val_loss:3.569030, acc: 36.90, bacc: 38.52, tmp_test_f1: 26.76, f1: 32.96
epoch: 699, val_loss:3.587086, acc: 36.90, bacc: 38.52, tmp_test_f1: 26.69, f1: 32.96
epoch: 700, val_loss:3.571352, acc: 36.90, bacc: 38.52, tmp_test_f1: 26.82, f1: 32.96
epoch: 701, val_loss:3.542781, acc: 36.90, bacc: 38.52, tmp_test_f1: 27.34, f1: 32.96
epoch: 702, val_loss:3.503303, acc: 36.90, bacc: 38.52, tmp_test_f1: 27.39, f1: 32.96
epoch: 703, val_loss:3.476524, acc: 36.90, bacc: 38.52, tmp_test_f1: 27.51, f1: 32.96
epoch: 704, val_loss:3.458866, acc: 36.90, bacc: 38.52, tmp_test_f1: 27.76, f1: 32.96
epoch: 705, val_loss:3.407748, acc: 36.90, bacc: 38.52, tmp_test_f1: 27.77, f1: 32.96
epoch: 706, val_loss:3.370854, acc: 36.90, bacc: 38.52, tmp_test_f1: 28.05, f1: 32.96
epoch: 707, val_loss:3.358528, acc: 36.90, bacc: 38.52, tmp_test_f1: 28.05, f1: 32.96
epoch: 708, val_loss:3.357262, acc: 36.90, bacc: 38.52, tmp_test_f1: 28.08, f1: 32.96
epoch: 709, val_loss:3.345523, acc: 36.90, bacc: 38.52, tmp_test_f1: 28.77, f1: 32.96
epoch: 710, val_loss:3.301744, acc: 36.90, bacc: 38.52, tmp_test_f1: 28.51, f1: 32.96
epoch: 711, val_loss:3.279600, acc: 36.90, bacc: 38.52, tmp_test_f1: 28.45, f1: 32.96
epoch: 712, val_loss:3.177830, acc: 36.90, bacc: 38.52, tmp_test_f1: 28.59, f1: 32.96
epoch: 713, val_loss:3.131451, acc: 36.90, bacc: 38.52, tmp_test_f1: 28.38, f1: 32.96
epoch: 714, val_loss:3.123443, acc: 36.90, bacc: 38.52, tmp_test_f1: 28.23, f1: 32.96
epoch: 715, val_loss:3.131834, acc: 36.90, bacc: 38.52, tmp_test_f1: 28.11, f1: 32.96
epoch: 716, val_loss:3.145892, acc: 36.90, bacc: 38.52, tmp_test_f1: 27.64, f1: 32.96
epoch: 717, val_loss:3.159787, acc: 36.90, bacc: 38.52, tmp_test_f1: 27.66, f1: 32.96
epoch: 718, val_loss:3.182484, acc: 36.90, bacc: 38.52, tmp_test_f1: 27.92, f1: 32.96
epoch: 719, val_loss:3.207339, acc: 36.90, bacc: 38.52, tmp_test_f1: 27.89, f1: 32.96
epoch: 720, val_loss:3.238375, acc: 36.90, bacc: 38.52, tmp_test_f1: 27.79, f1: 32.96
epoch: 721, val_loss:3.259662, acc: 36.90, bacc: 38.52, tmp_test_f1: 28.05, f1: 32.96
epoch: 722, val_loss:3.258947, acc: 36.90, bacc: 38.52, tmp_test_f1: 28.12, f1: 32.96
epoch: 723, val_loss:3.252866, acc: 36.90, bacc: 38.52, tmp_test_f1: 28.19, f1: 32.96
epoch: 724, val_loss:3.289277, acc: 36.90, bacc: 38.52, tmp_test_f1: 28.61, f1: 32.96
epoch: 725, val_loss:3.314397, acc: 36.90, bacc: 38.52, tmp_test_f1: 28.33, f1: 32.96
epoch: 726, val_loss:3.269147, acc: 36.90, bacc: 38.52, tmp_test_f1: 28.53, f1: 32.96
epoch: 727, val_loss:3.237929, acc: 36.90, bacc: 38.52, tmp_test_f1: 28.53, f1: 32.96
epoch: 728, val_loss:3.229953, acc: 36.90, bacc: 38.52, tmp_test_f1: 28.21, f1: 32.96
epoch: 729, val_loss:3.260567, acc: 36.90, bacc: 38.52, tmp_test_f1: 28.00, f1: 32.96
epoch: 730, val_loss:3.306963, acc: 36.90, bacc: 38.52, tmp_test_f1: 27.81, f1: 32.96
epoch: 731, val_loss:3.364071, acc: 36.90, bacc: 38.52, tmp_test_f1: 27.81, f1: 32.96
epoch: 732, val_loss:3.422311, acc: 36.90, bacc: 38.52, tmp_test_f1: 27.92, f1: 32.96
epoch: 733, val_loss:3.484794, acc: 36.90, bacc: 38.52, tmp_test_f1: 28.27, f1: 32.96
epoch: 734, val_loss:3.580948, acc: 36.90, bacc: 38.52, tmp_test_f1: 28.15, f1: 32.96
epoch: 735, val_loss:3.672558, acc: 36.90, bacc: 38.52, tmp_test_f1: 27.70, f1: 32.96
epoch: 736, val_loss:3.759142, acc: 36.90, bacc: 38.52, tmp_test_f1: 27.27, f1: 32.96
epoch: 737, val_loss:3.821852, acc: 36.90, bacc: 38.52, tmp_test_f1: 27.25, f1: 32.96
epoch: 738, val_loss:3.846893, acc: 36.90, bacc: 38.52, tmp_test_f1: 27.54, f1: 32.96
epoch: 739, val_loss:3.856151, acc: 36.90, bacc: 38.52, tmp_test_f1: 27.54, f1: 32.96
epoch: 740, val_loss:3.856543, acc: 36.90, bacc: 38.52, tmp_test_f1: 27.68, f1: 32.96
epoch: 741, val_loss:3.759957, acc: 36.90, bacc: 38.52, tmp_test_f1: 28.04, f1: 32.96
epoch: 742, val_loss:3.631107, acc: 36.90, bacc: 38.52, tmp_test_f1: 28.14, f1: 32.96
epoch: 743, val_loss:3.494621, acc: 36.90, bacc: 38.52, tmp_test_f1: 28.57, f1: 32.96
epoch: 744, val_loss:3.344669, acc: 36.90, bacc: 38.52, tmp_test_f1: 28.77, f1: 32.96
epoch: 745, val_loss:3.217643, acc: 36.90, bacc: 38.52, tmp_test_f1: 29.08, f1: 32.96
epoch: 746, val_loss:3.125547, acc: 36.90, bacc: 38.52, tmp_test_f1: 29.11, f1: 32.96
epoch: 747, val_loss:3.066078, acc: 36.90, bacc: 38.52, tmp_test_f1: 29.07, f1: 32.96
epoch: 748, val_loss:3.074816, acc: 36.90, bacc: 38.52, tmp_test_f1: 29.02, f1: 32.96
epoch: 749, val_loss:3.140393, acc: 36.90, bacc: 38.52, tmp_test_f1: 28.52, f1: 32.96
epoch: 750, val_loss:3.235685, acc: 36.90, bacc: 38.52, tmp_test_f1: 27.77, f1: 32.96
epoch: 751, val_loss:3.341309, acc: 36.90, bacc: 38.52, tmp_test_f1: 27.52, f1: 32.96
epoch: 752, val_loss:3.433058, acc: 36.90, bacc: 38.52, tmp_test_f1: 27.28, f1: 32.96
epoch: 753, val_loss:3.517771, acc: 36.90, bacc: 38.52, tmp_test_f1: 26.77, f1: 32.96
epoch: 754, val_loss:3.585122, acc: 36.90, bacc: 38.52, tmp_test_f1: 26.65, f1: 32.96
epoch: 755, val_loss:3.641382, acc: 36.90, bacc: 38.52, tmp_test_f1: 26.81, f1: 32.96
epoch: 756, val_loss:3.703225, acc: 36.90, bacc: 38.52, tmp_test_f1: 26.82, f1: 32.96
epoch: 757, val_loss:3.751037, acc: 36.90, bacc: 38.52, tmp_test_f1: 26.85, f1: 32.96
epoch: 758, val_loss:3.798229, acc: 36.90, bacc: 38.52, tmp_test_f1: 26.85, f1: 32.96
epoch: 759, val_loss:3.844980, acc: 36.90, bacc: 38.52, tmp_test_f1: 26.76, f1: 32.96
epoch: 760, val_loss:3.846749, acc: 36.90, bacc: 38.52, tmp_test_f1: 26.80, f1: 32.96
epoch: 761, val_loss:3.833664, acc: 36.90, bacc: 38.52, tmp_test_f1: 26.72, f1: 32.96
epoch: 762, val_loss:3.820385, acc: 36.90, bacc: 38.52, tmp_test_f1: 26.73, f1: 32.96
epoch: 763, val_loss:3.795299, acc: 36.90, bacc: 38.52, tmp_test_f1: 26.70, f1: 32.96
epoch: 764, val_loss:3.767976, acc: 36.90, bacc: 38.52, tmp_test_f1: 26.98, f1: 32.96
epoch: 765, val_loss:3.725933, acc: 36.90, bacc: 38.52, tmp_test_f1: 27.29, f1: 32.96
epoch: 766, val_loss:3.668075, acc: 36.90, bacc: 38.52, tmp_test_f1: 27.37, f1: 32.96
epoch: 767, val_loss:3.601563, acc: 36.90, bacc: 38.52, tmp_test_f1: 27.43, f1: 32.96
epoch: 768, val_loss:3.549313, acc: 36.90, bacc: 38.52, tmp_test_f1: 27.73, f1: 32.96
epoch: 769, val_loss:3.452908, acc: 36.90, bacc: 38.52, tmp_test_f1: 28.08, f1: 32.96
epoch: 770, val_loss:3.354086, acc: 36.90, bacc: 38.52, tmp_test_f1: 28.25, f1: 32.96
epoch: 771, val_loss:3.283579, acc: 36.90, bacc: 38.52, tmp_test_f1: 28.31, f1: 32.96
epoch: 772, val_loss:3.245888, acc: 36.90, bacc: 38.52, tmp_test_f1: 29.40, f1: 32.96
epoch: 773, val_loss:3.143982, acc: 36.90, bacc: 38.52, tmp_test_f1: 29.45, f1: 32.96
epoch: 774, val_loss:3.057203, acc: 36.90, bacc: 38.52, tmp_test_f1: 29.62, f1: 32.96
epoch: 775, val_loss:3.098152, acc: 36.90, bacc: 38.52, tmp_test_f1: 29.42, f1: 32.96
epoch: 776, val_loss:3.154389, acc: 36.90, bacc: 38.52, tmp_test_f1: 29.53, f1: 32.96
epoch: 777, val_loss:3.224199, acc: 36.90, bacc: 38.52, tmp_test_f1: 29.48, f1: 32.96
epoch: 778, val_loss:3.306786, acc: 36.90, bacc: 38.52, tmp_test_f1: 29.66, f1: 32.96
epoch: 779, val_loss:3.406708, acc: 36.90, bacc: 38.52, tmp_test_f1: 28.88, f1: 32.96
epoch: 780, val_loss:3.511269, acc: 36.90, bacc: 38.52, tmp_test_f1: 28.82, f1: 32.96
epoch: 781, val_loss:3.557535, acc: 36.90, bacc: 38.52, tmp_test_f1: 28.81, f1: 32.96
epoch: 782, val_loss:3.558787, acc: 36.90, bacc: 38.52, tmp_test_f1: 28.71, f1: 32.96
epoch: 783, val_loss:3.551158, acc: 36.90, bacc: 38.52, tmp_test_f1: 28.81, f1: 32.96
epoch: 784, val_loss:3.557403, acc: 36.90, bacc: 38.52, tmp_test_f1: 28.65, f1: 32.96
epoch: 785, val_loss:3.563247, acc: 36.90, bacc: 38.52, tmp_test_f1: 28.65, f1: 32.96
epoch: 786, val_loss:3.524621, acc: 36.90, bacc: 38.52, tmp_test_f1: 28.61, f1: 32.96
epoch: 787, val_loss:3.504220, acc: 36.90, bacc: 38.52, tmp_test_f1: 28.61, f1: 32.96
epoch: 788, val_loss:3.497980, acc: 36.90, bacc: 38.52, tmp_test_f1: 28.41, f1: 32.96
epoch: 789, val_loss:3.509789, acc: 36.90, bacc: 38.52, tmp_test_f1: 28.34, f1: 32.96
epoch: 790, val_loss:3.522807, acc: 36.90, bacc: 38.52, tmp_test_f1: 28.25, f1: 32.96
epoch: 791, val_loss:3.543614, acc: 36.90, bacc: 38.52, tmp_test_f1: 28.05, f1: 32.96
epoch: 792, val_loss:3.564412, acc: 36.90, bacc: 38.52, tmp_test_f1: 28.05, f1: 32.96
epoch: 793, val_loss:3.522128, acc: 36.90, bacc: 38.52, tmp_test_f1: 28.03, f1: 32.96
epoch: 794, val_loss:3.490895, acc: 36.90, bacc: 38.52, tmp_test_f1: 28.14, f1: 32.96
epoch: 795, val_loss:3.465365, acc: 36.90, bacc: 38.52, tmp_test_f1: 27.96, f1: 32.96
epoch: 796, val_loss:3.537994, acc: 36.90, bacc: 38.52, tmp_test_f1: 28.01, f1: 32.96
epoch: 797, val_loss:3.618644, acc: 36.90, bacc: 38.52, tmp_test_f1: 27.49, f1: 32.96
epoch: 798, val_loss:3.678153, acc: 36.90, bacc: 38.52, tmp_test_f1: 27.57, f1: 32.96
epoch: 799, val_loss:3.666425, acc: 36.90, bacc: 38.52, tmp_test_f1: 27.80, f1: 32.96
epoch: 800, val_loss:3.644326, acc: 36.90, bacc: 38.52, tmp_test_f1: 27.80, f1: 32.96
epoch: 801, val_loss:3.623653, acc: 36.90, bacc: 38.52, tmp_test_f1: 27.65, f1: 32.96
epoch: 802, val_loss:3.568817, acc: 36.90, bacc: 38.52, tmp_test_f1: 28.09, f1: 32.96
epoch: 803, val_loss:3.506607, acc: 36.90, bacc: 38.52, tmp_test_f1: 28.24, f1: 32.96
epoch: 804, val_loss:3.448785, acc: 36.90, bacc: 38.52, tmp_test_f1: 28.32, f1: 32.96
epoch: 805, val_loss:3.396831, acc: 36.90, bacc: 38.52, tmp_test_f1: 28.43, f1: 32.96
epoch: 806, val_loss:3.353838, acc: 36.90, bacc: 38.52, tmp_test_f1: 28.47, f1: 32.96
epoch: 807, val_loss:3.330263, acc: 36.90, bacc: 38.52, tmp_test_f1: 28.40, f1: 32.96
epoch: 808, val_loss:3.293972, acc: 36.90, bacc: 38.52, tmp_test_f1: 27.40, f1: 32.96
epoch: 809, val_loss:3.295839, acc: 36.90, bacc: 38.52, tmp_test_f1: 26.86, f1: 32.96
epoch: 810, val_loss:3.314102, acc: 36.90, bacc: 38.52, tmp_test_f1: 26.82, f1: 32.96
epoch: 811, val_loss:3.342917, acc: 36.90, bacc: 38.52, tmp_test_f1: 26.77, f1: 32.96
epoch: 812, val_loss:3.396453, acc: 36.90, bacc: 38.52, tmp_test_f1: 26.32, f1: 32.96
epoch: 813, val_loss:3.346169, acc: 36.90, bacc: 38.52, tmp_test_f1: 26.24, f1: 32.96
epoch: 814, val_loss:3.329655, acc: 36.90, bacc: 38.52, tmp_test_f1: 25.94, f1: 32.96
epoch: 815, val_loss:3.337796, acc: 36.90, bacc: 38.52, tmp_test_f1: 25.85, f1: 32.96
epoch: 816, val_loss:3.334649, acc: 36.90, bacc: 38.52, tmp_test_f1: 26.18, f1: 32.96
epoch: 817, val_loss:3.343608, acc: 36.90, bacc: 38.52, tmp_test_f1: 26.02, f1: 32.96
epoch: 818, val_loss:3.383425, acc: 36.90, bacc: 38.52, tmp_test_f1: 26.02, f1: 32.96
epoch: 819, val_loss:3.427238, acc: 36.90, bacc: 38.52, tmp_test_f1: 25.80, f1: 32.96
Epoch 00820: reducing learning rate of group 0 to 6.2500e-03.
Epoch 00820: reducing learning rate of group 1 to 6.2500e-03.
epoch: 820, val_loss:3.534385, acc: 36.90, bacc: 38.52, tmp_test_f1: 25.48, f1: 32.96
epoch: 821, val_loss:3.652853, acc: 36.90, bacc: 38.52, tmp_test_f1: 25.53, f1: 32.96
epoch: 822, val_loss:3.699353, acc: 36.90, bacc: 38.52, tmp_test_f1: 25.56, f1: 32.96
epoch: 823, val_loss:3.745187, acc: 36.90, bacc: 38.52, tmp_test_f1: 25.56, f1: 32.96
epoch: 824, val_loss:3.762574, acc: 36.90, bacc: 38.52, tmp_test_f1: 25.56, f1: 32.96
epoch: 825, val_loss:3.758065, acc: 36.90, bacc: 38.52, tmp_test_f1: 25.88, f1: 32.96
epoch: 826, val_loss:3.715120, acc: 36.90, bacc: 38.52, tmp_test_f1: 25.83, f1: 32.96
epoch: 827, val_loss:3.679652, acc: 36.90, bacc: 38.52, tmp_test_f1: 25.94, f1: 32.96
epoch: 828, val_loss:3.606176, acc: 36.90, bacc: 38.52, tmp_test_f1: 26.14, f1: 32.96
epoch: 829, val_loss:3.523033, acc: 36.90, bacc: 38.52, tmp_test_f1: 26.15, f1: 32.96
epoch: 830, val_loss:3.466919, acc: 36.90, bacc: 38.52, tmp_test_f1: 26.57, f1: 32.96
epoch: 831, val_loss:3.408338, acc: 36.90, bacc: 38.52, tmp_test_f1: 26.57, f1: 32.96
epoch: 832, val_loss:3.371520, acc: 36.90, bacc: 38.52, tmp_test_f1: 26.53, f1: 32.96
GAT dgl/coraTrue 100 Aug 0 EndEpoch 832 lr 0.1
SHAsplit  0, acc: 36.90, bacc: 38.52, f1: 32.96
