cuda is not available, using CPU.
Namespace(to_undirected=True, from_SHA=True, IsDirectedData=True, AugDirect=2, net='GCN', GPUdevice=1, seed=100, undirect_dataset='CiteSeer', Direct_dataset='dgl/cora', imb_ratio=100, dropout=0.1, num_filter=2, layer=2, alpha=0.1, K=2, feat_dim=64, warmup=5, epoch=1500, lr=0.1, l2=0.0005, tau=2, max=False, no_mask=False, gdc='ppr', heads=8, log_root='../logs/', log_path='test', data_path='../dataset/data/tmp/')
  NumNodes: 2708
  NumEdges: 5278
  NumFeats: 1433
  NumClasses: 7
  NumTrainingSamples: 140
  NumValidationSamples: 500
  NumTestSamples: 1000
Done loading data from cached files.
dict_keys(['feat', 'label', 'test_mask', 'val_mask', 'train_mask'])
Converted to undirected data
test_f1 CountNotImproved reset to 0 in epoch 0
epoch:   0, val_loss:1.945827, acc: 13.00, bacc: 14.29, tmp_test_f1: 3.29, f1: 3.29
epoch:   1, val_loss:2.198025, acc: 13.00, bacc: 14.29, tmp_test_f1: 3.29, f1: 3.29
test_f1 CountNotImproved reset to 0 in epoch 2
epoch:   2, val_loss:3.180344, acc: 19.70, bacc: 24.95, tmp_test_f1: 14.20, f1: 14.20
epoch:   3, val_loss:3.566717, acc: 19.70, bacc: 24.95, tmp_test_f1: 13.05, f1: 14.20
test_f1 CountNotImproved reset to 0 in epoch 4
epoch:   4, val_loss:3.468894, acc: 23.10, bacc: 27.98, tmp_test_f1: 20.03, f1: 20.03
test_f1 CountNotImproved reset to 0 in epoch 5
epoch:   5, val_loss:3.126514, acc: 28.50, bacc: 33.97, tmp_test_f1: 22.50, f1: 22.50
test_f1 CountNotImproved reset to 0 in epoch 6
epoch:   6, val_loss:2.789282, acc: 37.70, bacc: 40.10, tmp_test_f1: 28.16, f1: 28.16
test_f1 CountNotImproved reset to 0 in epoch 7
epoch:   7, val_loss:2.206597, acc: 41.50, bacc: 42.07, tmp_test_f1: 31.18, f1: 31.18
epoch:   8, val_loss:1.799518, acc: 41.50, bacc: 42.07, tmp_test_f1: 25.99, f1: 31.18
epoch:   9, val_loss:1.708438, acc: 41.50, bacc: 42.07, tmp_test_f1: 26.20, f1: 31.18
epoch:  10, val_loss:1.736410, acc: 41.50, bacc: 42.07, tmp_test_f1: 25.20, f1: 31.18
epoch:  11, val_loss:1.782322, acc: 41.50, bacc: 42.07, tmp_test_f1: 24.01, f1: 31.18
epoch:  12, val_loss:1.829060, acc: 41.50, bacc: 42.07, tmp_test_f1: 25.00, f1: 31.18
epoch:  13, val_loss:1.851913, acc: 41.50, bacc: 42.07, tmp_test_f1: 24.46, f1: 31.18
epoch:  14, val_loss:1.817522, acc: 41.50, bacc: 42.07, tmp_test_f1: 24.26, f1: 31.18
epoch:  15, val_loss:1.726905, acc: 41.50, bacc: 42.07, tmp_test_f1: 26.39, f1: 31.18
epoch:  16, val_loss:1.609028, acc: 41.50, bacc: 42.07, tmp_test_f1: 30.95, f1: 31.18
test_f1 CountNotImproved reset to 0 in epoch 17
epoch:  17, val_loss:1.513092, acc: 44.80, bacc: 43.57, tmp_test_f1: 35.55, f1: 35.55
test_f1 CountNotImproved reset to 0 in epoch 18
epoch:  18, val_loss:1.447671, acc: 52.40, bacc: 47.94, tmp_test_f1: 40.27, f1: 40.27
test_f1 CountNotImproved reset to 0 in epoch 19
epoch:  19, val_loss:1.365741, acc: 58.80, bacc: 52.72, tmp_test_f1: 44.52, f1: 44.52
test_f1 CountNotImproved reset to 0 in epoch 20
epoch:  20, val_loss:1.307466, acc: 58.90, bacc: 54.14, tmp_test_f1: 45.76, f1: 45.76
epoch:  21, val_loss:1.313778, acc: 58.90, bacc: 54.14, tmp_test_f1: 43.72, f1: 45.76
epoch:  22, val_loss:1.321609, acc: 58.90, bacc: 54.14, tmp_test_f1: 42.34, f1: 45.76
epoch:  23, val_loss:1.379607, acc: 58.90, bacc: 54.14, tmp_test_f1: 45.67, f1: 45.76
test_f1 CountNotImproved reset to 0 in epoch 24
epoch:  24, val_loss:1.373969, acc: 55.20, bacc: 55.16, tmp_test_f1: 51.10, f1: 51.10
test_f1 CountNotImproved reset to 0 in epoch 25
epoch:  25, val_loss:1.309249, acc: 59.90, bacc: 58.96, tmp_test_f1: 54.39, f1: 54.39
epoch:  26, val_loss:1.265722, acc: 59.90, bacc: 58.96, tmp_test_f1: 53.40, f1: 54.39
epoch:  27, val_loss:1.260249, acc: 59.90, bacc: 58.96, tmp_test_f1: 50.13, f1: 54.39
epoch:  28, val_loss:1.284094, acc: 59.90, bacc: 58.96, tmp_test_f1: 49.24, f1: 54.39
epoch:  29, val_loss:1.290719, acc: 59.90, bacc: 58.96, tmp_test_f1: 50.67, f1: 54.39
test_f1 CountNotImproved reset to 0 in epoch 30
epoch:  30, val_loss:1.244544, acc: 62.80, bacc: 61.14, tmp_test_f1: 57.15, f1: 57.15
test_f1 CountNotImproved reset to 0 in epoch 31
epoch:  31, val_loss:1.165234, acc: 65.00, bacc: 64.51, tmp_test_f1: 59.56, f1: 59.56
epoch:  32, val_loss:1.147840, acc: 65.00, bacc: 64.51, tmp_test_f1: 57.27, f1: 59.56
epoch:  33, val_loss:1.150068, acc: 65.00, bacc: 64.51, tmp_test_f1: 51.70, f1: 59.56
epoch:  34, val_loss:1.192916, acc: 65.00, bacc: 64.51, tmp_test_f1: 52.40, f1: 59.56
epoch:  35, val_loss:1.176787, acc: 65.00, bacc: 64.51, tmp_test_f1: 53.61, f1: 59.56
epoch:  36, val_loss:1.129333, acc: 65.00, bacc: 64.51, tmp_test_f1: 56.31, f1: 59.56
epoch:  37, val_loss:1.100821, acc: 65.00, bacc: 64.51, tmp_test_f1: 55.30, f1: 59.56
epoch:  38, val_loss:1.119801, acc: 65.00, bacc: 64.51, tmp_test_f1: 52.18, f1: 59.56
epoch:  39, val_loss:1.178336, acc: 65.00, bacc: 64.51, tmp_test_f1: 53.73, f1: 59.56
epoch:  40, val_loss:1.168232, acc: 65.00, bacc: 64.51, tmp_test_f1: 55.58, f1: 59.56
epoch:  41, val_loss:1.135208, acc: 65.00, bacc: 64.51, tmp_test_f1: 57.82, f1: 59.56
epoch:  42, val_loss:1.105196, acc: 65.00, bacc: 64.51, tmp_test_f1: 57.32, f1: 59.56
epoch:  43, val_loss:1.088159, acc: 65.00, bacc: 64.51, tmp_test_f1: 57.90, f1: 59.56
epoch:  44, val_loss:1.091885, acc: 65.00, bacc: 64.51, tmp_test_f1: 54.19, f1: 59.56
epoch:  45, val_loss:1.152985, acc: 65.00, bacc: 64.51, tmp_test_f1: 49.82, f1: 59.56
epoch:  46, val_loss:1.286885, acc: 65.00, bacc: 64.51, tmp_test_f1: 55.26, f1: 59.56
test_f1 CountNotImproved reset to 0 in epoch 47
epoch:  47, val_loss:1.217433, acc: 64.80, bacc: 63.28, tmp_test_f1: 62.11, f1: 62.11
test_f1 CountNotImproved reset to 0 in epoch 48
epoch:  48, val_loss:1.106664, acc: 66.30, bacc: 65.39, tmp_test_f1: 64.07, f1: 64.07
epoch:  49, val_loss:1.085118, acc: 66.30, bacc: 65.39, tmp_test_f1: 57.72, f1: 64.07
epoch:  50, val_loss:1.141851, acc: 66.30, bacc: 65.39, tmp_test_f1: 51.02, f1: 64.07
epoch:  51, val_loss:1.240213, acc: 66.30, bacc: 65.39, tmp_test_f1: 57.68, f1: 64.07
epoch:  52, val_loss:1.111208, acc: 66.30, bacc: 65.39, tmp_test_f1: 61.40, f1: 64.07
epoch:  53, val_loss:1.085077, acc: 66.30, bacc: 65.39, tmp_test_f1: 61.34, f1: 64.07
epoch:  54, val_loss:1.118233, acc: 66.30, bacc: 65.39, tmp_test_f1: 61.55, f1: 64.07
epoch:  55, val_loss:1.216066, acc: 66.30, bacc: 65.39, tmp_test_f1: 51.46, f1: 64.07
epoch:  56, val_loss:1.439697, acc: 66.30, bacc: 65.39, tmp_test_f1: 57.30, f1: 64.07
epoch:  57, val_loss:1.357629, acc: 66.30, bacc: 65.39, tmp_test_f1: 63.72, f1: 64.07
epoch:  58, val_loss:1.167112, acc: 66.30, bacc: 65.39, tmp_test_f1: 63.67, f1: 64.07
epoch:  59, val_loss:1.067609, acc: 66.30, bacc: 65.39, tmp_test_f1: 62.37, f1: 64.07
epoch:  60, val_loss:1.071015, acc: 66.30, bacc: 65.39, tmp_test_f1: 58.68, f1: 64.07
epoch:  61, val_loss:1.147628, acc: 66.30, bacc: 65.39, tmp_test_f1: 56.19, f1: 64.07
epoch:  62, val_loss:1.240050, acc: 66.30, bacc: 65.39, tmp_test_f1: 54.47, f1: 64.07
epoch:  63, val_loss:1.284956, acc: 66.30, bacc: 65.39, tmp_test_f1: 57.45, f1: 64.07
epoch:  64, val_loss:1.183071, acc: 66.30, bacc: 65.39, tmp_test_f1: 61.11, f1: 64.07
epoch:  65, val_loss:1.099326, acc: 66.30, bacc: 65.39, tmp_test_f1: 62.53, f1: 64.07
epoch:  66, val_loss:1.106993, acc: 66.30, bacc: 65.39, tmp_test_f1: 61.07, f1: 64.07
epoch:  67, val_loss:1.188203, acc: 66.30, bacc: 65.39, tmp_test_f1: 59.72, f1: 64.07
epoch:  68, val_loss:1.246088, acc: 66.30, bacc: 65.39, tmp_test_f1: 63.17, f1: 64.07
epoch:  69, val_loss:1.117672, acc: 66.30, bacc: 65.39, tmp_test_f1: 63.82, f1: 64.07
epoch:  70, val_loss:1.076420, acc: 66.30, bacc: 65.39, tmp_test_f1: 61.65, f1: 64.07
epoch:  71, val_loss:1.084974, acc: 66.30, bacc: 65.39, tmp_test_f1: 57.30, f1: 64.07
epoch:  72, val_loss:1.137259, acc: 66.30, bacc: 65.39, tmp_test_f1: 54.12, f1: 64.07
epoch:  73, val_loss:1.215295, acc: 66.30, bacc: 65.39, tmp_test_f1: 57.79, f1: 64.07
epoch:  74, val_loss:1.133780, acc: 66.30, bacc: 65.39, tmp_test_f1: 62.45, f1: 64.07
epoch:  75, val_loss:1.034175, acc: 66.30, bacc: 65.39, tmp_test_f1: 63.50, f1: 64.07
epoch:  76, val_loss:1.026341, acc: 66.30, bacc: 65.39, tmp_test_f1: 60.26, f1: 64.07
epoch:  77, val_loss:1.108225, acc: 66.30, bacc: 65.39, tmp_test_f1: 57.86, f1: 64.07
epoch:  78, val_loss:1.209423, acc: 66.30, bacc: 65.39, tmp_test_f1: 57.87, f1: 64.07
epoch:  79, val_loss:1.174284, acc: 66.30, bacc: 65.39, tmp_test_f1: 56.07, f1: 64.07
epoch:  80, val_loss:1.171675, acc: 66.30, bacc: 65.39, tmp_test_f1: 58.31, f1: 64.07
epoch:  81, val_loss:1.195997, acc: 66.30, bacc: 65.39, tmp_test_f1: 62.08, f1: 64.07
epoch:  82, val_loss:1.098049, acc: 66.30, bacc: 65.39, tmp_test_f1: 61.15, f1: 64.07
epoch:  83, val_loss:1.124492, acc: 66.30, bacc: 65.39, tmp_test_f1: 55.08, f1: 64.07
epoch:  84, val_loss:1.244962, acc: 66.30, bacc: 65.39, tmp_test_f1: 59.69, f1: 64.07
epoch:  85, val_loss:1.106984, acc: 66.30, bacc: 65.39, tmp_test_f1: 63.39, f1: 64.07
epoch:  86, val_loss:1.001020, acc: 66.30, bacc: 65.39, tmp_test_f1: 62.74, f1: 64.07
epoch:  87, val_loss:1.019896, acc: 66.30, bacc: 65.39, tmp_test_f1: 59.12, f1: 64.07
epoch:  88, val_loss:1.115885, acc: 66.30, bacc: 65.39, tmp_test_f1: 56.78, f1: 64.07
epoch:  89, val_loss:1.244326, acc: 66.30, bacc: 65.39, tmp_test_f1: 57.41, f1: 64.07
epoch:  90, val_loss:1.219200, acc: 66.30, bacc: 65.39, tmp_test_f1: 62.91, f1: 64.07
test_f1 CountNotImproved reset to 0 in epoch 91
epoch:  91, val_loss:1.106679, acc: 66.70, bacc: 63.68, tmp_test_f1: 65.25, f1: 65.25
test_f1 CountNotImproved reset to 0 in epoch 92
epoch:  92, val_loss:1.037180, acc: 68.00, bacc: 65.29, tmp_test_f1: 66.25, f1: 66.25
epoch:  93, val_loss:1.024417, acc: 68.00, bacc: 65.29, tmp_test_f1: 60.84, f1: 66.25
epoch:  94, val_loss:1.225734, acc: 68.00, bacc: 65.29, tmp_test_f1: 52.67, f1: 66.25
epoch:  95, val_loss:1.515025, acc: 68.00, bacc: 65.29, tmp_test_f1: 55.17, f1: 66.25
epoch:  96, val_loss:1.385860, acc: 68.00, bacc: 65.29, tmp_test_f1: 59.43, f1: 66.25
epoch:  97, val_loss:1.240697, acc: 68.00, bacc: 65.29, tmp_test_f1: 60.87, f1: 66.25
epoch:  98, val_loss:1.155402, acc: 68.00, bacc: 65.29, tmp_test_f1: 59.34, f1: 66.25
epoch:  99, val_loss:1.141332, acc: 68.00, bacc: 65.29, tmp_test_f1: 59.67, f1: 66.25
epoch: 100, val_loss:1.231909, acc: 68.00, bacc: 65.29, tmp_test_f1: 59.10, f1: 66.25
epoch: 101, val_loss:1.403800, acc: 68.00, bacc: 65.29, tmp_test_f1: 57.22, f1: 66.25
epoch: 102, val_loss:1.539895, acc: 68.00, bacc: 65.29, tmp_test_f1: 56.84, f1: 66.25
epoch: 103, val_loss:1.525604, acc: 68.00, bacc: 65.29, tmp_test_f1: 59.01, f1: 66.25
epoch: 104, val_loss:1.344351, acc: 68.00, bacc: 65.29, tmp_test_f1: 60.46, f1: 66.25
epoch: 105, val_loss:1.223178, acc: 68.00, bacc: 65.29, tmp_test_f1: 58.10, f1: 66.25
epoch: 106, val_loss:1.250488, acc: 68.00, bacc: 65.29, tmp_test_f1: 56.93, f1: 66.25
epoch: 107, val_loss:1.301218, acc: 68.00, bacc: 65.29, tmp_test_f1: 56.90, f1: 66.25
epoch: 108, val_loss:1.282836, acc: 68.00, bacc: 65.29, tmp_test_f1: 58.35, f1: 66.25
epoch: 109, val_loss:1.243287, acc: 68.00, bacc: 65.29, tmp_test_f1: 58.23, f1: 66.25
epoch: 110, val_loss:1.271690, acc: 68.00, bacc: 65.29, tmp_test_f1: 55.50, f1: 66.25
epoch: 111, val_loss:1.389508, acc: 68.00, bacc: 65.29, tmp_test_f1: 54.89, f1: 66.25
epoch: 112, val_loss:1.400282, acc: 68.00, bacc: 65.29, tmp_test_f1: 56.79, f1: 66.25
epoch: 113, val_loss:1.225387, acc: 68.00, bacc: 65.29, tmp_test_f1: 59.31, f1: 66.25
epoch: 114, val_loss:1.157612, acc: 68.00, bacc: 65.29, tmp_test_f1: 58.71, f1: 66.25
epoch: 115, val_loss:1.182390, acc: 68.00, bacc: 65.29, tmp_test_f1: 57.47, f1: 66.25
epoch: 116, val_loss:1.291711, acc: 68.00, bacc: 65.29, tmp_test_f1: 57.88, f1: 66.25
epoch: 117, val_loss:1.367021, acc: 68.00, bacc: 65.29, tmp_test_f1: 58.50, f1: 66.25
epoch: 118, val_loss:1.317137, acc: 68.00, bacc: 65.29, tmp_test_f1: 58.18, f1: 66.25
epoch: 119, val_loss:1.313387, acc: 68.00, bacc: 65.29, tmp_test_f1: 58.03, f1: 66.25
epoch: 120, val_loss:1.285622, acc: 68.00, bacc: 65.29, tmp_test_f1: 59.78, f1: 66.25
epoch: 121, val_loss:1.185781, acc: 68.00, bacc: 65.29, tmp_test_f1: 60.91, f1: 66.25
epoch: 122, val_loss:1.190824, acc: 68.00, bacc: 65.29, tmp_test_f1: 60.48, f1: 66.25
epoch: 123, val_loss:1.240884, acc: 68.00, bacc: 65.29, tmp_test_f1: 57.67, f1: 66.25
epoch: 124, val_loss:1.305859, acc: 68.00, bacc: 65.29, tmp_test_f1: 59.08, f1: 66.25
epoch: 125, val_loss:1.266491, acc: 68.00, bacc: 65.29, tmp_test_f1: 59.63, f1: 66.25
epoch: 126, val_loss:1.214296, acc: 68.00, bacc: 65.29, tmp_test_f1: 59.42, f1: 66.25
epoch: 127, val_loss:1.191255, acc: 68.00, bacc: 65.29, tmp_test_f1: 61.05, f1: 66.25
epoch: 128, val_loss:1.220344, acc: 68.00, bacc: 65.29, tmp_test_f1: 58.99, f1: 66.25
epoch: 129, val_loss:1.332528, acc: 68.00, bacc: 65.29, tmp_test_f1: 58.98, f1: 66.25
epoch: 130, val_loss:1.329324, acc: 68.00, bacc: 65.29, tmp_test_f1: 57.56, f1: 66.25
epoch: 131, val_loss:1.292340, acc: 68.00, bacc: 65.29, tmp_test_f1: 59.52, f1: 66.25
epoch: 132, val_loss:1.206904, acc: 68.00, bacc: 65.29, tmp_test_f1: 61.18, f1: 66.25
epoch: 133, val_loss:1.154465, acc: 68.00, bacc: 65.29, tmp_test_f1: 60.68, f1: 66.25
epoch: 134, val_loss:1.166600, acc: 68.00, bacc: 65.29, tmp_test_f1: 59.02, f1: 66.25
epoch: 135, val_loss:1.196452, acc: 68.00, bacc: 65.29, tmp_test_f1: 60.13, f1: 66.25
epoch: 136, val_loss:1.176583, acc: 68.00, bacc: 65.29, tmp_test_f1: 58.95, f1: 66.25
epoch: 137, val_loss:1.228924, acc: 68.00, bacc: 65.29, tmp_test_f1: 56.31, f1: 66.25
epoch: 138, val_loss:1.336896, acc: 68.00, bacc: 65.29, tmp_test_f1: 61.15, f1: 66.25
epoch: 139, val_loss:1.170058, acc: 68.00, bacc: 65.29, tmp_test_f1: 61.97, f1: 66.25
epoch: 140, val_loss:1.116904, acc: 68.00, bacc: 65.29, tmp_test_f1: 61.74, f1: 66.25
epoch: 141, val_loss:1.124616, acc: 68.00, bacc: 65.29, tmp_test_f1: 60.29, f1: 66.25
epoch: 142, val_loss:1.192856, acc: 68.00, bacc: 65.29, tmp_test_f1: 56.78, f1: 66.25
epoch: 143, val_loss:1.310429, acc: 68.00, bacc: 65.29, tmp_test_f1: 57.02, f1: 66.25
epoch: 144, val_loss:1.346686, acc: 68.00, bacc: 65.29, tmp_test_f1: 56.62, f1: 66.25
epoch: 145, val_loss:1.291963, acc: 68.00, bacc: 65.29, tmp_test_f1: 60.46, f1: 66.25
epoch: 146, val_loss:1.199265, acc: 68.00, bacc: 65.29, tmp_test_f1: 60.71, f1: 66.25
epoch: 147, val_loss:1.186881, acc: 68.00, bacc: 65.29, tmp_test_f1: 59.87, f1: 66.25
epoch: 148, val_loss:1.215171, acc: 68.00, bacc: 65.29, tmp_test_f1: 55.69, f1: 66.25
epoch: 149, val_loss:1.392453, acc: 68.00, bacc: 65.29, tmp_test_f1: 52.47, f1: 66.25
epoch: 150, val_loss:1.612235, acc: 68.00, bacc: 65.29, tmp_test_f1: 55.61, f1: 66.25
epoch: 151, val_loss:1.439242, acc: 68.00, bacc: 65.29, tmp_test_f1: 61.04, f1: 66.25
epoch: 152, val_loss:1.205429, acc: 68.00, bacc: 65.29, tmp_test_f1: 58.93, f1: 66.25
epoch: 153, val_loss:1.217290, acc: 68.00, bacc: 65.29, tmp_test_f1: 61.45, f1: 66.25
epoch: 154, val_loss:1.194250, acc: 68.00, bacc: 65.29, tmp_test_f1: 61.30, f1: 66.25
epoch: 155, val_loss:1.247144, acc: 68.00, bacc: 65.29, tmp_test_f1: 55.52, f1: 66.25
epoch: 156, val_loss:1.463538, acc: 68.00, bacc: 65.29, tmp_test_f1: 53.64, f1: 66.25
epoch: 157, val_loss:1.512020, acc: 68.00, bacc: 65.29, tmp_test_f1: 56.27, f1: 66.25
epoch: 158, val_loss:1.384891, acc: 68.00, bacc: 65.29, tmp_test_f1: 59.09, f1: 66.25
epoch: 159, val_loss:1.245481, acc: 68.00, bacc: 65.29, tmp_test_f1: 61.01, f1: 66.25
epoch: 160, val_loss:1.167900, acc: 68.00, bacc: 65.29, tmp_test_f1: 61.77, f1: 66.25
epoch: 161, val_loss:1.195603, acc: 68.00, bacc: 65.29, tmp_test_f1: 55.14, f1: 66.25
epoch: 162, val_loss:1.399391, acc: 68.00, bacc: 65.29, tmp_test_f1: 53.09, f1: 66.25
epoch: 163, val_loss:1.484791, acc: 68.00, bacc: 65.29, tmp_test_f1: 58.88, f1: 66.25
epoch: 164, val_loss:1.301602, acc: 68.00, bacc: 65.29, tmp_test_f1: 60.41, f1: 66.25
epoch: 165, val_loss:1.245953, acc: 68.00, bacc: 65.29, tmp_test_f1: 60.24, f1: 66.25
epoch: 166, val_loss:1.255854, acc: 68.00, bacc: 65.29, tmp_test_f1: 60.75, f1: 66.25
epoch: 167, val_loss:1.230611, acc: 68.00, bacc: 65.29, tmp_test_f1: 61.06, f1: 66.25
epoch: 168, val_loss:1.212713, acc: 68.00, bacc: 65.29, tmp_test_f1: 59.10, f1: 66.25
epoch: 169, val_loss:1.293120, acc: 68.00, bacc: 65.29, tmp_test_f1: 59.22, f1: 66.25
epoch: 170, val_loss:1.308732, acc: 68.00, bacc: 65.29, tmp_test_f1: 63.75, f1: 66.25
epoch: 171, val_loss:1.155719, acc: 68.00, bacc: 65.29, tmp_test_f1: 63.28, f1: 66.25
epoch: 172, val_loss:1.137212, acc: 68.00, bacc: 65.29, tmp_test_f1: 61.05, f1: 66.25
epoch: 173, val_loss:1.239334, acc: 68.00, bacc: 65.29, tmp_test_f1: 59.08, f1: 66.25
epoch: 174, val_loss:1.355599, acc: 68.00, bacc: 65.29, tmp_test_f1: 57.40, f1: 66.25
epoch: 175, val_loss:1.432788, acc: 68.00, bacc: 65.29, tmp_test_f1: 61.22, f1: 66.25
epoch: 176, val_loss:1.332651, acc: 68.00, bacc: 65.29, tmp_test_f1: 62.98, f1: 66.25
epoch: 177, val_loss:1.213988, acc: 68.00, bacc: 65.29, tmp_test_f1: 63.03, f1: 66.25
epoch: 178, val_loss:1.235190, acc: 68.00, bacc: 65.29, tmp_test_f1: 62.30, f1: 66.25
epoch: 179, val_loss:1.295193, acc: 68.00, bacc: 65.29, tmp_test_f1: 62.60, f1: 66.25
epoch: 180, val_loss:1.286645, acc: 68.00, bacc: 65.29, tmp_test_f1: 62.17, f1: 66.25
epoch: 181, val_loss:1.271548, acc: 68.00, bacc: 65.29, tmp_test_f1: 62.28, f1: 66.25
epoch: 182, val_loss:1.359217, acc: 68.00, bacc: 65.29, tmp_test_f1: 58.75, f1: 66.25
epoch: 183, val_loss:1.498476, acc: 68.00, bacc: 65.29, tmp_test_f1: 60.43, f1: 66.25
epoch: 184, val_loss:1.414659, acc: 68.00, bacc: 65.29, tmp_test_f1: 63.42, f1: 66.25
epoch: 185, val_loss:1.312594, acc: 68.00, bacc: 65.29, tmp_test_f1: 63.28, f1: 66.25
epoch: 186, val_loss:1.247980, acc: 68.00, bacc: 65.29, tmp_test_f1: 62.82, f1: 66.25
epoch: 187, val_loss:1.302375, acc: 68.00, bacc: 65.29, tmp_test_f1: 61.20, f1: 66.25
epoch: 188, val_loss:1.343746, acc: 68.00, bacc: 65.29, tmp_test_f1: 61.69, f1: 66.25
epoch: 189, val_loss:1.344875, acc: 68.00, bacc: 65.29, tmp_test_f1: 59.94, f1: 66.25
epoch: 190, val_loss:1.365093, acc: 68.00, bacc: 65.29, tmp_test_f1: 60.34, f1: 66.25
epoch: 191, val_loss:1.292209, acc: 68.00, bacc: 65.29, tmp_test_f1: 61.01, f1: 66.25
epoch: 192, val_loss:1.300800, acc: 68.00, bacc: 65.29, tmp_test_f1: 60.01, f1: 66.25
epoch: 193, val_loss:1.350300, acc: 68.00, bacc: 65.29, tmp_test_f1: 58.27, f1: 66.25
epoch: 194, val_loss:1.462254, acc: 68.00, bacc: 65.29, tmp_test_f1: 51.39, f1: 66.25
epoch: 195, val_loss:1.821543, acc: 68.00, bacc: 65.29, tmp_test_f1: 52.73, f1: 66.25
epoch: 196, val_loss:1.706247, acc: 68.00, bacc: 65.29, tmp_test_f1: 59.07, f1: 66.25
epoch: 197, val_loss:1.418045, acc: 68.00, bacc: 65.29, tmp_test_f1: 59.53, f1: 66.25
epoch: 198, val_loss:1.392222, acc: 68.00, bacc: 65.29, tmp_test_f1: 60.64, f1: 66.25
epoch: 199, val_loss:1.271340, acc: 68.00, bacc: 65.29, tmp_test_f1: 57.86, f1: 66.25
epoch: 200, val_loss:1.322426, acc: 68.00, bacc: 65.29, tmp_test_f1: 52.45, f1: 66.25
epoch: 201, val_loss:1.504181, acc: 68.00, bacc: 65.29, tmp_test_f1: 51.10, f1: 66.25
epoch: 202, val_loss:1.650458, acc: 68.00, bacc: 65.29, tmp_test_f1: 52.94, f1: 66.25
epoch: 203, val_loss:1.536445, acc: 68.00, bacc: 65.29, tmp_test_f1: 58.00, f1: 66.25
epoch: 204, val_loss:1.286673, acc: 68.00, bacc: 65.29, tmp_test_f1: 62.66, f1: 66.25
epoch: 205, val_loss:1.146830, acc: 68.00, bacc: 65.29, tmp_test_f1: 63.51, f1: 66.25
epoch: 206, val_loss:1.150449, acc: 68.00, bacc: 65.29, tmp_test_f1: 62.07, f1: 66.25
epoch: 207, val_loss:1.193233, acc: 68.00, bacc: 65.29, tmp_test_f1: 59.49, f1: 66.25
epoch: 208, val_loss:1.241244, acc: 68.00, bacc: 65.29, tmp_test_f1: 55.32, f1: 66.25
epoch: 209, val_loss:1.428196, acc: 68.00, bacc: 65.29, tmp_test_f1: 53.44, f1: 66.25
epoch: 210, val_loss:1.723686, acc: 68.00, bacc: 65.29, tmp_test_f1: 54.31, f1: 66.25
epoch: 211, val_loss:1.663123, acc: 68.00, bacc: 65.29, tmp_test_f1: 59.07, f1: 66.25
epoch: 212, val_loss:1.385350, acc: 68.00, bacc: 65.29, tmp_test_f1: 59.24, f1: 66.25
epoch: 213, val_loss:1.291694, acc: 68.00, bacc: 65.29, tmp_test_f1: 60.00, f1: 66.25
epoch: 214, val_loss:1.321577, acc: 68.00, bacc: 65.29, tmp_test_f1: 59.54, f1: 66.25
epoch: 215, val_loss:1.394708, acc: 68.00, bacc: 65.29, tmp_test_f1: 60.36, f1: 66.25
epoch: 216, val_loss:1.469342, acc: 68.00, bacc: 65.29, tmp_test_f1: 60.23, f1: 66.25
epoch: 217, val_loss:1.434430, acc: 68.00, bacc: 65.29, tmp_test_f1: 58.79, f1: 66.25
epoch: 218, val_loss:1.325966, acc: 68.00, bacc: 65.29, tmp_test_f1: 60.17, f1: 66.25
epoch: 219, val_loss:1.264170, acc: 68.00, bacc: 65.29, tmp_test_f1: 61.12, f1: 66.25
epoch: 220, val_loss:1.256123, acc: 68.00, bacc: 65.29, tmp_test_f1: 60.52, f1: 66.25
epoch: 221, val_loss:1.277989, acc: 68.00, bacc: 65.29, tmp_test_f1: 57.96, f1: 66.25
epoch: 222, val_loss:1.315179, acc: 68.00, bacc: 65.29, tmp_test_f1: 58.93, f1: 66.25
epoch: 223, val_loss:1.371619, acc: 68.00, bacc: 65.29, tmp_test_f1: 58.02, f1: 66.25
epoch: 224, val_loss:1.463368, acc: 68.00, bacc: 65.29, tmp_test_f1: 59.53, f1: 66.25
epoch: 225, val_loss:1.392769, acc: 68.00, bacc: 65.29, tmp_test_f1: 63.21, f1: 66.25
epoch: 226, val_loss:1.213124, acc: 68.00, bacc: 65.29, tmp_test_f1: 62.90, f1: 66.25
epoch: 227, val_loss:1.150005, acc: 68.00, bacc: 65.29, tmp_test_f1: 58.27, f1: 66.25
epoch: 228, val_loss:1.331639, acc: 68.00, bacc: 65.29, tmp_test_f1: 56.43, f1: 66.25
epoch: 229, val_loss:1.572745, acc: 68.00, bacc: 65.29, tmp_test_f1: 59.94, f1: 66.25
epoch: 230, val_loss:1.331035, acc: 68.00, bacc: 65.29, tmp_test_f1: 62.38, f1: 66.25
epoch: 231, val_loss:1.210215, acc: 68.00, bacc: 65.29, tmp_test_f1: 63.97, f1: 66.25
epoch: 232, val_loss:1.236011, acc: 68.00, bacc: 65.29, tmp_test_f1: 64.49, f1: 66.25
epoch: 233, val_loss:1.219675, acc: 68.00, bacc: 65.29, tmp_test_f1: 61.01, f1: 66.25
epoch: 234, val_loss:1.322271, acc: 68.00, bacc: 65.29, tmp_test_f1: 58.30, f1: 66.25
epoch: 235, val_loss:1.401417, acc: 68.00, bacc: 65.29, tmp_test_f1: 58.39, f1: 66.25
epoch: 236, val_loss:1.379197, acc: 68.00, bacc: 65.29, tmp_test_f1: 62.10, f1: 66.25
epoch: 237, val_loss:1.275828, acc: 68.00, bacc: 65.29, tmp_test_f1: 62.12, f1: 66.25
epoch: 238, val_loss:1.212850, acc: 68.00, bacc: 65.29, tmp_test_f1: 62.32, f1: 66.25
epoch: 239, val_loss:1.255678, acc: 68.00, bacc: 65.29, tmp_test_f1: 61.32, f1: 66.25
epoch: 240, val_loss:1.385508, acc: 68.00, bacc: 65.29, tmp_test_f1: 60.85, f1: 66.25
epoch: 241, val_loss:1.392371, acc: 68.00, bacc: 65.29, tmp_test_f1: 62.66, f1: 66.25
epoch: 242, val_loss:1.291749, acc: 68.00, bacc: 65.29, tmp_test_f1: 62.94, f1: 66.25
epoch: 243, val_loss:1.272751, acc: 68.00, bacc: 65.29, tmp_test_f1: 62.93, f1: 66.25
epoch: 244, val_loss:1.312578, acc: 68.00, bacc: 65.29, tmp_test_f1: 63.08, f1: 66.25
epoch: 245, val_loss:1.305892, acc: 68.00, bacc: 65.29, tmp_test_f1: 63.27, f1: 66.25
epoch: 246, val_loss:1.302723, acc: 68.00, bacc: 65.29, tmp_test_f1: 61.95, f1: 66.25
epoch: 247, val_loss:1.290892, acc: 68.00, bacc: 65.29, tmp_test_f1: 62.57, f1: 66.25
epoch: 248, val_loss:1.331564, acc: 68.00, bacc: 65.29, tmp_test_f1: 62.90, f1: 66.25
epoch: 249, val_loss:1.310463, acc: 68.00, bacc: 65.29, tmp_test_f1: 63.09, f1: 66.25
epoch: 250, val_loss:1.290969, acc: 68.00, bacc: 65.29, tmp_test_f1: 63.44, f1: 66.25
epoch: 251, val_loss:1.299003, acc: 68.00, bacc: 65.29, tmp_test_f1: 62.18, f1: 66.25
epoch: 252, val_loss:1.264586, acc: 68.00, bacc: 65.29, tmp_test_f1: 61.37, f1: 66.25
epoch: 253, val_loss:1.275409, acc: 68.00, bacc: 65.29, tmp_test_f1: 60.71, f1: 66.25
epoch: 254, val_loss:1.293174, acc: 68.00, bacc: 65.29, tmp_test_f1: 60.92, f1: 66.25
epoch: 255, val_loss:1.278519, acc: 68.00, bacc: 65.29, tmp_test_f1: 62.48, f1: 66.25
epoch: 256, val_loss:1.253518, acc: 68.00, bacc: 65.29, tmp_test_f1: 61.97, f1: 66.25
epoch: 257, val_loss:1.269930, acc: 68.00, bacc: 65.29, tmp_test_f1: 62.95, f1: 66.25
epoch: 258, val_loss:1.268933, acc: 68.00, bacc: 65.29, tmp_test_f1: 61.74, f1: 66.25
epoch: 259, val_loss:1.297135, acc: 68.00, bacc: 65.29, tmp_test_f1: 61.10, f1: 66.25
epoch: 260, val_loss:1.327376, acc: 68.00, bacc: 65.29, tmp_test_f1: 62.21, f1: 66.25
epoch: 261, val_loss:1.257355, acc: 68.00, bacc: 65.29, tmp_test_f1: 62.98, f1: 66.25
epoch: 262, val_loss:1.303908, acc: 68.00, bacc: 65.29, tmp_test_f1: 59.83, f1: 66.25
epoch: 263, val_loss:1.367752, acc: 68.00, bacc: 65.29, tmp_test_f1: 60.13, f1: 66.25
epoch: 264, val_loss:1.341728, acc: 68.00, bacc: 65.29, tmp_test_f1: 60.28, f1: 66.25
epoch: 265, val_loss:1.284888, acc: 68.00, bacc: 65.29, tmp_test_f1: 61.37, f1: 66.25
epoch: 266, val_loss:1.338083, acc: 68.00, bacc: 65.29, tmp_test_f1: 61.22, f1: 66.25
epoch: 267, val_loss:1.310368, acc: 68.00, bacc: 65.29, tmp_test_f1: 59.56, f1: 66.25
epoch: 268, val_loss:1.365475, acc: 68.00, bacc: 65.29, tmp_test_f1: 59.74, f1: 66.25
epoch: 269, val_loss:1.315333, acc: 68.00, bacc: 65.29, tmp_test_f1: 60.33, f1: 66.25
epoch: 270, val_loss:1.277622, acc: 68.00, bacc: 65.29, tmp_test_f1: 61.70, f1: 66.25
epoch: 271, val_loss:1.226505, acc: 68.00, bacc: 65.29, tmp_test_f1: 61.11, f1: 66.25
epoch: 272, val_loss:1.192746, acc: 68.00, bacc: 65.29, tmp_test_f1: 60.89, f1: 66.25
epoch: 273, val_loss:1.203593, acc: 68.00, bacc: 65.29, tmp_test_f1: 61.08, f1: 66.25
epoch: 274, val_loss:1.251227, acc: 68.00, bacc: 65.29, tmp_test_f1: 58.89, f1: 66.25
epoch: 275, val_loss:1.420238, acc: 68.00, bacc: 65.29, tmp_test_f1: 56.92, f1: 66.25
epoch: 276, val_loss:1.557327, acc: 68.00, bacc: 65.29, tmp_test_f1: 55.11, f1: 66.25
epoch: 277, val_loss:1.605871, acc: 68.00, bacc: 65.29, tmp_test_f1: 56.63, f1: 66.25
epoch: 278, val_loss:1.492513, acc: 68.00, bacc: 65.29, tmp_test_f1: 59.01, f1: 66.25
epoch: 279, val_loss:1.354456, acc: 68.00, bacc: 65.29, tmp_test_f1: 60.83, f1: 66.25
epoch: 280, val_loss:1.346897, acc: 68.00, bacc: 65.29, tmp_test_f1: 58.58, f1: 66.25
epoch: 281, val_loss:1.365222, acc: 68.00, bacc: 65.29, tmp_test_f1: 57.66, f1: 66.25
epoch: 282, val_loss:1.372759, acc: 68.00, bacc: 65.29, tmp_test_f1: 60.84, f1: 66.25
epoch: 283, val_loss:1.342619, acc: 68.00, bacc: 65.29, tmp_test_f1: 59.60, f1: 66.25
epoch: 284, val_loss:1.389296, acc: 68.00, bacc: 65.29, tmp_test_f1: 60.18, f1: 66.25
epoch: 285, val_loss:1.453439, acc: 68.00, bacc: 65.29, tmp_test_f1: 57.53, f1: 66.25
epoch: 286, val_loss:1.454252, acc: 68.00, bacc: 65.29, tmp_test_f1: 55.96, f1: 66.25
Epoch 00287: reducing learning rate of group 0 to 5.0000e-02.
Epoch 00287: reducing learning rate of group 1 to 5.0000e-02.
epoch: 287, val_loss:1.468494, acc: 68.00, bacc: 65.29, tmp_test_f1: 54.96, f1: 66.25
epoch: 288, val_loss:1.550513, acc: 68.00, bacc: 65.29, tmp_test_f1: 56.64, f1: 66.25
epoch: 289, val_loss:1.515710, acc: 68.00, bacc: 65.29, tmp_test_f1: 59.05, f1: 66.25
epoch: 290, val_loss:1.405837, acc: 68.00, bacc: 65.29, tmp_test_f1: 61.75, f1: 66.25
epoch: 291, val_loss:1.303442, acc: 68.00, bacc: 65.29, tmp_test_f1: 62.02, f1: 66.25
epoch: 292, val_loss:1.265726, acc: 68.00, bacc: 65.29, tmp_test_f1: 61.73, f1: 66.25
epoch: 293, val_loss:1.305564, acc: 68.00, bacc: 65.29, tmp_test_f1: 59.30, f1: 66.25
epoch: 294, val_loss:1.419228, acc: 68.00, bacc: 65.29, tmp_test_f1: 58.56, f1: 66.25
epoch: 295, val_loss:1.485667, acc: 68.00, bacc: 65.29, tmp_test_f1: 59.33, f1: 66.25
epoch: 296, val_loss:1.435968, acc: 68.00, bacc: 65.29, tmp_test_f1: 60.72, f1: 66.25
epoch: 297, val_loss:1.390310, acc: 68.00, bacc: 65.29, tmp_test_f1: 61.27, f1: 66.25
epoch: 298, val_loss:1.393809, acc: 68.00, bacc: 65.29, tmp_test_f1: 59.15, f1: 66.25
epoch: 299, val_loss:1.413319, acc: 68.00, bacc: 65.29, tmp_test_f1: 57.59, f1: 66.25
epoch: 300, val_loss:1.444204, acc: 68.00, bacc: 65.29, tmp_test_f1: 56.86, f1: 66.25
epoch: 301, val_loss:1.443467, acc: 68.00, bacc: 65.29, tmp_test_f1: 58.50, f1: 66.25
epoch: 302, val_loss:1.384383, acc: 68.00, bacc: 65.29, tmp_test_f1: 59.85, f1: 66.25
epoch: 303, val_loss:1.330280, acc: 68.00, bacc: 65.29, tmp_test_f1: 61.71, f1: 66.25
epoch: 304, val_loss:1.299566, acc: 68.00, bacc: 65.29, tmp_test_f1: 60.92, f1: 66.25
epoch: 305, val_loss:1.266170, acc: 68.00, bacc: 65.29, tmp_test_f1: 61.47, f1: 66.25
epoch: 306, val_loss:1.265685, acc: 68.00, bacc: 65.29, tmp_test_f1: 62.14, f1: 66.25
epoch: 307, val_loss:1.298148, acc: 68.00, bacc: 65.29, tmp_test_f1: 61.14, f1: 66.25
epoch: 308, val_loss:1.331591, acc: 68.00, bacc: 65.29, tmp_test_f1: 61.01, f1: 66.25
epoch: 309, val_loss:1.352319, acc: 68.00, bacc: 65.29, tmp_test_f1: 60.46, f1: 66.25
epoch: 310, val_loss:1.360796, acc: 68.00, bacc: 65.29, tmp_test_f1: 59.81, f1: 66.25
epoch: 311, val_loss:1.360609, acc: 68.00, bacc: 65.29, tmp_test_f1: 60.09, f1: 66.25
epoch: 312, val_loss:1.344398, acc: 68.00, bacc: 65.29, tmp_test_f1: 60.40, f1: 66.25
epoch: 313, val_loss:1.307194, acc: 68.00, bacc: 65.29, tmp_test_f1: 60.69, f1: 66.25
epoch: 314, val_loss:1.273735, acc: 68.00, bacc: 65.29, tmp_test_f1: 61.01, f1: 66.25
epoch: 315, val_loss:1.278326, acc: 68.00, bacc: 65.29, tmp_test_f1: 60.35, f1: 66.25
epoch: 316, val_loss:1.326983, acc: 68.00, bacc: 65.29, tmp_test_f1: 58.11, f1: 66.25
epoch: 317, val_loss:1.399015, acc: 68.00, bacc: 65.29, tmp_test_f1: 59.05, f1: 66.25
epoch: 318, val_loss:1.377292, acc: 68.00, bacc: 65.29, tmp_test_f1: 61.40, f1: 66.25
epoch: 319, val_loss:1.347853, acc: 68.00, bacc: 65.29, tmp_test_f1: 62.16, f1: 66.25
epoch: 320, val_loss:1.308087, acc: 68.00, bacc: 65.29, tmp_test_f1: 62.64, f1: 66.25
epoch: 321, val_loss:1.264192, acc: 68.00, bacc: 65.29, tmp_test_f1: 62.24, f1: 66.25
epoch: 322, val_loss:1.244844, acc: 68.00, bacc: 65.29, tmp_test_f1: 61.43, f1: 66.25
epoch: 323, val_loss:1.256983, acc: 68.00, bacc: 65.29, tmp_test_f1: 60.55, f1: 66.25
epoch: 324, val_loss:1.281755, acc: 68.00, bacc: 65.29, tmp_test_f1: 59.61, f1: 66.25
epoch: 325, val_loss:1.314183, acc: 68.00, bacc: 65.29, tmp_test_f1: 58.58, f1: 66.25
epoch: 326, val_loss:1.363027, acc: 68.00, bacc: 65.29, tmp_test_f1: 59.19, f1: 66.25
epoch: 327, val_loss:1.346368, acc: 68.00, bacc: 65.29, tmp_test_f1: 58.79, f1: 66.25
epoch: 328, val_loss:1.327654, acc: 68.00, bacc: 65.29, tmp_test_f1: 58.79, f1: 66.25
epoch: 329, val_loss:1.325637, acc: 68.00, bacc: 65.29, tmp_test_f1: 59.17, f1: 66.25
epoch: 330, val_loss:1.317024, acc: 68.00, bacc: 65.29, tmp_test_f1: 59.84, f1: 66.25
epoch: 331, val_loss:1.307387, acc: 68.00, bacc: 65.29, tmp_test_f1: 60.32, f1: 66.25
epoch: 332, val_loss:1.270941, acc: 68.00, bacc: 65.29, tmp_test_f1: 60.62, f1: 66.25
epoch: 333, val_loss:1.258232, acc: 68.00, bacc: 65.29, tmp_test_f1: 60.57, f1: 66.25
epoch: 334, val_loss:1.278936, acc: 68.00, bacc: 65.29, tmp_test_f1: 60.65, f1: 66.25
epoch: 335, val_loss:1.283957, acc: 68.00, bacc: 65.29, tmp_test_f1: 62.73, f1: 66.25
epoch: 336, val_loss:1.291880, acc: 68.00, bacc: 65.29, tmp_test_f1: 63.27, f1: 66.25
epoch: 337, val_loss:1.315305, acc: 68.00, bacc: 65.29, tmp_test_f1: 63.81, f1: 66.25
epoch: 338, val_loss:1.315865, acc: 68.00, bacc: 65.29, tmp_test_f1: 61.07, f1: 66.25
epoch: 339, val_loss:1.304521, acc: 68.00, bacc: 65.29, tmp_test_f1: 58.87, f1: 66.25
epoch: 340, val_loss:1.319275, acc: 68.00, bacc: 65.29, tmp_test_f1: 57.57, f1: 66.25
epoch: 341, val_loss:1.359145, acc: 68.00, bacc: 65.29, tmp_test_f1: 56.68, f1: 66.25
epoch: 342, val_loss:1.401950, acc: 68.00, bacc: 65.29, tmp_test_f1: 58.67, f1: 66.25
epoch: 343, val_loss:1.342695, acc: 68.00, bacc: 65.29, tmp_test_f1: 59.23, f1: 66.25
epoch: 344, val_loss:1.288307, acc: 68.00, bacc: 65.29, tmp_test_f1: 59.93, f1: 66.25
epoch: 345, val_loss:1.253801, acc: 68.00, bacc: 65.29, tmp_test_f1: 60.66, f1: 66.25
epoch: 346, val_loss:1.237327, acc: 68.00, bacc: 65.29, tmp_test_f1: 61.96, f1: 66.25
epoch: 347, val_loss:1.238205, acc: 68.00, bacc: 65.29, tmp_test_f1: 62.25, f1: 66.25
epoch: 348, val_loss:1.265622, acc: 68.00, bacc: 65.29, tmp_test_f1: 63.45, f1: 66.25
epoch: 349, val_loss:1.292347, acc: 68.00, bacc: 65.29, tmp_test_f1: 63.47, f1: 66.25
epoch: 350, val_loss:1.303682, acc: 68.00, bacc: 65.29, tmp_test_f1: 62.78, f1: 66.25
epoch: 351, val_loss:1.323674, acc: 68.00, bacc: 65.29, tmp_test_f1: 61.58, f1: 66.25
epoch: 352, val_loss:1.347934, acc: 68.00, bacc: 65.29, tmp_test_f1: 60.32, f1: 66.25
epoch: 353, val_loss:1.354462, acc: 68.00, bacc: 65.29, tmp_test_f1: 59.62, f1: 66.25
epoch: 354, val_loss:1.355538, acc: 68.00, bacc: 65.29, tmp_test_f1: 60.00, f1: 66.25
epoch: 355, val_loss:1.337209, acc: 68.00, bacc: 65.29, tmp_test_f1: 59.86, f1: 66.25
epoch: 356, val_loss:1.362808, acc: 68.00, bacc: 65.29, tmp_test_f1: 59.93, f1: 66.25
epoch: 357, val_loss:1.390968, acc: 68.00, bacc: 65.29, tmp_test_f1: 60.74, f1: 66.25
epoch: 358, val_loss:1.362784, acc: 68.00, bacc: 65.29, tmp_test_f1: 61.94, f1: 66.25
epoch: 359, val_loss:1.316911, acc: 68.00, bacc: 65.29, tmp_test_f1: 60.58, f1: 66.25
epoch: 360, val_loss:1.322480, acc: 68.00, bacc: 65.29, tmp_test_f1: 59.81, f1: 66.25
epoch: 361, val_loss:1.337206, acc: 68.00, bacc: 65.29, tmp_test_f1: 61.47, f1: 66.25
epoch: 362, val_loss:1.310704, acc: 68.00, bacc: 65.29, tmp_test_f1: 60.82, f1: 66.25
epoch: 363, val_loss:1.320442, acc: 68.00, bacc: 65.29, tmp_test_f1: 59.53, f1: 66.25
epoch: 364, val_loss:1.408357, acc: 68.00, bacc: 65.29, tmp_test_f1: 58.86, f1: 66.25
epoch: 365, val_loss:1.410357, acc: 68.00, bacc: 65.29, tmp_test_f1: 59.03, f1: 66.25
epoch: 366, val_loss:1.377270, acc: 68.00, bacc: 65.29, tmp_test_f1: 59.99, f1: 66.25
epoch: 367, val_loss:1.330974, acc: 68.00, bacc: 65.29, tmp_test_f1: 59.95, f1: 66.25
epoch: 368, val_loss:1.323745, acc: 68.00, bacc: 65.29, tmp_test_f1: 60.78, f1: 66.25
epoch: 369, val_loss:1.336114, acc: 68.00, bacc: 65.29, tmp_test_f1: 60.45, f1: 66.25
epoch: 370, val_loss:1.357392, acc: 68.00, bacc: 65.29, tmp_test_f1: 59.51, f1: 66.25
epoch: 371, val_loss:1.374305, acc: 68.00, bacc: 65.29, tmp_test_f1: 58.50, f1: 66.25
epoch: 372, val_loss:1.432941, acc: 68.00, bacc: 65.29, tmp_test_f1: 57.01, f1: 66.25
epoch: 373, val_loss:1.514033, acc: 68.00, bacc: 65.29, tmp_test_f1: 57.64, f1: 66.25
epoch: 374, val_loss:1.556679, acc: 68.00, bacc: 65.29, tmp_test_f1: 58.78, f1: 66.25
epoch: 375, val_loss:1.464392, acc: 68.00, bacc: 65.29, tmp_test_f1: 59.34, f1: 66.25
epoch: 376, val_loss:1.395055, acc: 68.00, bacc: 65.29, tmp_test_f1: 59.11, f1: 66.25
epoch: 377, val_loss:1.351866, acc: 68.00, bacc: 65.29, tmp_test_f1: 60.41, f1: 66.25
epoch: 378, val_loss:1.321771, acc: 68.00, bacc: 65.29, tmp_test_f1: 61.43, f1: 66.25
epoch: 379, val_loss:1.324197, acc: 68.00, bacc: 65.29, tmp_test_f1: 62.46, f1: 66.25
epoch: 380, val_loss:1.350874, acc: 68.00, bacc: 65.29, tmp_test_f1: 62.73, f1: 66.25
epoch: 381, val_loss:1.410507, acc: 68.00, bacc: 65.29, tmp_test_f1: 59.28, f1: 66.25
epoch: 382, val_loss:1.427919, acc: 68.00, bacc: 65.29, tmp_test_f1: 58.03, f1: 66.25
epoch: 383, val_loss:1.423136, acc: 68.00, bacc: 65.29, tmp_test_f1: 58.17, f1: 66.25
epoch: 384, val_loss:1.401432, acc: 68.00, bacc: 65.29, tmp_test_f1: 59.92, f1: 66.25
epoch: 385, val_loss:1.367205, acc: 68.00, bacc: 65.29, tmp_test_f1: 61.66, f1: 66.25
epoch: 386, val_loss:1.349996, acc: 68.00, bacc: 65.29, tmp_test_f1: 61.84, f1: 66.25
epoch: 387, val_loss:1.336179, acc: 68.00, bacc: 65.29, tmp_test_f1: 60.45, f1: 66.25
epoch: 388, val_loss:1.339810, acc: 68.00, bacc: 65.29, tmp_test_f1: 60.72, f1: 66.25
epoch: 389, val_loss:1.332518, acc: 68.00, bacc: 65.29, tmp_test_f1: 61.54, f1: 66.25
epoch: 390, val_loss:1.303702, acc: 68.00, bacc: 65.29, tmp_test_f1: 62.18, f1: 66.25
epoch: 391, val_loss:1.289506, acc: 68.00, bacc: 65.29, tmp_test_f1: 62.23, f1: 66.25
epoch: 392, val_loss:1.278675, acc: 68.00, bacc: 65.29, tmp_test_f1: 62.00, f1: 66.25
epoch: 393, val_loss:1.276715, acc: 68.00, bacc: 65.29, tmp_test_f1: 61.79, f1: 66.25
epoch: 394, val_loss:1.276811, acc: 68.00, bacc: 65.29, tmp_test_f1: 62.26, f1: 66.25
epoch: 395, val_loss:1.286532, acc: 68.00, bacc: 65.29, tmp_test_f1: 61.33, f1: 66.25
epoch: 396, val_loss:1.261536, acc: 68.00, bacc: 65.29, tmp_test_f1: 60.70, f1: 66.25
epoch: 397, val_loss:1.227935, acc: 68.00, bacc: 65.29, tmp_test_f1: 60.81, f1: 66.25
epoch: 398, val_loss:1.220341, acc: 68.00, bacc: 65.29, tmp_test_f1: 61.40, f1: 66.25
epoch: 399, val_loss:1.187840, acc: 68.00, bacc: 65.29, tmp_test_f1: 61.55, f1: 66.25
epoch: 400, val_loss:1.193495, acc: 68.00, bacc: 65.29, tmp_test_f1: 61.12, f1: 66.25
epoch: 401, val_loss:1.241402, acc: 68.00, bacc: 65.29, tmp_test_f1: 57.40, f1: 66.25
epoch: 402, val_loss:1.354392, acc: 68.00, bacc: 65.29, tmp_test_f1: 55.55, f1: 66.25
epoch: 403, val_loss:1.458965, acc: 68.00, bacc: 65.29, tmp_test_f1: 57.32, f1: 66.25
epoch: 404, val_loss:1.427810, acc: 68.00, bacc: 65.29, tmp_test_f1: 61.98, f1: 66.25
epoch: 405, val_loss:1.227214, acc: 68.00, bacc: 65.29, tmp_test_f1: 63.11, f1: 66.25
epoch: 406, val_loss:1.145785, acc: 68.00, bacc: 65.29, tmp_test_f1: 63.23, f1: 66.25
epoch: 407, val_loss:1.136238, acc: 68.00, bacc: 65.29, tmp_test_f1: 63.35, f1: 66.25
epoch: 408, val_loss:1.142122, acc: 68.00, bacc: 65.29, tmp_test_f1: 63.50, f1: 66.25
epoch: 409, val_loss:1.168577, acc: 68.00, bacc: 65.29, tmp_test_f1: 62.84, f1: 66.25
epoch: 410, val_loss:1.206094, acc: 68.00, bacc: 65.29, tmp_test_f1: 62.54, f1: 66.25
epoch: 411, val_loss:1.228086, acc: 68.00, bacc: 65.29, tmp_test_f1: 63.28, f1: 66.25
epoch: 412, val_loss:1.212594, acc: 68.00, bacc: 65.29, tmp_test_f1: 64.85, f1: 66.25
epoch: 413, val_loss:1.221636, acc: 68.00, bacc: 65.29, tmp_test_f1: 63.28, f1: 66.25
epoch: 414, val_loss:1.272367, acc: 68.00, bacc: 65.29, tmp_test_f1: 61.96, f1: 66.25
epoch: 415, val_loss:1.329677, acc: 68.00, bacc: 65.29, tmp_test_f1: 62.91, f1: 66.25
epoch: 416, val_loss:1.327023, acc: 68.00, bacc: 65.29, tmp_test_f1: 63.75, f1: 66.25
epoch: 417, val_loss:1.291142, acc: 68.00, bacc: 65.29, tmp_test_f1: 62.02, f1: 66.25
epoch: 418, val_loss:1.333107, acc: 68.00, bacc: 65.29, tmp_test_f1: 60.12, f1: 66.25
epoch: 419, val_loss:1.425588, acc: 68.00, bacc: 65.29, tmp_test_f1: 57.90, f1: 66.25
epoch: 420, val_loss:1.532045, acc: 68.00, bacc: 65.29, tmp_test_f1: 57.32, f1: 66.25
epoch: 421, val_loss:1.505607, acc: 68.00, bacc: 65.29, tmp_test_f1: 59.25, f1: 66.25
epoch: 422, val_loss:1.379282, acc: 68.00, bacc: 65.29, tmp_test_f1: 62.52, f1: 66.25
epoch: 423, val_loss:1.303441, acc: 68.00, bacc: 65.29, tmp_test_f1: 62.50, f1: 66.25
epoch: 424, val_loss:1.277946, acc: 68.00, bacc: 65.29, tmp_test_f1: 62.83, f1: 66.25
epoch: 425, val_loss:1.318641, acc: 68.00, bacc: 65.29, tmp_test_f1: 62.85, f1: 66.25
epoch: 426, val_loss:1.364835, acc: 68.00, bacc: 65.29, tmp_test_f1: 61.15, f1: 66.25
epoch: 427, val_loss:1.439918, acc: 68.00, bacc: 65.29, tmp_test_f1: 56.07, f1: 66.25
epoch: 428, val_loss:1.617016, acc: 68.00, bacc: 65.29, tmp_test_f1: 55.83, f1: 66.25
epoch: 429, val_loss:1.748917, acc: 68.00, bacc: 65.29, tmp_test_f1: 61.22, f1: 66.25
epoch: 430, val_loss:1.431099, acc: 68.00, bacc: 65.29, tmp_test_f1: 63.81, f1: 66.25
epoch: 431, val_loss:1.229630, acc: 68.00, bacc: 65.29, tmp_test_f1: 62.70, f1: 66.25
epoch: 432, val_loss:1.223075, acc: 68.00, bacc: 65.29, tmp_test_f1: 61.53, f1: 66.25
epoch: 433, val_loss:1.250087, acc: 68.00, bacc: 65.29, tmp_test_f1: 63.16, f1: 66.25
epoch: 434, val_loss:1.287006, acc: 68.00, bacc: 65.29, tmp_test_f1: 58.89, f1: 66.25
epoch: 435, val_loss:1.426986, acc: 68.00, bacc: 65.29, tmp_test_f1: 56.43, f1: 66.25
epoch: 436, val_loss:1.583415, acc: 68.00, bacc: 65.29, tmp_test_f1: 55.70, f1: 66.25
epoch: 437, val_loss:1.649662, acc: 68.00, bacc: 65.29, tmp_test_f1: 58.08, f1: 66.25
epoch: 438, val_loss:1.496987, acc: 68.00, bacc: 65.29, tmp_test_f1: 61.02, f1: 66.25
epoch: 439, val_loss:1.336006, acc: 68.00, bacc: 65.29, tmp_test_f1: 63.33, f1: 66.25
epoch: 440, val_loss:1.229547, acc: 68.00, bacc: 65.29, tmp_test_f1: 63.93, f1: 66.25
epoch: 441, val_loss:1.215203, acc: 68.00, bacc: 65.29, tmp_test_f1: 64.93, f1: 66.25
epoch: 442, val_loss:1.209604, acc: 68.00, bacc: 65.29, tmp_test_f1: 64.92, f1: 66.25
epoch: 443, val_loss:1.212741, acc: 68.00, bacc: 65.29, tmp_test_f1: 64.00, f1: 66.25
epoch: 444, val_loss:1.257039, acc: 68.00, bacc: 65.29, tmp_test_f1: 60.41, f1: 66.25
epoch: 445, val_loss:1.367265, acc: 68.00, bacc: 65.29, tmp_test_f1: 57.71, f1: 66.25
epoch: 446, val_loss:1.504062, acc: 68.00, bacc: 65.29, tmp_test_f1: 56.45, f1: 66.25
epoch: 447, val_loss:1.586857, acc: 68.00, bacc: 65.29, tmp_test_f1: 57.54, f1: 66.25
epoch: 448, val_loss:1.521882, acc: 68.00, bacc: 65.29, tmp_test_f1: 60.60, f1: 66.25
epoch: 449, val_loss:1.408821, acc: 68.00, bacc: 65.29, tmp_test_f1: 62.01, f1: 66.25
epoch: 450, val_loss:1.287049, acc: 68.00, bacc: 65.29, tmp_test_f1: 63.13, f1: 66.25
epoch: 451, val_loss:1.220900, acc: 68.00, bacc: 65.29, tmp_test_f1: 62.30, f1: 66.25
epoch: 452, val_loss:1.242173, acc: 68.00, bacc: 65.29, tmp_test_f1: 60.54, f1: 66.25
epoch: 453, val_loss:1.284186, acc: 68.00, bacc: 65.29, tmp_test_f1: 60.46, f1: 66.25
epoch: 454, val_loss:1.267170, acc: 68.00, bacc: 65.29, tmp_test_f1: 59.90, f1: 66.25
epoch: 455, val_loss:1.269990, acc: 68.00, bacc: 65.29, tmp_test_f1: 60.80, f1: 66.25
epoch: 456, val_loss:1.331348, acc: 68.00, bacc: 65.29, tmp_test_f1: 61.36, f1: 66.25
epoch: 457, val_loss:1.394431, acc: 68.00, bacc: 65.29, tmp_test_f1: 61.39, f1: 66.25
epoch: 458, val_loss:1.418738, acc: 68.00, bacc: 65.29, tmp_test_f1: 59.95, f1: 66.25
epoch: 459, val_loss:1.433468, acc: 68.00, bacc: 65.29, tmp_test_f1: 59.40, f1: 66.25
epoch: 460, val_loss:1.405398, acc: 68.00, bacc: 65.29, tmp_test_f1: 59.92, f1: 66.25
epoch: 461, val_loss:1.360167, acc: 68.00, bacc: 65.29, tmp_test_f1: 59.96, f1: 66.25
epoch: 462, val_loss:1.365816, acc: 68.00, bacc: 65.29, tmp_test_f1: 59.52, f1: 66.25
epoch: 463, val_loss:1.391632, acc: 68.00, bacc: 65.29, tmp_test_f1: 59.35, f1: 66.25
epoch: 464, val_loss:1.390096, acc: 68.00, bacc: 65.29, tmp_test_f1: 59.93, f1: 66.25
epoch: 465, val_loss:1.347561, acc: 68.00, bacc: 65.29, tmp_test_f1: 60.13, f1: 66.25
epoch: 466, val_loss:1.321518, acc: 68.00, bacc: 65.29, tmp_test_f1: 60.97, f1: 66.25
epoch: 467, val_loss:1.309687, acc: 68.00, bacc: 65.29, tmp_test_f1: 61.91, f1: 66.25
epoch: 468, val_loss:1.322518, acc: 68.00, bacc: 65.29, tmp_test_f1: 62.78, f1: 66.25
epoch: 469, val_loss:1.375434, acc: 68.00, bacc: 65.29, tmp_test_f1: 62.30, f1: 66.25
epoch: 470, val_loss:1.421894, acc: 68.00, bacc: 65.29, tmp_test_f1: 61.01, f1: 66.25
epoch: 471, val_loss:1.428031, acc: 68.00, bacc: 65.29, tmp_test_f1: 60.50, f1: 66.25
epoch: 472, val_loss:1.400936, acc: 68.00, bacc: 65.29, tmp_test_f1: 59.96, f1: 66.25
epoch: 473, val_loss:1.362731, acc: 68.00, bacc: 65.29, tmp_test_f1: 60.24, f1: 66.25
epoch: 474, val_loss:1.329640, acc: 68.00, bacc: 65.29, tmp_test_f1: 60.84, f1: 66.25
epoch: 475, val_loss:1.309967, acc: 68.00, bacc: 65.29, tmp_test_f1: 60.54, f1: 66.25
epoch: 476, val_loss:1.302341, acc: 68.00, bacc: 65.29, tmp_test_f1: 60.25, f1: 66.25
epoch: 477, val_loss:1.312267, acc: 68.00, bacc: 65.29, tmp_test_f1: 60.09, f1: 66.25
epoch: 478, val_loss:1.346607, acc: 68.00, bacc: 65.29, tmp_test_f1: 60.86, f1: 66.25
epoch: 479, val_loss:1.399166, acc: 68.00, bacc: 65.29, tmp_test_f1: 58.08, f1: 66.25
epoch: 480, val_loss:1.503094, acc: 68.00, bacc: 65.29, tmp_test_f1: 56.96, f1: 66.25
epoch: 481, val_loss:1.581126, acc: 68.00, bacc: 65.29, tmp_test_f1: 57.54, f1: 66.25
epoch: 482, val_loss:1.560915, acc: 68.00, bacc: 65.29, tmp_test_f1: 59.85, f1: 66.25
epoch: 483, val_loss:1.498566, acc: 68.00, bacc: 65.29, tmp_test_f1: 60.71, f1: 66.25
epoch: 484, val_loss:1.399398, acc: 68.00, bacc: 65.29, tmp_test_f1: 60.42, f1: 66.25
epoch: 485, val_loss:1.334302, acc: 68.00, bacc: 65.29, tmp_test_f1: 61.83, f1: 66.25
epoch: 486, val_loss:1.340628, acc: 68.00, bacc: 65.29, tmp_test_f1: 59.18, f1: 66.25
epoch: 487, val_loss:1.419642, acc: 68.00, bacc: 65.29, tmp_test_f1: 57.89, f1: 66.25
Epoch 00488: reducing learning rate of group 0 to 2.5000e-02.
Epoch 00488: reducing learning rate of group 1 to 2.5000e-02.
epoch: 488, val_loss:1.477934, acc: 68.00, bacc: 65.29, tmp_test_f1: 58.73, f1: 66.25
epoch: 489, val_loss:1.476991, acc: 68.00, bacc: 65.29, tmp_test_f1: 58.38, f1: 66.25
epoch: 490, val_loss:1.468556, acc: 68.00, bacc: 65.29, tmp_test_f1: 58.27, f1: 66.25
epoch: 491, val_loss:1.475558, acc: 68.00, bacc: 65.29, tmp_test_f1: 58.71, f1: 66.25
epoch: 492, val_loss:1.495003, acc: 68.00, bacc: 65.29, tmp_test_f1: 58.33, f1: 66.25
epoch: 493, val_loss:1.525923, acc: 68.00, bacc: 65.29, tmp_test_f1: 58.67, f1: 66.25
epoch: 494, val_loss:1.525608, acc: 68.00, bacc: 65.29, tmp_test_f1: 58.91, f1: 66.25
epoch: 495, val_loss:1.492472, acc: 68.00, bacc: 65.29, tmp_test_f1: 60.24, f1: 66.25
epoch: 496, val_loss:1.435333, acc: 68.00, bacc: 65.29, tmp_test_f1: 61.36, f1: 66.25
epoch: 497, val_loss:1.360652, acc: 68.00, bacc: 65.29, tmp_test_f1: 61.66, f1: 66.25
epoch: 498, val_loss:1.308104, acc: 68.00, bacc: 65.29, tmp_test_f1: 61.89, f1: 66.25
epoch: 499, val_loss:1.267900, acc: 68.00, bacc: 65.29, tmp_test_f1: 62.11, f1: 66.25
epoch: 500, val_loss:1.250783, acc: 68.00, bacc: 65.29, tmp_test_f1: 61.82, f1: 66.25
epoch: 501, val_loss:1.244341, acc: 68.00, bacc: 65.29, tmp_test_f1: 61.85, f1: 66.25
epoch: 502, val_loss:1.252849, acc: 68.00, bacc: 65.29, tmp_test_f1: 61.59, f1: 66.25
epoch: 503, val_loss:1.273105, acc: 68.00, bacc: 65.29, tmp_test_f1: 61.41, f1: 66.25
epoch: 504, val_loss:1.310058, acc: 68.00, bacc: 65.29, tmp_test_f1: 60.67, f1: 66.25
epoch: 505, val_loss:1.360787, acc: 68.00, bacc: 65.29, tmp_test_f1: 61.20, f1: 66.25
epoch: 506, val_loss:1.390638, acc: 68.00, bacc: 65.29, tmp_test_f1: 61.85, f1: 66.25
epoch: 507, val_loss:1.393212, acc: 68.00, bacc: 65.29, tmp_test_f1: 62.00, f1: 66.25
epoch: 508, val_loss:1.401057, acc: 68.00, bacc: 65.29, tmp_test_f1: 60.41, f1: 66.25
epoch: 509, val_loss:1.425505, acc: 68.00, bacc: 65.29, tmp_test_f1: 60.19, f1: 66.25
epoch: 510, val_loss:1.430619, acc: 68.00, bacc: 65.29, tmp_test_f1: 60.28, f1: 66.25
epoch: 511, val_loss:1.404303, acc: 68.00, bacc: 65.29, tmp_test_f1: 60.88, f1: 66.25
epoch: 512, val_loss:1.353392, acc: 68.00, bacc: 65.29, tmp_test_f1: 63.02, f1: 66.25
epoch: 513, val_loss:1.302019, acc: 68.00, bacc: 65.29, tmp_test_f1: 63.25, f1: 66.25
epoch: 514, val_loss:1.271245, acc: 68.00, bacc: 65.29, tmp_test_f1: 63.49, f1: 66.25
epoch: 515, val_loss:1.240427, acc: 68.00, bacc: 65.29, tmp_test_f1: 62.92, f1: 66.25
epoch: 516, val_loss:1.221403, acc: 68.00, bacc: 65.29, tmp_test_f1: 63.00, f1: 66.25
epoch: 517, val_loss:1.217345, acc: 68.00, bacc: 65.29, tmp_test_f1: 63.65, f1: 66.25
epoch: 518, val_loss:1.234206, acc: 68.00, bacc: 65.29, tmp_test_f1: 63.31, f1: 66.25
epoch: 519, val_loss:1.261330, acc: 68.00, bacc: 65.29, tmp_test_f1: 63.08, f1: 66.25
epoch: 520, val_loss:1.280906, acc: 68.00, bacc: 65.29, tmp_test_f1: 63.10, f1: 66.25
epoch: 521, val_loss:1.275482, acc: 68.00, bacc: 65.29, tmp_test_f1: 63.01, f1: 66.25
epoch: 522, val_loss:1.265677, acc: 68.00, bacc: 65.29, tmp_test_f1: 62.80, f1: 66.25
epoch: 523, val_loss:1.248300, acc: 68.00, bacc: 65.29, tmp_test_f1: 62.88, f1: 66.25
epoch: 524, val_loss:1.230776, acc: 68.00, bacc: 65.29, tmp_test_f1: 62.69, f1: 66.25
epoch: 525, val_loss:1.227846, acc: 68.00, bacc: 65.29, tmp_test_f1: 62.65, f1: 66.25
epoch: 526, val_loss:1.226199, acc: 68.00, bacc: 65.29, tmp_test_f1: 61.76, f1: 66.25
epoch: 527, val_loss:1.231285, acc: 68.00, bacc: 65.29, tmp_test_f1: 61.53, f1: 66.25
epoch: 528, val_loss:1.251813, acc: 68.00, bacc: 65.29, tmp_test_f1: 61.62, f1: 66.25
epoch: 529, val_loss:1.283739, acc: 68.00, bacc: 65.29, tmp_test_f1: 61.75, f1: 66.25
epoch: 530, val_loss:1.333916, acc: 68.00, bacc: 65.29, tmp_test_f1: 61.49, f1: 66.25
epoch: 531, val_loss:1.366730, acc: 68.00, bacc: 65.29, tmp_test_f1: 61.74, f1: 66.25
epoch: 532, val_loss:1.378019, acc: 68.00, bacc: 65.29, tmp_test_f1: 61.86, f1: 66.25
epoch: 533, val_loss:1.363781, acc: 68.00, bacc: 65.29, tmp_test_f1: 61.75, f1: 66.25
epoch: 534, val_loss:1.341722, acc: 68.00, bacc: 65.29, tmp_test_f1: 61.45, f1: 66.25
epoch: 535, val_loss:1.325395, acc: 68.00, bacc: 65.29, tmp_test_f1: 61.10, f1: 66.25
epoch: 536, val_loss:1.283536, acc: 68.00, bacc: 65.29, tmp_test_f1: 61.33, f1: 66.25
epoch: 537, val_loss:1.262846, acc: 68.00, bacc: 65.29, tmp_test_f1: 62.40, f1: 66.25
epoch: 538, val_loss:1.251740, acc: 68.00, bacc: 65.29, tmp_test_f1: 62.97, f1: 66.25
epoch: 539, val_loss:1.265626, acc: 68.00, bacc: 65.29, tmp_test_f1: 63.17, f1: 66.25
epoch: 540, val_loss:1.285317, acc: 68.00, bacc: 65.29, tmp_test_f1: 62.90, f1: 66.25
epoch: 541, val_loss:1.298001, acc: 68.00, bacc: 65.29, tmp_test_f1: 63.33, f1: 66.25
epoch: 542, val_loss:1.267225, acc: 68.00, bacc: 65.29, tmp_test_f1: 62.98, f1: 66.25
epoch: 543, val_loss:1.248687, acc: 68.00, bacc: 65.29, tmp_test_f1: 62.81, f1: 66.25
epoch: 544, val_loss:1.237623, acc: 68.00, bacc: 65.29, tmp_test_f1: 62.20, f1: 66.25
epoch: 545, val_loss:1.229378, acc: 68.00, bacc: 65.29, tmp_test_f1: 61.41, f1: 66.25
epoch: 546, val_loss:1.230880, acc: 68.00, bacc: 65.29, tmp_test_f1: 61.69, f1: 66.25
epoch: 547, val_loss:1.253059, acc: 68.00, bacc: 65.29, tmp_test_f1: 61.12, f1: 66.25
epoch: 548, val_loss:1.281420, acc: 68.00, bacc: 65.29, tmp_test_f1: 60.32, f1: 66.25
epoch: 549, val_loss:1.314738, acc: 68.00, bacc: 65.29, tmp_test_f1: 61.38, f1: 66.25
epoch: 550, val_loss:1.312109, acc: 68.00, bacc: 65.29, tmp_test_f1: 61.94, f1: 66.25
epoch: 551, val_loss:1.281425, acc: 68.00, bacc: 65.29, tmp_test_f1: 62.41, f1: 66.25
epoch: 552, val_loss:1.244921, acc: 68.00, bacc: 65.29, tmp_test_f1: 62.20, f1: 66.25
epoch: 553, val_loss:1.234285, acc: 68.00, bacc: 65.29, tmp_test_f1: 61.89, f1: 66.25
epoch: 554, val_loss:1.234146, acc: 68.00, bacc: 65.29, tmp_test_f1: 61.90, f1: 66.25
epoch: 555, val_loss:1.230721, acc: 68.00, bacc: 65.29, tmp_test_f1: 62.52, f1: 66.25
epoch: 556, val_loss:1.234210, acc: 68.00, bacc: 65.29, tmp_test_f1: 63.19, f1: 66.25
epoch: 557, val_loss:1.253264, acc: 68.00, bacc: 65.29, tmp_test_f1: 62.82, f1: 66.25
epoch: 558, val_loss:1.258941, acc: 68.00, bacc: 65.29, tmp_test_f1: 62.98, f1: 66.25
epoch: 559, val_loss:1.263541, acc: 68.00, bacc: 65.29, tmp_test_f1: 62.81, f1: 66.25
epoch: 560, val_loss:1.258462, acc: 68.00, bacc: 65.29, tmp_test_f1: 62.14, f1: 66.25
epoch: 561, val_loss:1.255649, acc: 68.00, bacc: 65.29, tmp_test_f1: 62.68, f1: 66.25
epoch: 562, val_loss:1.247761, acc: 68.00, bacc: 65.29, tmp_test_f1: 62.91, f1: 66.25
epoch: 563, val_loss:1.248096, acc: 68.00, bacc: 65.29, tmp_test_f1: 62.34, f1: 66.25
epoch: 564, val_loss:1.243972, acc: 68.00, bacc: 65.29, tmp_test_f1: 61.87, f1: 66.25
epoch: 565, val_loss:1.256351, acc: 68.00, bacc: 65.29, tmp_test_f1: 60.78, f1: 66.25
epoch: 566, val_loss:1.284933, acc: 68.00, bacc: 65.29, tmp_test_f1: 60.97, f1: 66.25
epoch: 567, val_loss:1.311874, acc: 68.00, bacc: 65.29, tmp_test_f1: 60.94, f1: 66.25
epoch: 568, val_loss:1.318323, acc: 68.00, bacc: 65.29, tmp_test_f1: 61.34, f1: 66.25
epoch: 569, val_loss:1.322588, acc: 68.00, bacc: 65.29, tmp_test_f1: 61.37, f1: 66.25
epoch: 570, val_loss:1.316270, acc: 68.00, bacc: 65.29, tmp_test_f1: 62.18, f1: 66.25
epoch: 571, val_loss:1.303210, acc: 68.00, bacc: 65.29, tmp_test_f1: 62.46, f1: 66.25
epoch: 572, val_loss:1.298792, acc: 68.00, bacc: 65.29, tmp_test_f1: 62.25, f1: 66.25
epoch: 573, val_loss:1.298369, acc: 68.00, bacc: 65.29, tmp_test_f1: 61.98, f1: 66.25
epoch: 574, val_loss:1.298738, acc: 68.00, bacc: 65.29, tmp_test_f1: 61.31, f1: 66.25
epoch: 575, val_loss:1.285110, acc: 68.00, bacc: 65.29, tmp_test_f1: 61.44, f1: 66.25
epoch: 576, val_loss:1.299978, acc: 68.00, bacc: 65.29, tmp_test_f1: 62.18, f1: 66.25
epoch: 577, val_loss:1.312313, acc: 68.00, bacc: 65.29, tmp_test_f1: 62.66, f1: 66.25
epoch: 578, val_loss:1.327000, acc: 68.00, bacc: 65.29, tmp_test_f1: 62.29, f1: 66.25
epoch: 579, val_loss:1.314138, acc: 68.00, bacc: 65.29, tmp_test_f1: 62.46, f1: 66.25
epoch: 580, val_loss:1.298560, acc: 68.00, bacc: 65.29, tmp_test_f1: 61.26, f1: 66.25
epoch: 581, val_loss:1.298511, acc: 68.00, bacc: 65.29, tmp_test_f1: 60.00, f1: 66.25
epoch: 582, val_loss:1.295388, acc: 68.00, bacc: 65.29, tmp_test_f1: 60.80, f1: 66.25
epoch: 583, val_loss:1.263174, acc: 68.00, bacc: 65.29, tmp_test_f1: 61.85, f1: 66.25
epoch: 584, val_loss:1.243986, acc: 68.00, bacc: 65.29, tmp_test_f1: 62.40, f1: 66.25
epoch: 585, val_loss:1.241174, acc: 68.00, bacc: 65.29, tmp_test_f1: 62.84, f1: 66.25
epoch: 586, val_loss:1.254225, acc: 68.00, bacc: 65.29, tmp_test_f1: 61.56, f1: 66.25
epoch: 587, val_loss:1.301438, acc: 68.00, bacc: 65.29, tmp_test_f1: 60.54, f1: 66.25
epoch: 588, val_loss:1.363224, acc: 68.00, bacc: 65.29, tmp_test_f1: 59.58, f1: 66.25
epoch: 589, val_loss:1.421700, acc: 68.00, bacc: 65.29, tmp_test_f1: 59.00, f1: 66.25
epoch: 590, val_loss:1.423148, acc: 68.00, bacc: 65.29, tmp_test_f1: 59.29, f1: 66.25
epoch: 591, val_loss:1.418739, acc: 68.00, bacc: 65.29, tmp_test_f1: 59.64, f1: 66.25
epoch: 592, val_loss:1.393196, acc: 68.00, bacc: 65.29, tmp_test_f1: 59.73, f1: 66.25
epoch: 593, val_loss:1.357905, acc: 68.00, bacc: 65.29, tmp_test_f1: 60.03, f1: 66.25
epoch: 594, val_loss:1.312332, acc: 68.00, bacc: 65.29, tmp_test_f1: 60.14, f1: 66.25
epoch: 595, val_loss:1.283520, acc: 68.00, bacc: 65.29, tmp_test_f1: 60.65, f1: 66.25
epoch: 596, val_loss:1.277208, acc: 68.00, bacc: 65.29, tmp_test_f1: 60.56, f1: 66.25
epoch: 597, val_loss:1.305029, acc: 68.00, bacc: 65.29, tmp_test_f1: 61.09, f1: 66.25
epoch: 598, val_loss:1.336357, acc: 68.00, bacc: 65.29, tmp_test_f1: 60.48, f1: 66.25
epoch: 599, val_loss:1.377606, acc: 68.00, bacc: 65.29, tmp_test_f1: 60.20, f1: 66.25
epoch: 600, val_loss:1.415996, acc: 68.00, bacc: 65.29, tmp_test_f1: 61.86, f1: 66.25
epoch: 601, val_loss:1.350634, acc: 68.00, bacc: 65.29, tmp_test_f1: 62.16, f1: 66.25
epoch: 602, val_loss:1.306657, acc: 68.00, bacc: 65.29, tmp_test_f1: 62.28, f1: 66.25
epoch: 603, val_loss:1.292441, acc: 68.00, bacc: 65.29, tmp_test_f1: 63.15, f1: 66.25
epoch: 604, val_loss:1.290189, acc: 68.00, bacc: 65.29, tmp_test_f1: 63.11, f1: 66.25
epoch: 605, val_loss:1.300937, acc: 68.00, bacc: 65.29, tmp_test_f1: 63.15, f1: 66.25
epoch: 606, val_loss:1.330119, acc: 68.00, bacc: 65.29, tmp_test_f1: 62.25, f1: 66.25
epoch: 607, val_loss:1.338111, acc: 68.00, bacc: 65.29, tmp_test_f1: 61.73, f1: 66.25
epoch: 608, val_loss:1.325531, acc: 68.00, bacc: 65.29, tmp_test_f1: 61.75, f1: 66.25
epoch: 609, val_loss:1.316129, acc: 68.00, bacc: 65.29, tmp_test_f1: 60.90, f1: 66.25
epoch: 610, val_loss:1.327605, acc: 68.00, bacc: 65.29, tmp_test_f1: 61.02, f1: 66.25
epoch: 611, val_loss:1.342652, acc: 68.00, bacc: 65.29, tmp_test_f1: 61.42, f1: 66.25
epoch: 612, val_loss:1.364088, acc: 68.00, bacc: 65.29, tmp_test_f1: 61.75, f1: 66.25
epoch: 613, val_loss:1.368129, acc: 68.00, bacc: 65.29, tmp_test_f1: 62.41, f1: 66.25
epoch: 614, val_loss:1.348765, acc: 68.00, bacc: 65.29, tmp_test_f1: 62.33, f1: 66.25
epoch: 615, val_loss:1.316193, acc: 68.00, bacc: 65.29, tmp_test_f1: 61.92, f1: 66.25
epoch: 616, val_loss:1.307478, acc: 68.00, bacc: 65.29, tmp_test_f1: 61.72, f1: 66.25
epoch: 617, val_loss:1.326545, acc: 68.00, bacc: 65.29, tmp_test_f1: 61.27, f1: 66.25
epoch: 618, val_loss:1.349040, acc: 68.00, bacc: 65.29, tmp_test_f1: 61.00, f1: 66.25
epoch: 619, val_loss:1.374664, acc: 68.00, bacc: 65.29, tmp_test_f1: 60.31, f1: 66.25
epoch: 620, val_loss:1.360616, acc: 68.00, bacc: 65.29, tmp_test_f1: 60.60, f1: 66.25
epoch: 621, val_loss:1.340632, acc: 68.00, bacc: 65.29, tmp_test_f1: 61.78, f1: 66.25
epoch: 622, val_loss:1.335185, acc: 68.00, bacc: 65.29, tmp_test_f1: 61.63, f1: 66.25
epoch: 623, val_loss:1.355413, acc: 68.00, bacc: 65.29, tmp_test_f1: 60.84, f1: 66.25
epoch: 624, val_loss:1.372154, acc: 68.00, bacc: 65.29, tmp_test_f1: 60.58, f1: 66.25
epoch: 625, val_loss:1.374317, acc: 68.00, bacc: 65.29, tmp_test_f1: 60.88, f1: 66.25
epoch: 626, val_loss:1.368350, acc: 68.00, bacc: 65.29, tmp_test_f1: 61.24, f1: 66.25
epoch: 627, val_loss:1.339571, acc: 68.00, bacc: 65.29, tmp_test_f1: 61.91, f1: 66.25
epoch: 628, val_loss:1.318620, acc: 68.00, bacc: 65.29, tmp_test_f1: 62.94, f1: 66.25
epoch: 629, val_loss:1.298045, acc: 68.00, bacc: 65.29, tmp_test_f1: 62.61, f1: 66.25
epoch: 630, val_loss:1.285522, acc: 68.00, bacc: 65.29, tmp_test_f1: 63.15, f1: 66.25
epoch: 631, val_loss:1.280618, acc: 68.00, bacc: 65.29, tmp_test_f1: 62.71, f1: 66.25
epoch: 632, val_loss:1.286063, acc: 68.00, bacc: 65.29, tmp_test_f1: 62.50, f1: 66.25
epoch: 633, val_loss:1.309317, acc: 68.00, bacc: 65.29, tmp_test_f1: 61.24, f1: 66.25
epoch: 634, val_loss:1.315051, acc: 68.00, bacc: 65.29, tmp_test_f1: 62.07, f1: 66.25
epoch: 635, val_loss:1.307954, acc: 68.00, bacc: 65.29, tmp_test_f1: 62.36, f1: 66.25
epoch: 636, val_loss:1.308730, acc: 68.00, bacc: 65.29, tmp_test_f1: 61.67, f1: 66.25
epoch: 637, val_loss:1.319241, acc: 68.00, bacc: 65.29, tmp_test_f1: 61.70, f1: 66.25
epoch: 638, val_loss:1.323862, acc: 68.00, bacc: 65.29, tmp_test_f1: 61.78, f1: 66.25
epoch: 639, val_loss:1.324696, acc: 68.00, bacc: 65.29, tmp_test_f1: 61.80, f1: 66.25
epoch: 640, val_loss:1.332648, acc: 68.00, bacc: 65.29, tmp_test_f1: 62.16, f1: 66.25
epoch: 641, val_loss:1.345476, acc: 68.00, bacc: 65.29, tmp_test_f1: 61.24, f1: 66.25
epoch: 642, val_loss:1.355636, acc: 68.00, bacc: 65.29, tmp_test_f1: 61.28, f1: 66.25
epoch: 643, val_loss:1.357584, acc: 68.00, bacc: 65.29, tmp_test_f1: 61.20, f1: 66.25
epoch: 644, val_loss:1.339185, acc: 68.00, bacc: 65.29, tmp_test_f1: 60.87, f1: 66.25
epoch: 645, val_loss:1.312017, acc: 68.00, bacc: 65.29, tmp_test_f1: 61.94, f1: 66.25
epoch: 646, val_loss:1.272919, acc: 68.00, bacc: 65.29, tmp_test_f1: 62.73, f1: 66.25
epoch: 647, val_loss:1.235369, acc: 68.00, bacc: 65.29, tmp_test_f1: 63.12, f1: 66.25
epoch: 648, val_loss:1.221558, acc: 68.00, bacc: 65.29, tmp_test_f1: 64.09, f1: 66.25
epoch: 649, val_loss:1.217937, acc: 68.00, bacc: 65.29, tmp_test_f1: 63.79, f1: 66.25
epoch: 650, val_loss:1.227797, acc: 68.00, bacc: 65.29, tmp_test_f1: 63.20, f1: 66.25
epoch: 651, val_loss:1.259104, acc: 68.00, bacc: 65.29, tmp_test_f1: 61.16, f1: 66.25
epoch: 652, val_loss:1.313102, acc: 68.00, bacc: 65.29, tmp_test_f1: 60.41, f1: 66.25
epoch: 653, val_loss:1.359690, acc: 68.00, bacc: 65.29, tmp_test_f1: 60.18, f1: 66.25
epoch: 654, val_loss:1.385274, acc: 68.00, bacc: 65.29, tmp_test_f1: 59.48, f1: 66.25
epoch: 655, val_loss:1.405305, acc: 68.00, bacc: 65.29, tmp_test_f1: 59.73, f1: 66.25
epoch: 656, val_loss:1.395105, acc: 68.00, bacc: 65.29, tmp_test_f1: 60.71, f1: 66.25
epoch: 657, val_loss:1.360052, acc: 68.00, bacc: 65.29, tmp_test_f1: 61.02, f1: 66.25
epoch: 658, val_loss:1.320340, acc: 68.00, bacc: 65.29, tmp_test_f1: 61.14, f1: 66.25
epoch: 659, val_loss:1.294288, acc: 68.00, bacc: 65.29, tmp_test_f1: 61.46, f1: 66.25
epoch: 660, val_loss:1.277636, acc: 68.00, bacc: 65.29, tmp_test_f1: 60.52, f1: 66.25
epoch: 661, val_loss:1.296647, acc: 68.00, bacc: 65.29, tmp_test_f1: 60.66, f1: 66.25
epoch: 662, val_loss:1.306933, acc: 68.00, bacc: 65.29, tmp_test_f1: 60.27, f1: 66.25
epoch: 663, val_loss:1.340379, acc: 68.00, bacc: 65.29, tmp_test_f1: 59.51, f1: 66.25
epoch: 664, val_loss:1.354148, acc: 68.00, bacc: 65.29, tmp_test_f1: 60.43, f1: 66.25
epoch: 665, val_loss:1.321916, acc: 68.00, bacc: 65.29, tmp_test_f1: 60.95, f1: 66.25
epoch: 666, val_loss:1.282087, acc: 68.00, bacc: 65.29, tmp_test_f1: 61.83, f1: 66.25
epoch: 667, val_loss:1.257293, acc: 68.00, bacc: 65.29, tmp_test_f1: 61.68, f1: 66.25
epoch: 668, val_loss:1.247634, acc: 68.00, bacc: 65.29, tmp_test_f1: 61.83, f1: 66.25
epoch: 669, val_loss:1.256186, acc: 68.00, bacc: 65.29, tmp_test_f1: 61.79, f1: 66.25
epoch: 670, val_loss:1.265114, acc: 68.00, bacc: 65.29, tmp_test_f1: 62.04, f1: 66.25
epoch: 671, val_loss:1.279451, acc: 68.00, bacc: 65.29, tmp_test_f1: 62.11, f1: 66.25
epoch: 672, val_loss:1.303564, acc: 68.00, bacc: 65.29, tmp_test_f1: 62.05, f1: 66.25
epoch: 673, val_loss:1.347929, acc: 68.00, bacc: 65.29, tmp_test_f1: 61.46, f1: 66.25
epoch: 674, val_loss:1.393505, acc: 68.00, bacc: 65.29, tmp_test_f1: 61.37, f1: 66.25
epoch: 675, val_loss:1.395655, acc: 68.00, bacc: 65.29, tmp_test_f1: 61.90, f1: 66.25
epoch: 676, val_loss:1.352836, acc: 68.00, bacc: 65.29, tmp_test_f1: 62.04, f1: 66.25
epoch: 677, val_loss:1.301583, acc: 68.00, bacc: 65.29, tmp_test_f1: 63.58, f1: 66.25
epoch: 678, val_loss:1.249791, acc: 68.00, bacc: 65.29, tmp_test_f1: 63.82, f1: 66.25
epoch: 679, val_loss:1.200428, acc: 68.00, bacc: 65.29, tmp_test_f1: 63.49, f1: 66.25
epoch: 680, val_loss:1.175795, acc: 68.00, bacc: 65.29, tmp_test_f1: 63.32, f1: 66.25
epoch: 681, val_loss:1.175420, acc: 68.00, bacc: 65.29, tmp_test_f1: 63.05, f1: 66.25
epoch: 682, val_loss:1.186867, acc: 68.00, bacc: 65.29, tmp_test_f1: 63.52, f1: 66.25
epoch: 683, val_loss:1.205147, acc: 68.00, bacc: 65.29, tmp_test_f1: 62.91, f1: 66.25
epoch: 684, val_loss:1.226814, acc: 68.00, bacc: 65.29, tmp_test_f1: 62.12, f1: 66.25
epoch: 685, val_loss:1.291612, acc: 68.00, bacc: 65.29, tmp_test_f1: 61.38, f1: 66.25
epoch: 686, val_loss:1.342738, acc: 68.00, bacc: 65.29, tmp_test_f1: 61.52, f1: 66.25
epoch: 687, val_loss:1.357792, acc: 68.00, bacc: 65.29, tmp_test_f1: 61.26, f1: 66.25
epoch: 688, val_loss:1.355977, acc: 68.00, bacc: 65.29, tmp_test_f1: 61.32, f1: 66.25
Epoch 00689: reducing learning rate of group 0 to 1.2500e-02.
Epoch 00689: reducing learning rate of group 1 to 1.2500e-02.
epoch: 689, val_loss:1.323214, acc: 68.00, bacc: 65.29, tmp_test_f1: 61.88, f1: 66.25
epoch: 690, val_loss:1.271402, acc: 68.00, bacc: 65.29, tmp_test_f1: 63.38, f1: 66.25
epoch: 691, val_loss:1.247089, acc: 68.00, bacc: 65.29, tmp_test_f1: 63.85, f1: 66.25
epoch: 692, val_loss:1.220387, acc: 68.00, bacc: 65.29, tmp_test_f1: 63.70, f1: 66.25
epoch: 693, val_loss:1.199283, acc: 68.00, bacc: 65.29, tmp_test_f1: 63.79, f1: 66.25
epoch: 694, val_loss:1.186314, acc: 68.00, bacc: 65.29, tmp_test_f1: 63.42, f1: 66.25
epoch: 695, val_loss:1.184829, acc: 68.00, bacc: 65.29, tmp_test_f1: 63.20, f1: 66.25
epoch: 696, val_loss:1.190622, acc: 68.00, bacc: 65.29, tmp_test_f1: 63.23, f1: 66.25
epoch: 697, val_loss:1.199342, acc: 68.00, bacc: 65.29, tmp_test_f1: 63.39, f1: 66.25
epoch: 698, val_loss:1.215348, acc: 68.00, bacc: 65.29, tmp_test_f1: 62.41, f1: 66.25
epoch: 699, val_loss:1.243351, acc: 68.00, bacc: 65.29, tmp_test_f1: 62.06, f1: 66.25
epoch: 700, val_loss:1.275602, acc: 68.00, bacc: 65.29, tmp_test_f1: 61.78, f1: 66.25
epoch: 701, val_loss:1.303733, acc: 68.00, bacc: 65.29, tmp_test_f1: 61.41, f1: 66.25
epoch: 702, val_loss:1.319358, acc: 68.00, bacc: 65.29, tmp_test_f1: 61.13, f1: 66.25
epoch: 703, val_loss:1.331910, acc: 68.00, bacc: 65.29, tmp_test_f1: 61.09, f1: 66.25
epoch: 704, val_loss:1.339401, acc: 68.00, bacc: 65.29, tmp_test_f1: 61.28, f1: 66.25
epoch: 705, val_loss:1.331912, acc: 68.00, bacc: 65.29, tmp_test_f1: 61.08, f1: 66.25
epoch: 706, val_loss:1.304659, acc: 68.00, bacc: 65.29, tmp_test_f1: 61.45, f1: 66.25
epoch: 707, val_loss:1.260429, acc: 68.00, bacc: 65.29, tmp_test_f1: 61.84, f1: 66.25
epoch: 708, val_loss:1.224824, acc: 68.00, bacc: 65.29, tmp_test_f1: 61.62, f1: 66.25
epoch: 709, val_loss:1.210456, acc: 68.00, bacc: 65.29, tmp_test_f1: 62.28, f1: 66.25
epoch: 710, val_loss:1.210808, acc: 68.00, bacc: 65.29, tmp_test_f1: 62.22, f1: 66.25
epoch: 711, val_loss:1.213212, acc: 68.00, bacc: 65.29, tmp_test_f1: 62.09, f1: 66.25
epoch: 712, val_loss:1.225421, acc: 68.00, bacc: 65.29, tmp_test_f1: 61.83, f1: 66.25
epoch: 713, val_loss:1.247095, acc: 68.00, bacc: 65.29, tmp_test_f1: 61.82, f1: 66.25
epoch: 714, val_loss:1.273924, acc: 68.00, bacc: 65.29, tmp_test_f1: 61.65, f1: 66.25
epoch: 715, val_loss:1.311057, acc: 68.00, bacc: 65.29, tmp_test_f1: 60.32, f1: 66.25
epoch: 716, val_loss:1.342178, acc: 68.00, bacc: 65.29, tmp_test_f1: 59.57, f1: 66.25
epoch: 717, val_loss:1.384990, acc: 68.00, bacc: 65.29, tmp_test_f1: 59.27, f1: 66.25
epoch: 718, val_loss:1.415496, acc: 68.00, bacc: 65.29, tmp_test_f1: 58.33, f1: 66.25
epoch: 719, val_loss:1.410345, acc: 68.00, bacc: 65.29, tmp_test_f1: 58.88, f1: 66.25
epoch: 720, val_loss:1.385761, acc: 68.00, bacc: 65.29, tmp_test_f1: 60.14, f1: 66.25
epoch: 721, val_loss:1.353117, acc: 68.00, bacc: 65.29, tmp_test_f1: 60.62, f1: 66.25
epoch: 722, val_loss:1.318305, acc: 68.00, bacc: 65.29, tmp_test_f1: 61.35, f1: 66.25
epoch: 723, val_loss:1.286901, acc: 68.00, bacc: 65.29, tmp_test_f1: 61.55, f1: 66.25
epoch: 724, val_loss:1.263372, acc: 68.00, bacc: 65.29, tmp_test_f1: 61.29, f1: 66.25
epoch: 725, val_loss:1.249092, acc: 68.00, bacc: 65.29, tmp_test_f1: 61.88, f1: 66.25
epoch: 726, val_loss:1.239469, acc: 68.00, bacc: 65.29, tmp_test_f1: 61.56, f1: 66.25
epoch: 727, val_loss:1.241704, acc: 68.00, bacc: 65.29, tmp_test_f1: 61.53, f1: 66.25
epoch: 728, val_loss:1.241418, acc: 68.00, bacc: 65.29, tmp_test_f1: 60.86, f1: 66.25
epoch: 729, val_loss:1.246615, acc: 68.00, bacc: 65.29, tmp_test_f1: 60.75, f1: 66.25
epoch: 730, val_loss:1.261962, acc: 68.00, bacc: 65.29, tmp_test_f1: 60.02, f1: 66.25
epoch: 731, val_loss:1.275874, acc: 68.00, bacc: 65.29, tmp_test_f1: 60.69, f1: 66.25
epoch: 732, val_loss:1.294087, acc: 68.00, bacc: 65.29, tmp_test_f1: 60.60, f1: 66.25
epoch: 733, val_loss:1.311029, acc: 68.00, bacc: 65.29, tmp_test_f1: 60.62, f1: 66.25
epoch: 734, val_loss:1.319227, acc: 68.00, bacc: 65.29, tmp_test_f1: 60.66, f1: 66.25
epoch: 735, val_loss:1.334200, acc: 68.00, bacc: 65.29, tmp_test_f1: 60.92, f1: 66.25
epoch: 736, val_loss:1.359330, acc: 68.00, bacc: 65.29, tmp_test_f1: 60.70, f1: 66.25
epoch: 737, val_loss:1.380989, acc: 68.00, bacc: 65.29, tmp_test_f1: 60.12, f1: 66.25
epoch: 738, val_loss:1.397850, acc: 68.00, bacc: 65.29, tmp_test_f1: 60.51, f1: 66.25
epoch: 739, val_loss:1.402617, acc: 68.00, bacc: 65.29, tmp_test_f1: 60.39, f1: 66.25
epoch: 740, val_loss:1.394012, acc: 68.00, bacc: 65.29, tmp_test_f1: 60.10, f1: 66.25
epoch: 741, val_loss:1.369027, acc: 68.00, bacc: 65.29, tmp_test_f1: 60.26, f1: 66.25
epoch: 742, val_loss:1.323626, acc: 68.00, bacc: 65.29, tmp_test_f1: 60.74, f1: 66.25
epoch: 743, val_loss:1.285178, acc: 68.00, bacc: 65.29, tmp_test_f1: 61.59, f1: 66.25
epoch: 744, val_loss:1.258088, acc: 68.00, bacc: 65.29, tmp_test_f1: 61.74, f1: 66.25
epoch: 745, val_loss:1.251523, acc: 68.00, bacc: 65.29, tmp_test_f1: 61.04, f1: 66.25
epoch: 746, val_loss:1.250000, acc: 68.00, bacc: 65.29, tmp_test_f1: 61.44, f1: 66.25
epoch: 747, val_loss:1.252729, acc: 68.00, bacc: 65.29, tmp_test_f1: 61.09, f1: 66.25
epoch: 748, val_loss:1.255755, acc: 68.00, bacc: 65.29, tmp_test_f1: 60.82, f1: 66.25
epoch: 749, val_loss:1.254187, acc: 68.00, bacc: 65.29, tmp_test_f1: 61.91, f1: 66.25
epoch: 750, val_loss:1.249905, acc: 68.00, bacc: 65.29, tmp_test_f1: 62.01, f1: 66.25
epoch: 751, val_loss:1.252326, acc: 68.00, bacc: 65.29, tmp_test_f1: 61.72, f1: 66.25
epoch: 752, val_loss:1.261500, acc: 68.00, bacc: 65.29, tmp_test_f1: 61.06, f1: 66.25
epoch: 753, val_loss:1.276378, acc: 68.00, bacc: 65.29, tmp_test_f1: 60.36, f1: 66.25
epoch: 754, val_loss:1.292577, acc: 68.00, bacc: 65.29, tmp_test_f1: 60.64, f1: 66.25
epoch: 755, val_loss:1.298642, acc: 68.00, bacc: 65.29, tmp_test_f1: 60.94, f1: 66.25
epoch: 756, val_loss:1.297273, acc: 68.00, bacc: 65.29, tmp_test_f1: 61.13, f1: 66.25
epoch: 757, val_loss:1.295762, acc: 68.00, bacc: 65.29, tmp_test_f1: 61.22, f1: 66.25
epoch: 758, val_loss:1.298167, acc: 68.00, bacc: 65.29, tmp_test_f1: 61.26, f1: 66.25
epoch: 759, val_loss:1.311352, acc: 68.00, bacc: 65.29, tmp_test_f1: 61.05, f1: 66.25
epoch: 760, val_loss:1.326516, acc: 68.00, bacc: 65.29, tmp_test_f1: 60.93, f1: 66.25
epoch: 761, val_loss:1.340757, acc: 68.00, bacc: 65.29, tmp_test_f1: 61.22, f1: 66.25
epoch: 762, val_loss:1.333065, acc: 68.00, bacc: 65.29, tmp_test_f1: 60.84, f1: 66.25
epoch: 763, val_loss:1.316382, acc: 68.00, bacc: 65.29, tmp_test_f1: 60.47, f1: 66.25
epoch: 764, val_loss:1.306411, acc: 68.00, bacc: 65.29, tmp_test_f1: 60.59, f1: 66.25
epoch: 765, val_loss:1.305004, acc: 68.00, bacc: 65.29, tmp_test_f1: 60.57, f1: 66.25
epoch: 766, val_loss:1.301238, acc: 68.00, bacc: 65.29, tmp_test_f1: 60.26, f1: 66.25
epoch: 767, val_loss:1.306397, acc: 68.00, bacc: 65.29, tmp_test_f1: 59.97, f1: 66.25
epoch: 768, val_loss:1.315883, acc: 68.00, bacc: 65.29, tmp_test_f1: 59.65, f1: 66.25
epoch: 769, val_loss:1.328177, acc: 68.00, bacc: 65.29, tmp_test_f1: 59.93, f1: 66.25
epoch: 770, val_loss:1.336951, acc: 68.00, bacc: 65.29, tmp_test_f1: 59.95, f1: 66.25
epoch: 771, val_loss:1.340613, acc: 68.00, bacc: 65.29, tmp_test_f1: 60.29, f1: 66.25
epoch: 772, val_loss:1.323828, acc: 68.00, bacc: 65.29, tmp_test_f1: 60.87, f1: 66.25
epoch: 773, val_loss:1.287563, acc: 68.00, bacc: 65.29, tmp_test_f1: 61.79, f1: 66.25
epoch: 774, val_loss:1.252815, acc: 68.00, bacc: 65.29, tmp_test_f1: 62.31, f1: 66.25
epoch: 775, val_loss:1.227964, acc: 68.00, bacc: 65.29, tmp_test_f1: 62.68, f1: 66.25
epoch: 776, val_loss:1.222336, acc: 68.00, bacc: 65.29, tmp_test_f1: 62.81, f1: 66.25
epoch: 777, val_loss:1.227383, acc: 68.00, bacc: 65.29, tmp_test_f1: 62.83, f1: 66.25
epoch: 778, val_loss:1.237950, acc: 68.00, bacc: 65.29, tmp_test_f1: 62.45, f1: 66.25
epoch: 779, val_loss:1.249195, acc: 68.00, bacc: 65.29, tmp_test_f1: 62.78, f1: 66.25
epoch: 780, val_loss:1.261387, acc: 68.00, bacc: 65.29, tmp_test_f1: 62.16, f1: 66.25
epoch: 781, val_loss:1.273073, acc: 68.00, bacc: 65.29, tmp_test_f1: 62.50, f1: 66.25
epoch: 782, val_loss:1.275034, acc: 68.00, bacc: 65.29, tmp_test_f1: 61.56, f1: 66.25
epoch: 783, val_loss:1.288797, acc: 68.00, bacc: 65.29, tmp_test_f1: 61.16, f1: 66.25
epoch: 784, val_loss:1.300770, acc: 68.00, bacc: 65.29, tmp_test_f1: 61.96, f1: 66.25
epoch: 785, val_loss:1.282491, acc: 68.00, bacc: 65.29, tmp_test_f1: 62.46, f1: 66.25
epoch: 786, val_loss:1.254867, acc: 68.00, bacc: 65.29, tmp_test_f1: 62.29, f1: 66.25
epoch: 787, val_loss:1.237446, acc: 68.00, bacc: 65.29, tmp_test_f1: 62.73, f1: 66.25
epoch: 788, val_loss:1.224834, acc: 68.00, bacc: 65.29, tmp_test_f1: 62.85, f1: 66.25
epoch: 789, val_loss:1.219294, acc: 68.00, bacc: 65.29, tmp_test_f1: 62.13, f1: 66.25
epoch: 790, val_loss:1.220126, acc: 68.00, bacc: 65.29, tmp_test_f1: 61.20, f1: 66.25
epoch: 791, val_loss:1.222809, acc: 68.00, bacc: 65.29, tmp_test_f1: 61.42, f1: 66.25
epoch: 792, val_loss:1.228574, acc: 68.00, bacc: 65.29, tmp_test_f1: 61.16, f1: 66.25
epoch: 793, val_loss:1.240592, acc: 68.00, bacc: 65.29, tmp_test_f1: 61.47, f1: 66.25
epoch: 794, val_loss:1.250427, acc: 68.00, bacc: 65.29, tmp_test_f1: 60.94, f1: 66.25
epoch: 795, val_loss:1.268845, acc: 68.00, bacc: 65.29, tmp_test_f1: 60.63, f1: 66.25
epoch: 796, val_loss:1.294853, acc: 68.00, bacc: 65.29, tmp_test_f1: 60.45, f1: 66.25
epoch: 797, val_loss:1.309928, acc: 68.00, bacc: 65.29, tmp_test_f1: 59.87, f1: 66.25
epoch: 798, val_loss:1.319560, acc: 68.00, bacc: 65.29, tmp_test_f1: 60.12, f1: 66.25
epoch: 799, val_loss:1.311031, acc: 68.00, bacc: 65.29, tmp_test_f1: 60.26, f1: 66.25
epoch: 800, val_loss:1.298815, acc: 68.00, bacc: 65.29, tmp_test_f1: 60.96, f1: 66.25
epoch: 801, val_loss:1.282763, acc: 68.00, bacc: 65.29, tmp_test_f1: 61.71, f1: 66.25
epoch: 802, val_loss:1.263804, acc: 68.00, bacc: 65.29, tmp_test_f1: 62.41, f1: 66.25
epoch: 803, val_loss:1.252423, acc: 68.00, bacc: 65.29, tmp_test_f1: 63.03, f1: 66.25
epoch: 804, val_loss:1.247642, acc: 68.00, bacc: 65.29, tmp_test_f1: 63.27, f1: 66.25
epoch: 805, val_loss:1.253992, acc: 68.00, bacc: 65.29, tmp_test_f1: 62.74, f1: 66.25
epoch: 806, val_loss:1.264570, acc: 68.00, bacc: 65.29, tmp_test_f1: 61.57, f1: 66.25
epoch: 807, val_loss:1.285627, acc: 68.00, bacc: 65.29, tmp_test_f1: 61.45, f1: 66.25
epoch: 808, val_loss:1.300545, acc: 68.00, bacc: 65.29, tmp_test_f1: 60.85, f1: 66.25
epoch: 809, val_loss:1.319281, acc: 68.00, bacc: 65.29, tmp_test_f1: 60.77, f1: 66.25
epoch: 810, val_loss:1.342979, acc: 68.00, bacc: 65.29, tmp_test_f1: 60.50, f1: 66.25
epoch: 811, val_loss:1.364754, acc: 68.00, bacc: 65.29, tmp_test_f1: 61.02, f1: 66.25
epoch: 812, val_loss:1.360034, acc: 68.00, bacc: 65.29, tmp_test_f1: 60.91, f1: 66.25
epoch: 813, val_loss:1.354129, acc: 68.00, bacc: 65.29, tmp_test_f1: 60.95, f1: 66.25
epoch: 814, val_loss:1.334333, acc: 68.00, bacc: 65.29, tmp_test_f1: 60.69, f1: 66.25
epoch: 815, val_loss:1.314890, acc: 68.00, bacc: 65.29, tmp_test_f1: 61.15, f1: 66.25
epoch: 816, val_loss:1.295971, acc: 68.00, bacc: 65.29, tmp_test_f1: 61.26, f1: 66.25
epoch: 817, val_loss:1.276701, acc: 68.00, bacc: 65.29, tmp_test_f1: 62.26, f1: 66.25
epoch: 818, val_loss:1.263850, acc: 68.00, bacc: 65.29, tmp_test_f1: 62.16, f1: 66.25
epoch: 819, val_loss:1.259316, acc: 68.00, bacc: 65.29, tmp_test_f1: 62.49, f1: 66.25
epoch: 820, val_loss:1.263451, acc: 68.00, bacc: 65.29, tmp_test_f1: 61.71, f1: 66.25
epoch: 821, val_loss:1.277717, acc: 68.00, bacc: 65.29, tmp_test_f1: 61.12, f1: 66.25
epoch: 822, val_loss:1.297543, acc: 68.00, bacc: 65.29, tmp_test_f1: 60.98, f1: 66.25
epoch: 823, val_loss:1.323579, acc: 68.00, bacc: 65.29, tmp_test_f1: 60.79, f1: 66.25
epoch: 824, val_loss:1.338392, acc: 68.00, bacc: 65.29, tmp_test_f1: 61.06, f1: 66.25
epoch: 825, val_loss:1.348178, acc: 68.00, bacc: 65.29, tmp_test_f1: 60.95, f1: 66.25
epoch: 826, val_loss:1.342083, acc: 68.00, bacc: 65.29, tmp_test_f1: 60.75, f1: 66.25
epoch: 827, val_loss:1.329008, acc: 68.00, bacc: 65.29, tmp_test_f1: 60.98, f1: 66.25
epoch: 828, val_loss:1.320395, acc: 68.00, bacc: 65.29, tmp_test_f1: 60.90, f1: 66.25
epoch: 829, val_loss:1.315820, acc: 68.00, bacc: 65.29, tmp_test_f1: 61.31, f1: 66.25
epoch: 830, val_loss:1.309172, acc: 68.00, bacc: 65.29, tmp_test_f1: 61.73, f1: 66.25
epoch: 831, val_loss:1.301587, acc: 68.00, bacc: 65.29, tmp_test_f1: 62.11, f1: 66.25
epoch: 832, val_loss:1.291634, acc: 68.00, bacc: 65.29, tmp_test_f1: 62.14, f1: 66.25
epoch: 833, val_loss:1.282465, acc: 68.00, bacc: 65.29, tmp_test_f1: 62.41, f1: 66.25
epoch: 834, val_loss:1.266581, acc: 68.00, bacc: 65.29, tmp_test_f1: 62.47, f1: 66.25
epoch: 835, val_loss:1.258271, acc: 68.00, bacc: 65.29, tmp_test_f1: 62.54, f1: 66.25
epoch: 836, val_loss:1.253569, acc: 68.00, bacc: 65.29, tmp_test_f1: 62.65, f1: 66.25
epoch: 837, val_loss:1.248438, acc: 68.00, bacc: 65.29, tmp_test_f1: 62.67, f1: 66.25
epoch: 838, val_loss:1.253650, acc: 68.00, bacc: 65.29, tmp_test_f1: 62.46, f1: 66.25
epoch: 839, val_loss:1.263352, acc: 68.00, bacc: 65.29, tmp_test_f1: 62.86, f1: 66.25
epoch: 840, val_loss:1.277183, acc: 68.00, bacc: 65.29, tmp_test_f1: 62.17, f1: 66.25
epoch: 841, val_loss:1.286889, acc: 68.00, bacc: 65.29, tmp_test_f1: 62.42, f1: 66.25
epoch: 842, val_loss:1.288728, acc: 68.00, bacc: 65.29, tmp_test_f1: 62.62, f1: 66.25
epoch: 843, val_loss:1.294804, acc: 68.00, bacc: 65.29, tmp_test_f1: 62.31, f1: 66.25
epoch: 844, val_loss:1.299827, acc: 68.00, bacc: 65.29, tmp_test_f1: 61.73, f1: 66.25
epoch: 845, val_loss:1.305120, acc: 68.00, bacc: 65.29, tmp_test_f1: 61.53, f1: 66.25
epoch: 846, val_loss:1.312818, acc: 68.00, bacc: 65.29, tmp_test_f1: 61.74, f1: 66.25
epoch: 847, val_loss:1.318747, acc: 68.00, bacc: 65.29, tmp_test_f1: 61.81, f1: 66.25
epoch: 848, val_loss:1.317389, acc: 68.00, bacc: 65.29, tmp_test_f1: 61.59, f1: 66.25
epoch: 849, val_loss:1.310562, acc: 68.00, bacc: 65.29, tmp_test_f1: 61.42, f1: 66.25
epoch: 850, val_loss:1.307427, acc: 68.00, bacc: 65.29, tmp_test_f1: 61.76, f1: 66.25
epoch: 851, val_loss:1.303940, acc: 68.00, bacc: 65.29, tmp_test_f1: 61.51, f1: 66.25
epoch: 852, val_loss:1.305490, acc: 68.00, bacc: 65.29, tmp_test_f1: 61.35, f1: 66.25
epoch: 853, val_loss:1.313815, acc: 68.00, bacc: 65.29, tmp_test_f1: 61.09, f1: 66.25
epoch: 854, val_loss:1.311965, acc: 68.00, bacc: 65.29, tmp_test_f1: 60.94, f1: 66.25
epoch: 855, val_loss:1.305542, acc: 68.00, bacc: 65.29, tmp_test_f1: 61.40, f1: 66.25
epoch: 856, val_loss:1.284333, acc: 68.00, bacc: 65.29, tmp_test_f1: 61.84, f1: 66.25
epoch: 857, val_loss:1.271055, acc: 68.00, bacc: 65.29, tmp_test_f1: 61.81, f1: 66.25
epoch: 858, val_loss:1.272025, acc: 68.00, bacc: 65.29, tmp_test_f1: 61.62, f1: 66.25
epoch: 859, val_loss:1.272892, acc: 68.00, bacc: 65.29, tmp_test_f1: 61.42, f1: 66.25
epoch: 860, val_loss:1.280181, acc: 68.00, bacc: 65.29, tmp_test_f1: 61.54, f1: 66.25
epoch: 861, val_loss:1.286658, acc: 68.00, bacc: 65.29, tmp_test_f1: 61.95, f1: 66.25
epoch: 862, val_loss:1.294269, acc: 68.00, bacc: 65.29, tmp_test_f1: 62.01, f1: 66.25
epoch: 863, val_loss:1.311599, acc: 68.00, bacc: 65.29, tmp_test_f1: 62.06, f1: 66.25
epoch: 864, val_loss:1.330901, acc: 68.00, bacc: 65.29, tmp_test_f1: 61.56, f1: 66.25
epoch: 865, val_loss:1.358330, acc: 68.00, bacc: 65.29, tmp_test_f1: 60.93, f1: 66.25
epoch: 866, val_loss:1.386259, acc: 68.00, bacc: 65.29, tmp_test_f1: 61.07, f1: 66.25
epoch: 867, val_loss:1.416955, acc: 68.00, bacc: 65.29, tmp_test_f1: 60.97, f1: 66.25
epoch: 868, val_loss:1.440016, acc: 68.00, bacc: 65.29, tmp_test_f1: 60.93, f1: 66.25
epoch: 869, val_loss:1.433807, acc: 68.00, bacc: 65.29, tmp_test_f1: 60.42, f1: 66.25
epoch: 870, val_loss:1.395838, acc: 68.00, bacc: 65.29, tmp_test_f1: 60.11, f1: 66.25
epoch: 871, val_loss:1.353687, acc: 68.00, bacc: 65.29, tmp_test_f1: 60.76, f1: 66.25
epoch: 872, val_loss:1.322899, acc: 68.00, bacc: 65.29, tmp_test_f1: 60.78, f1: 66.25
epoch: 873, val_loss:1.306592, acc: 68.00, bacc: 65.29, tmp_test_f1: 61.60, f1: 66.25
epoch: 874, val_loss:1.299770, acc: 68.00, bacc: 65.29, tmp_test_f1: 61.72, f1: 66.25
epoch: 875, val_loss:1.292663, acc: 68.00, bacc: 65.29, tmp_test_f1: 61.46, f1: 66.25
epoch: 876, val_loss:1.293394, acc: 68.00, bacc: 65.29, tmp_test_f1: 61.72, f1: 66.25
epoch: 877, val_loss:1.298585, acc: 68.00, bacc: 65.29, tmp_test_f1: 61.89, f1: 66.25
epoch: 878, val_loss:1.298246, acc: 68.00, bacc: 65.29, tmp_test_f1: 61.91, f1: 66.25
epoch: 879, val_loss:1.306303, acc: 68.00, bacc: 65.29, tmp_test_f1: 61.49, f1: 66.25
epoch: 880, val_loss:1.320049, acc: 68.00, bacc: 65.29, tmp_test_f1: 61.12, f1: 66.25
epoch: 881, val_loss:1.332911, acc: 68.00, bacc: 65.29, tmp_test_f1: 61.16, f1: 66.25
epoch: 882, val_loss:1.343514, acc: 68.00, bacc: 65.29, tmp_test_f1: 61.06, f1: 66.25
epoch: 883, val_loss:1.351141, acc: 68.00, bacc: 65.29, tmp_test_f1: 61.46, f1: 66.25
epoch: 884, val_loss:1.337223, acc: 68.00, bacc: 65.29, tmp_test_f1: 62.02, f1: 66.25
epoch: 885, val_loss:1.305234, acc: 68.00, bacc: 65.29, tmp_test_f1: 62.41, f1: 66.25
epoch: 886, val_loss:1.288518, acc: 68.00, bacc: 65.29, tmp_test_f1: 62.85, f1: 66.25
epoch: 887, val_loss:1.284738, acc: 68.00, bacc: 65.29, tmp_test_f1: 62.71, f1: 66.25
epoch: 888, val_loss:1.286571, acc: 68.00, bacc: 65.29, tmp_test_f1: 63.18, f1: 66.25
epoch: 889, val_loss:1.278366, acc: 68.00, bacc: 65.29, tmp_test_f1: 63.00, f1: 66.25
Epoch 00890: reducing learning rate of group 0 to 6.2500e-03.
Epoch 00890: reducing learning rate of group 1 to 6.2500e-03.
epoch: 890, val_loss:1.272219, acc: 68.00, bacc: 65.29, tmp_test_f1: 62.43, f1: 66.25
epoch: 891, val_loss:1.276818, acc: 68.00, bacc: 65.29, tmp_test_f1: 62.47, f1: 66.25
epoch: 892, val_loss:1.282590, acc: 68.00, bacc: 65.29, tmp_test_f1: 61.59, f1: 66.25
epoch: 893, val_loss:1.293027, acc: 68.00, bacc: 65.29, tmp_test_f1: 61.44, f1: 66.25
GCN dgl/coraTrue 100 Aug 2 EndEpoch 893 lr 0.1
SHAsplit  0, acc: 68.00, bacc: 65.29, f1: 66.25
