cuda is not available, using CPU.
Namespace(to_undirected=True, from_SHA=True, IsDirectedData=True, AugDirect=21, net='GAT', GPUdevice=1, seed=100, undirect_dataset='CiteSeer', Direct_dataset='dgl/cora', imb_ratio=100, dropout=0.1, num_filter=2, layer=2, alpha=0.1, K=2, feat_dim=64, warmup=5, epoch=1500, lr=0.1, l2=0.0005, tau=2, max=False, no_mask=False, gdc='ppr', heads=8, log_root='../logs/', log_path='test', data_path='../dataset/data/tmp/')
  NumNodes: 2708
  NumEdges: 5278
  NumFeats: 1433
  NumClasses: 7
  NumTrainingSamples: 140
  NumValidationSamples: 500
  NumTestSamples: 1000
Done loading data from cached files.
dict_keys(['feat', 'label', 'test_mask', 'val_mask', 'train_mask'])
Converted to undirected data
test_f1 CountNotImproved reset to 0 in epoch 0
epoch:   0, val_loss:1.946070, acc: 13.00, bacc: 14.29, tmp_test_f1: 3.29, f1: 3.29
epoch:   1, val_loss:2.262813, acc: 13.00, bacc: 14.29, tmp_test_f1: 3.29, f1: 3.29
test_f1 CountNotImproved reset to 0 in epoch 2
epoch:   2, val_loss:3.397478, acc: 27.40, bacc: 33.21, tmp_test_f1: 20.73, f1: 20.73
test_f1 CountNotImproved reset to 0 in epoch 3
epoch:   3, val_loss:3.193320, acc: 33.80, bacc: 39.36, tmp_test_f1: 22.53, f1: 22.53
test_f1 CountNotImproved reset to 0 in epoch 4
epoch:   4, val_loss:2.866247, acc: 34.10, bacc: 39.20, tmp_test_f1: 24.47, f1: 24.47
epoch:   5, val_loss:2.723571, acc: 34.10, bacc: 39.20, tmp_test_f1: 23.42, f1: 24.47
test_f1 CountNotImproved reset to 0 in epoch 6
epoch:   6, val_loss:2.779219, acc: 31.90, bacc: 36.47, tmp_test_f1: 25.01, f1: 25.01
test_f1 CountNotImproved reset to 0 in epoch 7
epoch:   7, val_loss:2.270630, acc: 40.30, bacc: 41.38, tmp_test_f1: 30.90, f1: 30.90
epoch:   8, val_loss:1.833876, acc: 40.30, bacc: 41.38, tmp_test_f1: 30.59, f1: 30.90
epoch:   9, val_loss:1.690243, acc: 40.30, bacc: 41.38, tmp_test_f1: 26.12, f1: 30.90
epoch:  10, val_loss:1.692351, acc: 40.30, bacc: 41.38, tmp_test_f1: 25.64, f1: 30.90
epoch:  11, val_loss:1.702067, acc: 40.30, bacc: 41.38, tmp_test_f1: 26.18, f1: 30.90
epoch:  12, val_loss:1.721952, acc: 40.30, bacc: 41.38, tmp_test_f1: 26.72, f1: 30.90
epoch:  13, val_loss:1.776005, acc: 40.30, bacc: 41.38, tmp_test_f1: 26.61, f1: 30.90
epoch:  14, val_loss:1.826075, acc: 40.30, bacc: 41.38, tmp_test_f1: 27.23, f1: 30.90
epoch:  15, val_loss:1.772164, acc: 40.30, bacc: 41.38, tmp_test_f1: 30.09, f1: 30.90
test_f1 CountNotImproved reset to 0 in epoch 16
epoch:  16, val_loss:1.611366, acc: 49.00, bacc: 45.23, tmp_test_f1: 37.29, f1: 37.29
test_f1 CountNotImproved reset to 0 in epoch 17
epoch:  17, val_loss:1.396483, acc: 56.00, bacc: 47.88, tmp_test_f1: 40.19, f1: 40.19
test_f1 CountNotImproved reset to 0 in epoch 18
epoch:  18, val_loss:1.300054, acc: 56.00, bacc: 47.70, tmp_test_f1: 40.68, f1: 40.68
epoch:  19, val_loss:1.280682, acc: 56.00, bacc: 47.70, tmp_test_f1: 39.13, f1: 40.68
epoch:  20, val_loss:1.318270, acc: 56.00, bacc: 47.70, tmp_test_f1: 36.67, f1: 40.68
epoch:  21, val_loss:1.407203, acc: 56.00, bacc: 47.70, tmp_test_f1: 35.22, f1: 40.68
test_f1 CountNotImproved reset to 0 in epoch 22
epoch:  22, val_loss:1.442126, acc: 50.90, bacc: 47.33, tmp_test_f1: 44.46, f1: 44.46
test_f1 CountNotImproved reset to 0 in epoch 23
epoch:  23, val_loss:1.360607, acc: 61.20, bacc: 58.52, tmp_test_f1: 57.06, f1: 57.06
test_f1 CountNotImproved reset to 0 in epoch 24
epoch:  24, val_loss:1.272071, acc: 65.20, bacc: 63.60, tmp_test_f1: 62.83, f1: 62.83
epoch:  25, val_loss:1.254062, acc: 65.20, bacc: 63.60, tmp_test_f1: 62.60, f1: 62.83
epoch:  26, val_loss:1.243105, acc: 65.20, bacc: 63.60, tmp_test_f1: 59.18, f1: 62.83
epoch:  27, val_loss:1.302747, acc: 65.20, bacc: 63.60, tmp_test_f1: 51.02, f1: 62.83
epoch:  28, val_loss:1.425269, acc: 65.20, bacc: 63.60, tmp_test_f1: 48.52, f1: 62.83
epoch:  29, val_loss:1.550647, acc: 65.20, bacc: 63.60, tmp_test_f1: 51.52, f1: 62.83
epoch:  30, val_loss:1.496161, acc: 65.20, bacc: 63.60, tmp_test_f1: 54.83, f1: 62.83
epoch:  31, val_loss:1.413034, acc: 65.20, bacc: 63.60, tmp_test_f1: 62.04, f1: 62.83
epoch:  32, val_loss:1.267288, acc: 65.20, bacc: 63.60, tmp_test_f1: 61.82, f1: 62.83
epoch:  33, val_loss:1.204354, acc: 65.20, bacc: 63.60, tmp_test_f1: 58.83, f1: 62.83
epoch:  34, val_loss:1.200457, acc: 65.20, bacc: 63.60, tmp_test_f1: 57.91, f1: 62.83
epoch:  35, val_loss:1.206204, acc: 65.20, bacc: 63.60, tmp_test_f1: 59.60, f1: 62.83
epoch:  36, val_loss:1.230392, acc: 65.20, bacc: 63.60, tmp_test_f1: 61.23, f1: 62.83
epoch:  37, val_loss:1.240300, acc: 65.20, bacc: 63.60, tmp_test_f1: 60.91, f1: 62.83
epoch:  38, val_loss:1.258800, acc: 65.20, bacc: 63.60, tmp_test_f1: 58.79, f1: 62.83
epoch:  39, val_loss:1.280001, acc: 65.20, bacc: 63.60, tmp_test_f1: 57.89, f1: 62.83
epoch:  40, val_loss:1.317194, acc: 65.20, bacc: 63.60, tmp_test_f1: 57.26, f1: 62.83
epoch:  41, val_loss:1.287774, acc: 65.20, bacc: 63.60, tmp_test_f1: 58.73, f1: 62.83
epoch:  42, val_loss:1.226067, acc: 65.20, bacc: 63.60, tmp_test_f1: 60.28, f1: 62.83
epoch:  43, val_loss:1.176363, acc: 65.20, bacc: 63.60, tmp_test_f1: 60.75, f1: 62.83
epoch:  44, val_loss:1.189853, acc: 65.20, bacc: 63.60, tmp_test_f1: 60.72, f1: 62.83
epoch:  45, val_loss:1.237082, acc: 65.20, bacc: 63.60, tmp_test_f1: 61.93, f1: 62.83
epoch:  46, val_loss:1.220052, acc: 65.20, bacc: 63.60, tmp_test_f1: 60.83, f1: 62.83
epoch:  47, val_loss:1.225884, acc: 65.20, bacc: 63.60, tmp_test_f1: 56.71, f1: 62.83
epoch:  48, val_loss:1.268404, acc: 65.20, bacc: 63.60, tmp_test_f1: 55.27, f1: 62.83
epoch:  49, val_loss:1.280862, acc: 65.20, bacc: 63.60, tmp_test_f1: 56.16, f1: 62.83
epoch:  50, val_loss:1.275264, acc: 65.20, bacc: 63.60, tmp_test_f1: 57.71, f1: 62.83
epoch:  51, val_loss:1.296764, acc: 65.20, bacc: 63.60, tmp_test_f1: 53.75, f1: 62.83
epoch:  52, val_loss:1.357029, acc: 65.20, bacc: 63.60, tmp_test_f1: 52.46, f1: 62.83
epoch:  53, val_loss:1.373391, acc: 65.20, bacc: 63.60, tmp_test_f1: 57.93, f1: 62.83
epoch:  54, val_loss:1.338960, acc: 65.20, bacc: 63.60, tmp_test_f1: 57.83, f1: 62.83
epoch:  55, val_loss:1.313968, acc: 65.20, bacc: 63.60, tmp_test_f1: 56.13, f1: 62.83
epoch:  56, val_loss:1.319098, acc: 65.20, bacc: 63.60, tmp_test_f1: 56.07, f1: 62.83
epoch:  57, val_loss:1.342068, acc: 65.20, bacc: 63.60, tmp_test_f1: 55.75, f1: 62.83
epoch:  58, val_loss:1.369071, acc: 65.20, bacc: 63.60, tmp_test_f1: 56.58, f1: 62.83
epoch:  59, val_loss:1.357993, acc: 65.20, bacc: 63.60, tmp_test_f1: 57.12, f1: 62.83
epoch:  60, val_loss:1.328187, acc: 65.20, bacc: 63.60, tmp_test_f1: 57.30, f1: 62.83
epoch:  61, val_loss:1.274791, acc: 65.20, bacc: 63.60, tmp_test_f1: 58.26, f1: 62.83
epoch:  62, val_loss:1.291472, acc: 65.20, bacc: 63.60, tmp_test_f1: 54.21, f1: 62.83
epoch:  63, val_loss:1.378742, acc: 65.20, bacc: 63.60, tmp_test_f1: 53.78, f1: 62.83
epoch:  64, val_loss:1.424819, acc: 65.20, bacc: 63.60, tmp_test_f1: 56.79, f1: 62.83
epoch:  65, val_loss:1.337209, acc: 65.20, bacc: 63.60, tmp_test_f1: 56.15, f1: 62.83
epoch:  66, val_loss:1.337003, acc: 65.20, bacc: 63.60, tmp_test_f1: 56.64, f1: 62.83
epoch:  67, val_loss:1.341766, acc: 65.20, bacc: 63.60, tmp_test_f1: 56.26, f1: 62.83
epoch:  68, val_loss:1.331744, acc: 65.20, bacc: 63.60, tmp_test_f1: 56.53, f1: 62.83
epoch:  69, val_loss:1.287052, acc: 65.20, bacc: 63.60, tmp_test_f1: 56.10, f1: 62.83
epoch:  70, val_loss:1.277522, acc: 65.20, bacc: 63.60, tmp_test_f1: 56.66, f1: 62.83
epoch:  71, val_loss:1.271815, acc: 65.20, bacc: 63.60, tmp_test_f1: 57.76, f1: 62.83
epoch:  72, val_loss:1.262643, acc: 65.20, bacc: 63.60, tmp_test_f1: 57.75, f1: 62.83
epoch:  73, val_loss:1.276574, acc: 65.20, bacc: 63.60, tmp_test_f1: 57.82, f1: 62.83
epoch:  74, val_loss:1.320847, acc: 65.20, bacc: 63.60, tmp_test_f1: 56.75, f1: 62.83
epoch:  75, val_loss:1.383300, acc: 65.20, bacc: 63.60, tmp_test_f1: 56.03, f1: 62.83
epoch:  76, val_loss:1.405956, acc: 65.20, bacc: 63.60, tmp_test_f1: 54.48, f1: 62.83
epoch:  77, val_loss:1.366804, acc: 65.20, bacc: 63.60, tmp_test_f1: 53.57, f1: 62.83
epoch:  78, val_loss:1.355600, acc: 65.20, bacc: 63.60, tmp_test_f1: 53.52, f1: 62.83
epoch:  79, val_loss:1.362732, acc: 65.20, bacc: 63.60, tmp_test_f1: 50.56, f1: 62.83
epoch:  80, val_loss:1.390331, acc: 65.20, bacc: 63.60, tmp_test_f1: 51.12, f1: 62.83
epoch:  81, val_loss:1.409653, acc: 65.20, bacc: 63.60, tmp_test_f1: 52.94, f1: 62.83
epoch:  82, val_loss:1.380287, acc: 65.20, bacc: 63.60, tmp_test_f1: 53.89, f1: 62.83
epoch:  83, val_loss:1.353583, acc: 65.20, bacc: 63.60, tmp_test_f1: 54.05, f1: 62.83
epoch:  84, val_loss:1.347594, acc: 65.20, bacc: 63.60, tmp_test_f1: 52.87, f1: 62.83
epoch:  85, val_loss:1.412021, acc: 65.20, bacc: 63.60, tmp_test_f1: 53.12, f1: 62.83
epoch:  86, val_loss:1.446512, acc: 65.20, bacc: 63.60, tmp_test_f1: 50.22, f1: 62.83
epoch:  87, val_loss:1.477454, acc: 65.20, bacc: 63.60, tmp_test_f1: 52.69, f1: 62.83
epoch:  88, val_loss:1.391611, acc: 65.20, bacc: 63.60, tmp_test_f1: 55.79, f1: 62.83
epoch:  89, val_loss:1.329199, acc: 65.20, bacc: 63.60, tmp_test_f1: 56.75, f1: 62.83
epoch:  90, val_loss:1.310449, acc: 65.20, bacc: 63.60, tmp_test_f1: 57.39, f1: 62.83
epoch:  91, val_loss:1.308016, acc: 65.20, bacc: 63.60, tmp_test_f1: 56.00, f1: 62.83
epoch:  92, val_loss:1.298881, acc: 65.20, bacc: 63.60, tmp_test_f1: 56.30, f1: 62.83
epoch:  93, val_loss:1.301227, acc: 65.20, bacc: 63.60, tmp_test_f1: 51.19, f1: 62.83
epoch:  94, val_loss:1.360664, acc: 65.20, bacc: 63.60, tmp_test_f1: 50.88, f1: 62.83
epoch:  95, val_loss:1.414176, acc: 65.20, bacc: 63.60, tmp_test_f1: 51.36, f1: 62.83
epoch:  96, val_loss:1.421542, acc: 65.20, bacc: 63.60, tmp_test_f1: 54.59, f1: 62.83
epoch:  97, val_loss:1.382899, acc: 65.20, bacc: 63.60, tmp_test_f1: 54.68, f1: 62.83
epoch:  98, val_loss:1.335463, acc: 65.20, bacc: 63.60, tmp_test_f1: 56.14, f1: 62.83
epoch:  99, val_loss:1.296607, acc: 65.20, bacc: 63.60, tmp_test_f1: 56.96, f1: 62.83
epoch: 100, val_loss:1.281312, acc: 65.20, bacc: 63.60, tmp_test_f1: 56.97, f1: 62.83
epoch: 101, val_loss:1.294749, acc: 65.20, bacc: 63.60, tmp_test_f1: 57.44, f1: 62.83
epoch: 102, val_loss:1.352247, acc: 65.20, bacc: 63.60, tmp_test_f1: 56.56, f1: 62.83
epoch: 103, val_loss:1.323356, acc: 65.20, bacc: 63.60, tmp_test_f1: 53.98, f1: 62.83
epoch: 104, val_loss:1.331740, acc: 65.20, bacc: 63.60, tmp_test_f1: 53.40, f1: 62.83
epoch: 105, val_loss:1.324868, acc: 65.20, bacc: 63.60, tmp_test_f1: 50.93, f1: 62.83
epoch: 106, val_loss:1.369130, acc: 65.20, bacc: 63.60, tmp_test_f1: 49.84, f1: 62.83
epoch: 107, val_loss:1.407373, acc: 65.20, bacc: 63.60, tmp_test_f1: 52.13, f1: 62.83
epoch: 108, val_loss:1.365933, acc: 65.20, bacc: 63.60, tmp_test_f1: 56.10, f1: 62.83
epoch: 109, val_loss:1.330027, acc: 65.20, bacc: 63.60, tmp_test_f1: 57.75, f1: 62.83
epoch: 110, val_loss:1.296746, acc: 65.20, bacc: 63.60, tmp_test_f1: 58.01, f1: 62.83
epoch: 111, val_loss:1.283006, acc: 65.20, bacc: 63.60, tmp_test_f1: 58.80, f1: 62.83
epoch: 112, val_loss:1.278420, acc: 65.20, bacc: 63.60, tmp_test_f1: 59.13, f1: 62.83
epoch: 113, val_loss:1.295747, acc: 65.20, bacc: 63.60, tmp_test_f1: 59.29, f1: 62.83
epoch: 114, val_loss:1.306955, acc: 65.20, bacc: 63.60, tmp_test_f1: 59.70, f1: 62.83
epoch: 115, val_loss:1.317225, acc: 65.20, bacc: 63.60, tmp_test_f1: 57.73, f1: 62.83
epoch: 116, val_loss:1.353236, acc: 65.20, bacc: 63.60, tmp_test_f1: 57.56, f1: 62.83
epoch: 117, val_loss:1.358114, acc: 65.20, bacc: 63.60, tmp_test_f1: 54.71, f1: 62.83
epoch: 118, val_loss:1.380849, acc: 65.20, bacc: 63.60, tmp_test_f1: 53.61, f1: 62.83
epoch: 119, val_loss:1.426901, acc: 65.20, bacc: 63.60, tmp_test_f1: 58.36, f1: 62.83
epoch: 120, val_loss:1.405041, acc: 65.20, bacc: 63.60, tmp_test_f1: 52.85, f1: 62.83
epoch: 121, val_loss:1.536346, acc: 65.20, bacc: 63.60, tmp_test_f1: 53.54, f1: 62.83
epoch: 122, val_loss:1.523585, acc: 65.20, bacc: 63.60, tmp_test_f1: 57.29, f1: 62.83
epoch: 123, val_loss:1.458704, acc: 65.20, bacc: 63.60, tmp_test_f1: 58.15, f1: 62.83
epoch: 124, val_loss:1.442637, acc: 65.20, bacc: 63.60, tmp_test_f1: 55.69, f1: 62.83
epoch: 125, val_loss:1.491068, acc: 65.20, bacc: 63.60, tmp_test_f1: 58.04, f1: 62.83
epoch: 126, val_loss:1.399430, acc: 65.20, bacc: 63.60, tmp_test_f1: 59.33, f1: 62.83
epoch: 127, val_loss:1.422280, acc: 65.20, bacc: 63.60, tmp_test_f1: 57.64, f1: 62.83
epoch: 128, val_loss:1.443284, acc: 65.20, bacc: 63.60, tmp_test_f1: 55.92, f1: 62.83
epoch: 129, val_loss:1.440211, acc: 65.20, bacc: 63.60, tmp_test_f1: 56.51, f1: 62.83
epoch: 130, val_loss:1.374519, acc: 65.20, bacc: 63.60, tmp_test_f1: 58.12, f1: 62.83
epoch: 131, val_loss:1.294608, acc: 65.20, bacc: 63.60, tmp_test_f1: 55.71, f1: 62.83
epoch: 132, val_loss:1.251950, acc: 65.20, bacc: 63.60, tmp_test_f1: 55.80, f1: 62.83
epoch: 133, val_loss:1.247734, acc: 65.20, bacc: 63.60, tmp_test_f1: 56.28, f1: 62.83
epoch: 134, val_loss:1.286612, acc: 65.20, bacc: 63.60, tmp_test_f1: 55.16, f1: 62.83
epoch: 135, val_loss:1.338767, acc: 65.20, bacc: 63.60, tmp_test_f1: 52.70, f1: 62.83
epoch: 136, val_loss:1.376154, acc: 65.20, bacc: 63.60, tmp_test_f1: 52.90, f1: 62.83
epoch: 137, val_loss:1.428815, acc: 65.20, bacc: 63.60, tmp_test_f1: 54.63, f1: 62.83
epoch: 138, val_loss:1.433573, acc: 65.20, bacc: 63.60, tmp_test_f1: 55.13, f1: 62.83
epoch: 139, val_loss:1.402155, acc: 65.20, bacc: 63.60, tmp_test_f1: 55.53, f1: 62.83
epoch: 140, val_loss:1.401343, acc: 65.20, bacc: 63.60, tmp_test_f1: 55.64, f1: 62.83
epoch: 141, val_loss:1.356607, acc: 65.20, bacc: 63.60, tmp_test_f1: 55.43, f1: 62.83
epoch: 142, val_loss:1.350462, acc: 65.20, bacc: 63.60, tmp_test_f1: 54.47, f1: 62.83
epoch: 143, val_loss:1.353249, acc: 65.20, bacc: 63.60, tmp_test_f1: 55.62, f1: 62.83
epoch: 144, val_loss:1.346800, acc: 65.20, bacc: 63.60, tmp_test_f1: 54.80, f1: 62.83
epoch: 145, val_loss:1.328471, acc: 65.20, bacc: 63.60, tmp_test_f1: 51.64, f1: 62.83
epoch: 146, val_loss:1.369610, acc: 65.20, bacc: 63.60, tmp_test_f1: 46.49, f1: 62.83
epoch: 147, val_loss:1.484417, acc: 65.20, bacc: 63.60, tmp_test_f1: 48.08, f1: 62.83
epoch: 148, val_loss:1.446476, acc: 65.20, bacc: 63.60, tmp_test_f1: 50.32, f1: 62.83
epoch: 149, val_loss:1.419678, acc: 65.20, bacc: 63.60, tmp_test_f1: 51.97, f1: 62.83
epoch: 150, val_loss:1.389954, acc: 65.20, bacc: 63.60, tmp_test_f1: 54.66, f1: 62.83
epoch: 151, val_loss:1.351698, acc: 65.20, bacc: 63.60, tmp_test_f1: 52.45, f1: 62.83
epoch: 152, val_loss:1.445419, acc: 65.20, bacc: 63.60, tmp_test_f1: 46.47, f1: 62.83
epoch: 153, val_loss:1.596264, acc: 65.20, bacc: 63.60, tmp_test_f1: 48.40, f1: 62.83
epoch: 154, val_loss:1.700256, acc: 65.20, bacc: 63.60, tmp_test_f1: 47.88, f1: 62.83
epoch: 155, val_loss:1.694703, acc: 65.20, bacc: 63.60, tmp_test_f1: 50.57, f1: 62.83
epoch: 156, val_loss:1.619187, acc: 65.20, bacc: 63.60, tmp_test_f1: 53.78, f1: 62.83
epoch: 157, val_loss:1.525238, acc: 65.20, bacc: 63.60, tmp_test_f1: 54.40, f1: 62.83
epoch: 158, val_loss:1.448710, acc: 65.20, bacc: 63.60, tmp_test_f1: 55.04, f1: 62.83
epoch: 159, val_loss:1.422681, acc: 65.20, bacc: 63.60, tmp_test_f1: 54.71, f1: 62.83
epoch: 160, val_loss:1.450175, acc: 65.20, bacc: 63.60, tmp_test_f1: 53.07, f1: 62.83
epoch: 161, val_loss:1.473183, acc: 65.20, bacc: 63.60, tmp_test_f1: 54.69, f1: 62.83
epoch: 162, val_loss:1.364106, acc: 65.20, bacc: 63.60, tmp_test_f1: 54.90, f1: 62.83
epoch: 163, val_loss:1.323155, acc: 65.20, bacc: 63.60, tmp_test_f1: 53.84, f1: 62.83
epoch: 164, val_loss:1.412165, acc: 65.20, bacc: 63.60, tmp_test_f1: 46.37, f1: 62.83
epoch: 165, val_loss:1.682428, acc: 65.20, bacc: 63.60, tmp_test_f1: 48.84, f1: 62.83
epoch: 166, val_loss:1.825720, acc: 65.20, bacc: 63.60, tmp_test_f1: 49.52, f1: 62.83
epoch: 167, val_loss:1.753535, acc: 65.20, bacc: 63.60, tmp_test_f1: 55.03, f1: 62.83
epoch: 168, val_loss:1.509655, acc: 65.20, bacc: 63.60, tmp_test_f1: 53.59, f1: 62.83
epoch: 169, val_loss:1.511391, acc: 65.20, bacc: 63.60, tmp_test_f1: 51.89, f1: 62.83
epoch: 170, val_loss:1.541416, acc: 65.20, bacc: 63.60, tmp_test_f1: 52.63, f1: 62.83
epoch: 171, val_loss:1.601348, acc: 65.20, bacc: 63.60, tmp_test_f1: 55.59, f1: 62.83
epoch: 172, val_loss:1.660834, acc: 65.20, bacc: 63.60, tmp_test_f1: 57.37, f1: 62.83
epoch: 173, val_loss:1.743818, acc: 65.20, bacc: 63.60, tmp_test_f1: 59.64, f1: 62.83
epoch: 174, val_loss:1.770214, acc: 65.20, bacc: 63.60, tmp_test_f1: 58.00, f1: 62.83
epoch: 175, val_loss:1.784074, acc: 65.20, bacc: 63.60, tmp_test_f1: 55.02, f1: 62.83
epoch: 176, val_loss:1.796492, acc: 65.20, bacc: 63.60, tmp_test_f1: 55.61, f1: 62.83
epoch: 177, val_loss:1.765359, acc: 65.20, bacc: 63.60, tmp_test_f1: 55.57, f1: 62.83
epoch: 178, val_loss:1.739886, acc: 65.20, bacc: 63.60, tmp_test_f1: 53.85, f1: 62.83
epoch: 179, val_loss:1.719690, acc: 65.20, bacc: 63.60, tmp_test_f1: 54.80, f1: 62.83
epoch: 180, val_loss:1.612328, acc: 65.20, bacc: 63.60, tmp_test_f1: 53.84, f1: 62.83
epoch: 181, val_loss:1.553247, acc: 65.20, bacc: 63.60, tmp_test_f1: 52.87, f1: 62.83
epoch: 182, val_loss:1.473608, acc: 65.20, bacc: 63.60, tmp_test_f1: 54.65, f1: 62.83
epoch: 183, val_loss:1.400669, acc: 65.20, bacc: 63.60, tmp_test_f1: 56.75, f1: 62.83
epoch: 184, val_loss:1.356121, acc: 65.20, bacc: 63.60, tmp_test_f1: 56.84, f1: 62.83
epoch: 185, val_loss:1.379034, acc: 65.20, bacc: 63.60, tmp_test_f1: 54.00, f1: 62.83
epoch: 186, val_loss:1.451804, acc: 65.20, bacc: 63.60, tmp_test_f1: 53.09, f1: 62.83
epoch: 187, val_loss:1.483608, acc: 65.20, bacc: 63.60, tmp_test_f1: 49.93, f1: 62.83
epoch: 188, val_loss:1.530750, acc: 65.20, bacc: 63.60, tmp_test_f1: 51.00, f1: 62.83
epoch: 189, val_loss:1.536759, acc: 65.20, bacc: 63.60, tmp_test_f1: 54.78, f1: 62.83
epoch: 190, val_loss:1.515518, acc: 65.20, bacc: 63.60, tmp_test_f1: 55.13, f1: 62.83
epoch: 191, val_loss:1.497889, acc: 65.20, bacc: 63.60, tmp_test_f1: 55.79, f1: 62.83
epoch: 192, val_loss:1.474474, acc: 65.20, bacc: 63.60, tmp_test_f1: 54.43, f1: 62.83
epoch: 193, val_loss:1.469316, acc: 65.20, bacc: 63.60, tmp_test_f1: 54.61, f1: 62.83
epoch: 194, val_loss:1.460001, acc: 65.20, bacc: 63.60, tmp_test_f1: 53.85, f1: 62.83
epoch: 195, val_loss:1.467868, acc: 65.20, bacc: 63.60, tmp_test_f1: 53.23, f1: 62.83
epoch: 196, val_loss:1.473753, acc: 65.20, bacc: 63.60, tmp_test_f1: 54.21, f1: 62.83
epoch: 197, val_loss:1.500314, acc: 65.20, bacc: 63.60, tmp_test_f1: 54.17, f1: 62.83
epoch: 198, val_loss:1.512835, acc: 65.20, bacc: 63.60, tmp_test_f1: 56.16, f1: 62.83
epoch: 199, val_loss:1.472259, acc: 65.20, bacc: 63.60, tmp_test_f1: 57.96, f1: 62.83
epoch: 200, val_loss:1.474689, acc: 65.20, bacc: 63.60, tmp_test_f1: 58.63, f1: 62.83
epoch: 201, val_loss:1.492248, acc: 65.20, bacc: 63.60, tmp_test_f1: 59.27, f1: 62.83
epoch: 202, val_loss:1.493657, acc: 65.20, bacc: 63.60, tmp_test_f1: 60.29, f1: 62.83
epoch: 203, val_loss:1.504434, acc: 65.20, bacc: 63.60, tmp_test_f1: 58.33, f1: 62.83
epoch: 204, val_loss:1.524593, acc: 65.20, bacc: 63.60, tmp_test_f1: 54.94, f1: 62.83
epoch: 205, val_loss:1.576521, acc: 65.20, bacc: 63.60, tmp_test_f1: 52.82, f1: 62.83
epoch: 206, val_loss:1.632082, acc: 65.20, bacc: 63.60, tmp_test_f1: 51.89, f1: 62.83
epoch: 207, val_loss:1.659301, acc: 65.20, bacc: 63.60, tmp_test_f1: 50.29, f1: 62.83
epoch: 208, val_loss:1.679592, acc: 65.20, bacc: 63.60, tmp_test_f1: 54.12, f1: 62.83
epoch: 209, val_loss:1.611050, acc: 65.20, bacc: 63.60, tmp_test_f1: 58.46, f1: 62.83
epoch: 210, val_loss:1.538136, acc: 65.20, bacc: 63.60, tmp_test_f1: 60.85, f1: 62.83
epoch: 211, val_loss:1.483633, acc: 65.20, bacc: 63.60, tmp_test_f1: 60.64, f1: 62.83
epoch: 212, val_loss:1.462906, acc: 65.20, bacc: 63.60, tmp_test_f1: 57.84, f1: 62.83
epoch: 213, val_loss:1.470825, acc: 65.20, bacc: 63.60, tmp_test_f1: 56.99, f1: 62.83
epoch: 214, val_loss:1.505507, acc: 65.20, bacc: 63.60, tmp_test_f1: 55.90, f1: 62.83
epoch: 215, val_loss:1.607120, acc: 65.20, bacc: 63.60, tmp_test_f1: 54.74, f1: 62.83
epoch: 216, val_loss:1.700158, acc: 65.20, bacc: 63.60, tmp_test_f1: 58.10, f1: 62.83
epoch: 217, val_loss:1.737654, acc: 65.20, bacc: 63.60, tmp_test_f1: 57.31, f1: 62.83
epoch: 218, val_loss:1.764050, acc: 65.20, bacc: 63.60, tmp_test_f1: 57.80, f1: 62.83
epoch: 219, val_loss:1.743461, acc: 65.20, bacc: 63.60, tmp_test_f1: 58.19, f1: 62.83
epoch: 220, val_loss:1.701541, acc: 65.20, bacc: 63.60, tmp_test_f1: 57.05, f1: 62.83
epoch: 221, val_loss:1.707801, acc: 65.20, bacc: 63.60, tmp_test_f1: 54.55, f1: 62.83
epoch: 222, val_loss:1.727070, acc: 65.20, bacc: 63.60, tmp_test_f1: 53.65, f1: 62.83
epoch: 223, val_loss:1.672790, acc: 65.20, bacc: 63.60, tmp_test_f1: 54.06, f1: 62.83
epoch: 224, val_loss:1.586412, acc: 65.20, bacc: 63.60, tmp_test_f1: 54.92, f1: 62.83
epoch: 225, val_loss:1.521057, acc: 65.20, bacc: 63.60, tmp_test_f1: 55.96, f1: 62.83
epoch: 226, val_loss:1.480639, acc: 65.20, bacc: 63.60, tmp_test_f1: 58.18, f1: 62.83
epoch: 227, val_loss:1.469434, acc: 65.20, bacc: 63.60, tmp_test_f1: 58.40, f1: 62.83
epoch: 228, val_loss:1.553177, acc: 65.20, bacc: 63.60, tmp_test_f1: 53.19, f1: 62.83
epoch: 229, val_loss:1.691438, acc: 65.20, bacc: 63.60, tmp_test_f1: 49.95, f1: 62.83
epoch: 230, val_loss:1.792666, acc: 65.20, bacc: 63.60, tmp_test_f1: 45.42, f1: 62.83
epoch: 231, val_loss:1.816498, acc: 65.20, bacc: 63.60, tmp_test_f1: 48.06, f1: 62.83
epoch: 232, val_loss:1.730282, acc: 65.20, bacc: 63.60, tmp_test_f1: 52.12, f1: 62.83
epoch: 233, val_loss:1.669582, acc: 65.20, bacc: 63.60, tmp_test_f1: 54.35, f1: 62.83
epoch: 234, val_loss:1.629884, acc: 65.20, bacc: 63.60, tmp_test_f1: 52.54, f1: 62.83
epoch: 235, val_loss:1.591184, acc: 65.20, bacc: 63.60, tmp_test_f1: 52.10, f1: 62.83
epoch: 236, val_loss:1.567207, acc: 65.20, bacc: 63.60, tmp_test_f1: 51.77, f1: 62.83
epoch: 237, val_loss:1.520365, acc: 65.20, bacc: 63.60, tmp_test_f1: 54.37, f1: 62.83
epoch: 238, val_loss:1.447758, acc: 65.20, bacc: 63.60, tmp_test_f1: 54.65, f1: 62.83
epoch: 239, val_loss:1.394214, acc: 65.20, bacc: 63.60, tmp_test_f1: 56.55, f1: 62.83
epoch: 240, val_loss:1.364556, acc: 65.20, bacc: 63.60, tmp_test_f1: 56.68, f1: 62.83
epoch: 241, val_loss:1.359342, acc: 65.20, bacc: 63.60, tmp_test_f1: 55.53, f1: 62.83
epoch: 242, val_loss:1.342270, acc: 65.20, bacc: 63.60, tmp_test_f1: 55.42, f1: 62.83
epoch: 243, val_loss:1.322423, acc: 65.20, bacc: 63.60, tmp_test_f1: 55.46, f1: 62.83
Epoch 00244: reducing learning rate of group 0 to 5.0000e-02.
Epoch 00244: reducing learning rate of group 1 to 5.0000e-02.
epoch: 244, val_loss:1.317365, acc: 65.20, bacc: 63.60, tmp_test_f1: 54.38, f1: 62.83
epoch: 245, val_loss:1.326274, acc: 65.20, bacc: 63.60, tmp_test_f1: 54.59, f1: 62.83
epoch: 246, val_loss:1.328778, acc: 65.20, bacc: 63.60, tmp_test_f1: 54.82, f1: 62.83
epoch: 247, val_loss:1.331526, acc: 65.20, bacc: 63.60, tmp_test_f1: 55.08, f1: 62.83
epoch: 248, val_loss:1.338166, acc: 65.20, bacc: 63.60, tmp_test_f1: 55.74, f1: 62.83
epoch: 249, val_loss:1.349581, acc: 65.20, bacc: 63.60, tmp_test_f1: 54.72, f1: 62.83
epoch: 250, val_loss:1.354810, acc: 65.20, bacc: 63.60, tmp_test_f1: 55.13, f1: 62.83
epoch: 251, val_loss:1.373138, acc: 65.20, bacc: 63.60, tmp_test_f1: 52.47, f1: 62.83
epoch: 252, val_loss:1.400748, acc: 65.20, bacc: 63.60, tmp_test_f1: 51.90, f1: 62.83
epoch: 253, val_loss:1.417051, acc: 65.20, bacc: 63.60, tmp_test_f1: 51.44, f1: 62.83
epoch: 254, val_loss:1.431336, acc: 65.20, bacc: 63.60, tmp_test_f1: 51.97, f1: 62.83
epoch: 255, val_loss:1.436885, acc: 65.20, bacc: 63.60, tmp_test_f1: 52.90, f1: 62.83
epoch: 256, val_loss:1.443392, acc: 65.20, bacc: 63.60, tmp_test_f1: 52.92, f1: 62.83
epoch: 257, val_loss:1.455056, acc: 65.20, bacc: 63.60, tmp_test_f1: 54.12, f1: 62.83
epoch: 258, val_loss:1.448923, acc: 65.20, bacc: 63.60, tmp_test_f1: 56.71, f1: 62.83
epoch: 259, val_loss:1.433751, acc: 65.20, bacc: 63.60, tmp_test_f1: 57.71, f1: 62.83
epoch: 260, val_loss:1.434056, acc: 65.20, bacc: 63.60, tmp_test_f1: 57.94, f1: 62.83
epoch: 261, val_loss:1.427155, acc: 65.20, bacc: 63.60, tmp_test_f1: 56.36, f1: 62.83
epoch: 262, val_loss:1.435330, acc: 65.20, bacc: 63.60, tmp_test_f1: 52.96, f1: 62.83
epoch: 263, val_loss:1.447928, acc: 65.20, bacc: 63.60, tmp_test_f1: 51.29, f1: 62.83
epoch: 264, val_loss:1.467832, acc: 65.20, bacc: 63.60, tmp_test_f1: 49.64, f1: 62.83
epoch: 265, val_loss:1.476971, acc: 65.20, bacc: 63.60, tmp_test_f1: 50.06, f1: 62.83
epoch: 266, val_loss:1.479105, acc: 65.20, bacc: 63.60, tmp_test_f1: 50.58, f1: 62.83
epoch: 267, val_loss:1.469216, acc: 65.20, bacc: 63.60, tmp_test_f1: 50.86, f1: 62.83
epoch: 268, val_loss:1.450197, acc: 65.20, bacc: 63.60, tmp_test_f1: 50.89, f1: 62.83
epoch: 269, val_loss:1.457986, acc: 65.20, bacc: 63.60, tmp_test_f1: 50.68, f1: 62.83
epoch: 270, val_loss:1.466033, acc: 65.20, bacc: 63.60, tmp_test_f1: 50.36, f1: 62.83
epoch: 271, val_loss:1.487071, acc: 65.20, bacc: 63.60, tmp_test_f1: 50.92, f1: 62.83
epoch: 272, val_loss:1.504898, acc: 65.20, bacc: 63.60, tmp_test_f1: 50.58, f1: 62.83
epoch: 273, val_loss:1.508890, acc: 65.20, bacc: 63.60, tmp_test_f1: 51.02, f1: 62.83
epoch: 274, val_loss:1.510234, acc: 65.20, bacc: 63.60, tmp_test_f1: 52.31, f1: 62.83
epoch: 275, val_loss:1.499527, acc: 65.20, bacc: 63.60, tmp_test_f1: 52.37, f1: 62.83
epoch: 276, val_loss:1.508551, acc: 65.20, bacc: 63.60, tmp_test_f1: 49.31, f1: 62.83
epoch: 277, val_loss:1.562354, acc: 65.20, bacc: 63.60, tmp_test_f1: 48.17, f1: 62.83
epoch: 278, val_loss:1.638727, acc: 65.20, bacc: 63.60, tmp_test_f1: 47.71, f1: 62.83
epoch: 279, val_loss:1.697355, acc: 65.20, bacc: 63.60, tmp_test_f1: 48.49, f1: 62.83
epoch: 280, val_loss:1.671444, acc: 65.20, bacc: 63.60, tmp_test_f1: 48.87, f1: 62.83
epoch: 281, val_loss:1.637012, acc: 65.20, bacc: 63.60, tmp_test_f1: 49.23, f1: 62.83
epoch: 282, val_loss:1.588562, acc: 65.20, bacc: 63.60, tmp_test_f1: 49.65, f1: 62.83
epoch: 283, val_loss:1.561864, acc: 65.20, bacc: 63.60, tmp_test_f1: 49.92, f1: 62.83
epoch: 284, val_loss:1.554768, acc: 65.20, bacc: 63.60, tmp_test_f1: 50.58, f1: 62.83
epoch: 285, val_loss:1.533410, acc: 65.20, bacc: 63.60, tmp_test_f1: 51.61, f1: 62.83
epoch: 286, val_loss:1.541017, acc: 65.20, bacc: 63.60, tmp_test_f1: 52.15, f1: 62.83
epoch: 287, val_loss:1.559974, acc: 65.20, bacc: 63.60, tmp_test_f1: 53.70, f1: 62.83
epoch: 288, val_loss:1.591506, acc: 65.20, bacc: 63.60, tmp_test_f1: 51.38, f1: 62.83
epoch: 289, val_loss:1.626926, acc: 65.20, bacc: 63.60, tmp_test_f1: 50.43, f1: 62.83
epoch: 290, val_loss:1.642962, acc: 65.20, bacc: 63.60, tmp_test_f1: 50.39, f1: 62.83
epoch: 291, val_loss:1.648737, acc: 65.20, bacc: 63.60, tmp_test_f1: 50.81, f1: 62.83
epoch: 292, val_loss:1.640297, acc: 65.20, bacc: 63.60, tmp_test_f1: 51.40, f1: 62.83
epoch: 293, val_loss:1.613708, acc: 65.20, bacc: 63.60, tmp_test_f1: 52.70, f1: 62.83
epoch: 294, val_loss:1.573603, acc: 65.20, bacc: 63.60, tmp_test_f1: 53.84, f1: 62.83
epoch: 295, val_loss:1.554466, acc: 65.20, bacc: 63.60, tmp_test_f1: 56.40, f1: 62.83
epoch: 296, val_loss:1.505761, acc: 65.20, bacc: 63.60, tmp_test_f1: 56.27, f1: 62.83
epoch: 297, val_loss:1.469160, acc: 65.20, bacc: 63.60, tmp_test_f1: 55.94, f1: 62.83
epoch: 298, val_loss:1.424891, acc: 65.20, bacc: 63.60, tmp_test_f1: 56.58, f1: 62.83
epoch: 299, val_loss:1.416918, acc: 65.20, bacc: 63.60, tmp_test_f1: 56.05, f1: 62.83
epoch: 300, val_loss:1.421049, acc: 65.20, bacc: 63.60, tmp_test_f1: 55.64, f1: 62.83
epoch: 301, val_loss:1.440813, acc: 65.20, bacc: 63.60, tmp_test_f1: 54.93, f1: 62.83
epoch: 302, val_loss:1.453298, acc: 65.20, bacc: 63.60, tmp_test_f1: 55.19, f1: 62.83
epoch: 303, val_loss:1.454780, acc: 65.20, bacc: 63.60, tmp_test_f1: 55.13, f1: 62.83
epoch: 304, val_loss:1.447945, acc: 65.20, bacc: 63.60, tmp_test_f1: 55.04, f1: 62.83
epoch: 305, val_loss:1.446390, acc: 65.20, bacc: 63.60, tmp_test_f1: 55.92, f1: 62.83
epoch: 306, val_loss:1.439709, acc: 65.20, bacc: 63.60, tmp_test_f1: 56.97, f1: 62.83
epoch: 307, val_loss:1.445590, acc: 65.20, bacc: 63.60, tmp_test_f1: 56.73, f1: 62.83
epoch: 308, val_loss:1.451674, acc: 65.20, bacc: 63.60, tmp_test_f1: 56.82, f1: 62.83
epoch: 309, val_loss:1.465159, acc: 65.20, bacc: 63.60, tmp_test_f1: 57.09, f1: 62.83
epoch: 310, val_loss:1.489050, acc: 65.20, bacc: 63.60, tmp_test_f1: 57.48, f1: 62.83
epoch: 311, val_loss:1.507766, acc: 65.20, bacc: 63.60, tmp_test_f1: 55.52, f1: 62.83
epoch: 312, val_loss:1.520075, acc: 65.20, bacc: 63.60, tmp_test_f1: 54.21, f1: 62.83
epoch: 313, val_loss:1.516398, acc: 65.20, bacc: 63.60, tmp_test_f1: 53.30, f1: 62.83
epoch: 314, val_loss:1.509779, acc: 65.20, bacc: 63.60, tmp_test_f1: 53.49, f1: 62.83
epoch: 315, val_loss:1.496710, acc: 65.20, bacc: 63.60, tmp_test_f1: 53.74, f1: 62.83
epoch: 316, val_loss:1.489692, acc: 65.20, bacc: 63.60, tmp_test_f1: 53.10, f1: 62.83
epoch: 317, val_loss:1.483260, acc: 65.20, bacc: 63.60, tmp_test_f1: 52.69, f1: 62.83
epoch: 318, val_loss:1.475117, acc: 65.20, bacc: 63.60, tmp_test_f1: 51.25, f1: 62.83
epoch: 319, val_loss:1.469667, acc: 65.20, bacc: 63.60, tmp_test_f1: 51.73, f1: 62.83
epoch: 320, val_loss:1.454217, acc: 65.20, bacc: 63.60, tmp_test_f1: 52.54, f1: 62.83
epoch: 321, val_loss:1.435654, acc: 65.20, bacc: 63.60, tmp_test_f1: 52.39, f1: 62.83
epoch: 322, val_loss:1.422995, acc: 65.20, bacc: 63.60, tmp_test_f1: 52.70, f1: 62.83
epoch: 323, val_loss:1.412061, acc: 65.20, bacc: 63.60, tmp_test_f1: 53.18, f1: 62.83
epoch: 324, val_loss:1.401452, acc: 65.20, bacc: 63.60, tmp_test_f1: 53.92, f1: 62.83
epoch: 325, val_loss:1.392098, acc: 65.20, bacc: 63.60, tmp_test_f1: 54.90, f1: 62.83
epoch: 326, val_loss:1.389464, acc: 65.20, bacc: 63.60, tmp_test_f1: 55.88, f1: 62.83
epoch: 327, val_loss:1.394883, acc: 65.20, bacc: 63.60, tmp_test_f1: 55.32, f1: 62.83
epoch: 328, val_loss:1.409688, acc: 65.20, bacc: 63.60, tmp_test_f1: 55.68, f1: 62.83
epoch: 329, val_loss:1.431327, acc: 65.20, bacc: 63.60, tmp_test_f1: 54.65, f1: 62.83
epoch: 330, val_loss:1.438394, acc: 65.20, bacc: 63.60, tmp_test_f1: 53.67, f1: 62.83
epoch: 331, val_loss:1.442716, acc: 65.20, bacc: 63.60, tmp_test_f1: 52.12, f1: 62.83
epoch: 332, val_loss:1.446262, acc: 65.20, bacc: 63.60, tmp_test_f1: 51.70, f1: 62.83
epoch: 333, val_loss:1.439670, acc: 65.20, bacc: 63.60, tmp_test_f1: 52.25, f1: 62.83
epoch: 334, val_loss:1.434210, acc: 65.20, bacc: 63.60, tmp_test_f1: 52.61, f1: 62.83
epoch: 335, val_loss:1.421592, acc: 65.20, bacc: 63.60, tmp_test_f1: 53.28, f1: 62.83
epoch: 336, val_loss:1.401511, acc: 65.20, bacc: 63.60, tmp_test_f1: 53.95, f1: 62.83
epoch: 337, val_loss:1.376166, acc: 65.20, bacc: 63.60, tmp_test_f1: 54.14, f1: 62.83
epoch: 338, val_loss:1.349646, acc: 65.20, bacc: 63.60, tmp_test_f1: 55.66, f1: 62.83
epoch: 339, val_loss:1.321089, acc: 65.20, bacc: 63.60, tmp_test_f1: 54.47, f1: 62.83
epoch: 340, val_loss:1.323297, acc: 65.20, bacc: 63.60, tmp_test_f1: 53.51, f1: 62.83
epoch: 341, val_loss:1.334910, acc: 65.20, bacc: 63.60, tmp_test_f1: 54.18, f1: 62.83
epoch: 342, val_loss:1.354823, acc: 65.20, bacc: 63.60, tmp_test_f1: 53.00, f1: 62.83
epoch: 343, val_loss:1.387601, acc: 65.20, bacc: 63.60, tmp_test_f1: 50.61, f1: 62.83
epoch: 344, val_loss:1.452973, acc: 65.20, bacc: 63.60, tmp_test_f1: 51.24, f1: 62.83
epoch: 345, val_loss:1.503702, acc: 65.20, bacc: 63.60, tmp_test_f1: 50.72, f1: 62.83
epoch: 346, val_loss:1.535040, acc: 65.20, bacc: 63.60, tmp_test_f1: 51.84, f1: 62.83
epoch: 347, val_loss:1.502276, acc: 65.20, bacc: 63.60, tmp_test_f1: 53.26, f1: 62.83
epoch: 348, val_loss:1.461041, acc: 65.20, bacc: 63.60, tmp_test_f1: 52.62, f1: 62.83
epoch: 349, val_loss:1.441165, acc: 65.20, bacc: 63.60, tmp_test_f1: 51.90, f1: 62.83
epoch: 350, val_loss:1.443523, acc: 65.20, bacc: 63.60, tmp_test_f1: 50.38, f1: 62.83
epoch: 351, val_loss:1.452313, acc: 65.20, bacc: 63.60, tmp_test_f1: 48.82, f1: 62.83
epoch: 352, val_loss:1.454855, acc: 65.20, bacc: 63.60, tmp_test_f1: 49.28, f1: 62.83
epoch: 353, val_loss:1.438011, acc: 65.20, bacc: 63.60, tmp_test_f1: 48.74, f1: 62.83
epoch: 354, val_loss:1.423974, acc: 65.20, bacc: 63.60, tmp_test_f1: 48.55, f1: 62.83
epoch: 355, val_loss:1.414385, acc: 65.20, bacc: 63.60, tmp_test_f1: 49.43, f1: 62.83
epoch: 356, val_loss:1.415692, acc: 65.20, bacc: 63.60, tmp_test_f1: 49.69, f1: 62.83
epoch: 357, val_loss:1.422762, acc: 65.20, bacc: 63.60, tmp_test_f1: 49.12, f1: 62.83
epoch: 358, val_loss:1.427307, acc: 65.20, bacc: 63.60, tmp_test_f1: 49.65, f1: 62.83
epoch: 359, val_loss:1.425726, acc: 65.20, bacc: 63.60, tmp_test_f1: 48.78, f1: 62.83
epoch: 360, val_loss:1.430426, acc: 65.20, bacc: 63.60, tmp_test_f1: 48.53, f1: 62.83
epoch: 361, val_loss:1.434897, acc: 65.20, bacc: 63.60, tmp_test_f1: 48.09, f1: 62.83
epoch: 362, val_loss:1.442196, acc: 65.20, bacc: 63.60, tmp_test_f1: 49.53, f1: 62.83
epoch: 363, val_loss:1.425096, acc: 65.20, bacc: 63.60, tmp_test_f1: 50.34, f1: 62.83
epoch: 364, val_loss:1.417968, acc: 65.20, bacc: 63.60, tmp_test_f1: 51.12, f1: 62.83
epoch: 365, val_loss:1.408367, acc: 65.20, bacc: 63.60, tmp_test_f1: 51.00, f1: 62.83
epoch: 366, val_loss:1.415119, acc: 65.20, bacc: 63.60, tmp_test_f1: 51.81, f1: 62.83
epoch: 367, val_loss:1.417423, acc: 65.20, bacc: 63.60, tmp_test_f1: 53.09, f1: 62.83
epoch: 368, val_loss:1.405931, acc: 65.20, bacc: 63.60, tmp_test_f1: 53.21, f1: 62.83
epoch: 369, val_loss:1.402583, acc: 65.20, bacc: 63.60, tmp_test_f1: 52.55, f1: 62.83
epoch: 370, val_loss:1.402264, acc: 65.20, bacc: 63.60, tmp_test_f1: 52.82, f1: 62.83
epoch: 371, val_loss:1.405154, acc: 65.20, bacc: 63.60, tmp_test_f1: 52.60, f1: 62.83
epoch: 372, val_loss:1.414985, acc: 65.20, bacc: 63.60, tmp_test_f1: 52.77, f1: 62.83
epoch: 373, val_loss:1.419173, acc: 65.20, bacc: 63.60, tmp_test_f1: 53.37, f1: 62.83
epoch: 374, val_loss:1.414598, acc: 65.20, bacc: 63.60, tmp_test_f1: 53.88, f1: 62.83
epoch: 375, val_loss:1.409658, acc: 65.20, bacc: 63.60, tmp_test_f1: 54.12, f1: 62.83
epoch: 376, val_loss:1.408455, acc: 65.20, bacc: 63.60, tmp_test_f1: 54.01, f1: 62.83
epoch: 377, val_loss:1.397528, acc: 65.20, bacc: 63.60, tmp_test_f1: 54.50, f1: 62.83
epoch: 378, val_loss:1.392827, acc: 65.20, bacc: 63.60, tmp_test_f1: 54.75, f1: 62.83
epoch: 379, val_loss:1.390528, acc: 65.20, bacc: 63.60, tmp_test_f1: 54.55, f1: 62.83
epoch: 380, val_loss:1.394752, acc: 65.20, bacc: 63.60, tmp_test_f1: 54.44, f1: 62.83
epoch: 381, val_loss:1.394812, acc: 65.20, bacc: 63.60, tmp_test_f1: 53.74, f1: 62.83
epoch: 382, val_loss:1.410708, acc: 65.20, bacc: 63.60, tmp_test_f1: 53.22, f1: 62.83
epoch: 383, val_loss:1.426156, acc: 65.20, bacc: 63.60, tmp_test_f1: 52.64, f1: 62.83
epoch: 384, val_loss:1.435049, acc: 65.20, bacc: 63.60, tmp_test_f1: 52.38, f1: 62.83
epoch: 385, val_loss:1.450051, acc: 65.20, bacc: 63.60, tmp_test_f1: 51.78, f1: 62.83
epoch: 386, val_loss:1.451525, acc: 65.20, bacc: 63.60, tmp_test_f1: 53.04, f1: 62.83
epoch: 387, val_loss:1.441008, acc: 65.20, bacc: 63.60, tmp_test_f1: 54.72, f1: 62.83
epoch: 388, val_loss:1.417530, acc: 65.20, bacc: 63.60, tmp_test_f1: 56.75, f1: 62.83
epoch: 389, val_loss:1.380353, acc: 65.20, bacc: 63.60, tmp_test_f1: 55.44, f1: 62.83
epoch: 390, val_loss:1.395824, acc: 65.20, bacc: 63.60, tmp_test_f1: 53.50, f1: 62.83
epoch: 391, val_loss:1.419097, acc: 65.20, bacc: 63.60, tmp_test_f1: 54.17, f1: 62.83
epoch: 392, val_loss:1.423375, acc: 65.20, bacc: 63.60, tmp_test_f1: 56.84, f1: 62.83
epoch: 393, val_loss:1.419224, acc: 65.20, bacc: 63.60, tmp_test_f1: 56.56, f1: 62.83
epoch: 394, val_loss:1.442153, acc: 65.20, bacc: 63.60, tmp_test_f1: 56.40, f1: 62.83
epoch: 395, val_loss:1.464154, acc: 65.20, bacc: 63.60, tmp_test_f1: 56.10, f1: 62.83
epoch: 396, val_loss:1.485519, acc: 65.20, bacc: 63.60, tmp_test_f1: 54.40, f1: 62.83
epoch: 397, val_loss:1.498719, acc: 65.20, bacc: 63.60, tmp_test_f1: 54.10, f1: 62.83
epoch: 398, val_loss:1.497407, acc: 65.20, bacc: 63.60, tmp_test_f1: 52.98, f1: 62.83
epoch: 399, val_loss:1.499707, acc: 65.20, bacc: 63.60, tmp_test_f1: 52.08, f1: 62.83
epoch: 400, val_loss:1.521668, acc: 65.20, bacc: 63.60, tmp_test_f1: 51.90, f1: 62.83
epoch: 401, val_loss:1.513675, acc: 65.20, bacc: 63.60, tmp_test_f1: 51.92, f1: 62.83
epoch: 402, val_loss:1.486618, acc: 65.20, bacc: 63.60, tmp_test_f1: 53.35, f1: 62.83
epoch: 403, val_loss:1.452886, acc: 65.20, bacc: 63.60, tmp_test_f1: 54.76, f1: 62.83
epoch: 404, val_loss:1.437265, acc: 65.20, bacc: 63.60, tmp_test_f1: 54.89, f1: 62.83
epoch: 405, val_loss:1.430766, acc: 65.20, bacc: 63.60, tmp_test_f1: 53.18, f1: 62.83
epoch: 406, val_loss:1.437875, acc: 65.20, bacc: 63.60, tmp_test_f1: 51.85, f1: 62.83
epoch: 407, val_loss:1.445575, acc: 65.20, bacc: 63.60, tmp_test_f1: 51.03, f1: 62.83
epoch: 408, val_loss:1.460563, acc: 65.20, bacc: 63.60, tmp_test_f1: 50.56, f1: 62.83
epoch: 409, val_loss:1.467782, acc: 65.20, bacc: 63.60, tmp_test_f1: 50.52, f1: 62.83
epoch: 410, val_loss:1.464040, acc: 65.20, bacc: 63.60, tmp_test_f1: 51.24, f1: 62.83
epoch: 411, val_loss:1.443299, acc: 65.20, bacc: 63.60, tmp_test_f1: 51.42, f1: 62.83
epoch: 412, val_loss:1.426280, acc: 65.20, bacc: 63.60, tmp_test_f1: 51.84, f1: 62.83
epoch: 413, val_loss:1.386916, acc: 65.20, bacc: 63.60, tmp_test_f1: 52.39, f1: 62.83
epoch: 414, val_loss:1.359054, acc: 65.20, bacc: 63.60, tmp_test_f1: 52.59, f1: 62.83
epoch: 415, val_loss:1.351992, acc: 65.20, bacc: 63.60, tmp_test_f1: 52.37, f1: 62.83
epoch: 416, val_loss:1.354666, acc: 65.20, bacc: 63.60, tmp_test_f1: 51.98, f1: 62.83
epoch: 417, val_loss:1.345968, acc: 65.20, bacc: 63.60, tmp_test_f1: 52.54, f1: 62.83
epoch: 418, val_loss:1.347239, acc: 65.20, bacc: 63.60, tmp_test_f1: 52.16, f1: 62.83
epoch: 419, val_loss:1.362803, acc: 65.20, bacc: 63.60, tmp_test_f1: 51.65, f1: 62.83
epoch: 420, val_loss:1.387942, acc: 65.20, bacc: 63.60, tmp_test_f1: 51.42, f1: 62.83
epoch: 421, val_loss:1.404700, acc: 65.20, bacc: 63.60, tmp_test_f1: 52.39, f1: 62.83
epoch: 422, val_loss:1.423235, acc: 65.20, bacc: 63.60, tmp_test_f1: 53.75, f1: 62.83
epoch: 423, val_loss:1.442544, acc: 65.20, bacc: 63.60, tmp_test_f1: 53.15, f1: 62.83
epoch: 424, val_loss:1.459738, acc: 65.20, bacc: 63.60, tmp_test_f1: 52.75, f1: 62.83
epoch: 425, val_loss:1.442932, acc: 65.20, bacc: 63.60, tmp_test_f1: 53.41, f1: 62.83
epoch: 426, val_loss:1.414227, acc: 65.20, bacc: 63.60, tmp_test_f1: 54.35, f1: 62.83
epoch: 427, val_loss:1.384949, acc: 65.20, bacc: 63.60, tmp_test_f1: 54.89, f1: 62.83
epoch: 428, val_loss:1.355780, acc: 65.20, bacc: 63.60, tmp_test_f1: 54.27, f1: 62.83
epoch: 429, val_loss:1.343861, acc: 65.20, bacc: 63.60, tmp_test_f1: 52.34, f1: 62.83
epoch: 430, val_loss:1.349350, acc: 65.20, bacc: 63.60, tmp_test_f1: 50.75, f1: 62.83
epoch: 431, val_loss:1.358536, acc: 65.20, bacc: 63.60, tmp_test_f1: 50.66, f1: 62.83
epoch: 432, val_loss:1.363024, acc: 65.20, bacc: 63.60, tmp_test_f1: 51.83, f1: 62.83
epoch: 433, val_loss:1.372332, acc: 65.20, bacc: 63.60, tmp_test_f1: 46.30, f1: 62.83
epoch: 434, val_loss:1.445639, acc: 65.20, bacc: 63.60, tmp_test_f1: 43.41, f1: 62.83
epoch: 435, val_loss:1.534138, acc: 65.20, bacc: 63.60, tmp_test_f1: 42.19, f1: 62.83
epoch: 436, val_loss:1.607516, acc: 65.20, bacc: 63.60, tmp_test_f1: 42.01, f1: 62.83
epoch: 437, val_loss:1.615453, acc: 65.20, bacc: 63.60, tmp_test_f1: 48.26, f1: 62.83
epoch: 438, val_loss:1.601166, acc: 65.20, bacc: 63.60, tmp_test_f1: 50.93, f1: 62.83
epoch: 439, val_loss:1.554463, acc: 65.20, bacc: 63.60, tmp_test_f1: 51.84, f1: 62.83
epoch: 440, val_loss:1.551528, acc: 65.20, bacc: 63.60, tmp_test_f1: 52.34, f1: 62.83
epoch: 441, val_loss:1.533079, acc: 65.20, bacc: 63.60, tmp_test_f1: 53.72, f1: 62.83
epoch: 442, val_loss:1.505257, acc: 65.20, bacc: 63.60, tmp_test_f1: 53.93, f1: 62.83
epoch: 443, val_loss:1.493274, acc: 65.20, bacc: 63.60, tmp_test_f1: 51.74, f1: 62.83
epoch: 444, val_loss:1.459175, acc: 65.20, bacc: 63.60, tmp_test_f1: 52.33, f1: 62.83
Epoch 00445: reducing learning rate of group 0 to 2.5000e-02.
Epoch 00445: reducing learning rate of group 1 to 2.5000e-02.
epoch: 445, val_loss:1.452525, acc: 65.20, bacc: 63.60, tmp_test_f1: 51.40, f1: 62.83
epoch: 446, val_loss:1.479008, acc: 65.20, bacc: 63.60, tmp_test_f1: 49.90, f1: 62.83
epoch: 447, val_loss:1.499004, acc: 65.20, bacc: 63.60, tmp_test_f1: 49.45, f1: 62.83
epoch: 448, val_loss:1.515401, acc: 65.20, bacc: 63.60, tmp_test_f1: 49.10, f1: 62.83
epoch: 449, val_loss:1.541922, acc: 65.20, bacc: 63.60, tmp_test_f1: 48.27, f1: 62.83
epoch: 450, val_loss:1.578459, acc: 65.20, bacc: 63.60, tmp_test_f1: 46.41, f1: 62.83
epoch: 451, val_loss:1.625724, acc: 65.20, bacc: 63.60, tmp_test_f1: 45.82, f1: 62.83
epoch: 452, val_loss:1.679467, acc: 65.20, bacc: 63.60, tmp_test_f1: 44.48, f1: 62.83
epoch: 453, val_loss:1.737049, acc: 65.20, bacc: 63.60, tmp_test_f1: 43.92, f1: 62.83
epoch: 454, val_loss:1.772137, acc: 65.20, bacc: 63.60, tmp_test_f1: 44.01, f1: 62.83
epoch: 455, val_loss:1.786838, acc: 65.20, bacc: 63.60, tmp_test_f1: 44.77, f1: 62.83
epoch: 456, val_loss:1.789730, acc: 65.20, bacc: 63.60, tmp_test_f1: 46.82, f1: 62.83
epoch: 457, val_loss:1.738515, acc: 65.20, bacc: 63.60, tmp_test_f1: 47.89, f1: 62.83
epoch: 458, val_loss:1.689194, acc: 65.20, bacc: 63.60, tmp_test_f1: 49.41, f1: 62.83
epoch: 459, val_loss:1.661413, acc: 65.20, bacc: 63.60, tmp_test_f1: 51.37, f1: 62.83
epoch: 460, val_loss:1.622050, acc: 65.20, bacc: 63.60, tmp_test_f1: 53.00, f1: 62.83
epoch: 461, val_loss:1.584363, acc: 65.20, bacc: 63.60, tmp_test_f1: 54.13, f1: 62.83
epoch: 462, val_loss:1.556404, acc: 65.20, bacc: 63.60, tmp_test_f1: 55.16, f1: 62.83
epoch: 463, val_loss:1.540594, acc: 65.20, bacc: 63.60, tmp_test_f1: 55.58, f1: 62.83
epoch: 464, val_loss:1.525611, acc: 65.20, bacc: 63.60, tmp_test_f1: 55.99, f1: 62.83
epoch: 465, val_loss:1.495657, acc: 65.20, bacc: 63.60, tmp_test_f1: 56.16, f1: 62.83
epoch: 466, val_loss:1.480554, acc: 65.20, bacc: 63.60, tmp_test_f1: 55.28, f1: 62.83
epoch: 467, val_loss:1.471141, acc: 65.20, bacc: 63.60, tmp_test_f1: 54.66, f1: 62.83
epoch: 468, val_loss:1.471991, acc: 65.20, bacc: 63.60, tmp_test_f1: 54.57, f1: 62.83
epoch: 469, val_loss:1.489656, acc: 65.20, bacc: 63.60, tmp_test_f1: 53.03, f1: 62.83
epoch: 470, val_loss:1.515343, acc: 65.20, bacc: 63.60, tmp_test_f1: 51.96, f1: 62.83
epoch: 471, val_loss:1.552970, acc: 65.20, bacc: 63.60, tmp_test_f1: 49.40, f1: 62.83
epoch: 472, val_loss:1.609223, acc: 65.20, bacc: 63.60, tmp_test_f1: 47.66, f1: 62.83
epoch: 473, val_loss:1.650878, acc: 65.20, bacc: 63.60, tmp_test_f1: 48.10, f1: 62.83
epoch: 474, val_loss:1.648346, acc: 65.20, bacc: 63.60, tmp_test_f1: 50.18, f1: 62.83
epoch: 475, val_loss:1.624245, acc: 65.20, bacc: 63.60, tmp_test_f1: 51.33, f1: 62.83
epoch: 476, val_loss:1.596808, acc: 65.20, bacc: 63.60, tmp_test_f1: 51.66, f1: 62.83
epoch: 477, val_loss:1.589430, acc: 65.20, bacc: 63.60, tmp_test_f1: 51.72, f1: 62.83
epoch: 478, val_loss:1.583333, acc: 65.20, bacc: 63.60, tmp_test_f1: 51.80, f1: 62.83
epoch: 479, val_loss:1.587642, acc: 65.20, bacc: 63.60, tmp_test_f1: 52.99, f1: 62.83
epoch: 480, val_loss:1.577286, acc: 65.20, bacc: 63.60, tmp_test_f1: 53.45, f1: 62.83
epoch: 481, val_loss:1.562521, acc: 65.20, bacc: 63.60, tmp_test_f1: 53.67, f1: 62.83
epoch: 482, val_loss:1.543114, acc: 65.20, bacc: 63.60, tmp_test_f1: 54.73, f1: 62.83
epoch: 483, val_loss:1.529128, acc: 65.20, bacc: 63.60, tmp_test_f1: 54.63, f1: 62.83
epoch: 484, val_loss:1.520279, acc: 65.20, bacc: 63.60, tmp_test_f1: 54.67, f1: 62.83
epoch: 485, val_loss:1.519702, acc: 65.20, bacc: 63.60, tmp_test_f1: 54.51, f1: 62.83
epoch: 486, val_loss:1.524624, acc: 65.20, bacc: 63.60, tmp_test_f1: 54.76, f1: 62.83
epoch: 487, val_loss:1.531983, acc: 65.20, bacc: 63.60, tmp_test_f1: 54.23, f1: 62.83
epoch: 488, val_loss:1.541594, acc: 65.20, bacc: 63.60, tmp_test_f1: 54.39, f1: 62.83
epoch: 489, val_loss:1.542141, acc: 65.20, bacc: 63.60, tmp_test_f1: 54.86, f1: 62.83
epoch: 490, val_loss:1.539556, acc: 65.20, bacc: 63.60, tmp_test_f1: 55.20, f1: 62.83
epoch: 491, val_loss:1.532522, acc: 65.20, bacc: 63.60, tmp_test_f1: 54.99, f1: 62.83
epoch: 492, val_loss:1.508172, acc: 65.20, bacc: 63.60, tmp_test_f1: 54.15, f1: 62.83
epoch: 493, val_loss:1.485496, acc: 65.20, bacc: 63.60, tmp_test_f1: 54.23, f1: 62.83
epoch: 494, val_loss:1.465690, acc: 65.20, bacc: 63.60, tmp_test_f1: 55.09, f1: 62.83
epoch: 495, val_loss:1.451489, acc: 65.20, bacc: 63.60, tmp_test_f1: 54.91, f1: 62.83
epoch: 496, val_loss:1.439800, acc: 65.20, bacc: 63.60, tmp_test_f1: 55.06, f1: 62.83
epoch: 497, val_loss:1.436136, acc: 65.20, bacc: 63.60, tmp_test_f1: 55.47, f1: 62.83
epoch: 498, val_loss:1.436420, acc: 65.20, bacc: 63.60, tmp_test_f1: 55.81, f1: 62.83
epoch: 499, val_loss:1.438253, acc: 65.20, bacc: 63.60, tmp_test_f1: 55.93, f1: 62.83
epoch: 500, val_loss:1.437741, acc: 65.20, bacc: 63.60, tmp_test_f1: 55.91, f1: 62.83
epoch: 501, val_loss:1.437075, acc: 65.20, bacc: 63.60, tmp_test_f1: 54.99, f1: 62.83
epoch: 502, val_loss:1.429960, acc: 65.20, bacc: 63.60, tmp_test_f1: 54.81, f1: 62.83
epoch: 503, val_loss:1.430868, acc: 65.20, bacc: 63.60, tmp_test_f1: 56.24, f1: 62.83
epoch: 504, val_loss:1.434141, acc: 65.20, bacc: 63.60, tmp_test_f1: 56.46, f1: 62.83
epoch: 505, val_loss:1.441081, acc: 65.20, bacc: 63.60, tmp_test_f1: 56.72, f1: 62.83
epoch: 506, val_loss:1.451558, acc: 65.20, bacc: 63.60, tmp_test_f1: 57.02, f1: 62.83
epoch: 507, val_loss:1.458739, acc: 65.20, bacc: 63.60, tmp_test_f1: 56.99, f1: 62.83
epoch: 508, val_loss:1.462380, acc: 65.20, bacc: 63.60, tmp_test_f1: 56.73, f1: 62.83
epoch: 509, val_loss:1.467540, acc: 65.20, bacc: 63.60, tmp_test_f1: 55.47, f1: 62.83
epoch: 510, val_loss:1.480087, acc: 65.20, bacc: 63.60, tmp_test_f1: 55.16, f1: 62.83
epoch: 511, val_loss:1.498853, acc: 65.20, bacc: 63.60, tmp_test_f1: 54.61, f1: 62.83
epoch: 512, val_loss:1.512652, acc: 65.20, bacc: 63.60, tmp_test_f1: 53.99, f1: 62.83
epoch: 513, val_loss:1.523832, acc: 65.20, bacc: 63.60, tmp_test_f1: 53.22, f1: 62.83
epoch: 514, val_loss:1.531128, acc: 65.20, bacc: 63.60, tmp_test_f1: 53.34, f1: 62.83
epoch: 515, val_loss:1.508151, acc: 65.20, bacc: 63.60, tmp_test_f1: 53.83, f1: 62.83
epoch: 516, val_loss:1.483129, acc: 65.20, bacc: 63.60, tmp_test_f1: 54.38, f1: 62.83
epoch: 517, val_loss:1.459122, acc: 65.20, bacc: 63.60, tmp_test_f1: 54.60, f1: 62.83
epoch: 518, val_loss:1.443503, acc: 65.20, bacc: 63.60, tmp_test_f1: 55.37, f1: 62.83
epoch: 519, val_loss:1.436086, acc: 65.20, bacc: 63.60, tmp_test_f1: 55.71, f1: 62.83
epoch: 520, val_loss:1.433360, acc: 65.20, bacc: 63.60, tmp_test_f1: 56.67, f1: 62.83
epoch: 521, val_loss:1.437558, acc: 65.20, bacc: 63.60, tmp_test_f1: 57.46, f1: 62.83
epoch: 522, val_loss:1.450805, acc: 65.20, bacc: 63.60, tmp_test_f1: 57.04, f1: 62.83
epoch: 523, val_loss:1.463556, acc: 65.20, bacc: 63.60, tmp_test_f1: 57.38, f1: 62.83
epoch: 524, val_loss:1.477993, acc: 65.20, bacc: 63.60, tmp_test_f1: 57.35, f1: 62.83
epoch: 525, val_loss:1.491863, acc: 65.20, bacc: 63.60, tmp_test_f1: 56.91, f1: 62.83
epoch: 526, val_loss:1.492213, acc: 65.20, bacc: 63.60, tmp_test_f1: 57.62, f1: 62.83
epoch: 527, val_loss:1.485016, acc: 65.20, bacc: 63.60, tmp_test_f1: 58.05, f1: 62.83
epoch: 528, val_loss:1.462178, acc: 65.20, bacc: 63.60, tmp_test_f1: 57.74, f1: 62.83
epoch: 529, val_loss:1.443734, acc: 65.20, bacc: 63.60, tmp_test_f1: 58.12, f1: 62.83
epoch: 530, val_loss:1.424382, acc: 65.20, bacc: 63.60, tmp_test_f1: 57.86, f1: 62.83
epoch: 531, val_loss:1.403778, acc: 65.20, bacc: 63.60, tmp_test_f1: 57.61, f1: 62.83
epoch: 532, val_loss:1.387278, acc: 65.20, bacc: 63.60, tmp_test_f1: 57.82, f1: 62.83
epoch: 533, val_loss:1.378593, acc: 65.20, bacc: 63.60, tmp_test_f1: 57.38, f1: 62.83
epoch: 534, val_loss:1.369335, acc: 65.20, bacc: 63.60, tmp_test_f1: 57.17, f1: 62.83
epoch: 535, val_loss:1.364632, acc: 65.20, bacc: 63.60, tmp_test_f1: 57.85, f1: 62.83
epoch: 536, val_loss:1.372052, acc: 65.20, bacc: 63.60, tmp_test_f1: 57.33, f1: 62.83
epoch: 537, val_loss:1.372345, acc: 65.20, bacc: 63.60, tmp_test_f1: 57.49, f1: 62.83
epoch: 538, val_loss:1.366622, acc: 65.20, bacc: 63.60, tmp_test_f1: 57.89, f1: 62.83
epoch: 539, val_loss:1.361636, acc: 65.20, bacc: 63.60, tmp_test_f1: 58.51, f1: 62.83
epoch: 540, val_loss:1.355136, acc: 65.20, bacc: 63.60, tmp_test_f1: 58.02, f1: 62.83
epoch: 541, val_loss:1.354939, acc: 65.20, bacc: 63.60, tmp_test_f1: 57.82, f1: 62.83
epoch: 542, val_loss:1.359666, acc: 65.20, bacc: 63.60, tmp_test_f1: 57.04, f1: 62.83
epoch: 543, val_loss:1.367793, acc: 65.20, bacc: 63.60, tmp_test_f1: 56.94, f1: 62.83
epoch: 544, val_loss:1.379877, acc: 65.20, bacc: 63.60, tmp_test_f1: 57.03, f1: 62.83
epoch: 545, val_loss:1.389499, acc: 65.20, bacc: 63.60, tmp_test_f1: 57.07, f1: 62.83
epoch: 546, val_loss:1.399317, acc: 65.20, bacc: 63.60, tmp_test_f1: 56.67, f1: 62.83
epoch: 547, val_loss:1.415737, acc: 65.20, bacc: 63.60, tmp_test_f1: 56.06, f1: 62.83
epoch: 548, val_loss:1.437404, acc: 65.20, bacc: 63.60, tmp_test_f1: 55.96, f1: 62.83
epoch: 549, val_loss:1.459396, acc: 65.20, bacc: 63.60, tmp_test_f1: 55.53, f1: 62.83
epoch: 550, val_loss:1.470367, acc: 65.20, bacc: 63.60, tmp_test_f1: 55.48, f1: 62.83
epoch: 551, val_loss:1.465832, acc: 65.20, bacc: 63.60, tmp_test_f1: 55.10, f1: 62.83
epoch: 552, val_loss:1.458491, acc: 65.20, bacc: 63.60, tmp_test_f1: 54.75, f1: 62.83
epoch: 553, val_loss:1.444885, acc: 65.20, bacc: 63.60, tmp_test_f1: 54.94, f1: 62.83
epoch: 554, val_loss:1.434386, acc: 65.20, bacc: 63.60, tmp_test_f1: 55.19, f1: 62.83
epoch: 555, val_loss:1.428040, acc: 65.20, bacc: 63.60, tmp_test_f1: 55.84, f1: 62.83
epoch: 556, val_loss:1.421013, acc: 65.20, bacc: 63.60, tmp_test_f1: 55.67, f1: 62.83
epoch: 557, val_loss:1.418065, acc: 65.20, bacc: 63.60, tmp_test_f1: 55.90, f1: 62.83
epoch: 558, val_loss:1.412704, acc: 65.20, bacc: 63.60, tmp_test_f1: 56.05, f1: 62.83
epoch: 559, val_loss:1.408492, acc: 65.20, bacc: 63.60, tmp_test_f1: 56.88, f1: 62.83
epoch: 560, val_loss:1.395309, acc: 65.20, bacc: 63.60, tmp_test_f1: 55.74, f1: 62.83
epoch: 561, val_loss:1.387018, acc: 65.20, bacc: 63.60, tmp_test_f1: 57.04, f1: 62.83
epoch: 562, val_loss:1.378469, acc: 65.20, bacc: 63.60, tmp_test_f1: 57.48, f1: 62.83
epoch: 563, val_loss:1.375688, acc: 65.20, bacc: 63.60, tmp_test_f1: 57.62, f1: 62.83
epoch: 564, val_loss:1.380026, acc: 65.20, bacc: 63.60, tmp_test_f1: 57.50, f1: 62.83
epoch: 565, val_loss:1.392507, acc: 65.20, bacc: 63.60, tmp_test_f1: 57.84, f1: 62.83
epoch: 566, val_loss:1.411870, acc: 65.20, bacc: 63.60, tmp_test_f1: 57.62, f1: 62.83
epoch: 567, val_loss:1.437845, acc: 65.20, bacc: 63.60, tmp_test_f1: 56.51, f1: 62.83
epoch: 568, val_loss:1.465809, acc: 65.20, bacc: 63.60, tmp_test_f1: 56.36, f1: 62.83
epoch: 569, val_loss:1.492135, acc: 65.20, bacc: 63.60, tmp_test_f1: 55.30, f1: 62.83
epoch: 570, val_loss:1.504143, acc: 65.20, bacc: 63.60, tmp_test_f1: 55.33, f1: 62.83
epoch: 571, val_loss:1.512401, acc: 65.20, bacc: 63.60, tmp_test_f1: 55.45, f1: 62.83
epoch: 572, val_loss:1.511849, acc: 65.20, bacc: 63.60, tmp_test_f1: 54.75, f1: 62.83
epoch: 573, val_loss:1.502475, acc: 65.20, bacc: 63.60, tmp_test_f1: 55.12, f1: 62.83
epoch: 574, val_loss:1.495492, acc: 65.20, bacc: 63.60, tmp_test_f1: 55.23, f1: 62.83
epoch: 575, val_loss:1.494674, acc: 65.20, bacc: 63.60, tmp_test_f1: 54.69, f1: 62.83
epoch: 576, val_loss:1.492108, acc: 65.20, bacc: 63.60, tmp_test_f1: 54.04, f1: 62.83
epoch: 577, val_loss:1.488171, acc: 65.20, bacc: 63.60, tmp_test_f1: 54.49, f1: 62.83
epoch: 578, val_loss:1.467508, acc: 65.20, bacc: 63.60, tmp_test_f1: 54.54, f1: 62.83
epoch: 579, val_loss:1.451412, acc: 65.20, bacc: 63.60, tmp_test_f1: 54.92, f1: 62.83
epoch: 580, val_loss:1.436466, acc: 65.20, bacc: 63.60, tmp_test_f1: 56.63, f1: 62.83
epoch: 581, val_loss:1.416309, acc: 65.20, bacc: 63.60, tmp_test_f1: 57.17, f1: 62.83
epoch: 582, val_loss:1.405819, acc: 65.20, bacc: 63.60, tmp_test_f1: 56.80, f1: 62.83
epoch: 583, val_loss:1.404058, acc: 65.20, bacc: 63.60, tmp_test_f1: 55.45, f1: 62.83
epoch: 584, val_loss:1.402443, acc: 65.20, bacc: 63.60, tmp_test_f1: 55.59, f1: 62.83
epoch: 585, val_loss:1.399948, acc: 65.20, bacc: 63.60, tmp_test_f1: 55.92, f1: 62.83
epoch: 586, val_loss:1.402644, acc: 65.20, bacc: 63.60, tmp_test_f1: 55.63, f1: 62.83
epoch: 587, val_loss:1.408732, acc: 65.20, bacc: 63.60, tmp_test_f1: 55.90, f1: 62.83
epoch: 588, val_loss:1.407508, acc: 65.20, bacc: 63.60, tmp_test_f1: 55.73, f1: 62.83
epoch: 589, val_loss:1.405347, acc: 65.20, bacc: 63.60, tmp_test_f1: 55.82, f1: 62.83
epoch: 590, val_loss:1.404654, acc: 65.20, bacc: 63.60, tmp_test_f1: 55.48, f1: 62.83
epoch: 591, val_loss:1.400450, acc: 65.20, bacc: 63.60, tmp_test_f1: 55.67, f1: 62.83
epoch: 592, val_loss:1.387361, acc: 65.20, bacc: 63.60, tmp_test_f1: 56.07, f1: 62.83
epoch: 593, val_loss:1.374158, acc: 65.20, bacc: 63.60, tmp_test_f1: 56.74, f1: 62.83
epoch: 594, val_loss:1.360646, acc: 65.20, bacc: 63.60, tmp_test_f1: 56.79, f1: 62.83
epoch: 595, val_loss:1.353502, acc: 65.20, bacc: 63.60, tmp_test_f1: 56.96, f1: 62.83
epoch: 596, val_loss:1.341035, acc: 65.20, bacc: 63.60, tmp_test_f1: 57.01, f1: 62.83
epoch: 597, val_loss:1.328426, acc: 65.20, bacc: 63.60, tmp_test_f1: 56.61, f1: 62.83
epoch: 598, val_loss:1.323441, acc: 65.20, bacc: 63.60, tmp_test_f1: 55.84, f1: 62.83
epoch: 599, val_loss:1.323529, acc: 65.20, bacc: 63.60, tmp_test_f1: 55.90, f1: 62.83
epoch: 600, val_loss:1.326097, acc: 65.20, bacc: 63.60, tmp_test_f1: 56.27, f1: 62.83
epoch: 601, val_loss:1.332491, acc: 65.20, bacc: 63.60, tmp_test_f1: 55.96, f1: 62.83
epoch: 602, val_loss:1.349265, acc: 65.20, bacc: 63.60, tmp_test_f1: 54.69, f1: 62.83
epoch: 603, val_loss:1.373861, acc: 65.20, bacc: 63.60, tmp_test_f1: 54.72, f1: 62.83
epoch: 604, val_loss:1.398647, acc: 65.20, bacc: 63.60, tmp_test_f1: 54.44, f1: 62.83
epoch: 605, val_loss:1.425497, acc: 65.20, bacc: 63.60, tmp_test_f1: 53.84, f1: 62.83
epoch: 606, val_loss:1.445421, acc: 65.20, bacc: 63.60, tmp_test_f1: 53.92, f1: 62.83
epoch: 607, val_loss:1.450215, acc: 65.20, bacc: 63.60, tmp_test_f1: 52.86, f1: 62.83
epoch: 608, val_loss:1.477347, acc: 65.20, bacc: 63.60, tmp_test_f1: 52.46, f1: 62.83
epoch: 609, val_loss:1.492707, acc: 65.20, bacc: 63.60, tmp_test_f1: 53.02, f1: 62.83
epoch: 610, val_loss:1.496258, acc: 65.20, bacc: 63.60, tmp_test_f1: 53.52, f1: 62.83
epoch: 611, val_loss:1.498983, acc: 65.20, bacc: 63.60, tmp_test_f1: 54.01, f1: 62.83
epoch: 612, val_loss:1.498984, acc: 65.20, bacc: 63.60, tmp_test_f1: 53.08, f1: 62.83
epoch: 613, val_loss:1.507216, acc: 65.20, bacc: 63.60, tmp_test_f1: 53.36, f1: 62.83
epoch: 614, val_loss:1.502603, acc: 65.20, bacc: 63.60, tmp_test_f1: 54.02, f1: 62.83
epoch: 615, val_loss:1.503453, acc: 65.20, bacc: 63.60, tmp_test_f1: 54.07, f1: 62.83
epoch: 616, val_loss:1.497903, acc: 65.20, bacc: 63.60, tmp_test_f1: 55.56, f1: 62.83
epoch: 617, val_loss:1.480179, acc: 65.20, bacc: 63.60, tmp_test_f1: 56.84, f1: 62.83
epoch: 618, val_loss:1.459427, acc: 65.20, bacc: 63.60, tmp_test_f1: 57.70, f1: 62.83
epoch: 619, val_loss:1.436029, acc: 65.20, bacc: 63.60, tmp_test_f1: 57.97, f1: 62.83
epoch: 620, val_loss:1.416306, acc: 65.20, bacc: 63.60, tmp_test_f1: 58.26, f1: 62.83
epoch: 621, val_loss:1.400531, acc: 65.20, bacc: 63.60, tmp_test_f1: 59.00, f1: 62.83
epoch: 622, val_loss:1.388253, acc: 65.20, bacc: 63.60, tmp_test_f1: 58.27, f1: 62.83
epoch: 623, val_loss:1.384428, acc: 65.20, bacc: 63.60, tmp_test_f1: 57.76, f1: 62.83
epoch: 624, val_loss:1.384522, acc: 65.20, bacc: 63.60, tmp_test_f1: 57.34, f1: 62.83
epoch: 625, val_loss:1.384452, acc: 65.20, bacc: 63.60, tmp_test_f1: 57.11, f1: 62.83
epoch: 626, val_loss:1.385956, acc: 65.20, bacc: 63.60, tmp_test_f1: 56.68, f1: 62.83
epoch: 627, val_loss:1.391489, acc: 65.20, bacc: 63.60, tmp_test_f1: 56.49, f1: 62.83
epoch: 628, val_loss:1.398548, acc: 65.20, bacc: 63.60, tmp_test_f1: 56.21, f1: 62.83
epoch: 629, val_loss:1.410308, acc: 65.20, bacc: 63.60, tmp_test_f1: 55.24, f1: 62.83
epoch: 630, val_loss:1.426102, acc: 65.20, bacc: 63.60, tmp_test_f1: 54.80, f1: 62.83
epoch: 631, val_loss:1.447172, acc: 65.20, bacc: 63.60, tmp_test_f1: 54.81, f1: 62.83
epoch: 632, val_loss:1.459003, acc: 65.20, bacc: 63.60, tmp_test_f1: 54.63, f1: 62.83
epoch: 633, val_loss:1.463085, acc: 65.20, bacc: 63.60, tmp_test_f1: 53.79, f1: 62.83
epoch: 634, val_loss:1.474370, acc: 65.20, bacc: 63.60, tmp_test_f1: 53.54, f1: 62.83
epoch: 635, val_loss:1.476126, acc: 65.20, bacc: 63.60, tmp_test_f1: 53.88, f1: 62.83
epoch: 636, val_loss:1.453136, acc: 65.20, bacc: 63.60, tmp_test_f1: 56.12, f1: 62.83
epoch: 637, val_loss:1.412310, acc: 65.20, bacc: 63.60, tmp_test_f1: 58.22, f1: 62.83
epoch: 638, val_loss:1.396527, acc: 65.20, bacc: 63.60, tmp_test_f1: 58.27, f1: 62.83
epoch: 639, val_loss:1.393828, acc: 65.20, bacc: 63.60, tmp_test_f1: 58.54, f1: 62.83
epoch: 640, val_loss:1.390869, acc: 65.20, bacc: 63.60, tmp_test_f1: 58.57, f1: 62.83
epoch: 641, val_loss:1.379898, acc: 65.20, bacc: 63.60, tmp_test_f1: 58.64, f1: 62.83
epoch: 642, val_loss:1.369514, acc: 65.20, bacc: 63.60, tmp_test_f1: 58.02, f1: 62.83
epoch: 643, val_loss:1.362229, acc: 65.20, bacc: 63.60, tmp_test_f1: 57.64, f1: 62.83
epoch: 644, val_loss:1.366117, acc: 65.20, bacc: 63.60, tmp_test_f1: 56.33, f1: 62.83
epoch: 645, val_loss:1.386609, acc: 65.20, bacc: 63.60, tmp_test_f1: 56.10, f1: 62.83
Epoch 00646: reducing learning rate of group 0 to 1.2500e-02.
Epoch 00646: reducing learning rate of group 1 to 1.2500e-02.
epoch: 646, val_loss:1.417746, acc: 65.20, bacc: 63.60, tmp_test_f1: 55.08, f1: 62.83
epoch: 647, val_loss:1.454946, acc: 65.20, bacc: 63.60, tmp_test_f1: 54.86, f1: 62.83
epoch: 648, val_loss:1.470026, acc: 65.20, bacc: 63.60, tmp_test_f1: 54.74, f1: 62.83
epoch: 649, val_loss:1.472990, acc: 65.20, bacc: 63.60, tmp_test_f1: 54.72, f1: 62.83
epoch: 650, val_loss:1.479391, acc: 65.20, bacc: 63.60, tmp_test_f1: 54.79, f1: 62.83
epoch: 651, val_loss:1.483083, acc: 65.20, bacc: 63.60, tmp_test_f1: 54.93, f1: 62.83
epoch: 652, val_loss:1.477875, acc: 65.20, bacc: 63.60, tmp_test_f1: 55.66, f1: 62.83
epoch: 653, val_loss:1.469406, acc: 65.20, bacc: 63.60, tmp_test_f1: 56.08, f1: 62.83
epoch: 654, val_loss:1.458513, acc: 65.20, bacc: 63.60, tmp_test_f1: 56.06, f1: 62.83
epoch: 655, val_loss:1.447931, acc: 65.20, bacc: 63.60, tmp_test_f1: 56.16, f1: 62.83
epoch: 656, val_loss:1.432636, acc: 65.20, bacc: 63.60, tmp_test_f1: 56.78, f1: 62.83
epoch: 657, val_loss:1.417101, acc: 65.20, bacc: 63.60, tmp_test_f1: 56.35, f1: 62.83
epoch: 658, val_loss:1.403935, acc: 65.20, bacc: 63.60, tmp_test_f1: 55.54, f1: 62.83
epoch: 659, val_loss:1.393712, acc: 65.20, bacc: 63.60, tmp_test_f1: 54.32, f1: 62.83
epoch: 660, val_loss:1.384325, acc: 65.20, bacc: 63.60, tmp_test_f1: 54.54, f1: 62.83
epoch: 661, val_loss:1.371005, acc: 65.20, bacc: 63.60, tmp_test_f1: 55.05, f1: 62.83
epoch: 662, val_loss:1.358194, acc: 65.20, bacc: 63.60, tmp_test_f1: 55.04, f1: 62.83
epoch: 663, val_loss:1.358337, acc: 65.20, bacc: 63.60, tmp_test_f1: 56.43, f1: 62.83
epoch: 664, val_loss:1.362056, acc: 65.20, bacc: 63.60, tmp_test_f1: 56.11, f1: 62.83
epoch: 665, val_loss:1.363434, acc: 65.20, bacc: 63.60, tmp_test_f1: 56.88, f1: 62.83
epoch: 666, val_loss:1.363046, acc: 65.20, bacc: 63.60, tmp_test_f1: 57.85, f1: 62.83
epoch: 667, val_loss:1.361926, acc: 65.20, bacc: 63.60, tmp_test_f1: 57.96, f1: 62.83
epoch: 668, val_loss:1.361813, acc: 65.20, bacc: 63.60, tmp_test_f1: 58.01, f1: 62.83
epoch: 669, val_loss:1.360253, acc: 65.20, bacc: 63.60, tmp_test_f1: 57.72, f1: 62.83
epoch: 670, val_loss:1.360153, acc: 65.20, bacc: 63.60, tmp_test_f1: 57.85, f1: 62.83
epoch: 671, val_loss:1.359907, acc: 65.20, bacc: 63.60, tmp_test_f1: 57.87, f1: 62.83
epoch: 672, val_loss:1.361813, acc: 65.20, bacc: 63.60, tmp_test_f1: 58.20, f1: 62.83
epoch: 673, val_loss:1.366749, acc: 65.20, bacc: 63.60, tmp_test_f1: 58.71, f1: 62.83
epoch: 674, val_loss:1.372187, acc: 65.20, bacc: 63.60, tmp_test_f1: 58.63, f1: 62.83
epoch: 675, val_loss:1.371760, acc: 65.20, bacc: 63.60, tmp_test_f1: 58.47, f1: 62.83
epoch: 676, val_loss:1.371316, acc: 65.20, bacc: 63.60, tmp_test_f1: 58.50, f1: 62.83
epoch: 677, val_loss:1.363684, acc: 65.20, bacc: 63.60, tmp_test_f1: 58.43, f1: 62.83
epoch: 678, val_loss:1.358762, acc: 65.20, bacc: 63.60, tmp_test_f1: 58.35, f1: 62.83
epoch: 679, val_loss:1.355421, acc: 65.20, bacc: 63.60, tmp_test_f1: 57.80, f1: 62.83
epoch: 680, val_loss:1.353221, acc: 65.20, bacc: 63.60, tmp_test_f1: 57.88, f1: 62.83
epoch: 681, val_loss:1.346002, acc: 65.20, bacc: 63.60, tmp_test_f1: 57.16, f1: 62.83
epoch: 682, val_loss:1.340063, acc: 65.20, bacc: 63.60, tmp_test_f1: 57.40, f1: 62.83
epoch: 683, val_loss:1.338467, acc: 65.20, bacc: 63.60, tmp_test_f1: 57.05, f1: 62.83
epoch: 684, val_loss:1.338168, acc: 65.20, bacc: 63.60, tmp_test_f1: 56.89, f1: 62.83
epoch: 685, val_loss:1.338998, acc: 65.20, bacc: 63.60, tmp_test_f1: 57.01, f1: 62.83
epoch: 686, val_loss:1.337794, acc: 65.20, bacc: 63.60, tmp_test_f1: 57.30, f1: 62.83
epoch: 687, val_loss:1.330967, acc: 65.20, bacc: 63.60, tmp_test_f1: 57.16, f1: 62.83
epoch: 688, val_loss:1.325030, acc: 65.20, bacc: 63.60, tmp_test_f1: 57.70, f1: 62.83
epoch: 689, val_loss:1.320147, acc: 65.20, bacc: 63.60, tmp_test_f1: 57.97, f1: 62.83
epoch: 690, val_loss:1.316787, acc: 65.20, bacc: 63.60, tmp_test_f1: 58.99, f1: 62.83
epoch: 691, val_loss:1.314823, acc: 65.20, bacc: 63.60, tmp_test_f1: 58.72, f1: 62.83
epoch: 692, val_loss:1.314956, acc: 65.20, bacc: 63.60, tmp_test_f1: 58.40, f1: 62.83
epoch: 693, val_loss:1.315721, acc: 65.20, bacc: 63.60, tmp_test_f1: 58.53, f1: 62.83
epoch: 694, val_loss:1.313030, acc: 65.20, bacc: 63.60, tmp_test_f1: 58.57, f1: 62.83
epoch: 695, val_loss:1.308951, acc: 65.20, bacc: 63.60, tmp_test_f1: 58.82, f1: 62.83
epoch: 696, val_loss:1.307382, acc: 65.20, bacc: 63.60, tmp_test_f1: 58.93, f1: 62.83
epoch: 697, val_loss:1.308927, acc: 65.20, bacc: 63.60, tmp_test_f1: 58.57, f1: 62.83
epoch: 698, val_loss:1.308772, acc: 65.20, bacc: 63.60, tmp_test_f1: 58.93, f1: 62.83
epoch: 699, val_loss:1.309357, acc: 65.20, bacc: 63.60, tmp_test_f1: 58.09, f1: 62.83
epoch: 700, val_loss:1.311729, acc: 65.20, bacc: 63.60, tmp_test_f1: 57.81, f1: 62.83
epoch: 701, val_loss:1.316088, acc: 65.20, bacc: 63.60, tmp_test_f1: 56.90, f1: 62.83
epoch: 702, val_loss:1.324158, acc: 65.20, bacc: 63.60, tmp_test_f1: 57.03, f1: 62.83
epoch: 703, val_loss:1.333887, acc: 65.20, bacc: 63.60, tmp_test_f1: 56.63, f1: 62.83
epoch: 704, val_loss:1.342233, acc: 65.20, bacc: 63.60, tmp_test_f1: 56.57, f1: 62.83
epoch: 705, val_loss:1.354337, acc: 65.20, bacc: 63.60, tmp_test_f1: 56.19, f1: 62.83
epoch: 706, val_loss:1.360719, acc: 65.20, bacc: 63.60, tmp_test_f1: 55.65, f1: 62.83
epoch: 707, val_loss:1.366799, acc: 65.20, bacc: 63.60, tmp_test_f1: 55.71, f1: 62.83
epoch: 708, val_loss:1.367386, acc: 65.20, bacc: 63.60, tmp_test_f1: 56.08, f1: 62.83
epoch: 709, val_loss:1.365101, acc: 65.20, bacc: 63.60, tmp_test_f1: 55.83, f1: 62.83
epoch: 710, val_loss:1.363549, acc: 65.20, bacc: 63.60, tmp_test_f1: 55.96, f1: 62.83
epoch: 711, val_loss:1.359702, acc: 65.20, bacc: 63.60, tmp_test_f1: 56.02, f1: 62.83
epoch: 712, val_loss:1.352048, acc: 65.20, bacc: 63.60, tmp_test_f1: 56.50, f1: 62.83
epoch: 713, val_loss:1.344330, acc: 65.20, bacc: 63.60, tmp_test_f1: 56.85, f1: 62.83
epoch: 714, val_loss:1.338411, acc: 65.20, bacc: 63.60, tmp_test_f1: 56.90, f1: 62.83
epoch: 715, val_loss:1.336116, acc: 65.20, bacc: 63.60, tmp_test_f1: 56.97, f1: 62.83
epoch: 716, val_loss:1.335102, acc: 65.20, bacc: 63.60, tmp_test_f1: 57.01, f1: 62.83
epoch: 717, val_loss:1.334206, acc: 65.20, bacc: 63.60, tmp_test_f1: 57.14, f1: 62.83
epoch: 718, val_loss:1.332395, acc: 65.20, bacc: 63.60, tmp_test_f1: 56.79, f1: 62.83
epoch: 719, val_loss:1.329988, acc: 65.20, bacc: 63.60, tmp_test_f1: 57.12, f1: 62.83
epoch: 720, val_loss:1.327229, acc: 65.20, bacc: 63.60, tmp_test_f1: 57.21, f1: 62.83
epoch: 721, val_loss:1.324413, acc: 65.20, bacc: 63.60, tmp_test_f1: 57.55, f1: 62.83
epoch: 722, val_loss:1.324550, acc: 65.20, bacc: 63.60, tmp_test_f1: 58.49, f1: 62.83
epoch: 723, val_loss:1.321834, acc: 65.20, bacc: 63.60, tmp_test_f1: 58.31, f1: 62.83
epoch: 724, val_loss:1.320707, acc: 65.20, bacc: 63.60, tmp_test_f1: 58.30, f1: 62.83
epoch: 725, val_loss:1.321420, acc: 65.20, bacc: 63.60, tmp_test_f1: 57.81, f1: 62.83
epoch: 726, val_loss:1.323469, acc: 65.20, bacc: 63.60, tmp_test_f1: 58.19, f1: 62.83
epoch: 727, val_loss:1.328260, acc: 65.20, bacc: 63.60, tmp_test_f1: 58.49, f1: 62.83
epoch: 728, val_loss:1.332327, acc: 65.20, bacc: 63.60, tmp_test_f1: 58.69, f1: 62.83
epoch: 729, val_loss:1.338812, acc: 65.20, bacc: 63.60, tmp_test_f1: 57.83, f1: 62.83
epoch: 730, val_loss:1.345302, acc: 65.20, bacc: 63.60, tmp_test_f1: 58.16, f1: 62.83
epoch: 731, val_loss:1.347654, acc: 65.20, bacc: 63.60, tmp_test_f1: 58.09, f1: 62.83
epoch: 732, val_loss:1.352281, acc: 65.20, bacc: 63.60, tmp_test_f1: 58.42, f1: 62.83
epoch: 733, val_loss:1.369834, acc: 65.20, bacc: 63.60, tmp_test_f1: 57.27, f1: 62.83
epoch: 734, val_loss:1.387788, acc: 65.20, bacc: 63.60, tmp_test_f1: 57.28, f1: 62.83
epoch: 735, val_loss:1.406314, acc: 65.20, bacc: 63.60, tmp_test_f1: 56.82, f1: 62.83
epoch: 736, val_loss:1.423529, acc: 65.20, bacc: 63.60, tmp_test_f1: 56.76, f1: 62.83
epoch: 737, val_loss:1.427824, acc: 65.20, bacc: 63.60, tmp_test_f1: 56.83, f1: 62.83
epoch: 738, val_loss:1.425434, acc: 65.20, bacc: 63.60, tmp_test_f1: 57.00, f1: 62.83
epoch: 739, val_loss:1.420417, acc: 65.20, bacc: 63.60, tmp_test_f1: 56.96, f1: 62.83
epoch: 740, val_loss:1.411483, acc: 65.20, bacc: 63.60, tmp_test_f1: 57.30, f1: 62.83
epoch: 741, val_loss:1.403837, acc: 65.20, bacc: 63.60, tmp_test_f1: 58.17, f1: 62.83
epoch: 742, val_loss:1.392858, acc: 65.20, bacc: 63.60, tmp_test_f1: 57.99, f1: 62.83
epoch: 743, val_loss:1.384756, acc: 65.20, bacc: 63.60, tmp_test_f1: 57.84, f1: 62.83
epoch: 744, val_loss:1.373631, acc: 65.20, bacc: 63.60, tmp_test_f1: 58.40, f1: 62.83
epoch: 745, val_loss:1.362883, acc: 65.20, bacc: 63.60, tmp_test_f1: 57.56, f1: 62.83
epoch: 746, val_loss:1.358069, acc: 65.20, bacc: 63.60, tmp_test_f1: 57.23, f1: 62.83
epoch: 747, val_loss:1.357500, acc: 65.20, bacc: 63.60, tmp_test_f1: 57.23, f1: 62.83
epoch: 748, val_loss:1.358892, acc: 65.20, bacc: 63.60, tmp_test_f1: 57.07, f1: 62.83
epoch: 749, val_loss:1.346322, acc: 65.20, bacc: 63.60, tmp_test_f1: 56.62, f1: 62.83
epoch: 750, val_loss:1.337780, acc: 65.20, bacc: 63.60, tmp_test_f1: 56.74, f1: 62.83
epoch: 751, val_loss:1.331522, acc: 65.20, bacc: 63.60, tmp_test_f1: 56.96, f1: 62.83
epoch: 752, val_loss:1.326059, acc: 65.20, bacc: 63.60, tmp_test_f1: 56.82, f1: 62.83
epoch: 753, val_loss:1.323243, acc: 65.20, bacc: 63.60, tmp_test_f1: 56.75, f1: 62.83
epoch: 754, val_loss:1.321012, acc: 65.20, bacc: 63.60, tmp_test_f1: 56.75, f1: 62.83
epoch: 755, val_loss:1.320827, acc: 65.20, bacc: 63.60, tmp_test_f1: 56.77, f1: 62.83
epoch: 756, val_loss:1.323277, acc: 65.20, bacc: 63.60, tmp_test_f1: 55.80, f1: 62.83
epoch: 757, val_loss:1.328565, acc: 65.20, bacc: 63.60, tmp_test_f1: 55.68, f1: 62.83
epoch: 758, val_loss:1.335166, acc: 65.20, bacc: 63.60, tmp_test_f1: 55.73, f1: 62.83
epoch: 759, val_loss:1.343340, acc: 65.20, bacc: 63.60, tmp_test_f1: 56.03, f1: 62.83
epoch: 760, val_loss:1.352388, acc: 65.20, bacc: 63.60, tmp_test_f1: 56.68, f1: 62.83
epoch: 761, val_loss:1.362451, acc: 65.20, bacc: 63.60, tmp_test_f1: 57.43, f1: 62.83
epoch: 762, val_loss:1.383544, acc: 65.20, bacc: 63.60, tmp_test_f1: 57.42, f1: 62.83
epoch: 763, val_loss:1.403613, acc: 65.20, bacc: 63.60, tmp_test_f1: 57.59, f1: 62.83
epoch: 764, val_loss:1.418641, acc: 65.20, bacc: 63.60, tmp_test_f1: 56.67, f1: 62.83
epoch: 765, val_loss:1.434702, acc: 65.20, bacc: 63.60, tmp_test_f1: 56.14, f1: 62.83
epoch: 766, val_loss:1.449609, acc: 65.20, bacc: 63.60, tmp_test_f1: 56.44, f1: 62.83
epoch: 767, val_loss:1.457739, acc: 65.20, bacc: 63.60, tmp_test_f1: 56.22, f1: 62.83
epoch: 768, val_loss:1.465832, acc: 65.20, bacc: 63.60, tmp_test_f1: 55.50, f1: 62.83
epoch: 769, val_loss:1.471273, acc: 65.20, bacc: 63.60, tmp_test_f1: 55.91, f1: 62.83
epoch: 770, val_loss:1.464197, acc: 65.20, bacc: 63.60, tmp_test_f1: 56.29, f1: 62.83
epoch: 771, val_loss:1.456664, acc: 65.20, bacc: 63.60, tmp_test_f1: 56.56, f1: 62.83
epoch: 772, val_loss:1.444657, acc: 65.20, bacc: 63.60, tmp_test_f1: 56.92, f1: 62.83
epoch: 773, val_loss:1.434488, acc: 65.20, bacc: 63.60, tmp_test_f1: 57.17, f1: 62.83
epoch: 774, val_loss:1.423128, acc: 65.20, bacc: 63.60, tmp_test_f1: 57.13, f1: 62.83
epoch: 775, val_loss:1.415269, acc: 65.20, bacc: 63.60, tmp_test_f1: 57.32, f1: 62.83
epoch: 776, val_loss:1.408232, acc: 65.20, bacc: 63.60, tmp_test_f1: 57.30, f1: 62.83
epoch: 777, val_loss:1.399592, acc: 65.20, bacc: 63.60, tmp_test_f1: 57.60, f1: 62.83
epoch: 778, val_loss:1.388271, acc: 65.20, bacc: 63.60, tmp_test_f1: 57.47, f1: 62.83
epoch: 779, val_loss:1.381658, acc: 65.20, bacc: 63.60, tmp_test_f1: 57.37, f1: 62.83
epoch: 780, val_loss:1.376489, acc: 65.20, bacc: 63.60, tmp_test_f1: 58.14, f1: 62.83
epoch: 781, val_loss:1.371720, acc: 65.20, bacc: 63.60, tmp_test_f1: 58.13, f1: 62.83
epoch: 782, val_loss:1.371711, acc: 65.20, bacc: 63.60, tmp_test_f1: 58.68, f1: 62.83
epoch: 783, val_loss:1.370653, acc: 65.20, bacc: 63.60, tmp_test_f1: 58.26, f1: 62.83
epoch: 784, val_loss:1.367957, acc: 65.20, bacc: 63.60, tmp_test_f1: 57.91, f1: 62.83
epoch: 785, val_loss:1.365115, acc: 65.20, bacc: 63.60, tmp_test_f1: 57.71, f1: 62.83
epoch: 786, val_loss:1.363206, acc: 65.20, bacc: 63.60, tmp_test_f1: 57.70, f1: 62.83
epoch: 787, val_loss:1.364257, acc: 65.20, bacc: 63.60, tmp_test_f1: 57.77, f1: 62.83
epoch: 788, val_loss:1.367656, acc: 65.20, bacc: 63.60, tmp_test_f1: 57.75, f1: 62.83
epoch: 789, val_loss:1.369613, acc: 65.20, bacc: 63.60, tmp_test_f1: 57.83, f1: 62.83
epoch: 790, val_loss:1.367572, acc: 65.20, bacc: 63.60, tmp_test_f1: 57.78, f1: 62.83
epoch: 791, val_loss:1.365100, acc: 65.20, bacc: 63.60, tmp_test_f1: 57.90, f1: 62.83
epoch: 792, val_loss:1.363637, acc: 65.20, bacc: 63.60, tmp_test_f1: 58.05, f1: 62.83
epoch: 793, val_loss:1.364096, acc: 65.20, bacc: 63.60, tmp_test_f1: 58.40, f1: 62.83
epoch: 794, val_loss:1.364511, acc: 65.20, bacc: 63.60, tmp_test_f1: 57.98, f1: 62.83
epoch: 795, val_loss:1.366373, acc: 65.20, bacc: 63.60, tmp_test_f1: 57.80, f1: 62.83
epoch: 796, val_loss:1.368200, acc: 65.20, bacc: 63.60, tmp_test_f1: 58.47, f1: 62.83
epoch: 797, val_loss:1.371117, acc: 65.20, bacc: 63.60, tmp_test_f1: 58.09, f1: 62.83
epoch: 798, val_loss:1.372220, acc: 65.20, bacc: 63.60, tmp_test_f1: 57.54, f1: 62.83
epoch: 799, val_loss:1.373287, acc: 65.20, bacc: 63.60, tmp_test_f1: 57.66, f1: 62.83
epoch: 800, val_loss:1.370013, acc: 65.20, bacc: 63.60, tmp_test_f1: 58.26, f1: 62.83
epoch: 801, val_loss:1.365688, acc: 65.20, bacc: 63.60, tmp_test_f1: 58.26, f1: 62.83
epoch: 802, val_loss:1.364004, acc: 65.20, bacc: 63.60, tmp_test_f1: 57.95, f1: 62.83
epoch: 803, val_loss:1.361313, acc: 65.20, bacc: 63.60, tmp_test_f1: 57.76, f1: 62.83
epoch: 804, val_loss:1.361668, acc: 65.20, bacc: 63.60, tmp_test_f1: 57.84, f1: 62.83
epoch: 805, val_loss:1.361413, acc: 65.20, bacc: 63.60, tmp_test_f1: 58.05, f1: 62.83
epoch: 806, val_loss:1.361317, acc: 65.20, bacc: 63.60, tmp_test_f1: 57.81, f1: 62.83
epoch: 807, val_loss:1.362718, acc: 65.20, bacc: 63.60, tmp_test_f1: 57.78, f1: 62.83
epoch: 808, val_loss:1.365442, acc: 65.20, bacc: 63.60, tmp_test_f1: 57.85, f1: 62.83
epoch: 809, val_loss:1.374859, acc: 65.20, bacc: 63.60, tmp_test_f1: 57.38, f1: 62.83
epoch: 810, val_loss:1.386328, acc: 65.20, bacc: 63.60, tmp_test_f1: 56.99, f1: 62.83
epoch: 811, val_loss:1.400128, acc: 65.20, bacc: 63.60, tmp_test_f1: 56.06, f1: 62.83
epoch: 812, val_loss:1.411419, acc: 65.20, bacc: 63.60, tmp_test_f1: 55.82, f1: 62.83
epoch: 813, val_loss:1.420084, acc: 65.20, bacc: 63.60, tmp_test_f1: 55.70, f1: 62.83
epoch: 814, val_loss:1.439439, acc: 65.20, bacc: 63.60, tmp_test_f1: 55.97, f1: 62.83
epoch: 815, val_loss:1.455734, acc: 65.20, bacc: 63.60, tmp_test_f1: 55.95, f1: 62.83
epoch: 816, val_loss:1.462798, acc: 65.20, bacc: 63.60, tmp_test_f1: 55.99, f1: 62.83
epoch: 817, val_loss:1.488260, acc: 65.20, bacc: 63.60, tmp_test_f1: 56.04, f1: 62.83
epoch: 818, val_loss:1.499601, acc: 65.20, bacc: 63.60, tmp_test_f1: 56.08, f1: 62.83
epoch: 819, val_loss:1.502528, acc: 65.20, bacc: 63.60, tmp_test_f1: 56.62, f1: 62.83
epoch: 820, val_loss:1.505208, acc: 65.20, bacc: 63.60, tmp_test_f1: 56.67, f1: 62.83
epoch: 821, val_loss:1.504436, acc: 65.20, bacc: 63.60, tmp_test_f1: 56.35, f1: 62.83
epoch: 822, val_loss:1.501934, acc: 65.20, bacc: 63.60, tmp_test_f1: 56.76, f1: 62.83
epoch: 823, val_loss:1.497775, acc: 65.20, bacc: 63.60, tmp_test_f1: 56.87, f1: 62.83
epoch: 824, val_loss:1.492647, acc: 65.20, bacc: 63.60, tmp_test_f1: 56.26, f1: 62.83
epoch: 825, val_loss:1.489536, acc: 65.20, bacc: 63.60, tmp_test_f1: 56.39, f1: 62.83
GAT dgl/coraTrue 100 Aug 21 EndEpoch 825 lr 0.1
SHAsplit  0, acc: 65.20, bacc: 63.60, f1: 62.83
