cuda is not available, using CPU.
Namespace(to_undirected=True, from_SHA=True, IsDirectedData=True, AugDirect=23, net='GAT', GPUdevice=1, seed=100, undirect_dataset='CiteSeer', Direct_dataset='dgl/cora', imb_ratio=100, dropout=0.1, num_filter=2, layer=2, alpha=0.1, K=2, feat_dim=64, warmup=5, epoch=1500, lr=0.1, l2=0.0005, tau=2, max=False, no_mask=False, gdc='ppr', heads=8, log_root='../logs/', log_path='test', data_path='../dataset/data/tmp/')
  NumNodes: 2708
  NumEdges: 5278
  NumFeats: 1433
  NumClasses: 7
  NumTrainingSamples: 140
  NumValidationSamples: 500
  NumTestSamples: 1000
Done loading data from cached files.
dict_keys(['feat', 'label', 'test_mask', 'val_mask', 'train_mask'])
Converted to undirected data
test_f1 CountNotImproved reset to 0 in epoch 0
epoch:   0, val_loss:1.946070, acc: 13.00, bacc: 14.29, tmp_test_f1: 3.29, f1: 3.29
epoch:   1, val_loss:2.262813, acc: 13.00, bacc: 14.29, tmp_test_f1: 3.29, f1: 3.29
test_f1 CountNotImproved reset to 0 in epoch 2
epoch:   2, val_loss:3.397478, acc: 27.40, bacc: 33.21, tmp_test_f1: 20.73, f1: 20.73
test_f1 CountNotImproved reset to 0 in epoch 3
epoch:   3, val_loss:3.193320, acc: 33.80, bacc: 39.36, tmp_test_f1: 22.53, f1: 22.53
test_f1 CountNotImproved reset to 0 in epoch 4
epoch:   4, val_loss:2.866247, acc: 34.10, bacc: 39.20, tmp_test_f1: 24.47, f1: 24.47
epoch:   5, val_loss:2.723571, acc: 34.10, bacc: 39.20, tmp_test_f1: 23.42, f1: 24.47
test_f1 CountNotImproved reset to 0 in epoch 6
epoch:   6, val_loss:2.779219, acc: 31.90, bacc: 36.36, tmp_test_f1: 25.11, f1: 25.11
test_f1 CountNotImproved reset to 0 in epoch 7
epoch:   7, val_loss:2.260095, acc: 41.50, bacc: 41.91, tmp_test_f1: 31.50, f1: 31.50
epoch:   8, val_loss:1.820356, acc: 41.50, bacc: 41.91, tmp_test_f1: 31.43, f1: 31.50
epoch:   9, val_loss:1.680223, acc: 41.50, bacc: 41.91, tmp_test_f1: 26.45, f1: 31.50
epoch:  10, val_loss:1.680545, acc: 41.50, bacc: 41.91, tmp_test_f1: 25.67, f1: 31.50
epoch:  11, val_loss:1.687096, acc: 41.50, bacc: 41.91, tmp_test_f1: 26.01, f1: 31.50
epoch:  12, val_loss:1.714590, acc: 41.50, bacc: 41.91, tmp_test_f1: 26.72, f1: 31.50
epoch:  13, val_loss:1.769497, acc: 41.50, bacc: 41.91, tmp_test_f1: 26.91, f1: 31.50
epoch:  14, val_loss:1.808746, acc: 41.50, bacc: 41.91, tmp_test_f1: 27.67, f1: 31.50
test_f1 CountNotImproved reset to 0 in epoch 15
epoch:  15, val_loss:1.730575, acc: 37.70, bacc: 39.10, tmp_test_f1: 31.76, f1: 31.76
test_f1 CountNotImproved reset to 0 in epoch 16
epoch:  16, val_loss:1.564848, acc: 48.70, bacc: 44.27, tmp_test_f1: 37.36, f1: 37.36
test_f1 CountNotImproved reset to 0 in epoch 17
epoch:  17, val_loss:1.357350, acc: 55.30, bacc: 46.77, tmp_test_f1: 39.69, f1: 39.69
test_f1 CountNotImproved reset to 0 in epoch 18
epoch:  18, val_loss:1.260432, acc: 55.30, bacc: 46.77, tmp_test_f1: 40.16, f1: 40.16
test_f1 CountNotImproved reset to 0 in epoch 19
epoch:  19, val_loss:1.239483, acc: 52.70, bacc: 46.45, tmp_test_f1: 40.92, f1: 40.92
test_f1 CountNotImproved reset to 0 in epoch 20
epoch:  20, val_loss:1.259833, acc: 49.20, bacc: 46.57, tmp_test_f1: 42.45, f1: 42.45
test_f1 CountNotImproved reset to 0 in epoch 21
epoch:  21, val_loss:1.340254, acc: 50.60, bacc: 48.00, tmp_test_f1: 44.56, f1: 44.56
test_f1 CountNotImproved reset to 0 in epoch 22
epoch:  22, val_loss:1.327252, acc: 55.30, bacc: 53.35, tmp_test_f1: 50.83, f1: 50.83
test_f1 CountNotImproved reset to 0 in epoch 23
epoch:  23, val_loss:1.280218, acc: 64.10, bacc: 62.68, tmp_test_f1: 61.38, f1: 61.38
epoch:  24, val_loss:1.195804, acc: 64.10, bacc: 62.68, tmp_test_f1: 60.21, f1: 61.38
epoch:  25, val_loss:1.159114, acc: 64.10, bacc: 62.68, tmp_test_f1: 58.95, f1: 61.38
epoch:  26, val_loss:1.152789, acc: 64.10, bacc: 62.68, tmp_test_f1: 50.59, f1: 61.38
epoch:  27, val_loss:1.219601, acc: 64.10, bacc: 62.68, tmp_test_f1: 45.38, f1: 61.38
epoch:  28, val_loss:1.295257, acc: 64.10, bacc: 62.68, tmp_test_f1: 49.30, f1: 61.38
epoch:  29, val_loss:1.281786, acc: 64.10, bacc: 62.68, tmp_test_f1: 53.53, f1: 61.38
epoch:  30, val_loss:1.258645, acc: 64.10, bacc: 62.68, tmp_test_f1: 54.71, f1: 61.38
epoch:  31, val_loss:1.275836, acc: 64.10, bacc: 62.68, tmp_test_f1: 55.26, f1: 61.38
epoch:  32, val_loss:1.278245, acc: 64.10, bacc: 62.68, tmp_test_f1: 55.32, f1: 61.38
epoch:  33, val_loss:1.264976, acc: 64.10, bacc: 62.68, tmp_test_f1: 53.75, f1: 61.38
epoch:  34, val_loss:1.232565, acc: 64.10, bacc: 62.68, tmp_test_f1: 51.33, f1: 61.38
epoch:  35, val_loss:1.263002, acc: 64.10, bacc: 62.68, tmp_test_f1: 51.90, f1: 61.38
epoch:  36, val_loss:1.283236, acc: 64.10, bacc: 62.68, tmp_test_f1: 54.61, f1: 61.38
epoch:  37, val_loss:1.294699, acc: 64.10, bacc: 62.68, tmp_test_f1: 56.60, f1: 61.38
epoch:  38, val_loss:1.307234, acc: 64.10, bacc: 62.68, tmp_test_f1: 54.12, f1: 61.38
epoch:  39, val_loss:1.335195, acc: 64.10, bacc: 62.68, tmp_test_f1: 57.83, f1: 61.38
epoch:  40, val_loss:1.248293, acc: 64.10, bacc: 62.68, tmp_test_f1: 57.19, f1: 61.38
epoch:  41, val_loss:1.288723, acc: 64.10, bacc: 62.68, tmp_test_f1: 49.45, f1: 61.38
epoch:  42, val_loss:1.410730, acc: 64.10, bacc: 62.68, tmp_test_f1: 48.73, f1: 61.38
epoch:  43, val_loss:1.462951, acc: 64.10, bacc: 62.68, tmp_test_f1: 54.47, f1: 61.38
test_f1 CountNotImproved reset to 0 in epoch 44
epoch:  44, val_loss:1.337635, acc: 66.80, bacc: 63.86, tmp_test_f1: 62.38, f1: 62.38
epoch:  45, val_loss:1.232274, acc: 66.80, bacc: 63.86, tmp_test_f1: 61.33, f1: 62.38
epoch:  46, val_loss:1.205876, acc: 66.80, bacc: 63.86, tmp_test_f1: 56.38, f1: 62.38
epoch:  47, val_loss:1.234548, acc: 66.80, bacc: 63.86, tmp_test_f1: 52.35, f1: 62.38
epoch:  48, val_loss:1.319554, acc: 66.80, bacc: 63.86, tmp_test_f1: 50.61, f1: 62.38
epoch:  49, val_loss:1.424080, acc: 66.80, bacc: 63.86, tmp_test_f1: 45.48, f1: 62.38
epoch:  50, val_loss:1.643745, acc: 66.80, bacc: 63.86, tmp_test_f1: 47.66, f1: 62.38
epoch:  51, val_loss:1.732451, acc: 66.80, bacc: 63.86, tmp_test_f1: 47.08, f1: 62.38
epoch:  52, val_loss:1.789499, acc: 66.80, bacc: 63.86, tmp_test_f1: 44.26, f1: 62.38
epoch:  53, val_loss:1.978200, acc: 66.80, bacc: 63.86, tmp_test_f1: 47.69, f1: 62.38
epoch:  54, val_loss:1.844673, acc: 66.80, bacc: 63.86, tmp_test_f1: 49.29, f1: 62.38
epoch:  55, val_loss:1.695291, acc: 66.80, bacc: 63.86, tmp_test_f1: 50.00, f1: 62.38
epoch:  56, val_loss:1.632689, acc: 66.80, bacc: 63.86, tmp_test_f1: 47.95, f1: 62.38
epoch:  57, val_loss:1.575958, acc: 66.80, bacc: 63.86, tmp_test_f1: 46.32, f1: 62.38
epoch:  58, val_loss:1.575192, acc: 66.80, bacc: 63.86, tmp_test_f1: 47.31, f1: 62.38
epoch:  59, val_loss:1.574968, acc: 66.80, bacc: 63.86, tmp_test_f1: 50.76, f1: 62.38
epoch:  60, val_loss:1.487699, acc: 66.80, bacc: 63.86, tmp_test_f1: 51.98, f1: 62.38
epoch:  61, val_loss:1.437862, acc: 66.80, bacc: 63.86, tmp_test_f1: 55.29, f1: 62.38
epoch:  62, val_loss:1.377757, acc: 66.80, bacc: 63.86, tmp_test_f1: 54.87, f1: 62.38
epoch:  63, val_loss:1.402321, acc: 66.80, bacc: 63.86, tmp_test_f1: 50.64, f1: 62.38
epoch:  64, val_loss:1.573601, acc: 66.80, bacc: 63.86, tmp_test_f1: 42.40, f1: 62.38
epoch:  65, val_loss:1.795773, acc: 66.80, bacc: 63.86, tmp_test_f1: 38.13, f1: 62.38
epoch:  66, val_loss:1.998832, acc: 66.80, bacc: 63.86, tmp_test_f1: 39.71, f1: 62.38
epoch:  67, val_loss:2.004570, acc: 66.80, bacc: 63.86, tmp_test_f1: 42.48, f1: 62.38
epoch:  68, val_loss:1.884103, acc: 66.80, bacc: 63.86, tmp_test_f1: 47.02, f1: 62.38
epoch:  69, val_loss:1.803473, acc: 66.80, bacc: 63.86, tmp_test_f1: 50.20, f1: 62.38
epoch:  70, val_loss:1.702377, acc: 66.80, bacc: 63.86, tmp_test_f1: 55.37, f1: 62.38
epoch:  71, val_loss:1.620030, acc: 66.80, bacc: 63.86, tmp_test_f1: 54.35, f1: 62.38
epoch:  72, val_loss:1.610760, acc: 66.80, bacc: 63.86, tmp_test_f1: 49.83, f1: 62.38
epoch:  73, val_loss:1.660729, acc: 66.80, bacc: 63.86, tmp_test_f1: 45.54, f1: 62.38
epoch:  74, val_loss:1.775707, acc: 66.80, bacc: 63.86, tmp_test_f1: 42.51, f1: 62.38
epoch:  75, val_loss:1.855572, acc: 66.80, bacc: 63.86, tmp_test_f1: 41.45, f1: 62.38
epoch:  76, val_loss:1.950592, acc: 66.80, bacc: 63.86, tmp_test_f1: 41.75, f1: 62.38
epoch:  77, val_loss:1.970931, acc: 66.80, bacc: 63.86, tmp_test_f1: 45.77, f1: 62.38
epoch:  78, val_loss:1.781014, acc: 66.80, bacc: 63.86, tmp_test_f1: 53.21, f1: 62.38
epoch:  79, val_loss:1.666980, acc: 66.80, bacc: 63.86, tmp_test_f1: 55.65, f1: 62.38
epoch:  80, val_loss:1.627588, acc: 66.80, bacc: 63.86, tmp_test_f1: 53.98, f1: 62.38
epoch:  81, val_loss:1.617469, acc: 66.80, bacc: 63.86, tmp_test_f1: 49.06, f1: 62.38
epoch:  82, val_loss:1.660210, acc: 66.80, bacc: 63.86, tmp_test_f1: 46.74, f1: 62.38
epoch:  83, val_loss:1.736846, acc: 66.80, bacc: 63.86, tmp_test_f1: 48.29, f1: 62.38
epoch:  84, val_loss:1.692062, acc: 66.80, bacc: 63.86, tmp_test_f1: 49.65, f1: 62.38
epoch:  85, val_loss:1.625726, acc: 66.80, bacc: 63.86, tmp_test_f1: 50.76, f1: 62.38
epoch:  86, val_loss:1.610602, acc: 66.80, bacc: 63.86, tmp_test_f1: 52.07, f1: 62.38
epoch:  87, val_loss:1.564155, acc: 66.80, bacc: 63.86, tmp_test_f1: 52.33, f1: 62.38
epoch:  88, val_loss:1.499508, acc: 66.80, bacc: 63.86, tmp_test_f1: 49.75, f1: 62.38
epoch:  89, val_loss:1.456632, acc: 66.80, bacc: 63.86, tmp_test_f1: 48.51, f1: 62.38
epoch:  90, val_loss:1.557117, acc: 66.80, bacc: 63.86, tmp_test_f1: 48.19, f1: 62.38
epoch:  91, val_loss:1.718935, acc: 66.80, bacc: 63.86, tmp_test_f1: 50.88, f1: 62.38
epoch:  92, val_loss:1.703899, acc: 66.80, bacc: 63.86, tmp_test_f1: 53.06, f1: 62.38
epoch:  93, val_loss:1.620361, acc: 66.80, bacc: 63.86, tmp_test_f1: 57.30, f1: 62.38
epoch:  94, val_loss:1.507616, acc: 66.80, bacc: 63.86, tmp_test_f1: 61.80, f1: 62.38
epoch:  95, val_loss:1.402479, acc: 66.80, bacc: 63.86, tmp_test_f1: 58.83, f1: 62.38
epoch:  96, val_loss:1.382878, acc: 66.80, bacc: 63.86, tmp_test_f1: 56.31, f1: 62.38
epoch:  97, val_loss:1.486885, acc: 66.80, bacc: 63.86, tmp_test_f1: 50.37, f1: 62.38
epoch:  98, val_loss:1.666833, acc: 66.80, bacc: 63.86, tmp_test_f1: 45.23, f1: 62.38
epoch:  99, val_loss:1.797587, acc: 66.80, bacc: 63.86, tmp_test_f1: 44.74, f1: 62.38
epoch: 100, val_loss:1.784742, acc: 66.80, bacc: 63.86, tmp_test_f1: 44.43, f1: 62.38
epoch: 101, val_loss:1.773372, acc: 66.80, bacc: 63.86, tmp_test_f1: 47.60, f1: 62.38
epoch: 102, val_loss:1.692743, acc: 66.80, bacc: 63.86, tmp_test_f1: 48.44, f1: 62.38
epoch: 103, val_loss:1.674635, acc: 66.80, bacc: 63.86, tmp_test_f1: 49.32, f1: 62.38
epoch: 104, val_loss:1.625225, acc: 66.80, bacc: 63.86, tmp_test_f1: 51.21, f1: 62.38
epoch: 105, val_loss:1.547367, acc: 66.80, bacc: 63.86, tmp_test_f1: 47.84, f1: 62.38
epoch: 106, val_loss:1.568630, acc: 66.80, bacc: 63.86, tmp_test_f1: 47.24, f1: 62.38
epoch: 107, val_loss:1.591411, acc: 66.80, bacc: 63.86, tmp_test_f1: 49.42, f1: 62.38
epoch: 108, val_loss:1.553999, acc: 66.80, bacc: 63.86, tmp_test_f1: 51.32, f1: 62.38
epoch: 109, val_loss:1.537801, acc: 66.80, bacc: 63.86, tmp_test_f1: 50.64, f1: 62.38
epoch: 110, val_loss:1.592609, acc: 66.80, bacc: 63.86, tmp_test_f1: 48.69, f1: 62.38
epoch: 111, val_loss:1.682316, acc: 66.80, bacc: 63.86, tmp_test_f1: 48.31, f1: 62.38
epoch: 112, val_loss:1.714960, acc: 66.80, bacc: 63.86, tmp_test_f1: 50.91, f1: 62.38
epoch: 113, val_loss:1.676311, acc: 66.80, bacc: 63.86, tmp_test_f1: 52.80, f1: 62.38
epoch: 114, val_loss:1.622930, acc: 66.80, bacc: 63.86, tmp_test_f1: 53.29, f1: 62.38
epoch: 115, val_loss:1.584900, acc: 66.80, bacc: 63.86, tmp_test_f1: 54.13, f1: 62.38
epoch: 116, val_loss:1.562000, acc: 66.80, bacc: 63.86, tmp_test_f1: 53.35, f1: 62.38
epoch: 117, val_loss:1.554254, acc: 66.80, bacc: 63.86, tmp_test_f1: 50.90, f1: 62.38
epoch: 118, val_loss:1.598532, acc: 66.80, bacc: 63.86, tmp_test_f1: 47.06, f1: 62.38
epoch: 119, val_loss:1.735555, acc: 66.80, bacc: 63.86, tmp_test_f1: 44.01, f1: 62.38
epoch: 120, val_loss:1.869983, acc: 66.80, bacc: 63.86, tmp_test_f1: 46.83, f1: 62.38
epoch: 121, val_loss:1.761921, acc: 66.80, bacc: 63.86, tmp_test_f1: 48.69, f1: 62.38
epoch: 122, val_loss:1.674274, acc: 66.80, bacc: 63.86, tmp_test_f1: 52.21, f1: 62.38
epoch: 123, val_loss:1.671872, acc: 66.80, bacc: 63.86, tmp_test_f1: 51.65, f1: 62.38
epoch: 124, val_loss:1.717090, acc: 66.80, bacc: 63.86, tmp_test_f1: 46.86, f1: 62.38
epoch: 125, val_loss:1.782985, acc: 66.80, bacc: 63.86, tmp_test_f1: 41.64, f1: 62.38
epoch: 126, val_loss:1.921518, acc: 66.80, bacc: 63.86, tmp_test_f1: 43.45, f1: 62.38
epoch: 127, val_loss:1.861331, acc: 66.80, bacc: 63.86, tmp_test_f1: 46.76, f1: 62.38
epoch: 128, val_loss:1.717286, acc: 66.80, bacc: 63.86, tmp_test_f1: 52.02, f1: 62.38
epoch: 129, val_loss:1.602931, acc: 66.80, bacc: 63.86, tmp_test_f1: 55.19, f1: 62.38
epoch: 130, val_loss:1.568972, acc: 66.80, bacc: 63.86, tmp_test_f1: 55.03, f1: 62.38
epoch: 131, val_loss:1.564090, acc: 66.80, bacc: 63.86, tmp_test_f1: 54.48, f1: 62.38
epoch: 132, val_loss:1.552940, acc: 66.80, bacc: 63.86, tmp_test_f1: 52.39, f1: 62.38
epoch: 133, val_loss:1.584439, acc: 66.80, bacc: 63.86, tmp_test_f1: 49.28, f1: 62.38
epoch: 134, val_loss:1.623946, acc: 66.80, bacc: 63.86, tmp_test_f1: 47.50, f1: 62.38
epoch: 135, val_loss:1.674864, acc: 66.80, bacc: 63.86, tmp_test_f1: 44.34, f1: 62.38
epoch: 136, val_loss:1.739722, acc: 66.80, bacc: 63.86, tmp_test_f1: 44.79, f1: 62.38
epoch: 137, val_loss:1.695592, acc: 66.80, bacc: 63.86, tmp_test_f1: 47.63, f1: 62.38
epoch: 138, val_loss:1.600323, acc: 66.80, bacc: 63.86, tmp_test_f1: 50.23, f1: 62.38
epoch: 139, val_loss:1.535989, acc: 66.80, bacc: 63.86, tmp_test_f1: 53.19, f1: 62.38
epoch: 140, val_loss:1.493230, acc: 66.80, bacc: 63.86, tmp_test_f1: 52.98, f1: 62.38
epoch: 141, val_loss:1.504991, acc: 66.80, bacc: 63.86, tmp_test_f1: 50.64, f1: 62.38
epoch: 142, val_loss:1.558693, acc: 66.80, bacc: 63.86, tmp_test_f1: 48.49, f1: 62.38
epoch: 143, val_loss:1.597547, acc: 66.80, bacc: 63.86, tmp_test_f1: 47.40, f1: 62.38
epoch: 144, val_loss:1.601568, acc: 66.80, bacc: 63.86, tmp_test_f1: 47.34, f1: 62.38
epoch: 145, val_loss:1.616164, acc: 66.80, bacc: 63.86, tmp_test_f1: 47.83, f1: 62.38
epoch: 146, val_loss:1.604783, acc: 66.80, bacc: 63.86, tmp_test_f1: 49.90, f1: 62.38
epoch: 147, val_loss:1.547073, acc: 66.80, bacc: 63.86, tmp_test_f1: 50.11, f1: 62.38
epoch: 148, val_loss:1.543453, acc: 66.80, bacc: 63.86, tmp_test_f1: 51.37, f1: 62.38
epoch: 149, val_loss:1.534001, acc: 66.80, bacc: 63.86, tmp_test_f1: 50.36, f1: 62.38
epoch: 150, val_loss:1.545912, acc: 66.80, bacc: 63.86, tmp_test_f1: 51.33, f1: 62.38
epoch: 151, val_loss:1.554783, acc: 66.80, bacc: 63.86, tmp_test_f1: 52.33, f1: 62.38
epoch: 152, val_loss:1.576629, acc: 66.80, bacc: 63.86, tmp_test_f1: 51.17, f1: 62.38
epoch: 153, val_loss:1.638119, acc: 66.80, bacc: 63.86, tmp_test_f1: 48.00, f1: 62.38
epoch: 154, val_loss:1.711888, acc: 66.80, bacc: 63.86, tmp_test_f1: 44.03, f1: 62.38
epoch: 155, val_loss:1.762922, acc: 66.80, bacc: 63.86, tmp_test_f1: 45.06, f1: 62.38
epoch: 156, val_loss:1.691277, acc: 66.80, bacc: 63.86, tmp_test_f1: 47.78, f1: 62.38
epoch: 157, val_loss:1.594057, acc: 66.80, bacc: 63.86, tmp_test_f1: 51.47, f1: 62.38
epoch: 158, val_loss:1.492334, acc: 66.80, bacc: 63.86, tmp_test_f1: 50.22, f1: 62.38
epoch: 159, val_loss:1.511677, acc: 66.80, bacc: 63.86, tmp_test_f1: 45.59, f1: 62.38
epoch: 160, val_loss:1.571101, acc: 66.80, bacc: 63.86, tmp_test_f1: 48.38, f1: 62.38
epoch: 161, val_loss:1.498524, acc: 66.80, bacc: 63.86, tmp_test_f1: 54.33, f1: 62.38
epoch: 162, val_loss:1.368588, acc: 66.80, bacc: 63.86, tmp_test_f1: 52.27, f1: 62.38
epoch: 163, val_loss:1.496417, acc: 66.80, bacc: 63.86, tmp_test_f1: 48.86, f1: 62.38
epoch: 164, val_loss:1.712610, acc: 66.80, bacc: 63.86, tmp_test_f1: 49.01, f1: 62.38
epoch: 165, val_loss:1.807656, acc: 66.80, bacc: 63.86, tmp_test_f1: 49.80, f1: 62.38
epoch: 166, val_loss:1.801708, acc: 66.80, bacc: 63.86, tmp_test_f1: 53.47, f1: 62.38
epoch: 167, val_loss:1.692619, acc: 66.80, bacc: 63.86, tmp_test_f1: 54.79, f1: 62.38
epoch: 168, val_loss:1.599654, acc: 66.80, bacc: 63.86, tmp_test_f1: 53.29, f1: 62.38
epoch: 169, val_loss:1.530193, acc: 66.80, bacc: 63.86, tmp_test_f1: 48.21, f1: 62.38
epoch: 170, val_loss:1.610399, acc: 66.80, bacc: 63.86, tmp_test_f1: 43.19, f1: 62.38
epoch: 171, val_loss:1.712134, acc: 66.80, bacc: 63.86, tmp_test_f1: 39.78, f1: 62.38
epoch: 172, val_loss:1.769258, acc: 66.80, bacc: 63.86, tmp_test_f1: 38.06, f1: 62.38
epoch: 173, val_loss:1.813080, acc: 66.80, bacc: 63.86, tmp_test_f1: 36.35, f1: 62.38
epoch: 174, val_loss:1.896003, acc: 66.80, bacc: 63.86, tmp_test_f1: 36.15, f1: 62.38
epoch: 175, val_loss:1.949127, acc: 66.80, bacc: 63.86, tmp_test_f1: 39.48, f1: 62.38
epoch: 176, val_loss:1.947489, acc: 66.80, bacc: 63.86, tmp_test_f1: 42.00, f1: 62.38
epoch: 177, val_loss:1.958728, acc: 66.80, bacc: 63.86, tmp_test_f1: 42.56, f1: 62.38
epoch: 178, val_loss:1.961652, acc: 66.80, bacc: 63.86, tmp_test_f1: 41.65, f1: 62.38
epoch: 179, val_loss:1.941285, acc: 66.80, bacc: 63.86, tmp_test_f1: 38.95, f1: 62.38
epoch: 180, val_loss:2.007740, acc: 66.80, bacc: 63.86, tmp_test_f1: 39.05, f1: 62.38
epoch: 181, val_loss:1.948255, acc: 66.80, bacc: 63.86, tmp_test_f1: 41.32, f1: 62.38
epoch: 182, val_loss:1.823420, acc: 66.80, bacc: 63.86, tmp_test_f1: 44.67, f1: 62.38
epoch: 183, val_loss:1.733016, acc: 66.80, bacc: 63.86, tmp_test_f1: 48.31, f1: 62.38
epoch: 184, val_loss:1.652326, acc: 66.80, bacc: 63.86, tmp_test_f1: 49.75, f1: 62.38
epoch: 185, val_loss:1.628737, acc: 66.80, bacc: 63.86, tmp_test_f1: 50.29, f1: 62.38
epoch: 186, val_loss:1.629099, acc: 66.80, bacc: 63.86, tmp_test_f1: 52.40, f1: 62.38
epoch: 187, val_loss:1.583807, acc: 66.80, bacc: 63.86, tmp_test_f1: 53.94, f1: 62.38
epoch: 188, val_loss:1.553297, acc: 66.80, bacc: 63.86, tmp_test_f1: 52.04, f1: 62.38
epoch: 189, val_loss:1.564997, acc: 66.80, bacc: 63.86, tmp_test_f1: 46.47, f1: 62.38
epoch: 190, val_loss:1.632942, acc: 66.80, bacc: 63.86, tmp_test_f1: 43.86, f1: 62.38
epoch: 191, val_loss:1.707020, acc: 66.80, bacc: 63.86, tmp_test_f1: 45.06, f1: 62.38
epoch: 192, val_loss:1.671878, acc: 66.80, bacc: 63.86, tmp_test_f1: 45.78, f1: 62.38
epoch: 193, val_loss:1.668012, acc: 66.80, bacc: 63.86, tmp_test_f1: 47.41, f1: 62.38
epoch: 194, val_loss:1.718630, acc: 66.80, bacc: 63.86, tmp_test_f1: 47.81, f1: 62.38
epoch: 195, val_loss:1.722738, acc: 66.80, bacc: 63.86, tmp_test_f1: 51.60, f1: 62.38
epoch: 196, val_loss:1.705346, acc: 66.80, bacc: 63.86, tmp_test_f1: 51.76, f1: 62.38
epoch: 197, val_loss:1.700634, acc: 66.80, bacc: 63.86, tmp_test_f1: 48.20, f1: 62.38
epoch: 198, val_loss:1.730894, acc: 66.80, bacc: 63.86, tmp_test_f1: 46.31, f1: 62.38
epoch: 199, val_loss:1.757761, acc: 66.80, bacc: 63.86, tmp_test_f1: 43.89, f1: 62.38
epoch: 200, val_loss:1.796743, acc: 66.80, bacc: 63.86, tmp_test_f1: 47.15, f1: 62.38
epoch: 201, val_loss:1.711094, acc: 66.80, bacc: 63.86, tmp_test_f1: 50.02, f1: 62.38
epoch: 202, val_loss:1.632412, acc: 66.80, bacc: 63.86, tmp_test_f1: 50.51, f1: 62.38
epoch: 203, val_loss:1.618340, acc: 66.80, bacc: 63.86, tmp_test_f1: 49.17, f1: 62.38
epoch: 204, val_loss:1.675237, acc: 66.80, bacc: 63.86, tmp_test_f1: 48.86, f1: 62.38
epoch: 205, val_loss:1.740447, acc: 66.80, bacc: 63.86, tmp_test_f1: 49.47, f1: 62.38
epoch: 206, val_loss:1.719488, acc: 66.80, bacc: 63.86, tmp_test_f1: 52.66, f1: 62.38
epoch: 207, val_loss:1.600488, acc: 66.80, bacc: 63.86, tmp_test_f1: 55.02, f1: 62.38
epoch: 208, val_loss:1.510227, acc: 66.80, bacc: 63.86, tmp_test_f1: 56.59, f1: 62.38
epoch: 209, val_loss:1.460878, acc: 66.80, bacc: 63.86, tmp_test_f1: 56.90, f1: 62.38
epoch: 210, val_loss:1.460794, acc: 66.80, bacc: 63.86, tmp_test_f1: 54.83, f1: 62.38
epoch: 211, val_loss:1.501471, acc: 66.80, bacc: 63.86, tmp_test_f1: 51.64, f1: 62.38
epoch: 212, val_loss:1.576261, acc: 66.80, bacc: 63.86, tmp_test_f1: 47.70, f1: 62.38
epoch: 213, val_loss:1.672823, acc: 66.80, bacc: 63.86, tmp_test_f1: 45.16, f1: 62.38
epoch: 214, val_loss:1.786161, acc: 66.80, bacc: 63.86, tmp_test_f1: 42.62, f1: 62.38
epoch: 215, val_loss:1.898430, acc: 66.80, bacc: 63.86, tmp_test_f1: 41.07, f1: 62.38
epoch: 216, val_loss:1.948620, acc: 66.80, bacc: 63.86, tmp_test_f1: 42.65, f1: 62.38
epoch: 217, val_loss:1.890920, acc: 66.80, bacc: 63.86, tmp_test_f1: 44.75, f1: 62.38
epoch: 218, val_loss:1.731215, acc: 66.80, bacc: 63.86, tmp_test_f1: 47.12, f1: 62.38
epoch: 219, val_loss:1.660564, acc: 66.80, bacc: 63.86, tmp_test_f1: 45.72, f1: 62.38
epoch: 220, val_loss:1.682283, acc: 66.80, bacc: 63.86, tmp_test_f1: 44.79, f1: 62.38
epoch: 221, val_loss:1.678035, acc: 66.80, bacc: 63.86, tmp_test_f1: 44.48, f1: 62.38
epoch: 222, val_loss:1.689186, acc: 66.80, bacc: 63.86, tmp_test_f1: 46.42, f1: 62.38
epoch: 223, val_loss:1.677698, acc: 66.80, bacc: 63.86, tmp_test_f1: 47.67, f1: 62.38
epoch: 224, val_loss:1.727357, acc: 66.80, bacc: 63.86, tmp_test_f1: 51.04, f1: 62.38
epoch: 225, val_loss:1.814008, acc: 66.80, bacc: 63.86, tmp_test_f1: 47.65, f1: 62.38
epoch: 226, val_loss:1.942577, acc: 66.80, bacc: 63.86, tmp_test_f1: 45.89, f1: 62.38
Epoch 00227: reducing learning rate of group 0 to 5.0000e-02.
Epoch 00227: reducing learning rate of group 1 to 5.0000e-02.
epoch: 227, val_loss:1.994373, acc: 66.80, bacc: 63.86, tmp_test_f1: 41.61, f1: 62.38
epoch: 228, val_loss:2.054175, acc: 66.80, bacc: 63.86, tmp_test_f1: 40.16, f1: 62.38
epoch: 229, val_loss:2.090683, acc: 66.80, bacc: 63.86, tmp_test_f1: 41.45, f1: 62.38
epoch: 230, val_loss:1.961157, acc: 66.80, bacc: 63.86, tmp_test_f1: 43.08, f1: 62.38
epoch: 231, val_loss:1.890401, acc: 66.80, bacc: 63.86, tmp_test_f1: 44.72, f1: 62.38
epoch: 232, val_loss:1.806351, acc: 66.80, bacc: 63.86, tmp_test_f1: 46.24, f1: 62.38
epoch: 233, val_loss:1.707377, acc: 66.80, bacc: 63.86, tmp_test_f1: 46.26, f1: 62.38
epoch: 234, val_loss:1.637430, acc: 66.80, bacc: 63.86, tmp_test_f1: 46.49, f1: 62.38
epoch: 235, val_loss:1.601249, acc: 66.80, bacc: 63.86, tmp_test_f1: 48.61, f1: 62.38
epoch: 236, val_loss:1.579071, acc: 66.80, bacc: 63.86, tmp_test_f1: 49.12, f1: 62.38
epoch: 237, val_loss:1.587621, acc: 66.80, bacc: 63.86, tmp_test_f1: 49.59, f1: 62.38
epoch: 238, val_loss:1.607306, acc: 66.80, bacc: 63.86, tmp_test_f1: 49.70, f1: 62.38
epoch: 239, val_loss:1.628624, acc: 66.80, bacc: 63.86, tmp_test_f1: 49.88, f1: 62.38
epoch: 240, val_loss:1.615585, acc: 66.80, bacc: 63.86, tmp_test_f1: 50.20, f1: 62.38
epoch: 241, val_loss:1.555275, acc: 66.80, bacc: 63.86, tmp_test_f1: 51.39, f1: 62.38
epoch: 242, val_loss:1.512930, acc: 66.80, bacc: 63.86, tmp_test_f1: 53.91, f1: 62.38
epoch: 243, val_loss:1.494790, acc: 66.80, bacc: 63.86, tmp_test_f1: 54.03, f1: 62.38
epoch: 244, val_loss:1.481281, acc: 66.80, bacc: 63.86, tmp_test_f1: 53.61, f1: 62.38
epoch: 245, val_loss:1.469929, acc: 66.80, bacc: 63.86, tmp_test_f1: 53.98, f1: 62.38
epoch: 246, val_loss:1.465274, acc: 66.80, bacc: 63.86, tmp_test_f1: 54.98, f1: 62.38
epoch: 247, val_loss:1.468330, acc: 66.80, bacc: 63.86, tmp_test_f1: 54.49, f1: 62.38
epoch: 248, val_loss:1.496621, acc: 66.80, bacc: 63.86, tmp_test_f1: 52.79, f1: 62.38
epoch: 249, val_loss:1.554795, acc: 66.80, bacc: 63.86, tmp_test_f1: 49.00, f1: 62.38
epoch: 250, val_loss:1.641265, acc: 66.80, bacc: 63.86, tmp_test_f1: 46.61, f1: 62.38
epoch: 251, val_loss:1.721436, acc: 66.80, bacc: 63.86, tmp_test_f1: 45.54, f1: 62.38
epoch: 252, val_loss:1.738934, acc: 66.80, bacc: 63.86, tmp_test_f1: 45.18, f1: 62.38
epoch: 253, val_loss:1.750794, acc: 66.80, bacc: 63.86, tmp_test_f1: 47.10, f1: 62.38
epoch: 254, val_loss:1.687759, acc: 66.80, bacc: 63.86, tmp_test_f1: 50.38, f1: 62.38
epoch: 255, val_loss:1.633007, acc: 66.80, bacc: 63.86, tmp_test_f1: 53.94, f1: 62.38
epoch: 256, val_loss:1.593261, acc: 66.80, bacc: 63.86, tmp_test_f1: 57.70, f1: 62.38
epoch: 257, val_loss:1.567641, acc: 66.80, bacc: 63.86, tmp_test_f1: 59.25, f1: 62.38
epoch: 258, val_loss:1.551953, acc: 66.80, bacc: 63.86, tmp_test_f1: 58.89, f1: 62.38
epoch: 259, val_loss:1.523729, acc: 66.80, bacc: 63.86, tmp_test_f1: 58.31, f1: 62.38
epoch: 260, val_loss:1.498987, acc: 66.80, bacc: 63.86, tmp_test_f1: 54.94, f1: 62.38
epoch: 261, val_loss:1.509285, acc: 66.80, bacc: 63.86, tmp_test_f1: 51.07, f1: 62.38
epoch: 262, val_loss:1.552064, acc: 66.80, bacc: 63.86, tmp_test_f1: 48.36, f1: 62.38
epoch: 263, val_loss:1.595813, acc: 66.80, bacc: 63.86, tmp_test_f1: 45.89, f1: 62.38
epoch: 264, val_loss:1.637135, acc: 66.80, bacc: 63.86, tmp_test_f1: 45.64, f1: 62.38
epoch: 265, val_loss:1.633333, acc: 66.80, bacc: 63.86, tmp_test_f1: 47.03, f1: 62.38
epoch: 266, val_loss:1.595616, acc: 66.80, bacc: 63.86, tmp_test_f1: 48.02, f1: 62.38
epoch: 267, val_loss:1.579574, acc: 66.80, bacc: 63.86, tmp_test_f1: 49.30, f1: 62.38
epoch: 268, val_loss:1.562120, acc: 66.80, bacc: 63.86, tmp_test_f1: 50.18, f1: 62.38
epoch: 269, val_loss:1.553673, acc: 66.80, bacc: 63.86, tmp_test_f1: 52.83, f1: 62.38
epoch: 270, val_loss:1.544743, acc: 66.80, bacc: 63.86, tmp_test_f1: 52.55, f1: 62.38
epoch: 271, val_loss:1.551910, acc: 66.80, bacc: 63.86, tmp_test_f1: 54.04, f1: 62.38
epoch: 272, val_loss:1.557707, acc: 66.80, bacc: 63.86, tmp_test_f1: 53.57, f1: 62.38
epoch: 273, val_loss:1.550467, acc: 66.80, bacc: 63.86, tmp_test_f1: 53.73, f1: 62.38
epoch: 274, val_loss:1.552964, acc: 66.80, bacc: 63.86, tmp_test_f1: 54.31, f1: 62.38
epoch: 275, val_loss:1.547520, acc: 66.80, bacc: 63.86, tmp_test_f1: 53.98, f1: 62.38
epoch: 276, val_loss:1.538774, acc: 66.80, bacc: 63.86, tmp_test_f1: 52.46, f1: 62.38
epoch: 277, val_loss:1.520876, acc: 66.80, bacc: 63.86, tmp_test_f1: 52.88, f1: 62.38
epoch: 278, val_loss:1.515967, acc: 66.80, bacc: 63.86, tmp_test_f1: 52.54, f1: 62.38
epoch: 279, val_loss:1.510723, acc: 66.80, bacc: 63.86, tmp_test_f1: 52.80, f1: 62.38
epoch: 280, val_loss:1.516560, acc: 66.80, bacc: 63.86, tmp_test_f1: 52.41, f1: 62.38
epoch: 281, val_loss:1.535784, acc: 66.80, bacc: 63.86, tmp_test_f1: 51.78, f1: 62.38
epoch: 282, val_loss:1.539631, acc: 66.80, bacc: 63.86, tmp_test_f1: 50.53, f1: 62.38
epoch: 283, val_loss:1.558175, acc: 66.80, bacc: 63.86, tmp_test_f1: 49.31, f1: 62.38
epoch: 284, val_loss:1.590078, acc: 66.80, bacc: 63.86, tmp_test_f1: 47.71, f1: 62.38
epoch: 285, val_loss:1.615492, acc: 66.80, bacc: 63.86, tmp_test_f1: 46.28, f1: 62.38
epoch: 286, val_loss:1.663048, acc: 66.80, bacc: 63.86, tmp_test_f1: 48.39, f1: 62.38
epoch: 287, val_loss:1.613572, acc: 66.80, bacc: 63.86, tmp_test_f1: 49.24, f1: 62.38
epoch: 288, val_loss:1.551969, acc: 66.80, bacc: 63.86, tmp_test_f1: 51.64, f1: 62.38
epoch: 289, val_loss:1.509068, acc: 66.80, bacc: 63.86, tmp_test_f1: 52.36, f1: 62.38
epoch: 290, val_loss:1.479459, acc: 66.80, bacc: 63.86, tmp_test_f1: 52.48, f1: 62.38
epoch: 291, val_loss:1.461200, acc: 66.80, bacc: 63.86, tmp_test_f1: 54.47, f1: 62.38
epoch: 292, val_loss:1.433065, acc: 66.80, bacc: 63.86, tmp_test_f1: 54.65, f1: 62.38
epoch: 293, val_loss:1.413348, acc: 66.80, bacc: 63.86, tmp_test_f1: 54.21, f1: 62.38
epoch: 294, val_loss:1.419957, acc: 66.80, bacc: 63.86, tmp_test_f1: 54.65, f1: 62.38
epoch: 295, val_loss:1.424812, acc: 66.80, bacc: 63.86, tmp_test_f1: 54.47, f1: 62.38
epoch: 296, val_loss:1.439617, acc: 66.80, bacc: 63.86, tmp_test_f1: 54.45, f1: 62.38
epoch: 297, val_loss:1.459124, acc: 66.80, bacc: 63.86, tmp_test_f1: 52.43, f1: 62.38
epoch: 298, val_loss:1.483746, acc: 66.80, bacc: 63.86, tmp_test_f1: 49.79, f1: 62.38
epoch: 299, val_loss:1.524878, acc: 66.80, bacc: 63.86, tmp_test_f1: 45.87, f1: 62.38
epoch: 300, val_loss:1.615504, acc: 66.80, bacc: 63.86, tmp_test_f1: 44.55, f1: 62.38
epoch: 301, val_loss:1.701421, acc: 66.80, bacc: 63.86, tmp_test_f1: 43.88, f1: 62.38
epoch: 302, val_loss:1.741411, acc: 66.80, bacc: 63.86, tmp_test_f1: 46.21, f1: 62.38
epoch: 303, val_loss:1.666144, acc: 66.80, bacc: 63.86, tmp_test_f1: 50.17, f1: 62.38
epoch: 304, val_loss:1.586989, acc: 66.80, bacc: 63.86, tmp_test_f1: 53.70, f1: 62.38
epoch: 305, val_loss:1.534942, acc: 66.80, bacc: 63.86, tmp_test_f1: 53.72, f1: 62.38
epoch: 306, val_loss:1.523935, acc: 66.80, bacc: 63.86, tmp_test_f1: 54.26, f1: 62.38
epoch: 307, val_loss:1.519479, acc: 66.80, bacc: 63.86, tmp_test_f1: 53.20, f1: 62.38
epoch: 308, val_loss:1.560626, acc: 66.80, bacc: 63.86, tmp_test_f1: 52.89, f1: 62.38
epoch: 309, val_loss:1.594143, acc: 66.80, bacc: 63.86, tmp_test_f1: 52.02, f1: 62.38
epoch: 310, val_loss:1.628812, acc: 66.80, bacc: 63.86, tmp_test_f1: 52.11, f1: 62.38
epoch: 311, val_loss:1.627668, acc: 66.80, bacc: 63.86, tmp_test_f1: 51.51, f1: 62.38
epoch: 312, val_loss:1.619225, acc: 66.80, bacc: 63.86, tmp_test_f1: 51.89, f1: 62.38
epoch: 313, val_loss:1.621912, acc: 66.80, bacc: 63.86, tmp_test_f1: 52.27, f1: 62.38
epoch: 314, val_loss:1.569126, acc: 66.80, bacc: 63.86, tmp_test_f1: 51.79, f1: 62.38
epoch: 315, val_loss:1.542572, acc: 66.80, bacc: 63.86, tmp_test_f1: 51.83, f1: 62.38
epoch: 316, val_loss:1.516648, acc: 66.80, bacc: 63.86, tmp_test_f1: 51.53, f1: 62.38
epoch: 317, val_loss:1.482913, acc: 66.80, bacc: 63.86, tmp_test_f1: 51.89, f1: 62.38
epoch: 318, val_loss:1.463848, acc: 66.80, bacc: 63.86, tmp_test_f1: 51.41, f1: 62.38
epoch: 319, val_loss:1.464890, acc: 66.80, bacc: 63.86, tmp_test_f1: 50.47, f1: 62.38
epoch: 320, val_loss:1.474102, acc: 66.80, bacc: 63.86, tmp_test_f1: 49.35, f1: 62.38
epoch: 321, val_loss:1.495054, acc: 66.80, bacc: 63.86, tmp_test_f1: 48.32, f1: 62.38
epoch: 322, val_loss:1.523199, acc: 66.80, bacc: 63.86, tmp_test_f1: 48.55, f1: 62.38
epoch: 323, val_loss:1.544428, acc: 66.80, bacc: 63.86, tmp_test_f1: 46.59, f1: 62.38
epoch: 324, val_loss:1.581852, acc: 66.80, bacc: 63.86, tmp_test_f1: 47.53, f1: 62.38
epoch: 325, val_loss:1.579575, acc: 66.80, bacc: 63.86, tmp_test_f1: 48.42, f1: 62.38
epoch: 326, val_loss:1.564248, acc: 66.80, bacc: 63.86, tmp_test_f1: 52.25, f1: 62.38
epoch: 327, val_loss:1.513776, acc: 66.80, bacc: 63.86, tmp_test_f1: 54.56, f1: 62.38
epoch: 328, val_loss:1.482009, acc: 66.80, bacc: 63.86, tmp_test_f1: 54.59, f1: 62.38
epoch: 329, val_loss:1.484918, acc: 66.80, bacc: 63.86, tmp_test_f1: 54.00, f1: 62.38
epoch: 330, val_loss:1.508920, acc: 66.80, bacc: 63.86, tmp_test_f1: 50.56, f1: 62.38
epoch: 331, val_loss:1.557167, acc: 66.80, bacc: 63.86, tmp_test_f1: 47.69, f1: 62.38
epoch: 332, val_loss:1.591041, acc: 66.80, bacc: 63.86, tmp_test_f1: 46.88, f1: 62.38
epoch: 333, val_loss:1.620784, acc: 66.80, bacc: 63.86, tmp_test_f1: 46.93, f1: 62.38
epoch: 334, val_loss:1.607643, acc: 66.80, bacc: 63.86, tmp_test_f1: 48.83, f1: 62.38
epoch: 335, val_loss:1.535545, acc: 66.80, bacc: 63.86, tmp_test_f1: 49.68, f1: 62.38
epoch: 336, val_loss:1.503844, acc: 66.80, bacc: 63.86, tmp_test_f1: 50.76, f1: 62.38
epoch: 337, val_loss:1.479514, acc: 66.80, bacc: 63.86, tmp_test_f1: 52.74, f1: 62.38
epoch: 338, val_loss:1.443875, acc: 66.80, bacc: 63.86, tmp_test_f1: 54.18, f1: 62.38
epoch: 339, val_loss:1.446188, acc: 66.80, bacc: 63.86, tmp_test_f1: 55.74, f1: 62.38
epoch: 340, val_loss:1.456949, acc: 66.80, bacc: 63.86, tmp_test_f1: 55.03, f1: 62.38
epoch: 341, val_loss:1.476272, acc: 66.80, bacc: 63.86, tmp_test_f1: 54.32, f1: 62.38
epoch: 342, val_loss:1.489043, acc: 66.80, bacc: 63.86, tmp_test_f1: 53.99, f1: 62.38
epoch: 343, val_loss:1.509146, acc: 66.80, bacc: 63.86, tmp_test_f1: 50.68, f1: 62.38
epoch: 344, val_loss:1.546392, acc: 66.80, bacc: 63.86, tmp_test_f1: 47.97, f1: 62.38
epoch: 345, val_loss:1.614295, acc: 66.80, bacc: 63.86, tmp_test_f1: 46.93, f1: 62.38
epoch: 346, val_loss:1.707613, acc: 66.80, bacc: 63.86, tmp_test_f1: 44.98, f1: 62.38
epoch: 347, val_loss:1.803306, acc: 66.80, bacc: 63.86, tmp_test_f1: 42.99, f1: 62.38
epoch: 348, val_loss:1.859074, acc: 66.80, bacc: 63.86, tmp_test_f1: 43.82, f1: 62.38
epoch: 349, val_loss:1.835022, acc: 66.80, bacc: 63.86, tmp_test_f1: 44.20, f1: 62.38
epoch: 350, val_loss:1.767681, acc: 66.80, bacc: 63.86, tmp_test_f1: 50.81, f1: 62.38
epoch: 351, val_loss:1.602653, acc: 66.80, bacc: 63.86, tmp_test_f1: 55.50, f1: 62.38
epoch: 352, val_loss:1.552173, acc: 66.80, bacc: 63.86, tmp_test_f1: 55.18, f1: 62.38
epoch: 353, val_loss:1.557430, acc: 66.80, bacc: 63.86, tmp_test_f1: 55.74, f1: 62.38
epoch: 354, val_loss:1.564358, acc: 66.80, bacc: 63.86, tmp_test_f1: 52.41, f1: 62.38
epoch: 355, val_loss:1.595153, acc: 66.80, bacc: 63.86, tmp_test_f1: 46.16, f1: 62.38
epoch: 356, val_loss:1.666794, acc: 66.80, bacc: 63.86, tmp_test_f1: 42.82, f1: 62.38
epoch: 357, val_loss:1.779426, acc: 66.80, bacc: 63.86, tmp_test_f1: 39.62, f1: 62.38
epoch: 358, val_loss:1.870560, acc: 66.80, bacc: 63.86, tmp_test_f1: 39.07, f1: 62.38
epoch: 359, val_loss:1.925733, acc: 66.80, bacc: 63.86, tmp_test_f1: 38.62, f1: 62.38
epoch: 360, val_loss:1.959031, acc: 66.80, bacc: 63.86, tmp_test_f1: 38.91, f1: 62.38
epoch: 361, val_loss:1.960012, acc: 66.80, bacc: 63.86, tmp_test_f1: 41.43, f1: 62.38
epoch: 362, val_loss:1.868664, acc: 66.80, bacc: 63.86, tmp_test_f1: 44.74, f1: 62.38
epoch: 363, val_loss:1.771779, acc: 66.80, bacc: 63.86, tmp_test_f1: 47.80, f1: 62.38
epoch: 364, val_loss:1.685458, acc: 66.80, bacc: 63.86, tmp_test_f1: 49.10, f1: 62.38
epoch: 365, val_loss:1.648080, acc: 66.80, bacc: 63.86, tmp_test_f1: 51.29, f1: 62.38
epoch: 366, val_loss:1.621479, acc: 66.80, bacc: 63.86, tmp_test_f1: 51.89, f1: 62.38
epoch: 367, val_loss:1.622286, acc: 66.80, bacc: 63.86, tmp_test_f1: 52.57, f1: 62.38
epoch: 368, val_loss:1.625902, acc: 66.80, bacc: 63.86, tmp_test_f1: 53.73, f1: 62.38
epoch: 369, val_loss:1.656902, acc: 66.80, bacc: 63.86, tmp_test_f1: 54.02, f1: 62.38
epoch: 370, val_loss:1.702281, acc: 66.80, bacc: 63.86, tmp_test_f1: 50.04, f1: 62.38
epoch: 371, val_loss:1.738578, acc: 66.80, bacc: 63.86, tmp_test_f1: 48.47, f1: 62.38
epoch: 372, val_loss:1.769945, acc: 66.80, bacc: 63.86, tmp_test_f1: 51.30, f1: 62.38
epoch: 373, val_loss:1.677490, acc: 66.80, bacc: 63.86, tmp_test_f1: 52.44, f1: 62.38
epoch: 374, val_loss:1.615471, acc: 66.80, bacc: 63.86, tmp_test_f1: 53.82, f1: 62.38
epoch: 375, val_loss:1.578906, acc: 66.80, bacc: 63.86, tmp_test_f1: 53.45, f1: 62.38
epoch: 376, val_loss:1.550900, acc: 66.80, bacc: 63.86, tmp_test_f1: 52.94, f1: 62.38
epoch: 377, val_loss:1.537704, acc: 66.80, bacc: 63.86, tmp_test_f1: 51.98, f1: 62.38
epoch: 378, val_loss:1.549455, acc: 66.80, bacc: 63.86, tmp_test_f1: 49.99, f1: 62.38
epoch: 379, val_loss:1.597566, acc: 66.80, bacc: 63.86, tmp_test_f1: 51.49, f1: 62.38
epoch: 380, val_loss:1.603263, acc: 66.80, bacc: 63.86, tmp_test_f1: 50.05, f1: 62.38
epoch: 381, val_loss:1.626665, acc: 66.80, bacc: 63.86, tmp_test_f1: 48.21, f1: 62.38
epoch: 382, val_loss:1.662309, acc: 66.80, bacc: 63.86, tmp_test_f1: 46.93, f1: 62.38
epoch: 383, val_loss:1.675835, acc: 66.80, bacc: 63.86, tmp_test_f1: 48.28, f1: 62.38
epoch: 384, val_loss:1.629857, acc: 66.80, bacc: 63.86, tmp_test_f1: 51.37, f1: 62.38
epoch: 385, val_loss:1.574746, acc: 66.80, bacc: 63.86, tmp_test_f1: 52.97, f1: 62.38
epoch: 386, val_loss:1.547611, acc: 66.80, bacc: 63.86, tmp_test_f1: 51.10, f1: 62.38
epoch: 387, val_loss:1.565213, acc: 66.80, bacc: 63.86, tmp_test_f1: 50.52, f1: 62.38
epoch: 388, val_loss:1.583526, acc: 66.80, bacc: 63.86, tmp_test_f1: 49.33, f1: 62.38
epoch: 389, val_loss:1.601550, acc: 66.80, bacc: 63.86, tmp_test_f1: 48.81, f1: 62.38
epoch: 390, val_loss:1.616093, acc: 66.80, bacc: 63.86, tmp_test_f1: 49.04, f1: 62.38
epoch: 391, val_loss:1.636256, acc: 66.80, bacc: 63.86, tmp_test_f1: 47.96, f1: 62.38
epoch: 392, val_loss:1.649883, acc: 66.80, bacc: 63.86, tmp_test_f1: 47.74, f1: 62.38
epoch: 393, val_loss:1.677355, acc: 66.80, bacc: 63.86, tmp_test_f1: 46.55, f1: 62.38
epoch: 394, val_loss:1.719434, acc: 66.80, bacc: 63.86, tmp_test_f1: 46.43, f1: 62.38
epoch: 395, val_loss:1.715340, acc: 66.80, bacc: 63.86, tmp_test_f1: 47.76, f1: 62.38
epoch: 396, val_loss:1.678476, acc: 66.80, bacc: 63.86, tmp_test_f1: 49.77, f1: 62.38
epoch: 397, val_loss:1.624708, acc: 66.80, bacc: 63.86, tmp_test_f1: 50.14, f1: 62.38
epoch: 398, val_loss:1.606315, acc: 66.80, bacc: 63.86, tmp_test_f1: 49.13, f1: 62.38
epoch: 399, val_loss:1.603338, acc: 66.80, bacc: 63.86, tmp_test_f1: 48.16, f1: 62.38
epoch: 400, val_loss:1.614125, acc: 66.80, bacc: 63.86, tmp_test_f1: 46.89, f1: 62.38
epoch: 401, val_loss:1.630630, acc: 66.80, bacc: 63.86, tmp_test_f1: 46.18, f1: 62.38
epoch: 402, val_loss:1.676678, acc: 66.80, bacc: 63.86, tmp_test_f1: 44.20, f1: 62.38
epoch: 403, val_loss:1.736848, acc: 66.80, bacc: 63.86, tmp_test_f1: 43.81, f1: 62.38
epoch: 404, val_loss:1.757325, acc: 66.80, bacc: 63.86, tmp_test_f1: 44.90, f1: 62.38
epoch: 405, val_loss:1.693215, acc: 66.80, bacc: 63.86, tmp_test_f1: 48.29, f1: 62.38
epoch: 406, val_loss:1.597526, acc: 66.80, bacc: 63.86, tmp_test_f1: 51.16, f1: 62.38
epoch: 407, val_loss:1.502726, acc: 66.80, bacc: 63.86, tmp_test_f1: 53.21, f1: 62.38
epoch: 408, val_loss:1.468560, acc: 66.80, bacc: 63.86, tmp_test_f1: 54.48, f1: 62.38
epoch: 409, val_loss:1.480605, acc: 66.80, bacc: 63.86, tmp_test_f1: 53.75, f1: 62.38
epoch: 410, val_loss:1.517787, acc: 66.80, bacc: 63.86, tmp_test_f1: 53.19, f1: 62.38
epoch: 411, val_loss:1.558442, acc: 66.80, bacc: 63.86, tmp_test_f1: 51.52, f1: 62.38
epoch: 412, val_loss:1.622911, acc: 66.80, bacc: 63.86, tmp_test_f1: 49.75, f1: 62.38
epoch: 413, val_loss:1.686085, acc: 66.80, bacc: 63.86, tmp_test_f1: 50.36, f1: 62.38
epoch: 414, val_loss:1.707827, acc: 66.80, bacc: 63.86, tmp_test_f1: 50.23, f1: 62.38
epoch: 415, val_loss:1.737385, acc: 66.80, bacc: 63.86, tmp_test_f1: 51.47, f1: 62.38
epoch: 416, val_loss:1.722405, acc: 66.80, bacc: 63.86, tmp_test_f1: 48.86, f1: 62.38
epoch: 417, val_loss:1.725505, acc: 66.80, bacc: 63.86, tmp_test_f1: 46.71, f1: 62.38
epoch: 418, val_loss:1.752060, acc: 66.80, bacc: 63.86, tmp_test_f1: 45.55, f1: 62.38
epoch: 419, val_loss:1.777396, acc: 66.80, bacc: 63.86, tmp_test_f1: 47.49, f1: 62.38
epoch: 420, val_loss:1.720884, acc: 66.80, bacc: 63.86, tmp_test_f1: 48.71, f1: 62.38
epoch: 421, val_loss:1.668958, acc: 66.80, bacc: 63.86, tmp_test_f1: 49.50, f1: 62.38
epoch: 422, val_loss:1.637858, acc: 66.80, bacc: 63.86, tmp_test_f1: 49.87, f1: 62.38
epoch: 423, val_loss:1.618677, acc: 66.80, bacc: 63.86, tmp_test_f1: 48.55, f1: 62.38
epoch: 424, val_loss:1.618577, acc: 66.80, bacc: 63.86, tmp_test_f1: 48.60, f1: 62.38
epoch: 425, val_loss:1.608434, acc: 66.80, bacc: 63.86, tmp_test_f1: 49.19, f1: 62.38
epoch: 426, val_loss:1.593290, acc: 66.80, bacc: 63.86, tmp_test_f1: 50.24, f1: 62.38
epoch: 427, val_loss:1.577807, acc: 66.80, bacc: 63.86, tmp_test_f1: 50.31, f1: 62.38
Epoch 00428: reducing learning rate of group 0 to 2.5000e-02.
Epoch 00428: reducing learning rate of group 1 to 2.5000e-02.
epoch: 428, val_loss:1.566364, acc: 66.80, bacc: 63.86, tmp_test_f1: 49.53, f1: 62.38
epoch: 429, val_loss:1.592927, acc: 66.80, bacc: 63.86, tmp_test_f1: 48.46, f1: 62.38
epoch: 430, val_loss:1.634634, acc: 66.80, bacc: 63.86, tmp_test_f1: 48.77, f1: 62.38
epoch: 431, val_loss:1.648660, acc: 66.80, bacc: 63.86, tmp_test_f1: 48.33, f1: 62.38
epoch: 432, val_loss:1.679416, acc: 66.80, bacc: 63.86, tmp_test_f1: 47.50, f1: 62.38
epoch: 433, val_loss:1.717255, acc: 66.80, bacc: 63.86, tmp_test_f1: 46.43, f1: 62.38
epoch: 434, val_loss:1.759807, acc: 66.80, bacc: 63.86, tmp_test_f1: 46.05, f1: 62.38
epoch: 435, val_loss:1.774323, acc: 66.80, bacc: 63.86, tmp_test_f1: 45.56, f1: 62.38
epoch: 436, val_loss:1.792105, acc: 66.80, bacc: 63.86, tmp_test_f1: 45.48, f1: 62.38
epoch: 437, val_loss:1.787431, acc: 66.80, bacc: 63.86, tmp_test_f1: 45.58, f1: 62.38
epoch: 438, val_loss:1.789856, acc: 66.80, bacc: 63.86, tmp_test_f1: 46.09, f1: 62.38
epoch: 439, val_loss:1.774554, acc: 66.80, bacc: 63.86, tmp_test_f1: 47.35, f1: 62.38
epoch: 440, val_loss:1.752387, acc: 66.80, bacc: 63.86, tmp_test_f1: 48.09, f1: 62.38
epoch: 441, val_loss:1.735737, acc: 66.80, bacc: 63.86, tmp_test_f1: 48.46, f1: 62.38
epoch: 442, val_loss:1.722396, acc: 66.80, bacc: 63.86, tmp_test_f1: 48.62, f1: 62.38
epoch: 443, val_loss:1.713431, acc: 66.80, bacc: 63.86, tmp_test_f1: 47.97, f1: 62.38
epoch: 444, val_loss:1.713574, acc: 66.80, bacc: 63.86, tmp_test_f1: 48.22, f1: 62.38
epoch: 445, val_loss:1.707533, acc: 66.80, bacc: 63.86, tmp_test_f1: 48.23, f1: 62.38
epoch: 446, val_loss:1.683760, acc: 66.80, bacc: 63.86, tmp_test_f1: 48.24, f1: 62.38
epoch: 447, val_loss:1.657999, acc: 66.80, bacc: 63.86, tmp_test_f1: 49.19, f1: 62.38
epoch: 448, val_loss:1.620252, acc: 66.80, bacc: 63.86, tmp_test_f1: 50.39, f1: 62.38
epoch: 449, val_loss:1.597560, acc: 66.80, bacc: 63.86, tmp_test_f1: 50.35, f1: 62.38
epoch: 450, val_loss:1.582374, acc: 66.80, bacc: 63.86, tmp_test_f1: 51.15, f1: 62.38
epoch: 451, val_loss:1.561892, acc: 66.80, bacc: 63.86, tmp_test_f1: 51.09, f1: 62.38
epoch: 452, val_loss:1.544495, acc: 66.80, bacc: 63.86, tmp_test_f1: 51.62, f1: 62.38
epoch: 453, val_loss:1.525611, acc: 66.80, bacc: 63.86, tmp_test_f1: 52.38, f1: 62.38
epoch: 454, val_loss:1.500740, acc: 66.80, bacc: 63.86, tmp_test_f1: 51.67, f1: 62.38
epoch: 455, val_loss:1.486457, acc: 66.80, bacc: 63.86, tmp_test_f1: 51.96, f1: 62.38
epoch: 456, val_loss:1.475923, acc: 66.80, bacc: 63.86, tmp_test_f1: 53.12, f1: 62.38
epoch: 457, val_loss:1.457357, acc: 66.80, bacc: 63.86, tmp_test_f1: 52.92, f1: 62.38
epoch: 458, val_loss:1.451159, acc: 66.80, bacc: 63.86, tmp_test_f1: 52.29, f1: 62.38
epoch: 459, val_loss:1.450600, acc: 66.80, bacc: 63.86, tmp_test_f1: 51.26, f1: 62.38
epoch: 460, val_loss:1.461435, acc: 66.80, bacc: 63.86, tmp_test_f1: 50.59, f1: 62.38
epoch: 461, val_loss:1.483400, acc: 66.80, bacc: 63.86, tmp_test_f1: 49.53, f1: 62.38
epoch: 462, val_loss:1.512874, acc: 66.80, bacc: 63.86, tmp_test_f1: 48.83, f1: 62.38
epoch: 463, val_loss:1.543464, acc: 66.80, bacc: 63.86, tmp_test_f1: 48.34, f1: 62.38
epoch: 464, val_loss:1.560830, acc: 66.80, bacc: 63.86, tmp_test_f1: 48.33, f1: 62.38
epoch: 465, val_loss:1.563100, acc: 66.80, bacc: 63.86, tmp_test_f1: 48.68, f1: 62.38
epoch: 466, val_loss:1.550593, acc: 66.80, bacc: 63.86, tmp_test_f1: 49.47, f1: 62.38
epoch: 467, val_loss:1.534924, acc: 66.80, bacc: 63.86, tmp_test_f1: 51.40, f1: 62.38
epoch: 468, val_loss:1.515957, acc: 66.80, bacc: 63.86, tmp_test_f1: 51.86, f1: 62.38
epoch: 469, val_loss:1.506990, acc: 66.80, bacc: 63.86, tmp_test_f1: 54.02, f1: 62.38
epoch: 470, val_loss:1.477828, acc: 66.80, bacc: 63.86, tmp_test_f1: 54.45, f1: 62.38
epoch: 471, val_loss:1.471122, acc: 66.80, bacc: 63.86, tmp_test_f1: 53.94, f1: 62.38
epoch: 472, val_loss:1.472746, acc: 66.80, bacc: 63.86, tmp_test_f1: 53.41, f1: 62.38
epoch: 473, val_loss:1.478619, acc: 66.80, bacc: 63.86, tmp_test_f1: 53.05, f1: 62.38
epoch: 474, val_loss:1.489017, acc: 66.80, bacc: 63.86, tmp_test_f1: 51.80, f1: 62.38
epoch: 475, val_loss:1.505498, acc: 66.80, bacc: 63.86, tmp_test_f1: 50.40, f1: 62.38
epoch: 476, val_loss:1.536912, acc: 66.80, bacc: 63.86, tmp_test_f1: 49.23, f1: 62.38
epoch: 477, val_loss:1.574890, acc: 66.80, bacc: 63.86, tmp_test_f1: 46.93, f1: 62.38
epoch: 478, val_loss:1.629665, acc: 66.80, bacc: 63.86, tmp_test_f1: 46.84, f1: 62.38
epoch: 479, val_loss:1.650438, acc: 66.80, bacc: 63.86, tmp_test_f1: 48.26, f1: 62.38
epoch: 480, val_loss:1.619479, acc: 66.80, bacc: 63.86, tmp_test_f1: 51.21, f1: 62.38
epoch: 481, val_loss:1.584993, acc: 66.80, bacc: 63.86, tmp_test_f1: 53.74, f1: 62.38
epoch: 482, val_loss:1.554578, acc: 66.80, bacc: 63.86, tmp_test_f1: 55.34, f1: 62.38
epoch: 483, val_loss:1.532130, acc: 66.80, bacc: 63.86, tmp_test_f1: 57.10, f1: 62.38
epoch: 484, val_loss:1.495818, acc: 66.80, bacc: 63.86, tmp_test_f1: 57.79, f1: 62.38
epoch: 485, val_loss:1.477179, acc: 66.80, bacc: 63.86, tmp_test_f1: 56.79, f1: 62.38
epoch: 486, val_loss:1.455692, acc: 66.80, bacc: 63.86, tmp_test_f1: 56.93, f1: 62.38
epoch: 487, val_loss:1.443455, acc: 66.80, bacc: 63.86, tmp_test_f1: 54.52, f1: 62.38
epoch: 488, val_loss:1.438876, acc: 66.80, bacc: 63.86, tmp_test_f1: 54.06, f1: 62.38
epoch: 489, val_loss:1.433375, acc: 66.80, bacc: 63.86, tmp_test_f1: 53.11, f1: 62.38
epoch: 490, val_loss:1.436092, acc: 66.80, bacc: 63.86, tmp_test_f1: 52.95, f1: 62.38
epoch: 491, val_loss:1.441300, acc: 66.80, bacc: 63.86, tmp_test_f1: 53.53, f1: 62.38
epoch: 492, val_loss:1.431063, acc: 66.80, bacc: 63.86, tmp_test_f1: 54.42, f1: 62.38
epoch: 493, val_loss:1.423873, acc: 66.80, bacc: 63.86, tmp_test_f1: 55.26, f1: 62.38
epoch: 494, val_loss:1.411103, acc: 66.80, bacc: 63.86, tmp_test_f1: 55.53, f1: 62.38
epoch: 495, val_loss:1.398137, acc: 66.80, bacc: 63.86, tmp_test_f1: 55.81, f1: 62.38
epoch: 496, val_loss:1.386281, acc: 66.80, bacc: 63.86, tmp_test_f1: 55.79, f1: 62.38
epoch: 497, val_loss:1.384623, acc: 66.80, bacc: 63.86, tmp_test_f1: 55.49, f1: 62.38
epoch: 498, val_loss:1.391714, acc: 66.80, bacc: 63.86, tmp_test_f1: 54.43, f1: 62.38
epoch: 499, val_loss:1.409107, acc: 66.80, bacc: 63.86, tmp_test_f1: 54.35, f1: 62.38
epoch: 500, val_loss:1.438461, acc: 66.80, bacc: 63.86, tmp_test_f1: 53.15, f1: 62.38
epoch: 501, val_loss:1.478183, acc: 66.80, bacc: 63.86, tmp_test_f1: 52.27, f1: 62.38
epoch: 502, val_loss:1.499726, acc: 66.80, bacc: 63.86, tmp_test_f1: 51.58, f1: 62.38
epoch: 503, val_loss:1.516969, acc: 66.80, bacc: 63.86, tmp_test_f1: 50.80, f1: 62.38
epoch: 504, val_loss:1.533021, acc: 66.80, bacc: 63.86, tmp_test_f1: 51.22, f1: 62.38
epoch: 505, val_loss:1.529016, acc: 66.80, bacc: 63.86, tmp_test_f1: 52.15, f1: 62.38
epoch: 506, val_loss:1.517384, acc: 66.80, bacc: 63.86, tmp_test_f1: 52.45, f1: 62.38
epoch: 507, val_loss:1.524487, acc: 66.80, bacc: 63.86, tmp_test_f1: 52.48, f1: 62.38
epoch: 508, val_loss:1.537067, acc: 66.80, bacc: 63.86, tmp_test_f1: 51.81, f1: 62.38
epoch: 509, val_loss:1.539209, acc: 66.80, bacc: 63.86, tmp_test_f1: 51.77, f1: 62.38
epoch: 510, val_loss:1.519448, acc: 66.80, bacc: 63.86, tmp_test_f1: 52.13, f1: 62.38
epoch: 511, val_loss:1.492466, acc: 66.80, bacc: 63.86, tmp_test_f1: 52.40, f1: 62.38
epoch: 512, val_loss:1.485092, acc: 66.80, bacc: 63.86, tmp_test_f1: 52.35, f1: 62.38
epoch: 513, val_loss:1.478082, acc: 66.80, bacc: 63.86, tmp_test_f1: 52.10, f1: 62.38
epoch: 514, val_loss:1.483456, acc: 66.80, bacc: 63.86, tmp_test_f1: 52.85, f1: 62.38
epoch: 515, val_loss:1.487396, acc: 66.80, bacc: 63.86, tmp_test_f1: 52.68, f1: 62.38
epoch: 516, val_loss:1.495630, acc: 66.80, bacc: 63.86, tmp_test_f1: 52.53, f1: 62.38
epoch: 517, val_loss:1.510220, acc: 66.80, bacc: 63.86, tmp_test_f1: 50.84, f1: 62.38
epoch: 518, val_loss:1.541876, acc: 66.80, bacc: 63.86, tmp_test_f1: 49.22, f1: 62.38
epoch: 519, val_loss:1.582496, acc: 66.80, bacc: 63.86, tmp_test_f1: 48.77, f1: 62.38
epoch: 520, val_loss:1.613317, acc: 66.80, bacc: 63.86, tmp_test_f1: 48.24, f1: 62.38
epoch: 521, val_loss:1.640228, acc: 66.80, bacc: 63.86, tmp_test_f1: 47.98, f1: 62.38
epoch: 522, val_loss:1.651278, acc: 66.80, bacc: 63.86, tmp_test_f1: 48.51, f1: 62.38
epoch: 523, val_loss:1.638432, acc: 66.80, bacc: 63.86, tmp_test_f1: 48.52, f1: 62.38
epoch: 524, val_loss:1.605710, acc: 66.80, bacc: 63.86, tmp_test_f1: 50.16, f1: 62.38
epoch: 525, val_loss:1.559329, acc: 66.80, bacc: 63.86, tmp_test_f1: 52.06, f1: 62.38
epoch: 526, val_loss:1.517461, acc: 66.80, bacc: 63.86, tmp_test_f1: 53.75, f1: 62.38
epoch: 527, val_loss:1.471847, acc: 66.80, bacc: 63.86, tmp_test_f1: 54.26, f1: 62.38
epoch: 528, val_loss:1.441618, acc: 66.80, bacc: 63.86, tmp_test_f1: 55.07, f1: 62.38
epoch: 529, val_loss:1.415056, acc: 66.80, bacc: 63.86, tmp_test_f1: 55.92, f1: 62.38
epoch: 530, val_loss:1.396760, acc: 66.80, bacc: 63.86, tmp_test_f1: 56.65, f1: 62.38
epoch: 531, val_loss:1.388678, acc: 66.80, bacc: 63.86, tmp_test_f1: 56.89, f1: 62.38
epoch: 532, val_loss:1.389630, acc: 66.80, bacc: 63.86, tmp_test_f1: 57.02, f1: 62.38
epoch: 533, val_loss:1.393596, acc: 66.80, bacc: 63.86, tmp_test_f1: 57.48, f1: 62.38
epoch: 534, val_loss:1.401314, acc: 66.80, bacc: 63.86, tmp_test_f1: 56.46, f1: 62.38
epoch: 535, val_loss:1.419062, acc: 66.80, bacc: 63.86, tmp_test_f1: 55.62, f1: 62.38
epoch: 536, val_loss:1.423235, acc: 66.80, bacc: 63.86, tmp_test_f1: 55.25, f1: 62.38
epoch: 537, val_loss:1.425782, acc: 66.80, bacc: 63.86, tmp_test_f1: 54.34, f1: 62.38
epoch: 538, val_loss:1.433154, acc: 66.80, bacc: 63.86, tmp_test_f1: 54.36, f1: 62.38
epoch: 539, val_loss:1.431809, acc: 66.80, bacc: 63.86, tmp_test_f1: 54.21, f1: 62.38
epoch: 540, val_loss:1.439006, acc: 66.80, bacc: 63.86, tmp_test_f1: 54.09, f1: 62.38
epoch: 541, val_loss:1.445406, acc: 66.80, bacc: 63.86, tmp_test_f1: 53.61, f1: 62.38
epoch: 542, val_loss:1.463192, acc: 66.80, bacc: 63.86, tmp_test_f1: 53.11, f1: 62.38
epoch: 543, val_loss:1.471223, acc: 66.80, bacc: 63.86, tmp_test_f1: 52.83, f1: 62.38
epoch: 544, val_loss:1.483276, acc: 66.80, bacc: 63.86, tmp_test_f1: 52.47, f1: 62.38
epoch: 545, val_loss:1.495722, acc: 66.80, bacc: 63.86, tmp_test_f1: 51.70, f1: 62.38
epoch: 546, val_loss:1.515208, acc: 66.80, bacc: 63.86, tmp_test_f1: 50.93, f1: 62.38
epoch: 547, val_loss:1.531298, acc: 66.80, bacc: 63.86, tmp_test_f1: 50.36, f1: 62.38
epoch: 548, val_loss:1.557806, acc: 66.80, bacc: 63.86, tmp_test_f1: 49.48, f1: 62.38
epoch: 549, val_loss:1.571856, acc: 66.80, bacc: 63.86, tmp_test_f1: 49.48, f1: 62.38
epoch: 550, val_loss:1.557260, acc: 66.80, bacc: 63.86, tmp_test_f1: 49.05, f1: 62.38
epoch: 551, val_loss:1.556850, acc: 66.80, bacc: 63.86, tmp_test_f1: 49.52, f1: 62.38
epoch: 552, val_loss:1.552178, acc: 66.80, bacc: 63.86, tmp_test_f1: 50.65, f1: 62.38
epoch: 553, val_loss:1.522843, acc: 66.80, bacc: 63.86, tmp_test_f1: 53.50, f1: 62.38
epoch: 554, val_loss:1.470128, acc: 66.80, bacc: 63.86, tmp_test_f1: 54.24, f1: 62.38
epoch: 555, val_loss:1.449954, acc: 66.80, bacc: 63.86, tmp_test_f1: 54.91, f1: 62.38
epoch: 556, val_loss:1.419628, acc: 66.80, bacc: 63.86, tmp_test_f1: 55.04, f1: 62.38
epoch: 557, val_loss:1.406873, acc: 66.80, bacc: 63.86, tmp_test_f1: 54.84, f1: 62.38
epoch: 558, val_loss:1.406140, acc: 66.80, bacc: 63.86, tmp_test_f1: 52.92, f1: 62.38
epoch: 559, val_loss:1.416714, acc: 66.80, bacc: 63.86, tmp_test_f1: 52.11, f1: 62.38
epoch: 560, val_loss:1.432861, acc: 66.80, bacc: 63.86, tmp_test_f1: 51.86, f1: 62.38
epoch: 561, val_loss:1.461713, acc: 66.80, bacc: 63.86, tmp_test_f1: 50.50, f1: 62.38
epoch: 562, val_loss:1.507174, acc: 66.80, bacc: 63.86, tmp_test_f1: 49.72, f1: 62.38
epoch: 563, val_loss:1.545959, acc: 66.80, bacc: 63.86, tmp_test_f1: 49.17, f1: 62.38
epoch: 564, val_loss:1.568432, acc: 66.80, bacc: 63.86, tmp_test_f1: 48.84, f1: 62.38
epoch: 565, val_loss:1.571910, acc: 66.80, bacc: 63.86, tmp_test_f1: 49.04, f1: 62.38
epoch: 566, val_loss:1.569183, acc: 66.80, bacc: 63.86, tmp_test_f1: 50.09, f1: 62.38
epoch: 567, val_loss:1.540869, acc: 66.80, bacc: 63.86, tmp_test_f1: 50.16, f1: 62.38
epoch: 568, val_loss:1.519006, acc: 66.80, bacc: 63.86, tmp_test_f1: 50.11, f1: 62.38
epoch: 569, val_loss:1.517048, acc: 66.80, bacc: 63.86, tmp_test_f1: 50.24, f1: 62.38
epoch: 570, val_loss:1.512965, acc: 66.80, bacc: 63.86, tmp_test_f1: 50.25, f1: 62.38
epoch: 571, val_loss:1.514926, acc: 66.80, bacc: 63.86, tmp_test_f1: 49.77, f1: 62.38
epoch: 572, val_loss:1.528113, acc: 66.80, bacc: 63.86, tmp_test_f1: 49.26, f1: 62.38
epoch: 573, val_loss:1.545260, acc: 66.80, bacc: 63.86, tmp_test_f1: 48.87, f1: 62.38
epoch: 574, val_loss:1.548762, acc: 66.80, bacc: 63.86, tmp_test_f1: 48.74, f1: 62.38
epoch: 575, val_loss:1.554575, acc: 66.80, bacc: 63.86, tmp_test_f1: 49.57, f1: 62.38
epoch: 576, val_loss:1.533447, acc: 66.80, bacc: 63.86, tmp_test_f1: 50.38, f1: 62.38
epoch: 577, val_loss:1.511511, acc: 66.80, bacc: 63.86, tmp_test_f1: 51.14, f1: 62.38
epoch: 578, val_loss:1.503255, acc: 66.80, bacc: 63.86, tmp_test_f1: 52.34, f1: 62.38
epoch: 579, val_loss:1.508320, acc: 66.80, bacc: 63.86, tmp_test_f1: 52.36, f1: 62.38
epoch: 580, val_loss:1.515234, acc: 66.80, bacc: 63.86, tmp_test_f1: 52.49, f1: 62.38
epoch: 581, val_loss:1.528137, acc: 66.80, bacc: 63.86, tmp_test_f1: 51.37, f1: 62.38
epoch: 582, val_loss:1.558374, acc: 66.80, bacc: 63.86, tmp_test_f1: 50.51, f1: 62.38
epoch: 583, val_loss:1.612926, acc: 66.80, bacc: 63.86, tmp_test_f1: 49.38, f1: 62.38
epoch: 584, val_loss:1.646184, acc: 66.80, bacc: 63.86, tmp_test_f1: 49.03, f1: 62.38
epoch: 585, val_loss:1.654579, acc: 66.80, bacc: 63.86, tmp_test_f1: 49.23, f1: 62.38
epoch: 586, val_loss:1.643598, acc: 66.80, bacc: 63.86, tmp_test_f1: 48.95, f1: 62.38
epoch: 587, val_loss:1.640753, acc: 66.80, bacc: 63.86, tmp_test_f1: 51.00, f1: 62.38
epoch: 588, val_loss:1.565214, acc: 66.80, bacc: 63.86, tmp_test_f1: 53.34, f1: 62.38
epoch: 589, val_loss:1.509318, acc: 66.80, bacc: 63.86, tmp_test_f1: 53.96, f1: 62.38
epoch: 590, val_loss:1.477003, acc: 66.80, bacc: 63.86, tmp_test_f1: 54.32, f1: 62.38
epoch: 591, val_loss:1.457961, acc: 66.80, bacc: 63.86, tmp_test_f1: 56.16, f1: 62.38
epoch: 592, val_loss:1.430665, acc: 66.80, bacc: 63.86, tmp_test_f1: 58.30, f1: 62.38
epoch: 593, val_loss:1.411061, acc: 66.80, bacc: 63.86, tmp_test_f1: 58.79, f1: 62.38
epoch: 594, val_loss:1.406396, acc: 66.80, bacc: 63.86, tmp_test_f1: 59.12, f1: 62.38
epoch: 595, val_loss:1.408755, acc: 66.80, bacc: 63.86, tmp_test_f1: 58.32, f1: 62.38
epoch: 596, val_loss:1.418480, acc: 66.80, bacc: 63.86, tmp_test_f1: 58.20, f1: 62.38
epoch: 597, val_loss:1.420142, acc: 66.80, bacc: 63.86, tmp_test_f1: 57.07, f1: 62.38
epoch: 598, val_loss:1.429392, acc: 66.80, bacc: 63.86, tmp_test_f1: 56.63, f1: 62.38
epoch: 599, val_loss:1.449734, acc: 66.80, bacc: 63.86, tmp_test_f1: 55.29, f1: 62.38
epoch: 600, val_loss:1.482249, acc: 66.80, bacc: 63.86, tmp_test_f1: 52.42, f1: 62.38
epoch: 601, val_loss:1.525511, acc: 66.80, bacc: 63.86, tmp_test_f1: 52.55, f1: 62.38
epoch: 602, val_loss:1.517529, acc: 66.80, bacc: 63.86, tmp_test_f1: 53.53, f1: 62.38
epoch: 603, val_loss:1.500745, acc: 66.80, bacc: 63.86, tmp_test_f1: 53.24, f1: 62.38
epoch: 604, val_loss:1.498513, acc: 66.80, bacc: 63.86, tmp_test_f1: 52.93, f1: 62.38
epoch: 605, val_loss:1.498536, acc: 66.80, bacc: 63.86, tmp_test_f1: 51.92, f1: 62.38
epoch: 606, val_loss:1.509200, acc: 66.80, bacc: 63.86, tmp_test_f1: 49.42, f1: 62.38
epoch: 607, val_loss:1.536799, acc: 66.80, bacc: 63.86, tmp_test_f1: 48.59, f1: 62.38
epoch: 608, val_loss:1.544997, acc: 66.80, bacc: 63.86, tmp_test_f1: 48.97, f1: 62.38
epoch: 609, val_loss:1.539381, acc: 66.80, bacc: 63.86, tmp_test_f1: 49.73, f1: 62.38
epoch: 610, val_loss:1.515152, acc: 66.80, bacc: 63.86, tmp_test_f1: 50.39, f1: 62.38
epoch: 611, val_loss:1.497092, acc: 66.80, bacc: 63.86, tmp_test_f1: 52.29, f1: 62.38
epoch: 612, val_loss:1.484134, acc: 66.80, bacc: 63.86, tmp_test_f1: 53.07, f1: 62.38
epoch: 613, val_loss:1.472504, acc: 66.80, bacc: 63.86, tmp_test_f1: 53.36, f1: 62.38
epoch: 614, val_loss:1.462670, acc: 66.80, bacc: 63.86, tmp_test_f1: 53.99, f1: 62.38
epoch: 615, val_loss:1.460539, acc: 66.80, bacc: 63.86, tmp_test_f1: 54.30, f1: 62.38
epoch: 616, val_loss:1.456248, acc: 66.80, bacc: 63.86, tmp_test_f1: 53.97, f1: 62.38
epoch: 617, val_loss:1.466172, acc: 66.80, bacc: 63.86, tmp_test_f1: 52.63, f1: 62.38
epoch: 618, val_loss:1.487018, acc: 66.80, bacc: 63.86, tmp_test_f1: 50.88, f1: 62.38
epoch: 619, val_loss:1.520704, acc: 66.80, bacc: 63.86, tmp_test_f1: 46.76, f1: 62.38
epoch: 620, val_loss:1.587058, acc: 66.80, bacc: 63.86, tmp_test_f1: 45.74, f1: 62.38
epoch: 621, val_loss:1.662132, acc: 66.80, bacc: 63.86, tmp_test_f1: 44.22, f1: 62.38
epoch: 622, val_loss:1.739398, acc: 66.80, bacc: 63.86, tmp_test_f1: 43.69, f1: 62.38
epoch: 623, val_loss:1.745821, acc: 66.80, bacc: 63.86, tmp_test_f1: 44.04, f1: 62.38
epoch: 624, val_loss:1.726327, acc: 66.80, bacc: 63.86, tmp_test_f1: 44.76, f1: 62.38
epoch: 625, val_loss:1.673745, acc: 66.80, bacc: 63.86, tmp_test_f1: 45.54, f1: 62.38
epoch: 626, val_loss:1.639495, acc: 66.80, bacc: 63.86, tmp_test_f1: 46.75, f1: 62.38
epoch: 627, val_loss:1.576803, acc: 66.80, bacc: 63.86, tmp_test_f1: 49.45, f1: 62.38
epoch: 628, val_loss:1.514189, acc: 66.80, bacc: 63.86, tmp_test_f1: 50.03, f1: 62.38
Epoch 00629: reducing learning rate of group 0 to 1.2500e-02.
Epoch 00629: reducing learning rate of group 1 to 1.2500e-02.
epoch: 629, val_loss:1.480604, acc: 66.80, bacc: 63.86, tmp_test_f1: 51.09, f1: 62.38
epoch: 630, val_loss:1.444595, acc: 66.80, bacc: 63.86, tmp_test_f1: 51.53, f1: 62.38
epoch: 631, val_loss:1.434696, acc: 66.80, bacc: 63.86, tmp_test_f1: 51.33, f1: 62.38
epoch: 632, val_loss:1.428536, acc: 66.80, bacc: 63.86, tmp_test_f1: 52.19, f1: 62.38
epoch: 633, val_loss:1.420170, acc: 66.80, bacc: 63.86, tmp_test_f1: 52.76, f1: 62.38
epoch: 634, val_loss:1.412960, acc: 66.80, bacc: 63.86, tmp_test_f1: 52.69, f1: 62.38
epoch: 635, val_loss:1.413254, acc: 66.80, bacc: 63.86, tmp_test_f1: 52.08, f1: 62.38
epoch: 636, val_loss:1.419695, acc: 66.80, bacc: 63.86, tmp_test_f1: 51.95, f1: 62.38
epoch: 637, val_loss:1.420601, acc: 66.80, bacc: 63.86, tmp_test_f1: 52.03, f1: 62.38
epoch: 638, val_loss:1.423723, acc: 66.80, bacc: 63.86, tmp_test_f1: 52.03, f1: 62.38
epoch: 639, val_loss:1.425722, acc: 66.80, bacc: 63.86, tmp_test_f1: 53.04, f1: 62.38
epoch: 640, val_loss:1.428974, acc: 66.80, bacc: 63.86, tmp_test_f1: 52.66, f1: 62.38
epoch: 641, val_loss:1.436292, acc: 66.80, bacc: 63.86, tmp_test_f1: 52.38, f1: 62.38
epoch: 642, val_loss:1.445696, acc: 66.80, bacc: 63.86, tmp_test_f1: 52.89, f1: 62.38
epoch: 643, val_loss:1.449398, acc: 66.80, bacc: 63.86, tmp_test_f1: 53.57, f1: 62.38
epoch: 644, val_loss:1.443772, acc: 66.80, bacc: 63.86, tmp_test_f1: 53.00, f1: 62.38
epoch: 645, val_loss:1.445568, acc: 66.80, bacc: 63.86, tmp_test_f1: 53.67, f1: 62.38
epoch: 646, val_loss:1.445188, acc: 66.80, bacc: 63.86, tmp_test_f1: 53.72, f1: 62.38
epoch: 647, val_loss:1.451294, acc: 66.80, bacc: 63.86, tmp_test_f1: 53.78, f1: 62.38
epoch: 648, val_loss:1.456237, acc: 66.80, bacc: 63.86, tmp_test_f1: 53.08, f1: 62.38
epoch: 649, val_loss:1.458325, acc: 66.80, bacc: 63.86, tmp_test_f1: 52.74, f1: 62.38
epoch: 650, val_loss:1.466454, acc: 66.80, bacc: 63.86, tmp_test_f1: 52.25, f1: 62.38
epoch: 651, val_loss:1.485057, acc: 66.80, bacc: 63.86, tmp_test_f1: 51.16, f1: 62.38
epoch: 652, val_loss:1.506657, acc: 66.80, bacc: 63.86, tmp_test_f1: 51.37, f1: 62.38
epoch: 653, val_loss:1.522751, acc: 66.80, bacc: 63.86, tmp_test_f1: 50.34, f1: 62.38
epoch: 654, val_loss:1.529257, acc: 66.80, bacc: 63.86, tmp_test_f1: 50.42, f1: 62.38
epoch: 655, val_loss:1.526079, acc: 66.80, bacc: 63.86, tmp_test_f1: 50.40, f1: 62.38
epoch: 656, val_loss:1.528885, acc: 66.80, bacc: 63.86, tmp_test_f1: 50.58, f1: 62.38
epoch: 657, val_loss:1.520920, acc: 66.80, bacc: 63.86, tmp_test_f1: 50.44, f1: 62.38
epoch: 658, val_loss:1.511899, acc: 66.80, bacc: 63.86, tmp_test_f1: 50.43, f1: 62.38
epoch: 659, val_loss:1.503149, acc: 66.80, bacc: 63.86, tmp_test_f1: 50.43, f1: 62.38
epoch: 660, val_loss:1.500883, acc: 66.80, bacc: 63.86, tmp_test_f1: 50.01, f1: 62.38
epoch: 661, val_loss:1.501893, acc: 66.80, bacc: 63.86, tmp_test_f1: 50.24, f1: 62.38
epoch: 662, val_loss:1.491473, acc: 66.80, bacc: 63.86, tmp_test_f1: 49.70, f1: 62.38
epoch: 663, val_loss:1.484867, acc: 66.80, bacc: 63.86, tmp_test_f1: 49.83, f1: 62.38
epoch: 664, val_loss:1.482714, acc: 66.80, bacc: 63.86, tmp_test_f1: 50.18, f1: 62.38
epoch: 665, val_loss:1.479770, acc: 66.80, bacc: 63.86, tmp_test_f1: 50.49, f1: 62.38
epoch: 666, val_loss:1.485492, acc: 66.80, bacc: 63.86, tmp_test_f1: 50.56, f1: 62.38
epoch: 667, val_loss:1.493489, acc: 66.80, bacc: 63.86, tmp_test_f1: 50.31, f1: 62.38
epoch: 668, val_loss:1.500076, acc: 66.80, bacc: 63.86, tmp_test_f1: 50.83, f1: 62.38
epoch: 669, val_loss:1.492532, acc: 66.80, bacc: 63.86, tmp_test_f1: 51.03, f1: 62.38
epoch: 670, val_loss:1.477820, acc: 66.80, bacc: 63.86, tmp_test_f1: 51.55, f1: 62.38
epoch: 671, val_loss:1.456195, acc: 66.80, bacc: 63.86, tmp_test_f1: 52.05, f1: 62.38
epoch: 672, val_loss:1.435153, acc: 66.80, bacc: 63.86, tmp_test_f1: 52.77, f1: 62.38
epoch: 673, val_loss:1.415784, acc: 66.80, bacc: 63.86, tmp_test_f1: 52.88, f1: 62.38
epoch: 674, val_loss:1.399589, acc: 66.80, bacc: 63.86, tmp_test_f1: 53.05, f1: 62.38
epoch: 675, val_loss:1.388735, acc: 66.80, bacc: 63.86, tmp_test_f1: 53.24, f1: 62.38
epoch: 676, val_loss:1.384787, acc: 66.80, bacc: 63.86, tmp_test_f1: 53.07, f1: 62.38
epoch: 677, val_loss:1.385677, acc: 66.80, bacc: 63.86, tmp_test_f1: 52.98, f1: 62.38
epoch: 678, val_loss:1.391017, acc: 66.80, bacc: 63.86, tmp_test_f1: 52.65, f1: 62.38
epoch: 679, val_loss:1.404959, acc: 66.80, bacc: 63.86, tmp_test_f1: 52.22, f1: 62.38
epoch: 680, val_loss:1.419652, acc: 66.80, bacc: 63.86, tmp_test_f1: 52.44, f1: 62.38
epoch: 681, val_loss:1.409559, acc: 66.80, bacc: 63.86, tmp_test_f1: 52.82, f1: 62.38
epoch: 682, val_loss:1.398044, acc: 66.80, bacc: 63.86, tmp_test_f1: 53.33, f1: 62.38
epoch: 683, val_loss:1.388712, acc: 66.80, bacc: 63.86, tmp_test_f1: 53.92, f1: 62.38
epoch: 684, val_loss:1.382281, acc: 66.80, bacc: 63.86, tmp_test_f1: 53.99, f1: 62.38
epoch: 685, val_loss:1.363087, acc: 66.80, bacc: 63.86, tmp_test_f1: 55.11, f1: 62.38
epoch: 686, val_loss:1.351357, acc: 66.80, bacc: 63.86, tmp_test_f1: 55.33, f1: 62.38
epoch: 687, val_loss:1.352852, acc: 66.80, bacc: 63.86, tmp_test_f1: 55.03, f1: 62.38
epoch: 688, val_loss:1.361149, acc: 66.80, bacc: 63.86, tmp_test_f1: 54.23, f1: 62.38
epoch: 689, val_loss:1.368626, acc: 66.80, bacc: 63.86, tmp_test_f1: 53.80, f1: 62.38
epoch: 690, val_loss:1.381635, acc: 66.80, bacc: 63.86, tmp_test_f1: 53.02, f1: 62.38
epoch: 691, val_loss:1.393472, acc: 66.80, bacc: 63.86, tmp_test_f1: 52.73, f1: 62.38
epoch: 692, val_loss:1.406642, acc: 66.80, bacc: 63.86, tmp_test_f1: 51.57, f1: 62.38
epoch: 693, val_loss:1.427439, acc: 66.80, bacc: 63.86, tmp_test_f1: 50.28, f1: 62.38
epoch: 694, val_loss:1.452959, acc: 66.80, bacc: 63.86, tmp_test_f1: 50.32, f1: 62.38
epoch: 695, val_loss:1.482961, acc: 66.80, bacc: 63.86, tmp_test_f1: 49.99, f1: 62.38
epoch: 696, val_loss:1.501372, acc: 66.80, bacc: 63.86, tmp_test_f1: 48.91, f1: 62.38
epoch: 697, val_loss:1.523147, acc: 66.80, bacc: 63.86, tmp_test_f1: 48.30, f1: 62.38
epoch: 698, val_loss:1.547354, acc: 66.80, bacc: 63.86, tmp_test_f1: 48.04, f1: 62.38
epoch: 699, val_loss:1.568488, acc: 66.80, bacc: 63.86, tmp_test_f1: 47.66, f1: 62.38
epoch: 700, val_loss:1.573388, acc: 66.80, bacc: 63.86, tmp_test_f1: 47.89, f1: 62.38
epoch: 701, val_loss:1.571199, acc: 66.80, bacc: 63.86, tmp_test_f1: 47.48, f1: 62.38
epoch: 702, val_loss:1.577322, acc: 66.80, bacc: 63.86, tmp_test_f1: 48.08, f1: 62.38
epoch: 703, val_loss:1.578586, acc: 66.80, bacc: 63.86, tmp_test_f1: 48.39, f1: 62.38
epoch: 704, val_loss:1.558336, acc: 66.80, bacc: 63.86, tmp_test_f1: 48.61, f1: 62.38
epoch: 705, val_loss:1.542281, acc: 66.80, bacc: 63.86, tmp_test_f1: 48.99, f1: 62.38
epoch: 706, val_loss:1.514751, acc: 66.80, bacc: 63.86, tmp_test_f1: 49.79, f1: 62.38
epoch: 707, val_loss:1.482447, acc: 66.80, bacc: 63.86, tmp_test_f1: 50.29, f1: 62.38
epoch: 708, val_loss:1.456743, acc: 66.80, bacc: 63.86, tmp_test_f1: 50.49, f1: 62.38
epoch: 709, val_loss:1.435157, acc: 66.80, bacc: 63.86, tmp_test_f1: 52.16, f1: 62.38
epoch: 710, val_loss:1.410459, acc: 66.80, bacc: 63.86, tmp_test_f1: 52.53, f1: 62.38
epoch: 711, val_loss:1.392742, acc: 66.80, bacc: 63.86, tmp_test_f1: 52.74, f1: 62.38
epoch: 712, val_loss:1.377507, acc: 66.80, bacc: 63.86, tmp_test_f1: 53.43, f1: 62.38
epoch: 713, val_loss:1.366571, acc: 66.80, bacc: 63.86, tmp_test_f1: 53.98, f1: 62.38
epoch: 714, val_loss:1.359465, acc: 66.80, bacc: 63.86, tmp_test_f1: 53.65, f1: 62.38
epoch: 715, val_loss:1.364945, acc: 66.80, bacc: 63.86, tmp_test_f1: 53.83, f1: 62.38
epoch: 716, val_loss:1.371331, acc: 66.80, bacc: 63.86, tmp_test_f1: 54.05, f1: 62.38
epoch: 717, val_loss:1.384521, acc: 66.80, bacc: 63.86, tmp_test_f1: 52.71, f1: 62.38
epoch: 718, val_loss:1.396861, acc: 66.80, bacc: 63.86, tmp_test_f1: 51.99, f1: 62.38
epoch: 719, val_loss:1.412472, acc: 66.80, bacc: 63.86, tmp_test_f1: 52.01, f1: 62.38
epoch: 720, val_loss:1.419760, acc: 66.80, bacc: 63.86, tmp_test_f1: 51.83, f1: 62.38
epoch: 721, val_loss:1.433161, acc: 66.80, bacc: 63.86, tmp_test_f1: 51.45, f1: 62.38
epoch: 722, val_loss:1.443864, acc: 66.80, bacc: 63.86, tmp_test_f1: 50.71, f1: 62.38
epoch: 723, val_loss:1.451237, acc: 66.80, bacc: 63.86, tmp_test_f1: 50.57, f1: 62.38
epoch: 724, val_loss:1.453085, acc: 66.80, bacc: 63.86, tmp_test_f1: 50.71, f1: 62.38
epoch: 725, val_loss:1.444610, acc: 66.80, bacc: 63.86, tmp_test_f1: 51.70, f1: 62.38
epoch: 726, val_loss:1.423459, acc: 66.80, bacc: 63.86, tmp_test_f1: 51.95, f1: 62.38
epoch: 727, val_loss:1.410441, acc: 66.80, bacc: 63.86, tmp_test_f1: 52.39, f1: 62.38
epoch: 728, val_loss:1.399099, acc: 66.80, bacc: 63.86, tmp_test_f1: 52.80, f1: 62.38
epoch: 729, val_loss:1.395176, acc: 66.80, bacc: 63.86, tmp_test_f1: 53.11, f1: 62.38
epoch: 730, val_loss:1.396926, acc: 66.80, bacc: 63.86, tmp_test_f1: 52.75, f1: 62.38
epoch: 731, val_loss:1.401036, acc: 66.80, bacc: 63.86, tmp_test_f1: 53.16, f1: 62.38
epoch: 732, val_loss:1.402414, acc: 66.80, bacc: 63.86, tmp_test_f1: 52.54, f1: 62.38
epoch: 733, val_loss:1.405259, acc: 66.80, bacc: 63.86, tmp_test_f1: 51.94, f1: 62.38
epoch: 734, val_loss:1.410767, acc: 66.80, bacc: 63.86, tmp_test_f1: 51.70, f1: 62.38
epoch: 735, val_loss:1.419401, acc: 66.80, bacc: 63.86, tmp_test_f1: 51.65, f1: 62.38
epoch: 736, val_loss:1.434236, acc: 66.80, bacc: 63.86, tmp_test_f1: 50.55, f1: 62.38
epoch: 737, val_loss:1.454523, acc: 66.80, bacc: 63.86, tmp_test_f1: 49.62, f1: 62.38
epoch: 738, val_loss:1.469133, acc: 66.80, bacc: 63.86, tmp_test_f1: 49.24, f1: 62.38
epoch: 739, val_loss:1.474988, acc: 66.80, bacc: 63.86, tmp_test_f1: 48.92, f1: 62.38
epoch: 740, val_loss:1.478631, acc: 66.80, bacc: 63.86, tmp_test_f1: 49.05, f1: 62.38
epoch: 741, val_loss:1.471960, acc: 66.80, bacc: 63.86, tmp_test_f1: 49.05, f1: 62.38
epoch: 742, val_loss:1.472994, acc: 66.80, bacc: 63.86, tmp_test_f1: 49.17, f1: 62.38
epoch: 743, val_loss:1.473504, acc: 66.80, bacc: 63.86, tmp_test_f1: 50.09, f1: 62.38
epoch: 744, val_loss:1.458423, acc: 66.80, bacc: 63.86, tmp_test_f1: 49.92, f1: 62.38
epoch: 745, val_loss:1.457418, acc: 66.80, bacc: 63.86, tmp_test_f1: 50.22, f1: 62.38
epoch: 746, val_loss:1.463873, acc: 66.80, bacc: 63.86, tmp_test_f1: 50.59, f1: 62.38
epoch: 747, val_loss:1.460843, acc: 66.80, bacc: 63.86, tmp_test_f1: 50.69, f1: 62.38
epoch: 748, val_loss:1.461099, acc: 66.80, bacc: 63.86, tmp_test_f1: 50.96, f1: 62.38
epoch: 749, val_loss:1.459652, acc: 66.80, bacc: 63.86, tmp_test_f1: 51.27, f1: 62.38
epoch: 750, val_loss:1.451618, acc: 66.80, bacc: 63.86, tmp_test_f1: 52.05, f1: 62.38
epoch: 751, val_loss:1.434451, acc: 66.80, bacc: 63.86, tmp_test_f1: 53.43, f1: 62.38
epoch: 752, val_loss:1.417036, acc: 66.80, bacc: 63.86, tmp_test_f1: 54.49, f1: 62.38
epoch: 753, val_loss:1.401274, acc: 66.80, bacc: 63.86, tmp_test_f1: 54.91, f1: 62.38
epoch: 754, val_loss:1.390591, acc: 66.80, bacc: 63.86, tmp_test_f1: 54.47, f1: 62.38
epoch: 755, val_loss:1.386764, acc: 66.80, bacc: 63.86, tmp_test_f1: 53.87, f1: 62.38
epoch: 756, val_loss:1.390248, acc: 66.80, bacc: 63.86, tmp_test_f1: 53.01, f1: 62.38
epoch: 757, val_loss:1.401125, acc: 66.80, bacc: 63.86, tmp_test_f1: 51.83, f1: 62.38
epoch: 758, val_loss:1.416397, acc: 66.80, bacc: 63.86, tmp_test_f1: 51.82, f1: 62.38
epoch: 759, val_loss:1.436645, acc: 66.80, bacc: 63.86, tmp_test_f1: 50.57, f1: 62.38
epoch: 760, val_loss:1.453423, acc: 66.80, bacc: 63.86, tmp_test_f1: 50.64, f1: 62.38
epoch: 761, val_loss:1.458286, acc: 66.80, bacc: 63.86, tmp_test_f1: 50.59, f1: 62.38
epoch: 762, val_loss:1.466698, acc: 66.80, bacc: 63.86, tmp_test_f1: 50.65, f1: 62.38
epoch: 763, val_loss:1.467872, acc: 66.80, bacc: 63.86, tmp_test_f1: 50.26, f1: 62.38
epoch: 764, val_loss:1.471382, acc: 66.80, bacc: 63.86, tmp_test_f1: 50.55, f1: 62.38
epoch: 765, val_loss:1.476982, acc: 66.80, bacc: 63.86, tmp_test_f1: 50.59, f1: 62.38
epoch: 766, val_loss:1.481194, acc: 66.80, bacc: 63.86, tmp_test_f1: 50.98, f1: 62.38
epoch: 767, val_loss:1.488277, acc: 66.80, bacc: 63.86, tmp_test_f1: 51.18, f1: 62.38
epoch: 768, val_loss:1.493854, acc: 66.80, bacc: 63.86, tmp_test_f1: 50.71, f1: 62.38
epoch: 769, val_loss:1.501496, acc: 66.80, bacc: 63.86, tmp_test_f1: 50.20, f1: 62.38
epoch: 770, val_loss:1.508895, acc: 66.80, bacc: 63.86, tmp_test_f1: 50.22, f1: 62.38
epoch: 771, val_loss:1.517733, acc: 66.80, bacc: 63.86, tmp_test_f1: 50.20, f1: 62.38
epoch: 772, val_loss:1.524384, acc: 66.80, bacc: 63.86, tmp_test_f1: 48.91, f1: 62.38
epoch: 773, val_loss:1.547012, acc: 66.80, bacc: 63.86, tmp_test_f1: 48.04, f1: 62.38
epoch: 774, val_loss:1.568171, acc: 66.80, bacc: 63.86, tmp_test_f1: 47.32, f1: 62.38
epoch: 775, val_loss:1.588707, acc: 66.80, bacc: 63.86, tmp_test_f1: 47.60, f1: 62.38
epoch: 776, val_loss:1.592818, acc: 66.80, bacc: 63.86, tmp_test_f1: 48.25, f1: 62.38
epoch: 777, val_loss:1.573174, acc: 66.80, bacc: 63.86, tmp_test_f1: 48.99, f1: 62.38
epoch: 778, val_loss:1.553754, acc: 66.80, bacc: 63.86, tmp_test_f1: 49.63, f1: 62.38
epoch: 779, val_loss:1.532146, acc: 66.80, bacc: 63.86, tmp_test_f1: 50.25, f1: 62.38
epoch: 780, val_loss:1.512994, acc: 66.80, bacc: 63.86, tmp_test_f1: 51.58, f1: 62.38
epoch: 781, val_loss:1.486611, acc: 66.80, bacc: 63.86, tmp_test_f1: 52.46, f1: 62.38
epoch: 782, val_loss:1.450968, acc: 66.80, bacc: 63.86, tmp_test_f1: 53.04, f1: 62.38
epoch: 783, val_loss:1.422546, acc: 66.80, bacc: 63.86, tmp_test_f1: 54.37, f1: 62.38
epoch: 784, val_loss:1.400147, acc: 66.80, bacc: 63.86, tmp_test_f1: 54.32, f1: 62.38
epoch: 785, val_loss:1.391438, acc: 66.80, bacc: 63.86, tmp_test_f1: 55.17, f1: 62.38
epoch: 786, val_loss:1.386309, acc: 66.80, bacc: 63.86, tmp_test_f1: 55.28, f1: 62.38
epoch: 787, val_loss:1.389801, acc: 66.80, bacc: 63.86, tmp_test_f1: 55.04, f1: 62.38
epoch: 788, val_loss:1.395967, acc: 66.80, bacc: 63.86, tmp_test_f1: 54.27, f1: 62.38
epoch: 789, val_loss:1.406062, acc: 66.80, bacc: 63.86, tmp_test_f1: 53.82, f1: 62.38
epoch: 790, val_loss:1.414839, acc: 66.80, bacc: 63.86, tmp_test_f1: 53.11, f1: 62.38
epoch: 791, val_loss:1.424337, acc: 66.80, bacc: 63.86, tmp_test_f1: 52.22, f1: 62.38
epoch: 792, val_loss:1.440405, acc: 66.80, bacc: 63.86, tmp_test_f1: 52.31, f1: 62.38
epoch: 793, val_loss:1.455542, acc: 66.80, bacc: 63.86, tmp_test_f1: 52.05, f1: 62.38
epoch: 794, val_loss:1.461791, acc: 66.80, bacc: 63.86, tmp_test_f1: 51.30, f1: 62.38
epoch: 795, val_loss:1.465069, acc: 66.80, bacc: 63.86, tmp_test_f1: 50.44, f1: 62.38
epoch: 796, val_loss:1.465961, acc: 66.80, bacc: 63.86, tmp_test_f1: 50.44, f1: 62.38
epoch: 797, val_loss:1.457040, acc: 66.80, bacc: 63.86, tmp_test_f1: 50.35, f1: 62.38
epoch: 798, val_loss:1.447270, acc: 66.80, bacc: 63.86, tmp_test_f1: 50.84, f1: 62.38
epoch: 799, val_loss:1.435843, acc: 66.80, bacc: 63.86, tmp_test_f1: 51.93, f1: 62.38
epoch: 800, val_loss:1.417188, acc: 66.80, bacc: 63.86, tmp_test_f1: 52.23, f1: 62.38
epoch: 801, val_loss:1.407115, acc: 66.80, bacc: 63.86, tmp_test_f1: 53.28, f1: 62.38
epoch: 802, val_loss:1.396215, acc: 66.80, bacc: 63.86, tmp_test_f1: 52.84, f1: 62.38
epoch: 803, val_loss:1.391989, acc: 66.80, bacc: 63.86, tmp_test_f1: 52.75, f1: 62.38
epoch: 804, val_loss:1.388073, acc: 66.80, bacc: 63.86, tmp_test_f1: 52.66, f1: 62.38
epoch: 805, val_loss:1.391672, acc: 66.80, bacc: 63.86, tmp_test_f1: 52.41, f1: 62.38
epoch: 806, val_loss:1.398625, acc: 66.80, bacc: 63.86, tmp_test_f1: 52.04, f1: 62.38
epoch: 807, val_loss:1.406918, acc: 66.80, bacc: 63.86, tmp_test_f1: 51.75, f1: 62.38
epoch: 808, val_loss:1.412695, acc: 66.80, bacc: 63.86, tmp_test_f1: 51.88, f1: 62.38
epoch: 809, val_loss:1.418125, acc: 66.80, bacc: 63.86, tmp_test_f1: 52.01, f1: 62.38
epoch: 810, val_loss:1.418872, acc: 66.80, bacc: 63.86, tmp_test_f1: 51.69, f1: 62.38
epoch: 811, val_loss:1.425289, acc: 66.80, bacc: 63.86, tmp_test_f1: 52.19, f1: 62.38
epoch: 812, val_loss:1.427998, acc: 66.80, bacc: 63.86, tmp_test_f1: 52.52, f1: 62.38
epoch: 813, val_loss:1.420269, acc: 66.80, bacc: 63.86, tmp_test_f1: 52.45, f1: 62.38
epoch: 814, val_loss:1.415162, acc: 66.80, bacc: 63.86, tmp_test_f1: 51.78, f1: 62.38
epoch: 815, val_loss:1.424021, acc: 66.80, bacc: 63.86, tmp_test_f1: 51.79, f1: 62.38
epoch: 816, val_loss:1.436361, acc: 66.80, bacc: 63.86, tmp_test_f1: 51.26, f1: 62.38
epoch: 817, val_loss:1.457761, acc: 66.80, bacc: 63.86, tmp_test_f1: 50.47, f1: 62.38
epoch: 818, val_loss:1.477015, acc: 66.80, bacc: 63.86, tmp_test_f1: 49.05, f1: 62.38
epoch: 819, val_loss:1.495130, acc: 66.80, bacc: 63.86, tmp_test_f1: 48.57, f1: 62.38
epoch: 820, val_loss:1.509904, acc: 66.80, bacc: 63.86, tmp_test_f1: 48.32, f1: 62.38
epoch: 821, val_loss:1.506059, acc: 66.80, bacc: 63.86, tmp_test_f1: 48.38, f1: 62.38
epoch: 822, val_loss:1.503693, acc: 66.80, bacc: 63.86, tmp_test_f1: 48.77, f1: 62.38
epoch: 823, val_loss:1.500177, acc: 66.80, bacc: 63.86, tmp_test_f1: 49.21, f1: 62.38
epoch: 824, val_loss:1.488786, acc: 66.80, bacc: 63.86, tmp_test_f1: 49.86, f1: 62.38
epoch: 825, val_loss:1.461430, acc: 66.80, bacc: 63.86, tmp_test_f1: 51.05, f1: 62.38
epoch: 826, val_loss:1.443450, acc: 66.80, bacc: 63.86, tmp_test_f1: 52.88, f1: 62.38
epoch: 827, val_loss:1.419429, acc: 66.80, bacc: 63.86, tmp_test_f1: 53.78, f1: 62.38
epoch: 828, val_loss:1.404190, acc: 66.80, bacc: 63.86, tmp_test_f1: 54.24, f1: 62.38
epoch: 829, val_loss:1.398034, acc: 66.80, bacc: 63.86, tmp_test_f1: 54.69, f1: 62.38
Epoch 00830: reducing learning rate of group 0 to 6.2500e-03.
Epoch 00830: reducing learning rate of group 1 to 6.2500e-03.
epoch: 830, val_loss:1.395442, acc: 66.80, bacc: 63.86, tmp_test_f1: 54.59, f1: 62.38
epoch: 831, val_loss:1.401319, acc: 66.80, bacc: 63.86, tmp_test_f1: 54.68, f1: 62.38
epoch: 832, val_loss:1.405668, acc: 66.80, bacc: 63.86, tmp_test_f1: 54.32, f1: 62.38
epoch: 833, val_loss:1.410521, acc: 66.80, bacc: 63.86, tmp_test_f1: 54.41, f1: 62.38
epoch: 834, val_loss:1.417567, acc: 66.80, bacc: 63.86, tmp_test_f1: 54.17, f1: 62.38
epoch: 835, val_loss:1.421490, acc: 66.80, bacc: 63.86, tmp_test_f1: 54.19, f1: 62.38
epoch: 836, val_loss:1.422647, acc: 66.80, bacc: 63.86, tmp_test_f1: 54.19, f1: 62.38
epoch: 837, val_loss:1.421710, acc: 66.80, bacc: 63.86, tmp_test_f1: 53.59, f1: 62.38
epoch: 838, val_loss:1.419805, acc: 66.80, bacc: 63.86, tmp_test_f1: 53.39, f1: 62.38
epoch: 839, val_loss:1.421169, acc: 66.80, bacc: 63.86, tmp_test_f1: 53.29, f1: 62.38
epoch: 840, val_loss:1.418424, acc: 66.80, bacc: 63.86, tmp_test_f1: 53.21, f1: 62.38
epoch: 841, val_loss:1.417083, acc: 66.80, bacc: 63.86, tmp_test_f1: 53.36, f1: 62.38
epoch: 842, val_loss:1.414089, acc: 66.80, bacc: 63.86, tmp_test_f1: 53.55, f1: 62.38
epoch: 843, val_loss:1.411032, acc: 66.80, bacc: 63.86, tmp_test_f1: 53.38, f1: 62.38
epoch: 844, val_loss:1.409454, acc: 66.80, bacc: 63.86, tmp_test_f1: 53.07, f1: 62.38
epoch: 845, val_loss:1.408604, acc: 66.80, bacc: 63.86, tmp_test_f1: 52.68, f1: 62.38
GAT dgl/coraTrue 100 Aug 23 EndEpoch 845 lr 0.1
SHAsplit  0, acc: 66.80, bacc: 63.86, f1: 62.38
