cuda is not available, using CPU.
Namespace(to_undirected=True, from_SHA=True, IsDirectedData=True, AugDirect=21, net='GCN', GPUdevice=1, seed=100, undirect_dataset='CiteSeer', Direct_dataset='dgl/cora', imb_ratio=100, dropout=0.1, num_filter=2, layer=2, alpha=0.1, K=2, feat_dim=64, warmup=5, epoch=1500, lr=0.1, l2=0.0005, tau=2, max=False, no_mask=False, gdc='ppr', heads=8, log_root='../logs/', log_path='test', data_path='../dataset/data/tmp/')
  NumNodes: 2708
  NumEdges: 5278
  NumFeats: 1433
  NumClasses: 7
  NumTrainingSamples: 140
  NumValidationSamples: 500
  NumTestSamples: 1000
Done loading data from cached files.
dict_keys(['feat', 'label', 'test_mask', 'val_mask', 'train_mask'])
Converted to undirected data
test_f1 CountNotImproved reset to 0 in epoch 0
epoch:   0, val_loss:1.945827, acc: 13.00, bacc: 14.29, tmp_test_f1: 3.29, f1: 3.29
epoch:   1, val_loss:2.198025, acc: 13.00, bacc: 14.29, tmp_test_f1: 3.29, f1: 3.29
test_f1 CountNotImproved reset to 0 in epoch 2
epoch:   2, val_loss:3.180344, acc: 19.70, bacc: 24.95, tmp_test_f1: 14.20, f1: 14.20
epoch:   3, val_loss:3.566717, acc: 19.70, bacc: 24.95, tmp_test_f1: 13.05, f1: 14.20
test_f1 CountNotImproved reset to 0 in epoch 4
epoch:   4, val_loss:3.468894, acc: 23.10, bacc: 27.98, tmp_test_f1: 20.03, f1: 20.03
test_f1 CountNotImproved reset to 0 in epoch 5
epoch:   5, val_loss:3.126514, acc: 28.50, bacc: 33.97, tmp_test_f1: 22.50, f1: 22.50
test_f1 CountNotImproved reset to 0 in epoch 6
epoch:   6, val_loss:2.789282, acc: 38.20, bacc: 40.43, tmp_test_f1: 28.95, f1: 28.95
test_f1 CountNotImproved reset to 0 in epoch 7
epoch:   7, val_loss:2.198811, acc: 40.90, bacc: 42.03, tmp_test_f1: 31.19, f1: 31.19
epoch:   8, val_loss:1.792802, acc: 40.90, bacc: 42.03, tmp_test_f1: 26.54, f1: 31.19
epoch:   9, val_loss:1.704834, acc: 40.90, bacc: 42.03, tmp_test_f1: 26.47, f1: 31.19
epoch:  10, val_loss:1.740488, acc: 40.90, bacc: 42.03, tmp_test_f1: 26.35, f1: 31.19
epoch:  11, val_loss:1.776105, acc: 40.90, bacc: 42.03, tmp_test_f1: 25.55, f1: 31.19
epoch:  12, val_loss:1.811728, acc: 40.90, bacc: 42.03, tmp_test_f1: 24.77, f1: 31.19
epoch:  13, val_loss:1.835468, acc: 40.90, bacc: 42.03, tmp_test_f1: 23.40, f1: 31.19
epoch:  14, val_loss:1.841453, acc: 40.90, bacc: 42.03, tmp_test_f1: 23.82, f1: 31.19
epoch:  15, val_loss:1.795846, acc: 40.90, bacc: 42.03, tmp_test_f1: 24.98, f1: 31.19
epoch:  16, val_loss:1.704819, acc: 40.90, bacc: 42.03, tmp_test_f1: 28.31, f1: 31.19
test_f1 CountNotImproved reset to 0 in epoch 17
epoch:  17, val_loss:1.587264, acc: 45.00, bacc: 45.32, tmp_test_f1: 35.52, f1: 35.52
test_f1 CountNotImproved reset to 0 in epoch 18
epoch:  18, val_loss:1.450842, acc: 54.00, bacc: 51.85, tmp_test_f1: 43.10, f1: 43.10
test_f1 CountNotImproved reset to 0 in epoch 19
epoch:  19, val_loss:1.357128, acc: 57.10, bacc: 53.59, tmp_test_f1: 45.33, f1: 45.33
test_f1 CountNotImproved reset to 0 in epoch 20
epoch:  20, val_loss:1.305016, acc: 58.80, bacc: 54.97, tmp_test_f1: 47.36, f1: 47.36
test_f1 CountNotImproved reset to 0 in epoch 21
epoch:  21, val_loss:1.279344, acc: 57.80, bacc: 53.88, tmp_test_f1: 48.03, f1: 48.03
epoch:  22, val_loss:1.273511, acc: 57.80, bacc: 53.88, tmp_test_f1: 47.33, f1: 48.03
epoch:  23, val_loss:1.328284, acc: 57.80, bacc: 53.88, tmp_test_f1: 47.99, f1: 48.03
test_f1 CountNotImproved reset to 0 in epoch 24
epoch:  24, val_loss:1.317795, acc: 58.30, bacc: 56.48, tmp_test_f1: 50.89, f1: 50.89
test_f1 CountNotImproved reset to 0 in epoch 25
epoch:  25, val_loss:1.281532, acc: 60.30, bacc: 58.88, tmp_test_f1: 53.26, f1: 53.26
test_f1 CountNotImproved reset to 0 in epoch 26
epoch:  26, val_loss:1.257429, acc: 63.70, bacc: 61.63, tmp_test_f1: 57.47, f1: 57.47
epoch:  27, val_loss:1.199163, acc: 63.70, bacc: 61.63, tmp_test_f1: 57.18, f1: 57.47
epoch:  28, val_loss:1.165685, acc: 63.70, bacc: 61.63, tmp_test_f1: 54.36, f1: 57.47
epoch:  29, val_loss:1.153608, acc: 63.70, bacc: 61.63, tmp_test_f1: 54.81, f1: 57.47
test_f1 CountNotImproved reset to 0 in epoch 30
epoch:  30, val_loss:1.130191, acc: 65.70, bacc: 62.59, tmp_test_f1: 58.96, f1: 58.96
test_f1 CountNotImproved reset to 0 in epoch 31
epoch:  31, val_loss:1.116085, acc: 66.10, bacc: 65.19, tmp_test_f1: 60.57, f1: 60.57
epoch:  32, val_loss:1.115019, acc: 66.10, bacc: 65.19, tmp_test_f1: 59.74, f1: 60.57
epoch:  33, val_loss:1.148946, acc: 66.10, bacc: 65.19, tmp_test_f1: 58.59, f1: 60.57
epoch:  34, val_loss:1.188734, acc: 66.10, bacc: 65.19, tmp_test_f1: 57.64, f1: 60.57
epoch:  35, val_loss:1.209368, acc: 66.10, bacc: 65.19, tmp_test_f1: 55.28, f1: 60.57
epoch:  36, val_loss:1.186121, acc: 66.10, bacc: 65.19, tmp_test_f1: 55.93, f1: 60.57
epoch:  37, val_loss:1.148686, acc: 66.10, bacc: 65.19, tmp_test_f1: 58.16, f1: 60.57
epoch:  38, val_loss:1.123148, acc: 66.10, bacc: 65.19, tmp_test_f1: 57.59, f1: 60.57
epoch:  39, val_loss:1.111782, acc: 66.10, bacc: 65.19, tmp_test_f1: 57.62, f1: 60.57
epoch:  40, val_loss:1.166243, acc: 66.10, bacc: 65.19, tmp_test_f1: 55.43, f1: 60.57
test_f1 CountNotImproved reset to 0 in epoch 41
epoch:  41, val_loss:1.221658, acc: 62.50, bacc: 62.78, tmp_test_f1: 60.90, f1: 60.90
epoch:  42, val_loss:1.146700, acc: 62.50, bacc: 62.78, tmp_test_f1: 60.09, f1: 60.90
epoch:  43, val_loss:1.166820, acc: 62.50, bacc: 62.78, tmp_test_f1: 58.20, f1: 60.90
epoch:  44, val_loss:1.165692, acc: 62.50, bacc: 62.78, tmp_test_f1: 53.01, f1: 60.90
epoch:  45, val_loss:1.244997, acc: 62.50, bacc: 62.78, tmp_test_f1: 53.45, f1: 60.90
epoch:  46, val_loss:1.228714, acc: 62.50, bacc: 62.78, tmp_test_f1: 57.92, f1: 60.90
test_f1 CountNotImproved reset to 0 in epoch 47
epoch:  47, val_loss:1.077467, acc: 67.40, bacc: 62.78, tmp_test_f1: 61.95, f1: 61.95
epoch:  48, val_loss:1.017356, acc: 67.40, bacc: 62.78, tmp_test_f1: 61.30, f1: 61.95
test_f1 CountNotImproved reset to 0 in epoch 49
epoch:  49, val_loss:1.041033, acc: 64.60, bacc: 63.72, tmp_test_f1: 62.45, f1: 62.45
epoch:  50, val_loss:1.124481, acc: 64.60, bacc: 63.72, tmp_test_f1: 58.61, f1: 62.45
epoch:  51, val_loss:1.208271, acc: 64.60, bacc: 63.72, tmp_test_f1: 54.82, f1: 62.45
epoch:  52, val_loss:1.306654, acc: 64.60, bacc: 63.72, tmp_test_f1: 58.11, f1: 62.45
epoch:  53, val_loss:1.215547, acc: 64.60, bacc: 63.72, tmp_test_f1: 61.27, f1: 62.45
test_f1 CountNotImproved reset to 0 in epoch 54
epoch:  54, val_loss:1.083017, acc: 68.10, bacc: 66.07, tmp_test_f1: 63.47, f1: 63.47
epoch:  55, val_loss:1.053840, acc: 68.10, bacc: 66.07, tmp_test_f1: 62.67, f1: 63.47
epoch:  56, val_loss:1.061114, acc: 68.10, bacc: 66.07, tmp_test_f1: 56.09, f1: 63.47
epoch:  57, val_loss:1.166034, acc: 68.10, bacc: 66.07, tmp_test_f1: 53.33, f1: 63.47
epoch:  58, val_loss:1.251312, acc: 68.10, bacc: 66.07, tmp_test_f1: 55.64, f1: 63.47
epoch:  59, val_loss:1.227851, acc: 68.10, bacc: 66.07, tmp_test_f1: 59.00, f1: 63.47
epoch:  60, val_loss:1.122325, acc: 68.10, bacc: 66.07, tmp_test_f1: 62.49, f1: 63.47
epoch:  61, val_loss:1.080202, acc: 68.10, bacc: 66.07, tmp_test_f1: 63.23, f1: 63.47
epoch:  62, val_loss:1.085895, acc: 68.10, bacc: 66.07, tmp_test_f1: 60.65, f1: 63.47
epoch:  63, val_loss:1.131268, acc: 68.10, bacc: 66.07, tmp_test_f1: 57.89, f1: 63.47
epoch:  64, val_loss:1.198329, acc: 68.10, bacc: 66.07, tmp_test_f1: 60.93, f1: 63.47
epoch:  65, val_loss:1.197315, acc: 68.10, bacc: 66.07, tmp_test_f1: 60.69, f1: 63.47
epoch:  66, val_loss:1.135819, acc: 68.10, bacc: 66.07, tmp_test_f1: 60.40, f1: 63.47
epoch:  67, val_loss:1.140533, acc: 68.10, bacc: 66.07, tmp_test_f1: 59.85, f1: 63.47
epoch:  68, val_loss:1.162531, acc: 68.10, bacc: 66.07, tmp_test_f1: 60.36, f1: 63.47
epoch:  69, val_loss:1.157611, acc: 68.10, bacc: 66.07, tmp_test_f1: 61.20, f1: 63.47
epoch:  70, val_loss:1.147380, acc: 68.10, bacc: 66.07, tmp_test_f1: 60.78, f1: 63.47
epoch:  71, val_loss:1.186445, acc: 68.10, bacc: 66.07, tmp_test_f1: 60.73, f1: 63.47
epoch:  72, val_loss:1.199099, acc: 68.10, bacc: 66.07, tmp_test_f1: 62.72, f1: 63.47
epoch:  73, val_loss:1.148656, acc: 68.10, bacc: 66.07, tmp_test_f1: 61.76, f1: 63.47
epoch:  74, val_loss:1.114898, acc: 68.10, bacc: 66.07, tmp_test_f1: 59.36, f1: 63.47
epoch:  75, val_loss:1.220426, acc: 68.10, bacc: 66.07, tmp_test_f1: 59.70, f1: 63.47
epoch:  76, val_loss:1.211246, acc: 68.10, bacc: 66.07, tmp_test_f1: 58.42, f1: 63.47
epoch:  77, val_loss:1.227801, acc: 68.10, bacc: 66.07, tmp_test_f1: 61.14, f1: 63.47
epoch:  78, val_loss:1.148798, acc: 68.10, bacc: 66.07, tmp_test_f1: 62.20, f1: 63.47
epoch:  79, val_loss:1.130602, acc: 68.10, bacc: 66.07, tmp_test_f1: 63.09, f1: 63.47
epoch:  80, val_loss:1.120216, acc: 68.10, bacc: 66.07, tmp_test_f1: 63.01, f1: 63.47
test_f1 CountNotImproved reset to 0 in epoch 81
epoch:  81, val_loss:1.111417, acc: 68.80, bacc: 66.02, tmp_test_f1: 64.06, f1: 64.06
epoch:  82, val_loss:1.145636, acc: 68.80, bacc: 66.02, tmp_test_f1: 60.80, f1: 64.06
epoch:  83, val_loss:1.174126, acc: 68.80, bacc: 66.02, tmp_test_f1: 59.90, f1: 64.06
epoch:  84, val_loss:1.166347, acc: 68.80, bacc: 66.02, tmp_test_f1: 61.49, f1: 64.06
epoch:  85, val_loss:1.123356, acc: 68.80, bacc: 66.02, tmp_test_f1: 63.33, f1: 64.06
epoch:  86, val_loss:1.089969, acc: 68.80, bacc: 66.02, tmp_test_f1: 58.10, f1: 64.06
epoch:  87, val_loss:1.185880, acc: 68.80, bacc: 66.02, tmp_test_f1: 55.44, f1: 64.06
epoch:  88, val_loss:1.209762, acc: 68.80, bacc: 66.02, tmp_test_f1: 63.16, f1: 64.06
epoch:  89, val_loss:1.084159, acc: 68.80, bacc: 66.02, tmp_test_f1: 63.72, f1: 64.06
epoch:  90, val_loss:1.117907, acc: 68.80, bacc: 66.02, tmp_test_f1: 61.83, f1: 64.06
epoch:  91, val_loss:1.197446, acc: 68.80, bacc: 66.02, tmp_test_f1: 59.31, f1: 64.06
epoch:  92, val_loss:1.240920, acc: 68.80, bacc: 66.02, tmp_test_f1: 56.06, f1: 64.06
epoch:  93, val_loss:1.295218, acc: 68.80, bacc: 66.02, tmp_test_f1: 57.90, f1: 64.06
epoch:  94, val_loss:1.236409, acc: 68.80, bacc: 66.02, tmp_test_f1: 61.13, f1: 64.06
epoch:  95, val_loss:1.154729, acc: 68.80, bacc: 66.02, tmp_test_f1: 60.18, f1: 64.06
epoch:  96, val_loss:1.175972, acc: 68.80, bacc: 66.02, tmp_test_f1: 58.33, f1: 64.06
epoch:  97, val_loss:1.191238, acc: 68.80, bacc: 66.02, tmp_test_f1: 60.64, f1: 64.06
epoch:  98, val_loss:1.179228, acc: 68.80, bacc: 66.02, tmp_test_f1: 61.17, f1: 64.06
epoch:  99, val_loss:1.246671, acc: 68.80, bacc: 66.02, tmp_test_f1: 60.95, f1: 64.06
epoch: 100, val_loss:1.314764, acc: 68.80, bacc: 66.02, tmp_test_f1: 62.43, f1: 64.06
epoch: 101, val_loss:1.233590, acc: 68.80, bacc: 66.02, tmp_test_f1: 61.35, f1: 64.06
epoch: 102, val_loss:1.187953, acc: 68.80, bacc: 66.02, tmp_test_f1: 57.22, f1: 64.06
epoch: 103, val_loss:1.259261, acc: 68.80, bacc: 66.02, tmp_test_f1: 60.31, f1: 64.06
epoch: 104, val_loss:1.260821, acc: 68.80, bacc: 66.02, tmp_test_f1: 61.06, f1: 64.06
epoch: 105, val_loss:1.214094, acc: 68.80, bacc: 66.02, tmp_test_f1: 59.58, f1: 64.06
epoch: 106, val_loss:1.259909, acc: 68.80, bacc: 66.02, tmp_test_f1: 59.03, f1: 64.06
epoch: 107, val_loss:1.275367, acc: 68.80, bacc: 66.02, tmp_test_f1: 59.08, f1: 64.06
epoch: 108, val_loss:1.266426, acc: 68.80, bacc: 66.02, tmp_test_f1: 59.98, f1: 64.06
epoch: 109, val_loss:1.267274, acc: 68.80, bacc: 66.02, tmp_test_f1: 59.24, f1: 64.06
epoch: 110, val_loss:1.250673, acc: 68.80, bacc: 66.02, tmp_test_f1: 60.16, f1: 64.06
epoch: 111, val_loss:1.221672, acc: 68.80, bacc: 66.02, tmp_test_f1: 60.32, f1: 64.06
epoch: 112, val_loss:1.224778, acc: 68.80, bacc: 66.02, tmp_test_f1: 60.87, f1: 64.06
epoch: 113, val_loss:1.246018, acc: 68.80, bacc: 66.02, tmp_test_f1: 59.94, f1: 64.06
epoch: 114, val_loss:1.305049, acc: 68.80, bacc: 66.02, tmp_test_f1: 58.55, f1: 64.06
epoch: 115, val_loss:1.322307, acc: 68.80, bacc: 66.02, tmp_test_f1: 58.49, f1: 64.06
epoch: 116, val_loss:1.260906, acc: 68.80, bacc: 66.02, tmp_test_f1: 58.93, f1: 64.06
epoch: 117, val_loss:1.204474, acc: 68.80, bacc: 66.02, tmp_test_f1: 57.01, f1: 64.06
epoch: 118, val_loss:1.272549, acc: 68.80, bacc: 66.02, tmp_test_f1: 55.93, f1: 64.06
epoch: 119, val_loss:1.354666, acc: 68.80, bacc: 66.02, tmp_test_f1: 53.97, f1: 64.06
epoch: 120, val_loss:1.357810, acc: 68.80, bacc: 66.02, tmp_test_f1: 58.49, f1: 64.06
epoch: 121, val_loss:1.250539, acc: 68.80, bacc: 66.02, tmp_test_f1: 62.35, f1: 64.06
epoch: 122, val_loss:1.109855, acc: 68.80, bacc: 66.02, tmp_test_f1: 62.30, f1: 64.06
epoch: 123, val_loss:1.116525, acc: 68.80, bacc: 66.02, tmp_test_f1: 59.77, f1: 64.06
epoch: 124, val_loss:1.223153, acc: 68.80, bacc: 66.02, tmp_test_f1: 57.99, f1: 64.06
epoch: 125, val_loss:1.272966, acc: 68.80, bacc: 66.02, tmp_test_f1: 61.15, f1: 64.06
epoch: 126, val_loss:1.141864, acc: 68.80, bacc: 66.02, tmp_test_f1: 62.18, f1: 64.06
epoch: 127, val_loss:1.105083, acc: 68.80, bacc: 66.02, tmp_test_f1: 61.32, f1: 64.06
epoch: 128, val_loss:1.127634, acc: 68.80, bacc: 66.02, tmp_test_f1: 61.94, f1: 64.06
epoch: 129, val_loss:1.187826, acc: 68.80, bacc: 66.02, tmp_test_f1: 59.43, f1: 64.06
epoch: 130, val_loss:1.288884, acc: 68.80, bacc: 66.02, tmp_test_f1: 61.92, f1: 64.06
epoch: 131, val_loss:1.262163, acc: 68.80, bacc: 66.02, tmp_test_f1: 60.28, f1: 64.06
epoch: 132, val_loss:1.249850, acc: 68.80, bacc: 66.02, tmp_test_f1: 60.07, f1: 64.06
epoch: 133, val_loss:1.270613, acc: 68.80, bacc: 66.02, tmp_test_f1: 59.90, f1: 64.06
epoch: 134, val_loss:1.259634, acc: 68.80, bacc: 66.02, tmp_test_f1: 54.51, f1: 64.06
epoch: 135, val_loss:1.394777, acc: 68.80, bacc: 66.02, tmp_test_f1: 56.58, f1: 64.06
epoch: 136, val_loss:1.319442, acc: 68.80, bacc: 66.02, tmp_test_f1: 61.19, f1: 64.06
epoch: 137, val_loss:1.178374, acc: 68.80, bacc: 66.02, tmp_test_f1: 63.06, f1: 64.06
epoch: 138, val_loss:1.143354, acc: 68.80, bacc: 66.02, tmp_test_f1: 59.76, f1: 64.06
epoch: 139, val_loss:1.168505, acc: 68.80, bacc: 66.02, tmp_test_f1: 58.69, f1: 64.06
epoch: 140, val_loss:1.269584, acc: 68.80, bacc: 66.02, tmp_test_f1: 53.60, f1: 64.06
epoch: 141, val_loss:1.474469, acc: 68.80, bacc: 66.02, tmp_test_f1: 52.57, f1: 64.06
epoch: 142, val_loss:1.562210, acc: 68.80, bacc: 66.02, tmp_test_f1: 57.06, f1: 64.06
epoch: 143, val_loss:1.315594, acc: 68.80, bacc: 66.02, tmp_test_f1: 59.92, f1: 64.06
epoch: 144, val_loss:1.195818, acc: 68.80, bacc: 66.02, tmp_test_f1: 61.27, f1: 64.06
epoch: 145, val_loss:1.181693, acc: 68.80, bacc: 66.02, tmp_test_f1: 60.89, f1: 64.06
epoch: 146, val_loss:1.235096, acc: 68.80, bacc: 66.02, tmp_test_f1: 58.56, f1: 64.06
epoch: 147, val_loss:1.270437, acc: 68.80, bacc: 66.02, tmp_test_f1: 59.23, f1: 64.06
epoch: 148, val_loss:1.243362, acc: 68.80, bacc: 66.02, tmp_test_f1: 60.91, f1: 64.06
epoch: 149, val_loss:1.158979, acc: 68.80, bacc: 66.02, tmp_test_f1: 60.12, f1: 64.06
epoch: 150, val_loss:1.193806, acc: 68.80, bacc: 66.02, tmp_test_f1: 58.70, f1: 64.06
epoch: 151, val_loss:1.268529, acc: 68.80, bacc: 66.02, tmp_test_f1: 57.03, f1: 64.06
epoch: 152, val_loss:1.358269, acc: 68.80, bacc: 66.02, tmp_test_f1: 50.83, f1: 64.06
epoch: 153, val_loss:1.555414, acc: 68.80, bacc: 66.02, tmp_test_f1: 50.12, f1: 64.06
epoch: 154, val_loss:1.583056, acc: 68.80, bacc: 66.02, tmp_test_f1: 60.09, f1: 64.06
epoch: 155, val_loss:1.210211, acc: 68.80, bacc: 66.02, tmp_test_f1: 61.60, f1: 64.06
epoch: 156, val_loss:1.120331, acc: 68.80, bacc: 66.02, tmp_test_f1: 59.02, f1: 64.06
epoch: 157, val_loss:1.184088, acc: 68.80, bacc: 66.02, tmp_test_f1: 56.53, f1: 64.06
epoch: 158, val_loss:1.343258, acc: 68.80, bacc: 66.02, tmp_test_f1: 56.15, f1: 64.06
epoch: 159, val_loss:1.404171, acc: 68.80, bacc: 66.02, tmp_test_f1: 56.44, f1: 64.06
epoch: 160, val_loss:1.471513, acc: 68.80, bacc: 66.02, tmp_test_f1: 58.02, f1: 64.06
epoch: 161, val_loss:1.444277, acc: 68.80, bacc: 66.02, tmp_test_f1: 60.67, f1: 64.06
epoch: 162, val_loss:1.310624, acc: 68.80, bacc: 66.02, tmp_test_f1: 63.29, f1: 64.06
epoch: 163, val_loss:1.154541, acc: 68.80, bacc: 66.02, tmp_test_f1: 62.12, f1: 64.06
epoch: 164, val_loss:1.108398, acc: 68.80, bacc: 66.02, tmp_test_f1: 63.14, f1: 64.06
epoch: 165, val_loss:1.121983, acc: 68.80, bacc: 66.02, tmp_test_f1: 61.05, f1: 64.06
epoch: 166, val_loss:1.184579, acc: 68.80, bacc: 66.02, tmp_test_f1: 58.40, f1: 64.06
epoch: 167, val_loss:1.295206, acc: 68.80, bacc: 66.02, tmp_test_f1: 58.60, f1: 64.06
epoch: 168, val_loss:1.326691, acc: 68.80, bacc: 66.02, tmp_test_f1: 60.20, f1: 64.06
epoch: 169, val_loss:1.299570, acc: 68.80, bacc: 66.02, tmp_test_f1: 62.44, f1: 64.06
epoch: 170, val_loss:1.250418, acc: 68.80, bacc: 66.02, tmp_test_f1: 63.23, f1: 64.06
epoch: 171, val_loss:1.239456, acc: 68.80, bacc: 66.02, tmp_test_f1: 62.96, f1: 64.06
epoch: 172, val_loss:1.254401, acc: 68.80, bacc: 66.02, tmp_test_f1: 62.57, f1: 64.06
epoch: 173, val_loss:1.272439, acc: 68.80, bacc: 66.02, tmp_test_f1: 62.75, f1: 64.06
epoch: 174, val_loss:1.167287, acc: 68.80, bacc: 66.02, tmp_test_f1: 63.71, f1: 64.06
epoch: 175, val_loss:1.169748, acc: 68.80, bacc: 66.02, tmp_test_f1: 63.90, f1: 64.06
epoch: 176, val_loss:1.223078, acc: 68.80, bacc: 66.02, tmp_test_f1: 63.64, f1: 64.06
epoch: 177, val_loss:1.228104, acc: 68.80, bacc: 66.02, tmp_test_f1: 61.59, f1: 64.06
epoch: 178, val_loss:1.227508, acc: 68.80, bacc: 66.02, tmp_test_f1: 61.19, f1: 64.06
epoch: 179, val_loss:1.224580, acc: 68.80, bacc: 66.02, tmp_test_f1: 61.59, f1: 64.06
epoch: 180, val_loss:1.262462, acc: 68.80, bacc: 66.02, tmp_test_f1: 61.43, f1: 64.06
epoch: 181, val_loss:1.282365, acc: 68.80, bacc: 66.02, tmp_test_f1: 62.23, f1: 64.06
epoch: 182, val_loss:1.283429, acc: 68.80, bacc: 66.02, tmp_test_f1: 61.47, f1: 64.06
epoch: 183, val_loss:1.310941, acc: 68.80, bacc: 66.02, tmp_test_f1: 63.03, f1: 64.06
test_f1 CountNotImproved reset to 0 in epoch 184
epoch: 184, val_loss:1.264556, acc: 65.80, bacc: 63.76, tmp_test_f1: 64.38, f1: 64.38
epoch: 185, val_loss:1.178232, acc: 65.80, bacc: 63.76, tmp_test_f1: 63.70, f1: 64.38
epoch: 186, val_loss:1.142518, acc: 65.80, bacc: 63.76, tmp_test_f1: 63.68, f1: 64.38
epoch: 187, val_loss:1.129056, acc: 65.80, bacc: 63.76, tmp_test_f1: 62.27, f1: 64.38
epoch: 188, val_loss:1.161008, acc: 65.80, bacc: 63.76, tmp_test_f1: 62.35, f1: 64.38
epoch: 189, val_loss:1.195479, acc: 65.80, bacc: 63.76, tmp_test_f1: 61.85, f1: 64.38
epoch: 190, val_loss:1.218262, acc: 65.80, bacc: 63.76, tmp_test_f1: 63.59, f1: 64.38
epoch: 191, val_loss:1.144442, acc: 65.80, bacc: 63.76, tmp_test_f1: 62.41, f1: 64.38
epoch: 192, val_loss:1.145234, acc: 65.80, bacc: 63.76, tmp_test_f1: 61.91, f1: 64.38
epoch: 193, val_loss:1.165186, acc: 65.80, bacc: 63.76, tmp_test_f1: 63.79, f1: 64.38
epoch: 194, val_loss:1.218530, acc: 65.80, bacc: 63.76, tmp_test_f1: 63.36, f1: 64.38
epoch: 195, val_loss:1.256242, acc: 65.80, bacc: 63.76, tmp_test_f1: 62.92, f1: 64.38
epoch: 196, val_loss:1.247795, acc: 65.80, bacc: 63.76, tmp_test_f1: 61.59, f1: 64.38
epoch: 197, val_loss:1.277371, acc: 65.80, bacc: 63.76, tmp_test_f1: 62.29, f1: 64.38
epoch: 198, val_loss:1.213079, acc: 65.80, bacc: 63.76, tmp_test_f1: 61.79, f1: 64.38
epoch: 199, val_loss:1.212829, acc: 65.80, bacc: 63.76, tmp_test_f1: 61.23, f1: 64.38
epoch: 200, val_loss:1.222652, acc: 65.80, bacc: 63.76, tmp_test_f1: 57.77, f1: 64.38
epoch: 201, val_loss:1.254882, acc: 65.80, bacc: 63.76, tmp_test_f1: 56.66, f1: 64.38
epoch: 202, val_loss:1.305042, acc: 65.80, bacc: 63.76, tmp_test_f1: 58.57, f1: 64.38
epoch: 203, val_loss:1.277512, acc: 65.80, bacc: 63.76, tmp_test_f1: 58.54, f1: 64.38
epoch: 204, val_loss:1.271660, acc: 65.80, bacc: 63.76, tmp_test_f1: 58.85, f1: 64.38
epoch: 205, val_loss:1.225095, acc: 65.80, bacc: 63.76, tmp_test_f1: 58.37, f1: 64.38
epoch: 206, val_loss:1.204334, acc: 65.80, bacc: 63.76, tmp_test_f1: 58.41, f1: 64.38
epoch: 207, val_loss:1.186242, acc: 65.80, bacc: 63.76, tmp_test_f1: 61.50, f1: 64.38
epoch: 208, val_loss:1.119158, acc: 65.80, bacc: 63.76, tmp_test_f1: 61.02, f1: 64.38
epoch: 209, val_loss:1.119695, acc: 65.80, bacc: 63.76, tmp_test_f1: 60.92, f1: 64.38
epoch: 210, val_loss:1.175581, acc: 65.80, bacc: 63.76, tmp_test_f1: 59.76, f1: 64.38
epoch: 211, val_loss:1.196735, acc: 65.80, bacc: 63.76, tmp_test_f1: 57.93, f1: 64.38
epoch: 212, val_loss:1.325172, acc: 65.80, bacc: 63.76, tmp_test_f1: 56.43, f1: 64.38
epoch: 213, val_loss:1.438387, acc: 65.80, bacc: 63.76, tmp_test_f1: 60.22, f1: 64.38
epoch: 214, val_loss:1.263345, acc: 65.80, bacc: 63.76, tmp_test_f1: 59.34, f1: 64.38
epoch: 215, val_loss:1.288064, acc: 65.80, bacc: 63.76, tmp_test_f1: 58.51, f1: 64.38
epoch: 216, val_loss:1.289912, acc: 65.80, bacc: 63.76, tmp_test_f1: 57.19, f1: 64.38
epoch: 217, val_loss:1.291388, acc: 65.80, bacc: 63.76, tmp_test_f1: 52.99, f1: 64.38
epoch: 218, val_loss:1.476014, acc: 65.80, bacc: 63.76, tmp_test_f1: 56.27, f1: 64.38
epoch: 219, val_loss:1.262798, acc: 65.80, bacc: 63.76, tmp_test_f1: 59.79, f1: 64.38
epoch: 220, val_loss:1.125859, acc: 65.80, bacc: 63.76, tmp_test_f1: 61.55, f1: 64.38
epoch: 221, val_loss:1.172231, acc: 65.80, bacc: 63.76, tmp_test_f1: 62.37, f1: 64.38
epoch: 222, val_loss:1.208107, acc: 65.80, bacc: 63.76, tmp_test_f1: 58.60, f1: 64.38
epoch: 223, val_loss:1.365553, acc: 65.80, bacc: 63.76, tmp_test_f1: 57.94, f1: 64.38
epoch: 224, val_loss:1.476015, acc: 65.80, bacc: 63.76, tmp_test_f1: 62.52, f1: 64.38
epoch: 225, val_loss:1.309788, acc: 65.80, bacc: 63.76, tmp_test_f1: 62.55, f1: 64.38
epoch: 226, val_loss:1.316941, acc: 65.80, bacc: 63.76, tmp_test_f1: 61.81, f1: 64.38
epoch: 227, val_loss:1.329316, acc: 65.80, bacc: 63.76, tmp_test_f1: 64.19, f1: 64.38
epoch: 228, val_loss:1.228602, acc: 65.80, bacc: 63.76, tmp_test_f1: 54.83, f1: 64.38
epoch: 229, val_loss:1.600268, acc: 65.80, bacc: 63.76, tmp_test_f1: 49.77, f1: 64.38
epoch: 230, val_loss:1.920060, acc: 65.80, bacc: 63.76, tmp_test_f1: 54.31, f1: 64.38
epoch: 231, val_loss:1.763194, acc: 65.80, bacc: 63.76, tmp_test_f1: 56.78, f1: 64.38
epoch: 232, val_loss:1.489408, acc: 65.80, bacc: 63.76, tmp_test_f1: 57.28, f1: 64.38
epoch: 233, val_loss:1.495030, acc: 65.80, bacc: 63.76, tmp_test_f1: 62.06, f1: 64.38
epoch: 234, val_loss:1.420979, acc: 65.80, bacc: 63.76, tmp_test_f1: 61.94, f1: 64.38
epoch: 235, val_loss:1.401097, acc: 65.80, bacc: 63.76, tmp_test_f1: 60.34, f1: 64.38
epoch: 236, val_loss:1.370460, acc: 65.80, bacc: 63.76, tmp_test_f1: 58.21, f1: 64.38
epoch: 237, val_loss:1.409822, acc: 65.80, bacc: 63.76, tmp_test_f1: 55.12, f1: 64.38
epoch: 238, val_loss:1.574751, acc: 65.80, bacc: 63.76, tmp_test_f1: 56.16, f1: 64.38
epoch: 239, val_loss:1.493835, acc: 65.80, bacc: 63.76, tmp_test_f1: 57.63, f1: 64.38
epoch: 240, val_loss:1.368849, acc: 65.80, bacc: 63.76, tmp_test_f1: 55.31, f1: 64.38
epoch: 241, val_loss:1.505945, acc: 65.80, bacc: 63.76, tmp_test_f1: 59.11, f1: 64.38
epoch: 242, val_loss:1.486493, acc: 65.80, bacc: 63.76, tmp_test_f1: 63.40, f1: 64.38
epoch: 243, val_loss:1.443855, acc: 65.80, bacc: 63.76, tmp_test_f1: 60.24, f1: 64.38
epoch: 244, val_loss:1.520193, acc: 65.80, bacc: 63.76, tmp_test_f1: 56.44, f1: 64.38
epoch: 245, val_loss:1.529447, acc: 65.80, bacc: 63.76, tmp_test_f1: 60.83, f1: 64.38
epoch: 246, val_loss:1.314023, acc: 65.80, bacc: 63.76, tmp_test_f1: 61.49, f1: 64.38
epoch: 247, val_loss:1.265788, acc: 65.80, bacc: 63.76, tmp_test_f1: 61.36, f1: 64.38
epoch: 248, val_loss:1.240777, acc: 65.80, bacc: 63.76, tmp_test_f1: 59.87, f1: 64.38
Epoch 00249: reducing learning rate of group 0 to 5.0000e-02.
Epoch 00249: reducing learning rate of group 1 to 5.0000e-02.
epoch: 249, val_loss:1.248166, acc: 65.80, bacc: 63.76, tmp_test_f1: 56.94, f1: 64.38
epoch: 250, val_loss:1.406446, acc: 65.80, bacc: 63.76, tmp_test_f1: 54.11, f1: 64.38
epoch: 251, val_loss:1.471053, acc: 65.80, bacc: 63.76, tmp_test_f1: 55.94, f1: 64.38
epoch: 252, val_loss:1.412534, acc: 65.80, bacc: 63.76, tmp_test_f1: 57.10, f1: 64.38
epoch: 253, val_loss:1.353308, acc: 65.80, bacc: 63.76, tmp_test_f1: 58.03, f1: 64.38
epoch: 254, val_loss:1.328874, acc: 65.80, bacc: 63.76, tmp_test_f1: 58.72, f1: 64.38
epoch: 255, val_loss:1.318286, acc: 65.80, bacc: 63.76, tmp_test_f1: 58.73, f1: 64.38
epoch: 256, val_loss:1.329749, acc: 65.80, bacc: 63.76, tmp_test_f1: 59.21, f1: 64.38
epoch: 257, val_loss:1.327873, acc: 65.80, bacc: 63.76, tmp_test_f1: 59.01, f1: 64.38
epoch: 258, val_loss:1.318838, acc: 65.80, bacc: 63.76, tmp_test_f1: 59.19, f1: 64.38
epoch: 259, val_loss:1.291934, acc: 65.80, bacc: 63.76, tmp_test_f1: 59.76, f1: 64.38
epoch: 260, val_loss:1.263576, acc: 65.80, bacc: 63.76, tmp_test_f1: 61.39, f1: 64.38
epoch: 261, val_loss:1.264394, acc: 65.80, bacc: 63.76, tmp_test_f1: 60.45, f1: 64.38
epoch: 262, val_loss:1.267673, acc: 65.80, bacc: 63.76, tmp_test_f1: 59.92, f1: 64.38
epoch: 263, val_loss:1.281069, acc: 65.80, bacc: 63.76, tmp_test_f1: 58.94, f1: 64.38
epoch: 264, val_loss:1.300489, acc: 65.80, bacc: 63.76, tmp_test_f1: 59.22, f1: 64.38
epoch: 265, val_loss:1.294102, acc: 65.80, bacc: 63.76, tmp_test_f1: 60.01, f1: 64.38
epoch: 266, val_loss:1.255565, acc: 65.80, bacc: 63.76, tmp_test_f1: 60.73, f1: 64.38
epoch: 267, val_loss:1.236853, acc: 65.80, bacc: 63.76, tmp_test_f1: 60.76, f1: 64.38
epoch: 268, val_loss:1.228704, acc: 65.80, bacc: 63.76, tmp_test_f1: 61.74, f1: 64.38
epoch: 269, val_loss:1.241038, acc: 65.80, bacc: 63.76, tmp_test_f1: 61.59, f1: 64.38
epoch: 270, val_loss:1.272916, acc: 65.80, bacc: 63.76, tmp_test_f1: 60.47, f1: 64.38
epoch: 271, val_loss:1.296878, acc: 65.80, bacc: 63.76, tmp_test_f1: 61.59, f1: 64.38
epoch: 272, val_loss:1.282833, acc: 65.80, bacc: 63.76, tmp_test_f1: 60.15, f1: 64.38
epoch: 273, val_loss:1.277827, acc: 65.80, bacc: 63.76, tmp_test_f1: 59.75, f1: 64.38
epoch: 274, val_loss:1.277447, acc: 65.80, bacc: 63.76, tmp_test_f1: 59.02, f1: 64.38
epoch: 275, val_loss:1.275503, acc: 65.80, bacc: 63.76, tmp_test_f1: 57.89, f1: 64.38
epoch: 276, val_loss:1.305113, acc: 65.80, bacc: 63.76, tmp_test_f1: 57.21, f1: 64.38
epoch: 277, val_loss:1.314317, acc: 65.80, bacc: 63.76, tmp_test_f1: 58.13, f1: 64.38
epoch: 278, val_loss:1.296902, acc: 65.80, bacc: 63.76, tmp_test_f1: 59.00, f1: 64.38
epoch: 279, val_loss:1.271138, acc: 65.80, bacc: 63.76, tmp_test_f1: 61.18, f1: 64.38
epoch: 280, val_loss:1.261872, acc: 65.80, bacc: 63.76, tmp_test_f1: 60.68, f1: 64.38
epoch: 281, val_loss:1.301522, acc: 65.80, bacc: 63.76, tmp_test_f1: 60.84, f1: 64.38
epoch: 282, val_loss:1.310580, acc: 65.80, bacc: 63.76, tmp_test_f1: 61.04, f1: 64.38
epoch: 283, val_loss:1.306114, acc: 65.80, bacc: 63.76, tmp_test_f1: 60.74, f1: 64.38
epoch: 284, val_loss:1.291732, acc: 65.80, bacc: 63.76, tmp_test_f1: 60.51, f1: 64.38
epoch: 285, val_loss:1.267509, acc: 65.80, bacc: 63.76, tmp_test_f1: 61.12, f1: 64.38
epoch: 286, val_loss:1.250815, acc: 65.80, bacc: 63.76, tmp_test_f1: 60.85, f1: 64.38
epoch: 287, val_loss:1.259525, acc: 65.80, bacc: 63.76, tmp_test_f1: 59.27, f1: 64.38
epoch: 288, val_loss:1.285662, acc: 65.80, bacc: 63.76, tmp_test_f1: 58.58, f1: 64.38
epoch: 289, val_loss:1.305193, acc: 65.80, bacc: 63.76, tmp_test_f1: 59.19, f1: 64.38
epoch: 290, val_loss:1.297592, acc: 65.80, bacc: 63.76, tmp_test_f1: 59.42, f1: 64.38
epoch: 291, val_loss:1.279917, acc: 65.80, bacc: 63.76, tmp_test_f1: 61.03, f1: 64.38
epoch: 292, val_loss:1.261319, acc: 65.80, bacc: 63.76, tmp_test_f1: 62.01, f1: 64.38
epoch: 293, val_loss:1.237019, acc: 65.80, bacc: 63.76, tmp_test_f1: 62.29, f1: 64.38
epoch: 294, val_loss:1.229971, acc: 65.80, bacc: 63.76, tmp_test_f1: 61.99, f1: 64.38
epoch: 295, val_loss:1.235347, acc: 65.80, bacc: 63.76, tmp_test_f1: 61.98, f1: 64.38
epoch: 296, val_loss:1.235904, acc: 65.80, bacc: 63.76, tmp_test_f1: 61.74, f1: 64.38
epoch: 297, val_loss:1.244978, acc: 65.80, bacc: 63.76, tmp_test_f1: 61.65, f1: 64.38
epoch: 298, val_loss:1.263978, acc: 65.80, bacc: 63.76, tmp_test_f1: 61.77, f1: 64.38
epoch: 299, val_loss:1.263951, acc: 65.80, bacc: 63.76, tmp_test_f1: 62.11, f1: 64.38
epoch: 300, val_loss:1.267908, acc: 65.80, bacc: 63.76, tmp_test_f1: 61.24, f1: 64.38
epoch: 301, val_loss:1.266216, acc: 65.80, bacc: 63.76, tmp_test_f1: 59.80, f1: 64.38
epoch: 302, val_loss:1.254119, acc: 65.80, bacc: 63.76, tmp_test_f1: 57.64, f1: 64.38
epoch: 303, val_loss:1.234654, acc: 65.80, bacc: 63.76, tmp_test_f1: 57.34, f1: 64.38
epoch: 304, val_loss:1.223444, acc: 65.80, bacc: 63.76, tmp_test_f1: 56.48, f1: 64.38
epoch: 305, val_loss:1.271472, acc: 65.80, bacc: 63.76, tmp_test_f1: 56.84, f1: 64.38
epoch: 306, val_loss:1.292193, acc: 65.80, bacc: 63.76, tmp_test_f1: 58.16, f1: 64.38
epoch: 307, val_loss:1.340311, acc: 65.80, bacc: 63.76, tmp_test_f1: 58.13, f1: 64.38
epoch: 308, val_loss:1.398977, acc: 65.80, bacc: 63.76, tmp_test_f1: 58.14, f1: 64.38
epoch: 309, val_loss:1.448884, acc: 65.80, bacc: 63.76, tmp_test_f1: 58.43, f1: 64.38
epoch: 310, val_loss:1.449587, acc: 65.80, bacc: 63.76, tmp_test_f1: 58.93, f1: 64.38
epoch: 311, val_loss:1.444389, acc: 65.80, bacc: 63.76, tmp_test_f1: 60.39, f1: 64.38
epoch: 312, val_loss:1.413173, acc: 65.80, bacc: 63.76, tmp_test_f1: 59.64, f1: 64.38
epoch: 313, val_loss:1.368925, acc: 65.80, bacc: 63.76, tmp_test_f1: 60.16, f1: 64.38
epoch: 314, val_loss:1.319667, acc: 65.80, bacc: 63.76, tmp_test_f1: 60.85, f1: 64.38
epoch: 315, val_loss:1.292428, acc: 65.80, bacc: 63.76, tmp_test_f1: 59.97, f1: 64.38
epoch: 316, val_loss:1.297662, acc: 65.80, bacc: 63.76, tmp_test_f1: 58.79, f1: 64.38
epoch: 317, val_loss:1.308556, acc: 65.80, bacc: 63.76, tmp_test_f1: 57.48, f1: 64.38
epoch: 318, val_loss:1.329823, acc: 65.80, bacc: 63.76, tmp_test_f1: 56.74, f1: 64.38
epoch: 319, val_loss:1.392086, acc: 65.80, bacc: 63.76, tmp_test_f1: 55.64, f1: 64.38
epoch: 320, val_loss:1.439531, acc: 65.80, bacc: 63.76, tmp_test_f1: 57.24, f1: 64.38
epoch: 321, val_loss:1.393798, acc: 65.80, bacc: 63.76, tmp_test_f1: 57.70, f1: 64.38
epoch: 322, val_loss:1.346546, acc: 65.80, bacc: 63.76, tmp_test_f1: 58.47, f1: 64.38
epoch: 323, val_loss:1.305076, acc: 65.80, bacc: 63.76, tmp_test_f1: 59.34, f1: 64.38
epoch: 324, val_loss:1.272264, acc: 65.80, bacc: 63.76, tmp_test_f1: 60.33, f1: 64.38
epoch: 325, val_loss:1.253289, acc: 65.80, bacc: 63.76, tmp_test_f1: 60.37, f1: 64.38
epoch: 326, val_loss:1.255922, acc: 65.80, bacc: 63.76, tmp_test_f1: 59.80, f1: 64.38
epoch: 327, val_loss:1.270865, acc: 65.80, bacc: 63.76, tmp_test_f1: 57.70, f1: 64.38
epoch: 328, val_loss:1.303773, acc: 65.80, bacc: 63.76, tmp_test_f1: 55.29, f1: 64.38
epoch: 329, val_loss:1.398170, acc: 65.80, bacc: 63.76, tmp_test_f1: 54.85, f1: 64.38
epoch: 330, val_loss:1.410218, acc: 65.80, bacc: 63.76, tmp_test_f1: 55.52, f1: 64.38
epoch: 331, val_loss:1.356121, acc: 65.80, bacc: 63.76, tmp_test_f1: 59.04, f1: 64.38
epoch: 332, val_loss:1.313151, acc: 65.80, bacc: 63.76, tmp_test_f1: 60.29, f1: 64.38
epoch: 333, val_loss:1.290250, acc: 65.80, bacc: 63.76, tmp_test_f1: 61.75, f1: 64.38
epoch: 334, val_loss:1.296945, acc: 65.80, bacc: 63.76, tmp_test_f1: 59.43, f1: 64.38
epoch: 335, val_loss:1.348988, acc: 65.80, bacc: 63.76, tmp_test_f1: 59.73, f1: 64.38
epoch: 336, val_loss:1.359851, acc: 65.80, bacc: 63.76, tmp_test_f1: 59.66, f1: 64.38
epoch: 337, val_loss:1.421376, acc: 65.80, bacc: 63.76, tmp_test_f1: 58.04, f1: 64.38
epoch: 338, val_loss:1.430320, acc: 65.80, bacc: 63.76, tmp_test_f1: 58.20, f1: 64.38
epoch: 339, val_loss:1.353255, acc: 65.80, bacc: 63.76, tmp_test_f1: 58.77, f1: 64.38
epoch: 340, val_loss:1.269288, acc: 65.80, bacc: 63.76, tmp_test_f1: 58.10, f1: 64.38
epoch: 341, val_loss:1.300004, acc: 65.80, bacc: 63.76, tmp_test_f1: 57.86, f1: 64.38
epoch: 342, val_loss:1.290734, acc: 65.80, bacc: 63.76, tmp_test_f1: 60.12, f1: 64.38
epoch: 343, val_loss:1.234743, acc: 65.80, bacc: 63.76, tmp_test_f1: 60.29, f1: 64.38
epoch: 344, val_loss:1.235475, acc: 65.80, bacc: 63.76, tmp_test_f1: 61.06, f1: 64.38
epoch: 345, val_loss:1.298231, acc: 65.80, bacc: 63.76, tmp_test_f1: 59.91, f1: 64.38
epoch: 346, val_loss:1.357944, acc: 65.80, bacc: 63.76, tmp_test_f1: 61.56, f1: 64.38
epoch: 347, val_loss:1.295662, acc: 65.80, bacc: 63.76, tmp_test_f1: 62.04, f1: 64.38
epoch: 348, val_loss:1.243334, acc: 65.80, bacc: 63.76, tmp_test_f1: 60.74, f1: 64.38
epoch: 349, val_loss:1.233106, acc: 65.80, bacc: 63.76, tmp_test_f1: 59.81, f1: 64.38
epoch: 350, val_loss:1.242056, acc: 65.80, bacc: 63.76, tmp_test_f1: 60.02, f1: 64.38
epoch: 351, val_loss:1.245743, acc: 65.80, bacc: 63.76, tmp_test_f1: 60.70, f1: 64.38
epoch: 352, val_loss:1.254790, acc: 65.80, bacc: 63.76, tmp_test_f1: 60.12, f1: 64.38
epoch: 353, val_loss:1.295580, acc: 65.80, bacc: 63.76, tmp_test_f1: 58.48, f1: 64.38
epoch: 354, val_loss:1.403093, acc: 65.80, bacc: 63.76, tmp_test_f1: 54.02, f1: 64.38
epoch: 355, val_loss:1.523362, acc: 65.80, bacc: 63.76, tmp_test_f1: 56.64, f1: 64.38
epoch: 356, val_loss:1.467757, acc: 65.80, bacc: 63.76, tmp_test_f1: 60.09, f1: 64.38
epoch: 357, val_loss:1.266859, acc: 65.80, bacc: 63.76, tmp_test_f1: 62.25, f1: 64.38
epoch: 358, val_loss:1.242872, acc: 65.80, bacc: 63.76, tmp_test_f1: 62.31, f1: 64.38
epoch: 359, val_loss:1.299016, acc: 65.80, bacc: 63.76, tmp_test_f1: 62.33, f1: 64.38
epoch: 360, val_loss:1.321360, acc: 65.80, bacc: 63.76, tmp_test_f1: 61.97, f1: 64.38
epoch: 361, val_loss:1.303967, acc: 65.80, bacc: 63.76, tmp_test_f1: 61.46, f1: 64.38
epoch: 362, val_loss:1.313984, acc: 65.80, bacc: 63.76, tmp_test_f1: 60.34, f1: 64.38
epoch: 363, val_loss:1.358761, acc: 65.80, bacc: 63.76, tmp_test_f1: 57.70, f1: 64.38
epoch: 364, val_loss:1.432035, acc: 65.80, bacc: 63.76, tmp_test_f1: 57.10, f1: 64.38
epoch: 365, val_loss:1.453813, acc: 65.80, bacc: 63.76, tmp_test_f1: 58.04, f1: 64.38
epoch: 366, val_loss:1.416483, acc: 65.80, bacc: 63.76, tmp_test_f1: 58.13, f1: 64.38
epoch: 367, val_loss:1.388216, acc: 65.80, bacc: 63.76, tmp_test_f1: 59.44, f1: 64.38
epoch: 368, val_loss:1.324247, acc: 65.80, bacc: 63.76, tmp_test_f1: 60.78, f1: 64.38
epoch: 369, val_loss:1.284982, acc: 65.80, bacc: 63.76, tmp_test_f1: 62.67, f1: 64.38
epoch: 370, val_loss:1.255165, acc: 65.80, bacc: 63.76, tmp_test_f1: 63.28, f1: 64.38
epoch: 371, val_loss:1.234690, acc: 65.80, bacc: 63.76, tmp_test_f1: 62.74, f1: 64.38
epoch: 372, val_loss:1.244981, acc: 65.80, bacc: 63.76, tmp_test_f1: 60.48, f1: 64.38
epoch: 373, val_loss:1.278577, acc: 65.80, bacc: 63.76, tmp_test_f1: 59.29, f1: 64.38
epoch: 374, val_loss:1.305950, acc: 65.80, bacc: 63.76, tmp_test_f1: 59.82, f1: 64.38
epoch: 375, val_loss:1.340428, acc: 65.80, bacc: 63.76, tmp_test_f1: 58.61, f1: 64.38
epoch: 376, val_loss:1.398520, acc: 65.80, bacc: 63.76, tmp_test_f1: 59.93, f1: 64.38
epoch: 377, val_loss:1.390400, acc: 65.80, bacc: 63.76, tmp_test_f1: 60.04, f1: 64.38
epoch: 378, val_loss:1.333975, acc: 65.80, bacc: 63.76, tmp_test_f1: 60.39, f1: 64.38
epoch: 379, val_loss:1.288288, acc: 65.80, bacc: 63.76, tmp_test_f1: 61.83, f1: 64.38
epoch: 380, val_loss:1.259019, acc: 65.80, bacc: 63.76, tmp_test_f1: 60.92, f1: 64.38
epoch: 381, val_loss:1.279614, acc: 65.80, bacc: 63.76, tmp_test_f1: 60.63, f1: 64.38
epoch: 382, val_loss:1.336847, acc: 65.80, bacc: 63.76, tmp_test_f1: 60.08, f1: 64.38
epoch: 383, val_loss:1.391276, acc: 65.80, bacc: 63.76, tmp_test_f1: 59.69, f1: 64.38
epoch: 384, val_loss:1.426402, acc: 65.80, bacc: 63.76, tmp_test_f1: 59.65, f1: 64.38
epoch: 385, val_loss:1.381635, acc: 65.80, bacc: 63.76, tmp_test_f1: 60.42, f1: 64.38
epoch: 386, val_loss:1.307191, acc: 65.80, bacc: 63.76, tmp_test_f1: 61.08, f1: 64.38
epoch: 387, val_loss:1.271961, acc: 65.80, bacc: 63.76, tmp_test_f1: 60.21, f1: 64.38
epoch: 388, val_loss:1.264746, acc: 65.80, bacc: 63.76, tmp_test_f1: 60.32, f1: 64.38
epoch: 389, val_loss:1.273623, acc: 65.80, bacc: 63.76, tmp_test_f1: 59.46, f1: 64.38
epoch: 390, val_loss:1.305102, acc: 65.80, bacc: 63.76, tmp_test_f1: 58.65, f1: 64.38
epoch: 391, val_loss:1.331555, acc: 65.80, bacc: 63.76, tmp_test_f1: 60.23, f1: 64.38
epoch: 392, val_loss:1.350167, acc: 65.80, bacc: 63.76, tmp_test_f1: 59.50, f1: 64.38
epoch: 393, val_loss:1.404866, acc: 65.80, bacc: 63.76, tmp_test_f1: 59.71, f1: 64.38
epoch: 394, val_loss:1.425834, acc: 65.80, bacc: 63.76, tmp_test_f1: 58.91, f1: 64.38
epoch: 395, val_loss:1.402559, acc: 65.80, bacc: 63.76, tmp_test_f1: 59.92, f1: 64.38
epoch: 396, val_loss:1.335864, acc: 65.80, bacc: 63.76, tmp_test_f1: 61.28, f1: 64.38
epoch: 397, val_loss:1.306463, acc: 65.80, bacc: 63.76, tmp_test_f1: 61.66, f1: 64.38
epoch: 398, val_loss:1.305601, acc: 65.80, bacc: 63.76, tmp_test_f1: 62.01, f1: 64.38
epoch: 399, val_loss:1.309975, acc: 65.80, bacc: 63.76, tmp_test_f1: 61.22, f1: 64.38
epoch: 400, val_loss:1.320141, acc: 65.80, bacc: 63.76, tmp_test_f1: 57.91, f1: 64.38
epoch: 401, val_loss:1.351376, acc: 65.80, bacc: 63.76, tmp_test_f1: 58.42, f1: 64.38
epoch: 402, val_loss:1.365432, acc: 65.80, bacc: 63.76, tmp_test_f1: 61.09, f1: 64.38
epoch: 403, val_loss:1.338717, acc: 65.80, bacc: 63.76, tmp_test_f1: 60.23, f1: 64.38
epoch: 404, val_loss:1.315250, acc: 65.80, bacc: 63.76, tmp_test_f1: 60.61, f1: 64.38
epoch: 405, val_loss:1.310104, acc: 65.80, bacc: 63.76, tmp_test_f1: 61.87, f1: 64.38
epoch: 406, val_loss:1.261581, acc: 65.80, bacc: 63.76, tmp_test_f1: 61.73, f1: 64.38
epoch: 407, val_loss:1.216295, acc: 65.80, bacc: 63.76, tmp_test_f1: 62.74, f1: 64.38
epoch: 408, val_loss:1.181479, acc: 65.80, bacc: 63.76, tmp_test_f1: 62.67, f1: 64.38
epoch: 409, val_loss:1.184948, acc: 65.80, bacc: 63.76, tmp_test_f1: 60.27, f1: 64.38
epoch: 410, val_loss:1.236469, acc: 65.80, bacc: 63.76, tmp_test_f1: 57.73, f1: 64.38
epoch: 411, val_loss:1.298834, acc: 65.80, bacc: 63.76, tmp_test_f1: 57.78, f1: 64.38
epoch: 412, val_loss:1.294588, acc: 65.80, bacc: 63.76, tmp_test_f1: 57.48, f1: 64.38
epoch: 413, val_loss:1.274223, acc: 65.80, bacc: 63.76, tmp_test_f1: 59.35, f1: 64.38
epoch: 414, val_loss:1.259129, acc: 65.80, bacc: 63.76, tmp_test_f1: 58.69, f1: 64.38
epoch: 415, val_loss:1.260401, acc: 65.80, bacc: 63.76, tmp_test_f1: 59.33, f1: 64.38
epoch: 416, val_loss:1.266884, acc: 65.80, bacc: 63.76, tmp_test_f1: 59.72, f1: 64.38
epoch: 417, val_loss:1.303471, acc: 65.80, bacc: 63.76, tmp_test_f1: 57.95, f1: 64.38
epoch: 418, val_loss:1.387944, acc: 65.80, bacc: 63.76, tmp_test_f1: 57.72, f1: 64.38
epoch: 419, val_loss:1.465632, acc: 65.80, bacc: 63.76, tmp_test_f1: 55.14, f1: 64.38
epoch: 420, val_loss:1.617449, acc: 65.80, bacc: 63.76, tmp_test_f1: 53.50, f1: 64.38
epoch: 421, val_loss:1.692887, acc: 65.80, bacc: 63.76, tmp_test_f1: 55.87, f1: 64.38
epoch: 422, val_loss:1.518020, acc: 65.80, bacc: 63.76, tmp_test_f1: 58.97, f1: 64.38
epoch: 423, val_loss:1.298175, acc: 65.80, bacc: 63.76, tmp_test_f1: 61.18, f1: 64.38
epoch: 424, val_loss:1.176485, acc: 65.80, bacc: 63.76, tmp_test_f1: 62.32, f1: 64.38
epoch: 425, val_loss:1.196992, acc: 65.80, bacc: 63.76, tmp_test_f1: 63.36, f1: 64.38
epoch: 426, val_loss:1.255011, acc: 65.80, bacc: 63.76, tmp_test_f1: 62.96, f1: 64.38
epoch: 427, val_loss:1.273655, acc: 65.80, bacc: 63.76, tmp_test_f1: 61.31, f1: 64.38
epoch: 428, val_loss:1.258452, acc: 65.80, bacc: 63.76, tmp_test_f1: 59.96, f1: 64.38
epoch: 429, val_loss:1.249088, acc: 65.80, bacc: 63.76, tmp_test_f1: 58.84, f1: 64.38
epoch: 430, val_loss:1.279719, acc: 65.80, bacc: 63.76, tmp_test_f1: 57.78, f1: 64.38
epoch: 431, val_loss:1.353096, acc: 65.80, bacc: 63.76, tmp_test_f1: 57.92, f1: 64.38
epoch: 432, val_loss:1.424361, acc: 65.80, bacc: 63.76, tmp_test_f1: 57.72, f1: 64.38
epoch: 433, val_loss:1.473535, acc: 65.80, bacc: 63.76, tmp_test_f1: 57.76, f1: 64.38
epoch: 434, val_loss:1.405832, acc: 65.80, bacc: 63.76, tmp_test_f1: 58.10, f1: 64.38
epoch: 435, val_loss:1.349184, acc: 65.80, bacc: 63.76, tmp_test_f1: 59.62, f1: 64.38
epoch: 436, val_loss:1.312292, acc: 65.80, bacc: 63.76, tmp_test_f1: 61.14, f1: 64.38
epoch: 437, val_loss:1.276048, acc: 65.80, bacc: 63.76, tmp_test_f1: 61.54, f1: 64.38
epoch: 438, val_loss:1.276900, acc: 65.80, bacc: 63.76, tmp_test_f1: 60.87, f1: 64.38
epoch: 439, val_loss:1.299373, acc: 65.80, bacc: 63.76, tmp_test_f1: 61.09, f1: 64.38
epoch: 440, val_loss:1.310204, acc: 65.80, bacc: 63.76, tmp_test_f1: 61.41, f1: 64.38
epoch: 441, val_loss:1.330376, acc: 65.80, bacc: 63.76, tmp_test_f1: 61.42, f1: 64.38
epoch: 442, val_loss:1.357874, acc: 65.80, bacc: 63.76, tmp_test_f1: 62.01, f1: 64.38
epoch: 443, val_loss:1.385247, acc: 65.80, bacc: 63.76, tmp_test_f1: 61.97, f1: 64.38
epoch: 444, val_loss:1.388723, acc: 65.80, bacc: 63.76, tmp_test_f1: 61.78, f1: 64.38
epoch: 445, val_loss:1.376413, acc: 65.80, bacc: 63.76, tmp_test_f1: 61.12, f1: 64.38
epoch: 446, val_loss:1.375337, acc: 65.80, bacc: 63.76, tmp_test_f1: 60.56, f1: 64.38
epoch: 447, val_loss:1.373537, acc: 65.80, bacc: 63.76, tmp_test_f1: 58.89, f1: 64.38
epoch: 448, val_loss:1.354812, acc: 65.80, bacc: 63.76, tmp_test_f1: 58.82, f1: 64.38
epoch: 449, val_loss:1.344081, acc: 65.80, bacc: 63.76, tmp_test_f1: 57.83, f1: 64.38
Epoch 00450: reducing learning rate of group 0 to 2.5000e-02.
Epoch 00450: reducing learning rate of group 1 to 2.5000e-02.
epoch: 450, val_loss:1.349834, acc: 65.80, bacc: 63.76, tmp_test_f1: 57.30, f1: 64.38
epoch: 451, val_loss:1.355045, acc: 65.80, bacc: 63.76, tmp_test_f1: 58.17, f1: 64.38
epoch: 452, val_loss:1.337164, acc: 65.80, bacc: 63.76, tmp_test_f1: 58.86, f1: 64.38
epoch: 453, val_loss:1.312134, acc: 65.80, bacc: 63.76, tmp_test_f1: 59.24, f1: 64.38
epoch: 454, val_loss:1.292349, acc: 65.80, bacc: 63.76, tmp_test_f1: 60.29, f1: 64.38
epoch: 455, val_loss:1.273324, acc: 65.80, bacc: 63.76, tmp_test_f1: 60.79, f1: 64.38
epoch: 456, val_loss:1.261867, acc: 65.80, bacc: 63.76, tmp_test_f1: 61.75, f1: 64.38
epoch: 457, val_loss:1.257495, acc: 65.80, bacc: 63.76, tmp_test_f1: 61.65, f1: 64.38
epoch: 458, val_loss:1.270107, acc: 65.80, bacc: 63.76, tmp_test_f1: 61.03, f1: 64.38
epoch: 459, val_loss:1.273915, acc: 65.80, bacc: 63.76, tmp_test_f1: 61.38, f1: 64.38
epoch: 460, val_loss:1.268381, acc: 65.80, bacc: 63.76, tmp_test_f1: 61.74, f1: 64.38
epoch: 461, val_loss:1.264906, acc: 65.80, bacc: 63.76, tmp_test_f1: 61.20, f1: 64.38
epoch: 462, val_loss:1.259609, acc: 65.80, bacc: 63.76, tmp_test_f1: 61.31, f1: 64.38
epoch: 463, val_loss:1.245993, acc: 65.80, bacc: 63.76, tmp_test_f1: 62.17, f1: 64.38
epoch: 464, val_loss:1.235249, acc: 65.80, bacc: 63.76, tmp_test_f1: 61.44, f1: 64.38
epoch: 465, val_loss:1.240446, acc: 65.80, bacc: 63.76, tmp_test_f1: 60.67, f1: 64.38
epoch: 466, val_loss:1.258161, acc: 65.80, bacc: 63.76, tmp_test_f1: 60.08, f1: 64.38
epoch: 467, val_loss:1.277989, acc: 65.80, bacc: 63.76, tmp_test_f1: 59.89, f1: 64.38
epoch: 468, val_loss:1.291176, acc: 65.80, bacc: 63.76, tmp_test_f1: 60.31, f1: 64.38
epoch: 469, val_loss:1.283147, acc: 65.80, bacc: 63.76, tmp_test_f1: 60.42, f1: 64.38
epoch: 470, val_loss:1.267913, acc: 65.80, bacc: 63.76, tmp_test_f1: 60.91, f1: 64.38
epoch: 471, val_loss:1.256723, acc: 65.80, bacc: 63.76, tmp_test_f1: 61.40, f1: 64.38
epoch: 472, val_loss:1.247737, acc: 65.80, bacc: 63.76, tmp_test_f1: 60.97, f1: 64.38
epoch: 473, val_loss:1.250228, acc: 65.80, bacc: 63.76, tmp_test_f1: 61.21, f1: 64.38
epoch: 474, val_loss:1.245618, acc: 65.80, bacc: 63.76, tmp_test_f1: 61.63, f1: 64.38
epoch: 475, val_loss:1.237156, acc: 65.80, bacc: 63.76, tmp_test_f1: 62.21, f1: 64.38
epoch: 476, val_loss:1.219658, acc: 65.80, bacc: 63.76, tmp_test_f1: 61.22, f1: 64.38
epoch: 477, val_loss:1.216943, acc: 65.80, bacc: 63.76, tmp_test_f1: 62.15, f1: 64.38
epoch: 478, val_loss:1.229085, acc: 65.80, bacc: 63.76, tmp_test_f1: 61.79, f1: 64.38
epoch: 479, val_loss:1.236380, acc: 65.80, bacc: 63.76, tmp_test_f1: 61.79, f1: 64.38
epoch: 480, val_loss:1.248471, acc: 65.80, bacc: 63.76, tmp_test_f1: 61.73, f1: 64.38
epoch: 481, val_loss:1.265158, acc: 65.80, bacc: 63.76, tmp_test_f1: 61.33, f1: 64.38
epoch: 482, val_loss:1.287110, acc: 65.80, bacc: 63.76, tmp_test_f1: 60.93, f1: 64.38
epoch: 483, val_loss:1.304916, acc: 65.80, bacc: 63.76, tmp_test_f1: 60.03, f1: 64.38
epoch: 484, val_loss:1.326109, acc: 65.80, bacc: 63.76, tmp_test_f1: 60.56, f1: 64.38
epoch: 485, val_loss:1.339883, acc: 65.80, bacc: 63.76, tmp_test_f1: 61.25, f1: 64.38
epoch: 486, val_loss:1.322011, acc: 65.80, bacc: 63.76, tmp_test_f1: 61.77, f1: 64.38
epoch: 487, val_loss:1.296063, acc: 65.80, bacc: 63.76, tmp_test_f1: 61.26, f1: 64.38
epoch: 488, val_loss:1.273440, acc: 65.80, bacc: 63.76, tmp_test_f1: 61.67, f1: 64.38
epoch: 489, val_loss:1.265868, acc: 65.80, bacc: 63.76, tmp_test_f1: 62.05, f1: 64.38
epoch: 490, val_loss:1.276859, acc: 65.80, bacc: 63.76, tmp_test_f1: 62.33, f1: 64.38
epoch: 491, val_loss:1.292056, acc: 65.80, bacc: 63.76, tmp_test_f1: 62.80, f1: 64.38
epoch: 492, val_loss:1.304397, acc: 65.80, bacc: 63.76, tmp_test_f1: 62.79, f1: 64.38
epoch: 493, val_loss:1.319199, acc: 65.80, bacc: 63.76, tmp_test_f1: 62.83, f1: 64.38
epoch: 494, val_loss:1.328318, acc: 65.80, bacc: 63.76, tmp_test_f1: 61.99, f1: 64.38
epoch: 495, val_loss:1.340183, acc: 65.80, bacc: 63.76, tmp_test_f1: 61.60, f1: 64.38
epoch: 496, val_loss:1.353469, acc: 65.80, bacc: 63.76, tmp_test_f1: 61.73, f1: 64.38
epoch: 497, val_loss:1.366815, acc: 65.80, bacc: 63.76, tmp_test_f1: 61.32, f1: 64.38
epoch: 498, val_loss:1.368174, acc: 65.80, bacc: 63.76, tmp_test_f1: 61.20, f1: 64.38
epoch: 499, val_loss:1.368509, acc: 65.80, bacc: 63.76, tmp_test_f1: 60.58, f1: 64.38
epoch: 500, val_loss:1.360608, acc: 65.80, bacc: 63.76, tmp_test_f1: 61.30, f1: 64.38
epoch: 501, val_loss:1.343114, acc: 65.80, bacc: 63.76, tmp_test_f1: 62.03, f1: 64.38
epoch: 502, val_loss:1.327195, acc: 65.80, bacc: 63.76, tmp_test_f1: 62.15, f1: 64.38
epoch: 503, val_loss:1.309915, acc: 65.80, bacc: 63.76, tmp_test_f1: 62.52, f1: 64.38
epoch: 504, val_loss:1.297564, acc: 65.80, bacc: 63.76, tmp_test_f1: 62.38, f1: 64.38
epoch: 505, val_loss:1.292866, acc: 65.80, bacc: 63.76, tmp_test_f1: 62.02, f1: 64.38
epoch: 506, val_loss:1.290282, acc: 65.80, bacc: 63.76, tmp_test_f1: 62.14, f1: 64.38
epoch: 507, val_loss:1.297546, acc: 65.80, bacc: 63.76, tmp_test_f1: 61.48, f1: 64.38
epoch: 508, val_loss:1.313382, acc: 65.80, bacc: 63.76, tmp_test_f1: 61.46, f1: 64.38
epoch: 509, val_loss:1.332277, acc: 65.80, bacc: 63.76, tmp_test_f1: 60.03, f1: 64.38
epoch: 510, val_loss:1.339893, acc: 65.80, bacc: 63.76, tmp_test_f1: 60.72, f1: 64.38
epoch: 511, val_loss:1.303969, acc: 65.80, bacc: 63.76, tmp_test_f1: 60.06, f1: 64.38
epoch: 512, val_loss:1.281759, acc: 65.80, bacc: 63.76, tmp_test_f1: 59.43, f1: 64.38
epoch: 513, val_loss:1.277319, acc: 65.80, bacc: 63.76, tmp_test_f1: 60.17, f1: 64.38
epoch: 514, val_loss:1.276549, acc: 65.80, bacc: 63.76, tmp_test_f1: 60.29, f1: 64.38
epoch: 515, val_loss:1.280861, acc: 65.80, bacc: 63.76, tmp_test_f1: 60.10, f1: 64.38
epoch: 516, val_loss:1.283582, acc: 65.80, bacc: 63.76, tmp_test_f1: 59.88, f1: 64.38
epoch: 517, val_loss:1.281204, acc: 65.80, bacc: 63.76, tmp_test_f1: 59.03, f1: 64.38
epoch: 518, val_loss:1.286849, acc: 65.80, bacc: 63.76, tmp_test_f1: 59.08, f1: 64.38
epoch: 519, val_loss:1.292602, acc: 65.80, bacc: 63.76, tmp_test_f1: 59.26, f1: 64.38
epoch: 520, val_loss:1.303105, acc: 65.80, bacc: 63.76, tmp_test_f1: 58.92, f1: 64.38
epoch: 521, val_loss:1.316022, acc: 65.80, bacc: 63.76, tmp_test_f1: 59.55, f1: 64.38
epoch: 522, val_loss:1.299791, acc: 65.80, bacc: 63.76, tmp_test_f1: 60.42, f1: 64.38
epoch: 523, val_loss:1.273266, acc: 65.80, bacc: 63.76, tmp_test_f1: 61.23, f1: 64.38
epoch: 524, val_loss:1.248430, acc: 65.80, bacc: 63.76, tmp_test_f1: 61.56, f1: 64.38
epoch: 525, val_loss:1.240609, acc: 65.80, bacc: 63.76, tmp_test_f1: 61.63, f1: 64.38
epoch: 526, val_loss:1.243543, acc: 65.80, bacc: 63.76, tmp_test_f1: 61.34, f1: 64.38
epoch: 527, val_loss:1.244516, acc: 65.80, bacc: 63.76, tmp_test_f1: 60.47, f1: 64.38
epoch: 528, val_loss:1.242830, acc: 65.80, bacc: 63.76, tmp_test_f1: 60.10, f1: 64.38
epoch: 529, val_loss:1.239362, acc: 65.80, bacc: 63.76, tmp_test_f1: 59.56, f1: 64.38
epoch: 530, val_loss:1.260135, acc: 65.80, bacc: 63.76, tmp_test_f1: 59.29, f1: 64.38
epoch: 531, val_loss:1.308984, acc: 65.80, bacc: 63.76, tmp_test_f1: 57.80, f1: 64.38
epoch: 532, val_loss:1.395111, acc: 65.80, bacc: 63.76, tmp_test_f1: 57.09, f1: 64.38
epoch: 533, val_loss:1.427765, acc: 65.80, bacc: 63.76, tmp_test_f1: 57.95, f1: 64.38
epoch: 534, val_loss:1.401493, acc: 65.80, bacc: 63.76, tmp_test_f1: 59.09, f1: 64.38
epoch: 535, val_loss:1.358714, acc: 65.80, bacc: 63.76, tmp_test_f1: 60.37, f1: 64.38
epoch: 536, val_loss:1.350174, acc: 65.80, bacc: 63.76, tmp_test_f1: 60.51, f1: 64.38
epoch: 537, val_loss:1.302424, acc: 65.80, bacc: 63.76, tmp_test_f1: 60.79, f1: 64.38
epoch: 538, val_loss:1.262667, acc: 65.80, bacc: 63.76, tmp_test_f1: 60.95, f1: 64.38
epoch: 539, val_loss:1.226005, acc: 65.80, bacc: 63.76, tmp_test_f1: 61.01, f1: 64.38
epoch: 540, val_loss:1.212452, acc: 65.80, bacc: 63.76, tmp_test_f1: 60.23, f1: 64.38
epoch: 541, val_loss:1.231218, acc: 65.80, bacc: 63.76, tmp_test_f1: 57.83, f1: 64.38
epoch: 542, val_loss:1.276082, acc: 65.80, bacc: 63.76, tmp_test_f1: 58.01, f1: 64.38
epoch: 543, val_loss:1.291513, acc: 65.80, bacc: 63.76, tmp_test_f1: 57.54, f1: 64.38
epoch: 544, val_loss:1.283813, acc: 65.80, bacc: 63.76, tmp_test_f1: 58.82, f1: 64.38
epoch: 545, val_loss:1.247938, acc: 65.80, bacc: 63.76, tmp_test_f1: 58.94, f1: 64.38
epoch: 546, val_loss:1.243515, acc: 65.80, bacc: 63.76, tmp_test_f1: 60.24, f1: 64.38
epoch: 547, val_loss:1.257169, acc: 65.80, bacc: 63.76, tmp_test_f1: 59.54, f1: 64.38
epoch: 548, val_loss:1.277430, acc: 65.80, bacc: 63.76, tmp_test_f1: 59.55, f1: 64.38
epoch: 549, val_loss:1.267284, acc: 65.80, bacc: 63.76, tmp_test_f1: 60.44, f1: 64.38
epoch: 550, val_loss:1.255097, acc: 65.80, bacc: 63.76, tmp_test_f1: 60.83, f1: 64.38
epoch: 551, val_loss:1.228129, acc: 65.80, bacc: 63.76, tmp_test_f1: 61.63, f1: 64.38
epoch: 552, val_loss:1.201080, acc: 65.80, bacc: 63.76, tmp_test_f1: 61.28, f1: 64.38
epoch: 553, val_loss:1.187027, acc: 65.80, bacc: 63.76, tmp_test_f1: 60.42, f1: 64.38
epoch: 554, val_loss:1.179746, acc: 65.80, bacc: 63.76, tmp_test_f1: 59.26, f1: 64.38
epoch: 555, val_loss:1.182396, acc: 65.80, bacc: 63.76, tmp_test_f1: 59.30, f1: 64.38
epoch: 556, val_loss:1.184537, acc: 65.80, bacc: 63.76, tmp_test_f1: 59.64, f1: 64.38
epoch: 557, val_loss:1.185247, acc: 65.80, bacc: 63.76, tmp_test_f1: 60.10, f1: 64.38
epoch: 558, val_loss:1.173398, acc: 65.80, bacc: 63.76, tmp_test_f1: 60.20, f1: 64.38
epoch: 559, val_loss:1.164323, acc: 65.80, bacc: 63.76, tmp_test_f1: 59.48, f1: 64.38
epoch: 560, val_loss:1.170374, acc: 65.80, bacc: 63.76, tmp_test_f1: 59.94, f1: 64.38
epoch: 561, val_loss:1.194411, acc: 65.80, bacc: 63.76, tmp_test_f1: 59.85, f1: 64.38
epoch: 562, val_loss:1.233249, acc: 65.80, bacc: 63.76, tmp_test_f1: 60.40, f1: 64.38
epoch: 563, val_loss:1.251632, acc: 65.80, bacc: 63.76, tmp_test_f1: 60.86, f1: 64.38
epoch: 564, val_loss:1.257310, acc: 65.80, bacc: 63.76, tmp_test_f1: 60.06, f1: 64.38
epoch: 565, val_loss:1.260109, acc: 65.80, bacc: 63.76, tmp_test_f1: 59.92, f1: 64.38
epoch: 566, val_loss:1.251999, acc: 65.80, bacc: 63.76, tmp_test_f1: 60.04, f1: 64.38
epoch: 567, val_loss:1.245911, acc: 65.80, bacc: 63.76, tmp_test_f1: 60.32, f1: 64.38
epoch: 568, val_loss:1.214870, acc: 65.80, bacc: 63.76, tmp_test_f1: 60.85, f1: 64.38
epoch: 569, val_loss:1.196731, acc: 65.80, bacc: 63.76, tmp_test_f1: 61.99, f1: 64.38
epoch: 570, val_loss:1.179272, acc: 65.80, bacc: 63.76, tmp_test_f1: 62.03, f1: 64.38
epoch: 571, val_loss:1.164039, acc: 65.80, bacc: 63.76, tmp_test_f1: 61.70, f1: 64.38
epoch: 572, val_loss:1.164331, acc: 65.80, bacc: 63.76, tmp_test_f1: 61.07, f1: 64.38
epoch: 573, val_loss:1.185632, acc: 65.80, bacc: 63.76, tmp_test_f1: 60.43, f1: 64.38
epoch: 574, val_loss:1.202132, acc: 65.80, bacc: 63.76, tmp_test_f1: 59.57, f1: 64.38
epoch: 575, val_loss:1.222470, acc: 65.80, bacc: 63.76, tmp_test_f1: 59.21, f1: 64.38
epoch: 576, val_loss:1.231302, acc: 65.80, bacc: 63.76, tmp_test_f1: 60.38, f1: 64.38
epoch: 577, val_loss:1.217432, acc: 65.80, bacc: 63.76, tmp_test_f1: 61.01, f1: 64.38
epoch: 578, val_loss:1.208815, acc: 65.80, bacc: 63.76, tmp_test_f1: 61.48, f1: 64.38
epoch: 579, val_loss:1.201229, acc: 65.80, bacc: 63.76, tmp_test_f1: 61.88, f1: 64.38
epoch: 580, val_loss:1.190280, acc: 65.80, bacc: 63.76, tmp_test_f1: 61.68, f1: 64.38
epoch: 581, val_loss:1.183125, acc: 65.80, bacc: 63.76, tmp_test_f1: 61.37, f1: 64.38
epoch: 582, val_loss:1.178144, acc: 65.80, bacc: 63.76, tmp_test_f1: 61.26, f1: 64.38
epoch: 583, val_loss:1.175076, acc: 65.80, bacc: 63.76, tmp_test_f1: 61.47, f1: 64.38
epoch: 584, val_loss:1.177689, acc: 65.80, bacc: 63.76, tmp_test_f1: 61.93, f1: 64.38
epoch: 585, val_loss:1.189900, acc: 65.80, bacc: 63.76, tmp_test_f1: 61.57, f1: 64.38
epoch: 586, val_loss:1.220427, acc: 65.80, bacc: 63.76, tmp_test_f1: 61.09, f1: 64.38
epoch: 587, val_loss:1.273656, acc: 65.80, bacc: 63.76, tmp_test_f1: 60.87, f1: 64.38
epoch: 588, val_loss:1.288682, acc: 65.80, bacc: 63.76, tmp_test_f1: 61.05, f1: 64.38
epoch: 589, val_loss:1.284126, acc: 65.80, bacc: 63.76, tmp_test_f1: 61.00, f1: 64.38
epoch: 590, val_loss:1.273122, acc: 65.80, bacc: 63.76, tmp_test_f1: 61.26, f1: 64.38
epoch: 591, val_loss:1.264498, acc: 65.80, bacc: 63.76, tmp_test_f1: 61.05, f1: 64.38
epoch: 592, val_loss:1.266280, acc: 65.80, bacc: 63.76, tmp_test_f1: 60.43, f1: 64.38
epoch: 593, val_loss:1.260060, acc: 65.80, bacc: 63.76, tmp_test_f1: 60.00, f1: 64.38
epoch: 594, val_loss:1.267133, acc: 65.80, bacc: 63.76, tmp_test_f1: 59.36, f1: 64.38
epoch: 595, val_loss:1.277184, acc: 65.80, bacc: 63.76, tmp_test_f1: 59.58, f1: 64.38
epoch: 596, val_loss:1.286718, acc: 65.80, bacc: 63.76, tmp_test_f1: 59.41, f1: 64.38
epoch: 597, val_loss:1.278855, acc: 65.80, bacc: 63.76, tmp_test_f1: 59.45, f1: 64.38
epoch: 598, val_loss:1.261324, acc: 65.80, bacc: 63.76, tmp_test_f1: 60.85, f1: 64.38
epoch: 599, val_loss:1.229687, acc: 65.80, bacc: 63.76, tmp_test_f1: 62.60, f1: 64.38
epoch: 600, val_loss:1.213743, acc: 65.80, bacc: 63.76, tmp_test_f1: 62.13, f1: 64.38
epoch: 601, val_loss:1.205167, acc: 65.80, bacc: 63.76, tmp_test_f1: 61.83, f1: 64.38
epoch: 602, val_loss:1.201231, acc: 65.80, bacc: 63.76, tmp_test_f1: 61.42, f1: 64.38
epoch: 603, val_loss:1.206054, acc: 65.80, bacc: 63.76, tmp_test_f1: 60.96, f1: 64.38
epoch: 604, val_loss:1.216635, acc: 65.80, bacc: 63.76, tmp_test_f1: 61.05, f1: 64.38
epoch: 605, val_loss:1.240235, acc: 65.80, bacc: 63.76, tmp_test_f1: 60.98, f1: 64.38
epoch: 606, val_loss:1.285347, acc: 65.80, bacc: 63.76, tmp_test_f1: 58.60, f1: 64.38
epoch: 607, val_loss:1.308130, acc: 65.80, bacc: 63.76, tmp_test_f1: 58.25, f1: 64.38
epoch: 608, val_loss:1.308899, acc: 65.80, bacc: 63.76, tmp_test_f1: 58.73, f1: 64.38
epoch: 609, val_loss:1.295693, acc: 65.80, bacc: 63.76, tmp_test_f1: 58.25, f1: 64.38
epoch: 610, val_loss:1.297734, acc: 65.80, bacc: 63.76, tmp_test_f1: 59.01, f1: 64.38
epoch: 611, val_loss:1.299816, acc: 65.80, bacc: 63.76, tmp_test_f1: 59.38, f1: 64.38
epoch: 612, val_loss:1.292918, acc: 65.80, bacc: 63.76, tmp_test_f1: 60.10, f1: 64.38
epoch: 613, val_loss:1.288637, acc: 65.80, bacc: 63.76, tmp_test_f1: 59.41, f1: 64.38
epoch: 614, val_loss:1.300299, acc: 65.80, bacc: 63.76, tmp_test_f1: 59.67, f1: 64.38
epoch: 615, val_loss:1.295357, acc: 65.80, bacc: 63.76, tmp_test_f1: 59.77, f1: 64.38
epoch: 616, val_loss:1.292813, acc: 65.80, bacc: 63.76, tmp_test_f1: 60.24, f1: 64.38
epoch: 617, val_loss:1.279391, acc: 65.80, bacc: 63.76, tmp_test_f1: 60.84, f1: 64.38
epoch: 618, val_loss:1.275453, acc: 65.80, bacc: 63.76, tmp_test_f1: 60.78, f1: 64.38
epoch: 619, val_loss:1.276873, acc: 65.80, bacc: 63.76, tmp_test_f1: 61.17, f1: 64.38
epoch: 620, val_loss:1.268698, acc: 65.80, bacc: 63.76, tmp_test_f1: 61.32, f1: 64.38
epoch: 621, val_loss:1.252675, acc: 65.80, bacc: 63.76, tmp_test_f1: 61.14, f1: 64.38
epoch: 622, val_loss:1.241393, acc: 65.80, bacc: 63.76, tmp_test_f1: 62.06, f1: 64.38
epoch: 623, val_loss:1.236178, acc: 65.80, bacc: 63.76, tmp_test_f1: 61.93, f1: 64.38
epoch: 624, val_loss:1.236669, acc: 65.80, bacc: 63.76, tmp_test_f1: 61.25, f1: 64.38
epoch: 625, val_loss:1.248193, acc: 65.80, bacc: 63.76, tmp_test_f1: 61.48, f1: 64.38
epoch: 626, val_loss:1.244988, acc: 65.80, bacc: 63.76, tmp_test_f1: 61.84, f1: 64.38
epoch: 627, val_loss:1.238074, acc: 65.80, bacc: 63.76, tmp_test_f1: 61.96, f1: 64.38
epoch: 628, val_loss:1.223314, acc: 65.80, bacc: 63.76, tmp_test_f1: 62.45, f1: 64.38
epoch: 629, val_loss:1.212820, acc: 65.80, bacc: 63.76, tmp_test_f1: 61.96, f1: 64.38
epoch: 630, val_loss:1.204284, acc: 65.80, bacc: 63.76, tmp_test_f1: 61.89, f1: 64.38
epoch: 631, val_loss:1.201746, acc: 65.80, bacc: 63.76, tmp_test_f1: 61.67, f1: 64.38
epoch: 632, val_loss:1.205292, acc: 65.80, bacc: 63.76, tmp_test_f1: 61.47, f1: 64.38
epoch: 633, val_loss:1.215150, acc: 65.80, bacc: 63.76, tmp_test_f1: 60.81, f1: 64.38
epoch: 634, val_loss:1.242320, acc: 65.80, bacc: 63.76, tmp_test_f1: 61.25, f1: 64.38
epoch: 635, val_loss:1.250705, acc: 65.80, bacc: 63.76, tmp_test_f1: 61.46, f1: 64.38
epoch: 636, val_loss:1.252978, acc: 65.80, bacc: 63.76, tmp_test_f1: 61.31, f1: 64.38
epoch: 637, val_loss:1.250344, acc: 65.80, bacc: 63.76, tmp_test_f1: 62.33, f1: 64.38
epoch: 638, val_loss:1.253639, acc: 65.80, bacc: 63.76, tmp_test_f1: 61.20, f1: 64.38
epoch: 639, val_loss:1.263871, acc: 65.80, bacc: 63.76, tmp_test_f1: 60.60, f1: 64.38
epoch: 640, val_loss:1.284956, acc: 65.80, bacc: 63.76, tmp_test_f1: 60.48, f1: 64.38
epoch: 641, val_loss:1.315177, acc: 65.80, bacc: 63.76, tmp_test_f1: 60.77, f1: 64.38
epoch: 642, val_loss:1.342621, acc: 65.80, bacc: 63.76, tmp_test_f1: 61.19, f1: 64.38
epoch: 643, val_loss:1.351703, acc: 65.80, bacc: 63.76, tmp_test_f1: 61.37, f1: 64.38
epoch: 644, val_loss:1.324098, acc: 65.80, bacc: 63.76, tmp_test_f1: 62.16, f1: 64.38
epoch: 645, val_loss:1.297261, acc: 65.80, bacc: 63.76, tmp_test_f1: 62.51, f1: 64.38
epoch: 646, val_loss:1.271196, acc: 65.80, bacc: 63.76, tmp_test_f1: 62.64, f1: 64.38
epoch: 647, val_loss:1.254229, acc: 65.80, bacc: 63.76, tmp_test_f1: 62.49, f1: 64.38
epoch: 648, val_loss:1.239595, acc: 65.80, bacc: 63.76, tmp_test_f1: 62.14, f1: 64.38
epoch: 649, val_loss:1.235909, acc: 65.80, bacc: 63.76, tmp_test_f1: 61.98, f1: 64.38
epoch: 650, val_loss:1.244810, acc: 65.80, bacc: 63.76, tmp_test_f1: 62.97, f1: 64.38
Epoch 00651: reducing learning rate of group 0 to 1.2500e-02.
Epoch 00651: reducing learning rate of group 1 to 1.2500e-02.
epoch: 651, val_loss:1.263668, acc: 65.80, bacc: 63.76, tmp_test_f1: 62.06, f1: 64.38
epoch: 652, val_loss:1.272723, acc: 65.80, bacc: 63.76, tmp_test_f1: 62.12, f1: 64.38
epoch: 653, val_loss:1.270857, acc: 65.80, bacc: 63.76, tmp_test_f1: 62.55, f1: 64.38
epoch: 654, val_loss:1.262354, acc: 65.80, bacc: 63.76, tmp_test_f1: 62.43, f1: 64.38
epoch: 655, val_loss:1.248442, acc: 65.80, bacc: 63.76, tmp_test_f1: 62.59, f1: 64.38
epoch: 656, val_loss:1.244705, acc: 65.80, bacc: 63.76, tmp_test_f1: 62.13, f1: 64.38
epoch: 657, val_loss:1.246376, acc: 65.80, bacc: 63.76, tmp_test_f1: 62.59, f1: 64.38
epoch: 658, val_loss:1.255258, acc: 65.80, bacc: 63.76, tmp_test_f1: 62.57, f1: 64.38
epoch: 659, val_loss:1.270169, acc: 65.80, bacc: 63.76, tmp_test_f1: 63.00, f1: 64.38
epoch: 660, val_loss:1.285228, acc: 65.80, bacc: 63.76, tmp_test_f1: 62.62, f1: 64.38
epoch: 661, val_loss:1.295995, acc: 65.80, bacc: 63.76, tmp_test_f1: 62.39, f1: 64.38
epoch: 662, val_loss:1.302790, acc: 65.80, bacc: 63.76, tmp_test_f1: 62.64, f1: 64.38
epoch: 663, val_loss:1.304775, acc: 65.80, bacc: 63.76, tmp_test_f1: 62.78, f1: 64.38
epoch: 664, val_loss:1.303640, acc: 65.80, bacc: 63.76, tmp_test_f1: 62.68, f1: 64.38
epoch: 665, val_loss:1.303040, acc: 65.80, bacc: 63.76, tmp_test_f1: 62.45, f1: 64.38
epoch: 666, val_loss:1.299098, acc: 65.80, bacc: 63.76, tmp_test_f1: 62.00, f1: 64.38
epoch: 667, val_loss:1.295743, acc: 65.80, bacc: 63.76, tmp_test_f1: 61.57, f1: 64.38
epoch: 668, val_loss:1.281636, acc: 65.80, bacc: 63.76, tmp_test_f1: 61.04, f1: 64.38
epoch: 669, val_loss:1.271637, acc: 65.80, bacc: 63.76, tmp_test_f1: 61.72, f1: 64.38
epoch: 670, val_loss:1.271795, acc: 65.80, bacc: 63.76, tmp_test_f1: 60.99, f1: 64.38
epoch: 671, val_loss:1.278478, acc: 65.80, bacc: 63.76, tmp_test_f1: 61.50, f1: 64.38
epoch: 672, val_loss:1.290349, acc: 65.80, bacc: 63.76, tmp_test_f1: 61.67, f1: 64.38
epoch: 673, val_loss:1.298213, acc: 65.80, bacc: 63.76, tmp_test_f1: 61.99, f1: 64.38
epoch: 674, val_loss:1.295763, acc: 65.80, bacc: 63.76, tmp_test_f1: 62.42, f1: 64.38
epoch: 675, val_loss:1.292148, acc: 65.80, bacc: 63.76, tmp_test_f1: 62.24, f1: 64.38
epoch: 676, val_loss:1.282075, acc: 65.80, bacc: 63.76, tmp_test_f1: 62.16, f1: 64.38
epoch: 677, val_loss:1.266560, acc: 65.80, bacc: 63.76, tmp_test_f1: 62.63, f1: 64.38
epoch: 678, val_loss:1.247660, acc: 65.80, bacc: 63.76, tmp_test_f1: 62.95, f1: 64.38
epoch: 679, val_loss:1.236107, acc: 65.80, bacc: 63.76, tmp_test_f1: 63.00, f1: 64.38
epoch: 680, val_loss:1.234588, acc: 65.80, bacc: 63.76, tmp_test_f1: 63.11, f1: 64.38
epoch: 681, val_loss:1.233668, acc: 65.80, bacc: 63.76, tmp_test_f1: 63.01, f1: 64.38
epoch: 682, val_loss:1.232160, acc: 65.80, bacc: 63.76, tmp_test_f1: 63.31, f1: 64.38
epoch: 683, val_loss:1.233659, acc: 65.80, bacc: 63.76, tmp_test_f1: 63.64, f1: 64.38
epoch: 684, val_loss:1.233941, acc: 65.80, bacc: 63.76, tmp_test_f1: 63.25, f1: 64.38
epoch: 685, val_loss:1.234250, acc: 65.80, bacc: 63.76, tmp_test_f1: 62.84, f1: 64.38
epoch: 686, val_loss:1.236093, acc: 65.80, bacc: 63.76, tmp_test_f1: 61.74, f1: 64.38
epoch: 687, val_loss:1.237155, acc: 65.80, bacc: 63.76, tmp_test_f1: 61.28, f1: 64.38
epoch: 688, val_loss:1.237921, acc: 65.80, bacc: 63.76, tmp_test_f1: 60.78, f1: 64.38
epoch: 689, val_loss:1.241962, acc: 65.80, bacc: 63.76, tmp_test_f1: 61.53, f1: 64.38
epoch: 690, val_loss:1.244203, acc: 65.80, bacc: 63.76, tmp_test_f1: 61.56, f1: 64.38
epoch: 691, val_loss:1.246836, acc: 65.80, bacc: 63.76, tmp_test_f1: 61.92, f1: 64.38
epoch: 692, val_loss:1.249380, acc: 65.80, bacc: 63.76, tmp_test_f1: 62.13, f1: 64.38
epoch: 693, val_loss:1.251665, acc: 65.80, bacc: 63.76, tmp_test_f1: 62.15, f1: 64.38
epoch: 694, val_loss:1.254084, acc: 65.80, bacc: 63.76, tmp_test_f1: 62.33, f1: 64.38
epoch: 695, val_loss:1.253124, acc: 65.80, bacc: 63.76, tmp_test_f1: 62.38, f1: 64.38
epoch: 696, val_loss:1.242270, acc: 65.80, bacc: 63.76, tmp_test_f1: 62.27, f1: 64.38
epoch: 697, val_loss:1.232098, acc: 65.80, bacc: 63.76, tmp_test_f1: 62.28, f1: 64.38
epoch: 698, val_loss:1.225356, acc: 65.80, bacc: 63.76, tmp_test_f1: 62.03, f1: 64.38
epoch: 699, val_loss:1.220842, acc: 65.80, bacc: 63.76, tmp_test_f1: 62.46, f1: 64.38
epoch: 700, val_loss:1.218054, acc: 65.80, bacc: 63.76, tmp_test_f1: 62.37, f1: 64.38
epoch: 701, val_loss:1.218440, acc: 65.80, bacc: 63.76, tmp_test_f1: 62.55, f1: 64.38
epoch: 702, val_loss:1.218753, acc: 65.80, bacc: 63.76, tmp_test_f1: 62.79, f1: 64.38
epoch: 703, val_loss:1.216299, acc: 65.80, bacc: 63.76, tmp_test_f1: 62.58, f1: 64.38
epoch: 704, val_loss:1.219250, acc: 65.80, bacc: 63.76, tmp_test_f1: 62.68, f1: 64.38
epoch: 705, val_loss:1.216946, acc: 65.80, bacc: 63.76, tmp_test_f1: 62.23, f1: 64.38
epoch: 706, val_loss:1.210779, acc: 65.80, bacc: 63.76, tmp_test_f1: 61.59, f1: 64.38
epoch: 707, val_loss:1.209014, acc: 65.80, bacc: 63.76, tmp_test_f1: 62.22, f1: 64.38
epoch: 708, val_loss:1.206940, acc: 65.80, bacc: 63.76, tmp_test_f1: 62.22, f1: 64.38
epoch: 709, val_loss:1.206206, acc: 65.80, bacc: 63.76, tmp_test_f1: 62.20, f1: 64.38
epoch: 710, val_loss:1.205800, acc: 65.80, bacc: 63.76, tmp_test_f1: 62.39, f1: 64.38
epoch: 711, val_loss:1.208208, acc: 65.80, bacc: 63.76, tmp_test_f1: 61.71, f1: 64.38
epoch: 712, val_loss:1.211130, acc: 65.80, bacc: 63.76, tmp_test_f1: 62.06, f1: 64.38
epoch: 713, val_loss:1.210257, acc: 65.80, bacc: 63.76, tmp_test_f1: 62.06, f1: 64.38
epoch: 714, val_loss:1.210907, acc: 65.80, bacc: 63.76, tmp_test_f1: 62.81, f1: 64.38
epoch: 715, val_loss:1.215645, acc: 65.80, bacc: 63.76, tmp_test_f1: 62.99, f1: 64.38
epoch: 716, val_loss:1.218232, acc: 65.80, bacc: 63.76, tmp_test_f1: 62.74, f1: 64.38
epoch: 717, val_loss:1.219645, acc: 65.80, bacc: 63.76, tmp_test_f1: 62.81, f1: 64.38
epoch: 718, val_loss:1.219014, acc: 65.80, bacc: 63.76, tmp_test_f1: 62.97, f1: 64.38
epoch: 719, val_loss:1.215557, acc: 65.80, bacc: 63.76, tmp_test_f1: 62.78, f1: 64.38
epoch: 720, val_loss:1.212324, acc: 65.80, bacc: 63.76, tmp_test_f1: 62.88, f1: 64.38
epoch: 721, val_loss:1.209118, acc: 65.80, bacc: 63.76, tmp_test_f1: 63.00, f1: 64.38
epoch: 722, val_loss:1.203095, acc: 65.80, bacc: 63.76, tmp_test_f1: 63.19, f1: 64.38
epoch: 723, val_loss:1.196268, acc: 65.80, bacc: 63.76, tmp_test_f1: 63.35, f1: 64.38
epoch: 724, val_loss:1.187165, acc: 65.80, bacc: 63.76, tmp_test_f1: 63.32, f1: 64.38
epoch: 725, val_loss:1.186313, acc: 65.80, bacc: 63.76, tmp_test_f1: 63.76, f1: 64.38
epoch: 726, val_loss:1.188121, acc: 65.80, bacc: 63.76, tmp_test_f1: 63.65, f1: 64.38
epoch: 727, val_loss:1.185013, acc: 65.80, bacc: 63.76, tmp_test_f1: 63.56, f1: 64.38
epoch: 728, val_loss:1.186257, acc: 65.80, bacc: 63.76, tmp_test_f1: 63.85, f1: 64.38
epoch: 729, val_loss:1.188531, acc: 65.80, bacc: 63.76, tmp_test_f1: 63.73, f1: 64.38
epoch: 730, val_loss:1.190169, acc: 65.80, bacc: 63.76, tmp_test_f1: 63.66, f1: 64.38
epoch: 731, val_loss:1.195820, acc: 65.80, bacc: 63.76, tmp_test_f1: 63.64, f1: 64.38
epoch: 732, val_loss:1.202798, acc: 65.80, bacc: 63.76, tmp_test_f1: 63.29, f1: 64.38
epoch: 733, val_loss:1.211787, acc: 65.80, bacc: 63.76, tmp_test_f1: 62.80, f1: 64.38
epoch: 734, val_loss:1.221656, acc: 65.80, bacc: 63.76, tmp_test_f1: 62.52, f1: 64.38
epoch: 735, val_loss:1.231263, acc: 65.80, bacc: 63.76, tmp_test_f1: 62.89, f1: 64.38
epoch: 736, val_loss:1.230577, acc: 65.80, bacc: 63.76, tmp_test_f1: 62.95, f1: 64.38
epoch: 737, val_loss:1.224706, acc: 65.80, bacc: 63.76, tmp_test_f1: 63.17, f1: 64.38
epoch: 738, val_loss:1.221776, acc: 65.80, bacc: 63.76, tmp_test_f1: 62.84, f1: 64.38
epoch: 739, val_loss:1.220468, acc: 65.80, bacc: 63.76, tmp_test_f1: 62.45, f1: 64.38
epoch: 740, val_loss:1.222285, acc: 65.80, bacc: 63.76, tmp_test_f1: 61.98, f1: 64.38
epoch: 741, val_loss:1.215807, acc: 65.80, bacc: 63.76, tmp_test_f1: 62.44, f1: 64.38
epoch: 742, val_loss:1.207013, acc: 65.80, bacc: 63.76, tmp_test_f1: 63.10, f1: 64.38
epoch: 743, val_loss:1.206294, acc: 65.80, bacc: 63.76, tmp_test_f1: 62.51, f1: 64.38
epoch: 744, val_loss:1.207714, acc: 65.80, bacc: 63.76, tmp_test_f1: 62.72, f1: 64.38
epoch: 745, val_loss:1.210085, acc: 65.80, bacc: 63.76, tmp_test_f1: 62.66, f1: 64.38
epoch: 746, val_loss:1.205975, acc: 65.80, bacc: 63.76, tmp_test_f1: 62.70, f1: 64.38
epoch: 747, val_loss:1.201582, acc: 65.80, bacc: 63.76, tmp_test_f1: 62.41, f1: 64.38
epoch: 748, val_loss:1.199035, acc: 65.80, bacc: 63.76, tmp_test_f1: 62.83, f1: 64.38
epoch: 749, val_loss:1.194585, acc: 65.80, bacc: 63.76, tmp_test_f1: 62.94, f1: 64.38
epoch: 750, val_loss:1.193172, acc: 65.80, bacc: 63.76, tmp_test_f1: 62.56, f1: 64.38
epoch: 751, val_loss:1.198118, acc: 65.80, bacc: 63.76, tmp_test_f1: 63.34, f1: 64.38
epoch: 752, val_loss:1.208358, acc: 65.80, bacc: 63.76, tmp_test_f1: 63.83, f1: 64.38
epoch: 753, val_loss:1.229236, acc: 65.80, bacc: 63.76, tmp_test_f1: 64.21, f1: 64.38
epoch: 754, val_loss:1.252249, acc: 65.80, bacc: 63.76, tmp_test_f1: 63.68, f1: 64.38
epoch: 755, val_loss:1.273633, acc: 65.80, bacc: 63.76, tmp_test_f1: 63.75, f1: 64.38
epoch: 756, val_loss:1.278542, acc: 65.80, bacc: 63.76, tmp_test_f1: 63.61, f1: 64.38
epoch: 757, val_loss:1.255075, acc: 65.80, bacc: 63.76, tmp_test_f1: 63.00, f1: 64.38
epoch: 758, val_loss:1.232580, acc: 65.80, bacc: 63.76, tmp_test_f1: 63.20, f1: 64.38
epoch: 759, val_loss:1.221397, acc: 65.80, bacc: 63.76, tmp_test_f1: 62.80, f1: 64.38
epoch: 760, val_loss:1.213517, acc: 65.80, bacc: 63.76, tmp_test_f1: 62.66, f1: 64.38
epoch: 761, val_loss:1.201854, acc: 65.80, bacc: 63.76, tmp_test_f1: 62.54, f1: 64.38
epoch: 762, val_loss:1.193974, acc: 65.80, bacc: 63.76, tmp_test_f1: 63.47, f1: 64.38
epoch: 763, val_loss:1.184912, acc: 65.80, bacc: 63.76, tmp_test_f1: 63.61, f1: 64.38
epoch: 764, val_loss:1.186409, acc: 65.80, bacc: 63.76, tmp_test_f1: 63.26, f1: 64.38
epoch: 765, val_loss:1.198445, acc: 65.80, bacc: 63.76, tmp_test_f1: 62.77, f1: 64.38
epoch: 766, val_loss:1.209014, acc: 65.80, bacc: 63.76, tmp_test_f1: 62.31, f1: 64.38
epoch: 767, val_loss:1.215792, acc: 65.80, bacc: 63.76, tmp_test_f1: 62.41, f1: 64.38
epoch: 768, val_loss:1.223295, acc: 65.80, bacc: 63.76, tmp_test_f1: 62.81, f1: 64.38
epoch: 769, val_loss:1.234755, acc: 65.80, bacc: 63.76, tmp_test_f1: 61.89, f1: 64.38
epoch: 770, val_loss:1.235865, acc: 65.80, bacc: 63.76, tmp_test_f1: 62.25, f1: 64.38
epoch: 771, val_loss:1.225190, acc: 65.80, bacc: 63.76, tmp_test_f1: 62.54, f1: 64.38
epoch: 772, val_loss:1.216185, acc: 65.80, bacc: 63.76, tmp_test_f1: 62.14, f1: 64.38
epoch: 773, val_loss:1.210593, acc: 65.80, bacc: 63.76, tmp_test_f1: 62.76, f1: 64.38
epoch: 774, val_loss:1.209262, acc: 65.80, bacc: 63.76, tmp_test_f1: 62.74, f1: 64.38
epoch: 775, val_loss:1.206825, acc: 65.80, bacc: 63.76, tmp_test_f1: 63.41, f1: 64.38
epoch: 776, val_loss:1.207147, acc: 65.80, bacc: 63.76, tmp_test_f1: 63.64, f1: 64.38
epoch: 777, val_loss:1.210639, acc: 65.80, bacc: 63.76, tmp_test_f1: 63.43, f1: 64.38
epoch: 778, val_loss:1.213286, acc: 65.80, bacc: 63.76, tmp_test_f1: 63.32, f1: 64.38
epoch: 779, val_loss:1.203076, acc: 65.80, bacc: 63.76, tmp_test_f1: 62.76, f1: 64.38
epoch: 780, val_loss:1.196540, acc: 65.80, bacc: 63.76, tmp_test_f1: 62.84, f1: 64.38
epoch: 781, val_loss:1.190746, acc: 65.80, bacc: 63.76, tmp_test_f1: 63.27, f1: 64.38
epoch: 782, val_loss:1.184212, acc: 65.80, bacc: 63.76, tmp_test_f1: 63.08, f1: 64.38
epoch: 783, val_loss:1.179712, acc: 65.80, bacc: 63.76, tmp_test_f1: 62.87, f1: 64.38
epoch: 784, val_loss:1.178492, acc: 65.80, bacc: 63.76, tmp_test_f1: 62.63, f1: 64.38
epoch: 785, val_loss:1.180789, acc: 65.80, bacc: 63.76, tmp_test_f1: 62.49, f1: 64.38
epoch: 786, val_loss:1.180578, acc: 65.80, bacc: 63.76, tmp_test_f1: 62.57, f1: 64.38
epoch: 787, val_loss:1.181780, acc: 65.80, bacc: 63.76, tmp_test_f1: 62.76, f1: 64.38
epoch: 788, val_loss:1.184597, acc: 65.80, bacc: 63.76, tmp_test_f1: 63.22, f1: 64.38
epoch: 789, val_loss:1.193855, acc: 65.80, bacc: 63.76, tmp_test_f1: 63.61, f1: 64.38
epoch: 790, val_loss:1.198900, acc: 65.80, bacc: 63.76, tmp_test_f1: 63.43, f1: 64.38
epoch: 791, val_loss:1.202829, acc: 65.80, bacc: 63.76, tmp_test_f1: 63.38, f1: 64.38
epoch: 792, val_loss:1.206279, acc: 65.80, bacc: 63.76, tmp_test_f1: 63.19, f1: 64.38
epoch: 793, val_loss:1.211465, acc: 65.80, bacc: 63.76, tmp_test_f1: 62.87, f1: 64.38
epoch: 794, val_loss:1.217125, acc: 65.80, bacc: 63.76, tmp_test_f1: 62.26, f1: 64.38
epoch: 795, val_loss:1.217077, acc: 65.80, bacc: 63.76, tmp_test_f1: 62.31, f1: 64.38
epoch: 796, val_loss:1.218452, acc: 65.80, bacc: 63.76, tmp_test_f1: 62.11, f1: 64.38
epoch: 797, val_loss:1.221514, acc: 65.80, bacc: 63.76, tmp_test_f1: 62.19, f1: 64.38
epoch: 798, val_loss:1.223207, acc: 65.80, bacc: 63.76, tmp_test_f1: 62.41, f1: 64.38
epoch: 799, val_loss:1.224569, acc: 65.80, bacc: 63.76, tmp_test_f1: 62.42, f1: 64.38
epoch: 800, val_loss:1.223236, acc: 65.80, bacc: 63.76, tmp_test_f1: 62.18, f1: 64.38
epoch: 801, val_loss:1.216412, acc: 65.80, bacc: 63.76, tmp_test_f1: 61.87, f1: 64.38
epoch: 802, val_loss:1.212316, acc: 65.80, bacc: 63.76, tmp_test_f1: 61.82, f1: 64.38
epoch: 803, val_loss:1.204907, acc: 65.80, bacc: 63.76, tmp_test_f1: 61.05, f1: 64.38
epoch: 804, val_loss:1.203934, acc: 65.80, bacc: 63.76, tmp_test_f1: 60.68, f1: 64.38
epoch: 805, val_loss:1.207509, acc: 65.80, bacc: 63.76, tmp_test_f1: 60.58, f1: 64.38
epoch: 806, val_loss:1.211041, acc: 65.80, bacc: 63.76, tmp_test_f1: 60.50, f1: 64.38
epoch: 807, val_loss:1.212227, acc: 65.80, bacc: 63.76, tmp_test_f1: 61.24, f1: 64.38
epoch: 808, val_loss:1.202788, acc: 65.80, bacc: 63.76, tmp_test_f1: 61.04, f1: 64.38
epoch: 809, val_loss:1.190294, acc: 65.80, bacc: 63.76, tmp_test_f1: 61.75, f1: 64.38
epoch: 810, val_loss:1.182139, acc: 65.80, bacc: 63.76, tmp_test_f1: 61.79, f1: 64.38
epoch: 811, val_loss:1.175389, acc: 65.80, bacc: 63.76, tmp_test_f1: 61.74, f1: 64.38
epoch: 812, val_loss:1.170604, acc: 65.80, bacc: 63.76, tmp_test_f1: 61.62, f1: 64.38
epoch: 813, val_loss:1.168009, acc: 65.80, bacc: 63.76, tmp_test_f1: 61.94, f1: 64.38
epoch: 814, val_loss:1.170477, acc: 65.80, bacc: 63.76, tmp_test_f1: 62.14, f1: 64.38
epoch: 815, val_loss:1.174362, acc: 65.80, bacc: 63.76, tmp_test_f1: 62.82, f1: 64.38
epoch: 816, val_loss:1.180776, acc: 65.80, bacc: 63.76, tmp_test_f1: 63.09, f1: 64.38
epoch: 817, val_loss:1.184515, acc: 65.80, bacc: 63.76, tmp_test_f1: 62.98, f1: 64.38
epoch: 818, val_loss:1.188403, acc: 65.80, bacc: 63.76, tmp_test_f1: 62.39, f1: 64.38
epoch: 819, val_loss:1.199519, acc: 65.80, bacc: 63.76, tmp_test_f1: 62.30, f1: 64.38
epoch: 820, val_loss:1.210173, acc: 65.80, bacc: 63.76, tmp_test_f1: 62.21, f1: 64.38
epoch: 821, val_loss:1.218074, acc: 65.80, bacc: 63.76, tmp_test_f1: 62.09, f1: 64.38
epoch: 822, val_loss:1.215062, acc: 65.80, bacc: 63.76, tmp_test_f1: 61.95, f1: 64.38
epoch: 823, val_loss:1.207246, acc: 65.80, bacc: 63.76, tmp_test_f1: 62.02, f1: 64.38
epoch: 824, val_loss:1.201202, acc: 65.80, bacc: 63.76, tmp_test_f1: 61.98, f1: 64.38
epoch: 825, val_loss:1.194236, acc: 65.80, bacc: 63.76, tmp_test_f1: 61.51, f1: 64.38
epoch: 826, val_loss:1.187539, acc: 65.80, bacc: 63.76, tmp_test_f1: 61.19, f1: 64.38
epoch: 827, val_loss:1.182641, acc: 65.80, bacc: 63.76, tmp_test_f1: 61.11, f1: 64.38
epoch: 828, val_loss:1.172739, acc: 65.80, bacc: 63.76, tmp_test_f1: 61.26, f1: 64.38
epoch: 829, val_loss:1.166918, acc: 65.80, bacc: 63.76, tmp_test_f1: 61.59, f1: 64.38
epoch: 830, val_loss:1.163963, acc: 65.80, bacc: 63.76, tmp_test_f1: 62.10, f1: 64.38
epoch: 831, val_loss:1.163004, acc: 65.80, bacc: 63.76, tmp_test_f1: 62.63, f1: 64.38
epoch: 832, val_loss:1.164284, acc: 65.80, bacc: 63.76, tmp_test_f1: 62.16, f1: 64.38
epoch: 833, val_loss:1.166967, acc: 65.80, bacc: 63.76, tmp_test_f1: 62.80, f1: 64.38
epoch: 834, val_loss:1.167107, acc: 65.80, bacc: 63.76, tmp_test_f1: 62.97, f1: 64.38
epoch: 835, val_loss:1.174974, acc: 65.80, bacc: 63.76, tmp_test_f1: 62.62, f1: 64.38
epoch: 836, val_loss:1.186112, acc: 65.80, bacc: 63.76, tmp_test_f1: 62.64, f1: 64.38
epoch: 837, val_loss:1.194509, acc: 65.80, bacc: 63.76, tmp_test_f1: 62.45, f1: 64.38
epoch: 838, val_loss:1.195522, acc: 65.80, bacc: 63.76, tmp_test_f1: 62.19, f1: 64.38
epoch: 839, val_loss:1.188909, acc: 65.80, bacc: 63.76, tmp_test_f1: 62.26, f1: 64.38
epoch: 840, val_loss:1.183383, acc: 65.80, bacc: 63.76, tmp_test_f1: 62.47, f1: 64.38
epoch: 841, val_loss:1.174113, acc: 65.80, bacc: 63.76, tmp_test_f1: 62.85, f1: 64.38
epoch: 842, val_loss:1.166149, acc: 65.80, bacc: 63.76, tmp_test_f1: 62.95, f1: 64.38
epoch: 843, val_loss:1.161199, acc: 65.80, bacc: 63.76, tmp_test_f1: 62.81, f1: 64.38
epoch: 844, val_loss:1.160979, acc: 65.80, bacc: 63.76, tmp_test_f1: 62.59, f1: 64.38
epoch: 845, val_loss:1.166758, acc: 65.80, bacc: 63.76, tmp_test_f1: 62.22, f1: 64.38
epoch: 846, val_loss:1.178297, acc: 65.80, bacc: 63.76, tmp_test_f1: 62.12, f1: 64.38
epoch: 847, val_loss:1.182483, acc: 65.80, bacc: 63.76, tmp_test_f1: 61.78, f1: 64.38
epoch: 848, val_loss:1.183613, acc: 65.80, bacc: 63.76, tmp_test_f1: 61.67, f1: 64.38
epoch: 849, val_loss:1.177935, acc: 65.80, bacc: 63.76, tmp_test_f1: 62.11, f1: 64.38
epoch: 850, val_loss:1.170714, acc: 65.80, bacc: 63.76, tmp_test_f1: 62.62, f1: 64.38
epoch: 851, val_loss:1.167011, acc: 65.80, bacc: 63.76, tmp_test_f1: 63.10, f1: 64.38
Epoch 00852: reducing learning rate of group 0 to 6.2500e-03.
Epoch 00852: reducing learning rate of group 1 to 6.2500e-03.
epoch: 852, val_loss:1.161470, acc: 65.80, bacc: 63.76, tmp_test_f1: 62.81, f1: 64.38
epoch: 853, val_loss:1.160898, acc: 65.80, bacc: 63.76, tmp_test_f1: 62.91, f1: 64.38
epoch: 854, val_loss:1.161321, acc: 65.80, bacc: 63.76, tmp_test_f1: 62.68, f1: 64.38
epoch: 855, val_loss:1.162594, acc: 65.80, bacc: 63.76, tmp_test_f1: 62.93, f1: 64.38
epoch: 856, val_loss:1.167364, acc: 65.80, bacc: 63.76, tmp_test_f1: 62.99, f1: 64.38
epoch: 857, val_loss:1.173131, acc: 65.80, bacc: 63.76, tmp_test_f1: 63.18, f1: 64.38
epoch: 858, val_loss:1.180979, acc: 65.80, bacc: 63.76, tmp_test_f1: 63.19, f1: 64.38
epoch: 859, val_loss:1.186578, acc: 65.80, bacc: 63.76, tmp_test_f1: 63.48, f1: 64.38
epoch: 860, val_loss:1.192503, acc: 65.80, bacc: 63.76, tmp_test_f1: 63.42, f1: 64.38
epoch: 861, val_loss:1.200705, acc: 65.80, bacc: 63.76, tmp_test_f1: 63.09, f1: 64.38
epoch: 862, val_loss:1.203710, acc: 65.80, bacc: 63.76, tmp_test_f1: 63.24, f1: 64.38
epoch: 863, val_loss:1.206104, acc: 65.80, bacc: 63.76, tmp_test_f1: 63.49, f1: 64.38
epoch: 864, val_loss:1.205749, acc: 65.80, bacc: 63.76, tmp_test_f1: 63.21, f1: 64.38
epoch: 865, val_loss:1.203141, acc: 65.80, bacc: 63.76, tmp_test_f1: 62.90, f1: 64.38
epoch: 866, val_loss:1.201967, acc: 65.80, bacc: 63.76, tmp_test_f1: 62.50, f1: 64.38
epoch: 867, val_loss:1.203153, acc: 65.80, bacc: 63.76, tmp_test_f1: 62.58, f1: 64.38
epoch: 868, val_loss:1.207612, acc: 65.80, bacc: 63.76, tmp_test_f1: 62.42, f1: 64.38
epoch: 869, val_loss:1.212394, acc: 65.80, bacc: 63.76, tmp_test_f1: 62.45, f1: 64.38
epoch: 870, val_loss:1.218077, acc: 65.80, bacc: 63.76, tmp_test_f1: 62.34, f1: 64.38
epoch: 871, val_loss:1.222126, acc: 65.80, bacc: 63.76, tmp_test_f1: 62.36, f1: 64.38
epoch: 872, val_loss:1.226943, acc: 65.80, bacc: 63.76, tmp_test_f1: 62.22, f1: 64.38
epoch: 873, val_loss:1.231932, acc: 65.80, bacc: 63.76, tmp_test_f1: 62.18, f1: 64.38
epoch: 874, val_loss:1.234546, acc: 65.80, bacc: 63.76, tmp_test_f1: 62.07, f1: 64.38
epoch: 875, val_loss:1.236814, acc: 65.80, bacc: 63.76, tmp_test_f1: 62.31, f1: 64.38
epoch: 876, val_loss:1.237382, acc: 65.80, bacc: 63.76, tmp_test_f1: 62.46, f1: 64.38
epoch: 877, val_loss:1.240293, acc: 65.80, bacc: 63.76, tmp_test_f1: 62.54, f1: 64.38
epoch: 878, val_loss:1.242661, acc: 65.80, bacc: 63.76, tmp_test_f1: 62.37, f1: 64.38
epoch: 879, val_loss:1.241078, acc: 65.80, bacc: 63.76, tmp_test_f1: 62.36, f1: 64.38
epoch: 880, val_loss:1.239702, acc: 65.80, bacc: 63.76, tmp_test_f1: 62.26, f1: 64.38
epoch: 881, val_loss:1.238879, acc: 65.80, bacc: 63.76, tmp_test_f1: 62.38, f1: 64.38
epoch: 882, val_loss:1.233481, acc: 65.80, bacc: 63.76, tmp_test_f1: 61.98, f1: 64.38
epoch: 883, val_loss:1.229272, acc: 65.80, bacc: 63.76, tmp_test_f1: 61.80, f1: 64.38
epoch: 884, val_loss:1.225834, acc: 65.80, bacc: 63.76, tmp_test_f1: 61.76, f1: 64.38
epoch: 885, val_loss:1.221211, acc: 65.80, bacc: 63.76, tmp_test_f1: 61.96, f1: 64.38
epoch: 886, val_loss:1.213230, acc: 65.80, bacc: 63.76, tmp_test_f1: 61.93, f1: 64.38
epoch: 887, val_loss:1.206775, acc: 65.80, bacc: 63.76, tmp_test_f1: 61.62, f1: 64.38
epoch: 888, val_loss:1.202248, acc: 65.80, bacc: 63.76, tmp_test_f1: 61.65, f1: 64.38
epoch: 889, val_loss:1.195977, acc: 65.80, bacc: 63.76, tmp_test_f1: 61.60, f1: 64.38
epoch: 890, val_loss:1.190662, acc: 65.80, bacc: 63.76, tmp_test_f1: 61.86, f1: 64.38
epoch: 891, val_loss:1.187763, acc: 65.80, bacc: 63.76, tmp_test_f1: 61.95, f1: 64.38
epoch: 892, val_loss:1.186281, acc: 65.80, bacc: 63.76, tmp_test_f1: 61.82, f1: 64.38
epoch: 893, val_loss:1.187764, acc: 65.80, bacc: 63.76, tmp_test_f1: 61.84, f1: 64.38
epoch: 894, val_loss:1.189848, acc: 65.80, bacc: 63.76, tmp_test_f1: 61.84, f1: 64.38
epoch: 895, val_loss:1.193759, acc: 65.80, bacc: 63.76, tmp_test_f1: 61.81, f1: 64.38
epoch: 896, val_loss:1.198604, acc: 65.80, bacc: 63.76, tmp_test_f1: 62.09, f1: 64.38
epoch: 897, val_loss:1.206529, acc: 65.80, bacc: 63.76, tmp_test_f1: 61.78, f1: 64.38
epoch: 898, val_loss:1.215922, acc: 65.80, bacc: 63.76, tmp_test_f1: 62.13, f1: 64.38
epoch: 899, val_loss:1.222498, acc: 65.80, bacc: 63.76, tmp_test_f1: 62.01, f1: 64.38
epoch: 900, val_loss:1.228077, acc: 65.80, bacc: 63.76, tmp_test_f1: 61.92, f1: 64.38
epoch: 901, val_loss:1.232589, acc: 65.80, bacc: 63.76, tmp_test_f1: 61.58, f1: 64.38
epoch: 902, val_loss:1.232876, acc: 65.80, bacc: 63.76, tmp_test_f1: 61.73, f1: 64.38
epoch: 903, val_loss:1.233661, acc: 65.80, bacc: 63.76, tmp_test_f1: 61.57, f1: 64.38
epoch: 904, val_loss:1.233209, acc: 65.80, bacc: 63.76, tmp_test_f1: 61.67, f1: 64.38
epoch: 905, val_loss:1.230722, acc: 65.80, bacc: 63.76, tmp_test_f1: 61.67, f1: 64.38
epoch: 906, val_loss:1.225109, acc: 65.80, bacc: 63.76, tmp_test_f1: 61.63, f1: 64.38
epoch: 907, val_loss:1.217572, acc: 65.80, bacc: 63.76, tmp_test_f1: 61.62, f1: 64.38
epoch: 908, val_loss:1.211034, acc: 65.80, bacc: 63.76, tmp_test_f1: 61.58, f1: 64.38
epoch: 909, val_loss:1.206671, acc: 65.80, bacc: 63.76, tmp_test_f1: 61.95, f1: 64.38
epoch: 910, val_loss:1.203833, acc: 65.80, bacc: 63.76, tmp_test_f1: 61.97, f1: 64.38
epoch: 911, val_loss:1.202846, acc: 65.80, bacc: 63.76, tmp_test_f1: 61.78, f1: 64.38
epoch: 912, val_loss:1.202277, acc: 65.80, bacc: 63.76, tmp_test_f1: 61.21, f1: 64.38
epoch: 913, val_loss:1.201603, acc: 65.80, bacc: 63.76, tmp_test_f1: 61.00, f1: 64.38
epoch: 914, val_loss:1.201954, acc: 65.80, bacc: 63.76, tmp_test_f1: 61.05, f1: 64.38
epoch: 915, val_loss:1.202564, acc: 65.80, bacc: 63.76, tmp_test_f1: 61.05, f1: 64.38
epoch: 916, val_loss:1.202428, acc: 65.80, bacc: 63.76, tmp_test_f1: 61.16, f1: 64.38
epoch: 917, val_loss:1.205038, acc: 65.80, bacc: 63.76, tmp_test_f1: 61.37, f1: 64.38
epoch: 918, val_loss:1.210690, acc: 65.80, bacc: 63.76, tmp_test_f1: 61.44, f1: 64.38
epoch: 919, val_loss:1.215803, acc: 65.80, bacc: 63.76, tmp_test_f1: 61.31, f1: 64.38
epoch: 920, val_loss:1.222683, acc: 65.80, bacc: 63.76, tmp_test_f1: 61.54, f1: 64.38
epoch: 921, val_loss:1.227838, acc: 65.80, bacc: 63.76, tmp_test_f1: 61.33, f1: 64.38
epoch: 922, val_loss:1.231464, acc: 65.80, bacc: 63.76, tmp_test_f1: 61.45, f1: 64.38
epoch: 923, val_loss:1.230442, acc: 65.80, bacc: 63.76, tmp_test_f1: 61.76, f1: 64.38
epoch: 924, val_loss:1.229587, acc: 65.80, bacc: 63.76, tmp_test_f1: 61.80, f1: 64.38
epoch: 925, val_loss:1.226045, acc: 65.80, bacc: 63.76, tmp_test_f1: 62.07, f1: 64.38
epoch: 926, val_loss:1.225756, acc: 65.80, bacc: 63.76, tmp_test_f1: 61.90, f1: 64.38
epoch: 927, val_loss:1.225176, acc: 65.80, bacc: 63.76, tmp_test_f1: 61.66, f1: 64.38
epoch: 928, val_loss:1.225456, acc: 65.80, bacc: 63.76, tmp_test_f1: 61.51, f1: 64.38
epoch: 929, val_loss:1.226638, acc: 65.80, bacc: 63.76, tmp_test_f1: 61.51, f1: 64.38
epoch: 930, val_loss:1.229860, acc: 65.80, bacc: 63.76, tmp_test_f1: 61.47, f1: 64.38
epoch: 931, val_loss:1.234940, acc: 65.80, bacc: 63.76, tmp_test_f1: 60.59, f1: 64.38
epoch: 932, val_loss:1.238854, acc: 65.80, bacc: 63.76, tmp_test_f1: 60.93, f1: 64.38
epoch: 933, val_loss:1.242018, acc: 65.80, bacc: 63.76, tmp_test_f1: 60.94, f1: 64.38
epoch: 934, val_loss:1.244376, acc: 65.80, bacc: 63.76, tmp_test_f1: 61.19, f1: 64.38
epoch: 935, val_loss:1.244506, acc: 65.80, bacc: 63.76, tmp_test_f1: 60.56, f1: 64.38
epoch: 936, val_loss:1.248393, acc: 65.80, bacc: 63.76, tmp_test_f1: 60.72, f1: 64.38
epoch: 937, val_loss:1.248280, acc: 65.80, bacc: 63.76, tmp_test_f1: 60.72, f1: 64.38
epoch: 938, val_loss:1.247498, acc: 65.80, bacc: 63.76, tmp_test_f1: 60.92, f1: 64.38
epoch: 939, val_loss:1.244904, acc: 65.80, bacc: 63.76, tmp_test_f1: 60.83, f1: 64.38
epoch: 940, val_loss:1.243087, acc: 65.80, bacc: 63.76, tmp_test_f1: 60.97, f1: 64.38
epoch: 941, val_loss:1.241594, acc: 65.80, bacc: 63.76, tmp_test_f1: 60.89, f1: 64.38
epoch: 942, val_loss:1.240075, acc: 65.80, bacc: 63.76, tmp_test_f1: 60.92, f1: 64.38
epoch: 943, val_loss:1.242472, acc: 65.80, bacc: 63.76, tmp_test_f1: 61.10, f1: 64.38
epoch: 944, val_loss:1.242830, acc: 65.80, bacc: 63.76, tmp_test_f1: 61.12, f1: 64.38
epoch: 945, val_loss:1.239983, acc: 65.80, bacc: 63.76, tmp_test_f1: 60.86, f1: 64.38
epoch: 946, val_loss:1.236771, acc: 65.80, bacc: 63.76, tmp_test_f1: 60.83, f1: 64.38
epoch: 947, val_loss:1.233188, acc: 65.80, bacc: 63.76, tmp_test_f1: 60.74, f1: 64.38
epoch: 948, val_loss:1.231631, acc: 65.80, bacc: 63.76, tmp_test_f1: 60.74, f1: 64.38
epoch: 949, val_loss:1.231589, acc: 65.80, bacc: 63.76, tmp_test_f1: 60.93, f1: 64.38
epoch: 950, val_loss:1.231503, acc: 65.80, bacc: 63.76, tmp_test_f1: 60.76, f1: 64.38
epoch: 951, val_loss:1.230127, acc: 65.80, bacc: 63.76, tmp_test_f1: 60.73, f1: 64.38
epoch: 952, val_loss:1.230712, acc: 65.80, bacc: 63.76, tmp_test_f1: 60.90, f1: 64.38
epoch: 953, val_loss:1.232637, acc: 65.80, bacc: 63.76, tmp_test_f1: 61.76, f1: 64.38
epoch: 954, val_loss:1.235260, acc: 65.80, bacc: 63.76, tmp_test_f1: 61.67, f1: 64.38
epoch: 955, val_loss:1.237339, acc: 65.80, bacc: 63.76, tmp_test_f1: 61.52, f1: 64.38
epoch: 956, val_loss:1.237630, acc: 65.80, bacc: 63.76, tmp_test_f1: 61.55, f1: 64.38
epoch: 957, val_loss:1.240405, acc: 65.80, bacc: 63.76, tmp_test_f1: 61.75, f1: 64.38
epoch: 958, val_loss:1.242265, acc: 65.80, bacc: 63.76, tmp_test_f1: 61.83, f1: 64.38
epoch: 959, val_loss:1.249588, acc: 65.80, bacc: 63.76, tmp_test_f1: 61.43, f1: 64.38
epoch: 960, val_loss:1.258517, acc: 65.80, bacc: 63.76, tmp_test_f1: 61.39, f1: 64.38
epoch: 961, val_loss:1.260937, acc: 65.80, bacc: 63.76, tmp_test_f1: 61.65, f1: 64.38
epoch: 962, val_loss:1.262185, acc: 65.80, bacc: 63.76, tmp_test_f1: 61.34, f1: 64.38
epoch: 963, val_loss:1.256874, acc: 65.80, bacc: 63.76, tmp_test_f1: 61.54, f1: 64.38
epoch: 964, val_loss:1.245591, acc: 65.80, bacc: 63.76, tmp_test_f1: 61.32, f1: 64.38
epoch: 965, val_loss:1.230411, acc: 65.80, bacc: 63.76, tmp_test_f1: 61.34, f1: 64.38
epoch: 966, val_loss:1.218081, acc: 65.80, bacc: 63.76, tmp_test_f1: 61.13, f1: 64.38
epoch: 967, val_loss:1.213551, acc: 65.80, bacc: 63.76, tmp_test_f1: 61.40, f1: 64.38
epoch: 968, val_loss:1.213276, acc: 65.80, bacc: 63.76, tmp_test_f1: 61.16, f1: 64.38
epoch: 969, val_loss:1.215973, acc: 65.80, bacc: 63.76, tmp_test_f1: 61.18, f1: 64.38
epoch: 970, val_loss:1.218640, acc: 65.80, bacc: 63.76, tmp_test_f1: 61.10, f1: 64.38
epoch: 971, val_loss:1.222252, acc: 65.80, bacc: 63.76, tmp_test_f1: 61.03, f1: 64.38
epoch: 972, val_loss:1.225273, acc: 65.80, bacc: 63.76, tmp_test_f1: 60.78, f1: 64.38
epoch: 973, val_loss:1.230035, acc: 65.80, bacc: 63.76, tmp_test_f1: 60.50, f1: 64.38
epoch: 974, val_loss:1.234251, acc: 65.80, bacc: 63.76, tmp_test_f1: 60.71, f1: 64.38
epoch: 975, val_loss:1.237283, acc: 65.80, bacc: 63.76, tmp_test_f1: 60.74, f1: 64.38
epoch: 976, val_loss:1.241904, acc: 65.80, bacc: 63.76, tmp_test_f1: 60.66, f1: 64.38
epoch: 977, val_loss:1.247749, acc: 65.80, bacc: 63.76, tmp_test_f1: 60.61, f1: 64.38
epoch: 978, val_loss:1.252399, acc: 65.80, bacc: 63.76, tmp_test_f1: 60.74, f1: 64.38
epoch: 979, val_loss:1.253876, acc: 65.80, bacc: 63.76, tmp_test_f1: 60.86, f1: 64.38
epoch: 980, val_loss:1.257249, acc: 65.80, bacc: 63.76, tmp_test_f1: 60.70, f1: 64.38
epoch: 981, val_loss:1.257597, acc: 65.80, bacc: 63.76, tmp_test_f1: 60.91, f1: 64.38
epoch: 982, val_loss:1.259343, acc: 65.80, bacc: 63.76, tmp_test_f1: 60.85, f1: 64.38
epoch: 983, val_loss:1.258201, acc: 65.80, bacc: 63.76, tmp_test_f1: 60.91, f1: 64.38
epoch: 984, val_loss:1.256343, acc: 65.80, bacc: 63.76, tmp_test_f1: 61.00, f1: 64.38
epoch: 985, val_loss:1.253557, acc: 65.80, bacc: 63.76, tmp_test_f1: 60.71, f1: 64.38
GCN dgl/coraTrue 100 Aug 21 EndEpoch 985 lr 0.1
SHAsplit  0, acc: 65.80, bacc: 63.76, f1: 64.38
