cuda is not available, using CPU.
Namespace(to_undirected=True, from_SHA=True, IsDirectedData=True, AugDirect=-1, net='GAT', GPUdevice=1, seed=100, undirect_dataset='CiteSeer', Direct_dataset='dgl/cora', imb_ratio=100, dropout=0.1, num_filter=2, layer=2, alpha=0.1, K=2, feat_dim=64, warmup=5, epoch=1500, lr=0.1, l2=0.0005, tau=2, max=False, no_mask=False, gdc='ppr', heads=8, log_root='../logs/', log_path='test', data_path='../dataset/data/tmp/')
  NumNodes: 2708
  NumEdges: 5278
  NumFeats: 1433
  NumClasses: 7
  NumTrainingSamples: 140
  NumValidationSamples: 500
  NumTestSamples: 1000
Done loading data from cached files.
dict_keys(['feat', 'label', 'test_mask', 'val_mask', 'train_mask'])
Converted to undirected data
test_f1 CountNotImproved reset to 0 in epoch 0
epoch:   0, val_loss:1.946070, acc: 13.00, bacc: 14.29, tmp_test_f1: 3.29, f1: 3.29
epoch:   1, val_loss:2.262813, acc: 13.00, bacc: 14.29, tmp_test_f1: 3.29, f1: 3.29
test_f1 CountNotImproved reset to 0 in epoch 2
epoch:   2, val_loss:3.397478, acc: 27.40, bacc: 33.21, tmp_test_f1: 20.73, f1: 20.73
test_f1 CountNotImproved reset to 0 in epoch 3
epoch:   3, val_loss:3.193320, acc: 33.80, bacc: 39.36, tmp_test_f1: 22.53, f1: 22.53
test_f1 CountNotImproved reset to 0 in epoch 4
epoch:   4, val_loss:2.866247, acc: 34.10, bacc: 39.20, tmp_test_f1: 24.47, f1: 24.47
epoch:   5, val_loss:2.723571, acc: 34.10, bacc: 39.20, tmp_test_f1: 23.42, f1: 24.47
epoch:   6, val_loss:2.779219, acc: 34.10, bacc: 39.20, tmp_test_f1: 22.16, f1: 24.47
test_f1 CountNotImproved reset to 0 in epoch 7
epoch:   7, val_loss:2.389727, acc: 33.00, bacc: 36.80, tmp_test_f1: 26.86, f1: 26.86
test_f1 CountNotImproved reset to 0 in epoch 8
epoch:   8, val_loss:1.955824, acc: 33.80, bacc: 37.71, tmp_test_f1: 28.49, f1: 28.49
epoch:   9, val_loss:1.758259, acc: 33.80, bacc: 37.71, tmp_test_f1: 26.26, f1: 28.49
epoch:  10, val_loss:1.753534, acc: 33.80, bacc: 37.71, tmp_test_f1: 24.76, f1: 28.49
epoch:  11, val_loss:1.786080, acc: 33.80, bacc: 37.71, tmp_test_f1: 24.10, f1: 28.49
epoch:  12, val_loss:1.814580, acc: 33.80, bacc: 37.71, tmp_test_f1: 24.15, f1: 28.49
epoch:  13, val_loss:1.864832, acc: 33.80, bacc: 37.71, tmp_test_f1: 23.56, f1: 28.49
epoch:  14, val_loss:1.941996, acc: 33.80, bacc: 37.71, tmp_test_f1: 24.13, f1: 28.49
epoch:  15, val_loss:1.980792, acc: 33.80, bacc: 37.71, tmp_test_f1: 24.45, f1: 28.49
epoch:  16, val_loss:1.968694, acc: 33.80, bacc: 37.71, tmp_test_f1: 25.03, f1: 28.49
epoch:  17, val_loss:1.896299, acc: 33.80, bacc: 37.71, tmp_test_f1: 25.31, f1: 28.49
epoch:  18, val_loss:1.801230, acc: 33.80, bacc: 37.71, tmp_test_f1: 25.10, f1: 28.49
epoch:  19, val_loss:1.703350, acc: 33.80, bacc: 37.71, tmp_test_f1: 25.53, f1: 28.49
epoch:  20, val_loss:1.641544, acc: 33.80, bacc: 37.71, tmp_test_f1: 24.73, f1: 28.49
epoch:  21, val_loss:1.620994, acc: 33.80, bacc: 37.71, tmp_test_f1: 26.81, f1: 28.49
test_f1 CountNotImproved reset to 0 in epoch 22
epoch:  22, val_loss:1.578413, acc: 36.90, bacc: 36.47, tmp_test_f1: 30.07, f1: 30.07
test_f1 CountNotImproved reset to 0 in epoch 23
epoch:  23, val_loss:1.542063, acc: 42.90, bacc: 39.15, tmp_test_f1: 32.67, f1: 32.67
test_f1 CountNotImproved reset to 0 in epoch 24
epoch:  24, val_loss:1.511934, acc: 45.30, bacc: 40.14, tmp_test_f1: 33.67, f1: 33.67
epoch:  25, val_loss:1.513063, acc: 45.30, bacc: 40.14, tmp_test_f1: 33.03, f1: 33.67
epoch:  26, val_loss:1.526184, acc: 45.30, bacc: 40.14, tmp_test_f1: 30.77, f1: 33.67
epoch:  27, val_loss:1.559264, acc: 45.30, bacc: 40.14, tmp_test_f1: 27.91, f1: 33.67
epoch:  28, val_loss:1.629551, acc: 45.30, bacc: 40.14, tmp_test_f1: 25.90, f1: 33.67
epoch:  29, val_loss:1.707901, acc: 45.30, bacc: 40.14, tmp_test_f1: 27.21, f1: 33.67
epoch:  30, val_loss:1.674726, acc: 45.30, bacc: 40.14, tmp_test_f1: 30.99, f1: 33.67
test_f1 CountNotImproved reset to 0 in epoch 31
epoch:  31, val_loss:1.599705, acc: 41.50, bacc: 41.10, tmp_test_f1: 35.65, f1: 35.65
test_f1 CountNotImproved reset to 0 in epoch 32
epoch:  32, val_loss:1.554904, acc: 39.00, bacc: 42.22, tmp_test_f1: 35.74, f1: 35.74
epoch:  33, val_loss:1.546758, acc: 39.00, bacc: 42.22, tmp_test_f1: 33.58, f1: 35.74
epoch:  34, val_loss:1.561044, acc: 39.00, bacc: 42.22, tmp_test_f1: 30.93, f1: 35.74
epoch:  35, val_loss:1.594433, acc: 39.00, bacc: 42.22, tmp_test_f1: 27.75, f1: 35.74
epoch:  36, val_loss:1.663282, acc: 39.00, bacc: 42.22, tmp_test_f1: 26.88, f1: 35.74
epoch:  37, val_loss:1.706811, acc: 39.00, bacc: 42.22, tmp_test_f1: 28.80, f1: 35.74
epoch:  38, val_loss:1.683394, acc: 39.00, bacc: 42.22, tmp_test_f1: 33.11, f1: 35.74
epoch:  39, val_loss:1.645644, acc: 39.00, bacc: 42.22, tmp_test_f1: 35.55, f1: 35.74
epoch:  40, val_loss:1.623812, acc: 39.00, bacc: 42.22, tmp_test_f1: 35.17, f1: 35.74
epoch:  41, val_loss:1.631561, acc: 39.00, bacc: 42.22, tmp_test_f1: 34.83, f1: 35.74
epoch:  42, val_loss:1.640534, acc: 39.00, bacc: 42.22, tmp_test_f1: 35.01, f1: 35.74
epoch:  43, val_loss:1.595034, acc: 39.00, bacc: 42.22, tmp_test_f1: 35.57, f1: 35.74
test_f1 CountNotImproved reset to 0 in epoch 44
epoch:  44, val_loss:1.584443, acc: 48.10, bacc: 41.31, tmp_test_f1: 35.79, f1: 35.79
epoch:  45, val_loss:1.557270, acc: 48.10, bacc: 41.31, tmp_test_f1: 34.92, f1: 35.79
epoch:  46, val_loss:1.558393, acc: 48.10, bacc: 41.31, tmp_test_f1: 35.23, f1: 35.79
epoch:  47, val_loss:1.586039, acc: 48.10, bacc: 41.31, tmp_test_f1: 32.78, f1: 35.79
epoch:  48, val_loss:1.626910, acc: 48.10, bacc: 41.31, tmp_test_f1: 30.53, f1: 35.79
epoch:  49, val_loss:1.709411, acc: 48.10, bacc: 41.31, tmp_test_f1: 30.00, f1: 35.79
epoch:  50, val_loss:1.755707, acc: 48.10, bacc: 41.31, tmp_test_f1: 29.70, f1: 35.79
epoch:  51, val_loss:1.809379, acc: 48.10, bacc: 41.31, tmp_test_f1: 32.72, f1: 35.79
epoch:  52, val_loss:1.752504, acc: 48.10, bacc: 41.31, tmp_test_f1: 31.89, f1: 35.79
test_f1 CountNotImproved reset to 0 in epoch 53
epoch:  53, val_loss:1.687758, acc: 41.30, bacc: 39.43, tmp_test_f1: 37.95, f1: 37.95
epoch:  54, val_loss:1.665903, acc: 41.30, bacc: 39.43, tmp_test_f1: 37.46, f1: 37.95
epoch:  55, val_loss:1.659848, acc: 41.30, bacc: 39.43, tmp_test_f1: 31.55, f1: 37.95
epoch:  56, val_loss:1.727950, acc: 41.30, bacc: 39.43, tmp_test_f1: 29.15, f1: 37.95
epoch:  57, val_loss:1.818866, acc: 41.30, bacc: 39.43, tmp_test_f1: 28.14, f1: 37.95
epoch:  58, val_loss:1.928164, acc: 41.30, bacc: 39.43, tmp_test_f1: 27.36, f1: 37.95
epoch:  59, val_loss:2.001729, acc: 41.30, bacc: 39.43, tmp_test_f1: 26.36, f1: 37.95
epoch:  60, val_loss:2.072105, acc: 41.30, bacc: 39.43, tmp_test_f1: 28.42, f1: 37.95
epoch:  61, val_loss:1.976665, acc: 41.30, bacc: 39.43, tmp_test_f1: 33.11, f1: 37.95
epoch:  62, val_loss:1.834330, acc: 41.30, bacc: 39.43, tmp_test_f1: 35.47, f1: 37.95
epoch:  63, val_loss:1.702341, acc: 41.30, bacc: 39.43, tmp_test_f1: 33.67, f1: 37.95
epoch:  64, val_loss:1.654460, acc: 41.30, bacc: 39.43, tmp_test_f1: 31.48, f1: 37.95
epoch:  65, val_loss:1.696182, acc: 41.30, bacc: 39.43, tmp_test_f1: 31.09, f1: 37.95
epoch:  66, val_loss:1.746486, acc: 41.30, bacc: 39.43, tmp_test_f1: 29.29, f1: 37.95
epoch:  67, val_loss:1.869482, acc: 41.30, bacc: 39.43, tmp_test_f1: 28.83, f1: 37.95
epoch:  68, val_loss:1.975935, acc: 41.30, bacc: 39.43, tmp_test_f1: 28.67, f1: 37.95
epoch:  69, val_loss:2.021546, acc: 41.30, bacc: 39.43, tmp_test_f1: 29.36, f1: 37.95
epoch:  70, val_loss:2.067151, acc: 41.30, bacc: 39.43, tmp_test_f1: 29.64, f1: 37.95
epoch:  71, val_loss:2.067519, acc: 41.30, bacc: 39.43, tmp_test_f1: 30.76, f1: 37.95
epoch:  72, val_loss:2.040986, acc: 41.30, bacc: 39.43, tmp_test_f1: 32.80, f1: 37.95
epoch:  73, val_loss:1.943513, acc: 41.30, bacc: 39.43, tmp_test_f1: 29.70, f1: 37.95
epoch:  74, val_loss:1.939425, acc: 41.30, bacc: 39.43, tmp_test_f1: 29.29, f1: 37.95
epoch:  75, val_loss:1.942200, acc: 41.30, bacc: 39.43, tmp_test_f1: 29.72, f1: 37.95
epoch:  76, val_loss:1.953743, acc: 41.30, bacc: 39.43, tmp_test_f1: 32.59, f1: 37.95
epoch:  77, val_loss:2.016051, acc: 41.30, bacc: 39.43, tmp_test_f1: 33.32, f1: 37.95
epoch:  78, val_loss:2.018275, acc: 41.30, bacc: 39.43, tmp_test_f1: 36.39, f1: 37.95
test_f1 CountNotImproved reset to 0 in epoch 79
epoch:  79, val_loss:2.011041, acc: 44.40, bacc: 41.65, tmp_test_f1: 39.63, f1: 39.63
test_f1 CountNotImproved reset to 0 in epoch 80
epoch:  80, val_loss:1.879040, acc: 45.90, bacc: 41.75, tmp_test_f1: 40.65, f1: 40.65
epoch:  81, val_loss:1.777375, acc: 45.90, bacc: 41.75, tmp_test_f1: 38.02, f1: 40.65
epoch:  82, val_loss:1.798903, acc: 45.90, bacc: 41.75, tmp_test_f1: 38.34, f1: 40.65
epoch:  83, val_loss:1.920515, acc: 45.90, bacc: 41.75, tmp_test_f1: 35.18, f1: 40.65
epoch:  84, val_loss:2.055021, acc: 45.90, bacc: 41.75, tmp_test_f1: 33.83, f1: 40.65
epoch:  85, val_loss:1.897192, acc: 45.90, bacc: 41.75, tmp_test_f1: 32.80, f1: 40.65
epoch:  86, val_loss:1.809087, acc: 45.90, bacc: 41.75, tmp_test_f1: 32.85, f1: 40.65
epoch:  87, val_loss:1.810022, acc: 45.90, bacc: 41.75, tmp_test_f1: 32.22, f1: 40.65
epoch:  88, val_loss:1.870168, acc: 45.90, bacc: 41.75, tmp_test_f1: 29.37, f1: 40.65
epoch:  89, val_loss:1.943828, acc: 45.90, bacc: 41.75, tmp_test_f1: 28.49, f1: 40.65
epoch:  90, val_loss:1.969475, acc: 45.90, bacc: 41.75, tmp_test_f1: 29.02, f1: 40.65
epoch:  91, val_loss:1.919448, acc: 45.90, bacc: 41.75, tmp_test_f1: 30.57, f1: 40.65
epoch:  92, val_loss:1.835957, acc: 45.90, bacc: 41.75, tmp_test_f1: 34.46, f1: 40.65
epoch:  93, val_loss:1.761426, acc: 45.90, bacc: 41.75, tmp_test_f1: 37.98, f1: 40.65
epoch:  94, val_loss:1.714303, acc: 45.90, bacc: 41.75, tmp_test_f1: 36.41, f1: 40.65
epoch:  95, val_loss:1.703006, acc: 45.90, bacc: 41.75, tmp_test_f1: 34.81, f1: 40.65
epoch:  96, val_loss:1.711224, acc: 45.90, bacc: 41.75, tmp_test_f1: 35.56, f1: 40.65
epoch:  97, val_loss:1.737259, acc: 45.90, bacc: 41.75, tmp_test_f1: 35.05, f1: 40.65
epoch:  98, val_loss:1.779252, acc: 45.90, bacc: 41.75, tmp_test_f1: 33.55, f1: 40.65
epoch:  99, val_loss:1.833066, acc: 45.90, bacc: 41.75, tmp_test_f1: 33.08, f1: 40.65
epoch: 100, val_loss:1.891871, acc: 45.90, bacc: 41.75, tmp_test_f1: 33.12, f1: 40.65
epoch: 101, val_loss:1.917826, acc: 45.90, bacc: 41.75, tmp_test_f1: 33.32, f1: 40.65
epoch: 102, val_loss:1.870329, acc: 45.90, bacc: 41.75, tmp_test_f1: 33.12, f1: 40.65
epoch: 103, val_loss:1.796668, acc: 45.90, bacc: 41.75, tmp_test_f1: 33.29, f1: 40.65
epoch: 104, val_loss:1.748996, acc: 45.90, bacc: 41.75, tmp_test_f1: 33.91, f1: 40.65
epoch: 105, val_loss:1.707906, acc: 45.90, bacc: 41.75, tmp_test_f1: 33.15, f1: 40.65
epoch: 106, val_loss:1.710560, acc: 45.90, bacc: 41.75, tmp_test_f1: 32.08, f1: 40.65
epoch: 107, val_loss:1.759975, acc: 45.90, bacc: 41.75, tmp_test_f1: 32.22, f1: 40.65
epoch: 108, val_loss:1.830610, acc: 45.90, bacc: 41.75, tmp_test_f1: 31.57, f1: 40.65
epoch: 109, val_loss:1.924637, acc: 45.90, bacc: 41.75, tmp_test_f1: 31.61, f1: 40.65
epoch: 110, val_loss:1.931161, acc: 45.90, bacc: 41.75, tmp_test_f1: 29.41, f1: 40.65
epoch: 111, val_loss:1.972233, acc: 45.90, bacc: 41.75, tmp_test_f1: 28.92, f1: 40.65
epoch: 112, val_loss:1.980519, acc: 45.90, bacc: 41.75, tmp_test_f1: 29.66, f1: 40.65
epoch: 113, val_loss:1.959594, acc: 45.90, bacc: 41.75, tmp_test_f1: 31.79, f1: 40.65
epoch: 114, val_loss:1.853040, acc: 45.90, bacc: 41.75, tmp_test_f1: 32.31, f1: 40.65
epoch: 115, val_loss:1.834307, acc: 45.90, bacc: 41.75, tmp_test_f1: 32.14, f1: 40.65
epoch: 116, val_loss:1.865198, acc: 45.90, bacc: 41.75, tmp_test_f1: 32.03, f1: 40.65
epoch: 117, val_loss:1.906886, acc: 45.90, bacc: 41.75, tmp_test_f1: 31.79, f1: 40.65
epoch: 118, val_loss:1.911934, acc: 45.90, bacc: 41.75, tmp_test_f1: 31.30, f1: 40.65
epoch: 119, val_loss:1.928724, acc: 45.90, bacc: 41.75, tmp_test_f1: 31.59, f1: 40.65
epoch: 120, val_loss:1.962484, acc: 45.90, bacc: 41.75, tmp_test_f1: 33.05, f1: 40.65
epoch: 121, val_loss:1.978223, acc: 45.90, bacc: 41.75, tmp_test_f1: 33.09, f1: 40.65
epoch: 122, val_loss:1.998025, acc: 45.90, bacc: 41.75, tmp_test_f1: 32.41, f1: 40.65
epoch: 123, val_loss:2.017083, acc: 45.90, bacc: 41.75, tmp_test_f1: 32.13, f1: 40.65
epoch: 124, val_loss:2.050229, acc: 45.90, bacc: 41.75, tmp_test_f1: 32.35, f1: 40.65
epoch: 125, val_loss:2.062243, acc: 45.90, bacc: 41.75, tmp_test_f1: 35.22, f1: 40.65
epoch: 126, val_loss:1.900891, acc: 45.90, bacc: 41.75, tmp_test_f1: 36.32, f1: 40.65
epoch: 127, val_loss:1.851591, acc: 45.90, bacc: 41.75, tmp_test_f1: 39.06, f1: 40.65
epoch: 128, val_loss:1.822233, acc: 45.90, bacc: 41.75, tmp_test_f1: 37.70, f1: 40.65
epoch: 129, val_loss:1.869445, acc: 45.90, bacc: 41.75, tmp_test_f1: 34.96, f1: 40.65
epoch: 130, val_loss:2.142154, acc: 45.90, bacc: 41.75, tmp_test_f1: 33.87, f1: 40.65
epoch: 131, val_loss:2.492832, acc: 45.90, bacc: 41.75, tmp_test_f1: 31.68, f1: 40.65
epoch: 132, val_loss:2.687698, acc: 45.90, bacc: 41.75, tmp_test_f1: 34.30, f1: 40.65
epoch: 133, val_loss:2.346173, acc: 45.90, bacc: 41.75, tmp_test_f1: 37.16, f1: 40.65
epoch: 134, val_loss:2.076922, acc: 45.90, bacc: 41.75, tmp_test_f1: 39.46, f1: 40.65
epoch: 135, val_loss:1.928344, acc: 45.90, bacc: 41.75, tmp_test_f1: 37.70, f1: 40.65
epoch: 136, val_loss:1.876458, acc: 45.90, bacc: 41.75, tmp_test_f1: 39.35, f1: 40.65
epoch: 137, val_loss:1.872916, acc: 45.90, bacc: 41.75, tmp_test_f1: 38.44, f1: 40.65
epoch: 138, val_loss:1.941205, acc: 45.90, bacc: 41.75, tmp_test_f1: 33.13, f1: 40.65
epoch: 139, val_loss:2.035290, acc: 45.90, bacc: 41.75, tmp_test_f1: 34.88, f1: 40.65
epoch: 140, val_loss:2.054067, acc: 45.90, bacc: 41.75, tmp_test_f1: 33.08, f1: 40.65
epoch: 141, val_loss:2.136220, acc: 45.90, bacc: 41.75, tmp_test_f1: 30.92, f1: 40.65
epoch: 142, val_loss:2.182025, acc: 45.90, bacc: 41.75, tmp_test_f1: 33.76, f1: 40.65
epoch: 143, val_loss:2.187894, acc: 45.90, bacc: 41.75, tmp_test_f1: 33.30, f1: 40.65
epoch: 144, val_loss:2.169348, acc: 45.90, bacc: 41.75, tmp_test_f1: 33.93, f1: 40.65
epoch: 145, val_loss:2.133904, acc: 45.90, bacc: 41.75, tmp_test_f1: 35.32, f1: 40.65
epoch: 146, val_loss:2.075149, acc: 45.90, bacc: 41.75, tmp_test_f1: 36.09, f1: 40.65
epoch: 147, val_loss:2.031472, acc: 45.90, bacc: 41.75, tmp_test_f1: 36.96, f1: 40.65
epoch: 148, val_loss:2.002485, acc: 45.90, bacc: 41.75, tmp_test_f1: 37.16, f1: 40.65
epoch: 149, val_loss:1.976996, acc: 45.90, bacc: 41.75, tmp_test_f1: 37.22, f1: 40.65
epoch: 150, val_loss:1.963548, acc: 45.90, bacc: 41.75, tmp_test_f1: 36.34, f1: 40.65
epoch: 151, val_loss:1.983384, acc: 45.90, bacc: 41.75, tmp_test_f1: 36.04, f1: 40.65
epoch: 152, val_loss:1.977593, acc: 45.90, bacc: 41.75, tmp_test_f1: 36.85, f1: 40.65
epoch: 153, val_loss:1.958611, acc: 45.90, bacc: 41.75, tmp_test_f1: 38.13, f1: 40.65
epoch: 154, val_loss:1.929805, acc: 45.90, bacc: 41.75, tmp_test_f1: 38.66, f1: 40.65
epoch: 155, val_loss:1.979680, acc: 45.90, bacc: 41.75, tmp_test_f1: 38.31, f1: 40.65
epoch: 156, val_loss:2.041699, acc: 45.90, bacc: 41.75, tmp_test_f1: 36.77, f1: 40.65
epoch: 157, val_loss:2.110179, acc: 45.90, bacc: 41.75, tmp_test_f1: 34.72, f1: 40.65
epoch: 158, val_loss:2.195666, acc: 45.90, bacc: 41.75, tmp_test_f1: 34.56, f1: 40.65
epoch: 159, val_loss:2.255841, acc: 45.90, bacc: 41.75, tmp_test_f1: 34.94, f1: 40.65
epoch: 160, val_loss:2.320612, acc: 45.90, bacc: 41.75, tmp_test_f1: 35.28, f1: 40.65
epoch: 161, val_loss:2.342660, acc: 45.90, bacc: 41.75, tmp_test_f1: 33.55, f1: 40.65
epoch: 162, val_loss:2.323582, acc: 45.90, bacc: 41.75, tmp_test_f1: 34.28, f1: 40.65
epoch: 163, val_loss:2.245987, acc: 45.90, bacc: 41.75, tmp_test_f1: 35.13, f1: 40.65
epoch: 164, val_loss:2.189160, acc: 45.90, bacc: 41.75, tmp_test_f1: 36.04, f1: 40.65
epoch: 165, val_loss:2.163651, acc: 45.90, bacc: 41.75, tmp_test_f1: 36.12, f1: 40.65
epoch: 166, val_loss:2.161824, acc: 45.90, bacc: 41.75, tmp_test_f1: 34.87, f1: 40.65
epoch: 167, val_loss:2.211838, acc: 45.90, bacc: 41.75, tmp_test_f1: 34.49, f1: 40.65
epoch: 168, val_loss:2.247170, acc: 45.90, bacc: 41.75, tmp_test_f1: 33.78, f1: 40.65
epoch: 169, val_loss:2.314586, acc: 45.90, bacc: 41.75, tmp_test_f1: 32.15, f1: 40.65
epoch: 170, val_loss:2.374072, acc: 45.90, bacc: 41.75, tmp_test_f1: 32.26, f1: 40.65
epoch: 171, val_loss:2.419775, acc: 45.90, bacc: 41.75, tmp_test_f1: 32.56, f1: 40.65
epoch: 172, val_loss:2.456770, acc: 45.90, bacc: 41.75, tmp_test_f1: 33.47, f1: 40.65
epoch: 173, val_loss:2.502731, acc: 45.90, bacc: 41.75, tmp_test_f1: 33.50, f1: 40.65
epoch: 174, val_loss:2.533078, acc: 45.90, bacc: 41.75, tmp_test_f1: 33.25, f1: 40.65
epoch: 175, val_loss:2.609241, acc: 45.90, bacc: 41.75, tmp_test_f1: 33.20, f1: 40.65
epoch: 176, val_loss:2.693549, acc: 45.90, bacc: 41.75, tmp_test_f1: 33.83, f1: 40.65
epoch: 177, val_loss:2.581112, acc: 45.90, bacc: 41.75, tmp_test_f1: 34.27, f1: 40.65
epoch: 178, val_loss:2.476796, acc: 45.90, bacc: 41.75, tmp_test_f1: 34.28, f1: 40.65
epoch: 179, val_loss:2.421801, acc: 45.90, bacc: 41.75, tmp_test_f1: 34.63, f1: 40.65
epoch: 180, val_loss:2.383368, acc: 45.90, bacc: 41.75, tmp_test_f1: 34.35, f1: 40.65
epoch: 181, val_loss:2.370783, acc: 45.90, bacc: 41.75, tmp_test_f1: 35.39, f1: 40.65
epoch: 182, val_loss:2.342628, acc: 45.90, bacc: 41.75, tmp_test_f1: 35.34, f1: 40.65
epoch: 183, val_loss:2.325019, acc: 45.90, bacc: 41.75, tmp_test_f1: 34.59, f1: 40.65
epoch: 184, val_loss:2.352458, acc: 45.90, bacc: 41.75, tmp_test_f1: 33.82, f1: 40.65
epoch: 185, val_loss:2.422644, acc: 45.90, bacc: 41.75, tmp_test_f1: 33.11, f1: 40.65
epoch: 186, val_loss:2.487751, acc: 45.90, bacc: 41.75, tmp_test_f1: 32.48, f1: 40.65
epoch: 187, val_loss:2.502445, acc: 45.90, bacc: 41.75, tmp_test_f1: 33.04, f1: 40.65
epoch: 188, val_loss:2.454881, acc: 45.90, bacc: 41.75, tmp_test_f1: 34.38, f1: 40.65
epoch: 189, val_loss:2.446356, acc: 45.90, bacc: 41.75, tmp_test_f1: 35.12, f1: 40.65
epoch: 190, val_loss:2.439626, acc: 45.90, bacc: 41.75, tmp_test_f1: 34.63, f1: 40.65
epoch: 191, val_loss:2.404667, acc: 45.90, bacc: 41.75, tmp_test_f1: 35.39, f1: 40.65
epoch: 192, val_loss:2.362950, acc: 45.90, bacc: 41.75, tmp_test_f1: 35.73, f1: 40.65
epoch: 193, val_loss:2.291855, acc: 45.90, bacc: 41.75, tmp_test_f1: 36.63, f1: 40.65
epoch: 194, val_loss:2.212463, acc: 45.90, bacc: 41.75, tmp_test_f1: 36.95, f1: 40.65
epoch: 195, val_loss:2.168663, acc: 45.90, bacc: 41.75, tmp_test_f1: 36.42, f1: 40.65
epoch: 196, val_loss:2.157005, acc: 45.90, bacc: 41.75, tmp_test_f1: 35.83, f1: 40.65
epoch: 197, val_loss:2.153843, acc: 45.90, bacc: 41.75, tmp_test_f1: 34.76, f1: 40.65
epoch: 198, val_loss:2.197994, acc: 45.90, bacc: 41.75, tmp_test_f1: 33.49, f1: 40.65
epoch: 199, val_loss:2.281895, acc: 45.90, bacc: 41.75, tmp_test_f1: 32.94, f1: 40.65
epoch: 200, val_loss:2.354440, acc: 45.90, bacc: 41.75, tmp_test_f1: 32.66, f1: 40.65
epoch: 201, val_loss:2.449342, acc: 45.90, bacc: 41.75, tmp_test_f1: 33.50, f1: 40.65
epoch: 202, val_loss:2.423610, acc: 45.90, bacc: 41.75, tmp_test_f1: 33.99, f1: 40.65
epoch: 203, val_loss:2.331692, acc: 45.90, bacc: 41.75, tmp_test_f1: 34.68, f1: 40.65
epoch: 204, val_loss:2.238957, acc: 45.90, bacc: 41.75, tmp_test_f1: 34.70, f1: 40.65
epoch: 205, val_loss:2.162626, acc: 45.90, bacc: 41.75, tmp_test_f1: 34.81, f1: 40.65
epoch: 206, val_loss:2.138110, acc: 45.90, bacc: 41.75, tmp_test_f1: 34.91, f1: 40.65
epoch: 207, val_loss:2.138122, acc: 45.90, bacc: 41.75, tmp_test_f1: 34.99, f1: 40.65
epoch: 208, val_loss:2.135581, acc: 45.90, bacc: 41.75, tmp_test_f1: 34.62, f1: 40.65
epoch: 209, val_loss:2.128781, acc: 45.90, bacc: 41.75, tmp_test_f1: 34.76, f1: 40.65
epoch: 210, val_loss:2.143844, acc: 45.90, bacc: 41.75, tmp_test_f1: 34.61, f1: 40.65
epoch: 211, val_loss:2.185472, acc: 45.90, bacc: 41.75, tmp_test_f1: 35.05, f1: 40.65
epoch: 212, val_loss:2.270803, acc: 45.90, bacc: 41.75, tmp_test_f1: 33.91, f1: 40.65
epoch: 213, val_loss:2.309540, acc: 45.90, bacc: 41.75, tmp_test_f1: 33.65, f1: 40.65
epoch: 214, val_loss:2.319180, acc: 45.90, bacc: 41.75, tmp_test_f1: 33.51, f1: 40.65
epoch: 215, val_loss:2.337200, acc: 45.90, bacc: 41.75, tmp_test_f1: 33.43, f1: 40.65
epoch: 216, val_loss:2.345967, acc: 45.90, bacc: 41.75, tmp_test_f1: 33.28, f1: 40.65
epoch: 217, val_loss:2.350336, acc: 45.90, bacc: 41.75, tmp_test_f1: 33.63, f1: 40.65
epoch: 218, val_loss:2.332390, acc: 45.90, bacc: 41.75, tmp_test_f1: 33.67, f1: 40.65
epoch: 219, val_loss:2.318158, acc: 45.90, bacc: 41.75, tmp_test_f1: 33.90, f1: 40.65
epoch: 220, val_loss:2.311804, acc: 45.90, bacc: 41.75, tmp_test_f1: 34.19, f1: 40.65
epoch: 221, val_loss:2.335106, acc: 45.90, bacc: 41.75, tmp_test_f1: 34.04, f1: 40.65
epoch: 222, val_loss:2.364113, acc: 45.90, bacc: 41.75, tmp_test_f1: 33.87, f1: 40.65
epoch: 223, val_loss:2.393055, acc: 45.90, bacc: 41.75, tmp_test_f1: 33.64, f1: 40.65
epoch: 224, val_loss:2.422125, acc: 45.90, bacc: 41.75, tmp_test_f1: 34.00, f1: 40.65
Epoch 00225: reducing learning rate of group 0 to 5.0000e-02.
Epoch 00225: reducing learning rate of group 1 to 5.0000e-02.
epoch: 225, val_loss:2.445527, acc: 45.90, bacc: 41.75, tmp_test_f1: 34.16, f1: 40.65
epoch: 226, val_loss:2.409619, acc: 45.90, bacc: 41.75, tmp_test_f1: 34.73, f1: 40.65
epoch: 227, val_loss:2.377843, acc: 45.90, bacc: 41.75, tmp_test_f1: 34.75, f1: 40.65
epoch: 228, val_loss:2.345460, acc: 45.90, bacc: 41.75, tmp_test_f1: 34.80, f1: 40.65
epoch: 229, val_loss:2.321959, acc: 45.90, bacc: 41.75, tmp_test_f1: 34.37, f1: 40.65
epoch: 230, val_loss:2.283710, acc: 45.90, bacc: 41.75, tmp_test_f1: 34.06, f1: 40.65
epoch: 231, val_loss:2.262893, acc: 45.90, bacc: 41.75, tmp_test_f1: 34.19, f1: 40.65
epoch: 232, val_loss:2.240528, acc: 45.90, bacc: 41.75, tmp_test_f1: 34.12, f1: 40.65
epoch: 233, val_loss:2.226433, acc: 45.90, bacc: 41.75, tmp_test_f1: 34.05, f1: 40.65
epoch: 234, val_loss:2.218203, acc: 45.90, bacc: 41.75, tmp_test_f1: 34.08, f1: 40.65
epoch: 235, val_loss:2.213319, acc: 45.90, bacc: 41.75, tmp_test_f1: 34.17, f1: 40.65
epoch: 236, val_loss:2.207873, acc: 45.90, bacc: 41.75, tmp_test_f1: 33.90, f1: 40.65
epoch: 237, val_loss:2.217120, acc: 45.90, bacc: 41.75, tmp_test_f1: 33.85, f1: 40.65
epoch: 238, val_loss:2.233914, acc: 45.90, bacc: 41.75, tmp_test_f1: 34.02, f1: 40.65
epoch: 239, val_loss:2.259610, acc: 45.90, bacc: 41.75, tmp_test_f1: 34.11, f1: 40.65
epoch: 240, val_loss:2.279053, acc: 45.90, bacc: 41.75, tmp_test_f1: 34.11, f1: 40.65
epoch: 241, val_loss:2.305976, acc: 45.90, bacc: 41.75, tmp_test_f1: 33.83, f1: 40.65
epoch: 242, val_loss:2.325532, acc: 45.90, bacc: 41.75, tmp_test_f1: 33.59, f1: 40.65
epoch: 243, val_loss:2.334491, acc: 45.90, bacc: 41.75, tmp_test_f1: 33.41, f1: 40.65
epoch: 244, val_loss:2.346325, acc: 45.90, bacc: 41.75, tmp_test_f1: 33.32, f1: 40.65
epoch: 245, val_loss:2.354041, acc: 45.90, bacc: 41.75, tmp_test_f1: 33.34, f1: 40.65
epoch: 246, val_loss:2.374256, acc: 45.90, bacc: 41.75, tmp_test_f1: 33.52, f1: 40.65
epoch: 247, val_loss:2.373715, acc: 45.90, bacc: 41.75, tmp_test_f1: 34.24, f1: 40.65
epoch: 248, val_loss:2.339182, acc: 45.90, bacc: 41.75, tmp_test_f1: 34.69, f1: 40.65
epoch: 249, val_loss:2.312003, acc: 45.90, bacc: 41.75, tmp_test_f1: 35.80, f1: 40.65
epoch: 250, val_loss:2.289277, acc: 45.90, bacc: 41.75, tmp_test_f1: 35.94, f1: 40.65
epoch: 251, val_loss:2.282063, acc: 45.90, bacc: 41.75, tmp_test_f1: 35.94, f1: 40.65
epoch: 252, val_loss:2.276713, acc: 45.90, bacc: 41.75, tmp_test_f1: 35.88, f1: 40.65
epoch: 253, val_loss:2.273792, acc: 45.90, bacc: 41.75, tmp_test_f1: 36.42, f1: 40.65
epoch: 254, val_loss:2.251843, acc: 45.90, bacc: 41.75, tmp_test_f1: 36.33, f1: 40.65
epoch: 255, val_loss:2.238366, acc: 45.90, bacc: 41.75, tmp_test_f1: 36.28, f1: 40.65
epoch: 256, val_loss:2.228163, acc: 45.90, bacc: 41.75, tmp_test_f1: 36.18, f1: 40.65
epoch: 257, val_loss:2.237491, acc: 45.90, bacc: 41.75, tmp_test_f1: 36.24, f1: 40.65
epoch: 258, val_loss:2.253561, acc: 45.90, bacc: 41.75, tmp_test_f1: 35.75, f1: 40.65
epoch: 259, val_loss:2.264938, acc: 45.90, bacc: 41.75, tmp_test_f1: 35.84, f1: 40.65
epoch: 260, val_loss:2.279096, acc: 45.90, bacc: 41.75, tmp_test_f1: 35.55, f1: 40.65
epoch: 261, val_loss:2.287321, acc: 45.90, bacc: 41.75, tmp_test_f1: 34.99, f1: 40.65
epoch: 262, val_loss:2.276930, acc: 45.90, bacc: 41.75, tmp_test_f1: 34.83, f1: 40.65
epoch: 263, val_loss:2.256376, acc: 45.90, bacc: 41.75, tmp_test_f1: 35.02, f1: 40.65
epoch: 264, val_loss:2.224451, acc: 45.90, bacc: 41.75, tmp_test_f1: 35.54, f1: 40.65
epoch: 265, val_loss:2.196318, acc: 45.90, bacc: 41.75, tmp_test_f1: 34.80, f1: 40.65
epoch: 266, val_loss:2.189634, acc: 45.90, bacc: 41.75, tmp_test_f1: 34.25, f1: 40.65
epoch: 267, val_loss:2.178024, acc: 45.90, bacc: 41.75, tmp_test_f1: 34.20, f1: 40.65
epoch: 268, val_loss:2.177078, acc: 45.90, bacc: 41.75, tmp_test_f1: 33.77, f1: 40.65
epoch: 269, val_loss:2.174187, acc: 45.90, bacc: 41.75, tmp_test_f1: 33.67, f1: 40.65
epoch: 270, val_loss:2.191042, acc: 45.90, bacc: 41.75, tmp_test_f1: 33.97, f1: 40.65
epoch: 271, val_loss:2.200745, acc: 45.90, bacc: 41.75, tmp_test_f1: 34.25, f1: 40.65
epoch: 272, val_loss:2.161463, acc: 45.90, bacc: 41.75, tmp_test_f1: 34.63, f1: 40.65
epoch: 273, val_loss:2.135760, acc: 45.90, bacc: 41.75, tmp_test_f1: 34.97, f1: 40.65
epoch: 274, val_loss:2.094278, acc: 45.90, bacc: 41.75, tmp_test_f1: 35.17, f1: 40.65
epoch: 275, val_loss:2.073167, acc: 45.90, bacc: 41.75, tmp_test_f1: 35.30, f1: 40.65
epoch: 276, val_loss:2.062469, acc: 45.90, bacc: 41.75, tmp_test_f1: 35.29, f1: 40.65
epoch: 277, val_loss:2.056406, acc: 45.90, bacc: 41.75, tmp_test_f1: 35.27, f1: 40.65
epoch: 278, val_loss:2.065226, acc: 45.90, bacc: 41.75, tmp_test_f1: 34.94, f1: 40.65
epoch: 279, val_loss:2.077624, acc: 45.90, bacc: 41.75, tmp_test_f1: 34.90, f1: 40.65
epoch: 280, val_loss:2.094796, acc: 45.90, bacc: 41.75, tmp_test_f1: 34.84, f1: 40.65
epoch: 281, val_loss:2.102850, acc: 45.90, bacc: 41.75, tmp_test_f1: 34.51, f1: 40.65
epoch: 282, val_loss:2.111284, acc: 45.90, bacc: 41.75, tmp_test_f1: 34.35, f1: 40.65
epoch: 283, val_loss:2.119726, acc: 45.90, bacc: 41.75, tmp_test_f1: 34.28, f1: 40.65
epoch: 284, val_loss:2.135726, acc: 45.90, bacc: 41.75, tmp_test_f1: 34.21, f1: 40.65
epoch: 285, val_loss:2.150729, acc: 45.90, bacc: 41.75, tmp_test_f1: 33.53, f1: 40.65
epoch: 286, val_loss:2.221409, acc: 45.90, bacc: 41.75, tmp_test_f1: 32.96, f1: 40.65
epoch: 287, val_loss:2.271346, acc: 45.90, bacc: 41.75, tmp_test_f1: 32.92, f1: 40.65
epoch: 288, val_loss:2.315535, acc: 45.90, bacc: 41.75, tmp_test_f1: 32.83, f1: 40.65
epoch: 289, val_loss:2.368665, acc: 45.90, bacc: 41.75, tmp_test_f1: 32.89, f1: 40.65
epoch: 290, val_loss:2.388603, acc: 45.90, bacc: 41.75, tmp_test_f1: 32.87, f1: 40.65
epoch: 291, val_loss:2.284797, acc: 45.90, bacc: 41.75, tmp_test_f1: 33.78, f1: 40.65
epoch: 292, val_loss:2.210857, acc: 45.90, bacc: 41.75, tmp_test_f1: 34.47, f1: 40.65
epoch: 293, val_loss:2.153094, acc: 45.90, bacc: 41.75, tmp_test_f1: 34.49, f1: 40.65
epoch: 294, val_loss:2.128745, acc: 45.90, bacc: 41.75, tmp_test_f1: 34.63, f1: 40.65
epoch: 295, val_loss:2.112593, acc: 45.90, bacc: 41.75, tmp_test_f1: 34.61, f1: 40.65
epoch: 296, val_loss:2.090498, acc: 45.90, bacc: 41.75, tmp_test_f1: 34.60, f1: 40.65
epoch: 297, val_loss:2.083340, acc: 45.90, bacc: 41.75, tmp_test_f1: 34.61, f1: 40.65
epoch: 298, val_loss:2.079409, acc: 45.90, bacc: 41.75, tmp_test_f1: 34.53, f1: 40.65
epoch: 299, val_loss:2.094851, acc: 45.90, bacc: 41.75, tmp_test_f1: 34.19, f1: 40.65
epoch: 300, val_loss:2.123649, acc: 45.90, bacc: 41.75, tmp_test_f1: 33.87, f1: 40.65
epoch: 301, val_loss:2.141813, acc: 45.90, bacc: 41.75, tmp_test_f1: 34.14, f1: 40.65
epoch: 302, val_loss:2.129903, acc: 45.90, bacc: 41.75, tmp_test_f1: 33.99, f1: 40.65
epoch: 303, val_loss:2.089559, acc: 45.90, bacc: 41.75, tmp_test_f1: 34.40, f1: 40.65
epoch: 304, val_loss:2.056293, acc: 45.90, bacc: 41.75, tmp_test_f1: 34.62, f1: 40.65
epoch: 305, val_loss:2.031432, acc: 45.90, bacc: 41.75, tmp_test_f1: 34.87, f1: 40.65
epoch: 306, val_loss:2.025882, acc: 45.90, bacc: 41.75, tmp_test_f1: 34.83, f1: 40.65
epoch: 307, val_loss:2.030813, acc: 45.90, bacc: 41.75, tmp_test_f1: 35.20, f1: 40.65
epoch: 308, val_loss:2.033632, acc: 45.90, bacc: 41.75, tmp_test_f1: 35.29, f1: 40.65
epoch: 309, val_loss:2.041966, acc: 45.90, bacc: 41.75, tmp_test_f1: 35.27, f1: 40.65
epoch: 310, val_loss:2.070909, acc: 45.90, bacc: 41.75, tmp_test_f1: 34.73, f1: 40.65
epoch: 311, val_loss:2.103132, acc: 45.90, bacc: 41.75, tmp_test_f1: 34.20, f1: 40.65
epoch: 312, val_loss:2.152992, acc: 45.90, bacc: 41.75, tmp_test_f1: 34.11, f1: 40.65
epoch: 313, val_loss:2.177543, acc: 45.90, bacc: 41.75, tmp_test_f1: 33.80, f1: 40.65
epoch: 314, val_loss:2.190060, acc: 45.90, bacc: 41.75, tmp_test_f1: 33.93, f1: 40.65
epoch: 315, val_loss:2.188470, acc: 45.90, bacc: 41.75, tmp_test_f1: 33.97, f1: 40.65
epoch: 316, val_loss:2.191305, acc: 45.90, bacc: 41.75, tmp_test_f1: 34.06, f1: 40.65
epoch: 317, val_loss:2.190357, acc: 45.90, bacc: 41.75, tmp_test_f1: 34.06, f1: 40.65
epoch: 318, val_loss:2.192567, acc: 45.90, bacc: 41.75, tmp_test_f1: 34.14, f1: 40.65
epoch: 319, val_loss:2.199441, acc: 45.90, bacc: 41.75, tmp_test_f1: 33.78, f1: 40.65
epoch: 320, val_loss:2.195602, acc: 45.90, bacc: 41.75, tmp_test_f1: 33.85, f1: 40.65
epoch: 321, val_loss:2.199268, acc: 45.90, bacc: 41.75, tmp_test_f1: 33.99, f1: 40.65
epoch: 322, val_loss:2.197900, acc: 45.90, bacc: 41.75, tmp_test_f1: 33.91, f1: 40.65
epoch: 323, val_loss:2.198668, acc: 45.90, bacc: 41.75, tmp_test_f1: 33.91, f1: 40.65
epoch: 324, val_loss:2.185188, acc: 45.90, bacc: 41.75, tmp_test_f1: 33.35, f1: 40.65
epoch: 325, val_loss:2.167061, acc: 45.90, bacc: 41.75, tmp_test_f1: 33.42, f1: 40.65
epoch: 326, val_loss:2.136284, acc: 45.90, bacc: 41.75, tmp_test_f1: 33.83, f1: 40.65
epoch: 327, val_loss:2.088959, acc: 45.90, bacc: 41.75, tmp_test_f1: 34.00, f1: 40.65
epoch: 328, val_loss:2.072937, acc: 45.90, bacc: 41.75, tmp_test_f1: 33.79, f1: 40.65
epoch: 329, val_loss:2.066164, acc: 45.90, bacc: 41.75, tmp_test_f1: 33.98, f1: 40.65
epoch: 330, val_loss:2.072202, acc: 45.90, bacc: 41.75, tmp_test_f1: 33.73, f1: 40.65
epoch: 331, val_loss:2.075015, acc: 45.90, bacc: 41.75, tmp_test_f1: 33.80, f1: 40.65
epoch: 332, val_loss:2.052642, acc: 45.90, bacc: 41.75, tmp_test_f1: 34.05, f1: 40.65
epoch: 333, val_loss:2.034424, acc: 45.90, bacc: 41.75, tmp_test_f1: 34.31, f1: 40.65
epoch: 334, val_loss:2.069532, acc: 45.90, bacc: 41.75, tmp_test_f1: 34.35, f1: 40.65
epoch: 335, val_loss:2.100115, acc: 45.90, bacc: 41.75, tmp_test_f1: 34.32, f1: 40.65
epoch: 336, val_loss:2.119711, acc: 45.90, bacc: 41.75, tmp_test_f1: 34.67, f1: 40.65
epoch: 337, val_loss:2.141297, acc: 45.90, bacc: 41.75, tmp_test_f1: 34.60, f1: 40.65
epoch: 338, val_loss:2.170584, acc: 45.90, bacc: 41.75, tmp_test_f1: 35.01, f1: 40.65
epoch: 339, val_loss:2.187189, acc: 45.90, bacc: 41.75, tmp_test_f1: 34.87, f1: 40.65
epoch: 340, val_loss:2.173345, acc: 45.90, bacc: 41.75, tmp_test_f1: 34.95, f1: 40.65
epoch: 341, val_loss:2.143671, acc: 45.90, bacc: 41.75, tmp_test_f1: 35.33, f1: 40.65
epoch: 342, val_loss:2.150875, acc: 45.90, bacc: 41.75, tmp_test_f1: 35.48, f1: 40.65
epoch: 343, val_loss:2.193527, acc: 45.90, bacc: 41.75, tmp_test_f1: 34.27, f1: 40.65
epoch: 344, val_loss:2.272295, acc: 45.90, bacc: 41.75, tmp_test_f1: 34.56, f1: 40.65
epoch: 345, val_loss:2.151289, acc: 45.90, bacc: 41.75, tmp_test_f1: 35.48, f1: 40.65
epoch: 346, val_loss:2.020539, acc: 45.90, bacc: 41.75, tmp_test_f1: 35.20, f1: 40.65
epoch: 347, val_loss:1.962888, acc: 45.90, bacc: 41.75, tmp_test_f1: 35.98, f1: 40.65
epoch: 348, val_loss:1.928857, acc: 45.90, bacc: 41.75, tmp_test_f1: 35.87, f1: 40.65
epoch: 349, val_loss:1.901858, acc: 45.90, bacc: 41.75, tmp_test_f1: 36.20, f1: 40.65
epoch: 350, val_loss:1.887606, acc: 45.90, bacc: 41.75, tmp_test_f1: 37.11, f1: 40.65
epoch: 351, val_loss:1.882648, acc: 45.90, bacc: 41.75, tmp_test_f1: 37.02, f1: 40.65
epoch: 352, val_loss:1.881743, acc: 45.90, bacc: 41.75, tmp_test_f1: 36.37, f1: 40.65
epoch: 353, val_loss:1.887594, acc: 45.90, bacc: 41.75, tmp_test_f1: 36.63, f1: 40.65
epoch: 354, val_loss:1.889384, acc: 45.90, bacc: 41.75, tmp_test_f1: 36.64, f1: 40.65
epoch: 355, val_loss:1.900055, acc: 45.90, bacc: 41.75, tmp_test_f1: 36.73, f1: 40.65
epoch: 356, val_loss:1.912605, acc: 45.90, bacc: 41.75, tmp_test_f1: 36.28, f1: 40.65
epoch: 357, val_loss:1.926322, acc: 45.90, bacc: 41.75, tmp_test_f1: 35.86, f1: 40.65
epoch: 358, val_loss:1.966011, acc: 45.90, bacc: 41.75, tmp_test_f1: 36.11, f1: 40.65
epoch: 359, val_loss:1.976919, acc: 45.90, bacc: 41.75, tmp_test_f1: 35.71, f1: 40.65
epoch: 360, val_loss:1.969466, acc: 45.90, bacc: 41.75, tmp_test_f1: 35.40, f1: 40.65
epoch: 361, val_loss:1.975216, acc: 45.90, bacc: 41.75, tmp_test_f1: 35.65, f1: 40.65
epoch: 362, val_loss:1.984535, acc: 45.90, bacc: 41.75, tmp_test_f1: 35.73, f1: 40.65
epoch: 363, val_loss:1.982923, acc: 45.90, bacc: 41.75, tmp_test_f1: 37.03, f1: 40.65
epoch: 364, val_loss:1.975222, acc: 45.90, bacc: 41.75, tmp_test_f1: 37.37, f1: 40.65
epoch: 365, val_loss:1.960287, acc: 45.90, bacc: 41.75, tmp_test_f1: 37.44, f1: 40.65
epoch: 366, val_loss:1.964545, acc: 45.90, bacc: 41.75, tmp_test_f1: 36.79, f1: 40.65
epoch: 367, val_loss:1.989201, acc: 45.90, bacc: 41.75, tmp_test_f1: 35.67, f1: 40.65
epoch: 368, val_loss:2.008259, acc: 45.90, bacc: 41.75, tmp_test_f1: 34.76, f1: 40.65
epoch: 369, val_loss:2.041689, acc: 45.90, bacc: 41.75, tmp_test_f1: 34.50, f1: 40.65
epoch: 370, val_loss:2.039833, acc: 45.90, bacc: 41.75, tmp_test_f1: 34.27, f1: 40.65
epoch: 371, val_loss:2.028940, acc: 45.90, bacc: 41.75, tmp_test_f1: 34.06, f1: 40.65
epoch: 372, val_loss:2.026206, acc: 45.90, bacc: 41.75, tmp_test_f1: 34.01, f1: 40.65
epoch: 373, val_loss:2.011358, acc: 45.90, bacc: 41.75, tmp_test_f1: 34.01, f1: 40.65
epoch: 374, val_loss:1.959603, acc: 45.90, bacc: 41.75, tmp_test_f1: 34.47, f1: 40.65
epoch: 375, val_loss:1.926826, acc: 45.90, bacc: 41.75, tmp_test_f1: 34.67, f1: 40.65
epoch: 376, val_loss:1.920450, acc: 45.90, bacc: 41.75, tmp_test_f1: 34.70, f1: 40.65
epoch: 377, val_loss:1.905112, acc: 45.90, bacc: 41.75, tmp_test_f1: 34.86, f1: 40.65
epoch: 378, val_loss:1.889159, acc: 45.90, bacc: 41.75, tmp_test_f1: 35.22, f1: 40.65
epoch: 379, val_loss:1.878515, acc: 45.90, bacc: 41.75, tmp_test_f1: 35.14, f1: 40.65
epoch: 380, val_loss:1.880348, acc: 45.90, bacc: 41.75, tmp_test_f1: 35.01, f1: 40.65
epoch: 381, val_loss:1.890136, acc: 45.90, bacc: 41.75, tmp_test_f1: 34.70, f1: 40.65
epoch: 382, val_loss:1.926076, acc: 45.90, bacc: 41.75, tmp_test_f1: 34.88, f1: 40.65
epoch: 383, val_loss:1.961207, acc: 45.90, bacc: 41.75, tmp_test_f1: 34.84, f1: 40.65
epoch: 384, val_loss:1.988025, acc: 45.90, bacc: 41.75, tmp_test_f1: 34.92, f1: 40.65
epoch: 385, val_loss:1.965102, acc: 45.90, bacc: 41.75, tmp_test_f1: 34.95, f1: 40.65
epoch: 386, val_loss:1.960413, acc: 45.90, bacc: 41.75, tmp_test_f1: 35.81, f1: 40.65
epoch: 387, val_loss:1.962338, acc: 45.90, bacc: 41.75, tmp_test_f1: 35.89, f1: 40.65
epoch: 388, val_loss:1.956004, acc: 45.90, bacc: 41.75, tmp_test_f1: 36.23, f1: 40.65
epoch: 389, val_loss:1.952282, acc: 45.90, bacc: 41.75, tmp_test_f1: 36.99, f1: 40.65
epoch: 390, val_loss:1.952181, acc: 45.90, bacc: 41.75, tmp_test_f1: 35.65, f1: 40.65
epoch: 391, val_loss:1.947242, acc: 45.90, bacc: 41.75, tmp_test_f1: 33.91, f1: 40.65
epoch: 392, val_loss:1.953092, acc: 45.90, bacc: 41.75, tmp_test_f1: 34.14, f1: 40.65
epoch: 393, val_loss:1.967102, acc: 45.90, bacc: 41.75, tmp_test_f1: 34.68, f1: 40.65
epoch: 394, val_loss:1.984797, acc: 45.90, bacc: 41.75, tmp_test_f1: 35.02, f1: 40.65
epoch: 395, val_loss:1.950713, acc: 45.90, bacc: 41.75, tmp_test_f1: 35.11, f1: 40.65
epoch: 396, val_loss:1.949812, acc: 45.90, bacc: 41.75, tmp_test_f1: 34.81, f1: 40.65
epoch: 397, val_loss:1.977335, acc: 45.90, bacc: 41.75, tmp_test_f1: 34.92, f1: 40.65
epoch: 398, val_loss:1.994792, acc: 45.90, bacc: 41.75, tmp_test_f1: 35.01, f1: 40.65
epoch: 399, val_loss:2.003100, acc: 45.90, bacc: 41.75, tmp_test_f1: 35.00, f1: 40.65
epoch: 400, val_loss:2.021886, acc: 45.90, bacc: 41.75, tmp_test_f1: 34.99, f1: 40.65
epoch: 401, val_loss:2.039217, acc: 45.90, bacc: 41.75, tmp_test_f1: 34.76, f1: 40.65
epoch: 402, val_loss:2.082122, acc: 45.90, bacc: 41.75, tmp_test_f1: 34.36, f1: 40.65
epoch: 403, val_loss:2.108976, acc: 45.90, bacc: 41.75, tmp_test_f1: 34.31, f1: 40.65
epoch: 404, val_loss:2.121233, acc: 45.90, bacc: 41.75, tmp_test_f1: 34.33, f1: 40.65
epoch: 405, val_loss:2.118103, acc: 45.90, bacc: 41.75, tmp_test_f1: 34.33, f1: 40.65
epoch: 406, val_loss:2.120243, acc: 45.90, bacc: 41.75, tmp_test_f1: 34.23, f1: 40.65
epoch: 407, val_loss:2.097120, acc: 45.90, bacc: 41.75, tmp_test_f1: 34.21, f1: 40.65
epoch: 408, val_loss:2.053836, acc: 45.90, bacc: 41.75, tmp_test_f1: 33.86, f1: 40.65
epoch: 409, val_loss:2.034583, acc: 45.90, bacc: 41.75, tmp_test_f1: 33.87, f1: 40.65
epoch: 410, val_loss:2.037419, acc: 45.90, bacc: 41.75, tmp_test_f1: 33.18, f1: 40.65
epoch: 411, val_loss:2.039747, acc: 45.90, bacc: 41.75, tmp_test_f1: 33.62, f1: 40.65
epoch: 412, val_loss:2.013002, acc: 45.90, bacc: 41.75, tmp_test_f1: 34.14, f1: 40.65
epoch: 413, val_loss:1.991950, acc: 45.90, bacc: 41.75, tmp_test_f1: 34.12, f1: 40.65
epoch: 414, val_loss:1.983748, acc: 45.90, bacc: 41.75, tmp_test_f1: 34.05, f1: 40.65
epoch: 415, val_loss:1.991215, acc: 45.90, bacc: 41.75, tmp_test_f1: 34.18, f1: 40.65
epoch: 416, val_loss:2.014450, acc: 45.90, bacc: 41.75, tmp_test_f1: 33.94, f1: 40.65
epoch: 417, val_loss:2.045582, acc: 45.90, bacc: 41.75, tmp_test_f1: 33.83, f1: 40.65
epoch: 418, val_loss:2.086487, acc: 45.90, bacc: 41.75, tmp_test_f1: 33.65, f1: 40.65
epoch: 419, val_loss:2.151934, acc: 45.90, bacc: 41.75, tmp_test_f1: 33.07, f1: 40.65
epoch: 420, val_loss:2.201325, acc: 45.90, bacc: 41.75, tmp_test_f1: 33.38, f1: 40.65
epoch: 421, val_loss:2.221224, acc: 45.90, bacc: 41.75, tmp_test_f1: 33.98, f1: 40.65
epoch: 422, val_loss:2.202225, acc: 45.90, bacc: 41.75, tmp_test_f1: 34.19, f1: 40.65
epoch: 423, val_loss:2.173494, acc: 45.90, bacc: 41.75, tmp_test_f1: 34.16, f1: 40.65
epoch: 424, val_loss:2.132833, acc: 45.90, bacc: 41.75, tmp_test_f1: 34.60, f1: 40.65
epoch: 425, val_loss:2.069432, acc: 45.90, bacc: 41.75, tmp_test_f1: 34.74, f1: 40.65
Epoch 00426: reducing learning rate of group 0 to 2.5000e-02.
Epoch 00426: reducing learning rate of group 1 to 2.5000e-02.
epoch: 426, val_loss:2.038047, acc: 45.90, bacc: 41.75, tmp_test_f1: 33.80, f1: 40.65
epoch: 427, val_loss:2.108661, acc: 45.90, bacc: 41.75, tmp_test_f1: 33.97, f1: 40.65
epoch: 428, val_loss:2.154536, acc: 45.90, bacc: 41.75, tmp_test_f1: 33.98, f1: 40.65
epoch: 429, val_loss:2.177953, acc: 45.90, bacc: 41.75, tmp_test_f1: 34.19, f1: 40.65
epoch: 430, val_loss:2.201728, acc: 45.90, bacc: 41.75, tmp_test_f1: 33.71, f1: 40.65
epoch: 431, val_loss:2.203971, acc: 45.90, bacc: 41.75, tmp_test_f1: 33.38, f1: 40.65
epoch: 432, val_loss:2.281156, acc: 45.90, bacc: 41.75, tmp_test_f1: 33.12, f1: 40.65
epoch: 433, val_loss:2.347475, acc: 45.90, bacc: 41.75, tmp_test_f1: 33.12, f1: 40.65
epoch: 434, val_loss:2.392829, acc: 45.90, bacc: 41.75, tmp_test_f1: 33.12, f1: 40.65
epoch: 435, val_loss:2.421584, acc: 45.90, bacc: 41.75, tmp_test_f1: 32.91, f1: 40.65
epoch: 436, val_loss:2.445986, acc: 45.90, bacc: 41.75, tmp_test_f1: 32.98, f1: 40.65
epoch: 437, val_loss:2.440009, acc: 45.90, bacc: 41.75, tmp_test_f1: 33.46, f1: 40.65
epoch: 438, val_loss:2.410534, acc: 45.90, bacc: 41.75, tmp_test_f1: 33.27, f1: 40.65
epoch: 439, val_loss:2.381565, acc: 45.90, bacc: 41.75, tmp_test_f1: 33.32, f1: 40.65
epoch: 440, val_loss:2.334535, acc: 45.90, bacc: 41.75, tmp_test_f1: 33.58, f1: 40.65
epoch: 441, val_loss:2.316841, acc: 45.90, bacc: 41.75, tmp_test_f1: 34.21, f1: 40.65
epoch: 442, val_loss:2.307455, acc: 45.90, bacc: 41.75, tmp_test_f1: 34.51, f1: 40.65
epoch: 443, val_loss:2.314573, acc: 45.90, bacc: 41.75, tmp_test_f1: 35.44, f1: 40.65
epoch: 444, val_loss:2.294716, acc: 45.90, bacc: 41.75, tmp_test_f1: 36.24, f1: 40.65
epoch: 445, val_loss:2.284959, acc: 45.90, bacc: 41.75, tmp_test_f1: 34.49, f1: 40.65
epoch: 446, val_loss:2.310719, acc: 45.90, bacc: 41.75, tmp_test_f1: 33.21, f1: 40.65
epoch: 447, val_loss:2.337044, acc: 45.90, bacc: 41.75, tmp_test_f1: 32.72, f1: 40.65
epoch: 448, val_loss:2.370565, acc: 45.90, bacc: 41.75, tmp_test_f1: 32.82, f1: 40.65
epoch: 449, val_loss:2.394046, acc: 45.90, bacc: 41.75, tmp_test_f1: 33.36, f1: 40.65
epoch: 450, val_loss:2.411253, acc: 45.90, bacc: 41.75, tmp_test_f1: 34.58, f1: 40.65
epoch: 451, val_loss:2.425172, acc: 45.90, bacc: 41.75, tmp_test_f1: 34.47, f1: 40.65
epoch: 452, val_loss:2.446257, acc: 45.90, bacc: 41.75, tmp_test_f1: 34.31, f1: 40.65
epoch: 453, val_loss:2.460141, acc: 45.90, bacc: 41.75, tmp_test_f1: 33.82, f1: 40.65
epoch: 454, val_loss:2.468515, acc: 45.90, bacc: 41.75, tmp_test_f1: 33.24, f1: 40.65
epoch: 455, val_loss:2.480738, acc: 45.90, bacc: 41.75, tmp_test_f1: 33.07, f1: 40.65
epoch: 456, val_loss:2.488945, acc: 45.90, bacc: 41.75, tmp_test_f1: 32.76, f1: 40.65
epoch: 457, val_loss:2.482736, acc: 45.90, bacc: 41.75, tmp_test_f1: 32.80, f1: 40.65
epoch: 458, val_loss:2.473020, acc: 45.90, bacc: 41.75, tmp_test_f1: 32.70, f1: 40.65
epoch: 459, val_loss:2.474437, acc: 45.90, bacc: 41.75, tmp_test_f1: 32.70, f1: 40.65
epoch: 460, val_loss:2.471310, acc: 45.90, bacc: 41.75, tmp_test_f1: 33.00, f1: 40.65
epoch: 461, val_loss:2.476228, acc: 45.90, bacc: 41.75, tmp_test_f1: 33.06, f1: 40.65
epoch: 462, val_loss:2.459273, acc: 45.90, bacc: 41.75, tmp_test_f1: 33.05, f1: 40.65
epoch: 463, val_loss:2.440331, acc: 45.90, bacc: 41.75, tmp_test_f1: 33.25, f1: 40.65
epoch: 464, val_loss:2.423448, acc: 45.90, bacc: 41.75, tmp_test_f1: 33.16, f1: 40.65
epoch: 465, val_loss:2.414081, acc: 45.90, bacc: 41.75, tmp_test_f1: 33.19, f1: 40.65
epoch: 466, val_loss:2.419368, acc: 45.90, bacc: 41.75, tmp_test_f1: 33.33, f1: 40.65
epoch: 467, val_loss:2.429732, acc: 45.90, bacc: 41.75, tmp_test_f1: 33.25, f1: 40.65
epoch: 468, val_loss:2.436322, acc: 45.90, bacc: 41.75, tmp_test_f1: 33.15, f1: 40.65
epoch: 469, val_loss:2.446653, acc: 45.90, bacc: 41.75, tmp_test_f1: 33.14, f1: 40.65
epoch: 470, val_loss:2.435170, acc: 45.90, bacc: 41.75, tmp_test_f1: 33.15, f1: 40.65
epoch: 471, val_loss:2.414752, acc: 45.90, bacc: 41.75, tmp_test_f1: 33.36, f1: 40.65
epoch: 472, val_loss:2.383997, acc: 45.90, bacc: 41.75, tmp_test_f1: 33.52, f1: 40.65
epoch: 473, val_loss:2.360732, acc: 45.90, bacc: 41.75, tmp_test_f1: 33.67, f1: 40.65
epoch: 474, val_loss:2.338492, acc: 45.90, bacc: 41.75, tmp_test_f1: 33.56, f1: 40.65
epoch: 475, val_loss:2.320222, acc: 45.90, bacc: 41.75, tmp_test_f1: 33.41, f1: 40.65
epoch: 476, val_loss:2.310466, acc: 45.90, bacc: 41.75, tmp_test_f1: 33.37, f1: 40.65
epoch: 477, val_loss:2.307348, acc: 45.90, bacc: 41.75, tmp_test_f1: 33.49, f1: 40.65
epoch: 478, val_loss:2.302810, acc: 45.90, bacc: 41.75, tmp_test_f1: 33.12, f1: 40.65
epoch: 479, val_loss:2.303802, acc: 45.90, bacc: 41.75, tmp_test_f1: 32.87, f1: 40.65
epoch: 480, val_loss:2.313548, acc: 45.90, bacc: 41.75, tmp_test_f1: 32.83, f1: 40.65
epoch: 481, val_loss:2.333511, acc: 45.90, bacc: 41.75, tmp_test_f1: 32.38, f1: 40.65
epoch: 482, val_loss:2.356230, acc: 45.90, bacc: 41.75, tmp_test_f1: 32.45, f1: 40.65
epoch: 483, val_loss:2.361203, acc: 45.90, bacc: 41.75, tmp_test_f1: 32.69, f1: 40.65
epoch: 484, val_loss:2.356383, acc: 45.90, bacc: 41.75, tmp_test_f1: 32.69, f1: 40.65
epoch: 485, val_loss:2.360126, acc: 45.90, bacc: 41.75, tmp_test_f1: 32.70, f1: 40.65
epoch: 486, val_loss:2.359507, acc: 45.90, bacc: 41.75, tmp_test_f1: 32.65, f1: 40.65
epoch: 487, val_loss:2.345709, acc: 45.90, bacc: 41.75, tmp_test_f1: 32.65, f1: 40.65
epoch: 488, val_loss:2.333029, acc: 45.90, bacc: 41.75, tmp_test_f1: 32.70, f1: 40.65
epoch: 489, val_loss:2.326869, acc: 45.90, bacc: 41.75, tmp_test_f1: 32.78, f1: 40.65
epoch: 490, val_loss:2.340192, acc: 45.90, bacc: 41.75, tmp_test_f1: 32.77, f1: 40.65
epoch: 491, val_loss:2.350504, acc: 45.90, bacc: 41.75, tmp_test_f1: 32.67, f1: 40.65
epoch: 492, val_loss:2.361698, acc: 45.90, bacc: 41.75, tmp_test_f1: 32.73, f1: 40.65
epoch: 493, val_loss:2.379968, acc: 45.90, bacc: 41.75, tmp_test_f1: 32.77, f1: 40.65
epoch: 494, val_loss:2.379666, acc: 45.90, bacc: 41.75, tmp_test_f1: 32.95, f1: 40.65
epoch: 495, val_loss:2.372131, acc: 45.90, bacc: 41.75, tmp_test_f1: 33.22, f1: 40.65
epoch: 496, val_loss:2.381370, acc: 45.90, bacc: 41.75, tmp_test_f1: 33.18, f1: 40.65
epoch: 497, val_loss:2.370349, acc: 45.90, bacc: 41.75, tmp_test_f1: 33.22, f1: 40.65
epoch: 498, val_loss:2.367025, acc: 45.90, bacc: 41.75, tmp_test_f1: 33.27, f1: 40.65
epoch: 499, val_loss:2.367543, acc: 45.90, bacc: 41.75, tmp_test_f1: 33.29, f1: 40.65
epoch: 500, val_loss:2.374255, acc: 45.90, bacc: 41.75, tmp_test_f1: 33.29, f1: 40.65
epoch: 501, val_loss:2.384297, acc: 45.90, bacc: 41.75, tmp_test_f1: 33.16, f1: 40.65
epoch: 502, val_loss:2.412356, acc: 45.90, bacc: 41.75, tmp_test_f1: 33.11, f1: 40.65
epoch: 503, val_loss:2.440629, acc: 45.90, bacc: 41.75, tmp_test_f1: 32.82, f1: 40.65
epoch: 504, val_loss:2.467935, acc: 45.90, bacc: 41.75, tmp_test_f1: 32.89, f1: 40.65
epoch: 505, val_loss:2.476492, acc: 45.90, bacc: 41.75, tmp_test_f1: 32.87, f1: 40.65
epoch: 506, val_loss:2.461587, acc: 45.90, bacc: 41.75, tmp_test_f1: 32.88, f1: 40.65
epoch: 507, val_loss:2.447781, acc: 45.90, bacc: 41.75, tmp_test_f1: 32.95, f1: 40.65
epoch: 508, val_loss:2.410596, acc: 45.90, bacc: 41.75, tmp_test_f1: 33.19, f1: 40.65
epoch: 509, val_loss:2.369083, acc: 45.90, bacc: 41.75, tmp_test_f1: 33.47, f1: 40.65
epoch: 510, val_loss:2.340613, acc: 45.90, bacc: 41.75, tmp_test_f1: 33.53, f1: 40.65
epoch: 511, val_loss:2.318434, acc: 45.90, bacc: 41.75, tmp_test_f1: 33.57, f1: 40.65
epoch: 512, val_loss:2.303037, acc: 45.90, bacc: 41.75, tmp_test_f1: 33.60, f1: 40.65
epoch: 513, val_loss:2.297999, acc: 45.90, bacc: 41.75, tmp_test_f1: 33.57, f1: 40.65
epoch: 514, val_loss:2.301582, acc: 45.90, bacc: 41.75, tmp_test_f1: 33.54, f1: 40.65
epoch: 515, val_loss:2.306200, acc: 45.90, bacc: 41.75, tmp_test_f1: 33.77, f1: 40.65
epoch: 516, val_loss:2.312359, acc: 45.90, bacc: 41.75, tmp_test_f1: 33.64, f1: 40.65
epoch: 517, val_loss:2.328852, acc: 45.90, bacc: 41.75, tmp_test_f1: 33.69, f1: 40.65
epoch: 518, val_loss:2.345945, acc: 45.90, bacc: 41.75, tmp_test_f1: 33.57, f1: 40.65
epoch: 519, val_loss:2.368040, acc: 45.90, bacc: 41.75, tmp_test_f1: 33.46, f1: 40.65
epoch: 520, val_loss:2.393182, acc: 45.90, bacc: 41.75, tmp_test_f1: 33.61, f1: 40.65
epoch: 521, val_loss:2.421495, acc: 45.90, bacc: 41.75, tmp_test_f1: 33.63, f1: 40.65
epoch: 522, val_loss:2.437436, acc: 45.90, bacc: 41.75, tmp_test_f1: 33.67, f1: 40.65
epoch: 523, val_loss:2.449533, acc: 45.90, bacc: 41.75, tmp_test_f1: 33.62, f1: 40.65
epoch: 524, val_loss:2.450936, acc: 45.90, bacc: 41.75, tmp_test_f1: 33.57, f1: 40.65
epoch: 525, val_loss:2.439971, acc: 45.90, bacc: 41.75, tmp_test_f1: 34.06, f1: 40.65
epoch: 526, val_loss:2.406913, acc: 45.90, bacc: 41.75, tmp_test_f1: 34.17, f1: 40.65
epoch: 527, val_loss:2.377496, acc: 45.90, bacc: 41.75, tmp_test_f1: 34.22, f1: 40.65
epoch: 528, val_loss:2.352023, acc: 45.90, bacc: 41.75, tmp_test_f1: 34.30, f1: 40.65
epoch: 529, val_loss:2.328189, acc: 45.90, bacc: 41.75, tmp_test_f1: 34.59, f1: 40.65
epoch: 530, val_loss:2.303069, acc: 45.90, bacc: 41.75, tmp_test_f1: 34.37, f1: 40.65
epoch: 531, val_loss:2.284101, acc: 45.90, bacc: 41.75, tmp_test_f1: 34.24, f1: 40.65
epoch: 532, val_loss:2.278389, acc: 45.90, bacc: 41.75, tmp_test_f1: 34.08, f1: 40.65
epoch: 533, val_loss:2.279294, acc: 45.90, bacc: 41.75, tmp_test_f1: 34.11, f1: 40.65
epoch: 534, val_loss:2.284128, acc: 45.90, bacc: 41.75, tmp_test_f1: 34.06, f1: 40.65
epoch: 535, val_loss:2.302760, acc: 45.90, bacc: 41.75, tmp_test_f1: 33.94, f1: 40.65
epoch: 536, val_loss:2.324105, acc: 45.90, bacc: 41.75, tmp_test_f1: 33.67, f1: 40.65
epoch: 537, val_loss:2.349763, acc: 45.90, bacc: 41.75, tmp_test_f1: 33.59, f1: 40.65
epoch: 538, val_loss:2.388353, acc: 45.90, bacc: 41.75, tmp_test_f1: 33.13, f1: 40.65
epoch: 539, val_loss:2.427441, acc: 45.90, bacc: 41.75, tmp_test_f1: 33.09, f1: 40.65
epoch: 540, val_loss:2.464549, acc: 45.90, bacc: 41.75, tmp_test_f1: 32.87, f1: 40.65
epoch: 541, val_loss:2.497187, acc: 45.90, bacc: 41.75, tmp_test_f1: 32.86, f1: 40.65
epoch: 542, val_loss:2.517120, acc: 45.90, bacc: 41.75, tmp_test_f1: 33.07, f1: 40.65
epoch: 543, val_loss:2.523194, acc: 45.90, bacc: 41.75, tmp_test_f1: 33.05, f1: 40.65
epoch: 544, val_loss:2.527391, acc: 45.90, bacc: 41.75, tmp_test_f1: 33.05, f1: 40.65
epoch: 545, val_loss:2.529237, acc: 45.90, bacc: 41.75, tmp_test_f1: 33.00, f1: 40.65
epoch: 546, val_loss:2.534653, acc: 45.90, bacc: 41.75, tmp_test_f1: 33.00, f1: 40.65
epoch: 547, val_loss:2.498272, acc: 45.90, bacc: 41.75, tmp_test_f1: 33.37, f1: 40.65
epoch: 548, val_loss:2.459246, acc: 45.90, bacc: 41.75, tmp_test_f1: 33.35, f1: 40.65
epoch: 549, val_loss:2.434147, acc: 45.90, bacc: 41.75, tmp_test_f1: 33.63, f1: 40.65
epoch: 550, val_loss:2.412256, acc: 45.90, bacc: 41.75, tmp_test_f1: 33.65, f1: 40.65
epoch: 551, val_loss:2.390613, acc: 45.90, bacc: 41.75, tmp_test_f1: 33.67, f1: 40.65
epoch: 552, val_loss:2.374905, acc: 45.90, bacc: 41.75, tmp_test_f1: 33.74, f1: 40.65
epoch: 553, val_loss:2.365449, acc: 45.90, bacc: 41.75, tmp_test_f1: 33.45, f1: 40.65
epoch: 554, val_loss:2.364137, acc: 45.90, bacc: 41.75, tmp_test_f1: 33.44, f1: 40.65
epoch: 555, val_loss:2.377484, acc: 45.90, bacc: 41.75, tmp_test_f1: 33.50, f1: 40.65
epoch: 556, val_loss:2.386938, acc: 45.90, bacc: 41.75, tmp_test_f1: 33.49, f1: 40.65
epoch: 557, val_loss:2.382066, acc: 45.90, bacc: 41.75, tmp_test_f1: 33.51, f1: 40.65
epoch: 558, val_loss:2.380866, acc: 45.90, bacc: 41.75, tmp_test_f1: 33.46, f1: 40.65
epoch: 559, val_loss:2.389727, acc: 45.90, bacc: 41.75, tmp_test_f1: 33.42, f1: 40.65
epoch: 560, val_loss:2.394418, acc: 45.90, bacc: 41.75, tmp_test_f1: 33.19, f1: 40.65
epoch: 561, val_loss:2.394515, acc: 45.90, bacc: 41.75, tmp_test_f1: 33.18, f1: 40.65
epoch: 562, val_loss:2.401943, acc: 45.90, bacc: 41.75, tmp_test_f1: 33.24, f1: 40.65
epoch: 563, val_loss:2.417972, acc: 45.90, bacc: 41.75, tmp_test_f1: 33.35, f1: 40.65
epoch: 564, val_loss:2.427908, acc: 45.90, bacc: 41.75, tmp_test_f1: 33.29, f1: 40.65
epoch: 565, val_loss:2.437378, acc: 45.90, bacc: 41.75, tmp_test_f1: 33.38, f1: 40.65
epoch: 566, val_loss:2.461365, acc: 45.90, bacc: 41.75, tmp_test_f1: 33.43, f1: 40.65
epoch: 567, val_loss:2.486313, acc: 45.90, bacc: 41.75, tmp_test_f1: 33.49, f1: 40.65
epoch: 568, val_loss:2.517051, acc: 45.90, bacc: 41.75, tmp_test_f1: 33.44, f1: 40.65
epoch: 569, val_loss:2.543743, acc: 45.90, bacc: 41.75, tmp_test_f1: 33.16, f1: 40.65
epoch: 570, val_loss:2.553384, acc: 45.90, bacc: 41.75, tmp_test_f1: 33.16, f1: 40.65
epoch: 571, val_loss:2.566172, acc: 45.90, bacc: 41.75, tmp_test_f1: 33.07, f1: 40.65
epoch: 572, val_loss:2.574854, acc: 45.90, bacc: 41.75, tmp_test_f1: 32.99, f1: 40.65
epoch: 573, val_loss:2.581797, acc: 45.90, bacc: 41.75, tmp_test_f1: 33.04, f1: 40.65
epoch: 574, val_loss:2.572934, acc: 45.90, bacc: 41.75, tmp_test_f1: 33.04, f1: 40.65
epoch: 575, val_loss:2.544399, acc: 45.90, bacc: 41.75, tmp_test_f1: 33.64, f1: 40.65
epoch: 576, val_loss:2.507613, acc: 45.90, bacc: 41.75, tmp_test_f1: 33.85, f1: 40.65
epoch: 577, val_loss:2.473111, acc: 45.90, bacc: 41.75, tmp_test_f1: 33.81, f1: 40.65
epoch: 578, val_loss:2.448165, acc: 45.90, bacc: 41.75, tmp_test_f1: 33.68, f1: 40.65
epoch: 579, val_loss:2.434824, acc: 45.90, bacc: 41.75, tmp_test_f1: 33.76, f1: 40.65
epoch: 580, val_loss:2.440629, acc: 45.90, bacc: 41.75, tmp_test_f1: 33.83, f1: 40.65
epoch: 581, val_loss:2.439416, acc: 45.90, bacc: 41.75, tmp_test_f1: 33.66, f1: 40.65
epoch: 582, val_loss:2.436161, acc: 45.90, bacc: 41.75, tmp_test_f1: 33.49, f1: 40.65
epoch: 583, val_loss:2.445740, acc: 45.90, bacc: 41.75, tmp_test_f1: 33.38, f1: 40.65
epoch: 584, val_loss:2.451423, acc: 45.90, bacc: 41.75, tmp_test_f1: 33.33, f1: 40.65
epoch: 585, val_loss:2.485641, acc: 45.90, bacc: 41.75, tmp_test_f1: 33.18, f1: 40.65
epoch: 586, val_loss:2.538540, acc: 45.90, bacc: 41.75, tmp_test_f1: 32.89, f1: 40.65
epoch: 587, val_loss:2.579333, acc: 45.90, bacc: 41.75, tmp_test_f1: 32.79, f1: 40.65
epoch: 588, val_loss:2.612686, acc: 45.90, bacc: 41.75, tmp_test_f1: 32.64, f1: 40.65
epoch: 589, val_loss:2.639106, acc: 45.90, bacc: 41.75, tmp_test_f1: 32.54, f1: 40.65
epoch: 590, val_loss:2.658137, acc: 45.90, bacc: 41.75, tmp_test_f1: 32.47, f1: 40.65
epoch: 591, val_loss:2.657849, acc: 45.90, bacc: 41.75, tmp_test_f1: 32.24, f1: 40.65
epoch: 592, val_loss:2.596875, acc: 45.90, bacc: 41.75, tmp_test_f1: 32.90, f1: 40.65
epoch: 593, val_loss:2.536335, acc: 45.90, bacc: 41.75, tmp_test_f1: 33.52, f1: 40.65
epoch: 594, val_loss:2.486456, acc: 45.90, bacc: 41.75, tmp_test_f1: 33.88, f1: 40.65
epoch: 595, val_loss:2.447946, acc: 45.90, bacc: 41.75, tmp_test_f1: 34.25, f1: 40.65
epoch: 596, val_loss:2.414915, acc: 45.90, bacc: 41.75, tmp_test_f1: 34.33, f1: 40.65
epoch: 597, val_loss:2.395595, acc: 45.90, bacc: 41.75, tmp_test_f1: 34.34, f1: 40.65
epoch: 598, val_loss:2.385251, acc: 45.90, bacc: 41.75, tmp_test_f1: 34.50, f1: 40.65
epoch: 599, val_loss:2.384113, acc: 45.90, bacc: 41.75, tmp_test_f1: 34.37, f1: 40.65
epoch: 600, val_loss:2.392489, acc: 45.90, bacc: 41.75, tmp_test_f1: 34.09, f1: 40.65
epoch: 601, val_loss:2.411143, acc: 45.90, bacc: 41.75, tmp_test_f1: 33.98, f1: 40.65
epoch: 602, val_loss:2.411453, acc: 45.90, bacc: 41.75, tmp_test_f1: 34.18, f1: 40.65
epoch: 603, val_loss:2.412185, acc: 45.90, bacc: 41.75, tmp_test_f1: 34.15, f1: 40.65
epoch: 604, val_loss:2.424254, acc: 45.90, bacc: 41.75, tmp_test_f1: 33.74, f1: 40.65
epoch: 605, val_loss:2.444321, acc: 45.90, bacc: 41.75, tmp_test_f1: 33.90, f1: 40.65
epoch: 606, val_loss:2.458926, acc: 45.90, bacc: 41.75, tmp_test_f1: 34.08, f1: 40.65
epoch: 607, val_loss:2.467752, acc: 45.90, bacc: 41.75, tmp_test_f1: 33.95, f1: 40.65
epoch: 608, val_loss:2.473417, acc: 45.90, bacc: 41.75, tmp_test_f1: 33.98, f1: 40.65
epoch: 609, val_loss:2.470987, acc: 45.90, bacc: 41.75, tmp_test_f1: 33.94, f1: 40.65
epoch: 610, val_loss:2.462988, acc: 45.90, bacc: 41.75, tmp_test_f1: 33.95, f1: 40.65
epoch: 611, val_loss:2.457300, acc: 45.90, bacc: 41.75, tmp_test_f1: 33.99, f1: 40.65
epoch: 612, val_loss:2.444522, acc: 45.90, bacc: 41.75, tmp_test_f1: 33.93, f1: 40.65
epoch: 613, val_loss:2.443256, acc: 45.90, bacc: 41.75, tmp_test_f1: 34.11, f1: 40.65
epoch: 614, val_loss:2.431809, acc: 45.90, bacc: 41.75, tmp_test_f1: 34.00, f1: 40.65
epoch: 615, val_loss:2.426813, acc: 45.90, bacc: 41.75, tmp_test_f1: 33.94, f1: 40.65
epoch: 616, val_loss:2.420410, acc: 45.90, bacc: 41.75, tmp_test_f1: 34.15, f1: 40.65
epoch: 617, val_loss:2.403727, acc: 45.90, bacc: 41.75, tmp_test_f1: 33.85, f1: 40.65
epoch: 618, val_loss:2.399221, acc: 45.90, bacc: 41.75, tmp_test_f1: 33.80, f1: 40.65
epoch: 619, val_loss:2.391366, acc: 45.90, bacc: 41.75, tmp_test_f1: 33.76, f1: 40.65
epoch: 620, val_loss:2.387544, acc: 45.90, bacc: 41.75, tmp_test_f1: 33.86, f1: 40.65
epoch: 621, val_loss:2.398057, acc: 45.90, bacc: 41.75, tmp_test_f1: 33.78, f1: 40.65
epoch: 622, val_loss:2.415061, acc: 45.90, bacc: 41.75, tmp_test_f1: 33.72, f1: 40.65
epoch: 623, val_loss:2.444594, acc: 45.90, bacc: 41.75, tmp_test_f1: 33.94, f1: 40.65
epoch: 624, val_loss:2.465891, acc: 45.90, bacc: 41.75, tmp_test_f1: 33.83, f1: 40.65
epoch: 625, val_loss:2.486008, acc: 45.90, bacc: 41.75, tmp_test_f1: 33.87, f1: 40.65
epoch: 626, val_loss:2.497397, acc: 45.90, bacc: 41.75, tmp_test_f1: 33.87, f1: 40.65
Epoch 00627: reducing learning rate of group 0 to 1.2500e-02.
Epoch 00627: reducing learning rate of group 1 to 1.2500e-02.
epoch: 627, val_loss:2.510701, acc: 45.90, bacc: 41.75, tmp_test_f1: 33.88, f1: 40.65
epoch: 628, val_loss:2.506248, acc: 45.90, bacc: 41.75, tmp_test_f1: 33.83, f1: 40.65
epoch: 629, val_loss:2.483529, acc: 45.90, bacc: 41.75, tmp_test_f1: 34.07, f1: 40.65
epoch: 630, val_loss:2.456814, acc: 45.90, bacc: 41.75, tmp_test_f1: 33.91, f1: 40.65
epoch: 631, val_loss:2.425475, acc: 45.90, bacc: 41.75, tmp_test_f1: 33.84, f1: 40.65
epoch: 632, val_loss:2.399994, acc: 45.90, bacc: 41.75, tmp_test_f1: 33.93, f1: 40.65
epoch: 633, val_loss:2.383672, acc: 45.90, bacc: 41.75, tmp_test_f1: 34.02, f1: 40.65
epoch: 634, val_loss:2.369522, acc: 45.90, bacc: 41.75, tmp_test_f1: 34.13, f1: 40.65
epoch: 635, val_loss:2.358604, acc: 45.90, bacc: 41.75, tmp_test_f1: 34.13, f1: 40.65
epoch: 636, val_loss:2.352265, acc: 45.90, bacc: 41.75, tmp_test_f1: 33.91, f1: 40.65
epoch: 637, val_loss:2.347699, acc: 45.90, bacc: 41.75, tmp_test_f1: 33.99, f1: 40.65
epoch: 638, val_loss:2.347581, acc: 45.90, bacc: 41.75, tmp_test_f1: 34.56, f1: 40.65
epoch: 639, val_loss:2.349314, acc: 45.90, bacc: 41.75, tmp_test_f1: 34.39, f1: 40.65
epoch: 640, val_loss:2.352663, acc: 45.90, bacc: 41.75, tmp_test_f1: 34.36, f1: 40.65
epoch: 641, val_loss:2.356481, acc: 45.90, bacc: 41.75, tmp_test_f1: 34.49, f1: 40.65
epoch: 642, val_loss:2.363941, acc: 45.90, bacc: 41.75, tmp_test_f1: 34.49, f1: 40.65
epoch: 643, val_loss:2.368829, acc: 45.90, bacc: 41.75, tmp_test_f1: 34.47, f1: 40.65
epoch: 644, val_loss:2.376502, acc: 45.90, bacc: 41.75, tmp_test_f1: 34.37, f1: 40.65
epoch: 645, val_loss:2.387172, acc: 45.90, bacc: 41.75, tmp_test_f1: 34.50, f1: 40.65
epoch: 646, val_loss:2.392884, acc: 45.90, bacc: 41.75, tmp_test_f1: 34.28, f1: 40.65
epoch: 647, val_loss:2.406939, acc: 45.90, bacc: 41.75, tmp_test_f1: 34.28, f1: 40.65
epoch: 648, val_loss:2.422770, acc: 45.90, bacc: 41.75, tmp_test_f1: 34.19, f1: 40.65
epoch: 649, val_loss:2.438563, acc: 45.90, bacc: 41.75, tmp_test_f1: 34.15, f1: 40.65
epoch: 650, val_loss:2.445998, acc: 45.90, bacc: 41.75, tmp_test_f1: 34.31, f1: 40.65
epoch: 651, val_loss:2.436546, acc: 45.90, bacc: 41.75, tmp_test_f1: 34.37, f1: 40.65
epoch: 652, val_loss:2.428833, acc: 45.90, bacc: 41.75, tmp_test_f1: 34.45, f1: 40.65
epoch: 653, val_loss:2.417747, acc: 45.90, bacc: 41.75, tmp_test_f1: 34.25, f1: 40.65
epoch: 654, val_loss:2.405958, acc: 45.90, bacc: 41.75, tmp_test_f1: 34.43, f1: 40.65
epoch: 655, val_loss:2.395714, acc: 45.90, bacc: 41.75, tmp_test_f1: 34.48, f1: 40.65
epoch: 656, val_loss:2.388143, acc: 45.90, bacc: 41.75, tmp_test_f1: 34.40, f1: 40.65
epoch: 657, val_loss:2.377580, acc: 45.90, bacc: 41.75, tmp_test_f1: 34.25, f1: 40.65
epoch: 658, val_loss:2.368987, acc: 45.90, bacc: 41.75, tmp_test_f1: 34.45, f1: 40.65
epoch: 659, val_loss:2.361432, acc: 45.90, bacc: 41.75, tmp_test_f1: 34.08, f1: 40.65
epoch: 660, val_loss:2.362084, acc: 45.90, bacc: 41.75, tmp_test_f1: 33.77, f1: 40.65
epoch: 661, val_loss:2.368557, acc: 45.90, bacc: 41.75, tmp_test_f1: 33.82, f1: 40.65
epoch: 662, val_loss:2.373195, acc: 45.90, bacc: 41.75, tmp_test_f1: 33.72, f1: 40.65
epoch: 663, val_loss:2.392346, acc: 45.90, bacc: 41.75, tmp_test_f1: 33.56, f1: 40.65
epoch: 664, val_loss:2.411703, acc: 45.90, bacc: 41.75, tmp_test_f1: 33.62, f1: 40.65
epoch: 665, val_loss:2.430465, acc: 45.90, bacc: 41.75, tmp_test_f1: 33.41, f1: 40.65
epoch: 666, val_loss:2.461253, acc: 45.90, bacc: 41.75, tmp_test_f1: 33.36, f1: 40.65
epoch: 667, val_loss:2.477505, acc: 45.90, bacc: 41.75, tmp_test_f1: 33.41, f1: 40.65
epoch: 668, val_loss:2.495588, acc: 45.90, bacc: 41.75, tmp_test_f1: 33.47, f1: 40.65
epoch: 669, val_loss:2.513022, acc: 45.90, bacc: 41.75, tmp_test_f1: 33.52, f1: 40.65
epoch: 670, val_loss:2.527865, acc: 45.90, bacc: 41.75, tmp_test_f1: 33.50, f1: 40.65
epoch: 671, val_loss:2.548067, acc: 45.90, bacc: 41.75, tmp_test_f1: 33.45, f1: 40.65
epoch: 672, val_loss:2.560677, acc: 45.90, bacc: 41.75, tmp_test_f1: 33.45, f1: 40.65
epoch: 673, val_loss:2.555692, acc: 45.90, bacc: 41.75, tmp_test_f1: 33.85, f1: 40.65
epoch: 674, val_loss:2.547599, acc: 45.90, bacc: 41.75, tmp_test_f1: 33.93, f1: 40.65
epoch: 675, val_loss:2.543403, acc: 45.90, bacc: 41.75, tmp_test_f1: 33.91, f1: 40.65
epoch: 676, val_loss:2.532149, acc: 45.90, bacc: 41.75, tmp_test_f1: 33.84, f1: 40.65
epoch: 677, val_loss:2.518921, acc: 45.90, bacc: 41.75, tmp_test_f1: 33.58, f1: 40.65
epoch: 678, val_loss:2.509218, acc: 45.90, bacc: 41.75, tmp_test_f1: 33.78, f1: 40.65
epoch: 679, val_loss:2.494667, acc: 45.90, bacc: 41.75, tmp_test_f1: 33.66, f1: 40.65
epoch: 680, val_loss:2.480848, acc: 45.90, bacc: 41.75, tmp_test_f1: 33.64, f1: 40.65
epoch: 681, val_loss:2.471785, acc: 45.90, bacc: 41.75, tmp_test_f1: 34.40, f1: 40.65
epoch: 682, val_loss:2.380803, acc: 45.90, bacc: 41.75, tmp_test_f1: 34.94, f1: 40.65
epoch: 683, val_loss:2.354376, acc: 45.90, bacc: 41.75, tmp_test_f1: 35.14, f1: 40.65
epoch: 684, val_loss:2.328106, acc: 45.90, bacc: 41.75, tmp_test_f1: 35.34, f1: 40.65
epoch: 685, val_loss:2.296168, acc: 45.90, bacc: 41.75, tmp_test_f1: 35.42, f1: 40.65
epoch: 686, val_loss:2.271617, acc: 45.90, bacc: 41.75, tmp_test_f1: 35.57, f1: 40.65
epoch: 687, val_loss:2.256018, acc: 45.90, bacc: 41.75, tmp_test_f1: 35.49, f1: 40.65
epoch: 688, val_loss:2.242438, acc: 45.90, bacc: 41.75, tmp_test_f1: 35.62, f1: 40.65
epoch: 689, val_loss:2.232325, acc: 45.90, bacc: 41.75, tmp_test_f1: 35.49, f1: 40.65
epoch: 690, val_loss:2.223641, acc: 45.90, bacc: 41.75, tmp_test_f1: 35.57, f1: 40.65
epoch: 691, val_loss:2.212105, acc: 45.90, bacc: 41.75, tmp_test_f1: 35.64, f1: 40.65
epoch: 692, val_loss:2.204288, acc: 45.90, bacc: 41.75, tmp_test_f1: 35.60, f1: 40.65
epoch: 693, val_loss:2.201641, acc: 45.90, bacc: 41.75, tmp_test_f1: 35.68, f1: 40.65
epoch: 694, val_loss:2.200673, acc: 45.90, bacc: 41.75, tmp_test_f1: 35.61, f1: 40.65
epoch: 695, val_loss:2.203377, acc: 45.90, bacc: 41.75, tmp_test_f1: 35.65, f1: 40.65
epoch: 696, val_loss:2.216669, acc: 45.90, bacc: 41.75, tmp_test_f1: 35.49, f1: 40.65
epoch: 697, val_loss:2.229728, acc: 45.90, bacc: 41.75, tmp_test_f1: 35.14, f1: 40.65
epoch: 698, val_loss:2.251372, acc: 45.90, bacc: 41.75, tmp_test_f1: 34.90, f1: 40.65
epoch: 699, val_loss:2.268823, acc: 45.90, bacc: 41.75, tmp_test_f1: 34.74, f1: 40.65
epoch: 700, val_loss:2.285518, acc: 45.90, bacc: 41.75, tmp_test_f1: 34.47, f1: 40.65
epoch: 701, val_loss:2.293529, acc: 45.90, bacc: 41.75, tmp_test_f1: 34.37, f1: 40.65
epoch: 702, val_loss:2.306217, acc: 45.90, bacc: 41.75, tmp_test_f1: 34.70, f1: 40.65
epoch: 703, val_loss:2.319186, acc: 45.90, bacc: 41.75, tmp_test_f1: 34.70, f1: 40.65
epoch: 704, val_loss:2.325732, acc: 45.90, bacc: 41.75, tmp_test_f1: 34.78, f1: 40.65
epoch: 705, val_loss:2.335118, acc: 45.90, bacc: 41.75, tmp_test_f1: 34.74, f1: 40.65
epoch: 706, val_loss:2.336914, acc: 45.90, bacc: 41.75, tmp_test_f1: 34.49, f1: 40.65
epoch: 707, val_loss:2.340533, acc: 45.90, bacc: 41.75, tmp_test_f1: 34.40, f1: 40.65
epoch: 708, val_loss:2.340652, acc: 45.90, bacc: 41.75, tmp_test_f1: 34.34, f1: 40.65
epoch: 709, val_loss:2.332528, acc: 45.90, bacc: 41.75, tmp_test_f1: 34.34, f1: 40.65
epoch: 710, val_loss:2.319193, acc: 45.90, bacc: 41.75, tmp_test_f1: 34.64, f1: 40.65
epoch: 711, val_loss:2.306151, acc: 45.90, bacc: 41.75, tmp_test_f1: 34.72, f1: 40.65
epoch: 712, val_loss:2.294518, acc: 45.90, bacc: 41.75, tmp_test_f1: 34.95, f1: 40.65
epoch: 713, val_loss:2.284066, acc: 45.90, bacc: 41.75, tmp_test_f1: 35.02, f1: 40.65
epoch: 714, val_loss:2.271272, acc: 45.90, bacc: 41.75, tmp_test_f1: 35.14, f1: 40.65
epoch: 715, val_loss:2.260060, acc: 45.90, bacc: 41.75, tmp_test_f1: 35.10, f1: 40.65
epoch: 716, val_loss:2.252995, acc: 45.90, bacc: 41.75, tmp_test_f1: 35.08, f1: 40.65
epoch: 717, val_loss:2.249682, acc: 45.90, bacc: 41.75, tmp_test_f1: 34.85, f1: 40.65
epoch: 718, val_loss:2.243463, acc: 45.90, bacc: 41.75, tmp_test_f1: 34.63, f1: 40.65
epoch: 719, val_loss:2.246693, acc: 45.90, bacc: 41.75, tmp_test_f1: 34.57, f1: 40.65
epoch: 720, val_loss:2.252009, acc: 45.90, bacc: 41.75, tmp_test_f1: 34.46, f1: 40.65
epoch: 721, val_loss:2.249337, acc: 45.90, bacc: 41.75, tmp_test_f1: 34.45, f1: 40.65
epoch: 722, val_loss:2.246115, acc: 45.90, bacc: 41.75, tmp_test_f1: 34.56, f1: 40.65
epoch: 723, val_loss:2.243552, acc: 45.90, bacc: 41.75, tmp_test_f1: 34.69, f1: 40.65
epoch: 724, val_loss:2.246574, acc: 45.90, bacc: 41.75, tmp_test_f1: 34.55, f1: 40.65
epoch: 725, val_loss:2.247905, acc: 45.90, bacc: 41.75, tmp_test_f1: 34.37, f1: 40.65
epoch: 726, val_loss:2.253234, acc: 45.90, bacc: 41.75, tmp_test_f1: 34.12, f1: 40.65
epoch: 727, val_loss:2.263409, acc: 45.90, bacc: 41.75, tmp_test_f1: 33.92, f1: 40.65
epoch: 728, val_loss:2.273271, acc: 45.90, bacc: 41.75, tmp_test_f1: 33.90, f1: 40.65
epoch: 729, val_loss:2.282335, acc: 45.90, bacc: 41.75, tmp_test_f1: 33.91, f1: 40.65
epoch: 730, val_loss:2.295222, acc: 45.90, bacc: 41.75, tmp_test_f1: 33.49, f1: 40.65
epoch: 731, val_loss:2.307525, acc: 45.90, bacc: 41.75, tmp_test_f1: 33.61, f1: 40.65
epoch: 732, val_loss:2.318767, acc: 45.90, bacc: 41.75, tmp_test_f1: 33.61, f1: 40.65
epoch: 733, val_loss:2.311113, acc: 45.90, bacc: 41.75, tmp_test_f1: 33.65, f1: 40.65
epoch: 734, val_loss:2.300054, acc: 45.90, bacc: 41.75, tmp_test_f1: 33.71, f1: 40.65
epoch: 735, val_loss:2.290948, acc: 45.90, bacc: 41.75, tmp_test_f1: 34.05, f1: 40.65
epoch: 736, val_loss:2.276720, acc: 45.90, bacc: 41.75, tmp_test_f1: 34.52, f1: 40.65
epoch: 737, val_loss:2.262029, acc: 45.90, bacc: 41.75, tmp_test_f1: 34.54, f1: 40.65
epoch: 738, val_loss:2.248215, acc: 45.90, bacc: 41.75, tmp_test_f1: 34.52, f1: 40.65
epoch: 739, val_loss:2.240751, acc: 45.90, bacc: 41.75, tmp_test_f1: 34.50, f1: 40.65
epoch: 740, val_loss:2.237623, acc: 45.90, bacc: 41.75, tmp_test_f1: 34.56, f1: 40.65
epoch: 741, val_loss:2.232409, acc: 45.90, bacc: 41.75, tmp_test_f1: 34.60, f1: 40.65
epoch: 742, val_loss:2.230515, acc: 45.90, bacc: 41.75, tmp_test_f1: 34.65, f1: 40.65
epoch: 743, val_loss:2.228866, acc: 45.90, bacc: 41.75, tmp_test_f1: 34.60, f1: 40.65
epoch: 744, val_loss:2.221358, acc: 45.90, bacc: 41.75, tmp_test_f1: 34.81, f1: 40.65
epoch: 745, val_loss:2.217027, acc: 45.90, bacc: 41.75, tmp_test_f1: 34.87, f1: 40.65
epoch: 746, val_loss:2.217035, acc: 45.90, bacc: 41.75, tmp_test_f1: 34.93, f1: 40.65
epoch: 747, val_loss:2.217610, acc: 45.90, bacc: 41.75, tmp_test_f1: 34.88, f1: 40.65
epoch: 748, val_loss:2.225924, acc: 45.90, bacc: 41.75, tmp_test_f1: 34.66, f1: 40.65
epoch: 749, val_loss:2.236782, acc: 45.90, bacc: 41.75, tmp_test_f1: 34.52, f1: 40.65
epoch: 750, val_loss:2.251576, acc: 45.90, bacc: 41.75, tmp_test_f1: 34.29, f1: 40.65
epoch: 751, val_loss:2.268393, acc: 45.90, bacc: 41.75, tmp_test_f1: 34.42, f1: 40.65
epoch: 752, val_loss:2.278723, acc: 45.90, bacc: 41.75, tmp_test_f1: 34.36, f1: 40.65
epoch: 753, val_loss:2.288507, acc: 45.90, bacc: 41.75, tmp_test_f1: 34.36, f1: 40.65
epoch: 754, val_loss:2.296903, acc: 45.90, bacc: 41.75, tmp_test_f1: 34.39, f1: 40.65
epoch: 755, val_loss:2.308536, acc: 45.90, bacc: 41.75, tmp_test_f1: 34.35, f1: 40.65
epoch: 756, val_loss:2.317502, acc: 45.90, bacc: 41.75, tmp_test_f1: 34.08, f1: 40.65
epoch: 757, val_loss:2.328558, acc: 45.90, bacc: 41.75, tmp_test_f1: 34.14, f1: 40.65
epoch: 758, val_loss:2.339473, acc: 45.90, bacc: 41.75, tmp_test_f1: 34.09, f1: 40.65
epoch: 759, val_loss:2.344770, acc: 45.90, bacc: 41.75, tmp_test_f1: 34.11, f1: 40.65
epoch: 760, val_loss:2.349062, acc: 45.90, bacc: 41.75, tmp_test_f1: 34.18, f1: 40.65
epoch: 761, val_loss:2.346135, acc: 45.90, bacc: 41.75, tmp_test_f1: 34.26, f1: 40.65
epoch: 762, val_loss:2.337505, acc: 45.90, bacc: 41.75, tmp_test_f1: 34.28, f1: 40.65
epoch: 763, val_loss:2.324338, acc: 45.90, bacc: 41.75, tmp_test_f1: 34.13, f1: 40.65
epoch: 764, val_loss:2.317265, acc: 45.90, bacc: 41.75, tmp_test_f1: 34.37, f1: 40.65
epoch: 765, val_loss:2.308147, acc: 45.90, bacc: 41.75, tmp_test_f1: 34.70, f1: 40.65
epoch: 766, val_loss:2.293901, acc: 45.90, bacc: 41.75, tmp_test_f1: 35.06, f1: 40.65
epoch: 767, val_loss:2.277833, acc: 45.90, bacc: 41.75, tmp_test_f1: 35.47, f1: 40.65
epoch: 768, val_loss:2.269847, acc: 45.90, bacc: 41.75, tmp_test_f1: 35.46, f1: 40.65
epoch: 769, val_loss:2.260295, acc: 45.90, bacc: 41.75, tmp_test_f1: 35.55, f1: 40.65
epoch: 770, val_loss:2.253926, acc: 45.90, bacc: 41.75, tmp_test_f1: 35.57, f1: 40.65
epoch: 771, val_loss:2.256157, acc: 45.90, bacc: 41.75, tmp_test_f1: 35.60, f1: 40.65
epoch: 772, val_loss:2.259927, acc: 45.90, bacc: 41.75, tmp_test_f1: 35.62, f1: 40.65
epoch: 773, val_loss:2.264845, acc: 45.90, bacc: 41.75, tmp_test_f1: 35.69, f1: 40.65
epoch: 774, val_loss:2.271909, acc: 45.90, bacc: 41.75, tmp_test_f1: 35.80, f1: 40.65
epoch: 775, val_loss:2.280668, acc: 45.90, bacc: 41.75, tmp_test_f1: 35.62, f1: 40.65
epoch: 776, val_loss:2.291720, acc: 45.90, bacc: 41.75, tmp_test_f1: 35.37, f1: 40.65
epoch: 777, val_loss:2.306604, acc: 45.90, bacc: 41.75, tmp_test_f1: 35.08, f1: 40.65
epoch: 778, val_loss:2.319898, acc: 45.90, bacc: 41.75, tmp_test_f1: 34.80, f1: 40.65
epoch: 779, val_loss:2.331188, acc: 45.90, bacc: 41.75, tmp_test_f1: 34.81, f1: 40.65
epoch: 780, val_loss:2.341431, acc: 45.90, bacc: 41.75, tmp_test_f1: 34.80, f1: 40.65
epoch: 781, val_loss:2.350968, acc: 45.90, bacc: 41.75, tmp_test_f1: 35.00, f1: 40.65
epoch: 782, val_loss:2.361201, acc: 45.90, bacc: 41.75, tmp_test_f1: 34.76, f1: 40.65
epoch: 783, val_loss:2.362562, acc: 45.90, bacc: 41.75, tmp_test_f1: 34.76, f1: 40.65
epoch: 784, val_loss:2.359682, acc: 45.90, bacc: 41.75, tmp_test_f1: 34.70, f1: 40.65
epoch: 785, val_loss:2.354599, acc: 45.90, bacc: 41.75, tmp_test_f1: 34.17, f1: 40.65
epoch: 786, val_loss:2.344368, acc: 45.90, bacc: 41.75, tmp_test_f1: 34.30, f1: 40.65
epoch: 787, val_loss:2.333848, acc: 45.90, bacc: 41.75, tmp_test_f1: 34.53, f1: 40.65
epoch: 788, val_loss:2.321654, acc: 45.90, bacc: 41.75, tmp_test_f1: 34.75, f1: 40.65
epoch: 789, val_loss:2.309145, acc: 45.90, bacc: 41.75, tmp_test_f1: 34.81, f1: 40.65
epoch: 790, val_loss:2.303787, acc: 45.90, bacc: 41.75, tmp_test_f1: 34.97, f1: 40.65
epoch: 791, val_loss:2.300703, acc: 45.90, bacc: 41.75, tmp_test_f1: 34.74, f1: 40.65
epoch: 792, val_loss:2.308284, acc: 45.90, bacc: 41.75, tmp_test_f1: 34.42, f1: 40.65
epoch: 793, val_loss:2.313883, acc: 45.90, bacc: 41.75, tmp_test_f1: 34.42, f1: 40.65
epoch: 794, val_loss:2.314180, acc: 45.90, bacc: 41.75, tmp_test_f1: 34.43, f1: 40.65
epoch: 795, val_loss:2.316811, acc: 45.90, bacc: 41.75, tmp_test_f1: 34.52, f1: 40.65
epoch: 796, val_loss:2.321802, acc: 45.90, bacc: 41.75, tmp_test_f1: 34.62, f1: 40.65
epoch: 797, val_loss:2.323925, acc: 45.90, bacc: 41.75, tmp_test_f1: 34.85, f1: 40.65
epoch: 798, val_loss:2.300058, acc: 45.90, bacc: 41.75, tmp_test_f1: 35.02, f1: 40.65
epoch: 799, val_loss:2.270242, acc: 45.90, bacc: 41.75, tmp_test_f1: 35.20, f1: 40.65
epoch: 800, val_loss:2.246020, acc: 45.90, bacc: 41.75, tmp_test_f1: 35.26, f1: 40.65
epoch: 801, val_loss:2.222885, acc: 45.90, bacc: 41.75, tmp_test_f1: 35.28, f1: 40.65
epoch: 802, val_loss:2.209860, acc: 45.90, bacc: 41.75, tmp_test_f1: 35.27, f1: 40.65
epoch: 803, val_loss:2.202070, acc: 45.90, bacc: 41.75, tmp_test_f1: 35.33, f1: 40.65
epoch: 804, val_loss:2.201832, acc: 45.90, bacc: 41.75, tmp_test_f1: 34.94, f1: 40.65
epoch: 805, val_loss:2.213753, acc: 45.90, bacc: 41.75, tmp_test_f1: 35.08, f1: 40.65
epoch: 806, val_loss:2.226549, acc: 45.90, bacc: 41.75, tmp_test_f1: 34.92, f1: 40.65
epoch: 807, val_loss:2.239652, acc: 45.90, bacc: 41.75, tmp_test_f1: 34.85, f1: 40.65
epoch: 808, val_loss:2.261025, acc: 45.90, bacc: 41.75, tmp_test_f1: 34.76, f1: 40.65
epoch: 809, val_loss:2.281318, acc: 45.90, bacc: 41.75, tmp_test_f1: 34.68, f1: 40.65
epoch: 810, val_loss:2.297191, acc: 45.90, bacc: 41.75, tmp_test_f1: 34.45, f1: 40.65
epoch: 811, val_loss:2.312058, acc: 45.90, bacc: 41.75, tmp_test_f1: 34.47, f1: 40.65
epoch: 812, val_loss:2.322649, acc: 45.90, bacc: 41.75, tmp_test_f1: 34.43, f1: 40.65
epoch: 813, val_loss:2.333737, acc: 45.90, bacc: 41.75, tmp_test_f1: 34.28, f1: 40.65
epoch: 814, val_loss:2.340602, acc: 45.90, bacc: 41.75, tmp_test_f1: 34.23, f1: 40.65
epoch: 815, val_loss:2.344206, acc: 45.90, bacc: 41.75, tmp_test_f1: 33.99, f1: 40.65
epoch: 816, val_loss:2.348085, acc: 45.90, bacc: 41.75, tmp_test_f1: 34.23, f1: 40.65
epoch: 817, val_loss:2.357865, acc: 45.90, bacc: 41.75, tmp_test_f1: 34.47, f1: 40.65
epoch: 818, val_loss:2.366688, acc: 45.90, bacc: 41.75, tmp_test_f1: 34.36, f1: 40.65
epoch: 819, val_loss:2.374179, acc: 45.90, bacc: 41.75, tmp_test_f1: 34.16, f1: 40.65
epoch: 820, val_loss:2.376139, acc: 45.90, bacc: 41.75, tmp_test_f1: 34.65, f1: 40.65
epoch: 821, val_loss:2.360168, acc: 45.90, bacc: 41.75, tmp_test_f1: 34.50, f1: 40.65
epoch: 822, val_loss:2.356584, acc: 45.90, bacc: 41.75, tmp_test_f1: 34.51, f1: 40.65
epoch: 823, val_loss:2.344909, acc: 45.90, bacc: 41.75, tmp_test_f1: 34.44, f1: 40.65
epoch: 824, val_loss:2.337590, acc: 45.90, bacc: 41.75, tmp_test_f1: 34.53, f1: 40.65
epoch: 825, val_loss:2.325880, acc: 45.90, bacc: 41.75, tmp_test_f1: 34.55, f1: 40.65
epoch: 826, val_loss:2.312572, acc: 45.90, bacc: 41.75, tmp_test_f1: 34.91, f1: 40.65
epoch: 827, val_loss:2.295251, acc: 45.90, bacc: 41.75, tmp_test_f1: 34.81, f1: 40.65
Epoch 00828: reducing learning rate of group 0 to 6.2500e-03.
Epoch 00828: reducing learning rate of group 1 to 6.2500e-03.
epoch: 828, val_loss:2.272178, acc: 45.90, bacc: 41.75, tmp_test_f1: 34.75, f1: 40.65
epoch: 829, val_loss:2.250866, acc: 45.90, bacc: 41.75, tmp_test_f1: 34.77, f1: 40.65
epoch: 830, val_loss:2.243055, acc: 45.90, bacc: 41.75, tmp_test_f1: 34.83, f1: 40.65
epoch: 831, val_loss:2.239951, acc: 45.90, bacc: 41.75, tmp_test_f1: 34.87, f1: 40.65
epoch: 832, val_loss:2.238527, acc: 45.90, bacc: 41.75, tmp_test_f1: 34.97, f1: 40.65
epoch: 833, val_loss:2.239312, acc: 45.90, bacc: 41.75, tmp_test_f1: 34.91, f1: 40.65
epoch: 834, val_loss:2.240147, acc: 45.90, bacc: 41.75, tmp_test_f1: 34.61, f1: 40.65
epoch: 835, val_loss:2.241919, acc: 45.90, bacc: 41.75, tmp_test_f1: 34.61, f1: 40.65
epoch: 836, val_loss:2.243239, acc: 45.90, bacc: 41.75, tmp_test_f1: 34.65, f1: 40.65
epoch: 837, val_loss:2.243558, acc: 45.90, bacc: 41.75, tmp_test_f1: 34.63, f1: 40.65
epoch: 838, val_loss:2.245924, acc: 45.90, bacc: 41.75, tmp_test_f1: 34.62, f1: 40.65
epoch: 839, val_loss:2.249656, acc: 45.90, bacc: 41.75, tmp_test_f1: 34.61, f1: 40.65
epoch: 840, val_loss:2.255967, acc: 45.90, bacc: 41.75, tmp_test_f1: 34.54, f1: 40.65
epoch: 841, val_loss:2.264283, acc: 45.90, bacc: 41.75, tmp_test_f1: 34.43, f1: 40.65
epoch: 842, val_loss:2.272608, acc: 45.90, bacc: 41.75, tmp_test_f1: 34.76, f1: 40.65
epoch: 843, val_loss:2.279387, acc: 45.90, bacc: 41.75, tmp_test_f1: 34.80, f1: 40.65
epoch: 844, val_loss:2.287266, acc: 45.90, bacc: 41.75, tmp_test_f1: 34.80, f1: 40.65
epoch: 845, val_loss:2.295867, acc: 45.90, bacc: 41.75, tmp_test_f1: 34.76, f1: 40.65
epoch: 846, val_loss:2.305132, acc: 45.90, bacc: 41.75, tmp_test_f1: 34.75, f1: 40.65
epoch: 847, val_loss:2.311926, acc: 45.90, bacc: 41.75, tmp_test_f1: 34.79, f1: 40.65
epoch: 848, val_loss:2.319820, acc: 45.90, bacc: 41.75, tmp_test_f1: 34.79, f1: 40.65
epoch: 849, val_loss:2.322747, acc: 45.90, bacc: 41.75, tmp_test_f1: 34.79, f1: 40.65
epoch: 850, val_loss:2.321463, acc: 45.90, bacc: 41.75, tmp_test_f1: 34.77, f1: 40.65
epoch: 851, val_loss:2.314879, acc: 45.90, bacc: 41.75, tmp_test_f1: 34.77, f1: 40.65
epoch: 852, val_loss:2.309653, acc: 45.90, bacc: 41.75, tmp_test_f1: 35.05, f1: 40.65
epoch: 853, val_loss:2.305679, acc: 45.90, bacc: 41.75, tmp_test_f1: 35.05, f1: 40.65
epoch: 854, val_loss:2.308373, acc: 45.90, bacc: 41.75, tmp_test_f1: 35.10, f1: 40.65
epoch: 855, val_loss:2.309995, acc: 45.90, bacc: 41.75, tmp_test_f1: 35.15, f1: 40.65
epoch: 856, val_loss:2.311528, acc: 45.90, bacc: 41.75, tmp_test_f1: 35.16, f1: 40.65
epoch: 857, val_loss:2.311117, acc: 45.90, bacc: 41.75, tmp_test_f1: 35.39, f1: 40.65
epoch: 858, val_loss:2.308271, acc: 45.90, bacc: 41.75, tmp_test_f1: 35.39, f1: 40.65
epoch: 859, val_loss:2.308096, acc: 45.90, bacc: 41.75, tmp_test_f1: 35.42, f1: 40.65
epoch: 860, val_loss:2.307110, acc: 45.90, bacc: 41.75, tmp_test_f1: 35.52, f1: 40.65
epoch: 861, val_loss:2.303202, acc: 45.90, bacc: 41.75, tmp_test_f1: 35.60, f1: 40.65
epoch: 862, val_loss:2.300538, acc: 45.90, bacc: 41.75, tmp_test_f1: 35.60, f1: 40.65
epoch: 863, val_loss:2.297331, acc: 45.90, bacc: 41.75, tmp_test_f1: 35.61, f1: 40.65
epoch: 864, val_loss:2.294638, acc: 45.90, bacc: 41.75, tmp_test_f1: 35.62, f1: 40.65
epoch: 865, val_loss:2.294743, acc: 45.90, bacc: 41.75, tmp_test_f1: 35.61, f1: 40.65
epoch: 866, val_loss:2.295925, acc: 45.90, bacc: 41.75, tmp_test_f1: 35.53, f1: 40.65
epoch: 867, val_loss:2.296358, acc: 45.90, bacc: 41.75, tmp_test_f1: 35.53, f1: 40.65
epoch: 868, val_loss:2.296647, acc: 45.90, bacc: 41.75, tmp_test_f1: 35.40, f1: 40.65
epoch: 869, val_loss:2.297383, acc: 45.90, bacc: 41.75, tmp_test_f1: 35.41, f1: 40.65
epoch: 870, val_loss:2.299176, acc: 45.90, bacc: 41.75, tmp_test_f1: 35.39, f1: 40.65
epoch: 871, val_loss:2.303622, acc: 45.90, bacc: 41.75, tmp_test_f1: 35.39, f1: 40.65
epoch: 872, val_loss:2.307759, acc: 45.90, bacc: 41.75, tmp_test_f1: 35.39, f1: 40.65
epoch: 873, val_loss:2.312857, acc: 45.90, bacc: 41.75, tmp_test_f1: 35.39, f1: 40.65
epoch: 874, val_loss:2.314083, acc: 45.90, bacc: 41.75, tmp_test_f1: 35.32, f1: 40.65
epoch: 875, val_loss:2.315104, acc: 45.90, bacc: 41.75, tmp_test_f1: 35.07, f1: 40.65
epoch: 876, val_loss:2.320891, acc: 45.90, bacc: 41.75, tmp_test_f1: 35.10, f1: 40.65
epoch: 877, val_loss:2.325265, acc: 45.90, bacc: 41.75, tmp_test_f1: 35.01, f1: 40.65
epoch: 878, val_loss:2.332317, acc: 45.90, bacc: 41.75, tmp_test_f1: 34.99, f1: 40.65
epoch: 879, val_loss:2.342055, acc: 45.90, bacc: 41.75, tmp_test_f1: 35.05, f1: 40.65
epoch: 880, val_loss:2.341493, acc: 45.90, bacc: 41.75, tmp_test_f1: 35.13, f1: 40.65
epoch: 881, val_loss:2.337341, acc: 45.90, bacc: 41.75, tmp_test_f1: 35.19, f1: 40.65
GAT dgl/coraTrue 100 Aug -1 EndEpoch 881 lr 0.1
SHAsplit  0, acc: 45.90, bacc: 41.75, f1: 40.65
