cuda is not available, using CPU.
Namespace(to_undirected=True, from_SHA=True, IsDirectedData=True, AugDirect=-1, net='GCN', GPUdevice=1, seed=100, undirect_dataset='CiteSeer', Direct_dataset='dgl/cora', imb_ratio=100, dropout=0.1, num_filter=2, layer=2, alpha=0.1, K=2, feat_dim=64, warmup=5, epoch=1500, lr=0.1, l2=0.0005, tau=2, max=False, no_mask=False, gdc='ppr', heads=8, log_root='../logs/', log_path='test', data_path='../dataset/data/tmp/')
  NumNodes: 2708
  NumEdges: 5278
  NumFeats: 1433
  NumClasses: 7
  NumTrainingSamples: 140
  NumValidationSamples: 500
  NumTestSamples: 1000
Done loading data from cached files.
dict_keys(['feat', 'label', 'test_mask', 'val_mask', 'train_mask'])
Converted to undirected data
test_f1 CountNotImproved reset to 0 in epoch 0
epoch:   0, val_loss:1.945827, acc: 13.00, bacc: 14.29, tmp_test_f1: 3.29, f1: 3.29
epoch:   1, val_loss:2.198025, acc: 13.00, bacc: 14.29, tmp_test_f1: 3.29, f1: 3.29
test_f1 CountNotImproved reset to 0 in epoch 2
epoch:   2, val_loss:3.180344, acc: 19.70, bacc: 24.95, tmp_test_f1: 14.20, f1: 14.20
epoch:   3, val_loss:3.566717, acc: 19.70, bacc: 24.95, tmp_test_f1: 13.05, f1: 14.20
test_f1 CountNotImproved reset to 0 in epoch 4
epoch:   4, val_loss:3.468894, acc: 23.10, bacc: 27.98, tmp_test_f1: 20.03, f1: 20.03
test_f1 CountNotImproved reset to 0 in epoch 5
epoch:   5, val_loss:3.126514, acc: 28.50, bacc: 33.97, tmp_test_f1: 22.50, f1: 22.50
test_f1 CountNotImproved reset to 0 in epoch 6
epoch:   6, val_loss:2.789282, acc: 38.00, bacc: 40.40, tmp_test_f1: 29.30, f1: 29.30
test_f1 CountNotImproved reset to 0 in epoch 7
epoch:   7, val_loss:2.236698, acc: 47.60, bacc: 44.75, tmp_test_f1: 35.71, f1: 35.71
epoch:   8, val_loss:1.831790, acc: 47.60, bacc: 44.75, tmp_test_f1: 27.54, f1: 35.71
epoch:   9, val_loss:1.729344, acc: 47.60, bacc: 44.75, tmp_test_f1: 25.15, f1: 35.71
epoch:  10, val_loss:1.777727, acc: 47.60, bacc: 44.75, tmp_test_f1: 18.41, f1: 35.71
epoch:  11, val_loss:1.844460, acc: 47.60, bacc: 44.75, tmp_test_f1: 15.65, f1: 35.71
epoch:  12, val_loss:1.894079, acc: 47.60, bacc: 44.75, tmp_test_f1: 15.74, f1: 35.71
epoch:  13, val_loss:1.948746, acc: 47.60, bacc: 44.75, tmp_test_f1: 13.88, f1: 35.71
epoch:  14, val_loss:1.995632, acc: 47.60, bacc: 44.75, tmp_test_f1: 11.34, f1: 35.71
epoch:  15, val_loss:2.027710, acc: 47.60, bacc: 44.75, tmp_test_f1: 10.73, f1: 35.71
epoch:  16, val_loss:2.031485, acc: 47.60, bacc: 44.75, tmp_test_f1: 10.79, f1: 35.71
epoch:  17, val_loss:2.008229, acc: 47.60, bacc: 44.75, tmp_test_f1: 13.24, f1: 35.71
epoch:  18, val_loss:1.966208, acc: 47.60, bacc: 44.75, tmp_test_f1: 19.89, f1: 35.71
epoch:  19, val_loss:1.923496, acc: 47.60, bacc: 44.75, tmp_test_f1: 23.72, f1: 35.71
epoch:  20, val_loss:1.878236, acc: 47.60, bacc: 44.75, tmp_test_f1: 25.79, f1: 35.71
epoch:  21, val_loss:1.834159, acc: 47.60, bacc: 44.75, tmp_test_f1: 26.85, f1: 35.71
epoch:  22, val_loss:1.762863, acc: 47.60, bacc: 44.75, tmp_test_f1: 25.61, f1: 35.71
epoch:  23, val_loss:1.713555, acc: 47.60, bacc: 44.75, tmp_test_f1: 23.10, f1: 35.71
epoch:  24, val_loss:1.708992, acc: 47.60, bacc: 44.75, tmp_test_f1: 22.39, f1: 35.71
epoch:  25, val_loss:1.761856, acc: 47.60, bacc: 44.75, tmp_test_f1: 22.18, f1: 35.71
epoch:  26, val_loss:1.822371, acc: 47.60, bacc: 44.75, tmp_test_f1: 22.35, f1: 35.71
epoch:  27, val_loss:1.871203, acc: 47.60, bacc: 44.75, tmp_test_f1: 21.93, f1: 35.71
epoch:  28, val_loss:1.860074, acc: 47.60, bacc: 44.75, tmp_test_f1: 21.92, f1: 35.71
epoch:  29, val_loss:1.780733, acc: 47.60, bacc: 44.75, tmp_test_f1: 22.94, f1: 35.71
epoch:  30, val_loss:1.702585, acc: 47.60, bacc: 44.75, tmp_test_f1: 27.97, f1: 35.71
epoch:  31, val_loss:1.624686, acc: 47.60, bacc: 44.75, tmp_test_f1: 31.70, f1: 35.71
epoch:  32, val_loss:1.664026, acc: 47.60, bacc: 44.75, tmp_test_f1: 30.77, f1: 35.71
epoch:  33, val_loss:1.707043, acc: 47.60, bacc: 44.75, tmp_test_f1: 32.84, f1: 35.71
epoch:  34, val_loss:1.624450, acc: 47.60, bacc: 44.75, tmp_test_f1: 31.21, f1: 35.71
epoch:  35, val_loss:1.567500, acc: 47.60, bacc: 44.75, tmp_test_f1: 29.45, f1: 35.71
epoch:  36, val_loss:1.616852, acc: 47.60, bacc: 44.75, tmp_test_f1: 27.97, f1: 35.71
epoch:  37, val_loss:1.685587, acc: 47.60, bacc: 44.75, tmp_test_f1: 26.63, f1: 35.71
epoch:  38, val_loss:1.758028, acc: 47.60, bacc: 44.75, tmp_test_f1: 27.82, f1: 35.71
epoch:  39, val_loss:1.816216, acc: 47.60, bacc: 44.75, tmp_test_f1: 32.29, f1: 35.71
epoch:  40, val_loss:1.659557, acc: 47.60, bacc: 44.75, tmp_test_f1: 34.13, f1: 35.71
epoch:  41, val_loss:1.561365, acc: 47.60, bacc: 44.75, tmp_test_f1: 34.85, f1: 35.71
epoch:  42, val_loss:1.543950, acc: 47.60, bacc: 44.75, tmp_test_f1: 32.55, f1: 35.71
epoch:  43, val_loss:1.644066, acc: 47.60, bacc: 44.75, tmp_test_f1: 32.16, f1: 35.71
epoch:  44, val_loss:1.704917, acc: 47.60, bacc: 44.75, tmp_test_f1: 30.35, f1: 35.71
epoch:  45, val_loss:1.715260, acc: 47.60, bacc: 44.75, tmp_test_f1: 28.52, f1: 35.71
epoch:  46, val_loss:1.774331, acc: 47.60, bacc: 44.75, tmp_test_f1: 25.46, f1: 35.71
epoch:  47, val_loss:1.771362, acc: 47.60, bacc: 44.75, tmp_test_f1: 24.89, f1: 35.71
epoch:  48, val_loss:1.725881, acc: 47.60, bacc: 44.75, tmp_test_f1: 27.06, f1: 35.71
epoch:  49, val_loss:1.683087, acc: 47.60, bacc: 44.75, tmp_test_f1: 31.97, f1: 35.71
epoch:  50, val_loss:1.683862, acc: 47.60, bacc: 44.75, tmp_test_f1: 33.27, f1: 35.71
epoch:  51, val_loss:1.686085, acc: 47.60, bacc: 44.75, tmp_test_f1: 32.36, f1: 35.71
epoch:  52, val_loss:1.673905, acc: 47.60, bacc: 44.75, tmp_test_f1: 29.91, f1: 35.71
epoch:  53, val_loss:1.679090, acc: 47.60, bacc: 44.75, tmp_test_f1: 28.66, f1: 35.71
epoch:  54, val_loss:1.735869, acc: 47.60, bacc: 44.75, tmp_test_f1: 28.83, f1: 35.71
epoch:  55, val_loss:1.801040, acc: 47.60, bacc: 44.75, tmp_test_f1: 29.29, f1: 35.71
epoch:  56, val_loss:1.865578, acc: 47.60, bacc: 44.75, tmp_test_f1: 28.74, f1: 35.71
epoch:  57, val_loss:1.795299, acc: 47.60, bacc: 44.75, tmp_test_f1: 29.64, f1: 35.71
epoch:  58, val_loss:1.697169, acc: 47.60, bacc: 44.75, tmp_test_f1: 33.74, f1: 35.71
epoch:  59, val_loss:1.629906, acc: 47.60, bacc: 44.75, tmp_test_f1: 32.75, f1: 35.71
epoch:  60, val_loss:1.692323, acc: 47.60, bacc: 44.75, tmp_test_f1: 29.07, f1: 35.71
epoch:  61, val_loss:1.682100, acc: 47.60, bacc: 44.75, tmp_test_f1: 31.24, f1: 35.71
epoch:  62, val_loss:1.628151, acc: 47.60, bacc: 44.75, tmp_test_f1: 33.52, f1: 35.71
epoch:  63, val_loss:1.636948, acc: 47.60, bacc: 44.75, tmp_test_f1: 32.81, f1: 35.71
epoch:  64, val_loss:1.714165, acc: 47.60, bacc: 44.75, tmp_test_f1: 29.87, f1: 35.71
epoch:  65, val_loss:1.895268, acc: 47.60, bacc: 44.75, tmp_test_f1: 27.85, f1: 35.71
epoch:  66, val_loss:1.966818, acc: 47.60, bacc: 44.75, tmp_test_f1: 26.46, f1: 35.71
epoch:  67, val_loss:1.944062, acc: 47.60, bacc: 44.75, tmp_test_f1: 28.33, f1: 35.71
epoch:  68, val_loss:1.782116, acc: 47.60, bacc: 44.75, tmp_test_f1: 26.80, f1: 35.71
epoch:  69, val_loss:1.750905, acc: 47.60, bacc: 44.75, tmp_test_f1: 28.32, f1: 35.71
epoch:  70, val_loss:1.750813, acc: 47.60, bacc: 44.75, tmp_test_f1: 29.67, f1: 35.71
epoch:  71, val_loss:1.882574, acc: 47.60, bacc: 44.75, tmp_test_f1: 28.23, f1: 35.71
epoch:  72, val_loss:2.070531, acc: 47.60, bacc: 44.75, tmp_test_f1: 27.92, f1: 35.71
epoch:  73, val_loss:1.945798, acc: 47.60, bacc: 44.75, tmp_test_f1: 27.60, f1: 35.71
epoch:  74, val_loss:1.785058, acc: 47.60, bacc: 44.75, tmp_test_f1: 28.58, f1: 35.71
epoch:  75, val_loss:1.671288, acc: 47.60, bacc: 44.75, tmp_test_f1: 31.50, f1: 35.71
epoch:  76, val_loss:1.675546, acc: 47.60, bacc: 44.75, tmp_test_f1: 32.76, f1: 35.71
epoch:  77, val_loss:1.832711, acc: 47.60, bacc: 44.75, tmp_test_f1: 32.58, f1: 35.71
epoch:  78, val_loss:2.051231, acc: 47.60, bacc: 44.75, tmp_test_f1: 31.78, f1: 35.71
epoch:  79, val_loss:2.067188, acc: 47.60, bacc: 44.75, tmp_test_f1: 32.69, f1: 35.71
epoch:  80, val_loss:1.946026, acc: 47.60, bacc: 44.75, tmp_test_f1: 33.88, f1: 35.71
epoch:  81, val_loss:1.724126, acc: 47.60, bacc: 44.75, tmp_test_f1: 32.22, f1: 35.71
epoch:  82, val_loss:1.599252, acc: 47.60, bacc: 44.75, tmp_test_f1: 30.83, f1: 35.71
epoch:  83, val_loss:1.655879, acc: 47.60, bacc: 44.75, tmp_test_f1: 32.51, f1: 35.71
epoch:  84, val_loss:1.908972, acc: 47.60, bacc: 44.75, tmp_test_f1: 30.92, f1: 35.71
epoch:  85, val_loss:2.219723, acc: 47.60, bacc: 44.75, tmp_test_f1: 30.87, f1: 35.71
epoch:  86, val_loss:2.237556, acc: 47.60, bacc: 44.75, tmp_test_f1: 31.34, f1: 35.71
epoch:  87, val_loss:1.954017, acc: 47.60, bacc: 44.75, tmp_test_f1: 34.47, f1: 35.71
test_f1 CountNotImproved reset to 0 in epoch 88
epoch:  88, val_loss:1.697517, acc: 43.60, bacc: 45.65, tmp_test_f1: 36.37, f1: 36.37
epoch:  89, val_loss:1.612708, acc: 43.60, bacc: 45.65, tmp_test_f1: 32.88, f1: 36.37
epoch:  90, val_loss:1.685340, acc: 43.60, bacc: 45.65, tmp_test_f1: 30.43, f1: 36.37
epoch:  91, val_loss:1.922302, acc: 43.60, bacc: 45.65, tmp_test_f1: 28.99, f1: 36.37
epoch:  92, val_loss:2.133492, acc: 43.60, bacc: 45.65, tmp_test_f1: 28.57, f1: 36.37
epoch:  93, val_loss:2.191711, acc: 43.60, bacc: 45.65, tmp_test_f1: 29.81, f1: 36.37
epoch:  94, val_loss:1.931736, acc: 43.60, bacc: 45.65, tmp_test_f1: 34.59, f1: 36.37
test_f1 CountNotImproved reset to 0 in epoch 95
epoch:  95, val_loss:1.708420, acc: 44.70, bacc: 45.15, tmp_test_f1: 38.56, f1: 38.56
epoch:  96, val_loss:1.638208, acc: 44.70, bacc: 45.15, tmp_test_f1: 36.13, f1: 38.56
epoch:  97, val_loss:1.782117, acc: 44.70, bacc: 45.15, tmp_test_f1: 31.02, f1: 38.56
epoch:  98, val_loss:1.999648, acc: 44.70, bacc: 45.15, tmp_test_f1: 27.57, f1: 38.56
epoch:  99, val_loss:2.115159, acc: 44.70, bacc: 45.15, tmp_test_f1: 29.21, f1: 38.56
epoch: 100, val_loss:1.894538, acc: 44.70, bacc: 45.15, tmp_test_f1: 33.56, f1: 38.56
epoch: 101, val_loss:1.720520, acc: 44.70, bacc: 45.15, tmp_test_f1: 35.08, f1: 38.56
epoch: 102, val_loss:1.702549, acc: 44.70, bacc: 45.15, tmp_test_f1: 31.94, f1: 38.56
epoch: 103, val_loss:1.807979, acc: 44.70, bacc: 45.15, tmp_test_f1: 29.56, f1: 38.56
epoch: 104, val_loss:1.922912, acc: 44.70, bacc: 45.15, tmp_test_f1: 27.61, f1: 38.56
epoch: 105, val_loss:2.098098, acc: 44.70, bacc: 45.15, tmp_test_f1: 28.34, f1: 38.56
epoch: 106, val_loss:2.125426, acc: 44.70, bacc: 45.15, tmp_test_f1: 31.78, f1: 38.56
epoch: 107, val_loss:1.968474, acc: 44.70, bacc: 45.15, tmp_test_f1: 33.67, f1: 38.56
epoch: 108, val_loss:1.821287, acc: 44.70, bacc: 45.15, tmp_test_f1: 36.73, f1: 38.56
epoch: 109, val_loss:1.667204, acc: 44.70, bacc: 45.15, tmp_test_f1: 36.15, f1: 38.56
epoch: 110, val_loss:1.687103, acc: 44.70, bacc: 45.15, tmp_test_f1: 32.16, f1: 38.56
epoch: 111, val_loss:1.959283, acc: 44.70, bacc: 45.15, tmp_test_f1: 30.61, f1: 38.56
epoch: 112, val_loss:2.162376, acc: 44.70, bacc: 45.15, tmp_test_f1: 31.09, f1: 38.56
epoch: 113, val_loss:2.122249, acc: 44.70, bacc: 45.15, tmp_test_f1: 33.32, f1: 38.56
epoch: 114, val_loss:1.835607, acc: 44.70, bacc: 45.15, tmp_test_f1: 34.43, f1: 38.56
epoch: 115, val_loss:1.654363, acc: 44.70, bacc: 45.15, tmp_test_f1: 28.41, f1: 38.56
epoch: 116, val_loss:1.773567, acc: 44.70, bacc: 45.15, tmp_test_f1: 26.44, f1: 38.56
epoch: 117, val_loss:1.992914, acc: 44.70, bacc: 45.15, tmp_test_f1: 27.44, f1: 38.56
epoch: 118, val_loss:2.347562, acc: 44.70, bacc: 45.15, tmp_test_f1: 26.98, f1: 38.56
epoch: 119, val_loss:2.706408, acc: 44.70, bacc: 45.15, tmp_test_f1: 28.23, f1: 38.56
epoch: 120, val_loss:2.605681, acc: 44.70, bacc: 45.15, tmp_test_f1: 34.10, f1: 38.56
test_f1 CountNotImproved reset to 0 in epoch 121
epoch: 121, val_loss:1.994527, acc: 49.10, bacc: 49.18, tmp_test_f1: 42.43, f1: 42.43
test_f1 CountNotImproved reset to 0 in epoch 122
epoch: 122, val_loss:1.567244, acc: 52.70, bacc: 50.62, tmp_test_f1: 45.08, f1: 45.08
epoch: 123, val_loss:1.475361, acc: 52.70, bacc: 50.62, tmp_test_f1: 40.02, f1: 45.08
epoch: 124, val_loss:1.625189, acc: 52.70, bacc: 50.62, tmp_test_f1: 31.12, f1: 45.08
epoch: 125, val_loss:1.999707, acc: 52.70, bacc: 50.62, tmp_test_f1: 28.24, f1: 45.08
epoch: 126, val_loss:2.243937, acc: 52.70, bacc: 50.62, tmp_test_f1: 28.50, f1: 45.08
epoch: 127, val_loss:2.198403, acc: 52.70, bacc: 50.62, tmp_test_f1: 30.74, f1: 45.08
epoch: 128, val_loss:2.076568, acc: 52.70, bacc: 50.62, tmp_test_f1: 32.59, f1: 45.08
epoch: 129, val_loss:2.037741, acc: 52.70, bacc: 50.62, tmp_test_f1: 37.65, f1: 45.08
epoch: 130, val_loss:1.921831, acc: 52.70, bacc: 50.62, tmp_test_f1: 40.35, f1: 45.08
epoch: 131, val_loss:1.823861, acc: 52.70, bacc: 50.62, tmp_test_f1: 37.68, f1: 45.08
epoch: 132, val_loss:1.930405, acc: 52.70, bacc: 50.62, tmp_test_f1: 35.12, f1: 45.08
epoch: 133, val_loss:1.963442, acc: 52.70, bacc: 50.62, tmp_test_f1: 28.97, f1: 45.08
epoch: 134, val_loss:1.979727, acc: 52.70, bacc: 50.62, tmp_test_f1: 26.75, f1: 45.08
epoch: 135, val_loss:2.065643, acc: 52.70, bacc: 50.62, tmp_test_f1: 25.74, f1: 45.08
epoch: 136, val_loss:2.129993, acc: 52.70, bacc: 50.62, tmp_test_f1: 28.65, f1: 45.08
epoch: 137, val_loss:2.047911, acc: 52.70, bacc: 50.62, tmp_test_f1: 31.15, f1: 45.08
epoch: 138, val_loss:2.079597, acc: 52.70, bacc: 50.62, tmp_test_f1: 32.56, f1: 45.08
epoch: 139, val_loss:2.028684, acc: 52.70, bacc: 50.62, tmp_test_f1: 34.40, f1: 45.08
epoch: 140, val_loss:1.807197, acc: 52.70, bacc: 50.62, tmp_test_f1: 36.09, f1: 45.08
epoch: 141, val_loss:1.641688, acc: 52.70, bacc: 50.62, tmp_test_f1: 38.29, f1: 45.08
epoch: 142, val_loss:1.508760, acc: 52.70, bacc: 50.62, tmp_test_f1: 35.92, f1: 45.08
epoch: 143, val_loss:1.638790, acc: 52.70, bacc: 50.62, tmp_test_f1: 29.74, f1: 45.08
epoch: 144, val_loss:2.024851, acc: 52.70, bacc: 50.62, tmp_test_f1: 26.68, f1: 45.08
epoch: 145, val_loss:2.590575, acc: 52.70, bacc: 50.62, tmp_test_f1: 26.66, f1: 45.08
epoch: 146, val_loss:2.749758, acc: 52.70, bacc: 50.62, tmp_test_f1: 28.73, f1: 45.08
epoch: 147, val_loss:2.400922, acc: 52.70, bacc: 50.62, tmp_test_f1: 34.29, f1: 45.08
epoch: 148, val_loss:1.881445, acc: 52.70, bacc: 50.62, tmp_test_f1: 38.79, f1: 45.08
epoch: 149, val_loss:1.576102, acc: 52.70, bacc: 50.62, tmp_test_f1: 38.42, f1: 45.08
epoch: 150, val_loss:1.520529, acc: 52.70, bacc: 50.62, tmp_test_f1: 35.40, f1: 45.08
epoch: 151, val_loss:1.641075, acc: 52.70, bacc: 50.62, tmp_test_f1: 31.95, f1: 45.08
epoch: 152, val_loss:2.005347, acc: 52.70, bacc: 50.62, tmp_test_f1: 31.27, f1: 45.08
epoch: 153, val_loss:2.359656, acc: 52.70, bacc: 50.62, tmp_test_f1: 30.33, f1: 45.08
epoch: 154, val_loss:2.542912, acc: 52.70, bacc: 50.62, tmp_test_f1: 30.23, f1: 45.08
epoch: 155, val_loss:2.431074, acc: 52.70, bacc: 50.62, tmp_test_f1: 30.88, f1: 45.08
epoch: 156, val_loss:2.160955, acc: 52.70, bacc: 50.62, tmp_test_f1: 32.32, f1: 45.08
epoch: 157, val_loss:1.850022, acc: 52.70, bacc: 50.62, tmp_test_f1: 36.18, f1: 45.08
epoch: 158, val_loss:1.710520, acc: 52.70, bacc: 50.62, tmp_test_f1: 37.96, f1: 45.08
epoch: 159, val_loss:1.668916, acc: 52.70, bacc: 50.62, tmp_test_f1: 34.74, f1: 45.08
epoch: 160, val_loss:1.866462, acc: 52.70, bacc: 50.62, tmp_test_f1: 31.31, f1: 45.08
epoch: 161, val_loss:2.126570, acc: 52.70, bacc: 50.62, tmp_test_f1: 30.28, f1: 45.08
epoch: 162, val_loss:2.366812, acc: 52.70, bacc: 50.62, tmp_test_f1: 29.50, f1: 45.08
epoch: 163, val_loss:2.375268, acc: 52.70, bacc: 50.62, tmp_test_f1: 28.49, f1: 45.08
epoch: 164, val_loss:2.256173, acc: 52.70, bacc: 50.62, tmp_test_f1: 28.68, f1: 45.08
epoch: 165, val_loss:1.961525, acc: 52.70, bacc: 50.62, tmp_test_f1: 30.11, f1: 45.08
epoch: 166, val_loss:1.783575, acc: 52.70, bacc: 50.62, tmp_test_f1: 34.02, f1: 45.08
epoch: 167, val_loss:1.843845, acc: 52.70, bacc: 50.62, tmp_test_f1: 34.13, f1: 45.08
epoch: 168, val_loss:2.061914, acc: 52.70, bacc: 50.62, tmp_test_f1: 32.32, f1: 45.08
epoch: 169, val_loss:2.123039, acc: 52.70, bacc: 50.62, tmp_test_f1: 33.76, f1: 45.08
epoch: 170, val_loss:2.052005, acc: 52.70, bacc: 50.62, tmp_test_f1: 37.34, f1: 45.08
epoch: 171, val_loss:1.780373, acc: 52.70, bacc: 50.62, tmp_test_f1: 38.01, f1: 45.08
epoch: 172, val_loss:1.619121, acc: 52.70, bacc: 50.62, tmp_test_f1: 36.42, f1: 45.08
epoch: 173, val_loss:1.613275, acc: 52.70, bacc: 50.62, tmp_test_f1: 31.37, f1: 45.08
epoch: 174, val_loss:1.897608, acc: 52.70, bacc: 50.62, tmp_test_f1: 30.82, f1: 45.08
epoch: 175, val_loss:2.283998, acc: 52.70, bacc: 50.62, tmp_test_f1: 29.72, f1: 45.08
epoch: 176, val_loss:2.529253, acc: 52.70, bacc: 50.62, tmp_test_f1: 29.78, f1: 45.08
epoch: 177, val_loss:2.694184, acc: 52.70, bacc: 50.62, tmp_test_f1: 29.93, f1: 45.08
epoch: 178, val_loss:2.523557, acc: 52.70, bacc: 50.62, tmp_test_f1: 32.12, f1: 45.08
epoch: 179, val_loss:2.192938, acc: 52.70, bacc: 50.62, tmp_test_f1: 38.67, f1: 45.08
epoch: 180, val_loss:1.758732, acc: 52.70, bacc: 50.62, tmp_test_f1: 44.30, f1: 45.08
epoch: 181, val_loss:1.498391, acc: 52.70, bacc: 50.62, tmp_test_f1: 43.69, f1: 45.08
epoch: 182, val_loss:1.588021, acc: 52.70, bacc: 50.62, tmp_test_f1: 35.09, f1: 45.08
epoch: 183, val_loss:2.051502, acc: 52.70, bacc: 50.62, tmp_test_f1: 29.48, f1: 45.08
epoch: 184, val_loss:2.577038, acc: 52.70, bacc: 50.62, tmp_test_f1: 26.02, f1: 45.08
epoch: 185, val_loss:2.849117, acc: 52.70, bacc: 50.62, tmp_test_f1: 26.12, f1: 45.08
epoch: 186, val_loss:2.726448, acc: 52.70, bacc: 50.62, tmp_test_f1: 28.13, f1: 45.08
epoch: 187, val_loss:2.308583, acc: 52.70, bacc: 50.62, tmp_test_f1: 32.99, f1: 45.08
epoch: 188, val_loss:1.864749, acc: 52.70, bacc: 50.62, tmp_test_f1: 39.04, f1: 45.08
epoch: 189, val_loss:1.725731, acc: 52.70, bacc: 50.62, tmp_test_f1: 38.97, f1: 45.08
epoch: 190, val_loss:1.800192, acc: 52.70, bacc: 50.62, tmp_test_f1: 35.76, f1: 45.08
epoch: 191, val_loss:2.137351, acc: 52.70, bacc: 50.62, tmp_test_f1: 30.76, f1: 45.08
epoch: 192, val_loss:2.454618, acc: 52.70, bacc: 50.62, tmp_test_f1: 28.00, f1: 45.08
epoch: 193, val_loss:2.631229, acc: 52.70, bacc: 50.62, tmp_test_f1: 26.79, f1: 45.08
epoch: 194, val_loss:2.567026, acc: 52.70, bacc: 50.62, tmp_test_f1: 28.04, f1: 45.08
epoch: 195, val_loss:2.385308, acc: 52.70, bacc: 50.62, tmp_test_f1: 32.91, f1: 45.08
epoch: 196, val_loss:2.124352, acc: 52.70, bacc: 50.62, tmp_test_f1: 38.37, f1: 45.08
epoch: 197, val_loss:1.947513, acc: 52.70, bacc: 50.62, tmp_test_f1: 39.75, f1: 45.08
epoch: 198, val_loss:1.842697, acc: 52.70, bacc: 50.62, tmp_test_f1: 39.91, f1: 45.08
epoch: 199, val_loss:1.737889, acc: 52.70, bacc: 50.62, tmp_test_f1: 38.29, f1: 45.08
epoch: 200, val_loss:1.752247, acc: 52.70, bacc: 50.62, tmp_test_f1: 35.35, f1: 45.08
epoch: 201, val_loss:1.830591, acc: 52.70, bacc: 50.62, tmp_test_f1: 32.11, f1: 45.08
epoch: 202, val_loss:2.033845, acc: 52.70, bacc: 50.62, tmp_test_f1: 31.76, f1: 45.08
epoch: 203, val_loss:2.159290, acc: 52.70, bacc: 50.62, tmp_test_f1: 30.84, f1: 45.08
epoch: 204, val_loss:2.400230, acc: 52.70, bacc: 50.62, tmp_test_f1: 30.68, f1: 45.08
epoch: 205, val_loss:2.505469, acc: 52.70, bacc: 50.62, tmp_test_f1: 32.69, f1: 45.08
epoch: 206, val_loss:2.403116, acc: 52.70, bacc: 50.62, tmp_test_f1: 35.77, f1: 45.08
epoch: 207, val_loss:2.068225, acc: 52.70, bacc: 50.62, tmp_test_f1: 38.68, f1: 45.08
epoch: 208, val_loss:1.826517, acc: 52.70, bacc: 50.62, tmp_test_f1: 40.96, f1: 45.08
epoch: 209, val_loss:1.687631, acc: 52.70, bacc: 50.62, tmp_test_f1: 35.08, f1: 45.08
epoch: 210, val_loss:1.908742, acc: 52.70, bacc: 50.62, tmp_test_f1: 29.75, f1: 45.08
epoch: 211, val_loss:2.221026, acc: 52.70, bacc: 50.62, tmp_test_f1: 29.59, f1: 45.08
epoch: 212, val_loss:2.391381, acc: 52.70, bacc: 50.62, tmp_test_f1: 31.22, f1: 45.08
epoch: 213, val_loss:2.244724, acc: 52.70, bacc: 50.62, tmp_test_f1: 32.35, f1: 45.08
epoch: 214, val_loss:2.145460, acc: 52.70, bacc: 50.62, tmp_test_f1: 31.95, f1: 45.08
epoch: 215, val_loss:1.995822, acc: 52.70, bacc: 50.62, tmp_test_f1: 31.84, f1: 45.08
epoch: 216, val_loss:2.065128, acc: 52.70, bacc: 50.62, tmp_test_f1: 31.00, f1: 45.08
epoch: 217, val_loss:2.160840, acc: 52.70, bacc: 50.62, tmp_test_f1: 32.97, f1: 45.08
epoch: 218, val_loss:2.161892, acc: 52.70, bacc: 50.62, tmp_test_f1: 34.28, f1: 45.08
epoch: 219, val_loss:2.090682, acc: 52.70, bacc: 50.62, tmp_test_f1: 30.06, f1: 45.08
epoch: 220, val_loss:2.154963, acc: 52.70, bacc: 50.62, tmp_test_f1: 27.57, f1: 45.08
epoch: 221, val_loss:2.290305, acc: 52.70, bacc: 50.62, tmp_test_f1: 27.77, f1: 45.08
epoch: 222, val_loss:2.217909, acc: 52.70, bacc: 50.62, tmp_test_f1: 30.71, f1: 45.08
epoch: 223, val_loss:2.080575, acc: 52.70, bacc: 50.62, tmp_test_f1: 34.18, f1: 45.08
epoch: 224, val_loss:1.970254, acc: 52.70, bacc: 50.62, tmp_test_f1: 36.55, f1: 45.08
epoch: 225, val_loss:1.931629, acc: 52.70, bacc: 50.62, tmp_test_f1: 35.17, f1: 45.08
epoch: 226, val_loss:2.121718, acc: 52.70, bacc: 50.62, tmp_test_f1: 33.38, f1: 45.08
epoch: 227, val_loss:2.378593, acc: 52.70, bacc: 50.62, tmp_test_f1: 30.60, f1: 45.08
epoch: 228, val_loss:2.487499, acc: 52.70, bacc: 50.62, tmp_test_f1: 29.22, f1: 45.08
epoch: 229, val_loss:2.324948, acc: 52.70, bacc: 50.62, tmp_test_f1: 32.51, f1: 45.08
epoch: 230, val_loss:1.927003, acc: 52.70, bacc: 50.62, tmp_test_f1: 39.75, f1: 45.08
epoch: 231, val_loss:1.703742, acc: 52.70, bacc: 50.62, tmp_test_f1: 41.27, f1: 45.08
epoch: 232, val_loss:1.801930, acc: 52.70, bacc: 50.62, tmp_test_f1: 39.06, f1: 45.08
epoch: 233, val_loss:1.978522, acc: 52.70, bacc: 50.62, tmp_test_f1: 34.11, f1: 45.08
epoch: 234, val_loss:2.112261, acc: 52.70, bacc: 50.62, tmp_test_f1: 31.18, f1: 45.08
epoch: 235, val_loss:2.308400, acc: 52.70, bacc: 50.62, tmp_test_f1: 30.13, f1: 45.08
epoch: 236, val_loss:2.079966, acc: 52.70, bacc: 50.62, tmp_test_f1: 34.36, f1: 45.08
epoch: 237, val_loss:1.790029, acc: 52.70, bacc: 50.62, tmp_test_f1: 35.66, f1: 45.08
epoch: 238, val_loss:1.802313, acc: 52.70, bacc: 50.62, tmp_test_f1: 33.03, f1: 45.08
epoch: 239, val_loss:2.170547, acc: 52.70, bacc: 50.62, tmp_test_f1: 31.27, f1: 45.08
epoch: 240, val_loss:2.583092, acc: 52.70, bacc: 50.62, tmp_test_f1: 29.97, f1: 45.08
epoch: 241, val_loss:2.759685, acc: 52.70, bacc: 50.62, tmp_test_f1: 31.33, f1: 45.08
epoch: 242, val_loss:2.472586, acc: 52.70, bacc: 50.62, tmp_test_f1: 32.06, f1: 45.08
epoch: 243, val_loss:2.298792, acc: 52.70, bacc: 50.62, tmp_test_f1: 33.69, f1: 45.08
epoch: 244, val_loss:2.069704, acc: 52.70, bacc: 50.62, tmp_test_f1: 36.12, f1: 45.08
epoch: 245, val_loss:1.838843, acc: 52.70, bacc: 50.62, tmp_test_f1: 39.77, f1: 45.08
epoch: 246, val_loss:1.679595, acc: 52.70, bacc: 50.62, tmp_test_f1: 35.62, f1: 45.08
epoch: 247, val_loss:1.924342, acc: 52.70, bacc: 50.62, tmp_test_f1: 32.01, f1: 45.08
epoch: 248, val_loss:2.200864, acc: 52.70, bacc: 50.62, tmp_test_f1: 31.85, f1: 45.08
epoch: 249, val_loss:2.212108, acc: 52.70, bacc: 50.62, tmp_test_f1: 32.14, f1: 45.08
epoch: 250, val_loss:2.059164, acc: 52.70, bacc: 50.62, tmp_test_f1: 30.72, f1: 45.08
epoch: 251, val_loss:2.147263, acc: 52.70, bacc: 50.62, tmp_test_f1: 30.19, f1: 45.08
epoch: 252, val_loss:2.172448, acc: 52.70, bacc: 50.62, tmp_test_f1: 32.04, f1: 45.08
epoch: 253, val_loss:2.138838, acc: 52.70, bacc: 50.62, tmp_test_f1: 32.44, f1: 45.08
epoch: 254, val_loss:2.267735, acc: 52.70, bacc: 50.62, tmp_test_f1: 32.43, f1: 45.08
epoch: 255, val_loss:2.402575, acc: 52.70, bacc: 50.62, tmp_test_f1: 31.43, f1: 45.08
epoch: 256, val_loss:2.400436, acc: 52.70, bacc: 50.62, tmp_test_f1: 31.45, f1: 45.08
epoch: 257, val_loss:2.256271, acc: 52.70, bacc: 50.62, tmp_test_f1: 33.00, f1: 45.08
epoch: 258, val_loss:2.042509, acc: 52.70, bacc: 50.62, tmp_test_f1: 31.31, f1: 45.08
epoch: 259, val_loss:1.934593, acc: 52.70, bacc: 50.62, tmp_test_f1: 27.65, f1: 45.08
epoch: 260, val_loss:2.170609, acc: 52.70, bacc: 50.62, tmp_test_f1: 28.25, f1: 45.08
epoch: 261, val_loss:2.359385, acc: 52.70, bacc: 50.62, tmp_test_f1: 28.98, f1: 45.08
epoch: 262, val_loss:2.742944, acc: 52.70, bacc: 50.62, tmp_test_f1: 29.74, f1: 45.08
epoch: 263, val_loss:2.854779, acc: 52.70, bacc: 50.62, tmp_test_f1: 29.97, f1: 45.08
epoch: 264, val_loss:2.936416, acc: 52.70, bacc: 50.62, tmp_test_f1: 30.82, f1: 45.08
epoch: 265, val_loss:2.778486, acc: 52.70, bacc: 50.62, tmp_test_f1: 31.21, f1: 45.08
epoch: 266, val_loss:2.520943, acc: 52.70, bacc: 50.62, tmp_test_f1: 29.76, f1: 45.08
epoch: 267, val_loss:2.262715, acc: 52.70, bacc: 50.62, tmp_test_f1: 29.82, f1: 45.08
epoch: 268, val_loss:2.335701, acc: 52.70, bacc: 50.62, tmp_test_f1: 34.74, f1: 45.08
epoch: 269, val_loss:2.112145, acc: 52.70, bacc: 50.62, tmp_test_f1: 38.85, f1: 45.08
epoch: 270, val_loss:1.938997, acc: 52.70, bacc: 50.62, tmp_test_f1: 38.64, f1: 45.08
epoch: 271, val_loss:2.045317, acc: 52.70, bacc: 50.62, tmp_test_f1: 37.40, f1: 45.08
epoch: 272, val_loss:2.155761, acc: 52.70, bacc: 50.62, tmp_test_f1: 33.99, f1: 45.08
epoch: 273, val_loss:2.193088, acc: 52.70, bacc: 50.62, tmp_test_f1: 31.67, f1: 45.08
epoch: 274, val_loss:2.295386, acc: 52.70, bacc: 50.62, tmp_test_f1: 30.46, f1: 45.08
epoch: 275, val_loss:2.422844, acc: 52.70, bacc: 50.62, tmp_test_f1: 31.37, f1: 45.08
epoch: 276, val_loss:2.225965, acc: 52.70, bacc: 50.62, tmp_test_f1: 34.87, f1: 45.08
epoch: 277, val_loss:2.098550, acc: 52.70, bacc: 50.62, tmp_test_f1: 36.14, f1: 45.08
epoch: 278, val_loss:2.186548, acc: 52.70, bacc: 50.62, tmp_test_f1: 34.97, f1: 45.08
epoch: 279, val_loss:2.576558, acc: 52.70, bacc: 50.62, tmp_test_f1: 32.60, f1: 45.08
epoch: 280, val_loss:2.985618, acc: 52.70, bacc: 50.62, tmp_test_f1: 34.59, f1: 45.08
epoch: 281, val_loss:2.720278, acc: 52.70, bacc: 50.62, tmp_test_f1: 36.22, f1: 45.08
epoch: 282, val_loss:2.004299, acc: 52.70, bacc: 50.62, tmp_test_f1: 35.86, f1: 45.08
epoch: 283, val_loss:1.637802, acc: 52.70, bacc: 50.62, tmp_test_f1: 35.42, f1: 45.08
epoch: 284, val_loss:1.666958, acc: 52.70, bacc: 50.62, tmp_test_f1: 34.27, f1: 45.08
epoch: 285, val_loss:1.970147, acc: 52.70, bacc: 50.62, tmp_test_f1: 33.02, f1: 45.08
epoch: 286, val_loss:2.544355, acc: 52.70, bacc: 50.62, tmp_test_f1: 29.15, f1: 45.08
epoch: 287, val_loss:3.275912, acc: 52.70, bacc: 50.62, tmp_test_f1: 29.42, f1: 45.08
epoch: 288, val_loss:3.142865, acc: 52.70, bacc: 50.62, tmp_test_f1: 34.89, f1: 45.08
epoch: 289, val_loss:2.044489, acc: 52.70, bacc: 50.62, tmp_test_f1: 32.57, f1: 45.08
epoch: 290, val_loss:1.750107, acc: 52.70, bacc: 50.62, tmp_test_f1: 32.08, f1: 45.08
epoch: 291, val_loss:1.831693, acc: 52.70, bacc: 50.62, tmp_test_f1: 33.37, f1: 45.08
epoch: 292, val_loss:2.063527, acc: 52.70, bacc: 50.62, tmp_test_f1: 32.85, f1: 45.08
epoch: 293, val_loss:2.331918, acc: 52.70, bacc: 50.62, tmp_test_f1: 32.29, f1: 45.08
epoch: 294, val_loss:2.610787, acc: 52.70, bacc: 50.62, tmp_test_f1: 34.29, f1: 45.08
epoch: 295, val_loss:2.347569, acc: 52.70, bacc: 50.62, tmp_test_f1: 34.30, f1: 45.08
epoch: 296, val_loss:2.004807, acc: 52.70, bacc: 50.62, tmp_test_f1: 32.33, f1: 45.08
epoch: 297, val_loss:2.005335, acc: 52.70, bacc: 50.62, tmp_test_f1: 30.02, f1: 45.08
epoch: 298, val_loss:2.259953, acc: 52.70, bacc: 50.62, tmp_test_f1: 31.34, f1: 45.08
epoch: 299, val_loss:2.668103, acc: 52.70, bacc: 50.62, tmp_test_f1: 32.75, f1: 45.08
epoch: 300, val_loss:2.824984, acc: 52.70, bacc: 50.62, tmp_test_f1: 35.17, f1: 45.08
epoch: 301, val_loss:2.423799, acc: 52.70, bacc: 50.62, tmp_test_f1: 38.62, f1: 45.08
epoch: 302, val_loss:2.089360, acc: 52.70, bacc: 50.62, tmp_test_f1: 41.63, f1: 45.08
epoch: 303, val_loss:1.944439, acc: 52.70, bacc: 50.62, tmp_test_f1: 39.15, f1: 45.08
epoch: 304, val_loss:1.920976, acc: 52.70, bacc: 50.62, tmp_test_f1: 34.49, f1: 45.08
epoch: 305, val_loss:2.090050, acc: 52.70, bacc: 50.62, tmp_test_f1: 29.80, f1: 45.08
epoch: 306, val_loss:2.323577, acc: 52.70, bacc: 50.62, tmp_test_f1: 28.66, f1: 45.08
epoch: 307, val_loss:2.483887, acc: 52.70, bacc: 50.62, tmp_test_f1: 30.34, f1: 45.08
epoch: 308, val_loss:2.384943, acc: 52.70, bacc: 50.62, tmp_test_f1: 28.58, f1: 45.08
epoch: 309, val_loss:2.287937, acc: 52.70, bacc: 50.62, tmp_test_f1: 25.99, f1: 45.08
epoch: 310, val_loss:2.388452, acc: 52.70, bacc: 50.62, tmp_test_f1: 24.31, f1: 45.08
epoch: 311, val_loss:2.584739, acc: 52.70, bacc: 50.62, tmp_test_f1: 27.12, f1: 45.08
epoch: 312, val_loss:2.652668, acc: 52.70, bacc: 50.62, tmp_test_f1: 28.56, f1: 45.08
epoch: 313, val_loss:2.551428, acc: 52.70, bacc: 50.62, tmp_test_f1: 28.18, f1: 45.08
epoch: 314, val_loss:2.345395, acc: 52.70, bacc: 50.62, tmp_test_f1: 29.88, f1: 45.08
epoch: 315, val_loss:2.269890, acc: 52.70, bacc: 50.62, tmp_test_f1: 29.22, f1: 45.08
epoch: 316, val_loss:2.304813, acc: 52.70, bacc: 50.62, tmp_test_f1: 28.07, f1: 45.08
epoch: 317, val_loss:2.451770, acc: 52.70, bacc: 50.62, tmp_test_f1: 30.76, f1: 45.08
epoch: 318, val_loss:2.351322, acc: 52.70, bacc: 50.62, tmp_test_f1: 32.37, f1: 45.08
epoch: 319, val_loss:2.245932, acc: 52.70, bacc: 50.62, tmp_test_f1: 36.79, f1: 45.08
epoch: 320, val_loss:2.050462, acc: 52.70, bacc: 50.62, tmp_test_f1: 39.98, f1: 45.08
epoch: 321, val_loss:2.001234, acc: 52.70, bacc: 50.62, tmp_test_f1: 34.12, f1: 45.08
epoch: 322, val_loss:2.395874, acc: 52.70, bacc: 50.62, tmp_test_f1: 28.59, f1: 45.08
epoch: 323, val_loss:3.252382, acc: 52.70, bacc: 50.62, tmp_test_f1: 25.30, f1: 45.08
Epoch 00324: reducing learning rate of group 0 to 5.0000e-02.
Epoch 00324: reducing learning rate of group 1 to 5.0000e-02.
epoch: 324, val_loss:4.051805, acc: 52.70, bacc: 50.62, tmp_test_f1: 24.58, f1: 45.08
epoch: 325, val_loss:4.061319, acc: 52.70, bacc: 50.62, tmp_test_f1: 25.05, f1: 45.08
epoch: 326, val_loss:3.624465, acc: 52.70, bacc: 50.62, tmp_test_f1: 26.81, f1: 45.08
epoch: 327, val_loss:2.925259, acc: 52.70, bacc: 50.62, tmp_test_f1: 29.66, f1: 45.08
epoch: 328, val_loss:2.187294, acc: 52.70, bacc: 50.62, tmp_test_f1: 36.92, f1: 45.08
epoch: 329, val_loss:1.795080, acc: 52.70, bacc: 50.62, tmp_test_f1: 41.06, f1: 45.08
epoch: 330, val_loss:1.603165, acc: 52.70, bacc: 50.62, tmp_test_f1: 43.93, f1: 45.08
epoch: 331, val_loss:1.539154, acc: 52.70, bacc: 50.62, tmp_test_f1: 43.80, f1: 45.08
epoch: 332, val_loss:1.575366, acc: 52.70, bacc: 50.62, tmp_test_f1: 40.34, f1: 45.08
epoch: 333, val_loss:1.731598, acc: 52.70, bacc: 50.62, tmp_test_f1: 35.73, f1: 45.08
epoch: 334, val_loss:1.991775, acc: 52.70, bacc: 50.62, tmp_test_f1: 32.75, f1: 45.08
epoch: 335, val_loss:2.257076, acc: 52.70, bacc: 50.62, tmp_test_f1: 29.85, f1: 45.08
epoch: 336, val_loss:2.445206, acc: 52.70, bacc: 50.62, tmp_test_f1: 28.52, f1: 45.08
epoch: 337, val_loss:2.468896, acc: 52.70, bacc: 50.62, tmp_test_f1: 28.66, f1: 45.08
epoch: 338, val_loss:2.290729, acc: 52.70, bacc: 50.62, tmp_test_f1: 30.76, f1: 45.08
epoch: 339, val_loss:2.058975, acc: 52.70, bacc: 50.62, tmp_test_f1: 33.44, f1: 45.08
epoch: 340, val_loss:1.925295, acc: 52.70, bacc: 50.62, tmp_test_f1: 34.78, f1: 45.08
epoch: 341, val_loss:1.887238, acc: 52.70, bacc: 50.62, tmp_test_f1: 38.33, f1: 45.08
epoch: 342, val_loss:1.872271, acc: 52.70, bacc: 50.62, tmp_test_f1: 39.16, f1: 45.08
epoch: 343, val_loss:1.939789, acc: 52.70, bacc: 50.62, tmp_test_f1: 38.00, f1: 45.08
epoch: 344, val_loss:2.092627, acc: 52.70, bacc: 50.62, tmp_test_f1: 36.27, f1: 45.08
epoch: 345, val_loss:2.272674, acc: 52.70, bacc: 50.62, tmp_test_f1: 33.11, f1: 45.08
epoch: 346, val_loss:2.472710, acc: 52.70, bacc: 50.62, tmp_test_f1: 31.52, f1: 45.08
epoch: 347, val_loss:2.609929, acc: 52.70, bacc: 50.62, tmp_test_f1: 31.31, f1: 45.08
epoch: 348, val_loss:2.600796, acc: 52.70, bacc: 50.62, tmp_test_f1: 30.56, f1: 45.08
epoch: 349, val_loss:2.588754, acc: 52.70, bacc: 50.62, tmp_test_f1: 30.27, f1: 45.08
epoch: 350, val_loss:2.573434, acc: 52.70, bacc: 50.62, tmp_test_f1: 30.36, f1: 45.08
epoch: 351, val_loss:2.528077, acc: 52.70, bacc: 50.62, tmp_test_f1: 30.66, f1: 45.08
epoch: 352, val_loss:2.420382, acc: 52.70, bacc: 50.62, tmp_test_f1: 31.04, f1: 45.08
epoch: 353, val_loss:2.367883, acc: 52.70, bacc: 50.62, tmp_test_f1: 31.76, f1: 45.08
epoch: 354, val_loss:2.287688, acc: 52.70, bacc: 50.62, tmp_test_f1: 32.27, f1: 45.08
epoch: 355, val_loss:2.264085, acc: 52.70, bacc: 50.62, tmp_test_f1: 32.49, f1: 45.08
epoch: 356, val_loss:2.240148, acc: 52.70, bacc: 50.62, tmp_test_f1: 33.01, f1: 45.08
epoch: 357, val_loss:2.235817, acc: 52.70, bacc: 50.62, tmp_test_f1: 34.05, f1: 45.08
epoch: 358, val_loss:2.198894, acc: 52.70, bacc: 50.62, tmp_test_f1: 35.00, f1: 45.08
epoch: 359, val_loss:2.150892, acc: 52.70, bacc: 50.62, tmp_test_f1: 36.01, f1: 45.08
epoch: 360, val_loss:2.073112, acc: 52.70, bacc: 50.62, tmp_test_f1: 36.72, f1: 45.08
epoch: 361, val_loss:2.072996, acc: 52.70, bacc: 50.62, tmp_test_f1: 36.73, f1: 45.08
epoch: 362, val_loss:2.136141, acc: 52.70, bacc: 50.62, tmp_test_f1: 34.59, f1: 45.08
epoch: 363, val_loss:2.241632, acc: 52.70, bacc: 50.62, tmp_test_f1: 32.72, f1: 45.08
epoch: 364, val_loss:2.321673, acc: 52.70, bacc: 50.62, tmp_test_f1: 31.42, f1: 45.08
epoch: 365, val_loss:2.353993, acc: 52.70, bacc: 50.62, tmp_test_f1: 31.08, f1: 45.08
epoch: 366, val_loss:2.334843, acc: 52.70, bacc: 50.62, tmp_test_f1: 30.60, f1: 45.08
epoch: 367, val_loss:2.327968, acc: 52.70, bacc: 50.62, tmp_test_f1: 31.22, f1: 45.08
epoch: 368, val_loss:2.278244, acc: 52.70, bacc: 50.62, tmp_test_f1: 32.05, f1: 45.08
epoch: 369, val_loss:2.192163, acc: 52.70, bacc: 50.62, tmp_test_f1: 32.84, f1: 45.08
epoch: 370, val_loss:2.276415, acc: 52.70, bacc: 50.62, tmp_test_f1: 33.08, f1: 45.08
epoch: 371, val_loss:2.364791, acc: 52.70, bacc: 50.62, tmp_test_f1: 32.45, f1: 45.08
epoch: 372, val_loss:2.459702, acc: 52.70, bacc: 50.62, tmp_test_f1: 32.50, f1: 45.08
epoch: 373, val_loss:2.412222, acc: 52.70, bacc: 50.62, tmp_test_f1: 32.48, f1: 45.08
epoch: 374, val_loss:2.384702, acc: 52.70, bacc: 50.62, tmp_test_f1: 31.35, f1: 45.08
epoch: 375, val_loss:2.303449, acc: 52.70, bacc: 50.62, tmp_test_f1: 31.23, f1: 45.08
epoch: 376, val_loss:2.242431, acc: 52.70, bacc: 50.62, tmp_test_f1: 30.68, f1: 45.08
epoch: 377, val_loss:2.236401, acc: 52.70, bacc: 50.62, tmp_test_f1: 30.70, f1: 45.08
epoch: 378, val_loss:2.200306, acc: 52.70, bacc: 50.62, tmp_test_f1: 30.98, f1: 45.08
epoch: 379, val_loss:2.157178, acc: 52.70, bacc: 50.62, tmp_test_f1: 31.81, f1: 45.08
epoch: 380, val_loss:2.031334, acc: 52.70, bacc: 50.62, tmp_test_f1: 32.14, f1: 45.08
epoch: 381, val_loss:1.987203, acc: 52.70, bacc: 50.62, tmp_test_f1: 32.51, f1: 45.08
epoch: 382, val_loss:2.007049, acc: 52.70, bacc: 50.62, tmp_test_f1: 32.49, f1: 45.08
epoch: 383, val_loss:2.148119, acc: 52.70, bacc: 50.62, tmp_test_f1: 31.79, f1: 45.08
epoch: 384, val_loss:2.337017, acc: 52.70, bacc: 50.62, tmp_test_f1: 31.06, f1: 45.08
epoch: 385, val_loss:2.393060, acc: 52.70, bacc: 50.62, tmp_test_f1: 31.51, f1: 45.08
epoch: 386, val_loss:2.359516, acc: 52.70, bacc: 50.62, tmp_test_f1: 31.80, f1: 45.08
epoch: 387, val_loss:2.331145, acc: 52.70, bacc: 50.62, tmp_test_f1: 32.05, f1: 45.08
epoch: 388, val_loss:2.241093, acc: 52.70, bacc: 50.62, tmp_test_f1: 32.24, f1: 45.08
epoch: 389, val_loss:2.142190, acc: 52.70, bacc: 50.62, tmp_test_f1: 33.57, f1: 45.08
epoch: 390, val_loss:2.007402, acc: 52.70, bacc: 50.62, tmp_test_f1: 34.41, f1: 45.08
epoch: 391, val_loss:1.959269, acc: 52.70, bacc: 50.62, tmp_test_f1: 34.64, f1: 45.08
epoch: 392, val_loss:2.022379, acc: 52.70, bacc: 50.62, tmp_test_f1: 34.07, f1: 45.08
epoch: 393, val_loss:2.166687, acc: 52.70, bacc: 50.62, tmp_test_f1: 33.01, f1: 45.08
epoch: 394, val_loss:2.408355, acc: 52.70, bacc: 50.62, tmp_test_f1: 31.46, f1: 45.08
epoch: 395, val_loss:2.616733, acc: 52.70, bacc: 50.62, tmp_test_f1: 31.60, f1: 45.08
epoch: 396, val_loss:2.634238, acc: 52.70, bacc: 50.62, tmp_test_f1: 32.48, f1: 45.08
epoch: 397, val_loss:2.350562, acc: 52.70, bacc: 50.62, tmp_test_f1: 33.94, f1: 45.08
epoch: 398, val_loss:2.180867, acc: 52.70, bacc: 50.62, tmp_test_f1: 36.11, f1: 45.08
epoch: 399, val_loss:1.995168, acc: 52.70, bacc: 50.62, tmp_test_f1: 36.91, f1: 45.08
epoch: 400, val_loss:1.896034, acc: 52.70, bacc: 50.62, tmp_test_f1: 37.19, f1: 45.08
epoch: 401, val_loss:1.840316, acc: 52.70, bacc: 50.62, tmp_test_f1: 36.65, f1: 45.08
epoch: 402, val_loss:1.879503, acc: 52.70, bacc: 50.62, tmp_test_f1: 35.79, f1: 45.08
epoch: 403, val_loss:1.937596, acc: 52.70, bacc: 50.62, tmp_test_f1: 34.81, f1: 45.08
epoch: 404, val_loss:2.107361, acc: 52.70, bacc: 50.62, tmp_test_f1: 33.17, f1: 45.08
epoch: 405, val_loss:2.335094, acc: 52.70, bacc: 50.62, tmp_test_f1: 32.75, f1: 45.08
epoch: 406, val_loss:2.606006, acc: 52.70, bacc: 50.62, tmp_test_f1: 30.95, f1: 45.08
epoch: 407, val_loss:2.760241, acc: 52.70, bacc: 50.62, tmp_test_f1: 29.50, f1: 45.08
epoch: 408, val_loss:2.816082, acc: 52.70, bacc: 50.62, tmp_test_f1: 29.84, f1: 45.08
epoch: 409, val_loss:2.572375, acc: 52.70, bacc: 50.62, tmp_test_f1: 30.73, f1: 45.08
epoch: 410, val_loss:2.242203, acc: 52.70, bacc: 50.62, tmp_test_f1: 33.28, f1: 45.08
epoch: 411, val_loss:1.967853, acc: 52.70, bacc: 50.62, tmp_test_f1: 34.10, f1: 45.08
epoch: 412, val_loss:1.946954, acc: 52.70, bacc: 50.62, tmp_test_f1: 34.94, f1: 45.08
epoch: 413, val_loss:1.987607, acc: 52.70, bacc: 50.62, tmp_test_f1: 34.44, f1: 45.08
epoch: 414, val_loss:2.130340, acc: 52.70, bacc: 50.62, tmp_test_f1: 33.85, f1: 45.08
epoch: 415, val_loss:2.301654, acc: 52.70, bacc: 50.62, tmp_test_f1: 32.63, f1: 45.08
epoch: 416, val_loss:2.526600, acc: 52.70, bacc: 50.62, tmp_test_f1: 31.37, f1: 45.08
epoch: 417, val_loss:2.707316, acc: 52.70, bacc: 50.62, tmp_test_f1: 30.06, f1: 45.08
epoch: 418, val_loss:2.783424, acc: 52.70, bacc: 50.62, tmp_test_f1: 30.49, f1: 45.08
epoch: 419, val_loss:2.588065, acc: 52.70, bacc: 50.62, tmp_test_f1: 30.44, f1: 45.08
epoch: 420, val_loss:2.316596, acc: 52.70, bacc: 50.62, tmp_test_f1: 30.94, f1: 45.08
epoch: 421, val_loss:2.140287, acc: 52.70, bacc: 50.62, tmp_test_f1: 31.87, f1: 45.08
epoch: 422, val_loss:2.009078, acc: 52.70, bacc: 50.62, tmp_test_f1: 31.43, f1: 45.08
epoch: 423, val_loss:1.993989, acc: 52.70, bacc: 50.62, tmp_test_f1: 31.07, f1: 45.08
epoch: 424, val_loss:2.160331, acc: 52.70, bacc: 50.62, tmp_test_f1: 31.32, f1: 45.08
epoch: 425, val_loss:2.500106, acc: 52.70, bacc: 50.62, tmp_test_f1: 30.67, f1: 45.08
epoch: 426, val_loss:2.837631, acc: 52.70, bacc: 50.62, tmp_test_f1: 29.25, f1: 45.08
epoch: 427, val_loss:3.016821, acc: 52.70, bacc: 50.62, tmp_test_f1: 29.54, f1: 45.08
epoch: 428, val_loss:2.998218, acc: 52.70, bacc: 50.62, tmp_test_f1: 29.10, f1: 45.08
epoch: 429, val_loss:2.830785, acc: 52.70, bacc: 50.62, tmp_test_f1: 29.00, f1: 45.08
epoch: 430, val_loss:2.492341, acc: 52.70, bacc: 50.62, tmp_test_f1: 31.87, f1: 45.08
epoch: 431, val_loss:2.190043, acc: 52.70, bacc: 50.62, tmp_test_f1: 34.54, f1: 45.08
epoch: 432, val_loss:1.967099, acc: 52.70, bacc: 50.62, tmp_test_f1: 37.50, f1: 45.08
epoch: 433, val_loss:1.911118, acc: 52.70, bacc: 50.62, tmp_test_f1: 38.36, f1: 45.08
epoch: 434, val_loss:1.997743, acc: 52.70, bacc: 50.62, tmp_test_f1: 36.10, f1: 45.08
epoch: 435, val_loss:2.176947, acc: 52.70, bacc: 50.62, tmp_test_f1: 33.88, f1: 45.08
epoch: 436, val_loss:2.430254, acc: 52.70, bacc: 50.62, tmp_test_f1: 31.04, f1: 45.08
epoch: 437, val_loss:2.630940, acc: 52.70, bacc: 50.62, tmp_test_f1: 32.27, f1: 45.08
epoch: 438, val_loss:2.607466, acc: 52.70, bacc: 50.62, tmp_test_f1: 34.93, f1: 45.08
epoch: 439, val_loss:2.234394, acc: 52.70, bacc: 50.62, tmp_test_f1: 36.98, f1: 45.08
epoch: 440, val_loss:1.954682, acc: 52.70, bacc: 50.62, tmp_test_f1: 37.98, f1: 45.08
epoch: 441, val_loss:1.847824, acc: 52.70, bacc: 50.62, tmp_test_f1: 37.37, f1: 45.08
epoch: 442, val_loss:1.841303, acc: 52.70, bacc: 50.62, tmp_test_f1: 36.28, f1: 45.08
epoch: 443, val_loss:1.880826, acc: 52.70, bacc: 50.62, tmp_test_f1: 34.35, f1: 45.08
epoch: 444, val_loss:2.003655, acc: 52.70, bacc: 50.62, tmp_test_f1: 34.59, f1: 45.08
epoch: 445, val_loss:2.112256, acc: 52.70, bacc: 50.62, tmp_test_f1: 33.31, f1: 45.08
epoch: 446, val_loss:2.330192, acc: 52.70, bacc: 50.62, tmp_test_f1: 33.04, f1: 45.08
epoch: 447, val_loss:2.460274, acc: 52.70, bacc: 50.62, tmp_test_f1: 33.10, f1: 45.08
epoch: 448, val_loss:2.554637, acc: 52.70, bacc: 50.62, tmp_test_f1: 32.83, f1: 45.08
epoch: 449, val_loss:2.560971, acc: 52.70, bacc: 50.62, tmp_test_f1: 32.76, f1: 45.08
epoch: 450, val_loss:2.471634, acc: 52.70, bacc: 50.62, tmp_test_f1: 32.72, f1: 45.08
epoch: 451, val_loss:2.355057, acc: 52.70, bacc: 50.62, tmp_test_f1: 33.82, f1: 45.08
epoch: 452, val_loss:2.249181, acc: 52.70, bacc: 50.62, tmp_test_f1: 35.13, f1: 45.08
epoch: 453, val_loss:2.191159, acc: 52.70, bacc: 50.62, tmp_test_f1: 36.37, f1: 45.08
epoch: 454, val_loss:2.204943, acc: 52.70, bacc: 50.62, tmp_test_f1: 36.57, f1: 45.08
epoch: 455, val_loss:2.258625, acc: 52.70, bacc: 50.62, tmp_test_f1: 36.14, f1: 45.08
epoch: 456, val_loss:2.383322, acc: 52.70, bacc: 50.62, tmp_test_f1: 33.73, f1: 45.08
epoch: 457, val_loss:2.552043, acc: 52.70, bacc: 50.62, tmp_test_f1: 31.07, f1: 45.08
epoch: 458, val_loss:2.663574, acc: 52.70, bacc: 50.62, tmp_test_f1: 29.72, f1: 45.08
epoch: 459, val_loss:2.762311, acc: 52.70, bacc: 50.62, tmp_test_f1: 29.62, f1: 45.08
epoch: 460, val_loss:2.716735, acc: 52.70, bacc: 50.62, tmp_test_f1: 31.27, f1: 45.08
epoch: 461, val_loss:2.478222, acc: 52.70, bacc: 50.62, tmp_test_f1: 32.88, f1: 45.08
epoch: 462, val_loss:2.180078, acc: 52.70, bacc: 50.62, tmp_test_f1: 34.67, f1: 45.08
epoch: 463, val_loss:1.983076, acc: 52.70, bacc: 50.62, tmp_test_f1: 36.39, f1: 45.08
epoch: 464, val_loss:1.854254, acc: 52.70, bacc: 50.62, tmp_test_f1: 33.63, f1: 45.08
epoch: 465, val_loss:1.947285, acc: 52.70, bacc: 50.62, tmp_test_f1: 31.65, f1: 45.08
epoch: 466, val_loss:2.132059, acc: 52.70, bacc: 50.62, tmp_test_f1: 30.37, f1: 45.08
epoch: 467, val_loss:2.327213, acc: 52.70, bacc: 50.62, tmp_test_f1: 29.45, f1: 45.08
epoch: 468, val_loss:2.570553, acc: 52.70, bacc: 50.62, tmp_test_f1: 28.45, f1: 45.08
epoch: 469, val_loss:2.755357, acc: 52.70, bacc: 50.62, tmp_test_f1: 27.88, f1: 45.08
epoch: 470, val_loss:2.760027, acc: 52.70, bacc: 50.62, tmp_test_f1: 27.06, f1: 45.08
epoch: 471, val_loss:2.649019, acc: 52.70, bacc: 50.62, tmp_test_f1: 28.96, f1: 45.08
epoch: 472, val_loss:2.505587, acc: 52.70, bacc: 50.62, tmp_test_f1: 30.61, f1: 45.08
epoch: 473, val_loss:2.283627, acc: 52.70, bacc: 50.62, tmp_test_f1: 34.34, f1: 45.08
epoch: 474, val_loss:2.041513, acc: 52.70, bacc: 50.62, tmp_test_f1: 36.22, f1: 45.08
epoch: 475, val_loss:1.922346, acc: 52.70, bacc: 50.62, tmp_test_f1: 36.81, f1: 45.08
epoch: 476, val_loss:1.928602, acc: 52.70, bacc: 50.62, tmp_test_f1: 35.01, f1: 45.08
epoch: 477, val_loss:2.098183, acc: 52.70, bacc: 50.62, tmp_test_f1: 33.03, f1: 45.08
epoch: 478, val_loss:2.365929, acc: 52.70, bacc: 50.62, tmp_test_f1: 31.79, f1: 45.08
epoch: 479, val_loss:2.573589, acc: 52.70, bacc: 50.62, tmp_test_f1: 31.24, f1: 45.08
epoch: 480, val_loss:2.758763, acc: 52.70, bacc: 50.62, tmp_test_f1: 31.17, f1: 45.08
epoch: 481, val_loss:2.815508, acc: 52.70, bacc: 50.62, tmp_test_f1: 31.53, f1: 45.08
epoch: 482, val_loss:2.670674, acc: 52.70, bacc: 50.62, tmp_test_f1: 31.28, f1: 45.08
epoch: 483, val_loss:2.504894, acc: 52.70, bacc: 50.62, tmp_test_f1: 32.18, f1: 45.08
epoch: 484, val_loss:2.288602, acc: 52.70, bacc: 50.62, tmp_test_f1: 31.73, f1: 45.08
epoch: 485, val_loss:2.249153, acc: 52.70, bacc: 50.62, tmp_test_f1: 30.72, f1: 45.08
epoch: 486, val_loss:2.305098, acc: 52.70, bacc: 50.62, tmp_test_f1: 31.77, f1: 45.08
epoch: 487, val_loss:2.411575, acc: 52.70, bacc: 50.62, tmp_test_f1: 33.40, f1: 45.08
epoch: 488, val_loss:2.528640, acc: 52.70, bacc: 50.62, tmp_test_f1: 32.64, f1: 45.08
epoch: 489, val_loss:2.597062, acc: 52.70, bacc: 50.62, tmp_test_f1: 32.16, f1: 45.08
epoch: 490, val_loss:2.564306, acc: 52.70, bacc: 50.62, tmp_test_f1: 31.40, f1: 45.08
epoch: 491, val_loss:2.510863, acc: 52.70, bacc: 50.62, tmp_test_f1: 31.80, f1: 45.08
epoch: 492, val_loss:2.325501, acc: 52.70, bacc: 50.62, tmp_test_f1: 33.28, f1: 45.08
epoch: 493, val_loss:2.142282, acc: 52.70, bacc: 50.62, tmp_test_f1: 34.20, f1: 45.08
epoch: 494, val_loss:2.012608, acc: 52.70, bacc: 50.62, tmp_test_f1: 35.14, f1: 45.08
epoch: 495, val_loss:1.939582, acc: 52.70, bacc: 50.62, tmp_test_f1: 35.21, f1: 45.08
epoch: 496, val_loss:2.027611, acc: 52.70, bacc: 50.62, tmp_test_f1: 34.00, f1: 45.08
epoch: 497, val_loss:2.173027, acc: 52.70, bacc: 50.62, tmp_test_f1: 33.37, f1: 45.08
epoch: 498, val_loss:2.406029, acc: 52.70, bacc: 50.62, tmp_test_f1: 32.43, f1: 45.08
epoch: 499, val_loss:2.557440, acc: 52.70, bacc: 50.62, tmp_test_f1: 32.65, f1: 45.08
epoch: 500, val_loss:2.577401, acc: 52.70, bacc: 50.62, tmp_test_f1: 33.01, f1: 45.08
epoch: 501, val_loss:2.267288, acc: 52.70, bacc: 50.62, tmp_test_f1: 34.54, f1: 45.08
epoch: 502, val_loss:1.913456, acc: 52.70, bacc: 50.62, tmp_test_f1: 35.89, f1: 45.08
epoch: 503, val_loss:1.749225, acc: 52.70, bacc: 50.62, tmp_test_f1: 37.78, f1: 45.08
epoch: 504, val_loss:1.722802, acc: 52.70, bacc: 50.62, tmp_test_f1: 34.97, f1: 45.08
epoch: 505, val_loss:1.913958, acc: 52.70, bacc: 50.62, tmp_test_f1: 33.20, f1: 45.08
epoch: 506, val_loss:2.344417, acc: 52.70, bacc: 50.62, tmp_test_f1: 29.73, f1: 45.08
epoch: 507, val_loss:2.971975, acc: 52.70, bacc: 50.62, tmp_test_f1: 27.11, f1: 45.08
epoch: 508, val_loss:3.352655, acc: 52.70, bacc: 50.62, tmp_test_f1: 25.98, f1: 45.08
epoch: 509, val_loss:3.508073, acc: 52.70, bacc: 50.62, tmp_test_f1: 26.94, f1: 45.08
epoch: 510, val_loss:3.491901, acc: 52.70, bacc: 50.62, tmp_test_f1: 28.09, f1: 45.08
epoch: 511, val_loss:3.168098, acc: 52.70, bacc: 50.62, tmp_test_f1: 28.72, f1: 45.08
epoch: 512, val_loss:2.749650, acc: 52.70, bacc: 50.62, tmp_test_f1: 31.39, f1: 45.08
epoch: 513, val_loss:2.511696, acc: 52.70, bacc: 50.62, tmp_test_f1: 33.16, f1: 45.08
epoch: 514, val_loss:2.384508, acc: 52.70, bacc: 50.62, tmp_test_f1: 34.39, f1: 45.08
epoch: 515, val_loss:2.310442, acc: 52.70, bacc: 50.62, tmp_test_f1: 34.79, f1: 45.08
epoch: 516, val_loss:2.353942, acc: 52.70, bacc: 50.62, tmp_test_f1: 35.17, f1: 45.08
epoch: 517, val_loss:2.250876, acc: 52.70, bacc: 50.62, tmp_test_f1: 33.95, f1: 45.08
epoch: 518, val_loss:2.204739, acc: 52.70, bacc: 50.62, tmp_test_f1: 31.77, f1: 45.08
epoch: 519, val_loss:2.239705, acc: 52.70, bacc: 50.62, tmp_test_f1: 31.72, f1: 45.08
epoch: 520, val_loss:2.190920, acc: 52.70, bacc: 50.62, tmp_test_f1: 31.92, f1: 45.08
epoch: 521, val_loss:2.189745, acc: 52.70, bacc: 50.62, tmp_test_f1: 31.91, f1: 45.08
epoch: 522, val_loss:2.239720, acc: 52.70, bacc: 50.62, tmp_test_f1: 32.09, f1: 45.08
epoch: 523, val_loss:2.302089, acc: 52.70, bacc: 50.62, tmp_test_f1: 33.42, f1: 45.08
epoch: 524, val_loss:2.355095, acc: 52.70, bacc: 50.62, tmp_test_f1: 35.58, f1: 45.08
Epoch 00525: reducing learning rate of group 0 to 2.5000e-02.
Epoch 00525: reducing learning rate of group 1 to 2.5000e-02.
epoch: 525, val_loss:2.221372, acc: 52.70, bacc: 50.62, tmp_test_f1: 35.65, f1: 45.08
epoch: 526, val_loss:2.150561, acc: 52.70, bacc: 50.62, tmp_test_f1: 35.21, f1: 45.08
epoch: 527, val_loss:2.120512, acc: 52.70, bacc: 50.62, tmp_test_f1: 34.90, f1: 45.08
epoch: 528, val_loss:2.146483, acc: 52.70, bacc: 50.62, tmp_test_f1: 34.50, f1: 45.08
epoch: 529, val_loss:2.204443, acc: 52.70, bacc: 50.62, tmp_test_f1: 33.72, f1: 45.08
epoch: 530, val_loss:2.258147, acc: 52.70, bacc: 50.62, tmp_test_f1: 32.60, f1: 45.08
epoch: 531, val_loss:2.270654, acc: 52.70, bacc: 50.62, tmp_test_f1: 31.36, f1: 45.08
epoch: 532, val_loss:2.290911, acc: 52.70, bacc: 50.62, tmp_test_f1: 30.92, f1: 45.08
epoch: 533, val_loss:2.305465, acc: 52.70, bacc: 50.62, tmp_test_f1: 31.47, f1: 45.08
epoch: 534, val_loss:2.240227, acc: 52.70, bacc: 50.62, tmp_test_f1: 31.50, f1: 45.08
epoch: 535, val_loss:2.225434, acc: 52.70, bacc: 50.62, tmp_test_f1: 32.43, f1: 45.08
epoch: 536, val_loss:2.255420, acc: 52.70, bacc: 50.62, tmp_test_f1: 32.71, f1: 45.08
epoch: 537, val_loss:2.297886, acc: 52.70, bacc: 50.62, tmp_test_f1: 33.04, f1: 45.08
epoch: 538, val_loss:2.342023, acc: 52.70, bacc: 50.62, tmp_test_f1: 33.32, f1: 45.08
epoch: 539, val_loss:2.372096, acc: 52.70, bacc: 50.62, tmp_test_f1: 33.16, f1: 45.08
epoch: 540, val_loss:2.395076, acc: 52.70, bacc: 50.62, tmp_test_f1: 33.04, f1: 45.08
epoch: 541, val_loss:2.402216, acc: 52.70, bacc: 50.62, tmp_test_f1: 32.93, f1: 45.08
epoch: 542, val_loss:2.371369, acc: 52.70, bacc: 50.62, tmp_test_f1: 32.47, f1: 45.08
epoch: 543, val_loss:2.289112, acc: 52.70, bacc: 50.62, tmp_test_f1: 32.23, f1: 45.08
epoch: 544, val_loss:2.196032, acc: 52.70, bacc: 50.62, tmp_test_f1: 32.67, f1: 45.08
epoch: 545, val_loss:2.148520, acc: 52.70, bacc: 50.62, tmp_test_f1: 32.26, f1: 45.08
epoch: 546, val_loss:2.142786, acc: 52.70, bacc: 50.62, tmp_test_f1: 31.76, f1: 45.08
epoch: 547, val_loss:2.213765, acc: 52.70, bacc: 50.62, tmp_test_f1: 31.31, f1: 45.08
epoch: 548, val_loss:2.345962, acc: 52.70, bacc: 50.62, tmp_test_f1: 31.03, f1: 45.08
epoch: 549, val_loss:2.493049, acc: 52.70, bacc: 50.62, tmp_test_f1: 31.09, f1: 45.08
epoch: 550, val_loss:2.577403, acc: 52.70, bacc: 50.62, tmp_test_f1: 31.48, f1: 45.08
epoch: 551, val_loss:2.628988, acc: 52.70, bacc: 50.62, tmp_test_f1: 31.84, f1: 45.08
epoch: 552, val_loss:2.550331, acc: 52.70, bacc: 50.62, tmp_test_f1: 32.45, f1: 45.08
epoch: 553, val_loss:2.364645, acc: 52.70, bacc: 50.62, tmp_test_f1: 32.96, f1: 45.08
epoch: 554, val_loss:2.213405, acc: 52.70, bacc: 50.62, tmp_test_f1: 34.10, f1: 45.08
epoch: 555, val_loss:2.099239, acc: 52.70, bacc: 50.62, tmp_test_f1: 34.13, f1: 45.08
epoch: 556, val_loss:2.045935, acc: 52.70, bacc: 50.62, tmp_test_f1: 33.81, f1: 45.08
epoch: 557, val_loss:2.053942, acc: 52.70, bacc: 50.62, tmp_test_f1: 33.26, f1: 45.08
epoch: 558, val_loss:2.094538, acc: 52.70, bacc: 50.62, tmp_test_f1: 33.08, f1: 45.08
epoch: 559, val_loss:2.164194, acc: 52.70, bacc: 50.62, tmp_test_f1: 32.85, f1: 45.08
epoch: 560, val_loss:2.151587, acc: 52.70, bacc: 50.62, tmp_test_f1: 32.83, f1: 45.08
epoch: 561, val_loss:2.169118, acc: 52.70, bacc: 50.62, tmp_test_f1: 32.57, f1: 45.08
epoch: 562, val_loss:2.197007, acc: 52.70, bacc: 50.62, tmp_test_f1: 32.28, f1: 45.08
epoch: 563, val_loss:2.271357, acc: 52.70, bacc: 50.62, tmp_test_f1: 32.73, f1: 45.08
epoch: 564, val_loss:2.377897, acc: 52.70, bacc: 50.62, tmp_test_f1: 32.90, f1: 45.08
epoch: 565, val_loss:2.444260, acc: 52.70, bacc: 50.62, tmp_test_f1: 32.51, f1: 45.08
epoch: 566, val_loss:2.505371, acc: 52.70, bacc: 50.62, tmp_test_f1: 32.45, f1: 45.08
epoch: 567, val_loss:2.548374, acc: 52.70, bacc: 50.62, tmp_test_f1: 31.91, f1: 45.08
epoch: 568, val_loss:2.535439, acc: 52.70, bacc: 50.62, tmp_test_f1: 31.90, f1: 45.08
epoch: 569, val_loss:2.547288, acc: 52.70, bacc: 50.62, tmp_test_f1: 31.38, f1: 45.08
epoch: 570, val_loss:2.559205, acc: 52.70, bacc: 50.62, tmp_test_f1: 30.68, f1: 45.08
epoch: 571, val_loss:2.576929, acc: 52.70, bacc: 50.62, tmp_test_f1: 30.39, f1: 45.08
epoch: 572, val_loss:2.572412, acc: 52.70, bacc: 50.62, tmp_test_f1: 30.02, f1: 45.08
epoch: 573, val_loss:2.535108, acc: 52.70, bacc: 50.62, tmp_test_f1: 30.07, f1: 45.08
epoch: 574, val_loss:2.518418, acc: 52.70, bacc: 50.62, tmp_test_f1: 29.17, f1: 45.08
epoch: 575, val_loss:2.531450, acc: 52.70, bacc: 50.62, tmp_test_f1: 29.72, f1: 45.08
epoch: 576, val_loss:2.540685, acc: 52.70, bacc: 50.62, tmp_test_f1: 30.19, f1: 45.08
epoch: 577, val_loss:2.544260, acc: 52.70, bacc: 50.62, tmp_test_f1: 30.87, f1: 45.08
epoch: 578, val_loss:2.520852, acc: 52.70, bacc: 50.62, tmp_test_f1: 32.36, f1: 45.08
epoch: 579, val_loss:2.441889, acc: 52.70, bacc: 50.62, tmp_test_f1: 33.88, f1: 45.08
epoch: 580, val_loss:2.345513, acc: 52.70, bacc: 50.62, tmp_test_f1: 34.60, f1: 45.08
epoch: 581, val_loss:2.300535, acc: 52.70, bacc: 50.62, tmp_test_f1: 35.96, f1: 45.08
epoch: 582, val_loss:2.211531, acc: 52.70, bacc: 50.62, tmp_test_f1: 37.05, f1: 45.08
epoch: 583, val_loss:2.163882, acc: 52.70, bacc: 50.62, tmp_test_f1: 37.35, f1: 45.08
epoch: 584, val_loss:2.095468, acc: 52.70, bacc: 50.62, tmp_test_f1: 36.87, f1: 45.08
epoch: 585, val_loss:2.043251, acc: 52.70, bacc: 50.62, tmp_test_f1: 36.55, f1: 45.08
epoch: 586, val_loss:1.993529, acc: 52.70, bacc: 50.62, tmp_test_f1: 36.08, f1: 45.08
epoch: 587, val_loss:1.999276, acc: 52.70, bacc: 50.62, tmp_test_f1: 34.77, f1: 45.08
epoch: 588, val_loss:2.009583, acc: 52.70, bacc: 50.62, tmp_test_f1: 34.35, f1: 45.08
epoch: 589, val_loss:2.055978, acc: 52.70, bacc: 50.62, tmp_test_f1: 33.13, f1: 45.08
epoch: 590, val_loss:2.103981, acc: 52.70, bacc: 50.62, tmp_test_f1: 31.96, f1: 45.08
epoch: 591, val_loss:2.168557, acc: 52.70, bacc: 50.62, tmp_test_f1: 31.52, f1: 45.08
epoch: 592, val_loss:2.271330, acc: 52.70, bacc: 50.62, tmp_test_f1: 30.43, f1: 45.08
epoch: 593, val_loss:2.413772, acc: 52.70, bacc: 50.62, tmp_test_f1: 29.32, f1: 45.08
epoch: 594, val_loss:2.612487, acc: 52.70, bacc: 50.62, tmp_test_f1: 28.45, f1: 45.08
epoch: 595, val_loss:2.693624, acc: 52.70, bacc: 50.62, tmp_test_f1: 28.42, f1: 45.08
epoch: 596, val_loss:2.697924, acc: 52.70, bacc: 50.62, tmp_test_f1: 28.79, f1: 45.08
epoch: 597, val_loss:2.668475, acc: 52.70, bacc: 50.62, tmp_test_f1: 29.38, f1: 45.08
epoch: 598, val_loss:2.572966, acc: 52.70, bacc: 50.62, tmp_test_f1: 30.36, f1: 45.08
epoch: 599, val_loss:2.490899, acc: 52.70, bacc: 50.62, tmp_test_f1: 31.18, f1: 45.08
epoch: 600, val_loss:2.425415, acc: 52.70, bacc: 50.62, tmp_test_f1: 33.40, f1: 45.08
epoch: 601, val_loss:2.301330, acc: 52.70, bacc: 50.62, tmp_test_f1: 34.76, f1: 45.08
epoch: 602, val_loss:2.201367, acc: 52.70, bacc: 50.62, tmp_test_f1: 35.67, f1: 45.08
epoch: 603, val_loss:2.112849, acc: 52.70, bacc: 50.62, tmp_test_f1: 35.93, f1: 45.08
epoch: 604, val_loss:2.095946, acc: 52.70, bacc: 50.62, tmp_test_f1: 36.20, f1: 45.08
epoch: 605, val_loss:2.075046, acc: 52.70, bacc: 50.62, tmp_test_f1: 36.58, f1: 45.08
epoch: 606, val_loss:2.081515, acc: 52.70, bacc: 50.62, tmp_test_f1: 36.50, f1: 45.08
epoch: 607, val_loss:2.124449, acc: 52.70, bacc: 50.62, tmp_test_f1: 37.00, f1: 45.08
epoch: 608, val_loss:2.176903, acc: 52.70, bacc: 50.62, tmp_test_f1: 36.89, f1: 45.08
epoch: 609, val_loss:2.216580, acc: 52.70, bacc: 50.62, tmp_test_f1: 36.48, f1: 45.08
epoch: 610, val_loss:2.268926, acc: 52.70, bacc: 50.62, tmp_test_f1: 36.37, f1: 45.08
epoch: 611, val_loss:2.292335, acc: 52.70, bacc: 50.62, tmp_test_f1: 36.33, f1: 45.08
epoch: 612, val_loss:2.312447, acc: 52.70, bacc: 50.62, tmp_test_f1: 35.05, f1: 45.08
epoch: 613, val_loss:2.357136, acc: 52.70, bacc: 50.62, tmp_test_f1: 33.91, f1: 45.08
epoch: 614, val_loss:2.396440, acc: 52.70, bacc: 50.62, tmp_test_f1: 31.91, f1: 45.08
epoch: 615, val_loss:2.432331, acc: 52.70, bacc: 50.62, tmp_test_f1: 30.90, f1: 45.08
epoch: 616, val_loss:2.459446, acc: 52.70, bacc: 50.62, tmp_test_f1: 29.94, f1: 45.08
epoch: 617, val_loss:2.476694, acc: 52.70, bacc: 50.62, tmp_test_f1: 29.74, f1: 45.08
epoch: 618, val_loss:2.432657, acc: 52.70, bacc: 50.62, tmp_test_f1: 30.57, f1: 45.08
epoch: 619, val_loss:2.418292, acc: 52.70, bacc: 50.62, tmp_test_f1: 31.10, f1: 45.08
epoch: 620, val_loss:2.443850, acc: 52.70, bacc: 50.62, tmp_test_f1: 31.60, f1: 45.08
epoch: 621, val_loss:2.433740, acc: 52.70, bacc: 50.62, tmp_test_f1: 33.07, f1: 45.08
epoch: 622, val_loss:2.434939, acc: 52.70, bacc: 50.62, tmp_test_f1: 33.57, f1: 45.08
epoch: 623, val_loss:2.443768, acc: 52.70, bacc: 50.62, tmp_test_f1: 34.29, f1: 45.08
epoch: 624, val_loss:2.456312, acc: 52.70, bacc: 50.62, tmp_test_f1: 33.81, f1: 45.08
epoch: 625, val_loss:2.493631, acc: 52.70, bacc: 50.62, tmp_test_f1: 34.08, f1: 45.08
epoch: 626, val_loss:2.497602, acc: 52.70, bacc: 50.62, tmp_test_f1: 33.20, f1: 45.08
epoch: 627, val_loss:2.519280, acc: 52.70, bacc: 50.62, tmp_test_f1: 32.69, f1: 45.08
epoch: 628, val_loss:2.510276, acc: 52.70, bacc: 50.62, tmp_test_f1: 31.79, f1: 45.08
epoch: 629, val_loss:2.383606, acc: 52.70, bacc: 50.62, tmp_test_f1: 31.44, f1: 45.08
epoch: 630, val_loss:2.286169, acc: 52.70, bacc: 50.62, tmp_test_f1: 31.35, f1: 45.08
epoch: 631, val_loss:2.227508, acc: 52.70, bacc: 50.62, tmp_test_f1: 31.05, f1: 45.08
epoch: 632, val_loss:2.230079, acc: 52.70, bacc: 50.62, tmp_test_f1: 32.12, f1: 45.08
epoch: 633, val_loss:2.241578, acc: 52.70, bacc: 50.62, tmp_test_f1: 32.08, f1: 45.08
epoch: 634, val_loss:2.281327, acc: 52.70, bacc: 50.62, tmp_test_f1: 32.80, f1: 45.08
epoch: 635, val_loss:2.219173, acc: 52.70, bacc: 50.62, tmp_test_f1: 34.79, f1: 45.08
epoch: 636, val_loss:2.045198, acc: 52.70, bacc: 50.62, tmp_test_f1: 36.27, f1: 45.08
epoch: 637, val_loss:1.931866, acc: 52.70, bacc: 50.62, tmp_test_f1: 38.70, f1: 45.08
epoch: 638, val_loss:1.865289, acc: 52.70, bacc: 50.62, tmp_test_f1: 39.47, f1: 45.08
epoch: 639, val_loss:1.807593, acc: 52.70, bacc: 50.62, tmp_test_f1: 41.00, f1: 45.08
epoch: 640, val_loss:1.784341, acc: 52.70, bacc: 50.62, tmp_test_f1: 40.25, f1: 45.08
epoch: 641, val_loss:1.815210, acc: 52.70, bacc: 50.62, tmp_test_f1: 37.96, f1: 45.08
epoch: 642, val_loss:1.944153, acc: 52.70, bacc: 50.62, tmp_test_f1: 36.37, f1: 45.08
epoch: 643, val_loss:2.096857, acc: 52.70, bacc: 50.62, tmp_test_f1: 34.34, f1: 45.08
epoch: 644, val_loss:2.257874, acc: 52.70, bacc: 50.62, tmp_test_f1: 32.88, f1: 45.08
epoch: 645, val_loss:2.481692, acc: 52.70, bacc: 50.62, tmp_test_f1: 31.47, f1: 45.08
epoch: 646, val_loss:2.731672, acc: 52.70, bacc: 50.62, tmp_test_f1: 30.02, f1: 45.08
epoch: 647, val_loss:2.880486, acc: 52.70, bacc: 50.62, tmp_test_f1: 28.80, f1: 45.08
epoch: 648, val_loss:2.922941, acc: 52.70, bacc: 50.62, tmp_test_f1: 29.04, f1: 45.08
epoch: 649, val_loss:2.810667, acc: 52.70, bacc: 50.62, tmp_test_f1: 29.49, f1: 45.08
epoch: 650, val_loss:2.633289, acc: 52.70, bacc: 50.62, tmp_test_f1: 28.65, f1: 45.08
epoch: 651, val_loss:2.484513, acc: 52.70, bacc: 50.62, tmp_test_f1: 28.67, f1: 45.08
epoch: 652, val_loss:2.340259, acc: 52.70, bacc: 50.62, tmp_test_f1: 29.48, f1: 45.08
epoch: 653, val_loss:2.221767, acc: 52.70, bacc: 50.62, tmp_test_f1: 29.89, f1: 45.08
epoch: 654, val_loss:2.189609, acc: 52.70, bacc: 50.62, tmp_test_f1: 29.91, f1: 45.08
epoch: 655, val_loss:2.211382, acc: 52.70, bacc: 50.62, tmp_test_f1: 30.66, f1: 45.08
epoch: 656, val_loss:2.235182, acc: 52.70, bacc: 50.62, tmp_test_f1: 31.22, f1: 45.08
epoch: 657, val_loss:2.288746, acc: 52.70, bacc: 50.62, tmp_test_f1: 30.96, f1: 45.08
epoch: 658, val_loss:2.377996, acc: 52.70, bacc: 50.62, tmp_test_f1: 31.92, f1: 45.08
epoch: 659, val_loss:2.451699, acc: 52.70, bacc: 50.62, tmp_test_f1: 31.57, f1: 45.08
epoch: 660, val_loss:2.481683, acc: 52.70, bacc: 50.62, tmp_test_f1: 31.95, f1: 45.08
epoch: 661, val_loss:2.460289, acc: 52.70, bacc: 50.62, tmp_test_f1: 32.64, f1: 45.08
epoch: 662, val_loss:2.453313, acc: 52.70, bacc: 50.62, tmp_test_f1: 32.51, f1: 45.08
epoch: 663, val_loss:2.421720, acc: 52.70, bacc: 50.62, tmp_test_f1: 32.83, f1: 45.08
epoch: 664, val_loss:2.347110, acc: 52.70, bacc: 50.62, tmp_test_f1: 33.22, f1: 45.08
epoch: 665, val_loss:2.218508, acc: 52.70, bacc: 50.62, tmp_test_f1: 33.53, f1: 45.08
epoch: 666, val_loss:2.134005, acc: 52.70, bacc: 50.62, tmp_test_f1: 33.54, f1: 45.08
epoch: 667, val_loss:2.089365, acc: 52.70, bacc: 50.62, tmp_test_f1: 33.46, f1: 45.08
epoch: 668, val_loss:2.077481, acc: 52.70, bacc: 50.62, tmp_test_f1: 33.11, f1: 45.08
epoch: 669, val_loss:2.161832, acc: 52.70, bacc: 50.62, tmp_test_f1: 32.46, f1: 45.08
epoch: 670, val_loss:2.300051, acc: 52.70, bacc: 50.62, tmp_test_f1: 32.24, f1: 45.08
epoch: 671, val_loss:2.474618, acc: 52.70, bacc: 50.62, tmp_test_f1: 31.63, f1: 45.08
epoch: 672, val_loss:2.594605, acc: 52.70, bacc: 50.62, tmp_test_f1: 31.36, f1: 45.08
epoch: 673, val_loss:2.727619, acc: 52.70, bacc: 50.62, tmp_test_f1: 30.30, f1: 45.08
epoch: 674, val_loss:2.804081, acc: 52.70, bacc: 50.62, tmp_test_f1: 29.46, f1: 45.08
epoch: 675, val_loss:2.859030, acc: 52.70, bacc: 50.62, tmp_test_f1: 29.35, f1: 45.08
epoch: 676, val_loss:2.885205, acc: 52.70, bacc: 50.62, tmp_test_f1: 29.52, f1: 45.08
epoch: 677, val_loss:2.850403, acc: 52.70, bacc: 50.62, tmp_test_f1: 29.62, f1: 45.08
epoch: 678, val_loss:2.799281, acc: 52.70, bacc: 50.62, tmp_test_f1: 30.44, f1: 45.08
epoch: 679, val_loss:2.709044, acc: 52.70, bacc: 50.62, tmp_test_f1: 30.30, f1: 45.08
epoch: 680, val_loss:2.558070, acc: 52.70, bacc: 50.62, tmp_test_f1: 32.08, f1: 45.08
epoch: 681, val_loss:2.307928, acc: 52.70, bacc: 50.62, tmp_test_f1: 32.86, f1: 45.08
epoch: 682, val_loss:2.186041, acc: 52.70, bacc: 50.62, tmp_test_f1: 33.60, f1: 45.08
epoch: 683, val_loss:2.077211, acc: 52.70, bacc: 50.62, tmp_test_f1: 33.94, f1: 45.08
epoch: 684, val_loss:2.058456, acc: 52.70, bacc: 50.62, tmp_test_f1: 33.59, f1: 45.08
epoch: 685, val_loss:2.148468, acc: 52.70, bacc: 50.62, tmp_test_f1: 33.31, f1: 45.08
epoch: 686, val_loss:2.308160, acc: 52.70, bacc: 50.62, tmp_test_f1: 33.12, f1: 45.08
epoch: 687, val_loss:2.478351, acc: 52.70, bacc: 50.62, tmp_test_f1: 33.39, f1: 45.08
epoch: 688, val_loss:2.615042, acc: 52.70, bacc: 50.62, tmp_test_f1: 33.63, f1: 45.08
epoch: 689, val_loss:2.633434, acc: 52.70, bacc: 50.62, tmp_test_f1: 33.62, f1: 45.08
epoch: 690, val_loss:2.532837, acc: 52.70, bacc: 50.62, tmp_test_f1: 34.49, f1: 45.08
epoch: 691, val_loss:2.316617, acc: 52.70, bacc: 50.62, tmp_test_f1: 34.85, f1: 45.08
epoch: 692, val_loss:2.120278, acc: 52.70, bacc: 50.62, tmp_test_f1: 36.29, f1: 45.08
epoch: 693, val_loss:1.949056, acc: 52.70, bacc: 50.62, tmp_test_f1: 36.24, f1: 45.08
epoch: 694, val_loss:1.894134, acc: 52.70, bacc: 50.62, tmp_test_f1: 36.02, f1: 45.08
epoch: 695, val_loss:1.912876, acc: 52.70, bacc: 50.62, tmp_test_f1: 34.44, f1: 45.08
epoch: 696, val_loss:2.045436, acc: 52.70, bacc: 50.62, tmp_test_f1: 33.13, f1: 45.08
epoch: 697, val_loss:2.236515, acc: 52.70, bacc: 50.62, tmp_test_f1: 31.89, f1: 45.08
epoch: 698, val_loss:2.409134, acc: 52.70, bacc: 50.62, tmp_test_f1: 31.84, f1: 45.08
epoch: 699, val_loss:2.555652, acc: 52.70, bacc: 50.62, tmp_test_f1: 31.25, f1: 45.08
epoch: 700, val_loss:2.674771, acc: 52.70, bacc: 50.62, tmp_test_f1: 30.43, f1: 45.08
epoch: 701, val_loss:2.753954, acc: 52.70, bacc: 50.62, tmp_test_f1: 30.48, f1: 45.08
epoch: 702, val_loss:2.699751, acc: 52.70, bacc: 50.62, tmp_test_f1: 31.03, f1: 45.08
epoch: 703, val_loss:2.543986, acc: 52.70, bacc: 50.62, tmp_test_f1: 31.20, f1: 45.08
epoch: 704, val_loss:2.376751, acc: 52.70, bacc: 50.62, tmp_test_f1: 32.32, f1: 45.08
epoch: 705, val_loss:2.269590, acc: 52.70, bacc: 50.62, tmp_test_f1: 32.44, f1: 45.08
epoch: 706, val_loss:2.191557, acc: 52.70, bacc: 50.62, tmp_test_f1: 33.03, f1: 45.08
epoch: 707, val_loss:2.124125, acc: 52.70, bacc: 50.62, tmp_test_f1: 33.19, f1: 45.08
epoch: 708, val_loss:2.102160, acc: 52.70, bacc: 50.62, tmp_test_f1: 33.04, f1: 45.08
epoch: 709, val_loss:2.139142, acc: 52.70, bacc: 50.62, tmp_test_f1: 33.48, f1: 45.08
epoch: 710, val_loss:2.188755, acc: 52.70, bacc: 50.62, tmp_test_f1: 33.58, f1: 45.08
epoch: 711, val_loss:2.318018, acc: 52.70, bacc: 50.62, tmp_test_f1: 32.88, f1: 45.08
epoch: 712, val_loss:2.485085, acc: 52.70, bacc: 50.62, tmp_test_f1: 32.50, f1: 45.08
epoch: 713, val_loss:2.627275, acc: 52.70, bacc: 50.62, tmp_test_f1: 31.48, f1: 45.08
epoch: 714, val_loss:2.773938, acc: 52.70, bacc: 50.62, tmp_test_f1: 31.28, f1: 45.08
epoch: 715, val_loss:2.858687, acc: 52.70, bacc: 50.62, tmp_test_f1: 31.36, f1: 45.08
epoch: 716, val_loss:2.810494, acc: 52.70, bacc: 50.62, tmp_test_f1: 31.11, f1: 45.08
epoch: 717, val_loss:2.754068, acc: 52.70, bacc: 50.62, tmp_test_f1: 31.19, f1: 45.08
epoch: 718, val_loss:2.611196, acc: 52.70, bacc: 50.62, tmp_test_f1: 31.87, f1: 45.08
epoch: 719, val_loss:2.381485, acc: 52.70, bacc: 50.62, tmp_test_f1: 34.14, f1: 45.08
epoch: 720, val_loss:2.086393, acc: 52.70, bacc: 50.62, tmp_test_f1: 34.87, f1: 45.08
epoch: 721, val_loss:1.892773, acc: 52.70, bacc: 50.62, tmp_test_f1: 36.95, f1: 45.08
epoch: 722, val_loss:1.806664, acc: 52.70, bacc: 50.62, tmp_test_f1: 37.26, f1: 45.08
epoch: 723, val_loss:1.841228, acc: 52.70, bacc: 50.62, tmp_test_f1: 35.78, f1: 45.08
epoch: 724, val_loss:1.972860, acc: 52.70, bacc: 50.62, tmp_test_f1: 33.63, f1: 45.08
epoch: 725, val_loss:2.198106, acc: 52.70, bacc: 50.62, tmp_test_f1: 32.79, f1: 45.08
Epoch 00726: reducing learning rate of group 0 to 1.2500e-02.
Epoch 00726: reducing learning rate of group 1 to 1.2500e-02.
epoch: 726, val_loss:2.489589, acc: 52.70, bacc: 50.62, tmp_test_f1: 31.58, f1: 45.08
epoch: 727, val_loss:2.781185, acc: 52.70, bacc: 50.62, tmp_test_f1: 31.12, f1: 45.08
epoch: 728, val_loss:2.892823, acc: 52.70, bacc: 50.62, tmp_test_f1: 30.95, f1: 45.08
epoch: 729, val_loss:2.925647, acc: 52.70, bacc: 50.62, tmp_test_f1: 30.41, f1: 45.08
epoch: 730, val_loss:2.893973, acc: 52.70, bacc: 50.62, tmp_test_f1: 30.59, f1: 45.08
epoch: 731, val_loss:2.794140, acc: 52.70, bacc: 50.62, tmp_test_f1: 31.22, f1: 45.08
epoch: 732, val_loss:2.652477, acc: 52.70, bacc: 50.62, tmp_test_f1: 31.88, f1: 45.08
epoch: 733, val_loss:2.487134, acc: 52.70, bacc: 50.62, tmp_test_f1: 32.21, f1: 45.08
epoch: 734, val_loss:2.357762, acc: 52.70, bacc: 50.62, tmp_test_f1: 32.66, f1: 45.08
epoch: 735, val_loss:2.248963, acc: 52.70, bacc: 50.62, tmp_test_f1: 33.04, f1: 45.08
epoch: 736, val_loss:2.186460, acc: 52.70, bacc: 50.62, tmp_test_f1: 33.09, f1: 45.08
epoch: 737, val_loss:2.166862, acc: 52.70, bacc: 50.62, tmp_test_f1: 33.12, f1: 45.08
epoch: 738, val_loss:2.169170, acc: 52.70, bacc: 50.62, tmp_test_f1: 32.87, f1: 45.08
epoch: 739, val_loss:2.178908, acc: 52.70, bacc: 50.62, tmp_test_f1: 33.31, f1: 45.08
epoch: 740, val_loss:2.217767, acc: 52.70, bacc: 50.62, tmp_test_f1: 33.52, f1: 45.08
epoch: 741, val_loss:2.275035, acc: 52.70, bacc: 50.62, tmp_test_f1: 33.71, f1: 45.08
epoch: 742, val_loss:2.348104, acc: 52.70, bacc: 50.62, tmp_test_f1: 33.66, f1: 45.08
epoch: 743, val_loss:2.402984, acc: 52.70, bacc: 50.62, tmp_test_f1: 33.73, f1: 45.08
epoch: 744, val_loss:2.441155, acc: 52.70, bacc: 50.62, tmp_test_f1: 33.73, f1: 45.08
epoch: 745, val_loss:2.435061, acc: 52.70, bacc: 50.62, tmp_test_f1: 32.88, f1: 45.08
epoch: 746, val_loss:2.440459, acc: 52.70, bacc: 50.62, tmp_test_f1: 32.50, f1: 45.08
epoch: 747, val_loss:2.437334, acc: 52.70, bacc: 50.62, tmp_test_f1: 32.42, f1: 45.08
epoch: 748, val_loss:2.455460, acc: 52.70, bacc: 50.62, tmp_test_f1: 32.34, f1: 45.08
epoch: 749, val_loss:2.469218, acc: 52.70, bacc: 50.62, tmp_test_f1: 32.43, f1: 45.08
epoch: 750, val_loss:2.457646, acc: 52.70, bacc: 50.62, tmp_test_f1: 31.94, f1: 45.08
epoch: 751, val_loss:2.451288, acc: 52.70, bacc: 50.62, tmp_test_f1: 31.63, f1: 45.08
epoch: 752, val_loss:2.466223, acc: 52.70, bacc: 50.62, tmp_test_f1: 31.34, f1: 45.08
epoch: 753, val_loss:2.494783, acc: 52.70, bacc: 50.62, tmp_test_f1: 31.15, f1: 45.08
epoch: 754, val_loss:2.532954, acc: 52.70, bacc: 50.62, tmp_test_f1: 31.03, f1: 45.08
epoch: 755, val_loss:2.551211, acc: 52.70, bacc: 50.62, tmp_test_f1: 31.00, f1: 45.08
epoch: 756, val_loss:2.552514, acc: 52.70, bacc: 50.62, tmp_test_f1: 30.88, f1: 45.08
epoch: 757, val_loss:2.593434, acc: 52.70, bacc: 50.62, tmp_test_f1: 30.77, f1: 45.08
epoch: 758, val_loss:2.641406, acc: 52.70, bacc: 50.62, tmp_test_f1: 30.84, f1: 45.08
epoch: 759, val_loss:2.657514, acc: 52.70, bacc: 50.62, tmp_test_f1: 30.86, f1: 45.08
epoch: 760, val_loss:2.648683, acc: 52.70, bacc: 50.62, tmp_test_f1: 31.05, f1: 45.08
epoch: 761, val_loss:2.600863, acc: 52.70, bacc: 50.62, tmp_test_f1: 31.16, f1: 45.08
epoch: 762, val_loss:2.539331, acc: 52.70, bacc: 50.62, tmp_test_f1: 31.90, f1: 45.08
epoch: 763, val_loss:2.463972, acc: 52.70, bacc: 50.62, tmp_test_f1: 32.45, f1: 45.08
epoch: 764, val_loss:2.389077, acc: 52.70, bacc: 50.62, tmp_test_f1: 33.14, f1: 45.08
epoch: 765, val_loss:2.310102, acc: 52.70, bacc: 50.62, tmp_test_f1: 33.52, f1: 45.08
epoch: 766, val_loss:2.254155, acc: 52.70, bacc: 50.62, tmp_test_f1: 34.02, f1: 45.08
epoch: 767, val_loss:2.216075, acc: 52.70, bacc: 50.62, tmp_test_f1: 34.35, f1: 45.08
epoch: 768, val_loss:2.189428, acc: 52.70, bacc: 50.62, tmp_test_f1: 34.35, f1: 45.08
epoch: 769, val_loss:2.197931, acc: 52.70, bacc: 50.62, tmp_test_f1: 34.04, f1: 45.08
epoch: 770, val_loss:2.211915, acc: 52.70, bacc: 50.62, tmp_test_f1: 33.45, f1: 45.08
epoch: 771, val_loss:2.240065, acc: 52.70, bacc: 50.62, tmp_test_f1: 33.08, f1: 45.08
epoch: 772, val_loss:2.273112, acc: 52.70, bacc: 50.62, tmp_test_f1: 32.48, f1: 45.08
epoch: 773, val_loss:2.329137, acc: 52.70, bacc: 50.62, tmp_test_f1: 31.93, f1: 45.08
epoch: 774, val_loss:2.376817, acc: 52.70, bacc: 50.62, tmp_test_f1: 31.74, f1: 45.08
epoch: 775, val_loss:2.404229, acc: 52.70, bacc: 50.62, tmp_test_f1: 31.34, f1: 45.08
epoch: 776, val_loss:2.427509, acc: 52.70, bacc: 50.62, tmp_test_f1: 30.83, f1: 45.08
epoch: 777, val_loss:2.436056, acc: 52.70, bacc: 50.62, tmp_test_f1: 30.68, f1: 45.08
epoch: 778, val_loss:2.449949, acc: 52.70, bacc: 50.62, tmp_test_f1: 30.60, f1: 45.08
epoch: 779, val_loss:2.443285, acc: 52.70, bacc: 50.62, tmp_test_f1: 30.75, f1: 45.08
epoch: 780, val_loss:2.418235, acc: 52.70, bacc: 50.62, tmp_test_f1: 30.81, f1: 45.08
epoch: 781, val_loss:2.382583, acc: 52.70, bacc: 50.62, tmp_test_f1: 31.13, f1: 45.08
epoch: 782, val_loss:2.337506, acc: 52.70, bacc: 50.62, tmp_test_f1: 31.91, f1: 45.08
epoch: 783, val_loss:2.298476, acc: 52.70, bacc: 50.62, tmp_test_f1: 32.76, f1: 45.08
epoch: 784, val_loss:2.226597, acc: 52.70, bacc: 50.62, tmp_test_f1: 33.88, f1: 45.08
epoch: 785, val_loss:2.168414, acc: 52.70, bacc: 50.62, tmp_test_f1: 34.79, f1: 45.08
epoch: 786, val_loss:2.111460, acc: 52.70, bacc: 50.62, tmp_test_f1: 35.61, f1: 45.08
epoch: 787, val_loss:2.057256, acc: 52.70, bacc: 50.62, tmp_test_f1: 36.16, f1: 45.08
epoch: 788, val_loss:2.017877, acc: 52.70, bacc: 50.62, tmp_test_f1: 36.08, f1: 45.08
epoch: 789, val_loss:2.033427, acc: 52.70, bacc: 50.62, tmp_test_f1: 35.57, f1: 45.08
epoch: 790, val_loss:2.067376, acc: 52.70, bacc: 50.62, tmp_test_f1: 35.16, f1: 45.08
epoch: 791, val_loss:2.116487, acc: 52.70, bacc: 50.62, tmp_test_f1: 33.63, f1: 45.08
epoch: 792, val_loss:2.182192, acc: 52.70, bacc: 50.62, tmp_test_f1: 33.02, f1: 45.08
epoch: 793, val_loss:2.290771, acc: 52.70, bacc: 50.62, tmp_test_f1: 32.29, f1: 45.08
epoch: 794, val_loss:2.404576, acc: 52.70, bacc: 50.62, tmp_test_f1: 31.87, f1: 45.08
epoch: 795, val_loss:2.532229, acc: 52.70, bacc: 50.62, tmp_test_f1: 31.77, f1: 45.08
epoch: 796, val_loss:2.630548, acc: 52.70, bacc: 50.62, tmp_test_f1: 31.22, f1: 45.08
epoch: 797, val_loss:2.676842, acc: 52.70, bacc: 50.62, tmp_test_f1: 31.21, f1: 45.08
epoch: 798, val_loss:2.652174, acc: 52.70, bacc: 50.62, tmp_test_f1: 31.13, f1: 45.08
epoch: 799, val_loss:2.575178, acc: 52.70, bacc: 50.62, tmp_test_f1: 31.89, f1: 45.08
epoch: 800, val_loss:2.496178, acc: 52.70, bacc: 50.62, tmp_test_f1: 32.08, f1: 45.08
epoch: 801, val_loss:2.413889, acc: 52.70, bacc: 50.62, tmp_test_f1: 32.45, f1: 45.08
epoch: 802, val_loss:2.360871, acc: 52.70, bacc: 50.62, tmp_test_f1: 32.06, f1: 45.08
epoch: 803, val_loss:2.350332, acc: 52.70, bacc: 50.62, tmp_test_f1: 31.66, f1: 45.08
epoch: 804, val_loss:2.344870, acc: 52.70, bacc: 50.62, tmp_test_f1: 31.62, f1: 45.08
epoch: 805, val_loss:2.349242, acc: 52.70, bacc: 50.62, tmp_test_f1: 31.46, f1: 45.08
epoch: 806, val_loss:2.360265, acc: 52.70, bacc: 50.62, tmp_test_f1: 31.26, f1: 45.08
epoch: 807, val_loss:2.394301, acc: 52.70, bacc: 50.62, tmp_test_f1: 31.14, f1: 45.08
epoch: 808, val_loss:2.389626, acc: 52.70, bacc: 50.62, tmp_test_f1: 31.15, f1: 45.08
epoch: 809, val_loss:2.393132, acc: 52.70, bacc: 50.62, tmp_test_f1: 31.40, f1: 45.08
epoch: 810, val_loss:2.404183, acc: 52.70, bacc: 50.62, tmp_test_f1: 31.24, f1: 45.08
epoch: 811, val_loss:2.444380, acc: 52.70, bacc: 50.62, tmp_test_f1: 31.30, f1: 45.08
epoch: 812, val_loss:2.492968, acc: 52.70, bacc: 50.62, tmp_test_f1: 31.53, f1: 45.08
epoch: 813, val_loss:2.544386, acc: 52.70, bacc: 50.62, tmp_test_f1: 31.88, f1: 45.08
epoch: 814, val_loss:2.578025, acc: 52.70, bacc: 50.62, tmp_test_f1: 32.15, f1: 45.08
epoch: 815, val_loss:2.587259, acc: 52.70, bacc: 50.62, tmp_test_f1: 33.00, f1: 45.08
epoch: 816, val_loss:2.532556, acc: 52.70, bacc: 50.62, tmp_test_f1: 33.20, f1: 45.08
epoch: 817, val_loss:2.476429, acc: 52.70, bacc: 50.62, tmp_test_f1: 33.25, f1: 45.08
epoch: 818, val_loss:2.437746, acc: 52.70, bacc: 50.62, tmp_test_f1: 33.30, f1: 45.08
epoch: 819, val_loss:2.404253, acc: 52.70, bacc: 50.62, tmp_test_f1: 33.57, f1: 45.08
epoch: 820, val_loss:2.409725, acc: 52.70, bacc: 50.62, tmp_test_f1: 33.66, f1: 45.08
epoch: 821, val_loss:2.408848, acc: 52.70, bacc: 50.62, tmp_test_f1: 33.69, f1: 45.08
epoch: 822, val_loss:2.405661, acc: 52.70, bacc: 50.62, tmp_test_f1: 33.65, f1: 45.08
epoch: 823, val_loss:2.381520, acc: 52.70, bacc: 50.62, tmp_test_f1: 33.44, f1: 45.08
epoch: 824, val_loss:2.361922, acc: 52.70, bacc: 50.62, tmp_test_f1: 33.22, f1: 45.08
epoch: 825, val_loss:2.332638, acc: 52.70, bacc: 50.62, tmp_test_f1: 33.18, f1: 45.08
epoch: 826, val_loss:2.299522, acc: 52.70, bacc: 50.62, tmp_test_f1: 32.58, f1: 45.08
epoch: 827, val_loss:2.300668, acc: 52.70, bacc: 50.62, tmp_test_f1: 32.34, f1: 45.08
epoch: 828, val_loss:2.317511, acc: 52.70, bacc: 50.62, tmp_test_f1: 32.14, f1: 45.08
epoch: 829, val_loss:2.343099, acc: 52.70, bacc: 50.62, tmp_test_f1: 31.72, f1: 45.08
epoch: 830, val_loss:2.373191, acc: 52.70, bacc: 50.62, tmp_test_f1: 31.42, f1: 45.08
epoch: 831, val_loss:2.402856, acc: 52.70, bacc: 50.62, tmp_test_f1: 31.26, f1: 45.08
epoch: 832, val_loss:2.398841, acc: 52.70, bacc: 50.62, tmp_test_f1: 31.35, f1: 45.08
epoch: 833, val_loss:2.383504, acc: 52.70, bacc: 50.62, tmp_test_f1: 31.35, f1: 45.08
epoch: 834, val_loss:2.299266, acc: 52.70, bacc: 50.62, tmp_test_f1: 32.10, f1: 45.08
epoch: 835, val_loss:2.234643, acc: 52.70, bacc: 50.62, tmp_test_f1: 32.27, f1: 45.08
epoch: 836, val_loss:2.177891, acc: 52.70, bacc: 50.62, tmp_test_f1: 33.19, f1: 45.08
epoch: 837, val_loss:2.119342, acc: 52.70, bacc: 50.62, tmp_test_f1: 33.90, f1: 45.08
epoch: 838, val_loss:2.069378, acc: 52.70, bacc: 50.62, tmp_test_f1: 34.08, f1: 45.08
epoch: 839, val_loss:2.062563, acc: 52.70, bacc: 50.62, tmp_test_f1: 34.33, f1: 45.08
epoch: 840, val_loss:2.074039, acc: 52.70, bacc: 50.62, tmp_test_f1: 34.52, f1: 45.08
epoch: 841, val_loss:2.125461, acc: 52.70, bacc: 50.62, tmp_test_f1: 33.85, f1: 45.08
epoch: 842, val_loss:2.205949, acc: 52.70, bacc: 50.62, tmp_test_f1: 33.91, f1: 45.08
epoch: 843, val_loss:2.295660, acc: 52.70, bacc: 50.62, tmp_test_f1: 33.90, f1: 45.08
epoch: 844, val_loss:2.357198, acc: 52.70, bacc: 50.62, tmp_test_f1: 33.59, f1: 45.08
epoch: 845, val_loss:2.371307, acc: 52.70, bacc: 50.62, tmp_test_f1: 33.34, f1: 45.08
epoch: 846, val_loss:2.410335, acc: 52.70, bacc: 50.62, tmp_test_f1: 33.53, f1: 45.08
epoch: 847, val_loss:2.460189, acc: 52.70, bacc: 50.62, tmp_test_f1: 33.45, f1: 45.08
epoch: 848, val_loss:2.485703, acc: 52.70, bacc: 50.62, tmp_test_f1: 33.45, f1: 45.08
epoch: 849, val_loss:2.513999, acc: 52.70, bacc: 50.62, tmp_test_f1: 33.30, f1: 45.08
epoch: 850, val_loss:2.519948, acc: 52.70, bacc: 50.62, tmp_test_f1: 32.60, f1: 45.08
epoch: 851, val_loss:2.540510, acc: 52.70, bacc: 50.62, tmp_test_f1: 32.03, f1: 45.08
epoch: 852, val_loss:2.499543, acc: 52.70, bacc: 50.62, tmp_test_f1: 31.51, f1: 45.08
epoch: 853, val_loss:2.477563, acc: 52.70, bacc: 50.62, tmp_test_f1: 31.20, f1: 45.08
epoch: 854, val_loss:2.439562, acc: 52.70, bacc: 50.62, tmp_test_f1: 30.95, f1: 45.08
epoch: 855, val_loss:2.412890, acc: 52.70, bacc: 50.62, tmp_test_f1: 30.84, f1: 45.08
epoch: 856, val_loss:2.369911, acc: 52.70, bacc: 50.62, tmp_test_f1: 30.89, f1: 45.08
epoch: 857, val_loss:2.358222, acc: 52.70, bacc: 50.62, tmp_test_f1: 31.31, f1: 45.08
epoch: 858, val_loss:2.343929, acc: 52.70, bacc: 50.62, tmp_test_f1: 32.14, f1: 45.08
epoch: 859, val_loss:2.312197, acc: 52.70, bacc: 50.62, tmp_test_f1: 32.54, f1: 45.08
epoch: 860, val_loss:2.248989, acc: 52.70, bacc: 50.62, tmp_test_f1: 33.39, f1: 45.08
epoch: 861, val_loss:2.207033, acc: 52.70, bacc: 50.62, tmp_test_f1: 33.61, f1: 45.08
epoch: 862, val_loss:2.189781, acc: 52.70, bacc: 50.62, tmp_test_f1: 33.66, f1: 45.08
epoch: 863, val_loss:2.199651, acc: 52.70, bacc: 50.62, tmp_test_f1: 33.55, f1: 45.08
epoch: 864, val_loss:2.210287, acc: 52.70, bacc: 50.62, tmp_test_f1: 33.58, f1: 45.08
epoch: 865, val_loss:2.241006, acc: 52.70, bacc: 50.62, tmp_test_f1: 33.57, f1: 45.08
epoch: 866, val_loss:2.273690, acc: 52.70, bacc: 50.62, tmp_test_f1: 33.59, f1: 45.08
epoch: 867, val_loss:2.303823, acc: 52.70, bacc: 50.62, tmp_test_f1: 33.78, f1: 45.08
epoch: 868, val_loss:2.346576, acc: 52.70, bacc: 50.62, tmp_test_f1: 33.44, f1: 45.08
epoch: 869, val_loss:2.374788, acc: 52.70, bacc: 50.62, tmp_test_f1: 33.34, f1: 45.08
epoch: 870, val_loss:2.389650, acc: 52.70, bacc: 50.62, tmp_test_f1: 33.23, f1: 45.08
epoch: 871, val_loss:2.393329, acc: 52.70, bacc: 50.62, tmp_test_f1: 33.21, f1: 45.08
epoch: 872, val_loss:2.394143, acc: 52.70, bacc: 50.62, tmp_test_f1: 32.91, f1: 45.08
epoch: 873, val_loss:2.412103, acc: 52.70, bacc: 50.62, tmp_test_f1: 32.73, f1: 45.08
epoch: 874, val_loss:2.414510, acc: 52.70, bacc: 50.62, tmp_test_f1: 32.54, f1: 45.08
epoch: 875, val_loss:2.421801, acc: 52.70, bacc: 50.62, tmp_test_f1: 32.04, f1: 45.08
epoch: 876, val_loss:2.457831, acc: 52.70, bacc: 50.62, tmp_test_f1: 31.76, f1: 45.08
epoch: 877, val_loss:2.474195, acc: 52.70, bacc: 50.62, tmp_test_f1: 31.64, f1: 45.08
epoch: 878, val_loss:2.484921, acc: 52.70, bacc: 50.62, tmp_test_f1: 31.86, f1: 45.08
epoch: 879, val_loss:2.468924, acc: 52.70, bacc: 50.62, tmp_test_f1: 31.72, f1: 45.08
epoch: 880, val_loss:2.437785, acc: 52.70, bacc: 50.62, tmp_test_f1: 31.99, f1: 45.08
epoch: 881, val_loss:2.413619, acc: 52.70, bacc: 50.62, tmp_test_f1: 32.16, f1: 45.08
epoch: 882, val_loss:2.393665, acc: 52.70, bacc: 50.62, tmp_test_f1: 32.30, f1: 45.08
epoch: 883, val_loss:2.405929, acc: 52.70, bacc: 50.62, tmp_test_f1: 32.74, f1: 45.08
epoch: 884, val_loss:2.408214, acc: 52.70, bacc: 50.62, tmp_test_f1: 32.54, f1: 45.08
epoch: 885, val_loss:2.417657, acc: 52.70, bacc: 50.62, tmp_test_f1: 32.32, f1: 45.08
epoch: 886, val_loss:2.437855, acc: 52.70, bacc: 50.62, tmp_test_f1: 32.38, f1: 45.08
epoch: 887, val_loss:2.461932, acc: 52.70, bacc: 50.62, tmp_test_f1: 32.46, f1: 45.08
epoch: 888, val_loss:2.476554, acc: 52.70, bacc: 50.62, tmp_test_f1: 32.51, f1: 45.08
epoch: 889, val_loss:2.478048, acc: 52.70, bacc: 50.62, tmp_test_f1: 32.98, f1: 45.08
epoch: 890, val_loss:2.478776, acc: 52.70, bacc: 50.62, tmp_test_f1: 32.97, f1: 45.08
epoch: 891, val_loss:2.473643, acc: 52.70, bacc: 50.62, tmp_test_f1: 33.14, f1: 45.08
epoch: 892, val_loss:2.465308, acc: 52.70, bacc: 50.62, tmp_test_f1: 33.18, f1: 45.08
epoch: 893, val_loss:2.414553, acc: 52.70, bacc: 50.62, tmp_test_f1: 33.29, f1: 45.08
epoch: 894, val_loss:2.314901, acc: 52.70, bacc: 50.62, tmp_test_f1: 34.17, f1: 45.08
epoch: 895, val_loss:2.251782, acc: 52.70, bacc: 50.62, tmp_test_f1: 35.04, f1: 45.08
epoch: 896, val_loss:2.189573, acc: 52.70, bacc: 50.62, tmp_test_f1: 35.25, f1: 45.08
epoch: 897, val_loss:2.140578, acc: 52.70, bacc: 50.62, tmp_test_f1: 35.13, f1: 45.08
epoch: 898, val_loss:2.109269, acc: 52.70, bacc: 50.62, tmp_test_f1: 34.34, f1: 45.08
epoch: 899, val_loss:2.128553, acc: 52.70, bacc: 50.62, tmp_test_f1: 34.02, f1: 45.08
epoch: 900, val_loss:2.199631, acc: 52.70, bacc: 50.62, tmp_test_f1: 33.19, f1: 45.08
epoch: 901, val_loss:2.286082, acc: 52.70, bacc: 50.62, tmp_test_f1: 32.50, f1: 45.08
epoch: 902, val_loss:2.363060, acc: 52.70, bacc: 50.62, tmp_test_f1: 32.12, f1: 45.08
epoch: 903, val_loss:2.409753, acc: 52.70, bacc: 50.62, tmp_test_f1: 31.80, f1: 45.08
epoch: 904, val_loss:2.428382, acc: 52.70, bacc: 50.62, tmp_test_f1: 31.90, f1: 45.08
epoch: 905, val_loss:2.447195, acc: 52.70, bacc: 50.62, tmp_test_f1: 31.58, f1: 45.08
epoch: 906, val_loss:2.488102, acc: 52.70, bacc: 50.62, tmp_test_f1: 31.38, f1: 45.08
epoch: 907, val_loss:2.506415, acc: 52.70, bacc: 50.62, tmp_test_f1: 30.81, f1: 45.08
epoch: 908, val_loss:2.484192, acc: 52.70, bacc: 50.62, tmp_test_f1: 31.23, f1: 45.08
epoch: 909, val_loss:2.461950, acc: 52.70, bacc: 50.62, tmp_test_f1: 31.83, f1: 45.08
epoch: 910, val_loss:2.429859, acc: 52.70, bacc: 50.62, tmp_test_f1: 31.86, f1: 45.08
epoch: 911, val_loss:2.381940, acc: 52.70, bacc: 50.62, tmp_test_f1: 32.40, f1: 45.08
epoch: 912, val_loss:2.385187, acc: 52.70, bacc: 50.62, tmp_test_f1: 33.06, f1: 45.08
epoch: 913, val_loss:2.397886, acc: 52.70, bacc: 50.62, tmp_test_f1: 33.36, f1: 45.08
epoch: 914, val_loss:2.428845, acc: 52.70, bacc: 50.62, tmp_test_f1: 33.57, f1: 45.08
epoch: 915, val_loss:2.422662, acc: 52.70, bacc: 50.62, tmp_test_f1: 34.09, f1: 45.08
epoch: 916, val_loss:2.437178, acc: 52.70, bacc: 50.62, tmp_test_f1: 34.08, f1: 45.08
epoch: 917, val_loss:2.464014, acc: 52.70, bacc: 50.62, tmp_test_f1: 34.18, f1: 45.08
epoch: 918, val_loss:2.487778, acc: 52.70, bacc: 50.62, tmp_test_f1: 33.98, f1: 45.08
epoch: 919, val_loss:2.456006, acc: 52.70, bacc: 50.62, tmp_test_f1: 34.18, f1: 45.08
epoch: 920, val_loss:2.381318, acc: 52.70, bacc: 50.62, tmp_test_f1: 33.08, f1: 45.08
epoch: 921, val_loss:2.327721, acc: 52.70, bacc: 50.62, tmp_test_f1: 32.69, f1: 45.08
epoch: 922, val_loss:2.285507, acc: 52.70, bacc: 50.62, tmp_test_f1: 31.87, f1: 45.08
epoch: 923, val_loss:2.266258, acc: 52.70, bacc: 50.62, tmp_test_f1: 31.42, f1: 45.08
GCN dgl/coraTrue 100 Aug -1 EndEpoch 923 lr 0.1
SHAsplit  0, acc: 52.70, bacc: 50.62, f1: 45.08
