cuda is not available, using CPU.
Namespace(to_undirected=True, from_SHA=True, IsDirectedData=True, AugDirect=22, net='GAT', GPUdevice=1, seed=100, undirect_dataset='CiteSeer', Direct_dataset='dgl/cora', imb_ratio=100, dropout=0.1, num_filter=2, layer=2, alpha=0.1, K=2, feat_dim=64, warmup=5, epoch=1500, lr=0.1, l2=0.0005, tau=2, max=False, no_mask=False, gdc='ppr', heads=8, log_root='../logs/', log_path='test', data_path='../dataset/data/tmp/')
  NumNodes: 2708
  NumEdges: 5278
  NumFeats: 1433
  NumClasses: 7
  NumTrainingSamples: 140
  NumValidationSamples: 500
  NumTestSamples: 1000
Done loading data from cached files.
dict_keys(['feat', 'label', 'test_mask', 'val_mask', 'train_mask'])
Converted to undirected data
test_f1 CountNotImproved reset to 0 in epoch 0
epoch:   0, val_loss:1.946070, acc: 13.00, bacc: 14.29, tmp_test_f1: 3.29, f1: 3.29
epoch:   1, val_loss:2.262813, acc: 13.00, bacc: 14.29, tmp_test_f1: 3.29, f1: 3.29
test_f1 CountNotImproved reset to 0 in epoch 2
epoch:   2, val_loss:3.397478, acc: 27.40, bacc: 33.21, tmp_test_f1: 20.73, f1: 20.73
test_f1 CountNotImproved reset to 0 in epoch 3
epoch:   3, val_loss:3.193320, acc: 33.80, bacc: 39.36, tmp_test_f1: 22.53, f1: 22.53
test_f1 CountNotImproved reset to 0 in epoch 4
epoch:   4, val_loss:2.866247, acc: 34.10, bacc: 39.20, tmp_test_f1: 24.47, f1: 24.47
epoch:   5, val_loss:2.723571, acc: 34.10, bacc: 39.20, tmp_test_f1: 23.42, f1: 24.47
test_f1 CountNotImproved reset to 0 in epoch 6
epoch:   6, val_loss:2.779219, acc: 29.40, bacc: 34.33, tmp_test_f1: 24.48, f1: 24.48
test_f1 CountNotImproved reset to 0 in epoch 7
epoch:   7, val_loss:2.372753, acc: 34.00, bacc: 37.20, tmp_test_f1: 28.12, f1: 28.12
test_f1 CountNotImproved reset to 0 in epoch 8
epoch:   8, val_loss:1.944635, acc: 38.80, bacc: 40.21, tmp_test_f1: 31.78, f1: 31.78
epoch:   9, val_loss:1.749467, acc: 38.80, bacc: 40.21, tmp_test_f1: 28.18, f1: 31.78
epoch:  10, val_loss:1.746497, acc: 38.80, bacc: 40.21, tmp_test_f1: 25.79, f1: 31.78
epoch:  11, val_loss:1.776109, acc: 38.80, bacc: 40.21, tmp_test_f1: 24.29, f1: 31.78
epoch:  12, val_loss:1.800532, acc: 38.80, bacc: 40.21, tmp_test_f1: 22.86, f1: 31.78
epoch:  13, val_loss:1.859183, acc: 38.80, bacc: 40.21, tmp_test_f1: 22.40, f1: 31.78
epoch:  14, val_loss:1.957447, acc: 38.80, bacc: 40.21, tmp_test_f1: 24.28, f1: 31.78
epoch:  15, val_loss:1.985052, acc: 38.80, bacc: 40.21, tmp_test_f1: 26.11, f1: 31.78
epoch:  16, val_loss:1.933716, acc: 38.80, bacc: 40.21, tmp_test_f1: 25.68, f1: 31.78
epoch:  17, val_loss:1.846865, acc: 38.80, bacc: 40.21, tmp_test_f1: 24.57, f1: 31.78
epoch:  18, val_loss:1.780705, acc: 38.80, bacc: 40.21, tmp_test_f1: 24.16, f1: 31.78
epoch:  19, val_loss:1.723858, acc: 38.80, bacc: 40.21, tmp_test_f1: 24.59, f1: 31.78
epoch:  20, val_loss:1.684432, acc: 38.80, bacc: 40.21, tmp_test_f1: 24.09, f1: 31.78
epoch:  21, val_loss:1.678124, acc: 38.80, bacc: 40.21, tmp_test_f1: 24.53, f1: 31.78
epoch:  22, val_loss:1.700408, acc: 38.80, bacc: 40.21, tmp_test_f1: 24.23, f1: 31.78
epoch:  23, val_loss:1.709748, acc: 38.80, bacc: 40.21, tmp_test_f1: 24.64, f1: 31.78
epoch:  24, val_loss:1.691667, acc: 38.80, bacc: 40.21, tmp_test_f1: 27.94, f1: 31.78
epoch:  25, val_loss:1.627748, acc: 38.80, bacc: 40.21, tmp_test_f1: 30.37, f1: 31.78
epoch:  26, val_loss:1.585027, acc: 38.80, bacc: 40.21, tmp_test_f1: 31.24, f1: 31.78
epoch:  27, val_loss:1.577253, acc: 38.80, bacc: 40.21, tmp_test_f1: 30.58, f1: 31.78
epoch:  28, val_loss:1.609454, acc: 38.80, bacc: 40.21, tmp_test_f1: 29.96, f1: 31.78
test_f1 CountNotImproved reset to 0 in epoch 29
epoch:  29, val_loss:1.654780, acc: 40.90, bacc: 37.76, tmp_test_f1: 31.95, f1: 31.95
test_f1 CountNotImproved reset to 0 in epoch 30
epoch:  30, val_loss:1.627469, acc: 45.00, bacc: 39.95, tmp_test_f1: 34.40, f1: 34.40
test_f1 CountNotImproved reset to 0 in epoch 31
epoch:  31, val_loss:1.606045, acc: 46.40, bacc: 41.99, tmp_test_f1: 38.39, f1: 38.39
epoch:  32, val_loss:1.610826, acc: 46.40, bacc: 41.99, tmp_test_f1: 37.00, f1: 38.39
epoch:  33, val_loss:1.650649, acc: 46.40, bacc: 41.99, tmp_test_f1: 35.62, f1: 38.39
epoch:  34, val_loss:1.680794, acc: 46.40, bacc: 41.99, tmp_test_f1: 32.46, f1: 38.39
epoch:  35, val_loss:1.751758, acc: 46.40, bacc: 41.99, tmp_test_f1: 32.80, f1: 38.39
test_f1 CountNotImproved reset to 0 in epoch 36
epoch:  36, val_loss:1.786685, acc: 42.90, bacc: 40.38, tmp_test_f1: 38.48, f1: 38.48
test_f1 CountNotImproved reset to 0 in epoch 37
epoch:  37, val_loss:1.751709, acc: 47.80, bacc: 41.66, tmp_test_f1: 40.52, f1: 40.52
test_f1 CountNotImproved reset to 0 in epoch 38
epoch:  38, val_loss:1.709067, acc: 48.60, bacc: 42.23, tmp_test_f1: 41.10, f1: 41.10
epoch:  39, val_loss:1.712596, acc: 48.60, bacc: 42.23, tmp_test_f1: 40.16, f1: 41.10
epoch:  40, val_loss:1.725069, acc: 48.60, bacc: 42.23, tmp_test_f1: 40.00, f1: 41.10
epoch:  41, val_loss:1.745919, acc: 48.60, bacc: 42.23, tmp_test_f1: 37.99, f1: 41.10
epoch:  42, val_loss:1.783620, acc: 48.60, bacc: 42.23, tmp_test_f1: 36.71, f1: 41.10
epoch:  43, val_loss:1.825869, acc: 48.60, bacc: 42.23, tmp_test_f1: 36.51, f1: 41.10
epoch:  44, val_loss:1.801800, acc: 48.60, bacc: 42.23, tmp_test_f1: 36.81, f1: 41.10
epoch:  45, val_loss:1.760320, acc: 48.60, bacc: 42.23, tmp_test_f1: 35.97, f1: 41.10
epoch:  46, val_loss:1.742215, acc: 48.60, bacc: 42.23, tmp_test_f1: 36.00, f1: 41.10
epoch:  47, val_loss:1.719582, acc: 48.60, bacc: 42.23, tmp_test_f1: 33.70, f1: 41.10
epoch:  48, val_loss:1.773887, acc: 48.60, bacc: 42.23, tmp_test_f1: 34.29, f1: 41.10
epoch:  49, val_loss:1.836831, acc: 48.60, bacc: 42.23, tmp_test_f1: 38.62, f1: 41.10
epoch:  50, val_loss:1.902676, acc: 48.60, bacc: 42.23, tmp_test_f1: 35.92, f1: 41.10
epoch:  51, val_loss:1.965870, acc: 48.60, bacc: 42.23, tmp_test_f1: 35.32, f1: 41.10
epoch:  52, val_loss:1.986384, acc: 48.60, bacc: 42.23, tmp_test_f1: 33.77, f1: 41.10
epoch:  53, val_loss:1.937586, acc: 48.60, bacc: 42.23, tmp_test_f1: 34.45, f1: 41.10
epoch:  54, val_loss:1.876933, acc: 48.60, bacc: 42.23, tmp_test_f1: 36.99, f1: 41.10
epoch:  55, val_loss:1.818366, acc: 48.60, bacc: 42.23, tmp_test_f1: 35.81, f1: 41.10
epoch:  56, val_loss:1.780704, acc: 48.60, bacc: 42.23, tmp_test_f1: 32.17, f1: 41.10
epoch:  57, val_loss:1.781448, acc: 48.60, bacc: 42.23, tmp_test_f1: 35.97, f1: 41.10
epoch:  58, val_loss:1.806705, acc: 48.60, bacc: 42.23, tmp_test_f1: 30.91, f1: 41.10
epoch:  59, val_loss:1.845804, acc: 48.60, bacc: 42.23, tmp_test_f1: 29.98, f1: 41.10
epoch:  60, val_loss:1.875473, acc: 48.60, bacc: 42.23, tmp_test_f1: 30.25, f1: 41.10
epoch:  61, val_loss:1.912891, acc: 48.60, bacc: 42.23, tmp_test_f1: 30.35, f1: 41.10
epoch:  62, val_loss:1.936672, acc: 48.60, bacc: 42.23, tmp_test_f1: 32.20, f1: 41.10
epoch:  63, val_loss:1.941219, acc: 48.60, bacc: 42.23, tmp_test_f1: 32.99, f1: 41.10
epoch:  64, val_loss:1.882807, acc: 48.60, bacc: 42.23, tmp_test_f1: 33.73, f1: 41.10
epoch:  65, val_loss:1.868132, acc: 48.60, bacc: 42.23, tmp_test_f1: 33.47, f1: 41.10
epoch:  66, val_loss:1.853472, acc: 48.60, bacc: 42.23, tmp_test_f1: 35.81, f1: 41.10
epoch:  67, val_loss:1.817221, acc: 48.60, bacc: 42.23, tmp_test_f1: 36.21, f1: 41.10
epoch:  68, val_loss:1.804011, acc: 48.60, bacc: 42.23, tmp_test_f1: 36.18, f1: 41.10
epoch:  69, val_loss:1.790594, acc: 48.60, bacc: 42.23, tmp_test_f1: 37.00, f1: 41.10
epoch:  70, val_loss:1.798055, acc: 48.60, bacc: 42.23, tmp_test_f1: 38.17, f1: 41.10
epoch:  71, val_loss:1.810089, acc: 48.60, bacc: 42.23, tmp_test_f1: 38.08, f1: 41.10
epoch:  72, val_loss:1.855610, acc: 48.60, bacc: 42.23, tmp_test_f1: 33.36, f1: 41.10
epoch:  73, val_loss:1.949278, acc: 48.60, bacc: 42.23, tmp_test_f1: 32.35, f1: 41.10
epoch:  74, val_loss:2.035424, acc: 48.60, bacc: 42.23, tmp_test_f1: 31.88, f1: 41.10
epoch:  75, val_loss:2.103501, acc: 48.60, bacc: 42.23, tmp_test_f1: 33.59, f1: 41.10
epoch:  76, val_loss:2.014265, acc: 48.60, bacc: 42.23, tmp_test_f1: 33.00, f1: 41.10
epoch:  77, val_loss:1.924333, acc: 48.60, bacc: 42.23, tmp_test_f1: 33.08, f1: 41.10
epoch:  78, val_loss:1.884713, acc: 48.60, bacc: 42.23, tmp_test_f1: 33.93, f1: 41.10
epoch:  79, val_loss:1.883418, acc: 48.60, bacc: 42.23, tmp_test_f1: 33.22, f1: 41.10
epoch:  80, val_loss:1.905319, acc: 48.60, bacc: 42.23, tmp_test_f1: 33.34, f1: 41.10
epoch:  81, val_loss:1.938127, acc: 48.60, bacc: 42.23, tmp_test_f1: 32.64, f1: 41.10
epoch:  82, val_loss:2.011212, acc: 48.60, bacc: 42.23, tmp_test_f1: 31.59, f1: 41.10
epoch:  83, val_loss:2.089190, acc: 48.60, bacc: 42.23, tmp_test_f1: 31.17, f1: 41.10
epoch:  84, val_loss:2.135358, acc: 48.60, bacc: 42.23, tmp_test_f1: 31.43, f1: 41.10
epoch:  85, val_loss:2.104244, acc: 48.60, bacc: 42.23, tmp_test_f1: 31.82, f1: 41.10
epoch:  86, val_loss:2.088259, acc: 48.60, bacc: 42.23, tmp_test_f1: 32.00, f1: 41.10
epoch:  87, val_loss:2.050180, acc: 48.60, bacc: 42.23, tmp_test_f1: 31.58, f1: 41.10
epoch:  88, val_loss:2.014099, acc: 48.60, bacc: 42.23, tmp_test_f1: 31.06, f1: 41.10
epoch:  89, val_loss:2.014848, acc: 48.60, bacc: 42.23, tmp_test_f1: 30.72, f1: 41.10
epoch:  90, val_loss:2.038765, acc: 48.60, bacc: 42.23, tmp_test_f1: 29.52, f1: 41.10
epoch:  91, val_loss:2.099382, acc: 48.60, bacc: 42.23, tmp_test_f1: 29.77, f1: 41.10
epoch:  92, val_loss:2.122930, acc: 48.60, bacc: 42.23, tmp_test_f1: 28.93, f1: 41.10
epoch:  93, val_loss:2.167074, acc: 48.60, bacc: 42.23, tmp_test_f1: 28.88, f1: 41.10
epoch:  94, val_loss:2.188341, acc: 48.60, bacc: 42.23, tmp_test_f1: 28.77, f1: 41.10
epoch:  95, val_loss:2.208876, acc: 48.60, bacc: 42.23, tmp_test_f1: 29.17, f1: 41.10
epoch:  96, val_loss:2.213153, acc: 48.60, bacc: 42.23, tmp_test_f1: 30.63, f1: 41.10
epoch:  97, val_loss:2.224424, acc: 48.60, bacc: 42.23, tmp_test_f1: 33.63, f1: 41.10
epoch:  98, val_loss:2.187675, acc: 48.60, bacc: 42.23, tmp_test_f1: 33.72, f1: 41.10
epoch:  99, val_loss:2.140468, acc: 48.60, bacc: 42.23, tmp_test_f1: 33.58, f1: 41.10
epoch: 100, val_loss:2.094451, acc: 48.60, bacc: 42.23, tmp_test_f1: 35.35, f1: 41.10
epoch: 101, val_loss:2.064858, acc: 48.60, bacc: 42.23, tmp_test_f1: 33.76, f1: 41.10
epoch: 102, val_loss:2.072442, acc: 48.60, bacc: 42.23, tmp_test_f1: 33.10, f1: 41.10
epoch: 103, val_loss:2.024289, acc: 48.60, bacc: 42.23, tmp_test_f1: 32.41, f1: 41.10
epoch: 104, val_loss:1.988501, acc: 48.60, bacc: 42.23, tmp_test_f1: 32.11, f1: 41.10
epoch: 105, val_loss:1.988935, acc: 48.60, bacc: 42.23, tmp_test_f1: 31.54, f1: 41.10
epoch: 106, val_loss:2.018245, acc: 48.60, bacc: 42.23, tmp_test_f1: 31.67, f1: 41.10
epoch: 107, val_loss:2.060256, acc: 48.60, bacc: 42.23, tmp_test_f1: 30.96, f1: 41.10
epoch: 108, val_loss:2.072953, acc: 48.60, bacc: 42.23, tmp_test_f1: 31.14, f1: 41.10
epoch: 109, val_loss:2.072457, acc: 48.60, bacc: 42.23, tmp_test_f1: 33.05, f1: 41.10
epoch: 110, val_loss:2.073265, acc: 48.60, bacc: 42.23, tmp_test_f1: 34.44, f1: 41.10
epoch: 111, val_loss:2.005245, acc: 48.60, bacc: 42.23, tmp_test_f1: 35.64, f1: 41.10
epoch: 112, val_loss:1.934635, acc: 48.60, bacc: 42.23, tmp_test_f1: 36.31, f1: 41.10
epoch: 113, val_loss:1.898279, acc: 48.60, bacc: 42.23, tmp_test_f1: 32.57, f1: 41.10
epoch: 114, val_loss:1.893611, acc: 48.60, bacc: 42.23, tmp_test_f1: 32.65, f1: 41.10
epoch: 115, val_loss:1.934246, acc: 48.60, bacc: 42.23, tmp_test_f1: 31.67, f1: 41.10
epoch: 116, val_loss:1.990620, acc: 48.60, bacc: 42.23, tmp_test_f1: 34.93, f1: 41.10
epoch: 117, val_loss:2.086419, acc: 48.60, bacc: 42.23, tmp_test_f1: 32.71, f1: 41.10
epoch: 118, val_loss:2.184436, acc: 48.60, bacc: 42.23, tmp_test_f1: 33.46, f1: 41.10
epoch: 119, val_loss:2.161987, acc: 48.60, bacc: 42.23, tmp_test_f1: 33.89, f1: 41.10
epoch: 120, val_loss:2.142491, acc: 48.60, bacc: 42.23, tmp_test_f1: 33.28, f1: 41.10
epoch: 121, val_loss:2.072294, acc: 48.60, bacc: 42.23, tmp_test_f1: 33.19, f1: 41.10
epoch: 122, val_loss:1.999186, acc: 48.60, bacc: 42.23, tmp_test_f1: 33.73, f1: 41.10
epoch: 123, val_loss:1.968642, acc: 48.60, bacc: 42.23, tmp_test_f1: 33.51, f1: 41.10
epoch: 124, val_loss:1.975749, acc: 48.60, bacc: 42.23, tmp_test_f1: 33.35, f1: 41.10
epoch: 125, val_loss:1.991036, acc: 48.60, bacc: 42.23, tmp_test_f1: 33.45, f1: 41.10
epoch: 126, val_loss:2.012030, acc: 48.60, bacc: 42.23, tmp_test_f1: 33.40, f1: 41.10
epoch: 127, val_loss:2.063979, acc: 48.60, bacc: 42.23, tmp_test_f1: 33.55, f1: 41.10
epoch: 128, val_loss:2.013420, acc: 48.60, bacc: 42.23, tmp_test_f1: 33.53, f1: 41.10
epoch: 129, val_loss:1.925682, acc: 48.60, bacc: 42.23, tmp_test_f1: 34.10, f1: 41.10
epoch: 130, val_loss:1.948556, acc: 48.60, bacc: 42.23, tmp_test_f1: 34.39, f1: 41.10
epoch: 131, val_loss:1.924971, acc: 48.60, bacc: 42.23, tmp_test_f1: 34.55, f1: 41.10
epoch: 132, val_loss:1.925602, acc: 48.60, bacc: 42.23, tmp_test_f1: 35.59, f1: 41.10
epoch: 133, val_loss:1.985230, acc: 48.60, bacc: 42.23, tmp_test_f1: 35.05, f1: 41.10
epoch: 134, val_loss:2.107995, acc: 48.60, bacc: 42.23, tmp_test_f1: 34.53, f1: 41.10
epoch: 135, val_loss:2.244052, acc: 48.60, bacc: 42.23, tmp_test_f1: 35.15, f1: 41.10
epoch: 136, val_loss:2.314183, acc: 48.60, bacc: 42.23, tmp_test_f1: 35.05, f1: 41.10
epoch: 137, val_loss:2.326329, acc: 48.60, bacc: 42.23, tmp_test_f1: 32.37, f1: 41.10
epoch: 138, val_loss:2.342890, acc: 48.60, bacc: 42.23, tmp_test_f1: 32.42, f1: 41.10
epoch: 139, val_loss:2.354810, acc: 48.60, bacc: 42.23, tmp_test_f1: 31.41, f1: 41.10
epoch: 140, val_loss:2.350156, acc: 48.60, bacc: 42.23, tmp_test_f1: 31.28, f1: 41.10
epoch: 141, val_loss:2.341332, acc: 48.60, bacc: 42.23, tmp_test_f1: 31.79, f1: 41.10
epoch: 142, val_loss:2.363184, acc: 48.60, bacc: 42.23, tmp_test_f1: 32.34, f1: 41.10
epoch: 143, val_loss:2.376153, acc: 48.60, bacc: 42.23, tmp_test_f1: 32.22, f1: 41.10
epoch: 144, val_loss:2.404668, acc: 48.60, bacc: 42.23, tmp_test_f1: 32.48, f1: 41.10
epoch: 145, val_loss:2.487230, acc: 48.60, bacc: 42.23, tmp_test_f1: 33.24, f1: 41.10
epoch: 146, val_loss:2.482223, acc: 48.60, bacc: 42.23, tmp_test_f1: 33.61, f1: 41.10
epoch: 147, val_loss:2.545233, acc: 48.60, bacc: 42.23, tmp_test_f1: 34.17, f1: 41.10
epoch: 148, val_loss:2.603537, acc: 48.60, bacc: 42.23, tmp_test_f1: 32.79, f1: 41.10
epoch: 149, val_loss:2.662577, acc: 48.60, bacc: 42.23, tmp_test_f1: 32.48, f1: 41.10
epoch: 150, val_loss:2.674333, acc: 48.60, bacc: 42.23, tmp_test_f1: 32.85, f1: 41.10
epoch: 151, val_loss:2.678176, acc: 48.60, bacc: 42.23, tmp_test_f1: 32.80, f1: 41.10
epoch: 152, val_loss:2.694089, acc: 48.60, bacc: 42.23, tmp_test_f1: 31.68, f1: 41.10
epoch: 153, val_loss:2.768611, acc: 48.60, bacc: 42.23, tmp_test_f1: 30.86, f1: 41.10
epoch: 154, val_loss:2.820165, acc: 48.60, bacc: 42.23, tmp_test_f1: 29.07, f1: 41.10
epoch: 155, val_loss:2.955511, acc: 48.60, bacc: 42.23, tmp_test_f1: 29.79, f1: 41.10
epoch: 156, val_loss:2.966411, acc: 48.60, bacc: 42.23, tmp_test_f1: 30.26, f1: 41.10
epoch: 157, val_loss:2.783520, acc: 48.60, bacc: 42.23, tmp_test_f1: 30.79, f1: 41.10
epoch: 158, val_loss:2.663984, acc: 48.60, bacc: 42.23, tmp_test_f1: 31.35, f1: 41.10
epoch: 159, val_loss:2.612869, acc: 48.60, bacc: 42.23, tmp_test_f1: 31.28, f1: 41.10
epoch: 160, val_loss:2.540499, acc: 48.60, bacc: 42.23, tmp_test_f1: 31.79, f1: 41.10
epoch: 161, val_loss:2.436166, acc: 48.60, bacc: 42.23, tmp_test_f1: 31.50, f1: 41.10
epoch: 162, val_loss:2.398987, acc: 48.60, bacc: 42.23, tmp_test_f1: 31.67, f1: 41.10
epoch: 163, val_loss:2.342597, acc: 48.60, bacc: 42.23, tmp_test_f1: 31.55, f1: 41.10
epoch: 164, val_loss:2.334857, acc: 48.60, bacc: 42.23, tmp_test_f1: 32.31, f1: 41.10
epoch: 165, val_loss:2.346556, acc: 48.60, bacc: 42.23, tmp_test_f1: 32.10, f1: 41.10
epoch: 166, val_loss:2.350824, acc: 48.60, bacc: 42.23, tmp_test_f1: 31.92, f1: 41.10
epoch: 167, val_loss:2.360006, acc: 48.60, bacc: 42.23, tmp_test_f1: 31.57, f1: 41.10
epoch: 168, val_loss:2.386409, acc: 48.60, bacc: 42.23, tmp_test_f1: 31.58, f1: 41.10
epoch: 169, val_loss:2.380415, acc: 48.60, bacc: 42.23, tmp_test_f1: 31.20, f1: 41.10
epoch: 170, val_loss:2.334344, acc: 48.60, bacc: 42.23, tmp_test_f1: 32.71, f1: 41.10
epoch: 171, val_loss:2.301855, acc: 48.60, bacc: 42.23, tmp_test_f1: 33.68, f1: 41.10
epoch: 172, val_loss:2.378442, acc: 48.60, bacc: 42.23, tmp_test_f1: 28.97, f1: 41.10
epoch: 173, val_loss:2.459981, acc: 48.60, bacc: 42.23, tmp_test_f1: 28.14, f1: 41.10
epoch: 174, val_loss:2.551810, acc: 48.60, bacc: 42.23, tmp_test_f1: 28.58, f1: 41.10
epoch: 175, val_loss:2.569070, acc: 48.60, bacc: 42.23, tmp_test_f1: 29.43, f1: 41.10
epoch: 176, val_loss:2.534974, acc: 48.60, bacc: 42.23, tmp_test_f1: 29.74, f1: 41.10
epoch: 177, val_loss:2.536942, acc: 48.60, bacc: 42.23, tmp_test_f1: 30.73, f1: 41.10
epoch: 178, val_loss:2.478623, acc: 48.60, bacc: 42.23, tmp_test_f1: 31.00, f1: 41.10
epoch: 179, val_loss:2.409257, acc: 48.60, bacc: 42.23, tmp_test_f1: 33.61, f1: 41.10
epoch: 180, val_loss:2.365499, acc: 48.60, bacc: 42.23, tmp_test_f1: 35.09, f1: 41.10
epoch: 181, val_loss:2.281702, acc: 48.60, bacc: 42.23, tmp_test_f1: 35.90, f1: 41.10
epoch: 182, val_loss:2.241736, acc: 48.60, bacc: 42.23, tmp_test_f1: 35.36, f1: 41.10
epoch: 183, val_loss:2.148006, acc: 48.60, bacc: 42.23, tmp_test_f1: 33.96, f1: 41.10
epoch: 184, val_loss:2.152618, acc: 48.60, bacc: 42.23, tmp_test_f1: 35.55, f1: 41.10
epoch: 185, val_loss:2.141804, acc: 48.60, bacc: 42.23, tmp_test_f1: 36.66, f1: 41.10
epoch: 186, val_loss:2.224666, acc: 48.60, bacc: 42.23, tmp_test_f1: 35.23, f1: 41.10
epoch: 187, val_loss:2.312308, acc: 48.60, bacc: 42.23, tmp_test_f1: 32.58, f1: 41.10
epoch: 188, val_loss:2.424418, acc: 48.60, bacc: 42.23, tmp_test_f1: 29.57, f1: 41.10
epoch: 189, val_loss:2.572144, acc: 48.60, bacc: 42.23, tmp_test_f1: 29.82, f1: 41.10
epoch: 190, val_loss:2.615881, acc: 48.60, bacc: 42.23, tmp_test_f1: 32.48, f1: 41.10
epoch: 191, val_loss:2.589411, acc: 48.60, bacc: 42.23, tmp_test_f1: 33.93, f1: 41.10
epoch: 192, val_loss:2.533469, acc: 48.60, bacc: 42.23, tmp_test_f1: 33.34, f1: 41.10
epoch: 193, val_loss:2.475486, acc: 48.60, bacc: 42.23, tmp_test_f1: 33.58, f1: 41.10
epoch: 194, val_loss:2.444622, acc: 48.60, bacc: 42.23, tmp_test_f1: 34.81, f1: 41.10
epoch: 195, val_loss:2.478738, acc: 48.60, bacc: 42.23, tmp_test_f1: 35.26, f1: 41.10
epoch: 196, val_loss:2.490616, acc: 48.60, bacc: 42.23, tmp_test_f1: 32.85, f1: 41.10
epoch: 197, val_loss:2.510046, acc: 48.60, bacc: 42.23, tmp_test_f1: 31.01, f1: 41.10
epoch: 198, val_loss:2.500567, acc: 48.60, bacc: 42.23, tmp_test_f1: 31.55, f1: 41.10
epoch: 199, val_loss:2.432899, acc: 48.60, bacc: 42.23, tmp_test_f1: 32.31, f1: 41.10
epoch: 200, val_loss:2.378770, acc: 48.60, bacc: 42.23, tmp_test_f1: 31.64, f1: 41.10
epoch: 201, val_loss:2.351420, acc: 48.60, bacc: 42.23, tmp_test_f1: 31.60, f1: 41.10
epoch: 202, val_loss:2.340662, acc: 48.60, bacc: 42.23, tmp_test_f1: 31.24, f1: 41.10
epoch: 203, val_loss:2.356577, acc: 48.60, bacc: 42.23, tmp_test_f1: 31.35, f1: 41.10
epoch: 204, val_loss:2.374316, acc: 48.60, bacc: 42.23, tmp_test_f1: 31.31, f1: 41.10
epoch: 205, val_loss:2.381947, acc: 48.60, bacc: 42.23, tmp_test_f1: 30.93, f1: 41.10
epoch: 206, val_loss:2.443051, acc: 48.60, bacc: 42.23, tmp_test_f1: 31.36, f1: 41.10
epoch: 207, val_loss:2.503056, acc: 48.60, bacc: 42.23, tmp_test_f1: 34.79, f1: 41.10
epoch: 208, val_loss:2.534479, acc: 48.60, bacc: 42.23, tmp_test_f1: 33.57, f1: 41.10
epoch: 209, val_loss:2.626588, acc: 48.60, bacc: 42.23, tmp_test_f1: 32.33, f1: 41.10
epoch: 210, val_loss:2.720989, acc: 48.60, bacc: 42.23, tmp_test_f1: 31.95, f1: 41.10
epoch: 211, val_loss:2.755970, acc: 48.60, bacc: 42.23, tmp_test_f1: 30.55, f1: 41.10
epoch: 212, val_loss:2.784880, acc: 48.60, bacc: 42.23, tmp_test_f1: 29.89, f1: 41.10
epoch: 213, val_loss:2.800474, acc: 48.60, bacc: 42.23, tmp_test_f1: 30.25, f1: 41.10
epoch: 214, val_loss:2.809394, acc: 48.60, bacc: 42.23, tmp_test_f1: 30.51, f1: 41.10
epoch: 215, val_loss:2.697186, acc: 48.60, bacc: 42.23, tmp_test_f1: 31.93, f1: 41.10
epoch: 216, val_loss:2.651870, acc: 48.60, bacc: 42.23, tmp_test_f1: 30.71, f1: 41.10
epoch: 217, val_loss:2.671896, acc: 48.60, bacc: 42.23, tmp_test_f1: 29.94, f1: 41.10
epoch: 218, val_loss:2.672642, acc: 48.60, bacc: 42.23, tmp_test_f1: 30.18, f1: 41.10
epoch: 219, val_loss:2.678746, acc: 48.60, bacc: 42.23, tmp_test_f1: 29.27, f1: 41.10
epoch: 220, val_loss:2.660610, acc: 48.60, bacc: 42.23, tmp_test_f1: 28.44, f1: 41.10
epoch: 221, val_loss:2.749041, acc: 48.60, bacc: 42.23, tmp_test_f1: 26.25, f1: 41.10
epoch: 222, val_loss:2.837505, acc: 48.60, bacc: 42.23, tmp_test_f1: 27.65, f1: 41.10
epoch: 223, val_loss:2.796123, acc: 48.60, bacc: 42.23, tmp_test_f1: 32.25, f1: 41.10
epoch: 224, val_loss:2.661786, acc: 48.60, bacc: 42.23, tmp_test_f1: 34.40, f1: 41.10
epoch: 225, val_loss:2.558509, acc: 48.60, bacc: 42.23, tmp_test_f1: 33.78, f1: 41.10
epoch: 226, val_loss:2.524902, acc: 48.60, bacc: 42.23, tmp_test_f1: 33.44, f1: 41.10
epoch: 227, val_loss:2.538455, acc: 48.60, bacc: 42.23, tmp_test_f1: 34.82, f1: 41.10
Epoch 00228: reducing learning rate of group 0 to 5.0000e-02.
Epoch 00228: reducing learning rate of group 1 to 5.0000e-02.
epoch: 228, val_loss:2.504124, acc: 48.60, bacc: 42.23, tmp_test_f1: 34.25, f1: 41.10
epoch: 229, val_loss:2.514428, acc: 48.60, bacc: 42.23, tmp_test_f1: 34.40, f1: 41.10
epoch: 230, val_loss:2.496271, acc: 48.60, bacc: 42.23, tmp_test_f1: 34.61, f1: 41.10
epoch: 231, val_loss:2.470087, acc: 48.60, bacc: 42.23, tmp_test_f1: 34.82, f1: 41.10
epoch: 232, val_loss:2.440845, acc: 48.60, bacc: 42.23, tmp_test_f1: 36.17, f1: 41.10
epoch: 233, val_loss:2.428330, acc: 48.60, bacc: 42.23, tmp_test_f1: 35.51, f1: 41.10
epoch: 234, val_loss:2.402985, acc: 48.60, bacc: 42.23, tmp_test_f1: 34.49, f1: 41.10
epoch: 235, val_loss:2.395815, acc: 48.60, bacc: 42.23, tmp_test_f1: 34.02, f1: 41.10
epoch: 236, val_loss:2.410022, acc: 48.60, bacc: 42.23, tmp_test_f1: 33.20, f1: 41.10
epoch: 237, val_loss:2.438612, acc: 48.60, bacc: 42.23, tmp_test_f1: 32.93, f1: 41.10
epoch: 238, val_loss:2.454385, acc: 48.60, bacc: 42.23, tmp_test_f1: 32.87, f1: 41.10
epoch: 239, val_loss:2.466116, acc: 48.60, bacc: 42.23, tmp_test_f1: 32.02, f1: 41.10
epoch: 240, val_loss:2.460905, acc: 48.60, bacc: 42.23, tmp_test_f1: 31.80, f1: 41.10
epoch: 241, val_loss:2.452156, acc: 48.60, bacc: 42.23, tmp_test_f1: 31.71, f1: 41.10
epoch: 242, val_loss:2.462723, acc: 48.60, bacc: 42.23, tmp_test_f1: 31.48, f1: 41.10
epoch: 243, val_loss:2.471418, acc: 48.60, bacc: 42.23, tmp_test_f1: 31.37, f1: 41.10
epoch: 244, val_loss:2.463280, acc: 48.60, bacc: 42.23, tmp_test_f1: 30.89, f1: 41.10
epoch: 245, val_loss:2.513940, acc: 48.60, bacc: 42.23, tmp_test_f1: 29.90, f1: 41.10
epoch: 246, val_loss:2.525185, acc: 48.60, bacc: 42.23, tmp_test_f1: 29.37, f1: 41.10
epoch: 247, val_loss:2.541831, acc: 48.60, bacc: 42.23, tmp_test_f1: 29.39, f1: 41.10
epoch: 248, val_loss:2.558106, acc: 48.60, bacc: 42.23, tmp_test_f1: 30.01, f1: 41.10
epoch: 249, val_loss:2.490402, acc: 48.60, bacc: 42.23, tmp_test_f1: 30.80, f1: 41.10
epoch: 250, val_loss:2.519243, acc: 48.60, bacc: 42.23, tmp_test_f1: 31.37, f1: 41.10
epoch: 251, val_loss:2.567510, acc: 48.60, bacc: 42.23, tmp_test_f1: 31.42, f1: 41.10
epoch: 252, val_loss:2.569557, acc: 48.60, bacc: 42.23, tmp_test_f1: 32.45, f1: 41.10
epoch: 253, val_loss:2.603249, acc: 48.60, bacc: 42.23, tmp_test_f1: 36.88, f1: 41.10
epoch: 254, val_loss:2.677394, acc: 48.60, bacc: 42.23, tmp_test_f1: 36.53, f1: 41.10
epoch: 255, val_loss:2.744496, acc: 48.60, bacc: 42.23, tmp_test_f1: 34.19, f1: 41.10
epoch: 256, val_loss:2.753844, acc: 48.60, bacc: 42.23, tmp_test_f1: 34.27, f1: 41.10
epoch: 257, val_loss:2.744816, acc: 48.60, bacc: 42.23, tmp_test_f1: 33.55, f1: 41.10
epoch: 258, val_loss:2.756550, acc: 48.60, bacc: 42.23, tmp_test_f1: 33.90, f1: 41.10
epoch: 259, val_loss:2.756498, acc: 48.60, bacc: 42.23, tmp_test_f1: 34.09, f1: 41.10
epoch: 260, val_loss:2.730319, acc: 48.60, bacc: 42.23, tmp_test_f1: 34.37, f1: 41.10
epoch: 261, val_loss:2.706994, acc: 48.60, bacc: 42.23, tmp_test_f1: 35.22, f1: 41.10
epoch: 262, val_loss:2.679448, acc: 48.60, bacc: 42.23, tmp_test_f1: 35.40, f1: 41.10
epoch: 263, val_loss:2.667538, acc: 48.60, bacc: 42.23, tmp_test_f1: 35.16, f1: 41.10
epoch: 264, val_loss:2.655143, acc: 48.60, bacc: 42.23, tmp_test_f1: 33.88, f1: 41.10
epoch: 265, val_loss:2.660468, acc: 48.60, bacc: 42.23, tmp_test_f1: 34.16, f1: 41.10
epoch: 266, val_loss:2.675282, acc: 48.60, bacc: 42.23, tmp_test_f1: 34.21, f1: 41.10
epoch: 267, val_loss:2.696055, acc: 48.60, bacc: 42.23, tmp_test_f1: 34.27, f1: 41.10
epoch: 268, val_loss:2.735786, acc: 48.60, bacc: 42.23, tmp_test_f1: 35.36, f1: 41.10
epoch: 269, val_loss:2.803526, acc: 48.60, bacc: 42.23, tmp_test_f1: 33.80, f1: 41.10
epoch: 270, val_loss:2.887271, acc: 48.60, bacc: 42.23, tmp_test_f1: 31.42, f1: 41.10
epoch: 271, val_loss:2.937117, acc: 48.60, bacc: 42.23, tmp_test_f1: 32.07, f1: 41.10
epoch: 272, val_loss:2.988475, acc: 48.60, bacc: 42.23, tmp_test_f1: 31.08, f1: 41.10
epoch: 273, val_loss:3.047644, acc: 48.60, bacc: 42.23, tmp_test_f1: 30.72, f1: 41.10
epoch: 274, val_loss:3.084899, acc: 48.60, bacc: 42.23, tmp_test_f1: 30.67, f1: 41.10
epoch: 275, val_loss:3.123936, acc: 48.60, bacc: 42.23, tmp_test_f1: 31.96, f1: 41.10
epoch: 276, val_loss:3.147355, acc: 48.60, bacc: 42.23, tmp_test_f1: 33.64, f1: 41.10
epoch: 277, val_loss:3.157016, acc: 48.60, bacc: 42.23, tmp_test_f1: 33.71, f1: 41.10
epoch: 278, val_loss:3.156597, acc: 48.60, bacc: 42.23, tmp_test_f1: 33.70, f1: 41.10
epoch: 279, val_loss:3.113740, acc: 48.60, bacc: 42.23, tmp_test_f1: 34.06, f1: 41.10
epoch: 280, val_loss:3.023862, acc: 48.60, bacc: 42.23, tmp_test_f1: 34.63, f1: 41.10
epoch: 281, val_loss:2.955560, acc: 48.60, bacc: 42.23, tmp_test_f1: 35.14, f1: 41.10
epoch: 282, val_loss:2.906775, acc: 48.60, bacc: 42.23, tmp_test_f1: 35.27, f1: 41.10
epoch: 283, val_loss:2.873395, acc: 48.60, bacc: 42.23, tmp_test_f1: 35.37, f1: 41.10
epoch: 284, val_loss:2.859462, acc: 48.60, bacc: 42.23, tmp_test_f1: 35.32, f1: 41.10
epoch: 285, val_loss:2.861086, acc: 48.60, bacc: 42.23, tmp_test_f1: 35.50, f1: 41.10
epoch: 286, val_loss:2.869964, acc: 48.60, bacc: 42.23, tmp_test_f1: 35.52, f1: 41.10
epoch: 287, val_loss:2.893191, acc: 48.60, bacc: 42.23, tmp_test_f1: 36.12, f1: 41.10
epoch: 288, val_loss:2.921051, acc: 48.60, bacc: 42.23, tmp_test_f1: 37.64, f1: 41.10
epoch: 289, val_loss:2.908484, acc: 48.60, bacc: 42.23, tmp_test_f1: 37.70, f1: 41.10
epoch: 290, val_loss:2.891770, acc: 48.60, bacc: 42.23, tmp_test_f1: 37.13, f1: 41.10
epoch: 291, val_loss:2.893712, acc: 48.60, bacc: 42.23, tmp_test_f1: 36.99, f1: 41.10
epoch: 292, val_loss:2.891788, acc: 48.60, bacc: 42.23, tmp_test_f1: 36.93, f1: 41.10
epoch: 293, val_loss:2.898569, acc: 48.60, bacc: 42.23, tmp_test_f1: 36.78, f1: 41.10
epoch: 294, val_loss:2.906012, acc: 48.60, bacc: 42.23, tmp_test_f1: 36.83, f1: 41.10
epoch: 295, val_loss:2.903065, acc: 48.60, bacc: 42.23, tmp_test_f1: 37.15, f1: 41.10
epoch: 296, val_loss:2.903872, acc: 48.60, bacc: 42.23, tmp_test_f1: 38.06, f1: 41.10
epoch: 297, val_loss:2.900270, acc: 48.60, bacc: 42.23, tmp_test_f1: 38.03, f1: 41.10
epoch: 298, val_loss:2.897649, acc: 48.60, bacc: 42.23, tmp_test_f1: 37.48, f1: 41.10
epoch: 299, val_loss:2.894814, acc: 48.60, bacc: 42.23, tmp_test_f1: 37.21, f1: 41.10
epoch: 300, val_loss:2.897529, acc: 48.60, bacc: 42.23, tmp_test_f1: 37.48, f1: 41.10
epoch: 301, val_loss:2.903305, acc: 48.60, bacc: 42.23, tmp_test_f1: 37.57, f1: 41.10
epoch: 302, val_loss:2.924068, acc: 48.60, bacc: 42.23, tmp_test_f1: 36.98, f1: 41.10
epoch: 303, val_loss:2.939423, acc: 48.60, bacc: 42.23, tmp_test_f1: 37.14, f1: 41.10
epoch: 304, val_loss:2.931225, acc: 48.60, bacc: 42.23, tmp_test_f1: 36.08, f1: 41.10
epoch: 305, val_loss:2.914913, acc: 48.60, bacc: 42.23, tmp_test_f1: 35.55, f1: 41.10
epoch: 306, val_loss:2.911747, acc: 48.60, bacc: 42.23, tmp_test_f1: 35.49, f1: 41.10
epoch: 307, val_loss:2.925752, acc: 48.60, bacc: 42.23, tmp_test_f1: 35.39, f1: 41.10
epoch: 308, val_loss:2.912183, acc: 48.60, bacc: 42.23, tmp_test_f1: 35.32, f1: 41.10
epoch: 309, val_loss:2.888480, acc: 48.60, bacc: 42.23, tmp_test_f1: 35.66, f1: 41.10
epoch: 310, val_loss:2.858983, acc: 48.60, bacc: 42.23, tmp_test_f1: 36.35, f1: 41.10
epoch: 311, val_loss:2.821445, acc: 48.60, bacc: 42.23, tmp_test_f1: 37.01, f1: 41.10
epoch: 312, val_loss:2.792354, acc: 48.60, bacc: 42.23, tmp_test_f1: 37.30, f1: 41.10
epoch: 313, val_loss:2.771551, acc: 48.60, bacc: 42.23, tmp_test_f1: 36.15, f1: 41.10
epoch: 314, val_loss:2.816249, acc: 48.60, bacc: 42.23, tmp_test_f1: 35.51, f1: 41.10
epoch: 315, val_loss:2.840917, acc: 48.60, bacc: 42.23, tmp_test_f1: 34.95, f1: 41.10
epoch: 316, val_loss:2.844812, acc: 48.60, bacc: 42.23, tmp_test_f1: 34.01, f1: 41.10
epoch: 317, val_loss:2.854329, acc: 48.60, bacc: 42.23, tmp_test_f1: 34.02, f1: 41.10
epoch: 318, val_loss:2.854496, acc: 48.60, bacc: 42.23, tmp_test_f1: 33.70, f1: 41.10
epoch: 319, val_loss:2.865862, acc: 48.60, bacc: 42.23, tmp_test_f1: 32.70, f1: 41.10
epoch: 320, val_loss:2.896543, acc: 48.60, bacc: 42.23, tmp_test_f1: 32.68, f1: 41.10
epoch: 321, val_loss:2.947828, acc: 48.60, bacc: 42.23, tmp_test_f1: 32.09, f1: 41.10
epoch: 322, val_loss:3.017391, acc: 48.60, bacc: 42.23, tmp_test_f1: 31.80, f1: 41.10
epoch: 323, val_loss:3.085911, acc: 48.60, bacc: 42.23, tmp_test_f1: 32.00, f1: 41.10
epoch: 324, val_loss:3.152851, acc: 48.60, bacc: 42.23, tmp_test_f1: 31.63, f1: 41.10
epoch: 325, val_loss:3.219829, acc: 48.60, bacc: 42.23, tmp_test_f1: 30.84, f1: 41.10
epoch: 326, val_loss:3.284129, acc: 48.60, bacc: 42.23, tmp_test_f1: 30.74, f1: 41.10
epoch: 327, val_loss:3.322418, acc: 48.60, bacc: 42.23, tmp_test_f1: 30.47, f1: 41.10
epoch: 328, val_loss:3.328925, acc: 48.60, bacc: 42.23, tmp_test_f1: 30.44, f1: 41.10
epoch: 329, val_loss:3.320051, acc: 48.60, bacc: 42.23, tmp_test_f1: 29.80, f1: 41.10
epoch: 330, val_loss:3.304802, acc: 48.60, bacc: 42.23, tmp_test_f1: 29.75, f1: 41.10
epoch: 331, val_loss:3.284579, acc: 48.60, bacc: 42.23, tmp_test_f1: 30.03, f1: 41.10
epoch: 332, val_loss:3.264843, acc: 48.60, bacc: 42.23, tmp_test_f1: 30.38, f1: 41.10
epoch: 333, val_loss:3.239743, acc: 48.60, bacc: 42.23, tmp_test_f1: 30.72, f1: 41.10
epoch: 334, val_loss:3.194542, acc: 48.60, bacc: 42.23, tmp_test_f1: 31.00, f1: 41.10
epoch: 335, val_loss:3.156439, acc: 48.60, bacc: 42.23, tmp_test_f1: 31.01, f1: 41.10
epoch: 336, val_loss:3.139195, acc: 48.60, bacc: 42.23, tmp_test_f1: 30.72, f1: 41.10
epoch: 337, val_loss:3.124587, acc: 48.60, bacc: 42.23, tmp_test_f1: 30.12, f1: 41.10
epoch: 338, val_loss:3.132424, acc: 48.60, bacc: 42.23, tmp_test_f1: 30.13, f1: 41.10
epoch: 339, val_loss:3.158121, acc: 48.60, bacc: 42.23, tmp_test_f1: 30.13, f1: 41.10
epoch: 340, val_loss:3.156993, acc: 48.60, bacc: 42.23, tmp_test_f1: 29.58, f1: 41.10
epoch: 341, val_loss:3.146966, acc: 48.60, bacc: 42.23, tmp_test_f1: 29.49, f1: 41.10
epoch: 342, val_loss:3.112451, acc: 48.60, bacc: 42.23, tmp_test_f1: 29.30, f1: 41.10
epoch: 343, val_loss:3.077106, acc: 48.60, bacc: 42.23, tmp_test_f1: 29.58, f1: 41.10
epoch: 344, val_loss:3.035964, acc: 48.60, bacc: 42.23, tmp_test_f1: 29.66, f1: 41.10
epoch: 345, val_loss:3.013807, acc: 48.60, bacc: 42.23, tmp_test_f1: 29.76, f1: 41.10
epoch: 346, val_loss:2.999499, acc: 48.60, bacc: 42.23, tmp_test_f1: 29.78, f1: 41.10
epoch: 347, val_loss:2.983589, acc: 48.60, bacc: 42.23, tmp_test_f1: 30.06, f1: 41.10
epoch: 348, val_loss:2.984401, acc: 48.60, bacc: 42.23, tmp_test_f1: 30.39, f1: 41.10
epoch: 349, val_loss:2.983462, acc: 48.60, bacc: 42.23, tmp_test_f1: 30.52, f1: 41.10
epoch: 350, val_loss:2.986072, acc: 48.60, bacc: 42.23, tmp_test_f1: 32.16, f1: 41.10
epoch: 351, val_loss:2.982012, acc: 48.60, bacc: 42.23, tmp_test_f1: 33.38, f1: 41.10
epoch: 352, val_loss:2.968006, acc: 48.60, bacc: 42.23, tmp_test_f1: 34.96, f1: 41.10
epoch: 353, val_loss:2.951701, acc: 48.60, bacc: 42.23, tmp_test_f1: 34.08, f1: 41.10
epoch: 354, val_loss:2.942659, acc: 48.60, bacc: 42.23, tmp_test_f1: 32.58, f1: 41.10
epoch: 355, val_loss:2.931391, acc: 48.60, bacc: 42.23, tmp_test_f1: 32.19, f1: 41.10
epoch: 356, val_loss:2.923324, acc: 48.60, bacc: 42.23, tmp_test_f1: 31.99, f1: 41.10
epoch: 357, val_loss:2.923363, acc: 48.60, bacc: 42.23, tmp_test_f1: 31.95, f1: 41.10
epoch: 358, val_loss:2.928750, acc: 48.60, bacc: 42.23, tmp_test_f1: 31.89, f1: 41.10
epoch: 359, val_loss:2.965828, acc: 48.60, bacc: 42.23, tmp_test_f1: 30.62, f1: 41.10
epoch: 360, val_loss:3.001006, acc: 48.60, bacc: 42.23, tmp_test_f1: 30.57, f1: 41.10
epoch: 361, val_loss:3.047095, acc: 48.60, bacc: 42.23, tmp_test_f1: 31.21, f1: 41.10
epoch: 362, val_loss:3.031162, acc: 48.60, bacc: 42.23, tmp_test_f1: 32.17, f1: 41.10
epoch: 363, val_loss:3.012510, acc: 48.60, bacc: 42.23, tmp_test_f1: 33.20, f1: 41.10
epoch: 364, val_loss:2.999326, acc: 48.60, bacc: 42.23, tmp_test_f1: 32.42, f1: 41.10
epoch: 365, val_loss:3.005668, acc: 48.60, bacc: 42.23, tmp_test_f1: 31.53, f1: 41.10
epoch: 366, val_loss:3.013415, acc: 48.60, bacc: 42.23, tmp_test_f1: 31.71, f1: 41.10
epoch: 367, val_loss:3.017487, acc: 48.60, bacc: 42.23, tmp_test_f1: 31.64, f1: 41.10
epoch: 368, val_loss:3.014345, acc: 48.60, bacc: 42.23, tmp_test_f1: 31.08, f1: 41.10
epoch: 369, val_loss:3.016752, acc: 48.60, bacc: 42.23, tmp_test_f1: 30.71, f1: 41.10
epoch: 370, val_loss:3.005006, acc: 48.60, bacc: 42.23, tmp_test_f1: 30.54, f1: 41.10
epoch: 371, val_loss:2.976247, acc: 48.60, bacc: 42.23, tmp_test_f1: 30.56, f1: 41.10
epoch: 372, val_loss:2.974003, acc: 48.60, bacc: 42.23, tmp_test_f1: 31.06, f1: 41.10
epoch: 373, val_loss:2.981300, acc: 48.60, bacc: 42.23, tmp_test_f1: 32.01, f1: 41.10
epoch: 374, val_loss:2.921192, acc: 48.60, bacc: 42.23, tmp_test_f1: 32.21, f1: 41.10
epoch: 375, val_loss:2.881482, acc: 48.60, bacc: 42.23, tmp_test_f1: 33.78, f1: 41.10
epoch: 376, val_loss:2.884559, acc: 48.60, bacc: 42.23, tmp_test_f1: 35.21, f1: 41.10
epoch: 377, val_loss:2.878623, acc: 48.60, bacc: 42.23, tmp_test_f1: 35.09, f1: 41.10
epoch: 378, val_loss:2.865970, acc: 48.60, bacc: 42.23, tmp_test_f1: 33.61, f1: 41.10
epoch: 379, val_loss:2.925691, acc: 48.60, bacc: 42.23, tmp_test_f1: 32.90, f1: 41.10
epoch: 380, val_loss:2.962991, acc: 48.60, bacc: 42.23, tmp_test_f1: 32.89, f1: 41.10
epoch: 381, val_loss:2.999166, acc: 48.60, bacc: 42.23, tmp_test_f1: 32.74, f1: 41.10
epoch: 382, val_loss:2.999663, acc: 48.60, bacc: 42.23, tmp_test_f1: 33.86, f1: 41.10
epoch: 383, val_loss:2.971682, acc: 48.60, bacc: 42.23, tmp_test_f1: 34.34, f1: 41.10
epoch: 384, val_loss:2.945611, acc: 48.60, bacc: 42.23, tmp_test_f1: 32.48, f1: 41.10
epoch: 385, val_loss:2.952846, acc: 48.60, bacc: 42.23, tmp_test_f1: 32.19, f1: 41.10
epoch: 386, val_loss:2.984376, acc: 48.60, bacc: 42.23, tmp_test_f1: 31.50, f1: 41.10
epoch: 387, val_loss:3.033688, acc: 48.60, bacc: 42.23, tmp_test_f1: 31.01, f1: 41.10
epoch: 388, val_loss:3.075510, acc: 48.60, bacc: 42.23, tmp_test_f1: 31.00, f1: 41.10
epoch: 389, val_loss:3.086641, acc: 48.60, bacc: 42.23, tmp_test_f1: 31.57, f1: 41.10
epoch: 390, val_loss:3.054092, acc: 48.60, bacc: 42.23, tmp_test_f1: 32.35, f1: 41.10
epoch: 391, val_loss:3.000716, acc: 48.60, bacc: 42.23, tmp_test_f1: 33.30, f1: 41.10
epoch: 392, val_loss:2.958414, acc: 48.60, bacc: 42.23, tmp_test_f1: 33.87, f1: 41.10
epoch: 393, val_loss:2.922909, acc: 48.60, bacc: 42.23, tmp_test_f1: 34.03, f1: 41.10
epoch: 394, val_loss:2.876009, acc: 48.60, bacc: 42.23, tmp_test_f1: 33.59, f1: 41.10
epoch: 395, val_loss:2.843791, acc: 48.60, bacc: 42.23, tmp_test_f1: 33.50, f1: 41.10
epoch: 396, val_loss:2.828385, acc: 48.60, bacc: 42.23, tmp_test_f1: 33.33, f1: 41.10
epoch: 397, val_loss:2.837034, acc: 48.60, bacc: 42.23, tmp_test_f1: 33.09, f1: 41.10
epoch: 398, val_loss:2.849105, acc: 48.60, bacc: 42.23, tmp_test_f1: 32.51, f1: 41.10
epoch: 399, val_loss:2.876733, acc: 48.60, bacc: 42.23, tmp_test_f1: 31.69, f1: 41.10
epoch: 400, val_loss:2.899197, acc: 48.60, bacc: 42.23, tmp_test_f1: 30.40, f1: 41.10
epoch: 401, val_loss:2.913997, acc: 48.60, bacc: 42.23, tmp_test_f1: 30.32, f1: 41.10
epoch: 402, val_loss:2.931662, acc: 48.60, bacc: 42.23, tmp_test_f1: 29.99, f1: 41.10
epoch: 403, val_loss:2.941228, acc: 48.60, bacc: 42.23, tmp_test_f1: 30.09, f1: 41.10
epoch: 404, val_loss:2.959717, acc: 48.60, bacc: 42.23, tmp_test_f1: 30.17, f1: 41.10
epoch: 405, val_loss:2.959523, acc: 48.60, bacc: 42.23, tmp_test_f1: 30.18, f1: 41.10
epoch: 406, val_loss:2.930814, acc: 48.60, bacc: 42.23, tmp_test_f1: 30.29, f1: 41.10
epoch: 407, val_loss:2.847326, acc: 48.60, bacc: 42.23, tmp_test_f1: 30.09, f1: 41.10
epoch: 408, val_loss:2.770754, acc: 48.60, bacc: 42.23, tmp_test_f1: 30.16, f1: 41.10
epoch: 409, val_loss:2.739789, acc: 48.60, bacc: 42.23, tmp_test_f1: 31.31, f1: 41.10
epoch: 410, val_loss:2.699105, acc: 48.60, bacc: 42.23, tmp_test_f1: 30.71, f1: 41.10
epoch: 411, val_loss:2.618748, acc: 48.60, bacc: 42.23, tmp_test_f1: 30.80, f1: 41.10
epoch: 412, val_loss:2.576639, acc: 48.60, bacc: 42.23, tmp_test_f1: 32.68, f1: 41.10
epoch: 413, val_loss:2.521589, acc: 48.60, bacc: 42.23, tmp_test_f1: 33.95, f1: 41.10
epoch: 414, val_loss:2.478624, acc: 48.60, bacc: 42.23, tmp_test_f1: 33.97, f1: 41.10
epoch: 415, val_loss:2.398677, acc: 48.60, bacc: 42.23, tmp_test_f1: 32.63, f1: 41.10
epoch: 416, val_loss:2.372929, acc: 48.60, bacc: 42.23, tmp_test_f1: 32.16, f1: 41.10
epoch: 417, val_loss:2.372751, acc: 48.60, bacc: 42.23, tmp_test_f1: 32.20, f1: 41.10
epoch: 418, val_loss:2.391613, acc: 48.60, bacc: 42.23, tmp_test_f1: 32.82, f1: 41.10
epoch: 419, val_loss:2.412256, acc: 48.60, bacc: 42.23, tmp_test_f1: 32.45, f1: 41.10
epoch: 420, val_loss:2.434097, acc: 48.60, bacc: 42.23, tmp_test_f1: 32.46, f1: 41.10
epoch: 421, val_loss:2.451310, acc: 48.60, bacc: 42.23, tmp_test_f1: 32.60, f1: 41.10
epoch: 422, val_loss:2.464439, acc: 48.60, bacc: 42.23, tmp_test_f1: 32.81, f1: 41.10
epoch: 423, val_loss:2.452080, acc: 48.60, bacc: 42.23, tmp_test_f1: 32.90, f1: 41.10
epoch: 424, val_loss:2.433545, acc: 48.60, bacc: 42.23, tmp_test_f1: 33.49, f1: 41.10
epoch: 425, val_loss:2.413871, acc: 48.60, bacc: 42.23, tmp_test_f1: 33.95, f1: 41.10
epoch: 426, val_loss:2.394135, acc: 48.60, bacc: 42.23, tmp_test_f1: 34.92, f1: 41.10
epoch: 427, val_loss:2.370958, acc: 48.60, bacc: 42.23, tmp_test_f1: 35.70, f1: 41.10
epoch: 428, val_loss:2.344904, acc: 48.60, bacc: 42.23, tmp_test_f1: 36.26, f1: 41.10
Epoch 00429: reducing learning rate of group 0 to 2.5000e-02.
Epoch 00429: reducing learning rate of group 1 to 2.5000e-02.
epoch: 429, val_loss:2.284529, acc: 48.60, bacc: 42.23, tmp_test_f1: 35.63, f1: 41.10
epoch: 430, val_loss:2.239845, acc: 48.60, bacc: 42.23, tmp_test_f1: 34.85, f1: 41.10
epoch: 431, val_loss:2.229919, acc: 48.60, bacc: 42.23, tmp_test_f1: 34.70, f1: 41.10
epoch: 432, val_loss:2.223752, acc: 48.60, bacc: 42.23, tmp_test_f1: 33.89, f1: 41.10
epoch: 433, val_loss:2.223943, acc: 48.60, bacc: 42.23, tmp_test_f1: 33.75, f1: 41.10
epoch: 434, val_loss:2.229630, acc: 48.60, bacc: 42.23, tmp_test_f1: 33.67, f1: 41.10
epoch: 435, val_loss:2.245854, acc: 48.60, bacc: 42.23, tmp_test_f1: 33.18, f1: 41.10
epoch: 436, val_loss:2.260511, acc: 48.60, bacc: 42.23, tmp_test_f1: 32.42, f1: 41.10
epoch: 437, val_loss:2.271996, acc: 48.60, bacc: 42.23, tmp_test_f1: 32.77, f1: 41.10
epoch: 438, val_loss:2.296319, acc: 48.60, bacc: 42.23, tmp_test_f1: 32.13, f1: 41.10
epoch: 439, val_loss:2.324779, acc: 48.60, bacc: 42.23, tmp_test_f1: 32.36, f1: 41.10
epoch: 440, val_loss:2.354852, acc: 48.60, bacc: 42.23, tmp_test_f1: 32.54, f1: 41.10
epoch: 441, val_loss:2.380475, acc: 48.60, bacc: 42.23, tmp_test_f1: 32.88, f1: 41.10
epoch: 442, val_loss:2.416412, acc: 48.60, bacc: 42.23, tmp_test_f1: 32.79, f1: 41.10
epoch: 443, val_loss:2.461333, acc: 48.60, bacc: 42.23, tmp_test_f1: 32.94, f1: 41.10
epoch: 444, val_loss:2.502996, acc: 48.60, bacc: 42.23, tmp_test_f1: 33.14, f1: 41.10
epoch: 445, val_loss:2.524803, acc: 48.60, bacc: 42.23, tmp_test_f1: 33.74, f1: 41.10
epoch: 446, val_loss:2.543387, acc: 48.60, bacc: 42.23, tmp_test_f1: 33.82, f1: 41.10
epoch: 447, val_loss:2.556937, acc: 48.60, bacc: 42.23, tmp_test_f1: 34.05, f1: 41.10
epoch: 448, val_loss:2.555031, acc: 48.60, bacc: 42.23, tmp_test_f1: 33.85, f1: 41.10
epoch: 449, val_loss:2.551596, acc: 48.60, bacc: 42.23, tmp_test_f1: 33.75, f1: 41.10
epoch: 450, val_loss:2.540753, acc: 48.60, bacc: 42.23, tmp_test_f1: 34.03, f1: 41.10
epoch: 451, val_loss:2.527723, acc: 48.60, bacc: 42.23, tmp_test_f1: 34.95, f1: 41.10
epoch: 452, val_loss:2.502658, acc: 48.60, bacc: 42.23, tmp_test_f1: 35.46, f1: 41.10
epoch: 453, val_loss:2.472841, acc: 48.60, bacc: 42.23, tmp_test_f1: 35.80, f1: 41.10
epoch: 454, val_loss:2.445365, acc: 48.60, bacc: 42.23, tmp_test_f1: 35.94, f1: 41.10
epoch: 455, val_loss:2.421070, acc: 48.60, bacc: 42.23, tmp_test_f1: 35.83, f1: 41.10
epoch: 456, val_loss:2.405021, acc: 48.60, bacc: 42.23, tmp_test_f1: 35.77, f1: 41.10
epoch: 457, val_loss:2.392691, acc: 48.60, bacc: 42.23, tmp_test_f1: 35.38, f1: 41.10
epoch: 458, val_loss:2.392157, acc: 48.60, bacc: 42.23, tmp_test_f1: 35.06, f1: 41.10
epoch: 459, val_loss:2.392016, acc: 48.60, bacc: 42.23, tmp_test_f1: 34.26, f1: 41.10
epoch: 460, val_loss:2.395481, acc: 48.60, bacc: 42.23, tmp_test_f1: 33.59, f1: 41.10
epoch: 461, val_loss:2.400053, acc: 48.60, bacc: 42.23, tmp_test_f1: 33.23, f1: 41.10
epoch: 462, val_loss:2.400220, acc: 48.60, bacc: 42.23, tmp_test_f1: 33.54, f1: 41.10
epoch: 463, val_loss:2.403316, acc: 48.60, bacc: 42.23, tmp_test_f1: 33.71, f1: 41.10
epoch: 464, val_loss:2.410808, acc: 48.60, bacc: 42.23, tmp_test_f1: 33.48, f1: 41.10
epoch: 465, val_loss:2.414970, acc: 48.60, bacc: 42.23, tmp_test_f1: 33.34, f1: 41.10
epoch: 466, val_loss:2.414355, acc: 48.60, bacc: 42.23, tmp_test_f1: 33.20, f1: 41.10
epoch: 467, val_loss:2.418972, acc: 48.60, bacc: 42.23, tmp_test_f1: 33.24, f1: 41.10
epoch: 468, val_loss:2.429608, acc: 48.60, bacc: 42.23, tmp_test_f1: 33.15, f1: 41.10
epoch: 469, val_loss:2.441754, acc: 48.60, bacc: 42.23, tmp_test_f1: 33.06, f1: 41.10
epoch: 470, val_loss:2.453416, acc: 48.60, bacc: 42.23, tmp_test_f1: 33.40, f1: 41.10
epoch: 471, val_loss:2.461878, acc: 48.60, bacc: 42.23, tmp_test_f1: 33.10, f1: 41.10
epoch: 472, val_loss:2.468244, acc: 48.60, bacc: 42.23, tmp_test_f1: 32.50, f1: 41.10
epoch: 473, val_loss:2.471675, acc: 48.60, bacc: 42.23, tmp_test_f1: 33.24, f1: 41.10
epoch: 474, val_loss:2.469931, acc: 48.60, bacc: 42.23, tmp_test_f1: 33.28, f1: 41.10
epoch: 475, val_loss:2.468147, acc: 48.60, bacc: 42.23, tmp_test_f1: 33.49, f1: 41.10
epoch: 476, val_loss:2.464412, acc: 48.60, bacc: 42.23, tmp_test_f1: 33.66, f1: 41.10
epoch: 477, val_loss:2.457970, acc: 48.60, bacc: 42.23, tmp_test_f1: 34.27, f1: 41.10
epoch: 478, val_loss:2.449696, acc: 48.60, bacc: 42.23, tmp_test_f1: 34.73, f1: 41.10
epoch: 479, val_loss:2.421190, acc: 48.60, bacc: 42.23, tmp_test_f1: 35.52, f1: 41.10
epoch: 480, val_loss:2.406068, acc: 48.60, bacc: 42.23, tmp_test_f1: 35.30, f1: 41.10
epoch: 481, val_loss:2.413163, acc: 48.60, bacc: 42.23, tmp_test_f1: 34.24, f1: 41.10
epoch: 482, val_loss:2.410786, acc: 48.60, bacc: 42.23, tmp_test_f1: 34.10, f1: 41.10
epoch: 483, val_loss:2.439527, acc: 48.60, bacc: 42.23, tmp_test_f1: 33.60, f1: 41.10
epoch: 484, val_loss:2.473486, acc: 48.60, bacc: 42.23, tmp_test_f1: 33.47, f1: 41.10
epoch: 485, val_loss:2.495848, acc: 48.60, bacc: 42.23, tmp_test_f1: 33.63, f1: 41.10
epoch: 486, val_loss:2.483912, acc: 48.60, bacc: 42.23, tmp_test_f1: 33.31, f1: 41.10
epoch: 487, val_loss:2.470846, acc: 48.60, bacc: 42.23, tmp_test_f1: 33.43, f1: 41.10
epoch: 488, val_loss:2.452426, acc: 48.60, bacc: 42.23, tmp_test_f1: 33.53, f1: 41.10
epoch: 489, val_loss:2.416183, acc: 48.60, bacc: 42.23, tmp_test_f1: 33.87, f1: 41.10
epoch: 490, val_loss:2.388479, acc: 48.60, bacc: 42.23, tmp_test_f1: 34.04, f1: 41.10
epoch: 491, val_loss:2.365386, acc: 48.60, bacc: 42.23, tmp_test_f1: 34.11, f1: 41.10
epoch: 492, val_loss:2.349678, acc: 48.60, bacc: 42.23, tmp_test_f1: 34.45, f1: 41.10
epoch: 493, val_loss:2.336107, acc: 48.60, bacc: 42.23, tmp_test_f1: 34.27, f1: 41.10
epoch: 494, val_loss:2.330431, acc: 48.60, bacc: 42.23, tmp_test_f1: 34.20, f1: 41.10
epoch: 495, val_loss:2.328204, acc: 48.60, bacc: 42.23, tmp_test_f1: 33.97, f1: 41.10
epoch: 496, val_loss:2.327549, acc: 48.60, bacc: 42.23, tmp_test_f1: 33.94, f1: 41.10
epoch: 497, val_loss:2.326362, acc: 48.60, bacc: 42.23, tmp_test_f1: 33.87, f1: 41.10
epoch: 498, val_loss:2.331787, acc: 48.60, bacc: 42.23, tmp_test_f1: 33.67, f1: 41.10
epoch: 499, val_loss:2.351068, acc: 48.60, bacc: 42.23, tmp_test_f1: 33.63, f1: 41.10
epoch: 500, val_loss:2.367942, acc: 48.60, bacc: 42.23, tmp_test_f1: 33.58, f1: 41.10
epoch: 501, val_loss:2.382467, acc: 48.60, bacc: 42.23, tmp_test_f1: 33.38, f1: 41.10
epoch: 502, val_loss:2.396697, acc: 48.60, bacc: 42.23, tmp_test_f1: 33.03, f1: 41.10
epoch: 503, val_loss:2.410222, acc: 48.60, bacc: 42.23, tmp_test_f1: 33.12, f1: 41.10
epoch: 504, val_loss:2.417229, acc: 48.60, bacc: 42.23, tmp_test_f1: 33.28, f1: 41.10
epoch: 505, val_loss:2.421003, acc: 48.60, bacc: 42.23, tmp_test_f1: 33.40, f1: 41.10
epoch: 506, val_loss:2.417270, acc: 48.60, bacc: 42.23, tmp_test_f1: 33.47, f1: 41.10
epoch: 507, val_loss:2.404155, acc: 48.60, bacc: 42.23, tmp_test_f1: 33.48, f1: 41.10
epoch: 508, val_loss:2.388505, acc: 48.60, bacc: 42.23, tmp_test_f1: 33.82, f1: 41.10
epoch: 509, val_loss:2.347413, acc: 48.60, bacc: 42.23, tmp_test_f1: 33.63, f1: 41.10
epoch: 510, val_loss:2.331075, acc: 48.60, bacc: 42.23, tmp_test_f1: 33.56, f1: 41.10
epoch: 511, val_loss:2.321153, acc: 48.60, bacc: 42.23, tmp_test_f1: 33.23, f1: 41.10
epoch: 512, val_loss:2.311521, acc: 48.60, bacc: 42.23, tmp_test_f1: 33.01, f1: 41.10
epoch: 513, val_loss:2.302418, acc: 48.60, bacc: 42.23, tmp_test_f1: 33.13, f1: 41.10
epoch: 514, val_loss:2.298049, acc: 48.60, bacc: 42.23, tmp_test_f1: 32.56, f1: 41.10
epoch: 515, val_loss:2.300872, acc: 48.60, bacc: 42.23, tmp_test_f1: 32.81, f1: 41.10
epoch: 516, val_loss:2.305899, acc: 48.60, bacc: 42.23, tmp_test_f1: 32.11, f1: 41.10
epoch: 517, val_loss:2.312417, acc: 48.60, bacc: 42.23, tmp_test_f1: 31.71, f1: 41.10
epoch: 518, val_loss:2.326328, acc: 48.60, bacc: 42.23, tmp_test_f1: 31.15, f1: 41.10
epoch: 519, val_loss:2.344189, acc: 48.60, bacc: 42.23, tmp_test_f1: 31.12, f1: 41.10
epoch: 520, val_loss:2.352997, acc: 48.60, bacc: 42.23, tmp_test_f1: 31.54, f1: 41.10
epoch: 521, val_loss:2.379203, acc: 48.60, bacc: 42.23, tmp_test_f1: 30.51, f1: 41.10
epoch: 522, val_loss:2.405513, acc: 48.60, bacc: 42.23, tmp_test_f1: 31.64, f1: 41.10
epoch: 523, val_loss:2.373144, acc: 48.60, bacc: 42.23, tmp_test_f1: 32.60, f1: 41.10
epoch: 524, val_loss:2.349899, acc: 48.60, bacc: 42.23, tmp_test_f1: 32.96, f1: 41.10
epoch: 525, val_loss:2.344665, acc: 48.60, bacc: 42.23, tmp_test_f1: 32.78, f1: 41.10
epoch: 526, val_loss:2.332431, acc: 48.60, bacc: 42.23, tmp_test_f1: 32.65, f1: 41.10
epoch: 527, val_loss:2.315730, acc: 48.60, bacc: 42.23, tmp_test_f1: 32.97, f1: 41.10
epoch: 528, val_loss:2.311710, acc: 48.60, bacc: 42.23, tmp_test_f1: 32.04, f1: 41.10
epoch: 529, val_loss:2.369691, acc: 48.60, bacc: 42.23, tmp_test_f1: 30.89, f1: 41.10
epoch: 530, val_loss:2.398313, acc: 48.60, bacc: 42.23, tmp_test_f1: 30.89, f1: 41.10
epoch: 531, val_loss:2.408488, acc: 48.60, bacc: 42.23, tmp_test_f1: 31.41, f1: 41.10
epoch: 532, val_loss:2.411427, acc: 48.60, bacc: 42.23, tmp_test_f1: 32.17, f1: 41.10
epoch: 533, val_loss:2.419339, acc: 48.60, bacc: 42.23, tmp_test_f1: 32.51, f1: 41.10
epoch: 534, val_loss:2.427040, acc: 48.60, bacc: 42.23, tmp_test_f1: 32.44, f1: 41.10
epoch: 535, val_loss:2.441216, acc: 48.60, bacc: 42.23, tmp_test_f1: 32.31, f1: 41.10
epoch: 536, val_loss:2.448803, acc: 48.60, bacc: 42.23, tmp_test_f1: 32.43, f1: 41.10
epoch: 537, val_loss:2.443195, acc: 48.60, bacc: 42.23, tmp_test_f1: 32.63, f1: 41.10
epoch: 538, val_loss:2.431033, acc: 48.60, bacc: 42.23, tmp_test_f1: 32.80, f1: 41.10
epoch: 539, val_loss:2.423486, acc: 48.60, bacc: 42.23, tmp_test_f1: 33.23, f1: 41.10
epoch: 540, val_loss:2.404021, acc: 48.60, bacc: 42.23, tmp_test_f1: 33.40, f1: 41.10
epoch: 541, val_loss:2.384389, acc: 48.60, bacc: 42.23, tmp_test_f1: 33.09, f1: 41.10
epoch: 542, val_loss:2.378848, acc: 48.60, bacc: 42.23, tmp_test_f1: 32.97, f1: 41.10
epoch: 543, val_loss:2.372884, acc: 48.60, bacc: 42.23, tmp_test_f1: 33.18, f1: 41.10
epoch: 544, val_loss:2.368088, acc: 48.60, bacc: 42.23, tmp_test_f1: 33.24, f1: 41.10
epoch: 545, val_loss:2.357363, acc: 48.60, bacc: 42.23, tmp_test_f1: 33.18, f1: 41.10
epoch: 546, val_loss:2.343857, acc: 48.60, bacc: 42.23, tmp_test_f1: 32.50, f1: 41.10
epoch: 547, val_loss:2.335343, acc: 48.60, bacc: 42.23, tmp_test_f1: 32.51, f1: 41.10
epoch: 548, val_loss:2.320626, acc: 48.60, bacc: 42.23, tmp_test_f1: 32.63, f1: 41.10
epoch: 549, val_loss:2.303096, acc: 48.60, bacc: 42.23, tmp_test_f1: 32.73, f1: 41.10
epoch: 550, val_loss:2.298180, acc: 48.60, bacc: 42.23, tmp_test_f1: 32.10, f1: 41.10
epoch: 551, val_loss:2.294453, acc: 48.60, bacc: 42.23, tmp_test_f1: 32.26, f1: 41.10
epoch: 552, val_loss:2.291423, acc: 48.60, bacc: 42.23, tmp_test_f1: 33.28, f1: 41.10
epoch: 553, val_loss:2.287336, acc: 48.60, bacc: 42.23, tmp_test_f1: 33.05, f1: 41.10
epoch: 554, val_loss:2.287361, acc: 48.60, bacc: 42.23, tmp_test_f1: 33.18, f1: 41.10
epoch: 555, val_loss:2.273224, acc: 48.60, bacc: 42.23, tmp_test_f1: 33.32, f1: 41.10
epoch: 556, val_loss:2.257495, acc: 48.60, bacc: 42.23, tmp_test_f1: 32.69, f1: 41.10
epoch: 557, val_loss:2.255260, acc: 48.60, bacc: 42.23, tmp_test_f1: 32.78, f1: 41.10
epoch: 558, val_loss:2.259176, acc: 48.60, bacc: 42.23, tmp_test_f1: 32.75, f1: 41.10
epoch: 559, val_loss:2.264472, acc: 48.60, bacc: 42.23, tmp_test_f1: 32.77, f1: 41.10
epoch: 560, val_loss:2.270578, acc: 48.60, bacc: 42.23, tmp_test_f1: 32.46, f1: 41.10
epoch: 561, val_loss:2.282135, acc: 48.60, bacc: 42.23, tmp_test_f1: 32.35, f1: 41.10
epoch: 562, val_loss:2.301736, acc: 48.60, bacc: 42.23, tmp_test_f1: 32.26, f1: 41.10
epoch: 563, val_loss:2.321835, acc: 48.60, bacc: 42.23, tmp_test_f1: 32.03, f1: 41.10
epoch: 564, val_loss:2.338767, acc: 48.60, bacc: 42.23, tmp_test_f1: 31.50, f1: 41.10
epoch: 565, val_loss:2.356263, acc: 48.60, bacc: 42.23, tmp_test_f1: 30.80, f1: 41.10
epoch: 566, val_loss:2.377593, acc: 48.60, bacc: 42.23, tmp_test_f1: 30.58, f1: 41.10
epoch: 567, val_loss:2.364469, acc: 48.60, bacc: 42.23, tmp_test_f1: 30.70, f1: 41.10
epoch: 568, val_loss:2.342645, acc: 48.60, bacc: 42.23, tmp_test_f1: 31.56, f1: 41.10
epoch: 569, val_loss:2.316429, acc: 48.60, bacc: 42.23, tmp_test_f1: 31.79, f1: 41.10
epoch: 570, val_loss:2.301361, acc: 48.60, bacc: 42.23, tmp_test_f1: 31.83, f1: 41.10
epoch: 571, val_loss:2.290744, acc: 48.60, bacc: 42.23, tmp_test_f1: 31.90, f1: 41.10
epoch: 572, val_loss:2.297713, acc: 48.60, bacc: 42.23, tmp_test_f1: 31.56, f1: 41.10
epoch: 573, val_loss:2.300208, acc: 48.60, bacc: 42.23, tmp_test_f1: 31.32, f1: 41.10
epoch: 574, val_loss:2.303125, acc: 48.60, bacc: 42.23, tmp_test_f1: 30.39, f1: 41.10
epoch: 575, val_loss:2.306690, acc: 48.60, bacc: 42.23, tmp_test_f1: 30.78, f1: 41.10
epoch: 576, val_loss:2.274552, acc: 48.60, bacc: 42.23, tmp_test_f1: 30.19, f1: 41.10
epoch: 577, val_loss:2.246794, acc: 48.60, bacc: 42.23, tmp_test_f1: 30.72, f1: 41.10
epoch: 578, val_loss:2.222777, acc: 48.60, bacc: 42.23, tmp_test_f1: 30.70, f1: 41.10
epoch: 579, val_loss:2.204892, acc: 48.60, bacc: 42.23, tmp_test_f1: 30.96, f1: 41.10
epoch: 580, val_loss:2.188344, acc: 48.60, bacc: 42.23, tmp_test_f1: 31.54, f1: 41.10
epoch: 581, val_loss:2.172438, acc: 48.60, bacc: 42.23, tmp_test_f1: 31.83, f1: 41.10
epoch: 582, val_loss:2.158843, acc: 48.60, bacc: 42.23, tmp_test_f1: 32.88, f1: 41.10
epoch: 583, val_loss:2.148170, acc: 48.60, bacc: 42.23, tmp_test_f1: 34.07, f1: 41.10
epoch: 584, val_loss:2.147583, acc: 48.60, bacc: 42.23, tmp_test_f1: 34.07, f1: 41.10
epoch: 585, val_loss:2.172415, acc: 48.60, bacc: 42.23, tmp_test_f1: 34.05, f1: 41.10
epoch: 586, val_loss:2.188308, acc: 48.60, bacc: 42.23, tmp_test_f1: 33.69, f1: 41.10
epoch: 587, val_loss:2.205791, acc: 48.60, bacc: 42.23, tmp_test_f1: 33.53, f1: 41.10
epoch: 588, val_loss:2.233500, acc: 48.60, bacc: 42.23, tmp_test_f1: 32.92, f1: 41.10
epoch: 589, val_loss:2.255614, acc: 48.60, bacc: 42.23, tmp_test_f1: 33.00, f1: 41.10
epoch: 590, val_loss:2.275844, acc: 48.60, bacc: 42.23, tmp_test_f1: 32.50, f1: 41.10
epoch: 591, val_loss:2.303815, acc: 48.60, bacc: 42.23, tmp_test_f1: 31.97, f1: 41.10
epoch: 592, val_loss:2.340828, acc: 48.60, bacc: 42.23, tmp_test_f1: 31.53, f1: 41.10
epoch: 593, val_loss:2.369193, acc: 48.60, bacc: 42.23, tmp_test_f1: 32.69, f1: 41.10
epoch: 594, val_loss:2.388775, acc: 48.60, bacc: 42.23, tmp_test_f1: 32.12, f1: 41.10
epoch: 595, val_loss:2.383049, acc: 48.60, bacc: 42.23, tmp_test_f1: 32.08, f1: 41.10
epoch: 596, val_loss:2.380657, acc: 48.60, bacc: 42.23, tmp_test_f1: 31.42, f1: 41.10
epoch: 597, val_loss:2.377254, acc: 48.60, bacc: 42.23, tmp_test_f1: 31.02, f1: 41.10
epoch: 598, val_loss:2.373025, acc: 48.60, bacc: 42.23, tmp_test_f1: 31.40, f1: 41.10
epoch: 599, val_loss:2.370380, acc: 48.60, bacc: 42.23, tmp_test_f1: 31.64, f1: 41.10
epoch: 600, val_loss:2.333064, acc: 48.60, bacc: 42.23, tmp_test_f1: 31.57, f1: 41.10
epoch: 601, val_loss:2.309636, acc: 48.60, bacc: 42.23, tmp_test_f1: 31.89, f1: 41.10
epoch: 602, val_loss:2.307474, acc: 48.60, bacc: 42.23, tmp_test_f1: 32.03, f1: 41.10
epoch: 603, val_loss:2.307581, acc: 48.60, bacc: 42.23, tmp_test_f1: 32.04, f1: 41.10
epoch: 604, val_loss:2.301811, acc: 48.60, bacc: 42.23, tmp_test_f1: 32.42, f1: 41.10
epoch: 605, val_loss:2.298035, acc: 48.60, bacc: 42.23, tmp_test_f1: 33.19, f1: 41.10
epoch: 606, val_loss:2.306291, acc: 48.60, bacc: 42.23, tmp_test_f1: 32.77, f1: 41.10
epoch: 607, val_loss:2.318753, acc: 48.60, bacc: 42.23, tmp_test_f1: 33.41, f1: 41.10
epoch: 608, val_loss:2.331522, acc: 48.60, bacc: 42.23, tmp_test_f1: 32.99, f1: 41.10
epoch: 609, val_loss:2.341399, acc: 48.60, bacc: 42.23, tmp_test_f1: 32.19, f1: 41.10
epoch: 610, val_loss:2.353001, acc: 48.60, bacc: 42.23, tmp_test_f1: 32.31, f1: 41.10
epoch: 611, val_loss:2.346628, acc: 48.60, bacc: 42.23, tmp_test_f1: 32.28, f1: 41.10
epoch: 612, val_loss:2.331878, acc: 48.60, bacc: 42.23, tmp_test_f1: 31.82, f1: 41.10
epoch: 613, val_loss:2.320822, acc: 48.60, bacc: 42.23, tmp_test_f1: 31.98, f1: 41.10
epoch: 614, val_loss:2.310747, acc: 48.60, bacc: 42.23, tmp_test_f1: 32.05, f1: 41.10
epoch: 615, val_loss:2.305774, acc: 48.60, bacc: 42.23, tmp_test_f1: 32.08, f1: 41.10
epoch: 616, val_loss:2.299919, acc: 48.60, bacc: 42.23, tmp_test_f1: 31.90, f1: 41.10
epoch: 617, val_loss:2.309399, acc: 48.60, bacc: 42.23, tmp_test_f1: 31.49, f1: 41.10
epoch: 618, val_loss:2.328394, acc: 48.60, bacc: 42.23, tmp_test_f1: 31.51, f1: 41.10
epoch: 619, val_loss:2.342577, acc: 48.60, bacc: 42.23, tmp_test_f1: 31.71, f1: 41.10
epoch: 620, val_loss:2.336707, acc: 48.60, bacc: 42.23, tmp_test_f1: 31.65, f1: 41.10
epoch: 621, val_loss:2.320634, acc: 48.60, bacc: 42.23, tmp_test_f1: 31.76, f1: 41.10
epoch: 622, val_loss:2.304085, acc: 48.60, bacc: 42.23, tmp_test_f1: 31.77, f1: 41.10
epoch: 623, val_loss:2.295717, acc: 48.60, bacc: 42.23, tmp_test_f1: 31.10, f1: 41.10
epoch: 624, val_loss:2.317422, acc: 48.60, bacc: 42.23, tmp_test_f1: 31.64, f1: 41.10
epoch: 625, val_loss:2.341373, acc: 48.60, bacc: 42.23, tmp_test_f1: 30.97, f1: 41.10
epoch: 626, val_loss:2.368755, acc: 48.60, bacc: 42.23, tmp_test_f1: 30.22, f1: 41.10
epoch: 627, val_loss:2.390981, acc: 48.60, bacc: 42.23, tmp_test_f1: 29.09, f1: 41.10
epoch: 628, val_loss:2.404222, acc: 48.60, bacc: 42.23, tmp_test_f1: 29.08, f1: 41.10
epoch: 629, val_loss:2.421728, acc: 48.60, bacc: 42.23, tmp_test_f1: 28.32, f1: 41.10
Epoch 00630: reducing learning rate of group 0 to 1.2500e-02.
Epoch 00630: reducing learning rate of group 1 to 1.2500e-02.
epoch: 630, val_loss:2.439707, acc: 48.60, bacc: 42.23, tmp_test_f1: 28.89, f1: 41.10
epoch: 631, val_loss:2.394433, acc: 48.60, bacc: 42.23, tmp_test_f1: 29.31, f1: 41.10
epoch: 632, val_loss:2.350965, acc: 48.60, bacc: 42.23, tmp_test_f1: 29.82, f1: 41.10
epoch: 633, val_loss:2.307969, acc: 48.60, bacc: 42.23, tmp_test_f1: 30.20, f1: 41.10
epoch: 634, val_loss:2.273011, acc: 48.60, bacc: 42.23, tmp_test_f1: 30.31, f1: 41.10
epoch: 635, val_loss:2.245476, acc: 48.60, bacc: 42.23, tmp_test_f1: 30.82, f1: 41.10
epoch: 636, val_loss:2.223432, acc: 48.60, bacc: 42.23, tmp_test_f1: 31.36, f1: 41.10
epoch: 637, val_loss:2.209171, acc: 48.60, bacc: 42.23, tmp_test_f1: 31.67, f1: 41.10
epoch: 638, val_loss:2.198734, acc: 48.60, bacc: 42.23, tmp_test_f1: 31.67, f1: 41.10
epoch: 639, val_loss:2.193700, acc: 48.60, bacc: 42.23, tmp_test_f1: 31.54, f1: 41.10
epoch: 640, val_loss:2.188260, acc: 48.60, bacc: 42.23, tmp_test_f1: 31.45, f1: 41.10
epoch: 641, val_loss:2.185137, acc: 48.60, bacc: 42.23, tmp_test_f1: 31.23, f1: 41.10
epoch: 642, val_loss:2.183320, acc: 48.60, bacc: 42.23, tmp_test_f1: 31.17, f1: 41.10
epoch: 643, val_loss:2.184433, acc: 48.60, bacc: 42.23, tmp_test_f1: 31.49, f1: 41.10
epoch: 644, val_loss:2.188465, acc: 48.60, bacc: 42.23, tmp_test_f1: 31.48, f1: 41.10
epoch: 645, val_loss:2.196354, acc: 48.60, bacc: 42.23, tmp_test_f1: 31.48, f1: 41.10
epoch: 646, val_loss:2.210000, acc: 48.60, bacc: 42.23, tmp_test_f1: 31.35, f1: 41.10
epoch: 647, val_loss:2.228155, acc: 48.60, bacc: 42.23, tmp_test_f1: 31.69, f1: 41.10
epoch: 648, val_loss:2.248154, acc: 48.60, bacc: 42.23, tmp_test_f1: 31.55, f1: 41.10
epoch: 649, val_loss:2.266819, acc: 48.60, bacc: 42.23, tmp_test_f1: 31.22, f1: 41.10
epoch: 650, val_loss:2.286471, acc: 48.60, bacc: 42.23, tmp_test_f1: 31.16, f1: 41.10
epoch: 651, val_loss:2.305120, acc: 48.60, bacc: 42.23, tmp_test_f1: 31.08, f1: 41.10
epoch: 652, val_loss:2.324219, acc: 48.60, bacc: 42.23, tmp_test_f1: 31.02, f1: 41.10
epoch: 653, val_loss:2.361150, acc: 48.60, bacc: 42.23, tmp_test_f1: 30.58, f1: 41.10
epoch: 654, val_loss:2.404883, acc: 48.60, bacc: 42.23, tmp_test_f1: 30.07, f1: 41.10
epoch: 655, val_loss:2.448832, acc: 48.60, bacc: 42.23, tmp_test_f1: 29.87, f1: 41.10
epoch: 656, val_loss:2.489318, acc: 48.60, bacc: 42.23, tmp_test_f1: 30.12, f1: 41.10
epoch: 657, val_loss:2.518732, acc: 48.60, bacc: 42.23, tmp_test_f1: 30.25, f1: 41.10
epoch: 658, val_loss:2.537267, acc: 48.60, bacc: 42.23, tmp_test_f1: 30.27, f1: 41.10
epoch: 659, val_loss:2.541049, acc: 48.60, bacc: 42.23, tmp_test_f1: 30.66, f1: 41.10
epoch: 660, val_loss:2.537589, acc: 48.60, bacc: 42.23, tmp_test_f1: 31.13, f1: 41.10
epoch: 661, val_loss:2.525540, acc: 48.60, bacc: 42.23, tmp_test_f1: 31.53, f1: 41.10
epoch: 662, val_loss:2.505064, acc: 48.60, bacc: 42.23, tmp_test_f1: 32.02, f1: 41.10
epoch: 663, val_loss:2.478548, acc: 48.60, bacc: 42.23, tmp_test_f1: 32.72, f1: 41.10
epoch: 664, val_loss:2.448298, acc: 48.60, bacc: 42.23, tmp_test_f1: 33.02, f1: 41.10
epoch: 665, val_loss:2.406294, acc: 48.60, bacc: 42.23, tmp_test_f1: 32.70, f1: 41.10
epoch: 666, val_loss:2.369697, acc: 48.60, bacc: 42.23, tmp_test_f1: 32.40, f1: 41.10
epoch: 667, val_loss:2.332781, acc: 48.60, bacc: 42.23, tmp_test_f1: 32.96, f1: 41.10
epoch: 668, val_loss:2.275735, acc: 48.60, bacc: 42.23, tmp_test_f1: 33.70, f1: 41.10
epoch: 669, val_loss:2.238737, acc: 48.60, bacc: 42.23, tmp_test_f1: 33.81, f1: 41.10
epoch: 670, val_loss:2.216422, acc: 48.60, bacc: 42.23, tmp_test_f1: 33.97, f1: 41.10
epoch: 671, val_loss:2.201571, acc: 48.60, bacc: 42.23, tmp_test_f1: 33.81, f1: 41.10
epoch: 672, val_loss:2.192116, acc: 48.60, bacc: 42.23, tmp_test_f1: 33.76, f1: 41.10
epoch: 673, val_loss:2.184195, acc: 48.60, bacc: 42.23, tmp_test_f1: 33.55, f1: 41.10
epoch: 674, val_loss:2.177268, acc: 48.60, bacc: 42.23, tmp_test_f1: 33.46, f1: 41.10
epoch: 675, val_loss:2.173647, acc: 48.60, bacc: 42.23, tmp_test_f1: 32.56, f1: 41.10
epoch: 676, val_loss:2.178348, acc: 48.60, bacc: 42.23, tmp_test_f1: 32.58, f1: 41.10
epoch: 677, val_loss:2.184523, acc: 48.60, bacc: 42.23, tmp_test_f1: 32.55, f1: 41.10
epoch: 678, val_loss:2.190186, acc: 48.60, bacc: 42.23, tmp_test_f1: 33.12, f1: 41.10
epoch: 679, val_loss:2.199109, acc: 48.60, bacc: 42.23, tmp_test_f1: 33.28, f1: 41.10
epoch: 680, val_loss:2.210218, acc: 48.60, bacc: 42.23, tmp_test_f1: 33.14, f1: 41.10
epoch: 681, val_loss:2.223591, acc: 48.60, bacc: 42.23, tmp_test_f1: 32.89, f1: 41.10
epoch: 682, val_loss:2.237697, acc: 48.60, bacc: 42.23, tmp_test_f1: 32.48, f1: 41.10
epoch: 683, val_loss:2.256557, acc: 48.60, bacc: 42.23, tmp_test_f1: 31.94, f1: 41.10
epoch: 684, val_loss:2.270069, acc: 48.60, bacc: 42.23, tmp_test_f1: 31.93, f1: 41.10
epoch: 685, val_loss:2.284047, acc: 48.60, bacc: 42.23, tmp_test_f1: 31.97, f1: 41.10
epoch: 686, val_loss:2.298026, acc: 48.60, bacc: 42.23, tmp_test_f1: 32.14, f1: 41.10
epoch: 687, val_loss:2.310419, acc: 48.60, bacc: 42.23, tmp_test_f1: 31.53, f1: 41.10
epoch: 688, val_loss:2.321315, acc: 48.60, bacc: 42.23, tmp_test_f1: 31.76, f1: 41.10
epoch: 689, val_loss:2.325698, acc: 48.60, bacc: 42.23, tmp_test_f1: 32.13, f1: 41.10
epoch: 690, val_loss:2.326516, acc: 48.60, bacc: 42.23, tmp_test_f1: 31.95, f1: 41.10
epoch: 691, val_loss:2.326571, acc: 48.60, bacc: 42.23, tmp_test_f1: 32.07, f1: 41.10
epoch: 692, val_loss:2.323454, acc: 48.60, bacc: 42.23, tmp_test_f1: 32.32, f1: 41.10
epoch: 693, val_loss:2.312901, acc: 48.60, bacc: 42.23, tmp_test_f1: 32.45, f1: 41.10
epoch: 694, val_loss:2.304880, acc: 48.60, bacc: 42.23, tmp_test_f1: 31.80, f1: 41.10
epoch: 695, val_loss:2.297556, acc: 48.60, bacc: 42.23, tmp_test_f1: 31.67, f1: 41.10
epoch: 696, val_loss:2.290092, acc: 48.60, bacc: 42.23, tmp_test_f1: 31.89, f1: 41.10
epoch: 697, val_loss:2.282508, acc: 48.60, bacc: 42.23, tmp_test_f1: 31.99, f1: 41.10
epoch: 698, val_loss:2.273681, acc: 48.60, bacc: 42.23, tmp_test_f1: 31.81, f1: 41.10
epoch: 699, val_loss:2.268075, acc: 48.60, bacc: 42.23, tmp_test_f1: 31.72, f1: 41.10
epoch: 700, val_loss:2.264522, acc: 48.60, bacc: 42.23, tmp_test_f1: 31.56, f1: 41.10
epoch: 701, val_loss:2.262933, acc: 48.60, bacc: 42.23, tmp_test_f1: 31.40, f1: 41.10
epoch: 702, val_loss:2.265975, acc: 48.60, bacc: 42.23, tmp_test_f1: 31.45, f1: 41.10
epoch: 703, val_loss:2.272094, acc: 48.60, bacc: 42.23, tmp_test_f1: 31.80, f1: 41.10
epoch: 704, val_loss:2.277056, acc: 48.60, bacc: 42.23, tmp_test_f1: 31.82, f1: 41.10
epoch: 705, val_loss:2.280969, acc: 48.60, bacc: 42.23, tmp_test_f1: 31.46, f1: 41.10
epoch: 706, val_loss:2.286267, acc: 48.60, bacc: 42.23, tmp_test_f1: 31.82, f1: 41.10
epoch: 707, val_loss:2.290137, acc: 48.60, bacc: 42.23, tmp_test_f1: 32.35, f1: 41.10
epoch: 708, val_loss:2.292686, acc: 48.60, bacc: 42.23, tmp_test_f1: 32.72, f1: 41.10
epoch: 709, val_loss:2.294810, acc: 48.60, bacc: 42.23, tmp_test_f1: 32.90, f1: 41.10
epoch: 710, val_loss:2.295574, acc: 48.60, bacc: 42.23, tmp_test_f1: 33.01, f1: 41.10
epoch: 711, val_loss:2.296299, acc: 48.60, bacc: 42.23, tmp_test_f1: 33.08, f1: 41.10
epoch: 712, val_loss:2.299709, acc: 48.60, bacc: 42.23, tmp_test_f1: 33.59, f1: 41.10
epoch: 713, val_loss:2.299441, acc: 48.60, bacc: 42.23, tmp_test_f1: 33.94, f1: 41.10
epoch: 714, val_loss:2.301803, acc: 48.60, bacc: 42.23, tmp_test_f1: 33.77, f1: 41.10
epoch: 715, val_loss:2.309791, acc: 48.60, bacc: 42.23, tmp_test_f1: 33.86, f1: 41.10
epoch: 716, val_loss:2.318810, acc: 48.60, bacc: 42.23, tmp_test_f1: 32.81, f1: 41.10
epoch: 717, val_loss:2.335925, acc: 48.60, bacc: 42.23, tmp_test_f1: 33.51, f1: 41.10
epoch: 718, val_loss:2.350431, acc: 48.60, bacc: 42.23, tmp_test_f1: 33.08, f1: 41.10
epoch: 719, val_loss:2.360433, acc: 48.60, bacc: 42.23, tmp_test_f1: 32.93, f1: 41.10
epoch: 720, val_loss:2.366540, acc: 48.60, bacc: 42.23, tmp_test_f1: 32.81, f1: 41.10
epoch: 721, val_loss:2.365419, acc: 48.60, bacc: 42.23, tmp_test_f1: 32.52, f1: 41.10
epoch: 722, val_loss:2.364037, acc: 48.60, bacc: 42.23, tmp_test_f1: 32.87, f1: 41.10
epoch: 723, val_loss:2.350490, acc: 48.60, bacc: 42.23, tmp_test_f1: 32.53, f1: 41.10
epoch: 724, val_loss:2.335562, acc: 48.60, bacc: 42.23, tmp_test_f1: 32.40, f1: 41.10
epoch: 725, val_loss:2.303517, acc: 48.60, bacc: 42.23, tmp_test_f1: 32.41, f1: 41.10
epoch: 726, val_loss:2.280206, acc: 48.60, bacc: 42.23, tmp_test_f1: 32.67, f1: 41.10
epoch: 727, val_loss:2.260398, acc: 48.60, bacc: 42.23, tmp_test_f1: 33.03, f1: 41.10
epoch: 728, val_loss:2.242886, acc: 48.60, bacc: 42.23, tmp_test_f1: 32.88, f1: 41.10
epoch: 729, val_loss:2.229554, acc: 48.60, bacc: 42.23, tmp_test_f1: 32.63, f1: 41.10
epoch: 730, val_loss:2.227163, acc: 48.60, bacc: 42.23, tmp_test_f1: 32.30, f1: 41.10
epoch: 731, val_loss:2.230423, acc: 48.60, bacc: 42.23, tmp_test_f1: 32.30, f1: 41.10
epoch: 732, val_loss:2.233536, acc: 48.60, bacc: 42.23, tmp_test_f1: 32.00, f1: 41.10
epoch: 733, val_loss:2.237180, acc: 48.60, bacc: 42.23, tmp_test_f1: 32.01, f1: 41.10
epoch: 734, val_loss:2.238293, acc: 48.60, bacc: 42.23, tmp_test_f1: 32.20, f1: 41.10
epoch: 735, val_loss:2.236375, acc: 48.60, bacc: 42.23, tmp_test_f1: 32.37, f1: 41.10
epoch: 736, val_loss:2.231172, acc: 48.60, bacc: 42.23, tmp_test_f1: 32.62, f1: 41.10
epoch: 737, val_loss:2.229231, acc: 48.60, bacc: 42.23, tmp_test_f1: 32.59, f1: 41.10
epoch: 738, val_loss:2.227699, acc: 48.60, bacc: 42.23, tmp_test_f1: 32.46, f1: 41.10
epoch: 739, val_loss:2.224898, acc: 48.60, bacc: 42.23, tmp_test_f1: 32.63, f1: 41.10
epoch: 740, val_loss:2.225030, acc: 48.60, bacc: 42.23, tmp_test_f1: 32.50, f1: 41.10
epoch: 741, val_loss:2.213394, acc: 48.60, bacc: 42.23, tmp_test_f1: 32.90, f1: 41.10
epoch: 742, val_loss:2.200112, acc: 48.60, bacc: 42.23, tmp_test_f1: 32.66, f1: 41.10
epoch: 743, val_loss:2.194309, acc: 48.60, bacc: 42.23, tmp_test_f1: 32.75, f1: 41.10
epoch: 744, val_loss:2.191041, acc: 48.60, bacc: 42.23, tmp_test_f1: 32.69, f1: 41.10
epoch: 745, val_loss:2.191959, acc: 48.60, bacc: 42.23, tmp_test_f1: 32.66, f1: 41.10
epoch: 746, val_loss:2.189675, acc: 48.60, bacc: 42.23, tmp_test_f1: 32.71, f1: 41.10
epoch: 747, val_loss:2.195924, acc: 48.60, bacc: 42.23, tmp_test_f1: 32.70, f1: 41.10
epoch: 748, val_loss:2.198303, acc: 48.60, bacc: 42.23, tmp_test_f1: 32.95, f1: 41.10
epoch: 749, val_loss:2.204205, acc: 48.60, bacc: 42.23, tmp_test_f1: 32.95, f1: 41.10
epoch: 750, val_loss:2.209598, acc: 48.60, bacc: 42.23, tmp_test_f1: 32.88, f1: 41.10
epoch: 751, val_loss:2.212761, acc: 48.60, bacc: 42.23, tmp_test_f1: 32.88, f1: 41.10
epoch: 752, val_loss:2.216727, acc: 48.60, bacc: 42.23, tmp_test_f1: 33.06, f1: 41.10
epoch: 753, val_loss:2.215573, acc: 48.60, bacc: 42.23, tmp_test_f1: 33.13, f1: 41.10
epoch: 754, val_loss:2.210386, acc: 48.60, bacc: 42.23, tmp_test_f1: 33.39, f1: 41.10
epoch: 755, val_loss:2.211625, acc: 48.60, bacc: 42.23, tmp_test_f1: 33.21, f1: 41.10
epoch: 756, val_loss:2.207080, acc: 48.60, bacc: 42.23, tmp_test_f1: 33.41, f1: 41.10
epoch: 757, val_loss:2.204970, acc: 48.60, bacc: 42.23, tmp_test_f1: 33.96, f1: 41.10
epoch: 758, val_loss:2.199708, acc: 48.60, bacc: 42.23, tmp_test_f1: 33.96, f1: 41.10
epoch: 759, val_loss:2.201460, acc: 48.60, bacc: 42.23, tmp_test_f1: 34.01, f1: 41.10
epoch: 760, val_loss:2.201276, acc: 48.60, bacc: 42.23, tmp_test_f1: 33.96, f1: 41.10
epoch: 761, val_loss:2.198074, acc: 48.60, bacc: 42.23, tmp_test_f1: 34.08, f1: 41.10
epoch: 762, val_loss:2.193732, acc: 48.60, bacc: 42.23, tmp_test_f1: 34.30, f1: 41.10
epoch: 763, val_loss:2.191219, acc: 48.60, bacc: 42.23, tmp_test_f1: 34.34, f1: 41.10
epoch: 764, val_loss:2.193540, acc: 48.60, bacc: 42.23, tmp_test_f1: 34.26, f1: 41.10
epoch: 765, val_loss:2.188697, acc: 48.60, bacc: 42.23, tmp_test_f1: 33.83, f1: 41.10
epoch: 766, val_loss:2.184655, acc: 48.60, bacc: 42.23, tmp_test_f1: 33.51, f1: 41.10
epoch: 767, val_loss:2.183105, acc: 48.60, bacc: 42.23, tmp_test_f1: 33.40, f1: 41.10
epoch: 768, val_loss:2.184139, acc: 48.60, bacc: 42.23, tmp_test_f1: 33.16, f1: 41.10
epoch: 769, val_loss:2.183633, acc: 48.60, bacc: 42.23, tmp_test_f1: 33.02, f1: 41.10
epoch: 770, val_loss:2.183479, acc: 48.60, bacc: 42.23, tmp_test_f1: 33.08, f1: 41.10
epoch: 771, val_loss:2.181438, acc: 48.60, bacc: 42.23, tmp_test_f1: 33.20, f1: 41.10
epoch: 772, val_loss:2.181941, acc: 48.60, bacc: 42.23, tmp_test_f1: 32.80, f1: 41.10
epoch: 773, val_loss:2.180580, acc: 48.60, bacc: 42.23, tmp_test_f1: 32.43, f1: 41.10
epoch: 774, val_loss:2.178319, acc: 48.60, bacc: 42.23, tmp_test_f1: 32.99, f1: 41.10
epoch: 775, val_loss:2.179305, acc: 48.60, bacc: 42.23, tmp_test_f1: 33.07, f1: 41.10
epoch: 776, val_loss:2.181200, acc: 48.60, bacc: 42.23, tmp_test_f1: 33.10, f1: 41.10
epoch: 777, val_loss:2.181027, acc: 48.60, bacc: 42.23, tmp_test_f1: 32.79, f1: 41.10
epoch: 778, val_loss:2.184980, acc: 48.60, bacc: 42.23, tmp_test_f1: 32.52, f1: 41.10
epoch: 779, val_loss:2.192675, acc: 48.60, bacc: 42.23, tmp_test_f1: 32.12, f1: 41.10
epoch: 780, val_loss:2.198676, acc: 48.60, bacc: 42.23, tmp_test_f1: 32.01, f1: 41.10
epoch: 781, val_loss:2.194544, acc: 48.60, bacc: 42.23, tmp_test_f1: 32.02, f1: 41.10
epoch: 782, val_loss:2.192980, acc: 48.60, bacc: 42.23, tmp_test_f1: 32.03, f1: 41.10
epoch: 783, val_loss:2.190573, acc: 48.60, bacc: 42.23, tmp_test_f1: 32.00, f1: 41.10
epoch: 784, val_loss:2.192941, acc: 48.60, bacc: 42.23, tmp_test_f1: 32.14, f1: 41.10
epoch: 785, val_loss:2.196436, acc: 48.60, bacc: 42.23, tmp_test_f1: 31.97, f1: 41.10
epoch: 786, val_loss:2.196482, acc: 48.60, bacc: 42.23, tmp_test_f1: 32.50, f1: 41.10
epoch: 787, val_loss:2.192831, acc: 48.60, bacc: 42.23, tmp_test_f1: 32.36, f1: 41.10
epoch: 788, val_loss:2.192903, acc: 48.60, bacc: 42.23, tmp_test_f1: 32.33, f1: 41.10
epoch: 789, val_loss:2.187431, acc: 48.60, bacc: 42.23, tmp_test_f1: 32.65, f1: 41.10
epoch: 790, val_loss:2.174518, acc: 48.60, bacc: 42.23, tmp_test_f1: 32.55, f1: 41.10
epoch: 791, val_loss:2.171798, acc: 48.60, bacc: 42.23, tmp_test_f1: 32.90, f1: 41.10
epoch: 792, val_loss:2.173655, acc: 48.60, bacc: 42.23, tmp_test_f1: 32.83, f1: 41.10
epoch: 793, val_loss:2.174255, acc: 48.60, bacc: 42.23, tmp_test_f1: 33.43, f1: 41.10
epoch: 794, val_loss:2.173644, acc: 48.60, bacc: 42.23, tmp_test_f1: 33.72, f1: 41.10
epoch: 795, val_loss:2.177639, acc: 48.60, bacc: 42.23, tmp_test_f1: 33.90, f1: 41.10
epoch: 796, val_loss:2.185855, acc: 48.60, bacc: 42.23, tmp_test_f1: 33.84, f1: 41.10
epoch: 797, val_loss:2.192569, acc: 48.60, bacc: 42.23, tmp_test_f1: 33.86, f1: 41.10
epoch: 798, val_loss:2.203117, acc: 48.60, bacc: 42.23, tmp_test_f1: 33.27, f1: 41.10
epoch: 799, val_loss:2.217537, acc: 48.60, bacc: 42.23, tmp_test_f1: 33.45, f1: 41.10
epoch: 800, val_loss:2.233625, acc: 48.60, bacc: 42.23, tmp_test_f1: 33.18, f1: 41.10
epoch: 801, val_loss:2.246571, acc: 48.60, bacc: 42.23, tmp_test_f1: 33.07, f1: 41.10
epoch: 802, val_loss:2.258179, acc: 48.60, bacc: 42.23, tmp_test_f1: 33.23, f1: 41.10
epoch: 803, val_loss:2.270793, acc: 48.60, bacc: 42.23, tmp_test_f1: 33.02, f1: 41.10
epoch: 804, val_loss:2.287071, acc: 48.60, bacc: 42.23, tmp_test_f1: 32.79, f1: 41.10
epoch: 805, val_loss:2.295463, acc: 48.60, bacc: 42.23, tmp_test_f1: 32.84, f1: 41.10
epoch: 806, val_loss:2.312044, acc: 48.60, bacc: 42.23, tmp_test_f1: 32.73, f1: 41.10
epoch: 807, val_loss:2.327796, acc: 48.60, bacc: 42.23, tmp_test_f1: 32.68, f1: 41.10
epoch: 808, val_loss:2.337670, acc: 48.60, bacc: 42.23, tmp_test_f1: 32.04, f1: 41.10
epoch: 809, val_loss:2.347821, acc: 48.60, bacc: 42.23, tmp_test_f1: 32.07, f1: 41.10
epoch: 810, val_loss:2.359612, acc: 48.60, bacc: 42.23, tmp_test_f1: 32.38, f1: 41.10
epoch: 811, val_loss:2.363785, acc: 48.60, bacc: 42.23, tmp_test_f1: 32.42, f1: 41.10
epoch: 812, val_loss:2.363540, acc: 48.60, bacc: 42.23, tmp_test_f1: 32.25, f1: 41.10
epoch: 813, val_loss:2.354082, acc: 48.60, bacc: 42.23, tmp_test_f1: 32.35, f1: 41.10
epoch: 814, val_loss:2.339385, acc: 48.60, bacc: 42.23, tmp_test_f1: 32.53, f1: 41.10
epoch: 815, val_loss:2.324234, acc: 48.60, bacc: 42.23, tmp_test_f1: 32.71, f1: 41.10
epoch: 816, val_loss:2.315976, acc: 48.60, bacc: 42.23, tmp_test_f1: 32.60, f1: 41.10
epoch: 817, val_loss:2.303384, acc: 48.60, bacc: 42.23, tmp_test_f1: 32.89, f1: 41.10
epoch: 818, val_loss:2.295062, acc: 48.60, bacc: 42.23, tmp_test_f1: 33.16, f1: 41.10
epoch: 819, val_loss:2.268528, acc: 48.60, bacc: 42.23, tmp_test_f1: 33.29, f1: 41.10
epoch: 820, val_loss:2.250571, acc: 48.60, bacc: 42.23, tmp_test_f1: 33.39, f1: 41.10
epoch: 821, val_loss:2.236073, acc: 48.60, bacc: 42.23, tmp_test_f1: 33.40, f1: 41.10
epoch: 822, val_loss:2.224292, acc: 48.60, bacc: 42.23, tmp_test_f1: 33.64, f1: 41.10
epoch: 823, val_loss:2.212731, acc: 48.60, bacc: 42.23, tmp_test_f1: 33.94, f1: 41.10
epoch: 824, val_loss:2.210673, acc: 48.60, bacc: 42.23, tmp_test_f1: 33.79, f1: 41.10
epoch: 825, val_loss:2.218124, acc: 48.60, bacc: 42.23, tmp_test_f1: 34.09, f1: 41.10
epoch: 826, val_loss:2.226442, acc: 48.60, bacc: 42.23, tmp_test_f1: 33.58, f1: 41.10
epoch: 827, val_loss:2.235894, acc: 48.60, bacc: 42.23, tmp_test_f1: 33.04, f1: 41.10
epoch: 828, val_loss:2.250878, acc: 48.60, bacc: 42.23, tmp_test_f1: 32.76, f1: 41.10
epoch: 829, val_loss:2.271969, acc: 48.60, bacc: 42.23, tmp_test_f1: 32.64, f1: 41.10
epoch: 830, val_loss:2.288893, acc: 48.60, bacc: 42.23, tmp_test_f1: 32.65, f1: 41.10
Epoch 00831: reducing learning rate of group 0 to 6.2500e-03.
Epoch 00831: reducing learning rate of group 1 to 6.2500e-03.
epoch: 831, val_loss:2.304847, acc: 48.60, bacc: 42.23, tmp_test_f1: 32.70, f1: 41.10
epoch: 832, val_loss:2.316664, acc: 48.60, bacc: 42.23, tmp_test_f1: 32.65, f1: 41.10
epoch: 833, val_loss:2.320261, acc: 48.60, bacc: 42.23, tmp_test_f1: 32.81, f1: 41.10
epoch: 834, val_loss:2.320810, acc: 48.60, bacc: 42.23, tmp_test_f1: 32.61, f1: 41.10
epoch: 835, val_loss:2.320712, acc: 48.60, bacc: 42.23, tmp_test_f1: 32.53, f1: 41.10
epoch: 836, val_loss:2.319319, acc: 48.60, bacc: 42.23, tmp_test_f1: 32.54, f1: 41.10
epoch: 837, val_loss:2.318154, acc: 48.60, bacc: 42.23, tmp_test_f1: 33.12, f1: 41.10
epoch: 838, val_loss:2.316351, acc: 48.60, bacc: 42.23, tmp_test_f1: 33.25, f1: 41.10
epoch: 839, val_loss:2.314376, acc: 48.60, bacc: 42.23, tmp_test_f1: 33.36, f1: 41.10
GAT dgl/coraTrue 100 Aug 22 EndEpoch 839 lr 0.1
SHAsplit  0, acc: 48.60, bacc: 42.23, f1: 41.10
