cuda is not available, using CPU.
Namespace(to_undirected=True, from_SHA=True, IsDirectedData=True, AugDirect=22, net='GCN', GPUdevice=1, seed=100, undirect_dataset='CiteSeer', Direct_dataset='dgl/cora', imb_ratio=100, dropout=0.1, num_filter=2, layer=2, alpha=0.1, K=2, feat_dim=64, warmup=5, epoch=1500, lr=0.1, l2=0.0005, tau=2, max=False, no_mask=False, gdc='ppr', heads=8, log_root='../logs/', log_path='test', data_path='../dataset/data/tmp/')
  NumNodes: 2708
  NumEdges: 5278
  NumFeats: 1433
  NumClasses: 7
  NumTrainingSamples: 140
  NumValidationSamples: 500
  NumTestSamples: 1000
Done loading data from cached files.
dict_keys(['feat', 'label', 'test_mask', 'val_mask', 'train_mask'])
Converted to undirected data
test_f1 CountNotImproved reset to 0 in epoch 0
epoch:   0, val_loss:1.945827, acc: 13.00, bacc: 14.29, tmp_test_f1: 3.29, f1: 3.29
epoch:   1, val_loss:2.198025, acc: 13.00, bacc: 14.29, tmp_test_f1: 3.29, f1: 3.29
test_f1 CountNotImproved reset to 0 in epoch 2
epoch:   2, val_loss:3.180344, acc: 19.70, bacc: 24.95, tmp_test_f1: 14.20, f1: 14.20
epoch:   3, val_loss:3.566717, acc: 19.70, bacc: 24.95, tmp_test_f1: 13.05, f1: 14.20
test_f1 CountNotImproved reset to 0 in epoch 4
epoch:   4, val_loss:3.468894, acc: 23.10, bacc: 27.98, tmp_test_f1: 20.03, f1: 20.03
test_f1 CountNotImproved reset to 0 in epoch 5
epoch:   5, val_loss:3.126514, acc: 28.50, bacc: 33.97, tmp_test_f1: 22.50, f1: 22.50
test_f1 CountNotImproved reset to 0 in epoch 6
epoch:   6, val_loss:2.789282, acc: 38.00, bacc: 40.40, tmp_test_f1: 29.40, f1: 29.40
test_f1 CountNotImproved reset to 0 in epoch 7
epoch:   7, val_loss:2.238631, acc: 41.80, bacc: 42.15, tmp_test_f1: 32.91, f1: 32.91
epoch:   8, val_loss:1.848456, acc: 41.80, bacc: 42.15, tmp_test_f1: 26.87, f1: 32.91
epoch:   9, val_loss:1.734022, acc: 41.80, bacc: 42.15, tmp_test_f1: 26.11, f1: 32.91
epoch:  10, val_loss:1.765844, acc: 41.80, bacc: 42.15, tmp_test_f1: 25.28, f1: 32.91
epoch:  11, val_loss:1.810347, acc: 41.80, bacc: 42.15, tmp_test_f1: 24.02, f1: 32.91
epoch:  12, val_loss:1.840868, acc: 41.80, bacc: 42.15, tmp_test_f1: 20.19, f1: 32.91
epoch:  13, val_loss:1.889304, acc: 41.80, bacc: 42.15, tmp_test_f1: 17.67, f1: 32.91
epoch:  14, val_loss:1.960646, acc: 41.80, bacc: 42.15, tmp_test_f1: 16.59, f1: 32.91
epoch:  15, val_loss:2.014189, acc: 41.80, bacc: 42.15, tmp_test_f1: 16.34, f1: 32.91
epoch:  16, val_loss:2.003485, acc: 41.80, bacc: 42.15, tmp_test_f1: 16.89, f1: 32.91
epoch:  17, val_loss:1.956840, acc: 41.80, bacc: 42.15, tmp_test_f1: 18.76, f1: 32.91
epoch:  18, val_loss:1.907807, acc: 41.80, bacc: 42.15, tmp_test_f1: 21.99, f1: 32.91
epoch:  19, val_loss:1.862911, acc: 41.80, bacc: 42.15, tmp_test_f1: 25.03, f1: 32.91
epoch:  20, val_loss:1.865751, acc: 41.80, bacc: 42.15, tmp_test_f1: 26.05, f1: 32.91
epoch:  21, val_loss:1.883754, acc: 41.80, bacc: 42.15, tmp_test_f1: 25.72, f1: 32.91
epoch:  22, val_loss:1.807944, acc: 41.80, bacc: 42.15, tmp_test_f1: 24.89, f1: 32.91
epoch:  23, val_loss:1.734217, acc: 41.80, bacc: 42.15, tmp_test_f1: 23.31, f1: 32.91
epoch:  24, val_loss:1.711196, acc: 41.80, bacc: 42.15, tmp_test_f1: 24.27, f1: 32.91
epoch:  25, val_loss:1.726031, acc: 41.80, bacc: 42.15, tmp_test_f1: 24.23, f1: 32.91
epoch:  26, val_loss:1.740233, acc: 41.80, bacc: 42.15, tmp_test_f1: 24.54, f1: 32.91
epoch:  27, val_loss:1.741155, acc: 41.80, bacc: 42.15, tmp_test_f1: 25.66, f1: 32.91
epoch:  28, val_loss:1.742137, acc: 41.80, bacc: 42.15, tmp_test_f1: 26.46, f1: 32.91
epoch:  29, val_loss:1.714778, acc: 41.80, bacc: 42.15, tmp_test_f1: 28.66, f1: 32.91
epoch:  30, val_loss:1.680521, acc: 41.80, bacc: 42.15, tmp_test_f1: 28.35, f1: 32.91
epoch:  31, val_loss:1.678170, acc: 41.80, bacc: 42.15, tmp_test_f1: 27.84, f1: 32.91
epoch:  32, val_loss:1.676962, acc: 41.80, bacc: 42.15, tmp_test_f1: 28.45, f1: 32.91
epoch:  33, val_loss:1.671140, acc: 41.80, bacc: 42.15, tmp_test_f1: 27.98, f1: 32.91
epoch:  34, val_loss:1.690494, acc: 41.80, bacc: 42.15, tmp_test_f1: 27.96, f1: 32.91
epoch:  35, val_loss:1.669505, acc: 41.80, bacc: 42.15, tmp_test_f1: 32.76, f1: 32.91
test_f1 CountNotImproved reset to 0 in epoch 36
epoch:  36, val_loss:1.557225, acc: 45.20, bacc: 43.71, tmp_test_f1: 34.92, f1: 34.92
epoch:  37, val_loss:1.527353, acc: 45.20, bacc: 43.71, tmp_test_f1: 32.82, f1: 34.92
epoch:  38, val_loss:1.610875, acc: 45.20, bacc: 43.71, tmp_test_f1: 29.40, f1: 34.92
epoch:  39, val_loss:1.781607, acc: 45.20, bacc: 43.71, tmp_test_f1: 27.16, f1: 34.92
epoch:  40, val_loss:1.895184, acc: 45.20, bacc: 43.71, tmp_test_f1: 25.55, f1: 34.92
epoch:  41, val_loss:1.888876, acc: 45.20, bacc: 43.71, tmp_test_f1: 23.13, f1: 34.92
epoch:  42, val_loss:1.878821, acc: 45.20, bacc: 43.71, tmp_test_f1: 23.55, f1: 34.92
epoch:  43, val_loss:1.882674, acc: 45.20, bacc: 43.71, tmp_test_f1: 25.72, f1: 34.92
epoch:  44, val_loss:1.825217, acc: 45.20, bacc: 43.71, tmp_test_f1: 31.39, f1: 34.92
epoch:  45, val_loss:1.764978, acc: 45.20, bacc: 43.71, tmp_test_f1: 34.67, f1: 34.92
test_f1 CountNotImproved reset to 0 in epoch 46
epoch:  46, val_loss:1.740061, acc: 39.70, bacc: 42.60, tmp_test_f1: 35.50, f1: 35.50
epoch:  47, val_loss:1.746737, acc: 39.70, bacc: 42.60, tmp_test_f1: 34.55, f1: 35.50
epoch:  48, val_loss:1.702196, acc: 39.70, bacc: 42.60, tmp_test_f1: 27.59, f1: 35.50
epoch:  49, val_loss:1.716560, acc: 39.70, bacc: 42.60, tmp_test_f1: 25.10, f1: 35.50
epoch:  50, val_loss:1.764371, acc: 39.70, bacc: 42.60, tmp_test_f1: 27.53, f1: 35.50
epoch:  51, val_loss:1.705148, acc: 39.70, bacc: 42.60, tmp_test_f1: 31.27, f1: 35.50
epoch:  52, val_loss:1.809595, acc: 39.70, bacc: 42.60, tmp_test_f1: 33.88, f1: 35.50
epoch:  53, val_loss:1.739932, acc: 39.70, bacc: 42.60, tmp_test_f1: 31.82, f1: 35.50
epoch:  54, val_loss:1.732659, acc: 39.70, bacc: 42.60, tmp_test_f1: 29.21, f1: 35.50
epoch:  55, val_loss:1.783821, acc: 39.70, bacc: 42.60, tmp_test_f1: 28.31, f1: 35.50
epoch:  56, val_loss:1.816397, acc: 39.70, bacc: 42.60, tmp_test_f1: 26.29, f1: 35.50
epoch:  57, val_loss:1.883288, acc: 39.70, bacc: 42.60, tmp_test_f1: 25.21, f1: 35.50
epoch:  58, val_loss:2.043515, acc: 39.70, bacc: 42.60, tmp_test_f1: 25.34, f1: 35.50
epoch:  59, val_loss:2.293149, acc: 39.70, bacc: 42.60, tmp_test_f1: 26.69, f1: 35.50
epoch:  60, val_loss:2.161389, acc: 39.70, bacc: 42.60, tmp_test_f1: 33.08, f1: 35.50
test_f1 CountNotImproved reset to 0 in epoch 61
epoch:  61, val_loss:1.827651, acc: 43.50, bacc: 44.98, tmp_test_f1: 37.98, f1: 37.98
test_f1 CountNotImproved reset to 0 in epoch 62
epoch:  62, val_loss:1.634083, acc: 46.40, bacc: 46.51, tmp_test_f1: 40.37, f1: 40.37
epoch:  63, val_loss:1.604627, acc: 46.40, bacc: 46.51, tmp_test_f1: 37.15, f1: 40.37
epoch:  64, val_loss:1.727766, acc: 46.40, bacc: 46.51, tmp_test_f1: 31.15, f1: 40.37
epoch:  65, val_loss:1.966384, acc: 46.40, bacc: 46.51, tmp_test_f1: 27.52, f1: 40.37
epoch:  66, val_loss:2.084981, acc: 46.40, bacc: 46.51, tmp_test_f1: 25.02, f1: 40.37
epoch:  67, val_loss:2.115491, acc: 46.40, bacc: 46.51, tmp_test_f1: 25.33, f1: 40.37
epoch:  68, val_loss:1.922895, acc: 46.40, bacc: 46.51, tmp_test_f1: 26.54, f1: 40.37
epoch:  69, val_loss:1.830546, acc: 46.40, bacc: 46.51, tmp_test_f1: 27.03, f1: 40.37
epoch:  70, val_loss:1.874204, acc: 46.40, bacc: 46.51, tmp_test_f1: 26.87, f1: 40.37
epoch:  71, val_loss:2.035119, acc: 46.40, bacc: 46.51, tmp_test_f1: 27.48, f1: 40.37
epoch:  72, val_loss:2.047782, acc: 46.40, bacc: 46.51, tmp_test_f1: 27.96, f1: 40.37
epoch:  73, val_loss:2.031456, acc: 46.40, bacc: 46.51, tmp_test_f1: 26.54, f1: 40.37
epoch:  74, val_loss:2.003206, acc: 46.40, bacc: 46.51, tmp_test_f1: 25.69, f1: 40.37
epoch:  75, val_loss:1.942438, acc: 46.40, bacc: 46.51, tmp_test_f1: 26.07, f1: 40.37
epoch:  76, val_loss:1.898871, acc: 46.40, bacc: 46.51, tmp_test_f1: 27.20, f1: 40.37
epoch:  77, val_loss:1.858137, acc: 46.40, bacc: 46.51, tmp_test_f1: 29.22, f1: 40.37
epoch:  78, val_loss:1.879187, acc: 46.40, bacc: 46.51, tmp_test_f1: 29.12, f1: 40.37
epoch:  79, val_loss:2.103599, acc: 46.40, bacc: 46.51, tmp_test_f1: 28.69, f1: 40.37
epoch:  80, val_loss:2.292484, acc: 46.40, bacc: 46.51, tmp_test_f1: 29.67, f1: 40.37
epoch:  81, val_loss:2.146738, acc: 46.40, bacc: 46.51, tmp_test_f1: 33.02, f1: 40.37
epoch:  82, val_loss:1.705403, acc: 46.40, bacc: 46.51, tmp_test_f1: 37.46, f1: 40.37
epoch:  83, val_loss:1.525424, acc: 46.40, bacc: 46.51, tmp_test_f1: 36.04, f1: 40.37
epoch:  84, val_loss:1.624561, acc: 46.40, bacc: 46.51, tmp_test_f1: 29.22, f1: 40.37
epoch:  85, val_loss:1.859270, acc: 46.40, bacc: 46.51, tmp_test_f1: 26.61, f1: 40.37
epoch:  86, val_loss:2.182562, acc: 46.40, bacc: 46.51, tmp_test_f1: 26.59, f1: 40.37
epoch:  87, val_loss:2.188046, acc: 46.40, bacc: 46.51, tmp_test_f1: 29.55, f1: 40.37
epoch:  88, val_loss:2.020239, acc: 46.40, bacc: 46.51, tmp_test_f1: 33.87, f1: 40.37
epoch:  89, val_loss:1.794111, acc: 46.40, bacc: 46.51, tmp_test_f1: 35.59, f1: 40.37
epoch:  90, val_loss:1.644878, acc: 46.40, bacc: 46.51, tmp_test_f1: 35.13, f1: 40.37
epoch:  91, val_loss:1.593697, acc: 46.40, bacc: 46.51, tmp_test_f1: 37.33, f1: 40.37
epoch:  92, val_loss:1.602894, acc: 46.40, bacc: 46.51, tmp_test_f1: 34.85, f1: 40.37
epoch:  93, val_loss:1.832698, acc: 46.40, bacc: 46.51, tmp_test_f1: 28.28, f1: 40.37
epoch:  94, val_loss:2.178392, acc: 46.40, bacc: 46.51, tmp_test_f1: 23.97, f1: 40.37
epoch:  95, val_loss:2.505934, acc: 46.40, bacc: 46.51, tmp_test_f1: 23.61, f1: 40.37
epoch:  96, val_loss:2.463320, acc: 46.40, bacc: 46.51, tmp_test_f1: 26.87, f1: 40.37
epoch:  97, val_loss:2.045739, acc: 46.40, bacc: 46.51, tmp_test_f1: 35.08, f1: 40.37
test_f1 CountNotImproved reset to 0 in epoch 98
epoch:  98, val_loss:1.703006, acc: 49.30, bacc: 50.12, tmp_test_f1: 43.49, f1: 43.49
epoch:  99, val_loss:1.510309, acc: 49.30, bacc: 50.12, tmp_test_f1: 40.77, f1: 43.49
epoch: 100, val_loss:1.591007, acc: 49.30, bacc: 50.12, tmp_test_f1: 35.25, f1: 43.49
epoch: 101, val_loss:1.913600, acc: 49.30, bacc: 50.12, tmp_test_f1: 29.90, f1: 43.49
epoch: 102, val_loss:2.280818, acc: 49.30, bacc: 50.12, tmp_test_f1: 27.53, f1: 43.49
epoch: 103, val_loss:2.452676, acc: 49.30, bacc: 50.12, tmp_test_f1: 25.53, f1: 43.49
epoch: 104, val_loss:2.297268, acc: 49.30, bacc: 50.12, tmp_test_f1: 24.45, f1: 43.49
epoch: 105, val_loss:2.279808, acc: 49.30, bacc: 50.12, tmp_test_f1: 28.79, f1: 43.49
epoch: 106, val_loss:2.006629, acc: 49.30, bacc: 50.12, tmp_test_f1: 32.90, f1: 43.49
epoch: 107, val_loss:1.786031, acc: 49.30, bacc: 50.12, tmp_test_f1: 34.57, f1: 43.49
epoch: 108, val_loss:1.864240, acc: 49.30, bacc: 50.12, tmp_test_f1: 32.11, f1: 43.49
epoch: 109, val_loss:2.110376, acc: 49.30, bacc: 50.12, tmp_test_f1: 32.66, f1: 43.49
epoch: 110, val_loss:2.062460, acc: 49.30, bacc: 50.12, tmp_test_f1: 28.80, f1: 43.49
epoch: 111, val_loss:1.964545, acc: 49.30, bacc: 50.12, tmp_test_f1: 26.43, f1: 43.49
epoch: 112, val_loss:1.995462, acc: 49.30, bacc: 50.12, tmp_test_f1: 26.51, f1: 43.49
epoch: 113, val_loss:1.936742, acc: 49.30, bacc: 50.12, tmp_test_f1: 30.01, f1: 43.49
epoch: 114, val_loss:1.815288, acc: 49.30, bacc: 50.12, tmp_test_f1: 32.77, f1: 43.49
epoch: 115, val_loss:1.808868, acc: 49.30, bacc: 50.12, tmp_test_f1: 31.44, f1: 43.49
epoch: 116, val_loss:1.892325, acc: 49.30, bacc: 50.12, tmp_test_f1: 31.16, f1: 43.49
epoch: 117, val_loss:1.854706, acc: 49.30, bacc: 50.12, tmp_test_f1: 33.29, f1: 43.49
epoch: 118, val_loss:1.789093, acc: 49.30, bacc: 50.12, tmp_test_f1: 31.25, f1: 43.49
epoch: 119, val_loss:1.850814, acc: 49.30, bacc: 50.12, tmp_test_f1: 28.97, f1: 43.49
epoch: 120, val_loss:1.998349, acc: 49.30, bacc: 50.12, tmp_test_f1: 25.76, f1: 43.49
epoch: 121, val_loss:2.207539, acc: 49.30, bacc: 50.12, tmp_test_f1: 26.60, f1: 43.49
epoch: 122, val_loss:2.262592, acc: 49.30, bacc: 50.12, tmp_test_f1: 29.74, f1: 43.49
epoch: 123, val_loss:2.113920, acc: 49.30, bacc: 50.12, tmp_test_f1: 36.46, f1: 43.49
epoch: 124, val_loss:1.961252, acc: 49.30, bacc: 50.12, tmp_test_f1: 38.70, f1: 43.49
epoch: 125, val_loss:1.840517, acc: 49.30, bacc: 50.12, tmp_test_f1: 41.15, f1: 43.49
epoch: 126, val_loss:1.665995, acc: 49.30, bacc: 50.12, tmp_test_f1: 39.44, f1: 43.49
epoch: 127, val_loss:1.704239, acc: 49.30, bacc: 50.12, tmp_test_f1: 32.59, f1: 43.49
epoch: 128, val_loss:2.000471, acc: 49.30, bacc: 50.12, tmp_test_f1: 28.33, f1: 43.49
epoch: 129, val_loss:2.344952, acc: 49.30, bacc: 50.12, tmp_test_f1: 27.76, f1: 43.49
epoch: 130, val_loss:2.366358, acc: 49.30, bacc: 50.12, tmp_test_f1: 28.08, f1: 43.49
epoch: 131, val_loss:2.268034, acc: 49.30, bacc: 50.12, tmp_test_f1: 29.73, f1: 43.49
epoch: 132, val_loss:2.004789, acc: 49.30, bacc: 50.12, tmp_test_f1: 30.10, f1: 43.49
epoch: 133, val_loss:1.831590, acc: 49.30, bacc: 50.12, tmp_test_f1: 32.56, f1: 43.49
epoch: 134, val_loss:1.779461, acc: 49.30, bacc: 50.12, tmp_test_f1: 32.01, f1: 43.49
epoch: 135, val_loss:1.902785, acc: 49.30, bacc: 50.12, tmp_test_f1: 29.84, f1: 43.49
epoch: 136, val_loss:2.211847, acc: 49.30, bacc: 50.12, tmp_test_f1: 26.07, f1: 43.49
epoch: 137, val_loss:2.526943, acc: 49.30, bacc: 50.12, tmp_test_f1: 25.22, f1: 43.49
epoch: 138, val_loss:2.592380, acc: 49.30, bacc: 50.12, tmp_test_f1: 25.48, f1: 43.49
epoch: 139, val_loss:2.461640, acc: 49.30, bacc: 50.12, tmp_test_f1: 28.21, f1: 43.49
epoch: 140, val_loss:2.162465, acc: 49.30, bacc: 50.12, tmp_test_f1: 31.20, f1: 43.49
epoch: 141, val_loss:1.948068, acc: 49.30, bacc: 50.12, tmp_test_f1: 36.18, f1: 43.49
epoch: 142, val_loss:1.796528, acc: 49.30, bacc: 50.12, tmp_test_f1: 36.73, f1: 43.49
epoch: 143, val_loss:1.880295, acc: 49.30, bacc: 50.12, tmp_test_f1: 35.69, f1: 43.49
epoch: 144, val_loss:2.067990, acc: 49.30, bacc: 50.12, tmp_test_f1: 34.48, f1: 43.49
epoch: 145, val_loss:2.009535, acc: 49.30, bacc: 50.12, tmp_test_f1: 35.68, f1: 43.49
epoch: 146, val_loss:1.935706, acc: 49.30, bacc: 50.12, tmp_test_f1: 31.33, f1: 43.49
epoch: 147, val_loss:1.885245, acc: 49.30, bacc: 50.12, tmp_test_f1: 29.20, f1: 43.49
epoch: 148, val_loss:1.985860, acc: 49.30, bacc: 50.12, tmp_test_f1: 27.86, f1: 43.49
epoch: 149, val_loss:2.187288, acc: 49.30, bacc: 50.12, tmp_test_f1: 28.20, f1: 43.49
epoch: 150, val_loss:2.264285, acc: 49.30, bacc: 50.12, tmp_test_f1: 30.33, f1: 43.49
epoch: 151, val_loss:2.334164, acc: 49.30, bacc: 50.12, tmp_test_f1: 33.06, f1: 43.49
epoch: 152, val_loss:2.202204, acc: 49.30, bacc: 50.12, tmp_test_f1: 37.71, f1: 43.49
epoch: 153, val_loss:1.766292, acc: 49.30, bacc: 50.12, tmp_test_f1: 40.05, f1: 43.49
epoch: 154, val_loss:1.551825, acc: 49.30, bacc: 50.12, tmp_test_f1: 36.26, f1: 43.49
epoch: 155, val_loss:1.695136, acc: 49.30, bacc: 50.12, tmp_test_f1: 31.01, f1: 43.49
epoch: 156, val_loss:2.091343, acc: 49.30, bacc: 50.12, tmp_test_f1: 28.20, f1: 43.49
epoch: 157, val_loss:2.584570, acc: 49.30, bacc: 50.12, tmp_test_f1: 26.84, f1: 43.49
epoch: 158, val_loss:2.776581, acc: 49.30, bacc: 50.12, tmp_test_f1: 27.39, f1: 43.49
epoch: 159, val_loss:2.625051, acc: 49.30, bacc: 50.12, tmp_test_f1: 29.17, f1: 43.49
epoch: 160, val_loss:2.112757, acc: 49.30, bacc: 50.12, tmp_test_f1: 32.31, f1: 43.49
epoch: 161, val_loss:1.811338, acc: 49.30, bacc: 50.12, tmp_test_f1: 36.89, f1: 43.49
epoch: 162, val_loss:1.668689, acc: 49.30, bacc: 50.12, tmp_test_f1: 35.92, f1: 43.49
epoch: 163, val_loss:1.840673, acc: 49.30, bacc: 50.12, tmp_test_f1: 32.42, f1: 43.49
epoch: 164, val_loss:2.238218, acc: 49.30, bacc: 50.12, tmp_test_f1: 28.50, f1: 43.49
epoch: 165, val_loss:2.638093, acc: 49.30, bacc: 50.12, tmp_test_f1: 28.39, f1: 43.49
epoch: 166, val_loss:2.498426, acc: 49.30, bacc: 50.12, tmp_test_f1: 27.37, f1: 43.49
epoch: 167, val_loss:2.164802, acc: 49.30, bacc: 50.12, tmp_test_f1: 27.49, f1: 43.49
epoch: 168, val_loss:2.029514, acc: 49.30, bacc: 50.12, tmp_test_f1: 31.99, f1: 43.49
epoch: 169, val_loss:1.917947, acc: 49.30, bacc: 50.12, tmp_test_f1: 32.97, f1: 43.49
epoch: 170, val_loss:2.121593, acc: 49.30, bacc: 50.12, tmp_test_f1: 33.01, f1: 43.49
epoch: 171, val_loss:2.290013, acc: 49.30, bacc: 50.12, tmp_test_f1: 32.66, f1: 43.49
epoch: 172, val_loss:2.367398, acc: 49.30, bacc: 50.12, tmp_test_f1: 32.14, f1: 43.49
epoch: 173, val_loss:2.244945, acc: 49.30, bacc: 50.12, tmp_test_f1: 29.48, f1: 43.49
epoch: 174, val_loss:2.209902, acc: 49.30, bacc: 50.12, tmp_test_f1: 27.85, f1: 43.49
epoch: 175, val_loss:2.096593, acc: 49.30, bacc: 50.12, tmp_test_f1: 29.69, f1: 43.49
epoch: 176, val_loss:1.987807, acc: 49.30, bacc: 50.12, tmp_test_f1: 30.47, f1: 43.49
epoch: 177, val_loss:2.023478, acc: 49.30, bacc: 50.12, tmp_test_f1: 29.59, f1: 43.49
epoch: 178, val_loss:2.186052, acc: 49.30, bacc: 50.12, tmp_test_f1: 28.37, f1: 43.49
epoch: 179, val_loss:2.318794, acc: 49.30, bacc: 50.12, tmp_test_f1: 27.13, f1: 43.49
epoch: 180, val_loss:2.208865, acc: 49.30, bacc: 50.12, tmp_test_f1: 26.94, f1: 43.49
epoch: 181, val_loss:2.062568, acc: 49.30, bacc: 50.12, tmp_test_f1: 26.86, f1: 43.49
epoch: 182, val_loss:2.145250, acc: 49.30, bacc: 50.12, tmp_test_f1: 25.30, f1: 43.49
epoch: 183, val_loss:2.307355, acc: 49.30, bacc: 50.12, tmp_test_f1: 30.04, f1: 43.49
epoch: 184, val_loss:2.318753, acc: 49.30, bacc: 50.12, tmp_test_f1: 31.83, f1: 43.49
epoch: 185, val_loss:2.394476, acc: 49.30, bacc: 50.12, tmp_test_f1: 33.68, f1: 43.49
epoch: 186, val_loss:2.297865, acc: 49.30, bacc: 50.12, tmp_test_f1: 35.54, f1: 43.49
epoch: 187, val_loss:2.182556, acc: 49.30, bacc: 50.12, tmp_test_f1: 30.81, f1: 43.49
epoch: 188, val_loss:2.292100, acc: 49.30, bacc: 50.12, tmp_test_f1: 27.66, f1: 43.49
epoch: 189, val_loss:2.446250, acc: 49.30, bacc: 50.12, tmp_test_f1: 27.26, f1: 43.49
epoch: 190, val_loss:2.355460, acc: 49.30, bacc: 50.12, tmp_test_f1: 27.94, f1: 43.49
epoch: 191, val_loss:2.225882, acc: 49.30, bacc: 50.12, tmp_test_f1: 30.00, f1: 43.49
epoch: 192, val_loss:2.022369, acc: 49.30, bacc: 50.12, tmp_test_f1: 35.10, f1: 43.49
epoch: 193, val_loss:1.873039, acc: 49.30, bacc: 50.12, tmp_test_f1: 36.65, f1: 43.49
epoch: 194, val_loss:1.903433, acc: 49.30, bacc: 50.12, tmp_test_f1: 35.88, f1: 43.49
epoch: 195, val_loss:1.898840, acc: 49.30, bacc: 50.12, tmp_test_f1: 32.35, f1: 43.49
epoch: 196, val_loss:2.015085, acc: 49.30, bacc: 50.12, tmp_test_f1: 30.49, f1: 43.49
epoch: 197, val_loss:2.195123, acc: 49.30, bacc: 50.12, tmp_test_f1: 30.20, f1: 43.49
epoch: 198, val_loss:2.124671, acc: 49.30, bacc: 50.12, tmp_test_f1: 32.04, f1: 43.49
epoch: 199, val_loss:2.200995, acc: 49.30, bacc: 50.12, tmp_test_f1: 31.93, f1: 43.49
epoch: 200, val_loss:2.317074, acc: 49.30, bacc: 50.12, tmp_test_f1: 33.74, f1: 43.49
epoch: 201, val_loss:2.202370, acc: 49.30, bacc: 50.12, tmp_test_f1: 34.99, f1: 43.49
epoch: 202, val_loss:2.151150, acc: 49.30, bacc: 50.12, tmp_test_f1: 36.70, f1: 43.49
epoch: 203, val_loss:1.915589, acc: 49.30, bacc: 50.12, tmp_test_f1: 35.02, f1: 43.49
epoch: 204, val_loss:2.189789, acc: 49.30, bacc: 50.12, tmp_test_f1: 28.62, f1: 43.49
epoch: 205, val_loss:2.876544, acc: 49.30, bacc: 50.12, tmp_test_f1: 24.80, f1: 43.49
epoch: 206, val_loss:3.475137, acc: 49.30, bacc: 50.12, tmp_test_f1: 25.69, f1: 43.49
epoch: 207, val_loss:3.566732, acc: 49.30, bacc: 50.12, tmp_test_f1: 30.44, f1: 43.49
epoch: 208, val_loss:2.677029, acc: 49.30, bacc: 50.12, tmp_test_f1: 34.66, f1: 43.49
epoch: 209, val_loss:1.989840, acc: 49.30, bacc: 50.12, tmp_test_f1: 37.34, f1: 43.49
epoch: 210, val_loss:1.781891, acc: 49.30, bacc: 50.12, tmp_test_f1: 39.64, f1: 43.49
epoch: 211, val_loss:1.720142, acc: 49.30, bacc: 50.12, tmp_test_f1: 40.56, f1: 43.49
epoch: 212, val_loss:1.975907, acc: 49.30, bacc: 50.12, tmp_test_f1: 36.09, f1: 43.49
epoch: 213, val_loss:2.287942, acc: 49.30, bacc: 50.12, tmp_test_f1: 34.15, f1: 43.49
epoch: 214, val_loss:2.474508, acc: 49.30, bacc: 50.12, tmp_test_f1: 30.47, f1: 43.49
epoch: 215, val_loss:2.367617, acc: 49.30, bacc: 50.12, tmp_test_f1: 27.90, f1: 43.49
epoch: 216, val_loss:2.171601, acc: 49.30, bacc: 50.12, tmp_test_f1: 27.64, f1: 43.49
epoch: 217, val_loss:2.149990, acc: 49.30, bacc: 50.12, tmp_test_f1: 28.19, f1: 43.49
epoch: 218, val_loss:2.355515, acc: 49.30, bacc: 50.12, tmp_test_f1: 28.82, f1: 43.49
epoch: 219, val_loss:2.872526, acc: 49.30, bacc: 50.12, tmp_test_f1: 27.74, f1: 43.49
epoch: 220, val_loss:3.075379, acc: 49.30, bacc: 50.12, tmp_test_f1: 31.48, f1: 43.49
epoch: 221, val_loss:2.423703, acc: 49.30, bacc: 50.12, tmp_test_f1: 34.37, f1: 43.49
epoch: 222, val_loss:1.854214, acc: 49.30, bacc: 50.12, tmp_test_f1: 36.11, f1: 43.49
epoch: 223, val_loss:1.644972, acc: 49.30, bacc: 50.12, tmp_test_f1: 33.16, f1: 43.49
epoch: 224, val_loss:1.822263, acc: 49.30, bacc: 50.12, tmp_test_f1: 28.96, f1: 43.49
epoch: 225, val_loss:2.407434, acc: 49.30, bacc: 50.12, tmp_test_f1: 26.85, f1: 43.49
epoch: 226, val_loss:3.072803, acc: 49.30, bacc: 50.12, tmp_test_f1: 26.22, f1: 43.49
epoch: 227, val_loss:2.981545, acc: 49.30, bacc: 50.12, tmp_test_f1: 30.41, f1: 43.49
epoch: 228, val_loss:2.419598, acc: 49.30, bacc: 50.12, tmp_test_f1: 38.31, f1: 43.49
epoch: 229, val_loss:1.817787, acc: 49.30, bacc: 50.12, tmp_test_f1: 39.60, f1: 43.49
epoch: 230, val_loss:1.817648, acc: 49.30, bacc: 50.12, tmp_test_f1: 36.34, f1: 43.49
epoch: 231, val_loss:2.244501, acc: 49.30, bacc: 50.12, tmp_test_f1: 30.38, f1: 43.49
epoch: 232, val_loss:2.858828, acc: 49.30, bacc: 50.12, tmp_test_f1: 29.61, f1: 43.49
epoch: 233, val_loss:2.956492, acc: 49.30, bacc: 50.12, tmp_test_f1: 30.46, f1: 43.49
epoch: 234, val_loss:2.398031, acc: 49.30, bacc: 50.12, tmp_test_f1: 34.23, f1: 43.49
epoch: 235, val_loss:1.993451, acc: 49.30, bacc: 50.12, tmp_test_f1: 36.32, f1: 43.49
epoch: 236, val_loss:1.854435, acc: 49.30, bacc: 50.12, tmp_test_f1: 37.91, f1: 43.49
epoch: 237, val_loss:1.921204, acc: 49.30, bacc: 50.12, tmp_test_f1: 36.77, f1: 43.49
epoch: 238, val_loss:2.151591, acc: 49.30, bacc: 50.12, tmp_test_f1: 34.04, f1: 43.49
epoch: 239, val_loss:2.351182, acc: 49.30, bacc: 50.12, tmp_test_f1: 33.06, f1: 43.49
epoch: 240, val_loss:2.548951, acc: 49.30, bacc: 50.12, tmp_test_f1: 35.84, f1: 43.49
epoch: 241, val_loss:2.335732, acc: 49.30, bacc: 50.12, tmp_test_f1: 37.54, f1: 43.49
epoch: 242, val_loss:2.081336, acc: 49.30, bacc: 50.12, tmp_test_f1: 35.33, f1: 43.49
epoch: 243, val_loss:1.785802, acc: 49.30, bacc: 50.12, tmp_test_f1: 31.32, f1: 43.49
epoch: 244, val_loss:1.796378, acc: 49.30, bacc: 50.12, tmp_test_f1: 30.70, f1: 43.49
epoch: 245, val_loss:2.087034, acc: 49.30, bacc: 50.12, tmp_test_f1: 28.33, f1: 43.49
epoch: 246, val_loss:2.686978, acc: 49.30, bacc: 50.12, tmp_test_f1: 26.19, f1: 43.49
epoch: 247, val_loss:2.990081, acc: 49.30, bacc: 50.12, tmp_test_f1: 30.85, f1: 43.49
epoch: 248, val_loss:2.496392, acc: 49.30, bacc: 50.12, tmp_test_f1: 34.27, f1: 43.49
epoch: 249, val_loss:1.859173, acc: 49.30, bacc: 50.12, tmp_test_f1: 38.69, f1: 43.49
epoch: 250, val_loss:1.614257, acc: 49.30, bacc: 50.12, tmp_test_f1: 37.89, f1: 43.49
epoch: 251, val_loss:1.668831, acc: 49.30, bacc: 50.12, tmp_test_f1: 34.75, f1: 43.49
epoch: 252, val_loss:1.950453, acc: 49.30, bacc: 50.12, tmp_test_f1: 30.73, f1: 43.49
epoch: 253, val_loss:2.414792, acc: 49.30, bacc: 50.12, tmp_test_f1: 27.37, f1: 43.49
epoch: 254, val_loss:2.966316, acc: 49.30, bacc: 50.12, tmp_test_f1: 28.02, f1: 43.49
epoch: 255, val_loss:3.054765, acc: 49.30, bacc: 50.12, tmp_test_f1: 30.24, f1: 43.49
epoch: 256, val_loss:2.576508, acc: 49.30, bacc: 50.12, tmp_test_f1: 31.94, f1: 43.49
epoch: 257, val_loss:2.036187, acc: 49.30, bacc: 50.12, tmp_test_f1: 36.37, f1: 43.49
epoch: 258, val_loss:1.661827, acc: 49.30, bacc: 50.12, tmp_test_f1: 38.22, f1: 43.49
epoch: 259, val_loss:1.598928, acc: 49.30, bacc: 50.12, tmp_test_f1: 36.18, f1: 43.49
epoch: 260, val_loss:1.854867, acc: 49.30, bacc: 50.12, tmp_test_f1: 34.32, f1: 43.49
epoch: 261, val_loss:2.373953, acc: 49.30, bacc: 50.12, tmp_test_f1: 30.70, f1: 43.49
epoch: 262, val_loss:2.665066, acc: 49.30, bacc: 50.12, tmp_test_f1: 32.32, f1: 43.49
epoch: 263, val_loss:2.511289, acc: 49.30, bacc: 50.12, tmp_test_f1: 33.39, f1: 43.49
epoch: 264, val_loss:2.087650, acc: 49.30, bacc: 50.12, tmp_test_f1: 31.16, f1: 43.49
epoch: 265, val_loss:2.026212, acc: 49.30, bacc: 50.12, tmp_test_f1: 30.55, f1: 43.49
epoch: 266, val_loss:2.045396, acc: 49.30, bacc: 50.12, tmp_test_f1: 28.48, f1: 43.49
epoch: 267, val_loss:2.147066, acc: 49.30, bacc: 50.12, tmp_test_f1: 28.62, f1: 43.49
epoch: 268, val_loss:2.458797, acc: 49.30, bacc: 50.12, tmp_test_f1: 27.87, f1: 43.49
epoch: 269, val_loss:2.739794, acc: 49.30, bacc: 50.12, tmp_test_f1: 30.66, f1: 43.49
epoch: 270, val_loss:2.728822, acc: 49.30, bacc: 50.12, tmp_test_f1: 36.46, f1: 43.49
epoch: 271, val_loss:2.000117, acc: 49.30, bacc: 50.12, tmp_test_f1: 39.47, f1: 43.49
epoch: 272, val_loss:1.619372, acc: 49.30, bacc: 50.12, tmp_test_f1: 35.00, f1: 43.49
epoch: 273, val_loss:1.713811, acc: 49.30, bacc: 50.12, tmp_test_f1: 30.40, f1: 43.49
epoch: 274, val_loss:1.976328, acc: 49.30, bacc: 50.12, tmp_test_f1: 25.16, f1: 43.49
epoch: 275, val_loss:2.372343, acc: 49.30, bacc: 50.12, tmp_test_f1: 25.68, f1: 43.49
epoch: 276, val_loss:2.748934, acc: 49.30, bacc: 50.12, tmp_test_f1: 29.69, f1: 43.49
epoch: 277, val_loss:2.872317, acc: 49.30, bacc: 50.12, tmp_test_f1: 33.80, f1: 43.49
epoch: 278, val_loss:2.639217, acc: 49.30, bacc: 50.12, tmp_test_f1: 34.36, f1: 43.49
epoch: 279, val_loss:2.316540, acc: 49.30, bacc: 50.12, tmp_test_f1: 29.80, f1: 43.49
epoch: 280, val_loss:2.160108, acc: 49.30, bacc: 50.12, tmp_test_f1: 26.91, f1: 43.49
epoch: 281, val_loss:2.345001, acc: 49.30, bacc: 50.12, tmp_test_f1: 24.93, f1: 43.49
epoch: 282, val_loss:2.691439, acc: 49.30, bacc: 50.12, tmp_test_f1: 28.25, f1: 43.49
epoch: 283, val_loss:2.987772, acc: 49.30, bacc: 50.12, tmp_test_f1: 30.95, f1: 43.49
epoch: 284, val_loss:3.035480, acc: 49.30, bacc: 50.12, tmp_test_f1: 32.23, f1: 43.49
epoch: 285, val_loss:2.846890, acc: 49.30, bacc: 50.12, tmp_test_f1: 33.82, f1: 43.49
epoch: 286, val_loss:2.382844, acc: 49.30, bacc: 50.12, tmp_test_f1: 39.23, f1: 43.49
epoch: 287, val_loss:1.888025, acc: 49.30, bacc: 50.12, tmp_test_f1: 43.05, f1: 43.49
epoch: 288, val_loss:1.685416, acc: 49.30, bacc: 50.12, tmp_test_f1: 42.31, f1: 43.49
epoch: 289, val_loss:1.666454, acc: 49.30, bacc: 50.12, tmp_test_f1: 36.41, f1: 43.49
epoch: 290, val_loss:1.935678, acc: 49.30, bacc: 50.12, tmp_test_f1: 30.81, f1: 43.49
epoch: 291, val_loss:2.393769, acc: 49.30, bacc: 50.12, tmp_test_f1: 29.84, f1: 43.49
epoch: 292, val_loss:2.691818, acc: 49.30, bacc: 50.12, tmp_test_f1: 29.43, f1: 43.49
epoch: 293, val_loss:2.822819, acc: 49.30, bacc: 50.12, tmp_test_f1: 28.69, f1: 43.49
epoch: 294, val_loss:2.607871, acc: 49.30, bacc: 50.12, tmp_test_f1: 29.02, f1: 43.49
epoch: 295, val_loss:2.436648, acc: 49.30, bacc: 50.12, tmp_test_f1: 28.01, f1: 43.49
epoch: 296, val_loss:2.313605, acc: 49.30, bacc: 50.12, tmp_test_f1: 25.65, f1: 43.49
epoch: 297, val_loss:2.388668, acc: 49.30, bacc: 50.12, tmp_test_f1: 25.84, f1: 43.49
epoch: 298, val_loss:2.598506, acc: 49.30, bacc: 50.12, tmp_test_f1: 28.32, f1: 43.49
epoch: 299, val_loss:2.943681, acc: 49.30, bacc: 50.12, tmp_test_f1: 29.39, f1: 43.49
Epoch 00300: reducing learning rate of group 0 to 5.0000e-02.
Epoch 00300: reducing learning rate of group 1 to 5.0000e-02.
epoch: 300, val_loss:3.342879, acc: 49.30, bacc: 50.12, tmp_test_f1: 28.65, f1: 43.49
epoch: 301, val_loss:3.527141, acc: 49.30, bacc: 50.12, tmp_test_f1: 28.97, f1: 43.49
epoch: 302, val_loss:3.406151, acc: 49.30, bacc: 50.12, tmp_test_f1: 31.31, f1: 43.49
epoch: 303, val_loss:2.884086, acc: 49.30, bacc: 50.12, tmp_test_f1: 33.84, f1: 43.49
epoch: 304, val_loss:2.433165, acc: 49.30, bacc: 50.12, tmp_test_f1: 36.19, f1: 43.49
epoch: 305, val_loss:2.150956, acc: 49.30, bacc: 50.12, tmp_test_f1: 38.23, f1: 43.49
epoch: 306, val_loss:2.024387, acc: 49.30, bacc: 50.12, tmp_test_f1: 37.74, f1: 43.49
epoch: 307, val_loss:1.980194, acc: 49.30, bacc: 50.12, tmp_test_f1: 35.49, f1: 43.49
epoch: 308, val_loss:2.036103, acc: 49.30, bacc: 50.12, tmp_test_f1: 35.87, f1: 43.49
epoch: 309, val_loss:2.045049, acc: 49.30, bacc: 50.12, tmp_test_f1: 34.44, f1: 43.49
epoch: 310, val_loss:2.124042, acc: 49.30, bacc: 50.12, tmp_test_f1: 34.76, f1: 43.49
epoch: 311, val_loss:2.139538, acc: 49.30, bacc: 50.12, tmp_test_f1: 34.02, f1: 43.49
epoch: 312, val_loss:2.249153, acc: 49.30, bacc: 50.12, tmp_test_f1: 33.15, f1: 43.49
epoch: 313, val_loss:2.450861, acc: 49.30, bacc: 50.12, tmp_test_f1: 32.68, f1: 43.49
epoch: 314, val_loss:2.540002, acc: 49.30, bacc: 50.12, tmp_test_f1: 32.61, f1: 43.49
epoch: 315, val_loss:2.454727, acc: 49.30, bacc: 50.12, tmp_test_f1: 33.42, f1: 43.49
epoch: 316, val_loss:2.322862, acc: 49.30, bacc: 50.12, tmp_test_f1: 34.03, f1: 43.49
epoch: 317, val_loss:2.162165, acc: 49.30, bacc: 50.12, tmp_test_f1: 34.17, f1: 43.49
epoch: 318, val_loss:2.079845, acc: 49.30, bacc: 50.12, tmp_test_f1: 34.12, f1: 43.49
epoch: 319, val_loss:2.092758, acc: 49.30, bacc: 50.12, tmp_test_f1: 33.20, f1: 43.49
epoch: 320, val_loss:2.136805, acc: 49.30, bacc: 50.12, tmp_test_f1: 32.29, f1: 43.49
epoch: 321, val_loss:2.171818, acc: 49.30, bacc: 50.12, tmp_test_f1: 32.32, f1: 43.49
epoch: 322, val_loss:2.143665, acc: 49.30, bacc: 50.12, tmp_test_f1: 32.21, f1: 43.49
epoch: 323, val_loss:2.160870, acc: 49.30, bacc: 50.12, tmp_test_f1: 32.20, f1: 43.49
epoch: 324, val_loss:2.212534, acc: 49.30, bacc: 50.12, tmp_test_f1: 32.03, f1: 43.49
epoch: 325, val_loss:2.304224, acc: 49.30, bacc: 50.12, tmp_test_f1: 32.71, f1: 43.49
epoch: 326, val_loss:2.356945, acc: 49.30, bacc: 50.12, tmp_test_f1: 32.63, f1: 43.49
epoch: 327, val_loss:2.317080, acc: 49.30, bacc: 50.12, tmp_test_f1: 32.31, f1: 43.49
epoch: 328, val_loss:2.269938, acc: 49.30, bacc: 50.12, tmp_test_f1: 31.71, f1: 43.49
epoch: 329, val_loss:2.237406, acc: 49.30, bacc: 50.12, tmp_test_f1: 30.99, f1: 43.49
epoch: 330, val_loss:2.224681, acc: 49.30, bacc: 50.12, tmp_test_f1: 29.82, f1: 43.49
epoch: 331, val_loss:2.354840, acc: 49.30, bacc: 50.12, tmp_test_f1: 28.62, f1: 43.49
epoch: 332, val_loss:2.481784, acc: 49.30, bacc: 50.12, tmp_test_f1: 27.45, f1: 43.49
epoch: 333, val_loss:2.582742, acc: 49.30, bacc: 50.12, tmp_test_f1: 28.21, f1: 43.49
epoch: 334, val_loss:2.609619, acc: 49.30, bacc: 50.12, tmp_test_f1: 29.85, f1: 43.49
epoch: 335, val_loss:2.425606, acc: 49.30, bacc: 50.12, tmp_test_f1: 32.89, f1: 43.49
epoch: 336, val_loss:2.319861, acc: 49.30, bacc: 50.12, tmp_test_f1: 35.27, f1: 43.49
epoch: 337, val_loss:2.169771, acc: 49.30, bacc: 50.12, tmp_test_f1: 36.14, f1: 43.49
epoch: 338, val_loss:2.113119, acc: 49.30, bacc: 50.12, tmp_test_f1: 36.24, f1: 43.49
epoch: 339, val_loss:2.089492, acc: 49.30, bacc: 50.12, tmp_test_f1: 37.10, f1: 43.49
epoch: 340, val_loss:1.993903, acc: 49.30, bacc: 50.12, tmp_test_f1: 36.50, f1: 43.49
epoch: 341, val_loss:1.937671, acc: 49.30, bacc: 50.12, tmp_test_f1: 34.34, f1: 43.49
epoch: 342, val_loss:2.008274, acc: 49.30, bacc: 50.12, tmp_test_f1: 31.17, f1: 43.49
epoch: 343, val_loss:2.125986, acc: 49.30, bacc: 50.12, tmp_test_f1: 29.60, f1: 43.49
epoch: 344, val_loss:2.300596, acc: 49.30, bacc: 50.12, tmp_test_f1: 28.10, f1: 43.49
epoch: 345, val_loss:2.486998, acc: 49.30, bacc: 50.12, tmp_test_f1: 27.54, f1: 43.49
epoch: 346, val_loss:2.577303, acc: 49.30, bacc: 50.12, tmp_test_f1: 27.62, f1: 43.49
epoch: 347, val_loss:2.558509, acc: 49.30, bacc: 50.12, tmp_test_f1: 28.19, f1: 43.49
epoch: 348, val_loss:2.452473, acc: 49.30, bacc: 50.12, tmp_test_f1: 29.12, f1: 43.49
epoch: 349, val_loss:2.369115, acc: 49.30, bacc: 50.12, tmp_test_f1: 29.20, f1: 43.49
epoch: 350, val_loss:2.348181, acc: 49.30, bacc: 50.12, tmp_test_f1: 29.56, f1: 43.49
epoch: 351, val_loss:2.346580, acc: 49.30, bacc: 50.12, tmp_test_f1: 29.57, f1: 43.49
epoch: 352, val_loss:2.307697, acc: 49.30, bacc: 50.12, tmp_test_f1: 29.69, f1: 43.49
epoch: 353, val_loss:2.302249, acc: 49.30, bacc: 50.12, tmp_test_f1: 30.44, f1: 43.49
epoch: 354, val_loss:2.284817, acc: 49.30, bacc: 50.12, tmp_test_f1: 30.99, f1: 43.49
epoch: 355, val_loss:2.296101, acc: 49.30, bacc: 50.12, tmp_test_f1: 31.08, f1: 43.49
epoch: 356, val_loss:2.319651, acc: 49.30, bacc: 50.12, tmp_test_f1: 30.10, f1: 43.49
epoch: 357, val_loss:2.394480, acc: 49.30, bacc: 50.12, tmp_test_f1: 30.35, f1: 43.49
epoch: 358, val_loss:2.384113, acc: 49.30, bacc: 50.12, tmp_test_f1: 30.56, f1: 43.49
epoch: 359, val_loss:2.294749, acc: 49.30, bacc: 50.12, tmp_test_f1: 31.96, f1: 43.49
epoch: 360, val_loss:2.147615, acc: 49.30, bacc: 50.12, tmp_test_f1: 33.18, f1: 43.49
epoch: 361, val_loss:2.091718, acc: 49.30, bacc: 50.12, tmp_test_f1: 34.69, f1: 43.49
epoch: 362, val_loss:2.027542, acc: 49.30, bacc: 50.12, tmp_test_f1: 34.84, f1: 43.49
epoch: 363, val_loss:2.056957, acc: 49.30, bacc: 50.12, tmp_test_f1: 33.97, f1: 43.49
epoch: 364, val_loss:2.178139, acc: 49.30, bacc: 50.12, tmp_test_f1: 32.84, f1: 43.49
epoch: 365, val_loss:2.466726, acc: 49.30, bacc: 50.12, tmp_test_f1: 32.25, f1: 43.49
epoch: 366, val_loss:2.641383, acc: 49.30, bacc: 50.12, tmp_test_f1: 30.64, f1: 43.49
epoch: 367, val_loss:2.577965, acc: 49.30, bacc: 50.12, tmp_test_f1: 29.64, f1: 43.49
epoch: 368, val_loss:2.536401, acc: 49.30, bacc: 50.12, tmp_test_f1: 28.61, f1: 43.49
epoch: 369, val_loss:2.376552, acc: 49.30, bacc: 50.12, tmp_test_f1: 29.73, f1: 43.49
epoch: 370, val_loss:2.205314, acc: 49.30, bacc: 50.12, tmp_test_f1: 30.58, f1: 43.49
epoch: 371, val_loss:2.159843, acc: 49.30, bacc: 50.12, tmp_test_f1: 30.81, f1: 43.49
epoch: 372, val_loss:2.225939, acc: 49.30, bacc: 50.12, tmp_test_f1: 31.08, f1: 43.49
epoch: 373, val_loss:2.328738, acc: 49.30, bacc: 50.12, tmp_test_f1: 31.09, f1: 43.49
epoch: 374, val_loss:2.490947, acc: 49.30, bacc: 50.12, tmp_test_f1: 31.86, f1: 43.49
epoch: 375, val_loss:2.455286, acc: 49.30, bacc: 50.12, tmp_test_f1: 32.69, f1: 43.49
epoch: 376, val_loss:2.321325, acc: 49.30, bacc: 50.12, tmp_test_f1: 33.76, f1: 43.49
epoch: 377, val_loss:1.976895, acc: 49.30, bacc: 50.12, tmp_test_f1: 36.03, f1: 43.49
epoch: 378, val_loss:1.784756, acc: 49.30, bacc: 50.12, tmp_test_f1: 35.70, f1: 43.49
epoch: 379, val_loss:1.752077, acc: 49.30, bacc: 50.12, tmp_test_f1: 32.85, f1: 43.49
epoch: 380, val_loss:1.969367, acc: 49.30, bacc: 50.12, tmp_test_f1: 31.13, f1: 43.49
epoch: 381, val_loss:2.467926, acc: 49.30, bacc: 50.12, tmp_test_f1: 28.26, f1: 43.49
epoch: 382, val_loss:3.022725, acc: 49.30, bacc: 50.12, tmp_test_f1: 26.77, f1: 43.49
epoch: 383, val_loss:3.363131, acc: 49.30, bacc: 50.12, tmp_test_f1: 26.94, f1: 43.49
epoch: 384, val_loss:3.312194, acc: 49.30, bacc: 50.12, tmp_test_f1: 28.39, f1: 43.49
epoch: 385, val_loss:2.943702, acc: 49.30, bacc: 50.12, tmp_test_f1: 28.10, f1: 43.49
epoch: 386, val_loss:2.602490, acc: 49.30, bacc: 50.12, tmp_test_f1: 28.23, f1: 43.49
epoch: 387, val_loss:2.323911, acc: 49.30, bacc: 50.12, tmp_test_f1: 29.65, f1: 43.49
epoch: 388, val_loss:2.165451, acc: 49.30, bacc: 50.12, tmp_test_f1: 30.82, f1: 43.49
epoch: 389, val_loss:2.146839, acc: 49.30, bacc: 50.12, tmp_test_f1: 33.03, f1: 43.49
epoch: 390, val_loss:2.204723, acc: 49.30, bacc: 50.12, tmp_test_f1: 33.20, f1: 43.49
epoch: 391, val_loss:2.374659, acc: 49.30, bacc: 50.12, tmp_test_f1: 32.11, f1: 43.49
epoch: 392, val_loss:2.646378, acc: 49.30, bacc: 50.12, tmp_test_f1: 31.34, f1: 43.49
epoch: 393, val_loss:2.806005, acc: 49.30, bacc: 50.12, tmp_test_f1: 31.17, f1: 43.49
epoch: 394, val_loss:2.680352, acc: 49.30, bacc: 50.12, tmp_test_f1: 30.76, f1: 43.49
epoch: 395, val_loss:2.462223, acc: 49.30, bacc: 50.12, tmp_test_f1: 30.77, f1: 43.49
epoch: 396, val_loss:2.130037, acc: 49.30, bacc: 50.12, tmp_test_f1: 32.38, f1: 43.49
epoch: 397, val_loss:1.990077, acc: 49.30, bacc: 50.12, tmp_test_f1: 32.64, f1: 43.49
epoch: 398, val_loss:2.033858, acc: 49.30, bacc: 50.12, tmp_test_f1: 33.37, f1: 43.49
epoch: 399, val_loss:2.159592, acc: 49.30, bacc: 50.12, tmp_test_f1: 33.06, f1: 43.49
epoch: 400, val_loss:2.316437, acc: 49.30, bacc: 50.12, tmp_test_f1: 32.92, f1: 43.49
epoch: 401, val_loss:2.491762, acc: 49.30, bacc: 50.12, tmp_test_f1: 31.42, f1: 43.49
epoch: 402, val_loss:2.661278, acc: 49.30, bacc: 50.12, tmp_test_f1: 31.64, f1: 43.49
epoch: 403, val_loss:2.726806, acc: 49.30, bacc: 50.12, tmp_test_f1: 31.90, f1: 43.49
epoch: 404, val_loss:2.560629, acc: 49.30, bacc: 50.12, tmp_test_f1: 30.61, f1: 43.49
epoch: 405, val_loss:2.349632, acc: 49.30, bacc: 50.12, tmp_test_f1: 29.13, f1: 43.49
epoch: 406, val_loss:2.287765, acc: 49.30, bacc: 50.12, tmp_test_f1: 26.96, f1: 43.49
epoch: 407, val_loss:2.298959, acc: 49.30, bacc: 50.12, tmp_test_f1: 26.62, f1: 43.49
epoch: 408, val_loss:2.403732, acc: 49.30, bacc: 50.12, tmp_test_f1: 27.39, f1: 43.49
epoch: 409, val_loss:2.559301, acc: 49.30, bacc: 50.12, tmp_test_f1: 27.29, f1: 43.49
epoch: 410, val_loss:2.823787, acc: 49.30, bacc: 50.12, tmp_test_f1: 26.42, f1: 43.49
epoch: 411, val_loss:3.059733, acc: 49.30, bacc: 50.12, tmp_test_f1: 26.58, f1: 43.49
epoch: 412, val_loss:3.170410, acc: 49.30, bacc: 50.12, tmp_test_f1: 27.07, f1: 43.49
epoch: 413, val_loss:3.093788, acc: 49.30, bacc: 50.12, tmp_test_f1: 27.64, f1: 43.49
epoch: 414, val_loss:2.920414, acc: 49.30, bacc: 50.12, tmp_test_f1: 28.10, f1: 43.49
epoch: 415, val_loss:2.698157, acc: 49.30, bacc: 50.12, tmp_test_f1: 30.39, f1: 43.49
epoch: 416, val_loss:2.288373, acc: 49.30, bacc: 50.12, tmp_test_f1: 31.99, f1: 43.49
epoch: 417, val_loss:2.019692, acc: 49.30, bacc: 50.12, tmp_test_f1: 33.24, f1: 43.49
epoch: 418, val_loss:1.979949, acc: 49.30, bacc: 50.12, tmp_test_f1: 33.44, f1: 43.49
epoch: 419, val_loss:2.107810, acc: 49.30, bacc: 50.12, tmp_test_f1: 32.93, f1: 43.49
epoch: 420, val_loss:2.316981, acc: 49.30, bacc: 50.12, tmp_test_f1: 32.42, f1: 43.49
epoch: 421, val_loss:2.561384, acc: 49.30, bacc: 50.12, tmp_test_f1: 30.69, f1: 43.49
epoch: 422, val_loss:2.732878, acc: 49.30, bacc: 50.12, tmp_test_f1: 29.95, f1: 43.49
epoch: 423, val_loss:2.824981, acc: 49.30, bacc: 50.12, tmp_test_f1: 29.84, f1: 43.49
epoch: 424, val_loss:2.724359, acc: 49.30, bacc: 50.12, tmp_test_f1: 30.65, f1: 43.49
epoch: 425, val_loss:2.524075, acc: 49.30, bacc: 50.12, tmp_test_f1: 31.50, f1: 43.49
epoch: 426, val_loss:2.313711, acc: 49.30, bacc: 50.12, tmp_test_f1: 33.35, f1: 43.49
epoch: 427, val_loss:2.124033, acc: 49.30, bacc: 50.12, tmp_test_f1: 35.11, f1: 43.49
epoch: 428, val_loss:2.008878, acc: 49.30, bacc: 50.12, tmp_test_f1: 39.20, f1: 43.49
epoch: 429, val_loss:1.954860, acc: 49.30, bacc: 50.12, tmp_test_f1: 42.19, f1: 43.49
epoch: 430, val_loss:1.939281, acc: 49.30, bacc: 50.12, tmp_test_f1: 41.61, f1: 43.49
epoch: 431, val_loss:1.963426, acc: 49.30, bacc: 50.12, tmp_test_f1: 41.13, f1: 43.49
epoch: 432, val_loss:1.983717, acc: 49.30, bacc: 50.12, tmp_test_f1: 37.75, f1: 43.49
epoch: 433, val_loss:2.048449, acc: 49.30, bacc: 50.12, tmp_test_f1: 33.43, f1: 43.49
epoch: 434, val_loss:2.225280, acc: 49.30, bacc: 50.12, tmp_test_f1: 29.75, f1: 43.49
epoch: 435, val_loss:2.438939, acc: 49.30, bacc: 50.12, tmp_test_f1: 27.53, f1: 43.49
epoch: 436, val_loss:2.610058, acc: 49.30, bacc: 50.12, tmp_test_f1: 27.67, f1: 43.49
epoch: 437, val_loss:2.642541, acc: 49.30, bacc: 50.12, tmp_test_f1: 28.07, f1: 43.49
epoch: 438, val_loss:2.569222, acc: 49.30, bacc: 50.12, tmp_test_f1: 30.09, f1: 43.49
epoch: 439, val_loss:2.386440, acc: 49.30, bacc: 50.12, tmp_test_f1: 30.52, f1: 43.49
epoch: 440, val_loss:2.372418, acc: 49.30, bacc: 50.12, tmp_test_f1: 29.81, f1: 43.49
epoch: 441, val_loss:2.441842, acc: 49.30, bacc: 50.12, tmp_test_f1: 28.69, f1: 43.49
epoch: 442, val_loss:2.622134, acc: 49.30, bacc: 50.12, tmp_test_f1: 28.42, f1: 43.49
epoch: 443, val_loss:2.631059, acc: 49.30, bacc: 50.12, tmp_test_f1: 27.72, f1: 43.49
epoch: 444, val_loss:2.606544, acc: 49.30, bacc: 50.12, tmp_test_f1: 27.12, f1: 43.49
epoch: 445, val_loss:2.579007, acc: 49.30, bacc: 50.12, tmp_test_f1: 26.66, f1: 43.49
epoch: 446, val_loss:2.602620, acc: 49.30, bacc: 50.12, tmp_test_f1: 27.26, f1: 43.49
epoch: 447, val_loss:2.639746, acc: 49.30, bacc: 50.12, tmp_test_f1: 28.06, f1: 43.49
epoch: 448, val_loss:2.597728, acc: 49.30, bacc: 50.12, tmp_test_f1: 30.33, f1: 43.49
epoch: 449, val_loss:2.497005, acc: 49.30, bacc: 50.12, tmp_test_f1: 31.45, f1: 43.49
epoch: 450, val_loss:2.388462, acc: 49.30, bacc: 50.12, tmp_test_f1: 33.09, f1: 43.49
epoch: 451, val_loss:2.361408, acc: 49.30, bacc: 50.12, tmp_test_f1: 34.36, f1: 43.49
epoch: 452, val_loss:2.202798, acc: 49.30, bacc: 50.12, tmp_test_f1: 36.21, f1: 43.49
epoch: 453, val_loss:2.037941, acc: 49.30, bacc: 50.12, tmp_test_f1: 37.40, f1: 43.49
epoch: 454, val_loss:1.942727, acc: 49.30, bacc: 50.12, tmp_test_f1: 36.62, f1: 43.49
epoch: 455, val_loss:1.891726, acc: 49.30, bacc: 50.12, tmp_test_f1: 36.14, f1: 43.49
epoch: 456, val_loss:1.940549, acc: 49.30, bacc: 50.12, tmp_test_f1: 32.95, f1: 43.49
epoch: 457, val_loss:2.091889, acc: 49.30, bacc: 50.12, tmp_test_f1: 30.64, f1: 43.49
epoch: 458, val_loss:2.293262, acc: 49.30, bacc: 50.12, tmp_test_f1: 29.31, f1: 43.49
epoch: 459, val_loss:2.532908, acc: 49.30, bacc: 50.12, tmp_test_f1: 27.93, f1: 43.49
epoch: 460, val_loss:2.760442, acc: 49.30, bacc: 50.12, tmp_test_f1: 28.69, f1: 43.49
epoch: 461, val_loss:2.952618, acc: 49.30, bacc: 50.12, tmp_test_f1: 29.61, f1: 43.49
epoch: 462, val_loss:2.780089, acc: 49.30, bacc: 50.12, tmp_test_f1: 31.86, f1: 43.49
epoch: 463, val_loss:2.450238, acc: 49.30, bacc: 50.12, tmp_test_f1: 33.31, f1: 43.49
epoch: 464, val_loss:2.188648, acc: 49.30, bacc: 50.12, tmp_test_f1: 33.98, f1: 43.49
epoch: 465, val_loss:2.025234, acc: 49.30, bacc: 50.12, tmp_test_f1: 32.90, f1: 43.49
epoch: 466, val_loss:2.011327, acc: 49.30, bacc: 50.12, tmp_test_f1: 31.29, f1: 43.49
epoch: 467, val_loss:2.128834, acc: 49.30, bacc: 50.12, tmp_test_f1: 29.47, f1: 43.49
epoch: 468, val_loss:2.363722, acc: 49.30, bacc: 50.12, tmp_test_f1: 28.83, f1: 43.49
epoch: 469, val_loss:2.507152, acc: 49.30, bacc: 50.12, tmp_test_f1: 29.32, f1: 43.49
epoch: 470, val_loss:2.571615, acc: 49.30, bacc: 50.12, tmp_test_f1: 30.64, f1: 43.49
epoch: 471, val_loss:2.571635, acc: 49.30, bacc: 50.12, tmp_test_f1: 31.37, f1: 43.49
epoch: 472, val_loss:2.604118, acc: 49.30, bacc: 50.12, tmp_test_f1: 32.47, f1: 43.49
epoch: 473, val_loss:2.482488, acc: 49.30, bacc: 50.12, tmp_test_f1: 32.68, f1: 43.49
epoch: 474, val_loss:2.364304, acc: 49.30, bacc: 50.12, tmp_test_f1: 32.96, f1: 43.49
epoch: 475, val_loss:2.174716, acc: 49.30, bacc: 50.12, tmp_test_f1: 32.87, f1: 43.49
epoch: 476, val_loss:2.142148, acc: 49.30, bacc: 50.12, tmp_test_f1: 32.24, f1: 43.49
epoch: 477, val_loss:2.187476, acc: 49.30, bacc: 50.12, tmp_test_f1: 31.00, f1: 43.49
epoch: 478, val_loss:2.412977, acc: 49.30, bacc: 50.12, tmp_test_f1: 30.17, f1: 43.49
epoch: 479, val_loss:2.624164, acc: 49.30, bacc: 50.12, tmp_test_f1: 30.12, f1: 43.49
epoch: 480, val_loss:2.830281, acc: 49.30, bacc: 50.12, tmp_test_f1: 30.03, f1: 43.49
epoch: 481, val_loss:2.621982, acc: 49.30, bacc: 50.12, tmp_test_f1: 30.76, f1: 43.49
epoch: 482, val_loss:2.353659, acc: 49.30, bacc: 50.12, tmp_test_f1: 32.13, f1: 43.49
epoch: 483, val_loss:2.217350, acc: 49.30, bacc: 50.12, tmp_test_f1: 33.85, f1: 43.49
epoch: 484, val_loss:2.078858, acc: 49.30, bacc: 50.12, tmp_test_f1: 34.66, f1: 43.49
epoch: 485, val_loss:2.075951, acc: 49.30, bacc: 50.12, tmp_test_f1: 33.74, f1: 43.49
epoch: 486, val_loss:2.119422, acc: 49.30, bacc: 50.12, tmp_test_f1: 33.70, f1: 43.49
epoch: 487, val_loss:2.235703, acc: 49.30, bacc: 50.12, tmp_test_f1: 32.13, f1: 43.49
epoch: 488, val_loss:2.314277, acc: 49.30, bacc: 50.12, tmp_test_f1: 31.75, f1: 43.49
epoch: 489, val_loss:2.353183, acc: 49.30, bacc: 50.12, tmp_test_f1: 31.32, f1: 43.49
epoch: 490, val_loss:2.349869, acc: 49.30, bacc: 50.12, tmp_test_f1: 30.50, f1: 43.49
epoch: 491, val_loss:2.308029, acc: 49.30, bacc: 50.12, tmp_test_f1: 30.27, f1: 43.49
epoch: 492, val_loss:2.287021, acc: 49.30, bacc: 50.12, tmp_test_f1: 29.68, f1: 43.49
epoch: 493, val_loss:2.312929, acc: 49.30, bacc: 50.12, tmp_test_f1: 29.43, f1: 43.49
epoch: 494, val_loss:2.328007, acc: 49.30, bacc: 50.12, tmp_test_f1: 29.56, f1: 43.49
epoch: 495, val_loss:2.301100, acc: 49.30, bacc: 50.12, tmp_test_f1: 29.37, f1: 43.49
epoch: 496, val_loss:2.324473, acc: 49.30, bacc: 50.12, tmp_test_f1: 30.19, f1: 43.49
epoch: 497, val_loss:2.290244, acc: 49.30, bacc: 50.12, tmp_test_f1: 29.47, f1: 43.49
epoch: 498, val_loss:2.196101, acc: 49.30, bacc: 50.12, tmp_test_f1: 29.19, f1: 43.49
epoch: 499, val_loss:2.235214, acc: 49.30, bacc: 50.12, tmp_test_f1: 28.12, f1: 43.49
epoch: 500, val_loss:2.398918, acc: 49.30, bacc: 50.12, tmp_test_f1: 28.22, f1: 43.49
Epoch 00501: reducing learning rate of group 0 to 2.5000e-02.
Epoch 00501: reducing learning rate of group 1 to 2.5000e-02.
epoch: 501, val_loss:2.578162, acc: 49.30, bacc: 50.12, tmp_test_f1: 28.47, f1: 43.49
epoch: 502, val_loss:2.652727, acc: 49.30, bacc: 50.12, tmp_test_f1: 28.51, f1: 43.49
epoch: 503, val_loss:2.546844, acc: 49.30, bacc: 50.12, tmp_test_f1: 28.93, f1: 43.49
epoch: 504, val_loss:2.434746, acc: 49.30, bacc: 50.12, tmp_test_f1: 28.94, f1: 43.49
epoch: 505, val_loss:2.357662, acc: 49.30, bacc: 50.12, tmp_test_f1: 30.01, f1: 43.49
epoch: 506, val_loss:2.287298, acc: 49.30, bacc: 50.12, tmp_test_f1: 30.06, f1: 43.49
epoch: 507, val_loss:2.237044, acc: 49.30, bacc: 50.12, tmp_test_f1: 29.79, f1: 43.49
epoch: 508, val_loss:2.205102, acc: 49.30, bacc: 50.12, tmp_test_f1: 30.16, f1: 43.49
epoch: 509, val_loss:2.171613, acc: 49.30, bacc: 50.12, tmp_test_f1: 30.53, f1: 43.49
epoch: 510, val_loss:2.195348, acc: 49.30, bacc: 50.12, tmp_test_f1: 31.27, f1: 43.49
epoch: 511, val_loss:2.220638, acc: 49.30, bacc: 50.12, tmp_test_f1: 31.95, f1: 43.49
epoch: 512, val_loss:2.270542, acc: 49.30, bacc: 50.12, tmp_test_f1: 31.97, f1: 43.49
epoch: 513, val_loss:2.329323, acc: 49.30, bacc: 50.12, tmp_test_f1: 31.38, f1: 43.49
epoch: 514, val_loss:2.441185, acc: 49.30, bacc: 50.12, tmp_test_f1: 30.76, f1: 43.49
epoch: 515, val_loss:2.586010, acc: 49.30, bacc: 50.12, tmp_test_f1: 30.17, f1: 43.49
epoch: 516, val_loss:2.691962, acc: 49.30, bacc: 50.12, tmp_test_f1: 29.39, f1: 43.49
epoch: 517, val_loss:2.768758, acc: 49.30, bacc: 50.12, tmp_test_f1: 29.13, f1: 43.49
epoch: 518, val_loss:2.799717, acc: 49.30, bacc: 50.12, tmp_test_f1: 29.55, f1: 43.49
epoch: 519, val_loss:2.639252, acc: 49.30, bacc: 50.12, tmp_test_f1: 29.97, f1: 43.49
epoch: 520, val_loss:2.438904, acc: 49.30, bacc: 50.12, tmp_test_f1: 29.81, f1: 43.49
epoch: 521, val_loss:2.255393, acc: 49.30, bacc: 50.12, tmp_test_f1: 29.99, f1: 43.49
epoch: 522, val_loss:2.116498, acc: 49.30, bacc: 50.12, tmp_test_f1: 30.09, f1: 43.49
epoch: 523, val_loss:2.075787, acc: 49.30, bacc: 50.12, tmp_test_f1: 30.25, f1: 43.49
epoch: 524, val_loss:2.070544, acc: 49.30, bacc: 50.12, tmp_test_f1: 30.24, f1: 43.49
epoch: 525, val_loss:2.109223, acc: 49.30, bacc: 50.12, tmp_test_f1: 30.34, f1: 43.49
epoch: 526, val_loss:2.222446, acc: 49.30, bacc: 50.12, tmp_test_f1: 30.73, f1: 43.49
epoch: 527, val_loss:2.374023, acc: 49.30, bacc: 50.12, tmp_test_f1: 30.64, f1: 43.49
epoch: 528, val_loss:2.533803, acc: 49.30, bacc: 50.12, tmp_test_f1: 30.18, f1: 43.49
epoch: 529, val_loss:2.671087, acc: 49.30, bacc: 50.12, tmp_test_f1: 29.68, f1: 43.49
epoch: 530, val_loss:2.721277, acc: 49.30, bacc: 50.12, tmp_test_f1: 29.08, f1: 43.49
epoch: 531, val_loss:2.684581, acc: 49.30, bacc: 50.12, tmp_test_f1: 28.98, f1: 43.49
epoch: 532, val_loss:2.635716, acc: 49.30, bacc: 50.12, tmp_test_f1: 28.90, f1: 43.49
epoch: 533, val_loss:2.582105, acc: 49.30, bacc: 50.12, tmp_test_f1: 28.12, f1: 43.49
epoch: 534, val_loss:2.607928, acc: 49.30, bacc: 50.12, tmp_test_f1: 28.11, f1: 43.49
epoch: 535, val_loss:2.537124, acc: 49.30, bacc: 50.12, tmp_test_f1: 28.07, f1: 43.49
epoch: 536, val_loss:2.469846, acc: 49.30, bacc: 50.12, tmp_test_f1: 28.33, f1: 43.49
epoch: 537, val_loss:2.396402, acc: 49.30, bacc: 50.12, tmp_test_f1: 29.00, f1: 43.49
epoch: 538, val_loss:2.372313, acc: 49.30, bacc: 50.12, tmp_test_f1: 29.75, f1: 43.49
epoch: 539, val_loss:2.414525, acc: 49.30, bacc: 50.12, tmp_test_f1: 29.54, f1: 43.49
epoch: 540, val_loss:2.416482, acc: 49.30, bacc: 50.12, tmp_test_f1: 30.22, f1: 43.49
epoch: 541, val_loss:2.450072, acc: 49.30, bacc: 50.12, tmp_test_f1: 30.98, f1: 43.49
epoch: 542, val_loss:2.448682, acc: 49.30, bacc: 50.12, tmp_test_f1: 31.03, f1: 43.49
epoch: 543, val_loss:2.415461, acc: 49.30, bacc: 50.12, tmp_test_f1: 31.04, f1: 43.49
epoch: 544, val_loss:2.432920, acc: 49.30, bacc: 50.12, tmp_test_f1: 30.76, f1: 43.49
epoch: 545, val_loss:2.445685, acc: 49.30, bacc: 50.12, tmp_test_f1: 31.07, f1: 43.49
epoch: 546, val_loss:2.409630, acc: 49.30, bacc: 50.12, tmp_test_f1: 30.54, f1: 43.49
epoch: 547, val_loss:2.302015, acc: 49.30, bacc: 50.12, tmp_test_f1: 30.64, f1: 43.49
epoch: 548, val_loss:2.166555, acc: 49.30, bacc: 50.12, tmp_test_f1: 31.98, f1: 43.49
epoch: 549, val_loss:2.039106, acc: 49.30, bacc: 50.12, tmp_test_f1: 32.53, f1: 43.49
epoch: 550, val_loss:1.999268, acc: 49.30, bacc: 50.12, tmp_test_f1: 32.06, f1: 43.49
epoch: 551, val_loss:2.042283, acc: 49.30, bacc: 50.12, tmp_test_f1: 32.74, f1: 43.49
epoch: 552, val_loss:2.137161, acc: 49.30, bacc: 50.12, tmp_test_f1: 32.23, f1: 43.49
epoch: 553, val_loss:2.296326, acc: 49.30, bacc: 50.12, tmp_test_f1: 31.94, f1: 43.49
epoch: 554, val_loss:2.412190, acc: 49.30, bacc: 50.12, tmp_test_f1: 32.14, f1: 43.49
epoch: 555, val_loss:2.543196, acc: 49.30, bacc: 50.12, tmp_test_f1: 30.84, f1: 43.49
epoch: 556, val_loss:2.627910, acc: 49.30, bacc: 50.12, tmp_test_f1: 30.78, f1: 43.49
epoch: 557, val_loss:2.633829, acc: 49.30, bacc: 50.12, tmp_test_f1: 32.46, f1: 43.49
epoch: 558, val_loss:2.510371, acc: 49.30, bacc: 50.12, tmp_test_f1: 32.28, f1: 43.49
epoch: 559, val_loss:2.417541, acc: 49.30, bacc: 50.12, tmp_test_f1: 32.99, f1: 43.49
epoch: 560, val_loss:2.358931, acc: 49.30, bacc: 50.12, tmp_test_f1: 33.06, f1: 43.49
epoch: 561, val_loss:2.339623, acc: 49.30, bacc: 50.12, tmp_test_f1: 32.18, f1: 43.49
epoch: 562, val_loss:2.367709, acc: 49.30, bacc: 50.12, tmp_test_f1: 31.56, f1: 43.49
epoch: 563, val_loss:2.387595, acc: 49.30, bacc: 50.12, tmp_test_f1: 30.44, f1: 43.49
epoch: 564, val_loss:2.428208, acc: 49.30, bacc: 50.12, tmp_test_f1: 28.67, f1: 43.49
epoch: 565, val_loss:2.527239, acc: 49.30, bacc: 50.12, tmp_test_f1: 28.33, f1: 43.49
epoch: 566, val_loss:2.612558, acc: 49.30, bacc: 50.12, tmp_test_f1: 27.91, f1: 43.49
epoch: 567, val_loss:2.700341, acc: 49.30, bacc: 50.12, tmp_test_f1: 28.15, f1: 43.49
epoch: 568, val_loss:2.670099, acc: 49.30, bacc: 50.12, tmp_test_f1: 28.91, f1: 43.49
epoch: 569, val_loss:2.640528, acc: 49.30, bacc: 50.12, tmp_test_f1: 28.99, f1: 43.49
epoch: 570, val_loss:2.641270, acc: 49.30, bacc: 50.12, tmp_test_f1: 29.34, f1: 43.49
epoch: 571, val_loss:2.659636, acc: 49.30, bacc: 50.12, tmp_test_f1: 29.97, f1: 43.49
epoch: 572, val_loss:2.632586, acc: 49.30, bacc: 50.12, tmp_test_f1: 31.33, f1: 43.49
epoch: 573, val_loss:2.522331, acc: 49.30, bacc: 50.12, tmp_test_f1: 32.66, f1: 43.49
epoch: 574, val_loss:2.341525, acc: 49.30, bacc: 50.12, tmp_test_f1: 33.53, f1: 43.49
epoch: 575, val_loss:2.186375, acc: 49.30, bacc: 50.12, tmp_test_f1: 35.67, f1: 43.49
epoch: 576, val_loss:2.066167, acc: 49.30, bacc: 50.12, tmp_test_f1: 35.77, f1: 43.49
epoch: 577, val_loss:1.983362, acc: 49.30, bacc: 50.12, tmp_test_f1: 35.47, f1: 43.49
epoch: 578, val_loss:1.992041, acc: 49.30, bacc: 50.12, tmp_test_f1: 34.86, f1: 43.49
epoch: 579, val_loss:2.011453, acc: 49.30, bacc: 50.12, tmp_test_f1: 33.73, f1: 43.49
epoch: 580, val_loss:2.050740, acc: 49.30, bacc: 50.12, tmp_test_f1: 32.60, f1: 43.49
epoch: 581, val_loss:2.092749, acc: 49.30, bacc: 50.12, tmp_test_f1: 33.43, f1: 43.49
epoch: 582, val_loss:2.140048, acc: 49.30, bacc: 50.12, tmp_test_f1: 33.24, f1: 43.49
epoch: 583, val_loss:2.148124, acc: 49.30, bacc: 50.12, tmp_test_f1: 33.30, f1: 43.49
epoch: 584, val_loss:2.162360, acc: 49.30, bacc: 50.12, tmp_test_f1: 33.20, f1: 43.49
epoch: 585, val_loss:2.172895, acc: 49.30, bacc: 50.12, tmp_test_f1: 32.96, f1: 43.49
epoch: 586, val_loss:2.180825, acc: 49.30, bacc: 50.12, tmp_test_f1: 32.49, f1: 43.49
epoch: 587, val_loss:2.192661, acc: 49.30, bacc: 50.12, tmp_test_f1: 31.38, f1: 43.49
epoch: 588, val_loss:2.178652, acc: 49.30, bacc: 50.12, tmp_test_f1: 30.84, f1: 43.49
epoch: 589, val_loss:2.220805, acc: 49.30, bacc: 50.12, tmp_test_f1: 30.06, f1: 43.49
epoch: 590, val_loss:2.289324, acc: 49.30, bacc: 50.12, tmp_test_f1: 30.14, f1: 43.49
epoch: 591, val_loss:2.405433, acc: 49.30, bacc: 50.12, tmp_test_f1: 28.57, f1: 43.49
epoch: 592, val_loss:2.521776, acc: 49.30, bacc: 50.12, tmp_test_f1: 28.74, f1: 43.49
epoch: 593, val_loss:2.645516, acc: 49.30, bacc: 50.12, tmp_test_f1: 28.19, f1: 43.49
epoch: 594, val_loss:2.767653, acc: 49.30, bacc: 50.12, tmp_test_f1: 28.46, f1: 43.49
epoch: 595, val_loss:2.840471, acc: 49.30, bacc: 50.12, tmp_test_f1: 29.53, f1: 43.49
epoch: 596, val_loss:2.885863, acc: 49.30, bacc: 50.12, tmp_test_f1: 29.76, f1: 43.49
epoch: 597, val_loss:2.880442, acc: 49.30, bacc: 50.12, tmp_test_f1: 30.89, f1: 43.49
epoch: 598, val_loss:2.716690, acc: 49.30, bacc: 50.12, tmp_test_f1: 32.74, f1: 43.49
epoch: 599, val_loss:2.450023, acc: 49.30, bacc: 50.12, tmp_test_f1: 33.34, f1: 43.49
epoch: 600, val_loss:2.231904, acc: 49.30, bacc: 50.12, tmp_test_f1: 34.69, f1: 43.49
epoch: 601, val_loss:2.061684, acc: 49.30, bacc: 50.12, tmp_test_f1: 37.65, f1: 43.49
epoch: 602, val_loss:1.968092, acc: 49.30, bacc: 50.12, tmp_test_f1: 37.84, f1: 43.49
epoch: 603, val_loss:1.971773, acc: 49.30, bacc: 50.12, tmp_test_f1: 37.79, f1: 43.49
epoch: 604, val_loss:2.006152, acc: 49.30, bacc: 50.12, tmp_test_f1: 36.25, f1: 43.49
epoch: 605, val_loss:2.102269, acc: 49.30, bacc: 50.12, tmp_test_f1: 35.20, f1: 43.49
epoch: 606, val_loss:2.204112, acc: 49.30, bacc: 50.12, tmp_test_f1: 33.69, f1: 43.49
epoch: 607, val_loss:2.285446, acc: 49.30, bacc: 50.12, tmp_test_f1: 32.73, f1: 43.49
epoch: 608, val_loss:2.361138, acc: 49.30, bacc: 50.12, tmp_test_f1: 32.59, f1: 43.49
epoch: 609, val_loss:2.405667, acc: 49.30, bacc: 50.12, tmp_test_f1: 31.30, f1: 43.49
epoch: 610, val_loss:2.462980, acc: 49.30, bacc: 50.12, tmp_test_f1: 31.34, f1: 43.49
epoch: 611, val_loss:2.464120, acc: 49.30, bacc: 50.12, tmp_test_f1: 31.70, f1: 43.49
epoch: 612, val_loss:2.414480, acc: 49.30, bacc: 50.12, tmp_test_f1: 31.91, f1: 43.49
epoch: 613, val_loss:2.338943, acc: 49.30, bacc: 50.12, tmp_test_f1: 32.75, f1: 43.49
epoch: 614, val_loss:2.274461, acc: 49.30, bacc: 50.12, tmp_test_f1: 33.19, f1: 43.49
epoch: 615, val_loss:2.244613, acc: 49.30, bacc: 50.12, tmp_test_f1: 32.97, f1: 43.49
epoch: 616, val_loss:2.198465, acc: 49.30, bacc: 50.12, tmp_test_f1: 32.48, f1: 43.49
epoch: 617, val_loss:2.176487, acc: 49.30, bacc: 50.12, tmp_test_f1: 32.21, f1: 43.49
epoch: 618, val_loss:2.171627, acc: 49.30, bacc: 50.12, tmp_test_f1: 31.72, f1: 43.49
epoch: 619, val_loss:2.231166, acc: 49.30, bacc: 50.12, tmp_test_f1: 30.98, f1: 43.49
epoch: 620, val_loss:2.297681, acc: 49.30, bacc: 50.12, tmp_test_f1: 31.23, f1: 43.49
epoch: 621, val_loss:2.426043, acc: 49.30, bacc: 50.12, tmp_test_f1: 31.02, f1: 43.49
epoch: 622, val_loss:2.542514, acc: 49.30, bacc: 50.12, tmp_test_f1: 29.97, f1: 43.49
epoch: 623, val_loss:2.624677, acc: 49.30, bacc: 50.12, tmp_test_f1: 29.86, f1: 43.49
epoch: 624, val_loss:2.743983, acc: 49.30, bacc: 50.12, tmp_test_f1: 29.42, f1: 43.49
epoch: 625, val_loss:2.844186, acc: 49.30, bacc: 50.12, tmp_test_f1: 29.34, f1: 43.49
epoch: 626, val_loss:2.891689, acc: 49.30, bacc: 50.12, tmp_test_f1: 29.38, f1: 43.49
epoch: 627, val_loss:2.775142, acc: 49.30, bacc: 50.12, tmp_test_f1: 29.84, f1: 43.49
epoch: 628, val_loss:2.535599, acc: 49.30, bacc: 50.12, tmp_test_f1: 29.86, f1: 43.49
epoch: 629, val_loss:2.317967, acc: 49.30, bacc: 50.12, tmp_test_f1: 31.58, f1: 43.49
epoch: 630, val_loss:2.091521, acc: 49.30, bacc: 50.12, tmp_test_f1: 33.92, f1: 43.49
epoch: 631, val_loss:1.915895, acc: 49.30, bacc: 50.12, tmp_test_f1: 34.52, f1: 43.49
epoch: 632, val_loss:1.878151, acc: 49.30, bacc: 50.12, tmp_test_f1: 35.55, f1: 43.49
epoch: 633, val_loss:1.912727, acc: 49.30, bacc: 50.12, tmp_test_f1: 34.43, f1: 43.49
epoch: 634, val_loss:2.033403, acc: 49.30, bacc: 50.12, tmp_test_f1: 33.31, f1: 43.49
epoch: 635, val_loss:2.233951, acc: 49.30, bacc: 50.12, tmp_test_f1: 32.87, f1: 43.49
epoch: 636, val_loss:2.484062, acc: 49.30, bacc: 50.12, tmp_test_f1: 31.46, f1: 43.49
epoch: 637, val_loss:2.780472, acc: 49.30, bacc: 50.12, tmp_test_f1: 30.39, f1: 43.49
epoch: 638, val_loss:2.934935, acc: 49.30, bacc: 50.12, tmp_test_f1: 31.15, f1: 43.49
epoch: 639, val_loss:2.934767, acc: 49.30, bacc: 50.12, tmp_test_f1: 31.18, f1: 43.49
epoch: 640, val_loss:2.824614, acc: 49.30, bacc: 50.12, tmp_test_f1: 30.84, f1: 43.49
epoch: 641, val_loss:2.676841, acc: 49.30, bacc: 50.12, tmp_test_f1: 30.88, f1: 43.49
epoch: 642, val_loss:2.450183, acc: 49.30, bacc: 50.12, tmp_test_f1: 31.30, f1: 43.49
epoch: 643, val_loss:2.283809, acc: 49.30, bacc: 50.12, tmp_test_f1: 31.25, f1: 43.49
epoch: 644, val_loss:2.151370, acc: 49.30, bacc: 50.12, tmp_test_f1: 31.43, f1: 43.49
epoch: 645, val_loss:2.092106, acc: 49.30, bacc: 50.12, tmp_test_f1: 31.91, f1: 43.49
epoch: 646, val_loss:2.107706, acc: 49.30, bacc: 50.12, tmp_test_f1: 32.33, f1: 43.49
epoch: 647, val_loss:2.185204, acc: 49.30, bacc: 50.12, tmp_test_f1: 32.82, f1: 43.49
epoch: 648, val_loss:2.186565, acc: 49.30, bacc: 50.12, tmp_test_f1: 32.47, f1: 43.49
epoch: 649, val_loss:2.210815, acc: 49.30, bacc: 50.12, tmp_test_f1: 32.42, f1: 43.49
epoch: 650, val_loss:2.277557, acc: 49.30, bacc: 50.12, tmp_test_f1: 31.36, f1: 43.49
epoch: 651, val_loss:2.389555, acc: 49.30, bacc: 50.12, tmp_test_f1: 30.71, f1: 43.49
epoch: 652, val_loss:2.502578, acc: 49.30, bacc: 50.12, tmp_test_f1: 30.43, f1: 43.49
epoch: 653, val_loss:2.544677, acc: 49.30, bacc: 50.12, tmp_test_f1: 30.04, f1: 43.49
epoch: 654, val_loss:2.599861, acc: 49.30, bacc: 50.12, tmp_test_f1: 29.47, f1: 43.49
epoch: 655, val_loss:2.701779, acc: 49.30, bacc: 50.12, tmp_test_f1: 28.92, f1: 43.49
epoch: 656, val_loss:2.824687, acc: 49.30, bacc: 50.12, tmp_test_f1: 28.25, f1: 43.49
epoch: 657, val_loss:2.943279, acc: 49.30, bacc: 50.12, tmp_test_f1: 29.26, f1: 43.49
epoch: 658, val_loss:2.822868, acc: 49.30, bacc: 50.12, tmp_test_f1: 30.01, f1: 43.49
epoch: 659, val_loss:2.630884, acc: 49.30, bacc: 50.12, tmp_test_f1: 30.57, f1: 43.49
epoch: 660, val_loss:2.458685, acc: 49.30, bacc: 50.12, tmp_test_f1: 31.25, f1: 43.49
epoch: 661, val_loss:2.326312, acc: 49.30, bacc: 50.12, tmp_test_f1: 31.76, f1: 43.49
epoch: 662, val_loss:2.241770, acc: 49.30, bacc: 50.12, tmp_test_f1: 33.36, f1: 43.49
epoch: 663, val_loss:2.159620, acc: 49.30, bacc: 50.12, tmp_test_f1: 34.18, f1: 43.49
epoch: 664, val_loss:2.089801, acc: 49.30, bacc: 50.12, tmp_test_f1: 34.35, f1: 43.49
epoch: 665, val_loss:2.113496, acc: 49.30, bacc: 50.12, tmp_test_f1: 34.21, f1: 43.49
epoch: 666, val_loss:2.143876, acc: 49.30, bacc: 50.12, tmp_test_f1: 33.06, f1: 43.49
epoch: 667, val_loss:2.216585, acc: 49.30, bacc: 50.12, tmp_test_f1: 31.47, f1: 43.49
epoch: 668, val_loss:2.387596, acc: 49.30, bacc: 50.12, tmp_test_f1: 31.27, f1: 43.49
epoch: 669, val_loss:2.596693, acc: 49.30, bacc: 50.12, tmp_test_f1: 29.93, f1: 43.49
epoch: 670, val_loss:2.788983, acc: 49.30, bacc: 50.12, tmp_test_f1: 29.14, f1: 43.49
epoch: 671, val_loss:2.911898, acc: 49.30, bacc: 50.12, tmp_test_f1: 29.57, f1: 43.49
epoch: 672, val_loss:2.864978, acc: 49.30, bacc: 50.12, tmp_test_f1: 30.57, f1: 43.49
epoch: 673, val_loss:2.597178, acc: 49.30, bacc: 50.12, tmp_test_f1: 31.51, f1: 43.49
epoch: 674, val_loss:2.337743, acc: 49.30, bacc: 50.12, tmp_test_f1: 33.04, f1: 43.49
epoch: 675, val_loss:2.154328, acc: 49.30, bacc: 50.12, tmp_test_f1: 34.17, f1: 43.49
epoch: 676, val_loss:2.014568, acc: 49.30, bacc: 50.12, tmp_test_f1: 35.41, f1: 43.49
epoch: 677, val_loss:1.967578, acc: 49.30, bacc: 50.12, tmp_test_f1: 34.59, f1: 43.49
epoch: 678, val_loss:2.020037, acc: 49.30, bacc: 50.12, tmp_test_f1: 31.97, f1: 43.49
epoch: 679, val_loss:2.170676, acc: 49.30, bacc: 50.12, tmp_test_f1: 31.51, f1: 43.49
epoch: 680, val_loss:2.370989, acc: 49.30, bacc: 50.12, tmp_test_f1: 31.65, f1: 43.49
epoch: 681, val_loss:2.536277, acc: 49.30, bacc: 50.12, tmp_test_f1: 31.43, f1: 43.49
epoch: 682, val_loss:2.657443, acc: 49.30, bacc: 50.12, tmp_test_f1: 30.31, f1: 43.49
epoch: 683, val_loss:2.746847, acc: 49.30, bacc: 50.12, tmp_test_f1: 30.89, f1: 43.49
epoch: 684, val_loss:2.734158, acc: 49.30, bacc: 50.12, tmp_test_f1: 31.26, f1: 43.49
epoch: 685, val_loss:2.661679, acc: 49.30, bacc: 50.12, tmp_test_f1: 30.95, f1: 43.49
epoch: 686, val_loss:2.591028, acc: 49.30, bacc: 50.12, tmp_test_f1: 30.82, f1: 43.49
epoch: 687, val_loss:2.489118, acc: 49.30, bacc: 50.12, tmp_test_f1: 31.21, f1: 43.49
epoch: 688, val_loss:2.418819, acc: 49.30, bacc: 50.12, tmp_test_f1: 31.28, f1: 43.49
epoch: 689, val_loss:2.382514, acc: 49.30, bacc: 50.12, tmp_test_f1: 31.09, f1: 43.49
epoch: 690, val_loss:2.390309, acc: 49.30, bacc: 50.12, tmp_test_f1: 30.92, f1: 43.49
epoch: 691, val_loss:2.398713, acc: 49.30, bacc: 50.12, tmp_test_f1: 30.34, f1: 43.49
epoch: 692, val_loss:2.501848, acc: 49.30, bacc: 50.12, tmp_test_f1: 30.91, f1: 43.49
epoch: 693, val_loss:2.563103, acc: 49.30, bacc: 50.12, tmp_test_f1: 31.15, f1: 43.49
epoch: 694, val_loss:2.629766, acc: 49.30, bacc: 50.12, tmp_test_f1: 30.94, f1: 43.49
epoch: 695, val_loss:2.688363, acc: 49.30, bacc: 50.12, tmp_test_f1: 31.77, f1: 43.49
epoch: 696, val_loss:2.594032, acc: 49.30, bacc: 50.12, tmp_test_f1: 32.49, f1: 43.49
epoch: 697, val_loss:2.371127, acc: 49.30, bacc: 50.12, tmp_test_f1: 33.68, f1: 43.49
epoch: 698, val_loss:2.205198, acc: 49.30, bacc: 50.12, tmp_test_f1: 33.85, f1: 43.49
epoch: 699, val_loss:2.132276, acc: 49.30, bacc: 50.12, tmp_test_f1: 33.90, f1: 43.49
epoch: 700, val_loss:2.089223, acc: 49.30, bacc: 50.12, tmp_test_f1: 34.43, f1: 43.49
epoch: 701, val_loss:2.144362, acc: 49.30, bacc: 50.12, tmp_test_f1: 35.22, f1: 43.49
Epoch 00702: reducing learning rate of group 0 to 1.2500e-02.
Epoch 00702: reducing learning rate of group 1 to 1.2500e-02.
epoch: 702, val_loss:2.280165, acc: 49.30, bacc: 50.12, tmp_test_f1: 33.67, f1: 43.49
epoch: 703, val_loss:2.394235, acc: 49.30, bacc: 50.12, tmp_test_f1: 33.05, f1: 43.49
epoch: 704, val_loss:2.430396, acc: 49.30, bacc: 50.12, tmp_test_f1: 32.98, f1: 43.49
epoch: 705, val_loss:2.448690, acc: 49.30, bacc: 50.12, tmp_test_f1: 32.21, f1: 43.49
epoch: 706, val_loss:2.437294, acc: 49.30, bacc: 50.12, tmp_test_f1: 31.45, f1: 43.49
epoch: 707, val_loss:2.398017, acc: 49.30, bacc: 50.12, tmp_test_f1: 30.94, f1: 43.49
epoch: 708, val_loss:2.398054, acc: 49.30, bacc: 50.12, tmp_test_f1: 30.64, f1: 43.49
epoch: 709, val_loss:2.403633, acc: 49.30, bacc: 50.12, tmp_test_f1: 30.74, f1: 43.49
epoch: 710, val_loss:2.424468, acc: 49.30, bacc: 50.12, tmp_test_f1: 30.76, f1: 43.49
epoch: 711, val_loss:2.431130, acc: 49.30, bacc: 50.12, tmp_test_f1: 30.87, f1: 43.49
epoch: 712, val_loss:2.472792, acc: 49.30, bacc: 50.12, tmp_test_f1: 30.94, f1: 43.49
epoch: 713, val_loss:2.498480, acc: 49.30, bacc: 50.12, tmp_test_f1: 30.97, f1: 43.49
epoch: 714, val_loss:2.522965, acc: 49.30, bacc: 50.12, tmp_test_f1: 30.83, f1: 43.49
epoch: 715, val_loss:2.539430, acc: 49.30, bacc: 50.12, tmp_test_f1: 30.64, f1: 43.49
epoch: 716, val_loss:2.555725, acc: 49.30, bacc: 50.12, tmp_test_f1: 30.49, f1: 43.49
epoch: 717, val_loss:2.553769, acc: 49.30, bacc: 50.12, tmp_test_f1: 30.60, f1: 43.49
epoch: 718, val_loss:2.517134, acc: 49.30, bacc: 50.12, tmp_test_f1: 30.52, f1: 43.49
epoch: 719, val_loss:2.500251, acc: 49.30, bacc: 50.12, tmp_test_f1: 30.38, f1: 43.49
epoch: 720, val_loss:2.482811, acc: 49.30, bacc: 50.12, tmp_test_f1: 30.75, f1: 43.49
epoch: 721, val_loss:2.470404, acc: 49.30, bacc: 50.12, tmp_test_f1: 30.79, f1: 43.49
epoch: 722, val_loss:2.472330, acc: 49.30, bacc: 50.12, tmp_test_f1: 30.60, f1: 43.49
epoch: 723, val_loss:2.484558, acc: 49.30, bacc: 50.12, tmp_test_f1: 30.56, f1: 43.49
epoch: 724, val_loss:2.530663, acc: 49.30, bacc: 50.12, tmp_test_f1: 31.06, f1: 43.49
epoch: 725, val_loss:2.555353, acc: 49.30, bacc: 50.12, tmp_test_f1: 30.80, f1: 43.49
epoch: 726, val_loss:2.586317, acc: 49.30, bacc: 50.12, tmp_test_f1: 30.42, f1: 43.49
epoch: 727, val_loss:2.591974, acc: 49.30, bacc: 50.12, tmp_test_f1: 30.47, f1: 43.49
epoch: 728, val_loss:2.576105, acc: 49.30, bacc: 50.12, tmp_test_f1: 30.52, f1: 43.49
epoch: 729, val_loss:2.563135, acc: 49.30, bacc: 50.12, tmp_test_f1: 31.16, f1: 43.49
epoch: 730, val_loss:2.572468, acc: 49.30, bacc: 50.12, tmp_test_f1: 31.57, f1: 43.49
epoch: 731, val_loss:2.570007, acc: 49.30, bacc: 50.12, tmp_test_f1: 31.78, f1: 43.49
epoch: 732, val_loss:2.536245, acc: 49.30, bacc: 50.12, tmp_test_f1: 32.05, f1: 43.49
epoch: 733, val_loss:2.446551, acc: 49.30, bacc: 50.12, tmp_test_f1: 32.58, f1: 43.49
epoch: 734, val_loss:2.341084, acc: 49.30, bacc: 50.12, tmp_test_f1: 32.51, f1: 43.49
epoch: 735, val_loss:2.251842, acc: 49.30, bacc: 50.12, tmp_test_f1: 32.56, f1: 43.49
epoch: 736, val_loss:2.173014, acc: 49.30, bacc: 50.12, tmp_test_f1: 32.54, f1: 43.49
epoch: 737, val_loss:2.134851, acc: 49.30, bacc: 50.12, tmp_test_f1: 32.59, f1: 43.49
epoch: 738, val_loss:2.106769, acc: 49.30, bacc: 50.12, tmp_test_f1: 32.56, f1: 43.49
epoch: 739, val_loss:2.097039, acc: 49.30, bacc: 50.12, tmp_test_f1: 32.09, f1: 43.49
epoch: 740, val_loss:2.091508, acc: 49.30, bacc: 50.12, tmp_test_f1: 31.52, f1: 43.49
epoch: 741, val_loss:2.116941, acc: 49.30, bacc: 50.12, tmp_test_f1: 31.53, f1: 43.49
epoch: 742, val_loss:2.172537, acc: 49.30, bacc: 50.12, tmp_test_f1: 31.69, f1: 43.49
epoch: 743, val_loss:2.263683, acc: 49.30, bacc: 50.12, tmp_test_f1: 31.27, f1: 43.49
epoch: 744, val_loss:2.389496, acc: 49.30, bacc: 50.12, tmp_test_f1: 31.31, f1: 43.49
epoch: 745, val_loss:2.521038, acc: 49.30, bacc: 50.12, tmp_test_f1: 30.90, f1: 43.49
epoch: 746, val_loss:2.641844, acc: 49.30, bacc: 50.12, tmp_test_f1: 31.00, f1: 43.49
epoch: 747, val_loss:2.674037, acc: 49.30, bacc: 50.12, tmp_test_f1: 31.20, f1: 43.49
epoch: 748, val_loss:2.653304, acc: 49.30, bacc: 50.12, tmp_test_f1: 31.23, f1: 43.49
epoch: 749, val_loss:2.614313, acc: 49.30, bacc: 50.12, tmp_test_f1: 31.16, f1: 43.49
epoch: 750, val_loss:2.563914, acc: 49.30, bacc: 50.12, tmp_test_f1: 30.86, f1: 43.49
epoch: 751, val_loss:2.520397, acc: 49.30, bacc: 50.12, tmp_test_f1: 31.06, f1: 43.49
epoch: 752, val_loss:2.490747, acc: 49.30, bacc: 50.12, tmp_test_f1: 31.47, f1: 43.49
epoch: 753, val_loss:2.487310, acc: 49.30, bacc: 50.12, tmp_test_f1: 31.42, f1: 43.49
epoch: 754, val_loss:2.491398, acc: 49.30, bacc: 50.12, tmp_test_f1: 31.44, f1: 43.49
epoch: 755, val_loss:2.471182, acc: 49.30, bacc: 50.12, tmp_test_f1: 31.81, f1: 43.49
epoch: 756, val_loss:2.465430, acc: 49.30, bacc: 50.12, tmp_test_f1: 31.93, f1: 43.49
epoch: 757, val_loss:2.449594, acc: 49.30, bacc: 50.12, tmp_test_f1: 31.75, f1: 43.49
epoch: 758, val_loss:2.432596, acc: 49.30, bacc: 50.12, tmp_test_f1: 32.03, f1: 43.49
epoch: 759, val_loss:2.416850, acc: 49.30, bacc: 50.12, tmp_test_f1: 32.29, f1: 43.49
epoch: 760, val_loss:2.416389, acc: 49.30, bacc: 50.12, tmp_test_f1: 31.99, f1: 43.49
epoch: 761, val_loss:2.440612, acc: 49.30, bacc: 50.12, tmp_test_f1: 31.43, f1: 43.49
epoch: 762, val_loss:2.457705, acc: 49.30, bacc: 50.12, tmp_test_f1: 31.24, f1: 43.49
epoch: 763, val_loss:2.499069, acc: 49.30, bacc: 50.12, tmp_test_f1: 31.09, f1: 43.49
epoch: 764, val_loss:2.488298, acc: 49.30, bacc: 50.12, tmp_test_f1: 31.47, f1: 43.49
epoch: 765, val_loss:2.458063, acc: 49.30, bacc: 50.12, tmp_test_f1: 31.49, f1: 43.49
epoch: 766, val_loss:2.457408, acc: 49.30, bacc: 50.12, tmp_test_f1: 31.41, f1: 43.49
epoch: 767, val_loss:2.419845, acc: 49.30, bacc: 50.12, tmp_test_f1: 31.49, f1: 43.49
epoch: 768, val_loss:2.413016, acc: 49.30, bacc: 50.12, tmp_test_f1: 31.57, f1: 43.49
epoch: 769, val_loss:2.379456, acc: 49.30, bacc: 50.12, tmp_test_f1: 31.47, f1: 43.49
epoch: 770, val_loss:2.354114, acc: 49.30, bacc: 50.12, tmp_test_f1: 31.63, f1: 43.49
epoch: 771, val_loss:2.338391, acc: 49.30, bacc: 50.12, tmp_test_f1: 31.74, f1: 43.49
epoch: 772, val_loss:2.320049, acc: 49.30, bacc: 50.12, tmp_test_f1: 32.13, f1: 43.49
epoch: 773, val_loss:2.295650, acc: 49.30, bacc: 50.12, tmp_test_f1: 32.34, f1: 43.49
epoch: 774, val_loss:2.238840, acc: 49.30, bacc: 50.12, tmp_test_f1: 32.94, f1: 43.49
epoch: 775, val_loss:2.210095, acc: 49.30, bacc: 50.12, tmp_test_f1: 32.64, f1: 43.49
epoch: 776, val_loss:2.233728, acc: 49.30, bacc: 50.12, tmp_test_f1: 32.44, f1: 43.49
epoch: 777, val_loss:2.263146, acc: 49.30, bacc: 50.12, tmp_test_f1: 32.61, f1: 43.49
epoch: 778, val_loss:2.301243, acc: 49.30, bacc: 50.12, tmp_test_f1: 32.45, f1: 43.49
epoch: 779, val_loss:2.357520, acc: 49.30, bacc: 50.12, tmp_test_f1: 32.61, f1: 43.49
epoch: 780, val_loss:2.420289, acc: 49.30, bacc: 50.12, tmp_test_f1: 31.77, f1: 43.49
epoch: 781, val_loss:2.487744, acc: 49.30, bacc: 50.12, tmp_test_f1: 31.13, f1: 43.49
epoch: 782, val_loss:2.540116, acc: 49.30, bacc: 50.12, tmp_test_f1: 31.42, f1: 43.49
epoch: 783, val_loss:2.599968, acc: 49.30, bacc: 50.12, tmp_test_f1: 31.30, f1: 43.49
epoch: 784, val_loss:2.643425, acc: 49.30, bacc: 50.12, tmp_test_f1: 30.93, f1: 43.49
epoch: 785, val_loss:2.705117, acc: 49.30, bacc: 50.12, tmp_test_f1: 30.82, f1: 43.49
epoch: 786, val_loss:2.724262, acc: 49.30, bacc: 50.12, tmp_test_f1: 30.33, f1: 43.49
epoch: 787, val_loss:2.648511, acc: 49.30, bacc: 50.12, tmp_test_f1: 30.50, f1: 43.49
epoch: 788, val_loss:2.562553, acc: 49.30, bacc: 50.12, tmp_test_f1: 30.76, f1: 43.49
epoch: 789, val_loss:2.484093, acc: 49.30, bacc: 50.12, tmp_test_f1: 31.15, f1: 43.49
epoch: 790, val_loss:2.399364, acc: 49.30, bacc: 50.12, tmp_test_f1: 31.19, f1: 43.49
epoch: 791, val_loss:2.332188, acc: 49.30, bacc: 50.12, tmp_test_f1: 31.28, f1: 43.49
epoch: 792, val_loss:2.288628, acc: 49.30, bacc: 50.12, tmp_test_f1: 31.29, f1: 43.49
epoch: 793, val_loss:2.195168, acc: 49.30, bacc: 50.12, tmp_test_f1: 32.47, f1: 43.49
epoch: 794, val_loss:2.130650, acc: 49.30, bacc: 50.12, tmp_test_f1: 32.39, f1: 43.49
epoch: 795, val_loss:2.092497, acc: 49.30, bacc: 50.12, tmp_test_f1: 33.13, f1: 43.49
epoch: 796, val_loss:2.064822, acc: 49.30, bacc: 50.12, tmp_test_f1: 33.10, f1: 43.49
epoch: 797, val_loss:2.078317, acc: 49.30, bacc: 50.12, tmp_test_f1: 33.57, f1: 43.49
epoch: 798, val_loss:2.080310, acc: 49.30, bacc: 50.12, tmp_test_f1: 33.81, f1: 43.49
epoch: 799, val_loss:2.102207, acc: 49.30, bacc: 50.12, tmp_test_f1: 34.11, f1: 43.49
epoch: 800, val_loss:2.149368, acc: 49.30, bacc: 50.12, tmp_test_f1: 34.22, f1: 43.49
epoch: 801, val_loss:2.226834, acc: 49.30, bacc: 50.12, tmp_test_f1: 33.12, f1: 43.49
epoch: 802, val_loss:2.314049, acc: 49.30, bacc: 50.12, tmp_test_f1: 33.04, f1: 43.49
epoch: 803, val_loss:2.377331, acc: 49.30, bacc: 50.12, tmp_test_f1: 32.55, f1: 43.49
epoch: 804, val_loss:2.411780, acc: 49.30, bacc: 50.12, tmp_test_f1: 32.37, f1: 43.49
epoch: 805, val_loss:2.448860, acc: 49.30, bacc: 50.12, tmp_test_f1: 32.24, f1: 43.49
epoch: 806, val_loss:2.474548, acc: 49.30, bacc: 50.12, tmp_test_f1: 31.85, f1: 43.49
epoch: 807, val_loss:2.456841, acc: 49.30, bacc: 50.12, tmp_test_f1: 31.46, f1: 43.49
epoch: 808, val_loss:2.448520, acc: 49.30, bacc: 50.12, tmp_test_f1: 31.19, f1: 43.49
epoch: 809, val_loss:2.445533, acc: 49.30, bacc: 50.12, tmp_test_f1: 30.89, f1: 43.49
epoch: 810, val_loss:2.452104, acc: 49.30, bacc: 50.12, tmp_test_f1: 30.41, f1: 43.49
epoch: 811, val_loss:2.442219, acc: 49.30, bacc: 50.12, tmp_test_f1: 30.28, f1: 43.49
epoch: 812, val_loss:2.417288, acc: 49.30, bacc: 50.12, tmp_test_f1: 30.31, f1: 43.49
epoch: 813, val_loss:2.373442, acc: 49.30, bacc: 50.12, tmp_test_f1: 30.21, f1: 43.49
epoch: 814, val_loss:2.359408, acc: 49.30, bacc: 50.12, tmp_test_f1: 29.93, f1: 43.49
epoch: 815, val_loss:2.358400, acc: 49.30, bacc: 50.12, tmp_test_f1: 29.81, f1: 43.49
epoch: 816, val_loss:2.378330, acc: 49.30, bacc: 50.12, tmp_test_f1: 29.72, f1: 43.49
epoch: 817, val_loss:2.405870, acc: 49.30, bacc: 50.12, tmp_test_f1: 29.88, f1: 43.49
epoch: 818, val_loss:2.444065, acc: 49.30, bacc: 50.12, tmp_test_f1: 30.43, f1: 43.49
epoch: 819, val_loss:2.485833, acc: 49.30, bacc: 50.12, tmp_test_f1: 30.91, f1: 43.49
epoch: 820, val_loss:2.503550, acc: 49.30, bacc: 50.12, tmp_test_f1: 31.63, f1: 43.49
epoch: 821, val_loss:2.525967, acc: 49.30, bacc: 50.12, tmp_test_f1: 31.20, f1: 43.49
epoch: 822, val_loss:2.563956, acc: 49.30, bacc: 50.12, tmp_test_f1: 31.60, f1: 43.49
epoch: 823, val_loss:2.540862, acc: 49.30, bacc: 50.12, tmp_test_f1: 32.02, f1: 43.49
epoch: 824, val_loss:2.519014, acc: 49.30, bacc: 50.12, tmp_test_f1: 31.81, f1: 43.49
epoch: 825, val_loss:2.509594, acc: 49.30, bacc: 50.12, tmp_test_f1: 31.91, f1: 43.49
epoch: 826, val_loss:2.465656, acc: 49.30, bacc: 50.12, tmp_test_f1: 31.71, f1: 43.49
epoch: 827, val_loss:2.422089, acc: 49.30, bacc: 50.12, tmp_test_f1: 31.10, f1: 43.49
epoch: 828, val_loss:2.398652, acc: 49.30, bacc: 50.12, tmp_test_f1: 30.96, f1: 43.49
epoch: 829, val_loss:2.415006, acc: 49.30, bacc: 50.12, tmp_test_f1: 30.75, f1: 43.49
epoch: 830, val_loss:2.464358, acc: 49.30, bacc: 50.12, tmp_test_f1: 30.42, f1: 43.49
epoch: 831, val_loss:2.482626, acc: 49.30, bacc: 50.12, tmp_test_f1: 30.37, f1: 43.49
epoch: 832, val_loss:2.506315, acc: 49.30, bacc: 50.12, tmp_test_f1: 30.60, f1: 43.49
epoch: 833, val_loss:2.498348, acc: 49.30, bacc: 50.12, tmp_test_f1: 31.12, f1: 43.49
epoch: 834, val_loss:2.499449, acc: 49.30, bacc: 50.12, tmp_test_f1: 31.46, f1: 43.49
epoch: 835, val_loss:2.509010, acc: 49.30, bacc: 50.12, tmp_test_f1: 31.20, f1: 43.49
epoch: 836, val_loss:2.518396, acc: 49.30, bacc: 50.12, tmp_test_f1: 31.65, f1: 43.49
epoch: 837, val_loss:2.502547, acc: 49.30, bacc: 50.12, tmp_test_f1: 32.38, f1: 43.49
epoch: 838, val_loss:2.451745, acc: 49.30, bacc: 50.12, tmp_test_f1: 32.42, f1: 43.49
epoch: 839, val_loss:2.377112, acc: 49.30, bacc: 50.12, tmp_test_f1: 32.37, f1: 43.49
epoch: 840, val_loss:2.313946, acc: 49.30, bacc: 50.12, tmp_test_f1: 33.23, f1: 43.49
epoch: 841, val_loss:2.231073, acc: 49.30, bacc: 50.12, tmp_test_f1: 33.57, f1: 43.49
epoch: 842, val_loss:2.166924, acc: 49.30, bacc: 50.12, tmp_test_f1: 33.66, f1: 43.49
epoch: 843, val_loss:2.120384, acc: 49.30, bacc: 50.12, tmp_test_f1: 33.48, f1: 43.49
epoch: 844, val_loss:2.112857, acc: 49.30, bacc: 50.12, tmp_test_f1: 32.62, f1: 43.49
epoch: 845, val_loss:2.136793, acc: 49.30, bacc: 50.12, tmp_test_f1: 32.40, f1: 43.49
epoch: 846, val_loss:2.205822, acc: 49.30, bacc: 50.12, tmp_test_f1: 31.47, f1: 43.49
epoch: 847, val_loss:2.288816, acc: 49.30, bacc: 50.12, tmp_test_f1: 30.97, f1: 43.49
epoch: 848, val_loss:2.395116, acc: 49.30, bacc: 50.12, tmp_test_f1: 30.97, f1: 43.49
epoch: 849, val_loss:2.505759, acc: 49.30, bacc: 50.12, tmp_test_f1: 30.09, f1: 43.49
epoch: 850, val_loss:2.611719, acc: 49.30, bacc: 50.12, tmp_test_f1: 30.24, f1: 43.49
epoch: 851, val_loss:2.715304, acc: 49.30, bacc: 50.12, tmp_test_f1: 30.16, f1: 43.49
epoch: 852, val_loss:2.734607, acc: 49.30, bacc: 50.12, tmp_test_f1: 30.07, f1: 43.49
epoch: 853, val_loss:2.733098, acc: 49.30, bacc: 50.12, tmp_test_f1: 30.14, f1: 43.49
epoch: 854, val_loss:2.680482, acc: 49.30, bacc: 50.12, tmp_test_f1: 30.41, f1: 43.49
epoch: 855, val_loss:2.586438, acc: 49.30, bacc: 50.12, tmp_test_f1: 31.43, f1: 43.49
epoch: 856, val_loss:2.493001, acc: 49.30, bacc: 50.12, tmp_test_f1: 31.62, f1: 43.49
epoch: 857, val_loss:2.392257, acc: 49.30, bacc: 50.12, tmp_test_f1: 32.50, f1: 43.49
epoch: 858, val_loss:2.292467, acc: 49.30, bacc: 50.12, tmp_test_f1: 32.71, f1: 43.49
epoch: 859, val_loss:2.207248, acc: 49.30, bacc: 50.12, tmp_test_f1: 32.98, f1: 43.49
epoch: 860, val_loss:2.153656, acc: 49.30, bacc: 50.12, tmp_test_f1: 32.90, f1: 43.49
epoch: 861, val_loss:2.138068, acc: 49.30, bacc: 50.12, tmp_test_f1: 32.74, f1: 43.49
epoch: 862, val_loss:2.165878, acc: 49.30, bacc: 50.12, tmp_test_f1: 32.31, f1: 43.49
epoch: 863, val_loss:2.234920, acc: 49.30, bacc: 50.12, tmp_test_f1: 31.41, f1: 43.49
epoch: 864, val_loss:2.326230, acc: 49.30, bacc: 50.12, tmp_test_f1: 31.52, f1: 43.49
epoch: 865, val_loss:2.406449, acc: 49.30, bacc: 50.12, tmp_test_f1: 31.26, f1: 43.49
epoch: 866, val_loss:2.479358, acc: 49.30, bacc: 50.12, tmp_test_f1: 30.50, f1: 43.49
epoch: 867, val_loss:2.530667, acc: 49.30, bacc: 50.12, tmp_test_f1: 29.97, f1: 43.49
epoch: 868, val_loss:2.563922, acc: 49.30, bacc: 50.12, tmp_test_f1: 29.90, f1: 43.49
epoch: 869, val_loss:2.598686, acc: 49.30, bacc: 50.12, tmp_test_f1: 29.54, f1: 43.49
epoch: 870, val_loss:2.612319, acc: 49.30, bacc: 50.12, tmp_test_f1: 29.56, f1: 43.49
epoch: 871, val_loss:2.592252, acc: 49.30, bacc: 50.12, tmp_test_f1: 29.23, f1: 43.49
epoch: 872, val_loss:2.575816, acc: 49.30, bacc: 50.12, tmp_test_f1: 29.89, f1: 43.49
epoch: 873, val_loss:2.529551, acc: 49.30, bacc: 50.12, tmp_test_f1: 30.37, f1: 43.49
epoch: 874, val_loss:2.461835, acc: 49.30, bacc: 50.12, tmp_test_f1: 30.62, f1: 43.49
epoch: 875, val_loss:2.398093, acc: 49.30, bacc: 50.12, tmp_test_f1: 30.75, f1: 43.49
epoch: 876, val_loss:2.379779, acc: 49.30, bacc: 50.12, tmp_test_f1: 31.09, f1: 43.49
epoch: 877, val_loss:2.309740, acc: 49.30, bacc: 50.12, tmp_test_f1: 31.60, f1: 43.49
epoch: 878, val_loss:2.285185, acc: 49.30, bacc: 50.12, tmp_test_f1: 31.85, f1: 43.49
epoch: 879, val_loss:2.274645, acc: 49.30, bacc: 50.12, tmp_test_f1: 32.43, f1: 43.49
epoch: 880, val_loss:2.290287, acc: 49.30, bacc: 50.12, tmp_test_f1: 32.25, f1: 43.49
epoch: 881, val_loss:2.328196, acc: 49.30, bacc: 50.12, tmp_test_f1: 32.46, f1: 43.49
epoch: 882, val_loss:2.335760, acc: 49.30, bacc: 50.12, tmp_test_f1: 32.94, f1: 43.49
epoch: 883, val_loss:2.368306, acc: 49.30, bacc: 50.12, tmp_test_f1: 33.00, f1: 43.49
epoch: 884, val_loss:2.401848, acc: 49.30, bacc: 50.12, tmp_test_f1: 33.66, f1: 43.49
epoch: 885, val_loss:2.378114, acc: 49.30, bacc: 50.12, tmp_test_f1: 33.63, f1: 43.49
epoch: 886, val_loss:2.363122, acc: 49.30, bacc: 50.12, tmp_test_f1: 33.72, f1: 43.49
epoch: 887, val_loss:2.346213, acc: 49.30, bacc: 50.12, tmp_test_f1: 33.87, f1: 43.49
epoch: 888, val_loss:2.300918, acc: 49.30, bacc: 50.12, tmp_test_f1: 33.89, f1: 43.49
epoch: 889, val_loss:2.260170, acc: 49.30, bacc: 50.12, tmp_test_f1: 33.66, f1: 43.49
epoch: 890, val_loss:2.235463, acc: 49.30, bacc: 50.12, tmp_test_f1: 33.57, f1: 43.49
epoch: 891, val_loss:2.237097, acc: 49.30, bacc: 50.12, tmp_test_f1: 33.47, f1: 43.49
epoch: 892, val_loss:2.237417, acc: 49.30, bacc: 50.12, tmp_test_f1: 33.44, f1: 43.49
epoch: 893, val_loss:2.224109, acc: 49.30, bacc: 50.12, tmp_test_f1: 32.73, f1: 43.49
epoch: 894, val_loss:2.222642, acc: 49.30, bacc: 50.12, tmp_test_f1: 31.94, f1: 43.49
epoch: 895, val_loss:2.264039, acc: 49.30, bacc: 50.12, tmp_test_f1: 31.10, f1: 43.49
epoch: 896, val_loss:2.333423, acc: 49.30, bacc: 50.12, tmp_test_f1: 31.25, f1: 43.49
epoch: 897, val_loss:2.432740, acc: 49.30, bacc: 50.12, tmp_test_f1: 30.64, f1: 43.49
epoch: 898, val_loss:2.513932, acc: 49.30, bacc: 50.12, tmp_test_f1: 30.25, f1: 43.49
epoch: 899, val_loss:2.591795, acc: 49.30, bacc: 50.12, tmp_test_f1: 29.97, f1: 43.49
GCN dgl/coraTrue 100 Aug 22 EndEpoch 899 lr 0.1
SHAsplit  0, acc: 49.30, bacc: 50.12, f1: 43.49
