cuda is not available, using CPU.
Namespace(to_undirected=True, from_SHA=True, IsDirectedData=True, AugDirect=20, net='GAT', GPUdevice=1, seed=100, undirect_dataset='CiteSeer', Direct_dataset='dgl/cora', imb_ratio=100, dropout=0.1, num_filter=2, layer=2, alpha=0.1, K=2, feat_dim=64, warmup=5, epoch=1500, lr=0.1, l2=0.0005, tau=2, max=False, no_mask=False, gdc='ppr', heads=8, log_root='../logs/', log_path='test', data_path='../dataset/data/tmp/')
  NumNodes: 2708
  NumEdges: 5278
  NumFeats: 1433
  NumClasses: 7
  NumTrainingSamples: 140
  NumValidationSamples: 500
  NumTestSamples: 1000
Done loading data from cached files.
dict_keys(['feat', 'label', 'test_mask', 'val_mask', 'train_mask'])
Converted to undirected data
test_f1 CountNotImproved reset to 0 in epoch 0
epoch:   0, val_loss:1.946070, acc: 13.00, bacc: 14.29, tmp_test_f1: 3.29, f1: 3.29
epoch:   1, val_loss:2.262813, acc: 13.00, bacc: 14.29, tmp_test_f1: 3.29, f1: 3.29
test_f1 CountNotImproved reset to 0 in epoch 2
epoch:   2, val_loss:3.397478, acc: 27.40, bacc: 33.21, tmp_test_f1: 20.73, f1: 20.73
test_f1 CountNotImproved reset to 0 in epoch 3
epoch:   3, val_loss:3.193320, acc: 33.80, bacc: 39.36, tmp_test_f1: 22.53, f1: 22.53
test_f1 CountNotImproved reset to 0 in epoch 4
epoch:   4, val_loss:2.866247, acc: 34.10, bacc: 39.20, tmp_test_f1: 24.47, f1: 24.47
epoch:   5, val_loss:2.723571, acc: 34.10, bacc: 39.20, tmp_test_f1: 23.42, f1: 24.47
test_f1 CountNotImproved reset to 0 in epoch 6
epoch:   6, val_loss:2.779219, acc: 31.30, bacc: 35.82, tmp_test_f1: 24.90, f1: 24.90
test_f1 CountNotImproved reset to 0 in epoch 7
epoch:   7, val_loss:2.274058, acc: 40.80, bacc: 41.38, tmp_test_f1: 31.60, f1: 31.60
test_f1 CountNotImproved reset to 0 in epoch 8
epoch:   8, val_loss:1.838622, acc: 42.40, bacc: 42.97, tmp_test_f1: 32.60, f1: 32.60
epoch:   9, val_loss:1.701190, acc: 42.40, bacc: 42.97, tmp_test_f1: 27.55, f1: 32.60
epoch:  10, val_loss:1.704586, acc: 42.40, bacc: 42.97, tmp_test_f1: 27.16, f1: 32.60
epoch:  11, val_loss:1.724511, acc: 42.40, bacc: 42.97, tmp_test_f1: 27.34, f1: 32.60
epoch:  12, val_loss:1.778115, acc: 42.40, bacc: 42.97, tmp_test_f1: 27.30, f1: 32.60
epoch:  13, val_loss:1.864129, acc: 42.40, bacc: 42.97, tmp_test_f1: 27.14, f1: 32.60
epoch:  14, val_loss:1.900900, acc: 42.40, bacc: 42.97, tmp_test_f1: 27.51, f1: 32.60
epoch:  15, val_loss:1.787577, acc: 42.40, bacc: 42.97, tmp_test_f1: 30.56, f1: 32.60
test_f1 CountNotImproved reset to 0 in epoch 16
epoch:  16, val_loss:1.588606, acc: 46.20, bacc: 43.67, tmp_test_f1: 35.76, f1: 35.76
test_f1 CountNotImproved reset to 0 in epoch 17
epoch:  17, val_loss:1.399200, acc: 53.60, bacc: 46.54, tmp_test_f1: 39.21, f1: 39.21
test_f1 CountNotImproved reset to 0 in epoch 18
epoch:  18, val_loss:1.299116, acc: 54.50, bacc: 47.08, tmp_test_f1: 40.27, f1: 40.27
test_f1 CountNotImproved reset to 0 in epoch 19
epoch:  19, val_loss:1.275772, acc: 52.50, bacc: 46.92, tmp_test_f1: 41.28, f1: 41.28
test_f1 CountNotImproved reset to 0 in epoch 20
epoch:  20, val_loss:1.296849, acc: 51.80, bacc: 47.69, tmp_test_f1: 43.04, f1: 43.04
test_f1 CountNotImproved reset to 0 in epoch 21
epoch:  21, val_loss:1.320219, acc: 53.60, bacc: 50.01, tmp_test_f1: 45.40, f1: 45.40
test_f1 CountNotImproved reset to 0 in epoch 22
epoch:  22, val_loss:1.308771, acc: 57.60, bacc: 53.78, tmp_test_f1: 48.97, f1: 48.97
test_f1 CountNotImproved reset to 0 in epoch 23
epoch:  23, val_loss:1.276928, acc: 63.20, bacc: 58.34, tmp_test_f1: 54.45, f1: 54.45
test_f1 CountNotImproved reset to 0 in epoch 24
epoch:  24, val_loss:1.193764, acc: 65.90, bacc: 61.11, tmp_test_f1: 62.36, f1: 62.36
epoch:  25, val_loss:1.136463, acc: 65.90, bacc: 61.11, tmp_test_f1: 57.33, f1: 62.36
epoch:  26, val_loss:1.124211, acc: 65.90, bacc: 61.11, tmp_test_f1: 55.04, f1: 62.36
epoch:  27, val_loss:1.144538, acc: 65.90, bacc: 61.11, tmp_test_f1: 53.78, f1: 62.36
epoch:  28, val_loss:1.194526, acc: 65.90, bacc: 61.11, tmp_test_f1: 54.57, f1: 62.36
epoch:  29, val_loss:1.236088, acc: 65.90, bacc: 61.11, tmp_test_f1: 54.43, f1: 62.36
epoch:  30, val_loss:1.337055, acc: 65.90, bacc: 61.11, tmp_test_f1: 55.44, f1: 62.36
epoch:  31, val_loss:1.381915, acc: 65.90, bacc: 61.11, tmp_test_f1: 55.91, f1: 62.36
epoch:  32, val_loss:1.352232, acc: 65.90, bacc: 61.11, tmp_test_f1: 57.83, f1: 62.36
epoch:  33, val_loss:1.252582, acc: 65.90, bacc: 61.11, tmp_test_f1: 52.45, f1: 62.36
epoch:  34, val_loss:1.224583, acc: 65.90, bacc: 61.11, tmp_test_f1: 49.43, f1: 62.36
epoch:  35, val_loss:1.236774, acc: 65.90, bacc: 61.11, tmp_test_f1: 52.89, f1: 62.36
epoch:  36, val_loss:1.220462, acc: 65.90, bacc: 61.11, tmp_test_f1: 57.22, f1: 62.36
epoch:  37, val_loss:1.240519, acc: 65.90, bacc: 61.11, tmp_test_f1: 58.71, f1: 62.36
epoch:  38, val_loss:1.264262, acc: 65.90, bacc: 61.11, tmp_test_f1: 57.97, f1: 62.36
epoch:  39, val_loss:1.309788, acc: 65.90, bacc: 61.11, tmp_test_f1: 56.63, f1: 62.36
epoch:  40, val_loss:1.302155, acc: 65.90, bacc: 61.11, tmp_test_f1: 55.55, f1: 62.36
epoch:  41, val_loss:1.275697, acc: 65.90, bacc: 61.11, tmp_test_f1: 56.42, f1: 62.36
epoch:  42, val_loss:1.240657, acc: 65.90, bacc: 61.11, tmp_test_f1: 58.02, f1: 62.36
epoch:  43, val_loss:1.211130, acc: 65.90, bacc: 61.11, tmp_test_f1: 60.39, f1: 62.36
epoch:  44, val_loss:1.149499, acc: 65.90, bacc: 61.11, tmp_test_f1: 59.85, f1: 62.36
epoch:  45, val_loss:1.120651, acc: 65.90, bacc: 61.11, tmp_test_f1: 58.89, f1: 62.36
epoch:  46, val_loss:1.129857, acc: 65.90, bacc: 61.11, tmp_test_f1: 60.49, f1: 62.36
epoch:  47, val_loss:1.156535, acc: 65.90, bacc: 61.11, tmp_test_f1: 59.04, f1: 62.36
epoch:  48, val_loss:1.220256, acc: 65.90, bacc: 61.11, tmp_test_f1: 57.28, f1: 62.36
epoch:  49, val_loss:1.307614, acc: 65.90, bacc: 61.11, tmp_test_f1: 56.00, f1: 62.36
epoch:  50, val_loss:1.376520, acc: 65.90, bacc: 61.11, tmp_test_f1: 57.17, f1: 62.36
epoch:  51, val_loss:1.325458, acc: 65.90, bacc: 61.11, tmp_test_f1: 56.39, f1: 62.36
epoch:  52, val_loss:1.273940, acc: 65.90, bacc: 61.11, tmp_test_f1: 55.26, f1: 62.36
epoch:  53, val_loss:1.238699, acc: 65.90, bacc: 61.11, tmp_test_f1: 55.18, f1: 62.36
epoch:  54, val_loss:1.216773, acc: 65.90, bacc: 61.11, tmp_test_f1: 55.73, f1: 62.36
epoch:  55, val_loss:1.199495, acc: 65.90, bacc: 61.11, tmp_test_f1: 55.99, f1: 62.36
epoch:  56, val_loss:1.180309, acc: 65.90, bacc: 61.11, tmp_test_f1: 58.70, f1: 62.36
epoch:  57, val_loss:1.262604, acc: 65.90, bacc: 61.11, tmp_test_f1: 58.33, f1: 62.36
epoch:  58, val_loss:1.332523, acc: 65.90, bacc: 61.11, tmp_test_f1: 59.50, f1: 62.36
epoch:  59, val_loss:1.384225, acc: 65.90, bacc: 61.11, tmp_test_f1: 57.92, f1: 62.36
epoch:  60, val_loss:1.443180, acc: 65.90, bacc: 61.11, tmp_test_f1: 57.45, f1: 62.36
epoch:  61, val_loss:1.443137, acc: 65.90, bacc: 61.11, tmp_test_f1: 55.53, f1: 62.36
epoch:  62, val_loss:1.443076, acc: 65.90, bacc: 61.11, tmp_test_f1: 56.28, f1: 62.36
epoch:  63, val_loss:1.397690, acc: 65.90, bacc: 61.11, tmp_test_f1: 57.93, f1: 62.36
epoch:  64, val_loss:1.348274, acc: 65.90, bacc: 61.11, tmp_test_f1: 57.32, f1: 62.36
epoch:  65, val_loss:1.315461, acc: 65.90, bacc: 61.11, tmp_test_f1: 54.92, f1: 62.36
epoch:  66, val_loss:1.332004, acc: 65.90, bacc: 61.11, tmp_test_f1: 54.80, f1: 62.36
epoch:  67, val_loss:1.344017, acc: 65.90, bacc: 61.11, tmp_test_f1: 57.41, f1: 62.36
epoch:  68, val_loss:1.310938, acc: 65.90, bacc: 61.11, tmp_test_f1: 58.20, f1: 62.36
epoch:  69, val_loss:1.295498, acc: 65.90, bacc: 61.11, tmp_test_f1: 57.08, f1: 62.36
epoch:  70, val_loss:1.292812, acc: 65.90, bacc: 61.11, tmp_test_f1: 57.18, f1: 62.36
epoch:  71, val_loss:1.304175, acc: 65.90, bacc: 61.11, tmp_test_f1: 58.45, f1: 62.36
epoch:  72, val_loss:1.314703, acc: 65.90, bacc: 61.11, tmp_test_f1: 58.50, f1: 62.36
epoch:  73, val_loss:1.342010, acc: 65.90, bacc: 61.11, tmp_test_f1: 57.85, f1: 62.36
epoch:  74, val_loss:1.363691, acc: 65.90, bacc: 61.11, tmp_test_f1: 56.39, f1: 62.36
epoch:  75, val_loss:1.383906, acc: 65.90, bacc: 61.11, tmp_test_f1: 52.15, f1: 62.36
epoch:  76, val_loss:1.448553, acc: 65.90, bacc: 61.11, tmp_test_f1: 56.03, f1: 62.36
epoch:  77, val_loss:1.393456, acc: 65.90, bacc: 61.11, tmp_test_f1: 57.63, f1: 62.36
epoch:  78, val_loss:1.331694, acc: 65.90, bacc: 61.11, tmp_test_f1: 59.17, f1: 62.36
epoch:  79, val_loss:1.303036, acc: 65.90, bacc: 61.11, tmp_test_f1: 59.69, f1: 62.36
epoch:  80, val_loss:1.307325, acc: 65.90, bacc: 61.11, tmp_test_f1: 59.15, f1: 62.36
epoch:  81, val_loss:1.344948, acc: 65.90, bacc: 61.11, tmp_test_f1: 57.64, f1: 62.36
epoch:  82, val_loss:1.401478, acc: 65.90, bacc: 61.11, tmp_test_f1: 57.05, f1: 62.36
epoch:  83, val_loss:1.421344, acc: 65.90, bacc: 61.11, tmp_test_f1: 56.14, f1: 62.36
epoch:  84, val_loss:1.434663, acc: 65.90, bacc: 61.11, tmp_test_f1: 58.40, f1: 62.36
epoch:  85, val_loss:1.380632, acc: 65.90, bacc: 61.11, tmp_test_f1: 60.50, f1: 62.36
epoch:  86, val_loss:1.328074, acc: 65.90, bacc: 61.11, tmp_test_f1: 60.17, f1: 62.36
epoch:  87, val_loss:1.326596, acc: 65.90, bacc: 61.11, tmp_test_f1: 60.40, f1: 62.36
epoch:  88, val_loss:1.294424, acc: 65.90, bacc: 61.11, tmp_test_f1: 60.95, f1: 62.36
epoch:  89, val_loss:1.274435, acc: 65.90, bacc: 61.11, tmp_test_f1: 60.83, f1: 62.36
epoch:  90, val_loss:1.269404, acc: 65.90, bacc: 61.11, tmp_test_f1: 60.95, f1: 62.36
epoch:  91, val_loss:1.251047, acc: 65.90, bacc: 61.11, tmp_test_f1: 57.97, f1: 62.36
epoch:  92, val_loss:1.336924, acc: 65.90, bacc: 61.11, tmp_test_f1: 51.51, f1: 62.36
epoch:  93, val_loss:1.453989, acc: 65.90, bacc: 61.11, tmp_test_f1: 53.24, f1: 62.36
epoch:  94, val_loss:1.456005, acc: 65.90, bacc: 61.11, tmp_test_f1: 53.59, f1: 62.36
epoch:  95, val_loss:1.470401, acc: 65.90, bacc: 61.11, tmp_test_f1: 54.72, f1: 62.36
epoch:  96, val_loss:1.448957, acc: 65.90, bacc: 61.11, tmp_test_f1: 56.91, f1: 62.36
epoch:  97, val_loss:1.469995, acc: 65.90, bacc: 61.11, tmp_test_f1: 57.24, f1: 62.36
epoch:  98, val_loss:1.451563, acc: 65.90, bacc: 61.11, tmp_test_f1: 56.25, f1: 62.36
epoch:  99, val_loss:1.445612, acc: 65.90, bacc: 61.11, tmp_test_f1: 56.16, f1: 62.36
epoch: 100, val_loss:1.409426, acc: 65.90, bacc: 61.11, tmp_test_f1: 56.43, f1: 62.36
epoch: 101, val_loss:1.374228, acc: 65.90, bacc: 61.11, tmp_test_f1: 58.99, f1: 62.36
epoch: 102, val_loss:1.334849, acc: 65.90, bacc: 61.11, tmp_test_f1: 58.74, f1: 62.36
epoch: 103, val_loss:1.361450, acc: 65.90, bacc: 61.11, tmp_test_f1: 56.18, f1: 62.36
epoch: 104, val_loss:1.391585, acc: 65.90, bacc: 61.11, tmp_test_f1: 56.37, f1: 62.36
epoch: 105, val_loss:1.360892, acc: 65.90, bacc: 61.11, tmp_test_f1: 55.63, f1: 62.36
epoch: 106, val_loss:1.361058, acc: 65.90, bacc: 61.11, tmp_test_f1: 54.58, f1: 62.36
epoch: 107, val_loss:1.379635, acc: 65.90, bacc: 61.11, tmp_test_f1: 53.92, f1: 62.36
epoch: 108, val_loss:1.374231, acc: 65.90, bacc: 61.11, tmp_test_f1: 52.93, f1: 62.36
epoch: 109, val_loss:1.369808, acc: 65.90, bacc: 61.11, tmp_test_f1: 53.52, f1: 62.36
epoch: 110, val_loss:1.361490, acc: 65.90, bacc: 61.11, tmp_test_f1: 53.99, f1: 62.36
epoch: 111, val_loss:1.351562, acc: 65.90, bacc: 61.11, tmp_test_f1: 54.26, f1: 62.36
epoch: 112, val_loss:1.334674, acc: 65.90, bacc: 61.11, tmp_test_f1: 52.36, f1: 62.36
epoch: 113, val_loss:1.342904, acc: 65.90, bacc: 61.11, tmp_test_f1: 52.24, f1: 62.36
epoch: 114, val_loss:1.362244, acc: 65.90, bacc: 61.11, tmp_test_f1: 53.37, f1: 62.36
epoch: 115, val_loss:1.355650, acc: 65.90, bacc: 61.11, tmp_test_f1: 54.67, f1: 62.36
epoch: 116, val_loss:1.362741, acc: 65.90, bacc: 61.11, tmp_test_f1: 54.76, f1: 62.36
epoch: 117, val_loss:1.394345, acc: 65.90, bacc: 61.11, tmp_test_f1: 53.46, f1: 62.36
epoch: 118, val_loss:1.443911, acc: 65.90, bacc: 61.11, tmp_test_f1: 50.61, f1: 62.36
epoch: 119, val_loss:1.492377, acc: 65.90, bacc: 61.11, tmp_test_f1: 49.43, f1: 62.36
epoch: 120, val_loss:1.528908, acc: 65.90, bacc: 61.11, tmp_test_f1: 51.71, f1: 62.36
epoch: 121, val_loss:1.504404, acc: 65.90, bacc: 61.11, tmp_test_f1: 53.95, f1: 62.36
epoch: 122, val_loss:1.491506, acc: 65.90, bacc: 61.11, tmp_test_f1: 53.73, f1: 62.36
epoch: 123, val_loss:1.498530, acc: 65.90, bacc: 61.11, tmp_test_f1: 52.27, f1: 62.36
epoch: 124, val_loss:1.543485, acc: 65.90, bacc: 61.11, tmp_test_f1: 53.39, f1: 62.36
epoch: 125, val_loss:1.526389, acc: 65.90, bacc: 61.11, tmp_test_f1: 56.25, f1: 62.36
epoch: 126, val_loss:1.490361, acc: 65.90, bacc: 61.11, tmp_test_f1: 54.77, f1: 62.36
epoch: 127, val_loss:1.511669, acc: 65.90, bacc: 61.11, tmp_test_f1: 52.28, f1: 62.36
epoch: 128, val_loss:1.510527, acc: 65.90, bacc: 61.11, tmp_test_f1: 55.29, f1: 62.36
epoch: 129, val_loss:1.423925, acc: 65.90, bacc: 61.11, tmp_test_f1: 55.30, f1: 62.36
epoch: 130, val_loss:1.379563, acc: 65.90, bacc: 61.11, tmp_test_f1: 56.29, f1: 62.36
epoch: 131, val_loss:1.354055, acc: 65.90, bacc: 61.11, tmp_test_f1: 56.19, f1: 62.36
epoch: 132, val_loss:1.389140, acc: 65.90, bacc: 61.11, tmp_test_f1: 54.98, f1: 62.36
epoch: 133, val_loss:1.501079, acc: 65.90, bacc: 61.11, tmp_test_f1: 50.78, f1: 62.36
epoch: 134, val_loss:1.593941, acc: 65.90, bacc: 61.11, tmp_test_f1: 50.32, f1: 62.36
epoch: 135, val_loss:1.674747, acc: 65.90, bacc: 61.11, tmp_test_f1: 50.63, f1: 62.36
epoch: 136, val_loss:1.638865, acc: 65.90, bacc: 61.11, tmp_test_f1: 51.81, f1: 62.36
epoch: 137, val_loss:1.599938, acc: 65.90, bacc: 61.11, tmp_test_f1: 51.65, f1: 62.36
epoch: 138, val_loss:1.582431, acc: 65.90, bacc: 61.11, tmp_test_f1: 51.68, f1: 62.36
epoch: 139, val_loss:1.577889, acc: 65.90, bacc: 61.11, tmp_test_f1: 51.65, f1: 62.36
epoch: 140, val_loss:1.581528, acc: 65.90, bacc: 61.11, tmp_test_f1: 50.98, f1: 62.36
epoch: 141, val_loss:1.594898, acc: 65.90, bacc: 61.11, tmp_test_f1: 50.26, f1: 62.36
epoch: 142, val_loss:1.649605, acc: 65.90, bacc: 61.11, tmp_test_f1: 50.35, f1: 62.36
epoch: 143, val_loss:1.704807, acc: 65.90, bacc: 61.11, tmp_test_f1: 50.06, f1: 62.36
epoch: 144, val_loss:1.728671, acc: 65.90, bacc: 61.11, tmp_test_f1: 50.64, f1: 62.36
epoch: 145, val_loss:1.728402, acc: 65.90, bacc: 61.11, tmp_test_f1: 50.19, f1: 62.36
epoch: 146, val_loss:1.718383, acc: 65.90, bacc: 61.11, tmp_test_f1: 52.96, f1: 62.36
epoch: 147, val_loss:1.601498, acc: 65.90, bacc: 61.11, tmp_test_f1: 53.80, f1: 62.36
epoch: 148, val_loss:1.545799, acc: 65.90, bacc: 61.11, tmp_test_f1: 51.71, f1: 62.36
epoch: 149, val_loss:1.529597, acc: 65.90, bacc: 61.11, tmp_test_f1: 51.09, f1: 62.36
epoch: 150, val_loss:1.520721, acc: 65.90, bacc: 61.11, tmp_test_f1: 50.20, f1: 62.36
epoch: 151, val_loss:1.508170, acc: 65.90, bacc: 61.11, tmp_test_f1: 51.59, f1: 62.36
epoch: 152, val_loss:1.452384, acc: 65.90, bacc: 61.11, tmp_test_f1: 52.15, f1: 62.36
epoch: 153, val_loss:1.465244, acc: 65.90, bacc: 61.11, tmp_test_f1: 52.13, f1: 62.36
epoch: 154, val_loss:1.491122, acc: 65.90, bacc: 61.11, tmp_test_f1: 52.35, f1: 62.36
epoch: 155, val_loss:1.480968, acc: 65.90, bacc: 61.11, tmp_test_f1: 52.21, f1: 62.36
epoch: 156, val_loss:1.493835, acc: 65.90, bacc: 61.11, tmp_test_f1: 53.34, f1: 62.36
epoch: 157, val_loss:1.519504, acc: 65.90, bacc: 61.11, tmp_test_f1: 57.26, f1: 62.36
epoch: 158, val_loss:1.489745, acc: 65.90, bacc: 61.11, tmp_test_f1: 57.00, f1: 62.36
epoch: 159, val_loss:1.445507, acc: 65.90, bacc: 61.11, tmp_test_f1: 57.47, f1: 62.36
epoch: 160, val_loss:1.400602, acc: 65.90, bacc: 61.11, tmp_test_f1: 60.22, f1: 62.36
epoch: 161, val_loss:1.362128, acc: 65.90, bacc: 61.11, tmp_test_f1: 60.53, f1: 62.36
epoch: 162, val_loss:1.366036, acc: 65.90, bacc: 61.11, tmp_test_f1: 57.84, f1: 62.36
epoch: 163, val_loss:1.395892, acc: 65.90, bacc: 61.11, tmp_test_f1: 57.42, f1: 62.36
epoch: 164, val_loss:1.417778, acc: 65.90, bacc: 61.11, tmp_test_f1: 56.44, f1: 62.36
epoch: 165, val_loss:1.440297, acc: 65.90, bacc: 61.11, tmp_test_f1: 56.38, f1: 62.36
epoch: 166, val_loss:1.458574, acc: 65.90, bacc: 61.11, tmp_test_f1: 56.33, f1: 62.36
epoch: 167, val_loss:1.482209, acc: 65.90, bacc: 61.11, tmp_test_f1: 54.79, f1: 62.36
epoch: 168, val_loss:1.480491, acc: 65.90, bacc: 61.11, tmp_test_f1: 56.26, f1: 62.36
epoch: 169, val_loss:1.452743, acc: 65.90, bacc: 61.11, tmp_test_f1: 57.91, f1: 62.36
epoch: 170, val_loss:1.443435, acc: 65.90, bacc: 61.11, tmp_test_f1: 57.90, f1: 62.36
epoch: 171, val_loss:1.421212, acc: 65.90, bacc: 61.11, tmp_test_f1: 57.00, f1: 62.36
epoch: 172, val_loss:1.406680, acc: 65.90, bacc: 61.11, tmp_test_f1: 55.83, f1: 62.36
epoch: 173, val_loss:1.425138, acc: 65.90, bacc: 61.11, tmp_test_f1: 51.74, f1: 62.36
epoch: 174, val_loss:1.493311, acc: 65.90, bacc: 61.11, tmp_test_f1: 48.45, f1: 62.36
epoch: 175, val_loss:1.551857, acc: 65.90, bacc: 61.11, tmp_test_f1: 47.65, f1: 62.36
epoch: 176, val_loss:1.543496, acc: 65.90, bacc: 61.11, tmp_test_f1: 48.83, f1: 62.36
epoch: 177, val_loss:1.500605, acc: 65.90, bacc: 61.11, tmp_test_f1: 51.84, f1: 62.36
epoch: 178, val_loss:1.442418, acc: 65.90, bacc: 61.11, tmp_test_f1: 53.51, f1: 62.36
epoch: 179, val_loss:1.392268, acc: 65.90, bacc: 61.11, tmp_test_f1: 54.11, f1: 62.36
epoch: 180, val_loss:1.388758, acc: 65.90, bacc: 61.11, tmp_test_f1: 52.78, f1: 62.36
epoch: 181, val_loss:1.420263, acc: 65.90, bacc: 61.11, tmp_test_f1: 52.98, f1: 62.36
epoch: 182, val_loss:1.443818, acc: 65.90, bacc: 61.11, tmp_test_f1: 53.28, f1: 62.36
epoch: 183, val_loss:1.461673, acc: 65.90, bacc: 61.11, tmp_test_f1: 52.58, f1: 62.36
epoch: 184, val_loss:1.483042, acc: 65.90, bacc: 61.11, tmp_test_f1: 54.75, f1: 62.36
epoch: 185, val_loss:1.430882, acc: 65.90, bacc: 61.11, tmp_test_f1: 57.52, f1: 62.36
epoch: 186, val_loss:1.448381, acc: 65.90, bacc: 61.11, tmp_test_f1: 58.61, f1: 62.36
epoch: 187, val_loss:1.493239, acc: 65.90, bacc: 61.11, tmp_test_f1: 55.83, f1: 62.36
epoch: 188, val_loss:1.552429, acc: 65.90, bacc: 61.11, tmp_test_f1: 55.11, f1: 62.36
epoch: 189, val_loss:1.583319, acc: 65.90, bacc: 61.11, tmp_test_f1: 55.51, f1: 62.36
epoch: 190, val_loss:1.551862, acc: 65.90, bacc: 61.11, tmp_test_f1: 55.86, f1: 62.36
epoch: 191, val_loss:1.521930, acc: 65.90, bacc: 61.11, tmp_test_f1: 55.25, f1: 62.36
epoch: 192, val_loss:1.484897, acc: 65.90, bacc: 61.11, tmp_test_f1: 56.34, f1: 62.36
epoch: 193, val_loss:1.426714, acc: 65.90, bacc: 61.11, tmp_test_f1: 56.83, f1: 62.36
epoch: 194, val_loss:1.407239, acc: 65.90, bacc: 61.11, tmp_test_f1: 56.26, f1: 62.36
epoch: 195, val_loss:1.399041, acc: 65.90, bacc: 61.11, tmp_test_f1: 56.57, f1: 62.36
epoch: 196, val_loss:1.392767, acc: 65.90, bacc: 61.11, tmp_test_f1: 55.45, f1: 62.36
epoch: 197, val_loss:1.417729, acc: 65.90, bacc: 61.11, tmp_test_f1: 56.81, f1: 62.36
epoch: 198, val_loss:1.456209, acc: 65.90, bacc: 61.11, tmp_test_f1: 55.88, f1: 62.36
epoch: 199, val_loss:1.466265, acc: 65.90, bacc: 61.11, tmp_test_f1: 55.04, f1: 62.36
epoch: 200, val_loss:1.480452, acc: 65.90, bacc: 61.11, tmp_test_f1: 54.99, f1: 62.36
epoch: 201, val_loss:1.462060, acc: 65.90, bacc: 61.11, tmp_test_f1: 50.54, f1: 62.36
epoch: 202, val_loss:1.481501, acc: 65.90, bacc: 61.11, tmp_test_f1: 47.55, f1: 62.36
epoch: 203, val_loss:1.507081, acc: 65.90, bacc: 61.11, tmp_test_f1: 46.19, f1: 62.36
epoch: 204, val_loss:1.522597, acc: 65.90, bacc: 61.11, tmp_test_f1: 44.01, f1: 62.36
epoch: 205, val_loss:1.545894, acc: 65.90, bacc: 61.11, tmp_test_f1: 47.54, f1: 62.36
epoch: 206, val_loss:1.487808, acc: 65.90, bacc: 61.11, tmp_test_f1: 51.02, f1: 62.36
epoch: 207, val_loss:1.449956, acc: 65.90, bacc: 61.11, tmp_test_f1: 51.92, f1: 62.36
epoch: 208, val_loss:1.455739, acc: 65.90, bacc: 61.11, tmp_test_f1: 52.65, f1: 62.36
epoch: 209, val_loss:1.499547, acc: 65.90, bacc: 61.11, tmp_test_f1: 53.92, f1: 62.36
epoch: 210, val_loss:1.513553, acc: 65.90, bacc: 61.11, tmp_test_f1: 55.71, f1: 62.36
epoch: 211, val_loss:1.492797, acc: 65.90, bacc: 61.11, tmp_test_f1: 52.26, f1: 62.36
epoch: 212, val_loss:1.502556, acc: 65.90, bacc: 61.11, tmp_test_f1: 51.31, f1: 62.36
epoch: 213, val_loss:1.467209, acc: 65.90, bacc: 61.11, tmp_test_f1: 51.83, f1: 62.36
epoch: 214, val_loss:1.440743, acc: 65.90, bacc: 61.11, tmp_test_f1: 52.64, f1: 62.36
epoch: 215, val_loss:1.455502, acc: 65.90, bacc: 61.11, tmp_test_f1: 52.17, f1: 62.36
epoch: 216, val_loss:1.473448, acc: 65.90, bacc: 61.11, tmp_test_f1: 51.19, f1: 62.36
epoch: 217, val_loss:1.494415, acc: 65.90, bacc: 61.11, tmp_test_f1: 52.08, f1: 62.36
epoch: 218, val_loss:1.518748, acc: 65.90, bacc: 61.11, tmp_test_f1: 51.21, f1: 62.36
epoch: 219, val_loss:1.521518, acc: 65.90, bacc: 61.11, tmp_test_f1: 51.71, f1: 62.36
epoch: 220, val_loss:1.537528, acc: 65.90, bacc: 61.11, tmp_test_f1: 52.43, f1: 62.36
epoch: 221, val_loss:1.589795, acc: 65.90, bacc: 61.11, tmp_test_f1: 51.82, f1: 62.36
epoch: 222, val_loss:1.649898, acc: 65.90, bacc: 61.11, tmp_test_f1: 51.80, f1: 62.36
epoch: 223, val_loss:1.678180, acc: 65.90, bacc: 61.11, tmp_test_f1: 51.86, f1: 62.36
epoch: 224, val_loss:1.658104, acc: 65.90, bacc: 61.11, tmp_test_f1: 52.76, f1: 62.36
epoch: 225, val_loss:1.635352, acc: 65.90, bacc: 61.11, tmp_test_f1: 54.67, f1: 62.36
epoch: 226, val_loss:1.625172, acc: 65.90, bacc: 61.11, tmp_test_f1: 52.97, f1: 62.36
epoch: 227, val_loss:1.641886, acc: 65.90, bacc: 61.11, tmp_test_f1: 51.51, f1: 62.36
epoch: 228, val_loss:1.667335, acc: 65.90, bacc: 61.11, tmp_test_f1: 51.30, f1: 62.36
epoch: 229, val_loss:1.633701, acc: 65.90, bacc: 61.11, tmp_test_f1: 52.77, f1: 62.36
epoch: 230, val_loss:1.520172, acc: 65.90, bacc: 61.11, tmp_test_f1: 51.14, f1: 62.36
epoch: 231, val_loss:1.479862, acc: 65.90, bacc: 61.11, tmp_test_f1: 51.72, f1: 62.36
epoch: 232, val_loss:1.478893, acc: 65.90, bacc: 61.11, tmp_test_f1: 52.68, f1: 62.36
epoch: 233, val_loss:1.462276, acc: 65.90, bacc: 61.11, tmp_test_f1: 52.34, f1: 62.36
epoch: 234, val_loss:1.452883, acc: 65.90, bacc: 61.11, tmp_test_f1: 53.26, f1: 62.36
epoch: 235, val_loss:1.440391, acc: 65.90, bacc: 61.11, tmp_test_f1: 54.06, f1: 62.36
epoch: 236, val_loss:1.428500, acc: 65.90, bacc: 61.11, tmp_test_f1: 53.87, f1: 62.36
epoch: 237, val_loss:1.413608, acc: 65.90, bacc: 61.11, tmp_test_f1: 53.35, f1: 62.36
epoch: 238, val_loss:1.425954, acc: 65.90, bacc: 61.11, tmp_test_f1: 52.79, f1: 62.36
epoch: 239, val_loss:1.434652, acc: 65.90, bacc: 61.11, tmp_test_f1: 52.13, f1: 62.36
epoch: 240, val_loss:1.500257, acc: 65.90, bacc: 61.11, tmp_test_f1: 49.36, f1: 62.36
epoch: 241, val_loss:1.602941, acc: 65.90, bacc: 61.11, tmp_test_f1: 46.29, f1: 62.36
epoch: 242, val_loss:1.676829, acc: 65.90, bacc: 61.11, tmp_test_f1: 45.55, f1: 62.36
epoch: 243, val_loss:1.724991, acc: 65.90, bacc: 61.11, tmp_test_f1: 45.82, f1: 62.36
epoch: 244, val_loss:1.736759, acc: 65.90, bacc: 61.11, tmp_test_f1: 48.22, f1: 62.36
epoch: 245, val_loss:1.698387, acc: 65.90, bacc: 61.11, tmp_test_f1: 50.85, f1: 62.36
Epoch 00246: reducing learning rate of group 0 to 5.0000e-02.
Epoch 00246: reducing learning rate of group 1 to 5.0000e-02.
epoch: 246, val_loss:1.655284, acc: 65.90, bacc: 61.11, tmp_test_f1: 53.51, f1: 62.36
epoch: 247, val_loss:1.601164, acc: 65.90, bacc: 61.11, tmp_test_f1: 54.62, f1: 62.36
epoch: 248, val_loss:1.585379, acc: 65.90, bacc: 61.11, tmp_test_f1: 54.93, f1: 62.36
epoch: 249, val_loss:1.573946, acc: 65.90, bacc: 61.11, tmp_test_f1: 56.14, f1: 62.36
epoch: 250, val_loss:1.572649, acc: 65.90, bacc: 61.11, tmp_test_f1: 55.39, f1: 62.36
epoch: 251, val_loss:1.570238, acc: 65.90, bacc: 61.11, tmp_test_f1: 54.43, f1: 62.36
epoch: 252, val_loss:1.565922, acc: 65.90, bacc: 61.11, tmp_test_f1: 54.24, f1: 62.36
epoch: 253, val_loss:1.566115, acc: 65.90, bacc: 61.11, tmp_test_f1: 53.87, f1: 62.36
epoch: 254, val_loss:1.577998, acc: 65.90, bacc: 61.11, tmp_test_f1: 52.51, f1: 62.36
epoch: 255, val_loss:1.548075, acc: 65.90, bacc: 61.11, tmp_test_f1: 51.46, f1: 62.36
epoch: 256, val_loss:1.534638, acc: 65.90, bacc: 61.11, tmp_test_f1: 50.28, f1: 62.36
epoch: 257, val_loss:1.516981, acc: 65.90, bacc: 61.11, tmp_test_f1: 50.47, f1: 62.36
epoch: 258, val_loss:1.561207, acc: 65.90, bacc: 61.11, tmp_test_f1: 51.09, f1: 62.36
epoch: 259, val_loss:1.546011, acc: 65.90, bacc: 61.11, tmp_test_f1: 51.14, f1: 62.36
epoch: 260, val_loss:1.522898, acc: 65.90, bacc: 61.11, tmp_test_f1: 50.46, f1: 62.36
epoch: 261, val_loss:1.487604, acc: 65.90, bacc: 61.11, tmp_test_f1: 50.22, f1: 62.36
epoch: 262, val_loss:1.465585, acc: 65.90, bacc: 61.11, tmp_test_f1: 50.23, f1: 62.36
epoch: 263, val_loss:1.457814, acc: 65.90, bacc: 61.11, tmp_test_f1: 49.88, f1: 62.36
epoch: 264, val_loss:1.458525, acc: 65.90, bacc: 61.11, tmp_test_f1: 48.66, f1: 62.36
epoch: 265, val_loss:1.463392, acc: 65.90, bacc: 61.11, tmp_test_f1: 48.45, f1: 62.36
epoch: 266, val_loss:1.474436, acc: 65.90, bacc: 61.11, tmp_test_f1: 49.42, f1: 62.36
epoch: 267, val_loss:1.494451, acc: 65.90, bacc: 61.11, tmp_test_f1: 49.21, f1: 62.36
epoch: 268, val_loss:1.507622, acc: 65.90, bacc: 61.11, tmp_test_f1: 49.29, f1: 62.36
epoch: 269, val_loss:1.511273, acc: 65.90, bacc: 61.11, tmp_test_f1: 49.63, f1: 62.36
epoch: 270, val_loss:1.513127, acc: 65.90, bacc: 61.11, tmp_test_f1: 49.17, f1: 62.36
epoch: 271, val_loss:1.530665, acc: 65.90, bacc: 61.11, tmp_test_f1: 49.94, f1: 62.36
epoch: 272, val_loss:1.533862, acc: 65.90, bacc: 61.11, tmp_test_f1: 50.88, f1: 62.36
epoch: 273, val_loss:1.522773, acc: 65.90, bacc: 61.11, tmp_test_f1: 51.20, f1: 62.36
epoch: 274, val_loss:1.505173, acc: 65.90, bacc: 61.11, tmp_test_f1: 50.65, f1: 62.36
epoch: 275, val_loss:1.495999, acc: 65.90, bacc: 61.11, tmp_test_f1: 50.85, f1: 62.36
epoch: 276, val_loss:1.488250, acc: 65.90, bacc: 61.11, tmp_test_f1: 50.82, f1: 62.36
epoch: 277, val_loss:1.482753, acc: 65.90, bacc: 61.11, tmp_test_f1: 50.40, f1: 62.36
epoch: 278, val_loss:1.472670, acc: 65.90, bacc: 61.11, tmp_test_f1: 51.40, f1: 62.36
epoch: 279, val_loss:1.481308, acc: 65.90, bacc: 61.11, tmp_test_f1: 51.83, f1: 62.36
epoch: 280, val_loss:1.489851, acc: 65.90, bacc: 61.11, tmp_test_f1: 52.10, f1: 62.36
epoch: 281, val_loss:1.494718, acc: 65.90, bacc: 61.11, tmp_test_f1: 51.99, f1: 62.36
epoch: 282, val_loss:1.500786, acc: 65.90, bacc: 61.11, tmp_test_f1: 51.70, f1: 62.36
epoch: 283, val_loss:1.497782, acc: 65.90, bacc: 61.11, tmp_test_f1: 51.23, f1: 62.36
epoch: 284, val_loss:1.497997, acc: 65.90, bacc: 61.11, tmp_test_f1: 50.06, f1: 62.36
epoch: 285, val_loss:1.501933, acc: 65.90, bacc: 61.11, tmp_test_f1: 50.41, f1: 62.36
epoch: 286, val_loss:1.501017, acc: 65.90, bacc: 61.11, tmp_test_f1: 51.79, f1: 62.36
epoch: 287, val_loss:1.494519, acc: 65.90, bacc: 61.11, tmp_test_f1: 53.79, f1: 62.36
epoch: 288, val_loss:1.486030, acc: 65.90, bacc: 61.11, tmp_test_f1: 54.03, f1: 62.36
epoch: 289, val_loss:1.491375, acc: 65.90, bacc: 61.11, tmp_test_f1: 52.73, f1: 62.36
epoch: 290, val_loss:1.512568, acc: 65.90, bacc: 61.11, tmp_test_f1: 49.52, f1: 62.36
epoch: 291, val_loss:1.557061, acc: 65.90, bacc: 61.11, tmp_test_f1: 48.41, f1: 62.36
epoch: 292, val_loss:1.588014, acc: 65.90, bacc: 61.11, tmp_test_f1: 49.55, f1: 62.36
epoch: 293, val_loss:1.568023, acc: 65.90, bacc: 61.11, tmp_test_f1: 51.08, f1: 62.36
epoch: 294, val_loss:1.521125, acc: 65.90, bacc: 61.11, tmp_test_f1: 53.69, f1: 62.36
epoch: 295, val_loss:1.489724, acc: 65.90, bacc: 61.11, tmp_test_f1: 55.09, f1: 62.36
epoch: 296, val_loss:1.461785, acc: 65.90, bacc: 61.11, tmp_test_f1: 54.05, f1: 62.36
epoch: 297, val_loss:1.446075, acc: 65.90, bacc: 61.11, tmp_test_f1: 53.56, f1: 62.36
epoch: 298, val_loss:1.431073, acc: 65.90, bacc: 61.11, tmp_test_f1: 52.98, f1: 62.36
epoch: 299, val_loss:1.418580, acc: 65.90, bacc: 61.11, tmp_test_f1: 53.25, f1: 62.36
epoch: 300, val_loss:1.420419, acc: 65.90, bacc: 61.11, tmp_test_f1: 51.86, f1: 62.36
epoch: 301, val_loss:1.427851, acc: 65.90, bacc: 61.11, tmp_test_f1: 50.79, f1: 62.36
epoch: 302, val_loss:1.455129, acc: 65.90, bacc: 61.11, tmp_test_f1: 49.31, f1: 62.36
epoch: 303, val_loss:1.512699, acc: 65.90, bacc: 61.11, tmp_test_f1: 48.18, f1: 62.36
epoch: 304, val_loss:1.592471, acc: 65.90, bacc: 61.11, tmp_test_f1: 48.15, f1: 62.36
epoch: 305, val_loss:1.622223, acc: 65.90, bacc: 61.11, tmp_test_f1: 49.09, f1: 62.36
epoch: 306, val_loss:1.608360, acc: 65.90, bacc: 61.11, tmp_test_f1: 51.97, f1: 62.36
epoch: 307, val_loss:1.546081, acc: 65.90, bacc: 61.11, tmp_test_f1: 54.16, f1: 62.36
epoch: 308, val_loss:1.493216, acc: 65.90, bacc: 61.11, tmp_test_f1: 56.38, f1: 62.36
epoch: 309, val_loss:1.462944, acc: 65.90, bacc: 61.11, tmp_test_f1: 57.50, f1: 62.36
epoch: 310, val_loss:1.451503, acc: 65.90, bacc: 61.11, tmp_test_f1: 57.52, f1: 62.36
epoch: 311, val_loss:1.442538, acc: 65.90, bacc: 61.11, tmp_test_f1: 57.03, f1: 62.36
epoch: 312, val_loss:1.434635, acc: 65.90, bacc: 61.11, tmp_test_f1: 56.38, f1: 62.36
epoch: 313, val_loss:1.428481, acc: 65.90, bacc: 61.11, tmp_test_f1: 55.82, f1: 62.36
epoch: 314, val_loss:1.434675, acc: 65.90, bacc: 61.11, tmp_test_f1: 55.19, f1: 62.36
epoch: 315, val_loss:1.420047, acc: 65.90, bacc: 61.11, tmp_test_f1: 54.01, f1: 62.36
epoch: 316, val_loss:1.400329, acc: 65.90, bacc: 61.11, tmp_test_f1: 53.87, f1: 62.36
epoch: 317, val_loss:1.370484, acc: 65.90, bacc: 61.11, tmp_test_f1: 54.60, f1: 62.36
epoch: 318, val_loss:1.343133, acc: 65.90, bacc: 61.11, tmp_test_f1: 54.41, f1: 62.36
epoch: 319, val_loss:1.333106, acc: 65.90, bacc: 61.11, tmp_test_f1: 55.00, f1: 62.36
epoch: 320, val_loss:1.344085, acc: 65.90, bacc: 61.11, tmp_test_f1: 53.90, f1: 62.36
epoch: 321, val_loss:1.391816, acc: 65.90, bacc: 61.11, tmp_test_f1: 53.89, f1: 62.36
epoch: 322, val_loss:1.468131, acc: 65.90, bacc: 61.11, tmp_test_f1: 53.49, f1: 62.36
epoch: 323, val_loss:1.534039, acc: 65.90, bacc: 61.11, tmp_test_f1: 51.17, f1: 62.36
epoch: 324, val_loss:1.597632, acc: 65.90, bacc: 61.11, tmp_test_f1: 49.79, f1: 62.36
epoch: 325, val_loss:1.644517, acc: 65.90, bacc: 61.11, tmp_test_f1: 48.24, f1: 62.36
epoch: 326, val_loss:1.665671, acc: 65.90, bacc: 61.11, tmp_test_f1: 47.13, f1: 62.36
epoch: 327, val_loss:1.681114, acc: 65.90, bacc: 61.11, tmp_test_f1: 47.53, f1: 62.36
epoch: 328, val_loss:1.669727, acc: 65.90, bacc: 61.11, tmp_test_f1: 48.65, f1: 62.36
epoch: 329, val_loss:1.659149, acc: 65.90, bacc: 61.11, tmp_test_f1: 51.57, f1: 62.36
epoch: 330, val_loss:1.633633, acc: 65.90, bacc: 61.11, tmp_test_f1: 53.37, f1: 62.36
epoch: 331, val_loss:1.610451, acc: 65.90, bacc: 61.11, tmp_test_f1: 53.49, f1: 62.36
epoch: 332, val_loss:1.579784, acc: 65.90, bacc: 61.11, tmp_test_f1: 54.36, f1: 62.36
epoch: 333, val_loss:1.537662, acc: 65.90, bacc: 61.11, tmp_test_f1: 55.21, f1: 62.36
epoch: 334, val_loss:1.512038, acc: 65.90, bacc: 61.11, tmp_test_f1: 54.90, f1: 62.36
epoch: 335, val_loss:1.499412, acc: 65.90, bacc: 61.11, tmp_test_f1: 54.86, f1: 62.36
epoch: 336, val_loss:1.486595, acc: 65.90, bacc: 61.11, tmp_test_f1: 55.67, f1: 62.36
epoch: 337, val_loss:1.468844, acc: 65.90, bacc: 61.11, tmp_test_f1: 56.35, f1: 62.36
epoch: 338, val_loss:1.469359, acc: 65.90, bacc: 61.11, tmp_test_f1: 55.52, f1: 62.36
epoch: 339, val_loss:1.472821, acc: 65.90, bacc: 61.11, tmp_test_f1: 54.66, f1: 62.36
epoch: 340, val_loss:1.478654, acc: 65.90, bacc: 61.11, tmp_test_f1: 54.39, f1: 62.36
epoch: 341, val_loss:1.481539, acc: 65.90, bacc: 61.11, tmp_test_f1: 54.63, f1: 62.36
epoch: 342, val_loss:1.483669, acc: 65.90, bacc: 61.11, tmp_test_f1: 55.45, f1: 62.36
epoch: 343, val_loss:1.486893, acc: 65.90, bacc: 61.11, tmp_test_f1: 56.30, f1: 62.36
epoch: 344, val_loss:1.488731, acc: 65.90, bacc: 61.11, tmp_test_f1: 56.88, f1: 62.36
epoch: 345, val_loss:1.493227, acc: 65.90, bacc: 61.11, tmp_test_f1: 57.02, f1: 62.36
epoch: 346, val_loss:1.501092, acc: 65.90, bacc: 61.11, tmp_test_f1: 57.03, f1: 62.36
epoch: 347, val_loss:1.515918, acc: 65.90, bacc: 61.11, tmp_test_f1: 56.28, f1: 62.36
epoch: 348, val_loss:1.532034, acc: 65.90, bacc: 61.11, tmp_test_f1: 55.28, f1: 62.36
epoch: 349, val_loss:1.535510, acc: 65.90, bacc: 61.11, tmp_test_f1: 54.45, f1: 62.36
epoch: 350, val_loss:1.532508, acc: 65.90, bacc: 61.11, tmp_test_f1: 54.48, f1: 62.36
epoch: 351, val_loss:1.531573, acc: 65.90, bacc: 61.11, tmp_test_f1: 54.18, f1: 62.36
epoch: 352, val_loss:1.531195, acc: 65.90, bacc: 61.11, tmp_test_f1: 54.61, f1: 62.36
epoch: 353, val_loss:1.524621, acc: 65.90, bacc: 61.11, tmp_test_f1: 56.26, f1: 62.36
epoch: 354, val_loss:1.516794, acc: 65.90, bacc: 61.11, tmp_test_f1: 56.31, f1: 62.36
epoch: 355, val_loss:1.519006, acc: 65.90, bacc: 61.11, tmp_test_f1: 54.23, f1: 62.36
epoch: 356, val_loss:1.527869, acc: 65.90, bacc: 61.11, tmp_test_f1: 52.50, f1: 62.36
epoch: 357, val_loss:1.542993, acc: 65.90, bacc: 61.11, tmp_test_f1: 52.82, f1: 62.36
epoch: 358, val_loss:1.539534, acc: 65.90, bacc: 61.11, tmp_test_f1: 54.62, f1: 62.36
epoch: 359, val_loss:1.521143, acc: 65.90, bacc: 61.11, tmp_test_f1: 54.78, f1: 62.36
epoch: 360, val_loss:1.496298, acc: 65.90, bacc: 61.11, tmp_test_f1: 56.29, f1: 62.36
epoch: 361, val_loss:1.466601, acc: 65.90, bacc: 61.11, tmp_test_f1: 56.03, f1: 62.36
epoch: 362, val_loss:1.454371, acc: 65.90, bacc: 61.11, tmp_test_f1: 55.97, f1: 62.36
epoch: 363, val_loss:1.448423, acc: 65.90, bacc: 61.11, tmp_test_f1: 56.30, f1: 62.36
epoch: 364, val_loss:1.446750, acc: 65.90, bacc: 61.11, tmp_test_f1: 55.87, f1: 62.36
epoch: 365, val_loss:1.451701, acc: 65.90, bacc: 61.11, tmp_test_f1: 56.00, f1: 62.36
epoch: 366, val_loss:1.457869, acc: 65.90, bacc: 61.11, tmp_test_f1: 56.17, f1: 62.36
epoch: 367, val_loss:1.454698, acc: 65.90, bacc: 61.11, tmp_test_f1: 57.17, f1: 62.36
epoch: 368, val_loss:1.461448, acc: 65.90, bacc: 61.11, tmp_test_f1: 57.07, f1: 62.36
epoch: 369, val_loss:1.445060, acc: 65.90, bacc: 61.11, tmp_test_f1: 56.87, f1: 62.36
epoch: 370, val_loss:1.426841, acc: 65.90, bacc: 61.11, tmp_test_f1: 56.05, f1: 62.36
epoch: 371, val_loss:1.400184, acc: 65.90, bacc: 61.11, tmp_test_f1: 56.13, f1: 62.36
epoch: 372, val_loss:1.374127, acc: 65.90, bacc: 61.11, tmp_test_f1: 56.25, f1: 62.36
epoch: 373, val_loss:1.359257, acc: 65.90, bacc: 61.11, tmp_test_f1: 56.95, f1: 62.36
epoch: 374, val_loss:1.346575, acc: 65.90, bacc: 61.11, tmp_test_f1: 56.58, f1: 62.36
epoch: 375, val_loss:1.340621, acc: 65.90, bacc: 61.11, tmp_test_f1: 56.39, f1: 62.36
epoch: 376, val_loss:1.341329, acc: 65.90, bacc: 61.11, tmp_test_f1: 56.06, f1: 62.36
epoch: 377, val_loss:1.342996, acc: 65.90, bacc: 61.11, tmp_test_f1: 55.82, f1: 62.36
epoch: 378, val_loss:1.342024, acc: 65.90, bacc: 61.11, tmp_test_f1: 54.73, f1: 62.36
epoch: 379, val_loss:1.338885, acc: 65.90, bacc: 61.11, tmp_test_f1: 54.92, f1: 62.36
epoch: 380, val_loss:1.332214, acc: 65.90, bacc: 61.11, tmp_test_f1: 55.37, f1: 62.36
epoch: 381, val_loss:1.337379, acc: 65.90, bacc: 61.11, tmp_test_f1: 54.32, f1: 62.36
epoch: 382, val_loss:1.338707, acc: 65.90, bacc: 61.11, tmp_test_f1: 54.54, f1: 62.36
epoch: 383, val_loss:1.338127, acc: 65.90, bacc: 61.11, tmp_test_f1: 54.13, f1: 62.36
epoch: 384, val_loss:1.337932, acc: 65.90, bacc: 61.11, tmp_test_f1: 53.26, f1: 62.36
epoch: 385, val_loss:1.341789, acc: 65.90, bacc: 61.11, tmp_test_f1: 52.46, f1: 62.36
epoch: 386, val_loss:1.355176, acc: 65.90, bacc: 61.11, tmp_test_f1: 51.98, f1: 62.36
epoch: 387, val_loss:1.384785, acc: 65.90, bacc: 61.11, tmp_test_f1: 51.28, f1: 62.36
epoch: 388, val_loss:1.406959, acc: 65.90, bacc: 61.11, tmp_test_f1: 50.82, f1: 62.36
epoch: 389, val_loss:1.428903, acc: 65.90, bacc: 61.11, tmp_test_f1: 50.82, f1: 62.36
epoch: 390, val_loss:1.444209, acc: 65.90, bacc: 61.11, tmp_test_f1: 51.06, f1: 62.36
epoch: 391, val_loss:1.431555, acc: 65.90, bacc: 61.11, tmp_test_f1: 53.83, f1: 62.36
epoch: 392, val_loss:1.412265, acc: 65.90, bacc: 61.11, tmp_test_f1: 54.04, f1: 62.36
epoch: 393, val_loss:1.394025, acc: 65.90, bacc: 61.11, tmp_test_f1: 54.92, f1: 62.36
epoch: 394, val_loss:1.393829, acc: 65.90, bacc: 61.11, tmp_test_f1: 54.50, f1: 62.36
epoch: 395, val_loss:1.397625, acc: 65.90, bacc: 61.11, tmp_test_f1: 55.47, f1: 62.36
epoch: 396, val_loss:1.397828, acc: 65.90, bacc: 61.11, tmp_test_f1: 55.62, f1: 62.36
epoch: 397, val_loss:1.401937, acc: 65.90, bacc: 61.11, tmp_test_f1: 55.31, f1: 62.36
epoch: 398, val_loss:1.404926, acc: 65.90, bacc: 61.11, tmp_test_f1: 53.91, f1: 62.36
epoch: 399, val_loss:1.416534, acc: 65.90, bacc: 61.11, tmp_test_f1: 53.59, f1: 62.36
epoch: 400, val_loss:1.431694, acc: 65.90, bacc: 61.11, tmp_test_f1: 52.91, f1: 62.36
epoch: 401, val_loss:1.451540, acc: 65.90, bacc: 61.11, tmp_test_f1: 52.34, f1: 62.36
epoch: 402, val_loss:1.478236, acc: 65.90, bacc: 61.11, tmp_test_f1: 52.48, f1: 62.36
epoch: 403, val_loss:1.501129, acc: 65.90, bacc: 61.11, tmp_test_f1: 54.12, f1: 62.36
epoch: 404, val_loss:1.476314, acc: 65.90, bacc: 61.11, tmp_test_f1: 55.13, f1: 62.36
epoch: 405, val_loss:1.438391, acc: 65.90, bacc: 61.11, tmp_test_f1: 55.57, f1: 62.36
epoch: 406, val_loss:1.411421, acc: 65.90, bacc: 61.11, tmp_test_f1: 55.42, f1: 62.36
epoch: 407, val_loss:1.397107, acc: 65.90, bacc: 61.11, tmp_test_f1: 55.26, f1: 62.36
epoch: 408, val_loss:1.395266, acc: 65.90, bacc: 61.11, tmp_test_f1: 56.08, f1: 62.36
epoch: 409, val_loss:1.375440, acc: 65.90, bacc: 61.11, tmp_test_f1: 55.02, f1: 62.36
epoch: 410, val_loss:1.365598, acc: 65.90, bacc: 61.11, tmp_test_f1: 52.85, f1: 62.36
epoch: 411, val_loss:1.386934, acc: 65.90, bacc: 61.11, tmp_test_f1: 49.81, f1: 62.36
epoch: 412, val_loss:1.461269, acc: 65.90, bacc: 61.11, tmp_test_f1: 49.41, f1: 62.36
epoch: 413, val_loss:1.485605, acc: 65.90, bacc: 61.11, tmp_test_f1: 51.10, f1: 62.36
epoch: 414, val_loss:1.463696, acc: 65.90, bacc: 61.11, tmp_test_f1: 54.24, f1: 62.36
epoch: 415, val_loss:1.441020, acc: 65.90, bacc: 61.11, tmp_test_f1: 55.05, f1: 62.36
epoch: 416, val_loss:1.425012, acc: 65.90, bacc: 61.11, tmp_test_f1: 55.72, f1: 62.36
epoch: 417, val_loss:1.429529, acc: 65.90, bacc: 61.11, tmp_test_f1: 57.14, f1: 62.36
epoch: 418, val_loss:1.431325, acc: 65.90, bacc: 61.11, tmp_test_f1: 57.75, f1: 62.36
epoch: 419, val_loss:1.441608, acc: 65.90, bacc: 61.11, tmp_test_f1: 58.97, f1: 62.36
epoch: 420, val_loss:1.428604, acc: 65.90, bacc: 61.11, tmp_test_f1: 58.21, f1: 62.36
epoch: 421, val_loss:1.410708, acc: 65.90, bacc: 61.11, tmp_test_f1: 56.48, f1: 62.36
epoch: 422, val_loss:1.431603, acc: 65.90, bacc: 61.11, tmp_test_f1: 55.00, f1: 62.36
epoch: 423, val_loss:1.442733, acc: 65.90, bacc: 61.11, tmp_test_f1: 54.13, f1: 62.36
epoch: 424, val_loss:1.448927, acc: 65.90, bacc: 61.11, tmp_test_f1: 54.44, f1: 62.36
epoch: 425, val_loss:1.419404, acc: 65.90, bacc: 61.11, tmp_test_f1: 55.37, f1: 62.36
epoch: 426, val_loss:1.394458, acc: 65.90, bacc: 61.11, tmp_test_f1: 55.02, f1: 62.36
epoch: 427, val_loss:1.402945, acc: 65.90, bacc: 61.11, tmp_test_f1: 55.63, f1: 62.36
epoch: 428, val_loss:1.401586, acc: 65.90, bacc: 61.11, tmp_test_f1: 56.42, f1: 62.36
epoch: 429, val_loss:1.404072, acc: 65.90, bacc: 61.11, tmp_test_f1: 57.58, f1: 62.36
epoch: 430, val_loss:1.408988, acc: 65.90, bacc: 61.11, tmp_test_f1: 58.05, f1: 62.36
epoch: 431, val_loss:1.431565, acc: 65.90, bacc: 61.11, tmp_test_f1: 57.98, f1: 62.36
epoch: 432, val_loss:1.458572, acc: 65.90, bacc: 61.11, tmp_test_f1: 57.87, f1: 62.36
epoch: 433, val_loss:1.484319, acc: 65.90, bacc: 61.11, tmp_test_f1: 57.41, f1: 62.36
epoch: 434, val_loss:1.510046, acc: 65.90, bacc: 61.11, tmp_test_f1: 55.97, f1: 62.36
epoch: 435, val_loss:1.532876, acc: 65.90, bacc: 61.11, tmp_test_f1: 56.49, f1: 62.36
epoch: 436, val_loss:1.533049, acc: 65.90, bacc: 61.11, tmp_test_f1: 56.42, f1: 62.36
epoch: 437, val_loss:1.537919, acc: 65.90, bacc: 61.11, tmp_test_f1: 56.38, f1: 62.36
epoch: 438, val_loss:1.530515, acc: 65.90, bacc: 61.11, tmp_test_f1: 55.43, f1: 62.36
epoch: 439, val_loss:1.531042, acc: 65.90, bacc: 61.11, tmp_test_f1: 54.10, f1: 62.36
epoch: 440, val_loss:1.527663, acc: 65.90, bacc: 61.11, tmp_test_f1: 54.11, f1: 62.36
epoch: 441, val_loss:1.483395, acc: 65.90, bacc: 61.11, tmp_test_f1: 55.31, f1: 62.36
epoch: 442, val_loss:1.432106, acc: 65.90, bacc: 61.11, tmp_test_f1: 55.91, f1: 62.36
epoch: 443, val_loss:1.385369, acc: 65.90, bacc: 61.11, tmp_test_f1: 56.63, f1: 62.36
epoch: 444, val_loss:1.350229, acc: 65.90, bacc: 61.11, tmp_test_f1: 55.17, f1: 62.36
epoch: 445, val_loss:1.332305, acc: 65.90, bacc: 61.11, tmp_test_f1: 52.58, f1: 62.36
epoch: 446, val_loss:1.327682, acc: 65.90, bacc: 61.11, tmp_test_f1: 52.36, f1: 62.36
Epoch 00447: reducing learning rate of group 0 to 2.5000e-02.
Epoch 00447: reducing learning rate of group 1 to 2.5000e-02.
epoch: 447, val_loss:1.328563, acc: 65.90, bacc: 61.11, tmp_test_f1: 52.29, f1: 62.36
epoch: 448, val_loss:1.327861, acc: 65.90, bacc: 61.11, tmp_test_f1: 52.01, f1: 62.36
epoch: 449, val_loss:1.320136, acc: 65.90, bacc: 61.11, tmp_test_f1: 53.64, f1: 62.36
epoch: 450, val_loss:1.314049, acc: 65.90, bacc: 61.11, tmp_test_f1: 54.87, f1: 62.36
epoch: 451, val_loss:1.312417, acc: 65.90, bacc: 61.11, tmp_test_f1: 55.97, f1: 62.36
epoch: 452, val_loss:1.323288, acc: 65.90, bacc: 61.11, tmp_test_f1: 56.68, f1: 62.36
epoch: 453, val_loss:1.330911, acc: 65.90, bacc: 61.11, tmp_test_f1: 57.83, f1: 62.36
epoch: 454, val_loss:1.341451, acc: 65.90, bacc: 61.11, tmp_test_f1: 58.53, f1: 62.36
epoch: 455, val_loss:1.359148, acc: 65.90, bacc: 61.11, tmp_test_f1: 58.41, f1: 62.36
epoch: 456, val_loss:1.378619, acc: 65.90, bacc: 61.11, tmp_test_f1: 57.91, f1: 62.36
epoch: 457, val_loss:1.401030, acc: 65.90, bacc: 61.11, tmp_test_f1: 57.22, f1: 62.36
epoch: 458, val_loss:1.410799, acc: 65.90, bacc: 61.11, tmp_test_f1: 56.93, f1: 62.36
epoch: 459, val_loss:1.415798, acc: 65.90, bacc: 61.11, tmp_test_f1: 56.49, f1: 62.36
epoch: 460, val_loss:1.423592, acc: 65.90, bacc: 61.11, tmp_test_f1: 54.56, f1: 62.36
epoch: 461, val_loss:1.442389, acc: 65.90, bacc: 61.11, tmp_test_f1: 52.69, f1: 62.36
epoch: 462, val_loss:1.455242, acc: 65.90, bacc: 61.11, tmp_test_f1: 52.33, f1: 62.36
epoch: 463, val_loss:1.472126, acc: 65.90, bacc: 61.11, tmp_test_f1: 51.38, f1: 62.36
epoch: 464, val_loss:1.480048, acc: 65.90, bacc: 61.11, tmp_test_f1: 50.54, f1: 62.36
epoch: 465, val_loss:1.475859, acc: 65.90, bacc: 61.11, tmp_test_f1: 50.14, f1: 62.36
epoch: 466, val_loss:1.466903, acc: 65.90, bacc: 61.11, tmp_test_f1: 49.42, f1: 62.36
epoch: 467, val_loss:1.458453, acc: 65.90, bacc: 61.11, tmp_test_f1: 50.27, f1: 62.36
epoch: 468, val_loss:1.438534, acc: 65.90, bacc: 61.11, tmp_test_f1: 51.09, f1: 62.36
epoch: 469, val_loss:1.423780, acc: 65.90, bacc: 61.11, tmp_test_f1: 51.87, f1: 62.36
epoch: 470, val_loss:1.405273, acc: 65.90, bacc: 61.11, tmp_test_f1: 52.09, f1: 62.36
epoch: 471, val_loss:1.389290, acc: 65.90, bacc: 61.11, tmp_test_f1: 52.02, f1: 62.36
epoch: 472, val_loss:1.375316, acc: 65.90, bacc: 61.11, tmp_test_f1: 53.48, f1: 62.36
epoch: 473, val_loss:1.357896, acc: 65.90, bacc: 61.11, tmp_test_f1: 53.74, f1: 62.36
epoch: 474, val_loss:1.346932, acc: 65.90, bacc: 61.11, tmp_test_f1: 54.61, f1: 62.36
epoch: 475, val_loss:1.342096, acc: 65.90, bacc: 61.11, tmp_test_f1: 54.79, f1: 62.36
epoch: 476, val_loss:1.338202, acc: 65.90, bacc: 61.11, tmp_test_f1: 55.32, f1: 62.36
epoch: 477, val_loss:1.336775, acc: 65.90, bacc: 61.11, tmp_test_f1: 56.39, f1: 62.36
epoch: 478, val_loss:1.335606, acc: 65.90, bacc: 61.11, tmp_test_f1: 56.74, f1: 62.36
epoch: 479, val_loss:1.338923, acc: 65.90, bacc: 61.11, tmp_test_f1: 56.98, f1: 62.36
epoch: 480, val_loss:1.339807, acc: 65.90, bacc: 61.11, tmp_test_f1: 57.32, f1: 62.36
epoch: 481, val_loss:1.339473, acc: 65.90, bacc: 61.11, tmp_test_f1: 56.81, f1: 62.36
epoch: 482, val_loss:1.339762, acc: 65.90, bacc: 61.11, tmp_test_f1: 57.03, f1: 62.36
epoch: 483, val_loss:1.342711, acc: 65.90, bacc: 61.11, tmp_test_f1: 57.03, f1: 62.36
epoch: 484, val_loss:1.348944, acc: 65.90, bacc: 61.11, tmp_test_f1: 56.83, f1: 62.36
epoch: 485, val_loss:1.352412, acc: 65.90, bacc: 61.11, tmp_test_f1: 56.57, f1: 62.36
epoch: 486, val_loss:1.355290, acc: 65.90, bacc: 61.11, tmp_test_f1: 56.41, f1: 62.36
epoch: 487, val_loss:1.365152, acc: 65.90, bacc: 61.11, tmp_test_f1: 56.31, f1: 62.36
epoch: 488, val_loss:1.364838, acc: 65.90, bacc: 61.11, tmp_test_f1: 57.05, f1: 62.36
epoch: 489, val_loss:1.357194, acc: 65.90, bacc: 61.11, tmp_test_f1: 57.04, f1: 62.36
epoch: 490, val_loss:1.348945, acc: 65.90, bacc: 61.11, tmp_test_f1: 56.71, f1: 62.36
epoch: 491, val_loss:1.351405, acc: 65.90, bacc: 61.11, tmp_test_f1: 56.68, f1: 62.36
epoch: 492, val_loss:1.341269, acc: 65.90, bacc: 61.11, tmp_test_f1: 56.06, f1: 62.36
epoch: 493, val_loss:1.334290, acc: 65.90, bacc: 61.11, tmp_test_f1: 56.44, f1: 62.36
epoch: 494, val_loss:1.325605, acc: 65.90, bacc: 61.11, tmp_test_f1: 56.67, f1: 62.36
epoch: 495, val_loss:1.328665, acc: 65.90, bacc: 61.11, tmp_test_f1: 56.86, f1: 62.36
epoch: 496, val_loss:1.328550, acc: 65.90, bacc: 61.11, tmp_test_f1: 56.84, f1: 62.36
epoch: 497, val_loss:1.328017, acc: 65.90, bacc: 61.11, tmp_test_f1: 56.21, f1: 62.36
epoch: 498, val_loss:1.311579, acc: 65.90, bacc: 61.11, tmp_test_f1: 56.12, f1: 62.36
epoch: 499, val_loss:1.298244, acc: 65.90, bacc: 61.11, tmp_test_f1: 56.10, f1: 62.36
epoch: 500, val_loss:1.290462, acc: 65.90, bacc: 61.11, tmp_test_f1: 56.42, f1: 62.36
epoch: 501, val_loss:1.287111, acc: 65.90, bacc: 61.11, tmp_test_f1: 56.77, f1: 62.36
epoch: 502, val_loss:1.292506, acc: 65.90, bacc: 61.11, tmp_test_f1: 55.03, f1: 62.36
epoch: 503, val_loss:1.296719, acc: 65.90, bacc: 61.11, tmp_test_f1: 53.14, f1: 62.36
epoch: 504, val_loss:1.313879, acc: 65.90, bacc: 61.11, tmp_test_f1: 52.70, f1: 62.36
epoch: 505, val_loss:1.325828, acc: 65.90, bacc: 61.11, tmp_test_f1: 51.37, f1: 62.36
epoch: 506, val_loss:1.335259, acc: 65.90, bacc: 61.11, tmp_test_f1: 50.71, f1: 62.36
epoch: 507, val_loss:1.347239, acc: 65.90, bacc: 61.11, tmp_test_f1: 50.37, f1: 62.36
epoch: 508, val_loss:1.354868, acc: 65.90, bacc: 61.11, tmp_test_f1: 51.39, f1: 62.36
epoch: 509, val_loss:1.361050, acc: 65.90, bacc: 61.11, tmp_test_f1: 52.64, f1: 62.36
epoch: 510, val_loss:1.367252, acc: 65.90, bacc: 61.11, tmp_test_f1: 53.94, f1: 62.36
epoch: 511, val_loss:1.370156, acc: 65.90, bacc: 61.11, tmp_test_f1: 53.58, f1: 62.36
epoch: 512, val_loss:1.380822, acc: 65.90, bacc: 61.11, tmp_test_f1: 54.42, f1: 62.36
epoch: 513, val_loss:1.387059, acc: 65.90, bacc: 61.11, tmp_test_f1: 54.08, f1: 62.36
epoch: 514, val_loss:1.396465, acc: 65.90, bacc: 61.11, tmp_test_f1: 54.47, f1: 62.36
epoch: 515, val_loss:1.392000, acc: 65.90, bacc: 61.11, tmp_test_f1: 55.57, f1: 62.36
epoch: 516, val_loss:1.388317, acc: 65.90, bacc: 61.11, tmp_test_f1: 56.16, f1: 62.36
epoch: 517, val_loss:1.381478, acc: 65.90, bacc: 61.11, tmp_test_f1: 56.42, f1: 62.36
epoch: 518, val_loss:1.376943, acc: 65.90, bacc: 61.11, tmp_test_f1: 56.27, f1: 62.36
epoch: 519, val_loss:1.375020, acc: 65.90, bacc: 61.11, tmp_test_f1: 55.95, f1: 62.36
epoch: 520, val_loss:1.366337, acc: 65.90, bacc: 61.11, tmp_test_f1: 55.88, f1: 62.36
epoch: 521, val_loss:1.359087, acc: 65.90, bacc: 61.11, tmp_test_f1: 56.50, f1: 62.36
epoch: 522, val_loss:1.356549, acc: 65.90, bacc: 61.11, tmp_test_f1: 56.65, f1: 62.36
epoch: 523, val_loss:1.345051, acc: 65.90, bacc: 61.11, tmp_test_f1: 56.41, f1: 62.36
epoch: 524, val_loss:1.331055, acc: 65.90, bacc: 61.11, tmp_test_f1: 55.89, f1: 62.36
epoch: 525, val_loss:1.319430, acc: 65.90, bacc: 61.11, tmp_test_f1: 56.56, f1: 62.36
epoch: 526, val_loss:1.314197, acc: 65.90, bacc: 61.11, tmp_test_f1: 57.07, f1: 62.36
epoch: 527, val_loss:1.306233, acc: 65.90, bacc: 61.11, tmp_test_f1: 58.16, f1: 62.36
epoch: 528, val_loss:1.301738, acc: 65.90, bacc: 61.11, tmp_test_f1: 58.32, f1: 62.36
epoch: 529, val_loss:1.299923, acc: 65.90, bacc: 61.11, tmp_test_f1: 58.62, f1: 62.36
epoch: 530, val_loss:1.304614, acc: 65.90, bacc: 61.11, tmp_test_f1: 58.32, f1: 62.36
epoch: 531, val_loss:1.313140, acc: 65.90, bacc: 61.11, tmp_test_f1: 57.62, f1: 62.36
epoch: 532, val_loss:1.326447, acc: 65.90, bacc: 61.11, tmp_test_f1: 56.83, f1: 62.36
epoch: 533, val_loss:1.344605, acc: 65.90, bacc: 61.11, tmp_test_f1: 56.64, f1: 62.36
epoch: 534, val_loss:1.353331, acc: 65.90, bacc: 61.11, tmp_test_f1: 56.79, f1: 62.36
epoch: 535, val_loss:1.356943, acc: 65.90, bacc: 61.11, tmp_test_f1: 56.55, f1: 62.36
epoch: 536, val_loss:1.354237, acc: 65.90, bacc: 61.11, tmp_test_f1: 56.13, f1: 62.36
epoch: 537, val_loss:1.345622, acc: 65.90, bacc: 61.11, tmp_test_f1: 56.53, f1: 62.36
epoch: 538, val_loss:1.337968, acc: 65.90, bacc: 61.11, tmp_test_f1: 56.54, f1: 62.36
epoch: 539, val_loss:1.336431, acc: 65.90, bacc: 61.11, tmp_test_f1: 56.00, f1: 62.36
epoch: 540, val_loss:1.342195, acc: 65.90, bacc: 61.11, tmp_test_f1: 56.25, f1: 62.36
epoch: 541, val_loss:1.348841, acc: 65.90, bacc: 61.11, tmp_test_f1: 55.81, f1: 62.36
epoch: 542, val_loss:1.347849, acc: 65.90, bacc: 61.11, tmp_test_f1: 55.66, f1: 62.36
epoch: 543, val_loss:1.346950, acc: 65.90, bacc: 61.11, tmp_test_f1: 55.74, f1: 62.36
epoch: 544, val_loss:1.348917, acc: 65.90, bacc: 61.11, tmp_test_f1: 56.06, f1: 62.36
epoch: 545, val_loss:1.333203, acc: 65.90, bacc: 61.11, tmp_test_f1: 56.45, f1: 62.36
epoch: 546, val_loss:1.322914, acc: 65.90, bacc: 61.11, tmp_test_f1: 57.97, f1: 62.36
epoch: 547, val_loss:1.321800, acc: 65.90, bacc: 61.11, tmp_test_f1: 58.67, f1: 62.36
epoch: 548, val_loss:1.330134, acc: 65.90, bacc: 61.11, tmp_test_f1: 58.37, f1: 62.36
epoch: 549, val_loss:1.343158, acc: 65.90, bacc: 61.11, tmp_test_f1: 58.99, f1: 62.36
epoch: 550, val_loss:1.354534, acc: 65.90, bacc: 61.11, tmp_test_f1: 58.51, f1: 62.36
epoch: 551, val_loss:1.369884, acc: 65.90, bacc: 61.11, tmp_test_f1: 58.77, f1: 62.36
epoch: 552, val_loss:1.380972, acc: 65.90, bacc: 61.11, tmp_test_f1: 57.20, f1: 62.36
epoch: 553, val_loss:1.391622, acc: 65.90, bacc: 61.11, tmp_test_f1: 57.42, f1: 62.36
epoch: 554, val_loss:1.394076, acc: 65.90, bacc: 61.11, tmp_test_f1: 57.72, f1: 62.36
epoch: 555, val_loss:1.385572, acc: 65.90, bacc: 61.11, tmp_test_f1: 56.99, f1: 62.36
epoch: 556, val_loss:1.381461, acc: 65.90, bacc: 61.11, tmp_test_f1: 57.69, f1: 62.36
epoch: 557, val_loss:1.376084, acc: 65.90, bacc: 61.11, tmp_test_f1: 57.90, f1: 62.36
epoch: 558, val_loss:1.374794, acc: 65.90, bacc: 61.11, tmp_test_f1: 58.45, f1: 62.36
epoch: 559, val_loss:1.366880, acc: 65.90, bacc: 61.11, tmp_test_f1: 58.36, f1: 62.36
epoch: 560, val_loss:1.356985, acc: 65.90, bacc: 61.11, tmp_test_f1: 58.48, f1: 62.36
epoch: 561, val_loss:1.348207, acc: 65.90, bacc: 61.11, tmp_test_f1: 57.60, f1: 62.36
epoch: 562, val_loss:1.341742, acc: 65.90, bacc: 61.11, tmp_test_f1: 57.15, f1: 62.36
epoch: 563, val_loss:1.336521, acc: 65.90, bacc: 61.11, tmp_test_f1: 57.65, f1: 62.36
epoch: 564, val_loss:1.328623, acc: 65.90, bacc: 61.11, tmp_test_f1: 57.52, f1: 62.36
epoch: 565, val_loss:1.329968, acc: 65.90, bacc: 61.11, tmp_test_f1: 57.39, f1: 62.36
epoch: 566, val_loss:1.321324, acc: 65.90, bacc: 61.11, tmp_test_f1: 57.49, f1: 62.36
epoch: 567, val_loss:1.308215, acc: 65.90, bacc: 61.11, tmp_test_f1: 57.53, f1: 62.36
epoch: 568, val_loss:1.292467, acc: 65.90, bacc: 61.11, tmp_test_f1: 56.94, f1: 62.36
epoch: 569, val_loss:1.290173, acc: 65.90, bacc: 61.11, tmp_test_f1: 56.82, f1: 62.36
epoch: 570, val_loss:1.292436, acc: 65.90, bacc: 61.11, tmp_test_f1: 56.21, f1: 62.36
epoch: 571, val_loss:1.300453, acc: 65.90, bacc: 61.11, tmp_test_f1: 56.16, f1: 62.36
epoch: 572, val_loss:1.310613, acc: 65.90, bacc: 61.11, tmp_test_f1: 55.90, f1: 62.36
epoch: 573, val_loss:1.321883, acc: 65.90, bacc: 61.11, tmp_test_f1: 55.08, f1: 62.36
epoch: 574, val_loss:1.328578, acc: 65.90, bacc: 61.11, tmp_test_f1: 54.70, f1: 62.36
epoch: 575, val_loss:1.337114, acc: 65.90, bacc: 61.11, tmp_test_f1: 55.48, f1: 62.36
epoch: 576, val_loss:1.347872, acc: 65.90, bacc: 61.11, tmp_test_f1: 56.74, f1: 62.36
epoch: 577, val_loss:1.343894, acc: 65.90, bacc: 61.11, tmp_test_f1: 56.61, f1: 62.36
epoch: 578, val_loss:1.343814, acc: 65.90, bacc: 61.11, tmp_test_f1: 56.72, f1: 62.36
epoch: 579, val_loss:1.343499, acc: 65.90, bacc: 61.11, tmp_test_f1: 57.50, f1: 62.36
epoch: 580, val_loss:1.363467, acc: 65.90, bacc: 61.11, tmp_test_f1: 58.44, f1: 62.36
epoch: 581, val_loss:1.390695, acc: 65.90, bacc: 61.11, tmp_test_f1: 57.42, f1: 62.36
epoch: 582, val_loss:1.420727, acc: 65.90, bacc: 61.11, tmp_test_f1: 56.70, f1: 62.36
epoch: 583, val_loss:1.447216, acc: 65.90, bacc: 61.11, tmp_test_f1: 55.27, f1: 62.36
epoch: 584, val_loss:1.478277, acc: 65.90, bacc: 61.11, tmp_test_f1: 53.72, f1: 62.36
epoch: 585, val_loss:1.495275, acc: 65.90, bacc: 61.11, tmp_test_f1: 53.03, f1: 62.36
epoch: 586, val_loss:1.509351, acc: 65.90, bacc: 61.11, tmp_test_f1: 51.45, f1: 62.36
epoch: 587, val_loss:1.518588, acc: 65.90, bacc: 61.11, tmp_test_f1: 52.15, f1: 62.36
epoch: 588, val_loss:1.513537, acc: 65.90, bacc: 61.11, tmp_test_f1: 52.03, f1: 62.36
epoch: 589, val_loss:1.498486, acc: 65.90, bacc: 61.11, tmp_test_f1: 53.28, f1: 62.36
epoch: 590, val_loss:1.479222, acc: 65.90, bacc: 61.11, tmp_test_f1: 53.83, f1: 62.36
epoch: 591, val_loss:1.452197, acc: 65.90, bacc: 61.11, tmp_test_f1: 54.57, f1: 62.36
epoch: 592, val_loss:1.428953, acc: 65.90, bacc: 61.11, tmp_test_f1: 55.82, f1: 62.36
epoch: 593, val_loss:1.401021, acc: 65.90, bacc: 61.11, tmp_test_f1: 56.94, f1: 62.36
epoch: 594, val_loss:1.375753, acc: 65.90, bacc: 61.11, tmp_test_f1: 57.10, f1: 62.36
epoch: 595, val_loss:1.351948, acc: 65.90, bacc: 61.11, tmp_test_f1: 57.52, f1: 62.36
epoch: 596, val_loss:1.328442, acc: 65.90, bacc: 61.11, tmp_test_f1: 57.49, f1: 62.36
epoch: 597, val_loss:1.311672, acc: 65.90, bacc: 61.11, tmp_test_f1: 56.73, f1: 62.36
epoch: 598, val_loss:1.306900, acc: 65.90, bacc: 61.11, tmp_test_f1: 56.78, f1: 62.36
epoch: 599, val_loss:1.310517, acc: 65.90, bacc: 61.11, tmp_test_f1: 56.40, f1: 62.36
epoch: 600, val_loss:1.323688, acc: 65.90, bacc: 61.11, tmp_test_f1: 55.95, f1: 62.36
epoch: 601, val_loss:1.335373, acc: 65.90, bacc: 61.11, tmp_test_f1: 55.68, f1: 62.36
epoch: 602, val_loss:1.342191, acc: 65.90, bacc: 61.11, tmp_test_f1: 56.17, f1: 62.36
epoch: 603, val_loss:1.337783, acc: 65.90, bacc: 61.11, tmp_test_f1: 55.86, f1: 62.36
epoch: 604, val_loss:1.330344, acc: 65.90, bacc: 61.11, tmp_test_f1: 55.85, f1: 62.36
epoch: 605, val_loss:1.328156, acc: 65.90, bacc: 61.11, tmp_test_f1: 56.19, f1: 62.36
epoch: 606, val_loss:1.329680, acc: 65.90, bacc: 61.11, tmp_test_f1: 56.08, f1: 62.36
epoch: 607, val_loss:1.336576, acc: 65.90, bacc: 61.11, tmp_test_f1: 56.29, f1: 62.36
epoch: 608, val_loss:1.344151, acc: 65.90, bacc: 61.11, tmp_test_f1: 56.63, f1: 62.36
epoch: 609, val_loss:1.356471, acc: 65.90, bacc: 61.11, tmp_test_f1: 56.70, f1: 62.36
epoch: 610, val_loss:1.369913, acc: 65.90, bacc: 61.11, tmp_test_f1: 55.73, f1: 62.36
epoch: 611, val_loss:1.393704, acc: 65.90, bacc: 61.11, tmp_test_f1: 55.65, f1: 62.36
epoch: 612, val_loss:1.414026, acc: 65.90, bacc: 61.11, tmp_test_f1: 55.56, f1: 62.36
epoch: 613, val_loss:1.418622, acc: 65.90, bacc: 61.11, tmp_test_f1: 54.99, f1: 62.36
epoch: 614, val_loss:1.416680, acc: 65.90, bacc: 61.11, tmp_test_f1: 55.01, f1: 62.36
epoch: 615, val_loss:1.380663, acc: 65.90, bacc: 61.11, tmp_test_f1: 55.05, f1: 62.36
epoch: 616, val_loss:1.379870, acc: 65.90, bacc: 61.11, tmp_test_f1: 56.28, f1: 62.36
epoch: 617, val_loss:1.368901, acc: 65.90, bacc: 61.11, tmp_test_f1: 55.86, f1: 62.36
epoch: 618, val_loss:1.348611, acc: 65.90, bacc: 61.11, tmp_test_f1: 55.22, f1: 62.36
epoch: 619, val_loss:1.329223, acc: 65.90, bacc: 61.11, tmp_test_f1: 56.18, f1: 62.36
epoch: 620, val_loss:1.304095, acc: 65.90, bacc: 61.11, tmp_test_f1: 57.07, f1: 62.36
epoch: 621, val_loss:1.284936, acc: 65.90, bacc: 61.11, tmp_test_f1: 57.00, f1: 62.36
epoch: 622, val_loss:1.271782, acc: 65.90, bacc: 61.11, tmp_test_f1: 57.37, f1: 62.36
epoch: 623, val_loss:1.254021, acc: 65.90, bacc: 61.11, tmp_test_f1: 57.29, f1: 62.36
epoch: 624, val_loss:1.236407, acc: 65.90, bacc: 61.11, tmp_test_f1: 57.89, f1: 62.36
epoch: 625, val_loss:1.226651, acc: 65.90, bacc: 61.11, tmp_test_f1: 57.82, f1: 62.36
epoch: 626, val_loss:1.225312, acc: 65.90, bacc: 61.11, tmp_test_f1: 57.15, f1: 62.36
epoch: 627, val_loss:1.231237, acc: 65.90, bacc: 61.11, tmp_test_f1: 55.92, f1: 62.36
epoch: 628, val_loss:1.241424, acc: 65.90, bacc: 61.11, tmp_test_f1: 55.76, f1: 62.36
epoch: 629, val_loss:1.260049, acc: 65.90, bacc: 61.11, tmp_test_f1: 54.70, f1: 62.36
epoch: 630, val_loss:1.274881, acc: 65.90, bacc: 61.11, tmp_test_f1: 54.19, f1: 62.36
epoch: 631, val_loss:1.293079, acc: 65.90, bacc: 61.11, tmp_test_f1: 53.59, f1: 62.36
epoch: 632, val_loss:1.305522, acc: 65.90, bacc: 61.11, tmp_test_f1: 53.97, f1: 62.36
epoch: 633, val_loss:1.305508, acc: 65.90, bacc: 61.11, tmp_test_f1: 54.73, f1: 62.36
epoch: 634, val_loss:1.294736, acc: 65.90, bacc: 61.11, tmp_test_f1: 56.05, f1: 62.36
epoch: 635, val_loss:1.287727, acc: 65.90, bacc: 61.11, tmp_test_f1: 56.84, f1: 62.36
epoch: 636, val_loss:1.280496, acc: 65.90, bacc: 61.11, tmp_test_f1: 57.13, f1: 62.36
epoch: 637, val_loss:1.275023, acc: 65.90, bacc: 61.11, tmp_test_f1: 57.27, f1: 62.36
epoch: 638, val_loss:1.269007, acc: 65.90, bacc: 61.11, tmp_test_f1: 58.04, f1: 62.36
epoch: 639, val_loss:1.270082, acc: 65.90, bacc: 61.11, tmp_test_f1: 58.19, f1: 62.36
epoch: 640, val_loss:1.273940, acc: 65.90, bacc: 61.11, tmp_test_f1: 58.38, f1: 62.36
epoch: 641, val_loss:1.285978, acc: 65.90, bacc: 61.11, tmp_test_f1: 59.36, f1: 62.36
epoch: 642, val_loss:1.295089, acc: 65.90, bacc: 61.11, tmp_test_f1: 58.60, f1: 62.36
epoch: 643, val_loss:1.306961, acc: 65.90, bacc: 61.11, tmp_test_f1: 58.55, f1: 62.36
epoch: 644, val_loss:1.317960, acc: 65.90, bacc: 61.11, tmp_test_f1: 58.19, f1: 62.36
epoch: 645, val_loss:1.334483, acc: 65.90, bacc: 61.11, tmp_test_f1: 56.56, f1: 62.36
epoch: 646, val_loss:1.348636, acc: 65.90, bacc: 61.11, tmp_test_f1: 55.88, f1: 62.36
epoch: 647, val_loss:1.359493, acc: 65.90, bacc: 61.11, tmp_test_f1: 57.95, f1: 62.36
Epoch 00648: reducing learning rate of group 0 to 1.2500e-02.
Epoch 00648: reducing learning rate of group 1 to 1.2500e-02.
epoch: 648, val_loss:1.330194, acc: 65.90, bacc: 61.11, tmp_test_f1: 59.27, f1: 62.36
epoch: 649, val_loss:1.306963, acc: 65.90, bacc: 61.11, tmp_test_f1: 60.00, f1: 62.36
epoch: 650, val_loss:1.295511, acc: 65.90, bacc: 61.11, tmp_test_f1: 59.95, f1: 62.36
epoch: 651, val_loss:1.286808, acc: 65.90, bacc: 61.11, tmp_test_f1: 59.55, f1: 62.36
epoch: 652, val_loss:1.280002, acc: 65.90, bacc: 61.11, tmp_test_f1: 59.57, f1: 62.36
epoch: 653, val_loss:1.277934, acc: 65.90, bacc: 61.11, tmp_test_f1: 59.29, f1: 62.36
epoch: 654, val_loss:1.278842, acc: 65.90, bacc: 61.11, tmp_test_f1: 58.43, f1: 62.36
epoch: 655, val_loss:1.279882, acc: 65.90, bacc: 61.11, tmp_test_f1: 58.32, f1: 62.36
epoch: 656, val_loss:1.281697, acc: 65.90, bacc: 61.11, tmp_test_f1: 58.61, f1: 62.36
epoch: 657, val_loss:1.282974, acc: 65.90, bacc: 61.11, tmp_test_f1: 58.28, f1: 62.36
epoch: 658, val_loss:1.284054, acc: 65.90, bacc: 61.11, tmp_test_f1: 58.22, f1: 62.36
epoch: 659, val_loss:1.285795, acc: 65.90, bacc: 61.11, tmp_test_f1: 58.09, f1: 62.36
epoch: 660, val_loss:1.289440, acc: 65.90, bacc: 61.11, tmp_test_f1: 58.24, f1: 62.36
epoch: 661, val_loss:1.293204, acc: 65.90, bacc: 61.11, tmp_test_f1: 58.22, f1: 62.36
epoch: 662, val_loss:1.295344, acc: 65.90, bacc: 61.11, tmp_test_f1: 57.59, f1: 62.36
epoch: 663, val_loss:1.297884, acc: 65.90, bacc: 61.11, tmp_test_f1: 57.98, f1: 62.36
epoch: 664, val_loss:1.303761, acc: 65.90, bacc: 61.11, tmp_test_f1: 57.30, f1: 62.36
epoch: 665, val_loss:1.307614, acc: 65.90, bacc: 61.11, tmp_test_f1: 57.70, f1: 62.36
epoch: 666, val_loss:1.311049, acc: 65.90, bacc: 61.11, tmp_test_f1: 57.59, f1: 62.36
epoch: 667, val_loss:1.313326, acc: 65.90, bacc: 61.11, tmp_test_f1: 57.52, f1: 62.36
epoch: 668, val_loss:1.315201, acc: 65.90, bacc: 61.11, tmp_test_f1: 58.00, f1: 62.36
epoch: 669, val_loss:1.315879, acc: 65.90, bacc: 61.11, tmp_test_f1: 58.02, f1: 62.36
epoch: 670, val_loss:1.313198, acc: 65.90, bacc: 61.11, tmp_test_f1: 58.33, f1: 62.36
epoch: 671, val_loss:1.310270, acc: 65.90, bacc: 61.11, tmp_test_f1: 58.31, f1: 62.36
epoch: 672, val_loss:1.306939, acc: 65.90, bacc: 61.11, tmp_test_f1: 58.50, f1: 62.36
epoch: 673, val_loss:1.301913, acc: 65.90, bacc: 61.11, tmp_test_f1: 58.66, f1: 62.36
epoch: 674, val_loss:1.296445, acc: 65.90, bacc: 61.11, tmp_test_f1: 58.44, f1: 62.36
epoch: 675, val_loss:1.290483, acc: 65.90, bacc: 61.11, tmp_test_f1: 58.44, f1: 62.36
epoch: 676, val_loss:1.288052, acc: 65.90, bacc: 61.11, tmp_test_f1: 58.81, f1: 62.36
epoch: 677, val_loss:1.287507, acc: 65.90, bacc: 61.11, tmp_test_f1: 58.47, f1: 62.36
epoch: 678, val_loss:1.286956, acc: 65.90, bacc: 61.11, tmp_test_f1: 58.31, f1: 62.36
epoch: 679, val_loss:1.285491, acc: 65.90, bacc: 61.11, tmp_test_f1: 58.46, f1: 62.36
epoch: 680, val_loss:1.286621, acc: 65.90, bacc: 61.11, tmp_test_f1: 58.87, f1: 62.36
epoch: 681, val_loss:1.286275, acc: 65.90, bacc: 61.11, tmp_test_f1: 58.41, f1: 62.36
epoch: 682, val_loss:1.286998, acc: 65.90, bacc: 61.11, tmp_test_f1: 58.27, f1: 62.36
epoch: 683, val_loss:1.286763, acc: 65.90, bacc: 61.11, tmp_test_f1: 58.22, f1: 62.36
epoch: 684, val_loss:1.285553, acc: 65.90, bacc: 61.11, tmp_test_f1: 57.58, f1: 62.36
epoch: 685, val_loss:1.281702, acc: 65.90, bacc: 61.11, tmp_test_f1: 57.77, f1: 62.36
epoch: 686, val_loss:1.280115, acc: 65.90, bacc: 61.11, tmp_test_f1: 57.73, f1: 62.36
epoch: 687, val_loss:1.278730, acc: 65.90, bacc: 61.11, tmp_test_f1: 57.24, f1: 62.36
epoch: 688, val_loss:1.278797, acc: 65.90, bacc: 61.11, tmp_test_f1: 57.12, f1: 62.36
epoch: 689, val_loss:1.276096, acc: 65.90, bacc: 61.11, tmp_test_f1: 56.29, f1: 62.36
epoch: 690, val_loss:1.273933, acc: 65.90, bacc: 61.11, tmp_test_f1: 56.29, f1: 62.36
epoch: 691, val_loss:1.271475, acc: 65.90, bacc: 61.11, tmp_test_f1: 56.00, f1: 62.36
epoch: 692, val_loss:1.269542, acc: 65.90, bacc: 61.11, tmp_test_f1: 56.07, f1: 62.36
epoch: 693, val_loss:1.268939, acc: 65.90, bacc: 61.11, tmp_test_f1: 56.36, f1: 62.36
epoch: 694, val_loss:1.268365, acc: 65.90, bacc: 61.11, tmp_test_f1: 56.43, f1: 62.36
epoch: 695, val_loss:1.268993, acc: 65.90, bacc: 61.11, tmp_test_f1: 56.47, f1: 62.36
epoch: 696, val_loss:1.266693, acc: 65.90, bacc: 61.11, tmp_test_f1: 56.48, f1: 62.36
epoch: 697, val_loss:1.263221, acc: 65.90, bacc: 61.11, tmp_test_f1: 55.81, f1: 62.36
epoch: 698, val_loss:1.259568, acc: 65.90, bacc: 61.11, tmp_test_f1: 56.09, f1: 62.36
epoch: 699, val_loss:1.257970, acc: 65.90, bacc: 61.11, tmp_test_f1: 55.61, f1: 62.36
epoch: 700, val_loss:1.255438, acc: 65.90, bacc: 61.11, tmp_test_f1: 55.51, f1: 62.36
epoch: 701, val_loss:1.250067, acc: 65.90, bacc: 61.11, tmp_test_f1: 55.86, f1: 62.36
epoch: 702, val_loss:1.246246, acc: 65.90, bacc: 61.11, tmp_test_f1: 56.03, f1: 62.36
epoch: 703, val_loss:1.242200, acc: 65.90, bacc: 61.11, tmp_test_f1: 56.03, f1: 62.36
epoch: 704, val_loss:1.240752, acc: 65.90, bacc: 61.11, tmp_test_f1: 55.89, f1: 62.36
epoch: 705, val_loss:1.240609, acc: 65.90, bacc: 61.11, tmp_test_f1: 56.13, f1: 62.36
epoch: 706, val_loss:1.239322, acc: 65.90, bacc: 61.11, tmp_test_f1: 56.84, f1: 62.36
epoch: 707, val_loss:1.237721, acc: 65.90, bacc: 61.11, tmp_test_f1: 56.62, f1: 62.36
epoch: 708, val_loss:1.239848, acc: 65.90, bacc: 61.11, tmp_test_f1: 56.96, f1: 62.36
epoch: 709, val_loss:1.242893, acc: 65.90, bacc: 61.11, tmp_test_f1: 57.24, f1: 62.36
epoch: 710, val_loss:1.245927, acc: 65.90, bacc: 61.11, tmp_test_f1: 56.92, f1: 62.36
epoch: 711, val_loss:1.250270, acc: 65.90, bacc: 61.11, tmp_test_f1: 56.78, f1: 62.36
epoch: 712, val_loss:1.255719, acc: 65.90, bacc: 61.11, tmp_test_f1: 57.45, f1: 62.36
epoch: 713, val_loss:1.265163, acc: 65.90, bacc: 61.11, tmp_test_f1: 57.28, f1: 62.36
epoch: 714, val_loss:1.273702, acc: 65.90, bacc: 61.11, tmp_test_f1: 56.95, f1: 62.36
epoch: 715, val_loss:1.288282, acc: 65.90, bacc: 61.11, tmp_test_f1: 55.98, f1: 62.36
epoch: 716, val_loss:1.301361, acc: 65.90, bacc: 61.11, tmp_test_f1: 55.62, f1: 62.36
epoch: 717, val_loss:1.315193, acc: 65.90, bacc: 61.11, tmp_test_f1: 55.24, f1: 62.36
epoch: 718, val_loss:1.324687, acc: 65.90, bacc: 61.11, tmp_test_f1: 54.86, f1: 62.36
epoch: 719, val_loss:1.333606, acc: 65.90, bacc: 61.11, tmp_test_f1: 54.77, f1: 62.36
epoch: 720, val_loss:1.335037, acc: 65.90, bacc: 61.11, tmp_test_f1: 54.37, f1: 62.36
epoch: 721, val_loss:1.333252, acc: 65.90, bacc: 61.11, tmp_test_f1: 54.48, f1: 62.36
epoch: 722, val_loss:1.329538, acc: 65.90, bacc: 61.11, tmp_test_f1: 54.96, f1: 62.36
epoch: 723, val_loss:1.321189, acc: 65.90, bacc: 61.11, tmp_test_f1: 55.69, f1: 62.36
epoch: 724, val_loss:1.308179, acc: 65.90, bacc: 61.11, tmp_test_f1: 56.04, f1: 62.36
epoch: 725, val_loss:1.290676, acc: 65.90, bacc: 61.11, tmp_test_f1: 56.75, f1: 62.36
epoch: 726, val_loss:1.277149, acc: 65.90, bacc: 61.11, tmp_test_f1: 56.68, f1: 62.36
epoch: 727, val_loss:1.264934, acc: 65.90, bacc: 61.11, tmp_test_f1: 56.86, f1: 62.36
epoch: 728, val_loss:1.253094, acc: 65.90, bacc: 61.11, tmp_test_f1: 56.97, f1: 62.36
epoch: 729, val_loss:1.243511, acc: 65.90, bacc: 61.11, tmp_test_f1: 57.43, f1: 62.36
epoch: 730, val_loss:1.234651, acc: 65.90, bacc: 61.11, tmp_test_f1: 58.23, f1: 62.36
epoch: 731, val_loss:1.230414, acc: 65.90, bacc: 61.11, tmp_test_f1: 57.77, f1: 62.36
epoch: 732, val_loss:1.231663, acc: 65.90, bacc: 61.11, tmp_test_f1: 57.95, f1: 62.36
epoch: 733, val_loss:1.238870, acc: 65.90, bacc: 61.11, tmp_test_f1: 57.77, f1: 62.36
epoch: 734, val_loss:1.248553, acc: 65.90, bacc: 61.11, tmp_test_f1: 57.81, f1: 62.36
epoch: 735, val_loss:1.259253, acc: 65.90, bacc: 61.11, tmp_test_f1: 57.41, f1: 62.36
epoch: 736, val_loss:1.256828, acc: 65.90, bacc: 61.11, tmp_test_f1: 57.86, f1: 62.36
epoch: 737, val_loss:1.256015, acc: 65.90, bacc: 61.11, tmp_test_f1: 57.53, f1: 62.36
epoch: 738, val_loss:1.254593, acc: 65.90, bacc: 61.11, tmp_test_f1: 57.66, f1: 62.36
epoch: 739, val_loss:1.254915, acc: 65.90, bacc: 61.11, tmp_test_f1: 57.75, f1: 62.36
epoch: 740, val_loss:1.255603, acc: 65.90, bacc: 61.11, tmp_test_f1: 58.01, f1: 62.36
epoch: 741, val_loss:1.255618, acc: 65.90, bacc: 61.11, tmp_test_f1: 58.27, f1: 62.36
epoch: 742, val_loss:1.255817, acc: 65.90, bacc: 61.11, tmp_test_f1: 57.82, f1: 62.36
epoch: 743, val_loss:1.259428, acc: 65.90, bacc: 61.11, tmp_test_f1: 57.71, f1: 62.36
epoch: 744, val_loss:1.262210, acc: 65.90, bacc: 61.11, tmp_test_f1: 57.82, f1: 62.36
epoch: 745, val_loss:1.265555, acc: 65.90, bacc: 61.11, tmp_test_f1: 57.53, f1: 62.36
epoch: 746, val_loss:1.268840, acc: 65.90, bacc: 61.11, tmp_test_f1: 57.89, f1: 62.36
epoch: 747, val_loss:1.267633, acc: 65.90, bacc: 61.11, tmp_test_f1: 58.18, f1: 62.36
epoch: 748, val_loss:1.265546, acc: 65.90, bacc: 61.11, tmp_test_f1: 58.80, f1: 62.36
epoch: 749, val_loss:1.265882, acc: 65.90, bacc: 61.11, tmp_test_f1: 58.58, f1: 62.36
epoch: 750, val_loss:1.266037, acc: 65.90, bacc: 61.11, tmp_test_f1: 58.86, f1: 62.36
epoch: 751, val_loss:1.266351, acc: 65.90, bacc: 61.11, tmp_test_f1: 58.70, f1: 62.36
epoch: 752, val_loss:1.267878, acc: 65.90, bacc: 61.11, tmp_test_f1: 58.81, f1: 62.36
epoch: 753, val_loss:1.266894, acc: 65.90, bacc: 61.11, tmp_test_f1: 59.17, f1: 62.36
epoch: 754, val_loss:1.265503, acc: 65.90, bacc: 61.11, tmp_test_f1: 58.82, f1: 62.36
epoch: 755, val_loss:1.264833, acc: 65.90, bacc: 61.11, tmp_test_f1: 58.80, f1: 62.36
epoch: 756, val_loss:1.264404, acc: 65.90, bacc: 61.11, tmp_test_f1: 58.39, f1: 62.36
epoch: 757, val_loss:1.263661, acc: 65.90, bacc: 61.11, tmp_test_f1: 58.33, f1: 62.36
epoch: 758, val_loss:1.265401, acc: 65.90, bacc: 61.11, tmp_test_f1: 58.08, f1: 62.36
epoch: 759, val_loss:1.268080, acc: 65.90, bacc: 61.11, tmp_test_f1: 58.11, f1: 62.36
epoch: 760, val_loss:1.268754, acc: 65.90, bacc: 61.11, tmp_test_f1: 57.75, f1: 62.36
epoch: 761, val_loss:1.267740, acc: 65.90, bacc: 61.11, tmp_test_f1: 58.63, f1: 62.36
epoch: 762, val_loss:1.267235, acc: 65.90, bacc: 61.11, tmp_test_f1: 58.65, f1: 62.36
epoch: 763, val_loss:1.271897, acc: 65.90, bacc: 61.11, tmp_test_f1: 57.40, f1: 62.36
epoch: 764, val_loss:1.282415, acc: 65.90, bacc: 61.11, tmp_test_f1: 56.15, f1: 62.36
epoch: 765, val_loss:1.295986, acc: 65.90, bacc: 61.11, tmp_test_f1: 56.66, f1: 62.36
epoch: 766, val_loss:1.295793, acc: 65.90, bacc: 61.11, tmp_test_f1: 57.15, f1: 62.36
epoch: 767, val_loss:1.297112, acc: 65.90, bacc: 61.11, tmp_test_f1: 57.45, f1: 62.36
epoch: 768, val_loss:1.296327, acc: 65.90, bacc: 61.11, tmp_test_f1: 57.87, f1: 62.36
epoch: 769, val_loss:1.300721, acc: 65.90, bacc: 61.11, tmp_test_f1: 58.33, f1: 62.36
epoch: 770, val_loss:1.307248, acc: 65.90, bacc: 61.11, tmp_test_f1: 58.34, f1: 62.36
epoch: 771, val_loss:1.311716, acc: 65.90, bacc: 61.11, tmp_test_f1: 58.40, f1: 62.36
epoch: 772, val_loss:1.314225, acc: 65.90, bacc: 61.11, tmp_test_f1: 58.92, f1: 62.36
epoch: 773, val_loss:1.318480, acc: 65.90, bacc: 61.11, tmp_test_f1: 58.51, f1: 62.36
epoch: 774, val_loss:1.322053, acc: 65.90, bacc: 61.11, tmp_test_f1: 57.94, f1: 62.36
epoch: 775, val_loss:1.322681, acc: 65.90, bacc: 61.11, tmp_test_f1: 57.59, f1: 62.36
epoch: 776, val_loss:1.320962, acc: 65.90, bacc: 61.11, tmp_test_f1: 57.39, f1: 62.36
epoch: 777, val_loss:1.319337, acc: 65.90, bacc: 61.11, tmp_test_f1: 57.34, f1: 62.36
epoch: 778, val_loss:1.314440, acc: 65.90, bacc: 61.11, tmp_test_f1: 57.69, f1: 62.36
epoch: 779, val_loss:1.290739, acc: 65.90, bacc: 61.11, tmp_test_f1: 58.20, f1: 62.36
epoch: 780, val_loss:1.266221, acc: 65.90, bacc: 61.11, tmp_test_f1: 58.16, f1: 62.36
epoch: 781, val_loss:1.253933, acc: 65.90, bacc: 61.11, tmp_test_f1: 58.70, f1: 62.36
epoch: 782, val_loss:1.240926, acc: 65.90, bacc: 61.11, tmp_test_f1: 58.56, f1: 62.36
epoch: 783, val_loss:1.228469, acc: 65.90, bacc: 61.11, tmp_test_f1: 58.63, f1: 62.36
epoch: 784, val_loss:1.218766, acc: 65.90, bacc: 61.11, tmp_test_f1: 58.09, f1: 62.36
epoch: 785, val_loss:1.210068, acc: 65.90, bacc: 61.11, tmp_test_f1: 58.22, f1: 62.36
epoch: 786, val_loss:1.206759, acc: 65.90, bacc: 61.11, tmp_test_f1: 58.05, f1: 62.36
epoch: 787, val_loss:1.206185, acc: 65.90, bacc: 61.11, tmp_test_f1: 57.82, f1: 62.36
epoch: 788, val_loss:1.208122, acc: 65.90, bacc: 61.11, tmp_test_f1: 57.76, f1: 62.36
epoch: 789, val_loss:1.208863, acc: 65.90, bacc: 61.11, tmp_test_f1: 57.73, f1: 62.36
epoch: 790, val_loss:1.214219, acc: 65.90, bacc: 61.11, tmp_test_f1: 57.52, f1: 62.36
epoch: 791, val_loss:1.221728, acc: 65.90, bacc: 61.11, tmp_test_f1: 58.11, f1: 62.36
epoch: 792, val_loss:1.227418, acc: 65.90, bacc: 61.11, tmp_test_f1: 58.39, f1: 62.36
epoch: 793, val_loss:1.232304, acc: 65.90, bacc: 61.11, tmp_test_f1: 58.60, f1: 62.36
epoch: 794, val_loss:1.238994, acc: 65.90, bacc: 61.11, tmp_test_f1: 58.33, f1: 62.36
epoch: 795, val_loss:1.249721, acc: 65.90, bacc: 61.11, tmp_test_f1: 58.74, f1: 62.36
epoch: 796, val_loss:1.260587, acc: 65.90, bacc: 61.11, tmp_test_f1: 58.75, f1: 62.36
epoch: 797, val_loss:1.272187, acc: 65.90, bacc: 61.11, tmp_test_f1: 58.58, f1: 62.36
epoch: 798, val_loss:1.282116, acc: 65.90, bacc: 61.11, tmp_test_f1: 58.74, f1: 62.36
epoch: 799, val_loss:1.290991, acc: 65.90, bacc: 61.11, tmp_test_f1: 58.90, f1: 62.36
epoch: 800, val_loss:1.296658, acc: 65.90, bacc: 61.11, tmp_test_f1: 58.54, f1: 62.36
epoch: 801, val_loss:1.302049, acc: 65.90, bacc: 61.11, tmp_test_f1: 58.29, f1: 62.36
epoch: 802, val_loss:1.303591, acc: 65.90, bacc: 61.11, tmp_test_f1: 57.87, f1: 62.36
epoch: 803, val_loss:1.304441, acc: 65.90, bacc: 61.11, tmp_test_f1: 57.68, f1: 62.36
epoch: 804, val_loss:1.301545, acc: 65.90, bacc: 61.11, tmp_test_f1: 57.59, f1: 62.36
epoch: 805, val_loss:1.292630, acc: 65.90, bacc: 61.11, tmp_test_f1: 57.87, f1: 62.36
epoch: 806, val_loss:1.286161, acc: 65.90, bacc: 61.11, tmp_test_f1: 58.38, f1: 62.36
epoch: 807, val_loss:1.276656, acc: 65.90, bacc: 61.11, tmp_test_f1: 58.63, f1: 62.36
epoch: 808, val_loss:1.267882, acc: 65.90, bacc: 61.11, tmp_test_f1: 58.88, f1: 62.36
epoch: 809, val_loss:1.265501, acc: 65.90, bacc: 61.11, tmp_test_f1: 59.08, f1: 62.36
epoch: 810, val_loss:1.263966, acc: 65.90, bacc: 61.11, tmp_test_f1: 59.21, f1: 62.36
epoch: 811, val_loss:1.266129, acc: 65.90, bacc: 61.11, tmp_test_f1: 59.29, f1: 62.36
epoch: 812, val_loss:1.261760, acc: 65.90, bacc: 61.11, tmp_test_f1: 59.94, f1: 62.36
epoch: 813, val_loss:1.253121, acc: 65.90, bacc: 61.11, tmp_test_f1: 59.36, f1: 62.36
epoch: 814, val_loss:1.246119, acc: 65.90, bacc: 61.11, tmp_test_f1: 59.81, f1: 62.36
epoch: 815, val_loss:1.246243, acc: 65.90, bacc: 61.11, tmp_test_f1: 60.18, f1: 62.36
epoch: 816, val_loss:1.254112, acc: 65.90, bacc: 61.11, tmp_test_f1: 60.69, f1: 62.36
epoch: 817, val_loss:1.262910, acc: 65.90, bacc: 61.11, tmp_test_f1: 60.86, f1: 62.36
epoch: 818, val_loss:1.269186, acc: 65.90, bacc: 61.11, tmp_test_f1: 61.06, f1: 62.36
epoch: 819, val_loss:1.272427, acc: 65.90, bacc: 61.11, tmp_test_f1: 60.64, f1: 62.36
epoch: 820, val_loss:1.267440, acc: 65.90, bacc: 61.11, tmp_test_f1: 59.90, f1: 62.36
epoch: 821, val_loss:1.257024, acc: 65.90, bacc: 61.11, tmp_test_f1: 59.48, f1: 62.36
epoch: 822, val_loss:1.251073, acc: 65.90, bacc: 61.11, tmp_test_f1: 58.69, f1: 62.36
epoch: 823, val_loss:1.249232, acc: 65.90, bacc: 61.11, tmp_test_f1: 58.86, f1: 62.36
epoch: 824, val_loss:1.252160, acc: 65.90, bacc: 61.11, tmp_test_f1: 58.28, f1: 62.36
epoch: 825, val_loss:1.256716, acc: 65.90, bacc: 61.11, tmp_test_f1: 57.74, f1: 62.36
GAT dgl/coraTrue 100 Aug 20 EndEpoch 825 lr 0.1
SHAsplit  0, acc: 65.90, bacc: 61.11, f1: 62.36
