CUDA Device Index: 0
Namespace(IsDirectedData=True, AugDirect=1, net='SymDiGCN', GPUdevice=0, seed=100, undirect_dataset='CiteSeer', Direct_dataset='cora_ml/', imb_ratio=100, dropout=0.1, num_filter=2, layer=2, alpha=0.1, K=2, feat_dim=64, warmup=5, epoch=1500, lr=0.1, l2=0.0005, tau=2, max=False, no_mask=False, gdc='ppr', heads=8, log_root='../logs/', log_path='test', data_path='../dataset/data/tmp/')
splits 10
test_f1 CountNotImproved reset to 0 in epoch 0
epoch:   0, val_loss:2.044317, acc: 11.93, bacc: 14.29, tmp_test_f1: 3.05, f1: 3.05
epoch:   1, val_loss:2.050989, acc: 11.93, bacc: 14.29, tmp_test_f1: 3.05, f1: 3.05
epoch:   2, val_loss:2.118039, acc: 11.93, bacc: 14.29, tmp_test_f1: 3.05, f1: 3.05
epoch:   3, val_loss:2.420719, acc: 11.93, bacc: 14.29, tmp_test_f1: 3.05, f1: 3.05
epoch:   4, val_loss:2.876242, acc: 11.93, bacc: 14.29, tmp_test_f1: 3.05, f1: 3.05
epoch:   5, val_loss:2.764969, acc: 11.93, bacc: 14.29, tmp_test_f1: 3.05, f1: 3.05
epoch:   6, val_loss:2.625947, acc: 11.93, bacc: 14.29, tmp_test_f1: 3.05, f1: 3.05
epoch:   7, val_loss:2.432411, acc: 11.93, bacc: 14.29, tmp_test_f1: 3.05, f1: 3.05
epoch:   8, val_loss:2.344078, acc: 11.93, bacc: 14.29, tmp_test_f1: 3.05, f1: 3.05
epoch:   9, val_loss:2.269131, acc: 11.93, bacc: 14.29, tmp_test_f1: 3.05, f1: 3.05
test_f1 CountNotImproved reset to 0 in epoch 10
epoch:  10, val_loss:2.205299, acc: 20.04, bacc: 22.81, tmp_test_f1: 13.48, f1: 13.48
epoch:  11, val_loss:2.155082, acc: 20.04, bacc: 22.81, tmp_test_f1: 13.01, f1: 13.48
epoch:  12, val_loss:2.116122, acc: 20.04, bacc: 22.81, tmp_test_f1: 12.88, f1: 13.48
epoch:  13, val_loss:2.094257, acc: 20.04, bacc: 22.81, tmp_test_f1: 13.11, f1: 13.48
test_f1 CountNotImproved reset to 0 in epoch 14
epoch:  14, val_loss:2.074812, acc: 20.08, bacc: 22.85, tmp_test_f1: 13.57, f1: 13.57
test_f1 CountNotImproved reset to 0 in epoch 15
epoch:  15, val_loss:2.051244, acc: 20.89, bacc: 23.83, tmp_test_f1: 13.67, f1: 13.67
epoch:  16, val_loss:2.028175, acc: 20.89, bacc: 23.83, tmp_test_f1: 13.20, f1: 13.67
epoch:  17, val_loss:2.013458, acc: 20.89, bacc: 23.83, tmp_test_f1: 12.65, f1: 13.67
epoch:  18, val_loss:2.008074, acc: 20.89, bacc: 23.83, tmp_test_f1: 12.28, f1: 13.67
epoch:  19, val_loss:2.004750, acc: 20.89, bacc: 23.83, tmp_test_f1: 12.04, f1: 13.67
epoch:  20, val_loss:2.000843, acc: 20.89, bacc: 23.83, tmp_test_f1: 11.86, f1: 13.67
epoch:  21, val_loss:1.993913, acc: 20.89, bacc: 23.83, tmp_test_f1: 11.83, f1: 13.67
epoch:  22, val_loss:1.981548, acc: 20.89, bacc: 23.83, tmp_test_f1: 12.26, f1: 13.67
epoch:  23, val_loss:1.953379, acc: 20.89, bacc: 23.83, tmp_test_f1: 12.62, f1: 13.67
epoch:  24, val_loss:1.932664, acc: 20.89, bacc: 23.83, tmp_test_f1: 12.79, f1: 13.67
epoch:  25, val_loss:1.913844, acc: 20.89, bacc: 23.83, tmp_test_f1: 13.25, f1: 13.67
epoch:  26, val_loss:1.900565, acc: 20.89, bacc: 23.83, tmp_test_f1: 13.08, f1: 13.67
epoch:  27, val_loss:1.892123, acc: 20.89, bacc: 23.83, tmp_test_f1: 13.15, f1: 13.67
epoch:  28, val_loss:1.886341, acc: 20.89, bacc: 23.83, tmp_test_f1: 13.07, f1: 13.67
epoch:  29, val_loss:1.881111, acc: 20.89, bacc: 23.83, tmp_test_f1: 13.24, f1: 13.67
test_f1 CountNotImproved reset to 0 in epoch 30
epoch:  30, val_loss:1.875666, acc: 20.59, bacc: 22.70, tmp_test_f1: 14.11, f1: 14.11
test_f1 CountNotImproved reset to 0 in epoch 31
epoch:  31, val_loss:1.870117, acc: 21.49, bacc: 23.46, tmp_test_f1: 14.71, f1: 14.71
test_f1 CountNotImproved reset to 0 in epoch 32
epoch:  32, val_loss:1.868424, acc: 22.00, bacc: 23.86, tmp_test_f1: 15.15, f1: 15.15
test_f1 CountNotImproved reset to 0 in epoch 33
epoch:  33, val_loss:1.870378, acc: 22.12, bacc: 24.22, tmp_test_f1: 15.36, f1: 15.36
test_f1 CountNotImproved reset to 0 in epoch 34
epoch:  34, val_loss:1.875463, acc: 22.25, bacc: 24.34, tmp_test_f1: 15.82, f1: 15.82
test_f1 CountNotImproved reset to 0 in epoch 35
epoch:  35, val_loss:1.873713, acc: 22.08, bacc: 24.44, tmp_test_f1: 15.89, f1: 15.89
epoch:  36, val_loss:1.874426, acc: 22.08, bacc: 24.44, tmp_test_f1: 15.80, f1: 15.89
epoch:  37, val_loss:1.870387, acc: 22.08, bacc: 24.44, tmp_test_f1: 15.40, f1: 15.89
epoch:  38, val_loss:1.868737, acc: 22.08, bacc: 24.44, tmp_test_f1: 14.89, f1: 15.89
epoch:  39, val_loss:1.870843, acc: 22.08, bacc: 24.44, tmp_test_f1: 14.79, f1: 15.89
epoch:  40, val_loss:1.872563, acc: 22.08, bacc: 24.44, tmp_test_f1: 14.97, f1: 15.89
epoch:  41, val_loss:1.872714, acc: 22.08, bacc: 24.44, tmp_test_f1: 14.80, f1: 15.89
epoch:  42, val_loss:1.871888, acc: 22.08, bacc: 24.44, tmp_test_f1: 14.54, f1: 15.89
epoch:  43, val_loss:1.871683, acc: 22.08, bacc: 24.44, tmp_test_f1: 14.81, f1: 15.89
epoch:  44, val_loss:1.873684, acc: 22.08, bacc: 24.44, tmp_test_f1: 14.87, f1: 15.89
epoch:  45, val_loss:1.875181, acc: 22.08, bacc: 24.44, tmp_test_f1: 14.77, f1: 15.89
epoch:  46, val_loss:1.877302, acc: 22.08, bacc: 24.44, tmp_test_f1: 15.10, f1: 15.89
epoch:  47, val_loss:1.879283, acc: 22.08, bacc: 24.44, tmp_test_f1: 14.55, f1: 15.89
epoch:  48, val_loss:1.879266, acc: 22.08, bacc: 24.44, tmp_test_f1: 14.63, f1: 15.89
epoch:  49, val_loss:1.888323, acc: 22.08, bacc: 24.44, tmp_test_f1: 14.79, f1: 15.89
epoch:  50, val_loss:1.907456, acc: 22.08, bacc: 24.44, tmp_test_f1: 13.90, f1: 15.89
epoch:  51, val_loss:1.964357, acc: 22.08, bacc: 24.44, tmp_test_f1: 13.99, f1: 15.89
epoch:  52, val_loss:1.964672, acc: 22.08, bacc: 24.44, tmp_test_f1: 15.12, f1: 15.89
epoch:  53, val_loss:1.929408, acc: 22.08, bacc: 24.44, tmp_test_f1: 15.04, f1: 15.89
epoch:  54, val_loss:1.904330, acc: 22.08, bacc: 24.44, tmp_test_f1: 15.41, f1: 15.89
epoch:  55, val_loss:1.887607, acc: 22.08, bacc: 24.44, tmp_test_f1: 15.28, f1: 15.89
epoch:  56, val_loss:1.875984, acc: 22.08, bacc: 24.44, tmp_test_f1: 15.32, f1: 15.89
epoch:  57, val_loss:1.874728, acc: 22.08, bacc: 24.44, tmp_test_f1: 15.15, f1: 15.89
epoch:  58, val_loss:1.877154, acc: 22.08, bacc: 24.44, tmp_test_f1: 15.19, f1: 15.89
epoch:  59, val_loss:1.884409, acc: 22.08, bacc: 24.44, tmp_test_f1: 15.08, f1: 15.89
epoch:  60, val_loss:1.899662, acc: 22.08, bacc: 24.44, tmp_test_f1: 14.72, f1: 15.89
epoch:  61, val_loss:1.928227, acc: 22.08, bacc: 24.44, tmp_test_f1: 15.27, f1: 15.89
epoch:  62, val_loss:1.929734, acc: 22.08, bacc: 24.44, tmp_test_f1: 15.48, f1: 15.89
epoch:  63, val_loss:1.934120, acc: 22.08, bacc: 24.44, tmp_test_f1: 15.01, f1: 15.89
epoch:  64, val_loss:1.970335, acc: 22.08, bacc: 24.44, tmp_test_f1: 14.74, f1: 15.89
epoch:  65, val_loss:2.012093, acc: 22.08, bacc: 24.44, tmp_test_f1: 14.24, f1: 15.89
epoch:  66, val_loss:2.094316, acc: 22.08, bacc: 24.44, tmp_test_f1: 13.87, f1: 15.89
test_f1 CountNotImproved reset to 0 in epoch 67
epoch:  67, val_loss:2.173707, acc: 20.42, bacc: 26.85, tmp_test_f1: 16.05, f1: 16.05
epoch:  68, val_loss:1.983898, acc: 20.42, bacc: 26.85, tmp_test_f1: 15.51, f1: 16.05
epoch:  69, val_loss:1.912623, acc: 20.42, bacc: 26.85, tmp_test_f1: 15.61, f1: 16.05
epoch:  70, val_loss:1.903437, acc: 20.42, bacc: 26.85, tmp_test_f1: 15.54, f1: 16.05
test_f1 CountNotImproved reset to 0 in epoch 71
epoch:  71, val_loss:1.904985, acc: 19.62, bacc: 23.54, tmp_test_f1: 16.11, f1: 16.11
test_f1 CountNotImproved reset to 0 in epoch 72
epoch:  72, val_loss:1.915040, acc: 19.79, bacc: 23.76, tmp_test_f1: 16.23, f1: 16.23
epoch:  73, val_loss:1.951998, acc: 19.79, bacc: 23.76, tmp_test_f1: 15.65, f1: 16.23
epoch:  74, val_loss:2.030365, acc: 19.79, bacc: 23.76, tmp_test_f1: 15.96, f1: 16.23
epoch:  75, val_loss:2.172904, acc: 19.79, bacc: 23.76, tmp_test_f1: 14.54, f1: 16.23
epoch:  76, val_loss:2.236201, acc: 19.79, bacc: 23.76, tmp_test_f1: 14.30, f1: 16.23
epoch:  77, val_loss:2.175805, acc: 19.79, bacc: 23.76, tmp_test_f1: 14.42, f1: 16.23
epoch:  78, val_loss:2.114962, acc: 19.79, bacc: 23.76, tmp_test_f1: 15.08, f1: 16.23
epoch:  79, val_loss:2.079844, acc: 19.79, bacc: 23.76, tmp_test_f1: 15.58, f1: 16.23
epoch:  80, val_loss:2.046349, acc: 19.79, bacc: 23.76, tmp_test_f1: 15.42, f1: 16.23
epoch:  81, val_loss:2.029691, acc: 19.79, bacc: 23.76, tmp_test_f1: 15.46, f1: 16.23
epoch:  82, val_loss:2.013336, acc: 19.79, bacc: 23.76, tmp_test_f1: 15.30, f1: 16.23
epoch:  83, val_loss:2.012810, acc: 19.79, bacc: 23.76, tmp_test_f1: 15.78, f1: 16.23
epoch:  84, val_loss:2.012479, acc: 19.79, bacc: 23.76, tmp_test_f1: 15.23, f1: 16.23
epoch:  85, val_loss:2.034138, acc: 19.79, bacc: 23.76, tmp_test_f1: 15.20, f1: 16.23
epoch:  86, val_loss:2.073621, acc: 19.79, bacc: 23.76, tmp_test_f1: 14.95, f1: 16.23
epoch:  87, val_loss:2.144112, acc: 19.79, bacc: 23.76, tmp_test_f1: 14.86, f1: 16.23
epoch:  88, val_loss:2.175694, acc: 19.79, bacc: 23.76, tmp_test_f1: 14.97, f1: 16.23
epoch:  89, val_loss:2.183473, acc: 19.79, bacc: 23.76, tmp_test_f1: 14.88, f1: 16.23
epoch:  90, val_loss:2.208697, acc: 19.79, bacc: 23.76, tmp_test_f1: 14.83, f1: 16.23
epoch:  91, val_loss:2.250267, acc: 19.79, bacc: 23.76, tmp_test_f1: 14.43, f1: 16.23
epoch:  92, val_loss:2.317793, acc: 19.79, bacc: 23.76, tmp_test_f1: 14.12, f1: 16.23
epoch:  93, val_loss:2.360314, acc: 19.79, bacc: 23.76, tmp_test_f1: 14.08, f1: 16.23
epoch:  94, val_loss:2.358018, acc: 19.79, bacc: 23.76, tmp_test_f1: 13.80, f1: 16.23
epoch:  95, val_loss:2.359317, acc: 19.79, bacc: 23.76, tmp_test_f1: 13.80, f1: 16.23
epoch:  96, val_loss:2.345969, acc: 19.79, bacc: 23.76, tmp_test_f1: 14.04, f1: 16.23
epoch:  97, val_loss:2.306090, acc: 19.79, bacc: 23.76, tmp_test_f1: 14.08, f1: 16.23
epoch:  98, val_loss:2.298340, acc: 19.79, bacc: 23.76, tmp_test_f1: 13.76, f1: 16.23
epoch:  99, val_loss:2.344151, acc: 19.79, bacc: 23.76, tmp_test_f1: 13.20, f1: 16.23
epoch: 100, val_loss:2.389569, acc: 19.79, bacc: 23.76, tmp_test_f1: 13.23, f1: 16.23
epoch: 101, val_loss:2.448556, acc: 19.79, bacc: 23.76, tmp_test_f1: 13.63, f1: 16.23
epoch: 102, val_loss:2.378059, acc: 19.79, bacc: 23.76, tmp_test_f1: 13.65, f1: 16.23
epoch: 103, val_loss:2.335972, acc: 19.79, bacc: 23.76, tmp_test_f1: 14.07, f1: 16.23
epoch: 104, val_loss:2.275416, acc: 19.79, bacc: 23.76, tmp_test_f1: 13.68, f1: 16.23
epoch: 105, val_loss:2.299521, acc: 19.79, bacc: 23.76, tmp_test_f1: 13.81, f1: 16.23
epoch: 106, val_loss:2.350826, acc: 19.79, bacc: 23.76, tmp_test_f1: 13.31, f1: 16.23
epoch: 107, val_loss:2.494242, acc: 19.79, bacc: 23.76, tmp_test_f1: 12.78, f1: 16.23
epoch: 108, val_loss:2.605756, acc: 19.79, bacc: 23.76, tmp_test_f1: 14.21, f1: 16.23
epoch: 109, val_loss:2.426609, acc: 19.79, bacc: 23.76, tmp_test_f1: 14.59, f1: 16.23
epoch: 110, val_loss:2.372394, acc: 19.79, bacc: 23.76, tmp_test_f1: 14.70, f1: 16.23
epoch: 111, val_loss:2.319274, acc: 19.79, bacc: 23.76, tmp_test_f1: 15.72, f1: 16.23
test_f1 CountNotImproved reset to 0 in epoch 112
epoch: 112, val_loss:2.197780, acc: 21.61, bacc: 25.72, tmp_test_f1: 16.47, f1: 16.47
test_f1 CountNotImproved reset to 0 in epoch 113
epoch: 113, val_loss:2.166137, acc: 21.57, bacc: 25.76, tmp_test_f1: 16.56, f1: 16.56
epoch: 114, val_loss:2.194795, acc: 21.57, bacc: 25.76, tmp_test_f1: 16.56, f1: 16.56
epoch: 115, val_loss:2.262219, acc: 21.57, bacc: 25.76, tmp_test_f1: 16.20, f1: 16.56
test_f1 CountNotImproved reset to 0 in epoch 116
epoch: 116, val_loss:2.275167, acc: 21.19, bacc: 26.26, tmp_test_f1: 16.82, f1: 16.82
epoch: 117, val_loss:2.219725, acc: 21.19, bacc: 26.26, tmp_test_f1: 16.26, f1: 16.82
epoch: 118, val_loss:2.200766, acc: 21.19, bacc: 26.26, tmp_test_f1: 15.23, f1: 16.82
epoch: 119, val_loss:2.241318, acc: 21.19, bacc: 26.26, tmp_test_f1: 15.53, f1: 16.82
epoch: 120, val_loss:2.220869, acc: 21.19, bacc: 26.26, tmp_test_f1: 15.30, f1: 16.82
epoch: 121, val_loss:2.230720, acc: 21.19, bacc: 26.26, tmp_test_f1: 15.68, f1: 16.82
epoch: 122, val_loss:2.194888, acc: 21.19, bacc: 26.26, tmp_test_f1: 15.54, f1: 16.82
epoch: 123, val_loss:2.170287, acc: 21.19, bacc: 26.26, tmp_test_f1: 15.03, f1: 16.82
epoch: 124, val_loss:2.174084, acc: 21.19, bacc: 26.26, tmp_test_f1: 15.18, f1: 16.82
epoch: 125, val_loss:2.211934, acc: 21.19, bacc: 26.26, tmp_test_f1: 14.93, f1: 16.82
epoch: 126, val_loss:2.239343, acc: 21.19, bacc: 26.26, tmp_test_f1: 15.04, f1: 16.82
epoch: 127, val_loss:2.297127, acc: 21.19, bacc: 26.26, tmp_test_f1: 14.96, f1: 16.82
epoch: 128, val_loss:2.380879, acc: 21.19, bacc: 26.26, tmp_test_f1: 15.02, f1: 16.82
epoch: 129, val_loss:2.275405, acc: 21.19, bacc: 26.26, tmp_test_f1: 15.31, f1: 16.82
epoch: 130, val_loss:2.217993, acc: 21.19, bacc: 26.26, tmp_test_f1: 15.51, f1: 16.82
epoch: 131, val_loss:2.140539, acc: 21.19, bacc: 26.26, tmp_test_f1: 15.72, f1: 16.82
epoch: 132, val_loss:2.138441, acc: 21.19, bacc: 26.26, tmp_test_f1: 15.93, f1: 16.82
epoch: 133, val_loss:2.160268, acc: 21.19, bacc: 26.26, tmp_test_f1: 16.11, f1: 16.82
epoch: 134, val_loss:2.217449, acc: 21.19, bacc: 26.26, tmp_test_f1: 15.54, f1: 16.82
epoch: 135, val_loss:2.320315, acc: 21.19, bacc: 26.26, tmp_test_f1: 15.75, f1: 16.82
epoch: 136, val_loss:2.472165, acc: 21.19, bacc: 26.26, tmp_test_f1: 15.37, f1: 16.82
epoch: 137, val_loss:2.566381, acc: 21.19, bacc: 26.26, tmp_test_f1: 15.76, f1: 16.82
epoch: 138, val_loss:2.519907, acc: 21.19, bacc: 26.26, tmp_test_f1: 15.92, f1: 16.82
epoch: 139, val_loss:2.417239, acc: 21.19, bacc: 26.26, tmp_test_f1: 15.29, f1: 16.82
epoch: 140, val_loss:2.359953, acc: 21.19, bacc: 26.26, tmp_test_f1: 15.16, f1: 16.82
epoch: 141, val_loss:2.340364, acc: 21.19, bacc: 26.26, tmp_test_f1: 15.08, f1: 16.82
epoch: 142, val_loss:2.379492, acc: 21.19, bacc: 26.26, tmp_test_f1: 15.07, f1: 16.82
epoch: 143, val_loss:2.441254, acc: 21.19, bacc: 26.26, tmp_test_f1: 15.06, f1: 16.82
epoch: 144, val_loss:2.539583, acc: 21.19, bacc: 26.26, tmp_test_f1: 14.93, f1: 16.82
epoch: 145, val_loss:2.637198, acc: 21.19, bacc: 26.26, tmp_test_f1: 14.67, f1: 16.82
epoch: 146, val_loss:2.752430, acc: 21.19, bacc: 26.26, tmp_test_f1: 14.69, f1: 16.82
epoch: 147, val_loss:2.739918, acc: 21.19, bacc: 26.26, tmp_test_f1: 14.58, f1: 16.82
epoch: 148, val_loss:2.737322, acc: 21.19, bacc: 26.26, tmp_test_f1: 14.44, f1: 16.82
epoch: 149, val_loss:2.767642, acc: 21.19, bacc: 26.26, tmp_test_f1: 14.52, f1: 16.82
epoch: 150, val_loss:2.823100, acc: 21.19, bacc: 26.26, tmp_test_f1: 14.27, f1: 16.82
epoch: 151, val_loss:2.833068, acc: 21.19, bacc: 26.26, tmp_test_f1: 14.33, f1: 16.82
epoch: 152, val_loss:2.823018, acc: 21.19, bacc: 26.26, tmp_test_f1: 14.79, f1: 16.82
epoch: 153, val_loss:2.573818, acc: 21.19, bacc: 26.26, tmp_test_f1: 15.34, f1: 16.82
epoch: 154, val_loss:2.454311, acc: 21.19, bacc: 26.26, tmp_test_f1: 16.01, f1: 16.82
epoch: 155, val_loss:2.334162, acc: 21.19, bacc: 26.26, tmp_test_f1: 16.33, f1: 16.82
epoch: 156, val_loss:2.290566, acc: 21.19, bacc: 26.26, tmp_test_f1: 16.16, f1: 16.82
epoch: 157, val_loss:2.275401, acc: 21.19, bacc: 26.26, tmp_test_f1: 15.93, f1: 16.82
epoch: 158, val_loss:2.338550, acc: 21.19, bacc: 26.26, tmp_test_f1: 15.90, f1: 16.82
epoch: 159, val_loss:2.343910, acc: 21.19, bacc: 26.26, tmp_test_f1: 16.56, f1: 16.82
test_f1 CountNotImproved reset to 0 in epoch 160
epoch: 160, val_loss:2.385748, acc: 23.14, bacc: 26.24, tmp_test_f1: 18.43, f1: 18.43
epoch: 161, val_loss:2.483066, acc: 23.14, bacc: 26.24, tmp_test_f1: 17.67, f1: 18.43
epoch: 162, val_loss:2.603460, acc: 23.14, bacc: 26.24, tmp_test_f1: 18.20, f1: 18.43
test_f1 CountNotImproved reset to 0 in epoch 163
epoch: 163, val_loss:2.544409, acc: 22.55, bacc: 25.71, tmp_test_f1: 19.14, f1: 19.14
epoch: 164, val_loss:2.321616, acc: 22.55, bacc: 25.71, tmp_test_f1: 15.61, f1: 19.14
epoch: 165, val_loss:2.199771, acc: 22.55, bacc: 25.71, tmp_test_f1: 14.71, f1: 19.14
epoch: 166, val_loss:2.138883, acc: 22.55, bacc: 25.71, tmp_test_f1: 14.90, f1: 19.14
epoch: 167, val_loss:2.122352, acc: 22.55, bacc: 25.71, tmp_test_f1: 15.06, f1: 19.14
epoch: 168, val_loss:2.141597, acc: 22.55, bacc: 25.71, tmp_test_f1: 18.88, f1: 19.14
epoch: 169, val_loss:2.210775, acc: 22.55, bacc: 25.71, tmp_test_f1: 18.14, f1: 19.14
epoch: 170, val_loss:2.330079, acc: 22.55, bacc: 25.71, tmp_test_f1: 17.53, f1: 19.14
epoch: 171, val_loss:2.498902, acc: 22.55, bacc: 25.71, tmp_test_f1: 16.26, f1: 19.14
epoch: 172, val_loss:2.611712, acc: 22.55, bacc: 25.71, tmp_test_f1: 15.55, f1: 19.14
epoch: 173, val_loss:2.737690, acc: 22.55, bacc: 25.71, tmp_test_f1: 15.61, f1: 19.14
epoch: 174, val_loss:2.833504, acc: 22.55, bacc: 25.71, tmp_test_f1: 16.18, f1: 19.14
epoch: 175, val_loss:2.787764, acc: 22.55, bacc: 25.71, tmp_test_f1: 17.80, f1: 19.14
epoch: 176, val_loss:2.715884, acc: 22.55, bacc: 25.71, tmp_test_f1: 17.76, f1: 19.14
epoch: 177, val_loss:2.687511, acc: 22.55, bacc: 25.71, tmp_test_f1: 18.48, f1: 19.14
epoch: 178, val_loss:2.600779, acc: 22.55, bacc: 25.71, tmp_test_f1: 18.26, f1: 19.14
epoch: 179, val_loss:2.603971, acc: 22.55, bacc: 25.71, tmp_test_f1: 17.96, f1: 19.14
epoch: 180, val_loss:2.594527, acc: 22.55, bacc: 25.71, tmp_test_f1: 17.90, f1: 19.14
epoch: 181, val_loss:2.665750, acc: 22.55, bacc: 25.71, tmp_test_f1: 17.38, f1: 19.14
epoch: 182, val_loss:2.711789, acc: 22.55, bacc: 25.71, tmp_test_f1: 16.96, f1: 19.14
epoch: 183, val_loss:2.685889, acc: 22.55, bacc: 25.71, tmp_test_f1: 16.92, f1: 19.14
epoch: 184, val_loss:2.761657, acc: 22.55, bacc: 25.71, tmp_test_f1: 17.19, f1: 19.14
epoch: 185, val_loss:2.888474, acc: 22.55, bacc: 25.71, tmp_test_f1: 16.48, f1: 19.14
epoch: 186, val_loss:3.091850, acc: 22.55, bacc: 25.71, tmp_test_f1: 16.56, f1: 19.14
epoch: 187, val_loss:3.170194, acc: 22.55, bacc: 25.71, tmp_test_f1: 16.25, f1: 19.14
epoch: 188, val_loss:3.186737, acc: 22.55, bacc: 25.71, tmp_test_f1: 15.90, f1: 19.14
epoch: 189, val_loss:3.138516, acc: 22.55, bacc: 25.71, tmp_test_f1: 16.00, f1: 19.14
epoch: 190, val_loss:3.154652, acc: 22.55, bacc: 25.71, tmp_test_f1: 16.04, f1: 19.14
epoch: 191, val_loss:3.139839, acc: 22.55, bacc: 25.71, tmp_test_f1: 15.96, f1: 19.14
epoch: 192, val_loss:3.092467, acc: 22.55, bacc: 25.71, tmp_test_f1: 16.11, f1: 19.14
epoch: 193, val_loss:3.097107, acc: 22.55, bacc: 25.71, tmp_test_f1: 15.98, f1: 19.14
epoch: 194, val_loss:3.028767, acc: 22.55, bacc: 25.71, tmp_test_f1: 15.62, f1: 19.14
epoch: 195, val_loss:3.040424, acc: 22.55, bacc: 25.71, tmp_test_f1: 16.01, f1: 19.14
epoch: 196, val_loss:3.081260, acc: 22.55, bacc: 25.71, tmp_test_f1: 15.99, f1: 19.14
epoch: 197, val_loss:3.150738, acc: 22.55, bacc: 25.71, tmp_test_f1: 15.98, f1: 19.14
epoch: 198, val_loss:3.172994, acc: 22.55, bacc: 25.71, tmp_test_f1: 16.18, f1: 19.14
epoch: 199, val_loss:3.148846, acc: 22.55, bacc: 25.71, tmp_test_f1: 15.94, f1: 19.14
epoch: 200, val_loss:3.107193, acc: 22.55, bacc: 25.71, tmp_test_f1: 15.97, f1: 19.14
epoch: 201, val_loss:3.058699, acc: 22.55, bacc: 25.71, tmp_test_f1: 16.54, f1: 19.14
epoch: 202, val_loss:2.884556, acc: 22.55, bacc: 25.71, tmp_test_f1: 16.70, f1: 19.14
epoch: 203, val_loss:2.760860, acc: 22.55, bacc: 25.71, tmp_test_f1: 16.91, f1: 19.14
epoch: 204, val_loss:2.798793, acc: 22.55, bacc: 25.71, tmp_test_f1: 16.40, f1: 19.14
epoch: 205, val_loss:2.969751, acc: 22.55, bacc: 25.71, tmp_test_f1: 16.24, f1: 19.14
epoch: 206, val_loss:3.134498, acc: 22.55, bacc: 25.71, tmp_test_f1: 16.72, f1: 19.14
epoch: 207, val_loss:3.024949, acc: 22.55, bacc: 25.71, tmp_test_f1: 17.48, f1: 19.14
epoch: 208, val_loss:2.884793, acc: 22.55, bacc: 25.71, tmp_test_f1: 17.56, f1: 19.14
epoch: 209, val_loss:2.862852, acc: 22.55, bacc: 25.71, tmp_test_f1: 17.53, f1: 19.14
epoch: 210, val_loss:2.805752, acc: 22.55, bacc: 25.71, tmp_test_f1: 17.87, f1: 19.14
epoch: 211, val_loss:2.781160, acc: 22.55, bacc: 25.71, tmp_test_f1: 17.63, f1: 19.14
epoch: 212, val_loss:2.738166, acc: 22.55, bacc: 25.71, tmp_test_f1: 17.44, f1: 19.14
epoch: 213, val_loss:2.703487, acc: 22.55, bacc: 25.71, tmp_test_f1: 17.55, f1: 19.14
epoch: 214, val_loss:2.778994, acc: 22.55, bacc: 25.71, tmp_test_f1: 17.73, f1: 19.14
epoch: 215, val_loss:2.894707, acc: 22.55, bacc: 25.71, tmp_test_f1: 17.33, f1: 19.14
epoch: 216, val_loss:3.006803, acc: 22.55, bacc: 25.71, tmp_test_f1: 17.11, f1: 19.14
epoch: 217, val_loss:3.099075, acc: 22.55, bacc: 25.71, tmp_test_f1: 17.10, f1: 19.14
epoch: 218, val_loss:3.130172, acc: 22.55, bacc: 25.71, tmp_test_f1: 17.57, f1: 19.14
epoch: 219, val_loss:2.605149, acc: 22.55, bacc: 25.71, tmp_test_f1: 17.26, f1: 19.14
epoch: 220, val_loss:2.416765, acc: 22.55, bacc: 25.71, tmp_test_f1: 17.56, f1: 19.14
epoch: 221, val_loss:2.387484, acc: 22.55, bacc: 25.71, tmp_test_f1: 17.05, f1: 19.14
epoch: 222, val_loss:2.479365, acc: 22.55, bacc: 25.71, tmp_test_f1: 17.20, f1: 19.14
epoch: 223, val_loss:2.682993, acc: 22.55, bacc: 25.71, tmp_test_f1: 17.47, f1: 19.14
epoch: 224, val_loss:3.006959, acc: 22.55, bacc: 25.71, tmp_test_f1: 17.36, f1: 19.14
epoch: 225, val_loss:3.074553, acc: 22.55, bacc: 25.71, tmp_test_f1: 17.54, f1: 19.14
epoch: 226, val_loss:3.049357, acc: 22.55, bacc: 25.71, tmp_test_f1: 17.87, f1: 19.14
epoch: 227, val_loss:2.951115, acc: 22.55, bacc: 25.71, tmp_test_f1: 17.99, f1: 19.14
epoch: 228, val_loss:2.879485, acc: 22.55, bacc: 25.71, tmp_test_f1: 17.77, f1: 19.14
epoch: 229, val_loss:2.891311, acc: 22.55, bacc: 25.71, tmp_test_f1: 17.90, f1: 19.14
epoch: 230, val_loss:2.943863, acc: 22.55, bacc: 25.71, tmp_test_f1: 18.09, f1: 19.14
epoch: 231, val_loss:3.093182, acc: 22.55, bacc: 25.71, tmp_test_f1: 18.24, f1: 19.14
epoch: 232, val_loss:2.890388, acc: 22.55, bacc: 25.71, tmp_test_f1: 17.86, f1: 19.14
Epoch 00233: reducing learning rate of group 0 to 5.0000e-02.
epoch: 233, val_loss:2.854041, acc: 22.55, bacc: 25.71, tmp_test_f1: 17.80, f1: 19.14
epoch: 234, val_loss:2.913997, acc: 22.55, bacc: 25.71, tmp_test_f1: 17.54, f1: 19.14
epoch: 235, val_loss:2.981669, acc: 22.55, bacc: 25.71, tmp_test_f1: 17.48, f1: 19.14
epoch: 236, val_loss:3.057973, acc: 22.55, bacc: 25.71, tmp_test_f1: 17.60, f1: 19.14
epoch: 237, val_loss:3.086163, acc: 22.55, bacc: 25.71, tmp_test_f1: 17.43, f1: 19.14
epoch: 238, val_loss:3.080498, acc: 22.55, bacc: 25.71, tmp_test_f1: 17.39, f1: 19.14
epoch: 239, val_loss:3.105457, acc: 22.55, bacc: 25.71, tmp_test_f1: 17.82, f1: 19.14
epoch: 240, val_loss:3.084996, acc: 22.55, bacc: 25.71, tmp_test_f1: 18.21, f1: 19.14
epoch: 241, val_loss:3.053054, acc: 22.55, bacc: 25.71, tmp_test_f1: 17.79, f1: 19.14
epoch: 242, val_loss:3.006947, acc: 22.55, bacc: 25.71, tmp_test_f1: 17.51, f1: 19.14
epoch: 243, val_loss:2.977391, acc: 22.55, bacc: 25.71, tmp_test_f1: 17.47, f1: 19.14
epoch: 244, val_loss:2.975671, acc: 22.55, bacc: 25.71, tmp_test_f1: 17.62, f1: 19.14
epoch: 245, val_loss:2.982039, acc: 22.55, bacc: 25.71, tmp_test_f1: 17.13, f1: 19.14
epoch: 246, val_loss:3.019755, acc: 22.55, bacc: 25.71, tmp_test_f1: 16.92, f1: 19.14
epoch: 247, val_loss:3.072880, acc: 22.55, bacc: 25.71, tmp_test_f1: 17.25, f1: 19.14
epoch: 248, val_loss:3.086525, acc: 22.55, bacc: 25.71, tmp_test_f1: 17.32, f1: 19.14
epoch: 249, val_loss:3.078477, acc: 22.55, bacc: 25.71, tmp_test_f1: 17.60, f1: 19.14
epoch: 250, val_loss:3.066727, acc: 22.55, bacc: 25.71, tmp_test_f1: 17.34, f1: 19.14
epoch: 251, val_loss:3.080573, acc: 22.55, bacc: 25.71, tmp_test_f1: 17.38, f1: 19.14
epoch: 252, val_loss:3.134643, acc: 22.55, bacc: 25.71, tmp_test_f1: 17.54, f1: 19.14
epoch: 253, val_loss:3.163848, acc: 22.55, bacc: 25.71, tmp_test_f1: 17.45, f1: 19.14
epoch: 254, val_loss:3.135342, acc: 22.55, bacc: 25.71, tmp_test_f1: 17.00, f1: 19.14
epoch: 255, val_loss:3.189881, acc: 22.55, bacc: 25.71, tmp_test_f1: 17.40, f1: 19.14
epoch: 256, val_loss:3.257696, acc: 22.55, bacc: 25.71, tmp_test_f1: 17.44, f1: 19.14
epoch: 257, val_loss:3.302696, acc: 22.55, bacc: 25.71, tmp_test_f1: 17.59, f1: 19.14
test_f1 CountNotImproved reset to 0 in epoch 258
epoch: 258, val_loss:3.252901, acc: 34.99, bacc: 27.68, tmp_test_f1: 24.59, f1: 24.59
epoch: 259, val_loss:3.217578, acc: 34.99, bacc: 27.68, tmp_test_f1: 24.58, f1: 24.59
test_f1 CountNotImproved reset to 0 in epoch 260
epoch: 260, val_loss:3.200785, acc: 35.33, bacc: 27.68, tmp_test_f1: 24.68, f1: 24.68
epoch: 261, val_loss:3.187282, acc: 35.33, bacc: 27.68, tmp_test_f1: 24.47, f1: 24.68
epoch: 262, val_loss:3.180083, acc: 35.33, bacc: 27.68, tmp_test_f1: 24.10, f1: 24.68
epoch: 263, val_loss:3.200691, acc: 35.33, bacc: 27.68, tmp_test_f1: 24.34, f1: 24.68
test_f1 CountNotImproved reset to 0 in epoch 264
epoch: 264, val_loss:3.210246, acc: 35.63, bacc: 28.19, tmp_test_f1: 25.36, f1: 25.36
test_f1 CountNotImproved reset to 0 in epoch 265
epoch: 265, val_loss:3.262893, acc: 35.03, bacc: 28.61, tmp_test_f1: 25.79, f1: 25.79
test_f1 CountNotImproved reset to 0 in epoch 266
epoch: 266, val_loss:3.385185, acc: 34.69, bacc: 28.84, tmp_test_f1: 25.95, f1: 25.95
test_f1 CountNotImproved reset to 0 in epoch 267
epoch: 267, val_loss:3.470631, acc: 35.29, bacc: 29.43, tmp_test_f1: 26.45, f1: 26.45
epoch: 268, val_loss:3.465028, acc: 35.29, bacc: 29.43, tmp_test_f1: 26.06, f1: 26.45
epoch: 269, val_loss:3.421316, acc: 35.29, bacc: 29.43, tmp_test_f1: 25.87, f1: 26.45
epoch: 270, val_loss:3.309117, acc: 35.29, bacc: 29.43, tmp_test_f1: 24.32, f1: 26.45
epoch: 271, val_loss:3.267432, acc: 35.29, bacc: 29.43, tmp_test_f1: 24.57, f1: 26.45
epoch: 272, val_loss:3.252614, acc: 35.29, bacc: 29.43, tmp_test_f1: 24.71, f1: 26.45
epoch: 273, val_loss:3.277715, acc: 35.29, bacc: 29.43, tmp_test_f1: 25.89, f1: 26.45
test_f1 CountNotImproved reset to 0 in epoch 274
epoch: 274, val_loss:3.345471, acc: 37.07, bacc: 29.88, tmp_test_f1: 26.49, f1: 26.49
test_f1 CountNotImproved reset to 0 in epoch 275
epoch: 275, val_loss:3.459321, acc: 36.86, bacc: 30.44, tmp_test_f1: 26.86, f1: 26.86
epoch: 276, val_loss:3.573942, acc: 36.86, bacc: 30.44, tmp_test_f1: 26.25, f1: 26.86
epoch: 277, val_loss:3.656736, acc: 36.86, bacc: 30.44, tmp_test_f1: 26.35, f1: 26.86
epoch: 278, val_loss:3.489351, acc: 36.86, bacc: 30.44, tmp_test_f1: 25.60, f1: 26.86
epoch: 279, val_loss:3.272673, acc: 36.86, bacc: 30.44, tmp_test_f1: 23.45, f1: 26.86
epoch: 280, val_loss:3.091262, acc: 36.86, bacc: 30.44, tmp_test_f1: 23.59, f1: 26.86
epoch: 281, val_loss:2.977327, acc: 36.86, bacc: 30.44, tmp_test_f1: 23.85, f1: 26.86
epoch: 282, val_loss:2.957215, acc: 36.86, bacc: 30.44, tmp_test_f1: 23.35, f1: 26.86
epoch: 283, val_loss:3.034279, acc: 36.86, bacc: 30.44, tmp_test_f1: 24.77, f1: 26.86
epoch: 284, val_loss:3.189590, acc: 36.86, bacc: 30.44, tmp_test_f1: 26.33, f1: 26.86
epoch: 285, val_loss:3.408251, acc: 36.86, bacc: 30.44, tmp_test_f1: 25.30, f1: 26.86
epoch: 286, val_loss:3.621640, acc: 36.86, bacc: 30.44, tmp_test_f1: 25.20, f1: 26.86
epoch: 287, val_loss:3.720577, acc: 36.86, bacc: 30.44, tmp_test_f1: 26.69, f1: 26.86
epoch: 288, val_loss:3.635563, acc: 36.86, bacc: 30.44, tmp_test_f1: 26.14, f1: 26.86
epoch: 289, val_loss:3.491371, acc: 36.86, bacc: 30.44, tmp_test_f1: 23.45, f1: 26.86
epoch: 290, val_loss:3.342329, acc: 36.86, bacc: 30.44, tmp_test_f1: 22.75, f1: 26.86
epoch: 291, val_loss:3.269116, acc: 36.86, bacc: 30.44, tmp_test_f1: 22.67, f1: 26.86
epoch: 292, val_loss:3.138596, acc: 36.86, bacc: 30.44, tmp_test_f1: 22.54, f1: 26.86
epoch: 293, val_loss:2.867598, acc: 36.86, bacc: 30.44, tmp_test_f1: 22.40, f1: 26.86
epoch: 294, val_loss:2.708642, acc: 36.86, bacc: 30.44, tmp_test_f1: 22.49, f1: 26.86
epoch: 295, val_loss:2.670954, acc: 36.86, bacc: 30.44, tmp_test_f1: 22.18, f1: 26.86
epoch: 296, val_loss:2.729202, acc: 36.86, bacc: 30.44, tmp_test_f1: 21.78, f1: 26.86
epoch: 297, val_loss:2.890721, acc: 36.86, bacc: 30.44, tmp_test_f1: 22.11, f1: 26.86
epoch: 298, val_loss:3.122920, acc: 36.86, bacc: 30.44, tmp_test_f1: 21.74, f1: 26.86
epoch: 299, val_loss:3.380718, acc: 36.86, bacc: 30.44, tmp_test_f1: 23.11, f1: 26.86
epoch: 300, val_loss:3.635130, acc: 36.86, bacc: 30.44, tmp_test_f1: 23.71, f1: 26.86
epoch: 301, val_loss:3.672043, acc: 36.86, bacc: 30.44, tmp_test_f1: 23.16, f1: 26.86
epoch: 302, val_loss:3.606396, acc: 36.86, bacc: 30.44, tmp_test_f1: 21.62, f1: 26.86
epoch: 303, val_loss:3.499478, acc: 36.86, bacc: 30.44, tmp_test_f1: 21.67, f1: 26.86
epoch: 304, val_loss:3.397428, acc: 36.86, bacc: 30.44, tmp_test_f1: 22.08, f1: 26.86
epoch: 305, val_loss:3.314820, acc: 36.86, bacc: 30.44, tmp_test_f1: 22.28, f1: 26.86
epoch: 306, val_loss:3.264411, acc: 36.86, bacc: 30.44, tmp_test_f1: 22.00, f1: 26.86
epoch: 307, val_loss:3.214101, acc: 36.86, bacc: 30.44, tmp_test_f1: 22.10, f1: 26.86
epoch: 308, val_loss:3.183170, acc: 36.86, bacc: 30.44, tmp_test_f1: 22.61, f1: 26.86
epoch: 309, val_loss:3.176927, acc: 36.86, bacc: 30.44, tmp_test_f1: 21.75, f1: 26.86
epoch: 310, val_loss:3.224341, acc: 36.86, bacc: 30.44, tmp_test_f1: 21.80, f1: 26.86
epoch: 311, val_loss:3.301342, acc: 36.86, bacc: 30.44, tmp_test_f1: 22.29, f1: 26.86
epoch: 312, val_loss:3.333141, acc: 36.86, bacc: 30.44, tmp_test_f1: 22.31, f1: 26.86
epoch: 313, val_loss:3.299929, acc: 36.86, bacc: 30.44, tmp_test_f1: 21.94, f1: 26.86
epoch: 314, val_loss:3.244437, acc: 36.86, bacc: 30.44, tmp_test_f1: 22.04, f1: 26.86
epoch: 315, val_loss:3.215061, acc: 36.86, bacc: 30.44, tmp_test_f1: 22.35, f1: 26.86
epoch: 316, val_loss:3.197425, acc: 36.86, bacc: 30.44, tmp_test_f1: 21.92, f1: 26.86
epoch: 317, val_loss:3.032284, acc: 36.86, bacc: 30.44, tmp_test_f1: 22.48, f1: 26.86
epoch: 318, val_loss:2.950881, acc: 36.86, bacc: 30.44, tmp_test_f1: 22.56, f1: 26.86
epoch: 319, val_loss:2.944101, acc: 36.86, bacc: 30.44, tmp_test_f1: 22.43, f1: 26.86
epoch: 320, val_loss:2.969167, acc: 36.86, bacc: 30.44, tmp_test_f1: 21.93, f1: 26.86
epoch: 321, val_loss:3.055043, acc: 36.86, bacc: 30.44, tmp_test_f1: 22.00, f1: 26.86
epoch: 322, val_loss:3.136798, acc: 36.86, bacc: 30.44, tmp_test_f1: 22.59, f1: 26.86
epoch: 323, val_loss:3.198240, acc: 36.86, bacc: 30.44, tmp_test_f1: 22.96, f1: 26.86
epoch: 324, val_loss:3.256655, acc: 36.86, bacc: 30.44, tmp_test_f1: 22.88, f1: 26.86
epoch: 325, val_loss:3.255237, acc: 36.86, bacc: 30.44, tmp_test_f1: 23.46, f1: 26.86
epoch: 326, val_loss:3.290626, acc: 36.86, bacc: 30.44, tmp_test_f1: 23.32, f1: 26.86
epoch: 327, val_loss:3.301811, acc: 36.86, bacc: 30.44, tmp_test_f1: 22.82, f1: 26.86
epoch: 328, val_loss:3.275755, acc: 36.86, bacc: 30.44, tmp_test_f1: 22.44, f1: 26.86
epoch: 329, val_loss:3.263714, acc: 36.86, bacc: 30.44, tmp_test_f1: 22.07, f1: 26.86
epoch: 330, val_loss:3.204933, acc: 36.86, bacc: 30.44, tmp_test_f1: 22.02, f1: 26.86
epoch: 331, val_loss:3.148986, acc: 36.86, bacc: 30.44, tmp_test_f1: 22.01, f1: 26.86
epoch: 332, val_loss:3.153671, acc: 36.86, bacc: 30.44, tmp_test_f1: 22.34, f1: 26.86
epoch: 333, val_loss:3.204129, acc: 36.86, bacc: 30.44, tmp_test_f1: 22.48, f1: 26.86
epoch: 334, val_loss:2.953618, acc: 36.86, bacc: 30.44, tmp_test_f1: 22.68, f1: 26.86
epoch: 335, val_loss:2.815370, acc: 36.86, bacc: 30.44, tmp_test_f1: 22.49, f1: 26.86
epoch: 336, val_loss:2.806938, acc: 36.86, bacc: 30.44, tmp_test_f1: 22.89, f1: 26.86
epoch: 337, val_loss:2.916331, acc: 36.86, bacc: 30.44, tmp_test_f1: 22.56, f1: 26.86
epoch: 338, val_loss:3.114606, acc: 36.86, bacc: 30.44, tmp_test_f1: 22.54, f1: 26.86
epoch: 339, val_loss:3.269194, acc: 36.86, bacc: 30.44, tmp_test_f1: 25.61, f1: 26.86
test_f1 CountNotImproved reset to 0 in epoch 340
epoch: 340, val_loss:3.459775, acc: 39.45, bacc: 30.96, tmp_test_f1: 27.54, f1: 27.54
epoch: 341, val_loss:3.600954, acc: 39.45, bacc: 30.96, tmp_test_f1: 27.24, f1: 27.54
epoch: 342, val_loss:3.684280, acc: 39.45, bacc: 30.96, tmp_test_f1: 26.74, f1: 27.54
epoch: 343, val_loss:3.549080, acc: 39.45, bacc: 30.96, tmp_test_f1: 24.50, f1: 27.54
epoch: 344, val_loss:3.366994, acc: 39.45, bacc: 30.96, tmp_test_f1: 22.26, f1: 27.54
epoch: 345, val_loss:3.146544, acc: 39.45, bacc: 30.96, tmp_test_f1: 22.62, f1: 27.54
epoch: 346, val_loss:3.005788, acc: 39.45, bacc: 30.96, tmp_test_f1: 22.64, f1: 27.54
epoch: 347, val_loss:2.987671, acc: 39.45, bacc: 30.96, tmp_test_f1: 22.36, f1: 27.54
epoch: 348, val_loss:3.045090, acc: 39.45, bacc: 30.96, tmp_test_f1: 22.51, f1: 27.54
epoch: 349, val_loss:3.124068, acc: 39.45, bacc: 30.96, tmp_test_f1: 22.68, f1: 27.54
epoch: 350, val_loss:3.169903, acc: 39.45, bacc: 30.96, tmp_test_f1: 23.48, f1: 27.54
epoch: 351, val_loss:3.257283, acc: 39.45, bacc: 30.96, tmp_test_f1: 24.91, f1: 27.54
epoch: 352, val_loss:3.342943, acc: 39.45, bacc: 30.96, tmp_test_f1: 25.53, f1: 27.54
epoch: 353, val_loss:3.352834, acc: 39.45, bacc: 30.96, tmp_test_f1: 25.80, f1: 27.54
epoch: 354, val_loss:3.353896, acc: 39.45, bacc: 30.96, tmp_test_f1: 25.92, f1: 27.54
epoch: 355, val_loss:3.322820, acc: 39.45, bacc: 30.96, tmp_test_f1: 25.34, f1: 27.54
epoch: 356, val_loss:3.251759, acc: 39.45, bacc: 30.96, tmp_test_f1: 24.70, f1: 27.54
epoch: 357, val_loss:3.198366, acc: 39.45, bacc: 30.96, tmp_test_f1: 23.99, f1: 27.54
epoch: 358, val_loss:3.133821, acc: 39.45, bacc: 30.96, tmp_test_f1: 23.14, f1: 27.54
epoch: 359, val_loss:3.039219, acc: 39.45, bacc: 30.96, tmp_test_f1: 22.87, f1: 27.54
epoch: 360, val_loss:2.933370, acc: 39.45, bacc: 30.96, tmp_test_f1: 22.64, f1: 27.54
epoch: 361, val_loss:2.876335, acc: 39.45, bacc: 30.96, tmp_test_f1: 22.58, f1: 27.54
epoch: 362, val_loss:2.920213, acc: 39.45, bacc: 30.96, tmp_test_f1: 22.93, f1: 27.54
epoch: 363, val_loss:3.003887, acc: 39.45, bacc: 30.96, tmp_test_f1: 23.34, f1: 27.54
epoch: 364, val_loss:3.142123, acc: 39.45, bacc: 30.96, tmp_test_f1: 25.32, f1: 27.54
epoch: 365, val_loss:3.301303, acc: 39.45, bacc: 30.96, tmp_test_f1: 25.90, f1: 27.54
epoch: 366, val_loss:3.464528, acc: 39.45, bacc: 30.96, tmp_test_f1: 26.14, f1: 27.54
epoch: 367, val_loss:3.558101, acc: 39.45, bacc: 30.96, tmp_test_f1: 26.30, f1: 27.54
epoch: 368, val_loss:3.519592, acc: 39.45, bacc: 30.96, tmp_test_f1: 26.04, f1: 27.54
epoch: 369, val_loss:3.451495, acc: 39.45, bacc: 30.96, tmp_test_f1: 25.87, f1: 27.54
epoch: 370, val_loss:3.356825, acc: 39.45, bacc: 30.96, tmp_test_f1: 23.23, f1: 27.54
epoch: 371, val_loss:3.192876, acc: 39.45, bacc: 30.96, tmp_test_f1: 22.59, f1: 27.54
epoch: 372, val_loss:3.002939, acc: 39.45, bacc: 30.96, tmp_test_f1: 22.31, f1: 27.54
epoch: 373, val_loss:2.939952, acc: 39.45, bacc: 30.96, tmp_test_f1: 21.98, f1: 27.54
epoch: 374, val_loss:2.945441, acc: 39.45, bacc: 30.96, tmp_test_f1: 21.92, f1: 27.54
epoch: 375, val_loss:2.883700, acc: 39.45, bacc: 30.96, tmp_test_f1: 22.09, f1: 27.54
epoch: 376, val_loss:2.926191, acc: 39.45, bacc: 30.96, tmp_test_f1: 22.25, f1: 27.54
epoch: 377, val_loss:3.017808, acc: 39.45, bacc: 30.96, tmp_test_f1: 22.13, f1: 27.54
epoch: 378, val_loss:3.037498, acc: 39.45, bacc: 30.96, tmp_test_f1: 22.17, f1: 27.54
epoch: 379, val_loss:3.013952, acc: 39.45, bacc: 30.96, tmp_test_f1: 21.84, f1: 27.54
epoch: 380, val_loss:3.072111, acc: 39.45, bacc: 30.96, tmp_test_f1: 22.48, f1: 27.54
epoch: 381, val_loss:2.877305, acc: 39.45, bacc: 30.96, tmp_test_f1: 22.77, f1: 27.54
epoch: 382, val_loss:2.750179, acc: 39.45, bacc: 30.96, tmp_test_f1: 23.17, f1: 27.54
epoch: 383, val_loss:2.743161, acc: 39.45, bacc: 30.96, tmp_test_f1: 17.05, f1: 27.54
epoch: 384, val_loss:2.846556, acc: 39.45, bacc: 30.96, tmp_test_f1: 16.55, f1: 27.54
epoch: 385, val_loss:3.008564, acc: 39.45, bacc: 30.96, tmp_test_f1: 16.69, f1: 27.54
epoch: 386, val_loss:3.084166, acc: 39.45, bacc: 30.96, tmp_test_f1: 16.91, f1: 27.54
epoch: 387, val_loss:3.116426, acc: 39.45, bacc: 30.96, tmp_test_f1: 16.81, f1: 27.54
epoch: 388, val_loss:3.131918, acc: 39.45, bacc: 30.96, tmp_test_f1: 17.14, f1: 27.54
epoch: 389, val_loss:3.096963, acc: 39.45, bacc: 30.96, tmp_test_f1: 16.85, f1: 27.54
epoch: 390, val_loss:3.069036, acc: 39.45, bacc: 30.96, tmp_test_f1: 17.01, f1: 27.54
epoch: 391, val_loss:3.047538, acc: 39.45, bacc: 30.96, tmp_test_f1: 24.20, f1: 27.54
epoch: 392, val_loss:3.129289, acc: 39.45, bacc: 30.96, tmp_test_f1: 23.72, f1: 27.54
epoch: 393, val_loss:3.149705, acc: 39.45, bacc: 30.96, tmp_test_f1: 22.90, f1: 27.54
epoch: 394, val_loss:3.061891, acc: 39.45, bacc: 30.96, tmp_test_f1: 23.75, f1: 27.54
epoch: 395, val_loss:2.832778, acc: 39.45, bacc: 30.96, tmp_test_f1: 23.97, f1: 27.54
epoch: 396, val_loss:2.758162, acc: 39.45, bacc: 30.96, tmp_test_f1: 23.56, f1: 27.54
epoch: 397, val_loss:2.829002, acc: 39.45, bacc: 30.96, tmp_test_f1: 23.22, f1: 27.54
epoch: 398, val_loss:2.987482, acc: 39.45, bacc: 30.96, tmp_test_f1: 22.58, f1: 27.54
epoch: 399, val_loss:3.218902, acc: 39.45, bacc: 30.96, tmp_test_f1: 22.64, f1: 27.54
epoch: 400, val_loss:3.362651, acc: 39.45, bacc: 30.96, tmp_test_f1: 22.61, f1: 27.54
epoch: 401, val_loss:3.277863, acc: 39.45, bacc: 30.96, tmp_test_f1: 23.06, f1: 27.54
epoch: 402, val_loss:3.094930, acc: 39.45, bacc: 30.96, tmp_test_f1: 23.00, f1: 27.54
epoch: 403, val_loss:2.950634, acc: 39.45, bacc: 30.96, tmp_test_f1: 22.99, f1: 27.54
epoch: 404, val_loss:2.895072, acc: 39.45, bacc: 30.96, tmp_test_f1: 23.06, f1: 27.54
epoch: 405, val_loss:2.932974, acc: 39.45, bacc: 30.96, tmp_test_f1: 23.02, f1: 27.54
epoch: 406, val_loss:2.963881, acc: 39.45, bacc: 30.96, tmp_test_f1: 17.14, f1: 27.54
epoch: 407, val_loss:3.032884, acc: 39.45, bacc: 30.96, tmp_test_f1: 16.69, f1: 27.54
epoch: 408, val_loss:3.104420, acc: 39.45, bacc: 30.96, tmp_test_f1: 16.27, f1: 27.54
epoch: 409, val_loss:3.191804, acc: 39.45, bacc: 30.96, tmp_test_f1: 16.65, f1: 27.54
epoch: 410, val_loss:3.267936, acc: 39.45, bacc: 30.96, tmp_test_f1: 16.05, f1: 27.54
epoch: 411, val_loss:3.203427, acc: 39.45, bacc: 30.96, tmp_test_f1: 15.94, f1: 27.54
epoch: 412, val_loss:3.197839, acc: 39.45, bacc: 30.96, tmp_test_f1: 16.07, f1: 27.54
epoch: 413, val_loss:3.226358, acc: 39.45, bacc: 30.96, tmp_test_f1: 16.22, f1: 27.54
epoch: 414, val_loss:3.232852, acc: 39.45, bacc: 30.96, tmp_test_f1: 16.49, f1: 27.54
epoch: 415, val_loss:3.111486, acc: 39.45, bacc: 30.96, tmp_test_f1: 16.42, f1: 27.54
epoch: 416, val_loss:2.870982, acc: 39.45, bacc: 30.96, tmp_test_f1: 17.50, f1: 27.54
epoch: 417, val_loss:2.599658, acc: 39.45, bacc: 30.96, tmp_test_f1: 17.41, f1: 27.54
epoch: 418, val_loss:2.513312, acc: 39.45, bacc: 30.96, tmp_test_f1: 17.71, f1: 27.54
epoch: 419, val_loss:2.552871, acc: 39.45, bacc: 30.96, tmp_test_f1: 17.80, f1: 27.54
epoch: 420, val_loss:2.705195, acc: 39.45, bacc: 30.96, tmp_test_f1: 17.27, f1: 27.54
epoch: 421, val_loss:2.954675, acc: 39.45, bacc: 30.96, tmp_test_f1: 16.52, f1: 27.54
epoch: 422, val_loss:3.278633, acc: 39.45, bacc: 30.96, tmp_test_f1: 15.53, f1: 27.54
epoch: 423, val_loss:3.500781, acc: 39.45, bacc: 30.96, tmp_test_f1: 15.98, f1: 27.54
test_f1 CountNotImproved reset to 0 in epoch 424
epoch: 424, val_loss:3.502348, acc: 37.07, bacc: 30.83, tmp_test_f1: 28.10, f1: 28.10
epoch: 425, val_loss:3.292025, acc: 37.07, bacc: 30.83, tmp_test_f1: 26.72, f1: 28.10
epoch: 426, val_loss:3.080290, acc: 37.07, bacc: 30.83, tmp_test_f1: 23.86, f1: 28.10
epoch: 427, val_loss:2.897128, acc: 37.07, bacc: 30.83, tmp_test_f1: 22.59, f1: 28.10
epoch: 428, val_loss:2.800781, acc: 37.07, bacc: 30.83, tmp_test_f1: 22.92, f1: 28.10
epoch: 429, val_loss:2.809492, acc: 37.07, bacc: 30.83, tmp_test_f1: 22.83, f1: 28.10
epoch: 430, val_loss:2.911949, acc: 37.07, bacc: 30.83, tmp_test_f1: 22.86, f1: 28.10
epoch: 431, val_loss:2.926851, acc: 37.07, bacc: 30.83, tmp_test_f1: 23.20, f1: 28.10
epoch: 432, val_loss:3.032948, acc: 37.07, bacc: 30.83, tmp_test_f1: 22.96, f1: 28.10
epoch: 433, val_loss:3.185131, acc: 37.07, bacc: 30.83, tmp_test_f1: 23.30, f1: 28.10
Epoch 00434: reducing learning rate of group 0 to 2.5000e-02.
epoch: 434, val_loss:3.249277, acc: 37.07, bacc: 30.83, tmp_test_f1: 23.03, f1: 28.10
epoch: 435, val_loss:3.268420, acc: 37.07, bacc: 30.83, tmp_test_f1: 23.25, f1: 28.10
epoch: 436, val_loss:3.315421, acc: 37.07, bacc: 30.83, tmp_test_f1: 22.79, f1: 28.10
epoch: 437, val_loss:3.355751, acc: 37.07, bacc: 30.83, tmp_test_f1: 22.84, f1: 28.10
epoch: 438, val_loss:3.283846, acc: 37.07, bacc: 30.83, tmp_test_f1: 22.99, f1: 28.10
epoch: 439, val_loss:3.240888, acc: 37.07, bacc: 30.83, tmp_test_f1: 23.19, f1: 28.10
epoch: 440, val_loss:3.222461, acc: 37.07, bacc: 30.83, tmp_test_f1: 23.54, f1: 28.10
epoch: 441, val_loss:3.233324, acc: 37.07, bacc: 30.83, tmp_test_f1: 23.40, f1: 28.10
epoch: 442, val_loss:3.267771, acc: 37.07, bacc: 30.83, tmp_test_f1: 23.63, f1: 28.10
epoch: 443, val_loss:3.297643, acc: 37.07, bacc: 30.83, tmp_test_f1: 24.10, f1: 28.10
epoch: 444, val_loss:3.310046, acc: 37.07, bacc: 30.83, tmp_test_f1: 24.79, f1: 28.10
epoch: 445, val_loss:3.332632, acc: 37.07, bacc: 30.83, tmp_test_f1: 25.56, f1: 28.10
epoch: 446, val_loss:3.364671, acc: 37.07, bacc: 30.83, tmp_test_f1: 25.87, f1: 28.10
epoch: 447, val_loss:3.365502, acc: 37.07, bacc: 30.83, tmp_test_f1: 26.03, f1: 28.10
epoch: 448, val_loss:3.357045, acc: 37.07, bacc: 30.83, tmp_test_f1: 25.69, f1: 28.10
epoch: 449, val_loss:3.292452, acc: 37.07, bacc: 30.83, tmp_test_f1: 25.24, f1: 28.10
epoch: 450, val_loss:3.244615, acc: 37.07, bacc: 30.83, tmp_test_f1: 25.28, f1: 28.10
epoch: 451, val_loss:3.221609, acc: 37.07, bacc: 30.83, tmp_test_f1: 17.02, f1: 28.10
epoch: 452, val_loss:3.222481, acc: 37.07, bacc: 30.83, tmp_test_f1: 16.98, f1: 28.10
epoch: 453, val_loss:3.236662, acc: 37.07, bacc: 30.83, tmp_test_f1: 16.60, f1: 28.10
epoch: 454, val_loss:3.270749, acc: 37.07, bacc: 30.83, tmp_test_f1: 16.44, f1: 28.10
epoch: 455, val_loss:3.280769, acc: 37.07, bacc: 30.83, tmp_test_f1: 16.32, f1: 28.10
epoch: 456, val_loss:3.313766, acc: 37.07, bacc: 30.83, tmp_test_f1: 16.50, f1: 28.10
epoch: 457, val_loss:3.325646, acc: 37.07, bacc: 30.83, tmp_test_f1: 16.59, f1: 28.10
epoch: 458, val_loss:3.314215, acc: 37.07, bacc: 30.83, tmp_test_f1: 16.66, f1: 28.10
epoch: 459, val_loss:3.301507, acc: 37.07, bacc: 30.83, tmp_test_f1: 16.74, f1: 28.10
epoch: 460, val_loss:3.274238, acc: 37.07, bacc: 30.83, tmp_test_f1: 16.85, f1: 28.10
epoch: 461, val_loss:3.246640, acc: 37.07, bacc: 30.83, tmp_test_f1: 16.94, f1: 28.10
epoch: 462, val_loss:3.221737, acc: 37.07, bacc: 30.83, tmp_test_f1: 16.99, f1: 28.10
epoch: 463, val_loss:3.214324, acc: 37.07, bacc: 30.83, tmp_test_f1: 16.75, f1: 28.10
epoch: 464, val_loss:3.215514, acc: 37.07, bacc: 30.83, tmp_test_f1: 16.64, f1: 28.10
epoch: 465, val_loss:3.240061, acc: 37.07, bacc: 30.83, tmp_test_f1: 16.57, f1: 28.10
epoch: 466, val_loss:3.175815, acc: 37.07, bacc: 30.83, tmp_test_f1: 16.93, f1: 28.10
epoch: 467, val_loss:3.140440, acc: 37.07, bacc: 30.83, tmp_test_f1: 17.17, f1: 28.10
epoch: 468, val_loss:3.108381, acc: 37.07, bacc: 30.83, tmp_test_f1: 17.15, f1: 28.10
epoch: 469, val_loss:3.095747, acc: 37.07, bacc: 30.83, tmp_test_f1: 17.07, f1: 28.10
epoch: 470, val_loss:3.099128, acc: 37.07, bacc: 30.83, tmp_test_f1: 17.06, f1: 28.10
epoch: 471, val_loss:3.128098, acc: 37.07, bacc: 30.83, tmp_test_f1: 17.03, f1: 28.10
epoch: 472, val_loss:3.168764, acc: 37.07, bacc: 30.83, tmp_test_f1: 17.10, f1: 28.10
epoch: 473, val_loss:3.230479, acc: 37.07, bacc: 30.83, tmp_test_f1: 16.77, f1: 28.10
epoch: 474, val_loss:3.313796, acc: 37.07, bacc: 30.83, tmp_test_f1: 27.21, f1: 28.10
epoch: 475, val_loss:3.298588, acc: 37.07, bacc: 30.83, tmp_test_f1: 27.12, f1: 28.10
epoch: 476, val_loss:3.282910, acc: 37.07, bacc: 30.83, tmp_test_f1: 26.72, f1: 28.10
epoch: 477, val_loss:3.256509, acc: 37.07, bacc: 30.83, tmp_test_f1: 25.69, f1: 28.10
epoch: 478, val_loss:3.189203, acc: 37.07, bacc: 30.83, tmp_test_f1: 25.06, f1: 28.10
epoch: 479, val_loss:3.182024, acc: 37.07, bacc: 30.83, tmp_test_f1: 25.12, f1: 28.10
epoch: 480, val_loss:3.212998, acc: 37.07, bacc: 30.83, tmp_test_f1: 25.03, f1: 28.10
epoch: 481, val_loss:3.238828, acc: 37.07, bacc: 30.83, tmp_test_f1: 24.75, f1: 28.10
epoch: 482, val_loss:3.202972, acc: 37.07, bacc: 30.83, tmp_test_f1: 24.64, f1: 28.10
epoch: 483, val_loss:3.198002, acc: 37.07, bacc: 30.83, tmp_test_f1: 24.43, f1: 28.10
epoch: 484, val_loss:3.216968, acc: 37.07, bacc: 30.83, tmp_test_f1: 24.39, f1: 28.10
epoch: 485, val_loss:3.239505, acc: 37.07, bacc: 30.83, tmp_test_f1: 24.53, f1: 28.10
epoch: 486, val_loss:3.261622, acc: 37.07, bacc: 30.83, tmp_test_f1: 25.11, f1: 28.10
epoch: 487, val_loss:3.312301, acc: 37.07, bacc: 30.83, tmp_test_f1: 25.91, f1: 28.10
epoch: 488, val_loss:3.347116, acc: 37.07, bacc: 30.83, tmp_test_f1: 26.14, f1: 28.10
epoch: 489, val_loss:3.369877, acc: 37.07, bacc: 30.83, tmp_test_f1: 26.01, f1: 28.10
epoch: 490, val_loss:3.323272, acc: 37.07, bacc: 30.83, tmp_test_f1: 25.66, f1: 28.10
epoch: 491, val_loss:3.269104, acc: 37.07, bacc: 30.83, tmp_test_f1: 25.84, f1: 28.10
epoch: 492, val_loss:3.228527, acc: 37.07, bacc: 30.83, tmp_test_f1: 25.22, f1: 28.10
epoch: 493, val_loss:3.151232, acc: 37.07, bacc: 30.83, tmp_test_f1: 25.09, f1: 28.10
epoch: 494, val_loss:3.109837, acc: 37.07, bacc: 30.83, tmp_test_f1: 24.50, f1: 28.10
epoch: 495, val_loss:3.063747, acc: 37.07, bacc: 30.83, tmp_test_f1: 24.61, f1: 28.10
epoch: 496, val_loss:3.044790, acc: 37.07, bacc: 30.83, tmp_test_f1: 24.45, f1: 28.10
epoch: 497, val_loss:3.045208, acc: 37.07, bacc: 30.83, tmp_test_f1: 24.65, f1: 28.10
epoch: 498, val_loss:3.067333, acc: 37.07, bacc: 30.83, tmp_test_f1: 24.60, f1: 28.10
epoch: 499, val_loss:3.136082, acc: 37.07, bacc: 30.83, tmp_test_f1: 25.60, f1: 28.10
epoch: 500, val_loss:3.243414, acc: 37.07, bacc: 30.83, tmp_test_f1: 24.81, f1: 28.10
epoch: 501, val_loss:3.165412, acc: 37.07, bacc: 30.83, tmp_test_f1: 24.43, f1: 28.10
epoch: 502, val_loss:3.082195, acc: 37.07, bacc: 30.83, tmp_test_f1: 24.54, f1: 28.10
epoch: 503, val_loss:2.983993, acc: 37.07, bacc: 30.83, tmp_test_f1: 24.21, f1: 28.10
epoch: 504, val_loss:2.925037, acc: 37.07, bacc: 30.83, tmp_test_f1: 24.55, f1: 28.10
epoch: 505, val_loss:2.932824, acc: 37.07, bacc: 30.83, tmp_test_f1: 24.47, f1: 28.10
epoch: 506, val_loss:2.971176, acc: 37.07, bacc: 30.83, tmp_test_f1: 24.42, f1: 28.10
epoch: 507, val_loss:3.032920, acc: 37.07, bacc: 30.83, tmp_test_f1: 24.65, f1: 28.10
epoch: 508, val_loss:3.002895, acc: 37.07, bacc: 30.83, tmp_test_f1: 24.32, f1: 28.10
epoch: 509, val_loss:2.944894, acc: 37.07, bacc: 30.83, tmp_test_f1: 24.01, f1: 28.10
epoch: 510, val_loss:2.940024, acc: 37.07, bacc: 30.83, tmp_test_f1: 23.96, f1: 28.10
epoch: 511, val_loss:2.962977, acc: 37.07, bacc: 30.83, tmp_test_f1: 24.18, f1: 28.10
epoch: 512, val_loss:3.033233, acc: 37.07, bacc: 30.83, tmp_test_f1: 23.74, f1: 28.10
epoch: 513, val_loss:3.004441, acc: 37.07, bacc: 30.83, tmp_test_f1: 23.95, f1: 28.10
epoch: 514, val_loss:3.000765, acc: 37.07, bacc: 30.83, tmp_test_f1: 23.53, f1: 28.10
epoch: 515, val_loss:2.974867, acc: 37.07, bacc: 30.83, tmp_test_f1: 23.79, f1: 28.10
epoch: 516, val_loss:2.996109, acc: 37.07, bacc: 30.83, tmp_test_f1: 24.02, f1: 28.10
epoch: 517, val_loss:3.011260, acc: 37.07, bacc: 30.83, tmp_test_f1: 24.04, f1: 28.10
epoch: 518, val_loss:3.046874, acc: 37.07, bacc: 30.83, tmp_test_f1: 23.84, f1: 28.10
epoch: 519, val_loss:3.040087, acc: 37.07, bacc: 30.83, tmp_test_f1: 23.68, f1: 28.10
epoch: 520, val_loss:3.018750, acc: 37.07, bacc: 30.83, tmp_test_f1: 23.83, f1: 28.10
epoch: 521, val_loss:2.974975, acc: 37.07, bacc: 30.83, tmp_test_f1: 24.21, f1: 28.10
epoch: 522, val_loss:2.927910, acc: 37.07, bacc: 30.83, tmp_test_f1: 24.41, f1: 28.10
epoch: 523, val_loss:2.917971, acc: 37.07, bacc: 30.83, tmp_test_f1: 24.69, f1: 28.10
epoch: 524, val_loss:2.901783, acc: 37.07, bacc: 30.83, tmp_test_f1: 24.53, f1: 28.10
epoch: 525, val_loss:2.909360, acc: 37.07, bacc: 30.83, tmp_test_f1: 17.82, f1: 28.10
epoch: 526, val_loss:2.954042, acc: 37.07, bacc: 30.83, tmp_test_f1: 17.45, f1: 28.10
epoch: 527, val_loss:3.027549, acc: 37.07, bacc: 30.83, tmp_test_f1: 17.53, f1: 28.10
epoch: 528, val_loss:3.025823, acc: 37.07, bacc: 30.83, tmp_test_f1: 17.71, f1: 28.10
epoch: 529, val_loss:2.906293, acc: 37.07, bacc: 30.83, tmp_test_f1: 17.79, f1: 28.10
epoch: 530, val_loss:2.856236, acc: 37.07, bacc: 30.83, tmp_test_f1: 17.70, f1: 28.10
epoch: 531, val_loss:2.844911, acc: 37.07, bacc: 30.83, tmp_test_f1: 17.71, f1: 28.10
epoch: 532, val_loss:2.863472, acc: 37.07, bacc: 30.83, tmp_test_f1: 17.64, f1: 28.10
epoch: 533, val_loss:2.919866, acc: 37.07, bacc: 30.83, tmp_test_f1: 17.52, f1: 28.10
epoch: 534, val_loss:2.943832, acc: 37.07, bacc: 30.83, tmp_test_f1: 17.46, f1: 28.10
epoch: 535, val_loss:2.972736, acc: 37.07, bacc: 30.83, tmp_test_f1: 17.63, f1: 28.10
epoch: 536, val_loss:2.999575, acc: 37.07, bacc: 30.83, tmp_test_f1: 25.31, f1: 28.10
epoch: 537, val_loss:3.021274, acc: 37.07, bacc: 30.83, tmp_test_f1: 25.00, f1: 28.10
epoch: 538, val_loss:3.055065, acc: 37.07, bacc: 30.83, tmp_test_f1: 24.78, f1: 28.10
epoch: 539, val_loss:3.071784, acc: 37.07, bacc: 30.83, tmp_test_f1: 24.21, f1: 28.10
epoch: 540, val_loss:3.092275, acc: 37.07, bacc: 30.83, tmp_test_f1: 24.38, f1: 28.10
epoch: 541, val_loss:3.103277, acc: 37.07, bacc: 30.83, tmp_test_f1: 24.69, f1: 28.10
epoch: 542, val_loss:3.106167, acc: 37.07, bacc: 30.83, tmp_test_f1: 24.84, f1: 28.10
epoch: 543, val_loss:3.050620, acc: 37.07, bacc: 30.83, tmp_test_f1: 24.12, f1: 28.10
epoch: 544, val_loss:3.007215, acc: 37.07, bacc: 30.83, tmp_test_f1: 24.49, f1: 28.10
epoch: 545, val_loss:3.001923, acc: 37.07, bacc: 30.83, tmp_test_f1: 25.01, f1: 28.10
epoch: 546, val_loss:3.030753, acc: 37.07, bacc: 30.83, tmp_test_f1: 25.42, f1: 28.10
epoch: 547, val_loss:3.086771, acc: 37.07, bacc: 30.83, tmp_test_f1: 25.18, f1: 28.10
epoch: 548, val_loss:3.142745, acc: 37.07, bacc: 30.83, tmp_test_f1: 25.78, f1: 28.10
epoch: 549, val_loss:3.185250, acc: 37.07, bacc: 30.83, tmp_test_f1: 26.02, f1: 28.10
epoch: 550, val_loss:3.183107, acc: 37.07, bacc: 30.83, tmp_test_f1: 25.86, f1: 28.10
epoch: 551, val_loss:3.197742, acc: 37.07, bacc: 30.83, tmp_test_f1: 25.08, f1: 28.10
epoch: 552, val_loss:3.136140, acc: 37.07, bacc: 30.83, tmp_test_f1: 24.56, f1: 28.10
epoch: 553, val_loss:3.000383, acc: 37.07, bacc: 30.83, tmp_test_f1: 24.15, f1: 28.10
epoch: 554, val_loss:2.925739, acc: 37.07, bacc: 30.83, tmp_test_f1: 23.94, f1: 28.10
epoch: 555, val_loss:2.928519, acc: 37.07, bacc: 30.83, tmp_test_f1: 23.65, f1: 28.10
epoch: 556, val_loss:2.956801, acc: 37.07, bacc: 30.83, tmp_test_f1: 23.07, f1: 28.10
epoch: 557, val_loss:3.016464, acc: 37.07, bacc: 30.83, tmp_test_f1: 23.35, f1: 28.10
epoch: 558, val_loss:3.085130, acc: 37.07, bacc: 30.83, tmp_test_f1: 23.47, f1: 28.10
epoch: 559, val_loss:3.130595, acc: 37.07, bacc: 30.83, tmp_test_f1: 22.98, f1: 28.10
epoch: 560, val_loss:3.109682, acc: 37.07, bacc: 30.83, tmp_test_f1: 23.15, f1: 28.10
epoch: 561, val_loss:3.104585, acc: 37.07, bacc: 30.83, tmp_test_f1: 22.62, f1: 28.10
epoch: 562, val_loss:3.011240, acc: 37.07, bacc: 30.83, tmp_test_f1: 22.39, f1: 28.10
epoch: 563, val_loss:2.937186, acc: 37.07, bacc: 30.83, tmp_test_f1: 23.26, f1: 28.10
epoch: 564, val_loss:2.837122, acc: 37.07, bacc: 30.83, tmp_test_f1: 23.36, f1: 28.10
epoch: 565, val_loss:2.785780, acc: 37.07, bacc: 30.83, tmp_test_f1: 23.64, f1: 28.10
epoch: 566, val_loss:2.778637, acc: 37.07, bacc: 30.83, tmp_test_f1: 23.48, f1: 28.10
epoch: 567, val_loss:2.811455, acc: 37.07, bacc: 30.83, tmp_test_f1: 23.52, f1: 28.10
epoch: 568, val_loss:2.869338, acc: 37.07, bacc: 30.83, tmp_test_f1: 23.73, f1: 28.10
epoch: 569, val_loss:2.946872, acc: 37.07, bacc: 30.83, tmp_test_f1: 24.06, f1: 28.10
epoch: 570, val_loss:3.031465, acc: 37.07, bacc: 30.83, tmp_test_f1: 17.39, f1: 28.10
epoch: 571, val_loss:3.057593, acc: 37.07, bacc: 30.83, tmp_test_f1: 17.35, f1: 28.10
epoch: 572, val_loss:3.043728, acc: 37.07, bacc: 30.83, tmp_test_f1: 17.99, f1: 28.10
epoch: 573, val_loss:2.940759, acc: 37.07, bacc: 30.83, tmp_test_f1: 18.12, f1: 28.10
epoch: 574, val_loss:2.870682, acc: 37.07, bacc: 30.83, tmp_test_f1: 18.09, f1: 28.10
epoch: 575, val_loss:2.735338, acc: 37.07, bacc: 30.83, tmp_test_f1: 18.17, f1: 28.10
epoch: 576, val_loss:2.664751, acc: 37.07, bacc: 30.83, tmp_test_f1: 18.09, f1: 28.10
epoch: 577, val_loss:2.566839, acc: 37.07, bacc: 30.83, tmp_test_f1: 17.93, f1: 28.10
epoch: 578, val_loss:2.553212, acc: 37.07, bacc: 30.83, tmp_test_f1: 17.65, f1: 28.10
epoch: 579, val_loss:2.565819, acc: 37.07, bacc: 30.83, tmp_test_f1: 17.30, f1: 28.10
epoch: 580, val_loss:2.629820, acc: 37.07, bacc: 30.83, tmp_test_f1: 17.56, f1: 28.10
epoch: 581, val_loss:2.722482, acc: 37.07, bacc: 30.83, tmp_test_f1: 17.38, f1: 28.10
epoch: 582, val_loss:2.725562, acc: 37.07, bacc: 30.83, tmp_test_f1: 17.28, f1: 28.10
epoch: 583, val_loss:2.773278, acc: 37.07, bacc: 30.83, tmp_test_f1: 17.33, f1: 28.10
epoch: 584, val_loss:2.841094, acc: 37.07, bacc: 30.83, tmp_test_f1: 17.48, f1: 28.10
epoch: 585, val_loss:2.956213, acc: 37.07, bacc: 30.83, tmp_test_f1: 17.47, f1: 28.10
epoch: 586, val_loss:2.972426, acc: 37.07, bacc: 30.83, tmp_test_f1: 17.22, f1: 28.10
epoch: 587, val_loss:3.031836, acc: 37.07, bacc: 30.83, tmp_test_f1: 17.04, f1: 28.10
epoch: 588, val_loss:3.071469, acc: 37.07, bacc: 30.83, tmp_test_f1: 16.96, f1: 28.10
epoch: 589, val_loss:3.123350, acc: 37.07, bacc: 30.83, tmp_test_f1: 17.22, f1: 28.10
epoch: 590, val_loss:3.121006, acc: 37.07, bacc: 30.83, tmp_test_f1: 17.38, f1: 28.10
epoch: 591, val_loss:3.108887, acc: 37.07, bacc: 30.83, tmp_test_f1: 17.22, f1: 28.10
epoch: 592, val_loss:3.122731, acc: 37.07, bacc: 30.83, tmp_test_f1: 25.77, f1: 28.10
epoch: 593, val_loss:3.115297, acc: 37.07, bacc: 30.83, tmp_test_f1: 25.77, f1: 28.10
epoch: 594, val_loss:3.104543, acc: 37.07, bacc: 30.83, tmp_test_f1: 25.51, f1: 28.10
epoch: 595, val_loss:3.078821, acc: 37.07, bacc: 30.83, tmp_test_f1: 24.96, f1: 28.10
epoch: 596, val_loss:3.053317, acc: 37.07, bacc: 30.83, tmp_test_f1: 25.09, f1: 28.10
epoch: 597, val_loss:3.051422, acc: 37.07, bacc: 30.83, tmp_test_f1: 24.85, f1: 28.10
epoch: 598, val_loss:3.051641, acc: 37.07, bacc: 30.83, tmp_test_f1: 25.23, f1: 28.10
epoch: 599, val_loss:3.088369, acc: 37.07, bacc: 30.83, tmp_test_f1: 25.19, f1: 28.10
epoch: 600, val_loss:3.112689, acc: 37.07, bacc: 30.83, tmp_test_f1: 25.07, f1: 28.10
epoch: 601, val_loss:3.093658, acc: 37.07, bacc: 30.83, tmp_test_f1: 24.98, f1: 28.10
epoch: 602, val_loss:3.077352, acc: 37.07, bacc: 30.83, tmp_test_f1: 24.81, f1: 28.10
epoch: 603, val_loss:3.061551, acc: 37.07, bacc: 30.83, tmp_test_f1: 24.76, f1: 28.10
epoch: 604, val_loss:3.023062, acc: 37.07, bacc: 30.83, tmp_test_f1: 24.39, f1: 28.10
epoch: 605, val_loss:2.960737, acc: 37.07, bacc: 30.83, tmp_test_f1: 23.91, f1: 28.10
epoch: 606, val_loss:2.892058, acc: 37.07, bacc: 30.83, tmp_test_f1: 23.88, f1: 28.10
epoch: 607, val_loss:2.871486, acc: 37.07, bacc: 30.83, tmp_test_f1: 23.83, f1: 28.10
epoch: 608, val_loss:2.891476, acc: 37.07, bacc: 30.83, tmp_test_f1: 24.04, f1: 28.10
epoch: 609, val_loss:2.931679, acc: 37.07, bacc: 30.83, tmp_test_f1: 24.80, f1: 28.10
epoch: 610, val_loss:2.991923, acc: 37.07, bacc: 30.83, tmp_test_f1: 25.01, f1: 28.10
epoch: 611, val_loss:3.075098, acc: 37.07, bacc: 30.83, tmp_test_f1: 25.59, f1: 28.10
epoch: 612, val_loss:3.161437, acc: 37.07, bacc: 30.83, tmp_test_f1: 25.10, f1: 28.10
epoch: 613, val_loss:3.221041, acc: 37.07, bacc: 30.83, tmp_test_f1: 24.94, f1: 28.10
epoch: 614, val_loss:3.241024, acc: 37.07, bacc: 30.83, tmp_test_f1: 25.45, f1: 28.10
epoch: 615, val_loss:3.207226, acc: 37.07, bacc: 30.83, tmp_test_f1: 24.64, f1: 28.10
epoch: 616, val_loss:3.126421, acc: 37.07, bacc: 30.83, tmp_test_f1: 24.43, f1: 28.10
epoch: 617, val_loss:3.036778, acc: 37.07, bacc: 30.83, tmp_test_f1: 23.19, f1: 28.10
epoch: 618, val_loss:2.951894, acc: 37.07, bacc: 30.83, tmp_test_f1: 22.56, f1: 28.10
epoch: 619, val_loss:2.909387, acc: 37.07, bacc: 30.83, tmp_test_f1: 22.52, f1: 28.10
epoch: 620, val_loss:2.906210, acc: 37.07, bacc: 30.83, tmp_test_f1: 22.69, f1: 28.10
epoch: 621, val_loss:2.940592, acc: 37.07, bacc: 30.83, tmp_test_f1: 22.76, f1: 28.10
epoch: 622, val_loss:3.011027, acc: 37.07, bacc: 30.83, tmp_test_f1: 23.58, f1: 28.10
epoch: 623, val_loss:3.094444, acc: 37.07, bacc: 30.83, tmp_test_f1: 23.77, f1: 28.10
epoch: 624, val_loss:3.167514, acc: 37.07, bacc: 30.83, tmp_test_f1: 23.85, f1: 28.10
epoch: 625, val_loss:3.204225, acc: 37.07, bacc: 30.83, tmp_test_f1: 24.32, f1: 28.10
epoch: 626, val_loss:3.204726, acc: 37.07, bacc: 30.83, tmp_test_f1: 25.06, f1: 28.10
epoch: 627, val_loss:3.212545, acc: 37.07, bacc: 30.83, tmp_test_f1: 24.81, f1: 28.10
epoch: 628, val_loss:3.187320, acc: 37.07, bacc: 30.83, tmp_test_f1: 24.52, f1: 28.10
epoch: 629, val_loss:3.167651, acc: 37.07, bacc: 30.83, tmp_test_f1: 23.94, f1: 28.10
epoch: 630, val_loss:3.139478, acc: 37.07, bacc: 30.83, tmp_test_f1: 22.26, f1: 28.10
epoch: 631, val_loss:2.979272, acc: 37.07, bacc: 30.83, tmp_test_f1: 22.50, f1: 28.10
epoch: 632, val_loss:2.866601, acc: 37.07, bacc: 30.83, tmp_test_f1: 17.84, f1: 28.10
epoch: 633, val_loss:2.835902, acc: 37.07, bacc: 30.83, tmp_test_f1: 17.54, f1: 28.10
epoch: 634, val_loss:2.849908, acc: 37.07, bacc: 30.83, tmp_test_f1: 17.87, f1: 28.10
Epoch 00635: reducing learning rate of group 0 to 1.2500e-02.
epoch: 635, val_loss:2.908952, acc: 37.07, bacc: 30.83, tmp_test_f1: 18.51, f1: 28.10
epoch: 636, val_loss:3.000289, acc: 37.07, bacc: 30.83, tmp_test_f1: 18.35, f1: 28.10
epoch: 637, val_loss:3.037089, acc: 37.07, bacc: 30.83, tmp_test_f1: 17.94, f1: 28.10
epoch: 638, val_loss:2.998365, acc: 37.07, bacc: 30.83, tmp_test_f1: 18.06, f1: 28.10
epoch: 639, val_loss:2.966789, acc: 37.07, bacc: 30.83, tmp_test_f1: 18.05, f1: 28.10
epoch: 640, val_loss:2.944347, acc: 37.07, bacc: 30.83, tmp_test_f1: 17.76, f1: 28.10
epoch: 641, val_loss:2.923727, acc: 37.07, bacc: 30.83, tmp_test_f1: 17.64, f1: 28.10
epoch: 642, val_loss:2.923081, acc: 37.07, bacc: 30.83, tmp_test_f1: 17.52, f1: 28.10
epoch: 643, val_loss:2.937061, acc: 37.07, bacc: 30.83, tmp_test_f1: 17.71, f1: 28.10
epoch: 644, val_loss:2.887778, acc: 37.07, bacc: 30.83, tmp_test_f1: 17.50, f1: 28.10
epoch: 645, val_loss:2.857087, acc: 37.07, bacc: 30.83, tmp_test_f1: 17.65, f1: 28.10
epoch: 646, val_loss:2.834317, acc: 37.07, bacc: 30.83, tmp_test_f1: 17.56, f1: 28.10
epoch: 647, val_loss:2.831054, acc: 37.07, bacc: 30.83, tmp_test_f1: 17.44, f1: 28.10
epoch: 648, val_loss:2.831832, acc: 37.07, bacc: 30.83, tmp_test_f1: 17.44, f1: 28.10
epoch: 649, val_loss:2.841593, acc: 37.07, bacc: 30.83, tmp_test_f1: 17.47, f1: 28.10
epoch: 650, val_loss:2.872965, acc: 37.07, bacc: 30.83, tmp_test_f1: 17.25, f1: 28.10
epoch: 651, val_loss:2.915225, acc: 37.07, bacc: 30.83, tmp_test_f1: 17.30, f1: 28.10
epoch: 652, val_loss:2.917605, acc: 37.07, bacc: 30.83, tmp_test_f1: 17.27, f1: 28.10
epoch: 653, val_loss:2.930047, acc: 37.07, bacc: 30.83, tmp_test_f1: 17.38, f1: 28.10
epoch: 654, val_loss:2.951766, acc: 37.07, bacc: 30.83, tmp_test_f1: 17.40, f1: 28.10
epoch: 655, val_loss:2.976390, acc: 37.07, bacc: 30.83, tmp_test_f1: 17.25, f1: 28.10
epoch: 656, val_loss:2.991817, acc: 37.07, bacc: 30.83, tmp_test_f1: 17.17, f1: 28.10
epoch: 657, val_loss:3.005291, acc: 37.07, bacc: 30.83, tmp_test_f1: 17.22, f1: 28.10
epoch: 658, val_loss:3.007100, acc: 37.07, bacc: 30.83, tmp_test_f1: 17.30, f1: 28.10
epoch: 659, val_loss:3.010094, acc: 37.07, bacc: 30.83, tmp_test_f1: 17.14, f1: 28.10
epoch: 660, val_loss:3.022512, acc: 37.07, bacc: 30.83, tmp_test_f1: 21.70, f1: 28.10
epoch: 661, val_loss:3.026240, acc: 37.07, bacc: 30.83, tmp_test_f1: 21.51, f1: 28.10
epoch: 662, val_loss:3.020834, acc: 37.07, bacc: 30.83, tmp_test_f1: 21.58, f1: 28.10
epoch: 663, val_loss:3.006698, acc: 37.07, bacc: 30.83, tmp_test_f1: 21.52, f1: 28.10
epoch: 664, val_loss:2.996667, acc: 37.07, bacc: 30.83, tmp_test_f1: 21.49, f1: 28.10
epoch: 665, val_loss:2.993944, acc: 37.07, bacc: 30.83, tmp_test_f1: 21.47, f1: 28.10
epoch: 666, val_loss:3.002693, acc: 37.07, bacc: 30.83, tmp_test_f1: 21.57, f1: 28.10
epoch: 667, val_loss:3.009941, acc: 37.07, bacc: 30.83, tmp_test_f1: 21.52, f1: 28.10
epoch: 668, val_loss:3.014176, acc: 37.07, bacc: 30.83, tmp_test_f1: 21.44, f1: 28.10
epoch: 669, val_loss:3.021482, acc: 37.07, bacc: 30.83, tmp_test_f1: 21.42, f1: 28.10
epoch: 670, val_loss:3.035512, acc: 37.07, bacc: 30.83, tmp_test_f1: 21.52, f1: 28.10
epoch: 671, val_loss:3.011911, acc: 37.07, bacc: 30.83, tmp_test_f1: 21.58, f1: 28.10
epoch: 672, val_loss:2.995504, acc: 37.07, bacc: 30.83, tmp_test_f1: 21.58, f1: 28.10
epoch: 673, val_loss:2.993491, acc: 37.07, bacc: 30.83, tmp_test_f1: 21.61, f1: 28.10
epoch: 674, val_loss:3.011591, acc: 37.07, bacc: 30.83, tmp_test_f1: 21.59, f1: 28.10
epoch: 675, val_loss:3.015127, acc: 37.07, bacc: 30.83, tmp_test_f1: 21.60, f1: 28.10
epoch: 676, val_loss:3.022565, acc: 37.07, bacc: 30.83, tmp_test_f1: 21.64, f1: 28.10
epoch: 677, val_loss:3.039721, acc: 37.07, bacc: 30.83, tmp_test_f1: 21.52, f1: 28.10
epoch: 678, val_loss:3.053073, acc: 37.07, bacc: 30.83, tmp_test_f1: 21.14, f1: 28.10
epoch: 679, val_loss:3.081910, acc: 37.07, bacc: 30.83, tmp_test_f1: 21.13, f1: 28.10
epoch: 680, val_loss:3.105685, acc: 37.07, bacc: 30.83, tmp_test_f1: 20.90, f1: 28.10
epoch: 681, val_loss:3.102762, acc: 37.07, bacc: 30.83, tmp_test_f1: 21.01, f1: 28.10
epoch: 682, val_loss:3.085819, acc: 37.07, bacc: 30.83, tmp_test_f1: 21.07, f1: 28.10
epoch: 683, val_loss:3.061604, acc: 37.07, bacc: 30.83, tmp_test_f1: 21.20, f1: 28.10
epoch: 684, val_loss:3.050464, acc: 37.07, bacc: 30.83, tmp_test_f1: 21.48, f1: 28.10
epoch: 685, val_loss:3.035635, acc: 37.07, bacc: 30.83, tmp_test_f1: 21.61, f1: 28.10
epoch: 686, val_loss:3.026786, acc: 37.07, bacc: 30.83, tmp_test_f1: 21.83, f1: 28.10
epoch: 687, val_loss:3.021693, acc: 37.07, bacc: 30.83, tmp_test_f1: 22.11, f1: 28.10
epoch: 688, val_loss:3.019013, acc: 37.07, bacc: 30.83, tmp_test_f1: 22.89, f1: 28.10
epoch: 689, val_loss:3.013439, acc: 37.07, bacc: 30.83, tmp_test_f1: 16.72, f1: 28.10
epoch: 690, val_loss:3.016902, acc: 37.07, bacc: 30.83, tmp_test_f1: 16.59, f1: 28.10
epoch: 691, val_loss:3.022587, acc: 37.07, bacc: 30.83, tmp_test_f1: 16.47, f1: 28.10
epoch: 692, val_loss:3.027296, acc: 37.07, bacc: 30.83, tmp_test_f1: 16.62, f1: 28.10
epoch: 693, val_loss:2.957843, acc: 37.07, bacc: 30.83, tmp_test_f1: 16.72, f1: 28.10
epoch: 694, val_loss:2.908365, acc: 37.07, bacc: 30.83, tmp_test_f1: 16.98, f1: 28.10
epoch: 695, val_loss:2.884369, acc: 37.07, bacc: 30.83, tmp_test_f1: 16.95, f1: 28.10
epoch: 696, val_loss:2.872817, acc: 37.07, bacc: 30.83, tmp_test_f1: 16.72, f1: 28.10
epoch: 697, val_loss:2.877571, acc: 37.07, bacc: 30.83, tmp_test_f1: 16.69, f1: 28.10
epoch: 698, val_loss:2.911479, acc: 37.07, bacc: 30.83, tmp_test_f1: 16.52, f1: 28.10
epoch: 699, val_loss:2.960481, acc: 37.07, bacc: 30.83, tmp_test_f1: 16.40, f1: 28.10
epoch: 700, val_loss:3.017946, acc: 37.07, bacc: 30.83, tmp_test_f1: 16.11, f1: 28.10
epoch: 701, val_loss:3.086124, acc: 37.07, bacc: 30.83, tmp_test_f1: 16.01, f1: 28.10
epoch: 702, val_loss:3.148562, acc: 37.07, bacc: 30.83, tmp_test_f1: 15.96, f1: 28.10
epoch: 703, val_loss:3.206976, acc: 37.07, bacc: 30.83, tmp_test_f1: 16.01, f1: 28.10
epoch: 704, val_loss:3.217575, acc: 37.07, bacc: 30.83, tmp_test_f1: 15.89, f1: 28.10
epoch: 705, val_loss:3.218918, acc: 37.07, bacc: 30.83, tmp_test_f1: 15.82, f1: 28.10
epoch: 706, val_loss:3.215014, acc: 37.07, bacc: 30.83, tmp_test_f1: 15.71, f1: 28.10
epoch: 707, val_loss:3.189331, acc: 37.07, bacc: 30.83, tmp_test_f1: 15.81, f1: 28.10
epoch: 708, val_loss:3.139925, acc: 37.07, bacc: 30.83, tmp_test_f1: 15.88, f1: 28.10
epoch: 709, val_loss:3.073875, acc: 37.07, bacc: 30.83, tmp_test_f1: 15.82, f1: 28.10
epoch: 710, val_loss:3.022106, acc: 37.07, bacc: 30.83, tmp_test_f1: 16.05, f1: 28.10
epoch: 711, val_loss:2.982624, acc: 37.07, bacc: 30.83, tmp_test_f1: 16.41, f1: 28.10
epoch: 712, val_loss:2.959616, acc: 37.07, bacc: 30.83, tmp_test_f1: 16.30, f1: 28.10
epoch: 713, val_loss:2.951439, acc: 37.07, bacc: 30.83, tmp_test_f1: 16.21, f1: 28.10
epoch: 714, val_loss:2.961382, acc: 37.07, bacc: 30.83, tmp_test_f1: 16.39, f1: 28.10
epoch: 715, val_loss:2.912691, acc: 37.07, bacc: 30.83, tmp_test_f1: 16.34, f1: 28.10
epoch: 716, val_loss:2.890119, acc: 37.07, bacc: 30.83, tmp_test_f1: 16.41, f1: 28.10
epoch: 717, val_loss:2.880435, acc: 37.07, bacc: 30.83, tmp_test_f1: 16.54, f1: 28.10
epoch: 718, val_loss:2.894960, acc: 37.07, bacc: 30.83, tmp_test_f1: 16.42, f1: 28.10
epoch: 719, val_loss:2.926418, acc: 37.07, bacc: 30.83, tmp_test_f1: 16.05, f1: 28.10
epoch: 720, val_loss:2.978065, acc: 37.07, bacc: 30.83, tmp_test_f1: 15.78, f1: 28.10
epoch: 721, val_loss:3.030587, acc: 37.07, bacc: 30.83, tmp_test_f1: 15.97, f1: 28.10
epoch: 722, val_loss:3.080773, acc: 37.07, bacc: 30.83, tmp_test_f1: 16.06, f1: 28.10
epoch: 723, val_loss:3.133019, acc: 37.07, bacc: 30.83, tmp_test_f1: 16.23, f1: 28.10
epoch: 724, val_loss:3.169413, acc: 37.07, bacc: 30.83, tmp_test_f1: 16.62, f1: 28.10
epoch: 725, val_loss:3.191422, acc: 37.07, bacc: 30.83, tmp_test_f1: 16.77, f1: 28.10
epoch: 726, val_loss:3.199760, acc: 37.07, bacc: 30.83, tmp_test_f1: 16.85, f1: 28.10
epoch: 727, val_loss:3.198267, acc: 37.07, bacc: 30.83, tmp_test_f1: 16.85, f1: 28.10
epoch: 728, val_loss:3.197424, acc: 37.07, bacc: 30.83, tmp_test_f1: 25.47, f1: 28.10
epoch: 729, val_loss:3.179133, acc: 37.07, bacc: 30.83, tmp_test_f1: 23.90, f1: 28.10
epoch: 730, val_loss:3.164905, acc: 37.07, bacc: 30.83, tmp_test_f1: 22.74, f1: 28.10
epoch: 731, val_loss:3.144011, acc: 37.07, bacc: 30.83, tmp_test_f1: 22.21, f1: 28.10
epoch: 732, val_loss:3.122917, acc: 37.07, bacc: 30.83, tmp_test_f1: 22.10, f1: 28.10
epoch: 733, val_loss:3.101381, acc: 37.07, bacc: 30.83, tmp_test_f1: 22.12, f1: 28.10
epoch: 734, val_loss:3.083200, acc: 37.07, bacc: 30.83, tmp_test_f1: 21.99, f1: 28.10
epoch: 735, val_loss:3.060272, acc: 37.07, bacc: 30.83, tmp_test_f1: 21.73, f1: 28.10
epoch: 736, val_loss:3.032624, acc: 37.07, bacc: 30.83, tmp_test_f1: 21.75, f1: 28.10
epoch: 737, val_loss:3.009092, acc: 37.07, bacc: 30.83, tmp_test_f1: 22.06, f1: 28.10
epoch: 738, val_loss:3.001264, acc: 37.07, bacc: 30.83, tmp_test_f1: 21.75, f1: 28.10
epoch: 739, val_loss:3.012074, acc: 37.07, bacc: 30.83, tmp_test_f1: 21.89, f1: 28.10
epoch: 740, val_loss:3.034564, acc: 37.07, bacc: 30.83, tmp_test_f1: 22.06, f1: 28.10
epoch: 741, val_loss:3.053807, acc: 37.07, bacc: 30.83, tmp_test_f1: 21.80, f1: 28.10
epoch: 742, val_loss:3.051603, acc: 37.07, bacc: 30.83, tmp_test_f1: 21.80, f1: 28.10
epoch: 743, val_loss:3.051257, acc: 37.07, bacc: 30.83, tmp_test_f1: 21.65, f1: 28.10
epoch: 744, val_loss:3.060030, acc: 37.07, bacc: 30.83, tmp_test_f1: 21.82, f1: 28.10
epoch: 745, val_loss:3.065385, acc: 37.07, bacc: 30.83, tmp_test_f1: 21.82, f1: 28.10
epoch: 746, val_loss:3.061528, acc: 37.07, bacc: 30.83, tmp_test_f1: 22.13, f1: 28.10
epoch: 747, val_loss:3.042489, acc: 37.07, bacc: 30.83, tmp_test_f1: 22.00, f1: 28.10
epoch: 748, val_loss:3.009368, acc: 37.07, bacc: 30.83, tmp_test_f1: 22.77, f1: 28.10
epoch: 749, val_loss:2.983948, acc: 37.07, bacc: 30.83, tmp_test_f1: 22.44, f1: 28.10
epoch: 750, val_loss:2.970741, acc: 37.07, bacc: 30.83, tmp_test_f1: 22.64, f1: 28.10
epoch: 751, val_loss:2.970537, acc: 37.07, bacc: 30.83, tmp_test_f1: 22.56, f1: 28.10
epoch: 752, val_loss:2.983502, acc: 37.07, bacc: 30.83, tmp_test_f1: 22.19, f1: 28.10
epoch: 753, val_loss:3.003237, acc: 37.07, bacc: 30.83, tmp_test_f1: 22.31, f1: 28.10
epoch: 754, val_loss:3.026931, acc: 37.07, bacc: 30.83, tmp_test_f1: 22.55, f1: 28.10
epoch: 755, val_loss:3.038938, acc: 37.07, bacc: 30.83, tmp_test_f1: 22.75, f1: 28.10
epoch: 756, val_loss:3.020750, acc: 37.07, bacc: 30.83, tmp_test_f1: 22.95, f1: 28.10
epoch: 757, val_loss:2.987639, acc: 37.07, bacc: 30.83, tmp_test_f1: 23.00, f1: 28.10
epoch: 758, val_loss:2.952553, acc: 37.07, bacc: 30.83, tmp_test_f1: 22.99, f1: 28.10
epoch: 759, val_loss:2.942909, acc: 37.07, bacc: 30.83, tmp_test_f1: 22.69, f1: 28.10
epoch: 760, val_loss:2.947405, acc: 37.07, bacc: 30.83, tmp_test_f1: 23.24, f1: 28.10
epoch: 761, val_loss:2.963068, acc: 37.07, bacc: 30.83, tmp_test_f1: 23.07, f1: 28.10
epoch: 762, val_loss:2.984461, acc: 37.07, bacc: 30.83, tmp_test_f1: 23.38, f1: 28.10
epoch: 763, val_loss:3.007392, acc: 37.07, bacc: 30.83, tmp_test_f1: 23.30, f1: 28.10
epoch: 764, val_loss:3.025252, acc: 37.07, bacc: 30.83, tmp_test_f1: 23.54, f1: 28.10
epoch: 765, val_loss:3.033961, acc: 37.07, bacc: 30.83, tmp_test_f1: 23.49, f1: 28.10
epoch: 766, val_loss:3.038930, acc: 37.07, bacc: 30.83, tmp_test_f1: 23.72, f1: 28.10
epoch: 767, val_loss:3.044815, acc: 37.07, bacc: 30.83, tmp_test_f1: 24.26, f1: 28.10
epoch: 768, val_loss:3.061105, acc: 37.07, bacc: 30.83, tmp_test_f1: 24.30, f1: 28.10
epoch: 769, val_loss:3.075856, acc: 37.07, bacc: 30.83, tmp_test_f1: 24.76, f1: 28.10
epoch: 770, val_loss:3.093498, acc: 37.07, bacc: 30.83, tmp_test_f1: 24.88, f1: 28.10
epoch: 771, val_loss:3.097707, acc: 37.07, bacc: 30.83, tmp_test_f1: 24.94, f1: 28.10
epoch: 772, val_loss:3.093300, acc: 37.07, bacc: 30.83, tmp_test_f1: 24.91, f1: 28.10
epoch: 773, val_loss:3.086886, acc: 37.07, bacc: 30.83, tmp_test_f1: 24.49, f1: 28.10
epoch: 774, val_loss:3.063113, acc: 37.07, bacc: 30.83, tmp_test_f1: 23.96, f1: 28.10
epoch: 775, val_loss:3.031782, acc: 37.07, bacc: 30.83, tmp_test_f1: 24.14, f1: 28.10
epoch: 776, val_loss:3.016126, acc: 37.07, bacc: 30.83, tmp_test_f1: 24.14, f1: 28.10
epoch: 777, val_loss:3.006623, acc: 37.07, bacc: 30.83, tmp_test_f1: 23.64, f1: 28.10
epoch: 778, val_loss:2.976125, acc: 37.07, bacc: 30.83, tmp_test_f1: 23.25, f1: 28.10
epoch: 779, val_loss:2.940035, acc: 37.07, bacc: 30.83, tmp_test_f1: 23.19, f1: 28.10
epoch: 780, val_loss:2.857430, acc: 37.07, bacc: 30.83, tmp_test_f1: 23.21, f1: 28.10
epoch: 781, val_loss:2.803592, acc: 37.07, bacc: 30.83, tmp_test_f1: 22.80, f1: 28.10
epoch: 782, val_loss:2.774221, acc: 37.07, bacc: 30.83, tmp_test_f1: 17.12, f1: 28.10
epoch: 783, val_loss:2.771898, acc: 37.07, bacc: 30.83, tmp_test_f1: 16.88, f1: 28.10
epoch: 784, val_loss:2.788203, acc: 37.07, bacc: 30.83, tmp_test_f1: 16.85, f1: 28.10
epoch: 785, val_loss:2.824030, acc: 37.07, bacc: 30.83, tmp_test_f1: 16.75, f1: 28.10
epoch: 786, val_loss:2.876747, acc: 37.07, bacc: 30.83, tmp_test_f1: 16.87, f1: 28.10
epoch: 787, val_loss:2.892528, acc: 37.07, bacc: 30.83, tmp_test_f1: 16.63, f1: 28.10
epoch: 788, val_loss:2.921803, acc: 37.07, bacc: 30.83, tmp_test_f1: 16.25, f1: 28.10
epoch: 789, val_loss:2.960589, acc: 37.07, bacc: 30.83, tmp_test_f1: 16.16, f1: 28.10
epoch: 790, val_loss:3.007418, acc: 37.07, bacc: 30.83, tmp_test_f1: 16.01, f1: 28.10
epoch: 791, val_loss:3.047350, acc: 37.07, bacc: 30.83, tmp_test_f1: 16.21, f1: 28.10
epoch: 792, val_loss:3.077033, acc: 37.07, bacc: 30.83, tmp_test_f1: 16.25, f1: 28.10
epoch: 793, val_loss:3.088392, acc: 37.07, bacc: 30.83, tmp_test_f1: 16.12, f1: 28.10
epoch: 794, val_loss:3.084592, acc: 37.07, bacc: 30.83, tmp_test_f1: 16.08, f1: 28.10
epoch: 795, val_loss:3.073120, acc: 37.07, bacc: 30.83, tmp_test_f1: 16.11, f1: 28.10
epoch: 796, val_loss:3.056916, acc: 37.07, bacc: 30.83, tmp_test_f1: 16.10, f1: 28.10
epoch: 797, val_loss:3.050045, acc: 37.07, bacc: 30.83, tmp_test_f1: 16.29, f1: 28.10
epoch: 798, val_loss:3.055119, acc: 37.07, bacc: 30.83, tmp_test_f1: 16.23, f1: 28.10
epoch: 799, val_loss:3.069484, acc: 37.07, bacc: 30.83, tmp_test_f1: 16.12, f1: 28.10
epoch: 800, val_loss:3.085226, acc: 37.07, bacc: 30.83, tmp_test_f1: 16.32, f1: 28.10
epoch: 801, val_loss:3.098178, acc: 37.07, bacc: 30.83, tmp_test_f1: 16.39, f1: 28.10
epoch: 802, val_loss:3.100511, acc: 37.07, bacc: 30.83, tmp_test_f1: 16.30, f1: 28.10
epoch: 803, val_loss:3.100760, acc: 37.07, bacc: 30.83, tmp_test_f1: 16.30, f1: 28.10
epoch: 804, val_loss:3.107280, acc: 37.07, bacc: 30.83, tmp_test_f1: 24.60, f1: 28.10
epoch: 805, val_loss:3.107328, acc: 37.07, bacc: 30.83, tmp_test_f1: 24.56, f1: 28.10
epoch: 806, val_loss:3.111228, acc: 37.07, bacc: 30.83, tmp_test_f1: 24.40, f1: 28.10
epoch: 807, val_loss:3.108046, acc: 37.07, bacc: 30.83, tmp_test_f1: 24.42, f1: 28.10
epoch: 808, val_loss:3.101131, acc: 37.07, bacc: 30.83, tmp_test_f1: 24.21, f1: 28.10
epoch: 809, val_loss:3.098133, acc: 37.07, bacc: 30.83, tmp_test_f1: 24.25, f1: 28.10
epoch: 810, val_loss:3.097576, acc: 37.07, bacc: 30.83, tmp_test_f1: 23.36, f1: 28.10
epoch: 811, val_loss:3.084509, acc: 37.07, bacc: 30.83, tmp_test_f1: 23.25, f1: 28.10
epoch: 812, val_loss:3.077389, acc: 37.07, bacc: 30.83, tmp_test_f1: 23.02, f1: 28.10
epoch: 813, val_loss:3.073301, acc: 37.07, bacc: 30.83, tmp_test_f1: 22.73, f1: 28.10
epoch: 814, val_loss:3.059388, acc: 37.07, bacc: 30.83, tmp_test_f1: 22.37, f1: 28.10
epoch: 815, val_loss:3.045978, acc: 37.07, bacc: 30.83, tmp_test_f1: 22.40, f1: 28.10
epoch: 816, val_loss:3.039882, acc: 37.07, bacc: 30.83, tmp_test_f1: 22.68, f1: 28.10
epoch: 817, val_loss:3.048263, acc: 37.07, bacc: 30.83, tmp_test_f1: 22.68, f1: 28.10
epoch: 818, val_loss:3.046644, acc: 37.07, bacc: 30.83, tmp_test_f1: 22.49, f1: 28.10
epoch: 819, val_loss:3.039091, acc: 37.07, bacc: 30.83, tmp_test_f1: 22.68, f1: 28.10
epoch: 820, val_loss:3.046413, acc: 37.07, bacc: 30.83, tmp_test_f1: 22.29, f1: 28.10
epoch: 821, val_loss:3.047676, acc: 37.07, bacc: 30.83, tmp_test_f1: 22.37, f1: 28.10
epoch: 822, val_loss:3.057051, acc: 37.07, bacc: 30.83, tmp_test_f1: 22.28, f1: 28.10
epoch: 823, val_loss:3.074632, acc: 37.07, bacc: 30.83, tmp_test_f1: 22.08, f1: 28.10
epoch: 824, val_loss:3.088311, acc: 37.07, bacc: 30.83, tmp_test_f1: 21.67, f1: 28.10
epoch: 825, val_loss:3.091953, acc: 37.07, bacc: 30.83, tmp_test_f1: 22.02, f1: 28.10
epoch: 826, val_loss:3.105294, acc: 37.07, bacc: 30.83, tmp_test_f1: 21.98, f1: 28.10
epoch: 827, val_loss:3.114597, acc: 37.07, bacc: 30.83, tmp_test_f1: 22.08, f1: 28.10
epoch: 828, val_loss:3.134091, acc: 37.07, bacc: 30.83, tmp_test_f1: 22.15, f1: 28.10
epoch: 829, val_loss:3.147681, acc: 37.07, bacc: 30.83, tmp_test_f1: 22.10, f1: 28.10
epoch: 830, val_loss:3.147146, acc: 37.07, bacc: 30.83, tmp_test_f1: 22.19, f1: 28.10
epoch: 831, val_loss:3.146568, acc: 37.07, bacc: 30.83, tmp_test_f1: 22.35, f1: 28.10
epoch: 832, val_loss:3.148498, acc: 37.07, bacc: 30.83, tmp_test_f1: 22.37, f1: 28.10
epoch: 833, val_loss:3.156014, acc: 37.07, bacc: 30.83, tmp_test_f1: 22.82, f1: 28.10
epoch: 834, val_loss:3.166221, acc: 37.07, bacc: 30.83, tmp_test_f1: 23.17, f1: 28.10
epoch: 835, val_loss:3.177571, acc: 37.07, bacc: 30.83, tmp_test_f1: 23.65, f1: 28.10
Epoch 00836: reducing learning rate of group 0 to 6.2500e-03.
epoch: 836, val_loss:3.191144, acc: 37.07, bacc: 30.83, tmp_test_f1: 23.87, f1: 28.10
epoch: 837, val_loss:3.199543, acc: 37.07, bacc: 30.83, tmp_test_f1: 23.74, f1: 28.10
epoch: 838, val_loss:3.198989, acc: 37.07, bacc: 30.83, tmp_test_f1: 23.89, f1: 28.10
epoch: 839, val_loss:3.192560, acc: 37.07, bacc: 30.83, tmp_test_f1: 24.04, f1: 28.10
epoch: 840, val_loss:3.185955, acc: 37.07, bacc: 30.83, tmp_test_f1: 23.94, f1: 28.10
epoch: 841, val_loss:3.179921, acc: 37.07, bacc: 30.83, tmp_test_f1: 24.00, f1: 28.10
epoch: 842, val_loss:3.178810, acc: 37.07, bacc: 30.83, tmp_test_f1: 23.95, f1: 28.10
epoch: 843, val_loss:3.171222, acc: 37.07, bacc: 30.83, tmp_test_f1: 24.05, f1: 28.10
epoch: 844, val_loss:3.157382, acc: 37.07, bacc: 30.83, tmp_test_f1: 24.16, f1: 28.10
epoch: 845, val_loss:3.145652, acc: 37.07, bacc: 30.83, tmp_test_f1: 24.37, f1: 28.10
epoch: 846, val_loss:3.132639, acc: 37.07, bacc: 30.83, tmp_test_f1: 24.51, f1: 28.10
epoch: 847, val_loss:3.122104, acc: 37.07, bacc: 30.83, tmp_test_f1: 24.52, f1: 28.10
epoch: 848, val_loss:3.116628, acc: 37.07, bacc: 30.83, tmp_test_f1: 24.67, f1: 28.10
epoch: 849, val_loss:3.099285, acc: 37.07, bacc: 30.83, tmp_test_f1: 24.41, f1: 28.10
epoch: 850, val_loss:3.084594, acc: 37.07, bacc: 30.83, tmp_test_f1: 24.23, f1: 28.10
epoch: 851, val_loss:3.069846, acc: 37.07, bacc: 30.83, tmp_test_f1: 24.28, f1: 28.10
epoch: 852, val_loss:3.056819, acc: 37.07, bacc: 30.83, tmp_test_f1: 23.72, f1: 28.10
epoch: 853, val_loss:3.013921, acc: 37.07, bacc: 30.83, tmp_test_f1: 23.02, f1: 28.10
epoch: 854, val_loss:2.974907, acc: 37.07, bacc: 30.83, tmp_test_f1: 22.88, f1: 28.10
epoch: 855, val_loss:2.949355, acc: 37.07, bacc: 30.83, tmp_test_f1: 23.05, f1: 28.10
epoch: 856, val_loss:2.938210, acc: 37.07, bacc: 30.83, tmp_test_f1: 23.15, f1: 28.10
epoch: 857, val_loss:2.942113, acc: 37.07, bacc: 30.83, tmp_test_f1: 23.44, f1: 28.10
epoch: 858, val_loss:2.954608, acc: 37.07, bacc: 30.83, tmp_test_f1: 24.04, f1: 28.10
epoch: 859, val_loss:2.968154, acc: 37.07, bacc: 30.83, tmp_test_f1: 24.43, f1: 28.10
epoch: 860, val_loss:2.976346, acc: 37.07, bacc: 30.83, tmp_test_f1: 16.29, f1: 28.10
epoch: 861, val_loss:2.987342, acc: 37.07, bacc: 30.83, tmp_test_f1: 16.40, f1: 28.10
epoch: 862, val_loss:2.997171, acc: 37.07, bacc: 30.83, tmp_test_f1: 16.26, f1: 28.10
epoch: 863, val_loss:3.016191, acc: 37.07, bacc: 30.83, tmp_test_f1: 16.27, f1: 28.10
epoch: 864, val_loss:3.036160, acc: 37.07, bacc: 30.83, tmp_test_f1: 16.34, f1: 28.10
epoch: 865, val_loss:3.052267, acc: 37.07, bacc: 30.83, tmp_test_f1: 16.38, f1: 28.10
epoch: 866, val_loss:3.073680, acc: 37.07, bacc: 30.83, tmp_test_f1: 16.27, f1: 28.10
epoch: 867, val_loss:3.089538, acc: 37.07, bacc: 30.83, tmp_test_f1: 16.24, f1: 28.10
epoch: 868, val_loss:3.099825, acc: 37.07, bacc: 30.83, tmp_test_f1: 16.23, f1: 28.10
epoch: 869, val_loss:3.109060, acc: 37.07, bacc: 30.83, tmp_test_f1: 16.17, f1: 28.10
epoch: 870, val_loss:3.107916, acc: 37.07, bacc: 30.83, tmp_test_f1: 16.17, f1: 28.10
epoch: 871, val_loss:3.109902, acc: 37.07, bacc: 30.83, tmp_test_f1: 16.16, f1: 28.10
epoch: 872, val_loss:3.098852, acc: 37.07, bacc: 30.83, tmp_test_f1: 16.27, f1: 28.10
epoch: 873, val_loss:3.080679, acc: 37.07, bacc: 30.83, tmp_test_f1: 16.21, f1: 28.10
epoch: 874, val_loss:3.062437, acc: 37.07, bacc: 30.83, tmp_test_f1: 16.35, f1: 28.10
epoch: 875, val_loss:3.049970, acc: 37.07, bacc: 30.83, tmp_test_f1: 16.20, f1: 28.10
epoch: 876, val_loss:3.027625, acc: 37.07, bacc: 30.83, tmp_test_f1: 16.35, f1: 28.10
epoch: 877, val_loss:3.008938, acc: 37.07, bacc: 30.83, tmp_test_f1: 24.79, f1: 28.10
epoch: 878, val_loss:2.989937, acc: 37.07, bacc: 30.83, tmp_test_f1: 24.20, f1: 28.10
epoch: 879, val_loss:2.978116, acc: 37.07, bacc: 30.83, tmp_test_f1: 23.73, f1: 28.10
epoch: 880, val_loss:2.972475, acc: 37.07, bacc: 30.83, tmp_test_f1: 23.54, f1: 28.10
epoch: 881, val_loss:2.971975, acc: 37.07, bacc: 30.83, tmp_test_f1: 23.59, f1: 28.10
epoch: 882, val_loss:2.979462, acc: 37.07, bacc: 30.83, tmp_test_f1: 23.83, f1: 28.10
epoch: 883, val_loss:2.991914, acc: 37.07, bacc: 30.83, tmp_test_f1: 24.13, f1: 28.10
epoch: 884, val_loss:3.009382, acc: 37.07, bacc: 30.83, tmp_test_f1: 23.53, f1: 28.10
epoch: 885, val_loss:2.989420, acc: 37.07, bacc: 30.83, tmp_test_f1: 23.49, f1: 28.10
epoch: 886, val_loss:2.972095, acc: 37.07, bacc: 30.83, tmp_test_f1: 23.20, f1: 28.10
epoch: 887, val_loss:2.950267, acc: 37.07, bacc: 30.83, tmp_test_f1: 23.00, f1: 28.10
epoch: 888, val_loss:2.898347, acc: 37.07, bacc: 30.83, tmp_test_f1: 22.73, f1: 28.10
epoch: 889, val_loss:2.859630, acc: 37.07, bacc: 30.83, tmp_test_f1: 22.77, f1: 28.10
epoch: 890, val_loss:2.836033, acc: 37.07, bacc: 30.83, tmp_test_f1: 22.96, f1: 28.10
epoch: 891, val_loss:2.822907, acc: 37.07, bacc: 30.83, tmp_test_f1: 22.95, f1: 28.10
epoch: 892, val_loss:2.827554, acc: 37.07, bacc: 30.83, tmp_test_f1: 22.91, f1: 28.10
epoch: 893, val_loss:2.841714, acc: 37.07, bacc: 30.83, tmp_test_f1: 22.86, f1: 28.10
epoch: 894, val_loss:2.837696, acc: 37.07, bacc: 30.83, tmp_test_f1: 22.97, f1: 28.10
epoch: 895, val_loss:2.840235, acc: 37.07, bacc: 30.83, tmp_test_f1: 22.93, f1: 28.10
epoch: 896, val_loss:2.849483, acc: 37.07, bacc: 30.83, tmp_test_f1: 22.99, f1: 28.10
epoch: 897, val_loss:2.839213, acc: 37.07, bacc: 30.83, tmp_test_f1: 23.04, f1: 28.10
epoch: 898, val_loss:2.834605, acc: 37.07, bacc: 30.83, tmp_test_f1: 22.94, f1: 28.10
epoch: 899, val_loss:2.835245, acc: 37.07, bacc: 30.83, tmp_test_f1: 22.92, f1: 28.10
epoch: 900, val_loss:2.836364, acc: 37.07, bacc: 30.83, tmp_test_f1: 23.18, f1: 28.10
epoch: 901, val_loss:2.845524, acc: 37.07, bacc: 30.83, tmp_test_f1: 22.99, f1: 28.10
epoch: 902, val_loss:2.862906, acc: 37.07, bacc: 30.83, tmp_test_f1: 23.04, f1: 28.10
epoch: 903, val_loss:2.879082, acc: 37.07, bacc: 30.83, tmp_test_f1: 23.30, f1: 28.10
epoch: 904, val_loss:2.898166, acc: 37.07, bacc: 30.83, tmp_test_f1: 23.50, f1: 28.10
epoch: 905, val_loss:2.917467, acc: 37.07, bacc: 30.83, tmp_test_f1: 23.90, f1: 28.10
epoch: 906, val_loss:2.945551, acc: 37.07, bacc: 30.83, tmp_test_f1: 23.82, f1: 28.10
epoch: 907, val_loss:2.981130, acc: 37.07, bacc: 30.83, tmp_test_f1: 24.04, f1: 28.10
epoch: 908, val_loss:3.020287, acc: 37.07, bacc: 30.83, tmp_test_f1: 24.02, f1: 28.10
epoch: 909, val_loss:3.052571, acc: 37.07, bacc: 30.83, tmp_test_f1: 24.01, f1: 28.10
epoch: 910, val_loss:3.065078, acc: 37.07, bacc: 30.83, tmp_test_f1: 24.00, f1: 28.10
epoch: 911, val_loss:3.065903, acc: 37.07, bacc: 30.83, tmp_test_f1: 24.18, f1: 28.10
epoch: 912, val_loss:3.046060, acc: 37.07, bacc: 30.83, tmp_test_f1: 24.34, f1: 28.10
epoch: 913, val_loss:3.023120, acc: 37.07, bacc: 30.83, tmp_test_f1: 23.84, f1: 28.10
epoch: 914, val_loss:3.001737, acc: 37.07, bacc: 30.83, tmp_test_f1: 23.64, f1: 28.10
epoch: 915, val_loss:2.978662, acc: 37.07, bacc: 30.83, tmp_test_f1: 23.24, f1: 28.10
epoch: 916, val_loss:2.949494, acc: 37.07, bacc: 30.83, tmp_test_f1: 23.23, f1: 28.10
epoch: 917, val_loss:2.925511, acc: 37.07, bacc: 30.83, tmp_test_f1: 22.78, f1: 28.10
epoch: 918, val_loss:2.913056, acc: 37.07, bacc: 30.83, tmp_test_f1: 22.50, f1: 28.10
epoch: 919, val_loss:2.897923, acc: 37.07, bacc: 30.83, tmp_test_f1: 22.45, f1: 28.10
epoch: 920, val_loss:2.890709, acc: 37.07, bacc: 30.83, tmp_test_f1: 22.38, f1: 28.10
epoch: 921, val_loss:2.892726, acc: 37.07, bacc: 30.83, tmp_test_f1: 22.54, f1: 28.10
epoch: 922, val_loss:2.905147, acc: 37.07, bacc: 30.83, tmp_test_f1: 22.48, f1: 28.10
epoch: 923, val_loss:2.922412, acc: 37.07, bacc: 30.83, tmp_test_f1: 22.57, f1: 28.10
epoch: 924, val_loss:2.932260, acc: 37.07, bacc: 30.83, tmp_test_f1: 22.79, f1: 28.10
epoch: 925, val_loss:2.944391, acc: 37.07, bacc: 30.83, tmp_test_f1: 22.89, f1: 28.10
epoch: 926, val_loss:2.960679, acc: 37.07, bacc: 30.83, tmp_test_f1: 22.94, f1: 28.10
epoch: 927, val_loss:2.983959, acc: 37.07, bacc: 30.83, tmp_test_f1: 23.01, f1: 28.10
epoch: 928, val_loss:2.992263, acc: 37.07, bacc: 30.83, tmp_test_f1: 23.19, f1: 28.10
epoch: 929, val_loss:3.004736, acc: 37.07, bacc: 30.83, tmp_test_f1: 23.31, f1: 28.10
epoch: 930, val_loss:3.016723, acc: 37.07, bacc: 30.83, tmp_test_f1: 23.29, f1: 28.10
epoch: 931, val_loss:3.029227, acc: 37.07, bacc: 30.83, tmp_test_f1: 23.33, f1: 28.10
epoch: 932, val_loss:3.044651, acc: 37.07, bacc: 30.83, tmp_test_f1: 23.75, f1: 28.10
epoch: 933, val_loss:3.058346, acc: 37.07, bacc: 30.83, tmp_test_f1: 23.66, f1: 28.10
epoch: 934, val_loss:3.065612, acc: 37.07, bacc: 30.83, tmp_test_f1: 23.60, f1: 28.10
epoch: 935, val_loss:3.050393, acc: 37.07, bacc: 30.83, tmp_test_f1: 23.65, f1: 28.10
epoch: 936, val_loss:3.017584, acc: 37.07, bacc: 30.83, tmp_test_f1: 23.54, f1: 28.10
epoch: 937, val_loss:2.983535, acc: 37.07, bacc: 30.83, tmp_test_f1: 23.52, f1: 28.10
epoch: 938, val_loss:2.957771, acc: 37.07, bacc: 30.83, tmp_test_f1: 23.17, f1: 28.10
epoch: 939, val_loss:2.934450, acc: 37.07, bacc: 30.83, tmp_test_f1: 23.26, f1: 28.10
epoch: 940, val_loss:2.920885, acc: 37.07, bacc: 30.83, tmp_test_f1: 23.13, f1: 28.10
epoch: 941, val_loss:2.915305, acc: 37.07, bacc: 30.83, tmp_test_f1: 23.34, f1: 28.10
epoch: 942, val_loss:2.911141, acc: 37.07, bacc: 30.83, tmp_test_f1: 23.36, f1: 28.10
epoch: 943, val_loss:2.902914, acc: 37.07, bacc: 30.83, tmp_test_f1: 23.18, f1: 28.10
epoch: 944, val_loss:2.895825, acc: 37.07, bacc: 30.83, tmp_test_f1: 23.19, f1: 28.10
epoch: 945, val_loss:2.900116, acc: 37.07, bacc: 30.83, tmp_test_f1: 23.19, f1: 28.10
epoch: 946, val_loss:2.901813, acc: 37.07, bacc: 30.83, tmp_test_f1: 23.34, f1: 28.10
epoch: 947, val_loss:2.891215, acc: 37.07, bacc: 30.83, tmp_test_f1: 23.36, f1: 28.10
epoch: 948, val_loss:2.888165, acc: 37.07, bacc: 30.83, tmp_test_f1: 23.36, f1: 28.10
epoch: 949, val_loss:2.888489, acc: 37.07, bacc: 30.83, tmp_test_f1: 23.39, f1: 28.10
epoch: 950, val_loss:2.896117, acc: 37.07, bacc: 30.83, tmp_test_f1: 23.46, f1: 28.10
epoch: 951, val_loss:2.899313, acc: 37.07, bacc: 30.83, tmp_test_f1: 23.53, f1: 28.10
epoch: 952, val_loss:2.899050, acc: 37.07, bacc: 30.83, tmp_test_f1: 23.81, f1: 28.10
epoch: 953, val_loss:2.911441, acc: 37.07, bacc: 30.83, tmp_test_f1: 23.95, f1: 28.10
epoch: 954, val_loss:2.925598, acc: 37.07, bacc: 30.83, tmp_test_f1: 23.92, f1: 28.10
epoch: 955, val_loss:2.938366, acc: 37.07, bacc: 30.83, tmp_test_f1: 23.85, f1: 28.10
epoch: 956, val_loss:2.955533, acc: 37.07, bacc: 30.83, tmp_test_f1: 23.91, f1: 28.10
epoch: 957, val_loss:2.977715, acc: 37.07, bacc: 30.83, tmp_test_f1: 23.68, f1: 28.10
epoch: 958, val_loss:3.000471, acc: 37.07, bacc: 30.83, tmp_test_f1: 24.39, f1: 28.10
epoch: 959, val_loss:3.021412, acc: 37.07, bacc: 30.83, tmp_test_f1: 24.66, f1: 28.10
epoch: 960, val_loss:3.038376, acc: 37.07, bacc: 30.83, tmp_test_f1: 24.58, f1: 28.10
epoch: 961, val_loss:3.048304, acc: 37.07, bacc: 30.83, tmp_test_f1: 24.84, f1: 28.10
epoch: 962, val_loss:3.053109, acc: 37.07, bacc: 30.83, tmp_test_f1: 24.92, f1: 28.10
epoch: 963, val_loss:3.060717, acc: 37.07, bacc: 30.83, tmp_test_f1: 25.14, f1: 28.10
epoch: 964, val_loss:3.050914, acc: 37.07, bacc: 30.83, tmp_test_f1: 25.06, f1: 28.10
epoch: 965, val_loss:3.032704, acc: 37.07, bacc: 30.83, tmp_test_f1: 24.63, f1: 28.10
epoch: 966, val_loss:3.019804, acc: 37.07, bacc: 30.83, tmp_test_f1: 23.93, f1: 28.10
epoch: 967, val_loss:2.959232, acc: 37.07, bacc: 30.83, tmp_test_f1: 24.07, f1: 28.10
epoch: 968, val_loss:2.912430, acc: 37.07, bacc: 30.83, tmp_test_f1: 23.78, f1: 28.10
epoch: 969, val_loss:2.872497, acc: 37.07, bacc: 30.83, tmp_test_f1: 23.75, f1: 28.10
epoch: 970, val_loss:2.848210, acc: 37.07, bacc: 30.83, tmp_test_f1: 23.72, f1: 28.10
epoch: 971, val_loss:2.826175, acc: 37.07, bacc: 30.83, tmp_test_f1: 23.82, f1: 28.10
epoch: 972, val_loss:2.817102, acc: 37.07, bacc: 30.83, tmp_test_f1: 23.74, f1: 28.10
epoch: 973, val_loss:2.815019, acc: 37.07, bacc: 30.83, tmp_test_f1: 24.13, f1: 28.10
epoch: 974, val_loss:2.823571, acc: 37.07, bacc: 30.83, tmp_test_f1: 24.30, f1: 28.10
epoch: 975, val_loss:2.842582, acc: 37.07, bacc: 30.83, tmp_test_f1: 23.91, f1: 28.10
epoch: 976, val_loss:2.869121, acc: 37.07, bacc: 30.83, tmp_test_f1: 24.20, f1: 28.10
epoch: 977, val_loss:2.897736, acc: 37.07, bacc: 30.83, tmp_test_f1: 24.50, f1: 28.10
epoch: 978, val_loss:2.913900, acc: 37.07, bacc: 30.83, tmp_test_f1: 24.23, f1: 28.10
epoch: 979, val_loss:2.930370, acc: 37.07, bacc: 30.83, tmp_test_f1: 24.68, f1: 28.10
epoch: 980, val_loss:2.942688, acc: 37.07, bacc: 30.83, tmp_test_f1: 24.89, f1: 28.10
epoch: 981, val_loss:2.961615, acc: 37.07, bacc: 30.83, tmp_test_f1: 25.20, f1: 28.10
epoch: 982, val_loss:2.984669, acc: 37.07, bacc: 30.83, tmp_test_f1: 24.94, f1: 28.10
epoch: 983, val_loss:3.004533, acc: 37.07, bacc: 30.83, tmp_test_f1: 24.94, f1: 28.10
epoch: 984, val_loss:3.017902, acc: 37.07, bacc: 30.83, tmp_test_f1: 24.89, f1: 28.10
epoch: 985, val_loss:3.025650, acc: 37.07, bacc: 30.83, tmp_test_f1: 24.68, f1: 28.10
epoch: 986, val_loss:3.033701, acc: 37.07, bacc: 30.83, tmp_test_f1: 24.62, f1: 28.10
epoch: 987, val_loss:3.040942, acc: 37.07, bacc: 30.83, tmp_test_f1: 24.57, f1: 28.10
epoch: 988, val_loss:3.038343, acc: 37.07, bacc: 30.83, tmp_test_f1: 24.63, f1: 28.10
epoch: 989, val_loss:3.036210, acc: 37.07, bacc: 30.83, tmp_test_f1: 24.53, f1: 28.10
epoch: 990, val_loss:3.038614, acc: 37.07, bacc: 30.83, tmp_test_f1: 24.68, f1: 28.10
epoch: 991, val_loss:3.044615, acc: 37.07, bacc: 30.83, tmp_test_f1: 24.60, f1: 28.10
epoch: 992, val_loss:3.055572, acc: 37.07, bacc: 30.83, tmp_test_f1: 24.57, f1: 28.10
epoch: 993, val_loss:3.064020, acc: 37.07, bacc: 30.83, tmp_test_f1: 24.60, f1: 28.10
epoch: 994, val_loss:3.068741, acc: 37.07, bacc: 30.83, tmp_test_f1: 24.57, f1: 28.10
epoch: 995, val_loss:3.075034, acc: 37.07, bacc: 30.83, tmp_test_f1: 24.45, f1: 28.10
epoch: 996, val_loss:3.083107, acc: 37.07, bacc: 30.83, tmp_test_f1: 24.43, f1: 28.10
epoch: 997, val_loss:3.095832, acc: 37.07, bacc: 30.83, tmp_test_f1: 24.61, f1: 28.10
epoch: 998, val_loss:3.113752, acc: 37.07, bacc: 30.83, tmp_test_f1: 24.70, f1: 28.10
epoch: 999, val_loss:3.125658, acc: 37.07, bacc: 30.83, tmp_test_f1: 24.83, f1: 28.10
epoch: 1000, val_loss:3.132875, acc: 37.07, bacc: 30.83, tmp_test_f1: 25.05, f1: 28.10
epoch: 1001, val_loss:3.139237, acc: 37.07, bacc: 30.83, tmp_test_f1: 25.02, f1: 28.10
epoch: 1002, val_loss:3.144632, acc: 37.07, bacc: 30.83, tmp_test_f1: 24.95, f1: 28.10
epoch: 1003, val_loss:3.142708, acc: 37.07, bacc: 30.83, tmp_test_f1: 24.91, f1: 28.10
epoch: 1004, val_loss:3.133037, acc: 37.07, bacc: 30.83, tmp_test_f1: 24.97, f1: 28.10
epoch: 1005, val_loss:3.120573, acc: 37.07, bacc: 30.83, tmp_test_f1: 24.81, f1: 28.10
epoch: 1006, val_loss:3.113288, acc: 37.07, bacc: 30.83, tmp_test_f1: 24.61, f1: 28.10
epoch: 1007, val_loss:3.109361, acc: 37.07, bacc: 30.83, tmp_test_f1: 24.27, f1: 28.10
epoch: 1008, val_loss:3.104009, acc: 37.07, bacc: 30.83, tmp_test_f1: 24.48, f1: 28.10
epoch: 1009, val_loss:3.094340, acc: 37.07, bacc: 30.83, tmp_test_f1: 24.61, f1: 28.10
epoch: 1010, val_loss:3.088173, acc: 37.07, bacc: 30.83, tmp_test_f1: 24.67, f1: 28.10
epoch: 1011, val_loss:3.080479, acc: 37.07, bacc: 30.83, tmp_test_f1: 24.74, f1: 28.10
epoch: 1012, val_loss:3.079727, acc: 37.07, bacc: 30.83, tmp_test_f1: 24.30, f1: 28.10
epoch: 1013, val_loss:3.064130, acc: 37.07, bacc: 30.83, tmp_test_f1: 24.14, f1: 28.10
epoch: 1014, val_loss:3.058128, acc: 37.07, bacc: 30.83, tmp_test_f1: 24.28, f1: 28.10
epoch: 1015, val_loss:3.059810, acc: 37.07, bacc: 30.83, tmp_test_f1: 24.18, f1: 28.10
epoch: 1016, val_loss:3.061454, acc: 37.07, bacc: 30.83, tmp_test_f1: 24.21, f1: 28.10
epoch: 1017, val_loss:3.069263, acc: 37.07, bacc: 30.83, tmp_test_f1: 24.31, f1: 28.10
epoch: 1018, val_loss:3.076617, acc: 37.07, bacc: 30.83, tmp_test_f1: 24.22, f1: 28.10
epoch: 1019, val_loss:3.085810, acc: 37.07, bacc: 30.83, tmp_test_f1: 24.34, f1: 28.10
epoch: 1020, val_loss:3.100554, acc: 37.07, bacc: 30.83, tmp_test_f1: 24.63, f1: 28.10
epoch: 1021, val_loss:3.108950, acc: 37.07, bacc: 30.83, tmp_test_f1: 24.58, f1: 28.10
epoch: 1022, val_loss:3.119081, acc: 37.07, bacc: 30.83, tmp_test_f1: 24.71, f1: 28.10
epoch: 1023, val_loss:3.130465, acc: 37.07, bacc: 30.83, tmp_test_f1: 24.94, f1: 28.10
epoch: 1024, val_loss:3.140970, acc: 37.07, bacc: 30.83, tmp_test_f1: 24.85, f1: 28.10
epoch: 1025, val_loss:3.148457, acc: 37.07, bacc: 30.83, tmp_test_f1: 24.90, f1: 28.10
epoch: 1026, val_loss:3.155251, acc: 37.07, bacc: 30.83, tmp_test_f1: 25.12, f1: 28.10
epoch: 1027, val_loss:3.162697, acc: 37.07, bacc: 30.83, tmp_test_f1: 25.07, f1: 28.10
epoch: 1028, val_loss:3.167954, acc: 37.07, bacc: 30.83, tmp_test_f1: 24.91, f1: 28.10
epoch: 1029, val_loss:3.166386, acc: 37.07, bacc: 30.83, tmp_test_f1: 24.69, f1: 28.10
epoch: 1030, val_loss:3.164947, acc: 37.07, bacc: 30.83, tmp_test_f1: 24.44, f1: 28.10
epoch: 1031, val_loss:3.156575, acc: 37.07, bacc: 30.83, tmp_test_f1: 24.27, f1: 28.10
epoch: 1032, val_loss:3.127740, acc: 37.07, bacc: 30.83, tmp_test_f1: 24.04, f1: 28.10
epoch: 1033, val_loss:3.102431, acc: 37.07, bacc: 30.83, tmp_test_f1: 23.53, f1: 28.10
epoch: 1034, val_loss:3.087345, acc: 37.07, bacc: 30.83, tmp_test_f1: 23.41, f1: 28.10
epoch: 1035, val_loss:3.070125, acc: 37.07, bacc: 30.83, tmp_test_f1: 23.22, f1: 28.10
epoch: 1036, val_loss:3.058606, acc: 37.07, bacc: 30.83, tmp_test_f1: 23.08, f1: 28.10
Epoch 01037: reducing learning rate of group 0 to 3.1250e-03.
epoch: 1037, val_loss:3.043829, acc: 37.07, bacc: 30.83, tmp_test_f1: 22.87, f1: 28.10
epoch: 1038, val_loss:3.029299, acc: 37.07, bacc: 30.83, tmp_test_f1: 22.74, f1: 28.10
epoch: 1039, val_loss:3.019849, acc: 37.07, bacc: 30.83, tmp_test_f1: 22.75, f1: 28.10
epoch: 1040, val_loss:3.015992, acc: 37.07, bacc: 30.83, tmp_test_f1: 22.77, f1: 28.10
epoch: 1041, val_loss:3.014701, acc: 37.07, bacc: 30.83, tmp_test_f1: 22.66, f1: 28.10
epoch: 1042, val_loss:3.017739, acc: 37.07, bacc: 30.83, tmp_test_f1: 22.81, f1: 28.10
epoch: 1043, val_loss:3.025084, acc: 37.07, bacc: 30.83, tmp_test_f1: 23.06, f1: 28.10
epoch: 1044, val_loss:3.033724, acc: 37.07, bacc: 30.83, tmp_test_f1: 22.97, f1: 28.10
epoch: 1045, val_loss:3.047229, acc: 37.07, bacc: 30.83, tmp_test_f1: 23.29, f1: 28.10
epoch: 1046, val_loss:3.060090, acc: 37.07, bacc: 30.83, tmp_test_f1: 23.51, f1: 28.10
epoch: 1047, val_loss:3.071682, acc: 37.07, bacc: 30.83, tmp_test_f1: 23.78, f1: 28.10
epoch: 1048, val_loss:3.085829, acc: 37.07, bacc: 30.83, tmp_test_f1: 24.04, f1: 28.10
epoch: 1049, val_loss:3.098727, acc: 37.07, bacc: 30.83, tmp_test_f1: 24.04, f1: 28.10
epoch: 1050, val_loss:3.107758, acc: 37.07, bacc: 30.83, tmp_test_f1: 24.12, f1: 28.10
epoch: 1051, val_loss:3.116209, acc: 37.07, bacc: 30.83, tmp_test_f1: 24.12, f1: 28.10
epoch: 1052, val_loss:3.116850, acc: 37.07, bacc: 30.83, tmp_test_f1: 24.00, f1: 28.10
epoch: 1053, val_loss:3.110852, acc: 37.07, bacc: 30.83, tmp_test_f1: 24.06, f1: 28.10
epoch: 1054, val_loss:3.096040, acc: 37.07, bacc: 30.83, tmp_test_f1: 23.53, f1: 28.10
epoch: 1055, val_loss:3.084301, acc: 37.07, bacc: 30.83, tmp_test_f1: 23.28, f1: 28.10
epoch: 1056, val_loss:3.070621, acc: 37.07, bacc: 30.83, tmp_test_f1: 22.92, f1: 28.10
epoch: 1057, val_loss:3.061487, acc: 37.07, bacc: 30.83, tmp_test_f1: 22.96, f1: 28.10
epoch: 1058, val_loss:3.056714, acc: 37.07, bacc: 30.83, tmp_test_f1: 22.96, f1: 28.10
epoch: 1059, val_loss:3.055235, acc: 37.07, bacc: 30.83, tmp_test_f1: 22.99, f1: 28.10
epoch: 1060, val_loss:3.057144, acc: 37.07, bacc: 30.83, tmp_test_f1: 23.02, f1: 28.10
epoch: 1061, val_loss:3.058402, acc: 37.07, bacc: 30.83, tmp_test_f1: 23.02, f1: 28.10
epoch: 1062, val_loss:3.061258, acc: 37.07, bacc: 30.83, tmp_test_f1: 22.94, f1: 28.10
epoch: 1063, val_loss:3.068240, acc: 37.07, bacc: 30.83, tmp_test_f1: 23.26, f1: 28.10
epoch: 1064, val_loss:3.075484, acc: 37.07, bacc: 30.83, tmp_test_f1: 23.25, f1: 28.10
epoch: 1065, val_loss:3.084804, acc: 37.07, bacc: 30.83, tmp_test_f1: 23.69, f1: 28.10
epoch: 1066, val_loss:3.095511, acc: 37.07, bacc: 30.83, tmp_test_f1: 24.23, f1: 28.10
epoch: 1067, val_loss:3.106154, acc: 37.07, bacc: 30.83, tmp_test_f1: 24.05, f1: 28.10
epoch: 1068, val_loss:3.115770, acc: 37.07, bacc: 30.83, tmp_test_f1: 24.17, f1: 28.10
epoch: 1069, val_loss:3.125535, acc: 37.07, bacc: 30.83, tmp_test_f1: 24.19, f1: 28.10
epoch: 1070, val_loss:3.137723, acc: 37.07, bacc: 30.83, tmp_test_f1: 24.16, f1: 28.10
epoch: 1071, val_loss:3.149125, acc: 37.07, bacc: 30.83, tmp_test_f1: 24.45, f1: 28.10
epoch: 1072, val_loss:3.162380, acc: 37.07, bacc: 30.83, tmp_test_f1: 24.63, f1: 28.10
epoch: 1073, val_loss:3.176601, acc: 37.07, bacc: 30.83, tmp_test_f1: 24.70, f1: 28.10
epoch: 1074, val_loss:3.188321, acc: 37.07, bacc: 30.83, tmp_test_f1: 24.75, f1: 28.10
epoch: 1075, val_loss:3.189843, acc: 37.07, bacc: 30.83, tmp_test_f1: 24.77, f1: 28.10
epoch: 1076, val_loss:3.184770, acc: 37.07, bacc: 30.83, tmp_test_f1: 24.72, f1: 28.10
epoch: 1077, val_loss:3.178573, acc: 37.07, bacc: 30.83, tmp_test_f1: 24.63, f1: 28.10
epoch: 1078, val_loss:3.174427, acc: 37.07, bacc: 30.83, tmp_test_f1: 24.48, f1: 28.10
epoch: 1079, val_loss:3.170483, acc: 37.07, bacc: 30.83, tmp_test_f1: 24.48, f1: 28.10
epoch: 1080, val_loss:3.166406, acc: 37.07, bacc: 30.83, tmp_test_f1: 24.41, f1: 28.10
epoch: 1081, val_loss:3.161274, acc: 37.07, bacc: 30.83, tmp_test_f1: 24.62, f1: 28.10
epoch: 1082, val_loss:3.158277, acc: 37.07, bacc: 30.83, tmp_test_f1: 24.61, f1: 28.10
epoch: 1083, val_loss:3.157331, acc: 37.07, bacc: 30.83, tmp_test_f1: 24.70, f1: 28.10
epoch: 1084, val_loss:3.157678, acc: 37.07, bacc: 30.83, tmp_test_f1: 24.70, f1: 28.10
epoch: 1085, val_loss:3.157545, acc: 37.07, bacc: 30.83, tmp_test_f1: 24.68, f1: 28.10
epoch: 1086, val_loss:3.158733, acc: 37.07, bacc: 30.83, tmp_test_f1: 24.61, f1: 28.10
epoch: 1087, val_loss:3.159863, acc: 37.07, bacc: 30.83, tmp_test_f1: 24.66, f1: 28.10
epoch: 1088, val_loss:3.163157, acc: 37.07, bacc: 30.83, tmp_test_f1: 24.73, f1: 28.10
epoch: 1089, val_loss:3.164394, acc: 37.07, bacc: 30.83, tmp_test_f1: 24.72, f1: 28.10
epoch: 1090, val_loss:3.164321, acc: 37.07, bacc: 30.83, tmp_test_f1: 24.72, f1: 28.10
epoch: 1091, val_loss:3.166896, acc: 37.07, bacc: 30.83, tmp_test_f1: 24.78, f1: 28.10
epoch: 1092, val_loss:3.170630, acc: 37.07, bacc: 30.83, tmp_test_f1: 24.75, f1: 28.10
epoch: 1093, val_loss:3.173604, acc: 37.07, bacc: 30.83, tmp_test_f1: 24.82, f1: 28.10
epoch: 1094, val_loss:3.173122, acc: 37.07, bacc: 30.83, tmp_test_f1: 24.76, f1: 28.10
epoch: 1095, val_loss:3.167559, acc: 37.07, bacc: 30.83, tmp_test_f1: 24.66, f1: 28.10
epoch: 1096, val_loss:3.160517, acc: 37.07, bacc: 30.83, tmp_test_f1: 24.65, f1: 28.10
epoch: 1097, val_loss:3.152571, acc: 37.07, bacc: 30.83, tmp_test_f1: 24.71, f1: 28.10
epoch: 1098, val_loss:3.145286, acc: 37.07, bacc: 30.83, tmp_test_f1: 24.81, f1: 28.10
epoch: 1099, val_loss:3.136456, acc: 37.07, bacc: 30.83, tmp_test_f1: 24.66, f1: 28.10
epoch: 1100, val_loss:3.129474, acc: 37.07, bacc: 30.83, tmp_test_f1: 24.45, f1: 28.10
epoch: 1101, val_loss:3.123415, acc: 37.07, bacc: 30.83, tmp_test_f1: 24.52, f1: 28.10
epoch: 1102, val_loss:3.119037, acc: 37.07, bacc: 30.83, tmp_test_f1: 24.42, f1: 28.10
epoch: 1103, val_loss:3.115739, acc: 37.07, bacc: 30.83, tmp_test_f1: 24.33, f1: 28.10
epoch: 1104, val_loss:3.115236, acc: 37.07, bacc: 30.83, tmp_test_f1: 24.34, f1: 28.10
epoch: 1105, val_loss:3.106227, acc: 37.07, bacc: 30.83, tmp_test_f1: 24.25, f1: 28.10
epoch: 1106, val_loss:3.100937, acc: 37.07, bacc: 30.83, tmp_test_f1: 24.16, f1: 28.10
epoch: 1107, val_loss:3.099231, acc: 37.07, bacc: 30.83, tmp_test_f1: 24.11, f1: 28.10
epoch: 1108, val_loss:3.097714, acc: 37.07, bacc: 30.83, tmp_test_f1: 24.11, f1: 28.10
epoch: 1109, val_loss:3.099949, acc: 37.07, bacc: 30.83, tmp_test_f1: 24.01, f1: 28.10
epoch: 1110, val_loss:3.102296, acc: 37.07, bacc: 30.83, tmp_test_f1: 23.96, f1: 28.10
epoch: 1111, val_loss:3.106485, acc: 37.07, bacc: 30.83, tmp_test_f1: 23.96, f1: 28.10
