cuda Device Index: 1
Namespace(to_undirected=True, IsDirectedData=True, AugDirect=-1, net='SymDiGCN', GPUdevice=1, seed=100, undirect_dataset='CiteSeer', Direct_dataset='cora_ml/', imb_ratio=100, dropout=0.1, num_filter=2, layer=2, alpha=0.1, K=2, feat_dim=64, warmup=5, epoch=1500, lr=0.1, l2=0.0005, tau=2, max=False, no_mask=False, gdc='ppr', heads=8, log_root='../logs/', log_path='test', data_path='../dataset/data/tmp/')
Converted to undirected data
splits 10
test_f1 CountNotImproved reset to 0 in epoch 0
epoch:   0, val_loss:2.044340, acc: 11.93, bacc: 14.29, tmp_test_f1: 3.05, f1: 3.05
epoch:   1, val_loss:2.050364, acc: 11.93, bacc: 14.29, tmp_test_f1: 3.05, f1: 3.05
epoch:   2, val_loss:2.120513, acc: 11.93, bacc: 14.29, tmp_test_f1: 3.05, f1: 3.05
epoch:   3, val_loss:2.370920, acc: 11.93, bacc: 14.29, tmp_test_f1: 3.05, f1: 3.05
epoch:   4, val_loss:2.586163, acc: 11.93, bacc: 14.29, tmp_test_f1: 3.05, f1: 3.05
epoch:   5, val_loss:2.518036, acc: 11.93, bacc: 14.29, tmp_test_f1: 3.05, f1: 3.05
epoch:   6, val_loss:2.510724, acc: 11.93, bacc: 14.29, tmp_test_f1: 3.05, f1: 3.05
epoch:   7, val_loss:2.421293, acc: 11.93, bacc: 14.29, tmp_test_f1: 3.05, f1: 3.05
epoch:   8, val_loss:2.344790, acc: 11.93, bacc: 14.29, tmp_test_f1: 3.05, f1: 3.05
epoch:   9, val_loss:2.269406, acc: 11.93, bacc: 14.29, tmp_test_f1: 3.05, f1: 3.05
test_f1 CountNotImproved reset to 0 in epoch 10
epoch:  10, val_loss:2.199717, acc: 20.42, bacc: 23.24, tmp_test_f1: 14.17, f1: 14.17
epoch:  11, val_loss:2.142985, acc: 20.42, bacc: 23.24, tmp_test_f1: 13.66, f1: 14.17
epoch:  12, val_loss:2.097900, acc: 20.42, bacc: 23.24, tmp_test_f1: 13.64, f1: 14.17
epoch:  13, val_loss:2.076770, acc: 20.42, bacc: 23.24, tmp_test_f1: 13.64, f1: 14.17
epoch:  14, val_loss:2.056300, acc: 20.42, bacc: 23.24, tmp_test_f1: 13.70, f1: 14.17
epoch:  15, val_loss:2.032328, acc: 20.42, bacc: 23.24, tmp_test_f1: 13.55, f1: 14.17
epoch:  16, val_loss:2.007445, acc: 20.42, bacc: 23.24, tmp_test_f1: 12.98, f1: 14.17
epoch:  17, val_loss:1.988058, acc: 20.42, bacc: 23.24, tmp_test_f1: 12.51, f1: 14.17
epoch:  18, val_loss:1.986960, acc: 20.42, bacc: 23.24, tmp_test_f1: 11.52, f1: 14.17
epoch:  19, val_loss:2.009940, acc: 20.42, bacc: 23.24, tmp_test_f1: 10.18, f1: 14.17
epoch:  20, val_loss:2.084348, acc: 20.42, bacc: 23.24, tmp_test_f1: 9.41, f1: 14.17
epoch:  21, val_loss:2.169702, acc: 20.42, bacc: 23.24, tmp_test_f1: 10.77, f1: 14.17
epoch:  22, val_loss:2.010165, acc: 20.42, bacc: 23.24, tmp_test_f1: 12.33, f1: 14.17
epoch:  23, val_loss:1.927842, acc: 20.42, bacc: 23.24, tmp_test_f1: 13.18, f1: 14.17
epoch:  24, val_loss:1.889404, acc: 20.42, bacc: 23.24, tmp_test_f1: 13.79, f1: 14.17
epoch:  25, val_loss:1.865988, acc: 20.42, bacc: 23.24, tmp_test_f1: 13.86, f1: 14.17
epoch:  26, val_loss:1.851000, acc: 20.42, bacc: 23.24, tmp_test_f1: 13.98, f1: 14.17
test_f1 CountNotImproved reset to 0 in epoch 27
epoch:  27, val_loss:1.841812, acc: 22.17, bacc: 25.09, tmp_test_f1: 14.18, f1: 14.18
epoch:  28, val_loss:1.835810, acc: 22.17, bacc: 25.09, tmp_test_f1: 13.78, f1: 14.18
epoch:  29, val_loss:1.838233, acc: 22.17, bacc: 25.09, tmp_test_f1: 13.81, f1: 14.18
epoch:  30, val_loss:1.850486, acc: 22.17, bacc: 25.09, tmp_test_f1: 13.97, f1: 14.18
test_f1 CountNotImproved reset to 0 in epoch 31
epoch:  31, val_loss:1.897529, acc: 22.55, bacc: 24.90, tmp_test_f1: 14.46, f1: 14.46
epoch:  32, val_loss:1.846919, acc: 22.55, bacc: 24.90, tmp_test_f1: 14.43, f1: 14.46
test_f1 CountNotImproved reset to 0 in epoch 33
epoch:  33, val_loss:1.823333, acc: 22.29, bacc: 24.93, tmp_test_f1: 14.97, f1: 14.97
epoch:  34, val_loss:1.812181, acc: 22.29, bacc: 24.93, tmp_test_f1: 14.64, f1: 14.97
epoch:  35, val_loss:1.812923, acc: 22.29, bacc: 24.93, tmp_test_f1: 14.60, f1: 14.97
epoch:  36, val_loss:1.825660, acc: 22.29, bacc: 24.93, tmp_test_f1: 14.06, f1: 14.97
epoch:  37, val_loss:1.856588, acc: 22.29, bacc: 24.93, tmp_test_f1: 13.94, f1: 14.97
epoch:  38, val_loss:1.861164, acc: 22.29, bacc: 24.93, tmp_test_f1: 14.18, f1: 14.97
epoch:  39, val_loss:1.849689, acc: 22.29, bacc: 24.93, tmp_test_f1: 14.37, f1: 14.97
epoch:  40, val_loss:1.833501, acc: 22.29, bacc: 24.93, tmp_test_f1: 14.47, f1: 14.97
epoch:  41, val_loss:1.833058, acc: 22.29, bacc: 24.93, tmp_test_f1: 14.62, f1: 14.97
epoch:  42, val_loss:1.836753, acc: 22.29, bacc: 24.93, tmp_test_f1: 14.44, f1: 14.97
epoch:  43, val_loss:1.846593, acc: 22.29, bacc: 24.93, tmp_test_f1: 14.76, f1: 14.97
epoch:  44, val_loss:1.846518, acc: 22.29, bacc: 24.93, tmp_test_f1: 14.62, f1: 14.97
epoch:  45, val_loss:1.854199, acc: 22.29, bacc: 24.93, tmp_test_f1: 14.71, f1: 14.97
epoch:  46, val_loss:1.854580, acc: 22.29, bacc: 24.93, tmp_test_f1: 14.74, f1: 14.97
epoch:  47, val_loss:1.862652, acc: 22.29, bacc: 24.93, tmp_test_f1: 14.21, f1: 14.97
epoch:  48, val_loss:1.880168, acc: 22.29, bacc: 24.93, tmp_test_f1: 14.42, f1: 14.97
epoch:  49, val_loss:1.873244, acc: 22.29, bacc: 24.93, tmp_test_f1: 14.20, f1: 14.97
epoch:  50, val_loss:1.902614, acc: 22.29, bacc: 24.93, tmp_test_f1: 14.04, f1: 14.97
epoch:  51, val_loss:1.910065, acc: 22.29, bacc: 24.93, tmp_test_f1: 14.50, f1: 14.97
epoch:  52, val_loss:1.855729, acc: 22.29, bacc: 24.93, tmp_test_f1: 14.35, f1: 14.97
epoch:  53, val_loss:1.859473, acc: 22.29, bacc: 24.93, tmp_test_f1: 13.91, f1: 14.97
epoch:  54, val_loss:1.885433, acc: 22.29, bacc: 24.93, tmp_test_f1: 13.79, f1: 14.97
epoch:  55, val_loss:1.943863, acc: 22.29, bacc: 24.93, tmp_test_f1: 14.27, f1: 14.97
epoch:  56, val_loss:1.853170, acc: 22.29, bacc: 24.93, tmp_test_f1: 14.20, f1: 14.97
epoch:  57, val_loss:1.841706, acc: 22.29, bacc: 24.93, tmp_test_f1: 14.14, f1: 14.97
epoch:  58, val_loss:1.839822, acc: 22.29, bacc: 24.93, tmp_test_f1: 14.19, f1: 14.97
epoch:  59, val_loss:1.855005, acc: 22.29, bacc: 24.93, tmp_test_f1: 14.17, f1: 14.97
epoch:  60, val_loss:1.897457, acc: 22.29, bacc: 24.93, tmp_test_f1: 13.63, f1: 14.97
epoch:  61, val_loss:1.956478, acc: 22.29, bacc: 24.93, tmp_test_f1: 13.30, f1: 14.97
epoch:  62, val_loss:1.980296, acc: 22.29, bacc: 24.93, tmp_test_f1: 13.88, f1: 14.97
epoch:  63, val_loss:1.935553, acc: 22.29, bacc: 24.93, tmp_test_f1: 14.36, f1: 14.97
epoch:  64, val_loss:1.883709, acc: 22.29, bacc: 24.93, tmp_test_f1: 14.83, f1: 14.97
test_f1 CountNotImproved reset to 0 in epoch 65
epoch:  65, val_loss:1.851013, acc: 21.15, bacc: 24.01, tmp_test_f1: 15.10, f1: 15.10
epoch:  66, val_loss:1.842821, acc: 21.15, bacc: 24.01, tmp_test_f1: 14.76, f1: 15.10
epoch:  67, val_loss:1.860163, acc: 21.15, bacc: 24.01, tmp_test_f1: 14.52, f1: 15.10
epoch:  68, val_loss:1.876979, acc: 21.15, bacc: 24.01, tmp_test_f1: 14.66, f1: 15.10
epoch:  69, val_loss:1.902851, acc: 21.15, bacc: 24.01, tmp_test_f1: 14.32, f1: 15.10
epoch:  70, val_loss:1.926979, acc: 21.15, bacc: 24.01, tmp_test_f1: 14.81, f1: 15.10
epoch:  71, val_loss:1.896111, acc: 21.15, bacc: 24.01, tmp_test_f1: 14.77, f1: 15.10
epoch:  72, val_loss:1.895921, acc: 21.15, bacc: 24.01, tmp_test_f1: 14.99, f1: 15.10
epoch:  73, val_loss:1.870353, acc: 21.15, bacc: 24.01, tmp_test_f1: 14.84, f1: 15.10
epoch:  74, val_loss:1.867703, acc: 21.15, bacc: 24.01, tmp_test_f1: 14.67, f1: 15.10
epoch:  75, val_loss:1.884508, acc: 21.15, bacc: 24.01, tmp_test_f1: 14.05, f1: 15.10
epoch:  76, val_loss:1.951091, acc: 21.15, bacc: 24.01, tmp_test_f1: 13.46, f1: 15.10
epoch:  77, val_loss:2.077080, acc: 21.15, bacc: 24.01, tmp_test_f1: 13.40, f1: 15.10
epoch:  78, val_loss:2.132247, acc: 21.15, bacc: 24.01, tmp_test_f1: 14.06, f1: 15.10
epoch:  79, val_loss:1.956480, acc: 21.15, bacc: 24.01, tmp_test_f1: 14.48, f1: 15.10
epoch:  80, val_loss:1.888052, acc: 21.15, bacc: 24.01, tmp_test_f1: 14.49, f1: 15.10
epoch:  81, val_loss:1.881239, acc: 21.15, bacc: 24.01, tmp_test_f1: 14.48, f1: 15.10
epoch:  82, val_loss:1.952131, acc: 21.15, bacc: 24.01, tmp_test_f1: 13.87, f1: 15.10
epoch:  83, val_loss:2.062438, acc: 21.15, bacc: 24.01, tmp_test_f1: 14.14, f1: 15.10
epoch:  84, val_loss:2.022441, acc: 21.15, bacc: 24.01, tmp_test_f1: 14.40, f1: 15.10
epoch:  85, val_loss:1.962993, acc: 21.15, bacc: 24.01, tmp_test_f1: 14.26, f1: 15.10
epoch:  86, val_loss:1.959592, acc: 21.15, bacc: 24.01, tmp_test_f1: 14.74, f1: 15.10
epoch:  87, val_loss:1.882979, acc: 21.15, bacc: 24.01, tmp_test_f1: 14.60, f1: 15.10
epoch:  88, val_loss:1.897208, acc: 21.15, bacc: 24.01, tmp_test_f1: 14.12, f1: 15.10
epoch:  89, val_loss:1.953832, acc: 21.15, bacc: 24.01, tmp_test_f1: 14.06, f1: 15.10
epoch:  90, val_loss:2.049222, acc: 21.15, bacc: 24.01, tmp_test_f1: 13.28, f1: 15.10
epoch:  91, val_loss:2.201638, acc: 21.15, bacc: 24.01, tmp_test_f1: 14.26, f1: 15.10
epoch:  92, val_loss:2.014369, acc: 21.15, bacc: 24.01, tmp_test_f1: 14.74, f1: 15.10
test_f1 CountNotImproved reset to 0 in epoch 93
epoch:  93, val_loss:1.892493, acc: 21.53, bacc: 24.47, tmp_test_f1: 15.33, f1: 15.33
epoch:  94, val_loss:1.852261, acc: 21.53, bacc: 24.47, tmp_test_f1: 14.75, f1: 15.33
epoch:  95, val_loss:1.878683, acc: 21.53, bacc: 24.47, tmp_test_f1: 14.53, f1: 15.33
epoch:  96, val_loss:1.968401, acc: 21.53, bacc: 24.47, tmp_test_f1: 13.52, f1: 15.33
epoch:  97, val_loss:2.132823, acc: 21.53, bacc: 24.47, tmp_test_f1: 12.82, f1: 15.33
epoch:  98, val_loss:2.335213, acc: 21.53, bacc: 24.47, tmp_test_f1: 13.26, f1: 15.33
epoch:  99, val_loss:2.160114, acc: 21.53, bacc: 24.47, tmp_test_f1: 14.29, f1: 15.33
epoch: 100, val_loss:1.983978, acc: 21.53, bacc: 24.47, tmp_test_f1: 13.86, f1: 15.33
epoch: 101, val_loss:2.043791, acc: 21.53, bacc: 24.47, tmp_test_f1: 12.99, f1: 15.33
epoch: 102, val_loss:2.197381, acc: 21.53, bacc: 24.47, tmp_test_f1: 12.47, f1: 15.33
epoch: 103, val_loss:2.496261, acc: 21.53, bacc: 24.47, tmp_test_f1: 12.41, f1: 15.33
epoch: 104, val_loss:2.547795, acc: 21.53, bacc: 24.47, tmp_test_f1: 12.24, f1: 15.33
epoch: 105, val_loss:2.597841, acc: 21.53, bacc: 24.47, tmp_test_f1: 11.99, f1: 15.33
epoch: 106, val_loss:2.654817, acc: 21.53, bacc: 24.47, tmp_test_f1: 12.73, f1: 15.33
epoch: 107, val_loss:2.509651, acc: 21.53, bacc: 24.47, tmp_test_f1: 12.16, f1: 15.33
epoch: 108, val_loss:2.691004, acc: 21.53, bacc: 24.47, tmp_test_f1: 11.33, f1: 15.33
epoch: 109, val_loss:3.347976, acc: 21.53, bacc: 24.47, tmp_test_f1: 12.79, f1: 15.33
epoch: 110, val_loss:2.482109, acc: 21.53, bacc: 24.47, tmp_test_f1: 12.82, f1: 15.33
epoch: 111, val_loss:2.421088, acc: 21.53, bacc: 24.47, tmp_test_f1: 11.89, f1: 15.33
epoch: 112, val_loss:2.649696, acc: 21.53, bacc: 24.47, tmp_test_f1: 10.95, f1: 15.33
epoch: 113, val_loss:3.066119, acc: 21.53, bacc: 24.47, tmp_test_f1: 12.93, f1: 15.33
epoch: 114, val_loss:2.273418, acc: 21.53, bacc: 24.47, tmp_test_f1: 12.88, f1: 15.33
epoch: 115, val_loss:2.181441, acc: 21.53, bacc: 24.47, tmp_test_f1: 12.78, f1: 15.33
epoch: 116, val_loss:2.386581, acc: 21.53, bacc: 24.47, tmp_test_f1: 11.48, f1: 15.33
epoch: 117, val_loss:2.874283, acc: 21.53, bacc: 24.47, tmp_test_f1: 10.24, f1: 15.33
epoch: 118, val_loss:3.353394, acc: 21.53, bacc: 24.47, tmp_test_f1: 14.75, f1: 15.33
test_f1 CountNotImproved reset to 0 in epoch 119
epoch: 119, val_loss:2.339427, acc: 29.68, bacc: 23.93, tmp_test_f1: 18.72, f1: 18.72
epoch: 120, val_loss:2.054861, acc: 29.68, bacc: 23.93, tmp_test_f1: 18.68, f1: 18.72
epoch: 121, val_loss:2.132039, acc: 29.68, bacc: 23.93, tmp_test_f1: 16.81, f1: 18.72
epoch: 122, val_loss:2.554916, acc: 29.68, bacc: 23.93, tmp_test_f1: 14.90, f1: 18.72
epoch: 123, val_loss:3.465415, acc: 29.68, bacc: 23.93, tmp_test_f1: 16.49, f1: 18.72
epoch: 124, val_loss:2.648073, acc: 29.68, bacc: 23.93, tmp_test_f1: 17.25, f1: 18.72
epoch: 125, val_loss:2.364546, acc: 29.68, bacc: 23.93, tmp_test_f1: 17.30, f1: 18.72
epoch: 126, val_loss:2.440751, acc: 29.68, bacc: 23.93, tmp_test_f1: 17.09, f1: 18.72
epoch: 127, val_loss:2.665911, acc: 29.68, bacc: 23.93, tmp_test_f1: 16.50, f1: 18.72
epoch: 128, val_loss:3.008631, acc: 29.68, bacc: 23.93, tmp_test_f1: 16.55, f1: 18.72
epoch: 129, val_loss:3.475455, acc: 29.68, bacc: 23.93, tmp_test_f1: 15.31, f1: 18.72
epoch: 130, val_loss:3.406628, acc: 29.68, bacc: 23.93, tmp_test_f1: 15.94, f1: 18.72
epoch: 131, val_loss:3.141943, acc: 29.68, bacc: 23.93, tmp_test_f1: 16.56, f1: 18.72
epoch: 132, val_loss:3.024606, acc: 29.68, bacc: 23.93, tmp_test_f1: 15.99, f1: 18.72
epoch: 133, val_loss:3.144835, acc: 29.68, bacc: 23.93, tmp_test_f1: 14.70, f1: 18.72
epoch: 134, val_loss:3.642823, acc: 29.68, bacc: 23.93, tmp_test_f1: 14.42, f1: 18.72
epoch: 135, val_loss:4.041534, acc: 29.68, bacc: 23.93, tmp_test_f1: 16.09, f1: 18.72
epoch: 136, val_loss:3.219023, acc: 29.68, bacc: 23.93, tmp_test_f1: 16.76, f1: 18.72
epoch: 137, val_loss:3.065158, acc: 29.68, bacc: 23.93, tmp_test_f1: 15.65, f1: 18.72
test_f1 CountNotImproved reset to 0 in epoch 138
epoch: 138, val_loss:3.317503, acc: 31.42, bacc: 33.14, tmp_test_f1: 21.44, f1: 21.44
test_f1 CountNotImproved reset to 0 in epoch 139
epoch: 139, val_loss:4.493288, acc: 31.25, bacc: 33.09, tmp_test_f1: 21.73, f1: 21.73
epoch: 140, val_loss:4.084103, acc: 31.25, bacc: 33.09, tmp_test_f1: 21.18, f1: 21.73
epoch: 141, val_loss:3.499378, acc: 31.25, bacc: 33.09, tmp_test_f1: 21.04, f1: 21.73
epoch: 142, val_loss:3.297756, acc: 31.25, bacc: 33.09, tmp_test_f1: 21.42, f1: 21.73
epoch: 143, val_loss:3.927485, acc: 31.25, bacc: 33.09, tmp_test_f1: 21.39, f1: 21.73
test_f1 CountNotImproved reset to 0 in epoch 144
epoch: 144, val_loss:4.616094, acc: 29.38, bacc: 31.45, tmp_test_f1: 22.20, f1: 22.20
test_f1 CountNotImproved reset to 0 in epoch 145
epoch: 145, val_loss:4.951983, acc: 31.89, bacc: 33.52, tmp_test_f1: 23.99, f1: 23.99
test_f1 CountNotImproved reset to 0 in epoch 146
epoch: 146, val_loss:4.078732, acc: 32.78, bacc: 34.27, tmp_test_f1: 24.97, f1: 24.97
epoch: 147, val_loss:3.773620, acc: 32.78, bacc: 34.27, tmp_test_f1: 23.00, f1: 24.97
epoch: 148, val_loss:4.208586, acc: 32.78, bacc: 34.27, tmp_test_f1: 22.86, f1: 24.97
epoch: 149, val_loss:5.131939, acc: 32.78, bacc: 34.27, tmp_test_f1: 19.48, f1: 24.97
epoch: 150, val_loss:2.899832, acc: 32.78, bacc: 34.27, tmp_test_f1: 20.47, f1: 24.97
epoch: 151, val_loss:2.248524, acc: 32.78, bacc: 34.27, tmp_test_f1: 19.99, f1: 24.97
epoch: 152, val_loss:2.475091, acc: 32.78, bacc: 34.27, tmp_test_f1: 19.09, f1: 24.97
epoch: 153, val_loss:3.832110, acc: 32.78, bacc: 34.27, tmp_test_f1: 19.16, f1: 24.97
epoch: 154, val_loss:3.606394, acc: 32.78, bacc: 34.27, tmp_test_f1: 22.62, f1: 24.97
epoch: 155, val_loss:2.347700, acc: 32.78, bacc: 34.27, tmp_test_f1: 24.35, f1: 24.97
epoch: 156, val_loss:2.032055, acc: 32.78, bacc: 34.27, tmp_test_f1: 24.24, f1: 24.97
epoch: 157, val_loss:2.172997, acc: 32.78, bacc: 34.27, tmp_test_f1: 19.39, f1: 24.97
epoch: 158, val_loss:2.961706, acc: 32.78, bacc: 34.27, tmp_test_f1: 19.02, f1: 24.97
epoch: 159, val_loss:3.094848, acc: 32.78, bacc: 34.27, tmp_test_f1: 23.69, f1: 24.97
test_f1 CountNotImproved reset to 0 in epoch 160
epoch: 160, val_loss:2.334642, acc: 32.82, bacc: 27.86, tmp_test_f1: 25.56, f1: 25.56
epoch: 161, val_loss:2.043883, acc: 32.82, bacc: 27.86, tmp_test_f1: 24.81, f1: 25.56
epoch: 162, val_loss:2.163140, acc: 32.82, bacc: 27.86, tmp_test_f1: 21.00, f1: 25.56
epoch: 163, val_loss:2.853934, acc: 32.82, bacc: 27.86, tmp_test_f1: 18.84, f1: 25.56
epoch: 164, val_loss:3.594545, acc: 32.82, bacc: 27.86, tmp_test_f1: 24.73, f1: 25.56
test_f1 CountNotImproved reset to 0 in epoch 165
epoch: 165, val_loss:3.048559, acc: 28.24, bacc: 26.94, tmp_test_f1: 25.56, f1: 25.56
epoch: 166, val_loss:2.294731, acc: 28.24, bacc: 26.94, tmp_test_f1: 23.58, f1: 25.56
epoch: 167, val_loss:2.181655, acc: 28.24, bacc: 26.94, tmp_test_f1: 24.06, f1: 25.56
epoch: 168, val_loss:2.509235, acc: 28.24, bacc: 26.94, tmp_test_f1: 23.54, f1: 25.56
epoch: 169, val_loss:3.225688, acc: 28.24, bacc: 26.94, tmp_test_f1: 22.85, f1: 25.56
epoch: 170, val_loss:3.921052, acc: 28.24, bacc: 26.94, tmp_test_f1: 22.63, f1: 25.56
epoch: 171, val_loss:2.924328, acc: 28.24, bacc: 26.94, tmp_test_f1: 22.43, f1: 25.56
epoch: 172, val_loss:2.264503, acc: 28.24, bacc: 26.94, tmp_test_f1: 22.73, f1: 25.56
epoch: 173, val_loss:2.250348, acc: 28.24, bacc: 26.94, tmp_test_f1: 23.45, f1: 25.56
epoch: 174, val_loss:2.888703, acc: 28.24, bacc: 26.94, tmp_test_f1: 24.29, f1: 25.56
epoch: 175, val_loss:3.698529, acc: 28.24, bacc: 26.94, tmp_test_f1: 19.63, f1: 25.56
epoch: 176, val_loss:3.221741, acc: 28.24, bacc: 26.94, tmp_test_f1: 22.11, f1: 25.56
epoch: 177, val_loss:2.513588, acc: 28.24, bacc: 26.94, tmp_test_f1: 22.02, f1: 25.56
epoch: 178, val_loss:2.447933, acc: 28.24, bacc: 26.94, tmp_test_f1: 22.10, f1: 25.56
epoch: 179, val_loss:2.565862, acc: 28.24, bacc: 26.94, tmp_test_f1: 20.50, f1: 25.56
epoch: 180, val_loss:2.823600, acc: 28.24, bacc: 26.94, tmp_test_f1: 21.13, f1: 25.56
epoch: 181, val_loss:2.767666, acc: 28.24, bacc: 26.94, tmp_test_f1: 21.43, f1: 25.56
epoch: 182, val_loss:2.563566, acc: 28.24, bacc: 26.94, tmp_test_f1: 22.05, f1: 25.56
epoch: 183, val_loss:2.509758, acc: 28.24, bacc: 26.94, tmp_test_f1: 22.10, f1: 25.56
epoch: 184, val_loss:2.634184, acc: 28.24, bacc: 26.94, tmp_test_f1: 22.09, f1: 25.56
epoch: 185, val_loss:2.677248, acc: 28.24, bacc: 26.94, tmp_test_f1: 22.01, f1: 25.56
epoch: 186, val_loss:2.639131, acc: 28.24, bacc: 26.94, tmp_test_f1: 24.76, f1: 25.56
test_f1 CountNotImproved reset to 0 in epoch 187
epoch: 187, val_loss:2.173689, acc: 29.72, bacc: 29.08, tmp_test_f1: 25.99, f1: 25.99
test_f1 CountNotImproved reset to 0 in epoch 188
epoch: 188, val_loss:2.241572, acc: 29.34, bacc: 30.65, tmp_test_f1: 27.35, f1: 27.35
epoch: 189, val_loss:2.433934, acc: 29.34, bacc: 30.65, tmp_test_f1: 27.27, f1: 27.35
epoch: 190, val_loss:2.727104, acc: 29.34, bacc: 30.65, tmp_test_f1: 25.27, f1: 27.35
epoch: 191, val_loss:2.200314, acc: 29.34, bacc: 30.65, tmp_test_f1: 24.83, f1: 27.35
epoch: 192, val_loss:2.057671, acc: 29.34, bacc: 30.65, tmp_test_f1: 26.66, f1: 27.35
epoch: 193, val_loss:2.581599, acc: 29.34, bacc: 30.65, tmp_test_f1: 24.96, f1: 27.35
test_f1 CountNotImproved reset to 0 in epoch 194
epoch: 194, val_loss:3.507963, acc: 32.87, bacc: 34.80, tmp_test_f1: 27.44, f1: 27.44
epoch: 195, val_loss:2.819343, acc: 32.87, bacc: 34.80, tmp_test_f1: 25.02, f1: 27.44
epoch: 196, val_loss:2.149759, acc: 32.87, bacc: 34.80, tmp_test_f1: 25.38, f1: 27.44
epoch: 197, val_loss:2.146032, acc: 32.87, bacc: 34.80, tmp_test_f1: 26.48, f1: 27.44
epoch: 198, val_loss:2.723249, acc: 32.87, bacc: 34.80, tmp_test_f1: 25.15, f1: 27.44
epoch: 199, val_loss:3.331491, acc: 32.87, bacc: 34.80, tmp_test_f1: 23.33, f1: 27.44
epoch: 200, val_loss:2.416139, acc: 32.87, bacc: 34.80, tmp_test_f1: 25.05, f1: 27.44
epoch: 201, val_loss:2.134172, acc: 32.87, bacc: 34.80, tmp_test_f1: 24.41, f1: 27.44
epoch: 202, val_loss:2.322009, acc: 32.87, bacc: 34.80, tmp_test_f1: 22.70, f1: 27.44
epoch: 203, val_loss:2.863010, acc: 32.87, bacc: 34.80, tmp_test_f1: 24.06, f1: 27.44
epoch: 204, val_loss:3.190408, acc: 32.87, bacc: 34.80, tmp_test_f1: 23.76, f1: 27.44
epoch: 205, val_loss:2.804690, acc: 32.87, bacc: 34.80, tmp_test_f1: 24.39, f1: 27.44
epoch: 206, val_loss:2.485674, acc: 32.87, bacc: 34.80, tmp_test_f1: 24.92, f1: 27.44
epoch: 207, val_loss:2.428966, acc: 32.87, bacc: 34.80, tmp_test_f1: 22.98, f1: 27.44
epoch: 208, val_loss:2.866596, acc: 32.87, bacc: 34.80, tmp_test_f1: 22.05, f1: 27.44
epoch: 209, val_loss:3.115976, acc: 32.87, bacc: 34.80, tmp_test_f1: 25.38, f1: 27.44
epoch: 210, val_loss:2.735490, acc: 32.87, bacc: 34.80, tmp_test_f1: 26.23, f1: 27.44
epoch: 211, val_loss:2.394504, acc: 32.87, bacc: 34.80, tmp_test_f1: 26.58, f1: 27.44
test_f1 CountNotImproved reset to 0 in epoch 212
epoch: 212, val_loss:2.188084, acc: 31.46, bacc: 29.31, tmp_test_f1: 27.71, f1: 27.71
epoch: 213, val_loss:2.267659, acc: 31.46, bacc: 29.31, tmp_test_f1: 26.38, f1: 27.71
epoch: 214, val_loss:2.623615, acc: 31.46, bacc: 29.31, tmp_test_f1: 26.25, f1: 27.71
epoch: 215, val_loss:2.528682, acc: 31.46, bacc: 29.31, tmp_test_f1: 25.59, f1: 27.71
epoch: 216, val_loss:2.197170, acc: 31.46, bacc: 29.31, tmp_test_f1: 25.82, f1: 27.71
epoch: 217, val_loss:2.169449, acc: 31.46, bacc: 29.31, tmp_test_f1: 26.23, f1: 27.71
epoch: 218, val_loss:2.426083, acc: 31.46, bacc: 29.31, tmp_test_f1: 27.27, f1: 27.71
test_f1 CountNotImproved reset to 0 in epoch 219
epoch: 219, val_loss:3.407149, acc: 31.42, bacc: 33.72, tmp_test_f1: 28.09, f1: 28.09
epoch: 220, val_loss:3.267081, acc: 31.42, bacc: 33.72, tmp_test_f1: 24.37, f1: 28.09
epoch: 221, val_loss:2.220744, acc: 31.42, bacc: 33.72, tmp_test_f1: 23.17, f1: 28.09
epoch: 222, val_loss:2.107314, acc: 31.42, bacc: 33.72, tmp_test_f1: 24.99, f1: 28.09
epoch: 223, val_loss:2.543538, acc: 31.42, bacc: 33.72, tmp_test_f1: 19.14, f1: 28.09
epoch: 224, val_loss:3.801547, acc: 31.42, bacc: 33.72, tmp_test_f1: 22.15, f1: 28.09
epoch: 225, val_loss:2.801750, acc: 31.42, bacc: 33.72, tmp_test_f1: 24.47, f1: 28.09
epoch: 226, val_loss:2.168924, acc: 31.42, bacc: 33.72, tmp_test_f1: 24.81, f1: 28.09
epoch: 227, val_loss:2.234498, acc: 31.42, bacc: 33.72, tmp_test_f1: 22.19, f1: 28.09
epoch: 228, val_loss:2.833793, acc: 31.42, bacc: 33.72, tmp_test_f1: 22.82, f1: 28.09
epoch: 229, val_loss:2.770476, acc: 31.42, bacc: 33.72, tmp_test_f1: 24.76, f1: 28.09
epoch: 230, val_loss:2.408996, acc: 31.42, bacc: 33.72, tmp_test_f1: 25.09, f1: 28.09
epoch: 231, val_loss:2.338200, acc: 31.42, bacc: 33.72, tmp_test_f1: 23.90, f1: 28.09
epoch: 232, val_loss:2.458075, acc: 31.42, bacc: 33.72, tmp_test_f1: 21.86, f1: 28.09
epoch: 233, val_loss:2.769433, acc: 31.42, bacc: 33.72, tmp_test_f1: 20.67, f1: 28.09
epoch: 234, val_loss:2.897065, acc: 31.42, bacc: 33.72, tmp_test_f1: 21.71, f1: 28.09
Epoch 00235: reducing learning rate of group 0 to 5.0000e-02.
epoch: 235, val_loss:2.817585, acc: 31.42, bacc: 33.72, tmp_test_f1: 22.38, f1: 28.09
epoch: 236, val_loss:2.713456, acc: 31.42, bacc: 33.72, tmp_test_f1: 26.04, f1: 28.09
epoch: 237, val_loss:2.671739, acc: 31.42, bacc: 33.72, tmp_test_f1: 27.03, f1: 28.09
epoch: 238, val_loss:2.771456, acc: 31.42, bacc: 33.72, tmp_test_f1: 26.92, f1: 28.09
epoch: 239, val_loss:2.955986, acc: 31.42, bacc: 33.72, tmp_test_f1: 26.71, f1: 28.09
epoch: 240, val_loss:3.161201, acc: 31.42, bacc: 33.72, tmp_test_f1: 26.33, f1: 28.09
epoch: 241, val_loss:2.860030, acc: 31.42, bacc: 33.72, tmp_test_f1: 26.05, f1: 28.09
epoch: 242, val_loss:2.638661, acc: 31.42, bacc: 33.72, tmp_test_f1: 25.89, f1: 28.09
epoch: 243, val_loss:2.389528, acc: 31.42, bacc: 33.72, tmp_test_f1: 23.92, f1: 28.09
epoch: 244, val_loss:2.448689, acc: 31.42, bacc: 33.72, tmp_test_f1: 23.53, f1: 28.09
epoch: 245, val_loss:2.660267, acc: 31.42, bacc: 33.72, tmp_test_f1: 22.42, f1: 28.09
epoch: 246, val_loss:2.860609, acc: 31.42, bacc: 33.72, tmp_test_f1: 22.23, f1: 28.09
epoch: 247, val_loss:2.830983, acc: 31.42, bacc: 33.72, tmp_test_f1: 23.71, f1: 28.09
epoch: 248, val_loss:2.693664, acc: 31.42, bacc: 33.72, tmp_test_f1: 24.20, f1: 28.09
epoch: 249, val_loss:2.523058, acc: 31.42, bacc: 33.72, tmp_test_f1: 24.58, f1: 28.09
epoch: 250, val_loss:2.471738, acc: 31.42, bacc: 33.72, tmp_test_f1: 25.03, f1: 28.09
epoch: 251, val_loss:2.507161, acc: 31.42, bacc: 33.72, tmp_test_f1: 24.41, f1: 28.09
epoch: 252, val_loss:2.624087, acc: 31.42, bacc: 33.72, tmp_test_f1: 23.87, f1: 28.09
epoch: 253, val_loss:2.760504, acc: 31.42, bacc: 33.72, tmp_test_f1: 25.01, f1: 28.09
epoch: 254, val_loss:2.854193, acc: 31.42, bacc: 33.72, tmp_test_f1: 25.92, f1: 28.09
epoch: 255, val_loss:2.930472, acc: 31.42, bacc: 33.72, tmp_test_f1: 26.76, f1: 28.09
epoch: 256, val_loss:2.785481, acc: 31.42, bacc: 33.72, tmp_test_f1: 27.00, f1: 28.09
epoch: 257, val_loss:2.625274, acc: 31.42, bacc: 33.72, tmp_test_f1: 26.45, f1: 28.09
epoch: 258, val_loss:2.567600, acc: 31.42, bacc: 33.72, tmp_test_f1: 26.25, f1: 28.09
epoch: 259, val_loss:2.628414, acc: 31.42, bacc: 33.72, tmp_test_f1: 25.96, f1: 28.09
epoch: 260, val_loss:2.488065, acc: 31.42, bacc: 33.72, tmp_test_f1: 25.40, f1: 28.09
epoch: 261, val_loss:2.557384, acc: 31.42, bacc: 33.72, tmp_test_f1: 25.32, f1: 28.09
epoch: 262, val_loss:2.737687, acc: 31.42, bacc: 33.72, tmp_test_f1: 25.29, f1: 28.09
epoch: 263, val_loss:2.759993, acc: 31.42, bacc: 33.72, tmp_test_f1: 25.04, f1: 28.09
epoch: 264, val_loss:2.593392, acc: 31.42, bacc: 33.72, tmp_test_f1: 25.60, f1: 28.09
epoch: 265, val_loss:2.467340, acc: 31.42, bacc: 33.72, tmp_test_f1: 25.83, f1: 28.09
epoch: 266, val_loss:2.416496, acc: 31.42, bacc: 33.72, tmp_test_f1: 26.03, f1: 28.09
epoch: 267, val_loss:2.431377, acc: 31.42, bacc: 33.72, tmp_test_f1: 26.34, f1: 28.09
epoch: 268, val_loss:2.528524, acc: 31.42, bacc: 33.72, tmp_test_f1: 26.75, f1: 28.09
epoch: 269, val_loss:2.579043, acc: 31.42, bacc: 33.72, tmp_test_f1: 25.61, f1: 28.09
epoch: 270, val_loss:2.602124, acc: 31.42, bacc: 33.72, tmp_test_f1: 23.83, f1: 28.09
epoch: 271, val_loss:2.668282, acc: 31.42, bacc: 33.72, tmp_test_f1: 22.78, f1: 28.09
epoch: 272, val_loss:2.604021, acc: 31.42, bacc: 33.72, tmp_test_f1: 24.40, f1: 28.09
epoch: 273, val_loss:2.397954, acc: 31.42, bacc: 33.72, tmp_test_f1: 24.36, f1: 28.09
epoch: 274, val_loss:2.370433, acc: 31.42, bacc: 33.72, tmp_test_f1: 23.71, f1: 28.09
epoch: 275, val_loss:2.474368, acc: 31.42, bacc: 33.72, tmp_test_f1: 23.25, f1: 28.09
epoch: 276, val_loss:2.606766, acc: 31.42, bacc: 33.72, tmp_test_f1: 23.32, f1: 28.09
epoch: 277, val_loss:2.595955, acc: 31.42, bacc: 33.72, tmp_test_f1: 24.36, f1: 28.09
epoch: 278, val_loss:2.501182, acc: 31.42, bacc: 33.72, tmp_test_f1: 25.15, f1: 28.09
epoch: 279, val_loss:2.387109, acc: 31.42, bacc: 33.72, tmp_test_f1: 24.93, f1: 28.09
epoch: 280, val_loss:2.346102, acc: 31.42, bacc: 33.72, tmp_test_f1: 24.37, f1: 28.09
epoch: 281, val_loss:2.454835, acc: 31.42, bacc: 33.72, tmp_test_f1: 23.45, f1: 28.09
epoch: 282, val_loss:2.628123, acc: 31.42, bacc: 33.72, tmp_test_f1: 23.23, f1: 28.09
epoch: 283, val_loss:2.687483, acc: 31.42, bacc: 33.72, tmp_test_f1: 24.78, f1: 28.09
epoch: 284, val_loss:2.628815, acc: 31.42, bacc: 33.72, tmp_test_f1: 25.00, f1: 28.09
epoch: 285, val_loss:2.544837, acc: 31.42, bacc: 33.72, tmp_test_f1: 25.47, f1: 28.09
epoch: 286, val_loss:2.456659, acc: 31.42, bacc: 33.72, tmp_test_f1: 25.80, f1: 28.09
epoch: 287, val_loss:2.420023, acc: 31.42, bacc: 33.72, tmp_test_f1: 26.60, f1: 28.09
epoch: 288, val_loss:2.429238, acc: 31.42, bacc: 33.72, tmp_test_f1: 26.98, f1: 28.09
epoch: 289, val_loss:2.440492, acc: 31.42, bacc: 33.72, tmp_test_f1: 26.89, f1: 28.09
epoch: 290, val_loss:2.436285, acc: 31.42, bacc: 33.72, tmp_test_f1: 27.22, f1: 28.09
epoch: 291, val_loss:2.364834, acc: 31.42, bacc: 33.72, tmp_test_f1: 26.40, f1: 28.09
epoch: 292, val_loss:2.346668, acc: 31.42, bacc: 33.72, tmp_test_f1: 26.79, f1: 28.09
epoch: 293, val_loss:2.360765, acc: 31.42, bacc: 33.72, tmp_test_f1: 27.56, f1: 28.09
epoch: 294, val_loss:2.424493, acc: 31.42, bacc: 33.72, tmp_test_f1: 27.61, f1: 28.09
epoch: 295, val_loss:2.562014, acc: 31.42, bacc: 33.72, tmp_test_f1: 27.27, f1: 28.09
test_f1 CountNotImproved reset to 0 in epoch 296
epoch: 296, val_loss:2.520115, acc: 31.51, bacc: 29.75, tmp_test_f1: 28.26, f1: 28.26
test_f1 CountNotImproved reset to 0 in epoch 297
epoch: 297, val_loss:2.435861, acc: 34.44, bacc: 34.82, tmp_test_f1: 28.41, f1: 28.41
epoch: 298, val_loss:2.388144, acc: 34.44, bacc: 34.82, tmp_test_f1: 27.88, f1: 28.41
epoch: 299, val_loss:2.365347, acc: 34.44, bacc: 34.82, tmp_test_f1: 27.46, f1: 28.41
epoch: 300, val_loss:2.456997, acc: 34.44, bacc: 34.82, tmp_test_f1: 25.79, f1: 28.41
epoch: 301, val_loss:2.621758, acc: 34.44, bacc: 34.82, tmp_test_f1: 26.91, f1: 28.41
epoch: 302, val_loss:2.459633, acc: 34.44, bacc: 34.82, tmp_test_f1: 25.91, f1: 28.41
epoch: 303, val_loss:2.101344, acc: 34.44, bacc: 34.82, tmp_test_f1: 25.35, f1: 28.41
epoch: 304, val_loss:2.039657, acc: 34.44, bacc: 34.82, tmp_test_f1: 27.00, f1: 28.41
epoch: 305, val_loss:2.157508, acc: 34.44, bacc: 34.82, tmp_test_f1: 25.46, f1: 28.41
epoch: 306, val_loss:2.483445, acc: 34.44, bacc: 34.82, tmp_test_f1: 24.91, f1: 28.41
epoch: 307, val_loss:2.741020, acc: 34.44, bacc: 34.82, tmp_test_f1: 25.83, f1: 28.41
epoch: 308, val_loss:2.605251, acc: 34.44, bacc: 34.82, tmp_test_f1: 28.29, f1: 28.41
test_f1 CountNotImproved reset to 0 in epoch 309
epoch: 309, val_loss:2.266071, acc: 32.61, bacc: 31.10, tmp_test_f1: 28.61, f1: 28.61
test_f1 CountNotImproved reset to 0 in epoch 310
epoch: 310, val_loss:2.089883, acc: 33.29, bacc: 31.11, tmp_test_f1: 29.09, f1: 29.09
test_f1 CountNotImproved reset to 0 in epoch 311
epoch: 311, val_loss:2.047502, acc: 32.57, bacc: 32.62, tmp_test_f1: 29.41, f1: 29.41
epoch: 312, val_loss:2.132327, acc: 32.57, bacc: 32.62, tmp_test_f1: 29.04, f1: 29.41
epoch: 313, val_loss:2.487103, acc: 32.57, bacc: 32.62, tmp_test_f1: 29.33, f1: 29.41
epoch: 314, val_loss:2.862678, acc: 32.57, bacc: 32.62, tmp_test_f1: 28.04, f1: 29.41
epoch: 315, val_loss:2.641103, acc: 32.57, bacc: 32.62, tmp_test_f1: 26.54, f1: 29.41
epoch: 316, val_loss:2.343656, acc: 32.57, bacc: 32.62, tmp_test_f1: 26.56, f1: 29.41
epoch: 317, val_loss:2.194901, acc: 32.57, bacc: 32.62, tmp_test_f1: 26.14, f1: 29.41
epoch: 318, val_loss:2.190714, acc: 32.57, bacc: 32.62, tmp_test_f1: 25.94, f1: 29.41
epoch: 319, val_loss:2.309967, acc: 32.57, bacc: 32.62, tmp_test_f1: 25.26, f1: 29.41
epoch: 320, val_loss:2.407757, acc: 32.57, bacc: 32.62, tmp_test_f1: 25.32, f1: 29.41
epoch: 321, val_loss:2.406950, acc: 32.57, bacc: 32.62, tmp_test_f1: 26.04, f1: 29.41
epoch: 322, val_loss:2.346121, acc: 32.57, bacc: 32.62, tmp_test_f1: 25.73, f1: 29.41
epoch: 323, val_loss:2.192168, acc: 32.57, bacc: 32.62, tmp_test_f1: 25.98, f1: 29.41
epoch: 324, val_loss:2.155804, acc: 32.57, bacc: 32.62, tmp_test_f1: 26.15, f1: 29.41
epoch: 325, val_loss:2.233470, acc: 32.57, bacc: 32.62, tmp_test_f1: 26.06, f1: 29.41
epoch: 326, val_loss:2.367973, acc: 32.57, bacc: 32.62, tmp_test_f1: 25.90, f1: 29.41
epoch: 327, val_loss:2.381969, acc: 32.57, bacc: 32.62, tmp_test_f1: 26.50, f1: 29.41
epoch: 328, val_loss:2.323237, acc: 32.57, bacc: 32.62, tmp_test_f1: 26.73, f1: 29.41
epoch: 329, val_loss:2.323420, acc: 32.57, bacc: 32.62, tmp_test_f1: 26.47, f1: 29.41
epoch: 330, val_loss:2.366595, acc: 32.57, bacc: 32.62, tmp_test_f1: 26.80, f1: 29.41
epoch: 331, val_loss:2.368426, acc: 32.57, bacc: 32.62, tmp_test_f1: 26.90, f1: 29.41
epoch: 332, val_loss:2.370698, acc: 32.57, bacc: 32.62, tmp_test_f1: 26.33, f1: 29.41
epoch: 333, val_loss:2.404492, acc: 32.57, bacc: 32.62, tmp_test_f1: 26.49, f1: 29.41
epoch: 334, val_loss:2.379538, acc: 32.57, bacc: 32.62, tmp_test_f1: 26.53, f1: 29.41
epoch: 335, val_loss:2.388198, acc: 32.57, bacc: 32.62, tmp_test_f1: 26.91, f1: 29.41
epoch: 336, val_loss:2.429786, acc: 32.57, bacc: 32.62, tmp_test_f1: 25.64, f1: 29.41
test_f1 CountNotImproved reset to 0 in epoch 337
epoch: 337, val_loss:2.559989, acc: 34.86, bacc: 37.00, tmp_test_f1: 29.54, f1: 29.54
epoch: 338, val_loss:2.590796, acc: 34.86, bacc: 37.00, tmp_test_f1: 28.70, f1: 29.54
epoch: 339, val_loss:2.462698, acc: 34.86, bacc: 37.00, tmp_test_f1: 27.57, f1: 29.54
epoch: 340, val_loss:2.308142, acc: 34.86, bacc: 37.00, tmp_test_f1: 27.29, f1: 29.54
epoch: 341, val_loss:2.263165, acc: 34.86, bacc: 37.00, tmp_test_f1: 27.01, f1: 29.54
epoch: 342, val_loss:2.321744, acc: 34.86, bacc: 37.00, tmp_test_f1: 26.84, f1: 29.54
epoch: 343, val_loss:2.517981, acc: 34.86, bacc: 37.00, tmp_test_f1: 26.94, f1: 29.54
epoch: 344, val_loss:2.574037, acc: 34.86, bacc: 37.00, tmp_test_f1: 26.96, f1: 29.54
epoch: 345, val_loss:2.493637, acc: 34.86, bacc: 37.00, tmp_test_f1: 27.09, f1: 29.54
epoch: 346, val_loss:2.264909, acc: 34.86, bacc: 37.00, tmp_test_f1: 26.80, f1: 29.54
epoch: 347, val_loss:2.173227, acc: 34.86, bacc: 37.00, tmp_test_f1: 27.10, f1: 29.54
epoch: 348, val_loss:2.248237, acc: 34.86, bacc: 37.00, tmp_test_f1: 27.57, f1: 29.54
epoch: 349, val_loss:2.636365, acc: 34.86, bacc: 37.00, tmp_test_f1: 27.19, f1: 29.54
epoch: 350, val_loss:2.777200, acc: 34.86, bacc: 37.00, tmp_test_f1: 27.14, f1: 29.54
epoch: 351, val_loss:2.584345, acc: 34.86, bacc: 37.00, tmp_test_f1: 26.21, f1: 29.54
epoch: 352, val_loss:2.277994, acc: 34.86, bacc: 37.00, tmp_test_f1: 25.48, f1: 29.54
epoch: 353, val_loss:2.197427, acc: 34.86, bacc: 37.00, tmp_test_f1: 25.86, f1: 29.54
epoch: 354, val_loss:2.254874, acc: 34.86, bacc: 37.00, tmp_test_f1: 27.57, f1: 29.54
epoch: 355, val_loss:2.405952, acc: 34.86, bacc: 37.00, tmp_test_f1: 25.70, f1: 29.54
epoch: 356, val_loss:2.631038, acc: 34.86, bacc: 37.00, tmp_test_f1: 25.15, f1: 29.54
epoch: 357, val_loss:2.746456, acc: 34.86, bacc: 37.00, tmp_test_f1: 26.27, f1: 29.54
epoch: 358, val_loss:2.612952, acc: 34.86, bacc: 37.00, tmp_test_f1: 26.11, f1: 29.54
epoch: 359, val_loss:2.439184, acc: 34.86, bacc: 37.00, tmp_test_f1: 26.24, f1: 29.54
epoch: 360, val_loss:2.366654, acc: 34.86, bacc: 37.00, tmp_test_f1: 26.01, f1: 29.54
epoch: 361, val_loss:2.409842, acc: 34.86, bacc: 37.00, tmp_test_f1: 25.55, f1: 29.54
epoch: 362, val_loss:2.523832, acc: 34.86, bacc: 37.00, tmp_test_f1: 25.44, f1: 29.54
epoch: 363, val_loss:2.633769, acc: 34.86, bacc: 37.00, tmp_test_f1: 25.02, f1: 29.54
epoch: 364, val_loss:2.815680, acc: 34.86, bacc: 37.00, tmp_test_f1: 27.55, f1: 29.54
epoch: 365, val_loss:2.600038, acc: 34.86, bacc: 37.00, tmp_test_f1: 26.59, f1: 29.54
epoch: 366, val_loss:2.397170, acc: 34.86, bacc: 37.00, tmp_test_f1: 27.17, f1: 29.54
epoch: 367, val_loss:2.435876, acc: 34.86, bacc: 37.00, tmp_test_f1: 27.73, f1: 29.54
epoch: 368, val_loss:2.530692, acc: 34.86, bacc: 37.00, tmp_test_f1: 27.99, f1: 29.54
epoch: 369, val_loss:2.778027, acc: 34.86, bacc: 37.00, tmp_test_f1: 28.45, f1: 29.54
epoch: 370, val_loss:2.645409, acc: 34.86, bacc: 37.00, tmp_test_f1: 28.73, f1: 29.54
epoch: 371, val_loss:2.482327, acc: 34.86, bacc: 37.00, tmp_test_f1: 28.72, f1: 29.54
epoch: 372, val_loss:2.395880, acc: 34.86, bacc: 37.00, tmp_test_f1: 28.20, f1: 29.54
epoch: 373, val_loss:2.396534, acc: 34.86, bacc: 37.00, tmp_test_f1: 27.90, f1: 29.54
epoch: 374, val_loss:2.427713, acc: 34.86, bacc: 37.00, tmp_test_f1: 28.02, f1: 29.54
epoch: 375, val_loss:2.524471, acc: 34.86, bacc: 37.00, tmp_test_f1: 28.21, f1: 29.54
epoch: 376, val_loss:2.615212, acc: 34.86, bacc: 37.00, tmp_test_f1: 28.26, f1: 29.54
epoch: 377, val_loss:2.540118, acc: 34.86, bacc: 37.00, tmp_test_f1: 27.96, f1: 29.54
epoch: 378, val_loss:2.484061, acc: 34.86, bacc: 37.00, tmp_test_f1: 26.38, f1: 29.54
epoch: 379, val_loss:2.346235, acc: 34.86, bacc: 37.00, tmp_test_f1: 26.05, f1: 29.54
epoch: 380, val_loss:2.302673, acc: 34.86, bacc: 37.00, tmp_test_f1: 25.48, f1: 29.54
epoch: 381, val_loss:2.363189, acc: 34.86, bacc: 37.00, tmp_test_f1: 25.62, f1: 29.54
epoch: 382, val_loss:2.565432, acc: 34.86, bacc: 37.00, tmp_test_f1: 26.24, f1: 29.54
epoch: 383, val_loss:2.870259, acc: 34.86, bacc: 37.00, tmp_test_f1: 26.49, f1: 29.54
epoch: 384, val_loss:2.772794, acc: 34.86, bacc: 37.00, tmp_test_f1: 24.72, f1: 29.54
epoch: 385, val_loss:2.542047, acc: 34.86, bacc: 37.00, tmp_test_f1: 24.72, f1: 29.54
epoch: 386, val_loss:2.506387, acc: 34.86, bacc: 37.00, tmp_test_f1: 26.26, f1: 29.54
epoch: 387, val_loss:2.606570, acc: 34.86, bacc: 37.00, tmp_test_f1: 27.67, f1: 29.54
epoch: 388, val_loss:2.918916, acc: 34.86, bacc: 37.00, tmp_test_f1: 27.81, f1: 29.54
epoch: 389, val_loss:2.812470, acc: 34.86, bacc: 37.00, tmp_test_f1: 27.80, f1: 29.54
test_f1 CountNotImproved reset to 0 in epoch 390
epoch: 390, val_loss:2.608629, acc: 33.89, bacc: 31.87, tmp_test_f1: 30.86, f1: 30.86
epoch: 391, val_loss:2.502502, acc: 33.89, bacc: 31.87, tmp_test_f1: 27.54, f1: 30.86
epoch: 392, val_loss:2.528701, acc: 33.89, bacc: 31.87, tmp_test_f1: 28.35, f1: 30.86
epoch: 393, val_loss:2.645550, acc: 33.89, bacc: 31.87, tmp_test_f1: 24.18, f1: 30.86
epoch: 394, val_loss:2.990671, acc: 33.89, bacc: 31.87, tmp_test_f1: 24.04, f1: 30.86
epoch: 395, val_loss:3.188095, acc: 33.89, bacc: 31.87, tmp_test_f1: 27.19, f1: 30.86
epoch: 396, val_loss:2.817425, acc: 33.89, bacc: 31.87, tmp_test_f1: 27.55, f1: 30.86
epoch: 397, val_loss:2.492591, acc: 33.89, bacc: 31.87, tmp_test_f1: 26.79, f1: 30.86
epoch: 398, val_loss:2.384556, acc: 33.89, bacc: 31.87, tmp_test_f1: 27.32, f1: 30.86
epoch: 399, val_loss:2.537040, acc: 33.89, bacc: 31.87, tmp_test_f1: 27.60, f1: 30.86
epoch: 400, val_loss:2.815160, acc: 33.89, bacc: 31.87, tmp_test_f1: 27.79, f1: 30.86
epoch: 401, val_loss:3.032393, acc: 33.89, bacc: 31.87, tmp_test_f1: 27.02, f1: 30.86
epoch: 402, val_loss:2.870300, acc: 33.89, bacc: 31.87, tmp_test_f1: 23.63, f1: 30.86
epoch: 403, val_loss:2.210904, acc: 33.89, bacc: 31.87, tmp_test_f1: 20.82, f1: 30.86
epoch: 404, val_loss:2.127474, acc: 33.89, bacc: 31.87, tmp_test_f1: 24.72, f1: 30.86
epoch: 405, val_loss:2.228805, acc: 33.89, bacc: 31.87, tmp_test_f1: 28.23, f1: 30.86
epoch: 406, val_loss:2.936740, acc: 33.89, bacc: 31.87, tmp_test_f1: 24.25, f1: 30.86
epoch: 407, val_loss:4.003175, acc: 33.89, bacc: 31.87, tmp_test_f1: 26.23, f1: 30.86
epoch: 408, val_loss:3.660879, acc: 33.89, bacc: 31.87, tmp_test_f1: 26.92, f1: 30.86
epoch: 409, val_loss:2.625893, acc: 33.89, bacc: 31.87, tmp_test_f1: 23.52, f1: 30.86
epoch: 410, val_loss:2.278184, acc: 33.89, bacc: 31.87, tmp_test_f1: 23.07, f1: 30.86
epoch: 411, val_loss:2.235017, acc: 33.89, bacc: 31.87, tmp_test_f1: 25.54, f1: 30.86
epoch: 412, val_loss:2.377269, acc: 33.89, bacc: 31.87, tmp_test_f1: 27.61, f1: 30.86
epoch: 413, val_loss:2.816581, acc: 33.89, bacc: 31.87, tmp_test_f1: 25.88, f1: 30.86
epoch: 414, val_loss:3.435672, acc: 33.89, bacc: 31.87, tmp_test_f1: 25.48, f1: 30.86
epoch: 415, val_loss:3.624029, acc: 33.89, bacc: 31.87, tmp_test_f1: 25.64, f1: 30.86
epoch: 416, val_loss:3.115106, acc: 33.89, bacc: 31.87, tmp_test_f1: 24.65, f1: 30.86
epoch: 417, val_loss:2.563530, acc: 33.89, bacc: 31.87, tmp_test_f1: 23.51, f1: 30.86
epoch: 418, val_loss:2.404676, acc: 33.89, bacc: 31.87, tmp_test_f1: 23.73, f1: 30.86
epoch: 419, val_loss:2.463454, acc: 33.89, bacc: 31.87, tmp_test_f1: 25.59, f1: 30.86
epoch: 420, val_loss:2.723839, acc: 33.89, bacc: 31.87, tmp_test_f1: 26.58, f1: 30.86
epoch: 421, val_loss:3.203571, acc: 33.89, bacc: 31.87, tmp_test_f1: 26.21, f1: 30.86
epoch: 422, val_loss:3.609913, acc: 33.89, bacc: 31.87, tmp_test_f1: 26.49, f1: 30.86
epoch: 423, val_loss:3.634295, acc: 33.89, bacc: 31.87, tmp_test_f1: 26.63, f1: 30.86
epoch: 424, val_loss:3.248513, acc: 33.89, bacc: 31.87, tmp_test_f1: 26.65, f1: 30.86
epoch: 425, val_loss:2.801709, acc: 33.89, bacc: 31.87, tmp_test_f1: 24.87, f1: 30.86
epoch: 426, val_loss:2.501609, acc: 33.89, bacc: 31.87, tmp_test_f1: 25.06, f1: 30.86
epoch: 427, val_loss:2.446380, acc: 33.89, bacc: 31.87, tmp_test_f1: 24.81, f1: 30.86
epoch: 428, val_loss:2.543089, acc: 33.89, bacc: 31.87, tmp_test_f1: 25.57, f1: 30.86
epoch: 429, val_loss:2.729272, acc: 33.89, bacc: 31.87, tmp_test_f1: 24.27, f1: 30.86
epoch: 430, val_loss:3.029924, acc: 33.89, bacc: 31.87, tmp_test_f1: 22.93, f1: 30.86
epoch: 431, val_loss:3.236085, acc: 33.89, bacc: 31.87, tmp_test_f1: 24.12, f1: 30.86
epoch: 432, val_loss:2.964980, acc: 33.89, bacc: 31.87, tmp_test_f1: 24.64, f1: 30.86
epoch: 433, val_loss:2.684966, acc: 33.89, bacc: 31.87, tmp_test_f1: 25.10, f1: 30.86
epoch: 434, val_loss:2.480958, acc: 33.89, bacc: 31.87, tmp_test_f1: 25.07, f1: 30.86
epoch: 435, val_loss:2.440840, acc: 33.89, bacc: 31.87, tmp_test_f1: 25.17, f1: 30.86
Epoch 00436: reducing learning rate of group 0 to 2.5000e-02.
epoch: 436, val_loss:2.547586, acc: 33.89, bacc: 31.87, tmp_test_f1: 24.24, f1: 30.86
epoch: 437, val_loss:2.810946, acc: 33.89, bacc: 31.87, tmp_test_f1: 29.40, f1: 30.86
epoch: 438, val_loss:2.950076, acc: 33.89, bacc: 31.87, tmp_test_f1: 28.81, f1: 30.86
epoch: 439, val_loss:3.069010, acc: 33.89, bacc: 31.87, tmp_test_f1: 28.07, f1: 30.86
epoch: 440, val_loss:3.152402, acc: 33.89, bacc: 31.87, tmp_test_f1: 28.18, f1: 30.86
epoch: 441, val_loss:3.139312, acc: 33.89, bacc: 31.87, tmp_test_f1: 28.15, f1: 30.86
epoch: 442, val_loss:2.923935, acc: 33.89, bacc: 31.87, tmp_test_f1: 28.43, f1: 30.86
epoch: 443, val_loss:2.763566, acc: 33.89, bacc: 31.87, tmp_test_f1: 28.05, f1: 30.86
epoch: 444, val_loss:2.649282, acc: 33.89, bacc: 31.87, tmp_test_f1: 27.89, f1: 30.86
epoch: 445, val_loss:2.588861, acc: 33.89, bacc: 31.87, tmp_test_f1: 27.35, f1: 30.86
epoch: 446, val_loss:2.570668, acc: 33.89, bacc: 31.87, tmp_test_f1: 27.92, f1: 30.86
epoch: 447, val_loss:2.572574, acc: 33.89, bacc: 31.87, tmp_test_f1: 28.10, f1: 30.86
epoch: 448, val_loss:2.567452, acc: 33.89, bacc: 31.87, tmp_test_f1: 28.07, f1: 30.86
epoch: 449, val_loss:2.577005, acc: 33.89, bacc: 31.87, tmp_test_f1: 28.24, f1: 30.86
epoch: 450, val_loss:2.604129, acc: 33.89, bacc: 31.87, tmp_test_f1: 28.16, f1: 30.86
epoch: 451, val_loss:2.580626, acc: 33.89, bacc: 31.87, tmp_test_f1: 27.84, f1: 30.86
epoch: 452, val_loss:2.533892, acc: 33.89, bacc: 31.87, tmp_test_f1: 27.55, f1: 30.86
epoch: 453, val_loss:2.509951, acc: 33.89, bacc: 31.87, tmp_test_f1: 27.50, f1: 30.86
epoch: 454, val_loss:2.525425, acc: 33.89, bacc: 31.87, tmp_test_f1: 27.49, f1: 30.86
epoch: 455, val_loss:2.523921, acc: 33.89, bacc: 31.87, tmp_test_f1: 26.99, f1: 30.86
epoch: 456, val_loss:2.496376, acc: 33.89, bacc: 31.87, tmp_test_f1: 27.03, f1: 30.86
epoch: 457, val_loss:2.460217, acc: 33.89, bacc: 31.87, tmp_test_f1: 27.57, f1: 30.86
epoch: 458, val_loss:2.411579, acc: 33.89, bacc: 31.87, tmp_test_f1: 27.12, f1: 30.86
epoch: 459, val_loss:2.383542, acc: 33.89, bacc: 31.87, tmp_test_f1: 27.40, f1: 30.86
epoch: 460, val_loss:2.400620, acc: 33.89, bacc: 31.87, tmp_test_f1: 27.39, f1: 30.86
epoch: 461, val_loss:2.429453, acc: 33.89, bacc: 31.87, tmp_test_f1: 27.33, f1: 30.86
epoch: 462, val_loss:2.472045, acc: 33.89, bacc: 31.87, tmp_test_f1: 27.89, f1: 30.86
epoch: 463, val_loss:2.495376, acc: 33.89, bacc: 31.87, tmp_test_f1: 28.52, f1: 30.86
epoch: 464, val_loss:2.555325, acc: 33.89, bacc: 31.87, tmp_test_f1: 29.10, f1: 30.86
epoch: 465, val_loss:2.645014, acc: 33.89, bacc: 31.87, tmp_test_f1: 29.24, f1: 30.86
epoch: 466, val_loss:2.649998, acc: 33.89, bacc: 31.87, tmp_test_f1: 28.15, f1: 30.86
epoch: 467, val_loss:2.611654, acc: 33.89, bacc: 31.87, tmp_test_f1: 27.80, f1: 30.86
epoch: 468, val_loss:2.591841, acc: 33.89, bacc: 31.87, tmp_test_f1: 28.32, f1: 30.86
epoch: 469, val_loss:2.544104, acc: 33.89, bacc: 31.87, tmp_test_f1: 27.86, f1: 30.86
epoch: 470, val_loss:2.495259, acc: 33.89, bacc: 31.87, tmp_test_f1: 27.53, f1: 30.86
epoch: 471, val_loss:2.504903, acc: 33.89, bacc: 31.87, tmp_test_f1: 27.48, f1: 30.86
epoch: 472, val_loss:2.550248, acc: 33.89, bacc: 31.87, tmp_test_f1: 27.56, f1: 30.86
epoch: 473, val_loss:2.583306, acc: 33.89, bacc: 31.87, tmp_test_f1: 27.58, f1: 30.86
epoch: 474, val_loss:2.617285, acc: 33.89, bacc: 31.87, tmp_test_f1: 27.66, f1: 30.86
epoch: 475, val_loss:2.639530, acc: 33.89, bacc: 31.87, tmp_test_f1: 27.18, f1: 30.86
epoch: 476, val_loss:2.587694, acc: 33.89, bacc: 31.87, tmp_test_f1: 27.07, f1: 30.86
epoch: 477, val_loss:2.591990, acc: 33.89, bacc: 31.87, tmp_test_f1: 26.30, f1: 30.86
epoch: 478, val_loss:2.415680, acc: 33.89, bacc: 31.87, tmp_test_f1: 25.29, f1: 30.86
epoch: 479, val_loss:2.307105, acc: 33.89, bacc: 31.87, tmp_test_f1: 25.43, f1: 30.86
epoch: 480, val_loss:2.289166, acc: 33.89, bacc: 31.87, tmp_test_f1: 25.72, f1: 30.86
epoch: 481, val_loss:2.336540, acc: 33.89, bacc: 31.87, tmp_test_f1: 26.70, f1: 30.86
epoch: 482, val_loss:2.446444, acc: 33.89, bacc: 31.87, tmp_test_f1: 27.54, f1: 30.86
epoch: 483, val_loss:2.624300, acc: 33.89, bacc: 31.87, tmp_test_f1: 27.68, f1: 30.86
epoch: 484, val_loss:2.812109, acc: 33.89, bacc: 31.87, tmp_test_f1: 27.71, f1: 30.86
epoch: 485, val_loss:2.858542, acc: 33.89, bacc: 31.87, tmp_test_f1: 28.10, f1: 30.86
epoch: 486, val_loss:2.772525, acc: 33.89, bacc: 31.87, tmp_test_f1: 28.07, f1: 30.86
epoch: 487, val_loss:2.591016, acc: 33.89, bacc: 31.87, tmp_test_f1: 27.00, f1: 30.86
epoch: 488, val_loss:2.454117, acc: 33.89, bacc: 31.87, tmp_test_f1: 26.60, f1: 30.86
epoch: 489, val_loss:2.369876, acc: 33.89, bacc: 31.87, tmp_test_f1: 26.61, f1: 30.86
epoch: 490, val_loss:2.354586, acc: 33.89, bacc: 31.87, tmp_test_f1: 26.67, f1: 30.86
epoch: 491, val_loss:2.411614, acc: 33.89, bacc: 31.87, tmp_test_f1: 28.16, f1: 30.86
epoch: 492, val_loss:2.525150, acc: 33.89, bacc: 31.87, tmp_test_f1: 27.86, f1: 30.86
epoch: 493, val_loss:2.675228, acc: 33.89, bacc: 31.87, tmp_test_f1: 28.20, f1: 30.86
epoch: 494, val_loss:2.828183, acc: 33.89, bacc: 31.87, tmp_test_f1: 28.38, f1: 30.86
epoch: 495, val_loss:2.873956, acc: 33.89, bacc: 31.87, tmp_test_f1: 28.63, f1: 30.86
epoch: 496, val_loss:2.784307, acc: 33.89, bacc: 31.87, tmp_test_f1: 28.85, f1: 30.86
epoch: 497, val_loss:2.648287, acc: 33.89, bacc: 31.87, tmp_test_f1: 28.31, f1: 30.86
epoch: 498, val_loss:2.534552, acc: 33.89, bacc: 31.87, tmp_test_f1: 28.94, f1: 30.86
epoch: 499, val_loss:2.423493, acc: 33.89, bacc: 31.87, tmp_test_f1: 28.98, f1: 30.86
epoch: 500, val_loss:2.407920, acc: 33.89, bacc: 31.87, tmp_test_f1: 28.97, f1: 30.86
epoch: 501, val_loss:2.493858, acc: 33.89, bacc: 31.87, tmp_test_f1: 28.71, f1: 30.86
epoch: 502, val_loss:2.628289, acc: 33.89, bacc: 31.87, tmp_test_f1: 29.09, f1: 30.86
epoch: 503, val_loss:2.775111, acc: 33.89, bacc: 31.87, tmp_test_f1: 28.64, f1: 30.86
epoch: 504, val_loss:2.836868, acc: 33.89, bacc: 31.87, tmp_test_f1: 28.86, f1: 30.86
epoch: 505, val_loss:2.794525, acc: 33.89, bacc: 31.87, tmp_test_f1: 29.34, f1: 30.86
epoch: 506, val_loss:2.663228, acc: 33.89, bacc: 31.87, tmp_test_f1: 28.55, f1: 30.86
epoch: 507, val_loss:2.514071, acc: 33.89, bacc: 31.87, tmp_test_f1: 29.00, f1: 30.86
epoch: 508, val_loss:2.414634, acc: 33.89, bacc: 31.87, tmp_test_f1: 27.82, f1: 30.86
epoch: 509, val_loss:2.349583, acc: 33.89, bacc: 31.87, tmp_test_f1: 27.89, f1: 30.86
epoch: 510, val_loss:2.363699, acc: 33.89, bacc: 31.87, tmp_test_f1: 28.24, f1: 30.86
epoch: 511, val_loss:2.441586, acc: 33.89, bacc: 31.87, tmp_test_f1: 28.10, f1: 30.86
epoch: 512, val_loss:2.545839, acc: 33.89, bacc: 31.87, tmp_test_f1: 28.73, f1: 30.86
epoch: 513, val_loss:2.668609, acc: 33.89, bacc: 31.87, tmp_test_f1: 28.86, f1: 30.86
epoch: 514, val_loss:2.705161, acc: 33.89, bacc: 31.87, tmp_test_f1: 28.67, f1: 30.86
epoch: 515, val_loss:2.682858, acc: 33.89, bacc: 31.87, tmp_test_f1: 28.32, f1: 30.86
epoch: 516, val_loss:2.574198, acc: 33.89, bacc: 31.87, tmp_test_f1: 27.92, f1: 30.86
epoch: 517, val_loss:2.447067, acc: 33.89, bacc: 31.87, tmp_test_f1: 27.52, f1: 30.86
epoch: 518, val_loss:2.352414, acc: 33.89, bacc: 31.87, tmp_test_f1: 27.19, f1: 30.86
epoch: 519, val_loss:2.330173, acc: 33.89, bacc: 31.87, tmp_test_f1: 27.55, f1: 30.86
epoch: 520, val_loss:2.351694, acc: 33.89, bacc: 31.87, tmp_test_f1: 27.19, f1: 30.86
epoch: 521, val_loss:2.439495, acc: 33.89, bacc: 31.87, tmp_test_f1: 27.87, f1: 30.86
epoch: 522, val_loss:2.574425, acc: 33.89, bacc: 31.87, tmp_test_f1: 28.25, f1: 30.86
epoch: 523, val_loss:2.798153, acc: 33.89, bacc: 31.87, tmp_test_f1: 28.36, f1: 30.86
epoch: 524, val_loss:2.864454, acc: 33.89, bacc: 31.87, tmp_test_f1: 28.29, f1: 30.86
epoch: 525, val_loss:2.790622, acc: 33.89, bacc: 31.87, tmp_test_f1: 28.12, f1: 30.86
epoch: 526, val_loss:2.680499, acc: 33.89, bacc: 31.87, tmp_test_f1: 27.85, f1: 30.86
epoch: 527, val_loss:2.608690, acc: 33.89, bacc: 31.87, tmp_test_f1: 27.61, f1: 30.86
epoch: 528, val_loss:2.590075, acc: 33.89, bacc: 31.87, tmp_test_f1: 27.66, f1: 30.86
epoch: 529, val_loss:2.550669, acc: 33.89, bacc: 31.87, tmp_test_f1: 27.16, f1: 30.86
epoch: 530, val_loss:2.498241, acc: 33.89, bacc: 31.87, tmp_test_f1: 27.51, f1: 30.86
epoch: 531, val_loss:2.490160, acc: 33.89, bacc: 31.87, tmp_test_f1: 28.15, f1: 30.86
epoch: 532, val_loss:2.537762, acc: 33.89, bacc: 31.87, tmp_test_f1: 28.05, f1: 30.86
epoch: 533, val_loss:2.700691, acc: 33.89, bacc: 31.87, tmp_test_f1: 27.80, f1: 30.86
epoch: 534, val_loss:2.872022, acc: 33.89, bacc: 31.87, tmp_test_f1: 27.70, f1: 30.86
epoch: 535, val_loss:2.868183, acc: 33.89, bacc: 31.87, tmp_test_f1: 28.42, f1: 30.86
epoch: 536, val_loss:2.735701, acc: 33.89, bacc: 31.87, tmp_test_f1: 27.96, f1: 30.86
epoch: 537, val_loss:2.587599, acc: 33.89, bacc: 31.87, tmp_test_f1: 27.43, f1: 30.86
epoch: 538, val_loss:2.462952, acc: 33.89, bacc: 31.87, tmp_test_f1: 27.25, f1: 30.86
epoch: 539, val_loss:2.361047, acc: 33.89, bacc: 31.87, tmp_test_f1: 26.49, f1: 30.86
epoch: 540, val_loss:2.314856, acc: 33.89, bacc: 31.87, tmp_test_f1: 26.89, f1: 30.86
epoch: 541, val_loss:2.334221, acc: 33.89, bacc: 31.87, tmp_test_f1: 27.11, f1: 30.86
epoch: 542, val_loss:2.430032, acc: 33.89, bacc: 31.87, tmp_test_f1: 27.59, f1: 30.86
epoch: 543, val_loss:2.580492, acc: 33.89, bacc: 31.87, tmp_test_f1: 28.00, f1: 30.86
epoch: 544, val_loss:2.697210, acc: 33.89, bacc: 31.87, tmp_test_f1: 28.17, f1: 30.86
epoch: 545, val_loss:2.746008, acc: 33.89, bacc: 31.87, tmp_test_f1: 27.20, f1: 30.86
epoch: 546, val_loss:2.657439, acc: 33.89, bacc: 31.87, tmp_test_f1: 27.33, f1: 30.86
epoch: 547, val_loss:2.559617, acc: 33.89, bacc: 31.87, tmp_test_f1: 26.56, f1: 30.86
epoch: 548, val_loss:2.464149, acc: 33.89, bacc: 31.87, tmp_test_f1: 26.74, f1: 30.86
epoch: 549, val_loss:2.399621, acc: 33.89, bacc: 31.87, tmp_test_f1: 26.54, f1: 30.86
epoch: 550, val_loss:2.394996, acc: 33.89, bacc: 31.87, tmp_test_f1: 26.82, f1: 30.86
epoch: 551, val_loss:2.465282, acc: 33.89, bacc: 31.87, tmp_test_f1: 27.21, f1: 30.86
epoch: 552, val_loss:2.560477, acc: 33.89, bacc: 31.87, tmp_test_f1: 27.85, f1: 30.86
epoch: 553, val_loss:2.683207, acc: 33.89, bacc: 31.87, tmp_test_f1: 28.05, f1: 30.86
epoch: 554, val_loss:2.714125, acc: 33.89, bacc: 31.87, tmp_test_f1: 27.86, f1: 30.86
epoch: 555, val_loss:2.589123, acc: 33.89, bacc: 31.87, tmp_test_f1: 28.25, f1: 30.86
epoch: 556, val_loss:2.510990, acc: 33.89, bacc: 31.87, tmp_test_f1: 28.50, f1: 30.86
epoch: 557, val_loss:2.420255, acc: 33.89, bacc: 31.87, tmp_test_f1: 28.74, f1: 30.86
epoch: 558, val_loss:2.415831, acc: 33.89, bacc: 31.87, tmp_test_f1: 29.14, f1: 30.86
epoch: 559, val_loss:2.458302, acc: 33.89, bacc: 31.87, tmp_test_f1: 28.99, f1: 30.86
epoch: 560, val_loss:2.537461, acc: 33.89, bacc: 31.87, tmp_test_f1: 28.33, f1: 30.86
epoch: 561, val_loss:2.665221, acc: 33.89, bacc: 31.87, tmp_test_f1: 27.36, f1: 30.86
epoch: 562, val_loss:2.817571, acc: 33.89, bacc: 31.87, tmp_test_f1: 27.82, f1: 30.86
epoch: 563, val_loss:2.888407, acc: 33.89, bacc: 31.87, tmp_test_f1: 27.93, f1: 30.86
epoch: 564, val_loss:2.824572, acc: 33.89, bacc: 31.87, tmp_test_f1: 28.88, f1: 30.86
epoch: 565, val_loss:2.734073, acc: 33.89, bacc: 31.87, tmp_test_f1: 28.55, f1: 30.86
epoch: 566, val_loss:2.660765, acc: 33.89, bacc: 31.87, tmp_test_f1: 28.41, f1: 30.86
epoch: 567, val_loss:2.615187, acc: 33.89, bacc: 31.87, tmp_test_f1: 27.94, f1: 30.86
epoch: 568, val_loss:2.637499, acc: 33.89, bacc: 31.87, tmp_test_f1: 27.86, f1: 30.86
epoch: 569, val_loss:2.730110, acc: 33.89, bacc: 31.87, tmp_test_f1: 27.50, f1: 30.86
epoch: 570, val_loss:2.905246, acc: 33.89, bacc: 31.87, tmp_test_f1: 27.39, f1: 30.86
epoch: 571, val_loss:2.973666, acc: 33.89, bacc: 31.87, tmp_test_f1: 27.00, f1: 30.86
epoch: 572, val_loss:2.938122, acc: 33.89, bacc: 31.87, tmp_test_f1: 27.12, f1: 30.86
epoch: 573, val_loss:2.829904, acc: 33.89, bacc: 31.87, tmp_test_f1: 27.00, f1: 30.86
epoch: 574, val_loss:2.643749, acc: 33.89, bacc: 31.87, tmp_test_f1: 26.59, f1: 30.86
epoch: 575, val_loss:2.554733, acc: 33.89, bacc: 31.87, tmp_test_f1: 26.49, f1: 30.86
epoch: 576, val_loss:2.613766, acc: 33.89, bacc: 31.87, tmp_test_f1: 26.84, f1: 30.86
epoch: 577, val_loss:2.741630, acc: 33.89, bacc: 31.87, tmp_test_f1: 27.16, f1: 30.86
epoch: 578, val_loss:2.826911, acc: 33.89, bacc: 31.87, tmp_test_f1: 26.67, f1: 30.86
epoch: 579, val_loss:2.895138, acc: 33.89, bacc: 31.87, tmp_test_f1: 26.87, f1: 30.86
epoch: 580, val_loss:2.859388, acc: 33.89, bacc: 31.87, tmp_test_f1: 27.03, f1: 30.86
epoch: 581, val_loss:2.788020, acc: 33.89, bacc: 31.87, tmp_test_f1: 26.79, f1: 30.86
epoch: 582, val_loss:2.728364, acc: 33.89, bacc: 31.87, tmp_test_f1: 26.62, f1: 30.86
epoch: 583, val_loss:2.649208, acc: 33.89, bacc: 31.87, tmp_test_f1: 26.52, f1: 30.86
epoch: 584, val_loss:2.623155, acc: 33.89, bacc: 31.87, tmp_test_f1: 26.87, f1: 30.86
epoch: 585, val_loss:2.668772, acc: 33.89, bacc: 31.87, tmp_test_f1: 26.83, f1: 30.86
epoch: 586, val_loss:2.709909, acc: 33.89, bacc: 31.87, tmp_test_f1: 27.01, f1: 30.86
epoch: 587, val_loss:2.777265, acc: 33.89, bacc: 31.87, tmp_test_f1: 26.81, f1: 30.86
epoch: 588, val_loss:2.768534, acc: 33.89, bacc: 31.87, tmp_test_f1: 27.02, f1: 30.86
epoch: 589, val_loss:2.739675, acc: 33.89, bacc: 31.87, tmp_test_f1: 27.01, f1: 30.86
epoch: 590, val_loss:2.663360, acc: 33.89, bacc: 31.87, tmp_test_f1: 26.58, f1: 30.86
epoch: 591, val_loss:2.581611, acc: 33.89, bacc: 31.87, tmp_test_f1: 26.67, f1: 30.86
epoch: 592, val_loss:2.583465, acc: 33.89, bacc: 31.87, tmp_test_f1: 26.74, f1: 30.86
epoch: 593, val_loss:2.659431, acc: 33.89, bacc: 31.87, tmp_test_f1: 27.48, f1: 30.86
epoch: 594, val_loss:2.802124, acc: 33.89, bacc: 31.87, tmp_test_f1: 27.31, f1: 30.86
epoch: 595, val_loss:2.912447, acc: 33.89, bacc: 31.87, tmp_test_f1: 27.54, f1: 30.86
epoch: 596, val_loss:2.865798, acc: 33.89, bacc: 31.87, tmp_test_f1: 27.32, f1: 30.86
epoch: 597, val_loss:2.765725, acc: 33.89, bacc: 31.87, tmp_test_f1: 27.04, f1: 30.86
epoch: 598, val_loss:2.672716, acc: 33.89, bacc: 31.87, tmp_test_f1: 26.29, f1: 30.86
epoch: 599, val_loss:2.541260, acc: 33.89, bacc: 31.87, tmp_test_f1: 26.56, f1: 30.86
epoch: 600, val_loss:2.468554, acc: 33.89, bacc: 31.87, tmp_test_f1: 27.00, f1: 30.86
epoch: 601, val_loss:2.502470, acc: 33.89, bacc: 31.87, tmp_test_f1: 27.11, f1: 30.86
epoch: 602, val_loss:2.587321, acc: 33.89, bacc: 31.87, tmp_test_f1: 27.44, f1: 30.86
epoch: 603, val_loss:2.635638, acc: 33.89, bacc: 31.87, tmp_test_f1: 27.10, f1: 30.86
epoch: 604, val_loss:2.582347, acc: 33.89, bacc: 31.87, tmp_test_f1: 27.21, f1: 30.86
epoch: 605, val_loss:2.512086, acc: 33.89, bacc: 31.87, tmp_test_f1: 27.95, f1: 30.86
epoch: 606, val_loss:2.423067, acc: 33.89, bacc: 31.87, tmp_test_f1: 27.59, f1: 30.86
epoch: 607, val_loss:2.433703, acc: 33.89, bacc: 31.87, tmp_test_f1: 27.66, f1: 30.86
epoch: 608, val_loss:2.452762, acc: 33.89, bacc: 31.87, tmp_test_f1: 27.61, f1: 30.86
epoch: 609, val_loss:2.463483, acc: 33.89, bacc: 31.87, tmp_test_f1: 28.23, f1: 30.86
epoch: 610, val_loss:2.491223, acc: 33.89, bacc: 31.87, tmp_test_f1: 28.22, f1: 30.86
epoch: 611, val_loss:2.516811, acc: 33.89, bacc: 31.87, tmp_test_f1: 27.96, f1: 30.86
epoch: 612, val_loss:2.510309, acc: 33.89, bacc: 31.87, tmp_test_f1: 27.82, f1: 30.86
epoch: 613, val_loss:2.496418, acc: 33.89, bacc: 31.87, tmp_test_f1: 27.39, f1: 30.86
epoch: 614, val_loss:2.469124, acc: 33.89, bacc: 31.87, tmp_test_f1: 26.82, f1: 30.86
epoch: 615, val_loss:2.456727, acc: 33.89, bacc: 31.87, tmp_test_f1: 26.78, f1: 30.86
epoch: 616, val_loss:2.488511, acc: 33.89, bacc: 31.87, tmp_test_f1: 26.84, f1: 30.86
epoch: 617, val_loss:2.590836, acc: 33.89, bacc: 31.87, tmp_test_f1: 26.88, f1: 30.86
epoch: 618, val_loss:2.714361, acc: 33.89, bacc: 31.87, tmp_test_f1: 26.86, f1: 30.86
epoch: 619, val_loss:2.747212, acc: 33.89, bacc: 31.87, tmp_test_f1: 26.66, f1: 30.86
epoch: 620, val_loss:2.733076, acc: 33.89, bacc: 31.87, tmp_test_f1: 26.75, f1: 30.86
epoch: 621, val_loss:2.758117, acc: 33.89, bacc: 31.87, tmp_test_f1: 26.75, f1: 30.86
epoch: 622, val_loss:2.681877, acc: 33.89, bacc: 31.87, tmp_test_f1: 26.68, f1: 30.86
epoch: 623, val_loss:2.453715, acc: 33.89, bacc: 31.87, tmp_test_f1: 24.88, f1: 30.86
epoch: 624, val_loss:2.330548, acc: 33.89, bacc: 31.87, tmp_test_f1: 24.35, f1: 30.86
epoch: 625, val_loss:2.298866, acc: 33.89, bacc: 31.87, tmp_test_f1: 25.37, f1: 30.86
epoch: 626, val_loss:2.344427, acc: 33.89, bacc: 31.87, tmp_test_f1: 25.63, f1: 30.86
epoch: 627, val_loss:2.494199, acc: 33.89, bacc: 31.87, tmp_test_f1: 25.85, f1: 30.86
epoch: 628, val_loss:2.670030, acc: 33.89, bacc: 31.87, tmp_test_f1: 25.48, f1: 30.86
epoch: 629, val_loss:2.778997, acc: 33.89, bacc: 31.87, tmp_test_f1: 25.61, f1: 30.86
epoch: 630, val_loss:2.704241, acc: 33.89, bacc: 31.87, tmp_test_f1: 25.51, f1: 30.86
epoch: 631, val_loss:2.549035, acc: 33.89, bacc: 31.87, tmp_test_f1: 25.24, f1: 30.86
epoch: 632, val_loss:2.424788, acc: 33.89, bacc: 31.87, tmp_test_f1: 25.12, f1: 30.86
epoch: 633, val_loss:2.367398, acc: 33.89, bacc: 31.87, tmp_test_f1: 24.72, f1: 30.86
epoch: 634, val_loss:2.357349, acc: 33.89, bacc: 31.87, tmp_test_f1: 26.98, f1: 30.86
epoch: 635, val_loss:2.404924, acc: 33.89, bacc: 31.87, tmp_test_f1: 25.38, f1: 30.86
epoch: 636, val_loss:2.526563, acc: 33.89, bacc: 31.87, tmp_test_f1: 25.09, f1: 30.86
Epoch 00637: reducing learning rate of group 0 to 1.2500e-02.
epoch: 637, val_loss:2.665700, acc: 33.89, bacc: 31.87, tmp_test_f1: 24.62, f1: 30.86
epoch: 638, val_loss:2.739249, acc: 33.89, bacc: 31.87, tmp_test_f1: 24.66, f1: 30.86
epoch: 639, val_loss:2.710668, acc: 33.89, bacc: 31.87, tmp_test_f1: 25.17, f1: 30.86
epoch: 640, val_loss:2.620700, acc: 33.89, bacc: 31.87, tmp_test_f1: 25.30, f1: 30.86
epoch: 641, val_loss:2.556627, acc: 33.89, bacc: 31.87, tmp_test_f1: 25.46, f1: 30.86
epoch: 642, val_loss:2.507569, acc: 33.89, bacc: 31.87, tmp_test_f1: 25.81, f1: 30.86
epoch: 643, val_loss:2.492633, acc: 33.89, bacc: 31.87, tmp_test_f1: 25.67, f1: 30.86
epoch: 644, val_loss:2.503281, acc: 33.89, bacc: 31.87, tmp_test_f1: 25.38, f1: 30.86
epoch: 645, val_loss:2.524515, acc: 33.89, bacc: 31.87, tmp_test_f1: 25.35, f1: 30.86
epoch: 646, val_loss:2.559698, acc: 33.89, bacc: 31.87, tmp_test_f1: 25.32, f1: 30.86
epoch: 647, val_loss:2.597537, acc: 33.89, bacc: 31.87, tmp_test_f1: 24.80, f1: 30.86
epoch: 648, val_loss:2.629204, acc: 33.89, bacc: 31.87, tmp_test_f1: 24.55, f1: 30.86
epoch: 649, val_loss:2.640391, acc: 33.89, bacc: 31.87, tmp_test_f1: 24.42, f1: 30.86
epoch: 650, val_loss:2.652694, acc: 33.89, bacc: 31.87, tmp_test_f1: 24.46, f1: 30.86
epoch: 651, val_loss:2.640374, acc: 33.89, bacc: 31.87, tmp_test_f1: 25.49, f1: 30.86
epoch: 652, val_loss:2.553325, acc: 33.89, bacc: 31.87, tmp_test_f1: 25.68, f1: 30.86
epoch: 653, val_loss:2.481558, acc: 33.89, bacc: 31.87, tmp_test_f1: 27.31, f1: 30.86
epoch: 654, val_loss:2.427735, acc: 33.89, bacc: 31.87, tmp_test_f1: 27.20, f1: 30.86
epoch: 655, val_loss:2.390311, acc: 33.89, bacc: 31.87, tmp_test_f1: 27.99, f1: 30.86
epoch: 656, val_loss:2.375769, acc: 33.89, bacc: 31.87, tmp_test_f1: 28.35, f1: 30.86
epoch: 657, val_loss:2.387511, acc: 33.89, bacc: 31.87, tmp_test_f1: 29.18, f1: 30.86
epoch: 658, val_loss:2.415580, acc: 33.89, bacc: 31.87, tmp_test_f1: 26.84, f1: 30.86
epoch: 659, val_loss:2.435160, acc: 33.89, bacc: 31.87, tmp_test_f1: 26.48, f1: 30.86
epoch: 660, val_loss:2.466629, acc: 33.89, bacc: 31.87, tmp_test_f1: 26.75, f1: 30.86
epoch: 661, val_loss:2.516855, acc: 33.89, bacc: 31.87, tmp_test_f1: 26.49, f1: 30.86
epoch: 662, val_loss:2.504786, acc: 33.89, bacc: 31.87, tmp_test_f1: 26.27, f1: 30.86
epoch: 663, val_loss:2.472254, acc: 33.89, bacc: 31.87, tmp_test_f1: 26.20, f1: 30.86
epoch: 664, val_loss:2.430988, acc: 33.89, bacc: 31.87, tmp_test_f1: 26.13, f1: 30.86
epoch: 665, val_loss:2.393317, acc: 33.89, bacc: 31.87, tmp_test_f1: 26.01, f1: 30.86
epoch: 666, val_loss:2.392707, acc: 33.89, bacc: 31.87, tmp_test_f1: 26.09, f1: 30.86
epoch: 667, val_loss:2.404857, acc: 33.89, bacc: 31.87, tmp_test_f1: 26.21, f1: 30.86
epoch: 668, val_loss:2.457443, acc: 33.89, bacc: 31.87, tmp_test_f1: 26.15, f1: 30.86
epoch: 669, val_loss:2.519385, acc: 33.89, bacc: 31.87, tmp_test_f1: 25.93, f1: 30.86
epoch: 670, val_loss:2.560872, acc: 33.89, bacc: 31.87, tmp_test_f1: 25.99, f1: 30.86
epoch: 671, val_loss:2.611054, acc: 33.89, bacc: 31.87, tmp_test_f1: 26.14, f1: 30.86
epoch: 672, val_loss:2.625841, acc: 33.89, bacc: 31.87, tmp_test_f1: 26.02, f1: 30.86
epoch: 673, val_loss:2.620012, acc: 33.89, bacc: 31.87, tmp_test_f1: 25.99, f1: 30.86
epoch: 674, val_loss:2.629336, acc: 33.89, bacc: 31.87, tmp_test_f1: 25.86, f1: 30.86
epoch: 675, val_loss:2.606905, acc: 33.89, bacc: 31.87, tmp_test_f1: 26.12, f1: 30.86
epoch: 676, val_loss:2.566067, acc: 33.89, bacc: 31.87, tmp_test_f1: 25.90, f1: 30.86
epoch: 677, val_loss:2.552673, acc: 33.89, bacc: 31.87, tmp_test_f1: 25.74, f1: 30.86
epoch: 678, val_loss:2.546202, acc: 33.89, bacc: 31.87, tmp_test_f1: 25.65, f1: 30.86
epoch: 679, val_loss:2.527933, acc: 33.89, bacc: 31.87, tmp_test_f1: 25.68, f1: 30.86
epoch: 680, val_loss:2.528710, acc: 33.89, bacc: 31.87, tmp_test_f1: 25.67, f1: 30.86
epoch: 681, val_loss:2.529289, acc: 33.89, bacc: 31.87, tmp_test_f1: 25.76, f1: 30.86
epoch: 682, val_loss:2.531375, acc: 33.89, bacc: 31.87, tmp_test_f1: 25.46, f1: 30.86
epoch: 683, val_loss:2.565150, acc: 33.89, bacc: 31.87, tmp_test_f1: 26.17, f1: 30.86
epoch: 684, val_loss:2.638400, acc: 33.89, bacc: 31.87, tmp_test_f1: 26.16, f1: 30.86
epoch: 685, val_loss:2.703702, acc: 33.89, bacc: 31.87, tmp_test_f1: 26.21, f1: 30.86
epoch: 686, val_loss:2.679907, acc: 33.89, bacc: 31.87, tmp_test_f1: 26.12, f1: 30.86
epoch: 687, val_loss:2.660746, acc: 33.89, bacc: 31.87, tmp_test_f1: 26.20, f1: 30.86
epoch: 688, val_loss:2.651398, acc: 33.89, bacc: 31.87, tmp_test_f1: 26.08, f1: 30.86
epoch: 689, val_loss:2.632403, acc: 33.89, bacc: 31.87, tmp_test_f1: 26.14, f1: 30.86
epoch: 690, val_loss:2.614307, acc: 33.89, bacc: 31.87, tmp_test_f1: 26.08, f1: 30.86
epoch: 691, val_loss:2.622149, acc: 33.89, bacc: 31.87, tmp_test_f1: 26.31, f1: 30.86
epoch: 692, val_loss:2.640439, acc: 33.89, bacc: 31.87, tmp_test_f1: 26.41, f1: 30.86
epoch: 693, val_loss:2.663647, acc: 33.89, bacc: 31.87, tmp_test_f1: 26.44, f1: 30.86
epoch: 694, val_loss:2.679884, acc: 33.89, bacc: 31.87, tmp_test_f1: 26.45, f1: 30.86
epoch: 695, val_loss:2.683760, acc: 33.89, bacc: 31.87, tmp_test_f1: 26.45, f1: 30.86
epoch: 696, val_loss:2.666850, acc: 33.89, bacc: 31.87, tmp_test_f1: 26.52, f1: 30.86
epoch: 697, val_loss:2.628863, acc: 33.89, bacc: 31.87, tmp_test_f1: 23.93, f1: 30.86
epoch: 698, val_loss:2.638415, acc: 33.89, bacc: 31.87, tmp_test_f1: 24.05, f1: 30.86
epoch: 699, val_loss:2.646387, acc: 33.89, bacc: 31.87, tmp_test_f1: 28.24, f1: 30.86
epoch: 700, val_loss:2.667221, acc: 33.89, bacc: 31.87, tmp_test_f1: 28.42, f1: 30.86
epoch: 701, val_loss:2.702430, acc: 33.89, bacc: 31.87, tmp_test_f1: 28.98, f1: 30.86
epoch: 702, val_loss:2.708462, acc: 33.89, bacc: 31.87, tmp_test_f1: 28.84, f1: 30.86
epoch: 703, val_loss:2.719305, acc: 33.89, bacc: 31.87, tmp_test_f1: 28.39, f1: 30.86
epoch: 704, val_loss:2.599226, acc: 33.89, bacc: 31.87, tmp_test_f1: 27.56, f1: 30.86
epoch: 705, val_loss:2.529966, acc: 33.89, bacc: 31.87, tmp_test_f1: 27.02, f1: 30.86
epoch: 706, val_loss:2.475303, acc: 33.89, bacc: 31.87, tmp_test_f1: 26.75, f1: 30.86
epoch: 707, val_loss:2.468242, acc: 33.89, bacc: 31.87, tmp_test_f1: 26.98, f1: 30.86
epoch: 708, val_loss:2.487955, acc: 33.89, bacc: 31.87, tmp_test_f1: 27.14, f1: 30.86
epoch: 709, val_loss:2.532053, acc: 33.89, bacc: 31.87, tmp_test_f1: 27.29, f1: 30.86
epoch: 710, val_loss:2.535683, acc: 33.89, bacc: 31.87, tmp_test_f1: 27.27, f1: 30.86
epoch: 711, val_loss:2.531996, acc: 33.89, bacc: 31.87, tmp_test_f1: 27.38, f1: 30.86
epoch: 712, val_loss:2.546316, acc: 33.89, bacc: 31.87, tmp_test_f1: 27.07, f1: 30.86
epoch: 713, val_loss:2.560192, acc: 33.89, bacc: 31.87, tmp_test_f1: 27.29, f1: 30.86
epoch: 714, val_loss:2.546338, acc: 33.89, bacc: 31.87, tmp_test_f1: 27.30, f1: 30.86
epoch: 715, val_loss:2.515179, acc: 33.89, bacc: 31.87, tmp_test_f1: 27.08, f1: 30.86
epoch: 716, val_loss:2.501327, acc: 33.89, bacc: 31.87, tmp_test_f1: 26.88, f1: 30.86
epoch: 717, val_loss:2.488039, acc: 33.89, bacc: 31.87, tmp_test_f1: 26.73, f1: 30.86
epoch: 718, val_loss:2.469190, acc: 33.89, bacc: 31.87, tmp_test_f1: 26.71, f1: 30.86
epoch: 719, val_loss:2.470451, acc: 33.89, bacc: 31.87, tmp_test_f1: 27.01, f1: 30.86
epoch: 720, val_loss:2.485295, acc: 33.89, bacc: 31.87, tmp_test_f1: 26.97, f1: 30.86
epoch: 721, val_loss:2.482617, acc: 33.89, bacc: 31.87, tmp_test_f1: 26.96, f1: 30.86
epoch: 722, val_loss:2.484901, acc: 33.89, bacc: 31.87, tmp_test_f1: 26.89, f1: 30.86
epoch: 723, val_loss:2.492806, acc: 33.89, bacc: 31.87, tmp_test_f1: 27.09, f1: 30.86
epoch: 724, val_loss:2.522444, acc: 33.89, bacc: 31.87, tmp_test_f1: 27.10, f1: 30.86
epoch: 725, val_loss:2.529117, acc: 33.89, bacc: 31.87, tmp_test_f1: 27.11, f1: 30.86
epoch: 726, val_loss:2.539400, acc: 33.89, bacc: 31.87, tmp_test_f1: 27.25, f1: 30.86
epoch: 727, val_loss:2.548516, acc: 33.89, bacc: 31.87, tmp_test_f1: 27.32, f1: 30.86
epoch: 728, val_loss:2.555697, acc: 33.89, bacc: 31.87, tmp_test_f1: 27.42, f1: 30.86
epoch: 729, val_loss:2.559536, acc: 33.89, bacc: 31.87, tmp_test_f1: 27.27, f1: 30.86
epoch: 730, val_loss:2.569432, acc: 33.89, bacc: 31.87, tmp_test_f1: 27.18, f1: 30.86
epoch: 731, val_loss:2.536477, acc: 33.89, bacc: 31.87, tmp_test_f1: 26.98, f1: 30.86
epoch: 732, val_loss:2.507556, acc: 33.89, bacc: 31.87, tmp_test_f1: 26.88, f1: 30.86
epoch: 733, val_loss:2.478784, acc: 33.89, bacc: 31.87, tmp_test_f1: 26.76, f1: 30.86
epoch: 734, val_loss:2.479312, acc: 33.89, bacc: 31.87, tmp_test_f1: 26.98, f1: 30.86
