CUDA Device Index: 2
Namespace(to_undirected=False, IsDirectedData=True, AugDirect=1, net='SymDiGCN', GPUdevice=2, seed=100, undirect_dataset='CiteSeer', Direct_dataset='citeseer_npz/', imb_ratio=100, dropout=0.1, num_filter=2, layer=2, alpha=0.1, K=2, feat_dim=64, warmup=5, epoch=1500, lr=0.1, l2=0.0005, tau=2, max=False, no_mask=False, gdc='ppr', heads=8, log_root='../logs/', log_path='test', data_path='../dataset/data/tmp/')
splits 10
test_f1 CountNotImproved reset to 0 in epoch 0
epoch:   0, val_loss:1.862487, acc: 6.98, bacc: 16.67, tmp_test_f1: 2.18, f1: 2.18
epoch:   1, val_loss:1.892671, acc: 6.98, bacc: 16.67, tmp_test_f1: 2.18, f1: 2.18
epoch:   2, val_loss:2.410976, acc: 6.98, bacc: 16.67, tmp_test_f1: 2.18, f1: 2.18
epoch:   3, val_loss:2.695633, acc: 6.98, bacc: 16.67, tmp_test_f1: 2.18, f1: 2.18
epoch:   4, val_loss:2.444311, acc: 6.98, bacc: 16.67, tmp_test_f1: 2.18, f1: 2.18
epoch:   5, val_loss:2.439414, acc: 6.98, bacc: 16.67, tmp_test_f1: 2.18, f1: 2.18
test_f1 CountNotImproved reset to 0 in epoch 6
epoch:   6, val_loss:2.730028, acc: 17.27, bacc: 24.27, tmp_test_f1: 9.27, f1: 9.27
test_f1 CountNotImproved reset to 0 in epoch 7
epoch:   7, val_loss:2.767655, acc: 18.98, bacc: 24.02, tmp_test_f1: 9.36, f1: 9.36
test_f1 CountNotImproved reset to 0 in epoch 8
epoch:   8, val_loss:2.500563, acc: 19.76, bacc: 23.73, tmp_test_f1: 10.16, f1: 10.16
epoch:   9, val_loss:2.296289, acc: 19.76, bacc: 23.73, tmp_test_f1: 9.80, f1: 10.16
epoch:  10, val_loss:2.183627, acc: 19.76, bacc: 23.73, tmp_test_f1: 9.19, f1: 10.16
epoch:  11, val_loss:2.107821, acc: 19.76, bacc: 23.73, tmp_test_f1: 8.79, f1: 10.16
epoch:  12, val_loss:2.075421, acc: 19.76, bacc: 23.73, tmp_test_f1: 9.04, f1: 10.16
epoch:  13, val_loss:2.052490, acc: 19.76, bacc: 23.73, tmp_test_f1: 9.41, f1: 10.16
epoch:  14, val_loss:2.061958, acc: 19.76, bacc: 23.73, tmp_test_f1: 9.62, f1: 10.16
epoch:  15, val_loss:2.111945, acc: 19.76, bacc: 23.73, tmp_test_f1: 9.31, f1: 10.16
epoch:  16, val_loss:2.268632, acc: 19.76, bacc: 23.73, tmp_test_f1: 8.78, f1: 10.16
epoch:  17, val_loss:2.500327, acc: 19.76, bacc: 23.73, tmp_test_f1: 8.57, f1: 10.16
epoch:  18, val_loss:2.658271, acc: 19.76, bacc: 23.73, tmp_test_f1: 8.40, f1: 10.16
epoch:  19, val_loss:2.742043, acc: 19.76, bacc: 23.73, tmp_test_f1: 8.36, f1: 10.16
epoch:  20, val_loss:2.789333, acc: 19.76, bacc: 23.73, tmp_test_f1: 8.21, f1: 10.16
epoch:  21, val_loss:2.843764, acc: 19.76, bacc: 23.73, tmp_test_f1: 8.31, f1: 10.16
epoch:  22, val_loss:2.863828, acc: 19.76, bacc: 23.73, tmp_test_f1: 8.42, f1: 10.16
epoch:  23, val_loss:2.875859, acc: 19.76, bacc: 23.73, tmp_test_f1: 8.32, f1: 10.16
epoch:  24, val_loss:2.961545, acc: 19.76, bacc: 23.73, tmp_test_f1: 8.33, f1: 10.16
epoch:  25, val_loss:3.037255, acc: 19.76, bacc: 23.73, tmp_test_f1: 9.00, f1: 10.16
test_f1 CountNotImproved reset to 0 in epoch 26
epoch:  26, val_loss:3.031074, acc: 18.02, bacc: 22.64, tmp_test_f1: 11.77, f1: 11.77
epoch:  27, val_loss:2.776098, acc: 18.02, bacc: 22.64, tmp_test_f1: 9.37, f1: 11.77
epoch:  28, val_loss:2.621175, acc: 18.02, bacc: 22.64, tmp_test_f1: 9.78, f1: 11.77
epoch:  29, val_loss:2.593907, acc: 18.02, bacc: 22.64, tmp_test_f1: 10.39, f1: 11.77
epoch:  30, val_loss:2.630504, acc: 18.02, bacc: 22.64, tmp_test_f1: 10.32, f1: 11.77
epoch:  31, val_loss:2.759341, acc: 18.02, bacc: 22.64, tmp_test_f1: 10.31, f1: 11.77
epoch:  32, val_loss:3.036651, acc: 18.02, bacc: 22.64, tmp_test_f1: 9.62, f1: 11.77
epoch:  33, val_loss:3.376763, acc: 18.02, bacc: 22.64, tmp_test_f1: 9.86, f1: 11.77
epoch:  34, val_loss:3.722238, acc: 18.02, bacc: 22.64, tmp_test_f1: 10.52, f1: 11.77
epoch:  35, val_loss:4.000236, acc: 18.02, bacc: 22.64, tmp_test_f1: 10.78, f1: 11.77
epoch:  36, val_loss:4.025951, acc: 18.02, bacc: 22.64, tmp_test_f1: 10.55, f1: 11.77
epoch:  37, val_loss:3.689341, acc: 18.02, bacc: 22.64, tmp_test_f1: 11.00, f1: 11.77
epoch:  38, val_loss:3.479275, acc: 18.02, bacc: 22.64, tmp_test_f1: 11.08, f1: 11.77
epoch:  39, val_loss:3.370593, acc: 18.02, bacc: 22.64, tmp_test_f1: 11.06, f1: 11.77
test_f1 CountNotImproved reset to 0 in epoch 40
epoch:  40, val_loss:3.362407, acc: 18.31, bacc: 23.51, tmp_test_f1: 13.58, f1: 13.58
test_f1 CountNotImproved reset to 0 in epoch 41
epoch:  41, val_loss:3.302848, acc: 19.32, bacc: 24.67, tmp_test_f1: 14.53, f1: 14.53
epoch:  42, val_loss:3.460767, acc: 19.32, bacc: 24.67, tmp_test_f1: 14.26, f1: 14.53
epoch:  43, val_loss:3.664052, acc: 19.32, bacc: 24.67, tmp_test_f1: 14.19, f1: 14.53
epoch:  44, val_loss:3.667063, acc: 19.32, bacc: 24.67, tmp_test_f1: 14.08, f1: 14.53
epoch:  45, val_loss:3.553812, acc: 19.32, bacc: 24.67, tmp_test_f1: 13.79, f1: 14.53
epoch:  46, val_loss:3.531784, acc: 19.32, bacc: 24.67, tmp_test_f1: 14.18, f1: 14.53
epoch:  47, val_loss:3.660988, acc: 19.32, bacc: 24.67, tmp_test_f1: 13.87, f1: 14.53
epoch:  48, val_loss:3.508846, acc: 19.32, bacc: 24.67, tmp_test_f1: 14.33, f1: 14.53
epoch:  49, val_loss:3.225616, acc: 19.32, bacc: 24.67, tmp_test_f1: 14.14, f1: 14.53
epoch:  50, val_loss:3.098302, acc: 19.32, bacc: 24.67, tmp_test_f1: 14.20, f1: 14.53
epoch:  51, val_loss:3.220324, acc: 19.32, bacc: 24.67, tmp_test_f1: 13.90, f1: 14.53
epoch:  52, val_loss:3.623602, acc: 19.32, bacc: 24.67, tmp_test_f1: 14.47, f1: 14.53
epoch:  53, val_loss:4.116583, acc: 19.32, bacc: 24.67, tmp_test_f1: 14.05, f1: 14.53
epoch:  54, val_loss:4.093184, acc: 19.32, bacc: 24.67, tmp_test_f1: 13.55, f1: 14.53
epoch:  55, val_loss:3.692778, acc: 19.32, bacc: 24.67, tmp_test_f1: 13.60, f1: 14.53
epoch:  56, val_loss:3.656340, acc: 19.32, bacc: 24.67, tmp_test_f1: 13.61, f1: 14.53
epoch:  57, val_loss:3.792520, acc: 19.32, bacc: 24.67, tmp_test_f1: 13.95, f1: 14.53
test_f1 CountNotImproved reset to 0 in epoch 58
epoch:  58, val_loss:4.000403, acc: 19.54, bacc: 21.78, tmp_test_f1: 14.66, f1: 14.66
test_f1 CountNotImproved reset to 0 in epoch 59
epoch:  59, val_loss:4.506450, acc: 20.06, bacc: 23.99, tmp_test_f1: 15.12, f1: 15.12
test_f1 CountNotImproved reset to 0 in epoch 60
epoch:  60, val_loss:5.415842, acc: 19.65, bacc: 23.62, tmp_test_f1: 15.28, f1: 15.28
epoch:  61, val_loss:4.396612, acc: 19.65, bacc: 23.62, tmp_test_f1: 14.08, f1: 15.28
epoch:  62, val_loss:3.629449, acc: 19.65, bacc: 23.62, tmp_test_f1: 14.10, f1: 15.28
epoch:  63, val_loss:3.143863, acc: 19.65, bacc: 23.62, tmp_test_f1: 13.77, f1: 15.28
epoch:  64, val_loss:2.858295, acc: 19.65, bacc: 23.62, tmp_test_f1: 14.53, f1: 15.28
epoch:  65, val_loss:2.785800, acc: 19.65, bacc: 23.62, tmp_test_f1: 14.55, f1: 15.28
epoch:  66, val_loss:2.788460, acc: 19.65, bacc: 23.62, tmp_test_f1: 14.74, f1: 15.28
epoch:  67, val_loss:2.867269, acc: 19.65, bacc: 23.62, tmp_test_f1: 13.50, f1: 15.28
epoch:  68, val_loss:2.979486, acc: 19.65, bacc: 23.62, tmp_test_f1: 12.61, f1: 15.28
epoch:  69, val_loss:3.152778, acc: 19.65, bacc: 23.62, tmp_test_f1: 12.27, f1: 15.28
epoch:  70, val_loss:3.396683, acc: 19.65, bacc: 23.62, tmp_test_f1: 11.19, f1: 15.28
epoch:  71, val_loss:3.555303, acc: 19.65, bacc: 23.62, tmp_test_f1: 11.98, f1: 15.28
epoch:  72, val_loss:3.488402, acc: 19.65, bacc: 23.62, tmp_test_f1: 12.53, f1: 15.28
epoch:  73, val_loss:3.148659, acc: 19.65, bacc: 23.62, tmp_test_f1: 14.16, f1: 15.28
epoch:  74, val_loss:2.598289, acc: 19.65, bacc: 23.62, tmp_test_f1: 14.40, f1: 15.28
epoch:  75, val_loss:2.329034, acc: 19.65, bacc: 23.62, tmp_test_f1: 14.58, f1: 15.28
epoch:  76, val_loss:2.242019, acc: 19.65, bacc: 23.62, tmp_test_f1: 14.92, f1: 15.28
test_f1 CountNotImproved reset to 0 in epoch 77
epoch:  77, val_loss:2.259633, acc: 20.84, bacc: 23.82, tmp_test_f1: 16.23, f1: 16.23
test_f1 CountNotImproved reset to 0 in epoch 78
epoch:  78, val_loss:2.428753, acc: 20.06, bacc: 23.74, tmp_test_f1: 16.30, f1: 16.30
epoch:  79, val_loss:2.756930, acc: 20.06, bacc: 23.74, tmp_test_f1: 15.89, f1: 16.30
epoch:  80, val_loss:3.092314, acc: 20.06, bacc: 23.74, tmp_test_f1: 14.19, f1: 16.30
epoch:  81, val_loss:3.692814, acc: 20.06, bacc: 23.74, tmp_test_f1: 14.80, f1: 16.30
epoch:  82, val_loss:4.095679, acc: 20.06, bacc: 23.74, tmp_test_f1: 14.79, f1: 16.30
epoch:  83, val_loss:4.235384, acc: 20.06, bacc: 23.74, tmp_test_f1: 15.19, f1: 16.30
epoch:  84, val_loss:3.940036, acc: 20.06, bacc: 23.74, tmp_test_f1: 14.85, f1: 16.30
epoch:  85, val_loss:3.689739, acc: 20.06, bacc: 23.74, tmp_test_f1: 15.08, f1: 16.30
epoch:  86, val_loss:3.575177, acc: 20.06, bacc: 23.74, tmp_test_f1: 15.34, f1: 16.30
epoch:  87, val_loss:3.434784, acc: 20.06, bacc: 23.74, tmp_test_f1: 15.30, f1: 16.30
epoch:  88, val_loss:3.423367, acc: 20.06, bacc: 23.74, tmp_test_f1: 15.73, f1: 16.30
test_f1 CountNotImproved reset to 0 in epoch 89
epoch:  89, val_loss:3.409393, acc: 20.36, bacc: 24.06, tmp_test_f1: 16.46, f1: 16.46
test_f1 CountNotImproved reset to 0 in epoch 90
epoch:  90, val_loss:3.489500, acc: 20.36, bacc: 24.05, tmp_test_f1: 16.62, f1: 16.62
test_f1 CountNotImproved reset to 0 in epoch 91
epoch:  91, val_loss:3.567413, acc: 20.54, bacc: 24.26, tmp_test_f1: 17.00, f1: 17.00
test_f1 CountNotImproved reset to 0 in epoch 92
epoch:  92, val_loss:3.643107, acc: 20.77, bacc: 24.41, tmp_test_f1: 17.36, f1: 17.36
epoch:  93, val_loss:3.555377, acc: 20.77, bacc: 24.41, tmp_test_f1: 17.32, f1: 17.36
epoch:  94, val_loss:3.644996, acc: 20.77, bacc: 24.41, tmp_test_f1: 17.17, f1: 17.36
test_f1 CountNotImproved reset to 0 in epoch 95
epoch:  95, val_loss:3.212105, acc: 21.47, bacc: 25.56, tmp_test_f1: 19.56, f1: 19.56
epoch:  96, val_loss:2.950200, acc: 21.47, bacc: 25.56, tmp_test_f1: 15.74, f1: 19.56
epoch:  97, val_loss:2.745252, acc: 21.47, bacc: 25.56, tmp_test_f1: 16.35, f1: 19.56
epoch:  98, val_loss:2.677416, acc: 21.47, bacc: 25.56, tmp_test_f1: 15.25, f1: 19.56
epoch:  99, val_loss:2.646832, acc: 21.47, bacc: 25.56, tmp_test_f1: 15.64, f1: 19.56
epoch: 100, val_loss:2.656129, acc: 21.47, bacc: 25.56, tmp_test_f1: 16.16, f1: 19.56
epoch: 101, val_loss:2.658131, acc: 21.47, bacc: 25.56, tmp_test_f1: 16.87, f1: 19.56
test_f1 CountNotImproved reset to 0 in epoch 102
epoch: 102, val_loss:2.721486, acc: 20.43, bacc: 23.39, tmp_test_f1: 20.47, f1: 20.47
epoch: 103, val_loss:2.742358, acc: 20.43, bacc: 23.39, tmp_test_f1: 20.22, f1: 20.47
epoch: 104, val_loss:2.807022, acc: 20.43, bacc: 23.39, tmp_test_f1: 15.38, f1: 20.47
epoch: 105, val_loss:2.872293, acc: 20.43, bacc: 23.39, tmp_test_f1: 14.83, f1: 20.47
epoch: 106, val_loss:3.006148, acc: 20.43, bacc: 23.39, tmp_test_f1: 19.23, f1: 20.47
epoch: 107, val_loss:2.985675, acc: 20.43, bacc: 23.39, tmp_test_f1: 18.47, f1: 20.47
epoch: 108, val_loss:3.075444, acc: 20.43, bacc: 23.39, tmp_test_f1: 17.99, f1: 20.47
epoch: 109, val_loss:3.237786, acc: 20.43, bacc: 23.39, tmp_test_f1: 17.85, f1: 20.47
epoch: 110, val_loss:3.239013, acc: 20.43, bacc: 23.39, tmp_test_f1: 17.36, f1: 20.47
epoch: 111, val_loss:3.389602, acc: 20.43, bacc: 23.39, tmp_test_f1: 16.08, f1: 20.47
epoch: 112, val_loss:3.731902, acc: 20.43, bacc: 23.39, tmp_test_f1: 15.94, f1: 20.47
epoch: 113, val_loss:4.087124, acc: 20.43, bacc: 23.39, tmp_test_f1: 16.19, f1: 20.47
epoch: 114, val_loss:4.468752, acc: 20.43, bacc: 23.39, tmp_test_f1: 13.12, f1: 20.47
epoch: 115, val_loss:4.577793, acc: 20.43, bacc: 23.39, tmp_test_f1: 13.21, f1: 20.47
epoch: 116, val_loss:4.473537, acc: 20.43, bacc: 23.39, tmp_test_f1: 13.88, f1: 20.47
epoch: 117, val_loss:4.401824, acc: 20.43, bacc: 23.39, tmp_test_f1: 13.76, f1: 20.47
epoch: 118, val_loss:4.289748, acc: 20.43, bacc: 23.39, tmp_test_f1: 16.38, f1: 20.47
epoch: 119, val_loss:4.002722, acc: 20.43, bacc: 23.39, tmp_test_f1: 17.13, f1: 20.47
epoch: 120, val_loss:3.749756, acc: 20.43, bacc: 23.39, tmp_test_f1: 16.27, f1: 20.47
epoch: 121, val_loss:3.642675, acc: 20.43, bacc: 23.39, tmp_test_f1: 16.09, f1: 20.47
epoch: 122, val_loss:3.787848, acc: 20.43, bacc: 23.39, tmp_test_f1: 15.86, f1: 20.47
epoch: 123, val_loss:3.899550, acc: 20.43, bacc: 23.39, tmp_test_f1: 15.30, f1: 20.47
epoch: 124, val_loss:3.823205, acc: 20.43, bacc: 23.39, tmp_test_f1: 14.65, f1: 20.47
epoch: 125, val_loss:3.576939, acc: 20.43, bacc: 23.39, tmp_test_f1: 14.76, f1: 20.47
epoch: 126, val_loss:3.444654, acc: 20.43, bacc: 23.39, tmp_test_f1: 15.08, f1: 20.47
epoch: 127, val_loss:3.241924, acc: 20.43, bacc: 23.39, tmp_test_f1: 14.70, f1: 20.47
epoch: 128, val_loss:3.178845, acc: 20.43, bacc: 23.39, tmp_test_f1: 16.43, f1: 20.47
epoch: 129, val_loss:3.123913, acc: 20.43, bacc: 23.39, tmp_test_f1: 16.13, f1: 20.47
epoch: 130, val_loss:2.984795, acc: 20.43, bacc: 23.39, tmp_test_f1: 16.21, f1: 20.47
epoch: 131, val_loss:2.910841, acc: 20.43, bacc: 23.39, tmp_test_f1: 15.65, f1: 20.47
epoch: 132, val_loss:2.968693, acc: 20.43, bacc: 23.39, tmp_test_f1: 15.60, f1: 20.47
epoch: 133, val_loss:3.094251, acc: 20.43, bacc: 23.39, tmp_test_f1: 14.87, f1: 20.47
epoch: 134, val_loss:3.345481, acc: 20.43, bacc: 23.39, tmp_test_f1: 15.01, f1: 20.47
epoch: 135, val_loss:3.575608, acc: 20.43, bacc: 23.39, tmp_test_f1: 15.33, f1: 20.47
epoch: 136, val_loss:3.547512, acc: 20.43, bacc: 23.39, tmp_test_f1: 15.63, f1: 20.47
epoch: 137, val_loss:3.644759, acc: 20.43, bacc: 23.39, tmp_test_f1: 15.75, f1: 20.47
epoch: 138, val_loss:3.731834, acc: 20.43, bacc: 23.39, tmp_test_f1: 16.52, f1: 20.47
epoch: 139, val_loss:3.782990, acc: 20.43, bacc: 23.39, tmp_test_f1: 16.64, f1: 20.47
epoch: 140, val_loss:3.766141, acc: 20.43, bacc: 23.39, tmp_test_f1: 16.74, f1: 20.47
epoch: 141, val_loss:3.557902, acc: 20.43, bacc: 23.39, tmp_test_f1: 17.96, f1: 20.47
epoch: 142, val_loss:3.396961, acc: 20.43, bacc: 23.39, tmp_test_f1: 17.90, f1: 20.47
epoch: 143, val_loss:3.303071, acc: 20.43, bacc: 23.39, tmp_test_f1: 17.40, f1: 20.47
epoch: 144, val_loss:3.231521, acc: 20.43, bacc: 23.39, tmp_test_f1: 16.73, f1: 20.47
epoch: 145, val_loss:3.204611, acc: 20.43, bacc: 23.39, tmp_test_f1: 17.32, f1: 20.47
epoch: 146, val_loss:2.898794, acc: 20.43, bacc: 23.39, tmp_test_f1: 16.80, f1: 20.47
epoch: 147, val_loss:2.824603, acc: 20.43, bacc: 23.39, tmp_test_f1: 16.99, f1: 20.47
epoch: 148, val_loss:2.831776, acc: 20.43, bacc: 23.39, tmp_test_f1: 16.93, f1: 20.47
epoch: 149, val_loss:2.938362, acc: 20.43, bacc: 23.39, tmp_test_f1: 18.04, f1: 20.47
epoch: 150, val_loss:3.020622, acc: 20.43, bacc: 23.39, tmp_test_f1: 17.51, f1: 20.47
epoch: 151, val_loss:3.159869, acc: 20.43, bacc: 23.39, tmp_test_f1: 17.89, f1: 20.47
epoch: 152, val_loss:3.311759, acc: 20.43, bacc: 23.39, tmp_test_f1: 17.06, f1: 20.47
epoch: 153, val_loss:3.356213, acc: 20.43, bacc: 23.39, tmp_test_f1: 16.68, f1: 20.47
epoch: 154, val_loss:3.238416, acc: 20.43, bacc: 23.39, tmp_test_f1: 16.66, f1: 20.47
epoch: 155, val_loss:3.124846, acc: 20.43, bacc: 23.39, tmp_test_f1: 16.34, f1: 20.47
epoch: 156, val_loss:2.877607, acc: 20.43, bacc: 23.39, tmp_test_f1: 17.28, f1: 20.47
epoch: 157, val_loss:2.720944, acc: 20.43, bacc: 23.39, tmp_test_f1: 17.19, f1: 20.47
epoch: 158, val_loss:2.739151, acc: 20.43, bacc: 23.39, tmp_test_f1: 16.97, f1: 20.47
epoch: 159, val_loss:2.907733, acc: 20.43, bacc: 23.39, tmp_test_f1: 16.14, f1: 20.47
epoch: 160, val_loss:3.225046, acc: 20.43, bacc: 23.39, tmp_test_f1: 16.41, f1: 20.47
epoch: 161, val_loss:3.568688, acc: 20.43, bacc: 23.39, tmp_test_f1: 16.21, f1: 20.47
epoch: 162, val_loss:3.736086, acc: 20.43, bacc: 23.39, tmp_test_f1: 16.66, f1: 20.47
epoch: 163, val_loss:3.683987, acc: 20.43, bacc: 23.39, tmp_test_f1: 16.69, f1: 20.47
epoch: 164, val_loss:3.638988, acc: 20.43, bacc: 23.39, tmp_test_f1: 16.74, f1: 20.47
epoch: 165, val_loss:3.655930, acc: 20.43, bacc: 23.39, tmp_test_f1: 16.88, f1: 20.47
epoch: 166, val_loss:3.730237, acc: 20.43, bacc: 23.39, tmp_test_f1: 17.53, f1: 20.47
epoch: 167, val_loss:3.544104, acc: 20.43, bacc: 23.39, tmp_test_f1: 13.48, f1: 20.47
epoch: 168, val_loss:3.291643, acc: 20.43, bacc: 23.39, tmp_test_f1: 13.88, f1: 20.47
epoch: 169, val_loss:3.060192, acc: 20.43, bacc: 23.39, tmp_test_f1: 13.95, f1: 20.47
epoch: 170, val_loss:2.842054, acc: 20.43, bacc: 23.39, tmp_test_f1: 13.03, f1: 20.47
epoch: 171, val_loss:2.787627, acc: 20.43, bacc: 23.39, tmp_test_f1: 13.09, f1: 20.47
epoch: 172, val_loss:2.882222, acc: 20.43, bacc: 23.39, tmp_test_f1: 18.22, f1: 20.47
epoch: 173, val_loss:2.847142, acc: 20.43, bacc: 23.39, tmp_test_f1: 18.06, f1: 20.47
epoch: 174, val_loss:2.928002, acc: 20.43, bacc: 23.39, tmp_test_f1: 17.43, f1: 20.47
epoch: 175, val_loss:3.127975, acc: 20.43, bacc: 23.39, tmp_test_f1: 16.95, f1: 20.47
epoch: 176, val_loss:3.429327, acc: 20.43, bacc: 23.39, tmp_test_f1: 16.26, f1: 20.47
epoch: 177, val_loss:3.728498, acc: 20.43, bacc: 23.39, tmp_test_f1: 16.45, f1: 20.47
epoch: 178, val_loss:3.763782, acc: 20.43, bacc: 23.39, tmp_test_f1: 15.81, f1: 20.47
epoch: 179, val_loss:3.538911, acc: 20.43, bacc: 23.39, tmp_test_f1: 16.67, f1: 20.47
epoch: 180, val_loss:3.247931, acc: 20.43, bacc: 23.39, tmp_test_f1: 16.52, f1: 20.47
epoch: 181, val_loss:2.979859, acc: 20.43, bacc: 23.39, tmp_test_f1: 16.75, f1: 20.47
epoch: 182, val_loss:2.899091, acc: 20.43, bacc: 23.39, tmp_test_f1: 10.98, f1: 20.47
epoch: 183, val_loss:2.750542, acc: 20.43, bacc: 23.39, tmp_test_f1: 11.13, f1: 20.47
epoch: 184, val_loss:2.772049, acc: 20.43, bacc: 23.39, tmp_test_f1: 10.99, f1: 20.47
epoch: 185, val_loss:2.720362, acc: 20.43, bacc: 23.39, tmp_test_f1: 16.78, f1: 20.47
epoch: 186, val_loss:2.935798, acc: 20.43, bacc: 23.39, tmp_test_f1: 16.45, f1: 20.47
epoch: 187, val_loss:3.244433, acc: 20.43, bacc: 23.39, tmp_test_f1: 15.59, f1: 20.47
epoch: 188, val_loss:3.466143, acc: 20.43, bacc: 23.39, tmp_test_f1: 15.20, f1: 20.47
epoch: 189, val_loss:3.571081, acc: 20.43, bacc: 23.39, tmp_test_f1: 15.09, f1: 20.47
epoch: 190, val_loss:3.614272, acc: 20.43, bacc: 23.39, tmp_test_f1: 15.11, f1: 20.47
epoch: 191, val_loss:3.663875, acc: 20.43, bacc: 23.39, tmp_test_f1: 15.36, f1: 20.47
epoch: 192, val_loss:3.551425, acc: 20.43, bacc: 23.39, tmp_test_f1: 15.07, f1: 20.47
epoch: 193, val_loss:3.044974, acc: 20.43, bacc: 23.39, tmp_test_f1: 14.18, f1: 20.47
epoch: 194, val_loss:2.907208, acc: 20.43, bacc: 23.39, tmp_test_f1: 13.54, f1: 20.47
epoch: 195, val_loss:3.286204, acc: 20.43, bacc: 23.39, tmp_test_f1: 13.51, f1: 20.47
epoch: 196, val_loss:3.633009, acc: 20.43, bacc: 23.39, tmp_test_f1: 14.09, f1: 20.47
epoch: 197, val_loss:3.679035, acc: 20.43, bacc: 23.39, tmp_test_f1: 14.78, f1: 20.47
epoch: 198, val_loss:3.594269, acc: 20.43, bacc: 23.39, tmp_test_f1: 15.13, f1: 20.47
epoch: 199, val_loss:3.497764, acc: 20.43, bacc: 23.39, tmp_test_f1: 11.78, f1: 20.47
epoch: 200, val_loss:3.537957, acc: 20.43, bacc: 23.39, tmp_test_f1: 11.10, f1: 20.47
Epoch 00201: reducing learning rate of group 0 to 5.0000e-02.
epoch: 201, val_loss:3.565040, acc: 20.43, bacc: 23.39, tmp_test_f1: 10.34, f1: 20.47
epoch: 202, val_loss:3.603966, acc: 20.43, bacc: 23.39, tmp_test_f1: 10.28, f1: 20.47
epoch: 203, val_loss:3.669379, acc: 20.43, bacc: 23.39, tmp_test_f1: 11.21, f1: 20.47
epoch: 204, val_loss:3.682297, acc: 20.43, bacc: 23.39, tmp_test_f1: 11.72, f1: 20.47
epoch: 205, val_loss:3.706295, acc: 20.43, bacc: 23.39, tmp_test_f1: 15.61, f1: 20.47
epoch: 206, val_loss:3.727769, acc: 20.43, bacc: 23.39, tmp_test_f1: 15.19, f1: 20.47
epoch: 207, val_loss:3.754594, acc: 20.43, bacc: 23.39, tmp_test_f1: 15.00, f1: 20.47
epoch: 208, val_loss:3.808820, acc: 20.43, bacc: 23.39, tmp_test_f1: 15.04, f1: 20.47
epoch: 209, val_loss:3.715915, acc: 20.43, bacc: 23.39, tmp_test_f1: 15.10, f1: 20.47
epoch: 210, val_loss:3.657493, acc: 20.43, bacc: 23.39, tmp_test_f1: 15.45, f1: 20.47
epoch: 211, val_loss:3.542893, acc: 20.43, bacc: 23.39, tmp_test_f1: 15.73, f1: 20.47
epoch: 212, val_loss:3.464488, acc: 20.43, bacc: 23.39, tmp_test_f1: 16.09, f1: 20.47
epoch: 213, val_loss:3.381308, acc: 20.43, bacc: 23.39, tmp_test_f1: 16.39, f1: 20.47
epoch: 214, val_loss:3.337666, acc: 20.43, bacc: 23.39, tmp_test_f1: 16.44, f1: 20.47
epoch: 215, val_loss:3.291048, acc: 20.43, bacc: 23.39, tmp_test_f1: 16.78, f1: 20.47
epoch: 216, val_loss:3.283386, acc: 20.43, bacc: 23.39, tmp_test_f1: 16.63, f1: 20.47
epoch: 217, val_loss:3.345734, acc: 20.43, bacc: 23.39, tmp_test_f1: 16.35, f1: 20.47
epoch: 218, val_loss:3.433842, acc: 20.43, bacc: 23.39, tmp_test_f1: 16.14, f1: 20.47
epoch: 219, val_loss:3.487199, acc: 20.43, bacc: 23.39, tmp_test_f1: 16.10, f1: 20.47
epoch: 220, val_loss:3.508354, acc: 20.43, bacc: 23.39, tmp_test_f1: 16.33, f1: 20.47
epoch: 221, val_loss:3.538148, acc: 20.43, bacc: 23.39, tmp_test_f1: 16.30, f1: 20.47
epoch: 222, val_loss:3.579897, acc: 20.43, bacc: 23.39, tmp_test_f1: 16.55, f1: 20.47
epoch: 223, val_loss:3.566748, acc: 20.43, bacc: 23.39, tmp_test_f1: 16.25, f1: 20.47
epoch: 224, val_loss:3.551441, acc: 20.43, bacc: 23.39, tmp_test_f1: 16.38, f1: 20.47
epoch: 225, val_loss:3.519638, acc: 20.43, bacc: 23.39, tmp_test_f1: 16.12, f1: 20.47
epoch: 226, val_loss:3.520524, acc: 20.43, bacc: 23.39, tmp_test_f1: 15.71, f1: 20.47
epoch: 227, val_loss:3.586445, acc: 20.43, bacc: 23.39, tmp_test_f1: 15.68, f1: 20.47
epoch: 228, val_loss:3.658331, acc: 20.43, bacc: 23.39, tmp_test_f1: 15.80, f1: 20.47
epoch: 229, val_loss:3.736712, acc: 20.43, bacc: 23.39, tmp_test_f1: 15.66, f1: 20.47
epoch: 230, val_loss:3.778232, acc: 20.43, bacc: 23.39, tmp_test_f1: 15.54, f1: 20.47
epoch: 231, val_loss:3.792470, acc: 20.43, bacc: 23.39, tmp_test_f1: 15.58, f1: 20.47
epoch: 232, val_loss:3.804200, acc: 20.43, bacc: 23.39, tmp_test_f1: 15.36, f1: 20.47
epoch: 233, val_loss:3.830040, acc: 20.43, bacc: 23.39, tmp_test_f1: 15.29, f1: 20.47
epoch: 234, val_loss:3.860945, acc: 20.43, bacc: 23.39, tmp_test_f1: 15.34, f1: 20.47
epoch: 235, val_loss:3.881581, acc: 20.43, bacc: 23.39, tmp_test_f1: 15.37, f1: 20.47
epoch: 236, val_loss:3.874572, acc: 20.43, bacc: 23.39, tmp_test_f1: 15.61, f1: 20.47
epoch: 237, val_loss:3.827084, acc: 20.43, bacc: 23.39, tmp_test_f1: 15.52, f1: 20.47
epoch: 238, val_loss:3.711348, acc: 20.43, bacc: 23.39, tmp_test_f1: 16.04, f1: 20.47
epoch: 239, val_loss:3.529646, acc: 20.43, bacc: 23.39, tmp_test_f1: 16.37, f1: 20.47
epoch: 240, val_loss:3.382227, acc: 20.43, bacc: 23.39, tmp_test_f1: 17.20, f1: 20.47
epoch: 241, val_loss:3.193019, acc: 20.43, bacc: 23.39, tmp_test_f1: 17.02, f1: 20.47
epoch: 242, val_loss:3.079409, acc: 20.43, bacc: 23.39, tmp_test_f1: 17.28, f1: 20.47
epoch: 243, val_loss:3.026917, acc: 20.43, bacc: 23.39, tmp_test_f1: 17.08, f1: 20.47
epoch: 244, val_loss:3.010345, acc: 20.43, bacc: 23.39, tmp_test_f1: 16.94, f1: 20.47
epoch: 245, val_loss:2.974587, acc: 20.43, bacc: 23.39, tmp_test_f1: 17.26, f1: 20.47
epoch: 246, val_loss:2.937412, acc: 20.43, bacc: 23.39, tmp_test_f1: 12.18, f1: 20.47
epoch: 247, val_loss:2.954445, acc: 20.43, bacc: 23.39, tmp_test_f1: 11.52, f1: 20.47
epoch: 248, val_loss:2.999254, acc: 20.43, bacc: 23.39, tmp_test_f1: 11.09, f1: 20.47
epoch: 249, val_loss:3.056507, acc: 20.43, bacc: 23.39, tmp_test_f1: 11.16, f1: 20.47
epoch: 250, val_loss:3.084388, acc: 20.43, bacc: 23.39, tmp_test_f1: 11.13, f1: 20.47
epoch: 251, val_loss:3.089790, acc: 20.43, bacc: 23.39, tmp_test_f1: 11.69, f1: 20.47
epoch: 252, val_loss:3.116150, acc: 20.43, bacc: 23.39, tmp_test_f1: 17.00, f1: 20.47
epoch: 253, val_loss:3.148840, acc: 20.43, bacc: 23.39, tmp_test_f1: 16.36, f1: 20.47
epoch: 254, val_loss:3.215251, acc: 20.43, bacc: 23.39, tmp_test_f1: 16.28, f1: 20.47
epoch: 255, val_loss:3.307754, acc: 20.43, bacc: 23.39, tmp_test_f1: 16.57, f1: 20.47
epoch: 256, val_loss:3.425649, acc: 20.43, bacc: 23.39, tmp_test_f1: 16.55, f1: 20.47
epoch: 257, val_loss:3.485708, acc: 20.43, bacc: 23.39, tmp_test_f1: 16.51, f1: 20.47
epoch: 258, val_loss:3.558739, acc: 20.43, bacc: 23.39, tmp_test_f1: 10.98, f1: 20.47
epoch: 259, val_loss:3.652847, acc: 20.43, bacc: 23.39, tmp_test_f1: 10.80, f1: 20.47
epoch: 260, val_loss:3.689982, acc: 20.43, bacc: 23.39, tmp_test_f1: 10.97, f1: 20.47
epoch: 261, val_loss:3.742761, acc: 20.43, bacc: 23.39, tmp_test_f1: 10.83, f1: 20.47
epoch: 262, val_loss:3.738190, acc: 20.43, bacc: 23.39, tmp_test_f1: 16.47, f1: 20.47
epoch: 263, val_loss:3.663441, acc: 20.43, bacc: 23.39, tmp_test_f1: 16.56, f1: 20.47
epoch: 264, val_loss:3.507908, acc: 20.43, bacc: 23.39, tmp_test_f1: 16.56, f1: 20.47
epoch: 265, val_loss:3.271877, acc: 20.43, bacc: 23.39, tmp_test_f1: 16.68, f1: 20.47
epoch: 266, val_loss:2.873152, acc: 20.43, bacc: 23.39, tmp_test_f1: 16.41, f1: 20.47
epoch: 267, val_loss:2.641952, acc: 20.43, bacc: 23.39, tmp_test_f1: 16.03, f1: 20.47
epoch: 268, val_loss:2.572732, acc: 20.43, bacc: 23.39, tmp_test_f1: 15.81, f1: 20.47
epoch: 269, val_loss:2.590359, acc: 20.43, bacc: 23.39, tmp_test_f1: 16.30, f1: 20.47
epoch: 270, val_loss:2.641870, acc: 20.43, bacc: 23.39, tmp_test_f1: 15.91, f1: 20.47
epoch: 271, val_loss:2.765903, acc: 20.43, bacc: 23.39, tmp_test_f1: 15.99, f1: 20.47
epoch: 272, val_loss:2.945569, acc: 20.43, bacc: 23.39, tmp_test_f1: 15.87, f1: 20.47
epoch: 273, val_loss:3.121715, acc: 20.43, bacc: 23.39, tmp_test_f1: 15.72, f1: 20.47
epoch: 274, val_loss:3.271462, acc: 20.43, bacc: 23.39, tmp_test_f1: 15.46, f1: 20.47
epoch: 275, val_loss:3.405881, acc: 20.43, bacc: 23.39, tmp_test_f1: 15.52, f1: 20.47
epoch: 276, val_loss:3.503940, acc: 20.43, bacc: 23.39, tmp_test_f1: 15.66, f1: 20.47
epoch: 277, val_loss:3.585723, acc: 20.43, bacc: 23.39, tmp_test_f1: 15.57, f1: 20.47
epoch: 278, val_loss:3.631435, acc: 20.43, bacc: 23.39, tmp_test_f1: 15.07, f1: 20.47
epoch: 279, val_loss:3.661933, acc: 20.43, bacc: 23.39, tmp_test_f1: 15.01, f1: 20.47
epoch: 280, val_loss:3.645480, acc: 20.43, bacc: 23.39, tmp_test_f1: 14.99, f1: 20.47
epoch: 281, val_loss:3.641355, acc: 20.43, bacc: 23.39, tmp_test_f1: 16.29, f1: 20.47
epoch: 282, val_loss:3.642409, acc: 20.43, bacc: 23.39, tmp_test_f1: 16.30, f1: 20.47
epoch: 283, val_loss:3.651469, acc: 20.43, bacc: 23.39, tmp_test_f1: 16.57, f1: 20.47
epoch: 284, val_loss:3.637024, acc: 20.43, bacc: 23.39, tmp_test_f1: 17.04, f1: 20.47
epoch: 285, val_loss:3.634412, acc: 20.43, bacc: 23.39, tmp_test_f1: 16.56, f1: 20.47
epoch: 286, val_loss:3.642061, acc: 20.43, bacc: 23.39, tmp_test_f1: 16.70, f1: 20.47
epoch: 287, val_loss:3.652514, acc: 20.43, bacc: 23.39, tmp_test_f1: 16.75, f1: 20.47
epoch: 288, val_loss:3.656968, acc: 20.43, bacc: 23.39, tmp_test_f1: 16.92, f1: 20.47
epoch: 289, val_loss:3.666564, acc: 20.43, bacc: 23.39, tmp_test_f1: 16.88, f1: 20.47
epoch: 290, val_loss:3.707425, acc: 20.43, bacc: 23.39, tmp_test_f1: 16.87, f1: 20.47
epoch: 291, val_loss:3.710397, acc: 20.43, bacc: 23.39, tmp_test_f1: 17.01, f1: 20.47
epoch: 292, val_loss:3.707028, acc: 20.43, bacc: 23.39, tmp_test_f1: 16.83, f1: 20.47
epoch: 293, val_loss:3.683099, acc: 20.43, bacc: 23.39, tmp_test_f1: 16.69, f1: 20.47
epoch: 294, val_loss:3.649561, acc: 20.43, bacc: 23.39, tmp_test_f1: 16.53, f1: 20.47
epoch: 295, val_loss:3.643826, acc: 20.43, bacc: 23.39, tmp_test_f1: 12.80, f1: 20.47
epoch: 296, val_loss:3.605527, acc: 20.43, bacc: 23.39, tmp_test_f1: 11.60, f1: 20.47
epoch: 297, val_loss:3.610581, acc: 20.43, bacc: 23.39, tmp_test_f1: 11.56, f1: 20.47
epoch: 298, val_loss:3.633596, acc: 20.43, bacc: 23.39, tmp_test_f1: 11.82, f1: 20.47
epoch: 299, val_loss:3.634985, acc: 20.43, bacc: 23.39, tmp_test_f1: 11.86, f1: 20.47
epoch: 300, val_loss:3.696751, acc: 20.43, bacc: 23.39, tmp_test_f1: 15.86, f1: 20.47
epoch: 301, val_loss:3.782314, acc: 20.43, bacc: 23.39, tmp_test_f1: 15.96, f1: 20.47
epoch: 302, val_loss:3.865340, acc: 20.43, bacc: 23.39, tmp_test_f1: 15.54, f1: 20.47
epoch: 303, val_loss:3.925955, acc: 20.43, bacc: 23.39, tmp_test_f1: 15.83, f1: 20.47
epoch: 304, val_loss:3.903471, acc: 20.43, bacc: 23.39, tmp_test_f1: 16.22, f1: 20.47
epoch: 305, val_loss:3.877490, acc: 20.43, bacc: 23.39, tmp_test_f1: 15.72, f1: 20.47
epoch: 306, val_loss:3.847869, acc: 20.43, bacc: 23.39, tmp_test_f1: 15.83, f1: 20.47
epoch: 307, val_loss:3.784735, acc: 20.43, bacc: 23.39, tmp_test_f1: 15.86, f1: 20.47
epoch: 308, val_loss:3.743696, acc: 20.43, bacc: 23.39, tmp_test_f1: 15.86, f1: 20.47
epoch: 309, val_loss:3.749744, acc: 20.43, bacc: 23.39, tmp_test_f1: 15.78, f1: 20.47
epoch: 310, val_loss:3.753316, acc: 20.43, bacc: 23.39, tmp_test_f1: 15.40, f1: 20.47
epoch: 311, val_loss:3.709391, acc: 20.43, bacc: 23.39, tmp_test_f1: 15.64, f1: 20.47
epoch: 312, val_loss:3.697037, acc: 20.43, bacc: 23.39, tmp_test_f1: 15.77, f1: 20.47
epoch: 313, val_loss:3.696236, acc: 20.43, bacc: 23.39, tmp_test_f1: 15.89, f1: 20.47
epoch: 314, val_loss:3.713643, acc: 20.43, bacc: 23.39, tmp_test_f1: 15.77, f1: 20.47
epoch: 315, val_loss:3.685644, acc: 20.43, bacc: 23.39, tmp_test_f1: 16.09, f1: 20.47
epoch: 316, val_loss:3.630023, acc: 20.43, bacc: 23.39, tmp_test_f1: 16.51, f1: 20.47
epoch: 317, val_loss:3.571226, acc: 20.43, bacc: 23.39, tmp_test_f1: 16.56, f1: 20.47
epoch: 318, val_loss:3.494803, acc: 20.43, bacc: 23.39, tmp_test_f1: 16.44, f1: 20.47
epoch: 319, val_loss:3.450242, acc: 20.43, bacc: 23.39, tmp_test_f1: 16.13, f1: 20.47
epoch: 320, val_loss:3.375789, acc: 20.43, bacc: 23.39, tmp_test_f1: 16.24, f1: 20.47
epoch: 321, val_loss:3.340928, acc: 20.43, bacc: 23.39, tmp_test_f1: 16.40, f1: 20.47
epoch: 322, val_loss:3.332202, acc: 20.43, bacc: 23.39, tmp_test_f1: 16.44, f1: 20.47
epoch: 323, val_loss:3.308057, acc: 20.43, bacc: 23.39, tmp_test_f1: 15.82, f1: 20.47
epoch: 324, val_loss:3.309233, acc: 20.43, bacc: 23.39, tmp_test_f1: 15.93, f1: 20.47
epoch: 325, val_loss:3.317404, acc: 20.43, bacc: 23.39, tmp_test_f1: 15.96, f1: 20.47
epoch: 326, val_loss:3.298568, acc: 20.43, bacc: 23.39, tmp_test_f1: 16.06, f1: 20.47
epoch: 327, val_loss:3.276925, acc: 20.43, bacc: 23.39, tmp_test_f1: 16.21, f1: 20.47
epoch: 328, val_loss:3.276234, acc: 20.43, bacc: 23.39, tmp_test_f1: 16.24, f1: 20.47
epoch: 329, val_loss:3.289856, acc: 20.43, bacc: 23.39, tmp_test_f1: 16.68, f1: 20.47
epoch: 330, val_loss:3.272993, acc: 20.43, bacc: 23.39, tmp_test_f1: 16.79, f1: 20.47
epoch: 331, val_loss:3.244884, acc: 20.43, bacc: 23.39, tmp_test_f1: 17.33, f1: 20.47
epoch: 332, val_loss:3.251639, acc: 20.43, bacc: 23.39, tmp_test_f1: 12.97, f1: 20.47
epoch: 333, val_loss:3.257793, acc: 20.43, bacc: 23.39, tmp_test_f1: 12.67, f1: 20.47
epoch: 334, val_loss:3.321017, acc: 20.43, bacc: 23.39, tmp_test_f1: 12.40, f1: 20.47
epoch: 335, val_loss:3.430412, acc: 20.43, bacc: 23.39, tmp_test_f1: 12.31, f1: 20.47
epoch: 336, val_loss:3.500450, acc: 20.43, bacc: 23.39, tmp_test_f1: 12.40, f1: 20.47
epoch: 337, val_loss:3.588548, acc: 20.43, bacc: 23.39, tmp_test_f1: 12.47, f1: 20.47
epoch: 338, val_loss:3.604922, acc: 20.43, bacc: 23.39, tmp_test_f1: 18.09, f1: 20.47
epoch: 339, val_loss:3.548257, acc: 20.43, bacc: 23.39, tmp_test_f1: 18.08, f1: 20.47
epoch: 340, val_loss:3.508979, acc: 20.43, bacc: 23.39, tmp_test_f1: 18.25, f1: 20.47
epoch: 341, val_loss:3.443987, acc: 20.43, bacc: 23.39, tmp_test_f1: 17.21, f1: 20.47
epoch: 342, val_loss:3.375115, acc: 20.43, bacc: 23.39, tmp_test_f1: 16.59, f1: 20.47
epoch: 343, val_loss:3.295146, acc: 20.43, bacc: 23.39, tmp_test_f1: 15.95, f1: 20.47
epoch: 344, val_loss:3.232706, acc: 20.43, bacc: 23.39, tmp_test_f1: 15.99, f1: 20.47
epoch: 345, val_loss:3.231742, acc: 20.43, bacc: 23.39, tmp_test_f1: 15.98, f1: 20.47
epoch: 346, val_loss:3.253736, acc: 20.43, bacc: 23.39, tmp_test_f1: 16.95, f1: 20.47
epoch: 347, val_loss:3.291953, acc: 20.43, bacc: 23.39, tmp_test_f1: 17.40, f1: 20.47
epoch: 348, val_loss:3.362742, acc: 20.43, bacc: 23.39, tmp_test_f1: 18.21, f1: 20.47
epoch: 349, val_loss:3.413280, acc: 20.43, bacc: 23.39, tmp_test_f1: 13.87, f1: 20.47
epoch: 350, val_loss:3.343924, acc: 20.43, bacc: 23.39, tmp_test_f1: 13.97, f1: 20.47
epoch: 351, val_loss:3.279182, acc: 20.43, bacc: 23.39, tmp_test_f1: 17.61, f1: 20.47
epoch: 352, val_loss:3.241623, acc: 20.43, bacc: 23.39, tmp_test_f1: 16.87, f1: 20.47
epoch: 353, val_loss:3.225958, acc: 20.43, bacc: 23.39, tmp_test_f1: 16.39, f1: 20.47
epoch: 354, val_loss:3.233492, acc: 20.43, bacc: 23.39, tmp_test_f1: 15.68, f1: 20.47
epoch: 355, val_loss:3.270505, acc: 20.43, bacc: 23.39, tmp_test_f1: 16.02, f1: 20.47
epoch: 356, val_loss:3.323164, acc: 20.43, bacc: 23.39, tmp_test_f1: 15.97, f1: 20.47
epoch: 357, val_loss:3.378440, acc: 20.43, bacc: 23.39, tmp_test_f1: 16.24, f1: 20.47
epoch: 358, val_loss:3.384204, acc: 20.43, bacc: 23.39, tmp_test_f1: 16.68, f1: 20.47
epoch: 359, val_loss:3.344007, acc: 20.43, bacc: 23.39, tmp_test_f1: 17.13, f1: 20.47
epoch: 360, val_loss:3.318918, acc: 20.43, bacc: 23.39, tmp_test_f1: 17.19, f1: 20.47
epoch: 361, val_loss:3.270597, acc: 20.43, bacc: 23.39, tmp_test_f1: 17.15, f1: 20.47
epoch: 362, val_loss:3.231676, acc: 20.43, bacc: 23.39, tmp_test_f1: 16.12, f1: 20.47
epoch: 363, val_loss:3.218392, acc: 20.43, bacc: 23.39, tmp_test_f1: 15.91, f1: 20.47
epoch: 364, val_loss:3.220355, acc: 20.43, bacc: 23.39, tmp_test_f1: 15.67, f1: 20.47
epoch: 365, val_loss:3.228474, acc: 20.43, bacc: 23.39, tmp_test_f1: 16.28, f1: 20.47
epoch: 366, val_loss:3.245109, acc: 20.43, bacc: 23.39, tmp_test_f1: 15.90, f1: 20.47
epoch: 367, val_loss:3.236782, acc: 20.43, bacc: 23.39, tmp_test_f1: 15.05, f1: 20.47
epoch: 368, val_loss:3.229455, acc: 20.43, bacc: 23.39, tmp_test_f1: 14.73, f1: 20.47
epoch: 369, val_loss:3.223652, acc: 20.43, bacc: 23.39, tmp_test_f1: 14.87, f1: 20.47
epoch: 370, val_loss:3.245832, acc: 20.43, bacc: 23.39, tmp_test_f1: 14.70, f1: 20.47
epoch: 371, val_loss:3.287723, acc: 20.43, bacc: 23.39, tmp_test_f1: 15.32, f1: 20.47
epoch: 372, val_loss:3.299469, acc: 20.43, bacc: 23.39, tmp_test_f1: 15.80, f1: 20.47
epoch: 373, val_loss:3.310804, acc: 20.43, bacc: 23.39, tmp_test_f1: 16.28, f1: 20.47
epoch: 374, val_loss:3.271668, acc: 20.43, bacc: 23.39, tmp_test_f1: 17.22, f1: 20.47
epoch: 375, val_loss:3.268490, acc: 20.43, bacc: 23.39, tmp_test_f1: 13.88, f1: 20.47
epoch: 376, val_loss:3.241724, acc: 20.43, bacc: 23.39, tmp_test_f1: 13.40, f1: 20.47
epoch: 377, val_loss:3.211766, acc: 20.43, bacc: 23.39, tmp_test_f1: 13.01, f1: 20.47
epoch: 378, val_loss:3.216503, acc: 20.43, bacc: 23.39, tmp_test_f1: 12.86, f1: 20.47
epoch: 379, val_loss:3.254146, acc: 20.43, bacc: 23.39, tmp_test_f1: 12.80, f1: 20.47
epoch: 380, val_loss:3.284559, acc: 20.43, bacc: 23.39, tmp_test_f1: 12.66, f1: 20.47
epoch: 381, val_loss:3.258966, acc: 20.43, bacc: 23.39, tmp_test_f1: 12.78, f1: 20.47
epoch: 382, val_loss:3.265433, acc: 20.43, bacc: 23.39, tmp_test_f1: 13.50, f1: 20.47
epoch: 383, val_loss:3.242533, acc: 20.43, bacc: 23.39, tmp_test_f1: 16.50, f1: 20.47
epoch: 384, val_loss:3.172009, acc: 20.43, bacc: 23.39, tmp_test_f1: 15.73, f1: 20.47
epoch: 385, val_loss:3.088195, acc: 20.43, bacc: 23.39, tmp_test_f1: 15.70, f1: 20.47
epoch: 386, val_loss:3.035987, acc: 20.43, bacc: 23.39, tmp_test_f1: 15.72, f1: 20.47
epoch: 387, val_loss:2.948945, acc: 20.43, bacc: 23.39, tmp_test_f1: 15.36, f1: 20.47
epoch: 388, val_loss:2.858881, acc: 20.43, bacc: 23.39, tmp_test_f1: 15.53, f1: 20.47
epoch: 389, val_loss:2.786812, acc: 20.43, bacc: 23.39, tmp_test_f1: 15.71, f1: 20.47
epoch: 390, val_loss:2.782500, acc: 20.43, bacc: 23.39, tmp_test_f1: 16.31, f1: 20.47
epoch: 391, val_loss:2.842260, acc: 20.43, bacc: 23.39, tmp_test_f1: 13.46, f1: 20.47
epoch: 392, val_loss:2.884651, acc: 20.43, bacc: 23.39, tmp_test_f1: 12.71, f1: 20.47
epoch: 393, val_loss:2.949965, acc: 20.43, bacc: 23.39, tmp_test_f1: 12.44, f1: 20.47
epoch: 394, val_loss:3.008243, acc: 20.43, bacc: 23.39, tmp_test_f1: 12.26, f1: 20.47
epoch: 395, val_loss:3.018327, acc: 20.43, bacc: 23.39, tmp_test_f1: 12.26, f1: 20.47
epoch: 396, val_loss:3.009247, acc: 20.43, bacc: 23.39, tmp_test_f1: 12.29, f1: 20.47
epoch: 397, val_loss:3.055475, acc: 20.43, bacc: 23.39, tmp_test_f1: 12.40, f1: 20.47
epoch: 398, val_loss:3.105094, acc: 20.43, bacc: 23.39, tmp_test_f1: 12.47, f1: 20.47
epoch: 399, val_loss:3.126796, acc: 20.43, bacc: 23.39, tmp_test_f1: 12.89, f1: 20.47
epoch: 400, val_loss:3.143808, acc: 20.43, bacc: 23.39, tmp_test_f1: 16.49, f1: 20.47
epoch: 401, val_loss:3.174391, acc: 20.43, bacc: 23.39, tmp_test_f1: 16.61, f1: 20.47
Epoch 00402: reducing learning rate of group 0 to 2.5000e-02.
epoch: 402, val_loss:3.144490, acc: 20.43, bacc: 23.39, tmp_test_f1: 15.97, f1: 20.47
epoch: 403, val_loss:3.110135, acc: 20.43, bacc: 23.39, tmp_test_f1: 15.75, f1: 20.47
epoch: 404, val_loss:3.110102, acc: 20.43, bacc: 23.39, tmp_test_f1: 15.46, f1: 20.47
epoch: 405, val_loss:3.104769, acc: 20.43, bacc: 23.39, tmp_test_f1: 15.60, f1: 20.47
epoch: 406, val_loss:3.106900, acc: 20.43, bacc: 23.39, tmp_test_f1: 15.50, f1: 20.47
epoch: 407, val_loss:3.120825, acc: 20.43, bacc: 23.39, tmp_test_f1: 15.78, f1: 20.47
epoch: 408, val_loss:3.122707, acc: 20.43, bacc: 23.39, tmp_test_f1: 15.79, f1: 20.47
epoch: 409, val_loss:3.110883, acc: 20.43, bacc: 23.39, tmp_test_f1: 15.83, f1: 20.47
epoch: 410, val_loss:3.036994, acc: 20.43, bacc: 23.39, tmp_test_f1: 15.78, f1: 20.47
epoch: 411, val_loss:2.971375, acc: 20.43, bacc: 23.39, tmp_test_f1: 15.52, f1: 20.47
epoch: 412, val_loss:2.926332, acc: 20.43, bacc: 23.39, tmp_test_f1: 15.73, f1: 20.47
epoch: 413, val_loss:2.889018, acc: 20.43, bacc: 23.39, tmp_test_f1: 16.01, f1: 20.47
epoch: 414, val_loss:2.871303, acc: 20.43, bacc: 23.39, tmp_test_f1: 16.38, f1: 20.47
epoch: 415, val_loss:2.871132, acc: 20.43, bacc: 23.39, tmp_test_f1: 16.48, f1: 20.47
epoch: 416, val_loss:2.888437, acc: 20.43, bacc: 23.39, tmp_test_f1: 16.82, f1: 20.47
epoch: 417, val_loss:2.912186, acc: 20.43, bacc: 23.39, tmp_test_f1: 16.68, f1: 20.47
epoch: 418, val_loss:2.933185, acc: 20.43, bacc: 23.39, tmp_test_f1: 16.72, f1: 20.47
epoch: 419, val_loss:2.971955, acc: 20.43, bacc: 23.39, tmp_test_f1: 16.66, f1: 20.47
epoch: 420, val_loss:3.000129, acc: 20.43, bacc: 23.39, tmp_test_f1: 16.91, f1: 20.47
epoch: 421, val_loss:3.016795, acc: 20.43, bacc: 23.39, tmp_test_f1: 16.99, f1: 20.47
epoch: 422, val_loss:3.025967, acc: 20.43, bacc: 23.39, tmp_test_f1: 16.89, f1: 20.47
epoch: 423, val_loss:3.041319, acc: 20.43, bacc: 23.39, tmp_test_f1: 16.92, f1: 20.47
epoch: 424, val_loss:3.052954, acc: 20.43, bacc: 23.39, tmp_test_f1: 16.62, f1: 20.47
epoch: 425, val_loss:3.068005, acc: 20.43, bacc: 23.39, tmp_test_f1: 16.41, f1: 20.47
epoch: 426, val_loss:3.086756, acc: 20.43, bacc: 23.39, tmp_test_f1: 16.33, f1: 20.47
epoch: 427, val_loss:3.039801, acc: 20.43, bacc: 23.39, tmp_test_f1: 16.63, f1: 20.47
epoch: 428, val_loss:2.994939, acc: 20.43, bacc: 23.39, tmp_test_f1: 16.79, f1: 20.47
epoch: 429, val_loss:2.944553, acc: 20.43, bacc: 23.39, tmp_test_f1: 16.55, f1: 20.47
epoch: 430, val_loss:2.903941, acc: 20.43, bacc: 23.39, tmp_test_f1: 17.21, f1: 20.47
epoch: 431, val_loss:2.901385, acc: 20.43, bacc: 23.39, tmp_test_f1: 17.00, f1: 20.47
epoch: 432, val_loss:2.907963, acc: 20.43, bacc: 23.39, tmp_test_f1: 16.88, f1: 20.47
epoch: 433, val_loss:2.942318, acc: 20.43, bacc: 23.39, tmp_test_f1: 16.96, f1: 20.47
epoch: 434, val_loss:2.987881, acc: 20.43, bacc: 23.39, tmp_test_f1: 16.69, f1: 20.47
epoch: 435, val_loss:3.026491, acc: 20.43, bacc: 23.39, tmp_test_f1: 16.46, f1: 20.47
epoch: 436, val_loss:3.065768, acc: 20.43, bacc: 23.39, tmp_test_f1: 16.68, f1: 20.47
epoch: 437, val_loss:3.066816, acc: 20.43, bacc: 23.39, tmp_test_f1: 16.74, f1: 20.47
epoch: 438, val_loss:3.054955, acc: 20.43, bacc: 23.39, tmp_test_f1: 16.84, f1: 20.47
epoch: 439, val_loss:3.047665, acc: 20.43, bacc: 23.39, tmp_test_f1: 16.33, f1: 20.47
epoch: 440, val_loss:3.041507, acc: 20.43, bacc: 23.39, tmp_test_f1: 16.40, f1: 20.47
epoch: 441, val_loss:3.039443, acc: 20.43, bacc: 23.39, tmp_test_f1: 16.64, f1: 20.47
epoch: 442, val_loss:3.036516, acc: 20.43, bacc: 23.39, tmp_test_f1: 16.40, f1: 20.47
epoch: 443, val_loss:3.035900, acc: 20.43, bacc: 23.39, tmp_test_f1: 16.34, f1: 20.47
epoch: 444, val_loss:3.041707, acc: 20.43, bacc: 23.39, tmp_test_f1: 16.37, f1: 20.47
epoch: 445, val_loss:3.041001, acc: 20.43, bacc: 23.39, tmp_test_f1: 16.43, f1: 20.47
epoch: 446, val_loss:3.030540, acc: 20.43, bacc: 23.39, tmp_test_f1: 16.57, f1: 20.47
epoch: 447, val_loss:3.018194, acc: 20.43, bacc: 23.39, tmp_test_f1: 16.72, f1: 20.47
epoch: 448, val_loss:3.010981, acc: 20.43, bacc: 23.39, tmp_test_f1: 16.63, f1: 20.47
epoch: 449, val_loss:3.000129, acc: 20.43, bacc: 23.39, tmp_test_f1: 16.80, f1: 20.47
epoch: 450, val_loss:2.987972, acc: 20.43, bacc: 23.39, tmp_test_f1: 16.89, f1: 20.47
epoch: 451, val_loss:2.987992, acc: 20.43, bacc: 23.39, tmp_test_f1: 16.98, f1: 20.47
epoch: 452, val_loss:2.989706, acc: 20.43, bacc: 23.39, tmp_test_f1: 17.04, f1: 20.47
epoch: 453, val_loss:2.991853, acc: 20.43, bacc: 23.39, tmp_test_f1: 17.00, f1: 20.47
epoch: 454, val_loss:2.989883, acc: 20.43, bacc: 23.39, tmp_test_f1: 16.99, f1: 20.47
epoch: 455, val_loss:2.999988, acc: 20.43, bacc: 23.39, tmp_test_f1: 17.03, f1: 20.47
epoch: 456, val_loss:3.008019, acc: 20.43, bacc: 23.39, tmp_test_f1: 17.08, f1: 20.47
epoch: 457, val_loss:3.005721, acc: 20.43, bacc: 23.39, tmp_test_f1: 17.26, f1: 20.47
epoch: 458, val_loss:2.998055, acc: 20.43, bacc: 23.39, tmp_test_f1: 17.43, f1: 20.47
epoch: 459, val_loss:2.994935, acc: 20.43, bacc: 23.39, tmp_test_f1: 17.55, f1: 20.47
epoch: 460, val_loss:2.995530, acc: 20.43, bacc: 23.39, tmp_test_f1: 17.88, f1: 20.47
epoch: 461, val_loss:2.987567, acc: 20.43, bacc: 23.39, tmp_test_f1: 17.82, f1: 20.47
epoch: 462, val_loss:2.977617, acc: 20.43, bacc: 23.39, tmp_test_f1: 17.54, f1: 20.47
epoch: 463, val_loss:2.982070, acc: 20.43, bacc: 23.39, tmp_test_f1: 17.45, f1: 20.47
epoch: 464, val_loss:2.988407, acc: 20.43, bacc: 23.39, tmp_test_f1: 17.19, f1: 20.47
epoch: 465, val_loss:2.991536, acc: 20.43, bacc: 23.39, tmp_test_f1: 17.28, f1: 20.47
epoch: 466, val_loss:3.004279, acc: 20.43, bacc: 23.39, tmp_test_f1: 17.30, f1: 20.47
epoch: 467, val_loss:3.017060, acc: 20.43, bacc: 23.39, tmp_test_f1: 17.69, f1: 20.47
epoch: 468, val_loss:3.020314, acc: 20.43, bacc: 23.39, tmp_test_f1: 18.13, f1: 20.47
epoch: 469, val_loss:3.050361, acc: 20.43, bacc: 23.39, tmp_test_f1: 18.47, f1: 20.47
epoch: 470, val_loss:3.090392, acc: 20.43, bacc: 23.39, tmp_test_f1: 13.98, f1: 20.47
epoch: 471, val_loss:3.128189, acc: 20.43, bacc: 23.39, tmp_test_f1: 13.90, f1: 20.47
epoch: 472, val_loss:3.135408, acc: 20.43, bacc: 23.39, tmp_test_f1: 13.78, f1: 20.47
epoch: 473, val_loss:3.126509, acc: 20.43, bacc: 23.39, tmp_test_f1: 13.59, f1: 20.47
epoch: 474, val_loss:3.076433, acc: 20.43, bacc: 23.39, tmp_test_f1: 14.09, f1: 20.47
epoch: 475, val_loss:3.020461, acc: 20.43, bacc: 23.39, tmp_test_f1: 13.68, f1: 20.47
epoch: 476, val_loss:2.962016, acc: 20.43, bacc: 23.39, tmp_test_f1: 13.90, f1: 20.47
epoch: 477, val_loss:2.908421, acc: 20.43, bacc: 23.39, tmp_test_f1: 14.10, f1: 20.47
epoch: 478, val_loss:2.871119, acc: 20.43, bacc: 23.39, tmp_test_f1: 14.43, f1: 20.47
epoch: 479, val_loss:2.855617, acc: 20.43, bacc: 23.39, tmp_test_f1: 18.16, f1: 20.47
epoch: 480, val_loss:2.836204, acc: 20.43, bacc: 23.39, tmp_test_f1: 17.76, f1: 20.47
epoch: 481, val_loss:2.829070, acc: 20.43, bacc: 23.39, tmp_test_f1: 17.18, f1: 20.47
epoch: 482, val_loss:2.818518, acc: 20.43, bacc: 23.39, tmp_test_f1: 17.12, f1: 20.47
epoch: 483, val_loss:2.823174, acc: 20.43, bacc: 23.39, tmp_test_f1: 16.95, f1: 20.47
epoch: 484, val_loss:2.837891, acc: 20.43, bacc: 23.39, tmp_test_f1: 16.51, f1: 20.47
epoch: 485, val_loss:2.855101, acc: 20.43, bacc: 23.39, tmp_test_f1: 16.86, f1: 20.47
epoch: 486, val_loss:2.881199, acc: 20.43, bacc: 23.39, tmp_test_f1: 16.35, f1: 20.47
epoch: 487, val_loss:2.892575, acc: 20.43, bacc: 23.39, tmp_test_f1: 16.20, f1: 20.47
epoch: 488, val_loss:2.902901, acc: 20.43, bacc: 23.39, tmp_test_f1: 16.65, f1: 20.47
epoch: 489, val_loss:2.917203, acc: 20.43, bacc: 23.39, tmp_test_f1: 17.04, f1: 20.47
epoch: 490, val_loss:2.913974, acc: 20.43, bacc: 23.39, tmp_test_f1: 16.97, f1: 20.47
epoch: 491, val_loss:2.911129, acc: 20.43, bacc: 23.39, tmp_test_f1: 16.99, f1: 20.47
epoch: 492, val_loss:2.916152, acc: 20.43, bacc: 23.39, tmp_test_f1: 16.92, f1: 20.47
epoch: 493, val_loss:2.920865, acc: 20.43, bacc: 23.39, tmp_test_f1: 17.34, f1: 20.47
epoch: 494, val_loss:2.933819, acc: 20.43, bacc: 23.39, tmp_test_f1: 17.22, f1: 20.47
epoch: 495, val_loss:2.928509, acc: 20.43, bacc: 23.39, tmp_test_f1: 17.18, f1: 20.47
epoch: 496, val_loss:2.929947, acc: 20.43, bacc: 23.39, tmp_test_f1: 17.49, f1: 20.47
epoch: 497, val_loss:2.913546, acc: 20.43, bacc: 23.39, tmp_test_f1: 17.56, f1: 20.47
epoch: 498, val_loss:2.883623, acc: 20.43, bacc: 23.39, tmp_test_f1: 17.89, f1: 20.47
epoch: 499, val_loss:2.866932, acc: 20.43, bacc: 23.39, tmp_test_f1: 17.70, f1: 20.47
epoch: 500, val_loss:2.855213, acc: 20.43, bacc: 23.39, tmp_test_f1: 17.80, f1: 20.47
epoch: 501, val_loss:2.858148, acc: 20.43, bacc: 23.39, tmp_test_f1: 17.96, f1: 20.47
epoch: 502, val_loss:2.877173, acc: 20.43, bacc: 23.39, tmp_test_f1: 18.38, f1: 20.47
epoch: 503, val_loss:2.879245, acc: 20.43, bacc: 23.39, tmp_test_f1: 18.51, f1: 20.47
epoch: 504, val_loss:2.889710, acc: 20.43, bacc: 23.39, tmp_test_f1: 14.41, f1: 20.47
epoch: 505, val_loss:2.894383, acc: 20.43, bacc: 23.39, tmp_test_f1: 14.35, f1: 20.47
epoch: 506, val_loss:2.913704, acc: 20.43, bacc: 23.39, tmp_test_f1: 14.50, f1: 20.47
epoch: 507, val_loss:2.921793, acc: 20.43, bacc: 23.39, tmp_test_f1: 14.86, f1: 20.47
epoch: 508, val_loss:2.904816, acc: 20.43, bacc: 23.39, tmp_test_f1: 14.59, f1: 20.47
epoch: 509, val_loss:2.889668, acc: 20.43, bacc: 23.39, tmp_test_f1: 18.64, f1: 20.47
epoch: 510, val_loss:2.864035, acc: 20.43, bacc: 23.39, tmp_test_f1: 18.35, f1: 20.47
epoch: 511, val_loss:2.835332, acc: 20.43, bacc: 23.39, tmp_test_f1: 18.13, f1: 20.47
epoch: 512, val_loss:2.814151, acc: 20.43, bacc: 23.39, tmp_test_f1: 17.89, f1: 20.47
epoch: 513, val_loss:2.811761, acc: 20.43, bacc: 23.39, tmp_test_f1: 17.71, f1: 20.47
epoch: 514, val_loss:2.817525, acc: 20.43, bacc: 23.39, tmp_test_f1: 17.56, f1: 20.47
epoch: 515, val_loss:2.807253, acc: 20.43, bacc: 23.39, tmp_test_f1: 17.70, f1: 20.47
epoch: 516, val_loss:2.803890, acc: 20.43, bacc: 23.39, tmp_test_f1: 17.82, f1: 20.47
epoch: 517, val_loss:2.818202, acc: 20.43, bacc: 23.39, tmp_test_f1: 17.88, f1: 20.47
epoch: 518, val_loss:2.850899, acc: 20.43, bacc: 23.39, tmp_test_f1: 17.11, f1: 20.47
epoch: 519, val_loss:2.889920, acc: 20.43, bacc: 23.39, tmp_test_f1: 16.54, f1: 20.47
epoch: 520, val_loss:2.934164, acc: 20.43, bacc: 23.39, tmp_test_f1: 16.62, f1: 20.47
epoch: 521, val_loss:2.968154, acc: 20.43, bacc: 23.39, tmp_test_f1: 16.71, f1: 20.47
epoch: 522, val_loss:2.976535, acc: 20.43, bacc: 23.39, tmp_test_f1: 16.76, f1: 20.47
epoch: 523, val_loss:2.970529, acc: 20.43, bacc: 23.39, tmp_test_f1: 16.74, f1: 20.47
epoch: 524, val_loss:2.969582, acc: 20.43, bacc: 23.39, tmp_test_f1: 16.29, f1: 20.47
epoch: 525, val_loss:2.957979, acc: 20.43, bacc: 23.39, tmp_test_f1: 15.80, f1: 20.47
epoch: 526, val_loss:2.931932, acc: 20.43, bacc: 23.39, tmp_test_f1: 16.17, f1: 20.47
epoch: 527, val_loss:2.897618, acc: 20.43, bacc: 23.39, tmp_test_f1: 16.26, f1: 20.47
epoch: 528, val_loss:2.830362, acc: 20.43, bacc: 23.39, tmp_test_f1: 15.75, f1: 20.47
epoch: 529, val_loss:2.763621, acc: 20.43, bacc: 23.39, tmp_test_f1: 14.98, f1: 20.47
epoch: 530, val_loss:2.732380, acc: 20.43, bacc: 23.39, tmp_test_f1: 14.88, f1: 20.47
epoch: 531, val_loss:2.716738, acc: 20.43, bacc: 23.39, tmp_test_f1: 14.86, f1: 20.47
epoch: 532, val_loss:2.718731, acc: 20.43, bacc: 23.39, tmp_test_f1: 14.69, f1: 20.47
epoch: 533, val_loss:2.746813, acc: 20.43, bacc: 23.39, tmp_test_f1: 15.20, f1: 20.47
epoch: 534, val_loss:2.780885, acc: 20.43, bacc: 23.39, tmp_test_f1: 15.87, f1: 20.47
epoch: 535, val_loss:2.831393, acc: 20.43, bacc: 23.39, tmp_test_f1: 16.26, f1: 20.47
epoch: 536, val_loss:2.883393, acc: 20.43, bacc: 23.39, tmp_test_f1: 16.56, f1: 20.47
epoch: 537, val_loss:2.934317, acc: 20.43, bacc: 23.39, tmp_test_f1: 17.20, f1: 20.47
epoch: 538, val_loss:2.953485, acc: 20.43, bacc: 23.39, tmp_test_f1: 13.95, f1: 20.47
epoch: 539, val_loss:2.959433, acc: 20.43, bacc: 23.39, tmp_test_f1: 14.02, f1: 20.47
epoch: 540, val_loss:2.947907, acc: 20.43, bacc: 23.39, tmp_test_f1: 13.95, f1: 20.47
epoch: 541, val_loss:2.935398, acc: 20.43, bacc: 23.39, tmp_test_f1: 14.19, f1: 20.47
epoch: 542, val_loss:2.915547, acc: 20.43, bacc: 23.39, tmp_test_f1: 16.79, f1: 20.47
epoch: 543, val_loss:2.887884, acc: 20.43, bacc: 23.39, tmp_test_f1: 16.65, f1: 20.47
epoch: 544, val_loss:2.868695, acc: 20.43, bacc: 23.39, tmp_test_f1: 16.88, f1: 20.47
epoch: 545, val_loss:2.863819, acc: 20.43, bacc: 23.39, tmp_test_f1: 16.89, f1: 20.47
epoch: 546, val_loss:2.866127, acc: 20.43, bacc: 23.39, tmp_test_f1: 16.46, f1: 20.47
epoch: 547, val_loss:2.878838, acc: 20.43, bacc: 23.39, tmp_test_f1: 16.10, f1: 20.47
epoch: 548, val_loss:2.897439, acc: 20.43, bacc: 23.39, tmp_test_f1: 16.23, f1: 20.47
epoch: 549, val_loss:2.913907, acc: 20.43, bacc: 23.39, tmp_test_f1: 16.42, f1: 20.47
epoch: 550, val_loss:2.946718, acc: 20.43, bacc: 23.39, tmp_test_f1: 17.14, f1: 20.47
epoch: 551, val_loss:2.978567, acc: 20.43, bacc: 23.39, tmp_test_f1: 14.36, f1: 20.47
epoch: 552, val_loss:3.013049, acc: 20.43, bacc: 23.39, tmp_test_f1: 14.54, f1: 20.47
epoch: 553, val_loss:3.000782, acc: 20.43, bacc: 23.39, tmp_test_f1: 14.46, f1: 20.47
epoch: 554, val_loss:2.999262, acc: 20.43, bacc: 23.39, tmp_test_f1: 14.52, f1: 20.47
epoch: 555, val_loss:2.990963, acc: 20.43, bacc: 23.39, tmp_test_f1: 14.35, f1: 20.47
epoch: 556, val_loss:2.977322, acc: 20.43, bacc: 23.39, tmp_test_f1: 14.23, f1: 20.47
epoch: 557, val_loss:2.976924, acc: 20.43, bacc: 23.39, tmp_test_f1: 14.49, f1: 20.47
epoch: 558, val_loss:2.974169, acc: 20.43, bacc: 23.39, tmp_test_f1: 16.92, f1: 20.47
epoch: 559, val_loss:2.976318, acc: 20.43, bacc: 23.39, tmp_test_f1: 16.76, f1: 20.47
epoch: 560, val_loss:2.976033, acc: 20.43, bacc: 23.39, tmp_test_f1: 16.17, f1: 20.47
epoch: 561, val_loss:2.976344, acc: 20.43, bacc: 23.39, tmp_test_f1: 16.13, f1: 20.47
epoch: 562, val_loss:2.961752, acc: 20.43, bacc: 23.39, tmp_test_f1: 16.22, f1: 20.47
epoch: 563, val_loss:2.938944, acc: 20.43, bacc: 23.39, tmp_test_f1: 16.26, f1: 20.47
epoch: 564, val_loss:2.933655, acc: 20.43, bacc: 23.39, tmp_test_f1: 16.33, f1: 20.47
epoch: 565, val_loss:2.940964, acc: 20.43, bacc: 23.39, tmp_test_f1: 16.31, f1: 20.47
epoch: 566, val_loss:2.938468, acc: 20.43, bacc: 23.39, tmp_test_f1: 16.60, f1: 20.47
epoch: 567, val_loss:2.953801, acc: 20.43, bacc: 23.39, tmp_test_f1: 16.21, f1: 20.47
epoch: 568, val_loss:2.955279, acc: 20.43, bacc: 23.39, tmp_test_f1: 16.01, f1: 20.47
epoch: 569, val_loss:2.956340, acc: 20.43, bacc: 23.39, tmp_test_f1: 15.65, f1: 20.47
epoch: 570, val_loss:2.924957, acc: 20.43, bacc: 23.39, tmp_test_f1: 15.81, f1: 20.47
epoch: 571, val_loss:2.895239, acc: 20.43, bacc: 23.39, tmp_test_f1: 15.72, f1: 20.47
epoch: 572, val_loss:2.880140, acc: 20.43, bacc: 23.39, tmp_test_f1: 14.78, f1: 20.47
epoch: 573, val_loss:2.845496, acc: 20.43, bacc: 23.39, tmp_test_f1: 14.54, f1: 20.47
epoch: 574, val_loss:2.822047, acc: 20.43, bacc: 23.39, tmp_test_f1: 14.20, f1: 20.47
epoch: 575, val_loss:2.796793, acc: 20.43, bacc: 23.39, tmp_test_f1: 13.97, f1: 20.47
epoch: 576, val_loss:2.792958, acc: 20.43, bacc: 23.39, tmp_test_f1: 13.99, f1: 20.47
epoch: 577, val_loss:2.783401, acc: 20.43, bacc: 23.39, tmp_test_f1: 14.36, f1: 20.47
epoch: 578, val_loss:2.725215, acc: 20.43, bacc: 23.39, tmp_test_f1: 15.60, f1: 20.47
epoch: 579, val_loss:2.685126, acc: 20.43, bacc: 23.39, tmp_test_f1: 12.97, f1: 20.47
epoch: 580, val_loss:2.635648, acc: 20.43, bacc: 23.39, tmp_test_f1: 13.14, f1: 20.47
epoch: 581, val_loss:2.618999, acc: 20.43, bacc: 23.39, tmp_test_f1: 13.46, f1: 20.47
epoch: 582, val_loss:2.627707, acc: 20.43, bacc: 23.39, tmp_test_f1: 13.68, f1: 20.47
epoch: 583, val_loss:2.658374, acc: 20.43, bacc: 23.39, tmp_test_f1: 15.74, f1: 20.47
epoch: 584, val_loss:2.698395, acc: 20.43, bacc: 23.39, tmp_test_f1: 15.04, f1: 20.47
epoch: 585, val_loss:2.730334, acc: 20.43, bacc: 23.39, tmp_test_f1: 14.40, f1: 20.47
epoch: 586, val_loss:2.758612, acc: 20.43, bacc: 23.39, tmp_test_f1: 14.03, f1: 20.47
epoch: 587, val_loss:2.779768, acc: 20.43, bacc: 23.39, tmp_test_f1: 14.07, f1: 20.47
epoch: 588, val_loss:2.794741, acc: 20.43, bacc: 23.39, tmp_test_f1: 14.06, f1: 20.47
epoch: 589, val_loss:2.794994, acc: 20.43, bacc: 23.39, tmp_test_f1: 14.32, f1: 20.47
epoch: 590, val_loss:2.802121, acc: 20.43, bacc: 23.39, tmp_test_f1: 14.08, f1: 20.47
epoch: 591, val_loss:2.815202, acc: 20.43, bacc: 23.39, tmp_test_f1: 14.01, f1: 20.47
epoch: 592, val_loss:2.834596, acc: 20.43, bacc: 23.39, tmp_test_f1: 13.90, f1: 20.47
epoch: 593, val_loss:2.870950, acc: 20.43, bacc: 23.39, tmp_test_f1: 13.70, f1: 20.47
epoch: 594, val_loss:2.900901, acc: 20.43, bacc: 23.39, tmp_test_f1: 13.90, f1: 20.47
epoch: 595, val_loss:2.939331, acc: 20.43, bacc: 23.39, tmp_test_f1: 14.29, f1: 20.47
epoch: 596, val_loss:2.986969, acc: 20.43, bacc: 23.39, tmp_test_f1: 14.53, f1: 20.47
epoch: 597, val_loss:3.017332, acc: 20.43, bacc: 23.39, tmp_test_f1: 14.20, f1: 20.47
epoch: 598, val_loss:3.047503, acc: 20.43, bacc: 23.39, tmp_test_f1: 14.61, f1: 20.47
epoch: 599, val_loss:3.046030, acc: 20.43, bacc: 23.39, tmp_test_f1: 14.40, f1: 20.47
epoch: 600, val_loss:3.054632, acc: 20.43, bacc: 23.39, tmp_test_f1: 15.31, f1: 20.47
epoch: 601, val_loss:3.054015, acc: 20.43, bacc: 23.39, tmp_test_f1: 15.45, f1: 20.47
epoch: 602, val_loss:3.065493, acc: 20.43, bacc: 23.39, tmp_test_f1: 15.65, f1: 20.47
Epoch 00603: reducing learning rate of group 0 to 1.2500e-02.
epoch: 603, val_loss:3.064251, acc: 20.43, bacc: 23.39, tmp_test_f1: 15.94, f1: 20.47
epoch: 604, val_loss:3.063834, acc: 20.43, bacc: 23.39, tmp_test_f1: 15.80, f1: 20.47
epoch: 605, val_loss:3.061416, acc: 20.43, bacc: 23.39, tmp_test_f1: 15.79, f1: 20.47
epoch: 606, val_loss:3.066414, acc: 20.43, bacc: 23.39, tmp_test_f1: 15.56, f1: 20.47
epoch: 607, val_loss:3.076061, acc: 20.43, bacc: 23.39, tmp_test_f1: 15.74, f1: 20.47
epoch: 608, val_loss:3.079212, acc: 20.43, bacc: 23.39, tmp_test_f1: 15.78, f1: 20.47
epoch: 609, val_loss:3.059448, acc: 20.43, bacc: 23.39, tmp_test_f1: 15.68, f1: 20.47
epoch: 610, val_loss:3.048524, acc: 20.43, bacc: 23.39, tmp_test_f1: 15.77, f1: 20.47
epoch: 611, val_loss:3.037737, acc: 20.43, bacc: 23.39, tmp_test_f1: 15.95, f1: 20.47
epoch: 612, val_loss:3.032128, acc: 20.43, bacc: 23.39, tmp_test_f1: 16.34, f1: 20.47
epoch: 613, val_loss:3.027398, acc: 20.43, bacc: 23.39, tmp_test_f1: 16.53, f1: 20.47
epoch: 614, val_loss:3.028501, acc: 20.43, bacc: 23.39, tmp_test_f1: 14.13, f1: 20.47
epoch: 615, val_loss:3.032874, acc: 20.43, bacc: 23.39, tmp_test_f1: 13.81, f1: 20.47
epoch: 616, val_loss:3.039447, acc: 20.43, bacc: 23.39, tmp_test_f1: 13.85, f1: 20.47
epoch: 617, val_loss:3.057716, acc: 20.43, bacc: 23.39, tmp_test_f1: 13.65, f1: 20.47
epoch: 618, val_loss:3.092075, acc: 20.43, bacc: 23.39, tmp_test_f1: 13.33, f1: 20.47
epoch: 619, val_loss:3.129963, acc: 20.43, bacc: 23.39, tmp_test_f1: 13.48, f1: 20.47
epoch: 620, val_loss:3.156150, acc: 20.43, bacc: 23.39, tmp_test_f1: 13.50, f1: 20.47
epoch: 621, val_loss:3.179378, acc: 20.43, bacc: 23.39, tmp_test_f1: 13.45, f1: 20.47
epoch: 622, val_loss:3.199601, acc: 20.43, bacc: 23.39, tmp_test_f1: 13.41, f1: 20.47
epoch: 623, val_loss:3.218593, acc: 20.43, bacc: 23.39, tmp_test_f1: 13.41, f1: 20.47
epoch: 624, val_loss:3.208884, acc: 20.43, bacc: 23.39, tmp_test_f1: 13.38, f1: 20.47
epoch: 625, val_loss:3.199892, acc: 20.43, bacc: 23.39, tmp_test_f1: 13.46, f1: 20.47
epoch: 626, val_loss:3.185012, acc: 20.43, bacc: 23.39, tmp_test_f1: 13.37, f1: 20.47
epoch: 627, val_loss:3.181751, acc: 20.43, bacc: 23.39, tmp_test_f1: 13.53, f1: 20.47
epoch: 628, val_loss:3.164619, acc: 20.43, bacc: 23.39, tmp_test_f1: 14.04, f1: 20.47
epoch: 629, val_loss:3.153868, acc: 20.43, bacc: 23.39, tmp_test_f1: 15.91, f1: 20.47
epoch: 630, val_loss:3.146727, acc: 20.43, bacc: 23.39, tmp_test_f1: 15.53, f1: 20.47
epoch: 631, val_loss:3.139404, acc: 20.43, bacc: 23.39, tmp_test_f1: 15.35, f1: 20.47
epoch: 632, val_loss:3.119627, acc: 20.43, bacc: 23.39, tmp_test_f1: 15.34, f1: 20.47
epoch: 633, val_loss:3.102148, acc: 20.43, bacc: 23.39, tmp_test_f1: 15.32, f1: 20.47
epoch: 634, val_loss:3.087994, acc: 20.43, bacc: 23.39, tmp_test_f1: 15.31, f1: 20.47
epoch: 635, val_loss:3.081881, acc: 20.43, bacc: 23.39, tmp_test_f1: 15.51, f1: 20.47
epoch: 636, val_loss:3.071333, acc: 20.43, bacc: 23.39, tmp_test_f1: 15.70, f1: 20.47
epoch: 637, val_loss:3.069809, acc: 20.43, bacc: 23.39, tmp_test_f1: 15.59, f1: 20.47
epoch: 638, val_loss:3.065589, acc: 20.43, bacc: 23.39, tmp_test_f1: 15.48, f1: 20.47
epoch: 639, val_loss:3.051017, acc: 20.43, bacc: 23.39, tmp_test_f1: 15.43, f1: 20.47
epoch: 640, val_loss:3.032389, acc: 20.43, bacc: 23.39, tmp_test_f1: 15.55, f1: 20.47
epoch: 641, val_loss:3.008934, acc: 20.43, bacc: 23.39, tmp_test_f1: 15.42, f1: 20.47
epoch: 642, val_loss:3.003926, acc: 20.43, bacc: 23.39, tmp_test_f1: 15.31, f1: 20.47
epoch: 643, val_loss:3.002388, acc: 20.43, bacc: 23.39, tmp_test_f1: 15.21, f1: 20.47
epoch: 644, val_loss:3.005894, acc: 20.43, bacc: 23.39, tmp_test_f1: 15.11, f1: 20.47
epoch: 645, val_loss:3.011444, acc: 20.43, bacc: 23.39, tmp_test_f1: 14.87, f1: 20.47
epoch: 646, val_loss:3.006997, acc: 20.43, bacc: 23.39, tmp_test_f1: 15.00, f1: 20.47
epoch: 647, val_loss:2.998849, acc: 20.43, bacc: 23.39, tmp_test_f1: 14.97, f1: 20.47
epoch: 648, val_loss:2.982249, acc: 20.43, bacc: 23.39, tmp_test_f1: 14.85, f1: 20.47
epoch: 649, val_loss:2.963273, acc: 20.43, bacc: 23.39, tmp_test_f1: 14.97, f1: 20.47
epoch: 650, val_loss:2.930583, acc: 20.43, bacc: 23.39, tmp_test_f1: 14.99, f1: 20.47
epoch: 651, val_loss:2.906417, acc: 20.43, bacc: 23.39, tmp_test_f1: 14.93, f1: 20.47
epoch: 652, val_loss:2.889233, acc: 20.43, bacc: 23.39, tmp_test_f1: 14.89, f1: 20.47
epoch: 653, val_loss:2.875665, acc: 20.43, bacc: 23.39, tmp_test_f1: 14.85, f1: 20.47
epoch: 654, val_loss:2.869840, acc: 20.43, bacc: 23.39, tmp_test_f1: 14.85, f1: 20.47
epoch: 655, val_loss:2.872690, acc: 20.43, bacc: 23.39, tmp_test_f1: 15.05, f1: 20.47
epoch: 656, val_loss:2.884290, acc: 20.43, bacc: 23.39, tmp_test_f1: 15.29, f1: 20.47
epoch: 657, val_loss:2.903390, acc: 20.43, bacc: 23.39, tmp_test_f1: 15.40, f1: 20.47
epoch: 658, val_loss:2.919120, acc: 20.43, bacc: 23.39, tmp_test_f1: 15.19, f1: 20.47
epoch: 659, val_loss:2.939589, acc: 20.43, bacc: 23.39, tmp_test_f1: 15.23, f1: 20.47
epoch: 660, val_loss:2.956975, acc: 20.43, bacc: 23.39, tmp_test_f1: 15.02, f1: 20.47
epoch: 661, val_loss:2.967643, acc: 20.43, bacc: 23.39, tmp_test_f1: 15.14, f1: 20.47
epoch: 662, val_loss:2.964723, acc: 20.43, bacc: 23.39, tmp_test_f1: 15.28, f1: 20.47
epoch: 663, val_loss:2.950557, acc: 20.43, bacc: 23.39, tmp_test_f1: 15.55, f1: 20.47
epoch: 664, val_loss:2.940477, acc: 20.43, bacc: 23.39, tmp_test_f1: 15.74, f1: 20.47
epoch: 665, val_loss:2.941477, acc: 20.43, bacc: 23.39, tmp_test_f1: 16.28, f1: 20.47
epoch: 666, val_loss:2.943257, acc: 20.43, bacc: 23.39, tmp_test_f1: 16.23, f1: 20.47
epoch: 667, val_loss:2.939586, acc: 20.43, bacc: 23.39, tmp_test_f1: 16.43, f1: 20.47
epoch: 668, val_loss:2.937272, acc: 20.43, bacc: 23.39, tmp_test_f1: 14.50, f1: 20.47
epoch: 669, val_loss:2.924017, acc: 20.43, bacc: 23.39, tmp_test_f1: 14.06, f1: 20.47
epoch: 670, val_loss:2.907924, acc: 20.43, bacc: 23.39, tmp_test_f1: 13.93, f1: 20.47
epoch: 671, val_loss:2.894453, acc: 20.43, bacc: 23.39, tmp_test_f1: 13.78, f1: 20.47
epoch: 672, val_loss:2.888273, acc: 20.43, bacc: 23.39, tmp_test_f1: 13.70, f1: 20.47
epoch: 673, val_loss:2.885700, acc: 20.43, bacc: 23.39, tmp_test_f1: 13.51, f1: 20.47
epoch: 674, val_loss:2.884665, acc: 20.43, bacc: 23.39, tmp_test_f1: 13.75, f1: 20.47
epoch: 675, val_loss:2.879867, acc: 20.43, bacc: 23.39, tmp_test_f1: 13.83, f1: 20.47
epoch: 676, val_loss:2.878457, acc: 20.43, bacc: 23.39, tmp_test_f1: 13.85, f1: 20.47
epoch: 677, val_loss:2.885336, acc: 20.43, bacc: 23.39, tmp_test_f1: 13.87, f1: 20.47
epoch: 678, val_loss:2.890378, acc: 20.43, bacc: 23.39, tmp_test_f1: 14.11, f1: 20.47
epoch: 679, val_loss:2.883396, acc: 20.43, bacc: 23.39, tmp_test_f1: 14.13, f1: 20.47
epoch: 680, val_loss:2.878873, acc: 20.43, bacc: 23.39, tmp_test_f1: 14.49, f1: 20.47
epoch: 681, val_loss:2.880306, acc: 20.43, bacc: 23.39, tmp_test_f1: 14.61, f1: 20.47
epoch: 682, val_loss:2.879957, acc: 20.43, bacc: 23.39, tmp_test_f1: 14.71, f1: 20.47
epoch: 683, val_loss:2.881381, acc: 20.43, bacc: 23.39, tmp_test_f1: 15.06, f1: 20.47
epoch: 684, val_loss:2.882010, acc: 20.43, bacc: 23.39, tmp_test_f1: 15.21, f1: 20.47
epoch: 685, val_loss:2.884362, acc: 20.43, bacc: 23.39, tmp_test_f1: 16.77, f1: 20.47
epoch: 686, val_loss:2.881302, acc: 20.43, bacc: 23.39, tmp_test_f1: 16.30, f1: 20.47
epoch: 687, val_loss:2.873087, acc: 20.43, bacc: 23.39, tmp_test_f1: 16.37, f1: 20.47
epoch: 688, val_loss:2.863708, acc: 20.43, bacc: 23.39, tmp_test_f1: 16.33, f1: 20.47
epoch: 689, val_loss:2.865461, acc: 20.43, bacc: 23.39, tmp_test_f1: 16.33, f1: 20.47
epoch: 690, val_loss:2.855799, acc: 20.43, bacc: 23.39, tmp_test_f1: 15.82, f1: 20.47
epoch: 691, val_loss:2.832567, acc: 20.43, bacc: 23.39, tmp_test_f1: 15.71, f1: 20.47
epoch: 692, val_loss:2.808916, acc: 20.43, bacc: 23.39, tmp_test_f1: 15.77, f1: 20.47
epoch: 693, val_loss:2.798687, acc: 20.43, bacc: 23.39, tmp_test_f1: 15.72, f1: 20.47
epoch: 694, val_loss:2.792007, acc: 20.43, bacc: 23.39, tmp_test_f1: 15.69, f1: 20.47
epoch: 695, val_loss:2.793005, acc: 20.43, bacc: 23.39, tmp_test_f1: 16.14, f1: 20.47
epoch: 696, val_loss:2.806897, acc: 20.43, bacc: 23.39, tmp_test_f1: 16.17, f1: 20.47
epoch: 697, val_loss:2.828229, acc: 20.43, bacc: 23.39, tmp_test_f1: 16.11, f1: 20.47
epoch: 698, val_loss:2.851381, acc: 20.43, bacc: 23.39, tmp_test_f1: 16.14, f1: 20.47
epoch: 699, val_loss:2.884797, acc: 20.43, bacc: 23.39, tmp_test_f1: 16.17, f1: 20.47
epoch: 700, val_loss:2.923147, acc: 20.43, bacc: 23.39, tmp_test_f1: 15.88, f1: 20.47
epoch: 701, val_loss:2.917252, acc: 20.43, bacc: 23.39, tmp_test_f1: 16.00, f1: 20.47
epoch: 702, val_loss:2.908785, acc: 20.43, bacc: 23.39, tmp_test_f1: 15.79, f1: 20.47
epoch: 703, val_loss:2.897304, acc: 20.43, bacc: 23.39, tmp_test_f1: 15.73, f1: 20.47
epoch: 704, val_loss:2.886559, acc: 20.43, bacc: 23.39, tmp_test_f1: 15.81, f1: 20.47
epoch: 705, val_loss:2.882624, acc: 20.43, bacc: 23.39, tmp_test_f1: 15.91, f1: 20.47
epoch: 706, val_loss:2.882038, acc: 20.43, bacc: 23.39, tmp_test_f1: 15.75, f1: 20.47
epoch: 707, val_loss:2.877944, acc: 20.43, bacc: 23.39, tmp_test_f1: 15.77, f1: 20.47
epoch: 708, val_loss:2.883878, acc: 20.43, bacc: 23.39, tmp_test_f1: 15.93, f1: 20.47
epoch: 709, val_loss:2.889270, acc: 20.43, bacc: 23.39, tmp_test_f1: 16.01, f1: 20.47
epoch: 710, val_loss:2.898381, acc: 20.43, bacc: 23.39, tmp_test_f1: 15.85, f1: 20.47
epoch: 711, val_loss:2.908671, acc: 20.43, bacc: 23.39, tmp_test_f1: 15.79, f1: 20.47
epoch: 712, val_loss:2.905493, acc: 20.43, bacc: 23.39, tmp_test_f1: 15.72, f1: 20.47
epoch: 713, val_loss:2.912338, acc: 20.43, bacc: 23.39, tmp_test_f1: 16.02, f1: 20.47
epoch: 714, val_loss:2.915391, acc: 20.43, bacc: 23.39, tmp_test_f1: 13.83, f1: 20.47
epoch: 715, val_loss:2.917977, acc: 20.43, bacc: 23.39, tmp_test_f1: 13.66, f1: 20.47
epoch: 716, val_loss:2.928488, acc: 20.43, bacc: 23.39, tmp_test_f1: 13.49, f1: 20.47
epoch: 717, val_loss:2.937532, acc: 20.43, bacc: 23.39, tmp_test_f1: 13.49, f1: 20.47
epoch: 718, val_loss:2.913965, acc: 20.43, bacc: 23.39, tmp_test_f1: 13.71, f1: 20.47
epoch: 719, val_loss:2.891142, acc: 20.43, bacc: 23.39, tmp_test_f1: 13.90, f1: 20.47
epoch: 720, val_loss:2.875678, acc: 20.43, bacc: 23.39, tmp_test_f1: 15.99, f1: 20.47
epoch: 721, val_loss:2.865693, acc: 20.43, bacc: 23.39, tmp_test_f1: 16.20, f1: 20.47
epoch: 722, val_loss:2.867218, acc: 20.43, bacc: 23.39, tmp_test_f1: 15.97, f1: 20.47
epoch: 723, val_loss:2.861639, acc: 20.43, bacc: 23.39, tmp_test_f1: 15.98, f1: 20.47
epoch: 724, val_loss:2.853510, acc: 20.43, bacc: 23.39, tmp_test_f1: 16.28, f1: 20.47
epoch: 725, val_loss:2.848713, acc: 20.43, bacc: 23.39, tmp_test_f1: 13.82, f1: 20.47
epoch: 726, val_loss:2.842486, acc: 20.43, bacc: 23.39, tmp_test_f1: 13.43, f1: 20.47
epoch: 727, val_loss:2.838537, acc: 20.43, bacc: 23.39, tmp_test_f1: 13.30, f1: 20.47
epoch: 728, val_loss:2.832796, acc: 20.43, bacc: 23.39, tmp_test_f1: 13.28, f1: 20.47
epoch: 729, val_loss:2.817886, acc: 20.43, bacc: 23.39, tmp_test_f1: 13.22, f1: 20.47
epoch: 730, val_loss:2.810788, acc: 20.43, bacc: 23.39, tmp_test_f1: 13.19, f1: 20.47
epoch: 731, val_loss:2.797744, acc: 20.43, bacc: 23.39, tmp_test_f1: 13.18, f1: 20.47
epoch: 732, val_loss:2.793276, acc: 20.43, bacc: 23.39, tmp_test_f1: 13.07, f1: 20.47
epoch: 733, val_loss:2.793578, acc: 20.43, bacc: 23.39, tmp_test_f1: 13.17, f1: 20.47
epoch: 734, val_loss:2.790262, acc: 20.43, bacc: 23.39, tmp_test_f1: 13.53, f1: 20.47
epoch: 735, val_loss:2.792625, acc: 20.43, bacc: 23.39, tmp_test_f1: 13.85, f1: 20.47
epoch: 736, val_loss:2.793568, acc: 20.43, bacc: 23.39, tmp_test_f1: 14.18, f1: 20.47
epoch: 737, val_loss:2.789340, acc: 20.43, bacc: 23.39, tmp_test_f1: 14.54, f1: 20.47
epoch: 738, val_loss:2.778413, acc: 20.43, bacc: 23.39, tmp_test_f1: 14.70, f1: 20.47
epoch: 739, val_loss:2.766229, acc: 20.43, bacc: 23.39, tmp_test_f1: 14.53, f1: 20.47
epoch: 740, val_loss:2.750604, acc: 20.43, bacc: 23.39, tmp_test_f1: 16.51, f1: 20.47
