CUDA Device Index: 3
Namespace(IsDirectedData=False, AugDirect=1, net='SymDiGCN', GPUdevice=3, seed=100, undirect_dataset='CiteSeer', Direct_dataset='WikipediaNetwork/squirrel', imb_ratio=100, dropout=0.1, num_filter=2, layer=2, alpha=0.1, K=2, feat_dim=64, warmup=5, epoch=1500, lr=0.1, l2=0.0005, tau=2, max=False, no_mask=False, gdc='ppr', heads=8, log_root='../logs/', log_path='test', data_path='../dataset/data/tmp/')
test_f1 CountNotImproved reset to 0 in epoch 0
epoch:   0, val_loss:1.861950, acc: 23.10, bacc: 16.67, tmp_test_f1: 6.26, f1: 6.26
test_f1 CountNotImproved reset to 0 in epoch 1
epoch:   1, val_loss:1.833143, acc: 23.40, bacc: 17.14, tmp_test_f1: 8.16, f1: 8.16
epoch:   2, val_loss:1.811497, acc: 23.40, bacc: 17.14, tmp_test_f1: 5.11, f1: 8.16
epoch:   3, val_loss:1.866759, acc: 23.40, bacc: 17.14, tmp_test_f1: 5.11, f1: 8.16
epoch:   4, val_loss:1.881908, acc: 23.40, bacc: 17.14, tmp_test_f1: 5.11, f1: 8.16
epoch:   5, val_loss:1.825339, acc: 23.40, bacc: 17.14, tmp_test_f1: 5.11, f1: 8.16
epoch:   6, val_loss:1.789564, acc: 23.40, bacc: 17.14, tmp_test_f1: 5.11, f1: 8.16
epoch:   7, val_loss:1.747636, acc: 23.40, bacc: 17.14, tmp_test_f1: 5.11, f1: 8.16
epoch:   8, val_loss:1.745231, acc: 23.40, bacc: 17.14, tmp_test_f1: 5.11, f1: 8.16
epoch:   9, val_loss:1.752149, acc: 23.40, bacc: 17.14, tmp_test_f1: 5.11, f1: 8.16
epoch:  10, val_loss:1.780368, acc: 23.40, bacc: 17.14, tmp_test_f1: 5.11, f1: 8.16
epoch:  11, val_loss:1.767798, acc: 23.40, bacc: 17.14, tmp_test_f1: 5.11, f1: 8.16
epoch:  12, val_loss:1.719769, acc: 23.40, bacc: 17.14, tmp_test_f1: 5.11, f1: 8.16
epoch:  13, val_loss:1.690097, acc: 23.40, bacc: 17.14, tmp_test_f1: 5.11, f1: 8.16
test_f1 CountNotImproved reset to 0 in epoch 14
epoch:  14, val_loss:1.686234, acc: 25.90, bacc: 22.27, tmp_test_f1: 12.42, f1: 12.42
test_f1 CountNotImproved reset to 0 in epoch 15
epoch:  15, val_loss:1.692823, acc: 35.40, bacc: 29.01, tmp_test_f1: 16.84, f1: 16.84
test_f1 CountNotImproved reset to 0 in epoch 16
epoch:  16, val_loss:1.652896, acc: 35.40, bacc: 28.95, tmp_test_f1: 17.08, f1: 17.08
epoch:  17, val_loss:1.650433, acc: 35.40, bacc: 28.95, tmp_test_f1: 14.83, f1: 17.08
epoch:  18, val_loss:1.704201, acc: 35.40, bacc: 28.95, tmp_test_f1: 16.61, f1: 17.08
test_f1 CountNotImproved reset to 0 in epoch 19
epoch:  19, val_loss:1.660477, acc: 35.20, bacc: 28.61, tmp_test_f1: 17.77, f1: 17.77
epoch:  20, val_loss:1.636811, acc: 35.20, bacc: 28.61, tmp_test_f1: 17.09, f1: 17.77
epoch:  21, val_loss:1.643632, acc: 35.20, bacc: 28.61, tmp_test_f1: 14.07, f1: 17.77
test_f1 CountNotImproved reset to 0 in epoch 22
epoch:  22, val_loss:1.750572, acc: 35.30, bacc: 28.70, tmp_test_f1: 17.85, f1: 17.85
test_f1 CountNotImproved reset to 0 in epoch 23
epoch:  23, val_loss:1.625873, acc: 35.10, bacc: 28.41, tmp_test_f1: 18.01, f1: 18.01
epoch:  24, val_loss:1.615972, acc: 35.10, bacc: 28.41, tmp_test_f1: 16.32, f1: 18.01
epoch:  25, val_loss:1.644839, acc: 35.10, bacc: 28.41, tmp_test_f1: 13.85, f1: 18.01
epoch:  26, val_loss:1.830401, acc: 35.10, bacc: 28.41, tmp_test_f1: 16.92, f1: 18.01
test_f1 CountNotImproved reset to 0 in epoch 27
epoch:  27, val_loss:1.609805, acc: 35.80, bacc: 28.88, tmp_test_f1: 18.47, f1: 18.47
epoch:  28, val_loss:1.583835, acc: 35.80, bacc: 28.88, tmp_test_f1: 18.31, f1: 18.47
epoch:  29, val_loss:1.573447, acc: 35.80, bacc: 28.88, tmp_test_f1: 16.96, f1: 18.47
epoch:  30, val_loss:1.610187, acc: 35.80, bacc: 28.88, tmp_test_f1: 15.91, f1: 18.47
epoch:  31, val_loss:1.768264, acc: 35.80, bacc: 28.88, tmp_test_f1: 16.24, f1: 18.47
epoch:  32, val_loss:1.695224, acc: 35.80, bacc: 28.88, tmp_test_f1: 17.22, f1: 18.47
epoch:  33, val_loss:1.582453, acc: 35.80, bacc: 28.88, tmp_test_f1: 18.31, f1: 18.47
epoch:  34, val_loss:1.585227, acc: 35.80, bacc: 28.88, tmp_test_f1: 17.77, f1: 18.47
epoch:  35, val_loss:1.583459, acc: 35.80, bacc: 28.88, tmp_test_f1: 16.45, f1: 18.47
epoch:  36, val_loss:1.640490, acc: 35.80, bacc: 28.88, tmp_test_f1: 15.08, f1: 18.47
epoch:  37, val_loss:1.786101, acc: 35.80, bacc: 28.88, tmp_test_f1: 16.34, f1: 18.47
epoch:  38, val_loss:1.650168, acc: 35.80, bacc: 28.88, tmp_test_f1: 17.65, f1: 18.47
epoch:  39, val_loss:1.600963, acc: 35.80, bacc: 28.88, tmp_test_f1: 17.80, f1: 18.47
epoch:  40, val_loss:1.603263, acc: 35.80, bacc: 28.88, tmp_test_f1: 16.18, f1: 18.47
epoch:  41, val_loss:1.664317, acc: 35.80, bacc: 28.88, tmp_test_f1: 14.73, f1: 18.47
epoch:  42, val_loss:1.840766, acc: 35.80, bacc: 28.88, tmp_test_f1: 16.44, f1: 18.47
epoch:  43, val_loss:1.639580, acc: 35.80, bacc: 28.88, tmp_test_f1: 17.85, f1: 18.47
epoch:  44, val_loss:1.607785, acc: 35.80, bacc: 28.88, tmp_test_f1: 17.76, f1: 18.47
epoch:  45, val_loss:1.605585, acc: 35.80, bacc: 28.88, tmp_test_f1: 16.59, f1: 18.47
epoch:  46, val_loss:1.636053, acc: 35.80, bacc: 28.88, tmp_test_f1: 15.24, f1: 18.47
epoch:  47, val_loss:1.763855, acc: 35.80, bacc: 28.88, tmp_test_f1: 16.49, f1: 18.47
epoch:  48, val_loss:1.656593, acc: 35.80, bacc: 28.88, tmp_test_f1: 17.29, f1: 18.47
epoch:  49, val_loss:1.610338, acc: 35.80, bacc: 28.88, tmp_test_f1: 17.64, f1: 18.47
epoch:  50, val_loss:1.614666, acc: 35.80, bacc: 28.88, tmp_test_f1: 16.89, f1: 18.47
epoch:  51, val_loss:1.635089, acc: 35.80, bacc: 28.88, tmp_test_f1: 15.65, f1: 18.47
epoch:  52, val_loss:1.715502, acc: 35.80, bacc: 28.88, tmp_test_f1: 15.86, f1: 18.47
epoch:  53, val_loss:1.683350, acc: 35.80, bacc: 28.88, tmp_test_f1: 16.94, f1: 18.47
epoch:  54, val_loss:1.626231, acc: 35.80, bacc: 28.88, tmp_test_f1: 16.89, f1: 18.47
epoch:  55, val_loss:1.631052, acc: 35.80, bacc: 28.88, tmp_test_f1: 14.89, f1: 18.47
epoch:  56, val_loss:1.712905, acc: 35.80, bacc: 28.88, tmp_test_f1: 15.35, f1: 18.47
epoch:  57, val_loss:1.702741, acc: 35.80, bacc: 28.88, tmp_test_f1: 16.92, f1: 18.47
epoch:  58, val_loss:1.647700, acc: 35.80, bacc: 28.88, tmp_test_f1: 16.70, f1: 18.47
test_f1 CountNotImproved reset to 0 in epoch 59
epoch:  59, val_loss:1.656083, acc: 32.60, bacc: 28.06, tmp_test_f1: 19.08, f1: 19.08
test_f1 CountNotImproved reset to 0 in epoch 60
epoch:  60, val_loss:1.749625, acc: 37.80, bacc: 32.67, tmp_test_f1: 23.41, f1: 23.41
epoch:  61, val_loss:1.656739, acc: 37.80, bacc: 32.67, tmp_test_f1: 23.39, f1: 23.41
epoch:  62, val_loss:1.645460, acc: 37.80, bacc: 32.67, tmp_test_f1: 21.49, f1: 23.41
epoch:  63, val_loss:1.697925, acc: 37.80, bacc: 32.67, tmp_test_f1: 22.94, f1: 23.41
test_f1 CountNotImproved reset to 0 in epoch 64
epoch:  64, val_loss:1.673424, acc: 36.90, bacc: 32.35, tmp_test_f1: 23.53, f1: 23.53
epoch:  65, val_loss:1.623855, acc: 36.90, bacc: 32.35, tmp_test_f1: 22.97, f1: 23.53
epoch:  66, val_loss:1.665043, acc: 36.90, bacc: 32.35, tmp_test_f1: 21.07, f1: 23.53
test_f1 CountNotImproved reset to 0 in epoch 67
epoch:  67, val_loss:1.723611, acc: 37.40, bacc: 32.73, tmp_test_f1: 23.74, f1: 23.74
epoch:  68, val_loss:1.634562, acc: 37.40, bacc: 32.73, tmp_test_f1: 23.50, f1: 23.74
epoch:  69, val_loss:1.695308, acc: 37.40, bacc: 32.73, tmp_test_f1: 23.42, f1: 23.74
test_f1 CountNotImproved reset to 0 in epoch 70
epoch:  70, val_loss:1.734438, acc: 37.90, bacc: 33.23, tmp_test_f1: 24.96, f1: 24.96
epoch:  71, val_loss:1.674366, acc: 37.90, bacc: 33.23, tmp_test_f1: 24.30, f1: 24.96
epoch:  72, val_loss:1.732523, acc: 37.90, bacc: 33.23, tmp_test_f1: 24.08, f1: 24.96
epoch:  73, val_loss:1.764260, acc: 37.90, bacc: 33.23, tmp_test_f1: 24.84, f1: 24.96
epoch:  74, val_loss:1.692070, acc: 37.90, bacc: 33.23, tmp_test_f1: 21.88, f1: 24.96
epoch:  75, val_loss:1.842082, acc: 37.90, bacc: 33.23, tmp_test_f1: 23.37, f1: 24.96
test_f1 CountNotImproved reset to 0 in epoch 76
epoch:  76, val_loss:1.792524, acc: 36.30, bacc: 32.09, tmp_test_f1: 25.03, f1: 25.03
epoch:  77, val_loss:1.717304, acc: 36.30, bacc: 32.09, tmp_test_f1: 21.66, f1: 25.03
epoch:  78, val_loss:1.950691, acc: 36.30, bacc: 32.09, tmp_test_f1: 23.16, f1: 25.03
epoch:  79, val_loss:1.891321, acc: 36.30, bacc: 32.09, tmp_test_f1: 23.90, f1: 25.03
epoch:  80, val_loss:1.734053, acc: 36.30, bacc: 32.09, tmp_test_f1: 23.64, f1: 25.03
epoch:  81, val_loss:1.937282, acc: 36.30, bacc: 32.09, tmp_test_f1: 22.87, f1: 25.03
test_f1 CountNotImproved reset to 0 in epoch 82
epoch:  82, val_loss:2.010043, acc: 36.40, bacc: 32.01, tmp_test_f1: 25.24, f1: 25.24
test_f1 CountNotImproved reset to 0 in epoch 83
epoch:  83, val_loss:1.731021, acc: 38.10, bacc: 33.26, tmp_test_f1: 25.49, f1: 25.49
epoch:  84, val_loss:1.754440, acc: 38.10, bacc: 33.26, tmp_test_f1: 21.93, f1: 25.49
epoch:  85, val_loss:1.979028, acc: 38.10, bacc: 33.26, tmp_test_f1: 24.63, f1: 25.49
epoch:  86, val_loss:1.815761, acc: 38.10, bacc: 33.26, tmp_test_f1: 24.93, f1: 25.49
epoch:  87, val_loss:1.726855, acc: 38.10, bacc: 33.26, tmp_test_f1: 23.49, f1: 25.49
epoch:  88, val_loss:1.874392, acc: 38.10, bacc: 33.26, tmp_test_f1: 21.48, f1: 25.49
test_f1 CountNotImproved reset to 0 in epoch 89
epoch:  89, val_loss:2.005098, acc: 38.30, bacc: 33.42, tmp_test_f1: 25.70, f1: 25.70
test_f1 CountNotImproved reset to 0 in epoch 90
epoch:  90, val_loss:1.778638, acc: 36.40, bacc: 32.18, tmp_test_f1: 25.89, f1: 25.89
epoch:  91, val_loss:1.742323, acc: 36.40, bacc: 32.18, tmp_test_f1: 24.83, f1: 25.89
epoch:  92, val_loss:1.893065, acc: 36.40, bacc: 32.18, tmp_test_f1: 23.80, f1: 25.89
epoch:  93, val_loss:1.965748, acc: 36.40, bacc: 32.18, tmp_test_f1: 25.37, f1: 25.89
epoch:  94, val_loss:1.774599, acc: 36.40, bacc: 32.18, tmp_test_f1: 25.58, f1: 25.89
epoch:  95, val_loss:1.767929, acc: 36.40, bacc: 32.18, tmp_test_f1: 22.40, f1: 25.89
epoch:  96, val_loss:1.987271, acc: 36.40, bacc: 32.18, tmp_test_f1: 25.45, f1: 25.89
test_f1 CountNotImproved reset to 0 in epoch 97
epoch:  97, val_loss:1.838821, acc: 36.80, bacc: 32.45, tmp_test_f1: 26.02, f1: 26.02
epoch:  98, val_loss:1.785457, acc: 36.80, bacc: 32.45, tmp_test_f1: 23.04, f1: 26.02
epoch:  99, val_loss:1.991796, acc: 36.80, bacc: 32.45, tmp_test_f1: 23.69, f1: 26.02
epoch: 100, val_loss:1.975190, acc: 36.80, bacc: 32.45, tmp_test_f1: 25.19, f1: 26.02
epoch: 101, val_loss:1.807626, acc: 36.80, bacc: 32.45, tmp_test_f1: 24.70, f1: 26.02
epoch: 102, val_loss:1.926430, acc: 36.80, bacc: 32.45, tmp_test_f1: 25.04, f1: 26.02
test_f1 CountNotImproved reset to 0 in epoch 103
epoch: 103, val_loss:2.013077, acc: 38.50, bacc: 33.62, tmp_test_f1: 26.69, f1: 26.69
test_f1 CountNotImproved reset to 0 in epoch 104
epoch: 104, val_loss:1.833392, acc: 38.80, bacc: 33.91, tmp_test_f1: 26.94, f1: 26.94
epoch: 105, val_loss:1.829353, acc: 38.80, bacc: 33.91, tmp_test_f1: 24.82, f1: 26.94
epoch: 106, val_loss:2.020287, acc: 38.80, bacc: 33.91, tmp_test_f1: 25.87, f1: 26.94
epoch: 107, val_loss:1.881094, acc: 38.80, bacc: 33.91, tmp_test_f1: 25.83, f1: 26.94
epoch: 108, val_loss:1.782258, acc: 38.80, bacc: 33.91, tmp_test_f1: 24.53, f1: 26.94
test_f1 CountNotImproved reset to 0 in epoch 109
epoch: 109, val_loss:2.104367, acc: 39.50, bacc: 34.43, tmp_test_f1: 27.56, f1: 27.56
epoch: 110, val_loss:1.874411, acc: 39.50, bacc: 34.43, tmp_test_f1: 26.69, f1: 27.56
epoch: 111, val_loss:1.773378, acc: 39.50, bacc: 34.43, tmp_test_f1: 23.63, f1: 27.56
epoch: 112, val_loss:2.173279, acc: 39.50, bacc: 34.43, tmp_test_f1: 26.14, f1: 27.56
epoch: 113, val_loss:1.992012, acc: 39.50, bacc: 34.43, tmp_test_f1: 26.02, f1: 27.56
epoch: 114, val_loss:1.784183, acc: 39.50, bacc: 34.43, tmp_test_f1: 26.42, f1: 27.56
epoch: 115, val_loss:1.919926, acc: 39.50, bacc: 34.43, tmp_test_f1: 24.10, f1: 27.56
test_f1 CountNotImproved reset to 0 in epoch 116
epoch: 116, val_loss:2.308252, acc: 40.10, bacc: 34.54, tmp_test_f1: 27.89, f1: 27.89
epoch: 117, val_loss:1.787367, acc: 40.10, bacc: 34.54, tmp_test_f1: 27.39, f1: 27.89
epoch: 118, val_loss:1.753989, acc: 40.10, bacc: 34.54, tmp_test_f1: 27.12, f1: 27.89
epoch: 119, val_loss:1.976487, acc: 40.10, bacc: 34.54, tmp_test_f1: 26.37, f1: 27.89
test_f1 CountNotImproved reset to 0 in epoch 120
epoch: 120, val_loss:2.214947, acc: 40.70, bacc: 34.85, tmp_test_f1: 27.94, f1: 27.94
epoch: 121, val_loss:1.782778, acc: 40.70, bacc: 34.85, tmp_test_f1: 27.41, f1: 27.94
epoch: 122, val_loss:1.741595, acc: 40.70, bacc: 34.85, tmp_test_f1: 27.88, f1: 27.94
epoch: 123, val_loss:1.879031, acc: 40.70, bacc: 34.85, tmp_test_f1: 27.64, f1: 27.94
epoch: 124, val_loss:2.277983, acc: 40.70, bacc: 34.85, tmp_test_f1: 27.76, f1: 27.94
epoch: 125, val_loss:1.857080, acc: 40.70, bacc: 34.85, tmp_test_f1: 27.30, f1: 27.94
epoch: 126, val_loss:1.730446, acc: 40.70, bacc: 34.85, tmp_test_f1: 27.81, f1: 27.94
epoch: 127, val_loss:1.787197, acc: 40.70, bacc: 34.85, tmp_test_f1: 26.24, f1: 27.94
epoch: 128, val_loss:2.223148, acc: 40.70, bacc: 34.85, tmp_test_f1: 26.76, f1: 27.94
epoch: 129, val_loss:1.985626, acc: 40.70, bacc: 34.85, tmp_test_f1: 27.87, f1: 27.94
epoch: 130, val_loss:1.724506, acc: 40.70, bacc: 34.85, tmp_test_f1: 27.63, f1: 27.94
epoch: 131, val_loss:1.739501, acc: 40.70, bacc: 34.85, tmp_test_f1: 26.57, f1: 27.94
epoch: 132, val_loss:2.061305, acc: 40.70, bacc: 34.85, tmp_test_f1: 27.31, f1: 27.94
epoch: 133, val_loss:2.082451, acc: 40.70, bacc: 34.85, tmp_test_f1: 27.35, f1: 27.94
test_f1 CountNotImproved reset to 0 in epoch 134
epoch: 134, val_loss:1.725575, acc: 40.80, bacc: 35.01, tmp_test_f1: 28.30, f1: 28.30
epoch: 135, val_loss:1.727625, acc: 40.80, bacc: 35.01, tmp_test_f1: 28.13, f1: 28.30
test_f1 CountNotImproved reset to 0 in epoch 136
epoch: 136, val_loss:2.144496, acc: 40.80, bacc: 35.68, tmp_test_f1: 29.60, f1: 29.60
epoch: 137, val_loss:2.032319, acc: 40.80, bacc: 35.68, tmp_test_f1: 28.52, f1: 29.60
epoch: 138, val_loss:1.718305, acc: 40.80, bacc: 35.68, tmp_test_f1: 28.60, f1: 29.60
test_f1 CountNotImproved reset to 0 in epoch 139
epoch: 139, val_loss:1.710963, acc: 41.30, bacc: 36.09, tmp_test_f1: 29.93, f1: 29.93
epoch: 140, val_loss:1.950365, acc: 41.30, bacc: 36.09, tmp_test_f1: 27.35, f1: 29.93
epoch: 141, val_loss:2.247853, acc: 41.30, bacc: 36.09, tmp_test_f1: 28.88, f1: 29.93
epoch: 142, val_loss:1.714229, acc: 41.30, bacc: 36.09, tmp_test_f1: 29.11, f1: 29.93
epoch: 143, val_loss:1.690551, acc: 41.30, bacc: 36.09, tmp_test_f1: 29.28, f1: 29.93
epoch: 144, val_loss:1.990377, acc: 41.30, bacc: 36.09, tmp_test_f1: 26.71, f1: 29.93
epoch: 145, val_loss:2.325387, acc: 41.30, bacc: 36.09, tmp_test_f1: 28.87, f1: 29.93
epoch: 146, val_loss:1.696806, acc: 41.30, bacc: 36.09, tmp_test_f1: 28.11, f1: 29.93
epoch: 147, val_loss:1.696135, acc: 41.30, bacc: 36.09, tmp_test_f1: 29.76, f1: 29.93
epoch: 148, val_loss:1.851559, acc: 41.30, bacc: 36.09, tmp_test_f1: 24.44, f1: 29.93
epoch: 149, val_loss:2.668812, acc: 41.30, bacc: 36.09, tmp_test_f1: 28.68, f1: 29.93
epoch: 150, val_loss:1.827160, acc: 41.30, bacc: 36.09, tmp_test_f1: 29.23, f1: 29.93
test_f1 CountNotImproved reset to 0 in epoch 151
epoch: 151, val_loss:1.710344, acc: 42.40, bacc: 36.78, tmp_test_f1: 30.41, f1: 30.41
epoch: 152, val_loss:1.672183, acc: 42.40, bacc: 36.78, tmp_test_f1: 27.47, f1: 30.41
epoch: 153, val_loss:2.047896, acc: 42.40, bacc: 36.78, tmp_test_f1: 25.63, f1: 30.41
epoch: 154, val_loss:2.709566, acc: 42.40, bacc: 36.78, tmp_test_f1: 28.50, f1: 30.41
test_f1 CountNotImproved reset to 0 in epoch 155
epoch: 155, val_loss:1.882140, acc: 42.90, bacc: 36.97, tmp_test_f1: 30.69, f1: 30.69
epoch: 156, val_loss:1.657349, acc: 42.90, bacc: 36.97, tmp_test_f1: 30.38, f1: 30.69
epoch: 157, val_loss:1.677236, acc: 42.90, bacc: 36.97, tmp_test_f1: 30.06, f1: 30.69
epoch: 158, val_loss:1.739657, acc: 42.90, bacc: 36.97, tmp_test_f1: 24.95, f1: 30.69
epoch: 159, val_loss:2.497923, acc: 42.90, bacc: 36.97, tmp_test_f1: 29.47, f1: 30.69
epoch: 160, val_loss:2.187234, acc: 42.90, bacc: 36.97, tmp_test_f1: 29.85, f1: 30.69
test_f1 CountNotImproved reset to 0 in epoch 161
epoch: 161, val_loss:1.717178, acc: 42.50, bacc: 37.29, tmp_test_f1: 31.69, f1: 31.69
test_f1 CountNotImproved reset to 0 in epoch 162
epoch: 162, val_loss:1.642860, acc: 42.40, bacc: 37.44, tmp_test_f1: 31.70, f1: 31.70
epoch: 163, val_loss:1.621836, acc: 42.40, bacc: 37.44, tmp_test_f1: 30.08, f1: 31.70
epoch: 164, val_loss:1.727871, acc: 42.40, bacc: 37.44, tmp_test_f1: 28.65, f1: 31.70
epoch: 165, val_loss:2.154926, acc: 42.40, bacc: 37.44, tmp_test_f1: 28.50, f1: 31.70
epoch: 166, val_loss:2.234299, acc: 42.40, bacc: 37.44, tmp_test_f1: 30.12, f1: 31.70
epoch: 167, val_loss:1.801817, acc: 42.40, bacc: 37.44, tmp_test_f1: 30.20, f1: 31.70
epoch: 168, val_loss:1.600549, acc: 42.40, bacc: 37.44, tmp_test_f1: 30.40, f1: 31.70
epoch: 169, val_loss:1.590416, acc: 42.40, bacc: 37.44, tmp_test_f1: 30.24, f1: 31.70
epoch: 170, val_loss:1.608856, acc: 42.40, bacc: 37.44, tmp_test_f1: 29.97, f1: 31.70
epoch: 171, val_loss:1.782288, acc: 42.40, bacc: 37.44, tmp_test_f1: 27.74, f1: 31.70
epoch: 172, val_loss:2.143047, acc: 42.40, bacc: 37.44, tmp_test_f1: 27.94, f1: 31.70
epoch: 173, val_loss:2.002306, acc: 42.40, bacc: 37.44, tmp_test_f1: 30.49, f1: 31.70
epoch: 174, val_loss:1.646311, acc: 42.40, bacc: 37.44, tmp_test_f1: 31.51, f1: 31.70
epoch: 175, val_loss:1.584356, acc: 42.40, bacc: 37.44, tmp_test_f1: 31.37, f1: 31.70
epoch: 176, val_loss:1.590302, acc: 42.40, bacc: 37.44, tmp_test_f1: 28.54, f1: 31.70
epoch: 177, val_loss:1.858013, acc: 42.40, bacc: 37.44, tmp_test_f1: 26.76, f1: 31.70
epoch: 178, val_loss:2.038372, acc: 42.40, bacc: 37.44, tmp_test_f1: 30.90, f1: 31.70
test_f1 CountNotImproved reset to 0 in epoch 179
epoch: 179, val_loss:1.677559, acc: 44.40, bacc: 41.49, tmp_test_f1: 33.71, f1: 33.71
epoch: 180, val_loss:1.553176, acc: 44.40, bacc: 41.49, tmp_test_f1: 33.50, f1: 33.71
epoch: 181, val_loss:1.483421, acc: 44.40, bacc: 41.49, tmp_test_f1: 30.37, f1: 33.71
epoch: 182, val_loss:1.599464, acc: 44.40, bacc: 41.49, tmp_test_f1: 29.51, f1: 33.71
epoch: 183, val_loss:1.777227, acc: 44.40, bacc: 41.49, tmp_test_f1: 32.12, f1: 33.71
epoch: 184, val_loss:1.643886, acc: 44.40, bacc: 41.49, tmp_test_f1: 30.65, f1: 33.71
epoch: 185, val_loss:1.621911, acc: 44.40, bacc: 41.49, tmp_test_f1: 33.44, f1: 33.71
test_f1 CountNotImproved reset to 0 in epoch 186
epoch: 186, val_loss:1.509727, acc: 43.10, bacc: 39.56, tmp_test_f1: 34.09, f1: 34.09
epoch: 187, val_loss:1.497606, acc: 43.10, bacc: 39.56, tmp_test_f1: 31.86, f1: 34.09
test_f1 CountNotImproved reset to 0 in epoch 188
epoch: 188, val_loss:1.655361, acc: 45.00, bacc: 41.33, tmp_test_f1: 36.69, f1: 36.69
epoch: 189, val_loss:1.506880, acc: 45.00, bacc: 41.33, tmp_test_f1: 36.20, f1: 36.69
epoch: 190, val_loss:1.496301, acc: 45.00, bacc: 41.33, tmp_test_f1: 36.18, f1: 36.69
epoch: 191, val_loss:1.602620, acc: 45.00, bacc: 41.33, tmp_test_f1: 36.04, f1: 36.69
epoch: 192, val_loss:1.664389, acc: 45.00, bacc: 41.33, tmp_test_f1: 35.76, f1: 36.69
test_f1 CountNotImproved reset to 0 in epoch 193
epoch: 193, val_loss:1.783066, acc: 46.80, bacc: 42.54, tmp_test_f1: 38.15, f1: 38.15
test_f1 CountNotImproved reset to 0 in epoch 194
epoch: 194, val_loss:1.511779, acc: 54.10, bacc: 48.84, tmp_test_f1: 42.60, f1: 42.60
epoch: 195, val_loss:1.467566, acc: 54.10, bacc: 48.84, tmp_test_f1: 40.18, f1: 42.60
epoch: 196, val_loss:1.462262, acc: 54.10, bacc: 48.84, tmp_test_f1: 38.26, f1: 42.60
epoch: 197, val_loss:1.634674, acc: 54.10, bacc: 48.84, tmp_test_f1: 35.76, f1: 42.60
epoch: 198, val_loss:1.993472, acc: 54.10, bacc: 48.84, tmp_test_f1: 36.07, f1: 42.60
epoch: 199, val_loss:1.686995, acc: 54.10, bacc: 48.84, tmp_test_f1: 38.27, f1: 42.60
epoch: 200, val_loss:1.464694, acc: 54.10, bacc: 48.84, tmp_test_f1: 38.81, f1: 42.60
epoch: 201, val_loss:1.444042, acc: 54.10, bacc: 48.84, tmp_test_f1: 39.69, f1: 42.60
epoch: 202, val_loss:1.516792, acc: 54.10, bacc: 48.84, tmp_test_f1: 37.21, f1: 42.60
epoch: 203, val_loss:1.588800, acc: 54.10, bacc: 48.84, tmp_test_f1: 34.96, f1: 42.60
epoch: 204, val_loss:1.648572, acc: 54.10, bacc: 48.84, tmp_test_f1: 34.35, f1: 42.60
epoch: 205, val_loss:1.771085, acc: 54.10, bacc: 48.84, tmp_test_f1: 35.37, f1: 42.60
epoch: 206, val_loss:1.698199, acc: 54.10, bacc: 48.84, tmp_test_f1: 35.56, f1: 42.60
epoch: 207, val_loss:1.711374, acc: 54.10, bacc: 48.84, tmp_test_f1: 37.60, f1: 42.60
epoch: 208, val_loss:1.439683, acc: 54.10, bacc: 48.84, tmp_test_f1: 37.97, f1: 42.60
epoch: 209, val_loss:1.468063, acc: 54.10, bacc: 48.84, tmp_test_f1: 35.80, f1: 42.60
epoch: 210, val_loss:1.450815, acc: 54.10, bacc: 48.84, tmp_test_f1: 33.73, f1: 42.60
epoch: 211, val_loss:1.778698, acc: 54.10, bacc: 48.84, tmp_test_f1: 30.59, f1: 42.60
epoch: 212, val_loss:2.064923, acc: 54.10, bacc: 48.84, tmp_test_f1: 33.22, f1: 42.60
epoch: 213, val_loss:1.640910, acc: 54.10, bacc: 48.84, tmp_test_f1: 35.85, f1: 42.60
epoch: 214, val_loss:1.474554, acc: 54.10, bacc: 48.84, tmp_test_f1: 37.17, f1: 42.60
epoch: 215, val_loss:1.481661, acc: 54.10, bacc: 48.84, tmp_test_f1: 35.13, f1: 42.60
epoch: 216, val_loss:1.734466, acc: 54.10, bacc: 48.84, tmp_test_f1: 35.78, f1: 42.60
epoch: 217, val_loss:1.566205, acc: 54.10, bacc: 48.84, tmp_test_f1: 34.00, f1: 42.60
epoch: 218, val_loss:1.653662, acc: 54.10, bacc: 48.84, tmp_test_f1: 34.52, f1: 42.60
epoch: 219, val_loss:1.740207, acc: 54.10, bacc: 48.84, tmp_test_f1: 35.55, f1: 42.60
epoch: 220, val_loss:1.855980, acc: 54.10, bacc: 48.84, tmp_test_f1: 36.22, f1: 42.60
epoch: 221, val_loss:1.769634, acc: 54.10, bacc: 48.84, tmp_test_f1: 37.79, f1: 42.60
epoch: 222, val_loss:1.410718, acc: 54.10, bacc: 48.84, tmp_test_f1: 38.28, f1: 42.60
epoch: 223, val_loss:1.494197, acc: 54.10, bacc: 48.84, tmp_test_f1: 38.24, f1: 42.60
epoch: 224, val_loss:1.408419, acc: 54.10, bacc: 48.84, tmp_test_f1: 36.19, f1: 42.60
epoch: 225, val_loss:1.697333, acc: 54.10, bacc: 48.84, tmp_test_f1: 33.09, f1: 42.60
epoch: 226, val_loss:2.036236, acc: 54.10, bacc: 48.84, tmp_test_f1: 30.76, f1: 42.60
epoch: 227, val_loss:1.758594, acc: 54.10, bacc: 48.84, tmp_test_f1: 32.22, f1: 42.60
epoch: 228, val_loss:1.624070, acc: 54.10, bacc: 48.84, tmp_test_f1: 34.65, f1: 42.60
epoch: 229, val_loss:1.490249, acc: 54.10, bacc: 48.84, tmp_test_f1: 36.33, f1: 42.60
epoch: 230, val_loss:1.598352, acc: 54.10, bacc: 48.84, tmp_test_f1: 33.75, f1: 42.60
epoch: 231, val_loss:1.840123, acc: 54.10, bacc: 48.84, tmp_test_f1: 36.32, f1: 42.60
epoch: 232, val_loss:1.477630, acc: 54.10, bacc: 48.84, tmp_test_f1: 35.44, f1: 42.60
epoch: 233, val_loss:1.517897, acc: 54.10, bacc: 48.84, tmp_test_f1: 34.23, f1: 42.60
epoch: 234, val_loss:1.552294, acc: 54.10, bacc: 48.84, tmp_test_f1: 31.28, f1: 42.60
epoch: 235, val_loss:1.795685, acc: 54.10, bacc: 48.84, tmp_test_f1: 32.44, f1: 42.60
epoch: 236, val_loss:2.119132, acc: 54.10, bacc: 48.84, tmp_test_f1: 33.89, f1: 42.60
epoch: 237, val_loss:1.670059, acc: 54.10, bacc: 48.84, tmp_test_f1: 36.53, f1: 42.60
epoch: 238, val_loss:1.438703, acc: 54.10, bacc: 48.84, tmp_test_f1: 37.29, f1: 42.60
epoch: 239, val_loss:1.488731, acc: 54.10, bacc: 48.84, tmp_test_f1: 37.64, f1: 42.60
epoch: 240, val_loss:1.426877, acc: 54.10, bacc: 48.84, tmp_test_f1: 35.62, f1: 42.60
epoch: 241, val_loss:1.799237, acc: 54.10, bacc: 48.84, tmp_test_f1: 33.61, f1: 42.60
epoch: 242, val_loss:2.035456, acc: 54.10, bacc: 48.84, tmp_test_f1: 32.93, f1: 42.60
epoch: 243, val_loss:1.768104, acc: 54.10, bacc: 48.84, tmp_test_f1: 33.87, f1: 42.60
epoch: 244, val_loss:1.614160, acc: 54.10, bacc: 48.84, tmp_test_f1: 36.01, f1: 42.60
epoch: 245, val_loss:1.442512, acc: 54.10, bacc: 48.84, tmp_test_f1: 36.42, f1: 42.60
epoch: 246, val_loss:1.526064, acc: 54.10, bacc: 48.84, tmp_test_f1: 33.26, f1: 42.60
epoch: 247, val_loss:1.733352, acc: 54.10, bacc: 48.84, tmp_test_f1: 35.52, f1: 42.60
epoch: 248, val_loss:1.488192, acc: 54.10, bacc: 48.84, tmp_test_f1: 34.80, f1: 42.60
epoch: 249, val_loss:1.460347, acc: 54.10, bacc: 48.84, tmp_test_f1: 32.67, f1: 42.60
epoch: 250, val_loss:1.560665, acc: 54.10, bacc: 48.84, tmp_test_f1: 31.89, f1: 42.60
epoch: 251, val_loss:1.663408, acc: 54.10, bacc: 48.84, tmp_test_f1: 31.59, f1: 42.60
epoch: 252, val_loss:1.884136, acc: 54.10, bacc: 48.84, tmp_test_f1: 32.88, f1: 42.60
epoch: 253, val_loss:1.819826, acc: 54.10, bacc: 48.84, tmp_test_f1: 33.94, f1: 42.60
epoch: 254, val_loss:1.469539, acc: 54.10, bacc: 48.84, tmp_test_f1: 35.94, f1: 42.60
epoch: 255, val_loss:1.415427, acc: 54.10, bacc: 48.84, tmp_test_f1: 35.87, f1: 42.60
epoch: 256, val_loss:1.421814, acc: 54.10, bacc: 48.84, tmp_test_f1: 35.65, f1: 42.60
epoch: 257, val_loss:1.462602, acc: 54.10, bacc: 48.84, tmp_test_f1: 35.81, f1: 42.60
epoch: 258, val_loss:1.832903, acc: 54.10, bacc: 48.84, tmp_test_f1: 34.25, f1: 42.60
epoch: 259, val_loss:1.821950, acc: 54.10, bacc: 48.84, tmp_test_f1: 32.74, f1: 42.60
epoch: 260, val_loss:1.605919, acc: 54.10, bacc: 48.84, tmp_test_f1: 34.25, f1: 42.60
epoch: 261, val_loss:1.523615, acc: 54.10, bacc: 48.84, tmp_test_f1: 37.03, f1: 42.60
epoch: 262, val_loss:1.442532, acc: 54.10, bacc: 48.84, tmp_test_f1: 36.52, f1: 42.60
epoch: 263, val_loss:1.640101, acc: 54.10, bacc: 48.84, tmp_test_f1: 37.72, f1: 42.60
epoch: 264, val_loss:1.586886, acc: 54.10, bacc: 48.84, tmp_test_f1: 36.57, f1: 42.60
epoch: 265, val_loss:1.444510, acc: 54.10, bacc: 48.84, tmp_test_f1: 35.73, f1: 42.60
epoch: 266, val_loss:1.483984, acc: 54.10, bacc: 48.84, tmp_test_f1: 33.49, f1: 42.60
epoch: 267, val_loss:1.551642, acc: 54.10, bacc: 48.84, tmp_test_f1: 33.68, f1: 42.60
epoch: 268, val_loss:1.773254, acc: 54.10, bacc: 48.84, tmp_test_f1: 33.94, f1: 42.60
epoch: 269, val_loss:1.807280, acc: 54.10, bacc: 48.84, tmp_test_f1: 35.70, f1: 42.60
epoch: 270, val_loss:1.496361, acc: 54.10, bacc: 48.84, tmp_test_f1: 36.27, f1: 42.60
epoch: 271, val_loss:1.415755, acc: 54.10, bacc: 48.84, tmp_test_f1: 36.21, f1: 42.60
epoch: 272, val_loss:1.401703, acc: 54.10, bacc: 48.84, tmp_test_f1: 36.85, f1: 42.60
epoch: 273, val_loss:1.503104, acc: 54.10, bacc: 48.84, tmp_test_f1: 33.99, f1: 42.60
epoch: 274, val_loss:1.800968, acc: 54.10, bacc: 48.84, tmp_test_f1: 33.65, f1: 42.60
epoch: 275, val_loss:1.599251, acc: 54.10, bacc: 48.84, tmp_test_f1: 33.09, f1: 42.60
epoch: 276, val_loss:1.545436, acc: 54.10, bacc: 48.84, tmp_test_f1: 34.48, f1: 42.60
epoch: 277, val_loss:1.461940, acc: 54.10, bacc: 48.84, tmp_test_f1: 34.68, f1: 42.60
epoch: 278, val_loss:1.682540, acc: 54.10, bacc: 48.84, tmp_test_f1: 35.12, f1: 42.60
epoch: 279, val_loss:1.689070, acc: 54.10, bacc: 48.84, tmp_test_f1: 35.77, f1: 42.60
epoch: 280, val_loss:1.429886, acc: 54.10, bacc: 48.84, tmp_test_f1: 35.66, f1: 42.60
epoch: 281, val_loss:1.446599, acc: 54.10, bacc: 48.84, tmp_test_f1: 34.54, f1: 42.60
epoch: 282, val_loss:1.462379, acc: 54.10, bacc: 48.84, tmp_test_f1: 34.98, f1: 42.60
epoch: 283, val_loss:1.674354, acc: 54.10, bacc: 48.84, tmp_test_f1: 35.11, f1: 42.60
epoch: 284, val_loss:1.894970, acc: 54.10, bacc: 48.84, tmp_test_f1: 36.31, f1: 42.60
epoch: 285, val_loss:1.537792, acc: 54.10, bacc: 48.84, tmp_test_f1: 38.49, f1: 42.60
epoch: 286, val_loss:1.405051, acc: 54.10, bacc: 48.84, tmp_test_f1: 39.49, f1: 42.60
epoch: 287, val_loss:1.440811, acc: 54.10, bacc: 48.84, tmp_test_f1: 38.01, f1: 42.60
epoch: 288, val_loss:1.437149, acc: 54.10, bacc: 48.84, tmp_test_f1: 36.00, f1: 42.60
epoch: 289, val_loss:1.794791, acc: 54.10, bacc: 48.84, tmp_test_f1: 35.82, f1: 42.60
epoch: 290, val_loss:1.823935, acc: 54.10, bacc: 48.84, tmp_test_f1: 37.17, f1: 42.60
epoch: 291, val_loss:1.561552, acc: 54.10, bacc: 48.84, tmp_test_f1: 36.87, f1: 42.60
epoch: 292, val_loss:1.502523, acc: 54.10, bacc: 48.84, tmp_test_f1: 38.04, f1: 42.60
epoch: 293, val_loss:1.415640, acc: 54.10, bacc: 48.84, tmp_test_f1: 37.20, f1: 42.60
epoch: 294, val_loss:1.619196, acc: 54.10, bacc: 48.84, tmp_test_f1: 36.44, f1: 42.60
epoch: 295, val_loss:1.698928, acc: 54.10, bacc: 48.84, tmp_test_f1: 36.24, f1: 42.60
epoch: 296, val_loss:1.491540, acc: 54.10, bacc: 48.84, tmp_test_f1: 34.25, f1: 42.60
epoch: 297, val_loss:1.532483, acc: 54.10, bacc: 48.84, tmp_test_f1: 33.37, f1: 42.60
epoch: 298, val_loss:1.595088, acc: 54.10, bacc: 48.84, tmp_test_f1: 32.83, f1: 42.60
epoch: 299, val_loss:1.718740, acc: 54.10, bacc: 48.84, tmp_test_f1: 33.10, f1: 42.60
epoch: 300, val_loss:1.914325, acc: 54.10, bacc: 48.84, tmp_test_f1: 35.21, f1: 42.60
epoch: 301, val_loss:1.705137, acc: 54.10, bacc: 48.84, tmp_test_f1: 36.56, f1: 42.60
epoch: 302, val_loss:1.463766, acc: 54.10, bacc: 48.84, tmp_test_f1: 38.63, f1: 42.60
epoch: 303, val_loss:1.486829, acc: 54.10, bacc: 48.84, tmp_test_f1: 35.49, f1: 42.60
epoch: 304, val_loss:1.483891, acc: 54.10, bacc: 48.84, tmp_test_f1: 31.60, f1: 42.60
epoch: 305, val_loss:1.790645, acc: 54.10, bacc: 48.84, tmp_test_f1: 31.12, f1: 42.60
epoch: 306, val_loss:2.145125, acc: 54.10, bacc: 48.84, tmp_test_f1: 33.48, f1: 42.60
epoch: 307, val_loss:1.749962, acc: 54.10, bacc: 48.84, tmp_test_f1: 36.55, f1: 42.60
epoch: 308, val_loss:1.462396, acc: 54.10, bacc: 48.84, tmp_test_f1: 36.83, f1: 42.60
epoch: 309, val_loss:1.479531, acc: 54.10, bacc: 48.84, tmp_test_f1: 36.28, f1: 42.60
epoch: 310, val_loss:1.501372, acc: 54.10, bacc: 48.84, tmp_test_f1: 34.46, f1: 42.60
epoch: 311, val_loss:1.708324, acc: 54.10, bacc: 48.84, tmp_test_f1: 33.72, f1: 42.60
epoch: 312, val_loss:1.736420, acc: 54.10, bacc: 48.84, tmp_test_f1: 33.64, f1: 42.60
epoch: 313, val_loss:1.795811, acc: 54.10, bacc: 48.84, tmp_test_f1: 35.12, f1: 42.60
epoch: 314, val_loss:1.740519, acc: 54.10, bacc: 48.84, tmp_test_f1: 36.62, f1: 42.60
epoch: 315, val_loss:1.559734, acc: 54.10, bacc: 48.84, tmp_test_f1: 38.15, f1: 42.60
epoch: 316, val_loss:1.512204, acc: 54.10, bacc: 48.84, tmp_test_f1: 38.24, f1: 42.60
epoch: 317, val_loss:1.510150, acc: 54.10, bacc: 48.84, tmp_test_f1: 39.27, f1: 42.60
epoch: 318, val_loss:1.470368, acc: 54.10, bacc: 48.84, tmp_test_f1: 36.77, f1: 42.60
epoch: 319, val_loss:1.442223, acc: 54.10, bacc: 48.84, tmp_test_f1: 34.56, f1: 42.60
epoch: 320, val_loss:1.552435, acc: 54.10, bacc: 48.84, tmp_test_f1: 32.02, f1: 42.60
epoch: 321, val_loss:1.897215, acc: 54.10, bacc: 48.84, tmp_test_f1: 31.52, f1: 42.60
epoch: 322, val_loss:1.944578, acc: 54.10, bacc: 48.84, tmp_test_f1: 33.79, f1: 42.60
epoch: 323, val_loss:1.672826, acc: 54.10, bacc: 48.84, tmp_test_f1: 35.25, f1: 42.60
epoch: 324, val_loss:1.495139, acc: 54.10, bacc: 48.84, tmp_test_f1: 37.77, f1: 42.60
epoch: 325, val_loss:1.473989, acc: 54.10, bacc: 48.84, tmp_test_f1: 36.64, f1: 42.60
epoch: 326, val_loss:1.589633, acc: 54.10, bacc: 48.84, tmp_test_f1: 38.86, f1: 42.60
epoch: 327, val_loss:1.474152, acc: 54.10, bacc: 48.84, tmp_test_f1: 36.90, f1: 42.60
epoch: 328, val_loss:1.438195, acc: 54.10, bacc: 48.84, tmp_test_f1: 35.54, f1: 42.60
epoch: 329, val_loss:1.557712, acc: 54.10, bacc: 48.84, tmp_test_f1: 33.90, f1: 42.60
epoch: 330, val_loss:1.851891, acc: 54.10, bacc: 48.84, tmp_test_f1: 33.83, f1: 42.60
epoch: 331, val_loss:1.886317, acc: 54.10, bacc: 48.84, tmp_test_f1: 35.81, f1: 42.60
epoch: 332, val_loss:1.658846, acc: 54.10, bacc: 48.84, tmp_test_f1: 36.08, f1: 42.60
epoch: 333, val_loss:1.493939, acc: 54.10, bacc: 48.84, tmp_test_f1: 36.96, f1: 42.60
epoch: 334, val_loss:1.479116, acc: 54.10, bacc: 48.84, tmp_test_f1: 36.82, f1: 42.60
epoch: 335, val_loss:1.572786, acc: 54.10, bacc: 48.84, tmp_test_f1: 38.77, f1: 42.60
epoch: 336, val_loss:1.460811, acc: 54.10, bacc: 48.84, tmp_test_f1: 38.07, f1: 42.60
epoch: 337, val_loss:1.447361, acc: 54.10, bacc: 48.84, tmp_test_f1: 35.11, f1: 42.60
epoch: 338, val_loss:1.616879, acc: 54.10, bacc: 48.84, tmp_test_f1: 34.39, f1: 42.60
epoch: 339, val_loss:1.924398, acc: 54.10, bacc: 48.84, tmp_test_f1: 34.07, f1: 42.60
epoch: 340, val_loss:1.705384, acc: 54.10, bacc: 48.84, tmp_test_f1: 36.17, f1: 42.60
epoch: 341, val_loss:1.495549, acc: 54.10, bacc: 48.84, tmp_test_f1: 35.97, f1: 42.60
epoch: 342, val_loss:1.451287, acc: 54.10, bacc: 48.84, tmp_test_f1: 36.97, f1: 42.60
epoch: 343, val_loss:1.607368, acc: 54.10, bacc: 48.84, tmp_test_f1: 38.43, f1: 42.60
epoch: 344, val_loss:1.466642, acc: 54.10, bacc: 48.84, tmp_test_f1: 39.81, f1: 42.60
epoch: 345, val_loss:1.423017, acc: 54.10, bacc: 48.84, tmp_test_f1: 38.65, f1: 42.60
epoch: 346, val_loss:1.475513, acc: 54.10, bacc: 48.84, tmp_test_f1: 36.74, f1: 42.60
epoch: 347, val_loss:1.830095, acc: 54.10, bacc: 48.84, tmp_test_f1: 36.70, f1: 42.60
epoch: 348, val_loss:1.848192, acc: 54.10, bacc: 48.84, tmp_test_f1: 38.65, f1: 42.60
epoch: 349, val_loss:1.546048, acc: 54.10, bacc: 48.84, tmp_test_f1: 39.70, f1: 42.60
epoch: 350, val_loss:1.449398, acc: 54.10, bacc: 48.84, tmp_test_f1: 37.27, f1: 42.60
epoch: 351, val_loss:1.579083, acc: 54.10, bacc: 48.84, tmp_test_f1: 35.00, f1: 42.60
epoch: 352, val_loss:1.769997, acc: 54.10, bacc: 48.84, tmp_test_f1: 39.31, f1: 42.60
epoch: 353, val_loss:1.425983, acc: 54.10, bacc: 48.84, tmp_test_f1: 38.49, f1: 42.60
epoch: 354, val_loss:1.469809, acc: 54.10, bacc: 48.84, tmp_test_f1: 36.97, f1: 42.60
epoch: 355, val_loss:1.501308, acc: 54.10, bacc: 48.84, tmp_test_f1: 35.86, f1: 42.60
epoch: 356, val_loss:2.087566, acc: 54.10, bacc: 48.84, tmp_test_f1: 36.26, f1: 42.60
epoch: 357, val_loss:1.984650, acc: 54.10, bacc: 48.84, tmp_test_f1: 40.33, f1: 42.60
epoch: 358, val_loss:1.511661, acc: 54.10, bacc: 48.84, tmp_test_f1: 38.72, f1: 42.60
epoch: 359, val_loss:1.513801, acc: 54.10, bacc: 48.84, tmp_test_f1: 41.21, f1: 42.60
epoch: 360, val_loss:1.411972, acc: 54.10, bacc: 48.84, tmp_test_f1: 36.31, f1: 42.60
epoch: 361, val_loss:1.819140, acc: 54.10, bacc: 48.84, tmp_test_f1: 36.19, f1: 42.60
epoch: 362, val_loss:1.853677, acc: 54.10, bacc: 48.84, tmp_test_f1: 38.43, f1: 42.60
epoch: 363, val_loss:1.466227, acc: 54.10, bacc: 48.84, tmp_test_f1: 40.27, f1: 42.60
epoch: 364, val_loss:1.522194, acc: 54.10, bacc: 48.84, tmp_test_f1: 39.43, f1: 42.60
epoch: 365, val_loss:1.544389, acc: 54.10, bacc: 48.84, tmp_test_f1: 38.53, f1: 42.60
epoch: 366, val_loss:1.653965, acc: 54.10, bacc: 48.84, tmp_test_f1: 37.04, f1: 42.60
epoch: 367, val_loss:2.056860, acc: 54.10, bacc: 48.84, tmp_test_f1: 38.07, f1: 42.60
epoch: 368, val_loss:1.823636, acc: 54.10, bacc: 48.84, tmp_test_f1: 40.66, f1: 42.60
epoch: 369, val_loss:1.454495, acc: 54.10, bacc: 48.84, tmp_test_f1: 41.26, f1: 42.60
epoch: 370, val_loss:1.476463, acc: 54.10, bacc: 48.84, tmp_test_f1: 42.01, f1: 42.60
epoch: 371, val_loss:1.458723, acc: 54.10, bacc: 48.84, tmp_test_f1: 36.73, f1: 42.60
epoch: 372, val_loss:1.609406, acc: 54.10, bacc: 48.84, tmp_test_f1: 33.44, f1: 42.60
epoch: 373, val_loss:2.067348, acc: 54.10, bacc: 48.84, tmp_test_f1: 33.81, f1: 42.60
epoch: 374, val_loss:1.951345, acc: 54.10, bacc: 48.84, tmp_test_f1: 35.92, f1: 42.60
epoch: 375, val_loss:1.454763, acc: 54.10, bacc: 48.84, tmp_test_f1: 36.88, f1: 42.60
epoch: 376, val_loss:1.480712, acc: 54.10, bacc: 48.84, tmp_test_f1: 37.82, f1: 42.60
epoch: 377, val_loss:1.420212, acc: 54.10, bacc: 48.84, tmp_test_f1: 36.17, f1: 42.60
epoch: 378, val_loss:1.551456, acc: 54.10, bacc: 48.84, tmp_test_f1: 33.92, f1: 42.60
epoch: 379, val_loss:1.880693, acc: 54.10, bacc: 48.84, tmp_test_f1: 32.13, f1: 42.60
epoch: 380, val_loss:1.803054, acc: 54.10, bacc: 48.84, tmp_test_f1: 31.88, f1: 42.60
epoch: 381, val_loss:1.629164, acc: 54.10, bacc: 48.84, tmp_test_f1: 36.54, f1: 42.60
epoch: 382, val_loss:1.472418, acc: 54.10, bacc: 48.84, tmp_test_f1: 39.40, f1: 42.60
epoch: 383, val_loss:1.421678, acc: 54.10, bacc: 48.84, tmp_test_f1: 36.65, f1: 42.60
epoch: 384, val_loss:1.623424, acc: 54.10, bacc: 48.84, tmp_test_f1: 37.46, f1: 42.60
epoch: 385, val_loss:1.554405, acc: 54.10, bacc: 48.84, tmp_test_f1: 37.31, f1: 42.60
epoch: 386, val_loss:1.419608, acc: 54.10, bacc: 48.84, tmp_test_f1: 34.34, f1: 42.60
epoch: 387, val_loss:1.491110, acc: 54.10, bacc: 48.84, tmp_test_f1: 33.35, f1: 42.60
epoch: 388, val_loss:1.560889, acc: 54.10, bacc: 48.84, tmp_test_f1: 34.56, f1: 42.60
epoch: 389, val_loss:1.697852, acc: 54.10, bacc: 48.84, tmp_test_f1: 35.92, f1: 42.60
epoch: 390, val_loss:1.821911, acc: 54.10, bacc: 48.84, tmp_test_f1: 37.00, f1: 42.60
epoch: 391, val_loss:1.633618, acc: 54.10, bacc: 48.84, tmp_test_f1: 38.05, f1: 42.60
epoch: 392, val_loss:1.423644, acc: 54.10, bacc: 48.84, tmp_test_f1: 41.75, f1: 42.60
epoch: 393, val_loss:1.426299, acc: 54.10, bacc: 48.84, tmp_test_f1: 40.93, f1: 42.60
epoch: 394, val_loss:1.416856, acc: 54.10, bacc: 48.84, tmp_test_f1: 36.28, f1: 42.60
epoch: 395, val_loss:1.570923, acc: 54.10, bacc: 48.84, tmp_test_f1: 34.99, f1: 42.60
epoch: 396, val_loss:1.799149, acc: 54.10, bacc: 48.84, tmp_test_f1: 33.30, f1: 42.60
epoch: 397, val_loss:1.686329, acc: 54.10, bacc: 48.84, tmp_test_f1: 33.43, f1: 42.60
epoch: 398, val_loss:1.578427, acc: 54.10, bacc: 48.84, tmp_test_f1: 34.84, f1: 42.60
epoch: 399, val_loss:1.494936, acc: 54.10, bacc: 48.84, tmp_test_f1: 35.91, f1: 42.60
epoch: 400, val_loss:1.541388, acc: 54.10, bacc: 48.84, tmp_test_f1: 34.43, f1: 42.60
epoch: 401, val_loss:1.691311, acc: 54.10, bacc: 48.84, tmp_test_f1: 36.27, f1: 42.60
epoch: 402, val_loss:1.562881, acc: 54.10, bacc: 48.84, tmp_test_f1: 36.83, f1: 42.60
epoch: 403, val_loss:1.453577, acc: 54.10, bacc: 48.84, tmp_test_f1: 37.75, f1: 42.60
epoch: 404, val_loss:1.488643, acc: 54.10, bacc: 48.84, tmp_test_f1: 36.38, f1: 42.60
epoch: 405, val_loss:1.595619, acc: 54.10, bacc: 48.84, tmp_test_f1: 36.85, f1: 42.60
epoch: 406, val_loss:1.849897, acc: 54.10, bacc: 48.84, tmp_test_f1: 39.87, f1: 42.60
test_f1 CountNotImproved reset to 0 in epoch 407
epoch: 407, val_loss:1.846888, acc: 52.80, bacc: 47.50, tmp_test_f1: 44.07, f1: 44.07
test_f1 CountNotImproved reset to 0 in epoch 408
epoch: 408, val_loss:1.534824, acc: 55.00, bacc: 49.66, tmp_test_f1: 46.22, f1: 46.22
epoch: 409, val_loss:1.426028, acc: 55.00, bacc: 49.66, tmp_test_f1: 46.05, f1: 46.22
epoch: 410, val_loss:1.421715, acc: 55.00, bacc: 49.66, tmp_test_f1: 44.37, f1: 46.22
epoch: 411, val_loss:1.541644, acc: 55.00, bacc: 49.66, tmp_test_f1: 39.55, f1: 46.22
epoch: 412, val_loss:1.850168, acc: 55.00, bacc: 49.66, tmp_test_f1: 39.77, f1: 46.22
epoch: 413, val_loss:1.772112, acc: 55.00, bacc: 49.66, tmp_test_f1: 42.81, f1: 46.22
epoch: 414, val_loss:1.526039, acc: 55.00, bacc: 49.66, tmp_test_f1: 43.89, f1: 46.22
epoch: 415, val_loss:1.451786, acc: 55.00, bacc: 49.66, tmp_test_f1: 44.14, f1: 46.22
epoch: 416, val_loss:1.458321, acc: 55.00, bacc: 49.66, tmp_test_f1: 39.83, f1: 46.22
epoch: 417, val_loss:1.694098, acc: 55.00, bacc: 49.66, tmp_test_f1: 44.48, f1: 46.22
epoch: 418, val_loss:1.542143, acc: 55.00, bacc: 49.66, tmp_test_f1: 45.53, f1: 46.22
epoch: 419, val_loss:1.457250, acc: 55.00, bacc: 49.66, tmp_test_f1: 44.54, f1: 46.22
epoch: 420, val_loss:1.525662, acc: 55.00, bacc: 49.66, tmp_test_f1: 43.34, f1: 46.22
epoch: 421, val_loss:1.617919, acc: 55.00, bacc: 49.66, tmp_test_f1: 40.41, f1: 46.22
epoch: 422, val_loss:1.757859, acc: 55.00, bacc: 49.66, tmp_test_f1: 41.37, f1: 46.22
epoch: 423, val_loss:1.584541, acc: 55.00, bacc: 49.66, tmp_test_f1: 41.79, f1: 46.22
epoch: 424, val_loss:1.395563, acc: 55.00, bacc: 49.66, tmp_test_f1: 41.71, f1: 46.22
epoch: 425, val_loss:1.404496, acc: 55.00, bacc: 49.66, tmp_test_f1: 39.70, f1: 46.22
epoch: 426, val_loss:1.428358, acc: 55.00, bacc: 49.66, tmp_test_f1: 38.66, f1: 46.22
epoch: 427, val_loss:1.726968, acc: 55.00, bacc: 49.66, tmp_test_f1: 36.80, f1: 46.22
epoch: 428, val_loss:1.865476, acc: 55.00, bacc: 49.66, tmp_test_f1: 37.26, f1: 46.22
epoch: 429, val_loss:1.654074, acc: 55.00, bacc: 49.66, tmp_test_f1: 39.73, f1: 46.22
epoch: 430, val_loss:1.498814, acc: 55.00, bacc: 49.66, tmp_test_f1: 41.10, f1: 46.22
epoch: 431, val_loss:1.440516, acc: 55.00, bacc: 49.66, tmp_test_f1: 38.21, f1: 46.22
epoch: 432, val_loss:1.668735, acc: 55.00, bacc: 49.66, tmp_test_f1: 36.82, f1: 46.22
epoch: 433, val_loss:1.810952, acc: 55.00, bacc: 49.66, tmp_test_f1: 41.25, f1: 46.22
epoch: 434, val_loss:1.552854, acc: 55.00, bacc: 49.66, tmp_test_f1: 42.47, f1: 46.22
epoch: 435, val_loss:1.555556, acc: 55.00, bacc: 49.66, tmp_test_f1: 44.32, f1: 46.22
epoch: 436, val_loss:1.520599, acc: 55.00, bacc: 49.66, tmp_test_f1: 41.61, f1: 46.22
epoch: 437, val_loss:1.777013, acc: 55.00, bacc: 49.66, tmp_test_f1: 38.83, f1: 46.22
epoch: 438, val_loss:1.886145, acc: 55.00, bacc: 49.66, tmp_test_f1: 44.62, f1: 46.22
test_f1 CountNotImproved reset to 0 in epoch 439
epoch: 439, val_loss:1.498287, acc: 53.80, bacc: 49.17, tmp_test_f1: 47.20, f1: 47.20
epoch: 440, val_loss:1.433689, acc: 53.80, bacc: 49.17, tmp_test_f1: 43.51, f1: 47.20
epoch: 441, val_loss:1.454800, acc: 53.80, bacc: 49.17, tmp_test_f1: 39.46, f1: 47.20
epoch: 442, val_loss:1.586014, acc: 53.80, bacc: 49.17, tmp_test_f1: 36.20, f1: 47.20
epoch: 443, val_loss:1.978582, acc: 53.80, bacc: 49.17, tmp_test_f1: 38.30, f1: 47.20
epoch: 444, val_loss:1.858112, acc: 53.80, bacc: 49.17, tmp_test_f1: 42.48, f1: 47.20
test_f1 CountNotImproved reset to 0 in epoch 445
epoch: 445, val_loss:1.433493, acc: 53.00, bacc: 48.66, tmp_test_f1: 47.38, f1: 47.38
epoch: 446, val_loss:1.429952, acc: 53.00, bacc: 48.66, tmp_test_f1: 47.21, f1: 47.38
epoch: 447, val_loss:1.405953, acc: 53.00, bacc: 48.66, tmp_test_f1: 43.33, f1: 47.38
epoch: 448, val_loss:1.566266, acc: 53.00, bacc: 48.66, tmp_test_f1: 36.66, f1: 47.38
epoch: 449, val_loss:2.100477, acc: 53.00, bacc: 48.66, tmp_test_f1: 37.05, f1: 47.38
epoch: 450, val_loss:1.898752, acc: 53.00, bacc: 48.66, tmp_test_f1: 42.77, f1: 47.38
epoch: 451, val_loss:1.479649, acc: 53.00, bacc: 48.66, tmp_test_f1: 45.68, f1: 47.38
test_f1 CountNotImproved reset to 0 in epoch 452
epoch: 452, val_loss:1.431372, acc: 56.50, bacc: 51.59, tmp_test_f1: 48.19, f1: 48.19
epoch: 453, val_loss:1.362324, acc: 56.50, bacc: 51.59, tmp_test_f1: 41.21, f1: 48.19
epoch: 454, val_loss:1.554658, acc: 56.50, bacc: 51.59, tmp_test_f1: 41.63, f1: 48.19
epoch: 455, val_loss:1.711641, acc: 56.50, bacc: 51.59, tmp_test_f1: 41.76, f1: 48.19
epoch: 456, val_loss:1.600974, acc: 56.50, bacc: 51.59, tmp_test_f1: 35.48, f1: 48.19
epoch: 457, val_loss:1.601015, acc: 56.50, bacc: 51.59, tmp_test_f1: 37.09, f1: 48.19
epoch: 458, val_loss:1.582944, acc: 56.50, bacc: 51.59, tmp_test_f1: 42.06, f1: 48.19
epoch: 459, val_loss:1.458799, acc: 56.50, bacc: 51.59, tmp_test_f1: 40.60, f1: 48.19
epoch: 460, val_loss:1.548992, acc: 56.50, bacc: 51.59, tmp_test_f1: 36.93, f1: 48.19
epoch: 461, val_loss:1.702960, acc: 56.50, bacc: 51.59, tmp_test_f1: 39.69, f1: 48.19
epoch: 462, val_loss:1.549427, acc: 56.50, bacc: 51.59, tmp_test_f1: 39.52, f1: 48.19
epoch: 463, val_loss:1.412016, acc: 56.50, bacc: 51.59, tmp_test_f1: 39.04, f1: 48.19
epoch: 464, val_loss:1.441228, acc: 56.50, bacc: 51.59, tmp_test_f1: 36.98, f1: 48.19
epoch: 465, val_loss:1.515923, acc: 56.50, bacc: 51.59, tmp_test_f1: 34.15, f1: 48.19
epoch: 466, val_loss:1.613606, acc: 56.50, bacc: 51.59, tmp_test_f1: 33.88, f1: 48.19
epoch: 467, val_loss:1.741790, acc: 56.50, bacc: 51.59, tmp_test_f1: 35.49, f1: 48.19
epoch: 468, val_loss:1.663114, acc: 56.50, bacc: 51.59, tmp_test_f1: 36.36, f1: 48.19
epoch: 469, val_loss:1.443525, acc: 56.50, bacc: 51.59, tmp_test_f1: 37.63, f1: 48.19
epoch: 470, val_loss:1.391974, acc: 56.50, bacc: 51.59, tmp_test_f1: 38.68, f1: 48.19
epoch: 471, val_loss:1.390060, acc: 56.50, bacc: 51.59, tmp_test_f1: 38.81, f1: 48.19
epoch: 472, val_loss:1.488684, acc: 56.50, bacc: 51.59, tmp_test_f1: 36.53, f1: 48.19
epoch: 473, val_loss:1.691582, acc: 56.50, bacc: 51.59, tmp_test_f1: 37.02, f1: 48.19
epoch: 474, val_loss:1.755959, acc: 56.50, bacc: 51.59, tmp_test_f1: 38.13, f1: 48.19
epoch: 475, val_loss:1.534766, acc: 56.50, bacc: 51.59, tmp_test_f1: 40.42, f1: 48.19
epoch: 476, val_loss:1.404286, acc: 56.50, bacc: 51.59, tmp_test_f1: 39.50, f1: 48.19
epoch: 477, val_loss:1.415620, acc: 56.50, bacc: 51.59, tmp_test_f1: 39.34, f1: 48.19
epoch: 478, val_loss:1.465341, acc: 56.50, bacc: 51.59, tmp_test_f1: 38.02, f1: 48.19
epoch: 479, val_loss:1.587599, acc: 56.50, bacc: 51.59, tmp_test_f1: 37.73, f1: 48.19
epoch: 480, val_loss:1.607199, acc: 56.50, bacc: 51.59, tmp_test_f1: 37.62, f1: 48.19
epoch: 481, val_loss:1.602577, acc: 56.50, bacc: 51.59, tmp_test_f1: 37.74, f1: 48.19
epoch: 482, val_loss:1.547977, acc: 56.50, bacc: 51.59, tmp_test_f1: 40.25, f1: 48.19
epoch: 483, val_loss:1.503038, acc: 56.50, bacc: 51.59, tmp_test_f1: 39.94, f1: 48.19
epoch: 484, val_loss:1.490438, acc: 56.50, bacc: 51.59, tmp_test_f1: 41.07, f1: 48.19
epoch: 485, val_loss:1.436793, acc: 56.50, bacc: 51.59, tmp_test_f1: 41.04, f1: 48.19
epoch: 486, val_loss:1.399955, acc: 56.50, bacc: 51.59, tmp_test_f1: 39.65, f1: 48.19
epoch: 487, val_loss:1.441699, acc: 56.50, bacc: 51.59, tmp_test_f1: 36.17, f1: 48.19
epoch: 488, val_loss:1.634480, acc: 56.50, bacc: 51.59, tmp_test_f1: 34.78, f1: 48.19
epoch: 489, val_loss:1.843725, acc: 56.50, bacc: 51.59, tmp_test_f1: 36.45, f1: 48.19
epoch: 490, val_loss:1.586795, acc: 56.50, bacc: 51.59, tmp_test_f1: 40.20, f1: 48.19
epoch: 491, val_loss:1.415492, acc: 56.50, bacc: 51.59, tmp_test_f1: 39.91, f1: 48.19
epoch: 492, val_loss:1.401697, acc: 56.50, bacc: 51.59, tmp_test_f1: 39.27, f1: 48.19
epoch: 493, val_loss:1.523642, acc: 56.50, bacc: 51.59, tmp_test_f1: 37.93, f1: 48.19
epoch: 494, val_loss:1.754998, acc: 56.50, bacc: 51.59, tmp_test_f1: 40.83, f1: 48.19
epoch: 495, val_loss:1.568458, acc: 56.50, bacc: 51.59, tmp_test_f1: 43.46, f1: 48.19
epoch: 496, val_loss:1.508662, acc: 56.50, bacc: 51.59, tmp_test_f1: 45.25, f1: 48.19
epoch: 497, val_loss:1.483963, acc: 56.50, bacc: 51.59, tmp_test_f1: 45.64, f1: 48.19
epoch: 498, val_loss:1.653423, acc: 56.50, bacc: 51.59, tmp_test_f1: 44.46, f1: 48.19
epoch: 499, val_loss:1.697416, acc: 56.50, bacc: 51.59, tmp_test_f1: 46.53, f1: 48.19
epoch: 500, val_loss:1.445469, acc: 56.50, bacc: 51.59, tmp_test_f1: 47.64, f1: 48.19
epoch: 501, val_loss:1.404731, acc: 56.50, bacc: 51.59, tmp_test_f1: 47.04, f1: 48.19
epoch: 502, val_loss:1.432759, acc: 56.50, bacc: 51.59, tmp_test_f1: 42.14, f1: 48.19
epoch: 503, val_loss:1.783131, acc: 56.50, bacc: 51.59, tmp_test_f1: 39.64, f1: 48.19
epoch: 504, val_loss:2.047528, acc: 56.50, bacc: 51.59, tmp_test_f1: 44.70, f1: 48.19
epoch: 505, val_loss:1.605250, acc: 56.50, bacc: 51.59, tmp_test_f1: 47.21, f1: 48.19
epoch: 506, val_loss:1.406995, acc: 56.50, bacc: 51.59, tmp_test_f1: 47.52, f1: 48.19
epoch: 507, val_loss:1.415562, acc: 56.50, bacc: 51.59, tmp_test_f1: 43.20, f1: 48.19
epoch: 508, val_loss:1.490938, acc: 56.50, bacc: 51.59, tmp_test_f1: 40.17, f1: 48.19
epoch: 509, val_loss:1.918657, acc: 56.50, bacc: 51.59, tmp_test_f1: 40.81, f1: 48.19
epoch: 510, val_loss:1.836150, acc: 56.50, bacc: 51.59, tmp_test_f1: 41.44, f1: 48.19
epoch: 511, val_loss:1.528158, acc: 56.50, bacc: 51.59, tmp_test_f1: 42.86, f1: 48.19
epoch: 512, val_loss:1.463954, acc: 56.50, bacc: 51.59, tmp_test_f1: 43.12, f1: 48.19
epoch: 513, val_loss:1.378277, acc: 56.50, bacc: 51.59, tmp_test_f1: 40.17, f1: 48.19
epoch: 514, val_loss:1.635216, acc: 56.50, bacc: 51.59, tmp_test_f1: 40.00, f1: 48.19
epoch: 515, val_loss:1.711857, acc: 56.50, bacc: 51.59, tmp_test_f1: 41.36, f1: 48.19
epoch: 516, val_loss:1.431483, acc: 56.50, bacc: 51.59, tmp_test_f1: 41.06, f1: 48.19
epoch: 517, val_loss:1.447360, acc: 56.50, bacc: 51.59, tmp_test_f1: 39.47, f1: 48.19
epoch: 518, val_loss:1.500376, acc: 56.50, bacc: 51.59, tmp_test_f1: 37.27, f1: 48.19
epoch: 519, val_loss:1.586924, acc: 56.50, bacc: 51.59, tmp_test_f1: 37.77, f1: 48.19
epoch: 520, val_loss:1.900522, acc: 56.50, bacc: 51.59, tmp_test_f1: 39.16, f1: 48.19
epoch: 521, val_loss:1.781891, acc: 56.50, bacc: 51.59, tmp_test_f1: 41.23, f1: 48.19
epoch: 522, val_loss:1.446095, acc: 56.50, bacc: 51.59, tmp_test_f1: 40.28, f1: 48.19
epoch: 523, val_loss:1.417842, acc: 56.50, bacc: 51.59, tmp_test_f1: 44.47, f1: 48.19
epoch: 524, val_loss:1.376211, acc: 56.50, bacc: 51.59, tmp_test_f1: 40.12, f1: 48.19
epoch: 525, val_loss:1.566031, acc: 56.50, bacc: 51.59, tmp_test_f1: 36.97, f1: 48.19
epoch: 526, val_loss:2.020002, acc: 56.50, bacc: 51.59, tmp_test_f1: 40.38, f1: 48.19
epoch: 527, val_loss:1.754327, acc: 56.50, bacc: 51.59, tmp_test_f1: 45.86, f1: 48.19
epoch: 528, val_loss:1.365994, acc: 56.50, bacc: 51.59, tmp_test_f1: 46.89, f1: 48.19
epoch: 529, val_loss:1.382167, acc: 56.50, bacc: 51.59, tmp_test_f1: 46.73, f1: 48.19
epoch: 530, val_loss:1.383467, acc: 56.50, bacc: 51.59, tmp_test_f1: 43.87, f1: 48.19
epoch: 531, val_loss:1.458929, acc: 56.50, bacc: 51.59, tmp_test_f1: 42.85, f1: 48.19
epoch: 532, val_loss:1.709462, acc: 56.50, bacc: 51.59, tmp_test_f1: 41.93, f1: 48.19
epoch: 533, val_loss:1.728531, acc: 56.50, bacc: 51.59, tmp_test_f1: 43.65, f1: 48.19
epoch: 534, val_loss:1.621658, acc: 56.50, bacc: 51.59, tmp_test_f1: 46.16, f1: 48.19
epoch: 535, val_loss:1.430470, acc: 56.50, bacc: 51.59, tmp_test_f1: 44.63, f1: 48.19
epoch: 536, val_loss:1.457184, acc: 56.50, bacc: 51.59, tmp_test_f1: 42.77, f1: 48.19
epoch: 537, val_loss:1.537855, acc: 56.50, bacc: 51.59, tmp_test_f1: 42.87, f1: 48.19
epoch: 538, val_loss:1.394223, acc: 56.50, bacc: 51.59, tmp_test_f1: 43.48, f1: 48.19
epoch: 539, val_loss:1.340965, acc: 56.50, bacc: 51.59, tmp_test_f1: 39.00, f1: 48.19
epoch: 540, val_loss:1.419411, acc: 56.50, bacc: 51.59, tmp_test_f1: 37.09, f1: 48.19
epoch: 541, val_loss:1.654974, acc: 56.50, bacc: 51.59, tmp_test_f1: 36.56, f1: 48.19
epoch: 542, val_loss:1.821969, acc: 56.50, bacc: 51.59, tmp_test_f1: 37.08, f1: 48.19
epoch: 543, val_loss:1.642680, acc: 56.50, bacc: 51.59, tmp_test_f1: 39.08, f1: 48.19
epoch: 544, val_loss:1.410501, acc: 56.50, bacc: 51.59, tmp_test_f1: 41.66, f1: 48.19
epoch: 545, val_loss:1.368022, acc: 56.50, bacc: 51.59, tmp_test_f1: 39.79, f1: 48.19
epoch: 546, val_loss:1.414002, acc: 56.50, bacc: 51.59, tmp_test_f1: 38.18, f1: 48.19
epoch: 547, val_loss:1.620169, acc: 56.50, bacc: 51.59, tmp_test_f1: 38.22, f1: 48.19
epoch: 548, val_loss:1.677689, acc: 56.50, bacc: 51.59, tmp_test_f1: 38.18, f1: 48.19
epoch: 549, val_loss:1.568493, acc: 56.50, bacc: 51.59, tmp_test_f1: 36.77, f1: 48.19
epoch: 550, val_loss:1.616379, acc: 56.50, bacc: 51.59, tmp_test_f1: 38.84, f1: 48.19
epoch: 551, val_loss:1.637234, acc: 56.50, bacc: 51.59, tmp_test_f1: 37.70, f1: 48.19
epoch: 552, val_loss:1.857734, acc: 56.50, bacc: 51.59, tmp_test_f1: 38.64, f1: 48.19
epoch: 553, val_loss:1.737597, acc: 56.50, bacc: 51.59, tmp_test_f1: 44.17, f1: 48.19
epoch: 554, val_loss:1.454058, acc: 56.50, bacc: 51.59, tmp_test_f1: 45.96, f1: 48.19
epoch: 555, val_loss:1.447981, acc: 56.50, bacc: 51.59, tmp_test_f1: 46.56, f1: 48.19
epoch: 556, val_loss:1.461666, acc: 56.50, bacc: 51.59, tmp_test_f1: 41.58, f1: 48.19
epoch: 557, val_loss:1.801932, acc: 56.50, bacc: 51.59, tmp_test_f1: 38.14, f1: 48.19
epoch: 558, val_loss:1.999114, acc: 56.50, bacc: 51.59, tmp_test_f1: 40.98, f1: 48.19
epoch: 559, val_loss:1.573716, acc: 56.50, bacc: 51.59, tmp_test_f1: 42.68, f1: 48.19
epoch: 560, val_loss:1.411223, acc: 56.50, bacc: 51.59, tmp_test_f1: 41.81, f1: 48.19
epoch: 561, val_loss:1.382483, acc: 56.50, bacc: 51.59, tmp_test_f1: 42.10, f1: 48.19
epoch: 562, val_loss:1.500388, acc: 56.50, bacc: 51.59, tmp_test_f1: 36.52, f1: 48.19
epoch: 563, val_loss:1.748175, acc: 56.50, bacc: 51.59, tmp_test_f1: 38.82, f1: 48.19
epoch: 564, val_loss:1.589943, acc: 56.50, bacc: 51.59, tmp_test_f1: 35.83, f1: 48.19
epoch: 565, val_loss:1.523502, acc: 56.50, bacc: 51.59, tmp_test_f1: 37.23, f1: 48.19
epoch: 566, val_loss:1.473860, acc: 56.50, bacc: 51.59, tmp_test_f1: 41.31, f1: 48.19
epoch: 567, val_loss:1.502695, acc: 56.50, bacc: 51.59, tmp_test_f1: 37.81, f1: 48.19
epoch: 568, val_loss:1.691579, acc: 56.50, bacc: 51.59, tmp_test_f1: 38.82, f1: 48.19
epoch: 569, val_loss:1.542882, acc: 56.50, bacc: 51.59, tmp_test_f1: 42.81, f1: 48.19
epoch: 570, val_loss:1.364226, acc: 56.50, bacc: 51.59, tmp_test_f1: 42.21, f1: 48.19
epoch: 571, val_loss:1.387585, acc: 56.50, bacc: 51.59, tmp_test_f1: 41.10, f1: 48.19
epoch: 572, val_loss:1.477479, acc: 56.50, bacc: 51.59, tmp_test_f1: 38.38, f1: 48.19
epoch: 573, val_loss:1.777996, acc: 56.50, bacc: 51.59, tmp_test_f1: 38.54, f1: 48.19
epoch: 574, val_loss:1.868811, acc: 56.50, bacc: 51.59, tmp_test_f1: 40.52, f1: 48.19
epoch: 575, val_loss:1.562073, acc: 56.50, bacc: 51.59, tmp_test_f1: 43.64, f1: 48.19
epoch: 576, val_loss:1.353104, acc: 56.50, bacc: 51.59, tmp_test_f1: 42.68, f1: 48.19
epoch: 577, val_loss:1.391371, acc: 56.50, bacc: 51.59, tmp_test_f1: 41.78, f1: 48.19
epoch: 578, val_loss:1.381186, acc: 56.50, bacc: 51.59, tmp_test_f1: 37.68, f1: 48.19
epoch: 579, val_loss:1.714592, acc: 56.50, bacc: 51.59, tmp_test_f1: 37.35, f1: 48.19
epoch: 580, val_loss:1.874454, acc: 56.50, bacc: 51.59, tmp_test_f1: 37.23, f1: 48.19
epoch: 581, val_loss:1.683949, acc: 56.50, bacc: 51.59, tmp_test_f1: 37.22, f1: 48.19
epoch: 582, val_loss:1.568746, acc: 56.50, bacc: 51.59, tmp_test_f1: 40.83, f1: 48.19
epoch: 583, val_loss:1.430588, acc: 56.50, bacc: 51.59, tmp_test_f1: 39.70, f1: 48.19
epoch: 584, val_loss:1.590280, acc: 56.50, bacc: 51.59, tmp_test_f1: 36.40, f1: 48.19
epoch: 585, val_loss:1.779398, acc: 56.50, bacc: 51.59, tmp_test_f1: 38.48, f1: 48.19
epoch: 586, val_loss:1.502074, acc: 56.50, bacc: 51.59, tmp_test_f1: 41.87, f1: 48.19
epoch: 587, val_loss:1.399150, acc: 56.50, bacc: 51.59, tmp_test_f1: 40.53, f1: 48.19
epoch: 588, val_loss:1.485290, acc: 56.50, bacc: 51.59, tmp_test_f1: 36.45, f1: 48.19
epoch: 589, val_loss:1.606504, acc: 56.50, bacc: 51.59, tmp_test_f1: 35.22, f1: 48.19
epoch: 590, val_loss:1.798122, acc: 56.50, bacc: 51.59, tmp_test_f1: 37.76, f1: 48.19
epoch: 591, val_loss:1.813011, acc: 56.50, bacc: 51.59, tmp_test_f1: 41.71, f1: 48.19
epoch: 592, val_loss:1.553133, acc: 56.50, bacc: 51.59, tmp_test_f1: 43.27, f1: 48.19
epoch: 593, val_loss:1.377125, acc: 56.50, bacc: 51.59, tmp_test_f1: 41.88, f1: 48.19
epoch: 594, val_loss:1.393326, acc: 56.50, bacc: 51.59, tmp_test_f1: 43.22, f1: 48.19
epoch: 595, val_loss:1.372233, acc: 56.50, bacc: 51.59, tmp_test_f1: 41.24, f1: 48.19
epoch: 596, val_loss:1.576823, acc: 56.50, bacc: 51.59, tmp_test_f1: 36.39, f1: 48.19
epoch: 597, val_loss:1.956002, acc: 56.50, bacc: 51.59, tmp_test_f1: 37.24, f1: 48.19
epoch: 598, val_loss:1.835783, acc: 56.50, bacc: 51.59, tmp_test_f1: 40.35, f1: 48.19
epoch: 599, val_loss:1.503033, acc: 56.50, bacc: 51.59, tmp_test_f1: 43.35, f1: 48.19
epoch: 600, val_loss:1.384305, acc: 56.50, bacc: 51.59, tmp_test_f1: 41.32, f1: 48.19
epoch: 601, val_loss:1.428731, acc: 56.50, bacc: 51.59, tmp_test_f1: 38.84, f1: 48.19
epoch: 602, val_loss:1.588967, acc: 56.50, bacc: 51.59, tmp_test_f1: 40.41, f1: 48.19
epoch: 603, val_loss:1.530188, acc: 56.50, bacc: 51.59, tmp_test_f1: 38.90, f1: 48.19
epoch: 604, val_loss:1.480996, acc: 56.50, bacc: 51.59, tmp_test_f1: 37.79, f1: 48.19
epoch: 605, val_loss:1.567608, acc: 56.50, bacc: 51.59, tmp_test_f1: 37.28, f1: 48.19
epoch: 606, val_loss:1.644339, acc: 56.50, bacc: 51.59, tmp_test_f1: 37.87, f1: 48.19
epoch: 607, val_loss:1.735818, acc: 56.50, bacc: 51.59, tmp_test_f1: 40.45, f1: 48.19
epoch: 608, val_loss:1.625307, acc: 56.50, bacc: 51.59, tmp_test_f1: 42.03, f1: 48.19
epoch: 609, val_loss:1.426257, acc: 56.50, bacc: 51.59, tmp_test_f1: 43.40, f1: 48.19
epoch: 610, val_loss:1.383551, acc: 56.50, bacc: 51.59, tmp_test_f1: 42.77, f1: 48.19
epoch: 611, val_loss:1.400593, acc: 56.50, bacc: 51.59, tmp_test_f1: 39.79, f1: 48.19
epoch: 612, val_loss:1.560037, acc: 56.50, bacc: 51.59, tmp_test_f1: 39.01, f1: 48.19
epoch: 613, val_loss:1.762685, acc: 56.50, bacc: 51.59, tmp_test_f1: 38.90, f1: 48.19
epoch: 614, val_loss:1.754716, acc: 56.50, bacc: 51.59, tmp_test_f1: 38.63, f1: 48.19
epoch: 615, val_loss:1.624542, acc: 56.50, bacc: 51.59, tmp_test_f1: 38.52, f1: 48.19
epoch: 616, val_loss:1.506148, acc: 56.50, bacc: 51.59, tmp_test_f1: 39.41, f1: 48.19
epoch: 617, val_loss:1.517275, acc: 56.50, bacc: 51.59, tmp_test_f1: 38.72, f1: 48.19
epoch: 618, val_loss:1.541012, acc: 56.50, bacc: 51.59, tmp_test_f1: 39.45, f1: 48.19
epoch: 619, val_loss:1.488291, acc: 56.50, bacc: 51.59, tmp_test_f1: 37.93, f1: 48.19
epoch: 620, val_loss:1.508578, acc: 56.50, bacc: 51.59, tmp_test_f1: 38.18, f1: 48.19
epoch: 621, val_loss:1.702359, acc: 56.50, bacc: 51.59, tmp_test_f1: 37.40, f1: 48.19
epoch: 622, val_loss:1.905460, acc: 56.50, bacc: 51.59, tmp_test_f1: 39.06, f1: 48.19
epoch: 623, val_loss:1.759593, acc: 56.50, bacc: 51.59, tmp_test_f1: 39.51, f1: 48.19
epoch: 624, val_loss:1.449802, acc: 56.50, bacc: 51.59, tmp_test_f1: 42.59, f1: 48.19
epoch: 625, val_loss:1.391807, acc: 56.50, bacc: 51.59, tmp_test_f1: 41.48, f1: 48.19
epoch: 626, val_loss:1.472464, acc: 56.50, bacc: 51.59, tmp_test_f1: 39.44, f1: 48.19
epoch: 627, val_loss:1.627747, acc: 56.50, bacc: 51.59, tmp_test_f1: 42.06, f1: 48.19
epoch: 628, val_loss:1.522279, acc: 56.50, bacc: 51.59, tmp_test_f1: 40.38, f1: 48.19
epoch: 629, val_loss:1.512327, acc: 56.50, bacc: 51.59, tmp_test_f1: 39.93, f1: 48.19
epoch: 630, val_loss:1.575077, acc: 56.50, bacc: 51.59, tmp_test_f1: 44.90, f1: 48.19
epoch: 631, val_loss:1.718021, acc: 56.50, bacc: 51.59, tmp_test_f1: 43.32, f1: 48.19
epoch: 632, val_loss:1.812585, acc: 56.50, bacc: 51.59, tmp_test_f1: 46.60, f1: 48.19
epoch: 633, val_loss:1.494533, acc: 56.50, bacc: 51.59, tmp_test_f1: 48.02, f1: 48.19
epoch: 634, val_loss:1.432856, acc: 56.50, bacc: 51.59, tmp_test_f1: 47.13, f1: 48.19
epoch: 635, val_loss:1.418372, acc: 56.50, bacc: 51.59, tmp_test_f1: 45.59, f1: 48.19
epoch: 636, val_loss:1.731837, acc: 56.50, bacc: 51.59, tmp_test_f1: 40.88, f1: 48.19
epoch: 637, val_loss:2.020310, acc: 56.50, bacc: 51.59, tmp_test_f1: 45.74, f1: 48.19
test_f1 CountNotImproved reset to 0 in epoch 638
epoch: 638, val_loss:1.643703, acc: 56.30, bacc: 50.66, tmp_test_f1: 48.81, f1: 48.81
test_f1 CountNotImproved reset to 0 in epoch 639
epoch: 639, val_loss:1.483942, acc: 57.20, bacc: 51.75, tmp_test_f1: 49.53, f1: 49.53
epoch: 640, val_loss:1.415706, acc: 57.20, bacc: 51.75, tmp_test_f1: 45.42, f1: 49.53
epoch: 641, val_loss:1.637968, acc: 57.20, bacc: 51.75, tmp_test_f1: 40.16, f1: 49.53
epoch: 642, val_loss:1.930606, acc: 57.20, bacc: 51.75, tmp_test_f1: 46.96, f1: 49.53
epoch: 643, val_loss:1.581998, acc: 57.20, bacc: 51.75, tmp_test_f1: 48.61, f1: 49.53
epoch: 644, val_loss:1.428903, acc: 57.20, bacc: 51.75, tmp_test_f1: 48.37, f1: 49.53
epoch: 645, val_loss:1.473062, acc: 57.20, bacc: 51.75, tmp_test_f1: 47.15, f1: 49.53
epoch: 646, val_loss:1.545220, acc: 57.20, bacc: 51.75, tmp_test_f1: 44.72, f1: 49.53
epoch: 647, val_loss:1.810499, acc: 57.20, bacc: 51.75, tmp_test_f1: 45.48, f1: 49.53
epoch: 648, val_loss:1.800122, acc: 57.20, bacc: 51.75, tmp_test_f1: 47.38, f1: 49.53
test_f1 CountNotImproved reset to 0 in epoch 649
epoch: 649, val_loss:1.500736, acc: 57.60, bacc: 52.49, tmp_test_f1: 50.31, f1: 50.31
epoch: 650, val_loss:1.409186, acc: 57.60, bacc: 52.49, tmp_test_f1: 50.08, f1: 50.31
epoch: 651, val_loss:1.429059, acc: 57.60, bacc: 52.49, tmp_test_f1: 46.71, f1: 50.31
epoch: 652, val_loss:1.572497, acc: 57.60, bacc: 52.49, tmp_test_f1: 43.63, f1: 50.31
epoch: 653, val_loss:1.914460, acc: 57.60, bacc: 52.49, tmp_test_f1: 42.18, f1: 50.31
epoch: 654, val_loss:1.939640, acc: 57.60, bacc: 52.49, tmp_test_f1: 47.60, f1: 50.31
epoch: 655, val_loss:1.526245, acc: 57.60, bacc: 52.49, tmp_test_f1: 48.63, f1: 50.31
epoch: 656, val_loss:1.416529, acc: 57.60, bacc: 52.49, tmp_test_f1: 48.60, f1: 50.31
epoch: 657, val_loss:1.402557, acc: 57.60, bacc: 52.49, tmp_test_f1: 44.04, f1: 50.31
epoch: 658, val_loss:1.612312, acc: 57.60, bacc: 52.49, tmp_test_f1: 39.60, f1: 50.31
epoch: 659, val_loss:1.884123, acc: 57.60, bacc: 52.49, tmp_test_f1: 41.75, f1: 50.31
epoch: 660, val_loss:1.710144, acc: 57.60, bacc: 52.49, tmp_test_f1: 40.79, f1: 50.31
epoch: 661, val_loss:1.572881, acc: 57.60, bacc: 52.49, tmp_test_f1: 42.28, f1: 50.31
epoch: 662, val_loss:1.459378, acc: 57.60, bacc: 52.49, tmp_test_f1: 41.39, f1: 50.31
epoch: 663, val_loss:1.497313, acc: 57.60, bacc: 52.49, tmp_test_f1: 38.35, f1: 50.31
epoch: 664, val_loss:1.638618, acc: 57.60, bacc: 52.49, tmp_test_f1: 41.08, f1: 50.31
epoch: 665, val_loss:1.522659, acc: 57.60, bacc: 52.49, tmp_test_f1: 43.60, f1: 50.31
epoch: 666, val_loss:1.393847, acc: 57.60, bacc: 52.49, tmp_test_f1: 42.71, f1: 50.31
epoch: 667, val_loss:1.439761, acc: 57.60, bacc: 52.49, tmp_test_f1: 40.66, f1: 50.31
epoch: 668, val_loss:1.576426, acc: 57.60, bacc: 52.49, tmp_test_f1: 40.21, f1: 50.31
epoch: 669, val_loss:1.792308, acc: 57.60, bacc: 52.49, tmp_test_f1: 40.96, f1: 50.31
epoch: 670, val_loss:1.750081, acc: 57.60, bacc: 52.49, tmp_test_f1: 41.43, f1: 50.31
epoch: 671, val_loss:1.496741, acc: 57.60, bacc: 52.49, tmp_test_f1: 42.70, f1: 50.31
epoch: 672, val_loss:1.395561, acc: 57.60, bacc: 52.49, tmp_test_f1: 42.87, f1: 50.31
epoch: 673, val_loss:1.402298, acc: 57.60, bacc: 52.49, tmp_test_f1: 41.43, f1: 50.31
epoch: 674, val_loss:1.526380, acc: 57.60, bacc: 52.49, tmp_test_f1: 43.04, f1: 50.31
epoch: 675, val_loss:1.885678, acc: 57.60, bacc: 52.49, tmp_test_f1: 41.78, f1: 50.31
epoch: 676, val_loss:1.913222, acc: 57.60, bacc: 52.49, tmp_test_f1: 43.68, f1: 50.31
epoch: 677, val_loss:1.601229, acc: 57.60, bacc: 52.49, tmp_test_f1: 47.13, f1: 50.31
epoch: 678, val_loss:1.432059, acc: 57.60, bacc: 52.49, tmp_test_f1: 45.72, f1: 50.31
epoch: 679, val_loss:1.462001, acc: 57.60, bacc: 52.49, tmp_test_f1: 40.13, f1: 50.31
epoch: 680, val_loss:1.620633, acc: 57.60, bacc: 52.49, tmp_test_f1: 41.43, f1: 50.31
epoch: 681, val_loss:1.608408, acc: 57.60, bacc: 52.49, tmp_test_f1: 41.12, f1: 50.31
epoch: 682, val_loss:1.548105, acc: 57.60, bacc: 52.49, tmp_test_f1: 40.97, f1: 50.31
epoch: 683, val_loss:1.584426, acc: 57.60, bacc: 52.49, tmp_test_f1: 40.23, f1: 50.31
epoch: 684, val_loss:1.557402, acc: 57.60, bacc: 52.49, tmp_test_f1: 41.17, f1: 50.31
epoch: 685, val_loss:1.647109, acc: 57.60, bacc: 52.49, tmp_test_f1: 40.49, f1: 50.31
epoch: 686, val_loss:1.618932, acc: 57.60, bacc: 52.49, tmp_test_f1: 42.02, f1: 50.31
epoch: 687, val_loss:1.450280, acc: 57.60, bacc: 52.49, tmp_test_f1: 42.17, f1: 50.31
epoch: 688, val_loss:1.406596, acc: 57.60, bacc: 52.49, tmp_test_f1: 42.74, f1: 50.31
epoch: 689, val_loss:1.445327, acc: 57.60, bacc: 52.49, tmp_test_f1: 41.23, f1: 50.31
epoch: 690, val_loss:1.717518, acc: 57.60, bacc: 52.49, tmp_test_f1: 40.47, f1: 50.31
epoch: 691, val_loss:1.931514, acc: 57.60, bacc: 52.49, tmp_test_f1: 41.57, f1: 50.31
epoch: 692, val_loss:1.654851, acc: 57.60, bacc: 52.49, tmp_test_f1: 43.28, f1: 50.31
epoch: 693, val_loss:1.413290, acc: 57.60, bacc: 52.49, tmp_test_f1: 46.90, f1: 50.31
epoch: 694, val_loss:1.406273, acc: 57.60, bacc: 52.49, tmp_test_f1: 44.41, f1: 50.31
epoch: 695, val_loss:1.563658, acc: 57.60, bacc: 52.49, tmp_test_f1: 41.73, f1: 50.31
epoch: 696, val_loss:1.846923, acc: 57.60, bacc: 52.49, tmp_test_f1: 45.06, f1: 50.31
epoch: 697, val_loss:1.723632, acc: 57.60, bacc: 52.49, tmp_test_f1: 45.55, f1: 50.31
epoch: 698, val_loss:1.556124, acc: 57.60, bacc: 52.49, tmp_test_f1: 46.88, f1: 50.31
epoch: 699, val_loss:1.441386, acc: 57.60, bacc: 52.49, tmp_test_f1: 45.80, f1: 50.31
epoch: 700, val_loss:1.565212, acc: 57.60, bacc: 52.49, tmp_test_f1: 41.41, f1: 50.31
epoch: 701, val_loss:1.801050, acc: 57.60, bacc: 52.49, tmp_test_f1: 45.00, f1: 50.31
test_f1 CountNotImproved reset to 0 in epoch 702
epoch: 702, val_loss:1.498439, acc: 58.50, bacc: 53.14, tmp_test_f1: 50.89, f1: 50.89
epoch: 703, val_loss:1.368837, acc: 58.50, bacc: 53.14, tmp_test_f1: 49.80, f1: 50.89
epoch: 704, val_loss:1.422278, acc: 58.50, bacc: 53.14, tmp_test_f1: 46.28, f1: 50.89
epoch: 705, val_loss:1.607468, acc: 58.50, bacc: 53.14, tmp_test_f1: 40.57, f1: 50.89
epoch: 706, val_loss:1.933162, acc: 58.50, bacc: 53.14, tmp_test_f1: 43.53, f1: 50.89
epoch: 707, val_loss:1.884606, acc: 58.50, bacc: 53.14, tmp_test_f1: 49.95, f1: 50.89
epoch: 708, val_loss:1.485773, acc: 58.50, bacc: 53.14, tmp_test_f1: 49.22, f1: 50.89
epoch: 709, val_loss:1.386278, acc: 58.50, bacc: 53.14, tmp_test_f1: 50.00, f1: 50.89
epoch: 710, val_loss:1.387206, acc: 58.50, bacc: 53.14, tmp_test_f1: 49.78, f1: 50.89
epoch: 711, val_loss:1.465300, acc: 58.50, bacc: 53.14, tmp_test_f1: 43.95, f1: 50.89
epoch: 712, val_loss:1.915900, acc: 58.50, bacc: 53.14, tmp_test_f1: 42.06, f1: 50.89
epoch: 713, val_loss:2.039184, acc: 58.50, bacc: 53.14, tmp_test_f1: 47.04, f1: 50.89
epoch: 714, val_loss:1.586975, acc: 58.50, bacc: 53.14, tmp_test_f1: 49.63, f1: 50.89
epoch: 715, val_loss:1.401382, acc: 58.50, bacc: 53.14, tmp_test_f1: 48.51, f1: 50.89
epoch: 716, val_loss:1.390130, acc: 58.50, bacc: 53.14, tmp_test_f1: 42.30, f1: 50.89
epoch: 717, val_loss:1.666390, acc: 58.50, bacc: 53.14, tmp_test_f1: 42.26, f1: 50.89
epoch: 718, val_loss:1.696834, acc: 58.50, bacc: 53.14, tmp_test_f1: 47.07, f1: 50.89
epoch: 719, val_loss:1.463520, acc: 58.50, bacc: 53.14, tmp_test_f1: 46.08, f1: 50.89
epoch: 720, val_loss:1.498649, acc: 58.50, bacc: 53.14, tmp_test_f1: 47.64, f1: 50.89
epoch: 721, val_loss:1.516971, acc: 58.50, bacc: 53.14, tmp_test_f1: 43.82, f1: 50.89
epoch: 722, val_loss:1.666509, acc: 58.50, bacc: 53.14, tmp_test_f1: 40.47, f1: 50.89
epoch: 723, val_loss:1.811048, acc: 58.50, bacc: 53.14, tmp_test_f1: 42.84, f1: 50.89
epoch: 724, val_loss:1.556341, acc: 58.50, bacc: 53.14, tmp_test_f1: 44.72, f1: 50.89
epoch: 725, val_loss:1.376628, acc: 58.50, bacc: 53.14, tmp_test_f1: 43.50, f1: 50.89
epoch: 726, val_loss:1.384281, acc: 58.50, bacc: 53.14, tmp_test_f1: 45.11, f1: 50.89
