CUDA Device Index: 3
Namespace(IsDirectedData=False, AugDirect=0, net='SymDiGCN', GPUdevice=3, seed=100, undirect_dataset='Cora', Direct_dataset='WikipediaNetwork/squirrel', imb_ratio=100, dropout=0.1, num_filter=2, layer=2, alpha=0.1, K=2, feat_dim=64, warmup=5, epoch=1500, lr=0.1, l2=0.0005, tau=2, max=False, no_mask=False, gdc='ppr', heads=8, log_root='../logs/', log_path='test', data_path='../dataset/data/tmp/')
test_f1 CountNotImproved reset to 0 in epoch 0
epoch:   0, val_loss:1.994325, acc: 6.40, bacc: 14.29, tmp_test_f1: 1.72, f1: 1.72
test_f1 CountNotImproved reset to 0 in epoch 1
epoch:   1, val_loss:1.937604, acc: 31.90, bacc: 14.29, tmp_test_f1: 6.91, f1: 6.91
epoch:   2, val_loss:1.881459, acc: 31.90, bacc: 14.29, tmp_test_f1: 3.60, f1: 6.91
epoch:   3, val_loss:1.917422, acc: 31.90, bacc: 14.29, tmp_test_f1: 6.91, f1: 6.91
epoch:   4, val_loss:2.128837, acc: 31.90, bacc: 14.29, tmp_test_f1: 6.91, f1: 6.91
epoch:   5, val_loss:2.390283, acc: 31.90, bacc: 14.29, tmp_test_f1: 6.91, f1: 6.91
epoch:   6, val_loss:2.416101, acc: 31.90, bacc: 14.29, tmp_test_f1: 6.91, f1: 6.91
epoch:   7, val_loss:2.277850, acc: 31.90, bacc: 14.29, tmp_test_f1: 6.91, f1: 6.91
epoch:   8, val_loss:2.157597, acc: 31.90, bacc: 14.29, tmp_test_f1: 6.91, f1: 6.91
epoch:   9, val_loss:2.109719, acc: 31.90, bacc: 14.29, tmp_test_f1: 6.91, f1: 6.91
epoch:  10, val_loss:2.117225, acc: 31.90, bacc: 14.29, tmp_test_f1: 6.91, f1: 6.91
epoch:  11, val_loss:2.143464, acc: 31.90, bacc: 14.29, tmp_test_f1: 6.91, f1: 6.91
epoch:  12, val_loss:2.173788, acc: 31.90, bacc: 14.29, tmp_test_f1: 6.91, f1: 6.91
epoch:  13, val_loss:2.197937, acc: 31.90, bacc: 14.29, tmp_test_f1: 6.91, f1: 6.91
epoch:  14, val_loss:2.213122, acc: 31.90, bacc: 14.29, tmp_test_f1: 6.91, f1: 6.91
epoch:  15, val_loss:2.217984, acc: 31.90, bacc: 14.29, tmp_test_f1: 6.91, f1: 6.91
epoch:  16, val_loss:2.215268, acc: 31.90, bacc: 14.29, tmp_test_f1: 6.91, f1: 6.91
epoch:  17, val_loss:2.208682, acc: 31.90, bacc: 14.29, tmp_test_f1: 6.91, f1: 6.91
epoch:  18, val_loss:2.201586, acc: 31.90, bacc: 14.29, tmp_test_f1: 6.91, f1: 6.91
epoch:  19, val_loss:2.192058, acc: 31.90, bacc: 14.29, tmp_test_f1: 6.91, f1: 6.91
epoch:  20, val_loss:2.183250, acc: 31.90, bacc: 14.29, tmp_test_f1: 6.91, f1: 6.91
epoch:  21, val_loss:2.174002, acc: 31.90, bacc: 14.29, tmp_test_f1: 6.91, f1: 6.91
epoch:  22, val_loss:2.166974, acc: 31.90, bacc: 14.29, tmp_test_f1: 6.91, f1: 6.91
epoch:  23, val_loss:2.161043, acc: 31.90, bacc: 14.29, tmp_test_f1: 6.91, f1: 6.91
epoch:  24, val_loss:2.155876, acc: 31.90, bacc: 14.29, tmp_test_f1: 6.91, f1: 6.91
epoch:  25, val_loss:2.153353, acc: 31.90, bacc: 14.29, tmp_test_f1: 6.91, f1: 6.91
epoch:  26, val_loss:2.154384, acc: 31.90, bacc: 14.29, tmp_test_f1: 6.91, f1: 6.91
epoch:  27, val_loss:2.159242, acc: 31.90, bacc: 14.29, tmp_test_f1: 6.91, f1: 6.91
epoch:  28, val_loss:2.165617, acc: 31.90, bacc: 14.29, tmp_test_f1: 6.91, f1: 6.91
epoch:  29, val_loss:2.173123, acc: 31.90, bacc: 14.29, tmp_test_f1: 6.91, f1: 6.91
epoch:  30, val_loss:2.179192, acc: 31.90, bacc: 14.29, tmp_test_f1: 6.91, f1: 6.91
epoch:  31, val_loss:2.182896, acc: 31.90, bacc: 14.29, tmp_test_f1: 6.91, f1: 6.91
epoch:  32, val_loss:2.183990, acc: 31.90, bacc: 14.29, tmp_test_f1: 6.91, f1: 6.91
epoch:  33, val_loss:2.183353, acc: 31.90, bacc: 14.29, tmp_test_f1: 6.91, f1: 6.91
epoch:  34, val_loss:2.182269, acc: 31.90, bacc: 14.29, tmp_test_f1: 6.91, f1: 6.91
epoch:  35, val_loss:2.181271, acc: 31.90, bacc: 14.29, tmp_test_f1: 6.91, f1: 6.91
epoch:  36, val_loss:2.178339, acc: 31.90, bacc: 14.29, tmp_test_f1: 6.91, f1: 6.91
epoch:  37, val_loss:2.176217, acc: 31.90, bacc: 14.29, tmp_test_f1: 6.91, f1: 6.91
epoch:  38, val_loss:2.172851, acc: 31.90, bacc: 14.29, tmp_test_f1: 6.91, f1: 6.91
epoch:  39, val_loss:2.169388, acc: 31.90, bacc: 14.29, tmp_test_f1: 6.91, f1: 6.91
epoch:  40, val_loss:2.167775, acc: 31.90, bacc: 14.29, tmp_test_f1: 6.91, f1: 6.91
epoch:  41, val_loss:2.166911, acc: 31.90, bacc: 14.29, tmp_test_f1: 6.91, f1: 6.91
epoch:  42, val_loss:2.166946, acc: 31.90, bacc: 14.29, tmp_test_f1: 6.91, f1: 6.91
epoch:  43, val_loss:2.166460, acc: 31.90, bacc: 14.29, tmp_test_f1: 6.91, f1: 6.91
epoch:  44, val_loss:2.166965, acc: 31.90, bacc: 14.29, tmp_test_f1: 6.91, f1: 6.91
epoch:  45, val_loss:2.168937, acc: 31.90, bacc: 14.29, tmp_test_f1: 6.91, f1: 6.91
epoch:  46, val_loss:2.172083, acc: 31.90, bacc: 14.29, tmp_test_f1: 6.91, f1: 6.91
epoch:  47, val_loss:2.172879, acc: 31.90, bacc: 14.29, tmp_test_f1: 6.91, f1: 6.91
epoch:  48, val_loss:2.174940, acc: 31.90, bacc: 14.29, tmp_test_f1: 6.91, f1: 6.91
epoch:  49, val_loss:2.175839, acc: 31.90, bacc: 14.29, tmp_test_f1: 6.91, f1: 6.91
epoch:  50, val_loss:2.175749, acc: 31.90, bacc: 14.29, tmp_test_f1: 6.91, f1: 6.91
epoch:  51, val_loss:2.175153, acc: 31.90, bacc: 14.29, tmp_test_f1: 6.91, f1: 6.91
epoch:  52, val_loss:2.174381, acc: 31.90, bacc: 14.29, tmp_test_f1: 6.91, f1: 6.91
epoch:  53, val_loss:2.173806, acc: 31.90, bacc: 14.29, tmp_test_f1: 6.91, f1: 6.91
epoch:  54, val_loss:2.172005, acc: 31.90, bacc: 14.29, tmp_test_f1: 6.91, f1: 6.91
epoch:  55, val_loss:2.170331, acc: 31.90, bacc: 14.29, tmp_test_f1: 6.91, f1: 6.91
epoch:  56, val_loss:2.169746, acc: 31.90, bacc: 14.29, tmp_test_f1: 6.91, f1: 6.91
epoch:  57, val_loss:2.169562, acc: 31.90, bacc: 14.29, tmp_test_f1: 6.91, f1: 6.91
epoch:  58, val_loss:2.169373, acc: 31.90, bacc: 14.29, tmp_test_f1: 6.91, f1: 6.91
epoch:  59, val_loss:2.171513, acc: 31.90, bacc: 14.29, tmp_test_f1: 6.91, f1: 6.91
epoch:  60, val_loss:2.173016, acc: 31.90, bacc: 14.29, tmp_test_f1: 6.91, f1: 6.91
epoch:  61, val_loss:2.174066, acc: 31.90, bacc: 14.29, tmp_test_f1: 6.91, f1: 6.91
epoch:  62, val_loss:2.174688, acc: 31.90, bacc: 14.29, tmp_test_f1: 6.91, f1: 6.91
epoch:  63, val_loss:2.175175, acc: 31.90, bacc: 14.29, tmp_test_f1: 6.91, f1: 6.91
epoch:  64, val_loss:2.175731, acc: 31.90, bacc: 14.29, tmp_test_f1: 6.91, f1: 6.91
epoch:  65, val_loss:2.174113, acc: 31.90, bacc: 14.29, tmp_test_f1: 6.91, f1: 6.91
epoch:  66, val_loss:2.172642, acc: 31.90, bacc: 14.29, tmp_test_f1: 6.91, f1: 6.91
epoch:  67, val_loss:2.170586, acc: 31.90, bacc: 14.29, tmp_test_f1: 6.91, f1: 6.91
epoch:  68, val_loss:2.170362, acc: 31.90, bacc: 14.29, tmp_test_f1: 6.91, f1: 6.91
epoch:  69, val_loss:2.171972, acc: 31.90, bacc: 14.29, tmp_test_f1: 6.91, f1: 6.91
epoch:  70, val_loss:2.173956, acc: 31.90, bacc: 14.29, tmp_test_f1: 6.91, f1: 6.91
epoch:  71, val_loss:2.175800, acc: 31.90, bacc: 14.29, tmp_test_f1: 6.91, f1: 6.91
epoch:  72, val_loss:2.176273, acc: 31.90, bacc: 14.29, tmp_test_f1: 6.91, f1: 6.91
epoch:  73, val_loss:2.175339, acc: 31.90, bacc: 14.29, tmp_test_f1: 6.91, f1: 6.91
epoch:  74, val_loss:2.174278, acc: 31.90, bacc: 14.29, tmp_test_f1: 6.91, f1: 6.91
epoch:  75, val_loss:2.172308, acc: 31.90, bacc: 14.29, tmp_test_f1: 6.91, f1: 6.91
epoch:  76, val_loss:2.171128, acc: 31.90, bacc: 14.29, tmp_test_f1: 6.91, f1: 6.91
epoch:  77, val_loss:2.171138, acc: 31.90, bacc: 14.29, tmp_test_f1: 6.91, f1: 6.91
epoch:  78, val_loss:2.170627, acc: 31.90, bacc: 14.29, tmp_test_f1: 6.91, f1: 6.91
epoch:  79, val_loss:2.169524, acc: 31.90, bacc: 14.29, tmp_test_f1: 6.91, f1: 6.91
epoch:  80, val_loss:2.170234, acc: 31.90, bacc: 14.29, tmp_test_f1: 6.91, f1: 6.91
epoch:  81, val_loss:2.168957, acc: 31.90, bacc: 14.29, tmp_test_f1: 6.91, f1: 6.91
epoch:  82, val_loss:2.168254, acc: 31.90, bacc: 14.29, tmp_test_f1: 6.91, f1: 6.91
epoch:  83, val_loss:2.168768, acc: 31.90, bacc: 14.29, tmp_test_f1: 6.91, f1: 6.91
epoch:  84, val_loss:2.171241, acc: 31.90, bacc: 14.29, tmp_test_f1: 6.91, f1: 6.91
epoch:  85, val_loss:2.172688, acc: 31.90, bacc: 14.29, tmp_test_f1: 6.91, f1: 6.91
epoch:  86, val_loss:2.174952, acc: 31.90, bacc: 14.29, tmp_test_f1: 6.91, f1: 6.91
epoch:  87, val_loss:2.175865, acc: 31.90, bacc: 14.29, tmp_test_f1: 6.91, f1: 6.91
epoch:  88, val_loss:2.175931, acc: 31.90, bacc: 14.29, tmp_test_f1: 6.91, f1: 6.91
epoch:  89, val_loss:2.177965, acc: 31.90, bacc: 14.29, tmp_test_f1: 6.91, f1: 6.91
epoch:  90, val_loss:2.177079, acc: 31.90, bacc: 14.29, tmp_test_f1: 6.91, f1: 6.91
epoch:  91, val_loss:2.175339, acc: 31.90, bacc: 14.29, tmp_test_f1: 6.91, f1: 6.91
epoch:  92, val_loss:2.172082, acc: 31.90, bacc: 14.29, tmp_test_f1: 6.91, f1: 6.91
epoch:  93, val_loss:2.168578, acc: 31.90, bacc: 14.29, tmp_test_f1: 6.91, f1: 6.91
epoch:  94, val_loss:2.165428, acc: 31.90, bacc: 14.29, tmp_test_f1: 6.91, f1: 6.91
epoch:  95, val_loss:2.164113, acc: 31.90, bacc: 14.29, tmp_test_f1: 6.91, f1: 6.91
epoch:  96, val_loss:2.164490, acc: 31.90, bacc: 14.29, tmp_test_f1: 6.91, f1: 6.91
epoch:  97, val_loss:2.165603, acc: 31.90, bacc: 14.29, tmp_test_f1: 6.91, f1: 6.91
epoch:  98, val_loss:2.167700, acc: 31.90, bacc: 14.29, tmp_test_f1: 6.91, f1: 6.91
epoch:  99, val_loss:2.169338, acc: 31.90, bacc: 14.29, tmp_test_f1: 6.91, f1: 6.91
epoch: 100, val_loss:2.171292, acc: 31.90, bacc: 14.29, tmp_test_f1: 6.91, f1: 6.91
epoch: 101, val_loss:2.171273, acc: 31.90, bacc: 14.29, tmp_test_f1: 6.91, f1: 6.91
epoch: 102, val_loss:2.167455, acc: 31.90, bacc: 14.29, tmp_test_f1: 6.91, f1: 6.91
epoch: 103, val_loss:2.163744, acc: 31.90, bacc: 14.29, tmp_test_f1: 6.91, f1: 6.91
epoch: 104, val_loss:2.159966, acc: 31.90, bacc: 14.29, tmp_test_f1: 6.91, f1: 6.91
epoch: 105, val_loss:2.158026, acc: 31.90, bacc: 14.29, tmp_test_f1: 6.91, f1: 6.91
epoch: 106, val_loss:2.160577, acc: 31.90, bacc: 14.29, tmp_test_f1: 6.91, f1: 6.91
epoch: 107, val_loss:2.163253, acc: 31.90, bacc: 14.29, tmp_test_f1: 6.91, f1: 6.91
epoch: 108, val_loss:2.164562, acc: 31.90, bacc: 14.29, tmp_test_f1: 6.91, f1: 6.91
epoch: 109, val_loss:2.168298, acc: 31.90, bacc: 14.29, tmp_test_f1: 6.91, f1: 6.91
epoch: 110, val_loss:2.171326, acc: 31.90, bacc: 14.29, tmp_test_f1: 6.91, f1: 6.91
epoch: 111, val_loss:2.170066, acc: 31.90, bacc: 14.29, tmp_test_f1: 6.91, f1: 6.91
epoch: 112, val_loss:2.167852, acc: 31.90, bacc: 14.29, tmp_test_f1: 6.91, f1: 6.91
epoch: 113, val_loss:2.163894, acc: 31.90, bacc: 14.29, tmp_test_f1: 6.91, f1: 6.91
epoch: 114, val_loss:2.160900, acc: 31.90, bacc: 14.29, tmp_test_f1: 6.91, f1: 6.91
epoch: 115, val_loss:2.160385, acc: 31.90, bacc: 14.29, tmp_test_f1: 6.91, f1: 6.91
epoch: 116, val_loss:2.161928, acc: 31.90, bacc: 14.29, tmp_test_f1: 6.91, f1: 6.91
epoch: 117, val_loss:2.164623, acc: 31.90, bacc: 14.29, tmp_test_f1: 6.91, f1: 6.91
epoch: 118, val_loss:2.164853, acc: 31.90, bacc: 14.29, tmp_test_f1: 6.91, f1: 6.91
epoch: 119, val_loss:2.163958, acc: 31.90, bacc: 14.29, tmp_test_f1: 6.91, f1: 6.91
epoch: 120, val_loss:2.163342, acc: 31.90, bacc: 14.29, tmp_test_f1: 6.91, f1: 6.91
epoch: 121, val_loss:2.161312, acc: 31.90, bacc: 14.29, tmp_test_f1: 6.91, f1: 6.91
epoch: 122, val_loss:2.161987, acc: 31.90, bacc: 14.29, tmp_test_f1: 6.91, f1: 6.91
epoch: 123, val_loss:2.165437, acc: 31.90, bacc: 14.29, tmp_test_f1: 6.91, f1: 6.91
epoch: 124, val_loss:2.169529, acc: 31.90, bacc: 14.29, tmp_test_f1: 6.91, f1: 6.91
epoch: 125, val_loss:2.174083, acc: 31.90, bacc: 14.29, tmp_test_f1: 6.91, f1: 6.91
epoch: 126, val_loss:2.178917, acc: 31.90, bacc: 14.29, tmp_test_f1: 6.91, f1: 6.91
epoch: 127, val_loss:2.180508, acc: 31.90, bacc: 14.29, tmp_test_f1: 6.91, f1: 6.91
epoch: 128, val_loss:2.181345, acc: 31.90, bacc: 14.29, tmp_test_f1: 6.91, f1: 6.91
epoch: 129, val_loss:2.179821, acc: 31.90, bacc: 14.29, tmp_test_f1: 6.91, f1: 6.91
epoch: 130, val_loss:2.175987, acc: 31.90, bacc: 14.29, tmp_test_f1: 6.91, f1: 6.91
epoch: 131, val_loss:2.169678, acc: 31.90, bacc: 14.29, tmp_test_f1: 6.91, f1: 6.91
epoch: 132, val_loss:2.164701, acc: 31.90, bacc: 14.29, tmp_test_f1: 6.91, f1: 6.91
epoch: 133, val_loss:2.163198, acc: 31.90, bacc: 14.29, tmp_test_f1: 6.91, f1: 6.91
epoch: 134, val_loss:2.163603, acc: 31.90, bacc: 14.29, tmp_test_f1: 6.91, f1: 6.91
epoch: 135, val_loss:2.164765, acc: 31.90, bacc: 14.29, tmp_test_f1: 6.91, f1: 6.91
epoch: 136, val_loss:2.167622, acc: 31.90, bacc: 14.29, tmp_test_f1: 6.91, f1: 6.91
epoch: 137, val_loss:2.168586, acc: 31.90, bacc: 14.29, tmp_test_f1: 6.91, f1: 6.91
epoch: 138, val_loss:2.167492, acc: 31.90, bacc: 14.29, tmp_test_f1: 6.91, f1: 6.91
epoch: 139, val_loss:2.166925, acc: 31.90, bacc: 14.29, tmp_test_f1: 6.91, f1: 6.91
epoch: 140, val_loss:2.167931, acc: 31.90, bacc: 14.29, tmp_test_f1: 6.91, f1: 6.91
epoch: 141, val_loss:2.168390, acc: 31.90, bacc: 14.29, tmp_test_f1: 6.91, f1: 6.91
epoch: 142, val_loss:2.171522, acc: 31.90, bacc: 14.29, tmp_test_f1: 6.91, f1: 6.91
epoch: 143, val_loss:2.172475, acc: 31.90, bacc: 14.29, tmp_test_f1: 6.91, f1: 6.91
epoch: 144, val_loss:2.171798, acc: 31.90, bacc: 14.29, tmp_test_f1: 6.91, f1: 6.91
epoch: 145, val_loss:2.170158, acc: 31.90, bacc: 14.29, tmp_test_f1: 6.91, f1: 6.91
epoch: 146, val_loss:2.168650, acc: 31.90, bacc: 14.29, tmp_test_f1: 6.91, f1: 6.91
epoch: 147, val_loss:2.165322, acc: 31.90, bacc: 14.29, tmp_test_f1: 6.91, f1: 6.91
epoch: 148, val_loss:2.164212, acc: 31.90, bacc: 14.29, tmp_test_f1: 6.91, f1: 6.91
epoch: 149, val_loss:2.163984, acc: 31.90, bacc: 14.29, tmp_test_f1: 6.91, f1: 6.91
epoch: 150, val_loss:2.163154, acc: 31.90, bacc: 14.29, tmp_test_f1: 6.91, f1: 6.91
epoch: 151, val_loss:2.163032, acc: 31.90, bacc: 14.29, tmp_test_f1: 6.91, f1: 6.91
epoch: 152, val_loss:2.165021, acc: 31.90, bacc: 14.29, tmp_test_f1: 6.91, f1: 6.91
epoch: 153, val_loss:2.167217, acc: 31.90, bacc: 14.29, tmp_test_f1: 6.91, f1: 6.91
epoch: 154, val_loss:2.170087, acc: 31.90, bacc: 14.29, tmp_test_f1: 6.91, f1: 6.91
epoch: 155, val_loss:2.172296, acc: 31.90, bacc: 14.29, tmp_test_f1: 6.91, f1: 6.91
epoch: 156, val_loss:2.171131, acc: 31.90, bacc: 14.29, tmp_test_f1: 6.91, f1: 6.91
epoch: 157, val_loss:2.172142, acc: 31.90, bacc: 14.29, tmp_test_f1: 6.91, f1: 6.91
epoch: 158, val_loss:2.171124, acc: 31.90, bacc: 14.29, tmp_test_f1: 6.91, f1: 6.91
epoch: 159, val_loss:2.169713, acc: 31.90, bacc: 14.29, tmp_test_f1: 6.91, f1: 6.91
epoch: 160, val_loss:2.169841, acc: 31.90, bacc: 14.29, tmp_test_f1: 6.91, f1: 6.91
epoch: 161, val_loss:2.169287, acc: 31.90, bacc: 14.29, tmp_test_f1: 6.91, f1: 6.91
epoch: 162, val_loss:2.167860, acc: 31.90, bacc: 14.29, tmp_test_f1: 6.91, f1: 6.91
epoch: 163, val_loss:2.166900, acc: 31.90, bacc: 14.29, tmp_test_f1: 6.91, f1: 6.91
epoch: 164, val_loss:2.165290, acc: 31.90, bacc: 14.29, tmp_test_f1: 6.91, f1: 6.91
epoch: 165, val_loss:2.164649, acc: 31.90, bacc: 14.29, tmp_test_f1: 6.91, f1: 6.91
epoch: 166, val_loss:2.165097, acc: 31.90, bacc: 14.29, tmp_test_f1: 6.91, f1: 6.91
epoch: 167, val_loss:2.168332, acc: 31.90, bacc: 14.29, tmp_test_f1: 6.91, f1: 6.91
epoch: 168, val_loss:2.174416, acc: 31.90, bacc: 14.29, tmp_test_f1: 6.91, f1: 6.91
epoch: 169, val_loss:2.177714, acc: 31.90, bacc: 14.29, tmp_test_f1: 6.91, f1: 6.91
epoch: 170, val_loss:2.179256, acc: 31.90, bacc: 14.29, tmp_test_f1: 6.91, f1: 6.91
epoch: 171, val_loss:2.175310, acc: 31.90, bacc: 14.29, tmp_test_f1: 6.91, f1: 6.91
epoch: 172, val_loss:2.172752, acc: 31.90, bacc: 14.29, tmp_test_f1: 6.91, f1: 6.91
epoch: 173, val_loss:2.167752, acc: 31.90, bacc: 14.29, tmp_test_f1: 6.91, f1: 6.91
epoch: 174, val_loss:2.164587, acc: 31.90, bacc: 14.29, tmp_test_f1: 6.91, f1: 6.91
epoch: 175, val_loss:2.168082, acc: 31.90, bacc: 14.29, tmp_test_f1: 6.91, f1: 6.91
epoch: 176, val_loss:2.171718, acc: 31.90, bacc: 14.29, tmp_test_f1: 6.91, f1: 6.91
epoch: 177, val_loss:2.175674, acc: 31.90, bacc: 14.29, tmp_test_f1: 6.91, f1: 6.91
epoch: 178, val_loss:2.178735, acc: 31.90, bacc: 14.29, tmp_test_f1: 6.91, f1: 6.91
epoch: 179, val_loss:2.177133, acc: 31.90, bacc: 14.29, tmp_test_f1: 6.91, f1: 6.91
epoch: 180, val_loss:2.174858, acc: 31.90, bacc: 14.29, tmp_test_f1: 6.91, f1: 6.91
epoch: 181, val_loss:2.172131, acc: 31.90, bacc: 14.29, tmp_test_f1: 6.91, f1: 6.91
epoch: 182, val_loss:2.170283, acc: 31.90, bacc: 14.29, tmp_test_f1: 6.91, f1: 6.91
epoch: 183, val_loss:2.171836, acc: 31.90, bacc: 14.29, tmp_test_f1: 6.91, f1: 6.91
epoch: 184, val_loss:2.170477, acc: 31.90, bacc: 14.29, tmp_test_f1: 6.91, f1: 6.91
epoch: 185, val_loss:2.166609, acc: 31.90, bacc: 14.29, tmp_test_f1: 6.91, f1: 6.91
epoch: 186, val_loss:2.161960, acc: 31.90, bacc: 14.29, tmp_test_f1: 6.91, f1: 6.91
epoch: 187, val_loss:2.161097, acc: 31.90, bacc: 14.29, tmp_test_f1: 6.91, f1: 6.91
epoch: 188, val_loss:2.162239, acc: 31.90, bacc: 14.29, tmp_test_f1: 6.91, f1: 6.91
epoch: 189, val_loss:2.165025, acc: 31.90, bacc: 14.29, tmp_test_f1: 6.91, f1: 6.91
epoch: 190, val_loss:2.169526, acc: 31.90, bacc: 14.29, tmp_test_f1: 6.91, f1: 6.91
epoch: 191, val_loss:2.173280, acc: 31.90, bacc: 14.29, tmp_test_f1: 6.91, f1: 6.91
epoch: 192, val_loss:2.173696, acc: 31.90, bacc: 14.29, tmp_test_f1: 6.91, f1: 6.91
epoch: 193, val_loss:2.170510, acc: 31.90, bacc: 14.29, tmp_test_f1: 6.91, f1: 6.91
epoch: 194, val_loss:2.165903, acc: 31.90, bacc: 14.29, tmp_test_f1: 6.91, f1: 6.91
epoch: 195, val_loss:2.163059, acc: 31.90, bacc: 14.29, tmp_test_f1: 6.91, f1: 6.91
epoch: 196, val_loss:2.161172, acc: 31.90, bacc: 14.29, tmp_test_f1: 6.91, f1: 6.91
epoch: 197, val_loss:2.160201, acc: 31.90, bacc: 14.29, tmp_test_f1: 6.91, f1: 6.91
epoch: 198, val_loss:2.162153, acc: 31.90, bacc: 14.29, tmp_test_f1: 6.91, f1: 6.91
epoch: 199, val_loss:2.166048, acc: 31.90, bacc: 14.29, tmp_test_f1: 6.91, f1: 6.91
epoch: 200, val_loss:2.168075, acc: 31.90, bacc: 14.29, tmp_test_f1: 6.91, f1: 6.91
epoch: 201, val_loss:2.169943, acc: 31.90, bacc: 14.29, tmp_test_f1: 6.91, f1: 6.91
epoch: 202, val_loss:2.170844, acc: 31.90, bacc: 14.29, tmp_test_f1: 6.91, f1: 6.91
Epoch 00203: reducing learning rate of group 0 to 5.0000e-02.
epoch: 203, val_loss:2.172723, acc: 31.90, bacc: 14.29, tmp_test_f1: 6.91, f1: 6.91
epoch: 204, val_loss:2.176198, acc: 31.90, bacc: 14.29, tmp_test_f1: 6.91, f1: 6.91
epoch: 205, val_loss:2.176866, acc: 31.90, bacc: 14.29, tmp_test_f1: 6.91, f1: 6.91
epoch: 206, val_loss:2.176159, acc: 31.90, bacc: 14.29, tmp_test_f1: 6.91, f1: 6.91
epoch: 207, val_loss:2.174443, acc: 31.90, bacc: 14.29, tmp_test_f1: 6.91, f1: 6.91
epoch: 208, val_loss:2.172126, acc: 31.90, bacc: 14.29, tmp_test_f1: 6.91, f1: 6.91
epoch: 209, val_loss:2.169564, acc: 31.90, bacc: 14.29, tmp_test_f1: 6.91, f1: 6.91
epoch: 210, val_loss:2.164593, acc: 31.90, bacc: 14.29, tmp_test_f1: 6.91, f1: 6.91
epoch: 211, val_loss:2.160607, acc: 31.90, bacc: 14.29, tmp_test_f1: 6.91, f1: 6.91
epoch: 212, val_loss:2.159537, acc: 31.90, bacc: 14.29, tmp_test_f1: 6.91, f1: 6.91
epoch: 213, val_loss:2.160829, acc: 31.90, bacc: 14.29, tmp_test_f1: 6.91, f1: 6.91
epoch: 214, val_loss:2.162741, acc: 31.90, bacc: 14.29, tmp_test_f1: 6.91, f1: 6.91
epoch: 215, val_loss:2.166277, acc: 31.90, bacc: 14.29, tmp_test_f1: 6.91, f1: 6.91
epoch: 216, val_loss:2.170990, acc: 31.90, bacc: 14.29, tmp_test_f1: 6.91, f1: 6.91
epoch: 217, val_loss:2.174368, acc: 31.90, bacc: 14.29, tmp_test_f1: 6.91, f1: 6.91
epoch: 218, val_loss:2.176010, acc: 31.90, bacc: 14.29, tmp_test_f1: 6.91, f1: 6.91
epoch: 219, val_loss:2.175882, acc: 31.90, bacc: 14.29, tmp_test_f1: 6.91, f1: 6.91
epoch: 220, val_loss:2.174711, acc: 31.90, bacc: 14.29, tmp_test_f1: 6.91, f1: 6.91
epoch: 221, val_loss:2.174330, acc: 31.90, bacc: 14.29, tmp_test_f1: 6.91, f1: 6.91
epoch: 222, val_loss:2.173061, acc: 31.90, bacc: 14.29, tmp_test_f1: 6.91, f1: 6.91
epoch: 223, val_loss:2.171790, acc: 31.90, bacc: 14.29, tmp_test_f1: 6.91, f1: 6.91
epoch: 224, val_loss:2.172282, acc: 31.90, bacc: 14.29, tmp_test_f1: 6.91, f1: 6.91
epoch: 225, val_loss:2.173800, acc: 31.90, bacc: 14.29, tmp_test_f1: 6.91, f1: 6.91
epoch: 226, val_loss:2.174812, acc: 31.90, bacc: 14.29, tmp_test_f1: 6.91, f1: 6.91
epoch: 227, val_loss:2.174420, acc: 31.90, bacc: 14.29, tmp_test_f1: 6.91, f1: 6.91
epoch: 228, val_loss:2.174585, acc: 31.90, bacc: 14.29, tmp_test_f1: 6.91, f1: 6.91
epoch: 229, val_loss:2.173427, acc: 31.90, bacc: 14.29, tmp_test_f1: 6.91, f1: 6.91
epoch: 230, val_loss:2.171976, acc: 31.90, bacc: 14.29, tmp_test_f1: 6.91, f1: 6.91
epoch: 231, val_loss:2.170578, acc: 31.90, bacc: 14.29, tmp_test_f1: 6.91, f1: 6.91
epoch: 232, val_loss:2.169167, acc: 31.90, bacc: 14.29, tmp_test_f1: 6.91, f1: 6.91
epoch: 233, val_loss:2.167013, acc: 31.90, bacc: 14.29, tmp_test_f1: 6.91, f1: 6.91
epoch: 234, val_loss:2.167143, acc: 31.90, bacc: 14.29, tmp_test_f1: 6.91, f1: 6.91
epoch: 235, val_loss:2.167736, acc: 31.90, bacc: 14.29, tmp_test_f1: 6.91, f1: 6.91
epoch: 236, val_loss:2.168315, acc: 31.90, bacc: 14.29, tmp_test_f1: 6.91, f1: 6.91
epoch: 237, val_loss:2.168668, acc: 31.90, bacc: 14.29, tmp_test_f1: 6.91, f1: 6.91
epoch: 238, val_loss:2.169905, acc: 31.90, bacc: 14.29, tmp_test_f1: 6.91, f1: 6.91
epoch: 239, val_loss:2.170839, acc: 31.90, bacc: 14.29, tmp_test_f1: 6.91, f1: 6.91
epoch: 240, val_loss:2.171224, acc: 31.90, bacc: 14.29, tmp_test_f1: 6.91, f1: 6.91
epoch: 241, val_loss:2.171633, acc: 31.90, bacc: 14.29, tmp_test_f1: 6.91, f1: 6.91
epoch: 242, val_loss:2.171091, acc: 31.90, bacc: 14.29, tmp_test_f1: 6.91, f1: 6.91
epoch: 243, val_loss:2.171775, acc: 31.90, bacc: 14.29, tmp_test_f1: 6.91, f1: 6.91
epoch: 244, val_loss:2.172685, acc: 31.90, bacc: 14.29, tmp_test_f1: 6.91, f1: 6.91
epoch: 245, val_loss:2.173990, acc: 31.90, bacc: 14.29, tmp_test_f1: 6.91, f1: 6.91
epoch: 246, val_loss:2.176243, acc: 31.90, bacc: 14.29, tmp_test_f1: 6.91, f1: 6.91
epoch: 247, val_loss:2.176527, acc: 31.90, bacc: 14.29, tmp_test_f1: 6.91, f1: 6.91
epoch: 248, val_loss:2.175423, acc: 31.90, bacc: 14.29, tmp_test_f1: 6.91, f1: 6.91
epoch: 249, val_loss:2.173695, acc: 31.90, bacc: 14.29, tmp_test_f1: 6.91, f1: 6.91
epoch: 250, val_loss:2.171010, acc: 31.90, bacc: 14.29, tmp_test_f1: 6.91, f1: 6.91
epoch: 251, val_loss:2.167652, acc: 31.90, bacc: 14.29, tmp_test_f1: 6.91, f1: 6.91
epoch: 252, val_loss:2.167307, acc: 31.90, bacc: 14.29, tmp_test_f1: 6.91, f1: 6.91
epoch: 253, val_loss:2.167220, acc: 31.90, bacc: 14.29, tmp_test_f1: 6.91, f1: 6.91
epoch: 254, val_loss:2.168680, acc: 31.90, bacc: 14.29, tmp_test_f1: 6.91, f1: 6.91
epoch: 255, val_loss:2.170449, acc: 31.90, bacc: 14.29, tmp_test_f1: 6.91, f1: 6.91
epoch: 256, val_loss:2.170813, acc: 31.90, bacc: 14.29, tmp_test_f1: 6.91, f1: 6.91
epoch: 257, val_loss:2.170566, acc: 31.90, bacc: 14.29, tmp_test_f1: 6.91, f1: 6.91
epoch: 258, val_loss:2.169442, acc: 31.90, bacc: 14.29, tmp_test_f1: 6.91, f1: 6.91
epoch: 259, val_loss:2.166093, acc: 31.90, bacc: 14.29, tmp_test_f1: 6.91, f1: 6.91
epoch: 260, val_loss:2.163892, acc: 31.90, bacc: 14.29, tmp_test_f1: 6.91, f1: 6.91
epoch: 261, val_loss:2.162855, acc: 31.90, bacc: 14.29, tmp_test_f1: 6.91, f1: 6.91
epoch: 262, val_loss:2.164113, acc: 31.90, bacc: 14.29, tmp_test_f1: 6.91, f1: 6.91
epoch: 263, val_loss:2.167588, acc: 31.90, bacc: 14.29, tmp_test_f1: 6.91, f1: 6.91
epoch: 264, val_loss:2.170222, acc: 31.90, bacc: 14.29, tmp_test_f1: 6.91, f1: 6.91
epoch: 265, val_loss:2.173039, acc: 31.90, bacc: 14.29, tmp_test_f1: 6.91, f1: 6.91
epoch: 266, val_loss:2.175608, acc: 31.90, bacc: 14.29, tmp_test_f1: 6.91, f1: 6.91
epoch: 267, val_loss:2.176134, acc: 31.90, bacc: 14.29, tmp_test_f1: 6.91, f1: 6.91
epoch: 268, val_loss:2.174861, acc: 31.90, bacc: 14.29, tmp_test_f1: 6.91, f1: 6.91
epoch: 269, val_loss:2.173244, acc: 31.90, bacc: 14.29, tmp_test_f1: 6.91, f1: 6.91
epoch: 270, val_loss:2.170865, acc: 31.90, bacc: 14.29, tmp_test_f1: 6.91, f1: 6.91
epoch: 271, val_loss:2.168308, acc: 31.90, bacc: 14.29, tmp_test_f1: 6.91, f1: 6.91
epoch: 272, val_loss:2.166658, acc: 31.90, bacc: 14.29, tmp_test_f1: 6.91, f1: 6.91
epoch: 273, val_loss:2.166925, acc: 31.90, bacc: 14.29, tmp_test_f1: 6.91, f1: 6.91
epoch: 274, val_loss:2.167982, acc: 31.90, bacc: 14.29, tmp_test_f1: 6.91, f1: 6.91
epoch: 275, val_loss:2.168510, acc: 31.90, bacc: 14.29, tmp_test_f1: 6.91, f1: 6.91
epoch: 276, val_loss:2.170215, acc: 31.90, bacc: 14.29, tmp_test_f1: 6.91, f1: 6.91
epoch: 277, val_loss:2.171820, acc: 31.90, bacc: 14.29, tmp_test_f1: 6.91, f1: 6.91
epoch: 278, val_loss:2.172387, acc: 31.90, bacc: 14.29, tmp_test_f1: 6.91, f1: 6.91
epoch: 279, val_loss:2.170988, acc: 31.90, bacc: 14.29, tmp_test_f1: 6.91, f1: 6.91
epoch: 280, val_loss:2.168064, acc: 31.90, bacc: 14.29, tmp_test_f1: 6.91, f1: 6.91
epoch: 281, val_loss:2.166296, acc: 31.90, bacc: 14.29, tmp_test_f1: 6.91, f1: 6.91
epoch: 282, val_loss:2.164325, acc: 31.90, bacc: 14.29, tmp_test_f1: 6.91, f1: 6.91
epoch: 283, val_loss:2.163598, acc: 31.90, bacc: 14.29, tmp_test_f1: 6.91, f1: 6.91
epoch: 284, val_loss:2.163406, acc: 31.90, bacc: 14.29, tmp_test_f1: 6.91, f1: 6.91
epoch: 285, val_loss:2.163837, acc: 31.90, bacc: 14.29, tmp_test_f1: 6.91, f1: 6.91
epoch: 286, val_loss:2.163613, acc: 31.90, bacc: 14.29, tmp_test_f1: 6.91, f1: 6.91
epoch: 287, val_loss:2.163570, acc: 31.90, bacc: 14.29, tmp_test_f1: 6.91, f1: 6.91
epoch: 288, val_loss:2.163418, acc: 31.90, bacc: 14.29, tmp_test_f1: 6.91, f1: 6.91
epoch: 289, val_loss:2.167707, acc: 31.90, bacc: 14.29, tmp_test_f1: 6.91, f1: 6.91
epoch: 290, val_loss:2.171198, acc: 31.90, bacc: 14.29, tmp_test_f1: 6.91, f1: 6.91
epoch: 291, val_loss:2.173464, acc: 31.90, bacc: 14.29, tmp_test_f1: 6.91, f1: 6.91
epoch: 292, val_loss:2.176358, acc: 31.90, bacc: 14.29, tmp_test_f1: 6.91, f1: 6.91
epoch: 293, val_loss:2.175648, acc: 31.90, bacc: 14.29, tmp_test_f1: 6.91, f1: 6.91
epoch: 294, val_loss:2.172662, acc: 31.90, bacc: 14.29, tmp_test_f1: 6.91, f1: 6.91
epoch: 295, val_loss:2.168742, acc: 31.90, bacc: 14.29, tmp_test_f1: 6.91, f1: 6.91
epoch: 296, val_loss:2.164596, acc: 31.90, bacc: 14.29, tmp_test_f1: 6.91, f1: 6.91
epoch: 297, val_loss:2.162080, acc: 31.90, bacc: 14.29, tmp_test_f1: 6.91, f1: 6.91
epoch: 298, val_loss:2.161269, acc: 31.90, bacc: 14.29, tmp_test_f1: 6.91, f1: 6.91
epoch: 299, val_loss:2.162905, acc: 31.90, bacc: 14.29, tmp_test_f1: 6.91, f1: 6.91
epoch: 300, val_loss:2.164729, acc: 31.90, bacc: 14.29, tmp_test_f1: 6.91, f1: 6.91
epoch: 301, val_loss:2.166415, acc: 31.90, bacc: 14.29, tmp_test_f1: 6.91, f1: 6.91
epoch: 302, val_loss:2.169209, acc: 31.90, bacc: 14.29, tmp_test_f1: 6.91, f1: 6.91
epoch: 303, val_loss:2.171381, acc: 31.90, bacc: 14.29, tmp_test_f1: 6.91, f1: 6.91
epoch: 304, val_loss:2.173529, acc: 31.90, bacc: 14.29, tmp_test_f1: 6.91, f1: 6.91
epoch: 305, val_loss:2.175560, acc: 31.90, bacc: 14.29, tmp_test_f1: 6.91, f1: 6.91
epoch: 306, val_loss:2.176450, acc: 31.90, bacc: 14.29, tmp_test_f1: 6.91, f1: 6.91
epoch: 307, val_loss:2.175934, acc: 31.90, bacc: 14.29, tmp_test_f1: 6.91, f1: 6.91
epoch: 308, val_loss:2.171439, acc: 31.90, bacc: 14.29, tmp_test_f1: 6.91, f1: 6.91
epoch: 309, val_loss:2.165820, acc: 31.90, bacc: 14.29, tmp_test_f1: 6.91, f1: 6.91
epoch: 310, val_loss:2.163682, acc: 31.90, bacc: 14.29, tmp_test_f1: 6.91, f1: 6.91
epoch: 311, val_loss:2.163260, acc: 31.90, bacc: 14.29, tmp_test_f1: 6.91, f1: 6.91
epoch: 312, val_loss:2.162691, acc: 31.90, bacc: 14.29, tmp_test_f1: 6.91, f1: 6.91
epoch: 313, val_loss:2.162381, acc: 31.90, bacc: 14.29, tmp_test_f1: 6.91, f1: 6.91
epoch: 314, val_loss:2.161846, acc: 31.90, bacc: 14.29, tmp_test_f1: 6.91, f1: 6.91
epoch: 315, val_loss:2.163601, acc: 31.90, bacc: 14.29, tmp_test_f1: 6.91, f1: 6.91
epoch: 316, val_loss:2.166688, acc: 31.90, bacc: 14.29, tmp_test_f1: 6.91, f1: 6.91
epoch: 317, val_loss:2.168612, acc: 31.90, bacc: 14.29, tmp_test_f1: 6.91, f1: 6.91
epoch: 318, val_loss:2.169489, acc: 31.90, bacc: 14.29, tmp_test_f1: 6.91, f1: 6.91
epoch: 319, val_loss:2.170730, acc: 31.90, bacc: 14.29, tmp_test_f1: 6.91, f1: 6.91
epoch: 320, val_loss:2.171101, acc: 31.90, bacc: 14.29, tmp_test_f1: 6.91, f1: 6.91
epoch: 321, val_loss:2.171231, acc: 31.90, bacc: 14.29, tmp_test_f1: 6.91, f1: 6.91
epoch: 322, val_loss:2.170489, acc: 31.90, bacc: 14.29, tmp_test_f1: 6.91, f1: 6.91
epoch: 323, val_loss:2.169771, acc: 31.90, bacc: 14.29, tmp_test_f1: 6.91, f1: 6.91
epoch: 324, val_loss:2.167710, acc: 31.90, bacc: 14.29, tmp_test_f1: 6.91, f1: 6.91
epoch: 325, val_loss:2.165912, acc: 31.90, bacc: 14.29, tmp_test_f1: 6.91, f1: 6.91
epoch: 326, val_loss:2.165558, acc: 31.90, bacc: 14.29, tmp_test_f1: 6.91, f1: 6.91
epoch: 327, val_loss:2.164684, acc: 31.90, bacc: 14.29, tmp_test_f1: 6.91, f1: 6.91
epoch: 328, val_loss:2.164036, acc: 31.90, bacc: 14.29, tmp_test_f1: 6.91, f1: 6.91
epoch: 329, val_loss:2.164138, acc: 31.90, bacc: 14.29, tmp_test_f1: 6.91, f1: 6.91
epoch: 330, val_loss:2.166523, acc: 31.90, bacc: 14.29, tmp_test_f1: 6.91, f1: 6.91
epoch: 331, val_loss:2.169761, acc: 31.90, bacc: 14.29, tmp_test_f1: 6.91, f1: 6.91
epoch: 332, val_loss:2.171819, acc: 31.90, bacc: 14.29, tmp_test_f1: 6.91, f1: 6.91
epoch: 333, val_loss:2.171818, acc: 31.90, bacc: 14.29, tmp_test_f1: 6.91, f1: 6.91
epoch: 334, val_loss:2.170215, acc: 31.90, bacc: 14.29, tmp_test_f1: 6.91, f1: 6.91
epoch: 335, val_loss:2.169285, acc: 31.90, bacc: 14.29, tmp_test_f1: 6.91, f1: 6.91
epoch: 336, val_loss:2.169254, acc: 31.90, bacc: 14.29, tmp_test_f1: 6.91, f1: 6.91
epoch: 337, val_loss:2.171072, acc: 31.90, bacc: 14.29, tmp_test_f1: 6.91, f1: 6.91
epoch: 338, val_loss:2.173722, acc: 31.90, bacc: 14.29, tmp_test_f1: 6.91, f1: 6.91
epoch: 339, val_loss:2.177327, acc: 31.90, bacc: 14.29, tmp_test_f1: 6.91, f1: 6.91
epoch: 340, val_loss:2.178815, acc: 31.90, bacc: 14.29, tmp_test_f1: 6.91, f1: 6.91
epoch: 341, val_loss:2.178090, acc: 31.90, bacc: 14.29, tmp_test_f1: 6.91, f1: 6.91
epoch: 342, val_loss:2.177904, acc: 31.90, bacc: 14.29, tmp_test_f1: 6.91, f1: 6.91
epoch: 343, val_loss:2.178290, acc: 31.90, bacc: 14.29, tmp_test_f1: 6.91, f1: 6.91
epoch: 344, val_loss:2.176545, acc: 31.90, bacc: 14.29, tmp_test_f1: 6.91, f1: 6.91
epoch: 345, val_loss:2.173869, acc: 31.90, bacc: 14.29, tmp_test_f1: 6.91, f1: 6.91
epoch: 346, val_loss:2.170226, acc: 31.90, bacc: 14.29, tmp_test_f1: 6.91, f1: 6.91
epoch: 347, val_loss:2.167285, acc: 31.90, bacc: 14.29, tmp_test_f1: 6.91, f1: 6.91
epoch: 348, val_loss:2.165309, acc: 31.90, bacc: 14.29, tmp_test_f1: 6.91, f1: 6.91
epoch: 349, val_loss:2.165138, acc: 31.90, bacc: 14.29, tmp_test_f1: 6.91, f1: 6.91
epoch: 350, val_loss:2.164890, acc: 31.90, bacc: 14.29, tmp_test_f1: 6.91, f1: 6.91
epoch: 351, val_loss:2.164490, acc: 31.90, bacc: 14.29, tmp_test_f1: 6.91, f1: 6.91
epoch: 352, val_loss:2.165192, acc: 31.90, bacc: 14.29, tmp_test_f1: 6.91, f1: 6.91
epoch: 353, val_loss:2.167934, acc: 31.90, bacc: 14.29, tmp_test_f1: 6.91, f1: 6.91
epoch: 354, val_loss:2.168460, acc: 31.90, bacc: 14.29, tmp_test_f1: 6.91, f1: 6.91
epoch: 355, val_loss:2.169073, acc: 31.90, bacc: 14.29, tmp_test_f1: 6.91, f1: 6.91
epoch: 356, val_loss:2.171425, acc: 31.90, bacc: 14.29, tmp_test_f1: 6.91, f1: 6.91
epoch: 357, val_loss:2.173816, acc: 31.90, bacc: 14.29, tmp_test_f1: 6.91, f1: 6.91
epoch: 358, val_loss:2.176752, acc: 31.90, bacc: 14.29, tmp_test_f1: 6.91, f1: 6.91
epoch: 359, val_loss:2.177812, acc: 31.90, bacc: 14.29, tmp_test_f1: 6.91, f1: 6.91
epoch: 360, val_loss:2.173808, acc: 31.90, bacc: 14.29, tmp_test_f1: 6.91, f1: 6.91
epoch: 361, val_loss:2.169657, acc: 31.90, bacc: 14.29, tmp_test_f1: 6.91, f1: 6.91
epoch: 362, val_loss:2.166912, acc: 31.90, bacc: 14.29, tmp_test_f1: 6.91, f1: 6.91
epoch: 363, val_loss:2.166314, acc: 31.90, bacc: 14.29, tmp_test_f1: 6.91, f1: 6.91
epoch: 364, val_loss:2.166251, acc: 31.90, bacc: 14.29, tmp_test_f1: 6.91, f1: 6.91
epoch: 365, val_loss:2.166889, acc: 31.90, bacc: 14.29, tmp_test_f1: 6.91, f1: 6.91
epoch: 366, val_loss:2.168880, acc: 31.90, bacc: 14.29, tmp_test_f1: 6.91, f1: 6.91
epoch: 367, val_loss:2.169855, acc: 31.90, bacc: 14.29, tmp_test_f1: 6.91, f1: 6.91
epoch: 368, val_loss:2.167856, acc: 31.90, bacc: 14.29, tmp_test_f1: 6.91, f1: 6.91
epoch: 369, val_loss:2.166187, acc: 31.90, bacc: 14.29, tmp_test_f1: 6.91, f1: 6.91
epoch: 370, val_loss:2.165745, acc: 31.90, bacc: 14.29, tmp_test_f1: 6.91, f1: 6.91
epoch: 371, val_loss:2.166177, acc: 31.90, bacc: 14.29, tmp_test_f1: 6.91, f1: 6.91
epoch: 372, val_loss:2.166959, acc: 31.90, bacc: 14.29, tmp_test_f1: 6.91, f1: 6.91
epoch: 373, val_loss:2.166645, acc: 31.90, bacc: 14.29, tmp_test_f1: 6.91, f1: 6.91
epoch: 374, val_loss:2.165344, acc: 31.90, bacc: 14.29, tmp_test_f1: 6.91, f1: 6.91
epoch: 375, val_loss:2.162729, acc: 31.90, bacc: 14.29, tmp_test_f1: 6.91, f1: 6.91
epoch: 376, val_loss:2.160935, acc: 31.90, bacc: 14.29, tmp_test_f1: 6.91, f1: 6.91
epoch: 377, val_loss:2.159224, acc: 31.90, bacc: 14.29, tmp_test_f1: 6.91, f1: 6.91
epoch: 378, val_loss:2.159238, acc: 31.90, bacc: 14.29, tmp_test_f1: 6.91, f1: 6.91
epoch: 379, val_loss:2.161954, acc: 31.90, bacc: 14.29, tmp_test_f1: 6.91, f1: 6.91
epoch: 380, val_loss:2.167752, acc: 31.90, bacc: 14.29, tmp_test_f1: 6.91, f1: 6.91
epoch: 381, val_loss:2.170765, acc: 31.90, bacc: 14.29, tmp_test_f1: 6.91, f1: 6.91
epoch: 382, val_loss:2.173985, acc: 31.90, bacc: 14.29, tmp_test_f1: 6.91, f1: 6.91
epoch: 383, val_loss:2.173359, acc: 31.90, bacc: 14.29, tmp_test_f1: 6.91, f1: 6.91
epoch: 384, val_loss:2.172537, acc: 31.90, bacc: 14.29, tmp_test_f1: 6.91, f1: 6.91
epoch: 385, val_loss:2.169621, acc: 31.90, bacc: 14.29, tmp_test_f1: 6.91, f1: 6.91
epoch: 386, val_loss:2.166861, acc: 31.90, bacc: 14.29, tmp_test_f1: 6.91, f1: 6.91
epoch: 387, val_loss:2.167462, acc: 31.90, bacc: 14.29, tmp_test_f1: 6.91, f1: 6.91
epoch: 388, val_loss:2.169653, acc: 31.90, bacc: 14.29, tmp_test_f1: 6.91, f1: 6.91
epoch: 389, val_loss:2.173202, acc: 31.90, bacc: 14.29, tmp_test_f1: 6.91, f1: 6.91
epoch: 390, val_loss:2.177773, acc: 31.90, bacc: 14.29, tmp_test_f1: 6.91, f1: 6.91
epoch: 391, val_loss:2.180912, acc: 31.90, bacc: 14.29, tmp_test_f1: 6.91, f1: 6.91
epoch: 392, val_loss:2.179502, acc: 31.90, bacc: 14.29, tmp_test_f1: 6.91, f1: 6.91
epoch: 393, val_loss:2.176559, acc: 31.90, bacc: 14.29, tmp_test_f1: 6.91, f1: 6.91
epoch: 394, val_loss:2.172913, acc: 31.90, bacc: 14.29, tmp_test_f1: 6.91, f1: 6.91
epoch: 395, val_loss:2.168566, acc: 31.90, bacc: 14.29, tmp_test_f1: 6.91, f1: 6.91
epoch: 396, val_loss:2.163364, acc: 31.90, bacc: 14.29, tmp_test_f1: 6.91, f1: 6.91
epoch: 397, val_loss:2.161373, acc: 31.90, bacc: 14.29, tmp_test_f1: 6.91, f1: 6.91
epoch: 398, val_loss:2.163519, acc: 31.90, bacc: 14.29, tmp_test_f1: 6.91, f1: 6.91
epoch: 399, val_loss:2.165369, acc: 31.90, bacc: 14.29, tmp_test_f1: 6.91, f1: 6.91
epoch: 400, val_loss:2.165583, acc: 31.90, bacc: 14.29, tmp_test_f1: 6.91, f1: 6.91
epoch: 401, val_loss:2.164251, acc: 31.90, bacc: 14.29, tmp_test_f1: 6.91, f1: 6.91
epoch: 402, val_loss:2.163205, acc: 31.90, bacc: 14.29, tmp_test_f1: 6.91, f1: 6.91
epoch: 403, val_loss:2.160749, acc: 31.90, bacc: 14.29, tmp_test_f1: 6.91, f1: 6.91
Epoch 00404: reducing learning rate of group 0 to 2.5000e-02.
epoch: 404, val_loss:2.158923, acc: 31.90, bacc: 14.29, tmp_test_f1: 6.91, f1: 6.91
epoch: 405, val_loss:2.160845, acc: 31.90, bacc: 14.29, tmp_test_f1: 6.91, f1: 6.91
epoch: 406, val_loss:2.161874, acc: 31.90, bacc: 14.29, tmp_test_f1: 6.91, f1: 6.91
epoch: 407, val_loss:2.163848, acc: 31.90, bacc: 14.29, tmp_test_f1: 6.91, f1: 6.91
epoch: 408, val_loss:2.166232, acc: 31.90, bacc: 14.29, tmp_test_f1: 6.91, f1: 6.91
epoch: 409, val_loss:2.167867, acc: 31.90, bacc: 14.29, tmp_test_f1: 6.91, f1: 6.91
epoch: 410, val_loss:2.168443, acc: 31.90, bacc: 14.29, tmp_test_f1: 6.91, f1: 6.91
epoch: 411, val_loss:2.168598, acc: 31.90, bacc: 14.29, tmp_test_f1: 6.91, f1: 6.91
epoch: 412, val_loss:2.168600, acc: 31.90, bacc: 14.29, tmp_test_f1: 6.91, f1: 6.91
epoch: 413, val_loss:2.168894, acc: 31.90, bacc: 14.29, tmp_test_f1: 6.91, f1: 6.91
epoch: 414, val_loss:2.168721, acc: 31.90, bacc: 14.29, tmp_test_f1: 6.91, f1: 6.91
epoch: 415, val_loss:2.168183, acc: 31.90, bacc: 14.29, tmp_test_f1: 6.91, f1: 6.91
epoch: 416, val_loss:2.168076, acc: 31.90, bacc: 14.29, tmp_test_f1: 6.91, f1: 6.91
epoch: 417, val_loss:2.168259, acc: 31.90, bacc: 14.29, tmp_test_f1: 6.91, f1: 6.91
epoch: 418, val_loss:2.169525, acc: 31.90, bacc: 14.29, tmp_test_f1: 6.91, f1: 6.91
epoch: 419, val_loss:2.171357, acc: 31.90, bacc: 14.29, tmp_test_f1: 6.91, f1: 6.91
epoch: 420, val_loss:2.173211, acc: 31.90, bacc: 14.29, tmp_test_f1: 6.91, f1: 6.91
epoch: 421, val_loss:2.174147, acc: 31.90, bacc: 14.29, tmp_test_f1: 6.91, f1: 6.91
epoch: 422, val_loss:2.175454, acc: 31.90, bacc: 14.29, tmp_test_f1: 6.91, f1: 6.91
epoch: 423, val_loss:2.176157, acc: 31.90, bacc: 14.29, tmp_test_f1: 6.91, f1: 6.91
epoch: 424, val_loss:2.175117, acc: 31.90, bacc: 14.29, tmp_test_f1: 6.91, f1: 6.91
epoch: 425, val_loss:2.173316, acc: 31.90, bacc: 14.29, tmp_test_f1: 6.91, f1: 6.91
epoch: 426, val_loss:2.171273, acc: 31.90, bacc: 14.29, tmp_test_f1: 6.91, f1: 6.91
epoch: 427, val_loss:2.168535, acc: 31.90, bacc: 14.29, tmp_test_f1: 6.91, f1: 6.91
epoch: 428, val_loss:2.166574, acc: 31.90, bacc: 14.29, tmp_test_f1: 6.91, f1: 6.91
epoch: 429, val_loss:2.165308, acc: 31.90, bacc: 14.29, tmp_test_f1: 6.91, f1: 6.91
epoch: 430, val_loss:2.165238, acc: 31.90, bacc: 14.29, tmp_test_f1: 6.91, f1: 6.91
epoch: 431, val_loss:2.165769, acc: 31.90, bacc: 14.29, tmp_test_f1: 6.91, f1: 6.91
epoch: 432, val_loss:2.165547, acc: 31.90, bacc: 14.29, tmp_test_f1: 6.91, f1: 6.91
epoch: 433, val_loss:2.166145, acc: 31.90, bacc: 14.29, tmp_test_f1: 6.91, f1: 6.91
epoch: 434, val_loss:2.166146, acc: 31.90, bacc: 14.29, tmp_test_f1: 6.91, f1: 6.91
epoch: 435, val_loss:2.165803, acc: 31.90, bacc: 14.29, tmp_test_f1: 6.91, f1: 6.91
epoch: 436, val_loss:2.165881, acc: 31.90, bacc: 14.29, tmp_test_f1: 6.91, f1: 6.91
epoch: 437, val_loss:2.167132, acc: 31.90, bacc: 14.29, tmp_test_f1: 6.91, f1: 6.91
epoch: 438, val_loss:2.169077, acc: 31.90, bacc: 14.29, tmp_test_f1: 6.91, f1: 6.91
epoch: 439, val_loss:2.171089, acc: 31.90, bacc: 14.29, tmp_test_f1: 6.91, f1: 6.91
epoch: 440, val_loss:2.172313, acc: 31.90, bacc: 14.29, tmp_test_f1: 6.91, f1: 6.91
epoch: 441, val_loss:2.173401, acc: 31.90, bacc: 14.29, tmp_test_f1: 6.91, f1: 6.91
epoch: 442, val_loss:2.173739, acc: 31.90, bacc: 14.29, tmp_test_f1: 6.91, f1: 6.91
epoch: 443, val_loss:2.174737, acc: 31.90, bacc: 14.29, tmp_test_f1: 6.91, f1: 6.91
epoch: 444, val_loss:2.176547, acc: 31.90, bacc: 14.29, tmp_test_f1: 6.91, f1: 6.91
epoch: 445, val_loss:2.177912, acc: 31.90, bacc: 14.29, tmp_test_f1: 6.91, f1: 6.91
epoch: 446, val_loss:2.178008, acc: 31.90, bacc: 14.29, tmp_test_f1: 6.91, f1: 6.91
epoch: 447, val_loss:2.177626, acc: 31.90, bacc: 14.29, tmp_test_f1: 6.91, f1: 6.91
epoch: 448, val_loss:2.176935, acc: 31.90, bacc: 14.29, tmp_test_f1: 6.91, f1: 6.91
epoch: 449, val_loss:2.175630, acc: 31.90, bacc: 14.29, tmp_test_f1: 6.91, f1: 6.91
epoch: 450, val_loss:2.174701, acc: 31.90, bacc: 14.29, tmp_test_f1: 6.91, f1: 6.91
epoch: 451, val_loss:2.172942, acc: 31.90, bacc: 14.29, tmp_test_f1: 6.91, f1: 6.91
epoch: 452, val_loss:2.170763, acc: 31.90, bacc: 14.29, tmp_test_f1: 6.91, f1: 6.91
epoch: 453, val_loss:2.168420, acc: 31.90, bacc: 14.29, tmp_test_f1: 6.91, f1: 6.91
epoch: 454, val_loss:2.166423, acc: 31.90, bacc: 14.29, tmp_test_f1: 6.91, f1: 6.91
epoch: 455, val_loss:2.165627, acc: 31.90, bacc: 14.29, tmp_test_f1: 6.91, f1: 6.91
epoch: 456, val_loss:2.165520, acc: 31.90, bacc: 14.29, tmp_test_f1: 6.91, f1: 6.91
epoch: 457, val_loss:2.166345, acc: 31.90, bacc: 14.29, tmp_test_f1: 6.91, f1: 6.91
epoch: 458, val_loss:2.167727, acc: 31.90, bacc: 14.29, tmp_test_f1: 6.91, f1: 6.91
epoch: 459, val_loss:2.168406, acc: 31.90, bacc: 14.29, tmp_test_f1: 6.91, f1: 6.91
epoch: 460, val_loss:2.168992, acc: 31.90, bacc: 14.29, tmp_test_f1: 6.91, f1: 6.91
epoch: 461, val_loss:2.169696, acc: 31.90, bacc: 14.29, tmp_test_f1: 6.91, f1: 6.91
epoch: 462, val_loss:2.170557, acc: 31.90, bacc: 14.29, tmp_test_f1: 6.91, f1: 6.91
epoch: 463, val_loss:2.171420, acc: 31.90, bacc: 14.29, tmp_test_f1: 6.91, f1: 6.91
epoch: 464, val_loss:2.171497, acc: 31.90, bacc: 14.29, tmp_test_f1: 6.91, f1: 6.91
epoch: 465, val_loss:2.170597, acc: 31.90, bacc: 14.29, tmp_test_f1: 6.91, f1: 6.91
epoch: 466, val_loss:2.169875, acc: 31.90, bacc: 14.29, tmp_test_f1: 6.91, f1: 6.91
epoch: 467, val_loss:2.169542, acc: 31.90, bacc: 14.29, tmp_test_f1: 6.91, f1: 6.91
epoch: 468, val_loss:2.169891, acc: 31.90, bacc: 14.29, tmp_test_f1: 6.91, f1: 6.91
epoch: 469, val_loss:2.170346, acc: 31.90, bacc: 14.29, tmp_test_f1: 6.91, f1: 6.91
epoch: 470, val_loss:2.170735, acc: 31.90, bacc: 14.29, tmp_test_f1: 6.91, f1: 6.91
epoch: 471, val_loss:2.170076, acc: 31.90, bacc: 14.29, tmp_test_f1: 6.91, f1: 6.91
epoch: 472, val_loss:2.168747, acc: 31.90, bacc: 14.29, tmp_test_f1: 6.91, f1: 6.91
epoch: 473, val_loss:2.166211, acc: 31.90, bacc: 14.29, tmp_test_f1: 6.91, f1: 6.91
epoch: 474, val_loss:2.164088, acc: 31.90, bacc: 14.29, tmp_test_f1: 6.91, f1: 6.91
epoch: 475, val_loss:2.163215, acc: 31.90, bacc: 14.29, tmp_test_f1: 6.91, f1: 6.91
epoch: 476, val_loss:2.162929, acc: 31.90, bacc: 14.29, tmp_test_f1: 6.91, f1: 6.91
epoch: 477, val_loss:2.164067, acc: 31.90, bacc: 14.29, tmp_test_f1: 6.91, f1: 6.91
epoch: 478, val_loss:2.165674, acc: 31.90, bacc: 14.29, tmp_test_f1: 6.91, f1: 6.91
epoch: 479, val_loss:2.166920, acc: 31.90, bacc: 14.29, tmp_test_f1: 6.91, f1: 6.91
epoch: 480, val_loss:2.168172, acc: 31.90, bacc: 14.29, tmp_test_f1: 6.91, f1: 6.91
epoch: 481, val_loss:2.168048, acc: 31.90, bacc: 14.29, tmp_test_f1: 6.91, f1: 6.91
epoch: 482, val_loss:2.167665, acc: 31.90, bacc: 14.29, tmp_test_f1: 6.91, f1: 6.91
epoch: 483, val_loss:2.167687, acc: 31.90, bacc: 14.29, tmp_test_f1: 6.91, f1: 6.91
epoch: 484, val_loss:2.170044, acc: 31.90, bacc: 14.29, tmp_test_f1: 6.91, f1: 6.91
epoch: 485, val_loss:2.173611, acc: 31.90, bacc: 14.29, tmp_test_f1: 6.91, f1: 6.91
epoch: 486, val_loss:2.176924, acc: 31.90, bacc: 14.29, tmp_test_f1: 6.91, f1: 6.91
epoch: 487, val_loss:2.178644, acc: 31.90, bacc: 14.29, tmp_test_f1: 6.91, f1: 6.91
epoch: 488, val_loss:2.178368, acc: 31.90, bacc: 14.29, tmp_test_f1: 6.91, f1: 6.91
epoch: 489, val_loss:2.176243, acc: 31.90, bacc: 14.29, tmp_test_f1: 6.91, f1: 6.91
epoch: 490, val_loss:2.172227, acc: 31.90, bacc: 14.29, tmp_test_f1: 6.91, f1: 6.91
epoch: 491, val_loss:2.167371, acc: 31.90, bacc: 14.29, tmp_test_f1: 6.91, f1: 6.91
epoch: 492, val_loss:2.163713, acc: 31.90, bacc: 14.29, tmp_test_f1: 6.91, f1: 6.91
epoch: 493, val_loss:2.162233, acc: 31.90, bacc: 14.29, tmp_test_f1: 6.91, f1: 6.91
epoch: 494, val_loss:2.161075, acc: 31.90, bacc: 14.29, tmp_test_f1: 6.91, f1: 6.91
epoch: 495, val_loss:2.162107, acc: 31.90, bacc: 14.29, tmp_test_f1: 6.91, f1: 6.91
epoch: 496, val_loss:2.164393, acc: 31.90, bacc: 14.29, tmp_test_f1: 6.91, f1: 6.91
epoch: 497, val_loss:2.166511, acc: 31.90, bacc: 14.29, tmp_test_f1: 6.91, f1: 6.91
epoch: 498, val_loss:2.168593, acc: 31.90, bacc: 14.29, tmp_test_f1: 6.91, f1: 6.91
epoch: 499, val_loss:2.170674, acc: 31.90, bacc: 14.29, tmp_test_f1: 6.91, f1: 6.91
epoch: 500, val_loss:2.172237, acc: 31.90, bacc: 14.29, tmp_test_f1: 6.91, f1: 6.91
epoch: 501, val_loss:2.173760, acc: 31.90, bacc: 14.29, tmp_test_f1: 6.91, f1: 6.91
epoch: 502, val_loss:2.174919, acc: 31.90, bacc: 14.29, tmp_test_f1: 6.91, f1: 6.91
epoch: 503, val_loss:2.175053, acc: 31.90, bacc: 14.29, tmp_test_f1: 6.91, f1: 6.91
epoch: 504, val_loss:2.174102, acc: 31.90, bacc: 14.29, tmp_test_f1: 6.91, f1: 6.91
epoch: 505, val_loss:2.173679, acc: 31.90, bacc: 14.29, tmp_test_f1: 6.91, f1: 6.91
epoch: 506, val_loss:2.174117, acc: 31.90, bacc: 14.29, tmp_test_f1: 6.91, f1: 6.91
epoch: 507, val_loss:2.174240, acc: 31.90, bacc: 14.29, tmp_test_f1: 6.91, f1: 6.91
epoch: 508, val_loss:2.174203, acc: 31.90, bacc: 14.29, tmp_test_f1: 6.91, f1: 6.91
epoch: 509, val_loss:2.174250, acc: 31.90, bacc: 14.29, tmp_test_f1: 6.91, f1: 6.91
epoch: 510, val_loss:2.174273, acc: 31.90, bacc: 14.29, tmp_test_f1: 6.91, f1: 6.91
epoch: 511, val_loss:2.173266, acc: 31.90, bacc: 14.29, tmp_test_f1: 6.91, f1: 6.91
epoch: 512, val_loss:2.172848, acc: 31.90, bacc: 14.29, tmp_test_f1: 6.91, f1: 6.91
epoch: 513, val_loss:2.171039, acc: 31.90, bacc: 14.29, tmp_test_f1: 6.91, f1: 6.91
epoch: 514, val_loss:2.169937, acc: 31.90, bacc: 14.29, tmp_test_f1: 6.91, f1: 6.91
epoch: 515, val_loss:2.169358, acc: 31.90, bacc: 14.29, tmp_test_f1: 6.91, f1: 6.91
epoch: 516, val_loss:2.168729, acc: 31.90, bacc: 14.29, tmp_test_f1: 6.91, f1: 6.91
epoch: 517, val_loss:2.168226, acc: 31.90, bacc: 14.29, tmp_test_f1: 6.91, f1: 6.91
epoch: 518, val_loss:2.168497, acc: 31.90, bacc: 14.29, tmp_test_f1: 6.91, f1: 6.91
epoch: 519, val_loss:2.169926, acc: 31.90, bacc: 14.29, tmp_test_f1: 6.91, f1: 6.91
epoch: 520, val_loss:2.172342, acc: 31.90, bacc: 14.29, tmp_test_f1: 6.91, f1: 6.91
epoch: 521, val_loss:2.173323, acc: 31.90, bacc: 14.29, tmp_test_f1: 6.91, f1: 6.91
epoch: 522, val_loss:2.173531, acc: 31.90, bacc: 14.29, tmp_test_f1: 6.91, f1: 6.91
epoch: 523, val_loss:2.174489, acc: 31.90, bacc: 14.29, tmp_test_f1: 6.91, f1: 6.91
epoch: 524, val_loss:2.175837, acc: 31.90, bacc: 14.29, tmp_test_f1: 6.91, f1: 6.91
epoch: 525, val_loss:2.175827, acc: 31.90, bacc: 14.29, tmp_test_f1: 6.91, f1: 6.91
epoch: 526, val_loss:2.174285, acc: 31.90, bacc: 14.29, tmp_test_f1: 6.91, f1: 6.91
epoch: 527, val_loss:2.173301, acc: 31.90, bacc: 14.29, tmp_test_f1: 6.91, f1: 6.91
epoch: 528, val_loss:2.171818, acc: 31.90, bacc: 14.29, tmp_test_f1: 6.91, f1: 6.91
epoch: 529, val_loss:2.170310, acc: 31.90, bacc: 14.29, tmp_test_f1: 6.91, f1: 6.91
epoch: 530, val_loss:2.167947, acc: 31.90, bacc: 14.29, tmp_test_f1: 6.91, f1: 6.91
epoch: 531, val_loss:2.166425, acc: 31.90, bacc: 14.29, tmp_test_f1: 6.91, f1: 6.91
epoch: 532, val_loss:2.165800, acc: 31.90, bacc: 14.29, tmp_test_f1: 6.91, f1: 6.91
epoch: 533, val_loss:2.165592, acc: 31.90, bacc: 14.29, tmp_test_f1: 6.91, f1: 6.91
epoch: 534, val_loss:2.166356, acc: 31.90, bacc: 14.29, tmp_test_f1: 6.91, f1: 6.91
epoch: 535, val_loss:2.167914, acc: 31.90, bacc: 14.29, tmp_test_f1: 6.91, f1: 6.91
epoch: 536, val_loss:2.169533, acc: 31.90, bacc: 14.29, tmp_test_f1: 6.91, f1: 6.91
epoch: 537, val_loss:2.171221, acc: 31.90, bacc: 14.29, tmp_test_f1: 6.91, f1: 6.91
epoch: 538, val_loss:2.170642, acc: 31.90, bacc: 14.29, tmp_test_f1: 6.91, f1: 6.91
epoch: 539, val_loss:2.169973, acc: 31.90, bacc: 14.29, tmp_test_f1: 6.91, f1: 6.91
epoch: 540, val_loss:2.169385, acc: 31.90, bacc: 14.29, tmp_test_f1: 6.91, f1: 6.91
epoch: 541, val_loss:2.168016, acc: 31.90, bacc: 14.29, tmp_test_f1: 6.91, f1: 6.91
epoch: 542, val_loss:2.168025, acc: 31.90, bacc: 14.29, tmp_test_f1: 6.91, f1: 6.91
epoch: 543, val_loss:2.169218, acc: 31.90, bacc: 14.29, tmp_test_f1: 6.91, f1: 6.91
epoch: 544, val_loss:2.169785, acc: 31.90, bacc: 14.29, tmp_test_f1: 6.91, f1: 6.91
epoch: 545, val_loss:2.168340, acc: 31.90, bacc: 14.29, tmp_test_f1: 6.91, f1: 6.91
epoch: 546, val_loss:2.166693, acc: 31.90, bacc: 14.29, tmp_test_f1: 6.91, f1: 6.91
epoch: 547, val_loss:2.165647, acc: 31.90, bacc: 14.29, tmp_test_f1: 6.91, f1: 6.91
epoch: 548, val_loss:2.164585, acc: 31.90, bacc: 14.29, tmp_test_f1: 6.91, f1: 6.91
epoch: 549, val_loss:2.164139, acc: 31.90, bacc: 14.29, tmp_test_f1: 6.91, f1: 6.91
epoch: 550, val_loss:2.164399, acc: 31.90, bacc: 14.29, tmp_test_f1: 6.91, f1: 6.91
epoch: 551, val_loss:2.164383, acc: 31.90, bacc: 14.29, tmp_test_f1: 6.91, f1: 6.91
epoch: 552, val_loss:2.166075, acc: 31.90, bacc: 14.29, tmp_test_f1: 6.91, f1: 6.91
epoch: 553, val_loss:2.167851, acc: 31.90, bacc: 14.29, tmp_test_f1: 6.91, f1: 6.91
epoch: 554, val_loss:2.170094, acc: 31.90, bacc: 14.29, tmp_test_f1: 6.91, f1: 6.91
epoch: 555, val_loss:2.171985, acc: 31.90, bacc: 14.29, tmp_test_f1: 6.91, f1: 6.91
epoch: 556, val_loss:2.173014, acc: 31.90, bacc: 14.29, tmp_test_f1: 6.91, f1: 6.91
epoch: 557, val_loss:2.173527, acc: 31.90, bacc: 14.29, tmp_test_f1: 6.91, f1: 6.91
epoch: 558, val_loss:2.173526, acc: 31.90, bacc: 14.29, tmp_test_f1: 6.91, f1: 6.91
epoch: 559, val_loss:2.172682, acc: 31.90, bacc: 14.29, tmp_test_f1: 6.91, f1: 6.91
epoch: 560, val_loss:2.171894, acc: 31.90, bacc: 14.29, tmp_test_f1: 6.91, f1: 6.91
epoch: 561, val_loss:2.171554, acc: 31.90, bacc: 14.29, tmp_test_f1: 6.91, f1: 6.91
epoch: 562, val_loss:2.170999, acc: 31.90, bacc: 14.29, tmp_test_f1: 6.91, f1: 6.91
epoch: 563, val_loss:2.170968, acc: 31.90, bacc: 14.29, tmp_test_f1: 6.91, f1: 6.91
epoch: 564, val_loss:2.171412, acc: 31.90, bacc: 14.29, tmp_test_f1: 6.91, f1: 6.91
epoch: 565, val_loss:2.171068, acc: 31.90, bacc: 14.29, tmp_test_f1: 6.91, f1: 6.91
epoch: 566, val_loss:2.171003, acc: 31.90, bacc: 14.29, tmp_test_f1: 6.91, f1: 6.91
epoch: 567, val_loss:2.171183, acc: 31.90, bacc: 14.29, tmp_test_f1: 6.91, f1: 6.91
epoch: 568, val_loss:2.171867, acc: 31.90, bacc: 14.29, tmp_test_f1: 6.91, f1: 6.91
epoch: 569, val_loss:2.171441, acc: 31.90, bacc: 14.29, tmp_test_f1: 6.91, f1: 6.91
epoch: 570, val_loss:2.170419, acc: 31.90, bacc: 14.29, tmp_test_f1: 6.91, f1: 6.91
epoch: 571, val_loss:2.168579, acc: 31.90, bacc: 14.29, tmp_test_f1: 6.91, f1: 6.91
epoch: 572, val_loss:2.167222, acc: 31.90, bacc: 14.29, tmp_test_f1: 6.91, f1: 6.91
epoch: 573, val_loss:2.165571, acc: 31.90, bacc: 14.29, tmp_test_f1: 6.91, f1: 6.91
epoch: 574, val_loss:2.165457, acc: 31.90, bacc: 14.29, tmp_test_f1: 6.91, f1: 6.91
epoch: 575, val_loss:2.165832, acc: 31.90, bacc: 14.29, tmp_test_f1: 6.91, f1: 6.91
epoch: 576, val_loss:2.166920, acc: 31.90, bacc: 14.29, tmp_test_f1: 6.91, f1: 6.91
epoch: 577, val_loss:2.168811, acc: 31.90, bacc: 14.29, tmp_test_f1: 6.91, f1: 6.91
epoch: 578, val_loss:2.170249, acc: 31.90, bacc: 14.29, tmp_test_f1: 6.91, f1: 6.91
epoch: 579, val_loss:2.171206, acc: 31.90, bacc: 14.29, tmp_test_f1: 6.91, f1: 6.91
epoch: 580, val_loss:2.172477, acc: 31.90, bacc: 14.29, tmp_test_f1: 6.91, f1: 6.91
epoch: 581, val_loss:2.173133, acc: 31.90, bacc: 14.29, tmp_test_f1: 6.91, f1: 6.91
epoch: 582, val_loss:2.172886, acc: 31.90, bacc: 14.29, tmp_test_f1: 6.91, f1: 6.91
epoch: 583, val_loss:2.171616, acc: 31.90, bacc: 14.29, tmp_test_f1: 6.91, f1: 6.91
epoch: 584, val_loss:2.170531, acc: 31.90, bacc: 14.29, tmp_test_f1: 6.91, f1: 6.91
epoch: 585, val_loss:2.171543, acc: 31.90, bacc: 14.29, tmp_test_f1: 6.91, f1: 6.91
epoch: 586, val_loss:2.173703, acc: 31.90, bacc: 14.29, tmp_test_f1: 6.91, f1: 6.91
epoch: 587, val_loss:2.175850, acc: 31.90, bacc: 14.29, tmp_test_f1: 6.91, f1: 6.91
epoch: 588, val_loss:2.176950, acc: 31.90, bacc: 14.29, tmp_test_f1: 6.91, f1: 6.91
epoch: 589, val_loss:2.176014, acc: 31.90, bacc: 14.29, tmp_test_f1: 6.91, f1: 6.91
epoch: 590, val_loss:2.173934, acc: 31.90, bacc: 14.29, tmp_test_f1: 6.91, f1: 6.91
epoch: 591, val_loss:2.173102, acc: 31.90, bacc: 14.29, tmp_test_f1: 6.91, f1: 6.91
epoch: 592, val_loss:2.172261, acc: 31.90, bacc: 14.29, tmp_test_f1: 6.91, f1: 6.91
epoch: 593, val_loss:2.171733, acc: 31.90, bacc: 14.29, tmp_test_f1: 6.91, f1: 6.91
epoch: 594, val_loss:2.170758, acc: 31.90, bacc: 14.29, tmp_test_f1: 6.91, f1: 6.91
epoch: 595, val_loss:2.168858, acc: 31.90, bacc: 14.29, tmp_test_f1: 6.91, f1: 6.91
epoch: 596, val_loss:2.168945, acc: 31.90, bacc: 14.29, tmp_test_f1: 6.91, f1: 6.91
epoch: 597, val_loss:2.169885, acc: 31.90, bacc: 14.29, tmp_test_f1: 6.91, f1: 6.91
epoch: 598, val_loss:2.169759, acc: 31.90, bacc: 14.29, tmp_test_f1: 6.91, f1: 6.91
epoch: 599, val_loss:2.169467, acc: 31.90, bacc: 14.29, tmp_test_f1: 6.91, f1: 6.91
epoch: 600, val_loss:2.168257, acc: 31.90, bacc: 14.29, tmp_test_f1: 6.91, f1: 6.91
epoch: 601, val_loss:2.167245, acc: 31.90, bacc: 14.29, tmp_test_f1: 6.91, f1: 6.91
epoch: 602, val_loss:2.167743, acc: 31.90, bacc: 14.29, tmp_test_f1: 6.91, f1: 6.91
epoch: 603, val_loss:2.169795, acc: 31.90, bacc: 14.29, tmp_test_f1: 6.91, f1: 6.91
epoch: 604, val_loss:2.171506, acc: 31.90, bacc: 14.29, tmp_test_f1: 6.91, f1: 6.91
Epoch 00605: reducing learning rate of group 0 to 1.2500e-02.
epoch: 605, val_loss:2.173510, acc: 31.90, bacc: 14.29, tmp_test_f1: 6.91, f1: 6.91
epoch: 606, val_loss:2.174768, acc: 31.90, bacc: 14.29, tmp_test_f1: 6.91, f1: 6.91
epoch: 607, val_loss:2.174887, acc: 31.90, bacc: 14.29, tmp_test_f1: 6.91, f1: 6.91
epoch: 608, val_loss:2.174582, acc: 31.90, bacc: 14.29, tmp_test_f1: 6.91, f1: 6.91
epoch: 609, val_loss:2.173714, acc: 31.90, bacc: 14.29, tmp_test_f1: 6.91, f1: 6.91
epoch: 610, val_loss:2.172457, acc: 31.90, bacc: 14.29, tmp_test_f1: 6.91, f1: 6.91
epoch: 611, val_loss:2.171315, acc: 31.90, bacc: 14.29, tmp_test_f1: 6.91, f1: 6.91
epoch: 612, val_loss:2.169666, acc: 31.90, bacc: 14.29, tmp_test_f1: 6.91, f1: 6.91
epoch: 613, val_loss:2.168164, acc: 31.90, bacc: 14.29, tmp_test_f1: 6.91, f1: 6.91
epoch: 614, val_loss:2.166304, acc: 31.90, bacc: 14.29, tmp_test_f1: 6.91, f1: 6.91
epoch: 615, val_loss:2.165215, acc: 31.90, bacc: 14.29, tmp_test_f1: 6.91, f1: 6.91
epoch: 616, val_loss:2.164975, acc: 31.90, bacc: 14.29, tmp_test_f1: 6.91, f1: 6.91
epoch: 617, val_loss:2.164572, acc: 31.90, bacc: 14.29, tmp_test_f1: 6.91, f1: 6.91
epoch: 618, val_loss:2.164286, acc: 31.90, bacc: 14.29, tmp_test_f1: 6.91, f1: 6.91
epoch: 619, val_loss:2.164238, acc: 31.90, bacc: 14.29, tmp_test_f1: 6.91, f1: 6.91
epoch: 620, val_loss:2.163936, acc: 31.90, bacc: 14.29, tmp_test_f1: 6.91, f1: 6.91
epoch: 621, val_loss:2.163746, acc: 31.90, bacc: 14.29, tmp_test_f1: 6.91, f1: 6.91
epoch: 622, val_loss:2.163261, acc: 31.90, bacc: 14.29, tmp_test_f1: 6.91, f1: 6.91
epoch: 623, val_loss:2.163062, acc: 31.90, bacc: 14.29, tmp_test_f1: 6.91, f1: 6.91
epoch: 624, val_loss:2.162869, acc: 31.90, bacc: 14.29, tmp_test_f1: 6.91, f1: 6.91
epoch: 625, val_loss:2.162449, acc: 31.90, bacc: 14.29, tmp_test_f1: 6.91, f1: 6.91
epoch: 626, val_loss:2.162607, acc: 31.90, bacc: 14.29, tmp_test_f1: 6.91, f1: 6.91
epoch: 627, val_loss:2.163245, acc: 31.90, bacc: 14.29, tmp_test_f1: 6.91, f1: 6.91
epoch: 628, val_loss:2.164553, acc: 31.90, bacc: 14.29, tmp_test_f1: 6.91, f1: 6.91
epoch: 629, val_loss:2.166566, acc: 31.90, bacc: 14.29, tmp_test_f1: 6.91, f1: 6.91
epoch: 630, val_loss:2.168582, acc: 31.90, bacc: 14.29, tmp_test_f1: 6.91, f1: 6.91
epoch: 631, val_loss:2.170046, acc: 31.90, bacc: 14.29, tmp_test_f1: 6.91, f1: 6.91
epoch: 632, val_loss:2.171777, acc: 31.90, bacc: 14.29, tmp_test_f1: 6.91, f1: 6.91
epoch: 633, val_loss:2.173444, acc: 31.90, bacc: 14.29, tmp_test_f1: 6.91, f1: 6.91
epoch: 634, val_loss:2.174358, acc: 31.90, bacc: 14.29, tmp_test_f1: 6.91, f1: 6.91
epoch: 635, val_loss:2.173891, acc: 31.90, bacc: 14.29, tmp_test_f1: 6.91, f1: 6.91
epoch: 636, val_loss:2.173226, acc: 31.90, bacc: 14.29, tmp_test_f1: 6.91, f1: 6.91
epoch: 637, val_loss:2.171756, acc: 31.90, bacc: 14.29, tmp_test_f1: 6.91, f1: 6.91
epoch: 638, val_loss:2.170495, acc: 31.90, bacc: 14.29, tmp_test_f1: 6.91, f1: 6.91
epoch: 639, val_loss:2.169452, acc: 31.90, bacc: 14.29, tmp_test_f1: 6.91, f1: 6.91
epoch: 640, val_loss:2.168273, acc: 31.90, bacc: 14.29, tmp_test_f1: 6.91, f1: 6.91
epoch: 641, val_loss:2.167277, acc: 31.90, bacc: 14.29, tmp_test_f1: 6.91, f1: 6.91
epoch: 642, val_loss:2.166395, acc: 31.90, bacc: 14.29, tmp_test_f1: 6.91, f1: 6.91
epoch: 643, val_loss:2.165209, acc: 31.90, bacc: 14.29, tmp_test_f1: 6.91, f1: 6.91
epoch: 644, val_loss:2.164789, acc: 31.90, bacc: 14.29, tmp_test_f1: 6.91, f1: 6.91
epoch: 645, val_loss:2.164286, acc: 31.90, bacc: 14.29, tmp_test_f1: 6.91, f1: 6.91
epoch: 646, val_loss:2.163820, acc: 31.90, bacc: 14.29, tmp_test_f1: 6.91, f1: 6.91
epoch: 647, val_loss:2.163990, acc: 31.90, bacc: 14.29, tmp_test_f1: 6.91, f1: 6.91
epoch: 648, val_loss:2.164006, acc: 31.90, bacc: 14.29, tmp_test_f1: 6.91, f1: 6.91
epoch: 649, val_loss:2.164233, acc: 31.90, bacc: 14.29, tmp_test_f1: 6.91, f1: 6.91
epoch: 650, val_loss:2.164880, acc: 31.90, bacc: 14.29, tmp_test_f1: 6.91, f1: 6.91
epoch: 651, val_loss:2.166268, acc: 31.90, bacc: 14.29, tmp_test_f1: 6.91, f1: 6.91
epoch: 652, val_loss:2.167361, acc: 31.90, bacc: 14.29, tmp_test_f1: 6.91, f1: 6.91
epoch: 653, val_loss:2.169014, acc: 31.90, bacc: 14.29, tmp_test_f1: 6.91, f1: 6.91
epoch: 654, val_loss:2.171003, acc: 31.90, bacc: 14.29, tmp_test_f1: 6.91, f1: 6.91
epoch: 655, val_loss:2.172657, acc: 31.90, bacc: 14.29, tmp_test_f1: 6.91, f1: 6.91
epoch: 656, val_loss:2.174412, acc: 31.90, bacc: 14.29, tmp_test_f1: 6.91, f1: 6.91
epoch: 657, val_loss:2.175568, acc: 31.90, bacc: 14.29, tmp_test_f1: 6.91, f1: 6.91
epoch: 658, val_loss:2.175506, acc: 31.90, bacc: 14.29, tmp_test_f1: 6.91, f1: 6.91
epoch: 659, val_loss:2.174627, acc: 31.90, bacc: 14.29, tmp_test_f1: 6.91, f1: 6.91
epoch: 660, val_loss:2.173241, acc: 31.90, bacc: 14.29, tmp_test_f1: 6.91, f1: 6.91
epoch: 661, val_loss:2.172083, acc: 31.90, bacc: 14.29, tmp_test_f1: 6.91, f1: 6.91
epoch: 662, val_loss:2.170706, acc: 31.90, bacc: 14.29, tmp_test_f1: 6.91, f1: 6.91
epoch: 663, val_loss:2.169593, acc: 31.90, bacc: 14.29, tmp_test_f1: 6.91, f1: 6.91
epoch: 664, val_loss:2.169056, acc: 31.90, bacc: 14.29, tmp_test_f1: 6.91, f1: 6.91
epoch: 665, val_loss:2.168822, acc: 31.90, bacc: 14.29, tmp_test_f1: 6.91, f1: 6.91
epoch: 666, val_loss:2.169008, acc: 31.90, bacc: 14.29, tmp_test_f1: 6.91, f1: 6.91
epoch: 667, val_loss:2.168828, acc: 31.90, bacc: 14.29, tmp_test_f1: 6.91, f1: 6.91
epoch: 668, val_loss:2.167963, acc: 31.90, bacc: 14.29, tmp_test_f1: 6.91, f1: 6.91
epoch: 669, val_loss:2.167366, acc: 31.90, bacc: 14.29, tmp_test_f1: 6.91, f1: 6.91
epoch: 670, val_loss:2.167073, acc: 31.90, bacc: 14.29, tmp_test_f1: 6.91, f1: 6.91
epoch: 671, val_loss:2.167238, acc: 31.90, bacc: 14.29, tmp_test_f1: 6.91, f1: 6.91
epoch: 672, val_loss:2.168183, acc: 31.90, bacc: 14.29, tmp_test_f1: 6.91, f1: 6.91
epoch: 673, val_loss:2.169712, acc: 31.90, bacc: 14.29, tmp_test_f1: 6.91, f1: 6.91
epoch: 674, val_loss:2.170835, acc: 31.90, bacc: 14.29, tmp_test_f1: 6.91, f1: 6.91
epoch: 675, val_loss:2.171958, acc: 31.90, bacc: 14.29, tmp_test_f1: 6.91, f1: 6.91
epoch: 676, val_loss:2.172757, acc: 31.90, bacc: 14.29, tmp_test_f1: 6.91, f1: 6.91
epoch: 677, val_loss:2.173359, acc: 31.90, bacc: 14.29, tmp_test_f1: 6.91, f1: 6.91
epoch: 678, val_loss:2.173651, acc: 31.90, bacc: 14.29, tmp_test_f1: 6.91, f1: 6.91
epoch: 679, val_loss:2.173968, acc: 31.90, bacc: 14.29, tmp_test_f1: 6.91, f1: 6.91
epoch: 680, val_loss:2.174480, acc: 31.90, bacc: 14.29, tmp_test_f1: 6.91, f1: 6.91
epoch: 681, val_loss:2.173824, acc: 31.90, bacc: 14.29, tmp_test_f1: 6.91, f1: 6.91
epoch: 682, val_loss:2.173400, acc: 31.90, bacc: 14.29, tmp_test_f1: 6.91, f1: 6.91
epoch: 683, val_loss:2.172306, acc: 31.90, bacc: 14.29, tmp_test_f1: 6.91, f1: 6.91
epoch: 684, val_loss:2.170433, acc: 31.90, bacc: 14.29, tmp_test_f1: 6.91, f1: 6.91
epoch: 685, val_loss:2.168554, acc: 31.90, bacc: 14.29, tmp_test_f1: 6.91, f1: 6.91
epoch: 686, val_loss:2.166708, acc: 31.90, bacc: 14.29, tmp_test_f1: 6.91, f1: 6.91
epoch: 687, val_loss:2.166200, acc: 31.90, bacc: 14.29, tmp_test_f1: 6.91, f1: 6.91
epoch: 688, val_loss:2.166530, acc: 31.90, bacc: 14.29, tmp_test_f1: 6.91, f1: 6.91
epoch: 689, val_loss:2.167131, acc: 31.90, bacc: 14.29, tmp_test_f1: 6.91, f1: 6.91
epoch: 690, val_loss:2.167840, acc: 31.90, bacc: 14.29, tmp_test_f1: 6.91, f1: 6.91
epoch: 691, val_loss:2.168473, acc: 31.90, bacc: 14.29, tmp_test_f1: 6.91, f1: 6.91
epoch: 692, val_loss:2.168258, acc: 31.90, bacc: 14.29, tmp_test_f1: 6.91, f1: 6.91
epoch: 693, val_loss:2.168830, acc: 31.90, bacc: 14.29, tmp_test_f1: 6.91, f1: 6.91
epoch: 694, val_loss:2.169511, acc: 31.90, bacc: 14.29, tmp_test_f1: 6.91, f1: 6.91
epoch: 695, val_loss:2.169730, acc: 31.90, bacc: 14.29, tmp_test_f1: 6.91, f1: 6.91
epoch: 696, val_loss:2.169934, acc: 31.90, bacc: 14.29, tmp_test_f1: 6.91, f1: 6.91
epoch: 697, val_loss:2.170636, acc: 31.90, bacc: 14.29, tmp_test_f1: 6.91, f1: 6.91
epoch: 698, val_loss:2.171220, acc: 31.90, bacc: 14.29, tmp_test_f1: 6.91, f1: 6.91
epoch: 699, val_loss:2.171613, acc: 31.90, bacc: 14.29, tmp_test_f1: 6.91, f1: 6.91
epoch: 700, val_loss:2.171325, acc: 31.90, bacc: 14.29, tmp_test_f1: 6.91, f1: 6.91
epoch: 701, val_loss:2.170875, acc: 31.90, bacc: 14.29, tmp_test_f1: 6.91, f1: 6.91
epoch: 702, val_loss:2.170283, acc: 31.90, bacc: 14.29, tmp_test_f1: 6.91, f1: 6.91
epoch: 703, val_loss:2.169891, acc: 31.90, bacc: 14.29, tmp_test_f1: 6.91, f1: 6.91
epoch: 704, val_loss:2.169680, acc: 31.90, bacc: 14.29, tmp_test_f1: 6.91, f1: 6.91
epoch: 705, val_loss:2.168667, acc: 31.90, bacc: 14.29, tmp_test_f1: 6.91, f1: 6.91
epoch: 706, val_loss:2.168004, acc: 31.90, bacc: 14.29, tmp_test_f1: 6.91, f1: 6.91
epoch: 707, val_loss:2.167598, acc: 31.90, bacc: 14.29, tmp_test_f1: 6.91, f1: 6.91
epoch: 708, val_loss:2.167373, acc: 31.90, bacc: 14.29, tmp_test_f1: 6.91, f1: 6.91
epoch: 709, val_loss:2.167432, acc: 31.90, bacc: 14.29, tmp_test_f1: 6.91, f1: 6.91
epoch: 710, val_loss:2.168247, acc: 31.90, bacc: 14.29, tmp_test_f1: 6.91, f1: 6.91
epoch: 711, val_loss:2.169808, acc: 31.90, bacc: 14.29, tmp_test_f1: 6.91, f1: 6.91
epoch: 712, val_loss:2.171146, acc: 31.90, bacc: 14.29, tmp_test_f1: 6.91, f1: 6.91
epoch: 713, val_loss:2.172021, acc: 31.90, bacc: 14.29, tmp_test_f1: 6.91, f1: 6.91
epoch: 714, val_loss:2.173366, acc: 31.90, bacc: 14.29, tmp_test_f1: 6.91, f1: 6.91
epoch: 715, val_loss:2.173896, acc: 31.90, bacc: 14.29, tmp_test_f1: 6.91, f1: 6.91
epoch: 716, val_loss:2.174380, acc: 31.90, bacc: 14.29, tmp_test_f1: 6.91, f1: 6.91
epoch: 717, val_loss:2.175035, acc: 31.90, bacc: 14.29, tmp_test_f1: 6.91, f1: 6.91
epoch: 718, val_loss:2.175107, acc: 31.90, bacc: 14.29, tmp_test_f1: 6.91, f1: 6.91
epoch: 719, val_loss:2.175148, acc: 31.90, bacc: 14.29, tmp_test_f1: 6.91, f1: 6.91
epoch: 720, val_loss:2.175022, acc: 31.90, bacc: 14.29, tmp_test_f1: 6.91, f1: 6.91
epoch: 721, val_loss:2.174843, acc: 31.90, bacc: 14.29, tmp_test_f1: 6.91, f1: 6.91
epoch: 722, val_loss:2.174805, acc: 31.90, bacc: 14.29, tmp_test_f1: 6.91, f1: 6.91
epoch: 723, val_loss:2.174053, acc: 31.90, bacc: 14.29, tmp_test_f1: 6.91, f1: 6.91
epoch: 724, val_loss:2.173444, acc: 31.90, bacc: 14.29, tmp_test_f1: 6.91, f1: 6.91
epoch: 725, val_loss:2.172516, acc: 31.90, bacc: 14.29, tmp_test_f1: 6.91, f1: 6.91
epoch: 726, val_loss:2.171199, acc: 31.90, bacc: 14.29, tmp_test_f1: 6.91, f1: 6.91
epoch: 727, val_loss:2.170576, acc: 31.90, bacc: 14.29, tmp_test_f1: 6.91, f1: 6.91
epoch: 728, val_loss:2.169504, acc: 31.90, bacc: 14.29, tmp_test_f1: 6.91, f1: 6.91
epoch: 729, val_loss:2.168744, acc: 31.90, bacc: 14.29, tmp_test_f1: 6.91, f1: 6.91
epoch: 730, val_loss:2.168342, acc: 31.90, bacc: 14.29, tmp_test_f1: 6.91, f1: 6.91
epoch: 731, val_loss:2.168188, acc: 31.90, bacc: 14.29, tmp_test_f1: 6.91, f1: 6.91
epoch: 732, val_loss:2.167552, acc: 31.90, bacc: 14.29, tmp_test_f1: 6.91, f1: 6.91
epoch: 733, val_loss:2.167217, acc: 31.90, bacc: 14.29, tmp_test_f1: 6.91, f1: 6.91
epoch: 734, val_loss:2.166864, acc: 31.90, bacc: 14.29, tmp_test_f1: 6.91, f1: 6.91
epoch: 735, val_loss:2.166739, acc: 31.90, bacc: 14.29, tmp_test_f1: 6.91, f1: 6.91
epoch: 736, val_loss:2.166552, acc: 31.90, bacc: 14.29, tmp_test_f1: 6.91, f1: 6.91
epoch: 737, val_loss:2.166859, acc: 31.90, bacc: 14.29, tmp_test_f1: 6.91, f1: 6.91
epoch: 738, val_loss:2.167777, acc: 31.90, bacc: 14.29, tmp_test_f1: 6.91, f1: 6.91
epoch: 739, val_loss:2.168708, acc: 31.90, bacc: 14.29, tmp_test_f1: 6.91, f1: 6.91
epoch: 740, val_loss:2.169246, acc: 31.90, bacc: 14.29, tmp_test_f1: 6.91, f1: 6.91
epoch: 741, val_loss:2.169671, acc: 31.90, bacc: 14.29, tmp_test_f1: 6.91, f1: 6.91
epoch: 742, val_loss:2.170886, acc: 31.90, bacc: 14.29, tmp_test_f1: 6.91, f1: 6.91
epoch: 743, val_loss:2.172483, acc: 31.90, bacc: 14.29, tmp_test_f1: 6.91, f1: 6.91
epoch: 744, val_loss:2.173925, acc: 31.90, bacc: 14.29, tmp_test_f1: 6.91, f1: 6.91
epoch: 745, val_loss:2.175367, acc: 31.90, bacc: 14.29, tmp_test_f1: 6.91, f1: 6.91
epoch: 746, val_loss:2.176250, acc: 31.90, bacc: 14.29, tmp_test_f1: 6.91, f1: 6.91
epoch: 747, val_loss:2.176275, acc: 31.90, bacc: 14.29, tmp_test_f1: 6.91, f1: 6.91
epoch: 748, val_loss:2.176204, acc: 31.90, bacc: 14.29, tmp_test_f1: 6.91, f1: 6.91
epoch: 749, val_loss:2.175357, acc: 31.90, bacc: 14.29, tmp_test_f1: 6.91, f1: 6.91
epoch: 750, val_loss:2.174273, acc: 31.90, bacc: 14.29, tmp_test_f1: 6.91, f1: 6.91
epoch: 751, val_loss:2.173352, acc: 31.90, bacc: 14.29, tmp_test_f1: 6.91, f1: 6.91
epoch: 752, val_loss:2.172847, acc: 31.90, bacc: 14.29, tmp_test_f1: 6.91, f1: 6.91
epoch: 753, val_loss:2.172028, acc: 31.90, bacc: 14.29, tmp_test_f1: 6.91, f1: 6.91
epoch: 754, val_loss:2.171386, acc: 31.90, bacc: 14.29, tmp_test_f1: 6.91, f1: 6.91
epoch: 755, val_loss:2.170587, acc: 31.90, bacc: 14.29, tmp_test_f1: 6.91, f1: 6.91
epoch: 756, val_loss:2.170207, acc: 31.90, bacc: 14.29, tmp_test_f1: 6.91, f1: 6.91
epoch: 757, val_loss:2.169681, acc: 31.90, bacc: 14.29, tmp_test_f1: 6.91, f1: 6.91
epoch: 758, val_loss:2.168803, acc: 31.90, bacc: 14.29, tmp_test_f1: 6.91, f1: 6.91
epoch: 759, val_loss:2.167913, acc: 31.90, bacc: 14.29, tmp_test_f1: 6.91, f1: 6.91
epoch: 760, val_loss:2.167902, acc: 31.90, bacc: 14.29, tmp_test_f1: 6.91, f1: 6.91
epoch: 761, val_loss:2.168014, acc: 31.90, bacc: 14.29, tmp_test_f1: 6.91, f1: 6.91
epoch: 762, val_loss:2.168114, acc: 31.90, bacc: 14.29, tmp_test_f1: 6.91, f1: 6.91
epoch: 763, val_loss:2.168140, acc: 31.90, bacc: 14.29, tmp_test_f1: 6.91, f1: 6.91
epoch: 764, val_loss:2.168373, acc: 31.90, bacc: 14.29, tmp_test_f1: 6.91, f1: 6.91
epoch: 765, val_loss:2.168931, acc: 31.90, bacc: 14.29, tmp_test_f1: 6.91, f1: 6.91
epoch: 766, val_loss:2.168810, acc: 31.90, bacc: 14.29, tmp_test_f1: 6.91, f1: 6.91
epoch: 767, val_loss:2.169092, acc: 31.90, bacc: 14.29, tmp_test_f1: 6.91, f1: 6.91
epoch: 768, val_loss:2.168492, acc: 31.90, bacc: 14.29, tmp_test_f1: 6.91, f1: 6.91
epoch: 769, val_loss:2.168356, acc: 31.90, bacc: 14.29, tmp_test_f1: 6.91, f1: 6.91
epoch: 770, val_loss:2.168467, acc: 31.90, bacc: 14.29, tmp_test_f1: 6.91, f1: 6.91
epoch: 771, val_loss:2.168696, acc: 31.90, bacc: 14.29, tmp_test_f1: 6.91, f1: 6.91
epoch: 772, val_loss:2.169436, acc: 31.90, bacc: 14.29, tmp_test_f1: 6.91, f1: 6.91
epoch: 773, val_loss:2.169930, acc: 31.90, bacc: 14.29, tmp_test_f1: 6.91, f1: 6.91
epoch: 774, val_loss:2.170971, acc: 31.90, bacc: 14.29, tmp_test_f1: 6.91, f1: 6.91
epoch: 775, val_loss:2.171974, acc: 31.90, bacc: 14.29, tmp_test_f1: 6.91, f1: 6.91
epoch: 776, val_loss:2.173317, acc: 31.90, bacc: 14.29, tmp_test_f1: 6.91, f1: 6.91
epoch: 777, val_loss:2.175115, acc: 31.90, bacc: 14.29, tmp_test_f1: 6.91, f1: 6.91
epoch: 778, val_loss:2.176162, acc: 31.90, bacc: 14.29, tmp_test_f1: 6.91, f1: 6.91
epoch: 779, val_loss:2.176986, acc: 31.90, bacc: 14.29, tmp_test_f1: 6.91, f1: 6.91
epoch: 780, val_loss:2.177238, acc: 31.90, bacc: 14.29, tmp_test_f1: 6.91, f1: 6.91
epoch: 781, val_loss:2.176726, acc: 31.90, bacc: 14.29, tmp_test_f1: 6.91, f1: 6.91
epoch: 782, val_loss:2.175752, acc: 31.90, bacc: 14.29, tmp_test_f1: 6.91, f1: 6.91
epoch: 783, val_loss:2.175104, acc: 31.90, bacc: 14.29, tmp_test_f1: 6.91, f1: 6.91
epoch: 784, val_loss:2.174409, acc: 31.90, bacc: 14.29, tmp_test_f1: 6.91, f1: 6.91
epoch: 785, val_loss:2.173367, acc: 31.90, bacc: 14.29, tmp_test_f1: 6.91, f1: 6.91
epoch: 786, val_loss:2.173242, acc: 31.90, bacc: 14.29, tmp_test_f1: 6.91, f1: 6.91
epoch: 787, val_loss:2.172812, acc: 31.90, bacc: 14.29, tmp_test_f1: 6.91, f1: 6.91
epoch: 788, val_loss:2.171915, acc: 31.90, bacc: 14.29, tmp_test_f1: 6.91, f1: 6.91
epoch: 789, val_loss:2.170680, acc: 31.90, bacc: 14.29, tmp_test_f1: 6.91, f1: 6.91
epoch: 790, val_loss:2.169798, acc: 31.90, bacc: 14.29, tmp_test_f1: 6.91, f1: 6.91
epoch: 791, val_loss:2.169446, acc: 31.90, bacc: 14.29, tmp_test_f1: 6.91, f1: 6.91
epoch: 792, val_loss:2.170038, acc: 31.90, bacc: 14.29, tmp_test_f1: 6.91, f1: 6.91
epoch: 793, val_loss:2.170574, acc: 31.90, bacc: 14.29, tmp_test_f1: 6.91, f1: 6.91
epoch: 794, val_loss:2.171837, acc: 31.90, bacc: 14.29, tmp_test_f1: 6.91, f1: 6.91
epoch: 795, val_loss:2.173301, acc: 31.90, bacc: 14.29, tmp_test_f1: 6.91, f1: 6.91
epoch: 796, val_loss:2.174284, acc: 31.90, bacc: 14.29, tmp_test_f1: 6.91, f1: 6.91
epoch: 797, val_loss:2.174641, acc: 31.90, bacc: 14.29, tmp_test_f1: 6.91, f1: 6.91
epoch: 798, val_loss:2.175026, acc: 31.90, bacc: 14.29, tmp_test_f1: 6.91, f1: 6.91
epoch: 799, val_loss:2.175459, acc: 31.90, bacc: 14.29, tmp_test_f1: 6.91, f1: 6.91
epoch: 800, val_loss:2.175105, acc: 31.90, bacc: 14.29, tmp_test_f1: 6.91, f1: 6.91
epoch: 801, val_loss:2.173885, acc: 31.90, bacc: 14.29, tmp_test_f1: 6.91, f1: 6.91
epoch: 802, val_loss:2.172441, acc: 31.90, bacc: 14.29, tmp_test_f1: 6.91, f1: 6.91
SymDiGCN Cora 100 Aug 0 EndEpoch 802 lr 0.1
SHAsplit  0, acc: 31.90, bacc: 14.29, f1: 6.91
