CUDA Device Index: 1
Namespace(IsDirectedData=True, AugDirect=1, net='SymDiGCN', GPUdevice=1, seed=100, undirect_dataset='CiteSeer', Direct_dataset='cora_ml/', imb_ratio=100, num_filter=2, layer=2, alpha=0.1, K=2, dropout=0.5, feat_dim=64, warmup=5, epoch=1500, lr=0.1, l2=0.0005, tau=2, max=False, no_mask=False, gdc='ppr', heads=8, log_root='../logs/', log_path='test', data_path='../dataset/data/tmp/')
splits 10
test_f1 CountNotImproved reset to 0 in epoch 0
epoch:   0, val_loss:2.044317, acc: 11.93, bacc: 14.29, tmp_test_f1: 3.05, f1: 3.05
epoch:   1, val_loss:2.048209, acc: 11.93, bacc: 14.29, tmp_test_f1: 3.05, f1: 3.05
epoch:   2, val_loss:2.089533, acc: 11.93, bacc: 14.29, tmp_test_f1: 3.05, f1: 3.05
epoch:   3, val_loss:2.262511, acc: 11.93, bacc: 14.29, tmp_test_f1: 3.05, f1: 3.05
epoch:   4, val_loss:2.579492, acc: 11.93, bacc: 14.29, tmp_test_f1: 3.05, f1: 3.05
epoch:   5, val_loss:2.572136, acc: 11.93, bacc: 14.29, tmp_test_f1: 3.05, f1: 3.05
epoch:   6, val_loss:2.561092, acc: 11.93, bacc: 14.29, tmp_test_f1: 3.05, f1: 3.05
epoch:   7, val_loss:2.476673, acc: 11.93, bacc: 14.29, tmp_test_f1: 3.05, f1: 3.05
epoch:   8, val_loss:2.417616, acc: 11.93, bacc: 14.29, tmp_test_f1: 3.05, f1: 3.05
epoch:   9, val_loss:2.349271, acc: 11.93, bacc: 14.29, tmp_test_f1: 3.05, f1: 3.05
epoch:  10, val_loss:2.283012, acc: 11.93, bacc: 14.29, tmp_test_f1: 3.05, f1: 3.05
epoch:  11, val_loss:2.226868, acc: 11.93, bacc: 14.29, tmp_test_f1: 3.05, f1: 3.05
epoch:  12, val_loss:2.181564, acc: 11.93, bacc: 14.29, tmp_test_f1: 3.05, f1: 3.05
epoch:  13, val_loss:2.160781, acc: 11.93, bacc: 14.29, tmp_test_f1: 3.05, f1: 3.05
epoch:  14, val_loss:2.148848, acc: 11.93, bacc: 14.29, tmp_test_f1: 3.05, f1: 3.05
epoch:  15, val_loss:2.134782, acc: 11.93, bacc: 14.29, tmp_test_f1: 3.05, f1: 3.05
epoch:  16, val_loss:2.119626, acc: 11.93, bacc: 14.29, tmp_test_f1: 3.05, f1: 3.05
epoch:  17, val_loss:2.102296, acc: 11.93, bacc: 14.29, tmp_test_f1: 3.05, f1: 3.05
epoch:  18, val_loss:2.086581, acc: 11.93, bacc: 14.29, tmp_test_f1: 3.05, f1: 3.05
epoch:  19, val_loss:2.073627, acc: 11.93, bacc: 14.29, tmp_test_f1: 3.05, f1: 3.05
epoch:  20, val_loss:2.065245, acc: 11.93, bacc: 14.29, tmp_test_f1: 3.05, f1: 3.05
epoch:  21, val_loss:2.065941, acc: 11.93, bacc: 14.29, tmp_test_f1: 3.05, f1: 3.05
epoch:  22, val_loss:2.070118, acc: 11.93, bacc: 14.29, tmp_test_f1: 3.05, f1: 3.05
epoch:  23, val_loss:2.051878, acc: 11.93, bacc: 14.29, tmp_test_f1: 3.05, f1: 3.05
epoch:  24, val_loss:2.023184, acc: 11.93, bacc: 14.29, tmp_test_f1: 3.05, f1: 3.05
epoch:  25, val_loss:1.995508, acc: 11.93, bacc: 14.29, tmp_test_f1: 3.05, f1: 3.05
epoch:  26, val_loss:1.970815, acc: 11.93, bacc: 14.29, tmp_test_f1: 3.05, f1: 3.05
epoch:  27, val_loss:1.950481, acc: 11.93, bacc: 14.29, tmp_test_f1: 3.05, f1: 3.05
epoch:  28, val_loss:1.935508, acc: 11.93, bacc: 14.29, tmp_test_f1: 3.05, f1: 3.05
epoch:  29, val_loss:1.923177, acc: 11.93, bacc: 14.29, tmp_test_f1: 3.05, f1: 3.05
test_f1 CountNotImproved reset to 0 in epoch 30
epoch:  30, val_loss:1.912612, acc: 20.85, bacc: 23.88, tmp_test_f1: 12.48, f1: 12.48
epoch:  31, val_loss:1.904546, acc: 20.85, bacc: 23.88, tmp_test_f1: 12.44, f1: 12.48
epoch:  32, val_loss:1.898500, acc: 20.85, bacc: 23.88, tmp_test_f1: 12.26, f1: 12.48
epoch:  33, val_loss:1.894095, acc: 20.85, bacc: 23.88, tmp_test_f1: 11.84, f1: 12.48
epoch:  34, val_loss:1.895393, acc: 20.85, bacc: 23.88, tmp_test_f1: 11.71, f1: 12.48
epoch:  35, val_loss:1.889966, acc: 20.85, bacc: 23.88, tmp_test_f1: 11.27, f1: 12.48
epoch:  36, val_loss:1.893606, acc: 20.85, bacc: 23.88, tmp_test_f1: 10.32, f1: 12.48
epoch:  37, val_loss:1.910995, acc: 20.85, bacc: 23.88, tmp_test_f1: 10.91, f1: 12.48
epoch:  38, val_loss:1.900667, acc: 20.85, bacc: 23.88, tmp_test_f1: 12.27, f1: 12.48
test_f1 CountNotImproved reset to 0 in epoch 39
epoch:  39, val_loss:1.877989, acc: 21.32, bacc: 24.27, tmp_test_f1: 13.56, f1: 13.56
test_f1 CountNotImproved reset to 0 in epoch 40
epoch:  40, val_loss:1.874825, acc: 21.23, bacc: 24.05, tmp_test_f1: 14.15, f1: 14.15
epoch:  41, val_loss:1.879468, acc: 21.23, bacc: 24.05, tmp_test_f1: 14.10, f1: 14.15
epoch:  42, val_loss:1.880614, acc: 21.23, bacc: 24.05, tmp_test_f1: 13.89, f1: 14.15
epoch:  43, val_loss:1.879326, acc: 21.23, bacc: 24.05, tmp_test_f1: 13.70, f1: 14.15
epoch:  44, val_loss:1.879096, acc: 21.23, bacc: 24.05, tmp_test_f1: 12.74, f1: 14.15
epoch:  45, val_loss:1.885121, acc: 21.23, bacc: 24.05, tmp_test_f1: 11.46, f1: 14.15
epoch:  46, val_loss:1.905962, acc: 21.23, bacc: 24.05, tmp_test_f1: 10.75, f1: 14.15
epoch:  47, val_loss:1.935891, acc: 21.23, bacc: 24.05, tmp_test_f1: 10.40, f1: 14.15
epoch:  48, val_loss:1.963172, acc: 21.23, bacc: 24.05, tmp_test_f1: 10.92, f1: 14.15
epoch:  49, val_loss:1.960659, acc: 21.23, bacc: 24.05, tmp_test_f1: 11.54, f1: 14.15
epoch:  50, val_loss:1.945997, acc: 21.23, bacc: 24.05, tmp_test_f1: 12.40, f1: 14.15
epoch:  51, val_loss:1.931324, acc: 21.23, bacc: 24.05, tmp_test_f1: 13.58, f1: 14.15
epoch:  52, val_loss:1.902522, acc: 21.23, bacc: 24.05, tmp_test_f1: 13.88, f1: 14.15
epoch:  53, val_loss:1.890411, acc: 21.23, bacc: 24.05, tmp_test_f1: 13.89, f1: 14.15
epoch:  54, val_loss:1.884846, acc: 21.23, bacc: 24.05, tmp_test_f1: 13.74, f1: 14.15
epoch:  55, val_loss:1.881944, acc: 21.23, bacc: 24.05, tmp_test_f1: 13.58, f1: 14.15
epoch:  56, val_loss:1.880700, acc: 21.23, bacc: 24.05, tmp_test_f1: 13.66, f1: 14.15
epoch:  57, val_loss:1.879407, acc: 21.23, bacc: 24.05, tmp_test_f1: 13.57, f1: 14.15
epoch:  58, val_loss:1.880876, acc: 21.23, bacc: 24.05, tmp_test_f1: 14.11, f1: 14.15
test_f1 CountNotImproved reset to 0 in epoch 59
epoch:  59, val_loss:1.884420, acc: 21.40, bacc: 24.58, tmp_test_f1: 14.30, f1: 14.30
epoch:  60, val_loss:1.888978, acc: 21.40, bacc: 24.58, tmp_test_f1: 13.97, f1: 14.30
test_f1 CountNotImproved reset to 0 in epoch 61
epoch:  61, val_loss:1.898742, acc: 21.83, bacc: 25.46, tmp_test_f1: 14.53, f1: 14.53
epoch:  62, val_loss:1.911015, acc: 21.83, bacc: 25.46, tmp_test_f1: 13.99, f1: 14.53
epoch:  63, val_loss:1.927917, acc: 21.83, bacc: 25.46, tmp_test_f1: 13.54, f1: 14.53
epoch:  64, val_loss:1.939095, acc: 21.83, bacc: 25.46, tmp_test_f1: 13.61, f1: 14.53
epoch:  65, val_loss:1.932865, acc: 21.83, bacc: 25.46, tmp_test_f1: 13.73, f1: 14.53
epoch:  66, val_loss:1.926111, acc: 21.83, bacc: 25.46, tmp_test_f1: 14.35, f1: 14.53
test_f1 CountNotImproved reset to 0 in epoch 67
epoch:  67, val_loss:1.923998, acc: 21.91, bacc: 25.77, tmp_test_f1: 15.77, f1: 15.77
test_f1 CountNotImproved reset to 0 in epoch 68
epoch:  68, val_loss:1.904817, acc: 21.57, bacc: 25.21, tmp_test_f1: 16.04, f1: 16.04
epoch:  69, val_loss:1.885110, acc: 21.57, bacc: 25.21, tmp_test_f1: 15.00, f1: 16.04
epoch:  70, val_loss:1.878637, acc: 21.57, bacc: 25.21, tmp_test_f1: 15.38, f1: 16.04
epoch:  71, val_loss:1.877246, acc: 21.57, bacc: 25.21, tmp_test_f1: 15.33, f1: 16.04
epoch:  72, val_loss:1.875393, acc: 21.57, bacc: 25.21, tmp_test_f1: 15.33, f1: 16.04
epoch:  73, val_loss:1.877159, acc: 21.57, bacc: 25.21, tmp_test_f1: 15.27, f1: 16.04
epoch:  74, val_loss:1.868668, acc: 21.57, bacc: 25.21, tmp_test_f1: 15.01, f1: 16.04
epoch:  75, val_loss:1.865102, acc: 21.57, bacc: 25.21, tmp_test_f1: 15.44, f1: 16.04
epoch:  76, val_loss:1.864724, acc: 21.57, bacc: 25.21, tmp_test_f1: 14.89, f1: 16.04
epoch:  77, val_loss:1.868949, acc: 21.57, bacc: 25.21, tmp_test_f1: 15.14, f1: 16.04
epoch:  78, val_loss:1.869291, acc: 21.57, bacc: 25.21, tmp_test_f1: 14.94, f1: 16.04
epoch:  79, val_loss:1.866306, acc: 21.57, bacc: 25.21, tmp_test_f1: 14.65, f1: 16.04
epoch:  80, val_loss:1.867068, acc: 21.57, bacc: 25.21, tmp_test_f1: 14.58, f1: 16.04
epoch:  81, val_loss:1.871260, acc: 21.57, bacc: 25.21, tmp_test_f1: 14.66, f1: 16.04
epoch:  82, val_loss:1.873010, acc: 21.57, bacc: 25.21, tmp_test_f1: 14.47, f1: 16.04
epoch:  83, val_loss:1.876023, acc: 21.57, bacc: 25.21, tmp_test_f1: 13.89, f1: 16.04
epoch:  84, val_loss:1.881327, acc: 21.57, bacc: 25.21, tmp_test_f1: 13.27, f1: 16.04
epoch:  85, val_loss:1.890587, acc: 21.57, bacc: 25.21, tmp_test_f1: 12.42, f1: 16.04
epoch:  86, val_loss:1.911371, acc: 21.57, bacc: 25.21, tmp_test_f1: 11.90, f1: 16.04
epoch:  87, val_loss:1.919337, acc: 21.57, bacc: 25.21, tmp_test_f1: 11.99, f1: 16.04
epoch:  88, val_loss:1.912408, acc: 21.57, bacc: 25.21, tmp_test_f1: 12.25, f1: 16.04
epoch:  89, val_loss:1.903520, acc: 21.57, bacc: 25.21, tmp_test_f1: 12.42, f1: 16.04
epoch:  90, val_loss:1.900889, acc: 21.57, bacc: 25.21, tmp_test_f1: 12.96, f1: 16.04
epoch:  91, val_loss:1.893747, acc: 21.57, bacc: 25.21, tmp_test_f1: 13.41, f1: 16.04
epoch:  92, val_loss:1.889870, acc: 21.57, bacc: 25.21, tmp_test_f1: 13.52, f1: 16.04
epoch:  93, val_loss:1.889338, acc: 21.57, bacc: 25.21, tmp_test_f1: 13.51, f1: 16.04
epoch:  94, val_loss:1.893330, acc: 21.57, bacc: 25.21, tmp_test_f1: 13.38, f1: 16.04
epoch:  95, val_loss:1.897524, acc: 21.57, bacc: 25.21, tmp_test_f1: 13.07, f1: 16.04
epoch:  96, val_loss:1.901440, acc: 21.57, bacc: 25.21, tmp_test_f1: 12.70, f1: 16.04
epoch:  97, val_loss:1.906966, acc: 21.57, bacc: 25.21, tmp_test_f1: 12.29, f1: 16.04
epoch:  98, val_loss:1.917271, acc: 21.57, bacc: 25.21, tmp_test_f1: 11.60, f1: 16.04
epoch:  99, val_loss:1.933841, acc: 21.57, bacc: 25.21, tmp_test_f1: 11.29, f1: 16.04
epoch: 100, val_loss:1.948165, acc: 21.57, bacc: 25.21, tmp_test_f1: 11.45, f1: 16.04
epoch: 101, val_loss:1.942966, acc: 21.57, bacc: 25.21, tmp_test_f1: 11.70, f1: 16.04
epoch: 102, val_loss:1.936710, acc: 21.57, bacc: 25.21, tmp_test_f1: 12.26, f1: 16.04
epoch: 103, val_loss:1.926006, acc: 21.57, bacc: 25.21, tmp_test_f1: 12.74, f1: 16.04
epoch: 104, val_loss:1.909012, acc: 21.57, bacc: 25.21, tmp_test_f1: 13.04, f1: 16.04
epoch: 105, val_loss:1.904150, acc: 21.57, bacc: 25.21, tmp_test_f1: 12.95, f1: 16.04
epoch: 106, val_loss:1.901165, acc: 21.57, bacc: 25.21, tmp_test_f1: 13.03, f1: 16.04
epoch: 107, val_loss:1.900024, acc: 21.57, bacc: 25.21, tmp_test_f1: 12.90, f1: 16.04
epoch: 108, val_loss:1.903365, acc: 21.57, bacc: 25.21, tmp_test_f1: 12.48, f1: 16.04
epoch: 109, val_loss:1.912347, acc: 21.57, bacc: 25.21, tmp_test_f1: 12.14, f1: 16.04
epoch: 110, val_loss:1.920086, acc: 21.57, bacc: 25.21, tmp_test_f1: 11.80, f1: 16.04
epoch: 111, val_loss:1.928898, acc: 21.57, bacc: 25.21, tmp_test_f1: 11.91, f1: 16.04
epoch: 112, val_loss:1.925606, acc: 21.57, bacc: 25.21, tmp_test_f1: 12.32, f1: 16.04
epoch: 113, val_loss:1.917313, acc: 21.57, bacc: 25.21, tmp_test_f1: 12.66, f1: 16.04
epoch: 114, val_loss:1.908146, acc: 21.57, bacc: 25.21, tmp_test_f1: 12.86, f1: 16.04
epoch: 115, val_loss:1.898302, acc: 21.57, bacc: 25.21, tmp_test_f1: 14.25, f1: 16.04
epoch: 116, val_loss:1.870979, acc: 21.57, bacc: 25.21, tmp_test_f1: 14.45, f1: 16.04
epoch: 117, val_loss:1.863472, acc: 21.57, bacc: 25.21, tmp_test_f1: 14.61, f1: 16.04
epoch: 118, val_loss:1.862416, acc: 21.57, bacc: 25.21, tmp_test_f1: 13.92, f1: 16.04
epoch: 119, val_loss:1.868590, acc: 21.57, bacc: 25.21, tmp_test_f1: 13.69, f1: 16.04
epoch: 120, val_loss:1.871684, acc: 21.57, bacc: 25.21, tmp_test_f1: 13.46, f1: 16.04
epoch: 121, val_loss:1.871000, acc: 21.57, bacc: 25.21, tmp_test_f1: 13.57, f1: 16.04
epoch: 122, val_loss:1.866882, acc: 21.57, bacc: 25.21, tmp_test_f1: 14.16, f1: 16.04
epoch: 123, val_loss:1.863660, acc: 21.57, bacc: 25.21, tmp_test_f1: 14.32, f1: 16.04
epoch: 124, val_loss:1.863138, acc: 21.57, bacc: 25.21, tmp_test_f1: 14.69, f1: 16.04
epoch: 125, val_loss:1.866589, acc: 21.57, bacc: 25.21, tmp_test_f1: 13.81, f1: 16.04
epoch: 126, val_loss:1.877106, acc: 21.57, bacc: 25.21, tmp_test_f1: 13.17, f1: 16.04
epoch: 127, val_loss:1.902652, acc: 21.57, bacc: 25.21, tmp_test_f1: 12.30, f1: 16.04
epoch: 128, val_loss:1.929804, acc: 21.57, bacc: 25.21, tmp_test_f1: 13.08, f1: 16.04
epoch: 129, val_loss:1.913163, acc: 21.57, bacc: 25.21, tmp_test_f1: 13.72, f1: 16.04
epoch: 130, val_loss:1.888889, acc: 21.57, bacc: 25.21, tmp_test_f1: 14.26, f1: 16.04
epoch: 131, val_loss:1.876571, acc: 21.57, bacc: 25.21, tmp_test_f1: 14.35, f1: 16.04
epoch: 132, val_loss:1.870705, acc: 21.57, bacc: 25.21, tmp_test_f1: 14.14, f1: 16.04
epoch: 133, val_loss:1.868506, acc: 21.57, bacc: 25.21, tmp_test_f1: 13.87, f1: 16.04
epoch: 134, val_loss:1.870157, acc: 21.57, bacc: 25.21, tmp_test_f1: 13.38, f1: 16.04
epoch: 135, val_loss:1.871478, acc: 21.57, bacc: 25.21, tmp_test_f1: 13.15, f1: 16.04
epoch: 136, val_loss:1.870745, acc: 21.57, bacc: 25.21, tmp_test_f1: 13.25, f1: 16.04
epoch: 137, val_loss:1.869398, acc: 21.57, bacc: 25.21, tmp_test_f1: 14.00, f1: 16.04
epoch: 138, val_loss:1.866125, acc: 21.57, bacc: 25.21, tmp_test_f1: 14.13, f1: 16.04
epoch: 139, val_loss:1.874398, acc: 21.57, bacc: 25.21, tmp_test_f1: 13.96, f1: 16.04
epoch: 140, val_loss:1.893985, acc: 21.57, bacc: 25.21, tmp_test_f1: 13.86, f1: 16.04
epoch: 141, val_loss:1.928405, acc: 21.57, bacc: 25.21, tmp_test_f1: 13.46, f1: 16.04
epoch: 142, val_loss:1.977197, acc: 21.57, bacc: 25.21, tmp_test_f1: 13.01, f1: 16.04
epoch: 143, val_loss:1.997797, acc: 21.57, bacc: 25.21, tmp_test_f1: 13.67, f1: 16.04
epoch: 144, val_loss:1.928263, acc: 21.57, bacc: 25.21, tmp_test_f1: 14.30, f1: 16.04
epoch: 145, val_loss:1.898396, acc: 21.57, bacc: 25.21, tmp_test_f1: 14.28, f1: 16.04
epoch: 146, val_loss:1.881465, acc: 21.57, bacc: 25.21, tmp_test_f1: 14.30, f1: 16.04
epoch: 147, val_loss:1.874343, acc: 21.57, bacc: 25.21, tmp_test_f1: 14.17, f1: 16.04
epoch: 148, val_loss:1.873528, acc: 21.57, bacc: 25.21, tmp_test_f1: 13.95, f1: 16.04
epoch: 149, val_loss:1.873301, acc: 21.57, bacc: 25.21, tmp_test_f1: 13.79, f1: 16.04
epoch: 150, val_loss:1.873643, acc: 21.57, bacc: 25.21, tmp_test_f1: 13.92, f1: 16.04
epoch: 151, val_loss:1.873622, acc: 21.57, bacc: 25.21, tmp_test_f1: 13.85, f1: 16.04
epoch: 152, val_loss:1.874525, acc: 21.57, bacc: 25.21, tmp_test_f1: 14.01, f1: 16.04
epoch: 153, val_loss:1.877368, acc: 21.57, bacc: 25.21, tmp_test_f1: 14.25, f1: 16.04
epoch: 154, val_loss:1.886860, acc: 21.57, bacc: 25.21, tmp_test_f1: 14.20, f1: 16.04
epoch: 155, val_loss:1.901418, acc: 21.57, bacc: 25.21, tmp_test_f1: 14.03, f1: 16.04
epoch: 156, val_loss:1.914018, acc: 21.57, bacc: 25.21, tmp_test_f1: 13.95, f1: 16.04
epoch: 157, val_loss:1.924301, acc: 21.57, bacc: 25.21, tmp_test_f1: 14.00, f1: 16.04
epoch: 158, val_loss:1.928940, acc: 21.57, bacc: 25.21, tmp_test_f1: 13.81, f1: 16.04
epoch: 159, val_loss:1.934094, acc: 21.57, bacc: 25.21, tmp_test_f1: 13.68, f1: 16.04
epoch: 160, val_loss:1.941170, acc: 21.57, bacc: 25.21, tmp_test_f1: 13.56, f1: 16.04
epoch: 161, val_loss:1.951726, acc: 21.57, bacc: 25.21, tmp_test_f1: 13.44, f1: 16.04
epoch: 162, val_loss:1.959668, acc: 21.57, bacc: 25.21, tmp_test_f1: 13.51, f1: 16.04
epoch: 163, val_loss:1.968071, acc: 21.57, bacc: 25.21, tmp_test_f1: 13.91, f1: 16.04
epoch: 164, val_loss:1.928273, acc: 21.57, bacc: 25.21, tmp_test_f1: 13.95, f1: 16.04
epoch: 165, val_loss:1.909159, acc: 21.57, bacc: 25.21, tmp_test_f1: 13.94, f1: 16.04
epoch: 166, val_loss:1.897203, acc: 21.57, bacc: 25.21, tmp_test_f1: 13.69, f1: 16.04
epoch: 167, val_loss:1.892673, acc: 21.57, bacc: 25.21, tmp_test_f1: 13.31, f1: 16.04
epoch: 168, val_loss:1.891942, acc: 21.57, bacc: 25.21, tmp_test_f1: 13.43, f1: 16.04
epoch: 169, val_loss:1.884968, acc: 21.57, bacc: 25.21, tmp_test_f1: 13.94, f1: 16.04
epoch: 170, val_loss:1.881567, acc: 21.57, bacc: 25.21, tmp_test_f1: 13.80, f1: 16.04
epoch: 171, val_loss:1.876865, acc: 21.57, bacc: 25.21, tmp_test_f1: 14.18, f1: 16.04
epoch: 172, val_loss:1.875285, acc: 21.57, bacc: 25.21, tmp_test_f1: 14.09, f1: 16.04
epoch: 173, val_loss:1.876229, acc: 21.57, bacc: 25.21, tmp_test_f1: 14.41, f1: 16.04
epoch: 174, val_loss:1.880138, acc: 21.57, bacc: 25.21, tmp_test_f1: 14.39, f1: 16.04
epoch: 175, val_loss:1.876846, acc: 21.57, bacc: 25.21, tmp_test_f1: 14.47, f1: 16.04
epoch: 176, val_loss:1.872616, acc: 21.57, bacc: 25.21, tmp_test_f1: 14.53, f1: 16.04
epoch: 177, val_loss:1.869433, acc: 21.57, bacc: 25.21, tmp_test_f1: 14.48, f1: 16.04
epoch: 178, val_loss:1.866715, acc: 21.57, bacc: 25.21, tmp_test_f1: 14.11, f1: 16.04
epoch: 179, val_loss:1.864580, acc: 21.57, bacc: 25.21, tmp_test_f1: 14.31, f1: 16.04
epoch: 180, val_loss:1.862479, acc: 21.57, bacc: 25.21, tmp_test_f1: 14.11, f1: 16.04
epoch: 181, val_loss:1.861589, acc: 21.57, bacc: 25.21, tmp_test_f1: 14.39, f1: 16.04
epoch: 182, val_loss:1.860504, acc: 21.57, bacc: 25.21, tmp_test_f1: 14.35, f1: 16.04
epoch: 183, val_loss:1.861036, acc: 21.57, bacc: 25.21, tmp_test_f1: 14.37, f1: 16.04
epoch: 184, val_loss:1.861547, acc: 21.57, bacc: 25.21, tmp_test_f1: 14.36, f1: 16.04
epoch: 185, val_loss:1.863216, acc: 21.57, bacc: 25.21, tmp_test_f1: 14.34, f1: 16.04
epoch: 186, val_loss:1.866025, acc: 21.57, bacc: 25.21, tmp_test_f1: 14.31, f1: 16.04
epoch: 187, val_loss:1.871855, acc: 21.57, bacc: 25.21, tmp_test_f1: 14.53, f1: 16.04
epoch: 188, val_loss:1.880057, acc: 21.57, bacc: 25.21, tmp_test_f1: 14.35, f1: 16.04
epoch: 189, val_loss:1.887686, acc: 21.57, bacc: 25.21, tmp_test_f1: 14.16, f1: 16.04
epoch: 190, val_loss:1.890824, acc: 21.57, bacc: 25.21, tmp_test_f1: 13.83, f1: 16.04
epoch: 191, val_loss:1.892821, acc: 21.57, bacc: 25.21, tmp_test_f1: 13.91, f1: 16.04
epoch: 192, val_loss:1.896686, acc: 21.57, bacc: 25.21, tmp_test_f1: 13.74, f1: 16.04
epoch: 193, val_loss:1.897211, acc: 21.57, bacc: 25.21, tmp_test_f1: 13.57, f1: 16.04
epoch: 194, val_loss:1.898646, acc: 21.57, bacc: 25.21, tmp_test_f1: 13.32, f1: 16.04
epoch: 195, val_loss:1.896857, acc: 21.57, bacc: 25.21, tmp_test_f1: 13.39, f1: 16.04
epoch: 196, val_loss:1.894348, acc: 21.57, bacc: 25.21, tmp_test_f1: 13.39, f1: 16.04
epoch: 197, val_loss:1.895606, acc: 21.57, bacc: 25.21, tmp_test_f1: 13.32, f1: 16.04
epoch: 198, val_loss:1.897297, acc: 21.57, bacc: 25.21, tmp_test_f1: 13.37, f1: 16.04
epoch: 199, val_loss:1.888584, acc: 21.57, bacc: 25.21, tmp_test_f1: 14.19, f1: 16.04
epoch: 200, val_loss:1.873881, acc: 21.57, bacc: 25.21, tmp_test_f1: 14.24, f1: 16.04
epoch: 201, val_loss:1.863224, acc: 21.57, bacc: 25.21, tmp_test_f1: 14.20, f1: 16.04
epoch: 202, val_loss:1.855564, acc: 21.57, bacc: 25.21, tmp_test_f1: 14.33, f1: 16.04
epoch: 203, val_loss:1.847590, acc: 21.57, bacc: 25.21, tmp_test_f1: 14.16, f1: 16.04
epoch: 204, val_loss:1.843327, acc: 21.57, bacc: 25.21, tmp_test_f1: 14.23, f1: 16.04
epoch: 205, val_loss:1.841313, acc: 21.57, bacc: 25.21, tmp_test_f1: 14.33, f1: 16.04
epoch: 206, val_loss:1.839578, acc: 21.57, bacc: 25.21, tmp_test_f1: 14.28, f1: 16.04
epoch: 207, val_loss:1.838571, acc: 21.57, bacc: 25.21, tmp_test_f1: 14.27, f1: 16.04
epoch: 208, val_loss:1.839049, acc: 21.57, bacc: 25.21, tmp_test_f1: 14.25, f1: 16.04
epoch: 209, val_loss:1.839621, acc: 21.57, bacc: 25.21, tmp_test_f1: 14.24, f1: 16.04
epoch: 210, val_loss:1.839571, acc: 21.57, bacc: 25.21, tmp_test_f1: 14.25, f1: 16.04
epoch: 211, val_loss:1.840080, acc: 21.57, bacc: 25.21, tmp_test_f1: 14.20, f1: 16.04
epoch: 212, val_loss:1.839852, acc: 21.57, bacc: 25.21, tmp_test_f1: 14.29, f1: 16.04
epoch: 213, val_loss:1.840364, acc: 21.57, bacc: 25.21, tmp_test_f1: 14.36, f1: 16.04
epoch: 214, val_loss:1.842467, acc: 21.57, bacc: 25.21, tmp_test_f1: 14.32, f1: 16.04
epoch: 215, val_loss:1.844436, acc: 21.57, bacc: 25.21, tmp_test_f1: 14.14, f1: 16.04
epoch: 216, val_loss:1.846202, acc: 21.57, bacc: 25.21, tmp_test_f1: 14.25, f1: 16.04
epoch: 217, val_loss:1.848422, acc: 21.57, bacc: 25.21, tmp_test_f1: 14.34, f1: 16.04
epoch: 218, val_loss:1.851218, acc: 21.57, bacc: 25.21, tmp_test_f1: 14.27, f1: 16.04
epoch: 219, val_loss:1.859643, acc: 21.57, bacc: 25.21, tmp_test_f1: 14.38, f1: 16.04
epoch: 220, val_loss:1.858255, acc: 21.57, bacc: 25.21, tmp_test_f1: 14.34, f1: 16.04
epoch: 221, val_loss:1.861996, acc: 21.57, bacc: 25.21, tmp_test_f1: 14.37, f1: 16.04
epoch: 222, val_loss:1.864309, acc: 21.57, bacc: 25.21, tmp_test_f1: 14.48, f1: 16.04
epoch: 223, val_loss:1.869140, acc: 21.57, bacc: 25.21, tmp_test_f1: 14.27, f1: 16.04
epoch: 224, val_loss:1.869064, acc: 21.57, bacc: 25.21, tmp_test_f1: 14.32, f1: 16.04
epoch: 225, val_loss:1.867221, acc: 21.57, bacc: 25.21, tmp_test_f1: 14.34, f1: 16.04
epoch: 226, val_loss:1.864063, acc: 21.57, bacc: 25.21, tmp_test_f1: 14.39, f1: 16.04
epoch: 227, val_loss:1.866467, acc: 21.57, bacc: 25.21, tmp_test_f1: 14.38, f1: 16.04
epoch: 228, val_loss:1.871774, acc: 21.57, bacc: 25.21, tmp_test_f1: 14.46, f1: 16.04
epoch: 229, val_loss:1.869736, acc: 21.57, bacc: 25.21, tmp_test_f1: 14.39, f1: 16.04
epoch: 230, val_loss:1.872766, acc: 21.57, bacc: 25.21, tmp_test_f1: 14.30, f1: 16.04
epoch: 231, val_loss:1.879079, acc: 21.57, bacc: 25.21, tmp_test_f1: 14.10, f1: 16.04
epoch: 232, val_loss:1.863973, acc: 21.57, bacc: 25.21, tmp_test_f1: 13.88, f1: 16.04
epoch: 233, val_loss:1.863858, acc: 21.57, bacc: 25.21, tmp_test_f1: 13.63, f1: 16.04
epoch: 234, val_loss:1.866157, acc: 21.57, bacc: 25.21, tmp_test_f1: 13.39, f1: 16.04
epoch: 235, val_loss:1.869989, acc: 21.57, bacc: 25.21, tmp_test_f1: 13.54, f1: 16.04
epoch: 236, val_loss:1.878609, acc: 21.57, bacc: 25.21, tmp_test_f1: 13.68, f1: 16.04
epoch: 237, val_loss:1.892239, acc: 21.57, bacc: 25.21, tmp_test_f1: 13.85, f1: 16.04
epoch: 238, val_loss:1.915978, acc: 21.57, bacc: 25.21, tmp_test_f1: 13.62, f1: 16.04
epoch: 239, val_loss:1.944729, acc: 21.57, bacc: 25.21, tmp_test_f1: 13.53, f1: 16.04
epoch: 240, val_loss:1.974743, acc: 21.57, bacc: 25.21, tmp_test_f1: 13.19, f1: 16.04
epoch: 241, val_loss:1.988451, acc: 21.57, bacc: 25.21, tmp_test_f1: 13.57, f1: 16.04
epoch: 242, val_loss:1.977827, acc: 21.57, bacc: 25.21, tmp_test_f1: 13.50, f1: 16.04
epoch: 243, val_loss:1.968208, acc: 21.57, bacc: 25.21, tmp_test_f1: 13.67, f1: 16.04
epoch: 244, val_loss:1.963372, acc: 21.57, bacc: 25.21, tmp_test_f1: 13.69, f1: 16.04
epoch: 245, val_loss:1.959753, acc: 21.57, bacc: 25.21, tmp_test_f1: 13.67, f1: 16.04
epoch: 246, val_loss:1.957816, acc: 21.57, bacc: 25.21, tmp_test_f1: 13.65, f1: 16.04
epoch: 247, val_loss:1.955387, acc: 21.57, bacc: 25.21, tmp_test_f1: 13.59, f1: 16.04
epoch: 248, val_loss:1.949811, acc: 21.57, bacc: 25.21, tmp_test_f1: 13.61, f1: 16.04
epoch: 249, val_loss:1.942923, acc: 21.57, bacc: 25.21, tmp_test_f1: 13.54, f1: 16.04
epoch: 250, val_loss:1.939537, acc: 21.57, bacc: 25.21, tmp_test_f1: 13.31, f1: 16.04
epoch: 251, val_loss:1.942310, acc: 21.57, bacc: 25.21, tmp_test_f1: 13.08, f1: 16.04
epoch: 252, val_loss:1.958858, acc: 21.57, bacc: 25.21, tmp_test_f1: 13.21, f1: 16.04
epoch: 253, val_loss:1.988921, acc: 21.57, bacc: 25.21, tmp_test_f1: 12.95, f1: 16.04
epoch: 254, val_loss:1.954332, acc: 21.57, bacc: 25.21, tmp_test_f1: 13.53, f1: 16.04
epoch: 255, val_loss:1.935396, acc: 21.57, bacc: 25.21, tmp_test_f1: 13.37, f1: 16.04
epoch: 256, val_loss:1.921375, acc: 21.57, bacc: 25.21, tmp_test_f1: 13.80, f1: 16.04
epoch: 257, val_loss:1.887562, acc: 21.57, bacc: 25.21, tmp_test_f1: 14.21, f1: 16.04
epoch: 258, val_loss:1.876082, acc: 21.57, bacc: 25.21, tmp_test_f1: 14.75, f1: 16.04
epoch: 259, val_loss:1.869600, acc: 21.57, bacc: 25.21, tmp_test_f1: 14.51, f1: 16.04
epoch: 260, val_loss:1.865630, acc: 21.57, bacc: 25.21, tmp_test_f1: 14.80, f1: 16.04
epoch: 261, val_loss:1.866755, acc: 21.57, bacc: 25.21, tmp_test_f1: 14.00, f1: 16.04
epoch: 262, val_loss:1.881754, acc: 21.57, bacc: 25.21, tmp_test_f1: 14.29, f1: 16.04
epoch: 263, val_loss:1.903780, acc: 21.57, bacc: 25.21, tmp_test_f1: 14.30, f1: 16.04
epoch: 264, val_loss:1.895663, acc: 21.57, bacc: 25.21, tmp_test_f1: 14.32, f1: 16.04
epoch: 265, val_loss:1.889939, acc: 21.57, bacc: 25.21, tmp_test_f1: 14.42, f1: 16.04
epoch: 266, val_loss:1.887489, acc: 21.57, bacc: 25.21, tmp_test_f1: 14.35, f1: 16.04
epoch: 267, val_loss:1.887340, acc: 21.57, bacc: 25.21, tmp_test_f1: 14.37, f1: 16.04
epoch: 268, val_loss:1.887334, acc: 21.57, bacc: 25.21, tmp_test_f1: 14.39, f1: 16.04
epoch: 269, val_loss:1.890845, acc: 21.57, bacc: 25.21, tmp_test_f1: 14.65, f1: 16.04
epoch: 270, val_loss:1.898572, acc: 21.57, bacc: 25.21, tmp_test_f1: 14.74, f1: 16.04
epoch: 271, val_loss:1.901906, acc: 21.57, bacc: 25.21, tmp_test_f1: 14.38, f1: 16.04
epoch: 272, val_loss:1.884301, acc: 21.57, bacc: 25.21, tmp_test_f1: 15.20, f1: 16.04
epoch: 273, val_loss:1.878069, acc: 21.57, bacc: 25.21, tmp_test_f1: 14.44, f1: 16.04
epoch: 274, val_loss:1.876834, acc: 21.57, bacc: 25.21, tmp_test_f1: 14.30, f1: 16.04
epoch: 275, val_loss:1.883997, acc: 21.57, bacc: 25.21, tmp_test_f1: 13.99, f1: 16.04
epoch: 276, val_loss:1.898238, acc: 21.57, bacc: 25.21, tmp_test_f1: 13.70, f1: 16.04
epoch: 277, val_loss:1.920629, acc: 21.57, bacc: 25.21, tmp_test_f1: 13.27, f1: 16.04
epoch: 278, val_loss:1.951623, acc: 21.57, bacc: 25.21, tmp_test_f1: 13.05, f1: 16.04
epoch: 279, val_loss:1.981755, acc: 21.57, bacc: 25.21, tmp_test_f1: 12.80, f1: 16.04
epoch: 280, val_loss:2.000092, acc: 21.57, bacc: 25.21, tmp_test_f1: 12.39, f1: 16.04
epoch: 281, val_loss:2.021213, acc: 21.57, bacc: 25.21, tmp_test_f1: 12.92, f1: 16.04
epoch: 282, val_loss:1.993401, acc: 21.57, bacc: 25.21, tmp_test_f1: 13.50, f1: 16.04
epoch: 283, val_loss:1.989833, acc: 21.57, bacc: 25.21, tmp_test_f1: 13.26, f1: 16.04
epoch: 284, val_loss:1.992162, acc: 21.57, bacc: 25.21, tmp_test_f1: 13.18, f1: 16.04
epoch: 285, val_loss:1.996538, acc: 21.57, bacc: 25.21, tmp_test_f1: 13.14, f1: 16.04
epoch: 286, val_loss:1.997354, acc: 21.57, bacc: 25.21, tmp_test_f1: 12.95, f1: 16.04
epoch: 287, val_loss:1.989230, acc: 21.57, bacc: 25.21, tmp_test_f1: 13.06, f1: 16.04
epoch: 288, val_loss:1.990507, acc: 21.57, bacc: 25.21, tmp_test_f1: 13.27, f1: 16.04
epoch: 289, val_loss:1.991346, acc: 21.57, bacc: 25.21, tmp_test_f1: 13.08, f1: 16.04
epoch: 290, val_loss:2.000281, acc: 21.57, bacc: 25.21, tmp_test_f1: 13.05, f1: 16.04
epoch: 291, val_loss:2.006750, acc: 21.57, bacc: 25.21, tmp_test_f1: 13.08, f1: 16.04
epoch: 292, val_loss:1.993562, acc: 21.57, bacc: 25.21, tmp_test_f1: 13.13, f1: 16.04
epoch: 293, val_loss:1.990070, acc: 21.57, bacc: 25.21, tmp_test_f1: 13.39, f1: 16.04
epoch: 294, val_loss:1.963178, acc: 21.57, bacc: 25.21, tmp_test_f1: 13.43, f1: 16.04
epoch: 295, val_loss:1.942831, acc: 21.57, bacc: 25.21, tmp_test_f1: 13.56, f1: 16.04
epoch: 296, val_loss:1.928025, acc: 21.57, bacc: 25.21, tmp_test_f1: 13.74, f1: 16.04
epoch: 297, val_loss:1.917365, acc: 21.57, bacc: 25.21, tmp_test_f1: 13.82, f1: 16.04
epoch: 298, val_loss:1.920142, acc: 21.57, bacc: 25.21, tmp_test_f1: 13.73, f1: 16.04
epoch: 299, val_loss:1.925837, acc: 21.57, bacc: 25.21, tmp_test_f1: 13.70, f1: 16.04
epoch: 300, val_loss:1.939983, acc: 21.57, bacc: 25.21, tmp_test_f1: 13.69, f1: 16.04
epoch: 301, val_loss:1.951027, acc: 21.57, bacc: 25.21, tmp_test_f1: 13.57, f1: 16.04
epoch: 302, val_loss:1.965240, acc: 21.57, bacc: 25.21, tmp_test_f1: 13.51, f1: 16.04
epoch: 303, val_loss:1.981310, acc: 21.57, bacc: 25.21, tmp_test_f1: 13.30, f1: 16.04
epoch: 304, val_loss:1.998335, acc: 21.57, bacc: 25.21, tmp_test_f1: 13.26, f1: 16.04
epoch: 305, val_loss:2.015990, acc: 21.57, bacc: 25.21, tmp_test_f1: 12.97, f1: 16.04
epoch: 306, val_loss:2.031878, acc: 21.57, bacc: 25.21, tmp_test_f1: 12.97, f1: 16.04
epoch: 307, val_loss:2.036241, acc: 21.57, bacc: 25.21, tmp_test_f1: 13.16, f1: 16.04
epoch: 308, val_loss:2.041946, acc: 21.57, bacc: 25.21, tmp_test_f1: 13.18, f1: 16.04
epoch: 309, val_loss:2.046956, acc: 21.57, bacc: 25.21, tmp_test_f1: 13.36, f1: 16.04
epoch: 310, val_loss:2.038205, acc: 21.57, bacc: 25.21, tmp_test_f1: 13.59, f1: 16.04
epoch: 311, val_loss:2.002511, acc: 21.57, bacc: 25.21, tmp_test_f1: 13.67, f1: 16.04
epoch: 312, val_loss:1.981019, acc: 21.57, bacc: 25.21, tmp_test_f1: 13.42, f1: 16.04
epoch: 313, val_loss:1.968688, acc: 21.57, bacc: 25.21, tmp_test_f1: 13.60, f1: 16.04
epoch: 314, val_loss:1.965280, acc: 21.57, bacc: 25.21, tmp_test_f1: 13.56, f1: 16.04
epoch: 315, val_loss:1.968232, acc: 21.57, bacc: 25.21, tmp_test_f1: 13.45, f1: 16.04
epoch: 316, val_loss:1.978626, acc: 21.57, bacc: 25.21, tmp_test_f1: 13.60, f1: 16.04
epoch: 317, val_loss:1.994818, acc: 21.57, bacc: 25.21, tmp_test_f1: 13.13, f1: 16.04
epoch: 318, val_loss:2.020566, acc: 21.57, bacc: 25.21, tmp_test_f1: 12.55, f1: 16.04
epoch: 319, val_loss:2.052891, acc: 21.57, bacc: 25.21, tmp_test_f1: 12.27, f1: 16.04
epoch: 320, val_loss:2.093324, acc: 21.57, bacc: 25.21, tmp_test_f1: 12.05, f1: 16.04
epoch: 321, val_loss:2.120832, acc: 21.57, bacc: 25.21, tmp_test_f1: 13.18, f1: 16.04
epoch: 322, val_loss:2.068669, acc: 21.57, bacc: 25.21, tmp_test_f1: 13.49, f1: 16.04
epoch: 323, val_loss:2.038143, acc: 21.57, bacc: 25.21, tmp_test_f1: 13.78, f1: 16.04
epoch: 324, val_loss:1.979339, acc: 21.57, bacc: 25.21, tmp_test_f1: 12.76, f1: 16.04
epoch: 325, val_loss:1.939358, acc: 21.57, bacc: 25.21, tmp_test_f1: 12.01, f1: 16.04
epoch: 326, val_loss:1.928430, acc: 21.57, bacc: 25.21, tmp_test_f1: 11.52, f1: 16.04
epoch: 327, val_loss:1.922598, acc: 21.57, bacc: 25.21, tmp_test_f1: 12.13, f1: 16.04
epoch: 328, val_loss:1.918329, acc: 21.57, bacc: 25.21, tmp_test_f1: 13.90, f1: 16.04
epoch: 329, val_loss:1.927382, acc: 21.57, bacc: 25.21, tmp_test_f1: 14.55, f1: 16.04
epoch: 330, val_loss:1.949794, acc: 21.57, bacc: 25.21, tmp_test_f1: 14.10, f1: 16.04
epoch: 331, val_loss:1.994603, acc: 21.57, bacc: 25.21, tmp_test_f1: 13.33, f1: 16.04
epoch: 332, val_loss:2.067431, acc: 21.57, bacc: 25.21, tmp_test_f1: 12.16, f1: 16.04
epoch: 333, val_loss:2.157099, acc: 21.57, bacc: 25.21, tmp_test_f1: 11.56, f1: 16.04
epoch: 334, val_loss:2.244690, acc: 21.57, bacc: 25.21, tmp_test_f1: 13.03, f1: 16.04
epoch: 335, val_loss:2.084141, acc: 21.57, bacc: 25.21, tmp_test_f1: 13.28, f1: 16.04
epoch: 336, val_loss:1.998720, acc: 21.57, bacc: 25.21, tmp_test_f1: 14.10, f1: 16.04
epoch: 337, val_loss:1.942112, acc: 21.57, bacc: 25.21, tmp_test_f1: 13.23, f1: 16.04
epoch: 338, val_loss:1.911964, acc: 21.57, bacc: 25.21, tmp_test_f1: 12.65, f1: 16.04
epoch: 339, val_loss:1.894452, acc: 21.57, bacc: 25.21, tmp_test_f1: 11.95, f1: 16.04
epoch: 340, val_loss:1.892010, acc: 21.57, bacc: 25.21, tmp_test_f1: 11.84, f1: 16.04
epoch: 341, val_loss:1.896795, acc: 21.57, bacc: 25.21, tmp_test_f1: 12.16, f1: 16.04
epoch: 342, val_loss:1.903651, acc: 21.57, bacc: 25.21, tmp_test_f1: 12.81, f1: 16.04
epoch: 343, val_loss:1.914839, acc: 21.57, bacc: 25.21, tmp_test_f1: 13.24, f1: 16.04
epoch: 344, val_loss:1.928749, acc: 21.57, bacc: 25.21, tmp_test_f1: 12.96, f1: 16.04
epoch: 345, val_loss:1.948519, acc: 21.57, bacc: 25.21, tmp_test_f1: 13.05, f1: 16.04
epoch: 346, val_loss:1.973910, acc: 21.57, bacc: 25.21, tmp_test_f1: 12.89, f1: 16.04
epoch: 347, val_loss:2.007092, acc: 21.57, bacc: 25.21, tmp_test_f1: 12.16, f1: 16.04
epoch: 348, val_loss:2.044625, acc: 21.57, bacc: 25.21, tmp_test_f1: 11.32, f1: 16.04
epoch: 349, val_loss:2.081608, acc: 21.57, bacc: 25.21, tmp_test_f1: 10.46, f1: 16.04
epoch: 350, val_loss:2.116896, acc: 21.57, bacc: 25.21, tmp_test_f1: 10.02, f1: 16.04
epoch: 351, val_loss:2.141324, acc: 21.57, bacc: 25.21, tmp_test_f1: 10.10, f1: 16.04
epoch: 352, val_loss:2.140553, acc: 21.57, bacc: 25.21, tmp_test_f1: 10.39, f1: 16.04
epoch: 353, val_loss:2.116489, acc: 21.57, bacc: 25.21, tmp_test_f1: 10.82, f1: 16.04
epoch: 354, val_loss:2.093522, acc: 21.57, bacc: 25.21, tmp_test_f1: 11.33, f1: 16.04
epoch: 355, val_loss:2.067990, acc: 21.57, bacc: 25.21, tmp_test_f1: 11.77, f1: 16.04
epoch: 356, val_loss:2.045160, acc: 21.57, bacc: 25.21, tmp_test_f1: 12.44, f1: 16.04
epoch: 357, val_loss:2.025534, acc: 21.57, bacc: 25.21, tmp_test_f1: 12.65, f1: 16.04
epoch: 358, val_loss:2.009670, acc: 21.57, bacc: 25.21, tmp_test_f1: 12.80, f1: 16.04
epoch: 359, val_loss:1.996010, acc: 21.57, bacc: 25.21, tmp_test_f1: 12.93, f1: 16.04
epoch: 360, val_loss:1.985188, acc: 21.57, bacc: 25.21, tmp_test_f1: 12.94, f1: 16.04
epoch: 361, val_loss:1.976653, acc: 21.57, bacc: 25.21, tmp_test_f1: 12.93, f1: 16.04
epoch: 362, val_loss:1.972510, acc: 21.57, bacc: 25.21, tmp_test_f1: 12.83, f1: 16.04
epoch: 363, val_loss:1.971813, acc: 21.57, bacc: 25.21, tmp_test_f1: 12.68, f1: 16.04
epoch: 364, val_loss:1.971222, acc: 21.57, bacc: 25.21, tmp_test_f1: 12.64, f1: 16.04
epoch: 365, val_loss:1.974098, acc: 21.57, bacc: 25.21, tmp_test_f1: 12.39, f1: 16.04
epoch: 366, val_loss:1.981384, acc: 21.57, bacc: 25.21, tmp_test_f1: 12.32, f1: 16.04
epoch: 367, val_loss:1.985340, acc: 21.57, bacc: 25.21, tmp_test_f1: 12.14, f1: 16.04
epoch: 368, val_loss:1.989783, acc: 21.57, bacc: 25.21, tmp_test_f1: 11.95, f1: 16.04
epoch: 369, val_loss:1.991255, acc: 21.57, bacc: 25.21, tmp_test_f1: 11.96, f1: 16.04
epoch: 370, val_loss:1.987033, acc: 21.57, bacc: 25.21, tmp_test_f1: 12.09, f1: 16.04
epoch: 371, val_loss:1.978228, acc: 21.57, bacc: 25.21, tmp_test_f1: 12.28, f1: 16.04
epoch: 372, val_loss:1.968362, acc: 21.57, bacc: 25.21, tmp_test_f1: 12.39, f1: 16.04
epoch: 373, val_loss:1.957871, acc: 21.57, bacc: 25.21, tmp_test_f1: 12.40, f1: 16.04
epoch: 374, val_loss:1.949114, acc: 21.57, bacc: 25.21, tmp_test_f1: 12.38, f1: 16.04
epoch: 375, val_loss:1.945880, acc: 21.57, bacc: 25.21, tmp_test_f1: 12.35, f1: 16.04
epoch: 376, val_loss:1.948232, acc: 21.57, bacc: 25.21, tmp_test_f1: 12.29, f1: 16.04
epoch: 377, val_loss:1.952458, acc: 21.57, bacc: 25.21, tmp_test_f1: 12.07, f1: 16.04
epoch: 378, val_loss:1.961887, acc: 21.57, bacc: 25.21, tmp_test_f1: 12.01, f1: 16.04
epoch: 379, val_loss:1.971753, acc: 21.57, bacc: 25.21, tmp_test_f1: 12.24, f1: 16.04
epoch: 380, val_loss:1.948714, acc: 21.57, bacc: 25.21, tmp_test_f1: 13.07, f1: 16.04
epoch: 381, val_loss:1.920146, acc: 21.57, bacc: 25.21, tmp_test_f1: 13.40, f1: 16.04
epoch: 382, val_loss:1.913017, acc: 21.57, bacc: 25.21, tmp_test_f1: 13.37, f1: 16.04
epoch: 383, val_loss:1.914463, acc: 21.57, bacc: 25.21, tmp_test_f1: 13.25, f1: 16.04
epoch: 384, val_loss:1.917077, acc: 21.57, bacc: 25.21, tmp_test_f1: 13.04, f1: 16.04
epoch: 385, val_loss:1.922983, acc: 21.57, bacc: 25.21, tmp_test_f1: 12.74, f1: 16.04
epoch: 386, val_loss:1.933414, acc: 21.57, bacc: 25.21, tmp_test_f1: 12.63, f1: 16.04
epoch: 387, val_loss:1.950286, acc: 21.57, bacc: 25.21, tmp_test_f1: 12.14, f1: 16.04
epoch: 388, val_loss:1.980030, acc: 21.57, bacc: 25.21, tmp_test_f1: 12.01, f1: 16.04
epoch: 389, val_loss:2.014282, acc: 21.57, bacc: 25.21, tmp_test_f1: 11.83, f1: 16.04
epoch: 390, val_loss:2.029942, acc: 21.57, bacc: 25.21, tmp_test_f1: 12.07, f1: 16.04
epoch: 391, val_loss:1.997323, acc: 21.57, bacc: 25.21, tmp_test_f1: 12.37, f1: 16.04
epoch: 392, val_loss:1.973664, acc: 21.57, bacc: 25.21, tmp_test_f1: 12.75, f1: 16.04
epoch: 393, val_loss:1.955917, acc: 21.57, bacc: 25.21, tmp_test_f1: 12.83, f1: 16.04
epoch: 394, val_loss:1.948709, acc: 21.57, bacc: 25.21, tmp_test_f1: 12.83, f1: 16.04
epoch: 395, val_loss:1.936033, acc: 21.57, bacc: 25.21, tmp_test_f1: 12.98, f1: 16.04
epoch: 396, val_loss:1.932224, acc: 21.57, bacc: 25.21, tmp_test_f1: 12.71, f1: 16.04
epoch: 397, val_loss:1.934658, acc: 21.57, bacc: 25.21, tmp_test_f1: 12.82, f1: 16.04
epoch: 398, val_loss:1.939682, acc: 21.57, bacc: 25.21, tmp_test_f1: 12.80, f1: 16.04
epoch: 399, val_loss:1.949997, acc: 21.57, bacc: 25.21, tmp_test_f1: 12.73, f1: 16.04
epoch: 400, val_loss:1.955239, acc: 21.57, bacc: 25.21, tmp_test_f1: 12.77, f1: 16.04
epoch: 401, val_loss:1.972491, acc: 21.57, bacc: 25.21, tmp_test_f1: 12.41, f1: 16.04
epoch: 402, val_loss:1.993913, acc: 21.57, bacc: 25.21, tmp_test_f1: 12.19, f1: 16.04
epoch: 403, val_loss:2.018275, acc: 21.57, bacc: 25.21, tmp_test_f1: 12.03, f1: 16.04
epoch: 404, val_loss:2.044004, acc: 21.57, bacc: 25.21, tmp_test_f1: 11.55, f1: 16.04
epoch: 405, val_loss:2.075157, acc: 21.57, bacc: 25.21, tmp_test_f1: 11.26, f1: 16.04
epoch: 406, val_loss:2.092187, acc: 21.57, bacc: 25.21, tmp_test_f1: 11.16, f1: 16.04
epoch: 407, val_loss:2.100307, acc: 21.57, bacc: 25.21, tmp_test_f1: 11.30, f1: 16.04
Epoch 00408: reducing learning rate of group 0 to 5.0000e-02.
epoch: 408, val_loss:2.097820, acc: 21.57, bacc: 25.21, tmp_test_f1: 11.73, f1: 16.04
epoch: 409, val_loss:2.075641, acc: 21.57, bacc: 25.21, tmp_test_f1: 11.95, f1: 16.04
epoch: 410, val_loss:2.056519, acc: 21.57, bacc: 25.21, tmp_test_f1: 12.07, f1: 16.04
epoch: 411, val_loss:2.034453, acc: 21.57, bacc: 25.21, tmp_test_f1: 12.14, f1: 16.04
epoch: 412, val_loss:2.017447, acc: 21.57, bacc: 25.21, tmp_test_f1: 12.32, f1: 16.04
epoch: 413, val_loss:2.003809, acc: 21.57, bacc: 25.21, tmp_test_f1: 12.65, f1: 16.04
epoch: 414, val_loss:1.994538, acc: 21.57, bacc: 25.21, tmp_test_f1: 12.70, f1: 16.04
epoch: 415, val_loss:1.985541, acc: 21.57, bacc: 25.21, tmp_test_f1: 12.85, f1: 16.04
epoch: 416, val_loss:1.977847, acc: 21.57, bacc: 25.21, tmp_test_f1: 12.92, f1: 16.04
epoch: 417, val_loss:1.975875, acc: 21.57, bacc: 25.21, tmp_test_f1: 12.92, f1: 16.04
epoch: 418, val_loss:1.975923, acc: 21.57, bacc: 25.21, tmp_test_f1: 12.91, f1: 16.04
epoch: 419, val_loss:1.977064, acc: 21.57, bacc: 25.21, tmp_test_f1: 12.66, f1: 16.04
epoch: 420, val_loss:1.979516, acc: 21.57, bacc: 25.21, tmp_test_f1: 12.69, f1: 16.04
epoch: 421, val_loss:1.984747, acc: 21.57, bacc: 25.21, tmp_test_f1: 12.64, f1: 16.04
epoch: 422, val_loss:1.991464, acc: 21.57, bacc: 25.21, tmp_test_f1: 12.50, f1: 16.04
epoch: 423, val_loss:2.000223, acc: 21.57, bacc: 25.21, tmp_test_f1: 12.42, f1: 16.04
epoch: 424, val_loss:2.007176, acc: 21.57, bacc: 25.21, tmp_test_f1: 12.31, f1: 16.04
epoch: 425, val_loss:2.015322, acc: 21.57, bacc: 25.21, tmp_test_f1: 12.24, f1: 16.04
epoch: 426, val_loss:2.024163, acc: 21.57, bacc: 25.21, tmp_test_f1: 12.17, f1: 16.04
epoch: 427, val_loss:2.030835, acc: 21.57, bacc: 25.21, tmp_test_f1: 12.25, f1: 16.04
epoch: 428, val_loss:2.034582, acc: 21.57, bacc: 25.21, tmp_test_f1: 12.24, f1: 16.04
epoch: 429, val_loss:2.037243, acc: 21.57, bacc: 25.21, tmp_test_f1: 12.16, f1: 16.04
epoch: 430, val_loss:2.039462, acc: 21.57, bacc: 25.21, tmp_test_f1: 12.13, f1: 16.04
epoch: 431, val_loss:2.048174, acc: 21.57, bacc: 25.21, tmp_test_f1: 11.92, f1: 16.04
epoch: 432, val_loss:2.058226, acc: 21.57, bacc: 25.21, tmp_test_f1: 12.14, f1: 16.04
epoch: 433, val_loss:2.038050, acc: 21.57, bacc: 25.21, tmp_test_f1: 12.33, f1: 16.04
epoch: 434, val_loss:2.020139, acc: 21.57, bacc: 25.21, tmp_test_f1: 12.86, f1: 16.04
epoch: 435, val_loss:1.989038, acc: 21.57, bacc: 25.21, tmp_test_f1: 13.01, f1: 16.04
epoch: 436, val_loss:1.967082, acc: 21.57, bacc: 25.21, tmp_test_f1: 12.89, f1: 16.04
epoch: 437, val_loss:1.948762, acc: 21.57, bacc: 25.21, tmp_test_f1: 13.17, f1: 16.04
epoch: 438, val_loss:1.934890, acc: 21.57, bacc: 25.21, tmp_test_f1: 13.39, f1: 16.04
epoch: 439, val_loss:1.926950, acc: 21.57, bacc: 25.21, tmp_test_f1: 13.17, f1: 16.04
epoch: 440, val_loss:1.924186, acc: 21.57, bacc: 25.21, tmp_test_f1: 13.29, f1: 16.04
epoch: 441, val_loss:1.924890, acc: 21.57, bacc: 25.21, tmp_test_f1: 13.08, f1: 16.04
epoch: 442, val_loss:1.927913, acc: 21.57, bacc: 25.21, tmp_test_f1: 12.91, f1: 16.04
epoch: 443, val_loss:1.934495, acc: 21.57, bacc: 25.21, tmp_test_f1: 12.66, f1: 16.04
epoch: 444, val_loss:1.944492, acc: 21.57, bacc: 25.21, tmp_test_f1: 12.58, f1: 16.04
epoch: 445, val_loss:1.961362, acc: 21.57, bacc: 25.21, tmp_test_f1: 12.36, f1: 16.04
epoch: 446, val_loss:1.973490, acc: 21.57, bacc: 25.21, tmp_test_f1: 12.71, f1: 16.04
epoch: 447, val_loss:1.971981, acc: 21.57, bacc: 25.21, tmp_test_f1: 12.53, f1: 16.04
epoch: 448, val_loss:1.974176, acc: 21.57, bacc: 25.21, tmp_test_f1: 12.54, f1: 16.04
epoch: 449, val_loss:1.976152, acc: 21.57, bacc: 25.21, tmp_test_f1: 12.60, f1: 16.04
epoch: 450, val_loss:1.980320, acc: 21.57, bacc: 25.21, tmp_test_f1: 12.55, f1: 16.04
epoch: 451, val_loss:1.986035, acc: 21.57, bacc: 25.21, tmp_test_f1: 12.55, f1: 16.04
epoch: 452, val_loss:1.990232, acc: 21.57, bacc: 25.21, tmp_test_f1: 12.58, f1: 16.04
epoch: 453, val_loss:1.992577, acc: 21.57, bacc: 25.21, tmp_test_f1: 12.59, f1: 16.04
epoch: 454, val_loss:1.994472, acc: 21.57, bacc: 25.21, tmp_test_f1: 12.54, f1: 16.04
epoch: 455, val_loss:2.000228, acc: 21.57, bacc: 25.21, tmp_test_f1: 12.71, f1: 16.04
epoch: 456, val_loss:2.011171, acc: 21.57, bacc: 25.21, tmp_test_f1: 13.02, f1: 16.04
epoch: 457, val_loss:2.019703, acc: 21.57, bacc: 25.21, tmp_test_f1: 13.14, f1: 16.04
epoch: 458, val_loss:2.023883, acc: 21.57, bacc: 25.21, tmp_test_f1: 12.96, f1: 16.04
epoch: 459, val_loss:2.028906, acc: 21.57, bacc: 25.21, tmp_test_f1: 12.88, f1: 16.04
epoch: 460, val_loss:2.034082, acc: 21.57, bacc: 25.21, tmp_test_f1: 12.73, f1: 16.04
epoch: 461, val_loss:2.036338, acc: 21.57, bacc: 25.21, tmp_test_f1: 12.73, f1: 16.04
epoch: 462, val_loss:2.033389, acc: 21.57, bacc: 25.21, tmp_test_f1: 12.74, f1: 16.04
epoch: 463, val_loss:2.036642, acc: 21.57, bacc: 25.21, tmp_test_f1: 12.77, f1: 16.04
epoch: 464, val_loss:2.039782, acc: 21.57, bacc: 25.21, tmp_test_f1: 12.81, f1: 16.04
epoch: 465, val_loss:2.043113, acc: 21.57, bacc: 25.21, tmp_test_f1: 12.83, f1: 16.04
epoch: 466, val_loss:2.046629, acc: 21.57, bacc: 25.21, tmp_test_f1: 12.96, f1: 16.04
epoch: 467, val_loss:2.040244, acc: 21.57, bacc: 25.21, tmp_test_f1: 13.08, f1: 16.04
epoch: 468, val_loss:2.023062, acc: 21.57, bacc: 25.21, tmp_test_f1: 13.18, f1: 16.04
epoch: 469, val_loss:2.010455, acc: 21.57, bacc: 25.21, tmp_test_f1: 12.95, f1: 16.04
epoch: 470, val_loss:2.004171, acc: 21.57, bacc: 25.21, tmp_test_f1: 13.00, f1: 16.04
epoch: 471, val_loss:2.001014, acc: 21.57, bacc: 25.21, tmp_test_f1: 12.99, f1: 16.04
epoch: 472, val_loss:2.000347, acc: 21.57, bacc: 25.21, tmp_test_f1: 13.05, f1: 16.04
epoch: 473, val_loss:2.003715, acc: 21.57, bacc: 25.21, tmp_test_f1: 13.15, f1: 16.04
epoch: 474, val_loss:2.011865, acc: 21.57, bacc: 25.21, tmp_test_f1: 13.20, f1: 16.04
epoch: 475, val_loss:2.018908, acc: 21.57, bacc: 25.21, tmp_test_f1: 13.09, f1: 16.04
epoch: 476, val_loss:2.027008, acc: 21.57, bacc: 25.21, tmp_test_f1: 12.94, f1: 16.04
epoch: 477, val_loss:2.035258, acc: 21.57, bacc: 25.21, tmp_test_f1: 12.79, f1: 16.04
epoch: 478, val_loss:2.047072, acc: 21.57, bacc: 25.21, tmp_test_f1: 13.02, f1: 16.04
epoch: 479, val_loss:2.046173, acc: 21.57, bacc: 25.21, tmp_test_f1: 13.00, f1: 16.04
epoch: 480, val_loss:2.042663, acc: 21.57, bacc: 25.21, tmp_test_f1: 12.97, f1: 16.04
epoch: 481, val_loss:2.033501, acc: 21.57, bacc: 25.21, tmp_test_f1: 13.01, f1: 16.04
epoch: 482, val_loss:2.026073, acc: 21.57, bacc: 25.21, tmp_test_f1: 13.16, f1: 16.04
epoch: 483, val_loss:2.018025, acc: 21.57, bacc: 25.21, tmp_test_f1: 13.26, f1: 16.04
epoch: 484, val_loss:2.010328, acc: 21.57, bacc: 25.21, tmp_test_f1: 13.27, f1: 16.04
epoch: 485, val_loss:2.001086, acc: 21.57, bacc: 25.21, tmp_test_f1: 13.37, f1: 16.04
epoch: 486, val_loss:1.993629, acc: 21.57, bacc: 25.21, tmp_test_f1: 13.28, f1: 16.04
epoch: 487, val_loss:1.994121, acc: 21.57, bacc: 25.21, tmp_test_f1: 13.13, f1: 16.04
epoch: 488, val_loss:1.999588, acc: 21.57, bacc: 25.21, tmp_test_f1: 12.99, f1: 16.04
epoch: 489, val_loss:2.005585, acc: 21.57, bacc: 25.21, tmp_test_f1: 12.80, f1: 16.04
epoch: 490, val_loss:2.012075, acc: 21.57, bacc: 25.21, tmp_test_f1: 12.59, f1: 16.04
epoch: 491, val_loss:2.023134, acc: 21.57, bacc: 25.21, tmp_test_f1: 12.64, f1: 16.04
epoch: 492, val_loss:2.037958, acc: 21.57, bacc: 25.21, tmp_test_f1: 12.48, f1: 16.04
epoch: 493, val_loss:2.048832, acc: 21.57, bacc: 25.21, tmp_test_f1: 12.45, f1: 16.04
epoch: 494, val_loss:2.049222, acc: 21.57, bacc: 25.21, tmp_test_f1: 12.59, f1: 16.04
epoch: 495, val_loss:2.037899, acc: 21.57, bacc: 25.21, tmp_test_f1: 12.67, f1: 16.04
epoch: 496, val_loss:2.030768, acc: 21.57, bacc: 25.21, tmp_test_f1: 12.73, f1: 16.04
epoch: 497, val_loss:2.026088, acc: 21.57, bacc: 25.21, tmp_test_f1: 12.85, f1: 16.04
epoch: 498, val_loss:2.025841, acc: 21.57, bacc: 25.21, tmp_test_f1: 12.73, f1: 16.04
epoch: 499, val_loss:2.031085, acc: 21.57, bacc: 25.21, tmp_test_f1: 12.72, f1: 16.04
epoch: 500, val_loss:2.026162, acc: 21.57, bacc: 25.21, tmp_test_f1: 13.02, f1: 16.04
epoch: 501, val_loss:2.013068, acc: 21.57, bacc: 25.21, tmp_test_f1: 12.98, f1: 16.04
epoch: 502, val_loss:2.004756, acc: 21.57, bacc: 25.21, tmp_test_f1: 12.88, f1: 16.04
epoch: 503, val_loss:1.997953, acc: 21.57, bacc: 25.21, tmp_test_f1: 13.07, f1: 16.04
epoch: 504, val_loss:1.994121, acc: 21.57, bacc: 25.21, tmp_test_f1: 13.02, f1: 16.04
epoch: 505, val_loss:1.992713, acc: 21.57, bacc: 25.21, tmp_test_f1: 13.06, f1: 16.04
epoch: 506, val_loss:1.990993, acc: 21.57, bacc: 25.21, tmp_test_f1: 13.07, f1: 16.04
epoch: 507, val_loss:1.987521, acc: 21.57, bacc: 25.21, tmp_test_f1: 13.28, f1: 16.04
epoch: 508, val_loss:1.966489, acc: 21.57, bacc: 25.21, tmp_test_f1: 13.29, f1: 16.04
epoch: 509, val_loss:1.948953, acc: 21.57, bacc: 25.21, tmp_test_f1: 13.27, f1: 16.04
epoch: 510, val_loss:1.943031, acc: 21.57, bacc: 25.21, tmp_test_f1: 13.09, f1: 16.04
epoch: 511, val_loss:1.942190, acc: 21.57, bacc: 25.21, tmp_test_f1: 12.94, f1: 16.04
epoch: 512, val_loss:1.955634, acc: 21.57, bacc: 25.21, tmp_test_f1: 12.68, f1: 16.04
epoch: 513, val_loss:1.984400, acc: 21.57, bacc: 25.21, tmp_test_f1: 12.36, f1: 16.04
epoch: 514, val_loss:2.007670, acc: 21.57, bacc: 25.21, tmp_test_f1: 12.84, f1: 16.04
epoch: 515, val_loss:1.968621, acc: 21.57, bacc: 25.21, tmp_test_f1: 13.13, f1: 16.04
epoch: 516, val_loss:1.943184, acc: 21.57, bacc: 25.21, tmp_test_f1: 13.20, f1: 16.04
epoch: 517, val_loss:1.931417, acc: 21.57, bacc: 25.21, tmp_test_f1: 13.15, f1: 16.04
epoch: 518, val_loss:1.927041, acc: 21.57, bacc: 25.21, tmp_test_f1: 13.23, f1: 16.04
epoch: 519, val_loss:1.922999, acc: 21.57, bacc: 25.21, tmp_test_f1: 13.17, f1: 16.04
epoch: 520, val_loss:1.924685, acc: 21.57, bacc: 25.21, tmp_test_f1: 13.01, f1: 16.04
epoch: 521, val_loss:1.929427, acc: 21.57, bacc: 25.21, tmp_test_f1: 13.02, f1: 16.04
epoch: 522, val_loss:1.936318, acc: 21.57, bacc: 25.21, tmp_test_f1: 13.00, f1: 16.04
epoch: 523, val_loss:1.939050, acc: 21.57, bacc: 25.21, tmp_test_f1: 12.99, f1: 16.04
epoch: 524, val_loss:1.940577, acc: 21.57, bacc: 25.21, tmp_test_f1: 12.95, f1: 16.04
epoch: 525, val_loss:1.944844, acc: 21.57, bacc: 25.21, tmp_test_f1: 12.77, f1: 16.04
epoch: 526, val_loss:1.954821, acc: 21.57, bacc: 25.21, tmp_test_f1: 12.71, f1: 16.04
epoch: 527, val_loss:1.959171, acc: 21.57, bacc: 25.21, tmp_test_f1: 12.51, f1: 16.04
epoch: 528, val_loss:1.967658, acc: 21.57, bacc: 25.21, tmp_test_f1: 12.74, f1: 16.04
epoch: 529, val_loss:1.941645, acc: 21.57, bacc: 25.21, tmp_test_f1: 12.74, f1: 16.04
epoch: 530, val_loss:1.926747, acc: 21.57, bacc: 25.21, tmp_test_f1: 12.73, f1: 16.04
epoch: 531, val_loss:1.922231, acc: 21.57, bacc: 25.21, tmp_test_f1: 12.67, f1: 16.04
epoch: 532, val_loss:1.925506, acc: 21.57, bacc: 25.21, tmp_test_f1: 12.53, f1: 16.04
epoch: 533, val_loss:1.932837, acc: 21.57, bacc: 25.21, tmp_test_f1: 12.47, f1: 16.04
epoch: 534, val_loss:1.950094, acc: 21.57, bacc: 25.21, tmp_test_f1: 12.42, f1: 16.04
epoch: 535, val_loss:1.980602, acc: 21.57, bacc: 25.21, tmp_test_f1: 11.66, f1: 16.04
epoch: 536, val_loss:2.022243, acc: 21.57, bacc: 25.21, tmp_test_f1: 11.26, f1: 16.04
epoch: 537, val_loss:2.077787, acc: 21.57, bacc: 25.21, tmp_test_f1: 11.11, f1: 16.04
epoch: 538, val_loss:2.113657, acc: 21.57, bacc: 25.21, tmp_test_f1: 11.13, f1: 16.04
epoch: 539, val_loss:2.139850, acc: 21.57, bacc: 25.21, tmp_test_f1: 11.09, f1: 16.04
epoch: 540, val_loss:2.140570, acc: 21.57, bacc: 25.21, tmp_test_f1: 11.46, f1: 16.04
epoch: 541, val_loss:2.136240, acc: 21.57, bacc: 25.21, tmp_test_f1: 11.33, f1: 16.04
epoch: 542, val_loss:2.130698, acc: 21.57, bacc: 25.21, tmp_test_f1: 11.31, f1: 16.04
epoch: 543, val_loss:2.140106, acc: 21.57, bacc: 25.21, tmp_test_f1: 11.44, f1: 16.04
epoch: 544, val_loss:2.147876, acc: 21.57, bacc: 25.21, tmp_test_f1: 11.66, f1: 16.04
epoch: 545, val_loss:2.119770, acc: 21.57, bacc: 25.21, tmp_test_f1: 11.94, f1: 16.04
epoch: 546, val_loss:2.079649, acc: 21.57, bacc: 25.21, tmp_test_f1: 12.37, f1: 16.04
epoch: 547, val_loss:2.050371, acc: 21.57, bacc: 25.21, tmp_test_f1: 12.54, f1: 16.04
epoch: 548, val_loss:2.038019, acc: 21.57, bacc: 25.21, tmp_test_f1: 12.37, f1: 16.04
epoch: 549, val_loss:2.038502, acc: 21.57, bacc: 25.21, tmp_test_f1: 12.47, f1: 16.04
epoch: 550, val_loss:2.038505, acc: 21.57, bacc: 25.21, tmp_test_f1: 12.31, f1: 16.04
epoch: 551, val_loss:2.044898, acc: 21.57, bacc: 25.21, tmp_test_f1: 12.24, f1: 16.04
epoch: 552, val_loss:2.058231, acc: 21.57, bacc: 25.21, tmp_test_f1: 12.84, f1: 16.04
epoch: 553, val_loss:2.023548, acc: 21.57, bacc: 25.21, tmp_test_f1: 13.37, f1: 16.04
epoch: 554, val_loss:2.002906, acc: 21.57, bacc: 25.21, tmp_test_f1: 13.26, f1: 16.04
epoch: 555, val_loss:1.992820, acc: 21.57, bacc: 25.21, tmp_test_f1: 12.94, f1: 16.04
epoch: 556, val_loss:1.986454, acc: 21.57, bacc: 25.21, tmp_test_f1: 13.01, f1: 16.04
epoch: 557, val_loss:1.983698, acc: 21.57, bacc: 25.21, tmp_test_f1: 12.97, f1: 16.04
epoch: 558, val_loss:1.958218, acc: 21.57, bacc: 25.21, tmp_test_f1: 12.75, f1: 16.04
epoch: 559, val_loss:1.949055, acc: 21.57, bacc: 25.21, tmp_test_f1: 12.62, f1: 16.04
epoch: 560, val_loss:1.954300, acc: 21.57, bacc: 25.21, tmp_test_f1: 12.50, f1: 16.04
epoch: 561, val_loss:1.959800, acc: 21.57, bacc: 25.21, tmp_test_f1: 12.23, f1: 16.04
epoch: 562, val_loss:1.969296, acc: 21.57, bacc: 25.21, tmp_test_f1: 12.10, f1: 16.04
epoch: 563, val_loss:1.978546, acc: 21.57, bacc: 25.21, tmp_test_f1: 11.70, f1: 16.04
epoch: 564, val_loss:1.999646, acc: 21.57, bacc: 25.21, tmp_test_f1: 12.11, f1: 16.04
epoch: 565, val_loss:2.008585, acc: 21.57, bacc: 25.21, tmp_test_f1: 12.08, f1: 16.04
epoch: 566, val_loss:1.984393, acc: 21.57, bacc: 25.21, tmp_test_f1: 12.58, f1: 16.04
epoch: 567, val_loss:1.970385, acc: 21.57, bacc: 25.21, tmp_test_f1: 12.81, f1: 16.04
epoch: 568, val_loss:1.968371, acc: 21.57, bacc: 25.21, tmp_test_f1: 12.89, f1: 16.04
epoch: 569, val_loss:1.969420, acc: 21.57, bacc: 25.21, tmp_test_f1: 12.63, f1: 16.04
epoch: 570, val_loss:1.977785, acc: 21.57, bacc: 25.21, tmp_test_f1: 12.70, f1: 16.04
epoch: 571, val_loss:1.992001, acc: 21.57, bacc: 25.21, tmp_test_f1: 12.57, f1: 16.04
epoch: 572, val_loss:1.997624, acc: 21.57, bacc: 25.21, tmp_test_f1: 12.49, f1: 16.04
epoch: 573, val_loss:2.002711, acc: 21.57, bacc: 25.21, tmp_test_f1: 12.14, f1: 16.04
epoch: 574, val_loss:2.010396, acc: 21.57, bacc: 25.21, tmp_test_f1: 11.69, f1: 16.04
epoch: 575, val_loss:2.020826, acc: 21.57, bacc: 25.21, tmp_test_f1: 11.64, f1: 16.04
epoch: 576, val_loss:2.026587, acc: 21.57, bacc: 25.21, tmp_test_f1: 12.16, f1: 16.04
epoch: 577, val_loss:1.997560, acc: 21.57, bacc: 25.21, tmp_test_f1: 12.40, f1: 16.04
epoch: 578, val_loss:1.978358, acc: 21.57, bacc: 25.21, tmp_test_f1: 12.54, f1: 16.04
epoch: 579, val_loss:1.963773, acc: 21.57, bacc: 25.21, tmp_test_f1: 12.52, f1: 16.04
epoch: 580, val_loss:1.958394, acc: 21.57, bacc: 25.21, tmp_test_f1: 12.42, f1: 16.04
epoch: 581, val_loss:1.957591, acc: 21.57, bacc: 25.21, tmp_test_f1: 12.37, f1: 16.04
epoch: 582, val_loss:1.965499, acc: 21.57, bacc: 25.21, tmp_test_f1: 11.91, f1: 16.04
epoch: 583, val_loss:1.984439, acc: 21.57, bacc: 25.21, tmp_test_f1: 11.61, f1: 16.04
epoch: 584, val_loss:2.009616, acc: 21.57, bacc: 25.21, tmp_test_f1: 11.78, f1: 16.04
epoch: 585, val_loss:2.046482, acc: 21.57, bacc: 25.21, tmp_test_f1: 11.33, f1: 16.04
epoch: 586, val_loss:2.080342, acc: 21.57, bacc: 25.21, tmp_test_f1: 11.47, f1: 16.04
epoch: 587, val_loss:2.076932, acc: 21.57, bacc: 25.21, tmp_test_f1: 11.70, f1: 16.04
epoch: 588, val_loss:2.058950, acc: 21.57, bacc: 25.21, tmp_test_f1: 11.64, f1: 16.04
epoch: 589, val_loss:2.040820, acc: 21.57, bacc: 25.21, tmp_test_f1: 11.81, f1: 16.04
epoch: 590, val_loss:2.030760, acc: 21.57, bacc: 25.21, tmp_test_f1: 11.99, f1: 16.04
epoch: 591, val_loss:2.030201, acc: 21.57, bacc: 25.21, tmp_test_f1: 12.07, f1: 16.04
epoch: 592, val_loss:2.024065, acc: 21.57, bacc: 25.21, tmp_test_f1: 12.30, f1: 16.04
epoch: 593, val_loss:2.014222, acc: 21.57, bacc: 25.21, tmp_test_f1: 12.22, f1: 16.04
epoch: 594, val_loss:2.008065, acc: 21.57, bacc: 25.21, tmp_test_f1: 12.31, f1: 16.04
epoch: 595, val_loss:2.015595, acc: 21.57, bacc: 25.21, tmp_test_f1: 12.18, f1: 16.04
epoch: 596, val_loss:2.036256, acc: 21.57, bacc: 25.21, tmp_test_f1: 11.81, f1: 16.04
epoch: 597, val_loss:2.068574, acc: 21.57, bacc: 25.21, tmp_test_f1: 11.69, f1: 16.04
epoch: 598, val_loss:2.081123, acc: 21.57, bacc: 25.21, tmp_test_f1: 11.75, f1: 16.04
epoch: 599, val_loss:2.085011, acc: 21.57, bacc: 25.21, tmp_test_f1: 11.65, f1: 16.04
epoch: 600, val_loss:2.086195, acc: 21.57, bacc: 25.21, tmp_test_f1: 11.59, f1: 16.04
epoch: 601, val_loss:2.060596, acc: 21.57, bacc: 25.21, tmp_test_f1: 11.77, f1: 16.04
epoch: 602, val_loss:2.044518, acc: 21.57, bacc: 25.21, tmp_test_f1: 11.77, f1: 16.04
epoch: 603, val_loss:2.041461, acc: 21.57, bacc: 25.21, tmp_test_f1: 11.66, f1: 16.04
epoch: 604, val_loss:2.050271, acc: 21.57, bacc: 25.21, tmp_test_f1: 11.65, f1: 16.04
epoch: 605, val_loss:2.065243, acc: 21.57, bacc: 25.21, tmp_test_f1: 11.69, f1: 16.04
epoch: 606, val_loss:2.069670, acc: 21.57, bacc: 25.21, tmp_test_f1: 11.74, f1: 16.04
epoch: 607, val_loss:2.078948, acc: 21.57, bacc: 25.21, tmp_test_f1: 11.69, f1: 16.04
epoch: 608, val_loss:2.075961, acc: 21.57, bacc: 25.21, tmp_test_f1: 11.68, f1: 16.04
Epoch 00609: reducing learning rate of group 0 to 2.5000e-02.
epoch: 609, val_loss:2.063055, acc: 21.57, bacc: 25.21, tmp_test_f1: 11.66, f1: 16.04
epoch: 610, val_loss:2.060595, acc: 21.57, bacc: 25.21, tmp_test_f1: 11.63, f1: 16.04
epoch: 611, val_loss:2.054068, acc: 21.57, bacc: 25.21, tmp_test_f1: 11.65, f1: 16.04
epoch: 612, val_loss:2.049904, acc: 21.57, bacc: 25.21, tmp_test_f1: 11.83, f1: 16.04
epoch: 613, val_loss:2.049164, acc: 21.57, bacc: 25.21, tmp_test_f1: 11.65, f1: 16.04
epoch: 614, val_loss:2.057970, acc: 21.57, bacc: 25.21, tmp_test_f1: 11.65, f1: 16.04
epoch: 615, val_loss:2.063333, acc: 21.57, bacc: 25.21, tmp_test_f1: 11.60, f1: 16.04
epoch: 616, val_loss:2.075032, acc: 21.57, bacc: 25.21, tmp_test_f1: 11.51, f1: 16.04
epoch: 617, val_loss:2.086296, acc: 21.57, bacc: 25.21, tmp_test_f1: 11.35, f1: 16.04
epoch: 618, val_loss:2.098401, acc: 21.57, bacc: 25.21, tmp_test_f1: 11.44, f1: 16.04
epoch: 619, val_loss:2.087751, acc: 21.57, bacc: 25.21, tmp_test_f1: 11.51, f1: 16.04
epoch: 620, val_loss:2.079410, acc: 21.57, bacc: 25.21, tmp_test_f1: 11.56, f1: 16.04
epoch: 621, val_loss:2.078492, acc: 21.57, bacc: 25.21, tmp_test_f1: 11.53, f1: 16.04
epoch: 622, val_loss:2.079397, acc: 21.57, bacc: 25.21, tmp_test_f1: 11.40, f1: 16.04
epoch: 623, val_loss:2.086398, acc: 21.57, bacc: 25.21, tmp_test_f1: 10.84, f1: 16.04
epoch: 624, val_loss:2.121593, acc: 21.57, bacc: 25.21, tmp_test_f1: 10.69, f1: 16.04
epoch: 625, val_loss:2.123196, acc: 21.57, bacc: 25.21, tmp_test_f1: 10.92, f1: 16.04
epoch: 626, val_loss:2.072930, acc: 21.57, bacc: 25.21, tmp_test_f1: 11.35, f1: 16.04
epoch: 627, val_loss:2.034058, acc: 21.57, bacc: 25.21, tmp_test_f1: 11.72, f1: 16.04
epoch: 628, val_loss:2.002286, acc: 21.57, bacc: 25.21, tmp_test_f1: 12.12, f1: 16.04
epoch: 629, val_loss:1.988631, acc: 21.57, bacc: 25.21, tmp_test_f1: 12.11, f1: 16.04
epoch: 630, val_loss:1.983504, acc: 21.57, bacc: 25.21, tmp_test_f1: 11.93, f1: 16.04
epoch: 631, val_loss:1.986823, acc: 21.57, bacc: 25.21, tmp_test_f1: 11.24, f1: 16.04
epoch: 632, val_loss:2.006453, acc: 21.57, bacc: 25.21, tmp_test_f1: 10.73, f1: 16.04
epoch: 633, val_loss:2.041657, acc: 21.57, bacc: 25.21, tmp_test_f1: 10.53, f1: 16.04
epoch: 634, val_loss:2.066841, acc: 21.57, bacc: 25.21, tmp_test_f1: 11.06, f1: 16.04
epoch: 635, val_loss:2.036266, acc: 21.57, bacc: 25.21, tmp_test_f1: 11.60, f1: 16.04
epoch: 636, val_loss:2.018437, acc: 21.57, bacc: 25.21, tmp_test_f1: 12.02, f1: 16.04
epoch: 637, val_loss:2.005955, acc: 21.57, bacc: 25.21, tmp_test_f1: 12.30, f1: 16.04
epoch: 638, val_loss:1.996189, acc: 21.57, bacc: 25.21, tmp_test_f1: 12.35, f1: 16.04
epoch: 639, val_loss:1.991765, acc: 21.57, bacc: 25.21, tmp_test_f1: 12.45, f1: 16.04
epoch: 640, val_loss:1.995527, acc: 21.57, bacc: 25.21, tmp_test_f1: 12.26, f1: 16.04
epoch: 641, val_loss:2.003865, acc: 21.57, bacc: 25.21, tmp_test_f1: 11.92, f1: 16.04
epoch: 642, val_loss:2.018035, acc: 21.57, bacc: 25.21, tmp_test_f1: 11.80, f1: 16.04
epoch: 643, val_loss:2.035249, acc: 21.57, bacc: 25.21, tmp_test_f1: 11.63, f1: 16.04
epoch: 644, val_loss:2.053303, acc: 21.57, bacc: 25.21, tmp_test_f1: 11.43, f1: 16.04
epoch: 645, val_loss:2.063896, acc: 21.57, bacc: 25.21, tmp_test_f1: 11.05, f1: 16.04
epoch: 646, val_loss:2.078103, acc: 21.57, bacc: 25.21, tmp_test_f1: 11.09, f1: 16.04
epoch: 647, val_loss:2.068776, acc: 21.57, bacc: 25.21, tmp_test_f1: 11.42, f1: 16.04
epoch: 648, val_loss:2.044060, acc: 21.57, bacc: 25.21, tmp_test_f1: 11.66, f1: 16.04
epoch: 649, val_loss:2.023105, acc: 21.57, bacc: 25.21, tmp_test_f1: 11.68, f1: 16.04
epoch: 650, val_loss:2.015973, acc: 21.57, bacc: 25.21, tmp_test_f1: 11.53, f1: 16.04
epoch: 651, val_loss:2.016392, acc: 21.57, bacc: 25.21, tmp_test_f1: 11.77, f1: 16.04
epoch: 652, val_loss:1.986968, acc: 21.57, bacc: 25.21, tmp_test_f1: 12.20, f1: 16.04
epoch: 653, val_loss:1.973521, acc: 21.57, bacc: 25.21, tmp_test_f1: 11.99, f1: 16.04
epoch: 654, val_loss:1.968819, acc: 21.57, bacc: 25.21, tmp_test_f1: 11.62, f1: 16.04
epoch: 655, val_loss:1.973598, acc: 21.57, bacc: 25.21, tmp_test_f1: 11.28, f1: 16.04
epoch: 656, val_loss:1.984760, acc: 21.57, bacc: 25.21, tmp_test_f1: 10.85, f1: 16.04
epoch: 657, val_loss:2.005317, acc: 21.57, bacc: 25.21, tmp_test_f1: 10.62, f1: 16.04
epoch: 658, val_loss:2.027705, acc: 21.57, bacc: 25.21, tmp_test_f1: 10.67, f1: 16.04
epoch: 659, val_loss:2.021700, acc: 21.57, bacc: 25.21, tmp_test_f1: 10.89, f1: 16.04
epoch: 660, val_loss:2.009346, acc: 21.57, bacc: 25.21, tmp_test_f1: 11.16, f1: 16.04
epoch: 661, val_loss:2.000352, acc: 21.57, bacc: 25.21, tmp_test_f1: 11.25, f1: 16.04
epoch: 662, val_loss:1.993792, acc: 21.57, bacc: 25.21, tmp_test_f1: 11.56, f1: 16.04
epoch: 663, val_loss:1.988169, acc: 21.57, bacc: 25.21, tmp_test_f1: 11.59, f1: 16.04
epoch: 664, val_loss:1.988857, acc: 21.57, bacc: 25.21, tmp_test_f1: 11.68, f1: 16.04
epoch: 665, val_loss:1.990422, acc: 21.57, bacc: 25.21, tmp_test_f1: 11.52, f1: 16.04
epoch: 666, val_loss:2.003083, acc: 21.57, bacc: 25.21, tmp_test_f1: 11.46, f1: 16.04
epoch: 667, val_loss:2.019264, acc: 21.57, bacc: 25.21, tmp_test_f1: 11.49, f1: 16.04
epoch: 668, val_loss:2.028480, acc: 21.57, bacc: 25.21, tmp_test_f1: 11.25, f1: 16.04
epoch: 669, val_loss:2.042184, acc: 21.57, bacc: 25.21, tmp_test_f1: 11.29, f1: 16.04
epoch: 670, val_loss:2.045160, acc: 21.57, bacc: 25.21, tmp_test_f1: 12.18, f1: 16.04
epoch: 671, val_loss:1.974642, acc: 21.57, bacc: 25.21, tmp_test_f1: 12.19, f1: 16.04
epoch: 672, val_loss:1.937339, acc: 21.57, bacc: 25.21, tmp_test_f1: 12.36, f1: 16.04
epoch: 673, val_loss:1.918635, acc: 21.57, bacc: 25.21, tmp_test_f1: 12.47, f1: 16.04
epoch: 674, val_loss:1.916679, acc: 21.57, bacc: 25.21, tmp_test_f1: 12.19, f1: 16.04
epoch: 675, val_loss:1.920880, acc: 21.57, bacc: 25.21, tmp_test_f1: 12.11, f1: 16.04
epoch: 676, val_loss:1.933862, acc: 21.57, bacc: 25.21, tmp_test_f1: 11.39, f1: 16.04
epoch: 677, val_loss:1.965617, acc: 21.57, bacc: 25.21, tmp_test_f1: 11.16, f1: 16.04
epoch: 678, val_loss:2.012888, acc: 21.57, bacc: 25.21, tmp_test_f1: 10.19, f1: 16.04
epoch: 679, val_loss:2.061610, acc: 21.57, bacc: 25.21, tmp_test_f1: 9.52, f1: 16.04
epoch: 680, val_loss:2.111471, acc: 21.57, bacc: 25.21, tmp_test_f1: 9.68, f1: 16.04
epoch: 681, val_loss:2.114912, acc: 21.57, bacc: 25.21, tmp_test_f1: 9.57, f1: 16.04
epoch: 682, val_loss:2.097664, acc: 21.57, bacc: 25.21, tmp_test_f1: 9.76, f1: 16.04
epoch: 683, val_loss:2.082775, acc: 21.57, bacc: 25.21, tmp_test_f1: 10.25, f1: 16.04
epoch: 684, val_loss:2.065129, acc: 21.57, bacc: 25.21, tmp_test_f1: 11.00, f1: 16.04
epoch: 685, val_loss:2.039048, acc: 21.57, bacc: 25.21, tmp_test_f1: 11.24, f1: 16.04
epoch: 686, val_loss:2.020203, acc: 21.57, bacc: 25.21, tmp_test_f1: 11.56, f1: 16.04
epoch: 687, val_loss:2.008255, acc: 21.57, bacc: 25.21, tmp_test_f1: 11.80, f1: 16.04
epoch: 688, val_loss:1.999073, acc: 21.57, bacc: 25.21, tmp_test_f1: 11.96, f1: 16.04
epoch: 689, val_loss:1.995938, acc: 21.57, bacc: 25.21, tmp_test_f1: 11.87, f1: 16.04
epoch: 690, val_loss:1.999811, acc: 21.57, bacc: 25.21, tmp_test_f1: 11.85, f1: 16.04
epoch: 691, val_loss:1.997821, acc: 21.57, bacc: 25.21, tmp_test_f1: 11.70, f1: 16.04
epoch: 692, val_loss:2.002460, acc: 21.57, bacc: 25.21, tmp_test_f1: 11.68, f1: 16.04
epoch: 693, val_loss:1.999881, acc: 21.57, bacc: 25.21, tmp_test_f1: 11.52, f1: 16.04
epoch: 694, val_loss:2.004884, acc: 21.57, bacc: 25.21, tmp_test_f1: 11.26, f1: 16.04
epoch: 695, val_loss:2.010414, acc: 21.57, bacc: 25.21, tmp_test_f1: 11.19, f1: 16.04
epoch: 696, val_loss:2.006617, acc: 21.57, bacc: 25.21, tmp_test_f1: 11.15, f1: 16.04
epoch: 697, val_loss:2.005425, acc: 21.57, bacc: 25.21, tmp_test_f1: 11.12, f1: 16.04
epoch: 698, val_loss:2.005689, acc: 21.57, bacc: 25.21, tmp_test_f1: 11.48, f1: 16.04
epoch: 699, val_loss:2.000680, acc: 21.57, bacc: 25.21, tmp_test_f1: 11.38, f1: 16.04
epoch: 700, val_loss:1.996979, acc: 21.57, bacc: 25.21, tmp_test_f1: 11.49, f1: 16.04
epoch: 701, val_loss:1.996265, acc: 21.57, bacc: 25.21, tmp_test_f1: 11.76, f1: 16.04
epoch: 702, val_loss:1.992281, acc: 21.57, bacc: 25.21, tmp_test_f1: 11.79, f1: 16.04
epoch: 703, val_loss:1.997834, acc: 21.57, bacc: 25.21, tmp_test_f1: 11.31, f1: 16.04
epoch: 704, val_loss:2.005375, acc: 21.57, bacc: 25.21, tmp_test_f1: 11.20, f1: 16.04
epoch: 705, val_loss:2.018413, acc: 21.57, bacc: 25.21, tmp_test_f1: 11.36, f1: 16.04
epoch: 706, val_loss:2.011260, acc: 21.57, bacc: 25.21, tmp_test_f1: 11.54, f1: 16.04
epoch: 707, val_loss:2.006880, acc: 21.57, bacc: 25.21, tmp_test_f1: 11.70, f1: 16.04
epoch: 708, val_loss:1.999857, acc: 21.57, bacc: 25.21, tmp_test_f1: 11.77, f1: 16.04
epoch: 709, val_loss:2.001426, acc: 21.57, bacc: 25.21, tmp_test_f1: 11.61, f1: 16.04
epoch: 710, val_loss:2.006492, acc: 21.57, bacc: 25.21, tmp_test_f1: 11.42, f1: 16.04
epoch: 711, val_loss:2.014754, acc: 21.57, bacc: 25.21, tmp_test_f1: 11.29, f1: 16.04
epoch: 712, val_loss:2.022864, acc: 21.57, bacc: 25.21, tmp_test_f1: 11.19, f1: 16.04
epoch: 713, val_loss:2.027445, acc: 21.57, bacc: 25.21, tmp_test_f1: 11.15, f1: 16.04
epoch: 714, val_loss:2.030380, acc: 21.57, bacc: 25.21, tmp_test_f1: 12.24, f1: 16.04
epoch: 715, val_loss:1.980844, acc: 21.57, bacc: 25.21, tmp_test_f1: 12.83, f1: 16.04
epoch: 716, val_loss:1.952291, acc: 21.57, bacc: 25.21, tmp_test_f1: 13.11, f1: 16.04
epoch: 717, val_loss:1.936231, acc: 21.57, bacc: 25.21, tmp_test_f1: 13.14, f1: 16.04
epoch: 718, val_loss:1.933432, acc: 21.57, bacc: 25.21, tmp_test_f1: 12.82, f1: 16.04
epoch: 719, val_loss:1.940655, acc: 21.57, bacc: 25.21, tmp_test_f1: 12.59, f1: 16.04
epoch: 720, val_loss:1.959044, acc: 21.57, bacc: 25.21, tmp_test_f1: 12.24, f1: 16.04
epoch: 721, val_loss:1.980606, acc: 21.57, bacc: 25.21, tmp_test_f1: 11.58, f1: 16.04
epoch: 722, val_loss:2.003533, acc: 21.57, bacc: 25.21, tmp_test_f1: 11.44, f1: 16.04
epoch: 723, val_loss:2.018647, acc: 21.57, bacc: 25.21, tmp_test_f1: 11.30, f1: 16.04
epoch: 724, val_loss:2.022385, acc: 21.57, bacc: 25.21, tmp_test_f1: 11.50, f1: 16.04
epoch: 725, val_loss:2.017679, acc: 21.57, bacc: 25.21, tmp_test_f1: 11.90, f1: 16.04
epoch: 726, val_loss:2.006948, acc: 21.57, bacc: 25.21, tmp_test_f1: 12.44, f1: 16.04
epoch: 727, val_loss:1.992974, acc: 21.57, bacc: 25.21, tmp_test_f1: 12.80, f1: 16.04
epoch: 728, val_loss:1.985042, acc: 21.57, bacc: 25.21, tmp_test_f1: 12.68, f1: 16.04
epoch: 729, val_loss:1.982732, acc: 21.57, bacc: 25.21, tmp_test_f1: 12.64, f1: 16.04
epoch: 730, val_loss:1.983717, acc: 21.57, bacc: 25.21, tmp_test_f1: 12.59, f1: 16.04
epoch: 731, val_loss:1.988991, acc: 21.57, bacc: 25.21, tmp_test_f1: 12.53, f1: 16.04
epoch: 732, val_loss:1.994187, acc: 21.57, bacc: 25.21, tmp_test_f1: 12.62, f1: 16.04
epoch: 733, val_loss:1.997066, acc: 21.57, bacc: 25.21, tmp_test_f1: 12.60, f1: 16.04
epoch: 734, val_loss:1.997453, acc: 21.57, bacc: 25.21, tmp_test_f1: 12.61, f1: 16.04
epoch: 735, val_loss:1.997237, acc: 21.57, bacc: 25.21, tmp_test_f1: 12.57, f1: 16.04
epoch: 736, val_loss:1.993650, acc: 21.57, bacc: 25.21, tmp_test_f1: 12.75, f1: 16.04
epoch: 737, val_loss:1.994014, acc: 21.57, bacc: 25.21, tmp_test_f1: 12.72, f1: 16.04
epoch: 738, val_loss:1.995368, acc: 21.57, bacc: 25.21, tmp_test_f1: 12.72, f1: 16.04
epoch: 739, val_loss:2.000047, acc: 21.57, bacc: 25.21, tmp_test_f1: 12.35, f1: 16.04
epoch: 740, val_loss:2.008184, acc: 21.57, bacc: 25.21, tmp_test_f1: 12.29, f1: 16.04
epoch: 741, val_loss:2.005925, acc: 21.57, bacc: 25.21, tmp_test_f1: 12.24, f1: 16.04
epoch: 742, val_loss:2.004921, acc: 21.57, bacc: 25.21, tmp_test_f1: 12.11, f1: 16.04
epoch: 743, val_loss:2.008411, acc: 21.57, bacc: 25.21, tmp_test_f1: 12.19, f1: 16.04
epoch: 744, val_loss:1.999909, acc: 21.57, bacc: 25.21, tmp_test_f1: 12.40, f1: 16.04
epoch: 745, val_loss:1.979800, acc: 21.57, bacc: 25.21, tmp_test_f1: 12.54, f1: 16.04
epoch: 746, val_loss:1.964368, acc: 21.57, bacc: 25.21, tmp_test_f1: 13.11, f1: 16.04
epoch: 747, val_loss:1.942960, acc: 21.57, bacc: 25.21, tmp_test_f1: 12.91, f1: 16.04
epoch: 748, val_loss:1.921535, acc: 21.57, bacc: 25.21, tmp_test_f1: 13.12, f1: 16.04
04
