CUDA Device Index: 3
Namespace(IsDirectedData=False, AugDirect=1, net='SymDiGCN', GPUdevice=3, seed=100, undirect_dataset='Cora', Direct_dataset='WikipediaNetwork/squirrel', imb_ratio=100, dropout=0.1, num_filter=2, layer=2, alpha=0.1, K=2, feat_dim=64, warmup=5, epoch=1500, lr=0.1, l2=0.0005, tau=2, max=False, no_mask=False, gdc='ppr', heads=8, log_root='../logs/', log_path='test', data_path='../dataset/data/tmp/')
test_f1 CountNotImproved reset to 0 in epoch 0
epoch:   0, val_loss:1.994325, acc: 6.40, bacc: 14.29, tmp_test_f1: 1.72, f1: 1.72
test_f1 CountNotImproved reset to 0 in epoch 1
epoch:   1, val_loss:1.936157, acc: 31.90, bacc: 14.29, tmp_test_f1: 6.91, f1: 6.91
epoch:   2, val_loss:1.877116, acc: 31.90, bacc: 14.29, tmp_test_f1: 3.60, f1: 6.91
epoch:   3, val_loss:1.901513, acc: 31.90, bacc: 14.29, tmp_test_f1: 6.91, f1: 6.91
epoch:   4, val_loss:1.854705, acc: 31.90, bacc: 14.29, tmp_test_f1: 6.91, f1: 6.91
epoch:   5, val_loss:1.834339, acc: 31.90, bacc: 14.29, tmp_test_f1: 6.91, f1: 6.91
epoch:   6, val_loss:1.825787, acc: 31.90, bacc: 14.29, tmp_test_f1: 6.91, f1: 6.91
epoch:   7, val_loss:1.819427, acc: 31.90, bacc: 14.29, tmp_test_f1: 6.91, f1: 6.91
epoch:   8, val_loss:1.814887, acc: 31.90, bacc: 14.29, tmp_test_f1: 6.91, f1: 6.91
epoch:   9, val_loss:1.814048, acc: 31.90, bacc: 14.29, tmp_test_f1: 6.91, f1: 6.91
epoch:  10, val_loss:1.817563, acc: 31.90, bacc: 14.29, tmp_test_f1: 6.91, f1: 6.91
epoch:  11, val_loss:1.821778, acc: 31.90, bacc: 14.29, tmp_test_f1: 6.91, f1: 6.91
epoch:  12, val_loss:1.825377, acc: 31.90, bacc: 14.29, tmp_test_f1: 6.91, f1: 6.91
epoch:  13, val_loss:1.824904, acc: 31.90, bacc: 14.29, tmp_test_f1: 6.91, f1: 6.91
epoch:  14, val_loss:1.822035, acc: 31.90, bacc: 14.29, tmp_test_f1: 6.91, f1: 6.91
epoch:  15, val_loss:1.826507, acc: 31.90, bacc: 14.29, tmp_test_f1: 6.91, f1: 6.91
epoch:  16, val_loss:1.823148, acc: 31.90, bacc: 14.29, tmp_test_f1: 6.91, f1: 6.91
epoch:  17, val_loss:1.800435, acc: 31.90, bacc: 14.29, tmp_test_f1: 6.91, f1: 6.91
epoch:  18, val_loss:1.785083, acc: 31.90, bacc: 14.29, tmp_test_f1: 6.91, f1: 6.91
epoch:  19, val_loss:1.758912, acc: 31.90, bacc: 14.29, tmp_test_f1: 6.91, f1: 6.91
epoch:  20, val_loss:1.739107, acc: 31.90, bacc: 14.29, tmp_test_f1: 6.91, f1: 6.91
epoch:  21, val_loss:1.703819, acc: 31.90, bacc: 14.29, tmp_test_f1: 6.91, f1: 6.91
epoch:  22, val_loss:1.675393, acc: 31.90, bacc: 14.29, tmp_test_f1: 6.91, f1: 6.91
epoch:  23, val_loss:1.651440, acc: 31.90, bacc: 14.29, tmp_test_f1: 6.91, f1: 6.91
epoch:  24, val_loss:1.633838, acc: 31.90, bacc: 14.29, tmp_test_f1: 6.91, f1: 6.91
epoch:  25, val_loss:1.604631, acc: 31.90, bacc: 14.29, tmp_test_f1: 6.91, f1: 6.91
test_f1 CountNotImproved reset to 0 in epoch 26
epoch:  26, val_loss:1.583889, acc: 43.00, bacc: 26.28, tmp_test_f1: 16.72, f1: 16.72
test_f1 CountNotImproved reset to 0 in epoch 27
epoch:  27, val_loss:1.570908, acc: 43.30, bacc: 26.52, tmp_test_f1: 16.81, f1: 16.81
epoch:  28, val_loss:1.563939, acc: 43.30, bacc: 26.52, tmp_test_f1: 16.80, f1: 16.81
test_f1 CountNotImproved reset to 0 in epoch 29
epoch:  29, val_loss:1.555482, acc: 42.70, bacc: 26.42, tmp_test_f1: 16.83, f1: 16.83
epoch:  30, val_loss:1.539538, acc: 42.70, bacc: 26.42, tmp_test_f1: 16.80, f1: 16.83
epoch:  31, val_loss:1.541390, acc: 42.70, bacc: 26.42, tmp_test_f1: 16.62, f1: 16.83
test_f1 CountNotImproved reset to 0 in epoch 32
epoch:  32, val_loss:1.557218, acc: 42.70, bacc: 26.52, tmp_test_f1: 16.93, f1: 16.93
epoch:  33, val_loss:1.513668, acc: 42.70, bacc: 26.52, tmp_test_f1: 16.90, f1: 16.93
epoch:  34, val_loss:1.508700, acc: 42.70, bacc: 26.52, tmp_test_f1: 16.54, f1: 16.93
test_f1 CountNotImproved reset to 0 in epoch 35
epoch:  35, val_loss:1.564945, acc: 42.50, bacc: 26.43, tmp_test_f1: 16.99, f1: 16.99
epoch:  36, val_loss:1.505361, acc: 42.50, bacc: 26.43, tmp_test_f1: 16.89, f1: 16.99
epoch:  37, val_loss:1.522402, acc: 42.50, bacc: 26.43, tmp_test_f1: 16.37, f1: 16.99
test_f1 CountNotImproved reset to 0 in epoch 38
epoch:  38, val_loss:1.601822, acc: 42.60, bacc: 26.48, tmp_test_f1: 17.01, f1: 17.01
test_f1 CountNotImproved reset to 0 in epoch 39
epoch:  39, val_loss:1.503529, acc: 42.60, bacc: 26.54, tmp_test_f1: 17.21, f1: 17.21
epoch:  40, val_loss:1.503389, acc: 42.60, bacc: 26.54, tmp_test_f1: 17.00, f1: 17.21
test_f1 CountNotImproved reset to 0 in epoch 41
epoch:  41, val_loss:1.543393, acc: 44.00, bacc: 27.19, tmp_test_f1: 18.00, f1: 18.00
test_f1 CountNotImproved reset to 0 in epoch 42
epoch:  42, val_loss:1.613454, acc: 43.70, bacc: 27.25, tmp_test_f1: 18.13, f1: 18.13
epoch:  43, val_loss:1.531599, acc: 43.70, bacc: 27.25, tmp_test_f1: 18.08, f1: 18.13
test_f1 CountNotImproved reset to 0 in epoch 44
epoch:  44, val_loss:1.511136, acc: 43.50, bacc: 27.40, tmp_test_f1: 18.60, f1: 18.60
test_f1 CountNotImproved reset to 0 in epoch 45
epoch:  45, val_loss:1.515210, acc: 44.50, bacc: 28.05, tmp_test_f1: 19.39, f1: 19.39
test_f1 CountNotImproved reset to 0 in epoch 46
epoch:  46, val_loss:1.583391, acc: 45.10, bacc: 28.35, tmp_test_f1: 19.71, f1: 19.71
epoch:  47, val_loss:1.634344, acc: 45.10, bacc: 28.35, tmp_test_f1: 19.35, f1: 19.71
epoch:  48, val_loss:1.515043, acc: 45.10, bacc: 28.35, tmp_test_f1: 18.95, f1: 19.71
test_f1 CountNotImproved reset to 0 in epoch 49
epoch:  49, val_loss:1.519708, acc: 45.20, bacc: 29.18, tmp_test_f1: 20.99, f1: 20.99
epoch:  50, val_loss:1.531937, acc: 45.20, bacc: 29.18, tmp_test_f1: 18.99, f1: 20.99
epoch:  51, val_loss:1.721326, acc: 45.20, bacc: 29.18, tmp_test_f1: 20.65, f1: 20.99
epoch:  52, val_loss:1.508957, acc: 45.20, bacc: 29.18, tmp_test_f1: 18.90, f1: 20.99
epoch:  53, val_loss:1.559009, acc: 45.20, bacc: 29.18, tmp_test_f1: 19.79, f1: 20.99
epoch:  54, val_loss:1.514460, acc: 45.20, bacc: 29.18, tmp_test_f1: 19.28, f1: 20.99
epoch:  55, val_loss:1.613247, acc: 45.20, bacc: 29.18, tmp_test_f1: 19.77, f1: 20.99
test_f1 CountNotImproved reset to 0 in epoch 56
epoch:  56, val_loss:1.802052, acc: 46.00, bacc: 29.89, tmp_test_f1: 22.14, f1: 22.14
epoch:  57, val_loss:1.530544, acc: 46.00, bacc: 29.89, tmp_test_f1: 19.72, f1: 22.14
epoch:  58, val_loss:1.557551, acc: 46.00, bacc: 29.89, tmp_test_f1: 18.97, f1: 22.14
epoch:  59, val_loss:1.580575, acc: 46.00, bacc: 29.89, tmp_test_f1: 20.09, f1: 22.14
epoch:  60, val_loss:1.528624, acc: 46.00, bacc: 29.89, tmp_test_f1: 21.20, f1: 22.14
test_f1 CountNotImproved reset to 0 in epoch 61
epoch:  61, val_loss:1.642050, acc: 46.50, bacc: 29.32, tmp_test_f1: 22.45, f1: 22.45
epoch:  62, val_loss:1.801554, acc: 46.50, bacc: 29.32, tmp_test_f1: 22.03, f1: 22.45
epoch:  63, val_loss:1.575189, acc: 46.50, bacc: 29.32, tmp_test_f1: 21.38, f1: 22.45
epoch:  64, val_loss:1.538857, acc: 46.50, bacc: 29.32, tmp_test_f1: 20.47, f1: 22.45
epoch:  65, val_loss:1.565273, acc: 46.50, bacc: 29.32, tmp_test_f1: 21.10, f1: 22.45
test_f1 CountNotImproved reset to 0 in epoch 66
epoch:  66, val_loss:1.540001, acc: 46.60, bacc: 30.49, tmp_test_f1: 23.69, f1: 23.69
epoch:  67, val_loss:1.540543, acc: 46.60, bacc: 30.49, tmp_test_f1: 22.82, f1: 23.69
epoch:  68, val_loss:1.682815, acc: 46.60, bacc: 30.49, tmp_test_f1: 23.38, f1: 23.69
test_f1 CountNotImproved reset to 0 in epoch 69
epoch:  69, val_loss:1.715728, acc: 47.90, bacc: 31.58, tmp_test_f1: 25.00, f1: 25.00
epoch:  70, val_loss:1.553113, acc: 47.90, bacc: 31.58, tmp_test_f1: 22.43, f1: 25.00
epoch:  71, val_loss:1.527592, acc: 47.90, bacc: 31.58, tmp_test_f1: 20.74, f1: 25.00
epoch:  72, val_loss:1.551213, acc: 47.90, bacc: 31.58, tmp_test_f1: 23.25, f1: 25.00
epoch:  73, val_loss:1.517270, acc: 47.90, bacc: 31.58, tmp_test_f1: 24.44, f1: 25.00
epoch:  74, val_loss:1.538243, acc: 47.90, bacc: 31.58, tmp_test_f1: 21.33, f1: 25.00
epoch:  75, val_loss:1.741713, acc: 47.90, bacc: 31.58, tmp_test_f1: 23.35, f1: 25.00
epoch:  76, val_loss:1.633212, acc: 47.90, bacc: 31.58, tmp_test_f1: 23.50, f1: 25.00
epoch:  77, val_loss:1.487293, acc: 47.90, bacc: 31.58, tmp_test_f1: 21.04, f1: 25.00
epoch:  78, val_loss:1.536790, acc: 47.90, bacc: 31.58, tmp_test_f1: 21.06, f1: 25.00
epoch:  79, val_loss:1.542380, acc: 47.90, bacc: 31.58, tmp_test_f1: 23.13, f1: 25.00
test_f1 CountNotImproved reset to 0 in epoch 80
epoch:  80, val_loss:1.478107, acc: 49.50, bacc: 32.54, tmp_test_f1: 25.53, f1: 25.53
epoch:  81, val_loss:1.521323, acc: 49.50, bacc: 32.54, tmp_test_f1: 21.80, f1: 25.53
test_f1 CountNotImproved reset to 0 in epoch 82
epoch:  82, val_loss:1.719048, acc: 49.20, bacc: 32.48, tmp_test_f1: 26.24, f1: 26.24
epoch:  83, val_loss:1.507338, acc: 49.20, bacc: 32.48, tmp_test_f1: 22.09, f1: 26.24
epoch:  84, val_loss:1.484514, acc: 49.20, bacc: 32.48, tmp_test_f1: 21.72, f1: 26.24
epoch:  85, val_loss:1.553900, acc: 49.20, bacc: 32.48, tmp_test_f1: 22.48, f1: 26.24
epoch:  86, val_loss:1.521017, acc: 49.20, bacc: 32.48, tmp_test_f1: 24.81, f1: 26.24
test_f1 CountNotImproved reset to 0 in epoch 87
epoch:  87, val_loss:1.458144, acc: 48.00, bacc: 32.01, tmp_test_f1: 26.58, f1: 26.58
test_f1 CountNotImproved reset to 0 in epoch 88
epoch:  88, val_loss:1.616625, acc: 47.80, bacc: 31.74, tmp_test_f1: 26.64, f1: 26.64
epoch:  89, val_loss:1.649910, acc: 47.80, bacc: 31.74, tmp_test_f1: 25.19, f1: 26.64
epoch:  90, val_loss:1.456967, acc: 47.80, bacc: 31.74, tmp_test_f1: 24.75, f1: 26.64
epoch:  91, val_loss:1.464752, acc: 47.80, bacc: 31.74, tmp_test_f1: 23.53, f1: 26.64
epoch:  92, val_loss:1.501024, acc: 47.80, bacc: 31.74, tmp_test_f1: 25.85, f1: 26.64
epoch:  93, val_loss:1.438172, acc: 47.80, bacc: 31.74, tmp_test_f1: 25.73, f1: 26.64
epoch:  94, val_loss:1.426190, acc: 47.80, bacc: 31.74, tmp_test_f1: 25.18, f1: 26.64
epoch:  95, val_loss:1.604993, acc: 47.80, bacc: 31.74, tmp_test_f1: 24.70, f1: 26.64
epoch:  96, val_loss:1.492229, acc: 47.80, bacc: 31.74, tmp_test_f1: 26.15, f1: 26.64
epoch:  97, val_loss:1.403759, acc: 47.80, bacc: 31.74, tmp_test_f1: 24.32, f1: 26.64
epoch:  98, val_loss:1.480594, acc: 47.80, bacc: 31.74, tmp_test_f1: 24.14, f1: 26.64
epoch:  99, val_loss:1.477245, acc: 47.80, bacc: 31.74, tmp_test_f1: 25.25, f1: 26.64
epoch: 100, val_loss:1.413880, acc: 47.80, bacc: 31.74, tmp_test_f1: 26.49, f1: 26.64
epoch: 101, val_loss:1.492650, acc: 47.80, bacc: 31.74, tmp_test_f1: 26.56, f1: 26.64
epoch: 102, val_loss:1.634409, acc: 47.80, bacc: 31.74, tmp_test_f1: 26.46, f1: 26.64
epoch: 103, val_loss:1.454600, acc: 47.80, bacc: 31.74, tmp_test_f1: 26.07, f1: 26.64
epoch: 104, val_loss:1.415093, acc: 47.80, bacc: 31.74, tmp_test_f1: 24.17, f1: 26.64
epoch: 105, val_loss:1.503475, acc: 47.80, bacc: 31.74, tmp_test_f1: 26.09, f1: 26.64
epoch: 106, val_loss:1.473446, acc: 47.80, bacc: 31.74, tmp_test_f1: 26.04, f1: 26.64
test_f1 CountNotImproved reset to 0 in epoch 107
epoch: 107, val_loss:1.386342, acc: 48.10, bacc: 32.59, tmp_test_f1: 26.88, f1: 26.88
epoch: 108, val_loss:1.477260, acc: 48.10, bacc: 32.59, tmp_test_f1: 25.74, f1: 26.88
test_f1 CountNotImproved reset to 0 in epoch 109
epoch: 109, val_loss:1.596394, acc: 48.80, bacc: 33.46, tmp_test_f1: 27.82, f1: 27.82
epoch: 110, val_loss:1.400633, acc: 48.80, bacc: 33.46, tmp_test_f1: 25.32, f1: 27.82
epoch: 111, val_loss:1.416566, acc: 48.80, bacc: 33.46, tmp_test_f1: 24.37, f1: 27.82
epoch: 112, val_loss:1.503203, acc: 48.80, bacc: 33.46, tmp_test_f1: 25.36, f1: 27.82
epoch: 113, val_loss:1.467485, acc: 48.80, bacc: 33.46, tmp_test_f1: 26.91, f1: 27.82
test_f1 CountNotImproved reset to 0 in epoch 114
epoch: 114, val_loss:1.381577, acc: 47.70, bacc: 32.76, tmp_test_f1: 28.08, f1: 28.08
test_f1 CountNotImproved reset to 0 in epoch 115
epoch: 115, val_loss:1.465985, acc: 48.90, bacc: 34.16, tmp_test_f1: 31.19, f1: 31.19
epoch: 116, val_loss:1.585462, acc: 48.90, bacc: 34.16, tmp_test_f1: 28.51, f1: 31.19
epoch: 117, val_loss:1.405472, acc: 48.90, bacc: 34.16, tmp_test_f1: 27.36, f1: 31.19
epoch: 118, val_loss:1.390130, acc: 48.90, bacc: 34.16, tmp_test_f1: 25.72, f1: 31.19
epoch: 119, val_loss:1.485981, acc: 48.90, bacc: 34.16, tmp_test_f1: 25.60, f1: 31.19
epoch: 120, val_loss:1.467928, acc: 48.90, bacc: 34.16, tmp_test_f1: 27.23, f1: 31.19
epoch: 121, val_loss:1.372769, acc: 48.90, bacc: 34.16, tmp_test_f1: 29.56, f1: 31.19
epoch: 122, val_loss:1.408090, acc: 48.90, bacc: 34.16, tmp_test_f1: 29.57, f1: 31.19
epoch: 123, val_loss:1.539754, acc: 48.90, bacc: 34.16, tmp_test_f1: 27.26, f1: 31.19
epoch: 124, val_loss:1.448631, acc: 48.90, bacc: 34.16, tmp_test_f1: 29.43, f1: 31.19
epoch: 125, val_loss:1.348761, acc: 48.90, bacc: 34.16, tmp_test_f1: 26.86, f1: 31.19
epoch: 126, val_loss:1.432057, acc: 48.90, bacc: 34.16, tmp_test_f1: 26.84, f1: 31.19
epoch: 127, val_loss:1.458191, acc: 48.90, bacc: 34.16, tmp_test_f1: 26.48, f1: 31.19
epoch: 128, val_loss:1.377637, acc: 48.90, bacc: 34.16, tmp_test_f1: 30.05, f1: 31.19
epoch: 129, val_loss:1.360300, acc: 48.90, bacc: 34.16, tmp_test_f1: 27.07, f1: 31.19
epoch: 130, val_loss:1.497693, acc: 48.90, bacc: 34.16, tmp_test_f1: 28.08, f1: 31.19
epoch: 131, val_loss:1.437259, acc: 48.90, bacc: 34.16, tmp_test_f1: 29.89, f1: 31.19
epoch: 132, val_loss:1.343123, acc: 48.90, bacc: 34.16, tmp_test_f1: 25.45, f1: 31.19
epoch: 133, val_loss:1.432130, acc: 48.90, bacc: 34.16, tmp_test_f1: 25.30, f1: 31.19
epoch: 134, val_loss:1.479010, acc: 48.90, bacc: 34.16, tmp_test_f1: 26.05, f1: 31.19
epoch: 135, val_loss:1.398395, acc: 48.90, bacc: 34.16, tmp_test_f1: 29.84, f1: 31.19
epoch: 136, val_loss:1.348112, acc: 48.90, bacc: 34.16, tmp_test_f1: 31.02, f1: 31.19
epoch: 137, val_loss:1.463947, acc: 48.90, bacc: 34.16, tmp_test_f1: 30.54, f1: 31.19
test_f1 CountNotImproved reset to 0 in epoch 138
epoch: 138, val_loss:1.461269, acc: 49.70, bacc: 35.77, tmp_test_f1: 31.70, f1: 31.70
epoch: 139, val_loss:1.336966, acc: 49.70, bacc: 35.77, tmp_test_f1: 26.35, f1: 31.70
epoch: 140, val_loss:1.404129, acc: 49.70, bacc: 35.77, tmp_test_f1: 23.75, f1: 31.70
epoch: 141, val_loss:1.487887, acc: 49.70, bacc: 35.77, tmp_test_f1: 24.77, f1: 31.70
epoch: 142, val_loss:1.422126, acc: 49.70, bacc: 35.77, tmp_test_f1: 30.06, f1: 31.70
epoch: 143, val_loss:1.327765, acc: 49.70, bacc: 35.77, tmp_test_f1: 29.30, f1: 31.70
epoch: 144, val_loss:1.428223, acc: 49.70, bacc: 35.77, tmp_test_f1: 28.35, f1: 31.70
epoch: 145, val_loss:1.492651, acc: 49.70, bacc: 35.77, tmp_test_f1: 30.40, f1: 31.70
epoch: 146, val_loss:1.343456, acc: 49.70, bacc: 35.77, tmp_test_f1: 27.39, f1: 31.70
epoch: 147, val_loss:1.374933, acc: 49.70, bacc: 35.77, tmp_test_f1: 23.46, f1: 31.70
epoch: 148, val_loss:1.506570, acc: 49.70, bacc: 35.77, tmp_test_f1: 22.86, f1: 31.70
epoch: 149, val_loss:1.483653, acc: 49.70, bacc: 35.77, tmp_test_f1: 26.26, f1: 31.70
epoch: 150, val_loss:1.355205, acc: 49.70, bacc: 35.77, tmp_test_f1: 30.65, f1: 31.70
epoch: 151, val_loss:1.375491, acc: 49.70, bacc: 35.77, tmp_test_f1: 31.28, f1: 31.70
epoch: 152, val_loss:1.505230, acc: 49.70, bacc: 35.77, tmp_test_f1: 31.14, f1: 31.70
epoch: 153, val_loss:1.401836, acc: 49.70, bacc: 35.77, tmp_test_f1: 30.65, f1: 31.70
epoch: 154, val_loss:1.319401, acc: 49.70, bacc: 35.77, tmp_test_f1: 25.36, f1: 31.70
epoch: 155, val_loss:1.456440, acc: 49.70, bacc: 35.77, tmp_test_f1: 24.18, f1: 31.70
epoch: 156, val_loss:1.511828, acc: 49.70, bacc: 35.77, tmp_test_f1: 25.26, f1: 31.70
epoch: 157, val_loss:1.398680, acc: 49.70, bacc: 35.77, tmp_test_f1: 30.33, f1: 31.70
epoch: 158, val_loss:1.316810, acc: 49.70, bacc: 35.77, tmp_test_f1: 30.90, f1: 31.70
test_f1 CountNotImproved reset to 0 in epoch 159
epoch: 159, val_loss:1.435770, acc: 49.30, bacc: 35.07, tmp_test_f1: 32.77, f1: 32.77
epoch: 160, val_loss:1.470154, acc: 49.30, bacc: 35.07, tmp_test_f1: 32.23, f1: 32.77
epoch: 161, val_loss:1.322639, acc: 49.30, bacc: 35.07, tmp_test_f1: 27.37, f1: 32.77
epoch: 162, val_loss:1.373511, acc: 49.30, bacc: 35.07, tmp_test_f1: 24.11, f1: 32.77
epoch: 163, val_loss:1.513635, acc: 49.30, bacc: 35.07, tmp_test_f1: 24.38, f1: 32.77
epoch: 164, val_loss:1.487742, acc: 49.30, bacc: 35.07, tmp_test_f1: 28.07, f1: 32.77
epoch: 165, val_loss:1.343220, acc: 49.30, bacc: 35.07, tmp_test_f1: 32.03, f1: 32.77
test_f1 CountNotImproved reset to 0 in epoch 166
epoch: 166, val_loss:1.335873, acc: 49.80, bacc: 35.57, tmp_test_f1: 33.19, f1: 33.19
epoch: 167, val_loss:1.471279, acc: 49.80, bacc: 35.57, tmp_test_f1: 32.60, f1: 33.19
test_f1 CountNotImproved reset to 0 in epoch 168
epoch: 168, val_loss:1.418109, acc: 51.40, bacc: 38.21, tmp_test_f1: 34.83, f1: 34.83
epoch: 169, val_loss:1.293152, acc: 51.40, bacc: 38.21, tmp_test_f1: 27.21, f1: 34.83
epoch: 170, val_loss:1.371806, acc: 51.40, bacc: 38.21, tmp_test_f1: 24.57, f1: 34.83
epoch: 171, val_loss:1.481029, acc: 51.40, bacc: 38.21, tmp_test_f1: 23.96, f1: 34.83
epoch: 172, val_loss:1.441556, acc: 51.40, bacc: 38.21, tmp_test_f1: 27.79, f1: 34.83
epoch: 173, val_loss:1.329019, acc: 51.40, bacc: 38.21, tmp_test_f1: 29.65, f1: 34.83
epoch: 174, val_loss:1.351231, acc: 51.40, bacc: 38.21, tmp_test_f1: 30.21, f1: 34.83
epoch: 175, val_loss:1.456264, acc: 51.40, bacc: 38.21, tmp_test_f1: 31.61, f1: 34.83
epoch: 176, val_loss:1.379226, acc: 51.40, bacc: 38.21, tmp_test_f1: 30.58, f1: 34.83
epoch: 177, val_loss:1.295732, acc: 51.40, bacc: 38.21, tmp_test_f1: 27.98, f1: 34.83
epoch: 178, val_loss:1.409549, acc: 51.40, bacc: 38.21, tmp_test_f1: 25.77, f1: 34.83
epoch: 179, val_loss:1.498863, acc: 51.40, bacc: 38.21, tmp_test_f1: 24.58, f1: 34.83
epoch: 180, val_loss:1.425146, acc: 51.40, bacc: 38.21, tmp_test_f1: 30.52, f1: 34.83
epoch: 181, val_loss:1.307720, acc: 51.40, bacc: 38.21, tmp_test_f1: 32.89, f1: 34.83
epoch: 182, val_loss:1.367398, acc: 51.40, bacc: 38.21, tmp_test_f1: 31.63, f1: 34.83
epoch: 183, val_loss:1.462936, acc: 51.40, bacc: 38.21, tmp_test_f1: 33.26, f1: 34.83
epoch: 184, val_loss:1.357495, acc: 51.40, bacc: 38.21, tmp_test_f1: 31.09, f1: 34.83
epoch: 185, val_loss:1.298382, acc: 51.40, bacc: 38.21, tmp_test_f1: 25.20, f1: 34.83
epoch: 186, val_loss:1.426996, acc: 51.40, bacc: 38.21, tmp_test_f1: 24.45, f1: 34.83
epoch: 187, val_loss:1.503980, acc: 51.40, bacc: 38.21, tmp_test_f1: 23.58, f1: 34.83
epoch: 188, val_loss:1.416367, acc: 51.40, bacc: 38.21, tmp_test_f1: 27.83, f1: 34.83
epoch: 189, val_loss:1.304907, acc: 51.40, bacc: 38.21, tmp_test_f1: 30.39, f1: 34.83
epoch: 190, val_loss:1.362497, acc: 51.40, bacc: 38.21, tmp_test_f1: 30.60, f1: 34.83
epoch: 191, val_loss:1.449783, acc: 51.40, bacc: 38.21, tmp_test_f1: 33.07, f1: 34.83
epoch: 192, val_loss:1.354167, acc: 51.40, bacc: 38.21, tmp_test_f1: 31.32, f1: 34.83
epoch: 193, val_loss:1.295633, acc: 51.40, bacc: 38.21, tmp_test_f1: 27.14, f1: 34.83
epoch: 194, val_loss:1.406633, acc: 51.40, bacc: 38.21, tmp_test_f1: 24.28, f1: 34.83
epoch: 195, val_loss:1.462147, acc: 51.40, bacc: 38.21, tmp_test_f1: 27.39, f1: 34.83
epoch: 196, val_loss:1.378001, acc: 51.40, bacc: 38.21, tmp_test_f1: 30.81, f1: 34.83
epoch: 197, val_loss:1.295343, acc: 51.40, bacc: 38.21, tmp_test_f1: 33.19, f1: 34.83
epoch: 198, val_loss:1.352014, acc: 51.40, bacc: 38.21, tmp_test_f1: 30.57, f1: 34.83
epoch: 199, val_loss:1.395960, acc: 51.40, bacc: 38.21, tmp_test_f1: 33.13, f1: 34.83
epoch: 200, val_loss:1.312539, acc: 51.40, bacc: 38.21, tmp_test_f1: 29.76, f1: 34.83
epoch: 201, val_loss:1.299863, acc: 51.40, bacc: 38.21, tmp_test_f1: 25.93, f1: 34.83
epoch: 202, val_loss:1.394995, acc: 51.40, bacc: 38.21, tmp_test_f1: 24.47, f1: 34.83
epoch: 203, val_loss:1.418917, acc: 51.40, bacc: 38.21, tmp_test_f1: 27.03, f1: 34.83
epoch: 204, val_loss:1.338395, acc: 51.40, bacc: 38.21, tmp_test_f1: 28.23, f1: 34.83
epoch: 205, val_loss:1.295607, acc: 51.40, bacc: 38.21, tmp_test_f1: 29.40, f1: 34.83
epoch: 206, val_loss:1.361173, acc: 51.40, bacc: 38.21, tmp_test_f1: 32.50, f1: 34.83
epoch: 207, val_loss:1.371789, acc: 51.40, bacc: 38.21, tmp_test_f1: 30.18, f1: 34.83
epoch: 208, val_loss:1.306135, acc: 51.40, bacc: 38.21, tmp_test_f1: 27.93, f1: 34.83
epoch: 209, val_loss:1.337737, acc: 51.40, bacc: 38.21, tmp_test_f1: 24.86, f1: 34.83
epoch: 210, val_loss:1.425080, acc: 51.40, bacc: 38.21, tmp_test_f1: 24.44, f1: 34.83
epoch: 211, val_loss:1.395179, acc: 51.40, bacc: 38.21, tmp_test_f1: 29.14, f1: 34.83
epoch: 212, val_loss:1.304719, acc: 51.40, bacc: 38.21, tmp_test_f1: 32.80, f1: 34.83
epoch: 213, val_loss:1.323153, acc: 51.40, bacc: 38.21, tmp_test_f1: 31.91, f1: 34.83
epoch: 214, val_loss:1.376469, acc: 51.40, bacc: 38.21, tmp_test_f1: 33.04, f1: 34.83
epoch: 215, val_loss:1.320096, acc: 51.40, bacc: 38.21, tmp_test_f1: 30.14, f1: 34.83
epoch: 216, val_loss:1.297068, acc: 51.40, bacc: 38.21, tmp_test_f1: 26.96, f1: 34.83
epoch: 217, val_loss:1.388222, acc: 51.40, bacc: 38.21, tmp_test_f1: 24.12, f1: 34.83
epoch: 218, val_loss:1.433334, acc: 51.40, bacc: 38.21, tmp_test_f1: 27.87, f1: 34.83
epoch: 219, val_loss:1.353076, acc: 51.40, bacc: 38.21, tmp_test_f1: 31.34, f1: 34.83
epoch: 220, val_loss:1.309775, acc: 51.40, bacc: 38.21, tmp_test_f1: 34.02, f1: 34.83
epoch: 221, val_loss:1.373534, acc: 51.40, bacc: 38.21, tmp_test_f1: 31.61, f1: 34.83
epoch: 222, val_loss:1.364931, acc: 51.40, bacc: 38.21, tmp_test_f1: 30.66, f1: 34.83
epoch: 223, val_loss:1.297255, acc: 51.40, bacc: 38.21, tmp_test_f1: 27.97, f1: 34.83
epoch: 224, val_loss:1.347788, acc: 51.40, bacc: 38.21, tmp_test_f1: 25.32, f1: 34.83
epoch: 225, val_loss:1.427564, acc: 51.40, bacc: 38.21, tmp_test_f1: 27.96, f1: 34.83
epoch: 226, val_loss:1.370277, acc: 51.40, bacc: 38.21, tmp_test_f1: 30.60, f1: 34.83
epoch: 227, val_loss:1.291085, acc: 51.40, bacc: 38.21, tmp_test_f1: 32.53, f1: 34.83
epoch: 228, val_loss:1.341712, acc: 51.40, bacc: 38.21, tmp_test_f1: 32.89, f1: 34.83
epoch: 229, val_loss:1.373283, acc: 51.40, bacc: 38.21, tmp_test_f1: 31.47, f1: 34.83
epoch: 230, val_loss:1.309587, acc: 51.40, bacc: 38.21, tmp_test_f1: 28.66, f1: 34.83
epoch: 231, val_loss:1.327573, acc: 51.40, bacc: 38.21, tmp_test_f1: 23.33, f1: 34.83
epoch: 232, val_loss:1.431622, acc: 51.40, bacc: 38.21, tmp_test_f1: 24.71, f1: 34.83
epoch: 233, val_loss:1.401493, acc: 51.40, bacc: 38.21, tmp_test_f1: 28.60, f1: 34.83
epoch: 234, val_loss:1.307887, acc: 51.40, bacc: 38.21, tmp_test_f1: 32.19, f1: 34.83
epoch: 235, val_loss:1.345003, acc: 51.40, bacc: 38.21, tmp_test_f1: 31.75, f1: 34.83
epoch: 236, val_loss:1.400577, acc: 51.40, bacc: 38.21, tmp_test_f1: 34.12, f1: 34.83
epoch: 237, val_loss:1.319809, acc: 51.40, bacc: 38.21, tmp_test_f1: 31.29, f1: 34.83
epoch: 238, val_loss:1.308198, acc: 51.40, bacc: 38.21, tmp_test_f1: 24.88, f1: 34.83
epoch: 239, val_loss:1.415762, acc: 51.40, bacc: 38.21, tmp_test_f1: 24.41, f1: 34.83
epoch: 240, val_loss:1.405245, acc: 51.40, bacc: 38.21, tmp_test_f1: 30.28, f1: 34.83
epoch: 241, val_loss:1.306207, acc: 51.40, bacc: 38.21, tmp_test_f1: 34.35, f1: 34.83
epoch: 242, val_loss:1.341725, acc: 51.40, bacc: 38.21, tmp_test_f1: 33.19, f1: 34.83
test_f1 CountNotImproved reset to 0 in epoch 243
epoch: 243, val_loss:1.417304, acc: 51.90, bacc: 38.57, tmp_test_f1: 35.41, f1: 35.41
epoch: 244, val_loss:1.336163, acc: 51.90, bacc: 38.57, tmp_test_f1: 30.22, f1: 35.41
epoch: 245, val_loss:1.304422, acc: 51.90, bacc: 38.57, tmp_test_f1: 24.40, f1: 35.41
epoch: 246, val_loss:1.426847, acc: 51.90, bacc: 38.57, tmp_test_f1: 23.91, f1: 35.41
epoch: 247, val_loss:1.429788, acc: 51.90, bacc: 38.57, tmp_test_f1: 27.66, f1: 35.41
epoch: 248, val_loss:1.313828, acc: 51.90, bacc: 38.57, tmp_test_f1: 30.50, f1: 35.41
epoch: 249, val_loss:1.339617, acc: 51.90, bacc: 38.57, tmp_test_f1: 31.30, f1: 35.41
epoch: 250, val_loss:1.406023, acc: 51.90, bacc: 38.57, tmp_test_f1: 32.13, f1: 35.41
epoch: 251, val_loss:1.328823, acc: 51.90, bacc: 38.57, tmp_test_f1: 28.69, f1: 35.41
epoch: 252, val_loss:1.321010, acc: 51.90, bacc: 38.57, tmp_test_f1: 24.04, f1: 35.41
epoch: 253, val_loss:1.464623, acc: 51.90, bacc: 38.57, tmp_test_f1: 24.02, f1: 35.41
epoch: 254, val_loss:1.468714, acc: 51.90, bacc: 38.57, tmp_test_f1: 28.79, f1: 35.41
epoch: 255, val_loss:1.328827, acc: 51.90, bacc: 38.57, tmp_test_f1: 33.06, f1: 35.41
epoch: 256, val_loss:1.338306, acc: 51.90, bacc: 38.57, tmp_test_f1: 31.25, f1: 35.41
epoch: 257, val_loss:1.432284, acc: 51.90, bacc: 38.57, tmp_test_f1: 32.55, f1: 35.41
epoch: 258, val_loss:1.350391, acc: 51.90, bacc: 38.57, tmp_test_f1: 31.91, f1: 35.41
epoch: 259, val_loss:1.296604, acc: 51.90, bacc: 38.57, tmp_test_f1: 28.57, f1: 35.41
epoch: 260, val_loss:1.426659, acc: 51.90, bacc: 38.57, tmp_test_f1: 25.70, f1: 35.41
epoch: 261, val_loss:1.468826, acc: 51.90, bacc: 38.57, tmp_test_f1: 29.45, f1: 35.41
epoch: 262, val_loss:1.339301, acc: 51.90, bacc: 38.57, tmp_test_f1: 34.20, f1: 35.41
epoch: 263, val_loss:1.322646, acc: 51.90, bacc: 38.57, tmp_test_f1: 33.29, f1: 35.41
epoch: 264, val_loss:1.430746, acc: 51.90, bacc: 38.57, tmp_test_f1: 34.03, f1: 35.41
epoch: 265, val_loss:1.394568, acc: 51.90, bacc: 38.57, tmp_test_f1: 33.30, f1: 35.41
epoch: 266, val_loss:1.292504, acc: 51.90, bacc: 38.57, tmp_test_f1: 30.28, f1: 35.41
epoch: 267, val_loss:1.360093, acc: 51.90, bacc: 38.57, tmp_test_f1: 25.79, f1: 35.41
epoch: 268, val_loss:1.446354, acc: 51.90, bacc: 38.57, tmp_test_f1: 28.88, f1: 35.41
epoch: 269, val_loss:1.373926, acc: 51.90, bacc: 38.57, tmp_test_f1: 31.75, f1: 35.41
test_f1 CountNotImproved reset to 0 in epoch 270
epoch: 270, val_loss:1.296628, acc: 52.10, bacc: 39.01, tmp_test_f1: 36.55, f1: 36.55
test_f1 CountNotImproved reset to 0 in epoch 271
epoch: 271, val_loss:1.362961, acc: 51.80, bacc: 38.78, tmp_test_f1: 36.60, f1: 36.60
epoch: 272, val_loss:1.381830, acc: 51.80, bacc: 38.78, tmp_test_f1: 32.80, f1: 36.60
epoch: 273, val_loss:1.305925, acc: 51.80, bacc: 38.78, tmp_test_f1: 28.89, f1: 36.60
epoch: 274, val_loss:1.335931, acc: 51.80, bacc: 38.78, tmp_test_f1: 25.02, f1: 36.60
epoch: 275, val_loss:1.432094, acc: 51.80, bacc: 38.78, tmp_test_f1: 25.62, f1: 36.60
epoch: 276, val_loss:1.399169, acc: 51.80, bacc: 38.78, tmp_test_f1: 29.57, f1: 36.60
epoch: 277, val_loss:1.302998, acc: 51.80, bacc: 38.78, tmp_test_f1: 34.08, f1: 36.60
epoch: 278, val_loss:1.337432, acc: 51.80, bacc: 38.78, tmp_test_f1: 34.50, f1: 36.60
epoch: 279, val_loss:1.400573, acc: 51.80, bacc: 38.78, tmp_test_f1: 33.62, f1: 36.60
epoch: 280, val_loss:1.320838, acc: 51.80, bacc: 38.78, tmp_test_f1: 29.19, f1: 36.60
epoch: 281, val_loss:1.322451, acc: 51.80, bacc: 38.78, tmp_test_f1: 25.08, f1: 36.60
epoch: 282, val_loss:1.449328, acc: 51.80, bacc: 38.78, tmp_test_f1: 25.30, f1: 36.60
epoch: 283, val_loss:1.431956, acc: 51.80, bacc: 38.78, tmp_test_f1: 30.03, f1: 36.60
epoch: 284, val_loss:1.316718, acc: 51.80, bacc: 38.78, tmp_test_f1: 32.41, f1: 36.60
epoch: 285, val_loss:1.334785, acc: 51.80, bacc: 38.78, tmp_test_f1: 31.90, f1: 36.60
epoch: 286, val_loss:1.412800, acc: 51.80, bacc: 38.78, tmp_test_f1: 33.03, f1: 36.60
epoch: 287, val_loss:1.332425, acc: 51.80, bacc: 38.78, tmp_test_f1: 32.10, f1: 36.60
epoch: 288, val_loss:1.302503, acc: 51.80, bacc: 38.78, tmp_test_f1: 25.53, f1: 36.60
epoch: 289, val_loss:1.427263, acc: 51.80, bacc: 38.78, tmp_test_f1: 25.10, f1: 36.60
epoch: 290, val_loss:1.446497, acc: 51.80, bacc: 38.78, tmp_test_f1: 28.99, f1: 36.60
epoch: 291, val_loss:1.325476, acc: 51.80, bacc: 38.78, tmp_test_f1: 31.15, f1: 36.60
epoch: 292, val_loss:1.317594, acc: 51.80, bacc: 38.78, tmp_test_f1: 31.81, f1: 36.60
epoch: 293, val_loss:1.406566, acc: 51.80, bacc: 38.78, tmp_test_f1: 32.67, f1: 36.60
epoch: 294, val_loss:1.367284, acc: 51.80, bacc: 38.78, tmp_test_f1: 30.88, f1: 36.60
epoch: 295, val_loss:1.288410, acc: 51.80, bacc: 38.78, tmp_test_f1: 28.09, f1: 36.60
epoch: 296, val_loss:1.370271, acc: 51.80, bacc: 38.78, tmp_test_f1: 26.63, f1: 36.60
epoch: 297, val_loss:1.436043, acc: 51.80, bacc: 38.78, tmp_test_f1: 28.60, f1: 36.60
epoch: 298, val_loss:1.342670, acc: 51.80, bacc: 38.78, tmp_test_f1: 30.28, f1: 36.60
epoch: 299, val_loss:1.293238, acc: 51.80, bacc: 38.78, tmp_test_f1: 32.01, f1: 36.60
epoch: 300, val_loss:1.372744, acc: 51.80, bacc: 38.78, tmp_test_f1: 31.82, f1: 36.60
epoch: 301, val_loss:1.384086, acc: 51.80, bacc: 38.78, tmp_test_f1: 33.87, f1: 36.60
epoch: 302, val_loss:1.295069, acc: 51.80, bacc: 38.78, tmp_test_f1: 27.52, f1: 36.60
epoch: 303, val_loss:1.348089, acc: 51.80, bacc: 38.78, tmp_test_f1: 24.68, f1: 36.60
epoch: 304, val_loss:1.466876, acc: 51.80, bacc: 38.78, tmp_test_f1: 25.66, f1: 36.60
epoch: 305, val_loss:1.406309, acc: 51.80, bacc: 38.78, tmp_test_f1: 31.14, f1: 36.60
epoch: 306, val_loss:1.297395, acc: 51.80, bacc: 38.78, tmp_test_f1: 34.63, f1: 36.60
epoch: 307, val_loss:1.393830, acc: 51.80, bacc: 38.78, tmp_test_f1: 32.09, f1: 36.60
epoch: 308, val_loss:1.434530, acc: 51.80, bacc: 38.78, tmp_test_f1: 35.63, f1: 36.60
epoch: 309, val_loss:1.301045, acc: 51.80, bacc: 38.78, tmp_test_f1: 30.31, f1: 36.60
epoch: 310, val_loss:1.335643, acc: 51.80, bacc: 38.78, tmp_test_f1: 25.41, f1: 36.60
epoch: 311, val_loss:1.478769, acc: 51.80, bacc: 38.78, tmp_test_f1: 26.66, f1: 36.60
epoch: 312, val_loss:1.434266, acc: 51.80, bacc: 38.78, tmp_test_f1: 31.45, f1: 36.60
epoch: 313, val_loss:1.303220, acc: 51.80, bacc: 38.78, tmp_test_f1: 34.10, f1: 36.60
epoch: 314, val_loss:1.363604, acc: 51.80, bacc: 38.78, tmp_test_f1: 31.34, f1: 36.60
epoch: 315, val_loss:1.458689, acc: 51.80, bacc: 38.78, tmp_test_f1: 33.04, f1: 36.60
epoch: 316, val_loss:1.352880, acc: 51.80, bacc: 38.78, tmp_test_f1: 31.80, f1: 36.60
epoch: 317, val_loss:1.299711, acc: 51.80, bacc: 38.78, tmp_test_f1: 27.24, f1: 36.60
epoch: 318, val_loss:1.428093, acc: 51.80, bacc: 38.78, tmp_test_f1: 26.93, f1: 36.60
epoch: 319, val_loss:1.453031, acc: 51.80, bacc: 38.78, tmp_test_f1: 30.56, f1: 36.60
epoch: 320, val_loss:1.325139, acc: 51.80, bacc: 38.78, tmp_test_f1: 33.21, f1: 36.60
epoch: 321, val_loss:1.306932, acc: 51.80, bacc: 38.78, tmp_test_f1: 33.60, f1: 36.60
epoch: 322, val_loss:1.415754, acc: 51.80, bacc: 38.78, tmp_test_f1: 33.80, f1: 36.60
epoch: 323, val_loss:1.383157, acc: 51.80, bacc: 38.78, tmp_test_f1: 32.08, f1: 36.60
epoch: 324, val_loss:1.286603, acc: 51.80, bacc: 38.78, tmp_test_f1: 30.08, f1: 36.60
epoch: 325, val_loss:1.355195, acc: 51.80, bacc: 38.78, tmp_test_f1: 26.82, f1: 36.60
epoch: 326, val_loss:1.455305, acc: 51.80, bacc: 38.78, tmp_test_f1: 27.87, f1: 36.60
epoch: 327, val_loss:1.382373, acc: 51.80, bacc: 38.78, tmp_test_f1: 32.02, f1: 36.60
epoch: 328, val_loss:1.295371, acc: 51.80, bacc: 38.78, tmp_test_f1: 34.07, f1: 36.60
epoch: 329, val_loss:1.373134, acc: 51.80, bacc: 38.78, tmp_test_f1: 33.86, f1: 36.60
epoch: 330, val_loss:1.428448, acc: 51.80, bacc: 38.78, tmp_test_f1: 34.57, f1: 36.60
epoch: 331, val_loss:1.334851, acc: 51.80, bacc: 38.78, tmp_test_f1: 31.22, f1: 36.60
epoch: 332, val_loss:1.299538, acc: 51.80, bacc: 38.78, tmp_test_f1: 25.54, f1: 36.60
epoch: 333, val_loss:1.404239, acc: 51.80, bacc: 38.78, tmp_test_f1: 25.91, f1: 36.60
epoch: 334, val_loss:1.433367, acc: 51.80, bacc: 38.78, tmp_test_f1: 29.20, f1: 36.60
epoch: 335, val_loss:1.327107, acc: 51.80, bacc: 38.78, tmp_test_f1: 33.18, f1: 36.60
epoch: 336, val_loss:1.316307, acc: 51.80, bacc: 38.78, tmp_test_f1: 33.09, f1: 36.60
epoch: 337, val_loss:1.406593, acc: 51.80, bacc: 38.78, tmp_test_f1: 34.08, f1: 36.60
epoch: 338, val_loss:1.364575, acc: 51.80, bacc: 38.78, tmp_test_f1: 32.46, f1: 36.60
epoch: 339, val_loss:1.291716, acc: 51.80, bacc: 38.78, tmp_test_f1: 27.75, f1: 36.60
epoch: 340, val_loss:1.370450, acc: 51.80, bacc: 38.78, tmp_test_f1: 25.99, f1: 36.60
epoch: 341, val_loss:1.450508, acc: 51.80, bacc: 38.78, tmp_test_f1: 26.74, f1: 36.60
epoch: 342, val_loss:1.382808, acc: 51.80, bacc: 38.78, tmp_test_f1: 30.34, f1: 36.60
epoch: 343, val_loss:1.307341, acc: 51.80, bacc: 38.78, tmp_test_f1: 31.53, f1: 36.60
epoch: 344, val_loss:1.373087, acc: 51.80, bacc: 38.78, tmp_test_f1: 32.99, f1: 36.60
epoch: 345, val_loss:1.391061, acc: 51.80, bacc: 38.78, tmp_test_f1: 33.61, f1: 36.60
epoch: 346, val_loss:1.308183, acc: 51.80, bacc: 38.78, tmp_test_f1: 31.50, f1: 36.60
epoch: 347, val_loss:1.321662, acc: 51.80, bacc: 38.78, tmp_test_f1: 27.37, f1: 36.60
epoch: 348, val_loss:1.413725, acc: 51.80, bacc: 38.78, tmp_test_f1: 27.73, f1: 36.60
epoch: 349, val_loss:1.397843, acc: 51.80, bacc: 38.78, tmp_test_f1: 31.69, f1: 36.60
epoch: 350, val_loss:1.311089, acc: 51.80, bacc: 38.78, tmp_test_f1: 33.18, f1: 36.60
epoch: 351, val_loss:1.325895, acc: 51.80, bacc: 38.78, tmp_test_f1: 34.11, f1: 36.60
epoch: 352, val_loss:1.394796, acc: 51.80, bacc: 38.78, tmp_test_f1: 34.01, f1: 36.60
epoch: 353, val_loss:1.344519, acc: 51.80, bacc: 38.78, tmp_test_f1: 31.97, f1: 36.60
epoch: 354, val_loss:1.304594, acc: 51.80, bacc: 38.78, tmp_test_f1: 27.58, f1: 36.60
epoch: 355, val_loss:1.391139, acc: 51.80, bacc: 38.78, tmp_test_f1: 25.66, f1: 36.60
epoch: 356, val_loss:1.418983, acc: 51.80, bacc: 38.78, tmp_test_f1: 30.55, f1: 36.60
epoch: 357, val_loss:1.330114, acc: 51.80, bacc: 38.78, tmp_test_f1: 32.22, f1: 36.60
epoch: 358, val_loss:1.305554, acc: 51.80, bacc: 38.78, tmp_test_f1: 34.70, f1: 36.60
epoch: 359, val_loss:1.376470, acc: 51.80, bacc: 38.78, tmp_test_f1: 34.86, f1: 36.60
epoch: 360, val_loss:1.347316, acc: 51.80, bacc: 38.78, tmp_test_f1: 33.31, f1: 36.60
epoch: 361, val_loss:1.291818, acc: 51.80, bacc: 38.78, tmp_test_f1: 28.27, f1: 36.60
epoch: 362, val_loss:1.367691, acc: 51.80, bacc: 38.78, tmp_test_f1: 26.91, f1: 36.60
epoch: 363, val_loss:1.422200, acc: 51.80, bacc: 38.78, tmp_test_f1: 28.86, f1: 36.60
epoch: 364, val_loss:1.347048, acc: 51.80, bacc: 38.78, tmp_test_f1: 31.84, f1: 36.60
epoch: 365, val_loss:1.303299, acc: 51.80, bacc: 38.78, tmp_test_f1: 32.11, f1: 36.60
epoch: 366, val_loss:1.380370, acc: 51.80, bacc: 38.78, tmp_test_f1: 32.27, f1: 36.60
epoch: 367, val_loss:1.385916, acc: 51.80, bacc: 38.78, tmp_test_f1: 29.74, f1: 36.60
epoch: 368, val_loss:1.298574, acc: 51.80, bacc: 38.78, tmp_test_f1: 28.76, f1: 36.60
epoch: 369, val_loss:1.345946, acc: 51.80, bacc: 38.78, tmp_test_f1: 24.57, f1: 36.60
epoch: 370, val_loss:1.445630, acc: 51.80, bacc: 38.78, tmp_test_f1: 26.37, f1: 36.60
epoch: 371, val_loss:1.381944, acc: 51.80, bacc: 38.78, tmp_test_f1: 31.70, f1: 36.60
epoch: 372, val_loss:1.300480, acc: 51.80, bacc: 38.78, tmp_test_f1: 36.25, f1: 36.60
epoch: 373, val_loss:1.373190, acc: 51.80, bacc: 38.78, tmp_test_f1: 33.97, f1: 36.60
epoch: 374, val_loss:1.404869, acc: 51.80, bacc: 38.78, tmp_test_f1: 31.85, f1: 36.60
epoch: 375, val_loss:1.306584, acc: 51.80, bacc: 38.78, tmp_test_f1: 31.28, f1: 36.60
epoch: 376, val_loss:1.333858, acc: 51.80, bacc: 38.78, tmp_test_f1: 27.33, f1: 36.60
epoch: 377, val_loss:1.423211, acc: 51.80, bacc: 38.78, tmp_test_f1: 28.10, f1: 36.60
epoch: 378, val_loss:1.374474, acc: 51.80, bacc: 38.78, tmp_test_f1: 31.97, f1: 36.60
epoch: 379, val_loss:1.293080, acc: 51.80, bacc: 38.78, tmp_test_f1: 34.06, f1: 36.60
epoch: 380, val_loss:1.351459, acc: 51.80, bacc: 38.78, tmp_test_f1: 35.70, f1: 36.60
epoch: 381, val_loss:1.381209, acc: 51.80, bacc: 38.78, tmp_test_f1: 32.09, f1: 36.60
epoch: 382, val_loss:1.312946, acc: 51.80, bacc: 38.78, tmp_test_f1: 29.42, f1: 36.60
epoch: 383, val_loss:1.329653, acc: 51.80, bacc: 38.78, tmp_test_f1: 25.75, f1: 36.60
epoch: 384, val_loss:1.430471, acc: 51.80, bacc: 38.78, tmp_test_f1: 25.22, f1: 36.60
epoch: 385, val_loss:1.423277, acc: 51.80, bacc: 38.78, tmp_test_f1: 29.30, f1: 36.60
epoch: 386, val_loss:1.320936, acc: 51.80, bacc: 38.78, tmp_test_f1: 33.91, f1: 36.60
epoch: 387, val_loss:1.340481, acc: 51.80, bacc: 38.78, tmp_test_f1: 33.22, f1: 36.60
epoch: 388, val_loss:1.410344, acc: 51.80, bacc: 38.78, tmp_test_f1: 34.75, f1: 36.60
epoch: 389, val_loss:1.331274, acc: 51.80, bacc: 38.78, tmp_test_f1: 33.09, f1: 36.60
epoch: 390, val_loss:1.296064, acc: 51.80, bacc: 38.78, tmp_test_f1: 27.19, f1: 36.60
epoch: 391, val_loss:1.405579, acc: 51.80, bacc: 38.78, tmp_test_f1: 26.67, f1: 36.60
epoch: 392, val_loss:1.428424, acc: 51.80, bacc: 38.78, tmp_test_f1: 31.23, f1: 36.60
epoch: 393, val_loss:1.326165, acc: 51.80, bacc: 38.78, tmp_test_f1: 33.49, f1: 36.60
epoch: 394, val_loss:1.321328, acc: 51.80, bacc: 38.78, tmp_test_f1: 34.98, f1: 36.60
epoch: 395, val_loss:1.405698, acc: 51.80, bacc: 38.78, tmp_test_f1: 35.25, f1: 36.60
epoch: 396, val_loss:1.360672, acc: 51.80, bacc: 38.78, tmp_test_f1: 33.00, f1: 36.60
epoch: 397, val_loss:1.304420, acc: 51.80, bacc: 38.78, tmp_test_f1: 27.92, f1: 36.60
epoch: 398, val_loss:1.405511, acc: 51.80, bacc: 38.78, tmp_test_f1: 25.83, f1: 36.60
epoch: 399, val_loss:1.456945, acc: 51.80, bacc: 38.78, tmp_test_f1: 31.02, f1: 36.60
epoch: 400, val_loss:1.356565, acc: 51.80, bacc: 38.78, tmp_test_f1: 30.95, f1: 36.60
epoch: 401, val_loss:1.313657, acc: 51.80, bacc: 38.78, tmp_test_f1: 33.34, f1: 36.60
epoch: 402, val_loss:1.388684, acc: 51.80, bacc: 38.78, tmp_test_f1: 33.05, f1: 36.60
epoch: 403, val_loss:1.386623, acc: 51.80, bacc: 38.78, tmp_test_f1: 31.84, f1: 36.60
epoch: 404, val_loss:1.303345, acc: 51.80, bacc: 38.78, tmp_test_f1: 30.87, f1: 36.60
epoch: 405, val_loss:1.340318, acc: 51.80, bacc: 38.78, tmp_test_f1: 28.00, f1: 36.60
epoch: 406, val_loss:1.407817, acc: 51.80, bacc: 38.78, tmp_test_f1: 30.54, f1: 36.60
epoch: 407, val_loss:1.357609, acc: 51.80, bacc: 38.78, tmp_test_f1: 35.15, f1: 36.60
epoch: 408, val_loss:1.298696, acc: 51.80, bacc: 38.78, tmp_test_f1: 33.11, f1: 36.60
epoch: 409, val_loss:1.348931, acc: 51.80, bacc: 38.78, tmp_test_f1: 32.07, f1: 36.60
epoch: 410, val_loss:1.371611, acc: 51.80, bacc: 38.78, tmp_test_f1: 32.42, f1: 36.60
epoch: 411, val_loss:1.318348, acc: 51.80, bacc: 38.78, tmp_test_f1: 30.63, f1: 36.60
epoch: 412, val_loss:1.340320, acc: 51.80, bacc: 38.78, tmp_test_f1: 26.38, f1: 36.60
epoch: 413, val_loss:1.412042, acc: 51.80, bacc: 38.78, tmp_test_f1: 29.01, f1: 36.60
epoch: 414, val_loss:1.367925, acc: 51.80, bacc: 38.78, tmp_test_f1: 31.05, f1: 36.60
epoch: 415, val_loss:1.315882, acc: 51.80, bacc: 38.78, tmp_test_f1: 36.15, f1: 36.60
epoch: 416, val_loss:1.361701, acc: 51.80, bacc: 38.78, tmp_test_f1: 34.71, f1: 36.60
epoch: 417, val_loss:1.367881, acc: 51.80, bacc: 38.78, tmp_test_f1: 29.88, f1: 36.60
epoch: 418, val_loss:1.307929, acc: 51.80, bacc: 38.78, tmp_test_f1: 28.54, f1: 36.60
epoch: 419, val_loss:1.352490, acc: 51.80, bacc: 38.78, tmp_test_f1: 25.68, f1: 36.60
epoch: 420, val_loss:1.412795, acc: 51.80, bacc: 38.78, tmp_test_f1: 29.63, f1: 36.60
epoch: 421, val_loss:1.348987, acc: 51.80, bacc: 38.78, tmp_test_f1: 30.31, f1: 36.60
epoch: 422, val_loss:1.313912, acc: 51.80, bacc: 38.78, tmp_test_f1: 32.83, f1: 36.60
epoch: 423, val_loss:1.380383, acc: 51.80, bacc: 38.78, tmp_test_f1: 33.78, f1: 36.60
epoch: 424, val_loss:1.374773, acc: 51.80, bacc: 38.78, tmp_test_f1: 32.29, f1: 36.60
epoch: 425, val_loss:1.313852, acc: 51.80, bacc: 38.78, tmp_test_f1: 28.49, f1: 36.60
epoch: 426, val_loss:1.371905, acc: 51.80, bacc: 38.78, tmp_test_f1: 27.57, f1: 36.60
epoch: 427, val_loss:1.398557, acc: 51.80, bacc: 38.78, tmp_test_f1: 30.02, f1: 36.60
epoch: 428, val_loss:1.323956, acc: 51.80, bacc: 38.78, tmp_test_f1: 29.57, f1: 36.60
epoch: 429, val_loss:1.316430, acc: 51.80, bacc: 38.78, tmp_test_f1: 32.51, f1: 36.60
epoch: 430, val_loss:1.359333, acc: 51.80, bacc: 38.78, tmp_test_f1: 32.23, f1: 36.60
epoch: 431, val_loss:1.324848, acc: 51.80, bacc: 38.78, tmp_test_f1: 31.99, f1: 36.60
epoch: 432, val_loss:1.297660, acc: 51.80, bacc: 38.78, tmp_test_f1: 28.13, f1: 36.60
epoch: 433, val_loss:1.348773, acc: 51.80, bacc: 38.78, tmp_test_f1: 28.39, f1: 36.60
epoch: 434, val_loss:1.362889, acc: 51.80, bacc: 38.78, tmp_test_f1: 31.66, f1: 36.60
epoch: 435, val_loss:1.303638, acc: 51.80, bacc: 38.78, tmp_test_f1: 32.32, f1: 36.60
epoch: 436, val_loss:1.327641, acc: 51.80, bacc: 38.78, tmp_test_f1: 32.10, f1: 36.60
epoch: 437, val_loss:1.379122, acc: 51.80, bacc: 38.78, tmp_test_f1: 31.45, f1: 36.60
epoch: 438, val_loss:1.310649, acc: 51.80, bacc: 38.78, tmp_test_f1: 31.78, f1: 36.60
epoch: 439, val_loss:1.319058, acc: 51.80, bacc: 38.78, tmp_test_f1: 24.35, f1: 36.60
epoch: 440, val_loss:1.412506, acc: 51.80, bacc: 38.78, tmp_test_f1: 26.71, f1: 36.60
epoch: 441, val_loss:1.352612, acc: 51.80, bacc: 38.78, tmp_test_f1: 34.95, f1: 36.60
epoch: 442, val_loss:1.307641, acc: 51.80, bacc: 38.78, tmp_test_f1: 35.26, f1: 36.60
epoch: 443, val_loss:1.376522, acc: 51.80, bacc: 38.78, tmp_test_f1: 35.81, f1: 36.60
epoch: 444, val_loss:1.361599, acc: 51.80, bacc: 38.78, tmp_test_f1: 30.71, f1: 36.60
epoch: 445, val_loss:1.308627, acc: 51.80, bacc: 38.78, tmp_test_f1: 27.33, f1: 36.60
epoch: 446, val_loss:1.399105, acc: 51.80, bacc: 38.78, tmp_test_f1: 26.55, f1: 36.60
epoch: 447, val_loss:1.418283, acc: 51.80, bacc: 38.78, tmp_test_f1: 30.13, f1: 36.60
epoch: 448, val_loss:1.321083, acc: 51.80, bacc: 38.78, tmp_test_f1: 32.04, f1: 36.60
epoch: 449, val_loss:1.352722, acc: 51.80, bacc: 38.78, tmp_test_f1: 33.80, f1: 36.60
epoch: 450, val_loss:1.413821, acc: 51.80, bacc: 38.78, tmp_test_f1: 34.62, f1: 36.60
epoch: 451, val_loss:1.321121, acc: 51.80, bacc: 38.78, tmp_test_f1: 31.87, f1: 36.60
epoch: 452, val_loss:1.337529, acc: 51.80, bacc: 38.78, tmp_test_f1: 25.90, f1: 36.60
epoch: 453, val_loss:1.458588, acc: 51.80, bacc: 38.78, tmp_test_f1: 27.00, f1: 36.60
epoch: 454, val_loss:1.399276, acc: 51.80, bacc: 38.78, tmp_test_f1: 32.20, f1: 36.60
epoch: 455, val_loss:1.309725, acc: 51.80, bacc: 38.78, tmp_test_f1: 34.93, f1: 36.60
epoch: 456, val_loss:1.387754, acc: 51.80, bacc: 38.78, tmp_test_f1: 33.67, f1: 36.60
epoch: 457, val_loss:1.409795, acc: 51.80, bacc: 38.78, tmp_test_f1: 33.40, f1: 36.60
epoch: 458, val_loss:1.305117, acc: 51.80, bacc: 38.78, tmp_test_f1: 30.00, f1: 36.60
epoch: 459, val_loss:1.386326, acc: 51.80, bacc: 38.78, tmp_test_f1: 27.33, f1: 36.60
epoch: 460, val_loss:1.474075, acc: 51.80, bacc: 38.78, tmp_test_f1: 32.07, f1: 36.60
epoch: 461, val_loss:1.359177, acc: 51.80, bacc: 38.78, tmp_test_f1: 35.19, f1: 36.60
epoch: 462, val_loss:1.319479, acc: 51.80, bacc: 38.78, tmp_test_f1: 33.86, f1: 36.60
epoch: 463, val_loss:1.458860, acc: 51.80, bacc: 38.78, tmp_test_f1: 34.16, f1: 36.60
epoch: 464, val_loss:1.393880, acc: 51.80, bacc: 38.78, tmp_test_f1: 33.07, f1: 36.60
epoch: 465, val_loss:1.304425, acc: 51.80, bacc: 38.78, tmp_test_f1: 26.36, f1: 36.60
epoch: 466, val_loss:1.427234, acc: 51.80, bacc: 38.78, tmp_test_f1: 25.60, f1: 36.60
epoch: 467, val_loss:1.464929, acc: 51.80, bacc: 38.78, tmp_test_f1: 30.60, f1: 36.60
epoch: 468, val_loss:1.339632, acc: 51.80, bacc: 38.78, tmp_test_f1: 32.75, f1: 36.60
epoch: 469, val_loss:1.321563, acc: 51.80, bacc: 38.78, tmp_test_f1: 31.82, f1: 36.60
epoch: 470, val_loss:1.433308, acc: 51.80, bacc: 38.78, tmp_test_f1: 34.32, f1: 36.60
epoch: 471, val_loss:1.378919, acc: 51.80, bacc: 38.78, tmp_test_f1: 33.56, f1: 36.60
epoch: 472, val_loss:1.291045, acc: 51.80, bacc: 38.78, tmp_test_f1: 26.69, f1: 36.60
epoch: 473, val_loss:1.411726, acc: 51.80, bacc: 38.78, tmp_test_f1: 25.48, f1: 36.60
epoch: 474, val_loss:1.468313, acc: 51.80, bacc: 38.78, tmp_test_f1: 29.56, f1: 36.60
epoch: 475, val_loss:1.346407, acc: 51.80, bacc: 38.78, tmp_test_f1: 34.12, f1: 36.60
epoch: 476, val_loss:1.312966, acc: 51.80, bacc: 38.78, tmp_test_f1: 31.57, f1: 36.60
epoch: 477, val_loss:1.425403, acc: 51.80, bacc: 38.78, tmp_test_f1: 32.49, f1: 36.60
epoch: 478, val_loss:1.393194, acc: 51.80, bacc: 38.78, tmp_test_f1: 34.51, f1: 36.60
epoch: 479, val_loss:1.291024, acc: 51.80, bacc: 38.78, tmp_test_f1: 29.61, f1: 36.60
epoch: 480, val_loss:1.377053, acc: 51.80, bacc: 38.78, tmp_test_f1: 26.67, f1: 36.60
epoch: 481, val_loss:1.459916, acc: 51.80, bacc: 38.78, tmp_test_f1: 30.41, f1: 36.60
epoch: 482, val_loss:1.353206, acc: 51.80, bacc: 38.78, tmp_test_f1: 33.70, f1: 36.60
epoch: 483, val_loss:1.295772, acc: 51.80, bacc: 38.78, tmp_test_f1: 33.32, f1: 36.60
epoch: 484, val_loss:1.388946, acc: 51.80, bacc: 38.78, tmp_test_f1: 32.70, f1: 36.60
epoch: 485, val_loss:1.387564, acc: 51.80, bacc: 38.78, tmp_test_f1: 34.11, f1: 36.60
epoch: 486, val_loss:1.288600, acc: 51.80, bacc: 38.78, tmp_test_f1: 30.11, f1: 36.60
epoch: 487, val_loss:1.348685, acc: 51.80, bacc: 38.78, tmp_test_f1: 25.42, f1: 36.60
epoch: 488, val_loss:1.456829, acc: 51.80, bacc: 38.78, tmp_test_f1: 26.12, f1: 36.60
epoch: 489, val_loss:1.392037, acc: 51.80, bacc: 38.78, tmp_test_f1: 32.56, f1: 36.60
epoch: 490, val_loss:1.301058, acc: 51.80, bacc: 38.78, tmp_test_f1: 35.35, f1: 36.60
epoch: 491, val_loss:1.369178, acc: 51.80, bacc: 38.78, tmp_test_f1: 34.42, f1: 36.60
epoch: 492, val_loss:1.395830, acc: 51.80, bacc: 38.78, tmp_test_f1: 35.68, f1: 36.60
epoch: 493, val_loss:1.310594, acc: 51.80, bacc: 38.78, tmp_test_f1: 33.50, f1: 36.60
epoch: 494, val_loss:1.297973, acc: 51.80, bacc: 38.78, tmp_test_f1: 29.68, f1: 36.60
epoch: 495, val_loss:1.379718, acc: 51.80, bacc: 38.78, tmp_test_f1: 30.62, f1: 36.60
epoch: 496, val_loss:1.370031, acc: 51.80, bacc: 38.78, tmp_test_f1: 32.40, f1: 36.60
epoch: 497, val_loss:1.295222, acc: 51.80, bacc: 38.78, tmp_test_f1: 33.00, f1: 36.60
epoch: 498, val_loss:1.317500, acc: 51.80, bacc: 38.78, tmp_test_f1: 34.21, f1: 36.60
epoch: 499, val_loss:1.373406, acc: 51.80, bacc: 38.78, tmp_test_f1: 33.30, f1: 36.60
epoch: 500, val_loss:1.330546, acc: 51.80, bacc: 38.78, tmp_test_f1: 31.16, f1: 36.60
epoch: 501, val_loss:1.312726, acc: 51.80, bacc: 38.78, tmp_test_f1: 26.69, f1: 36.60
epoch: 502, val_loss:1.397512, acc: 51.80, bacc: 38.78, tmp_test_f1: 27.64, f1: 36.60
epoch: 503, val_loss:1.389373, acc: 51.80, bacc: 38.78, tmp_test_f1: 30.74, f1: 36.60
epoch: 504, val_loss:1.305809, acc: 51.80, bacc: 38.78, tmp_test_f1: 33.33, f1: 36.60
epoch: 505, val_loss:1.321687, acc: 51.80, bacc: 38.78, tmp_test_f1: 31.88, f1: 36.60
epoch: 506, val_loss:1.382025, acc: 51.80, bacc: 38.78, tmp_test_f1: 34.15, f1: 36.60
epoch: 507, val_loss:1.322650, acc: 51.80, bacc: 38.78, tmp_test_f1: 32.40, f1: 36.60
epoch: 508, val_loss:1.303674, acc: 51.80, bacc: 38.78, tmp_test_f1: 26.43, f1: 36.60
epoch: 509, val_loss:1.405511, acc: 51.80, bacc: 38.78, tmp_test_f1: 26.40, f1: 36.60
epoch: 510, val_loss:1.411214, acc: 51.80, bacc: 38.78, tmp_test_f1: 30.70, f1: 36.60
epoch: 511, val_loss:1.315174, acc: 51.80, bacc: 38.78, tmp_test_f1: 34.70, f1: 36.60
epoch: 512, val_loss:1.365355, acc: 51.80, bacc: 38.78, tmp_test_f1: 33.67, f1: 36.60
epoch: 513, val_loss:1.426686, acc: 51.80, bacc: 38.78, tmp_test_f1: 36.44, f1: 36.60
epoch: 514, val_loss:1.327578, acc: 51.80, bacc: 38.78, tmp_test_f1: 32.64, f1: 36.60
epoch: 515, val_loss:1.324333, acc: 51.80, bacc: 38.78, tmp_test_f1: 27.00, f1: 36.60
epoch: 516, val_loss:1.450730, acc: 51.80, bacc: 38.78, tmp_test_f1: 26.24, f1: 36.60
epoch: 517, val_loss:1.417915, acc: 51.80, bacc: 38.78, tmp_test_f1: 30.97, f1: 36.60
epoch: 518, val_loss:1.307419, acc: 51.80, bacc: 38.78, tmp_test_f1: 32.94, f1: 36.60
epoch: 519, val_loss:1.355068, acc: 51.80, bacc: 38.78, tmp_test_f1: 32.42, f1: 36.60
epoch: 520, val_loss:1.416541, acc: 51.80, bacc: 38.78, tmp_test_f1: 33.50, f1: 36.60
epoch: 521, val_loss:1.323444, acc: 51.80, bacc: 38.78, tmp_test_f1: 31.78, f1: 36.60
epoch: 522, val_loss:1.329005, acc: 51.80, bacc: 38.78, tmp_test_f1: 27.10, f1: 36.60
epoch: 523, val_loss:1.430336, acc: 51.80, bacc: 38.78, tmp_test_f1: 27.06, f1: 36.60
epoch: 524, val_loss:1.403558, acc: 51.80, bacc: 38.78, tmp_test_f1: 32.45, f1: 36.60
Epoch 00525: reducing learning rate of group 0 to 5.0000e-02.
epoch: 525, val_loss:1.307515, acc: 51.80, bacc: 38.78, tmp_test_f1: 35.06, f1: 36.60
epoch: 526, val_loss:1.363320, acc: 51.80, bacc: 38.78, tmp_test_f1: 34.60, f1: 36.60
epoch: 527, val_loss:1.382319, acc: 51.80, bacc: 38.78, tmp_test_f1: 33.66, f1: 36.60
epoch: 528, val_loss:1.348208, acc: 51.80, bacc: 38.78, tmp_test_f1: 32.04, f1: 36.60
epoch: 529, val_loss:1.307739, acc: 51.80, bacc: 38.78, tmp_test_f1: 31.53, f1: 36.60
epoch: 530, val_loss:1.317170, acc: 51.80, bacc: 38.78, tmp_test_f1: 28.60, f1: 36.60
epoch: 531, val_loss:1.361143, acc: 51.80, bacc: 38.78, tmp_test_f1: 27.37, f1: 36.60
epoch: 532, val_loss:1.389288, acc: 51.80, bacc: 38.78, tmp_test_f1: 29.74, f1: 36.60
epoch: 533, val_loss:1.368016, acc: 51.80, bacc: 38.78, tmp_test_f1: 30.73, f1: 36.60
epoch: 534, val_loss:1.325521, acc: 51.80, bacc: 38.78, tmp_test_f1: 32.14, f1: 36.60
epoch: 535, val_loss:1.309491, acc: 51.80, bacc: 38.78, tmp_test_f1: 32.17, f1: 36.60
epoch: 536, val_loss:1.334699, acc: 51.80, bacc: 38.78, tmp_test_f1: 33.99, f1: 36.60
epoch: 537, val_loss:1.360835, acc: 51.80, bacc: 38.78, tmp_test_f1: 32.92, f1: 36.60
epoch: 538, val_loss:1.344555, acc: 51.80, bacc: 38.78, tmp_test_f1: 32.61, f1: 36.60
epoch: 539, val_loss:1.312203, acc: 51.80, bacc: 38.78, tmp_test_f1: 32.13, f1: 36.60
epoch: 540, val_loss:1.311153, acc: 51.80, bacc: 38.78, tmp_test_f1: 30.32, f1: 36.60
epoch: 541, val_loss:1.348871, acc: 51.80, bacc: 38.78, tmp_test_f1: 29.70, f1: 36.60
epoch: 542, val_loss:1.375003, acc: 51.80, bacc: 38.78, tmp_test_f1: 30.55, f1: 36.60
epoch: 543, val_loss:1.355871, acc: 51.80, bacc: 38.78, tmp_test_f1: 30.94, f1: 36.60
epoch: 544, val_loss:1.322575, acc: 51.80, bacc: 38.78, tmp_test_f1: 33.18, f1: 36.60
epoch: 545, val_loss:1.315813, acc: 51.80, bacc: 38.78, tmp_test_f1: 33.70, f1: 36.60
epoch: 546, val_loss:1.340789, acc: 51.80, bacc: 38.78, tmp_test_f1: 35.31, f1: 36.60
epoch: 547, val_loss:1.359451, acc: 51.80, bacc: 38.78, tmp_test_f1: 34.31, f1: 36.60
epoch: 548, val_loss:1.342118, acc: 51.80, bacc: 38.78, tmp_test_f1: 32.87, f1: 36.60
epoch: 549, val_loss:1.314905, acc: 51.80, bacc: 38.78, tmp_test_f1: 32.73, f1: 36.60
epoch: 550, val_loss:1.321296, acc: 51.80, bacc: 38.78, tmp_test_f1: 31.78, f1: 36.60
epoch: 551, val_loss:1.354501, acc: 51.80, bacc: 38.78, tmp_test_f1: 30.74, f1: 36.60
epoch: 552, val_loss:1.370648, acc: 51.80, bacc: 38.78, tmp_test_f1: 32.30, f1: 36.60
epoch: 553, val_loss:1.342314, acc: 51.80, bacc: 38.78, tmp_test_f1: 32.86, f1: 36.60
epoch: 554, val_loss:1.313847, acc: 51.80, bacc: 38.78, tmp_test_f1: 32.62, f1: 36.60
epoch: 555, val_loss:1.325668, acc: 51.80, bacc: 38.78, tmp_test_f1: 33.66, f1: 36.60
epoch: 556, val_loss:1.350372, acc: 51.80, bacc: 38.78, tmp_test_f1: 33.56, f1: 36.60
epoch: 557, val_loss:1.345500, acc: 51.80, bacc: 38.78, tmp_test_f1: 33.04, f1: 36.60
epoch: 558, val_loss:1.321238, acc: 51.80, bacc: 38.78, tmp_test_f1: 32.41, f1: 36.60
epoch: 559, val_loss:1.321449, acc: 51.80, bacc: 38.78, tmp_test_f1: 29.73, f1: 36.60
epoch: 560, val_loss:1.353377, acc: 51.80, bacc: 38.78, tmp_test_f1: 28.43, f1: 36.60
epoch: 561, val_loss:1.371168, acc: 51.80, bacc: 38.78, tmp_test_f1: 30.32, f1: 36.60
epoch: 562, val_loss:1.348548, acc: 51.80, bacc: 38.78, tmp_test_f1: 32.66, f1: 36.60
epoch: 563, val_loss:1.319075, acc: 51.80, bacc: 38.78, tmp_test_f1: 34.70, f1: 36.60
epoch: 564, val_loss:1.323987, acc: 51.80, bacc: 38.78, tmp_test_f1: 34.92, f1: 36.60
epoch: 565, val_loss:1.345739, acc: 51.80, bacc: 38.78, tmp_test_f1: 33.81, f1: 36.60
epoch: 566, val_loss:1.347748, acc: 51.80, bacc: 38.78, tmp_test_f1: 33.54, f1: 36.60
epoch: 567, val_loss:1.323140, acc: 51.80, bacc: 38.78, tmp_test_f1: 33.80, f1: 36.60
epoch: 568, val_loss:1.315453, acc: 51.80, bacc: 38.78, tmp_test_f1: 31.29, f1: 36.60
epoch: 569, val_loss:1.340157, acc: 51.80, bacc: 38.78, tmp_test_f1: 29.74, f1: 36.60
epoch: 570, val_loss:1.363682, acc: 51.80, bacc: 38.78, tmp_test_f1: 30.97, f1: 36.60
epoch: 571, val_loss:1.354528, acc: 51.80, bacc: 38.78, tmp_test_f1: 30.86, f1: 36.60
epoch: 572, val_loss:1.326487, acc: 51.80, bacc: 38.78, tmp_test_f1: 32.32, f1: 36.60
epoch: 573, val_loss:1.323457, acc: 51.80, bacc: 38.78, tmp_test_f1: 33.90, f1: 36.60
epoch: 574, val_loss:1.344651, acc: 51.80, bacc: 38.78, tmp_test_f1: 34.35, f1: 36.60
epoch: 575, val_loss:1.348661, acc: 51.80, bacc: 38.78, tmp_test_f1: 33.47, f1: 36.60
epoch: 576, val_loss:1.329275, acc: 51.80, bacc: 38.78, tmp_test_f1: 31.02, f1: 36.60
epoch: 577, val_loss:1.319516, acc: 51.80, bacc: 38.78, tmp_test_f1: 30.30, f1: 36.60
epoch: 578, val_loss:1.336776, acc: 51.80, bacc: 38.78, tmp_test_f1: 29.50, f1: 36.60
epoch: 579, val_loss:1.356815, acc: 51.80, bacc: 38.78, tmp_test_f1: 29.64, f1: 36.60
epoch: 580, val_loss:1.346750, acc: 51.80, bacc: 38.78, tmp_test_f1: 32.39, f1: 36.60
epoch: 581, val_loss:1.321890, acc: 51.80, bacc: 38.78, tmp_test_f1: 34.08, f1: 36.60
epoch: 582, val_loss:1.321470, acc: 51.80, bacc: 38.78, tmp_test_f1: 33.21, f1: 36.60
epoch: 583, val_loss:1.337631, acc: 51.80, bacc: 38.78, tmp_test_f1: 32.92, f1: 36.60
epoch: 584, val_loss:1.340738, acc: 51.80, bacc: 38.78, tmp_test_f1: 33.73, f1: 36.60
epoch: 585, val_loss:1.327775, acc: 51.80, bacc: 38.78, tmp_test_f1: 31.17, f1: 36.60
epoch: 586, val_loss:1.326324, acc: 51.80, bacc: 38.78, tmp_test_f1: 31.91, f1: 36.60
epoch: 587, val_loss:1.348442, acc: 51.80, bacc: 38.78, tmp_test_f1: 31.64, f1: 36.60
epoch: 588, val_loss:1.362886, acc: 51.80, bacc: 38.78, tmp_test_f1: 32.31, f1: 36.60
epoch: 589, val_loss:1.348097, acc: 51.80, bacc: 38.78, tmp_test_f1: 32.30, f1: 36.60
epoch: 590, val_loss:1.335464, acc: 51.80, bacc: 38.78, tmp_test_f1: 34.32, f1: 36.60
epoch: 591, val_loss:1.346642, acc: 51.80, bacc: 38.78, tmp_test_f1: 34.84, f1: 36.60
epoch: 592, val_loss:1.358846, acc: 51.80, bacc: 38.78, tmp_test_f1: 34.89, f1: 36.60
epoch: 593, val_loss:1.347942, acc: 51.80, bacc: 38.78, tmp_test_f1: 31.97, f1: 36.60
epoch: 594, val_loss:1.339045, acc: 51.80, bacc: 38.78, tmp_test_f1: 31.72, f1: 36.60
epoch: 595, val_loss:1.355571, acc: 51.80, bacc: 38.78, tmp_test_f1: 30.79, f1: 36.60
epoch: 596, val_loss:1.370572, acc: 51.80, bacc: 38.78, tmp_test_f1: 32.02, f1: 36.60
epoch: 597, val_loss:1.353198, acc: 51.80, bacc: 38.78, tmp_test_f1: 32.22, f1: 36.60
epoch: 598, val_loss:1.335909, acc: 51.80, bacc: 38.78, tmp_test_f1: 34.03, f1: 36.60
epoch: 599, val_loss:1.347973, acc: 51.80, bacc: 38.78, tmp_test_f1: 35.32, f1: 36.60
epoch: 600, val_loss:1.360141, acc: 51.80, bacc: 38.78, tmp_test_f1: 34.30, f1: 36.60
epoch: 601, val_loss:1.346728, acc: 51.80, bacc: 38.78, tmp_test_f1: 32.69, f1: 36.60
epoch: 602, val_loss:1.333691, acc: 51.80, bacc: 38.78, tmp_test_f1: 32.34, f1: 36.60
epoch: 603, val_loss:1.346269, acc: 51.80, bacc: 38.78, tmp_test_f1: 30.63, f1: 36.60
epoch: 604, val_loss:1.370019, acc: 51.80, bacc: 38.78, tmp_test_f1: 30.04, f1: 36.60
epoch: 605, val_loss:1.361366, acc: 51.80, bacc: 38.78, tmp_test_f1: 31.54, f1: 36.60
epoch: 606, val_loss:1.338273, acc: 51.80, bacc: 38.78, tmp_test_f1: 33.62, f1: 36.60
epoch: 607, val_loss:1.340603, acc: 51.80, bacc: 38.78, tmp_test_f1: 34.74, f1: 36.60
epoch: 608, val_loss:1.355305, acc: 51.80, bacc: 38.78, tmp_test_f1: 34.76, f1: 36.60
epoch: 609, val_loss:1.353757, acc: 51.80, bacc: 38.78, tmp_test_f1: 32.76, f1: 36.60
epoch: 610, val_loss:1.335005, acc: 51.80, bacc: 38.78, tmp_test_f1: 31.11, f1: 36.60
epoch: 611, val_loss:1.343004, acc: 51.80, bacc: 38.78, tmp_test_f1: 29.39, f1: 36.60
epoch: 612, val_loss:1.368549, acc: 51.80, bacc: 38.78, tmp_test_f1: 30.07, f1: 36.60
epoch: 613, val_loss:1.367977, acc: 51.80, bacc: 38.78, tmp_test_f1: 30.99, f1: 36.60
epoch: 614, val_loss:1.341487, acc: 51.80, bacc: 38.78, tmp_test_f1: 34.50, f1: 36.60
epoch: 615, val_loss:1.340229, acc: 51.80, bacc: 38.78, tmp_test_f1: 33.65, f1: 36.60
epoch: 616, val_loss:1.357608, acc: 51.80, bacc: 38.78, tmp_test_f1: 34.00, f1: 36.60
epoch: 617, val_loss:1.357928, acc: 51.80, bacc: 38.78, tmp_test_f1: 34.16, f1: 36.60
epoch: 618, val_loss:1.337533, acc: 51.80, bacc: 38.78, tmp_test_f1: 32.43, f1: 36.60
epoch: 619, val_loss:1.337260, acc: 51.80, bacc: 38.78, tmp_test_f1: 31.46, f1: 36.60
epoch: 620, val_loss:1.360616, acc: 51.80, bacc: 38.78, tmp_test_f1: 32.11, f1: 36.60
epoch: 621, val_loss:1.359281, acc: 51.80, bacc: 38.78, tmp_test_f1: 33.32, f1: 36.60
epoch: 622, val_loss:1.335346, acc: 51.80, bacc: 38.78, tmp_test_f1: 33.46, f1: 36.60
epoch: 623, val_loss:1.332213, acc: 51.80, bacc: 38.78, tmp_test_f1: 34.26, f1: 36.60
epoch: 624, val_loss:1.345976, acc: 51.80, bacc: 38.78, tmp_test_f1: 34.55, f1: 36.60
epoch: 625, val_loss:1.344209, acc: 51.80, bacc: 38.78, tmp_test_f1: 32.78, f1: 36.60
epoch: 626, val_loss:1.331656, acc: 51.80, bacc: 38.78, tmp_test_f1: 32.29, f1: 36.60
epoch: 627, val_loss:1.342463, acc: 51.80, bacc: 38.78, tmp_test_f1: 30.34, f1: 36.60
epoch: 628, val_loss:1.361939, acc: 51.80, bacc: 38.78, tmp_test_f1: 30.55, f1: 36.60
epoch: 629, val_loss:1.355656, acc: 51.80, bacc: 38.78, tmp_test_f1: 31.70, f1: 36.60
epoch: 630, val_loss:1.337014, acc: 51.80, bacc: 38.78, tmp_test_f1: 33.77, f1: 36.60
epoch: 631, val_loss:1.340371, acc: 51.80, bacc: 38.78, tmp_test_f1: 35.90, f1: 36.60
epoch: 632, val_loss:1.350147, acc: 51.80, bacc: 38.78, tmp_test_f1: 35.04, f1: 36.60
epoch: 633, val_loss:1.341370, acc: 51.80, bacc: 38.78, tmp_test_f1: 32.59, f1: 36.60
epoch: 634, val_loss:1.328700, acc: 51.80, bacc: 38.78, tmp_test_f1: 31.59, f1: 36.60
epoch: 635, val_loss:1.346964, acc: 51.80, bacc: 38.78, tmp_test_f1: 31.84, f1: 36.60
epoch: 636, val_loss:1.359632, acc: 51.80, bacc: 38.78, tmp_test_f1: 33.47, f1: 36.60
epoch: 637, val_loss:1.346432, acc: 51.80, bacc: 38.78, tmp_test_f1: 33.81, f1: 36.60
epoch: 638, val_loss:1.331308, acc: 51.80, bacc: 38.78, tmp_test_f1: 34.69, f1: 36.60
epoch: 639, val_loss:1.349364, acc: 51.80, bacc: 38.78, tmp_test_f1: 35.12, f1: 36.60
epoch: 640, val_loss:1.356742, acc: 51.80, bacc: 38.78, tmp_test_f1: 34.54, f1: 36.60
epoch: 641, val_loss:1.344950, acc: 51.80, bacc: 38.78, tmp_test_f1: 31.57, f1: 36.60
epoch: 642, val_loss:1.345223, acc: 51.80, bacc: 38.78, tmp_test_f1: 29.70, f1: 36.60
epoch: 643, val_loss:1.376604, acc: 51.80, bacc: 38.78, tmp_test_f1: 28.38, f1: 36.60
epoch: 644, val_loss:1.380061, acc: 51.80, bacc: 38.78, tmp_test_f1: 30.01, f1: 36.60
epoch: 645, val_loss:1.353754, acc: 51.80, bacc: 38.78, tmp_test_f1: 34.16, f1: 36.60
epoch: 646, val_loss:1.352391, acc: 51.80, bacc: 38.78, tmp_test_f1: 35.95, f1: 36.60
epoch: 647, val_loss:1.368713, acc: 51.80, bacc: 38.78, tmp_test_f1: 35.79, f1: 36.60
epoch: 648, val_loss:1.360708, acc: 51.80, bacc: 38.78, tmp_test_f1: 32.69, f1: 36.60
epoch: 649, val_loss:1.342790, acc: 51.80, bacc: 38.78, tmp_test_f1: 31.42, f1: 36.60
epoch: 650, val_loss:1.358179, acc: 51.80, bacc: 38.78, tmp_test_f1: 31.65, f1: 36.60
epoch: 651, val_loss:1.369855, acc: 51.80, bacc: 38.78, tmp_test_f1: 33.28, f1: 36.60
epoch: 652, val_loss:1.351710, acc: 51.80, bacc: 38.78, tmp_test_f1: 34.20, f1: 36.60
epoch: 653, val_loss:1.339433, acc: 51.80, bacc: 38.78, tmp_test_f1: 34.93, f1: 36.60
epoch: 654, val_loss:1.350826, acc: 51.80, bacc: 38.78, tmp_test_f1: 35.03, f1: 36.60
epoch: 655, val_loss:1.355286, acc: 51.80, bacc: 38.78, tmp_test_f1: 34.18, f1: 36.60
epoch: 656, val_loss:1.339612, acc: 51.80, bacc: 38.78, tmp_test_f1: 33.34, f1: 36.60
epoch: 657, val_loss:1.350184, acc: 51.80, bacc: 38.78, tmp_test_f1: 30.05, f1: 36.60
epoch: 658, val_loss:1.377854, acc: 51.80, bacc: 38.78, tmp_test_f1: 30.45, f1: 36.60
epoch: 659, val_loss:1.364766, acc: 51.80, bacc: 38.78, tmp_test_f1: 32.00, f1: 36.60
epoch: 660, val_loss:1.343963, acc: 51.80, bacc: 38.78, tmp_test_f1: 34.40, f1: 36.60
epoch: 661, val_loss:1.360240, acc: 51.80, bacc: 38.78, tmp_test_f1: 35.82, f1: 36.60
epoch: 662, val_loss:1.374230, acc: 51.80, bacc: 38.78, tmp_test_f1: 33.61, f1: 36.60
epoch: 663, val_loss:1.354189, acc: 51.80, bacc: 38.78, tmp_test_f1: 32.85, f1: 36.60
epoch: 664, val_loss:1.344006, acc: 51.80, bacc: 38.78, tmp_test_f1: 30.90, f1: 36.60
epoch: 665, val_loss:1.368511, acc: 51.80, bacc: 38.78, tmp_test_f1: 30.37, f1: 36.60
epoch: 666, val_loss:1.377978, acc: 51.80, bacc: 38.78, tmp_test_f1: 33.00, f1: 36.60
epoch: 667, val_loss:1.347254, acc: 51.80, bacc: 38.78, tmp_test_f1: 34.41, f1: 36.60
epoch: 668, val_loss:1.350537, acc: 51.80, bacc: 38.78, tmp_test_f1: 33.80, f1: 36.60
epoch: 669, val_loss:1.381660, acc: 51.80, bacc: 38.78, tmp_test_f1: 33.71, f1: 36.60
epoch: 670, val_loss:1.374041, acc: 51.80, bacc: 38.78, tmp_test_f1: 33.03, f1: 36.60
epoch: 671, val_loss:1.340414, acc: 51.80, bacc: 38.78, tmp_test_f1: 31.18, f1: 36.60
epoch: 672, val_loss:1.367621, acc: 51.80, bacc: 38.78, tmp_test_f1: 26.42, f1: 36.60
epoch: 673, val_loss:1.402830, acc: 51.80, bacc: 38.78, tmp_test_f1: 29.85, f1: 36.60
epoch: 674, val_loss:1.369086, acc: 51.80, bacc: 38.78, tmp_test_f1: 32.38, f1: 36.60
epoch: 675, val_loss:1.345101, acc: 51.80, bacc: 38.78, tmp_test_f1: 35.39, f1: 36.60
epoch: 676, val_loss:1.381833, acc: 51.80, bacc: 38.78, tmp_test_f1: 36.49, f1: 36.60
epoch: 677, val_loss:1.388065, acc: 51.80, bacc: 38.78, tmp_test_f1: 34.80, f1: 36.60
epoch: 678, val_loss:1.350548, acc: 51.80, bacc: 38.78, tmp_test_f1: 30.38, f1: 36.60
epoch: 679, val_loss:1.374064, acc: 51.80, bacc: 38.78, tmp_test_f1: 27.57, f1: 36.60
epoch: 680, val_loss:1.431518, acc: 51.80, bacc: 38.78, tmp_test_f1: 28.88, f1: 36.60
epoch: 681, val_loss:1.407833, acc: 51.80, bacc: 38.78, tmp_test_f1: 33.07, f1: 36.60
epoch: 682, val_loss:1.354318, acc: 51.80, bacc: 38.78, tmp_test_f1: 34.85, f1: 36.60
epoch: 683, val_loss:1.385970, acc: 51.80, bacc: 38.78, tmp_test_f1: 35.01, f1: 36.60
epoch: 684, val_loss:1.422191, acc: 51.80, bacc: 38.78, tmp_test_f1: 35.18, f1: 36.60
epoch: 685, val_loss:1.373431, acc: 51.80, bacc: 38.78, tmp_test_f1: 34.12, f1: 36.60
epoch: 686, val_loss:1.349326, acc: 51.80, bacc: 38.78, tmp_test_f1: 29.44, f1: 36.60
epoch: 687, val_loss:1.413303, acc: 51.80, bacc: 38.78, tmp_test_f1: 29.18, f1: 36.60
epoch: 688, val_loss:1.422841, acc: 51.80, bacc: 38.78, tmp_test_f1: 33.57, f1: 36.60
epoch: 689, val_loss:1.353439, acc: 51.80, bacc: 38.78, tmp_test_f1: 35.30, f1: 36.60
epoch: 690, val_loss:1.357069, acc: 51.80, bacc: 38.78, tmp_test_f1: 34.84, f1: 36.60
epoch: 691, val_loss:1.402025, acc: 51.80, bacc: 38.78, tmp_test_f1: 35.91, f1: 36.60
epoch: 692, val_loss:1.379665, acc: 51.80, bacc: 38.78, tmp_test_f1: 35.14, f1: 36.60
epoch: 693, val_loss:1.343112, acc: 51.80, bacc: 38.78, tmp_test_f1: 31.14, f1: 36.60
epoch: 694, val_loss:1.385119, acc: 51.80, bacc: 38.78, tmp_test_f1: 28.10, f1: 36.60
epoch: 695, val_loss:1.438470, acc: 51.80, bacc: 38.78, tmp_test_f1: 30.03, f1: 36.60
epoch: 696, val_loss:1.395465, acc: 51.80, bacc: 38.78, tmp_test_f1: 34.46, f1: 36.60
epoch: 697, val_loss:1.346938, acc: 51.80, bacc: 38.78, tmp_test_f1: 35.23, f1: 36.60
epoch: 698, val_loss:1.383506, acc: 51.80, bacc: 38.78, tmp_test_f1: 33.77, f1: 36.60
test_f1 CountNotImproved reset to 0 in epoch 699
epoch: 699, val_loss:1.411012, acc: 52.60, bacc: 39.75, tmp_test_f1: 37.10, f1: 37.10
epoch: 700, val_loss:1.362486, acc: 52.60, bacc: 39.75, tmp_test_f1: 34.46, f1: 37.10
epoch: 701, val_loss:1.339088, acc: 52.60, bacc: 39.75, tmp_test_f1: 30.17, f1: 37.10
epoch: 702, val_loss:1.390044, acc: 52.60, bacc: 39.75, tmp_test_f1: 28.35, f1: 37.10
epoch: 703, val_loss:1.413551, acc: 52.60, bacc: 39.75, tmp_test_f1: 32.01, f1: 37.10
epoch: 704, val_loss:1.355896, acc: 52.60, bacc: 39.75, tmp_test_f1: 34.30, f1: 37.10
epoch: 705, val_loss:1.332478, acc: 52.60, bacc: 39.75, tmp_test_f1: 36.09, f1: 37.10
epoch: 706, val_loss:1.363809, acc: 52.60, bacc: 39.75, tmp_test_f1: 36.23, f1: 37.10
epoch: 707, val_loss:1.372402, acc: 52.60, bacc: 39.75, tmp_test_f1: 34.24, f1: 37.10
epoch: 708, val_loss:1.339925, acc: 52.60, bacc: 39.75, tmp_test_f1: 31.69, f1: 37.10
epoch: 709, val_loss:1.356668, acc: 52.60, bacc: 39.75, tmp_test_f1: 28.10, f1: 37.10
epoch: 710, val_loss:1.403072, acc: 52.60, bacc: 39.75, tmp_test_f1: 29.24, f1: 37.10
epoch: 711, val_loss:1.388024, acc: 52.60, bacc: 39.75, tmp_test_f1: 32.23, f1: 37.10
epoch: 712, val_loss:1.341689, acc: 52.60, bacc: 39.75, tmp_test_f1: 34.21, f1: 37.10
epoch: 713, val_loss:1.356849, acc: 52.60, bacc: 39.75, tmp_test_f1: 34.50, f1: 37.10
epoch: 714, val_loss:1.387397, acc: 52.60, bacc: 39.75, tmp_test_f1: 34.72, f1: 37.10
epoch: 715, val_loss:1.357043, acc: 52.60, bacc: 39.75, tmp_test_f1: 34.02, f1: 37.10
epoch: 716, val_loss:1.327283, acc: 52.60, bacc: 39.75, tmp_test_f1: 31.33, f1: 37.10
epoch: 717, val_loss:1.364370, acc: 52.60, bacc: 39.75, tmp_test_f1: 29.32, f1: 37.10
epoch: 718, val_loss:1.388391, acc: 52.60, bacc: 39.75, tmp_test_f1: 33.62, f1: 37.10
epoch: 719, val_loss:1.342904, acc: 52.60, bacc: 39.75, tmp_test_f1: 35.46, f1: 37.10
epoch: 720, val_loss:1.323320, acc: 52.60, bacc: 39.75, tmp_test_f1: 35.58, f1: 37.10
epoch: 721, val_loss:1.352255, acc: 52.60, bacc: 39.75, tmp_test_f1: 35.28, f1: 37.10
epoch: 722, val_loss:1.371124, acc: 52.60, bacc: 39.75, tmp_test_f1: 36.53, f1: 37.10
epoch: 723, val_loss:1.335016, acc: 52.60, bacc: 39.75, tmp_test_f1: 32.18, f1: 37.10
epoch: 724, val_loss:1.329692, acc: 52.60, bacc: 39.75, tmp_test_f1: 29.89, f1: 37.10
epoch: 725, val_loss:1.376138, acc: 52.60, bacc: 39.75, tmp_test_f1: 29.66, f1: 37.10
Epoch 00726: reducing learning rate of group 0 to 2.5000e-02.
epoch: 726, val_loss:1.390704, acc: 52.60, bacc: 39.75, tmp_test_f1: 32.21, f1: 37.10
epoch: 727, val_loss:1.344835, acc: 52.60, bacc: 39.75, tmp_test_f1: 33.44, f1: 37.10
epoch: 728, val_loss:1.331601, acc: 52.60, bacc: 39.75, tmp_test_f1: 35.70, f1: 37.10
epoch: 729, val_loss:1.334062, acc: 52.60, bacc: 39.75, tmp_test_f1: 35.95, f1: 37.10
epoch: 730, val_loss:1.344289, acc: 52.60, bacc: 39.75, tmp_test_f1: 35.98, f1: 37.10
epoch: 731, val_loss:1.346139, acc: 52.60, bacc: 39.75, tmp_test_f1: 36.19, f1: 37.10
epoch: 732, val_loss:1.336730, acc: 52.60, bacc: 39.75, tmp_test_f1: 33.82, f1: 37.10
