CUDA Device Index: 3
Namespace(IsDirectedData=False, AugDirect=0, net='SymDiGCN', GPUdevice=3, seed=100, undirect_dataset='CiteSeer', Direct_dataset='WikipediaNetwork/squirrel', imb_ratio=100, dropout=0.1, num_filter=2, layer=2, alpha=0.1, K=2, feat_dim=64, warmup=5, epoch=1500, lr=0.1, l2=0.0005, tau=2, max=False, no_mask=False, gdc='ppr', heads=8, log_root='../logs/', log_path='test', data_path='../dataset/data/tmp/')
test_f1 CountNotImproved reset to 0 in epoch 0
epoch:   0, val_loss:1.861950, acc: 23.10, bacc: 16.67, tmp_test_f1: 6.26, f1: 6.26
test_f1 CountNotImproved reset to 0 in epoch 1
epoch:   1, val_loss:1.838382, acc: 21.50, bacc: 16.03, tmp_test_f1: 8.65, f1: 8.65
epoch:   2, val_loss:1.825987, acc: 21.50, bacc: 16.03, tmp_test_f1: 5.11, f1: 8.65
epoch:   3, val_loss:2.051155, acc: 21.50, bacc: 16.03, tmp_test_f1: 5.11, f1: 8.65
epoch:   4, val_loss:2.856472, acc: 21.50, bacc: 16.03, tmp_test_f1: 5.11, f1: 8.65
epoch:   5, val_loss:2.611878, acc: 21.50, bacc: 16.03, tmp_test_f1: 5.11, f1: 8.65
epoch:   6, val_loss:2.327134, acc: 21.50, bacc: 16.03, tmp_test_f1: 5.11, f1: 8.65
epoch:   7, val_loss:2.222730, acc: 21.50, bacc: 16.03, tmp_test_f1: 5.11, f1: 8.65
epoch:   8, val_loss:2.172477, acc: 21.50, bacc: 16.03, tmp_test_f1: 5.11, f1: 8.65
epoch:   9, val_loss:2.156127, acc: 21.50, bacc: 16.03, tmp_test_f1: 5.11, f1: 8.65
epoch:  10, val_loss:2.175358, acc: 21.50, bacc: 16.03, tmp_test_f1: 5.11, f1: 8.65
epoch:  11, val_loss:2.230699, acc: 21.50, bacc: 16.03, tmp_test_f1: 5.11, f1: 8.65
epoch:  12, val_loss:2.312144, acc: 21.50, bacc: 16.03, tmp_test_f1: 5.11, f1: 8.65
epoch:  13, val_loss:2.397974, acc: 21.50, bacc: 16.03, tmp_test_f1: 5.11, f1: 8.65
epoch:  14, val_loss:2.458481, acc: 21.50, bacc: 16.03, tmp_test_f1: 5.11, f1: 8.65
epoch:  15, val_loss:2.471741, acc: 21.50, bacc: 16.03, tmp_test_f1: 5.11, f1: 8.65
epoch:  16, val_loss:2.443006, acc: 21.50, bacc: 16.03, tmp_test_f1: 5.11, f1: 8.65
epoch:  17, val_loss:2.392761, acc: 21.50, bacc: 16.03, tmp_test_f1: 5.11, f1: 8.65
epoch:  18, val_loss:2.338393, acc: 21.50, bacc: 16.03, tmp_test_f1: 5.11, f1: 8.65
epoch:  19, val_loss:2.299494, acc: 21.50, bacc: 16.03, tmp_test_f1: 5.11, f1: 8.65
epoch:  20, val_loss:2.279150, acc: 21.50, bacc: 16.03, tmp_test_f1: 5.11, f1: 8.65
epoch:  21, val_loss:2.272465, acc: 21.50, bacc: 16.03, tmp_test_f1: 5.11, f1: 8.65
epoch:  22, val_loss:2.271906, acc: 21.50, bacc: 16.03, tmp_test_f1: 5.11, f1: 8.65
epoch:  23, val_loss:2.274870, acc: 21.50, bacc: 16.03, tmp_test_f1: 5.11, f1: 8.65
epoch:  24, val_loss:2.277956, acc: 21.50, bacc: 16.03, tmp_test_f1: 5.11, f1: 8.65
epoch:  25, val_loss:2.278038, acc: 21.50, bacc: 16.03, tmp_test_f1: 5.11, f1: 8.65
epoch:  26, val_loss:2.262585, acc: 21.50, bacc: 16.03, tmp_test_f1: 5.11, f1: 8.65
epoch:  27, val_loss:2.233679, acc: 21.50, bacc: 16.03, tmp_test_f1: 5.11, f1: 8.65
epoch:  28, val_loss:2.209087, acc: 21.50, bacc: 16.03, tmp_test_f1: 5.11, f1: 8.65
epoch:  29, val_loss:2.192164, acc: 21.50, bacc: 16.03, tmp_test_f1: 5.11, f1: 8.65
epoch:  30, val_loss:2.187494, acc: 21.50, bacc: 16.03, tmp_test_f1: 5.11, f1: 8.65
epoch:  31, val_loss:2.185995, acc: 21.50, bacc: 16.03, tmp_test_f1: 5.11, f1: 8.65
epoch:  32, val_loss:2.148651, acc: 21.50, bacc: 16.03, tmp_test_f1: 5.11, f1: 8.65
epoch:  33, val_loss:2.060785, acc: 21.50, bacc: 16.03, tmp_test_f1: 5.11, f1: 8.65
epoch:  34, val_loss:1.995151, acc: 21.50, bacc: 16.03, tmp_test_f1: 5.11, f1: 8.65
test_f1 CountNotImproved reset to 0 in epoch 35
epoch:  35, val_loss:1.984700, acc: 27.90, bacc: 23.68, tmp_test_f1: 13.57, f1: 13.57
test_f1 CountNotImproved reset to 0 in epoch 36
epoch:  36, val_loss:1.973689, acc: 33.60, bacc: 27.75, tmp_test_f1: 15.86, f1: 15.86
test_f1 CountNotImproved reset to 0 in epoch 37
epoch:  37, val_loss:1.894113, acc: 34.40, bacc: 28.33, tmp_test_f1: 16.31, f1: 16.31
epoch:  38, val_loss:1.875379, acc: 34.40, bacc: 28.33, tmp_test_f1: 15.56, f1: 16.31
epoch:  39, val_loss:1.929341, acc: 34.40, bacc: 28.33, tmp_test_f1: 16.10, f1: 16.31
test_f1 CountNotImproved reset to 0 in epoch 40
epoch:  40, val_loss:1.898152, acc: 35.50, bacc: 29.06, tmp_test_f1: 17.08, f1: 17.08
epoch:  41, val_loss:1.870545, acc: 35.50, bacc: 29.06, tmp_test_f1: 16.21, f1: 17.08
epoch:  42, val_loss:1.926584, acc: 35.50, bacc: 29.06, tmp_test_f1: 16.89, f1: 17.08
epoch:  43, val_loss:1.896124, acc: 35.50, bacc: 29.06, tmp_test_f1: 16.82, f1: 17.08
epoch:  44, val_loss:1.907457, acc: 35.50, bacc: 29.06, tmp_test_f1: 16.73, f1: 17.08
epoch:  45, val_loss:1.925240, acc: 35.50, bacc: 29.06, tmp_test_f1: 16.97, f1: 17.08
epoch:  46, val_loss:1.903139, acc: 35.50, bacc: 29.06, tmp_test_f1: 16.00, f1: 17.08
test_f1 CountNotImproved reset to 0 in epoch 47
epoch:  47, val_loss:2.013275, acc: 36.20, bacc: 29.19, tmp_test_f1: 18.25, f1: 18.25
epoch:  48, val_loss:1.847428, acc: 36.20, bacc: 29.19, tmp_test_f1: 17.08, f1: 18.25
epoch:  49, val_loss:1.905603, acc: 36.20, bacc: 29.19, tmp_test_f1: 15.39, f1: 18.25
epoch:  50, val_loss:2.168974, acc: 36.20, bacc: 29.19, tmp_test_f1: 17.02, f1: 18.25
test_f1 CountNotImproved reset to 0 in epoch 51
epoch:  51, val_loss:1.934243, acc: 36.40, bacc: 29.41, tmp_test_f1: 18.46, f1: 18.46
epoch:  52, val_loss:1.888322, acc: 36.40, bacc: 29.41, tmp_test_f1: 17.73, f1: 18.46
epoch:  53, val_loss:1.918025, acc: 36.40, bacc: 29.41, tmp_test_f1: 16.56, f1: 18.46
epoch:  54, val_loss:2.067803, acc: 36.40, bacc: 29.41, tmp_test_f1: 16.10, f1: 18.46
epoch:  55, val_loss:2.168369, acc: 36.40, bacc: 29.41, tmp_test_f1: 17.04, f1: 18.46
epoch:  56, val_loss:1.989532, acc: 36.40, bacc: 29.41, tmp_test_f1: 17.85, f1: 18.46
epoch:  57, val_loss:1.959411, acc: 36.40, bacc: 29.41, tmp_test_f1: 16.87, f1: 18.46
epoch:  58, val_loss:2.023716, acc: 36.40, bacc: 29.41, tmp_test_f1: 16.11, f1: 18.46
epoch:  59, val_loss:2.196764, acc: 36.40, bacc: 29.41, tmp_test_f1: 16.89, f1: 18.46
epoch:  60, val_loss:2.027724, acc: 36.40, bacc: 29.41, tmp_test_f1: 17.77, f1: 18.46
epoch:  61, val_loss:1.983916, acc: 36.40, bacc: 29.41, tmp_test_f1: 16.81, f1: 18.46
epoch:  62, val_loss:2.057102, acc: 36.40, bacc: 29.41, tmp_test_f1: 16.38, f1: 18.46
epoch:  63, val_loss:2.140119, acc: 36.40, bacc: 29.41, tmp_test_f1: 17.03, f1: 18.46
epoch:  64, val_loss:2.047987, acc: 36.40, bacc: 29.41, tmp_test_f1: 17.76, f1: 18.46
epoch:  65, val_loss:2.011850, acc: 36.40, bacc: 29.41, tmp_test_f1: 16.77, f1: 18.46
epoch:  66, val_loss:2.076762, acc: 36.40, bacc: 29.41, tmp_test_f1: 16.29, f1: 18.46
epoch:  67, val_loss:2.138641, acc: 36.40, bacc: 29.41, tmp_test_f1: 17.16, f1: 18.46
epoch:  68, val_loss:2.052771, acc: 36.40, bacc: 29.41, tmp_test_f1: 17.13, f1: 18.46
epoch:  69, val_loss:2.058891, acc: 36.40, bacc: 29.41, tmp_test_f1: 16.26, f1: 18.46
epoch:  70, val_loss:2.165196, acc: 36.40, bacc: 29.41, tmp_test_f1: 16.94, f1: 18.46
epoch:  71, val_loss:2.059076, acc: 36.40, bacc: 29.41, tmp_test_f1: 16.87, f1: 18.46
epoch:  72, val_loss:2.060711, acc: 36.40, bacc: 29.41, tmp_test_f1: 16.35, f1: 18.46
epoch:  73, val_loss:2.141632, acc: 36.40, bacc: 29.41, tmp_test_f1: 16.75, f1: 18.46
epoch:  74, val_loss:2.073629, acc: 36.40, bacc: 29.41, tmp_test_f1: 16.93, f1: 18.46
epoch:  75, val_loss:2.048698, acc: 36.40, bacc: 29.41, tmp_test_f1: 16.73, f1: 18.46
epoch:  76, val_loss:2.071411, acc: 36.40, bacc: 29.41, tmp_test_f1: 16.68, f1: 18.46
epoch:  77, val_loss:2.086137, acc: 36.40, bacc: 29.41, tmp_test_f1: 16.88, f1: 18.46
epoch:  78, val_loss:2.049081, acc: 36.40, bacc: 29.41, tmp_test_f1: 16.59, f1: 18.46
epoch:  79, val_loss:2.075169, acc: 36.40, bacc: 29.41, tmp_test_f1: 16.62, f1: 18.46
epoch:  80, val_loss:2.058509, acc: 36.40, bacc: 29.41, tmp_test_f1: 16.71, f1: 18.46
epoch:  81, val_loss:2.056521, acc: 36.40, bacc: 29.41, tmp_test_f1: 16.69, f1: 18.46
epoch:  82, val_loss:2.060443, acc: 36.40, bacc: 29.41, tmp_test_f1: 16.66, f1: 18.46
epoch:  83, val_loss:2.074635, acc: 36.40, bacc: 29.41, tmp_test_f1: 17.02, f1: 18.46
epoch:  84, val_loss:2.038789, acc: 36.40, bacc: 29.41, tmp_test_f1: 16.53, f1: 18.46
epoch:  85, val_loss:2.097451, acc: 36.40, bacc: 29.41, tmp_test_f1: 16.90, f1: 18.46
epoch:  86, val_loss:2.038299, acc: 36.40, bacc: 29.41, tmp_test_f1: 16.31, f1: 18.46
epoch:  87, val_loss:2.118725, acc: 36.40, bacc: 29.41, tmp_test_f1: 17.02, f1: 18.46
epoch:  88, val_loss:2.012211, acc: 36.40, bacc: 29.41, tmp_test_f1: 16.27, f1: 18.46
epoch:  89, val_loss:2.150817, acc: 36.40, bacc: 29.41, tmp_test_f1: 17.00, f1: 18.46
epoch:  90, val_loss:2.009468, acc: 36.40, bacc: 29.41, tmp_test_f1: 16.89, f1: 18.46
epoch:  91, val_loss:2.028025, acc: 36.40, bacc: 29.41, tmp_test_f1: 16.61, f1: 18.46
epoch:  92, val_loss:2.087865, acc: 36.40, bacc: 29.41, tmp_test_f1: 17.11, f1: 18.46
epoch:  93, val_loss:2.023163, acc: 36.40, bacc: 29.41, tmp_test_f1: 16.66, f1: 18.46
epoch:  94, val_loss:2.060640, acc: 36.40, bacc: 29.41, tmp_test_f1: 16.48, f1: 18.46
epoch:  95, val_loss:2.098593, acc: 36.40, bacc: 29.41, tmp_test_f1: 16.92, f1: 18.46
epoch:  96, val_loss:2.034980, acc: 36.40, bacc: 29.41, tmp_test_f1: 15.92, f1: 18.46
epoch:  97, val_loss:2.184965, acc: 36.40, bacc: 29.41, tmp_test_f1: 17.50, f1: 18.46
epoch:  98, val_loss:2.026500, acc: 36.40, bacc: 29.41, tmp_test_f1: 14.20, f1: 18.46
epoch:  99, val_loss:2.601878, acc: 36.40, bacc: 29.41, tmp_test_f1: 17.98, f1: 18.46
epoch: 100, val_loss:1.992541, acc: 36.40, bacc: 29.41, tmp_test_f1: 18.29, f1: 18.46
epoch: 101, val_loss:2.067094, acc: 36.40, bacc: 29.41, tmp_test_f1: 17.00, f1: 18.46
epoch: 102, val_loss:2.088835, acc: 36.40, bacc: 29.41, tmp_test_f1: 16.15, f1: 18.46
epoch: 103, val_loss:2.520338, acc: 36.40, bacc: 29.41, tmp_test_f1: 16.11, f1: 18.46
epoch: 104, val_loss:2.530712, acc: 36.40, bacc: 29.41, tmp_test_f1: 16.88, f1: 18.46
epoch: 105, val_loss:2.180633, acc: 36.40, bacc: 29.41, tmp_test_f1: 18.03, f1: 18.46
epoch: 106, val_loss:2.011168, acc: 36.40, bacc: 29.41, tmp_test_f1: 18.26, f1: 18.46
epoch: 107, val_loss:2.047049, acc: 36.40, bacc: 29.41, tmp_test_f1: 17.97, f1: 18.46
epoch: 108, val_loss:2.031631, acc: 36.40, bacc: 29.41, tmp_test_f1: 17.01, f1: 18.46
epoch: 109, val_loss:2.158068, acc: 36.40, bacc: 29.41, tmp_test_f1: 16.30, f1: 18.46
epoch: 110, val_loss:2.402455, acc: 36.40, bacc: 29.41, tmp_test_f1: 16.21, f1: 18.46
epoch: 111, val_loss:2.388120, acc: 36.40, bacc: 29.41, tmp_test_f1: 16.88, f1: 18.46
epoch: 112, val_loss:2.168317, acc: 36.40, bacc: 29.41, tmp_test_f1: 17.71, f1: 18.46
epoch: 113, val_loss:2.095184, acc: 36.40, bacc: 29.41, tmp_test_f1: 17.65, f1: 18.46
epoch: 114, val_loss:2.099902, acc: 36.40, bacc: 29.41, tmp_test_f1: 16.54, f1: 18.46
epoch: 115, val_loss:2.218925, acc: 36.40, bacc: 29.41, tmp_test_f1: 15.87, f1: 18.46
epoch: 116, val_loss:2.355757, acc: 36.40, bacc: 29.41, tmp_test_f1: 16.60, f1: 18.46
epoch: 117, val_loss:2.160124, acc: 36.40, bacc: 29.41, tmp_test_f1: 17.83, f1: 18.46
epoch: 118, val_loss:2.084135, acc: 36.40, bacc: 29.41, tmp_test_f1: 17.34, f1: 18.46
epoch: 119, val_loss:2.075368, acc: 36.40, bacc: 29.41, tmp_test_f1: 16.49, f1: 18.46
epoch: 120, val_loss:2.153030, acc: 36.40, bacc: 29.41, tmp_test_f1: 16.38, f1: 18.46
epoch: 121, val_loss:2.228377, acc: 36.40, bacc: 29.41, tmp_test_f1: 16.56, f1: 18.46
epoch: 122, val_loss:2.094686, acc: 36.40, bacc: 29.41, tmp_test_f1: 17.31, f1: 18.46
epoch: 123, val_loss:2.045612, acc: 36.40, bacc: 29.41, tmp_test_f1: 17.05, f1: 18.46
epoch: 124, val_loss:2.054563, acc: 36.40, bacc: 29.41, tmp_test_f1: 16.41, f1: 18.46
epoch: 125, val_loss:2.158187, acc: 36.40, bacc: 29.41, tmp_test_f1: 16.36, f1: 18.46
epoch: 126, val_loss:2.218919, acc: 36.40, bacc: 29.41, tmp_test_f1: 16.85, f1: 18.46
epoch: 127, val_loss:2.079756, acc: 36.40, bacc: 29.41, tmp_test_f1: 17.38, f1: 18.46
epoch: 128, val_loss:2.057070, acc: 36.40, bacc: 29.41, tmp_test_f1: 16.69, f1: 18.46
epoch: 129, val_loss:2.104311, acc: 36.40, bacc: 29.41, tmp_test_f1: 15.92, f1: 18.46
epoch: 130, val_loss:2.247382, acc: 36.40, bacc: 29.41, tmp_test_f1: 16.69, f1: 18.46
epoch: 131, val_loss:2.113444, acc: 36.40, bacc: 29.41, tmp_test_f1: 17.34, f1: 18.46
epoch: 132, val_loss:2.059075, acc: 36.40, bacc: 29.41, tmp_test_f1: 17.13, f1: 18.46
epoch: 133, val_loss:2.072903, acc: 36.40, bacc: 29.41, tmp_test_f1: 16.39, f1: 18.46
epoch: 134, val_loss:2.182871, acc: 36.40, bacc: 29.41, tmp_test_f1: 16.43, f1: 18.46
epoch: 135, val_loss:2.155807, acc: 36.40, bacc: 29.41, tmp_test_f1: 17.03, f1: 18.46
epoch: 136, val_loss:2.057010, acc: 36.40, bacc: 29.41, tmp_test_f1: 17.18, f1: 18.46
epoch: 137, val_loss:2.046802, acc: 36.40, bacc: 29.41, tmp_test_f1: 16.63, f1: 18.46
epoch: 138, val_loss:2.091540, acc: 36.40, bacc: 29.41, tmp_test_f1: 16.08, f1: 18.46
epoch: 139, val_loss:2.168977, acc: 36.40, bacc: 29.41, tmp_test_f1: 16.85, f1: 18.46
epoch: 140, val_loss:2.079129, acc: 36.40, bacc: 29.41, tmp_test_f1: 17.01, f1: 18.46
epoch: 141, val_loss:2.060193, acc: 36.40, bacc: 29.41, tmp_test_f1: 16.41, f1: 18.46
epoch: 142, val_loss:2.123873, acc: 36.40, bacc: 29.41, tmp_test_f1: 16.31, f1: 18.46
epoch: 143, val_loss:2.133260, acc: 36.40, bacc: 29.41, tmp_test_f1: 16.99, f1: 18.46
epoch: 144, val_loss:2.066771, acc: 36.40, bacc: 29.41, tmp_test_f1: 16.86, f1: 18.46
epoch: 145, val_loss:2.083623, acc: 36.40, bacc: 29.41, tmp_test_f1: 16.23, f1: 18.46
epoch: 146, val_loss:2.161841, acc: 36.40, bacc: 29.41, tmp_test_f1: 16.93, f1: 18.46
epoch: 147, val_loss:2.074368, acc: 36.40, bacc: 29.41, tmp_test_f1: 16.94, f1: 18.46
epoch: 148, val_loss:2.062071, acc: 36.40, bacc: 29.41, tmp_test_f1: 16.25, f1: 18.46
epoch: 149, val_loss:2.130368, acc: 36.40, bacc: 29.41, tmp_test_f1: 16.46, f1: 18.46
epoch: 150, val_loss:2.103124, acc: 36.40, bacc: 29.41, tmp_test_f1: 16.92, f1: 18.46
epoch: 151, val_loss:2.060802, acc: 36.40, bacc: 29.41, tmp_test_f1: 16.19, f1: 18.46
epoch: 152, val_loss:2.118761, acc: 36.40, bacc: 29.41, tmp_test_f1: 16.22, f1: 18.46
epoch: 153, val_loss:2.121835, acc: 36.40, bacc: 29.41, tmp_test_f1: 17.13, f1: 18.46
epoch: 154, val_loss:2.061444, acc: 36.40, bacc: 29.41, tmp_test_f1: 16.59, f1: 18.46
epoch: 155, val_loss:2.100732, acc: 36.40, bacc: 29.41, tmp_test_f1: 16.00, f1: 18.46
epoch: 156, val_loss:2.179626, acc: 36.40, bacc: 29.41, tmp_test_f1: 17.25, f1: 18.46
epoch: 157, val_loss:2.052588, acc: 36.40, bacc: 29.41, tmp_test_f1: 16.63, f1: 18.46
epoch: 158, val_loss:2.103790, acc: 36.40, bacc: 29.41, tmp_test_f1: 15.72, f1: 18.46
epoch: 159, val_loss:2.236367, acc: 36.40, bacc: 29.41, tmp_test_f1: 17.76, f1: 18.46
epoch: 160, val_loss:2.048429, acc: 36.40, bacc: 29.41, tmp_test_f1: 17.26, f1: 18.46
epoch: 161, val_loss:2.054303, acc: 36.40, bacc: 29.41, tmp_test_f1: 15.89, f1: 18.46
epoch: 162, val_loss:2.285371, acc: 36.40, bacc: 29.41, tmp_test_f1: 16.79, f1: 18.46
epoch: 163, val_loss:2.088469, acc: 36.40, bacc: 29.41, tmp_test_f1: 17.74, f1: 18.46
epoch: 164, val_loss:2.031310, acc: 36.40, bacc: 29.41, tmp_test_f1: 16.89, f1: 18.46
epoch: 165, val_loss:2.078806, acc: 36.40, bacc: 29.41, tmp_test_f1: 15.64, f1: 18.46
epoch: 166, val_loss:2.249761, acc: 36.40, bacc: 29.41, tmp_test_f1: 17.20, f1: 18.46
epoch: 167, val_loss:2.054419, acc: 36.40, bacc: 29.41, tmp_test_f1: 17.19, f1: 18.46
epoch: 168, val_loss:2.051081, acc: 36.40, bacc: 29.41, tmp_test_f1: 15.88, f1: 18.46
epoch: 169, val_loss:2.195997, acc: 36.40, bacc: 29.41, tmp_test_f1: 16.25, f1: 18.46
epoch: 170, val_loss:2.133499, acc: 36.40, bacc: 29.41, tmp_test_f1: 17.01, f1: 18.46
epoch: 171, val_loss:2.062713, acc: 36.40, bacc: 29.41, tmp_test_f1: 16.29, f1: 18.46
epoch: 172, val_loss:2.118180, acc: 36.40, bacc: 29.41, tmp_test_f1: 15.85, f1: 18.46
epoch: 173, val_loss:2.169198, acc: 36.40, bacc: 29.41, tmp_test_f1: 17.32, f1: 18.46
epoch: 174, val_loss:2.064018, acc: 36.40, bacc: 29.41, tmp_test_f1: 16.30, f1: 18.46
epoch: 175, val_loss:2.133272, acc: 36.40, bacc: 29.41, tmp_test_f1: 15.82, f1: 18.46
epoch: 176, val_loss:2.176185, acc: 36.40, bacc: 29.41, tmp_test_f1: 17.71, f1: 18.46
epoch: 177, val_loss:2.061856, acc: 36.40, bacc: 29.41, tmp_test_f1: 15.82, f1: 18.46
epoch: 178, val_loss:2.173494, acc: 36.40, bacc: 29.41, tmp_test_f1: 16.45, f1: 18.46
epoch: 179, val_loss:2.118742, acc: 36.40, bacc: 29.41, tmp_test_f1: 17.19, f1: 18.46
epoch: 180, val_loss:2.055618, acc: 36.40, bacc: 29.41, tmp_test_f1: 15.97, f1: 18.46
epoch: 181, val_loss:2.135160, acc: 36.40, bacc: 29.41, tmp_test_f1: 16.08, f1: 18.46
epoch: 182, val_loss:2.113792, acc: 36.40, bacc: 29.41, tmp_test_f1: 16.95, f1: 18.46
epoch: 183, val_loss:2.057013, acc: 36.40, bacc: 29.41, tmp_test_f1: 15.38, f1: 18.46
epoch: 184, val_loss:2.193712, acc: 36.40, bacc: 29.41, tmp_test_f1: 17.49, f1: 18.46
epoch: 185, val_loss:2.043927, acc: 36.40, bacc: 29.41, tmp_test_f1: 15.96, f1: 18.46
epoch: 186, val_loss:2.195481, acc: 36.40, bacc: 29.41, tmp_test_f1: 16.43, f1: 18.46
epoch: 187, val_loss:2.148574, acc: 36.40, bacc: 29.41, tmp_test_f1: 17.33, f1: 18.46
epoch: 188, val_loss:2.053701, acc: 36.40, bacc: 29.41, tmp_test_f1: 16.48, f1: 18.46
epoch: 189, val_loss:2.104456, acc: 36.40, bacc: 29.41, tmp_test_f1: 15.70, f1: 18.46
epoch: 190, val_loss:2.193342, acc: 36.40, bacc: 29.41, tmp_test_f1: 17.76, f1: 18.46
epoch: 191, val_loss:2.045544, acc: 36.40, bacc: 29.41, tmp_test_f1: 15.69, f1: 18.46
epoch: 192, val_loss:2.193394, acc: 36.40, bacc: 29.41, tmp_test_f1: 16.10, f1: 18.46
epoch: 193, val_loss:2.176240, acc: 36.40, bacc: 29.41, tmp_test_f1: 17.38, f1: 18.46
epoch: 194, val_loss:2.055703, acc: 36.40, bacc: 29.41, tmp_test_f1: 15.87, f1: 18.46
epoch: 195, val_loss:2.199135, acc: 36.40, bacc: 29.41, tmp_test_f1: 16.50, f1: 18.46
epoch: 196, val_loss:2.135038, acc: 36.40, bacc: 29.41, tmp_test_f1: 16.95, f1: 18.46
epoch: 197, val_loss:2.097342, acc: 36.40, bacc: 29.41, tmp_test_f1: 15.17, f1: 18.46
test_f1 CountNotImproved reset to 0 in epoch 198
epoch: 198, val_loss:2.248412, acc: 40.00, bacc: 34.95, tmp_test_f1: 26.26, f1: 26.26
epoch: 199, val_loss:2.100676, acc: 40.00, bacc: 34.95, tmp_test_f1: 22.27, f1: 26.26
epoch: 200, val_loss:2.249207, acc: 40.00, bacc: 34.95, tmp_test_f1: 21.20, f1: 26.26
test_f1 CountNotImproved reset to 0 in epoch 201
epoch: 201, val_loss:2.300121, acc: 40.90, bacc: 35.79, tmp_test_f1: 26.52, f1: 26.52
test_f1 CountNotImproved reset to 0 in epoch 202
epoch: 202, val_loss:2.055506, acc: 42.10, bacc: 36.43, tmp_test_f1: 27.18, f1: 27.18
Epoch 00203: reducing learning rate of group 0 to 5.0000e-02.
epoch: 203, val_loss:2.050479, acc: 42.10, bacc: 36.43, tmp_test_f1: 15.73, f1: 27.18
epoch: 204, val_loss:2.307997, acc: 42.10, bacc: 36.43, tmp_test_f1: 16.12, f1: 27.18
epoch: 205, val_loss:2.194072, acc: 42.10, bacc: 36.43, tmp_test_f1: 17.10, f1: 27.18
epoch: 206, val_loss:2.065724, acc: 42.10, bacc: 36.43, tmp_test_f1: 26.46, f1: 27.18
epoch: 207, val_loss:2.039270, acc: 42.10, bacc: 36.43, tmp_test_f1: 25.42, f1: 27.18
epoch: 208, val_loss:2.065138, acc: 42.10, bacc: 36.43, tmp_test_f1: 22.25, f1: 27.18
epoch: 209, val_loss:2.182253, acc: 42.10, bacc: 36.43, tmp_test_f1: 23.45, f1: 27.18
epoch: 210, val_loss:2.210673, acc: 42.10, bacc: 36.43, tmp_test_f1: 26.65, f1: 27.18
epoch: 211, val_loss:2.101503, acc: 42.10, bacc: 36.43, tmp_test_f1: 26.96, f1: 27.18
epoch: 212, val_loss:2.081354, acc: 42.10, bacc: 36.43, tmp_test_f1: 26.71, f1: 27.18
epoch: 213, val_loss:2.129615, acc: 42.10, bacc: 36.43, tmp_test_f1: 26.10, f1: 27.18
epoch: 214, val_loss:2.221803, acc: 42.10, bacc: 36.43, tmp_test_f1: 26.82, f1: 27.18
epoch: 215, val_loss:2.156652, acc: 42.10, bacc: 36.43, tmp_test_f1: 26.76, f1: 27.18
epoch: 216, val_loss:2.118879, acc: 42.10, bacc: 36.43, tmp_test_f1: 26.80, f1: 27.18
epoch: 217, val_loss:2.156131, acc: 42.10, bacc: 36.43, tmp_test_f1: 26.58, f1: 27.18
epoch: 218, val_loss:2.219986, acc: 42.10, bacc: 36.43, tmp_test_f1: 26.75, f1: 27.18
epoch: 219, val_loss:2.176195, acc: 42.10, bacc: 36.43, tmp_test_f1: 26.92, f1: 27.18
epoch: 220, val_loss:2.125466, acc: 42.10, bacc: 36.43, tmp_test_f1: 26.80, f1: 27.18
epoch: 221, val_loss:2.142615, acc: 42.10, bacc: 36.43, tmp_test_f1: 26.32, f1: 27.18
epoch: 222, val_loss:2.190141, acc: 42.10, bacc: 36.43, tmp_test_f1: 27.00, f1: 27.18
epoch: 223, val_loss:2.135369, acc: 42.10, bacc: 36.43, tmp_test_f1: 27.04, f1: 27.18
epoch: 224, val_loss:2.096799, acc: 42.10, bacc: 36.43, tmp_test_f1: 26.78, f1: 27.18
epoch: 225, val_loss:2.137915, acc: 42.10, bacc: 36.43, tmp_test_f1: 26.96, f1: 27.18
epoch: 226, val_loss:2.161088, acc: 42.10, bacc: 36.43, tmp_test_f1: 27.03, f1: 27.18
epoch: 227, val_loss:2.100796, acc: 42.10, bacc: 36.43, tmp_test_f1: 26.94, f1: 27.18
epoch: 228, val_loss:2.096753, acc: 42.10, bacc: 36.43, tmp_test_f1: 26.90, f1: 27.18
epoch: 229, val_loss:2.161106, acc: 42.10, bacc: 36.43, tmp_test_f1: 26.80, f1: 27.18
epoch: 230, val_loss:2.154791, acc: 42.10, bacc: 36.43, tmp_test_f1: 27.11, f1: 27.18
epoch: 231, val_loss:2.108380, acc: 42.10, bacc: 36.43, tmp_test_f1: 27.07, f1: 27.18
epoch: 232, val_loss:2.137688, acc: 42.10, bacc: 36.43, tmp_test_f1: 26.79, f1: 27.18
epoch: 233, val_loss:2.182424, acc: 42.10, bacc: 36.43, tmp_test_f1: 26.92, f1: 27.18
test_f1 CountNotImproved reset to 0 in epoch 234
epoch: 234, val_loss:2.135192, acc: 42.50, bacc: 37.01, tmp_test_f1: 27.26, f1: 27.26
epoch: 235, val_loss:2.146341, acc: 42.50, bacc: 37.01, tmp_test_f1: 27.10, f1: 27.26
test_f1 CountNotImproved reset to 0 in epoch 236
epoch: 236, val_loss:2.183328, acc: 42.50, bacc: 37.04, tmp_test_f1: 27.30, f1: 27.30
epoch: 237, val_loss:2.157725, acc: 42.50, bacc: 37.04, tmp_test_f1: 27.23, f1: 27.30
test_f1 CountNotImproved reset to 0 in epoch 238
epoch: 238, val_loss:2.158124, acc: 42.70, bacc: 37.18, tmp_test_f1: 27.52, f1: 27.52
epoch: 239, val_loss:2.174859, acc: 42.70, bacc: 37.18, tmp_test_f1: 27.35, f1: 27.52
epoch: 240, val_loss:2.204915, acc: 42.70, bacc: 37.18, tmp_test_f1: 27.38, f1: 27.52
epoch: 241, val_loss:2.150814, acc: 42.70, bacc: 37.18, tmp_test_f1: 27.40, f1: 27.52
epoch: 242, val_loss:2.187478, acc: 42.70, bacc: 37.18, tmp_test_f1: 27.37, f1: 27.52
epoch: 243, val_loss:2.206272, acc: 42.70, bacc: 37.18, tmp_test_f1: 27.42, f1: 27.52
test_f1 CountNotImproved reset to 0 in epoch 244
epoch: 244, val_loss:2.156459, acc: 43.10, bacc: 37.49, tmp_test_f1: 27.65, f1: 27.65
epoch: 245, val_loss:2.176744, acc: 43.10, bacc: 37.49, tmp_test_f1: 27.40, f1: 27.65
epoch: 246, val_loss:2.196785, acc: 43.10, bacc: 37.49, tmp_test_f1: 27.49, f1: 27.65
epoch: 247, val_loss:2.156884, acc: 43.10, bacc: 37.49, tmp_test_f1: 27.58, f1: 27.65
epoch: 248, val_loss:2.183605, acc: 43.10, bacc: 37.49, tmp_test_f1: 27.57, f1: 27.65
epoch: 249, val_loss:2.152898, acc: 43.10, bacc: 37.49, tmp_test_f1: 27.20, f1: 27.65
epoch: 250, val_loss:2.176980, acc: 43.10, bacc: 37.49, tmp_test_f1: 27.44, f1: 27.65
epoch: 251, val_loss:2.166225, acc: 43.10, bacc: 37.49, tmp_test_f1: 27.42, f1: 27.65
epoch: 252, val_loss:2.143430, acc: 43.10, bacc: 37.49, tmp_test_f1: 27.39, f1: 27.65
epoch: 253, val_loss:2.198194, acc: 43.10, bacc: 37.49, tmp_test_f1: 27.38, f1: 27.65
epoch: 254, val_loss:2.151806, acc: 43.10, bacc: 37.49, tmp_test_f1: 27.52, f1: 27.65
epoch: 255, val_loss:2.167106, acc: 43.10, bacc: 37.49, tmp_test_f1: 27.60, f1: 27.65
epoch: 256, val_loss:2.215881, acc: 43.10, bacc: 37.49, tmp_test_f1: 27.40, f1: 27.65
epoch: 257, val_loss:2.155554, acc: 43.10, bacc: 37.49, tmp_test_f1: 27.40, f1: 27.65
epoch: 258, val_loss:2.188613, acc: 43.10, bacc: 37.49, tmp_test_f1: 27.43, f1: 27.65
epoch: 259, val_loss:2.212473, acc: 43.10, bacc: 37.49, tmp_test_f1: 27.19, f1: 27.65
epoch: 260, val_loss:2.160111, acc: 43.10, bacc: 37.49, tmp_test_f1: 27.42, f1: 27.65
epoch: 261, val_loss:2.209225, acc: 43.10, bacc: 37.49, tmp_test_f1: 27.39, f1: 27.65
epoch: 262, val_loss:2.182862, acc: 43.10, bacc: 37.49, tmp_test_f1: 27.48, f1: 27.65
epoch: 263, val_loss:2.186869, acc: 43.10, bacc: 37.49, tmp_test_f1: 27.44, f1: 27.65
epoch: 264, val_loss:2.191524, acc: 43.10, bacc: 37.49, tmp_test_f1: 27.48, f1: 27.65
epoch: 265, val_loss:2.212232, acc: 43.10, bacc: 37.49, tmp_test_f1: 27.64, f1: 27.65
test_f1 CountNotImproved reset to 0 in epoch 266
epoch: 266, val_loss:2.200786, acc: 43.40, bacc: 37.79, tmp_test_f1: 27.69, f1: 27.69
test_f1 CountNotImproved reset to 0 in epoch 267
epoch: 267, val_loss:2.192197, acc: 43.50, bacc: 37.88, tmp_test_f1: 27.81, f1: 27.81
epoch: 268, val_loss:2.216313, acc: 43.50, bacc: 37.88, tmp_test_f1: 27.71, f1: 27.81
epoch: 269, val_loss:2.191419, acc: 43.50, bacc: 37.88, tmp_test_f1: 27.72, f1: 27.81
epoch: 270, val_loss:2.220026, acc: 43.50, bacc: 37.88, tmp_test_f1: 27.46, f1: 27.81
epoch: 271, val_loss:2.175493, acc: 43.50, bacc: 37.88, tmp_test_f1: 27.59, f1: 27.81
epoch: 272, val_loss:2.218410, acc: 43.50, bacc: 37.88, tmp_test_f1: 27.41, f1: 27.81
epoch: 273, val_loss:2.208695, acc: 43.50, bacc: 37.88, tmp_test_f1: 27.14, f1: 27.81
epoch: 274, val_loss:2.192054, acc: 43.50, bacc: 37.88, tmp_test_f1: 27.52, f1: 27.81
epoch: 275, val_loss:2.263864, acc: 43.50, bacc: 37.88, tmp_test_f1: 26.76, f1: 27.81
epoch: 276, val_loss:2.191693, acc: 43.50, bacc: 37.88, tmp_test_f1: 27.30, f1: 27.81
epoch: 277, val_loss:2.236755, acc: 43.50, bacc: 37.88, tmp_test_f1: 27.24, f1: 27.81
epoch: 278, val_loss:2.210578, acc: 43.50, bacc: 37.88, tmp_test_f1: 27.59, f1: 27.81
epoch: 279, val_loss:2.232545, acc: 43.50, bacc: 37.88, tmp_test_f1: 27.45, f1: 27.81
epoch: 280, val_loss:2.212917, acc: 43.50, bacc: 37.88, tmp_test_f1: 27.44, f1: 27.81
epoch: 281, val_loss:2.223870, acc: 43.50, bacc: 37.88, tmp_test_f1: 27.49, f1: 27.81
epoch: 282, val_loss:2.217573, acc: 43.50, bacc: 37.88, tmp_test_f1: 27.41, f1: 27.81
epoch: 283, val_loss:2.227977, acc: 43.50, bacc: 37.88, tmp_test_f1: 27.17, f1: 27.81
epoch: 284, val_loss:2.230734, acc: 43.50, bacc: 37.88, tmp_test_f1: 27.31, f1: 27.81
epoch: 285, val_loss:2.244910, acc: 43.50, bacc: 37.88, tmp_test_f1: 27.13, f1: 27.81
epoch: 286, val_loss:2.224771, acc: 43.50, bacc: 37.88, tmp_test_f1: 27.70, f1: 27.81
epoch: 287, val_loss:2.290400, acc: 43.50, bacc: 37.88, tmp_test_f1: 26.94, f1: 27.81
epoch: 288, val_loss:2.213638, acc: 43.50, bacc: 37.88, tmp_test_f1: 27.42, f1: 27.81
epoch: 289, val_loss:2.271510, acc: 43.50, bacc: 37.88, tmp_test_f1: 27.01, f1: 27.81
epoch: 290, val_loss:2.216769, acc: 43.50, bacc: 37.88, tmp_test_f1: 27.42, f1: 27.81
epoch: 291, val_loss:2.267298, acc: 43.50, bacc: 37.88, tmp_test_f1: 27.25, f1: 27.81
epoch: 292, val_loss:2.222376, acc: 43.50, bacc: 37.88, tmp_test_f1: 27.45, f1: 27.81
epoch: 293, val_loss:2.232390, acc: 43.50, bacc: 37.88, tmp_test_f1: 27.51, f1: 27.81
epoch: 294, val_loss:2.268555, acc: 43.50, bacc: 37.88, tmp_test_f1: 27.27, f1: 27.81
epoch: 295, val_loss:2.204430, acc: 43.50, bacc: 37.88, tmp_test_f1: 27.70, f1: 27.81
epoch: 296, val_loss:2.295097, acc: 43.50, bacc: 37.88, tmp_test_f1: 27.07, f1: 27.81
epoch: 297, val_loss:2.207628, acc: 43.50, bacc: 37.88, tmp_test_f1: 27.30, f1: 27.81
epoch: 298, val_loss:2.280374, acc: 43.50, bacc: 37.88, tmp_test_f1: 27.15, f1: 27.81
epoch: 299, val_loss:2.232988, acc: 43.50, bacc: 37.88, tmp_test_f1: 27.24, f1: 27.81
epoch: 300, val_loss:2.284085, acc: 43.50, bacc: 37.88, tmp_test_f1: 27.01, f1: 27.81
epoch: 301, val_loss:2.228679, acc: 43.50, bacc: 37.88, tmp_test_f1: 27.43, f1: 27.81
epoch: 302, val_loss:2.339387, acc: 43.50, bacc: 37.88, tmp_test_f1: 26.38, f1: 27.81
epoch: 303, val_loss:2.205337, acc: 43.50, bacc: 37.88, tmp_test_f1: 27.34, f1: 27.81
epoch: 304, val_loss:2.382723, acc: 43.50, bacc: 37.88, tmp_test_f1: 27.10, f1: 27.81
epoch: 305, val_loss:2.213346, acc: 43.50, bacc: 37.88, tmp_test_f1: 27.26, f1: 27.81
epoch: 306, val_loss:2.247150, acc: 43.50, bacc: 37.88, tmp_test_f1: 27.27, f1: 27.81
epoch: 307, val_loss:2.336467, acc: 43.50, bacc: 37.88, tmp_test_f1: 26.49, f1: 27.81
epoch: 308, val_loss:2.200637, acc: 43.50, bacc: 37.88, tmp_test_f1: 27.29, f1: 27.81
epoch: 309, val_loss:2.299849, acc: 43.50, bacc: 37.88, tmp_test_f1: 27.52, f1: 27.81
epoch: 310, val_loss:2.276331, acc: 43.50, bacc: 37.88, tmp_test_f1: 27.17, f1: 27.81
epoch: 311, val_loss:2.208700, acc: 43.50, bacc: 37.88, tmp_test_f1: 27.54, f1: 27.81
epoch: 312, val_loss:2.333421, acc: 43.50, bacc: 37.88, tmp_test_f1: 27.52, f1: 27.81
epoch: 313, val_loss:2.239942, acc: 43.50, bacc: 37.88, tmp_test_f1: 27.51, f1: 27.81
epoch: 314, val_loss:2.241875, acc: 43.50, bacc: 37.88, tmp_test_f1: 27.70, f1: 27.81
epoch: 315, val_loss:2.318513, acc: 43.50, bacc: 37.88, tmp_test_f1: 27.73, f1: 27.81
epoch: 316, val_loss:2.273278, acc: 43.50, bacc: 37.88, tmp_test_f1: 27.27, f1: 27.81
epoch: 317, val_loss:2.242611, acc: 43.50, bacc: 37.88, tmp_test_f1: 27.54, f1: 27.81
epoch: 318, val_loss:2.343868, acc: 43.50, bacc: 37.88, tmp_test_f1: 27.15, f1: 27.81
epoch: 319, val_loss:2.264120, acc: 43.50, bacc: 37.88, tmp_test_f1: 27.35, f1: 27.81
epoch: 320, val_loss:2.278812, acc: 43.50, bacc: 37.88, tmp_test_f1: 27.48, f1: 27.81
epoch: 321, val_loss:2.322958, acc: 43.50, bacc: 37.88, tmp_test_f1: 27.11, f1: 27.81
epoch: 322, val_loss:2.288322, acc: 43.50, bacc: 37.88, tmp_test_f1: 27.25, f1: 27.81
epoch: 323, val_loss:2.307552, acc: 43.50, bacc: 37.88, tmp_test_f1: 27.42, f1: 27.81
epoch: 324, val_loss:2.348948, acc: 43.50, bacc: 37.88, tmp_test_f1: 27.17, f1: 27.81
epoch: 325, val_loss:2.284489, acc: 43.50, bacc: 37.88, tmp_test_f1: 27.28, f1: 27.81
epoch: 326, val_loss:2.357497, acc: 43.50, bacc: 37.88, tmp_test_f1: 27.23, f1: 27.81
epoch: 327, val_loss:2.273007, acc: 43.50, bacc: 37.88, tmp_test_f1: 27.48, f1: 27.81
epoch: 328, val_loss:2.335044, acc: 43.50, bacc: 37.88, tmp_test_f1: 27.29, f1: 27.81
epoch: 329, val_loss:2.275315, acc: 43.50, bacc: 37.88, tmp_test_f1: 27.45, f1: 27.81
epoch: 330, val_loss:2.306316, acc: 43.50, bacc: 37.88, tmp_test_f1: 27.29, f1: 27.81
epoch: 331, val_loss:2.271964, acc: 43.50, bacc: 37.88, tmp_test_f1: 27.43, f1: 27.81
epoch: 332, val_loss:2.347537, acc: 43.50, bacc: 37.88, tmp_test_f1: 26.94, f1: 27.81
epoch: 333, val_loss:2.257572, acc: 43.50, bacc: 37.88, tmp_test_f1: 27.19, f1: 27.81
epoch: 334, val_loss:2.371405, acc: 43.50, bacc: 37.88, tmp_test_f1: 27.05, f1: 27.81
epoch: 335, val_loss:2.279169, acc: 43.50, bacc: 37.88, tmp_test_f1: 27.43, f1: 27.81
epoch: 336, val_loss:2.332897, acc: 43.50, bacc: 37.88, tmp_test_f1: 27.32, f1: 27.81
epoch: 337, val_loss:2.358653, acc: 43.50, bacc: 37.88, tmp_test_f1: 26.70, f1: 27.81
epoch: 338, val_loss:2.280733, acc: 43.50, bacc: 37.88, tmp_test_f1: 27.63, f1: 27.81
epoch: 339, val_loss:2.413150, acc: 43.50, bacc: 37.88, tmp_test_f1: 26.86, f1: 27.81
epoch: 340, val_loss:2.297740, acc: 43.50, bacc: 37.88, tmp_test_f1: 27.27, f1: 27.81
epoch: 341, val_loss:2.350973, acc: 43.50, bacc: 37.88, tmp_test_f1: 27.38, f1: 27.81
epoch: 342, val_loss:2.364947, acc: 43.50, bacc: 37.88, tmp_test_f1: 26.71, f1: 27.81
epoch: 343, val_loss:2.283944, acc: 43.50, bacc: 37.88, tmp_test_f1: 27.36, f1: 27.81
epoch: 344, val_loss:2.465513, acc: 43.50, bacc: 37.88, tmp_test_f1: 26.78, f1: 27.81
epoch: 345, val_loss:2.284294, acc: 43.50, bacc: 37.88, tmp_test_f1: 27.35, f1: 27.81
epoch: 346, val_loss:2.371718, acc: 43.50, bacc: 37.88, tmp_test_f1: 27.36, f1: 27.81
epoch: 347, val_loss:2.383423, acc: 43.50, bacc: 37.88, tmp_test_f1: 26.95, f1: 27.81
epoch: 348, val_loss:2.287188, acc: 43.50, bacc: 37.88, tmp_test_f1: 27.34, f1: 27.81
epoch: 349, val_loss:2.395717, acc: 43.50, bacc: 37.88, tmp_test_f1: 27.29, f1: 27.81
epoch: 350, val_loss:2.328878, acc: 43.50, bacc: 37.88, tmp_test_f1: 27.17, f1: 27.81
epoch: 351, val_loss:2.303164, acc: 43.50, bacc: 37.88, tmp_test_f1: 27.46, f1: 27.81
epoch: 352, val_loss:2.426039, acc: 43.50, bacc: 37.88, tmp_test_f1: 27.09, f1: 27.81
epoch: 353, val_loss:2.312526, acc: 43.50, bacc: 37.88, tmp_test_f1: 27.45, f1: 27.81
epoch: 354, val_loss:2.355412, acc: 43.50, bacc: 37.88, tmp_test_f1: 27.67, f1: 27.81
epoch: 355, val_loss:2.428459, acc: 43.50, bacc: 37.88, tmp_test_f1: 26.63, f1: 27.81
epoch: 356, val_loss:2.299843, acc: 43.50, bacc: 37.88, tmp_test_f1: 27.51, f1: 27.81
epoch: 357, val_loss:2.454843, acc: 43.50, bacc: 37.88, tmp_test_f1: 27.29, f1: 27.81
epoch: 358, val_loss:2.339648, acc: 43.50, bacc: 37.88, tmp_test_f1: 26.84, f1: 27.81
epoch: 359, val_loss:2.304734, acc: 43.50, bacc: 37.88, tmp_test_f1: 27.51, f1: 27.81
epoch: 360, val_loss:2.470906, acc: 43.50, bacc: 37.88, tmp_test_f1: 27.27, f1: 27.81
epoch: 361, val_loss:2.305312, acc: 43.50, bacc: 37.88, tmp_test_f1: 27.21, f1: 27.81
epoch: 362, val_loss:2.303353, acc: 43.50, bacc: 37.88, tmp_test_f1: 27.54, f1: 27.81
epoch: 363, val_loss:2.463095, acc: 43.50, bacc: 37.88, tmp_test_f1: 26.86, f1: 27.81
epoch: 364, val_loss:2.302199, acc: 43.50, bacc: 37.88, tmp_test_f1: 27.56, f1: 27.81
epoch: 365, val_loss:2.341823, acc: 43.50, bacc: 37.88, tmp_test_f1: 27.70, f1: 27.81
epoch: 366, val_loss:2.433297, acc: 43.50, bacc: 37.88, tmp_test_f1: 26.92, f1: 27.81
epoch: 367, val_loss:2.321054, acc: 43.50, bacc: 37.88, tmp_test_f1: 27.71, f1: 27.81
epoch: 368, val_loss:2.382775, acc: 43.50, bacc: 37.88, tmp_test_f1: 27.42, f1: 27.81
epoch: 369, val_loss:2.430950, acc: 43.50, bacc: 37.88, tmp_test_f1: 26.55, f1: 27.81
epoch: 370, val_loss:2.314788, acc: 43.50, bacc: 37.88, tmp_test_f1: 27.43, f1: 27.81
epoch: 371, val_loss:2.420961, acc: 43.50, bacc: 37.88, tmp_test_f1: 27.37, f1: 27.81
epoch: 372, val_loss:2.377957, acc: 43.50, bacc: 37.88, tmp_test_f1: 27.01, f1: 27.81
epoch: 373, val_loss:2.334095, acc: 43.50, bacc: 37.88, tmp_test_f1: 27.52, f1: 27.81
epoch: 374, val_loss:2.437050, acc: 43.50, bacc: 37.88, tmp_test_f1: 27.15, f1: 27.81
epoch: 375, val_loss:2.386661, acc: 43.50, bacc: 37.88, tmp_test_f1: 26.70, f1: 27.81
epoch: 376, val_loss:2.329185, acc: 43.50, bacc: 37.88, tmp_test_f1: 27.24, f1: 27.81
epoch: 377, val_loss:2.491339, acc: 43.50, bacc: 37.88, tmp_test_f1: 27.12, f1: 27.81
epoch: 378, val_loss:2.340729, acc: 43.50, bacc: 37.88, tmp_test_f1: 27.33, f1: 27.81
epoch: 379, val_loss:2.356835, acc: 43.50, bacc: 37.88, tmp_test_f1: 27.54, f1: 27.81
epoch: 380, val_loss:2.451771, acc: 43.50, bacc: 37.88, tmp_test_f1: 26.90, f1: 27.81
epoch: 381, val_loss:2.325254, acc: 43.50, bacc: 37.88, tmp_test_f1: 27.54, f1: 27.81
epoch: 382, val_loss:2.434572, acc: 43.50, bacc: 37.88, tmp_test_f1: 27.55, f1: 27.81
epoch: 383, val_loss:2.391441, acc: 43.50, bacc: 37.88, tmp_test_f1: 27.06, f1: 27.81
epoch: 384, val_loss:2.367357, acc: 43.50, bacc: 37.88, tmp_test_f1: 27.47, f1: 27.81
epoch: 385, val_loss:2.437363, acc: 43.50, bacc: 37.88, tmp_test_f1: 27.23, f1: 27.81
epoch: 386, val_loss:2.392524, acc: 43.50, bacc: 37.88, tmp_test_f1: 27.19, f1: 27.81
epoch: 387, val_loss:2.362809, acc: 43.50, bacc: 37.88, tmp_test_f1: 27.28, f1: 27.81
epoch: 388, val_loss:2.461500, acc: 43.50, bacc: 37.88, tmp_test_f1: 27.06, f1: 27.81
epoch: 389, val_loss:2.350358, acc: 43.50, bacc: 37.88, tmp_test_f1: 27.07, f1: 27.81
epoch: 390, val_loss:2.379160, acc: 43.50, bacc: 37.88, tmp_test_f1: 27.25, f1: 27.81
epoch: 391, val_loss:2.427782, acc: 43.50, bacc: 37.88, tmp_test_f1: 27.02, f1: 27.81
epoch: 392, val_loss:2.347704, acc: 43.50, bacc: 37.88, tmp_test_f1: 27.30, f1: 27.81
epoch: 393, val_loss:2.404815, acc: 43.50, bacc: 37.88, tmp_test_f1: 27.31, f1: 27.81
epoch: 394, val_loss:2.418754, acc: 43.50, bacc: 37.88, tmp_test_f1: 27.17, f1: 27.81
epoch: 395, val_loss:2.348117, acc: 43.50, bacc: 37.88, tmp_test_f1: 27.34, f1: 27.81
epoch: 396, val_loss:2.472598, acc: 43.50, bacc: 37.88, tmp_test_f1: 27.24, f1: 27.81
epoch: 397, val_loss:2.378566, acc: 43.50, bacc: 37.88, tmp_test_f1: 27.39, f1: 27.81
epoch: 398, val_loss:2.375942, acc: 43.50, bacc: 37.88, tmp_test_f1: 27.29, f1: 27.81
epoch: 399, val_loss:2.472894, acc: 43.50, bacc: 37.88, tmp_test_f1: 27.06, f1: 27.81
epoch: 400, val_loss:2.364231, acc: 43.50, bacc: 37.88, tmp_test_f1: 27.50, f1: 27.81
epoch: 401, val_loss:2.438689, acc: 43.50, bacc: 37.88, tmp_test_f1: 27.15, f1: 27.81
epoch: 402, val_loss:2.401993, acc: 43.50, bacc: 37.88, tmp_test_f1: 27.21, f1: 27.81
epoch: 403, val_loss:2.429421, acc: 43.50, bacc: 37.88, tmp_test_f1: 27.18, f1: 27.81
Epoch 00404: reducing learning rate of group 0 to 2.5000e-02.
epoch: 404, val_loss:2.428870, acc: 43.50, bacc: 37.88, tmp_test_f1: 27.13, f1: 27.81
epoch: 405, val_loss:2.410043, acc: 43.50, bacc: 37.88, tmp_test_f1: 27.29, f1: 27.81
epoch: 406, val_loss:2.444291, acc: 43.50, bacc: 37.88, tmp_test_f1: 27.35, f1: 27.81
epoch: 407, val_loss:2.476529, acc: 43.50, bacc: 37.88, tmp_test_f1: 27.05, f1: 27.81
epoch: 408, val_loss:2.421773, acc: 43.50, bacc: 37.88, tmp_test_f1: 26.94, f1: 27.81
epoch: 409, val_loss:2.397284, acc: 43.50, bacc: 37.88, tmp_test_f1: 27.15, f1: 27.81
epoch: 410, val_loss:2.452958, acc: 43.50, bacc: 37.88, tmp_test_f1: 27.39, f1: 27.81
epoch: 411, val_loss:2.468614, acc: 43.50, bacc: 37.88, tmp_test_f1: 26.87, f1: 27.81
epoch: 412, val_loss:2.408033, acc: 43.50, bacc: 37.88, tmp_test_f1: 26.94, f1: 27.81
epoch: 413, val_loss:2.407578, acc: 43.50, bacc: 37.88, tmp_test_f1: 27.39, f1: 27.81
epoch: 414, val_loss:2.441888, acc: 43.50, bacc: 37.88, tmp_test_f1: 27.33, f1: 27.81
epoch: 415, val_loss:2.458528, acc: 43.50, bacc: 37.88, tmp_test_f1: 27.07, f1: 27.81
epoch: 416, val_loss:2.415591, acc: 43.50, bacc: 37.88, tmp_test_f1: 27.07, f1: 27.81
epoch: 417, val_loss:2.409763, acc: 43.50, bacc: 37.88, tmp_test_f1: 27.38, f1: 27.81
epoch: 418, val_loss:2.443961, acc: 43.50, bacc: 37.88, tmp_test_f1: 27.39, f1: 27.81
epoch: 419, val_loss:2.454457, acc: 43.50, bacc: 37.88, tmp_test_f1: 27.16, f1: 27.81
epoch: 420, val_loss:2.426539, acc: 43.50, bacc: 37.88, tmp_test_f1: 27.17, f1: 27.81
epoch: 421, val_loss:2.421856, acc: 43.50, bacc: 37.88, tmp_test_f1: 27.28, f1: 27.81
epoch: 422, val_loss:2.451141, acc: 43.50, bacc: 37.88, tmp_test_f1: 27.10, f1: 27.81
epoch: 423, val_loss:2.430395, acc: 43.50, bacc: 37.88, tmp_test_f1: 27.11, f1: 27.81
epoch: 424, val_loss:2.416764, acc: 43.50, bacc: 37.88, tmp_test_f1: 27.15, f1: 27.81
epoch: 425, val_loss:2.435019, acc: 43.50, bacc: 37.88, tmp_test_f1: 27.28, f1: 27.81
epoch: 426, val_loss:2.448574, acc: 43.50, bacc: 37.88, tmp_test_f1: 27.11, f1: 27.81
epoch: 427, val_loss:2.419816, acc: 43.50, bacc: 37.88, tmp_test_f1: 27.05, f1: 27.81
epoch: 428, val_loss:2.420317, acc: 43.50, bacc: 37.88, tmp_test_f1: 27.16, f1: 27.81
epoch: 429, val_loss:2.464769, acc: 43.50, bacc: 37.88, tmp_test_f1: 27.27, f1: 27.81
epoch: 430, val_loss:2.455420, acc: 43.50, bacc: 37.88, tmp_test_f1: 27.11, f1: 27.81
epoch: 431, val_loss:2.420323, acc: 43.50, bacc: 37.88, tmp_test_f1: 27.00, f1: 27.81
epoch: 432, val_loss:2.418103, acc: 43.50, bacc: 37.88, tmp_test_f1: 27.20, f1: 27.81
epoch: 433, val_loss:2.461738, acc: 43.50, bacc: 37.88, tmp_test_f1: 27.14, f1: 27.81
epoch: 434, val_loss:2.444590, acc: 43.50, bacc: 37.88, tmp_test_f1: 26.82, f1: 27.81
epoch: 435, val_loss:2.413944, acc: 43.50, bacc: 37.88, tmp_test_f1: 27.09, f1: 27.81
epoch: 436, val_loss:2.444424, acc: 43.50, bacc: 37.88, tmp_test_f1: 27.34, f1: 27.81
epoch: 437, val_loss:2.494755, acc: 43.50, bacc: 37.88, tmp_test_f1: 27.09, f1: 27.81
epoch: 438, val_loss:2.436807, acc: 43.50, bacc: 37.88, tmp_test_f1: 26.89, f1: 27.81
epoch: 439, val_loss:2.412492, acc: 43.50, bacc: 37.88, tmp_test_f1: 27.29, f1: 27.81
epoch: 440, val_loss:2.461637, acc: 43.50, bacc: 37.88, tmp_test_f1: 27.20, f1: 27.81
epoch: 441, val_loss:2.490745, acc: 43.50, bacc: 37.88, tmp_test_f1: 27.10, f1: 27.81
epoch: 442, val_loss:2.440082, acc: 43.50, bacc: 37.88, tmp_test_f1: 26.99, f1: 27.81
epoch: 443, val_loss:2.432587, acc: 43.50, bacc: 37.88, tmp_test_f1: 27.22, f1: 27.81
epoch: 444, val_loss:2.485568, acc: 43.50, bacc: 37.88, tmp_test_f1: 27.28, f1: 27.81
epoch: 445, val_loss:2.498645, acc: 43.50, bacc: 37.88, tmp_test_f1: 26.96, f1: 27.81
epoch: 446, val_loss:2.449269, acc: 43.50, bacc: 37.88, tmp_test_f1: 27.02, f1: 27.81
epoch: 447, val_loss:2.450712, acc: 43.50, bacc: 37.88, tmp_test_f1: 27.09, f1: 27.81
epoch: 448, val_loss:2.481281, acc: 43.50, bacc: 37.88, tmp_test_f1: 27.28, f1: 27.81
epoch: 449, val_loss:2.498180, acc: 43.50, bacc: 37.88, tmp_test_f1: 26.98, f1: 27.81
epoch: 450, val_loss:2.460191, acc: 43.50, bacc: 37.88, tmp_test_f1: 26.92, f1: 27.81
epoch: 451, val_loss:2.436442, acc: 43.50, bacc: 37.88, tmp_test_f1: 27.03, f1: 27.81
epoch: 452, val_loss:2.454930, acc: 43.50, bacc: 37.88, tmp_test_f1: 27.08, f1: 27.81
epoch: 453, val_loss:2.501640, acc: 43.50, bacc: 37.88, tmp_test_f1: 27.02, f1: 27.81
epoch: 454, val_loss:2.466491, acc: 43.50, bacc: 37.88, tmp_test_f1: 26.85, f1: 27.81
epoch: 455, val_loss:2.449312, acc: 43.50, bacc: 37.88, tmp_test_f1: 27.08, f1: 27.81
epoch: 456, val_loss:2.462612, acc: 43.50, bacc: 37.88, tmp_test_f1: 27.24, f1: 27.81
epoch: 457, val_loss:2.495066, acc: 43.50, bacc: 37.88, tmp_test_f1: 27.13, f1: 27.81
epoch: 458, val_loss:2.468467, acc: 43.50, bacc: 37.88, tmp_test_f1: 27.03, f1: 27.81
epoch: 459, val_loss:2.448077, acc: 43.50, bacc: 37.88, tmp_test_f1: 27.25, f1: 27.81
epoch: 460, val_loss:2.481341, acc: 43.50, bacc: 37.88, tmp_test_f1: 27.24, f1: 27.81
epoch: 461, val_loss:2.497964, acc: 43.50, bacc: 37.88, tmp_test_f1: 26.74, f1: 27.81
epoch: 462, val_loss:2.435853, acc: 43.50, bacc: 37.88, tmp_test_f1: 26.67, f1: 27.81
epoch: 463, val_loss:2.433115, acc: 43.50, bacc: 37.88, tmp_test_f1: 27.21, f1: 27.81
epoch: 464, val_loss:2.481927, acc: 43.50, bacc: 37.88, tmp_test_f1: 27.27, f1: 27.81
epoch: 465, val_loss:2.473471, acc: 43.50, bacc: 37.88, tmp_test_f1: 27.14, f1: 27.81
epoch: 466, val_loss:2.436408, acc: 43.50, bacc: 37.88, tmp_test_f1: 27.23, f1: 27.81
epoch: 467, val_loss:2.448859, acc: 43.50, bacc: 37.88, tmp_test_f1: 27.33, f1: 27.81
epoch: 468, val_loss:2.475575, acc: 43.50, bacc: 37.88, tmp_test_f1: 27.21, f1: 27.81
epoch: 469, val_loss:2.465979, acc: 43.50, bacc: 37.88, tmp_test_f1: 26.95, f1: 27.81
epoch: 470, val_loss:2.458688, acc: 43.50, bacc: 37.88, tmp_test_f1: 26.95, f1: 27.81
epoch: 471, val_loss:2.463141, acc: 43.50, bacc: 37.88, tmp_test_f1: 27.24, f1: 27.81
epoch: 472, val_loss:2.485569, acc: 43.50, bacc: 37.88, tmp_test_f1: 27.07, f1: 27.81
epoch: 473, val_loss:2.473045, acc: 43.50, bacc: 37.88, tmp_test_f1: 26.89, f1: 27.81
epoch: 474, val_loss:2.464834, acc: 43.50, bacc: 37.88, tmp_test_f1: 26.95, f1: 27.81
epoch: 475, val_loss:2.471296, acc: 43.50, bacc: 37.88, tmp_test_f1: 26.84, f1: 27.81
epoch: 476, val_loss:2.463757, acc: 43.50, bacc: 37.88, tmp_test_f1: 26.89, f1: 27.81
epoch: 477, val_loss:2.475919, acc: 43.50, bacc: 37.88, tmp_test_f1: 26.82, f1: 27.81
epoch: 478, val_loss:2.475632, acc: 43.50, bacc: 37.88, tmp_test_f1: 26.80, f1: 27.81
epoch: 479, val_loss:2.469071, acc: 43.50, bacc: 37.88, tmp_test_f1: 26.94, f1: 27.81
epoch: 480, val_loss:2.486785, acc: 43.50, bacc: 37.88, tmp_test_f1: 26.98, f1: 27.81
epoch: 481, val_loss:2.498809, acc: 43.50, bacc: 37.88, tmp_test_f1: 27.08, f1: 27.81
epoch: 482, val_loss:2.482136, acc: 43.50, bacc: 37.88, tmp_test_f1: 27.01, f1: 27.81
epoch: 483, val_loss:2.479663, acc: 43.50, bacc: 37.88, tmp_test_f1: 27.08, f1: 27.81
epoch: 484, val_loss:2.485851, acc: 43.50, bacc: 37.88, tmp_test_f1: 27.09, f1: 27.81
epoch: 485, val_loss:2.469335, acc: 43.50, bacc: 37.88, tmp_test_f1: 27.08, f1: 27.81
epoch: 486, val_loss:2.500442, acc: 43.50, bacc: 37.88, tmp_test_f1: 27.20, f1: 27.81
epoch: 487, val_loss:2.494716, acc: 43.50, bacc: 37.88, tmp_test_f1: 27.06, f1: 27.81
epoch: 488, val_loss:2.460221, acc: 43.50, bacc: 37.88, tmp_test_f1: 27.09, f1: 27.81
epoch: 489, val_loss:2.485334, acc: 43.50, bacc: 37.88, tmp_test_f1: 27.17, f1: 27.81
epoch: 490, val_loss:2.471636, acc: 43.50, bacc: 37.88, tmp_test_f1: 27.16, f1: 27.81
epoch: 491, val_loss:2.479338, acc: 43.50, bacc: 37.88, tmp_test_f1: 27.09, f1: 27.81
epoch: 492, val_loss:2.487664, acc: 43.50, bacc: 37.88, tmp_test_f1: 26.84, f1: 27.81
epoch: 493, val_loss:2.474165, acc: 43.50, bacc: 37.88, tmp_test_f1: 27.06, f1: 27.81
epoch: 494, val_loss:2.509407, acc: 43.50, bacc: 37.88, tmp_test_f1: 26.93, f1: 27.81
epoch: 495, val_loss:2.499356, acc: 43.50, bacc: 37.88, tmp_test_f1: 26.81, f1: 27.81
epoch: 496, val_loss:2.455405, acc: 43.50, bacc: 37.88, tmp_test_f1: 27.05, f1: 27.81
epoch: 497, val_loss:2.508229, acc: 43.50, bacc: 37.88, tmp_test_f1: 27.25, f1: 27.81
epoch: 498, val_loss:2.546942, acc: 43.50, bacc: 37.88, tmp_test_f1: 26.84, f1: 27.81
epoch: 499, val_loss:2.457674, acc: 43.50, bacc: 37.88, tmp_test_f1: 26.89, f1: 27.81
epoch: 500, val_loss:2.458753, acc: 43.50, bacc: 37.88, tmp_test_f1: 27.13, f1: 27.81
epoch: 501, val_loss:2.538095, acc: 43.50, bacc: 37.88, tmp_test_f1: 27.10, f1: 27.81
epoch: 502, val_loss:2.503509, acc: 43.50, bacc: 37.88, tmp_test_f1: 26.78, f1: 27.81
epoch: 503, val_loss:2.453053, acc: 43.50, bacc: 37.88, tmp_test_f1: 26.89, f1: 27.81
epoch: 504, val_loss:2.491524, acc: 43.50, bacc: 37.88, tmp_test_f1: 27.01, f1: 27.81
epoch: 505, val_loss:2.571954, acc: 43.50, bacc: 37.88, tmp_test_f1: 27.02, f1: 27.81
epoch: 506, val_loss:2.486090, acc: 43.50, bacc: 37.88, tmp_test_f1: 26.60, f1: 27.81
epoch: 507, val_loss:2.462270, acc: 43.50, bacc: 37.88, tmp_test_f1: 26.94, f1: 27.81
epoch: 508, val_loss:2.547100, acc: 43.50, bacc: 37.88, tmp_test_f1: 27.14, f1: 27.81
epoch: 509, val_loss:2.516380, acc: 43.50, bacc: 37.88, tmp_test_f1: 26.54, f1: 27.81
epoch: 510, val_loss:2.455046, acc: 43.50, bacc: 37.88, tmp_test_f1: 27.10, f1: 27.81
epoch: 511, val_loss:2.492497, acc: 43.50, bacc: 37.88, tmp_test_f1: 27.12, f1: 27.81
epoch: 512, val_loss:2.551265, acc: 43.50, bacc: 37.88, tmp_test_f1: 27.09, f1: 27.81
epoch: 513, val_loss:2.500717, acc: 43.50, bacc: 37.88, tmp_test_f1: 26.94, f1: 27.81
epoch: 514, val_loss:2.470056, acc: 43.50, bacc: 37.88, tmp_test_f1: 27.26, f1: 27.81
epoch: 515, val_loss:2.526131, acc: 43.50, bacc: 37.88, tmp_test_f1: 27.28, f1: 27.81
epoch: 516, val_loss:2.570174, acc: 43.50, bacc: 37.88, tmp_test_f1: 27.02, f1: 27.81
epoch: 517, val_loss:2.511375, acc: 43.50, bacc: 37.88, tmp_test_f1: 26.80, f1: 27.81
epoch: 518, val_loss:2.476886, acc: 43.50, bacc: 37.88, tmp_test_f1: 27.04, f1: 27.81
epoch: 519, val_loss:2.537507, acc: 43.50, bacc: 37.88, tmp_test_f1: 27.22, f1: 27.81
epoch: 520, val_loss:2.575828, acc: 43.50, bacc: 37.88, tmp_test_f1: 26.82, f1: 27.81
epoch: 521, val_loss:2.487400, acc: 43.50, bacc: 37.88, tmp_test_f1: 26.64, f1: 27.81
epoch: 522, val_loss:2.489767, acc: 43.50, bacc: 37.88, tmp_test_f1: 27.14, f1: 27.81
epoch: 523, val_loss:2.563774, acc: 43.50, bacc: 37.88, tmp_test_f1: 26.88, f1: 27.81
epoch: 524, val_loss:2.541318, acc: 43.50, bacc: 37.88, tmp_test_f1: 26.76, f1: 27.81
epoch: 525, val_loss:2.487809, acc: 43.50, bacc: 37.88, tmp_test_f1: 26.95, f1: 27.81
epoch: 526, val_loss:2.504592, acc: 43.50, bacc: 37.88, tmp_test_f1: 27.34, f1: 27.81
epoch: 527, val_loss:2.582121, acc: 43.50, bacc: 37.88, tmp_test_f1: 27.06, f1: 27.81
epoch: 528, val_loss:2.523027, acc: 43.50, bacc: 37.88, tmp_test_f1: 26.95, f1: 27.81
epoch: 529, val_loss:2.485331, acc: 43.50, bacc: 37.88, tmp_test_f1: 27.12, f1: 27.81
epoch: 530, val_loss:2.518755, acc: 43.50, bacc: 37.88, tmp_test_f1: 27.20, f1: 27.81
epoch: 531, val_loss:2.547509, acc: 43.50, bacc: 37.88, tmp_test_f1: 27.08, f1: 27.81
epoch: 532, val_loss:2.491803, acc: 43.50, bacc: 37.88, tmp_test_f1: 27.02, f1: 27.81
epoch: 533, val_loss:2.502601, acc: 43.50, bacc: 37.88, tmp_test_f1: 26.90, f1: 27.81
epoch: 534, val_loss:2.561009, acc: 43.50, bacc: 37.88, tmp_test_f1: 27.01, f1: 27.81
epoch: 535, val_loss:2.543369, acc: 43.50, bacc: 37.88, tmp_test_f1: 26.91, f1: 27.81
epoch: 536, val_loss:2.493283, acc: 43.50, bacc: 37.88, tmp_test_f1: 26.93, f1: 27.81
epoch: 537, val_loss:2.543511, acc: 43.50, bacc: 37.88, tmp_test_f1: 26.79, f1: 27.81
epoch: 538, val_loss:2.574176, acc: 43.50, bacc: 37.88, tmp_test_f1: 26.79, f1: 27.81
epoch: 539, val_loss:2.514810, acc: 43.50, bacc: 37.88, tmp_test_f1: 26.79, f1: 27.81
epoch: 540, val_loss:2.508037, acc: 43.50, bacc: 37.88, tmp_test_f1: 26.74, f1: 27.81
epoch: 541, val_loss:2.560960, acc: 43.50, bacc: 37.88, tmp_test_f1: 26.88, f1: 27.81
epoch: 542, val_loss:2.538903, acc: 43.50, bacc: 37.88, tmp_test_f1: 26.70, f1: 27.81
epoch: 543, val_loss:2.494321, acc: 43.50, bacc: 37.88, tmp_test_f1: 27.12, f1: 27.81
epoch: 544, val_loss:2.534995, acc: 43.50, bacc: 37.88, tmp_test_f1: 26.99, f1: 27.81
epoch: 545, val_loss:2.558804, acc: 43.50, bacc: 37.88, tmp_test_f1: 27.00, f1: 27.81
epoch: 546, val_loss:2.534736, acc: 43.50, bacc: 37.88, tmp_test_f1: 26.86, f1: 27.81
epoch: 547, val_loss:2.510577, acc: 43.50, bacc: 37.88, tmp_test_f1: 26.91, f1: 27.81
epoch: 548, val_loss:2.548939, acc: 43.50, bacc: 37.88, tmp_test_f1: 27.09, f1: 27.81
epoch: 549, val_loss:2.558249, acc: 43.50, bacc: 37.88, tmp_test_f1: 26.70, f1: 27.81
epoch: 550, val_loss:2.500475, acc: 43.50, bacc: 37.88, tmp_test_f1: 26.94, f1: 27.81
epoch: 551, val_loss:2.529077, acc: 43.50, bacc: 37.88, tmp_test_f1: 27.17, f1: 27.81
epoch: 552, val_loss:2.567819, acc: 43.50, bacc: 37.88, tmp_test_f1: 26.88, f1: 27.81
epoch: 553, val_loss:2.521422, acc: 43.50, bacc: 37.88, tmp_test_f1: 26.94, f1: 27.81
epoch: 554, val_loss:2.517223, acc: 43.50, bacc: 37.88, tmp_test_f1: 27.23, f1: 27.81
epoch: 555, val_loss:2.557696, acc: 43.50, bacc: 37.88, tmp_test_f1: 27.23, f1: 27.81
epoch: 556, val_loss:2.559576, acc: 43.50, bacc: 37.88, tmp_test_f1: 26.88, f1: 27.81
epoch: 557, val_loss:2.522365, acc: 43.50, bacc: 37.88, tmp_test_f1: 26.76, f1: 27.81
epoch: 558, val_loss:2.531709, acc: 43.50, bacc: 37.88, tmp_test_f1: 27.05, f1: 27.81
epoch: 559, val_loss:2.566891, acc: 43.50, bacc: 37.88, tmp_test_f1: 26.99, f1: 27.81
epoch: 560, val_loss:2.542416, acc: 43.50, bacc: 37.88, tmp_test_f1: 26.81, f1: 27.81
epoch: 561, val_loss:2.510490, acc: 43.50, bacc: 37.88, tmp_test_f1: 26.81, f1: 27.81
epoch: 562, val_loss:2.557837, acc: 43.50, bacc: 37.88, tmp_test_f1: 26.88, f1: 27.81
epoch: 563, val_loss:2.555559, acc: 43.50, bacc: 37.88, tmp_test_f1: 27.06, f1: 27.81
epoch: 564, val_loss:2.515941, acc: 43.50, bacc: 37.88, tmp_test_f1: 27.08, f1: 27.81
epoch: 565, val_loss:2.523428, acc: 43.50, bacc: 37.88, tmp_test_f1: 26.95, f1: 27.81
epoch: 566, val_loss:2.537043, acc: 43.50, bacc: 37.88, tmp_test_f1: 26.93, f1: 27.81
epoch: 567, val_loss:2.543619, acc: 43.50, bacc: 37.88, tmp_test_f1: 26.87, f1: 27.81
epoch: 568, val_loss:2.546919, acc: 43.50, bacc: 37.88, tmp_test_f1: 26.94, f1: 27.81
epoch: 569, val_loss:2.538872, acc: 43.50, bacc: 37.88, tmp_test_f1: 27.00, f1: 27.81
epoch: 570, val_loss:2.544333, acc: 43.50, bacc: 37.88, tmp_test_f1: 27.06, f1: 27.81
epoch: 571, val_loss:2.539147, acc: 43.50, bacc: 37.88, tmp_test_f1: 26.99, f1: 27.81
epoch: 572, val_loss:2.539804, acc: 43.50, bacc: 37.88, tmp_test_f1: 26.85, f1: 27.81
epoch: 573, val_loss:2.565864, acc: 43.50, bacc: 37.88, tmp_test_f1: 26.89, f1: 27.81
epoch: 574, val_loss:2.514482, acc: 43.50, bacc: 37.88, tmp_test_f1: 26.85, f1: 27.81
epoch: 575, val_loss:2.554180, acc: 43.50, bacc: 37.88, tmp_test_f1: 26.80, f1: 27.81
epoch: 576, val_loss:2.581291, acc: 43.50, bacc: 37.88, tmp_test_f1: 26.85, f1: 27.81
epoch: 577, val_loss:2.517004, acc: 43.50, bacc: 37.88, tmp_test_f1: 26.83, f1: 27.81
epoch: 578, val_loss:2.560788, acc: 43.50, bacc: 37.88, tmp_test_f1: 26.98, f1: 27.81
epoch: 579, val_loss:2.588281, acc: 43.50, bacc: 37.88, tmp_test_f1: 26.60, f1: 27.81
epoch: 580, val_loss:2.518272, acc: 43.50, bacc: 37.88, tmp_test_f1: 26.77, f1: 27.81
epoch: 581, val_loss:2.560421, acc: 43.50, bacc: 37.88, tmp_test_f1: 26.92, f1: 27.81
epoch: 582, val_loss:2.590064, acc: 43.50, bacc: 37.88, tmp_test_f1: 26.72, f1: 27.81
epoch: 583, val_loss:2.532500, acc: 43.50, bacc: 37.88, tmp_test_f1: 26.73, f1: 27.81
epoch: 584, val_loss:2.545974, acc: 43.50, bacc: 37.88, tmp_test_f1: 27.10, f1: 27.81
epoch: 585, val_loss:2.559453, acc: 43.50, bacc: 37.88, tmp_test_f1: 26.92, f1: 27.81
epoch: 586, val_loss:2.533638, acc: 43.50, bacc: 37.88, tmp_test_f1: 26.74, f1: 27.81
epoch: 587, val_loss:2.549498, acc: 43.50, bacc: 37.88, tmp_test_f1: 26.88, f1: 27.81
epoch: 588, val_loss:2.528503, acc: 43.50, bacc: 37.88, tmp_test_f1: 26.94, f1: 27.81
epoch: 589, val_loss:2.539718, acc: 43.50, bacc: 37.88, tmp_test_f1: 27.01, f1: 27.81
epoch: 590, val_loss:2.550332, acc: 43.50, bacc: 37.88, tmp_test_f1: 26.91, f1: 27.81
epoch: 591, val_loss:2.559956, acc: 43.50, bacc: 37.88, tmp_test_f1: 26.93, f1: 27.81
epoch: 592, val_loss:2.553425, acc: 43.50, bacc: 37.88, tmp_test_f1: 26.93, f1: 27.81
epoch: 593, val_loss:2.538946, acc: 43.50, bacc: 37.88, tmp_test_f1: 27.04, f1: 27.81
epoch: 594, val_loss:2.548099, acc: 43.50, bacc: 37.88, tmp_test_f1: 26.93, f1: 27.81
epoch: 595, val_loss:2.541066, acc: 43.50, bacc: 37.88, tmp_test_f1: 26.98, f1: 27.81
epoch: 596, val_loss:2.533528, acc: 43.50, bacc: 37.88, tmp_test_f1: 27.06, f1: 27.81
epoch: 597, val_loss:2.550202, acc: 43.50, bacc: 37.88, tmp_test_f1: 26.98, f1: 27.81
epoch: 598, val_loss:2.547075, acc: 43.50, bacc: 37.88, tmp_test_f1: 26.92, f1: 27.81
epoch: 599, val_loss:2.557204, acc: 43.50, bacc: 37.88, tmp_test_f1: 26.94, f1: 27.81
epoch: 600, val_loss:2.574282, acc: 43.50, bacc: 37.88, tmp_test_f1: 26.78, f1: 27.81
epoch: 601, val_loss:2.554556, acc: 43.50, bacc: 37.88, tmp_test_f1: 26.93, f1: 27.81
epoch: 602, val_loss:2.586166, acc: 43.50, bacc: 37.88, tmp_test_f1: 26.74, f1: 27.81
epoch: 603, val_loss:2.557829, acc: 43.50, bacc: 37.88, tmp_test_f1: 26.92, f1: 27.81
epoch: 604, val_loss:2.571020, acc: 43.50, bacc: 37.88, tmp_test_f1: 26.86, f1: 27.81
Epoch 00605: reducing learning rate of group 0 to 1.2500e-02.
epoch: 605, val_loss:2.580390, acc: 43.50, bacc: 37.88, tmp_test_f1: 26.85, f1: 27.81
epoch: 606, val_loss:2.570140, acc: 43.50, bacc: 37.88, tmp_test_f1: 26.95, f1: 27.81
epoch: 607, val_loss:2.555443, acc: 43.50, bacc: 37.88, tmp_test_f1: 26.88, f1: 27.81
epoch: 608, val_loss:2.554965, acc: 43.50, bacc: 37.88, tmp_test_f1: 26.95, f1: 27.81
epoch: 609, val_loss:2.562483, acc: 43.50, bacc: 37.88, tmp_test_f1: 26.97, f1: 27.81
epoch: 610, val_loss:2.579813, acc: 43.50, bacc: 37.88, tmp_test_f1: 26.96, f1: 27.81
epoch: 611, val_loss:2.582270, acc: 43.50, bacc: 37.88, tmp_test_f1: 26.91, f1: 27.81
epoch: 612, val_loss:2.561726, acc: 43.50, bacc: 37.88, tmp_test_f1: 26.65, f1: 27.81
epoch: 613, val_loss:2.550778, acc: 43.50, bacc: 37.88, tmp_test_f1: 26.91, f1: 27.81
epoch: 614, val_loss:2.561770, acc: 43.50, bacc: 37.88, tmp_test_f1: 26.86, f1: 27.81
epoch: 615, val_loss:2.588464, acc: 43.50, bacc: 37.88, tmp_test_f1: 26.90, f1: 27.81
epoch: 616, val_loss:2.576609, acc: 43.50, bacc: 37.88, tmp_test_f1: 26.65, f1: 27.81
epoch: 617, val_loss:2.561709, acc: 43.50, bacc: 37.88, tmp_test_f1: 26.71, f1: 27.81
epoch: 618, val_loss:2.559918, acc: 43.50, bacc: 37.88, tmp_test_f1: 26.70, f1: 27.81
epoch: 619, val_loss:2.568417, acc: 43.50, bacc: 37.88, tmp_test_f1: 26.78, f1: 27.81
epoch: 620, val_loss:2.586591, acc: 43.50, bacc: 37.88, tmp_test_f1: 26.91, f1: 27.81
epoch: 621, val_loss:2.598437, acc: 43.50, bacc: 37.88, tmp_test_f1: 26.70, f1: 27.81
epoch: 622, val_loss:2.579808, acc: 43.50, bacc: 37.88, tmp_test_f1: 26.58, f1: 27.81
epoch: 623, val_loss:2.555069, acc: 43.50, bacc: 37.88, tmp_test_f1: 26.59, f1: 27.81
epoch: 624, val_loss:2.549710, acc: 43.50, bacc: 37.88, tmp_test_f1: 26.57, f1: 27.81
epoch: 625, val_loss:2.571510, acc: 43.50, bacc: 37.88, tmp_test_f1: 26.84, f1: 27.81
epoch: 626, val_loss:2.589864, acc: 43.50, bacc: 37.88, tmp_test_f1: 26.78, f1: 27.81
epoch: 627, val_loss:2.567477, acc: 43.50, bacc: 37.88, tmp_test_f1: 26.65, f1: 27.81
epoch: 628, val_loss:2.546812, acc: 43.50, bacc: 37.88, tmp_test_f1: 26.79, f1: 27.81
epoch: 629, val_loss:2.550201, acc: 43.50, bacc: 37.88, tmp_test_f1: 26.80, f1: 27.81
epoch: 630, val_loss:2.564877, acc: 43.50, bacc: 37.88, tmp_test_f1: 26.66, f1: 27.81
epoch: 631, val_loss:2.574355, acc: 43.50, bacc: 37.88, tmp_test_f1: 26.69, f1: 27.81
epoch: 632, val_loss:2.564226, acc: 43.50, bacc: 37.88, tmp_test_f1: 26.74, f1: 27.81
epoch: 633, val_loss:2.553298, acc: 43.50, bacc: 37.88, tmp_test_f1: 26.62, f1: 27.81
epoch: 634, val_loss:2.563462, acc: 43.50, bacc: 37.88, tmp_test_f1: 26.55, f1: 27.81
epoch: 635, val_loss:2.575525, acc: 43.50, bacc: 37.88, tmp_test_f1: 26.61, f1: 27.81
epoch: 636, val_loss:2.571850, acc: 43.50, bacc: 37.88, tmp_test_f1: 26.74, f1: 27.81
epoch: 637, val_loss:2.564276, acc: 43.50, bacc: 37.88, tmp_test_f1: 26.75, f1: 27.81
epoch: 638, val_loss:2.560451, acc: 43.50, bacc: 37.88, tmp_test_f1: 26.67, f1: 27.81
epoch: 639, val_loss:2.573353, acc: 43.50, bacc: 37.88, tmp_test_f1: 26.98, f1: 27.81
epoch: 640, val_loss:2.595815, acc: 43.50, bacc: 37.88, tmp_test_f1: 26.78, f1: 27.81
epoch: 641, val_loss:2.586834, acc: 43.50, bacc: 37.88, tmp_test_f1: 26.74, f1: 27.81
epoch: 642, val_loss:2.561140, acc: 43.50, bacc: 37.88, tmp_test_f1: 26.73, f1: 27.81
epoch: 643, val_loss:2.559779, acc: 43.50, bacc: 37.88, tmp_test_f1: 26.70, f1: 27.81
epoch: 644, val_loss:2.582054, acc: 43.50, bacc: 37.88, tmp_test_f1: 26.98, f1: 27.81
epoch: 645, val_loss:2.595728, acc: 43.50, bacc: 37.88, tmp_test_f1: 26.77, f1: 27.81
epoch: 646, val_loss:2.577610, acc: 43.50, bacc: 37.88, tmp_test_f1: 26.79, f1: 27.81
epoch: 647, val_loss:2.550311, acc: 43.50, bacc: 37.88, tmp_test_f1: 26.73, f1: 27.81
epoch: 648, val_loss:2.551186, acc: 43.50, bacc: 37.88, tmp_test_f1: 26.87, f1: 27.81
epoch: 649, val_loss:2.576473, acc: 43.50, bacc: 37.88, tmp_test_f1: 26.87, f1: 27.81
epoch: 650, val_loss:2.571884, acc: 43.50, bacc: 37.88, tmp_test_f1: 26.94, f1: 27.81
epoch: 651, val_loss:2.572062, acc: 43.50, bacc: 37.88, tmp_test_f1: 26.86, f1: 27.81
epoch: 652, val_loss:2.560219, acc: 43.50, bacc: 37.88, tmp_test_f1: 26.86, f1: 27.81
epoch: 653, val_loss:2.549436, acc: 43.50, bacc: 37.88, tmp_test_f1: 26.78, f1: 27.81
epoch: 654, val_loss:2.573160, acc: 43.50, bacc: 37.88, tmp_test_f1: 26.92, f1: 27.81
epoch: 655, val_loss:2.602382, acc: 43.50, bacc: 37.88, tmp_test_f1: 26.84, f1: 27.81
epoch: 656, val_loss:2.577098, acc: 43.50, bacc: 37.88, tmp_test_f1: 26.78, f1: 27.81
epoch: 657, val_loss:2.551040, acc: 43.50, bacc: 37.88, tmp_test_f1: 26.90, f1: 27.81
epoch: 658, val_loss:2.557770, acc: 43.50, bacc: 37.88, tmp_test_f1: 26.90, f1: 27.81
epoch: 659, val_loss:2.583113, acc: 43.50, bacc: 37.88, tmp_test_f1: 26.98, f1: 27.81
epoch: 660, val_loss:2.587444, acc: 43.50, bacc: 37.88, tmp_test_f1: 26.81, f1: 27.81
epoch: 661, val_loss:2.569518, acc: 43.50, bacc: 37.88, tmp_test_f1: 26.60, f1: 27.81
epoch: 662, val_loss:2.550257, acc: 43.50, bacc: 37.88, tmp_test_f1: 26.70, f1: 27.81
epoch: 663, val_loss:2.562951, acc: 43.50, bacc: 37.88, tmp_test_f1: 26.91, f1: 27.81
epoch: 664, val_loss:2.589344, acc: 43.50, bacc: 37.88, tmp_test_f1: 26.97, f1: 27.81
epoch: 665, val_loss:2.585615, acc: 43.50, bacc: 37.88, tmp_test_f1: 26.73, f1: 27.81
epoch: 666, val_loss:2.561414, acc: 43.50, bacc: 37.88, tmp_test_f1: 26.73, f1: 27.81
epoch: 667, val_loss:2.563649, acc: 43.50, bacc: 37.88, tmp_test_f1: 26.97, f1: 27.81
epoch: 668, val_loss:2.590608, acc: 43.50, bacc: 37.88, tmp_test_f1: 27.14, f1: 27.81
epoch: 669, val_loss:2.620127, acc: 43.50, bacc: 37.88, tmp_test_f1: 27.06, f1: 27.81
epoch: 670, val_loss:2.606229, acc: 43.50, bacc: 37.88, tmp_test_f1: 26.97, f1: 27.81
epoch: 671, val_loss:2.569221, acc: 43.50, bacc: 37.88, tmp_test_f1: 26.86, f1: 27.81
epoch: 672, val_loss:2.552291, acc: 43.50, bacc: 37.88, tmp_test_f1: 27.08, f1: 27.81
epoch: 673, val_loss:2.574545, acc: 43.50, bacc: 37.88, tmp_test_f1: 27.17, f1: 27.81
epoch: 674, val_loss:2.603050, acc: 43.50, bacc: 37.88, tmp_test_f1: 27.13, f1: 27.81
epoch: 675, val_loss:2.583863, acc: 43.50, bacc: 37.88, tmp_test_f1: 26.79, f1: 27.81
epoch: 676, val_loss:2.557290, acc: 43.50, bacc: 37.88, tmp_test_f1: 26.86, f1: 27.81
epoch: 677, val_loss:2.562766, acc: 43.50, bacc: 37.88, tmp_test_f1: 26.96, f1: 27.81
epoch: 678, val_loss:2.579867, acc: 43.50, bacc: 37.88, tmp_test_f1: 27.03, f1: 27.81
epoch: 679, val_loss:2.594153, acc: 43.50, bacc: 37.88, tmp_test_f1: 26.85, f1: 27.81
epoch: 680, val_loss:2.579812, acc: 43.50, bacc: 37.88, tmp_test_f1: 26.86, f1: 27.81
epoch: 681, val_loss:2.570462, acc: 43.50, bacc: 37.88, tmp_test_f1: 26.97, f1: 27.81
epoch: 682, val_loss:2.596593, acc: 43.50, bacc: 37.88, tmp_test_f1: 27.03, f1: 27.81
epoch: 683, val_loss:2.614360, acc: 43.50, bacc: 37.88, tmp_test_f1: 26.90, f1: 27.81
epoch: 684, val_loss:2.606576, acc: 43.50, bacc: 37.88, tmp_test_f1: 26.85, f1: 27.81
epoch: 685, val_loss:2.584139, acc: 43.50, bacc: 37.88, tmp_test_f1: 26.81, f1: 27.81
epoch: 686, val_loss:2.580903, acc: 43.50, bacc: 37.88, tmp_test_f1: 26.97, f1: 27.81
epoch: 687, val_loss:2.599576, acc: 43.50, bacc: 37.88, tmp_test_f1: 26.90, f1: 27.81
epoch: 688, val_loss:2.611064, acc: 43.50, bacc: 37.88, tmp_test_f1: 26.90, f1: 27.81
epoch: 689, val_loss:2.598887, acc: 43.50, bacc: 37.88, tmp_test_f1: 26.72, f1: 27.81
epoch: 690, val_loss:2.580208, acc: 43.50, bacc: 37.88, tmp_test_f1: 26.79, f1: 27.81
epoch: 691, val_loss:2.581655, acc: 43.50, bacc: 37.88, tmp_test_f1: 26.77, f1: 27.81
epoch: 692, val_loss:2.599122, acc: 43.50, bacc: 37.88, tmp_test_f1: 26.79, f1: 27.81
epoch: 693, val_loss:2.610786, acc: 43.50, bacc: 37.88, tmp_test_f1: 26.83, f1: 27.81
epoch: 694, val_loss:2.604056, acc: 43.50, bacc: 37.88, tmp_test_f1: 26.60, f1: 27.81
epoch: 695, val_loss:2.580819, acc: 43.50, bacc: 37.88, tmp_test_f1: 26.68, f1: 27.81
epoch: 696, val_loss:2.588032, acc: 43.50, bacc: 37.88, tmp_test_f1: 26.90, f1: 27.81
epoch: 697, val_loss:2.611201, acc: 43.50, bacc: 37.88, tmp_test_f1: 26.97, f1: 27.81
epoch: 698, val_loss:2.609758, acc: 43.50, bacc: 37.88, tmp_test_f1: 26.72, f1: 27.81
epoch: 699, val_loss:2.587538, acc: 43.50, bacc: 37.88, tmp_test_f1: 26.66, f1: 27.81
epoch: 700, val_loss:2.583709, acc: 43.50, bacc: 37.88, tmp_test_f1: 26.83, f1: 27.81
epoch: 701, val_loss:2.611182, acc: 43.50, bacc: 37.88, tmp_test_f1: 27.05, f1: 27.81
epoch: 702, val_loss:2.624100, acc: 43.50, bacc: 37.88, tmp_test_f1: 26.80, f1: 27.81
epoch: 703, val_loss:2.597894, acc: 43.50, bacc: 37.88, tmp_test_f1: 26.72, f1: 27.81
epoch: 704, val_loss:2.565884, acc: 43.50, bacc: 37.88, tmp_test_f1: 26.59, f1: 27.81
epoch: 705, val_loss:2.570755, acc: 43.50, bacc: 37.88, tmp_test_f1: 26.92, f1: 27.81
epoch: 706, val_loss:2.610618, acc: 43.50, bacc: 37.88, tmp_test_f1: 26.92, f1: 27.81
epoch: 707, val_loss:2.614276, acc: 43.50, bacc: 37.88, tmp_test_f1: 26.75, f1: 27.81
epoch: 708, val_loss:2.575949, acc: 43.50, bacc: 37.88, tmp_test_f1: 26.65, f1: 27.81
epoch: 709, val_loss:2.562804, acc: 43.50, bacc: 37.88, tmp_test_f1: 26.93, f1: 27.81
epoch: 710, val_loss:2.580737, acc: 43.50, bacc: 37.88, tmp_test_f1: 26.77, f1: 27.81
epoch: 711, val_loss:2.607460, acc: 43.50, bacc: 37.88, tmp_test_f1: 26.70, f1: 27.81
epoch: 712, val_loss:2.604668, acc: 43.50, bacc: 37.88, tmp_test_f1: 26.80, f1: 27.81
epoch: 713, val_loss:2.584085, acc: 43.50, bacc: 37.88, tmp_test_f1: 26.66, f1: 27.81
epoch: 714, val_loss:2.560618, acc: 43.50, bacc: 37.88, tmp_test_f1: 26.72, f1: 27.81
epoch: 715, val_loss:2.567667, acc: 43.50, bacc: 37.88, tmp_test_f1: 26.84, f1: 27.81
epoch: 716, val_loss:2.604292, acc: 43.50, bacc: 37.88, tmp_test_f1: 26.72, f1: 27.81
epoch: 717, val_loss:2.619783, acc: 43.50, bacc: 37.88, tmp_test_f1: 26.72, f1: 27.81
epoch: 718, val_loss:2.579513, acc: 43.50, bacc: 37.88, tmp_test_f1: 26.75, f1: 27.81
epoch: 719, val_loss:2.567876, acc: 43.50, bacc: 37.88, tmp_test_f1: 26.78, f1: 27.81
epoch: 720, val_loss:2.578434, acc: 43.50, bacc: 37.88, tmp_test_f1: 26.78, f1: 27.81
epoch: 721, val_loss:2.613272, acc: 43.50, bacc: 37.88, tmp_test_f1: 26.79, f1: 27.81
epoch: 722, val_loss:2.622052, acc: 43.50, bacc: 37.88, tmp_test_f1: 26.97, f1: 27.81
epoch: 723, val_loss:2.588263, acc: 43.50, bacc: 37.88, tmp_test_f1: 26.78, f1: 27.81
epoch: 724, val_loss:2.561663, acc: 43.50, bacc: 37.88, tmp_test_f1: 26.82, f1: 27.81
epoch: 725, val_loss:2.590687, acc: 43.50, bacc: 37.88, tmp_test_f1: 26.74, f1: 27.81
epoch: 726, val_loss:2.632462, acc: 43.50, bacc: 37.88, tmp_test_f1: 26.67, f1: 27.81
epoch: 727, val_loss:2.612268, acc: 43.50, bacc: 37.88, tmp_test_f1: 26.73, f1: 27.81
epoch: 728, val_loss:2.564445, acc: 43.50, bacc: 37.88, tmp_test_f1: 26.72, f1: 27.81
epoch: 729, val_loss:2.567987, acc: 43.50, bacc: 37.88, tmp_test_f1: 26.83, f1: 27.81
epoch: 730, val_loss:2.614831, acc: 43.50, bacc: 37.88, tmp_test_f1: 26.67, f1: 27.81
epoch: 731, val_loss:2.647237, acc: 43.50, bacc: 37.88, tmp_test_f1: 26.68, f1: 27.81
epoch: 732, val_loss:2.604765, acc: 43.50, bacc: 37.88, tmp_test_f1: 26.69, f1: 27.81
epoch: 733, val_loss:2.584323, acc: 43.50, bacc: 37.88, tmp_test_f1: 26.80, f1: 27.81
epoch: 734, val_loss:2.596787, acc: 43.50, bacc: 37.88, tmp_test_f1: 26.85, f1: 27.81
epoch: 735, val_loss:2.637024, acc: 43.50, bacc: 37.88, tmp_test_f1: 26.77, f1: 27.81
epoch: 736, val_loss:2.629034, acc: 43.50, bacc: 37.88, tmp_test_f1: 26.88, f1: 27.81
epoch: 737, val_loss:2.602742, acc: 43.50, bacc: 37.88, tmp_test_f1: 26.82, f1: 27.81
epoch: 738, val_loss:2.607086, acc: 43.50, bacc: 37.88, tmp_test_f1: 26.77, f1: 27.81
epoch: 739, val_loss:2.623710, acc: 43.50, bacc: 37.88, tmp_test_f1: 26.83, f1: 27.81
epoch: 740, val_loss:2.625670, acc: 43.50, bacc: 37.88, tmp_test_f1: 26.89, f1: 27.81
epoch: 741, val_loss:2.609648, acc: 43.50, bacc: 37.88, tmp_test_f1: 26.83, f1: 27.81
epoch: 742, val_loss:2.600106, acc: 43.50, bacc: 37.88, tmp_test_f1: 26.89, f1: 27.81
epoch: 743, val_loss:2.599722, acc: 43.50, bacc: 37.88, tmp_test_f1: 26.89, f1: 27.81
epoch: 744, val_loss:2.605345, acc: 43.50, bacc: 37.88, tmp_test_f1: 26.94, f1: 27.81
epoch: 745, val_loss:2.608940, acc: 43.50, bacc: 37.88, tmp_test_f1: 26.78, f1: 27.81
epoch: 746, val_loss:2.599135, acc: 43.50, bacc: 37.88, tmp_test_f1: 26.79, f1: 27.81
epoch: 747, val_loss:2.584868, acc: 43.50, bacc: 37.88, tmp_test_f1: 26.83, f1: 27.81
epoch: 748, val_loss:2.603623, acc: 43.50, bacc: 37.88, tmp_test_f1: 26.81, f1: 27.81
epoch: 749, val_loss:2.613984, acc: 43.50, bacc: 37.88, tmp_test_f1: 26.69, f1: 27.81
epoch: 750, val_loss:2.603497, acc: 43.50, bacc: 37.88, tmp_test_f1: 26.72, f1: 27.81
epoch: 751, val_loss:2.599814, acc: 43.50, bacc: 37.88, tmp_test_f1: 26.81, f1: 27.81
epoch: 752, val_loss:2.611922, acc: 43.50, bacc: 37.88, tmp_test_f1: 26.75, f1: 27.81
epoch: 753, val_loss:2.631910, acc: 43.50, bacc: 37.88, tmp_test_f1: 26.74, f1: 27.81
epoch: 754, val_loss:2.623155, acc: 43.50, bacc: 37.88, tmp_test_f1: 26.62, f1: 27.81
epoch: 755, val_loss:2.619672, acc: 43.50, bacc: 37.88, tmp_test_f1: 26.62, f1: 27.81
epoch: 756, val_loss:2.620391, acc: 43.50, bacc: 37.88, tmp_test_f1: 26.70, f1: 27.81
epoch: 757, val_loss:2.613430, acc: 43.50, bacc: 37.88, tmp_test_f1: 26.64, f1: 27.81
epoch: 758, val_loss:2.610450, acc: 43.50, bacc: 37.88, tmp_test_f1: 26.97, f1: 27.81
epoch: 759, val_loss:2.582227, acc: 43.50, bacc: 37.88, tmp_test_f1: 26.90, f1: 27.81
epoch: 760, val_loss:2.573992, acc: 43.50, bacc: 37.88, tmp_test_f1: 26.92, f1: 27.81
epoch: 761, val_loss:2.577708, acc: 43.50, bacc: 37.88, tmp_test_f1: 26.91, f1: 27.81
epoch: 762, val_loss:2.591817, acc: 43.50, bacc: 37.88, tmp_test_f1: 26.84, f1: 27.81
epoch: 763, val_loss:2.594932, acc: 43.50, bacc: 37.88, tmp_test_f1: 26.93, f1: 27.81
epoch: 764, val_loss:2.569907, acc: 43.50, bacc: 37.88, tmp_test_f1: 26.87, f1: 27.81
epoch: 765, val_loss:2.566005, acc: 43.50, bacc: 37.88, tmp_test_f1: 26.76, f1: 27.81
epoch: 766, val_loss:2.600863, acc: 43.50, bacc: 37.88, tmp_test_f1: 26.84, f1: 27.81
epoch: 767, val_loss:2.619207, acc: 43.50, bacc: 37.88, tmp_test_f1: 26.66, f1: 27.81
epoch: 768, val_loss:2.594003, acc: 43.50, bacc: 37.88, tmp_test_f1: 26.74, f1: 27.81
epoch: 769, val_loss:2.584852, acc: 43.50, bacc: 37.88, tmp_test_f1: 26.53, f1: 27.81
epoch: 770, val_loss:2.594444, acc: 43.50, bacc: 37.88, tmp_test_f1: 26.91, f1: 27.81
epoch: 771, val_loss:2.627000, acc: 43.50, bacc: 37.88, tmp_test_f1: 26.79, f1: 27.81
epoch: 772, val_loss:2.610330, acc: 43.50, bacc: 37.88, tmp_test_f1: 26.73, f1: 27.81
epoch: 773, val_loss:2.579413, acc: 43.50, bacc: 37.88, tmp_test_f1: 26.87, f1: 27.81
epoch: 774, val_loss:2.577054, acc: 43.50, bacc: 37.88, tmp_test_f1: 26.55, f1: 27.81
epoch: 775, val_loss:2.589806, acc: 43.50, bacc: 37.88, tmp_test_f1: 26.54, f1: 27.81
epoch: 776, val_loss:2.606605, acc: 43.50, bacc: 37.88, tmp_test_f1: 26.54, f1: 27.81
epoch: 777, val_loss:2.608588, acc: 43.50, bacc: 37.88, tmp_test_f1: 26.74, f1: 27.81
epoch: 778, val_loss:2.585678, acc: 43.50, bacc: 37.88, tmp_test_f1: 26.67, f1: 27.81
epoch: 779, val_loss:2.583076, acc: 43.50, bacc: 37.88, tmp_test_f1: 26.68, f1: 27.81
epoch: 780, val_loss:2.596772, acc: 43.50, bacc: 37.88, tmp_test_f1: 26.61, f1: 27.81
epoch: 781, val_loss:2.613394, acc: 43.50, bacc: 37.88, tmp_test_f1: 26.67, f1: 27.81
epoch: 782, val_loss:2.614850, acc: 43.50, bacc: 37.88, tmp_test_f1: 26.78, f1: 27.81
epoch: 783, val_loss:2.588402, acc: 43.50, bacc: 37.88, tmp_test_f1: 26.78, f1: 27.81
epoch: 784, val_loss:2.587098, acc: 43.50, bacc: 37.88, tmp_test_f1: 26.72, f1: 27.81
epoch: 785, val_loss:2.616626, acc: 43.50, bacc: 37.88, tmp_test_f1: 27.02, f1: 27.81
epoch: 786, val_loss:2.633259, acc: 43.50, bacc: 37.88, tmp_test_f1: 26.64, f1: 27.81
epoch: 787, val_loss:2.609296, acc: 43.50, bacc: 37.88, tmp_test_f1: 26.67, f1: 27.81
epoch: 788, val_loss:2.587077, acc: 43.50, bacc: 37.88, tmp_test_f1: 26.86, f1: 27.81
epoch: 789, val_loss:2.590727, acc: 43.50, bacc: 37.88, tmp_test_f1: 26.78, f1: 27.81
epoch: 790, val_loss:2.629772, acc: 43.50, bacc: 37.88, tmp_test_f1: 26.71, f1: 27.81
epoch: 791, val_loss:2.628785, acc: 43.50, bacc: 37.88, tmp_test_f1: 26.75, f1: 27.81
epoch: 792, val_loss:2.608536, acc: 43.50, bacc: 37.88, tmp_test_f1: 26.74, f1: 27.81
epoch: 793, val_loss:2.598010, acc: 43.50, bacc: 37.88, tmp_test_f1: 26.74, f1: 27.81
epoch: 794, val_loss:2.602661, acc: 43.50, bacc: 37.88, tmp_test_f1: 26.69, f1: 27.81
epoch: 795, val_loss:2.616146, acc: 43.50, bacc: 37.88, tmp_test_f1: 26.75, f1: 27.81
epoch: 796, val_loss:2.611036, acc: 43.50, bacc: 37.88, tmp_test_f1: 26.74, f1: 27.81
epoch: 797, val_loss:2.589464, acc: 43.50, bacc: 37.88, tmp_test_f1: 26.56, f1: 27.81
epoch: 798, val_loss:2.600961, acc: 43.50, bacc: 37.88, tmp_test_f1: 26.78, f1: 27.81
epoch: 799, val_loss:2.622560, acc: 43.50, bacc: 37.88, tmp_test_f1: 26.64, f1: 27.81
epoch: 800, val_loss:2.620287, acc: 43.50, bacc: 37.88, tmp_test_f1: 26.53, f1: 27.81
epoch: 801, val_loss:2.606926, acc: 43.50, bacc: 37.88, tmp_test_f1: 26.41, f1: 27.81
epoch: 802, val_loss:2.597942, acc: 43.50, bacc: 37.88, tmp_test_f1: 26.46, f1: 27.81
epoch: 803, val_loss:2.592099, acc: 43.50, bacc: 37.88, tmp_test_f1: 26.46, f1: 27.81
epoch: 804, val_loss:2.610121, acc: 43.50, bacc: 37.88, tmp_test_f1: 26.47, f1: 27.81
epoch: 805, val_loss:2.607754, acc: 43.50, bacc: 37.88, tmp_test_f1: 26.34, f1: 27.81
Epoch 00806: reducing learning rate of group 0 to 6.2500e-03.
epoch: 806, val_loss:2.601045, acc: 43.50, bacc: 37.88, tmp_test_f1: 26.53, f1: 27.81
epoch: 807, val_loss:2.607634, acc: 43.50, bacc: 37.88, tmp_test_f1: 26.65, f1: 27.81
epoch: 808, val_loss:2.613880, acc: 43.50, bacc: 37.88, tmp_test_f1: 26.58, f1: 27.81
epoch: 809, val_loss:2.614224, acc: 43.50, bacc: 37.88, tmp_test_f1: 26.47, f1: 27.81
epoch: 810, val_loss:2.608875, acc: 43.50, bacc: 37.88, tmp_test_f1: 26.47, f1: 27.81
epoch: 811, val_loss:2.610155, acc: 43.50, bacc: 37.88, tmp_test_f1: 26.38, f1: 27.81
epoch: 812, val_loss:2.608485, acc: 43.50, bacc: 37.88, tmp_test_f1: 26.51, f1: 27.81
epoch: 813, val_loss:2.614950, acc: 43.50, bacc: 37.88, tmp_test_f1: 26.51, f1: 27.81
epoch: 814, val_loss:2.619084, acc: 43.50, bacc: 37.88, tmp_test_f1: 26.57, f1: 27.81
epoch: 815, val_loss:2.625511, acc: 43.50, bacc: 37.88, tmp_test_f1: 26.58, f1: 27.81
epoch: 816, val_loss:2.626676, acc: 43.50, bacc: 37.88, tmp_test_f1: 26.57, f1: 27.81
epoch: 817, val_loss:2.622937, acc: 43.50, bacc: 37.88, tmp_test_f1: 26.57, f1: 27.81
epoch: 818, val_loss:2.624654, acc: 43.50, bacc: 37.88, tmp_test_f1: 26.56, f1: 27.81
epoch: 819, val_loss:2.624152, acc: 43.50, bacc: 37.88, tmp_test_f1: 26.62, f1: 27.81
epoch: 820, val_loss:2.624260, acc: 43.50, bacc: 37.88, tmp_test_f1: 26.74, f1: 27.81
epoch: 821, val_loss:2.623710, acc: 43.50, bacc: 37.88, tmp_test_f1: 26.75, f1: 27.81
epoch: 822, val_loss:2.623913, acc: 43.50, bacc: 37.88, tmp_test_f1: 26.69, f1: 27.81
epoch: 823, val_loss:2.627172, acc: 43.50, bacc: 37.88, tmp_test_f1: 26.68, f1: 27.81
epoch: 824, val_loss:2.630589, acc: 43.50, bacc: 37.88, tmp_test_f1: 26.68, f1: 27.81
epoch: 825, val_loss:2.631808, acc: 43.50, bacc: 37.88, tmp_test_f1: 26.68, f1: 27.81
epoch: 826, val_loss:2.635643, acc: 43.50, bacc: 37.88, tmp_test_f1: 26.62, f1: 27.81
epoch: 827, val_loss:2.635411, acc: 43.50, bacc: 37.88, tmp_test_f1: 26.51, f1: 27.81
epoch: 828, val_loss:2.627572, acc: 43.50, bacc: 37.88, tmp_test_f1: 26.57, f1: 27.81
epoch: 829, val_loss:2.629289, acc: 43.50, bacc: 37.88, tmp_test_f1: 26.57, f1: 27.81
epoch: 830, val_loss:2.628432, acc: 43.50, bacc: 37.88, tmp_test_f1: 26.57, f1: 27.81
epoch: 831, val_loss:2.630652, acc: 43.50, bacc: 37.88, tmp_test_f1: 26.52, f1: 27.81
epoch: 832, val_loss:2.633531, acc: 43.50, bacc: 37.88, tmp_test_f1: 26.52, f1: 27.81
epoch: 833, val_loss:2.630157, acc: 43.50, bacc: 37.88, tmp_test_f1: 26.53, f1: 27.81
epoch: 834, val_loss:2.630501, acc: 43.50, bacc: 37.88, tmp_test_f1: 26.53, f1: 27.81
epoch: 835, val_loss:2.630266, acc: 43.50, bacc: 37.88, tmp_test_f1: 26.53, f1: 27.81
epoch: 836, val_loss:2.627491, acc: 43.50, bacc: 37.88, tmp_test_f1: 26.54, f1: 27.81
epoch: 837, val_loss:2.626237, acc: 43.50, bacc: 37.88, tmp_test_f1: 26.59, f1: 27.81
epoch: 838, val_loss:2.626427, acc: 43.50, bacc: 37.88, tmp_test_f1: 26.51, f1: 27.81
epoch: 839, val_loss:2.620610, acc: 43.50, bacc: 37.88, tmp_test_f1: 26.45, f1: 27.81
epoch: 840, val_loss:2.620711, acc: 43.50, bacc: 37.88, tmp_test_f1: 26.58, f1: 27.81
epoch: 841, val_loss:2.626904, acc: 43.50, bacc: 37.88, tmp_test_f1: 26.58, f1: 27.81
epoch: 842, val_loss:2.629865, acc: 43.50, bacc: 37.88, tmp_test_f1: 26.58, f1: 27.81
epoch: 843, val_loss:2.625117, acc: 43.50, bacc: 37.88, tmp_test_f1: 26.57, f1: 27.81
epoch: 844, val_loss:2.621157, acc: 43.50, bacc: 37.88, tmp_test_f1: 26.57, f1: 27.81
epoch: 845, val_loss:2.621222, acc: 43.50, bacc: 37.88, tmp_test_f1: 26.57, f1: 27.81
epoch: 846, val_loss:2.620878, acc: 43.50, bacc: 37.88, tmp_test_f1: 26.69, f1: 27.81
epoch: 847, val_loss:2.629036, acc: 43.50, bacc: 37.88, tmp_test_f1: 26.63, f1: 27.81
epoch: 848, val_loss:2.627846, acc: 43.50, bacc: 37.88, tmp_test_f1: 26.39, f1: 27.81
epoch: 849, val_loss:2.622546, acc: 43.50, bacc: 37.88, tmp_test_f1: 26.38, f1: 27.81
epoch: 850, val_loss:2.619921, acc: 43.50, bacc: 37.88, tmp_test_f1: 26.38, f1: 27.81
epoch: 851, val_loss:2.627441, acc: 43.50, bacc: 37.88, tmp_test_f1: 26.57, f1: 27.81
epoch: 852, val_loss:2.636391, acc: 43.50, bacc: 37.88, tmp_test_f1: 26.51, f1: 27.81
epoch: 853, val_loss:2.636445, acc: 43.50, bacc: 37.88, tmp_test_f1: 26.52, f1: 27.81
epoch: 854, val_loss:2.635028, acc: 43.50, bacc: 37.88, tmp_test_f1: 26.52, f1: 27.81
epoch: 855, val_loss:2.630045, acc: 43.50, bacc: 37.88, tmp_test_f1: 26.53, f1: 27.81
epoch: 856, val_loss:2.626816, acc: 43.50, bacc: 37.88, tmp_test_f1: 26.46, f1: 27.81
epoch: 857, val_loss:2.631503, acc: 43.50, bacc: 37.88, tmp_test_f1: 26.46, f1: 27.81
epoch: 858, val_loss:2.637769, acc: 43.50, bacc: 37.88, tmp_test_f1: 26.51, f1: 27.81
epoch: 859, val_loss:2.649260, acc: 43.50, bacc: 37.88, tmp_test_f1: 26.45, f1: 27.81
epoch: 860, val_loss:2.642446, acc: 43.50, bacc: 37.88, tmp_test_f1: 26.46, f1: 27.81
epoch: 861, val_loss:2.627052, acc: 43.50, bacc: 37.88, tmp_test_f1: 26.53, f1: 27.81
epoch: 862, val_loss:2.617495, acc: 43.50, bacc: 37.88, tmp_test_f1: 26.53, f1: 27.81
epoch: 863, val_loss:2.619347, acc: 43.50, bacc: 37.88, tmp_test_f1: 26.51, f1: 27.81
epoch: 864, val_loss:2.630218, acc: 43.50, bacc: 37.88, tmp_test_f1: 26.62, f1: 27.81
epoch: 865, val_loss:2.644042, acc: 43.50, bacc: 37.88, tmp_test_f1: 26.68, f1: 27.81
epoch: 866, val_loss:2.647281, acc: 43.50, bacc: 37.88, tmp_test_f1: 26.52, f1: 27.81
epoch: 867, val_loss:2.627384, acc: 43.50, bacc: 37.88, tmp_test_f1: 26.69, f1: 27.81
epoch: 868, val_loss:2.611425, acc: 43.50, bacc: 37.88, tmp_test_f1: 26.50, f1: 27.81
epoch: 869, val_loss:2.620198, acc: 43.50, bacc: 37.88, tmp_test_f1: 26.69, f1: 27.81
epoch: 870, val_loss:2.644826, acc: 43.50, bacc: 37.88, tmp_test_f1: 26.77, f1: 27.81
epoch: 871, val_loss:2.667099, acc: 43.50, bacc: 37.88, tmp_test_f1: 26.70, f1: 27.81
epoch: 872, val_loss:2.651348, acc: 43.50, bacc: 37.88, tmp_test_f1: 26.57, f1: 27.81
epoch: 873, val_loss:2.618686, acc: 43.50, bacc: 37.88, tmp_test_f1: 26.75, f1: 27.81
epoch: 874, val_loss:2.605059, acc: 43.50, bacc: 37.88, tmp_test_f1: 26.63, f1: 27.81
epoch: 875, val_loss:2.615249, acc: 43.50, bacc: 37.88, tmp_test_f1: 26.69, f1: 27.81
epoch: 876, val_loss:2.642705, acc: 43.50, bacc: 37.88, tmp_test_f1: 26.97, f1: 27.81
epoch: 877, val_loss:2.656393, acc: 43.50, bacc: 37.88, tmp_test_f1: 26.76, f1: 27.81
epoch: 878, val_loss:2.643234, acc: 43.50, bacc: 37.88, tmp_test_f1: 26.69, f1: 27.81
epoch: 879, val_loss:2.617364, acc: 43.50, bacc: 37.88, tmp_test_f1: 26.49, f1: 27.81
epoch: 880, val_loss:2.602284, acc: 43.50, bacc: 37.88, tmp_test_f1: 26.49, f1: 27.81
epoch: 881, val_loss:2.603272, acc: 43.50, bacc: 37.88, tmp_test_f1: 26.58, f1: 27.81
epoch: 882, val_loss:2.616574, acc: 43.50, bacc: 37.88, tmp_test_f1: 26.62, f1: 27.81
epoch: 883, val_loss:2.638711, acc: 43.50, bacc: 37.88, tmp_test_f1: 26.75, f1: 27.81
epoch: 884, val_loss:2.647067, acc: 43.50, bacc: 37.88, tmp_test_f1: 26.51, f1: 27.81
epoch: 885, val_loss:2.628850, acc: 43.50, bacc: 37.88, tmp_test_f1: 26.63, f1: 27.81
epoch: 886, val_loss:2.608178, acc: 43.50, bacc: 37.88, tmp_test_f1: 26.53, f1: 27.81
epoch: 887, val_loss:2.599123, acc: 43.50, bacc: 37.88, tmp_test_f1: 26.56, f1: 27.81
epoch: 888, val_loss:2.610955, acc: 43.50, bacc: 37.88, tmp_test_f1: 26.62, f1: 27.81
epoch: 889, val_loss:2.636241, acc: 43.50, bacc: 37.88, tmp_test_f1: 26.90, f1: 27.81
epoch: 890, val_loss:2.655870, acc: 43.50, bacc: 37.88, tmp_test_f1: 26.64, f1: 27.81
epoch: 891, val_loss:2.637722, acc: 43.50, bacc: 37.88, tmp_test_f1: 26.62, f1: 27.81
epoch: 892, val_loss:2.611108, acc: 43.50, bacc: 37.88, tmp_test_f1: 26.64, f1: 27.81
epoch: 893, val_loss:2.594649, acc: 43.50, bacc: 37.88, tmp_test_f1: 26.70, f1: 27.81
epoch: 894, val_loss:2.600597, acc: 43.50, bacc: 37.88, tmp_test_f1: 26.61, f1: 27.81
epoch: 895, val_loss:2.626800, acc: 43.50, bacc: 37.88, tmp_test_f1: 26.78, f1: 27.81
epoch: 896, val_loss:2.658949, acc: 43.50, bacc: 37.88, tmp_test_f1: 26.97, f1: 27.81
epoch: 897, val_loss:2.662050, acc: 43.50, bacc: 37.88, tmp_test_f1: 26.55, f1: 27.81
epoch: 898, val_loss:2.634526, acc: 43.50, bacc: 37.88, tmp_test_f1: 26.71, f1: 27.81
epoch: 899, val_loss:2.601917, acc: 43.50, bacc: 37.88, tmp_test_f1: 26.78, f1: 27.81
epoch: 900, val_loss:2.596679, acc: 43.50, bacc: 37.88, tmp_test_f1: 26.64, f1: 27.81
epoch: 901, val_loss:2.612780, acc: 43.50, bacc: 37.88, tmp_test_f1: 26.69, f1: 27.81
epoch: 902, val_loss:2.648656, acc: 43.50, bacc: 37.88, tmp_test_f1: 26.77, f1: 27.81
epoch: 903, val_loss:2.658376, acc: 43.50, bacc: 37.88, tmp_test_f1: 26.63, f1: 27.81
epoch: 904, val_loss:2.638392, acc: 43.50, bacc: 37.88, tmp_test_f1: 26.52, f1: 27.81
epoch: 905, val_loss:2.623479, acc: 43.50, bacc: 37.88, tmp_test_f1: 26.45, f1: 27.81
epoch: 906, val_loss:2.614601, acc: 43.50, bacc: 37.88, tmp_test_f1: 26.52, f1: 27.81
epoch: 907, val_loss:2.623728, acc: 43.50, bacc: 37.88, tmp_test_f1: 26.58, f1: 27.81
epoch: 908, val_loss:2.645890, acc: 43.50, bacc: 37.88, tmp_test_f1: 26.70, f1: 27.81
epoch: 909, val_loss:2.658770, acc: 43.50, bacc: 37.88, tmp_test_f1: 26.70, f1: 27.81
epoch: 910, val_loss:2.659818, acc: 43.50, bacc: 37.88, tmp_test_f1: 26.63, f1: 27.81
epoch: 911, val_loss:2.639795, acc: 43.50, bacc: 37.88, tmp_test_f1: 26.52, f1: 27.81
epoch: 912, val_loss:2.623192, acc: 43.50, bacc: 37.88, tmp_test_f1: 26.70, f1: 27.81
epoch: 913, val_loss:2.621881, acc: 43.50, bacc: 37.88, tmp_test_f1: 26.63, f1: 27.81
epoch: 914, val_loss:2.632741, acc: 43.50, bacc: 37.88, tmp_test_f1: 26.69, f1: 27.81
epoch: 915, val_loss:2.642123, acc: 43.50, bacc: 37.88, tmp_test_f1: 26.68, f1: 27.81
epoch: 916, val_loss:2.631817, acc: 43.50, bacc: 37.88, tmp_test_f1: 26.69, f1: 27.81
epoch: 917, val_loss:2.620601, acc: 43.50, bacc: 37.88, tmp_test_f1: 26.57, f1: 27.81
epoch: 918, val_loss:2.616599, acc: 43.50, bacc: 37.88, tmp_test_f1: 26.62, f1: 27.81
epoch: 919, val_loss:2.625283, acc: 43.50, bacc: 37.88, tmp_test_f1: 26.57, f1: 27.81
epoch: 920, val_loss:2.637888, acc: 43.50, bacc: 37.88, tmp_test_f1: 26.51, f1: 27.81
epoch: 921, val_loss:2.640769, acc: 43.50, bacc: 37.88, tmp_test_f1: 26.51, f1: 27.81
epoch: 922, val_loss:2.638420, acc: 43.50, bacc: 37.88, tmp_test_f1: 26.46, f1: 27.81
epoch: 923, val_loss:2.633421, acc: 43.50, bacc: 37.88, tmp_test_f1: 26.46, f1: 27.81
epoch: 924, val_loss:2.632404, acc: 43.50, bacc: 37.88, tmp_test_f1: 26.52, f1: 27.81
epoch: 925, val_loss:2.642771, acc: 43.50, bacc: 37.88, tmp_test_f1: 26.46, f1: 27.81
epoch: 926, val_loss:2.650288, acc: 43.50, bacc: 37.88, tmp_test_f1: 26.39, f1: 27.81
epoch: 927, val_loss:2.646812, acc: 43.50, bacc: 37.88, tmp_test_f1: 26.39, f1: 27.81
epoch: 928, val_loss:2.645133, acc: 43.50, bacc: 37.88, tmp_test_f1: 26.33, f1: 27.81
epoch: 929, val_loss:2.637618, acc: 43.50, bacc: 37.88, tmp_test_f1: 26.34, f1: 27.81
epoch: 930, val_loss:2.634088, acc: 43.50, bacc: 37.88, tmp_test_f1: 26.35, f1: 27.81
epoch: 931, val_loss:2.636778, acc: 43.50, bacc: 37.88, tmp_test_f1: 26.42, f1: 27.81
epoch: 932, val_loss:2.649418, acc: 43.50, bacc: 37.88, tmp_test_f1: 26.48, f1: 27.81
epoch: 933, val_loss:2.653435, acc: 43.50, bacc: 37.88, tmp_test_f1: 26.41, f1: 27.81
epoch: 934, val_loss:2.645176, acc: 43.50, bacc: 37.88, tmp_test_f1: 26.45, f1: 27.81
epoch: 935, val_loss:2.630460, acc: 43.50, bacc: 37.88, tmp_test_f1: 26.51, f1: 27.81
epoch: 936, val_loss:2.626297, acc: 43.50, bacc: 37.88, tmp_test_f1: 26.46, f1: 27.81
epoch: 937, val_loss:2.633042, acc: 43.50, bacc: 37.88, tmp_test_f1: 26.51, f1: 27.81
epoch: 938, val_loss:2.638709, acc: 43.50, bacc: 37.88, tmp_test_f1: 26.51, f1: 27.81
epoch: 939, val_loss:2.639793, acc: 43.50, bacc: 37.88, tmp_test_f1: 26.39, f1: 27.81
epoch: 940, val_loss:2.631222, acc: 43.50, bacc: 37.88, tmp_test_f1: 26.33, f1: 27.81
epoch: 941, val_loss:2.630828, acc: 43.50, bacc: 37.88, tmp_test_f1: 26.33, f1: 27.81
epoch: 942, val_loss:2.634441, acc: 43.50, bacc: 37.88, tmp_test_f1: 26.39, f1: 27.81
epoch: 943, val_loss:2.645367, acc: 43.50, bacc: 37.88, tmp_test_f1: 26.40, f1: 27.81
epoch: 944, val_loss:2.649425, acc: 43.50, bacc: 37.88, tmp_test_f1: 26.46, f1: 27.81
epoch: 945, val_loss:2.641860, acc: 43.50, bacc: 37.88, tmp_test_f1: 26.47, f1: 27.81
epoch: 946, val_loss:2.642638, acc: 43.50, bacc: 37.88, tmp_test_f1: 26.45, f1: 27.81
epoch: 947, val_loss:2.637357, acc: 43.50, bacc: 37.88, tmp_test_f1: 26.57, f1: 27.81
epoch: 948, val_loss:2.638352, acc: 43.50, bacc: 37.88, tmp_test_f1: 26.58, f1: 27.81
epoch: 949, val_loss:2.650258, acc: 43.50, bacc: 37.88, tmp_test_f1: 26.64, f1: 27.81
epoch: 950, val_loss:2.649353, acc: 43.50, bacc: 37.88, tmp_test_f1: 26.63, f1: 27.81
epoch: 951, val_loss:2.642830, acc: 43.50, bacc: 37.88, tmp_test_f1: 26.69, f1: 27.81
epoch: 952, val_loss:2.634804, acc: 43.50, bacc: 37.88, tmp_test_f1: 26.69, f1: 27.81
epoch: 953, val_loss:2.637878, acc: 43.50, bacc: 37.88, tmp_test_f1: 26.69, f1: 27.81
epoch: 954, val_loss:2.647815, acc: 43.50, bacc: 37.88, tmp_test_f1: 26.63, f1: 27.81
epoch: 955, val_loss:2.645848, acc: 43.50, bacc: 37.88, tmp_test_f1: 26.62, f1: 27.81
epoch: 956, val_loss:2.638587, acc: 43.50, bacc: 37.88, tmp_test_f1: 26.55, f1: 27.81
epoch: 957, val_loss:2.631731, acc: 43.50, bacc: 37.88, tmp_test_f1: 26.50, f1: 27.81
epoch: 958, val_loss:2.636125, acc: 43.50, bacc: 37.88, tmp_test_f1: 26.69, f1: 27.81
epoch: 959, val_loss:2.653114, acc: 43.50, bacc: 37.88, tmp_test_f1: 26.68, f1: 27.81
epoch: 960, val_loss:2.665679, acc: 43.50, bacc: 37.88, tmp_test_f1: 26.69, f1: 27.81
epoch: 961, val_loss:2.656212, acc: 43.50, bacc: 37.88, tmp_test_f1: 26.51, f1: 27.81
epoch: 962, val_loss:2.643884, acc: 43.50, bacc: 37.88, tmp_test_f1: 26.51, f1: 27.81
epoch: 963, val_loss:2.640481, acc: 43.50, bacc: 37.88, tmp_test_f1: 26.58, f1: 27.81
epoch: 964, val_loss:2.654075, acc: 43.50, bacc: 37.88, tmp_test_f1: 26.70, f1: 27.81
epoch: 965, val_loss:2.666729, acc: 43.50, bacc: 37.88, tmp_test_f1: 26.76, f1: 27.81
epoch: 966, val_loss:2.668565, acc: 43.50, bacc: 37.88, tmp_test_f1: 26.57, f1: 27.81
epoch: 967, val_loss:2.652596, acc: 43.50, bacc: 37.88, tmp_test_f1: 26.51, f1: 27.81
epoch: 968, val_loss:2.644615, acc: 43.50, bacc: 37.88, tmp_test_f1: 26.50, f1: 27.81
epoch: 969, val_loss:2.649655, acc: 43.50, bacc: 37.88, tmp_test_f1: 26.69, f1: 27.81
epoch: 970, val_loss:2.666496, acc: 43.50, bacc: 37.88, tmp_test_f1: 26.63, f1: 27.81
epoch: 971, val_loss:2.664433, acc: 43.50, bacc: 37.88, tmp_test_f1: 26.62, f1: 27.81
epoch: 972, val_loss:2.651185, acc: 43.50, bacc: 37.88, tmp_test_f1: 26.55, f1: 27.81
epoch: 973, val_loss:2.643073, acc: 43.50, bacc: 37.88, tmp_test_f1: 26.44, f1: 27.81
epoch: 974, val_loss:2.639433, acc: 43.50, bacc: 37.88, tmp_test_f1: 26.62, f1: 27.81
epoch: 975, val_loss:2.645152, acc: 43.50, bacc: 37.88, tmp_test_f1: 26.64, f1: 27.81
epoch: 976, val_loss:2.656281, acc: 43.50, bacc: 37.88, tmp_test_f1: 26.64, f1: 27.81
epoch: 977, val_loss:2.654817, acc: 43.50, bacc: 37.88, tmp_test_f1: 26.51, f1: 27.81
epoch: 978, val_loss:2.645419, acc: 43.50, bacc: 37.88, tmp_test_f1: 26.57, f1: 27.81
epoch: 979, val_loss:2.635089, acc: 43.50, bacc: 37.88, tmp_test_f1: 26.57, f1: 27.81
epoch: 980, val_loss:2.635084, acc: 43.50, bacc: 37.88, tmp_test_f1: 26.45, f1: 27.81
epoch: 981, val_loss:2.646835, acc: 43.50, bacc: 37.88, tmp_test_f1: 26.45, f1: 27.81
epoch: 982, val_loss:2.653457, acc: 43.50, bacc: 37.88, tmp_test_f1: 26.45, f1: 27.81
epoch: 983, val_loss:2.646800, acc: 43.50, bacc: 37.88, tmp_test_f1: 26.52, f1: 27.81
epoch: 984, val_loss:2.644845, acc: 43.50, bacc: 37.88, tmp_test_f1: 26.45, f1: 27.81
epoch: 985, val_loss:2.648447, acc: 43.50, bacc: 37.88, tmp_test_f1: 26.46, f1: 27.81
epoch: 986, val_loss:2.649196, acc: 43.50, bacc: 37.88, tmp_test_f1: 26.45, f1: 27.81
epoch: 987, val_loss:2.647402, acc: 43.50, bacc: 37.88, tmp_test_f1: 26.45, f1: 27.81
epoch: 988, val_loss:2.644654, acc: 43.50, bacc: 37.88, tmp_test_f1: 26.43, f1: 27.81
epoch: 989, val_loss:2.644529, acc: 43.50, bacc: 37.88, tmp_test_f1: 26.44, f1: 27.81
epoch: 990, val_loss:2.646860, acc: 43.50, bacc: 37.88, tmp_test_f1: 26.44, f1: 27.81
epoch: 991, val_loss:2.655848, acc: 43.50, bacc: 37.88, tmp_test_f1: 26.45, f1: 27.81
epoch: 992, val_loss:2.659187, acc: 43.50, bacc: 37.88, tmp_test_f1: 26.50, f1: 27.81
epoch: 993, val_loss:2.654915, acc: 43.50, bacc: 37.88, tmp_test_f1: 26.50, f1: 27.81
epoch: 994, val_loss:2.649475, acc: 43.50, bacc: 37.88, tmp_test_f1: 26.50, f1: 27.81
epoch: 995, val_loss:2.649235, acc: 43.50, bacc: 37.88, tmp_test_f1: 26.56, f1: 27.81
epoch: 996, val_loss:2.652945, acc: 43.50, bacc: 37.88, tmp_test_f1: 26.56, f1: 27.81
epoch: 997, val_loss:2.658080, acc: 43.50, bacc: 37.88, tmp_test_f1: 26.56, f1: 27.81
epoch: 998, val_loss:2.655651, acc: 43.50, bacc: 37.88, tmp_test_f1: 26.45, f1: 27.81
epoch: 999, val_loss:2.645432, acc: 43.50, bacc: 37.88, tmp_test_f1: 26.57, f1: 27.81
epoch: 1000, val_loss:2.639226, acc: 43.50, bacc: 37.88, tmp_test_f1: 26.45, f1: 27.81
epoch: 1001, val_loss:2.651507, acc: 43.50, bacc: 37.88, tmp_test_f1: 26.75, f1: 27.81
epoch: 1002, val_loss:2.660179, acc: 43.50, bacc: 37.88, tmp_test_f1: 26.64, f1: 27.81
epoch: 1003, val_loss:2.655386, acc: 43.50, bacc: 37.88, tmp_test_f1: 26.63, f1: 27.81
epoch: 1004, val_loss:2.656035, acc: 43.50, bacc: 37.88, tmp_test_f1: 26.57, f1: 27.81
epoch: 1005, val_loss:2.651000, acc: 43.50, bacc: 37.88, tmp_test_f1: 26.70, f1: 27.81
epoch: 1006, val_loss:2.642045, acc: 43.50, bacc: 37.88, tmp_test_f1: 26.70, f1: 27.81
Epoch 01007: reducing learning rate of group 0 to 3.1250e-03.
epoch: 1007, val_loss:2.638637, acc: 43.50, bacc: 37.88, tmp_test_f1: 26.57, f1: 27.81
epoch: 1008, val_loss:2.642874, acc: 43.50, bacc: 37.88, tmp_test_f1: 26.57, f1: 27.81
epoch: 1009, val_loss:2.643186, acc: 43.50, bacc: 37.88, tmp_test_f1: 26.57, f1: 27.81
epoch: 1010, val_loss:2.643671, acc: 43.50, bacc: 37.88, tmp_test_f1: 26.57, f1: 27.81
epoch: 1011, val_loss:2.645275, acc: 43.50, bacc: 37.88, tmp_test_f1: 26.64, f1: 27.81
epoch: 1012, val_loss:2.647631, acc: 43.50, bacc: 37.88, tmp_test_f1: 26.57, f1: 27.81
epoch: 1013, val_loss:2.642784, acc: 43.50, bacc: 37.88, tmp_test_f1: 26.57, f1: 27.81
epoch: 1014, val_loss:2.644023, acc: 43.50, bacc: 37.88, tmp_test_f1: 26.57, f1: 27.81
epoch: 1015, val_loss:2.643516, acc: 43.50, bacc: 37.88, tmp_test_f1: 26.57, f1: 27.81
epoch: 1016, val_loss:2.641593, acc: 43.50, bacc: 37.88, tmp_test_f1: 26.57, f1: 27.81
epoch: 1017, val_loss:2.642926, acc: 43.50, bacc: 37.88, tmp_test_f1: 26.52, f1: 27.81
epoch: 1018, val_loss:2.646139, acc: 43.50, bacc: 37.88, tmp_test_f1: 26.57, f1: 27.81
epoch: 1019, val_loss:2.649848, acc: 43.50, bacc: 37.88, tmp_test_f1: 26.51, f1: 27.81
epoch: 1020, val_loss:2.646177, acc: 43.50, bacc: 37.88, tmp_test_f1: 26.51, f1: 27.81
epoch: 1021, val_loss:2.644443, acc: 43.50, bacc: 37.88, tmp_test_f1: 26.52, f1: 27.81
epoch: 1022, val_loss:2.643704, acc: 43.50, bacc: 37.88, tmp_test_f1: 26.52, f1: 27.81
epoch: 1023, val_loss:2.643517, acc: 43.50, bacc: 37.88, tmp_test_f1: 26.45, f1: 27.81
epoch: 1024, val_loss:2.642833, acc: 43.50, bacc: 37.88, tmp_test_f1: 26.45, f1: 27.81
epoch: 1025, val_loss:2.643351, acc: 43.50, bacc: 37.88, tmp_test_f1: 26.45, f1: 27.81
epoch: 1026, val_loss:2.649371, acc: 43.50, bacc: 37.88, tmp_test_f1: 26.45, f1: 27.81
epoch: 1027, val_loss:2.652860, acc: 43.50, bacc: 37.88, tmp_test_f1: 26.50, f1: 27.81
epoch: 1028, val_loss:2.657398, acc: 43.50, bacc: 37.88, tmp_test_f1: 26.51, f1: 27.81
epoch: 1029, val_loss:2.658400, acc: 43.50, bacc: 37.88, tmp_test_f1: 26.45, f1: 27.81
epoch: 1030, val_loss:2.651590, acc: 43.50, bacc: 37.88, tmp_test_f1: 26.45, f1: 27.81
epoch: 1031, val_loss:2.640295, acc: 43.50, bacc: 37.88, tmp_test_f1: 26.51, f1: 27.81
epoch: 1032, val_loss:2.631693, acc: 43.50, bacc: 37.88, tmp_test_f1: 26.51, f1: 27.81
epoch: 1033, val_loss:2.629430, acc: 43.50, bacc: 37.88, tmp_test_f1: 26.50, f1: 27.81
epoch: 1034, val_loss:2.634766, acc: 43.50, bacc: 37.88, tmp_test_f1: 26.44, f1: 27.81
epoch: 1035, val_loss:2.648238, acc: 43.50, bacc: 37.88, tmp_test_f1: 26.57, f1: 27.81
epoch: 1036, val_loss:2.658360, acc: 43.50, bacc: 37.88, tmp_test_f1: 26.57, f1: 27.81
epoch: 1037, val_loss:2.657146, acc: 43.50, bacc: 37.88, tmp_test_f1: 26.45, f1: 27.81
epoch: 1038, val_loss:2.645485, acc: 43.50, bacc: 37.88, tmp_test_f1: 26.51, f1: 27.81
epoch: 1039, val_loss:2.635844, acc: 43.50, bacc: 37.88, tmp_test_f1: 26.51, f1: 27.81
epoch: 1040, val_loss:2.636751, acc: 43.50, bacc: 37.88, tmp_test_f1: 26.45, f1: 27.81
epoch: 1041, val_loss:2.644625, acc: 43.50, bacc: 37.88, tmp_test_f1: 26.46, f1: 27.81
epoch: 1042, val_loss:2.652893, acc: 43.50, bacc: 37.88, tmp_test_f1: 26.57, f1: 27.81
epoch: 1043, val_loss:2.659097, acc: 43.50, bacc: 37.88, tmp_test_f1: 26.46, f1: 27.81
epoch: 1044, val_loss:2.651943, acc: 43.50, bacc: 37.88, tmp_test_f1: 26.45, f1: 27.81
epoch: 1045, val_loss:2.644202, acc: 43.50, bacc: 37.88, tmp_test_f1: 26.51, f1: 27.81
epoch: 1046, val_loss:2.639250, acc: 43.50, bacc: 37.88, tmp_test_f1: 26.51, f1: 27.81
epoch: 1047, val_loss:2.638904, acc: 43.50, bacc: 37.88, tmp_test_f1: 26.46, f1: 27.81
epoch: 1048, val_loss:2.643532, acc: 43.50, bacc: 37.88, tmp_test_f1: 26.46, f1: 27.81
epoch: 1049, val_loss:2.648418, acc: 43.50, bacc: 37.88, tmp_test_f1: 26.46, f1: 27.81
epoch: 1050, val_loss:2.648098, acc: 43.50, bacc: 37.88, tmp_test_f1: 26.46, f1: 27.81
epoch: 1051, val_loss:2.647787, acc: 43.50, bacc: 37.88, tmp_test_f1: 26.46, f1: 27.81
epoch: 1052, val_loss:2.646044, acc: 43.50, bacc: 37.88, tmp_test_f1: 26.46, f1: 27.81
epoch: 1053, val_loss:2.645448, acc: 43.50, bacc: 37.88, tmp_test_f1: 26.46, f1: 27.81
epoch: 1054, val_loss:2.641777, acc: 43.50, bacc: 37.88, tmp_test_f1: 26.58, f1: 27.81
epoch: 1055, val_loss:2.637917, acc: 43.50, bacc: 37.88, tmp_test_f1: 26.58, f1: 27.81
epoch: 1056, val_loss:2.635998, acc: 43.50, bacc: 37.88, tmp_test_f1: 26.58, f1: 27.81
epoch: 1057, val_loss:2.638644, acc: 43.50, bacc: 37.88, tmp_test_f1: 26.46, f1: 27.81
epoch: 1058, val_loss:2.645930, acc: 43.50, bacc: 37.88, tmp_test_f1: 26.48, f1: 27.81
epoch: 1059, val_loss:2.654119, acc: 43.50, bacc: 37.88, tmp_test_f1: 26.53, f1: 27.81
epoch: 1060, val_loss:2.655130, acc: 43.50, bacc: 37.88, tmp_test_f1: 26.53, f1: 27.81
epoch: 1061, val_loss:2.653784, acc: 43.50, bacc: 37.88, tmp_test_f1: 26.46, f1: 27.81
epoch: 1062, val_loss:2.646521, acc: 43.50, bacc: 37.88, tmp_test_f1: 26.57, f1: 27.81
epoch: 1063, val_loss:2.639333, acc: 43.50, bacc: 37.88, tmp_test_f1: 26.57, f1: 27.81
epoch: 1064, val_loss:2.641078, acc: 43.50, bacc: 37.88, tmp_test_f1: 26.52, f1: 27.81
epoch: 1065, val_loss:2.643514, acc: 43.50, bacc: 37.88, tmp_test_f1: 26.58, f1: 27.81
epoch: 1066, val_loss:2.648742, acc: 43.50, bacc: 37.88, tmp_test_f1: 26.64, f1: 27.81
epoch: 1067, val_loss:2.653826, acc: 43.50, bacc: 37.88, tmp_test_f1: 26.65, f1: 27.81
epoch: 1068, val_loss:2.659763, acc: 43.50, bacc: 37.88, tmp_test_f1: 26.70, f1: 27.81
SymDiGCN CiteSeer 100 Aug 0 EndEpoch 1068 lr 0.1
SHAsplit  0, acc: 43.50, bacc: 37.88, f1: 27.81
