Namespace(use_best_hyperparams=1, GPUdevice=0, CPU=False, mlpIn=0, mlpOut=0, BN_model=1, nonlinear=1, First_self_loop='remove', rm_gen_sloop=0, has_scheduler=1, patience=400, conv_type='dir-gcn', normalize=1, jk='max', jk_inner=0, inci_norm='dir', fs='dir', alphaDir=1, betaDir=1, gamaDir=1, learn_alpha=False, differ_AA=0, differ_AAt=0, num_split=20, MakeImbalance=False, imb_ratio=20, net='ScaleNet', seed=11, Dataset='WikipediaNetwork/squirrel', dropout=0.0, layer=6, alpha=0.1, AP_K=10, feat_dim=64, epoch=10000, NotImproved=810, lr=0.01, lrweight=0.4, coeflr=2, wd4coef=0.05, l2=0, heads=1, q=0, p_q=0.95, p_inter=0.1, norm=0, activation=0, K=2, netflow=True, follow_math=True, gcn=True, i_complex=True, qua_weights=False, qua_bias=False, log_path='test', data_path='../dataset/data/tmp/', ppnp='GPR_prop', Init='PPR', p=2, mu=0.1, W_degree=5, has_1_order=0, paraD=False, gcn_norm=0, add_selfloop=0, to_undirected=0, to_reverse_edge=0, feat_proximity=False, ibx1=False, log_root='../logs/')
Using Device:  cuda:0
no_in, homo_in, no_out, homo_out: 2996 441 0 1258
GCN_JKNet(
  (convs): ModuleList(
    (0): DirGCNConv_2(
      (lin_src_to_dst): Linear(in_features=2089, out_features=64, bias=True)
      (lin_dst_to_src): Linear(in_features=2089, out_features=64, bias=True)
      (linx): ModuleList(
        (0-3): 4 x Linear(in_features=2089, out_features=64, bias=True)
      )
      (batch_norm2): BatchNorm1d(64, eps=1e-05, momentum=0.1, affine=True, track_running_stats=True)
      (conv2_1): Linear(in_features=128, out_features=64, bias=True)
    )
    (1-5): 5 x DirGCNConv_2(
      (lin_src_to_dst): Linear(in_features=64, out_features=64, bias=True)
      (lin_dst_to_src): Linear(in_features=64, out_features=64, bias=True)
      (linx): ModuleList(
        (0-3): 4 x Linear(in_features=64, out_features=64, bias=True)
      )
      (batch_norm2): BatchNorm1d(64, eps=1e-05, momentum=0.1, affine=True, track_running_stats=True)
      (conv2_1): Linear(in_features=128, out_features=64, bias=True)
    )
  )
  (lin): Linear(in_features=64, out_features=5, bias=True)
  (jump): JumpingKnowledge(max)
)
WikipediaNetwork_squirrelDirect	totalNode_5201	 trainNode_2496
WikipediaNetwork_squirrelDirect	totalEdge_217073	 trainEdge_217073
epoch:   0, val_loss:1.708660, test_acc: 19.60, bacc: 19.74, tmp_test_f1: 8.71, f1: 8.71
epoch: 100, val_loss:1.225892, test_acc: 62.82, bacc: 62.90, tmp_test_f1: 55.09, f1: 61.79
epoch: 200, val_loss:1.784516, test_acc: 68.49, bacc: 68.60, tmp_test_f1: 43.28, f1: 68.62
epoch: 300, val_loss:1.057934, test_acc: 73.68, bacc: 73.79, tmp_test_f1: 72.39, f1: 73.51
epoch: 400, val_loss:1.449852, test_acc: 75.12, bacc: 75.23, tmp_test_f1: 54.66, f1: 74.96
epoch: 500, val_loss:1.566465, test_acc: 75.12, bacc: 75.23, tmp_test_f1: 58.73, f1: 74.96
epoch: 600, val_loss:1.282352, test_acc: 75.12, bacc: 75.23, tmp_test_f1: 75.89, f1: 74.96
epoch: 700, val_loss:1.406437, test_acc: 75.12, bacc: 75.23, tmp_test_f1: 61.53, f1: 74.96
epoch: 800, val_loss:1.343697, test_acc: 75.12, bacc: 75.23, tmp_test_f1: 73.43, f1: 74.96
epoch: 900, val_loss:2.355448, test_acc: 75.12, bacc: 75.23, tmp_test_f1: 49.25, f1: 74.96
epoch: 1000, val_loss:1.339530, test_acc: 75.79, bacc: 75.85, tmp_test_f1: 74.44, f1: 75.61
epoch: 1100, val_loss:1.367277, test_acc: 75.89, bacc: 75.99, tmp_test_f1: 74.44, f1: 75.67
epoch: 1200, val_loss:1.373743, test_acc: 75.89, bacc: 75.99, tmp_test_f1: 75.93, f1: 75.67
epoch: 1300, val_loss:1.377357, test_acc: 77.33, bacc: 77.41, tmp_test_f1: 74.49, f1: 77.15
epoch: 1400, val_loss:1.374967, test_acc: 77.33, bacc: 77.41, tmp_test_f1: 75.69, f1: 77.15
epoch: 1500, val_loss:1.388792, test_acc: 77.33, bacc: 77.41, tmp_test_f1: 75.91, f1: 77.15
epoch: 1600, val_loss:1.396882, test_acc: 77.33, bacc: 77.41, tmp_test_f1: 76.03, f1: 77.15
epoch: 1700, val_loss:1.413672, test_acc: 77.33, bacc: 77.41, tmp_test_f1: 75.05, f1: 77.15
epoch: 1800, val_loss:1.373620, test_acc: 77.33, bacc: 77.41, tmp_test_f1: 75.92, f1: 77.15
epoch: 1900, val_loss:1.400081, test_acc: 77.33, bacc: 77.41, tmp_test_f1: 75.62, f1: 77.15
epoch: 2000, val_loss:1.396829, test_acc: 77.33, bacc: 77.41, tmp_test_f1: 75.30, f1: 77.15
noIn_noOut_nodes 0
noIn_outHomo_nodes [{'num_node': 787, 'test': 168, 'correct': 157, 'acc': 0.93, 'bacc': 0.92, 'f1': 0.9}]
noIn_outHetero_nodes [{'num_node': 2209, 'test': 426, 'correct': 373, 'acc': 0.88, 'bacc': 0.87, 'f1': 0.87}]
inHomo_noOut_nodes 0
inHomo_outHomo_nodes [{'num_node': 184, 'test': 35, 'correct': 29, 'acc': 0.83, 'bacc': 0.82, 'f1': 0.8}]
inHomo_outHetero_nodes [{'num_node': 257, 'test': 55, 'correct': 43, 'acc': 0.78, 'bacc': 0.74, 'f1': 0.74}]
inHetero_noOut_nodes 0
inHetero_outHomo_nodes [{'num_node': 287, 'test': 61, 'correct': 39, 'acc': 0.64, 'bacc': 0.55, 'f1': 0.51}]
inHetero_outHetero_nodes [{'num_node': 1477, 'test': 296, 'correct': 164, 'acc': 0.55, 'bacc': 0.59, 'f1': 0.52}]
all nodes [{'num_node': 5201, 'test': 1041, 'correct': 805, 'acc': 0.77, 'bacc': 0.77, 'f1': 0.77}]
Class 0: {'total': 1042, 'tested': 213, 'correct': 130, 'accuracy': 0.61}
Class 1: {'total': 1040, 'tested': 206, 'correct': 135, 'accuracy': 0.66}
Class 2: {'total': 1039, 'tested': 215, 'correct': 166, 'accuracy': 0.77}
Class 3: {'total': 1040, 'tested': 201, 'correct': 170, 'accuracy': 0.85}
Class 4: {'total': 1040, 'tested': 206, 'correct': 172, 'accuracy': 0.83}
LNorm_ScaleNet_Bal_dir-gcn_part1_1_1_sloopremove0_jkmax_normdir 6 WikipediaNetwork_squirrel0 EndEpoch 2073 lr 0.01
Split  0, acc: 77.33, bacc: 77.41, f1: 77.15
epoch:   0, val_loss:1.667865, test_acc: 21.04, bacc: 21.20, tmp_test_f1: 12.26, f1: 12.26
epoch: 100, val_loss:1.648214, test_acc: 50.05, bacc: 49.89, tmp_test_f1: 45.64, f1: 45.64
epoch: 200, val_loss:1.613981, test_acc: 68.59, bacc: 68.21, tmp_test_f1: 53.48, f1: 67.60
epoch: 300, val_loss:1.287754, test_acc: 73.97, bacc: 73.72, tmp_test_f1: 64.02, f1: 73.45
epoch: 400, val_loss:1.260580, test_acc: 76.56, bacc: 76.45, tmp_test_f1: 73.14, f1: 76.32
epoch: 500, val_loss:1.279644, test_acc: 76.56, bacc: 76.45, tmp_test_f1: 74.56, f1: 76.32
epoch: 600, val_loss:1.358381, test_acc: 76.56, bacc: 76.45, tmp_test_f1: 72.47, f1: 76.32
epoch: 700, val_loss:1.336293, test_acc: 76.37, bacc: 76.18, tmp_test_f1: 75.97, f1: 75.91
epoch: 800, val_loss:1.362866, test_acc: 76.75, bacc: 76.59, tmp_test_f1: 76.04, f1: 76.35
epoch: 900, val_loss:1.406986, test_acc: 76.75, bacc: 76.59, tmp_test_f1: 74.80, f1: 76.35
epoch: 1000, val_loss:1.443096, test_acc: 76.75, bacc: 76.59, tmp_test_f1: 75.27, f1: 76.35
epoch: 1100, val_loss:1.444607, test_acc: 76.75, bacc: 76.59, tmp_test_f1: 74.93, f1: 76.35
epoch: 1200, val_loss:1.425332, test_acc: 76.75, bacc: 76.59, tmp_test_f1: 76.27, f1: 76.35
epoch: 1300, val_loss:1.423410, test_acc: 76.75, bacc: 76.59, tmp_test_f1: 75.77, f1: 76.35
epoch: 1400, val_loss:1.485467, test_acc: 76.75, bacc: 76.59, tmp_test_f1: 74.04, f1: 76.35
epoch: 1500, val_loss:1.479866, test_acc: 76.75, bacc: 76.59, tmp_test_f1: 75.29, f1: 76.35
noIn_noOut_nodes 0
noIn_outHomo_nodes [{'num_node': 787, 'test': 163, 'correct': 147, 'acc': 0.9, 'bacc': 0.88, 'f1': 0.86}]
noIn_outHetero_nodes [{'num_node': 2209, 'test': 443, 'correct': 392, 'acc': 0.88, 'bacc': 0.87, 'f1': 0.87}]
inHomo_noOut_nodes 0
inHomo_outHomo_nodes [{'num_node': 184, 'test': 36, 'correct': 28, 'acc': 0.78, 'bacc': 0.82, 'f1': 0.78}]
inHomo_outHetero_nodes [{'num_node': 257, 'test': 50, 'correct': 34, 'acc': 0.68, 'bacc': 0.49, 'f1': 0.49}]
inHetero_noOut_nodes 0
inHetero_outHomo_nodes [{'num_node': 287, 'test': 50, 'correct': 35, 'acc': 0.7, 'bacc': 0.66, 'f1': 0.64}]
inHetero_outHetero_nodes [{'num_node': 1477, 'test': 299, 'correct': 163, 'acc': 0.55, 'bacc': 0.57, 'f1': 0.51}]
all nodes [{'num_node': 5201, 'test': 1041, 'correct': 799, 'acc': 0.77, 'bacc': 0.77, 'f1': 0.76}]
Class 0: {'total': 1042, 'tested': 217, 'correct': 142, 'accuracy': 0.65}
Class 1: {'total': 1040, 'tested': 199, 'correct': 125, 'accuracy': 0.63}
Class 2: {'total': 1039, 'tested': 203, 'correct': 149, 'accuracy': 0.73}
Class 3: {'total': 1040, 'tested': 200, 'correct': 169, 'accuracy': 0.84}
Class 4: {'total': 1040, 'tested': 222, 'correct': 201, 'accuracy': 0.91}
LNorm_ScaleNet_Bal_dir-gcn_part1_1_1_sloopremove0_jkmax_normdir 6 WikipediaNetwork_squirrel0 EndEpoch 1556 lr 0.01
Split  1, acc: 76.75, bacc: 76.59, f1: 76.35
epoch:   0, val_loss:1.624461, test_acc: 19.12, bacc: 20.69, tmp_test_f1: 7.59, f1: 7.59
epoch: 100, val_loss:1.272122, test_acc: 63.02, bacc: 63.24, tmp_test_f1: 55.69, f1: 63.25
epoch: 200, val_loss:1.072991, test_acc: 68.68, bacc: 69.38, tmp_test_f1: 58.44, f1: 68.61
epoch: 300, val_loss:1.489612, test_acc: 68.68, bacc: 69.38, tmp_test_f1: 57.96, f1: 68.61
epoch: 400, val_loss:2.024854, test_acc: 71.95, bacc: 72.57, tmp_test_f1: 48.98, f1: 71.98
epoch: 500, val_loss:1.298998, test_acc: 71.47, bacc: 71.75, tmp_test_f1: 63.36, f1: 71.55
epoch: 600, val_loss:1.260813, test_acc: 72.05, bacc: 72.58, tmp_test_f1: 70.92, f1: 72.04
epoch: 700, val_loss:1.395484, test_acc: 74.06, bacc: 74.57, tmp_test_f1: 61.59, f1: 74.17
epoch: 800, val_loss:1.322404, test_acc: 74.16, bacc: 74.64, tmp_test_f1: 72.03, f1: 74.18
epoch: 900, val_loss:1.328449, test_acc: 74.16, bacc: 74.64, tmp_test_f1: 70.94, f1: 74.18
epoch: 1000, val_loss:1.402211, test_acc: 74.16, bacc: 74.64, tmp_test_f1: 68.74, f1: 74.18
epoch: 1100, val_loss:1.291223, test_acc: 74.16, bacc: 74.64, tmp_test_f1: 72.46, f1: 74.18
epoch: 1200, val_loss:1.629072, test_acc: 74.16, bacc: 74.64, tmp_test_f1: 57.93, f1: 74.18
epoch: 1300, val_loss:1.417149, test_acc: 74.16, bacc: 74.64, tmp_test_f1: 71.24, f1: 74.18
epoch: 1400, val_loss:1.376696, test_acc: 74.16, bacc: 74.64, tmp_test_f1: 71.60, f1: 74.18
epoch: 1500, val_loss:1.363092, test_acc: 74.16, bacc: 74.64, tmp_test_f1: 72.07, f1: 74.18
epoch: 1600, val_loss:1.389066, test_acc: 75.41, bacc: 75.92, tmp_test_f1: 72.22, f1: 75.47
epoch: 1700, val_loss:1.537468, test_acc: 75.41, bacc: 75.92, tmp_test_f1: 69.78, f1: 75.47
epoch: 1800, val_loss:1.411996, test_acc: 75.41, bacc: 75.92, tmp_test_f1: 70.67, f1: 75.47
epoch: 1900, val_loss:1.416700, test_acc: 75.41, bacc: 75.92, tmp_test_f1: 74.00, f1: 75.47
epoch: 2000, val_loss:1.434974, test_acc: 75.41, bacc: 75.92, tmp_test_f1: 73.73, f1: 75.47
epoch: 2100, val_loss:1.464202, test_acc: 75.41, bacc: 75.92, tmp_test_f1: 71.21, f1: 75.47
epoch: 2200, val_loss:1.416425, test_acc: 75.41, bacc: 75.92, tmp_test_f1: 74.83, f1: 75.47
epoch: 2300, val_loss:1.466315, test_acc: 75.41, bacc: 75.92, tmp_test_f1: 75.01, f1: 75.47
noIn_noOut_nodes 0
noIn_outHomo_nodes [{'num_node': 787, 'test': 162, 'correct': 140, 'acc': 0.86, 'bacc': 0.82, 'f1': 0.82}]
noIn_outHetero_nodes [{'num_node': 2209, 'test': 435, 'correct': 379, 'acc': 0.87, 'bacc': 0.86, 'f1': 0.86}]
inHomo_noOut_nodes 0
inHomo_outHomo_nodes [{'num_node': 184, 'test': 45, 'correct': 28, 'acc': 0.62, 'bacc': 0.62, 'f1': 0.59}]
inHomo_outHetero_nodes [{'num_node': 257, 'test': 51, 'correct': 34, 'acc': 0.67, 'bacc': 0.57, 'f1': 0.58}]
inHetero_noOut_nodes 0
inHetero_outHomo_nodes [{'num_node': 287, 'test': 57, 'correct': 37, 'acc': 0.65, 'bacc': 0.67, 'f1': 0.6}]
inHetero_outHetero_nodes [{'num_node': 1477, 'test': 291, 'correct': 167, 'acc': 0.57, 'bacc': 0.65, 'f1': 0.55}]
all nodes [{'num_node': 5201, 'test': 1041, 'correct': 785, 'acc': 0.75, 'bacc': 0.76, 'f1': 0.75}]
Class 0: {'total': 1042, 'tested': 231, 'correct': 141, 'accuracy': 0.61}
Class 1: {'total': 1040, 'tested': 208, 'correct': 146, 'accuracy': 0.7}
Class 2: {'total': 1039, 'tested': 203, 'correct': 148, 'accuracy': 0.73}
Class 3: {'total': 1040, 'tested': 207, 'correct': 165, 'accuracy': 0.8}
Class 4: {'total': 1040, 'tested': 192, 'correct': 170, 'accuracy': 0.89}
LNorm_ScaleNet_Bal_dir-gcn_part1_1_1_sloopremove0_jkmax_normdir 6 WikipediaNetwork_squirrel0 EndEpoch 2378 lr 0.01
Split  2, acc: 75.41, bacc: 75.92, f1: 75.47
epoch:   0, val_loss:1.638853, test_acc: 20.46, bacc: 20.25, tmp_test_f1: 8.18, f1: 8.18
epoch: 100, val_loss:1.180816, test_acc: 62.44, bacc: 63.00, tmp_test_f1: 61.90, f1: 61.02
epoch: 200, val_loss:1.194275, test_acc: 72.24, bacc: 72.59, tmp_test_f1: 64.51, f1: 71.54
epoch: 300, val_loss:1.665983, test_acc: 75.98, bacc: 76.19, tmp_test_f1: 51.90, f1: 75.94
epoch: 400, val_loss:1.214624, test_acc: 77.62, bacc: 77.84, tmp_test_f1: 73.94, f1: 77.37
epoch: 500, val_loss:1.293013, test_acc: 78.00, bacc: 78.11, tmp_test_f1: 76.48, f1: 78.08
epoch: 600, val_loss:1.244520, test_acc: 78.58, bacc: 78.75, tmp_test_f1: 77.60, f1: 78.60
epoch: 700, val_loss:1.257390, test_acc: 78.58, bacc: 78.75, tmp_test_f1: 77.74, f1: 78.60
epoch: 800, val_loss:1.269790, test_acc: 78.39, bacc: 78.56, tmp_test_f1: 77.63, f1: 78.31
epoch: 900, val_loss:1.269775, test_acc: 78.39, bacc: 78.56, tmp_test_f1: 77.91, f1: 78.31
epoch: 1000, val_loss:1.308553, test_acc: 78.39, bacc: 78.56, tmp_test_f1: 78.48, f1: 78.31
epoch: 1100, val_loss:1.379854, test_acc: 78.39, bacc: 78.56, tmp_test_f1: 76.53, f1: 78.31
epoch: 1200, val_loss:1.312985, test_acc: 78.39, bacc: 78.56, tmp_test_f1: 78.65, f1: 78.31
epoch: 1300, val_loss:1.326744, test_acc: 78.39, bacc: 78.56, tmp_test_f1: 77.53, f1: 78.31
epoch: 1400, val_loss:1.308587, test_acc: 78.39, bacc: 78.56, tmp_test_f1: 78.49, f1: 78.31
epoch: 1500, val_loss:1.339049, test_acc: 78.39, bacc: 78.56, tmp_test_f1: 77.49, f1: 78.31
noIn_noOut_nodes 0
noIn_outHomo_nodes [{'num_node': 787, 'test': 168, 'correct': 160, 'acc': 0.95, 'bacc': 0.95, 'f1': 0.93}]
noIn_outHetero_nodes [{'num_node': 2209, 'test': 429, 'correct': 387, 'acc': 0.9, 'bacc': 0.9, 'f1': 0.89}]
inHomo_noOut_nodes 0
inHomo_outHomo_nodes [{'num_node': 184, 'test': 34, 'correct': 30, 'acc': 0.88, 'bacc': 0.9, 'f1': 0.84}]
inHomo_outHetero_nodes [{'num_node': 257, 'test': 52, 'correct': 35, 'acc': 0.67, 'bacc': 0.59, 'f1': 0.57}]
inHetero_noOut_nodes 0
inHetero_outHomo_nodes [{'num_node': 287, 'test': 60, 'correct': 44, 'acc': 0.73, 'bacc': 0.72, 'f1': 0.7}]
inHetero_outHetero_nodes [{'num_node': 1477, 'test': 298, 'correct': 160, 'acc': 0.54, 'bacc': 0.59, 'f1': 0.53}]
all nodes [{'num_node': 5201, 'test': 1041, 'correct': 816, 'acc': 0.78, 'bacc': 0.79, 'f1': 0.78}]
Class 0: {'total': 1042, 'tested': 209, 'correct': 126, 'accuracy': 0.6}
Class 1: {'total': 1040, 'tested': 219, 'correct': 142, 'accuracy': 0.65}
Class 2: {'total': 1039, 'tested': 192, 'correct': 164, 'accuracy': 0.85}
Class 3: {'total': 1040, 'tested': 211, 'correct': 177, 'accuracy': 0.84}
Class 4: {'total': 1040, 'tested': 210, 'correct': 192, 'accuracy': 0.91}
LNorm_ScaleNet_Bal_dir-gcn_part1_1_1_sloopremove0_jkmax_normdir 6 WikipediaNetwork_squirrel0 EndEpoch 1587 lr 0.01
Split  3, acc: 78.39, bacc: 78.56, f1: 78.31
epoch:   0, val_loss:1.630448, test_acc: 19.40, bacc: 19.71, tmp_test_f1: 6.55, f1: 6.55
epoch: 100, val_loss:1.320754, test_acc: 63.30, bacc: 63.16, tmp_test_f1: 62.21, f1: 62.21
epoch: 200, val_loss:1.479427, test_acc: 70.32, bacc: 70.48, tmp_test_f1: 64.15, f1: 70.33
epoch: 300, val_loss:1.276851, test_acc: 71.66, bacc: 71.69, tmp_test_f1: 70.65, f1: 71.21
epoch: 400, val_loss:1.396307, test_acc: 74.64, bacc: 74.65, tmp_test_f1: 70.30, f1: 74.35
epoch: 500, val_loss:1.332207, test_acc: 74.64, bacc: 74.65, tmp_test_f1: 72.38, f1: 74.35
epoch: 600, val_loss:1.426248, test_acc: 74.64, bacc: 74.65, tmp_test_f1: 72.97, f1: 74.35
epoch: 700, val_loss:1.563702, test_acc: 74.64, bacc: 74.65, tmp_test_f1: 69.86, f1: 74.35
epoch: 800, val_loss:1.684493, test_acc: 73.87, bacc: 73.95, tmp_test_f1: 49.45, f1: 73.48
epoch: 900, val_loss:1.591535, test_acc: 73.87, bacc: 73.95, tmp_test_f1: 69.21, f1: 73.48
epoch: 1000, val_loss:1.493542, test_acc: 73.87, bacc: 73.95, tmp_test_f1: 74.38, f1: 73.48
epoch: 1100, val_loss:1.524677, test_acc: 73.97, bacc: 74.05, tmp_test_f1: 72.71, f1: 73.74
epoch: 1200, val_loss:1.459836, test_acc: 73.97, bacc: 74.05, tmp_test_f1: 61.84, f1: 73.74
epoch: 1300, val_loss:1.448599, test_acc: 74.26, bacc: 74.31, tmp_test_f1: 73.81, f1: 73.93
epoch: 1400, val_loss:1.479065, test_acc: 74.64, bacc: 74.64, tmp_test_f1: 73.94, f1: 74.37
epoch: 1500, val_loss:1.494997, test_acc: 74.35, bacc: 74.39, tmp_test_f1: 73.86, f1: 74.10
epoch: 1600, val_loss:1.503524, test_acc: 74.35, bacc: 74.39, tmp_test_f1: 73.53, f1: 74.10
epoch: 1700, val_loss:1.526843, test_acc: 74.35, bacc: 74.39, tmp_test_f1: 73.61, f1: 74.10
epoch: 1800, val_loss:1.535462, test_acc: 74.35, bacc: 74.39, tmp_test_f1: 74.36, f1: 74.10
epoch: 1900, val_loss:1.521022, test_acc: 73.78, bacc: 73.79, tmp_test_f1: 73.50, f1: 73.52
epoch: 2000, val_loss:1.542627, test_acc: 73.78, bacc: 73.79, tmp_test_f1: 73.84, f1: 73.52
epoch: 2100, val_loss:1.576682, test_acc: 73.78, bacc: 73.79, tmp_test_f1: 73.19, f1: 73.52
epoch: 2200, val_loss:1.544565, test_acc: 73.78, bacc: 73.79, tmp_test_f1: 74.20, f1: 73.52
epoch: 2300, val_loss:1.557562, test_acc: 73.78, bacc: 73.79, tmp_test_f1: 73.45, f1: 73.52
epoch: 2400, val_loss:1.563661, test_acc: 73.78, bacc: 73.79, tmp_test_f1: 73.84, f1: 73.52
epoch: 2500, val_loss:1.567484, test_acc: 73.78, bacc: 73.79, tmp_test_f1: 73.84, f1: 73.52
epoch: 2600, val_loss:1.564321, test_acc: 73.78, bacc: 73.79, tmp_test_f1: 74.11, f1: 73.52
noIn_noOut_nodes 0
noIn_outHomo_nodes [{'num_node': 787, 'test': 148, 'correct': 134, 'acc': 0.91, 'bacc': 0.91, 'f1': 0.87}]
noIn_outHetero_nodes [{'num_node': 2209, 'test': 446, 'correct': 377, 'acc': 0.85, 'bacc': 0.83, 'f1': 0.83}]
inHomo_noOut_nodes 0
inHomo_outHomo_nodes [{'num_node': 184, 'test': 32, 'correct': 18, 'acc': 0.56, 'bacc': 0.56, 'f1': 0.53}]
inHomo_outHetero_nodes [{'num_node': 257, 'test': 50, 'correct': 34, 'acc': 0.68, 'bacc': 0.65, 'f1': 0.64}]
inHetero_noOut_nodes 0
inHetero_outHomo_nodes [{'num_node': 287, 'test': 44, 'correct': 30, 'acc': 0.68, 'bacc': 0.67, 'f1': 0.66}]
inHetero_outHetero_nodes [{'num_node': 1477, 'test': 321, 'correct': 175, 'acc': 0.55, 'bacc': 0.61, 'f1': 0.5}]
all nodes [{'num_node': 5201, 'test': 1041, 'correct': 768, 'acc': 0.74, 'bacc': 0.74, 'f1': 0.74}]
Class 0: {'total': 1042, 'tested': 217, 'correct': 131, 'accuracy': 0.6}
Class 1: {'total': 1040, 'tested': 200, 'correct': 135, 'accuracy': 0.68}
Class 2: {'total': 1039, 'tested': 202, 'correct': 144, 'accuracy': 0.71}
Class 3: {'total': 1040, 'tested': 217, 'correct': 182, 'accuracy': 0.84}
Class 4: {'total': 1040, 'tested': 205, 'correct': 182, 'accuracy': 0.89}
LNorm_ScaleNet_Bal_dir-gcn_part1_1_1_sloopremove0_jkmax_normdir 6 WikipediaNetwork_squirrel0 EndEpoch 2699 lr 0.01
Split  4, acc: 73.78, bacc: 73.79, f1: 73.52
epoch:   0, val_loss:1.723539, test_acc: 17.48, bacc: 18.17, tmp_test_f1: 10.18, f1: 10.18
epoch: 100, val_loss:1.403170, test_acc: 61.38, bacc: 60.74, tmp_test_f1: 41.11, f1: 59.94
epoch: 200, val_loss:1.599392, test_acc: 68.11, bacc: 67.62, tmp_test_f1: 44.88, f1: 66.63
epoch: 300, val_loss:1.387087, test_acc: 68.11, bacc: 68.10, tmp_test_f1: 55.24, f1: 68.16
epoch: 400, val_loss:1.490297, test_acc: 68.59, bacc: 68.10, tmp_test_f1: 51.52, f1: 67.62
epoch: 500, val_loss:1.208017, test_acc: 73.68, bacc: 73.76, tmp_test_f1: 71.87, f1: 73.71
epoch: 600, val_loss:1.226643, test_acc: 75.02, bacc: 75.05, tmp_test_f1: 74.72, f1: 74.90
epoch: 700, val_loss:1.294189, test_acc: 76.66, bacc: 76.70, tmp_test_f1: 72.86, f1: 76.57
epoch: 800, val_loss:1.256171, test_acc: 76.66, bacc: 76.70, tmp_test_f1: 72.86, f1: 76.57
epoch: 900, val_loss:1.317773, test_acc: 76.66, bacc: 76.70, tmp_test_f1: 70.60, f1: 76.57
epoch: 1000, val_loss:1.332527, test_acc: 76.66, bacc: 76.70, tmp_test_f1: 66.30, f1: 76.57
epoch: 1100, val_loss:1.298373, test_acc: 76.56, bacc: 76.55, tmp_test_f1: 73.29, f1: 76.32
epoch: 1200, val_loss:1.435012, test_acc: 76.56, bacc: 76.55, tmp_test_f1: 70.83, f1: 76.32
epoch: 1300, val_loss:1.323573, test_acc: 75.98, bacc: 76.03, tmp_test_f1: 75.60, f1: 75.84
epoch: 1400, val_loss:1.338801, test_acc: 75.98, bacc: 76.03, tmp_test_f1: 75.73, f1: 75.84
epoch: 1500, val_loss:1.308309, test_acc: 76.37, bacc: 76.41, tmp_test_f1: 75.29, f1: 76.23
epoch: 1600, val_loss:1.378819, test_acc: 76.37, bacc: 76.41, tmp_test_f1: 73.44, f1: 76.23
epoch: 1700, val_loss:1.394807, test_acc: 75.98, bacc: 75.96, tmp_test_f1: 75.64, f1: 75.80
epoch: 1800, val_loss:1.311160, test_acc: 75.98, bacc: 75.96, tmp_test_f1: 75.63, f1: 75.80
epoch: 1900, val_loss:1.350707, test_acc: 76.66, bacc: 76.69, tmp_test_f1: 75.88, f1: 76.48
epoch: 2000, val_loss:1.408018, test_acc: 76.66, bacc: 76.69, tmp_test_f1: 73.92, f1: 76.48
epoch: 2100, val_loss:1.343112, test_acc: 76.66, bacc: 76.69, tmp_test_f1: 75.88, f1: 76.48
epoch: 2200, val_loss:1.355117, test_acc: 76.66, bacc: 76.69, tmp_test_f1: 76.15, f1: 76.48
epoch: 2300, val_loss:1.343538, test_acc: 76.66, bacc: 76.69, tmp_test_f1: 75.84, f1: 76.48
epoch: 2400, val_loss:1.388752, test_acc: 76.66, bacc: 76.69, tmp_test_f1: 75.43, f1: 76.48
epoch: 2500, val_loss:1.367561, test_acc: 76.66, bacc: 76.69, tmp_test_f1: 76.12, f1: 76.48
epoch: 2600, val_loss:1.378356, test_acc: 76.66, bacc: 76.69, tmp_test_f1: 76.24, f1: 76.48
noIn_noOut_nodes 0
noIn_outHomo_nodes [{'num_node': 787, 'test': 163, 'correct': 156, 'acc': 0.96, 'bacc': 0.97, 'f1': 0.96}]
noIn_outHetero_nodes [{'num_node': 2209, 'test': 427, 'correct': 374, 'acc': 0.88, 'bacc': 0.87, 'f1': 0.87}]
inHomo_noOut_nodes 0
inHomo_outHomo_nodes [{'num_node': 184, 'test': 35, 'correct': 21, 'acc': 0.6, 'bacc': 0.6, 'f1': 0.6}]
inHomo_outHetero_nodes [{'num_node': 257, 'test': 52, 'correct': 35, 'acc': 0.67, 'bacc': 0.66, 'f1': 0.62}]
inHetero_noOut_nodes 0
inHetero_outHomo_nodes [{'num_node': 287, 'test': 57, 'correct': 42, 'acc': 0.74, 'bacc': 0.76, 'f1': 0.73}]
inHetero_outHetero_nodes [{'num_node': 1477, 'test': 307, 'correct': 170, 'acc': 0.55, 'bacc': 0.57, 'f1': 0.52}]
all nodes [{'num_node': 5201, 'test': 1041, 'correct': 798, 'acc': 0.77, 'bacc': 0.77, 'f1': 0.76}]
Class 0: {'total': 1042, 'tested': 227, 'correct': 154, 'accuracy': 0.68}
Class 1: {'total': 1040, 'tested': 191, 'correct': 124, 'accuracy': 0.65}
Class 2: {'total': 1039, 'tested': 209, 'correct': 164, 'accuracy': 0.78}
Class 3: {'total': 1040, 'tested': 215, 'correct': 171, 'accuracy': 0.8}
Class 4: {'total': 1040, 'tested': 199, 'correct': 178, 'accuracy': 0.89}
LNorm_ScaleNet_Bal_dir-gcn_part1_1_1_sloopremove0_jkmax_normdir 6 WikipediaNetwork_squirrel0 EndEpoch 2661 lr 0.01
Split  5, acc: 76.66, bacc: 76.69, f1: 76.48
epoch:   0, val_loss:1.644532, test_acc: 21.04, bacc: 20.12, tmp_test_f1: 7.36, f1: 7.36
epoch: 100, val_loss:1.101932, test_acc: 54.56, bacc: 54.46, tmp_test_f1: 53.09, f1: 53.89
epoch: 200, val_loss:1.245130, test_acc: 67.82, bacc: 67.87, tmp_test_f1: 55.01, f1: 67.83
epoch: 300, val_loss:1.138930, test_acc: 70.99, bacc: 70.97, tmp_test_f1: 62.52, f1: 70.74
epoch: 400, val_loss:1.163913, test_acc: 72.72, bacc: 72.53, tmp_test_f1: 68.16, f1: 72.59
epoch: 500, val_loss:1.403064, test_acc: 72.72, bacc: 72.80, tmp_test_f1: 64.70, f1: 72.66
epoch: 600, val_loss:1.136700, test_acc: 75.12, bacc: 75.30, tmp_test_f1: 68.70, f1: 75.08
epoch: 700, val_loss:1.189977, test_acc: 75.79, bacc: 75.99, tmp_test_f1: 73.56, f1: 75.78
epoch: 800, val_loss:1.147975, test_acc: 75.79, bacc: 75.99, tmp_test_f1: 74.90, f1: 75.78
epoch: 900, val_loss:1.129789, test_acc: 75.79, bacc: 75.99, tmp_test_f1: 71.05, f1: 75.78
epoch: 1000, val_loss:1.135464, test_acc: 75.41, bacc: 75.55, tmp_test_f1: 75.88, f1: 75.36
epoch: 1100, val_loss:1.194783, test_acc: 74.93, bacc: 75.14, tmp_test_f1: 75.17, f1: 74.83
epoch: 1200, val_loss:1.197426, test_acc: 74.93, bacc: 75.14, tmp_test_f1: 74.70, f1: 74.83
epoch: 1300, val_loss:1.216176, test_acc: 74.93, bacc: 75.14, tmp_test_f1: 73.65, f1: 74.83
epoch: 1400, val_loss:1.192504, test_acc: 76.46, bacc: 76.67, tmp_test_f1: 72.52, f1: 76.49
epoch: 1500, val_loss:1.222377, test_acc: 76.46, bacc: 76.67, tmp_test_f1: 75.09, f1: 76.49
epoch: 1600, val_loss:1.221779, test_acc: 76.46, bacc: 76.67, tmp_test_f1: 72.98, f1: 76.49
epoch: 1700, val_loss:1.259001, test_acc: 76.46, bacc: 76.67, tmp_test_f1: 74.82, f1: 76.49
epoch: 1800, val_loss:1.255969, test_acc: 76.46, bacc: 76.67, tmp_test_f1: 74.90, f1: 76.49
epoch: 1900, val_loss:1.206815, test_acc: 76.46, bacc: 76.67, tmp_test_f1: 75.58, f1: 76.49
epoch: 2000, val_loss:1.238828, test_acc: 76.46, bacc: 76.67, tmp_test_f1: 75.12, f1: 76.49
epoch: 2100, val_loss:1.272936, test_acc: 76.46, bacc: 76.67, tmp_test_f1: 75.15, f1: 76.49
noIn_noOut_nodes 0
noIn_outHomo_nodes [{'num_node': 787, 'test': 148, 'correct': 136, 'acc': 0.92, 'bacc': 0.9, 'f1': 0.86}]
noIn_outHetero_nodes [{'num_node': 2209, 'test': 449, 'correct': 401, 'acc': 0.89, 'bacc': 0.89, 'f1': 0.89}]
inHomo_noOut_nodes 0
inHomo_outHomo_nodes [{'num_node': 184, 'test': 46, 'correct': 32, 'acc': 0.7, 'bacc': 0.69, 'f1': 0.67}]
inHomo_outHetero_nodes [{'num_node': 257, 'test': 50, 'correct': 34, 'acc': 0.68, 'bacc': 0.66, 'f1': 0.64}]
inHetero_noOut_nodes 0
inHetero_outHomo_nodes [{'num_node': 287, 'test': 47, 'correct': 26, 'acc': 0.55, 'bacc': 0.58, 'f1': 0.52}]
inHetero_outHetero_nodes [{'num_node': 1477, 'test': 301, 'correct': 167, 'acc': 0.55, 'bacc': 0.56, 'f1': 0.53}]
all nodes [{'num_node': 5201, 'test': 1041, 'correct': 796, 'acc': 0.76, 'bacc': 0.77, 'f1': 0.76}]
Class 0: {'total': 1042, 'tested': 217, 'correct': 130, 'accuracy': 0.6}
Class 1: {'total': 1040, 'tested': 222, 'correct': 156, 'accuracy': 0.7}
Class 2: {'total': 1039, 'tested': 195, 'correct': 151, 'accuracy': 0.77}
Class 3: {'total': 1040, 'tested': 189, 'correct': 151, 'accuracy': 0.8}
Class 4: {'total': 1040, 'tested': 218, 'correct': 192, 'accuracy': 0.88}
LNorm_ScaleNet_Bal_dir-gcn_part1_1_1_sloopremove0_jkmax_normdir 6 WikipediaNetwork_squirrel0 EndEpoch 2154 lr 0.01
Split  6, acc: 76.46, bacc: 76.67, f1: 76.49
epoch:   0, val_loss:1.700169, test_acc: 19.12, bacc: 20.00, tmp_test_f1: 6.42, f1: 6.42
epoch: 100, val_loss:1.406252, test_acc: 50.05, bacc: 50.19, tmp_test_f1: 45.52, f1: 49.35
epoch: 200, val_loss:1.348017, test_acc: 62.82, bacc: 63.05, tmp_test_f1: 57.16, f1: 62.61
epoch: 300, val_loss:1.642300, test_acc: 65.90, bacc: 65.89, tmp_test_f1: 54.72, f1: 65.89
epoch: 400, val_loss:1.226529, test_acc: 73.20, bacc: 73.42, tmp_test_f1: 66.44, f1: 73.11
epoch: 500, val_loss:1.499829, test_acc: 76.46, bacc: 76.66, tmp_test_f1: 56.86, f1: 76.51
epoch: 600, val_loss:1.265601, test_acc: 77.04, bacc: 77.25, tmp_test_f1: 76.50, f1: 77.05
epoch: 700, val_loss:1.263599, test_acc: 77.52, bacc: 77.71, tmp_test_f1: 75.20, f1: 77.59
epoch: 800, val_loss:1.361914, test_acc: 77.52, bacc: 77.71, tmp_test_f1: 76.09, f1: 77.59
epoch: 900, val_loss:1.379750, test_acc: 77.52, bacc: 77.71, tmp_test_f1: 75.63, f1: 77.59
epoch: 1000, val_loss:1.391643, test_acc: 77.52, bacc: 77.71, tmp_test_f1: 76.56, f1: 77.59
epoch: 1100, val_loss:1.433249, test_acc: 77.52, bacc: 77.71, tmp_test_f1: 75.83, f1: 77.59
epoch: 1200, val_loss:1.443315, test_acc: 77.52, bacc: 77.71, tmp_test_f1: 76.40, f1: 77.59
epoch: 1300, val_loss:1.432649, test_acc: 77.52, bacc: 77.71, tmp_test_f1: 75.95, f1: 77.59
epoch: 1400, val_loss:1.471929, test_acc: 77.52, bacc: 77.71, tmp_test_f1: 76.69, f1: 77.59
noIn_noOut_nodes 0
noIn_outHomo_nodes [{'num_node': 787, 'test': 157, 'correct': 141, 'acc': 0.9, 'bacc': 0.92, 'f1': 0.87}]
noIn_outHetero_nodes [{'num_node': 2209, 'test': 454, 'correct': 400, 'acc': 0.88, 'bacc': 0.88, 'f1': 0.87}]
inHomo_noOut_nodes 0
inHomo_outHomo_nodes [{'num_node': 184, 'test': 38, 'correct': 31, 'acc': 0.82, 'bacc': 0.85, 'f1': 0.76}]
inHomo_outHetero_nodes [{'num_node': 257, 'test': 46, 'correct': 31, 'acc': 0.67, 'bacc': 0.64, 'f1': 0.63}]
inHetero_noOut_nodes 0
inHetero_outHomo_nodes [{'num_node': 287, 'test': 58, 'correct': 41, 'acc': 0.71, 'bacc': 0.67, 'f1': 0.67}]
inHetero_outHetero_nodes [{'num_node': 1477, 'test': 288, 'correct': 163, 'acc': 0.57, 'bacc': 0.59, 'f1': 0.54}]
all nodes [{'num_node': 5201, 'test': 1041, 'correct': 807, 'acc': 0.78, 'bacc': 0.78, 'f1': 0.78}]
Class 0: {'total': 1042, 'tested': 213, 'correct': 136, 'accuracy': 0.64}
Class 1: {'total': 1040, 'tested': 212, 'correct': 154, 'accuracy': 0.73}
Class 2: {'total': 1039, 'tested': 201, 'correct': 164, 'accuracy': 0.82}
Class 3: {'total': 1040, 'tested': 216, 'correct': 170, 'accuracy': 0.79}
Class 4: {'total': 1040, 'tested': 199, 'correct': 176, 'accuracy': 0.88}
LNorm_ScaleNet_Bal_dir-gcn_part1_1_1_sloopremove0_jkmax_normdir 6 WikipediaNetwork_squirrel0 EndEpoch 1424 lr 0.01
Split  7, acc: 77.52, bacc: 77.71, f1: 77.59
epoch:   0, val_loss:1.614283, test_acc: 19.69, bacc: 20.04, tmp_test_f1: 10.45, f1: 10.45
epoch: 100, val_loss:1.096349, test_acc: 63.59, bacc: 63.35, tmp_test_f1: 57.50, f1: 63.18
epoch: 200, val_loss:1.276873, test_acc: 66.67, bacc: 66.98, tmp_test_f1: 55.32, f1: 66.85
epoch: 300, val_loss:2.393749, test_acc: 71.28, bacc: 71.43, tmp_test_f1: 30.95, f1: 71.24
epoch: 400, val_loss:1.183855, test_acc: 71.28, bacc: 71.43, tmp_test_f1: 69.24, f1: 71.24
epoch: 500, val_loss:1.259370, test_acc: 70.99, bacc: 71.03, tmp_test_f1: 69.25, f1: 70.81
epoch: 600, val_loss:1.338966, test_acc: 72.62, bacc: 72.60, tmp_test_f1: 71.48, f1: 72.49
epoch: 700, val_loss:1.328039, test_acc: 72.62, bacc: 72.60, tmp_test_f1: 71.26, f1: 72.49
epoch: 800, val_loss:1.367691, test_acc: 72.62, bacc: 72.60, tmp_test_f1: 71.24, f1: 72.49
epoch: 900, val_loss:1.389280, test_acc: 72.62, bacc: 72.60, tmp_test_f1: 71.52, f1: 72.49
epoch: 1000, val_loss:1.405681, test_acc: 72.62, bacc: 72.60, tmp_test_f1: 71.62, f1: 72.49
epoch: 1100, val_loss:1.403091, test_acc: 71.66, bacc: 71.77, tmp_test_f1: 71.68, f1: 71.45
epoch: 1200, val_loss:1.420537, test_acc: 71.66, bacc: 71.77, tmp_test_f1: 71.01, f1: 71.45
epoch: 1300, val_loss:1.415487, test_acc: 71.66, bacc: 71.77, tmp_test_f1: 70.41, f1: 71.45
epoch: 1400, val_loss:1.424507, test_acc: 71.66, bacc: 71.77, tmp_test_f1: 71.06, f1: 71.45
epoch: 1500, val_loss:1.452578, test_acc: 71.66, bacc: 71.77, tmp_test_f1: 71.32, f1: 71.45
epoch: 1600, val_loss:1.487307, test_acc: 71.66, bacc: 71.77, tmp_test_f1: 70.49, f1: 71.45
epoch: 1700, val_loss:1.457722, test_acc: 71.66, bacc: 71.77, tmp_test_f1: 71.20, f1: 71.45
epoch: 1800, val_loss:1.473882, test_acc: 71.66, bacc: 71.77, tmp_test_f1: 70.40, f1: 71.45
noIn_noOut_nodes 0
noIn_outHomo_nodes [{'num_node': 787, 'test': 142, 'correct': 123, 'acc': 0.87, 'bacc': 0.82, 'f1': 0.8}]
noIn_outHetero_nodes [{'num_node': 2209, 'test': 418, 'correct': 359, 'acc': 0.86, 'bacc': 0.85, 'f1': 0.85}]
inHomo_noOut_nodes 0
inHomo_outHomo_nodes [{'num_node': 184, 'test': 44, 'correct': 28, 'acc': 0.64, 'bacc': 0.67, 'f1': 0.55}]
inHomo_outHetero_nodes [{'num_node': 257, 'test': 56, 'correct': 37, 'acc': 0.66, 'bacc': 0.61, 'f1': 0.6}]
inHetero_noOut_nodes 0
inHetero_outHomo_nodes [{'num_node': 287, 'test': 60, 'correct': 34, 'acc': 0.57, 'bacc': 0.58, 'f1': 0.55}]
inHetero_outHetero_nodes [{'num_node': 1477, 'test': 321, 'correct': 165, 'acc': 0.51, 'bacc': 0.53, 'f1': 0.48}]
all nodes [{'num_node': 5201, 'test': 1041, 'correct': 746, 'acc': 0.72, 'bacc': 0.72, 'f1': 0.71}]
Class 0: {'total': 1042, 'tested': 240, 'correct': 147, 'accuracy': 0.61}
Class 1: {'total': 1040, 'tested': 190, 'correct': 106, 'accuracy': 0.56}
Class 2: {'total': 1039, 'tested': 203, 'correct': 141, 'accuracy': 0.69}
Class 3: {'total': 1040, 'tested': 204, 'correct': 158, 'accuracy': 0.77}
Class 4: {'total': 1040, 'tested': 204, 'correct': 180, 'accuracy': 0.88}
LNorm_ScaleNet_Bal_dir-gcn_part1_1_1_sloopremove0_jkmax_normdir 6 WikipediaNetwork_squirrel0 EndEpoch 1856 lr 0.01
Split  8, acc: 71.66, bacc: 71.77, f1: 71.45
epoch:   0, val_loss:1.661043, test_acc: 19.21, bacc: 19.60, tmp_test_f1: 6.67, f1: 6.67
epoch: 100, val_loss:1.223831, test_acc: 58.89, bacc: 59.49, tmp_test_f1: 57.88, f1: 57.88
epoch: 200, val_loss:1.626841, test_acc: 70.03, bacc: 69.73, tmp_test_f1: 48.57, f1: 69.43
epoch: 300, val_loss:1.066604, test_acc: 70.03, bacc: 69.73, tmp_test_f1: 65.63, f1: 69.43
epoch: 400, val_loss:1.235696, test_acc: 70.03, bacc: 69.73, tmp_test_f1: 66.36, f1: 69.43
epoch: 500, val_loss:1.207327, test_acc: 74.83, bacc: 74.45, tmp_test_f1: 74.54, f1: 74.39
epoch: 600, val_loss:1.328391, test_acc: 74.83, bacc: 74.45, tmp_test_f1: 67.45, f1: 74.39
epoch: 700, val_loss:1.322019, test_acc: 73.49, bacc: 72.95, tmp_test_f1: 70.07, f1: 72.76
epoch: 800, val_loss:1.283017, test_acc: 74.35, bacc: 73.80, tmp_test_f1: 72.81, f1: 73.69
epoch: 900, val_loss:1.397159, test_acc: 76.27, bacc: 75.94, tmp_test_f1: 71.35, f1: 75.90
epoch: 1000, val_loss:1.330939, test_acc: 76.27, bacc: 75.94, tmp_test_f1: 74.76, f1: 75.90
epoch: 1100, val_loss:1.239509, test_acc: 76.27, bacc: 75.94, tmp_test_f1: 74.26, f1: 75.90
epoch: 1200, val_loss:1.306881, test_acc: 76.27, bacc: 75.94, tmp_test_f1: 75.80, f1: 75.90
epoch: 1300, val_loss:1.319458, test_acc: 76.27, bacc: 75.94, tmp_test_f1: 75.90, f1: 75.90
epoch: 1400, val_loss:1.346760, test_acc: 76.27, bacc: 75.94, tmp_test_f1: 76.11, f1: 75.90
epoch: 1500, val_loss:1.353188, test_acc: 76.27, bacc: 75.94, tmp_test_f1: 76.30, f1: 75.90
epoch: 1600, val_loss:1.374230, test_acc: 76.27, bacc: 75.94, tmp_test_f1: 75.20, f1: 75.90
noIn_noOut_nodes 0
noIn_outHomo_nodes [{'num_node': 787, 'test': 155, 'correct': 135, 'acc': 0.87, 'bacc': 0.87, 'f1': 0.77}]
noIn_outHetero_nodes [{'num_node': 2209, 'test': 472, 'correct': 411, 'acc': 0.87, 'bacc': 0.86, 'f1': 0.85}]
inHomo_noOut_nodes 0
inHomo_outHomo_nodes [{'num_node': 184, 'test': 34, 'correct': 18, 'acc': 0.53, 'bacc': 0.62, 'f1': 0.5}]
inHomo_outHetero_nodes [{'num_node': 257, 'test': 46, 'correct': 32, 'acc': 0.7, 'bacc': 0.64, 'f1': 0.63}]
inHetero_noOut_nodes 0
inHetero_outHomo_nodes [{'num_node': 287, 'test': 43, 'correct': 24, 'acc': 0.56, 'bacc': 0.52, 'f1': 0.5}]
inHetero_outHetero_nodes [{'num_node': 1477, 'test': 291, 'correct': 174, 'acc': 0.6, 'bacc': 0.58, 'f1': 0.55}]
all nodes [{'num_node': 5201, 'test': 1041, 'correct': 794, 'acc': 0.76, 'bacc': 0.76, 'f1': 0.76}]
Class 0: {'total': 1042, 'tested': 184, 'correct': 118, 'accuracy': 0.64}
Class 1: {'total': 1040, 'tested': 204, 'correct': 139, 'accuracy': 0.68}
Class 2: {'total': 1039, 'tested': 211, 'correct': 161, 'accuracy': 0.76}
Class 3: {'total': 1040, 'tested': 232, 'correct': 190, 'accuracy': 0.82}
Class 4: {'total': 1040, 'tested': 210, 'correct': 188, 'accuracy': 0.9}
LNorm_ScaleNet_Bal_dir-gcn_part1_1_1_sloopremove0_jkmax_normdir 6 WikipediaNetwork_squirrel0 EndEpoch 1686 lr 0.01
Split  9, acc: 76.27, bacc: 75.94, f1: 75.90
Time(s): Total_7229= Load_3 + Preprocess_1 + Train_7224
LNorm_ScaleNet_Bal_dir-gcn_part1_1_1_sloopremove0_jkmax_normdir_6_WikipediaNetwork_squirrel0_acc76.0±2.0_bacc76.1±2.0_Macro F1:75.9±2.0
